[2025-03-22T20:53:15.700+0000] {local_task_job_runner.py:123} INFO - ::group::Pre task execution logs
[2025-03-22T20:53:15.710+0000] {taskinstance.py:2614} INFO - Dependencies all met for dep_context=non-requeueable deps ti=<TaskInstance: fraud_detection_pipeline.connect_to_hive scheduled__2025-03-21T00:00:00+00:00 [queued]>
[2025-03-22T20:53:15.714+0000] {taskinstance.py:2614} INFO - Dependencies all met for dep_context=requeueable deps ti=<TaskInstance: fraud_detection_pipeline.connect_to_hive scheduled__2025-03-21T00:00:00+00:00 [queued]>
[2025-03-22T20:53:15.715+0000] {taskinstance.py:2867} INFO - Starting attempt 7 of 10
[2025-03-22T20:53:15.724+0000] {taskinstance.py:2890} INFO - Executing <Task(PythonOperator): connect_to_hive> on 2025-03-21 00:00:00+00:00
[2025-03-22T20:53:15.728+0000] {standard_task_runner.py:72} INFO - Started process 268361 to run task
[2025-03-22T20:53:15.730+0000] {standard_task_runner.py:104} INFO - Running: ['airflow', 'tasks', 'run', 'fraud_detection_pipeline', 'connect_to_hive', 'scheduled__2025-03-21T00:00:00+00:00', '--job-id', '70', '--raw', '--subdir', 'DAGS_FOLDER/dags.py', '--cfg-path', '/tmp/tmpvyecl4gu']
[2025-03-22T20:53:15.731+0000] {standard_task_runner.py:105} INFO - Job 70: Subtask connect_to_hive
[2025-03-22T20:53:15.752+0000] {task_command.py:467} INFO - Running <TaskInstance: fraud_detection_pipeline.connect_to_hive scheduled__2025-03-21T00:00:00+00:00 [running]> on host usmail-ThinkBook-14-G2-ITL
[2025-03-22T20:53:15.795+0000] {taskinstance.py:3134} INFO - Exporting env vars: AIRFLOW_CTX_DAG_OWNER='airflow' AIRFLOW_CTX_DAG_ID='fraud_detection_pipeline' AIRFLOW_CTX_TASK_ID='connect_to_hive' AIRFLOW_CTX_EXECUTION_DATE='2025-03-21T00:00:00+00:00' AIRFLOW_CTX_TRY_NUMBER='7' AIRFLOW_CTX_DAG_RUN_ID='scheduled__2025-03-21T00:00:00+00:00'
[2025-03-22T20:53:15.796+0000] {taskinstance.py:732} INFO - ::endgroup::
[2025-03-22T20:53:15.814+0000] {logging_mixin.py:190} INFO - Connection params: {'host': 'localhost', 'port': '10000', 'username': 'hive', 'database': 'default', 'password': 'password', 'auth': 'CUSTOM'}
[2025-03-22T20:53:15.824+0000] {hive.py:475} INFO - USE `default`
[2025-03-22T20:53:15.841+0000] {dags.py:137} INFO - Hive connection parameters verified and shared
[2025-03-22T20:53:15.842+0000] {python.py:240} INFO - Done. Returned value was: {'host': 'localhost', 'port': '10000', 'username': 'hive', 'database': 'default', 'password': '***', 'auth': 'CUSTOM'}
[2025-03-22T20:53:15.849+0000] {taskinstance.py:341} INFO - ::group::Post task execution logs
[2025-03-22T20:53:15.850+0000] {taskinstance.py:353} INFO - Marking task as SUCCESS. dag_id=fraud_detection_pipeline, task_id=connect_to_hive, run_id=scheduled__2025-03-21T00:00:00+00:00, execution_date=20250321T000000, start_date=20250322T205315, end_date=20250322T205315
[2025-03-22T20:53:15.902+0000] {local_task_job_runner.py:266} INFO - Task exited with return code 0
[2025-03-22T20:53:15.914+0000] {taskinstance.py:3901} INFO - 1 downstream tasks scheduled from follow-on schedule check
[2025-03-22T20:53:15.918+0000] {local_task_job_runner.py:245} INFO - ::endgroup::
