[2025-03-24T11:21:08.871+0000] {local_task_job_runner.py:123} INFO - ::group::Pre task execution logs
[2025-03-24T11:21:08.878+0000] {taskinstance.py:2614} INFO - Dependencies all met for dep_context=non-requeueable deps ti=<TaskInstance: fraud_detection_pipeline.connect_to_hive scheduled__2025-03-23T00:00:00+00:00 [queued]>
[2025-03-24T11:21:08.882+0000] {taskinstance.py:2614} INFO - Dependencies all met for dep_context=requeueable deps ti=<TaskInstance: fraud_detection_pipeline.connect_to_hive scheduled__2025-03-23T00:00:00+00:00 [queued]>
[2025-03-24T11:21:08.882+0000] {taskinstance.py:2867} INFO - Starting attempt 1 of 4
[2025-03-24T11:21:08.892+0000] {taskinstance.py:2890} INFO - Executing <Task(PythonOperator): connect_to_hive> on 2025-03-23 00:00:00+00:00
[2025-03-24T11:21:08.895+0000] {standard_task_runner.py:72} INFO - Started process 315234 to run task
[2025-03-24T11:21:08.897+0000] {standard_task_runner.py:104} INFO - Running: ['airflow', 'tasks', 'run', 'fraud_detection_pipeline', 'connect_to_hive', 'scheduled__2025-03-23T00:00:00+00:00', '--job-id', '153', '--raw', '--subdir', 'DAGS_FOLDER/dags.py', '--cfg-path', '/tmp/tmplvfmetil']
[2025-03-24T11:21:08.898+0000] {standard_task_runner.py:105} INFO - Job 153: Subtask connect_to_hive
[2025-03-24T11:21:08.916+0000] {task_command.py:467} INFO - Running <TaskInstance: fraud_detection_pipeline.connect_to_hive scheduled__2025-03-23T00:00:00+00:00 [running]> on host usmail-ThinkBook-14-G2-ITL
[2025-03-24T11:21:08.947+0000] {taskinstance.py:3134} INFO - Exporting env vars: AIRFLOW_CTX_DAG_EMAIL='ismailsamilacc@gmail.com' AIRFLOW_CTX_DAG_OWNER='airflow' AIRFLOW_CTX_DAG_ID='fraud_detection_pipeline' AIRFLOW_CTX_TASK_ID='connect_to_hive' AIRFLOW_CTX_EXECUTION_DATE='2025-03-23T00:00:00+00:00' AIRFLOW_CTX_TRY_NUMBER='1' AIRFLOW_CTX_DAG_RUN_ID='scheduled__2025-03-23T00:00:00+00:00'
[2025-03-24T11:21:08.948+0000] {taskinstance.py:732} INFO - ::endgroup::
[2025-03-24T11:21:08.963+0000] {logging_mixin.py:190} INFO - Connection params: {'host': 'localhost', 'port': '10000', 'username': 'hive', 'database': 'default', 'password': 'password', 'auth': 'CUSTOM'}
[2025-03-24T11:21:09.021+0000] {hive.py:475} INFO - USE `default`
[2025-03-24T11:21:10.222+0000] {dags.py:141} INFO - Hive connection parameters verified and shared
[2025-03-24T11:21:10.222+0000] {python.py:240} INFO - Done. Returned value was: {'host': 'localhost', 'port': '10000', 'username': 'hive', 'database': 'default', 'password': '***', 'auth': 'CUSTOM'}
[2025-03-24T11:21:10.229+0000] {taskinstance.py:341} INFO - ::group::Post task execution logs
[2025-03-24T11:21:10.229+0000] {taskinstance.py:353} INFO - Marking task as SUCCESS. dag_id=fraud_detection_pipeline, task_id=connect_to_hive, run_id=scheduled__2025-03-23T00:00:00+00:00, execution_date=20250323T000000, start_date=20250324T112108, end_date=20250324T112110
[2025-03-24T11:21:10.272+0000] {local_task_job_runner.py:266} INFO - Task exited with return code 0
[2025-03-24T11:21:10.281+0000] {taskinstance.py:3901} INFO - 1 downstream tasks scheduled from follow-on schedule check
[2025-03-24T11:21:10.284+0000] {local_task_job_runner.py:245} INFO - ::endgroup::
