[2025-03-21T20:49:23.793+0000] {processor.py:186} INFO - Started process (PID=3722790) to work on /home/usmail/sys_fraud/sys_detection_frauds/lib/python3.12/site-packages/airflow/example_dags/plugins/event_listener.py
[2025-03-21T20:49:23.793+0000] {processor.py:914} INFO - Processing file /home/usmail/sys_fraud/sys_detection_frauds/lib/python3.12/site-packages/airflow/example_dags/plugins/event_listener.py for tasks to queue
[2025-03-21T20:49:23.794+0000] {logging_mixin.py:190} INFO - [2025-03-21T20:49:23.794+0000] {dagbag.py:588} INFO - Filling up the DagBag from /home/usmail/sys_fraud/sys_detection_frauds/lib/python3.12/site-packages/airflow/example_dags/plugins/event_listener.py
[2025-03-21T20:49:23.795+0000] {processor.py:927} WARNING - No viable dags retrieved from /home/usmail/sys_fraud/sys_detection_frauds/lib/python3.12/site-packages/airflow/example_dags/plugins/event_listener.py
[2025-03-21T20:49:23.801+0000] {processor.py:208} INFO - Processing /home/usmail/sys_fraud/sys_detection_frauds/lib/python3.12/site-packages/airflow/example_dags/plugins/event_listener.py took 0.012 seconds
[2025-03-21T20:50:24.704+0000] {processor.py:186} INFO - Started process (PID=3723552) to work on /home/usmail/sys_fraud/sys_detection_frauds/lib/python3.12/site-packages/airflow/example_dags/plugins/event_listener.py
[2025-03-21T20:50:24.713+0000] {processor.py:914} INFO - Processing file /home/usmail/sys_fraud/sys_detection_frauds/lib/python3.12/site-packages/airflow/example_dags/plugins/event_listener.py for tasks to queue
[2025-03-21T20:50:24.715+0000] {logging_mixin.py:190} INFO - [2025-03-21T20:50:24.715+0000] {dagbag.py:588} INFO - Filling up the DagBag from /home/usmail/sys_fraud/sys_detection_frauds/lib/python3.12/site-packages/airflow/example_dags/plugins/event_listener.py
[2025-03-21T20:50:24.719+0000] {processor.py:927} WARNING - No viable dags retrieved from /home/usmail/sys_fraud/sys_detection_frauds/lib/python3.12/site-packages/airflow/example_dags/plugins/event_listener.py
[2025-03-21T20:50:24.728+0000] {processor.py:208} INFO - Processing /home/usmail/sys_fraud/sys_detection_frauds/lib/python3.12/site-packages/airflow/example_dags/plugins/event_listener.py took 0.030 seconds
[2025-03-21T20:51:21.043+0000] {processor.py:186} INFO - Started process (PID=3724258) to work on /home/usmail/sys_fraud/sys_detection_frauds/lib/python3.12/site-packages/airflow/example_dags/plugins/event_listener.py
[2025-03-21T20:51:21.052+0000] {processor.py:914} INFO - Processing file /home/usmail/sys_fraud/sys_detection_frauds/lib/python3.12/site-packages/airflow/example_dags/plugins/event_listener.py for tasks to queue
[2025-03-21T20:51:21.054+0000] {logging_mixin.py:190} INFO - [2025-03-21T20:51:21.054+0000] {dagbag.py:588} INFO - Filling up the DagBag from /home/usmail/sys_fraud/sys_detection_frauds/lib/python3.12/site-packages/airflow/example_dags/plugins/event_listener.py
[2025-03-21T20:51:21.055+0000] {processor.py:927} WARNING - No viable dags retrieved from /home/usmail/sys_fraud/sys_detection_frauds/lib/python3.12/site-packages/airflow/example_dags/plugins/event_listener.py
[2025-03-21T20:51:21.064+0000] {processor.py:208} INFO - Processing /home/usmail/sys_fraud/sys_detection_frauds/lib/python3.12/site-packages/airflow/example_dags/plugins/event_listener.py took 0.026 seconds
[2025-03-21T20:52:10.458+0000] {processor.py:186} INFO - Started process (PID=3724869) to work on /home/usmail/sys_fraud/sys_detection_frauds/lib/python3.12/site-packages/airflow/example_dags/plugins/event_listener.py
[2025-03-21T20:52:10.466+0000] {processor.py:914} INFO - Processing file /home/usmail/sys_fraud/sys_detection_frauds/lib/python3.12/site-packages/airflow/example_dags/plugins/event_listener.py for tasks to queue
[2025-03-21T20:52:10.469+0000] {logging_mixin.py:190} INFO - [2025-03-21T20:52:10.469+0000] {dagbag.py:588} INFO - Filling up the DagBag from /home/usmail/sys_fraud/sys_detection_frauds/lib/python3.12/site-packages/airflow/example_dags/plugins/event_listener.py
[2025-03-21T20:52:10.471+0000] {processor.py:927} WARNING - No viable dags retrieved from /home/usmail/sys_fraud/sys_detection_frauds/lib/python3.12/site-packages/airflow/example_dags/plugins/event_listener.py
[2025-03-21T20:52:10.477+0000] {processor.py:208} INFO - Processing /home/usmail/sys_fraud/sys_detection_frauds/lib/python3.12/site-packages/airflow/example_dags/plugins/event_listener.py took 0.023 seconds
[2025-03-21T20:53:02.899+0000] {processor.py:186} INFO - Started process (PID=3725445) to work on /home/usmail/sys_fraud/sys_detection_frauds/lib/python3.12/site-packages/airflow/example_dags/plugins/event_listener.py
[2025-03-21T20:53:02.899+0000] {processor.py:914} INFO - Processing file /home/usmail/sys_fraud/sys_detection_frauds/lib/python3.12/site-packages/airflow/example_dags/plugins/event_listener.py for tasks to queue
[2025-03-21T20:53:02.900+0000] {logging_mixin.py:190} INFO - [2025-03-21T20:53:02.900+0000] {dagbag.py:588} INFO - Filling up the DagBag from /home/usmail/sys_fraud/sys_detection_frauds/lib/python3.12/site-packages/airflow/example_dags/plugins/event_listener.py
[2025-03-21T20:53:02.901+0000] {processor.py:927} WARNING - No viable dags retrieved from /home/usmail/sys_fraud/sys_detection_frauds/lib/python3.12/site-packages/airflow/example_dags/plugins/event_listener.py
[2025-03-21T20:53:02.907+0000] {processor.py:208} INFO - Processing /home/usmail/sys_fraud/sys_detection_frauds/lib/python3.12/site-packages/airflow/example_dags/plugins/event_listener.py took 0.012 seconds
[2025-03-21T20:53:56.526+0000] {processor.py:186} INFO - Started process (PID=3726122) to work on /home/usmail/sys_fraud/sys_detection_frauds/lib/python3.12/site-packages/airflow/example_dags/plugins/event_listener.py
[2025-03-21T20:53:56.534+0000] {processor.py:914} INFO - Processing file /home/usmail/sys_fraud/sys_detection_frauds/lib/python3.12/site-packages/airflow/example_dags/plugins/event_listener.py for tasks to queue
[2025-03-21T20:53:56.537+0000] {logging_mixin.py:190} INFO - [2025-03-21T20:53:56.537+0000] {dagbag.py:588} INFO - Filling up the DagBag from /home/usmail/sys_fraud/sys_detection_frauds/lib/python3.12/site-packages/airflow/example_dags/plugins/event_listener.py
[2025-03-21T20:53:56.541+0000] {processor.py:927} WARNING - No viable dags retrieved from /home/usmail/sys_fraud/sys_detection_frauds/lib/python3.12/site-packages/airflow/example_dags/plugins/event_listener.py
[2025-03-21T20:53:56.551+0000] {processor.py:208} INFO - Processing /home/usmail/sys_fraud/sys_detection_frauds/lib/python3.12/site-packages/airflow/example_dags/plugins/event_listener.py took 0.031 seconds
[2025-03-21T20:54:49.542+0000] {processor.py:186} INFO - Started process (PID=3726795) to work on /home/usmail/sys_fraud/sys_detection_frauds/lib/python3.12/site-packages/airflow/example_dags/plugins/event_listener.py
[2025-03-21T20:54:49.543+0000] {processor.py:914} INFO - Processing file /home/usmail/sys_fraud/sys_detection_frauds/lib/python3.12/site-packages/airflow/example_dags/plugins/event_listener.py for tasks to queue
[2025-03-21T20:54:49.545+0000] {logging_mixin.py:190} INFO - [2025-03-21T20:54:49.545+0000] {dagbag.py:588} INFO - Filling up the DagBag from /home/usmail/sys_fraud/sys_detection_frauds/lib/python3.12/site-packages/airflow/example_dags/plugins/event_listener.py
[2025-03-21T20:54:49.548+0000] {processor.py:927} WARNING - No viable dags retrieved from /home/usmail/sys_fraud/sys_detection_frauds/lib/python3.12/site-packages/airflow/example_dags/plugins/event_listener.py
[2025-03-21T20:54:49.554+0000] {processor.py:208} INFO - Processing /home/usmail/sys_fraud/sys_detection_frauds/lib/python3.12/site-packages/airflow/example_dags/plugins/event_listener.py took 0.019 seconds
[2025-03-21T20:55:39.842+0000] {processor.py:186} INFO - Started process (PID=3727404) to work on /home/usmail/sys_fraud/sys_detection_frauds/lib/python3.12/site-packages/airflow/example_dags/plugins/event_listener.py
[2025-03-21T20:55:39.851+0000] {processor.py:914} INFO - Processing file /home/usmail/sys_fraud/sys_detection_frauds/lib/python3.12/site-packages/airflow/example_dags/plugins/event_listener.py for tasks to queue
[2025-03-21T20:55:39.854+0000] {logging_mixin.py:190} INFO - [2025-03-21T20:55:39.854+0000] {dagbag.py:588} INFO - Filling up the DagBag from /home/usmail/sys_fraud/sys_detection_frauds/lib/python3.12/site-packages/airflow/example_dags/plugins/event_listener.py
[2025-03-21T20:55:39.857+0000] {processor.py:927} WARNING - No viable dags retrieved from /home/usmail/sys_fraud/sys_detection_frauds/lib/python3.12/site-packages/airflow/example_dags/plugins/event_listener.py
[2025-03-21T20:55:39.864+0000] {processor.py:208} INFO - Processing /home/usmail/sys_fraud/sys_detection_frauds/lib/python3.12/site-packages/airflow/example_dags/plugins/event_listener.py took 0.029 seconds
[2025-03-21T20:56:29.203+0000] {processor.py:186} INFO - Started process (PID=3728048) to work on /home/usmail/sys_fraud/sys_detection_frauds/lib/python3.12/site-packages/airflow/example_dags/plugins/event_listener.py
[2025-03-21T20:56:29.212+0000] {processor.py:914} INFO - Processing file /home/usmail/sys_fraud/sys_detection_frauds/lib/python3.12/site-packages/airflow/example_dags/plugins/event_listener.py for tasks to queue
[2025-03-21T20:56:29.214+0000] {logging_mixin.py:190} INFO - [2025-03-21T20:56:29.213+0000] {dagbag.py:588} INFO - Filling up the DagBag from /home/usmail/sys_fraud/sys_detection_frauds/lib/python3.12/site-packages/airflow/example_dags/plugins/event_listener.py
[2025-03-21T20:56:29.215+0000] {processor.py:927} WARNING - No viable dags retrieved from /home/usmail/sys_fraud/sys_detection_frauds/lib/python3.12/site-packages/airflow/example_dags/plugins/event_listener.py
[2025-03-21T20:56:29.223+0000] {processor.py:208} INFO - Processing /home/usmail/sys_fraud/sys_detection_frauds/lib/python3.12/site-packages/airflow/example_dags/plugins/event_listener.py took 0.025 seconds
[2025-03-21T20:57:24.160+0000] {processor.py:186} INFO - Started process (PID=3728870) to work on /home/usmail/sys_fraud/sys_detection_frauds/lib/python3.12/site-packages/airflow/example_dags/plugins/event_listener.py
[2025-03-21T20:57:24.169+0000] {processor.py:914} INFO - Processing file /home/usmail/sys_fraud/sys_detection_frauds/lib/python3.12/site-packages/airflow/example_dags/plugins/event_listener.py for tasks to queue
[2025-03-21T20:57:24.171+0000] {logging_mixin.py:190} INFO - [2025-03-21T20:57:24.171+0000] {dagbag.py:588} INFO - Filling up the DagBag from /home/usmail/sys_fraud/sys_detection_frauds/lib/python3.12/site-packages/airflow/example_dags/plugins/event_listener.py
[2025-03-21T20:57:24.174+0000] {processor.py:927} WARNING - No viable dags retrieved from /home/usmail/sys_fraud/sys_detection_frauds/lib/python3.12/site-packages/airflow/example_dags/plugins/event_listener.py
[2025-03-21T20:57:24.182+0000] {processor.py:208} INFO - Processing /home/usmail/sys_fraud/sys_detection_frauds/lib/python3.12/site-packages/airflow/example_dags/plugins/event_listener.py took 0.026 seconds
[2025-03-21T20:58:15.295+0000] {processor.py:186} INFO - Started process (PID=3729424) to work on /home/usmail/sys_fraud/sys_detection_frauds/lib/python3.12/site-packages/airflow/example_dags/plugins/event_listener.py
[2025-03-21T20:58:15.304+0000] {processor.py:914} INFO - Processing file /home/usmail/sys_fraud/sys_detection_frauds/lib/python3.12/site-packages/airflow/example_dags/plugins/event_listener.py for tasks to queue
[2025-03-21T20:58:15.308+0000] {logging_mixin.py:190} INFO - [2025-03-21T20:58:15.307+0000] {dagbag.py:588} INFO - Filling up the DagBag from /home/usmail/sys_fraud/sys_detection_frauds/lib/python3.12/site-packages/airflow/example_dags/plugins/event_listener.py
[2025-03-21T20:58:15.312+0000] {processor.py:927} WARNING - No viable dags retrieved from /home/usmail/sys_fraud/sys_detection_frauds/lib/python3.12/site-packages/airflow/example_dags/plugins/event_listener.py
[2025-03-21T20:58:15.320+0000] {processor.py:208} INFO - Processing /home/usmail/sys_fraud/sys_detection_frauds/lib/python3.12/site-packages/airflow/example_dags/plugins/event_listener.py took 0.029 seconds
[2025-03-21T20:59:18.637+0000] {processor.py:186} INFO - Started process (PID=3730321) to work on /home/usmail/sys_fraud/sys_detection_frauds/lib/python3.12/site-packages/airflow/example_dags/plugins/event_listener.py
[2025-03-21T20:59:18.646+0000] {processor.py:914} INFO - Processing file /home/usmail/sys_fraud/sys_detection_frauds/lib/python3.12/site-packages/airflow/example_dags/plugins/event_listener.py for tasks to queue
[2025-03-21T20:59:18.649+0000] {logging_mixin.py:190} INFO - [2025-03-21T20:59:18.649+0000] {dagbag.py:588} INFO - Filling up the DagBag from /home/usmail/sys_fraud/sys_detection_frauds/lib/python3.12/site-packages/airflow/example_dags/plugins/event_listener.py
[2025-03-21T20:59:18.652+0000] {processor.py:927} WARNING - No viable dags retrieved from /home/usmail/sys_fraud/sys_detection_frauds/lib/python3.12/site-packages/airflow/example_dags/plugins/event_listener.py
[2025-03-21T20:59:18.660+0000] {processor.py:208} INFO - Processing /home/usmail/sys_fraud/sys_detection_frauds/lib/python3.12/site-packages/airflow/example_dags/plugins/event_listener.py took 0.027 seconds
[2025-03-21T21:00:13.903+0000] {processor.py:186} INFO - Started process (PID=3731087) to work on /home/usmail/sys_fraud/sys_detection_frauds/lib/python3.12/site-packages/airflow/example_dags/plugins/event_listener.py
[2025-03-21T21:00:13.904+0000] {processor.py:914} INFO - Processing file /home/usmail/sys_fraud/sys_detection_frauds/lib/python3.12/site-packages/airflow/example_dags/plugins/event_listener.py for tasks to queue
[2025-03-21T21:00:13.906+0000] {logging_mixin.py:190} INFO - [2025-03-21T21:00:13.906+0000] {dagbag.py:588} INFO - Filling up the DagBag from /home/usmail/sys_fraud/sys_detection_frauds/lib/python3.12/site-packages/airflow/example_dags/plugins/event_listener.py
[2025-03-21T21:00:13.908+0000] {processor.py:927} WARNING - No viable dags retrieved from /home/usmail/sys_fraud/sys_detection_frauds/lib/python3.12/site-packages/airflow/example_dags/plugins/event_listener.py
[2025-03-21T21:00:13.915+0000] {processor.py:208} INFO - Processing /home/usmail/sys_fraud/sys_detection_frauds/lib/python3.12/site-packages/airflow/example_dags/plugins/event_listener.py took 0.018 seconds
[2025-03-21T21:01:09.180+0000] {processor.py:186} INFO - Started process (PID=3731771) to work on /home/usmail/sys_fraud/sys_detection_frauds/lib/python3.12/site-packages/airflow/example_dags/plugins/event_listener.py
[2025-03-21T21:01:09.189+0000] {processor.py:914} INFO - Processing file /home/usmail/sys_fraud/sys_detection_frauds/lib/python3.12/site-packages/airflow/example_dags/plugins/event_listener.py for tasks to queue
[2025-03-21T21:01:09.190+0000] {logging_mixin.py:190} INFO - [2025-03-21T21:01:09.190+0000] {dagbag.py:588} INFO - Filling up the DagBag from /home/usmail/sys_fraud/sys_detection_frauds/lib/python3.12/site-packages/airflow/example_dags/plugins/event_listener.py
[2025-03-21T21:01:09.193+0000] {processor.py:927} WARNING - No viable dags retrieved from /home/usmail/sys_fraud/sys_detection_frauds/lib/python3.12/site-packages/airflow/example_dags/plugins/event_listener.py
[2025-03-21T21:01:09.201+0000] {processor.py:208} INFO - Processing /home/usmail/sys_fraud/sys_detection_frauds/lib/python3.12/site-packages/airflow/example_dags/plugins/event_listener.py took 0.024 seconds
[2025-03-21T21:02:01.825+0000] {processor.py:186} INFO - Started process (PID=3732411) to work on /home/usmail/sys_fraud/sys_detection_frauds/lib/python3.12/site-packages/airflow/example_dags/plugins/event_listener.py
[2025-03-21T21:02:01.834+0000] {processor.py:914} INFO - Processing file /home/usmail/sys_fraud/sys_detection_frauds/lib/python3.12/site-packages/airflow/example_dags/plugins/event_listener.py for tasks to queue
[2025-03-21T21:02:01.836+0000] {logging_mixin.py:190} INFO - [2025-03-21T21:02:01.836+0000] {dagbag.py:588} INFO - Filling up the DagBag from /home/usmail/sys_fraud/sys_detection_frauds/lib/python3.12/site-packages/airflow/example_dags/plugins/event_listener.py
[2025-03-21T21:02:01.839+0000] {processor.py:927} WARNING - No viable dags retrieved from /home/usmail/sys_fraud/sys_detection_frauds/lib/python3.12/site-packages/airflow/example_dags/plugins/event_listener.py
[2025-03-21T21:02:01.848+0000] {processor.py:208} INFO - Processing /home/usmail/sys_fraud/sys_detection_frauds/lib/python3.12/site-packages/airflow/example_dags/plugins/event_listener.py took 0.028 seconds
[2025-03-21T21:02:56.949+0000] {processor.py:186} INFO - Started process (PID=3733072) to work on /home/usmail/sys_fraud/sys_detection_frauds/lib/python3.12/site-packages/airflow/example_dags/plugins/event_listener.py
[2025-03-21T21:02:56.958+0000] {processor.py:914} INFO - Processing file /home/usmail/sys_fraud/sys_detection_frauds/lib/python3.12/site-packages/airflow/example_dags/plugins/event_listener.py for tasks to queue
[2025-03-21T21:02:56.961+0000] {logging_mixin.py:190} INFO - [2025-03-21T21:02:56.960+0000] {dagbag.py:588} INFO - Filling up the DagBag from /home/usmail/sys_fraud/sys_detection_frauds/lib/python3.12/site-packages/airflow/example_dags/plugins/event_listener.py
[2025-03-21T21:02:56.964+0000] {processor.py:927} WARNING - No viable dags retrieved from /home/usmail/sys_fraud/sys_detection_frauds/lib/python3.12/site-packages/airflow/example_dags/plugins/event_listener.py
[2025-03-21T21:02:56.973+0000] {processor.py:208} INFO - Processing /home/usmail/sys_fraud/sys_detection_frauds/lib/python3.12/site-packages/airflow/example_dags/plugins/event_listener.py took 0.031 seconds
[2025-03-21T21:03:49.007+0000] {processor.py:186} INFO - Started process (PID=3733775) to work on /home/usmail/sys_fraud/sys_detection_frauds/lib/python3.12/site-packages/airflow/example_dags/plugins/event_listener.py
[2025-03-21T21:03:49.016+0000] {processor.py:914} INFO - Processing file /home/usmail/sys_fraud/sys_detection_frauds/lib/python3.12/site-packages/airflow/example_dags/plugins/event_listener.py for tasks to queue
[2025-03-21T21:03:49.018+0000] {logging_mixin.py:190} INFO - [2025-03-21T21:03:49.018+0000] {dagbag.py:588} INFO - Filling up the DagBag from /home/usmail/sys_fraud/sys_detection_frauds/lib/python3.12/site-packages/airflow/example_dags/plugins/event_listener.py
[2025-03-21T21:03:49.021+0000] {processor.py:927} WARNING - No viable dags retrieved from /home/usmail/sys_fraud/sys_detection_frauds/lib/python3.12/site-packages/airflow/example_dags/plugins/event_listener.py
[2025-03-21T21:03:49.028+0000] {processor.py:208} INFO - Processing /home/usmail/sys_fraud/sys_detection_frauds/lib/python3.12/site-packages/airflow/example_dags/plugins/event_listener.py took 0.028 seconds
[2025-03-21T21:04:47.084+0000] {processor.py:186} INFO - Started process (PID=3734594) to work on /home/usmail/sys_fraud/sys_detection_frauds/lib/python3.12/site-packages/airflow/example_dags/plugins/event_listener.py
[2025-03-21T21:04:47.093+0000] {processor.py:914} INFO - Processing file /home/usmail/sys_fraud/sys_detection_frauds/lib/python3.12/site-packages/airflow/example_dags/plugins/event_listener.py for tasks to queue
[2025-03-21T21:04:47.096+0000] {logging_mixin.py:190} INFO - [2025-03-21T21:04:47.096+0000] {dagbag.py:588} INFO - Filling up the DagBag from /home/usmail/sys_fraud/sys_detection_frauds/lib/python3.12/site-packages/airflow/example_dags/plugins/event_listener.py
[2025-03-21T21:04:47.099+0000] {processor.py:927} WARNING - No viable dags retrieved from /home/usmail/sys_fraud/sys_detection_frauds/lib/python3.12/site-packages/airflow/example_dags/plugins/event_listener.py
[2025-03-21T21:04:47.107+0000] {processor.py:208} INFO - Processing /home/usmail/sys_fraud/sys_detection_frauds/lib/python3.12/site-packages/airflow/example_dags/plugins/event_listener.py took 0.030 seconds
[2025-03-21T21:05:39.676+0000] {processor.py:186} INFO - Started process (PID=3735421) to work on /home/usmail/sys_fraud/sys_detection_frauds/lib/python3.12/site-packages/airflow/example_dags/plugins/event_listener.py
[2025-03-21T21:05:39.685+0000] {processor.py:914} INFO - Processing file /home/usmail/sys_fraud/sys_detection_frauds/lib/python3.12/site-packages/airflow/example_dags/plugins/event_listener.py for tasks to queue
[2025-03-21T21:05:39.686+0000] {logging_mixin.py:190} INFO - [2025-03-21T21:05:39.686+0000] {dagbag.py:588} INFO - Filling up the DagBag from /home/usmail/sys_fraud/sys_detection_frauds/lib/python3.12/site-packages/airflow/example_dags/plugins/event_listener.py
[2025-03-21T21:05:39.688+0000] {processor.py:927} WARNING - No viable dags retrieved from /home/usmail/sys_fraud/sys_detection_frauds/lib/python3.12/site-packages/airflow/example_dags/plugins/event_listener.py
[2025-03-21T21:05:39.693+0000] {processor.py:208} INFO - Processing /home/usmail/sys_fraud/sys_detection_frauds/lib/python3.12/site-packages/airflow/example_dags/plugins/event_listener.py took 0.021 seconds
[2025-03-21T21:06:33.369+0000] {processor.py:186} INFO - Started process (PID=3736685) to work on /home/usmail/sys_fraud/sys_detection_frauds/lib/python3.12/site-packages/airflow/example_dags/plugins/event_listener.py
[2025-03-21T21:06:33.377+0000] {processor.py:914} INFO - Processing file /home/usmail/sys_fraud/sys_detection_frauds/lib/python3.12/site-packages/airflow/example_dags/plugins/event_listener.py for tasks to queue
[2025-03-21T21:06:33.379+0000] {logging_mixin.py:190} INFO - [2025-03-21T21:06:33.378+0000] {dagbag.py:588} INFO - Filling up the DagBag from /home/usmail/sys_fraud/sys_detection_frauds/lib/python3.12/site-packages/airflow/example_dags/plugins/event_listener.py
[2025-03-21T21:06:33.380+0000] {processor.py:927} WARNING - No viable dags retrieved from /home/usmail/sys_fraud/sys_detection_frauds/lib/python3.12/site-packages/airflow/example_dags/plugins/event_listener.py
[2025-03-21T21:06:33.386+0000] {processor.py:208} INFO - Processing /home/usmail/sys_fraud/sys_detection_frauds/lib/python3.12/site-packages/airflow/example_dags/plugins/event_listener.py took 0.023 seconds
[2025-03-21T21:07:22.944+0000] {processor.py:186} INFO - Started process (PID=3737371) to work on /home/usmail/sys_fraud/sys_detection_frauds/lib/python3.12/site-packages/airflow/example_dags/plugins/event_listener.py
[2025-03-21T21:07:22.953+0000] {processor.py:914} INFO - Processing file /home/usmail/sys_fraud/sys_detection_frauds/lib/python3.12/site-packages/airflow/example_dags/plugins/event_listener.py for tasks to queue
[2025-03-21T21:07:22.956+0000] {logging_mixin.py:190} INFO - [2025-03-21T21:07:22.956+0000] {dagbag.py:588} INFO - Filling up the DagBag from /home/usmail/sys_fraud/sys_detection_frauds/lib/python3.12/site-packages/airflow/example_dags/plugins/event_listener.py
[2025-03-21T21:07:22.959+0000] {processor.py:927} WARNING - No viable dags retrieved from /home/usmail/sys_fraud/sys_detection_frauds/lib/python3.12/site-packages/airflow/example_dags/plugins/event_listener.py
[2025-03-21T21:07:22.967+0000] {processor.py:208} INFO - Processing /home/usmail/sys_fraud/sys_detection_frauds/lib/python3.12/site-packages/airflow/example_dags/plugins/event_listener.py took 0.031 seconds
[2025-03-21T21:08:17.577+0000] {processor.py:186} INFO - Started process (PID=3738110) to work on /home/usmail/sys_fraud/sys_detection_frauds/lib/python3.12/site-packages/airflow/example_dags/plugins/event_listener.py
[2025-03-21T21:08:17.586+0000] {processor.py:914} INFO - Processing file /home/usmail/sys_fraud/sys_detection_frauds/lib/python3.12/site-packages/airflow/example_dags/plugins/event_listener.py for tasks to queue
[2025-03-21T21:08:17.589+0000] {logging_mixin.py:190} INFO - [2025-03-21T21:08:17.589+0000] {dagbag.py:588} INFO - Filling up the DagBag from /home/usmail/sys_fraud/sys_detection_frauds/lib/python3.12/site-packages/airflow/example_dags/plugins/event_listener.py
[2025-03-21T21:08:17.593+0000] {processor.py:927} WARNING - No viable dags retrieved from /home/usmail/sys_fraud/sys_detection_frauds/lib/python3.12/site-packages/airflow/example_dags/plugins/event_listener.py
[2025-03-21T21:08:17.608+0000] {processor.py:208} INFO - Processing /home/usmail/sys_fraud/sys_detection_frauds/lib/python3.12/site-packages/airflow/example_dags/plugins/event_listener.py took 0.042 seconds
[2025-03-21T21:08:49.525+0000] {processor.py:186} INFO - Started process (PID=3738464) to work on /home/usmail/sys_fraud/sys_detection_frauds/lib/python3.12/site-packages/airflow/example_dags/plugins/event_listener.py
[2025-03-21T21:08:49.534+0000] {processor.py:914} INFO - Processing file /home/usmail/sys_fraud/sys_detection_frauds/lib/python3.12/site-packages/airflow/example_dags/plugins/event_listener.py for tasks to queue
[2025-03-21T21:08:49.538+0000] {logging_mixin.py:190} INFO - [2025-03-21T21:08:49.537+0000] {dagbag.py:588} INFO - Filling up the DagBag from /home/usmail/sys_fraud/sys_detection_frauds/lib/python3.12/site-packages/airflow/example_dags/plugins/event_listener.py
[2025-03-21T21:08:49.542+0000] {processor.py:927} WARNING - No viable dags retrieved from /home/usmail/sys_fraud/sys_detection_frauds/lib/python3.12/site-packages/airflow/example_dags/plugins/event_listener.py
[2025-03-21T21:08:49.556+0000] {processor.py:208} INFO - Processing /home/usmail/sys_fraud/sys_detection_frauds/lib/python3.12/site-packages/airflow/example_dags/plugins/event_listener.py took 0.043 seconds
[2025-03-21T21:09:45.460+0000] {processor.py:186} INFO - Started process (PID=3739325) to work on /home/usmail/sys_fraud/sys_detection_frauds/lib/python3.12/site-packages/airflow/example_dags/plugins/event_listener.py
[2025-03-21T21:09:45.463+0000] {processor.py:914} INFO - Processing file /home/usmail/sys_fraud/sys_detection_frauds/lib/python3.12/site-packages/airflow/example_dags/plugins/event_listener.py for tasks to queue
[2025-03-21T21:09:45.468+0000] {logging_mixin.py:190} INFO - [2025-03-21T21:09:45.467+0000] {dagbag.py:588} INFO - Filling up the DagBag from /home/usmail/sys_fraud/sys_detection_frauds/lib/python3.12/site-packages/airflow/example_dags/plugins/event_listener.py
[2025-03-21T21:09:45.473+0000] {processor.py:927} WARNING - No viable dags retrieved from /home/usmail/sys_fraud/sys_detection_frauds/lib/python3.12/site-packages/airflow/example_dags/plugins/event_listener.py
[2025-03-21T21:09:45.490+0000] {processor.py:208} INFO - Processing /home/usmail/sys_fraud/sys_detection_frauds/lib/python3.12/site-packages/airflow/example_dags/plugins/event_listener.py took 0.043 seconds
[2025-03-21T21:10:42.961+0000] {processor.py:186} INFO - Started process (PID=3740759) to work on /home/usmail/sys_fraud/sys_detection_frauds/lib/python3.12/site-packages/airflow/example_dags/plugins/event_listener.py
[2025-03-21T21:10:42.970+0000] {processor.py:914} INFO - Processing file /home/usmail/sys_fraud/sys_detection_frauds/lib/python3.12/site-packages/airflow/example_dags/plugins/event_listener.py for tasks to queue
[2025-03-21T21:10:42.974+0000] {logging_mixin.py:190} INFO - [2025-03-21T21:10:42.973+0000] {dagbag.py:588} INFO - Filling up the DagBag from /home/usmail/sys_fraud/sys_detection_frauds/lib/python3.12/site-packages/airflow/example_dags/plugins/event_listener.py
[2025-03-21T21:10:42.977+0000] {processor.py:927} WARNING - No viable dags retrieved from /home/usmail/sys_fraud/sys_detection_frauds/lib/python3.12/site-packages/airflow/example_dags/plugins/event_listener.py
[2025-03-21T21:10:42.991+0000] {processor.py:208} INFO - Processing /home/usmail/sys_fraud/sys_detection_frauds/lib/python3.12/site-packages/airflow/example_dags/plugins/event_listener.py took 0.040 seconds
[2025-03-21T21:11:39.695+0000] {processor.py:186} INFO - Started process (PID=3741859) to work on /home/usmail/sys_fraud/sys_detection_frauds/lib/python3.12/site-packages/airflow/example_dags/plugins/event_listener.py
[2025-03-21T21:11:39.703+0000] {processor.py:914} INFO - Processing file /home/usmail/sys_fraud/sys_detection_frauds/lib/python3.12/site-packages/airflow/example_dags/plugins/event_listener.py for tasks to queue
[2025-03-21T21:11:39.705+0000] {logging_mixin.py:190} INFO - [2025-03-21T21:11:39.705+0000] {dagbag.py:588} INFO - Filling up the DagBag from /home/usmail/sys_fraud/sys_detection_frauds/lib/python3.12/site-packages/airflow/example_dags/plugins/event_listener.py
[2025-03-21T21:11:39.707+0000] {processor.py:927} WARNING - No viable dags retrieved from /home/usmail/sys_fraud/sys_detection_frauds/lib/python3.12/site-packages/airflow/example_dags/plugins/event_listener.py
[2025-03-21T21:11:39.715+0000] {processor.py:208} INFO - Processing /home/usmail/sys_fraud/sys_detection_frauds/lib/python3.12/site-packages/airflow/example_dags/plugins/event_listener.py took 0.026 seconds
[2025-03-21T21:12:33.597+0000] {processor.py:186} INFO - Started process (PID=3742941) to work on /home/usmail/sys_fraud/sys_detection_frauds/lib/python3.12/site-packages/airflow/example_dags/plugins/event_listener.py
[2025-03-21T21:12:33.606+0000] {processor.py:914} INFO - Processing file /home/usmail/sys_fraud/sys_detection_frauds/lib/python3.12/site-packages/airflow/example_dags/plugins/event_listener.py for tasks to queue
[2025-03-21T21:12:33.608+0000] {logging_mixin.py:190} INFO - [2025-03-21T21:12:33.607+0000] {dagbag.py:588} INFO - Filling up the DagBag from /home/usmail/sys_fraud/sys_detection_frauds/lib/python3.12/site-packages/airflow/example_dags/plugins/event_listener.py
[2025-03-21T21:12:33.610+0000] {processor.py:927} WARNING - No viable dags retrieved from /home/usmail/sys_fraud/sys_detection_frauds/lib/python3.12/site-packages/airflow/example_dags/plugins/event_listener.py
[2025-03-21T21:12:33.621+0000] {processor.py:208} INFO - Processing /home/usmail/sys_fraud/sys_detection_frauds/lib/python3.12/site-packages/airflow/example_dags/plugins/event_listener.py took 0.030 seconds
[2025-03-21T21:13:25.503+0000] {processor.py:186} INFO - Started process (PID=3743900) to work on /home/usmail/sys_fraud/sys_detection_frauds/lib/python3.12/site-packages/airflow/example_dags/plugins/event_listener.py
[2025-03-21T21:13:25.512+0000] {processor.py:914} INFO - Processing file /home/usmail/sys_fraud/sys_detection_frauds/lib/python3.12/site-packages/airflow/example_dags/plugins/event_listener.py for tasks to queue
[2025-03-21T21:13:25.513+0000] {logging_mixin.py:190} INFO - [2025-03-21T21:13:25.513+0000] {dagbag.py:588} INFO - Filling up the DagBag from /home/usmail/sys_fraud/sys_detection_frauds/lib/python3.12/site-packages/airflow/example_dags/plugins/event_listener.py
[2025-03-21T21:13:25.515+0000] {processor.py:927} WARNING - No viable dags retrieved from /home/usmail/sys_fraud/sys_detection_frauds/lib/python3.12/site-packages/airflow/example_dags/plugins/event_listener.py
[2025-03-21T21:13:25.522+0000] {processor.py:208} INFO - Processing /home/usmail/sys_fraud/sys_detection_frauds/lib/python3.12/site-packages/airflow/example_dags/plugins/event_listener.py took 0.024 seconds
[2025-03-21T21:14:17.721+0000] {processor.py:186} INFO - Started process (PID=3744741) to work on /home/usmail/sys_fraud/sys_detection_frauds/lib/python3.12/site-packages/airflow/example_dags/plugins/event_listener.py
[2025-03-21T21:14:17.730+0000] {processor.py:914} INFO - Processing file /home/usmail/sys_fraud/sys_detection_frauds/lib/python3.12/site-packages/airflow/example_dags/plugins/event_listener.py for tasks to queue
[2025-03-21T21:14:17.733+0000] {logging_mixin.py:190} INFO - [2025-03-21T21:14:17.732+0000] {dagbag.py:588} INFO - Filling up the DagBag from /home/usmail/sys_fraud/sys_detection_frauds/lib/python3.12/site-packages/airflow/example_dags/plugins/event_listener.py
[2025-03-21T21:14:17.736+0000] {processor.py:927} WARNING - No viable dags retrieved from /home/usmail/sys_fraud/sys_detection_frauds/lib/python3.12/site-packages/airflow/example_dags/plugins/event_listener.py
[2025-03-21T21:14:17.751+0000] {processor.py:208} INFO - Processing /home/usmail/sys_fraud/sys_detection_frauds/lib/python3.12/site-packages/airflow/example_dags/plugins/event_listener.py took 0.042 seconds
[2025-03-21T21:15:17.747+0000] {processor.py:186} INFO - Started process (PID=3745486) to work on /home/usmail/sys_fraud/sys_detection_frauds/lib/python3.12/site-packages/airflow/example_dags/plugins/event_listener.py
[2025-03-21T21:15:17.756+0000] {processor.py:914} INFO - Processing file /home/usmail/sys_fraud/sys_detection_frauds/lib/python3.12/site-packages/airflow/example_dags/plugins/event_listener.py for tasks to queue
[2025-03-21T21:15:17.759+0000] {logging_mixin.py:190} INFO - [2025-03-21T21:15:17.758+0000] {dagbag.py:588} INFO - Filling up the DagBag from /home/usmail/sys_fraud/sys_detection_frauds/lib/python3.12/site-packages/airflow/example_dags/plugins/event_listener.py
[2025-03-21T21:15:17.762+0000] {processor.py:927} WARNING - No viable dags retrieved from /home/usmail/sys_fraud/sys_detection_frauds/lib/python3.12/site-packages/airflow/example_dags/plugins/event_listener.py
[2025-03-21T21:15:17.778+0000] {processor.py:208} INFO - Processing /home/usmail/sys_fraud/sys_detection_frauds/lib/python3.12/site-packages/airflow/example_dags/plugins/event_listener.py took 0.043 seconds
[2025-03-21T21:16:17.872+0000] {processor.py:186} INFO - Started process (PID=3746249) to work on /home/usmail/sys_fraud/sys_detection_frauds/lib/python3.12/site-packages/airflow/example_dags/plugins/event_listener.py
[2025-03-21T21:16:17.873+0000] {processor.py:914} INFO - Processing file /home/usmail/sys_fraud/sys_detection_frauds/lib/python3.12/site-packages/airflow/example_dags/plugins/event_listener.py for tasks to queue
[2025-03-21T21:16:17.876+0000] {logging_mixin.py:190} INFO - [2025-03-21T21:16:17.875+0000] {dagbag.py:588} INFO - Filling up the DagBag from /home/usmail/sys_fraud/sys_detection_frauds/lib/python3.12/site-packages/airflow/example_dags/plugins/event_listener.py
[2025-03-21T21:16:17.879+0000] {processor.py:927} WARNING - No viable dags retrieved from /home/usmail/sys_fraud/sys_detection_frauds/lib/python3.12/site-packages/airflow/example_dags/plugins/event_listener.py
[2025-03-21T21:16:17.894+0000] {processor.py:208} INFO - Processing /home/usmail/sys_fraud/sys_detection_frauds/lib/python3.12/site-packages/airflow/example_dags/plugins/event_listener.py took 0.033 seconds
[2025-03-21T21:17:19.426+0000] {processor.py:186} INFO - Started process (PID=3747024) to work on /home/usmail/sys_fraud/sys_detection_frauds/lib/python3.12/site-packages/airflow/example_dags/plugins/event_listener.py
[2025-03-21T21:17:19.435+0000] {processor.py:914} INFO - Processing file /home/usmail/sys_fraud/sys_detection_frauds/lib/python3.12/site-packages/airflow/example_dags/plugins/event_listener.py for tasks to queue
[2025-03-21T21:17:19.439+0000] {logging_mixin.py:190} INFO - [2025-03-21T21:17:19.438+0000] {dagbag.py:588} INFO - Filling up the DagBag from /home/usmail/sys_fraud/sys_detection_frauds/lib/python3.12/site-packages/airflow/example_dags/plugins/event_listener.py
[2025-03-21T21:17:19.442+0000] {processor.py:927} WARNING - No viable dags retrieved from /home/usmail/sys_fraud/sys_detection_frauds/lib/python3.12/site-packages/airflow/example_dags/plugins/event_listener.py
[2025-03-21T21:17:19.456+0000] {processor.py:208} INFO - Processing /home/usmail/sys_fraud/sys_detection_frauds/lib/python3.12/site-packages/airflow/example_dags/plugins/event_listener.py took 0.043 seconds
[2025-03-21T21:18:24.463+0000] {processor.py:186} INFO - Started process (PID=3747813) to work on /home/usmail/sys_fraud/sys_detection_frauds/lib/python3.12/site-packages/airflow/example_dags/plugins/event_listener.py
[2025-03-21T21:18:24.472+0000] {processor.py:914} INFO - Processing file /home/usmail/sys_fraud/sys_detection_frauds/lib/python3.12/site-packages/airflow/example_dags/plugins/event_listener.py for tasks to queue
[2025-03-21T21:18:24.475+0000] {logging_mixin.py:190} INFO - [2025-03-21T21:18:24.475+0000] {dagbag.py:588} INFO - Filling up the DagBag from /home/usmail/sys_fraud/sys_detection_frauds/lib/python3.12/site-packages/airflow/example_dags/plugins/event_listener.py
[2025-03-21T21:18:24.479+0000] {processor.py:927} WARNING - No viable dags retrieved from /home/usmail/sys_fraud/sys_detection_frauds/lib/python3.12/site-packages/airflow/example_dags/plugins/event_listener.py
[2025-03-21T21:18:24.493+0000] {processor.py:208} INFO - Processing /home/usmail/sys_fraud/sys_detection_frauds/lib/python3.12/site-packages/airflow/example_dags/plugins/event_listener.py took 0.041 seconds
[2025-03-21T21:18:57.341+0000] {processor.py:186} INFO - Started process (PID=3748221) to work on /home/usmail/sys_fraud/sys_detection_frauds/lib/python3.12/site-packages/airflow/example_dags/plugins/event_listener.py
[2025-03-21T21:18:57.350+0000] {processor.py:914} INFO - Processing file /home/usmail/sys_fraud/sys_detection_frauds/lib/python3.12/site-packages/airflow/example_dags/plugins/event_listener.py for tasks to queue
[2025-03-21T21:18:57.352+0000] {logging_mixin.py:190} INFO - [2025-03-21T21:18:57.352+0000] {dagbag.py:588} INFO - Filling up the DagBag from /home/usmail/sys_fraud/sys_detection_frauds/lib/python3.12/site-packages/airflow/example_dags/plugins/event_listener.py
[2025-03-21T21:18:57.354+0000] {processor.py:927} WARNING - No viable dags retrieved from /home/usmail/sys_fraud/sys_detection_frauds/lib/python3.12/site-packages/airflow/example_dags/plugins/event_listener.py
[2025-03-21T21:18:57.363+0000] {processor.py:208} INFO - Processing /home/usmail/sys_fraud/sys_detection_frauds/lib/python3.12/site-packages/airflow/example_dags/plugins/event_listener.py took 0.029 seconds
[2025-03-21T21:20:00.397+0000] {processor.py:186} INFO - Started process (PID=3748980) to work on /home/usmail/sys_fraud/sys_detection_frauds/lib/python3.12/site-packages/airflow/example_dags/plugins/event_listener.py
[2025-03-21T21:20:00.406+0000] {processor.py:914} INFO - Processing file /home/usmail/sys_fraud/sys_detection_frauds/lib/python3.12/site-packages/airflow/example_dags/plugins/event_listener.py for tasks to queue
[2025-03-21T21:20:00.410+0000] {logging_mixin.py:190} INFO - [2025-03-21T21:20:00.409+0000] {dagbag.py:588} INFO - Filling up the DagBag from /home/usmail/sys_fraud/sys_detection_frauds/lib/python3.12/site-packages/airflow/example_dags/plugins/event_listener.py
[2025-03-21T21:20:00.414+0000] {processor.py:927} WARNING - No viable dags retrieved from /home/usmail/sys_fraud/sys_detection_frauds/lib/python3.12/site-packages/airflow/example_dags/plugins/event_listener.py
[2025-03-21T21:20:00.430+0000] {processor.py:208} INFO - Processing /home/usmail/sys_fraud/sys_detection_frauds/lib/python3.12/site-packages/airflow/example_dags/plugins/event_listener.py took 0.045 seconds
[2025-03-21T21:21:03.440+0000] {processor.py:186} INFO - Started process (PID=3749730) to work on /home/usmail/sys_fraud/sys_detection_frauds/lib/python3.12/site-packages/airflow/example_dags/plugins/event_listener.py
[2025-03-21T21:21:03.442+0000] {processor.py:914} INFO - Processing file /home/usmail/sys_fraud/sys_detection_frauds/lib/python3.12/site-packages/airflow/example_dags/plugins/event_listener.py for tasks to queue
[2025-03-21T21:21:03.446+0000] {logging_mixin.py:190} INFO - [2025-03-21T21:21:03.445+0000] {dagbag.py:588} INFO - Filling up the DagBag from /home/usmail/sys_fraud/sys_detection_frauds/lib/python3.12/site-packages/airflow/example_dags/plugins/event_listener.py
[2025-03-21T21:21:03.449+0000] {processor.py:927} WARNING - No viable dags retrieved from /home/usmail/sys_fraud/sys_detection_frauds/lib/python3.12/site-packages/airflow/example_dags/plugins/event_listener.py
[2025-03-21T21:21:03.465+0000] {processor.py:208} INFO - Processing /home/usmail/sys_fraud/sys_detection_frauds/lib/python3.12/site-packages/airflow/example_dags/plugins/event_listener.py took 0.036 seconds
[2025-03-21T21:21:35.692+0000] {processor.py:186} INFO - Started process (PID=3750144) to work on /home/usmail/sys_fraud/sys_detection_frauds/lib/python3.12/site-packages/airflow/example_dags/plugins/event_listener.py
[2025-03-21T21:21:35.693+0000] {processor.py:914} INFO - Processing file /home/usmail/sys_fraud/sys_detection_frauds/lib/python3.12/site-packages/airflow/example_dags/plugins/event_listener.py for tasks to queue
[2025-03-21T21:21:35.697+0000] {logging_mixin.py:190} INFO - [2025-03-21T21:21:35.696+0000] {dagbag.py:588} INFO - Filling up the DagBag from /home/usmail/sys_fraud/sys_detection_frauds/lib/python3.12/site-packages/airflow/example_dags/plugins/event_listener.py
[2025-03-21T21:21:35.700+0000] {processor.py:927} WARNING - No viable dags retrieved from /home/usmail/sys_fraud/sys_detection_frauds/lib/python3.12/site-packages/airflow/example_dags/plugins/event_listener.py
[2025-03-21T21:21:35.715+0000] {processor.py:208} INFO - Processing /home/usmail/sys_fraud/sys_detection_frauds/lib/python3.12/site-packages/airflow/example_dags/plugins/event_listener.py took 0.035 seconds
[2025-03-21T21:22:09.914+0000] {processor.py:186} INFO - Started process (PID=3750563) to work on /home/usmail/sys_fraud/sys_detection_frauds/lib/python3.12/site-packages/airflow/example_dags/plugins/event_listener.py
[2025-03-21T21:22:09.923+0000] {processor.py:914} INFO - Processing file /home/usmail/sys_fraud/sys_detection_frauds/lib/python3.12/site-packages/airflow/example_dags/plugins/event_listener.py for tasks to queue
[2025-03-21T21:22:09.927+0000] {logging_mixin.py:190} INFO - [2025-03-21T21:22:09.926+0000] {dagbag.py:588} INFO - Filling up the DagBag from /home/usmail/sys_fraud/sys_detection_frauds/lib/python3.12/site-packages/airflow/example_dags/plugins/event_listener.py
[2025-03-21T21:22:09.930+0000] {processor.py:927} WARNING - No viable dags retrieved from /home/usmail/sys_fraud/sys_detection_frauds/lib/python3.12/site-packages/airflow/example_dags/plugins/event_listener.py
[2025-03-21T21:22:09.945+0000] {processor.py:208} INFO - Processing /home/usmail/sys_fraud/sys_detection_frauds/lib/python3.12/site-packages/airflow/example_dags/plugins/event_listener.py took 0.043 seconds
[2025-03-21T21:22:43.465+0000] {processor.py:186} INFO - Started process (PID=3750986) to work on /home/usmail/sys_fraud/sys_detection_frauds/lib/python3.12/site-packages/airflow/example_dags/plugins/event_listener.py
[2025-03-21T21:22:43.474+0000] {processor.py:914} INFO - Processing file /home/usmail/sys_fraud/sys_detection_frauds/lib/python3.12/site-packages/airflow/example_dags/plugins/event_listener.py for tasks to queue
[2025-03-21T21:22:43.478+0000] {logging_mixin.py:190} INFO - [2025-03-21T21:22:43.477+0000] {dagbag.py:588} INFO - Filling up the DagBag from /home/usmail/sys_fraud/sys_detection_frauds/lib/python3.12/site-packages/airflow/example_dags/plugins/event_listener.py
[2025-03-21T21:22:43.481+0000] {processor.py:927} WARNING - No viable dags retrieved from /home/usmail/sys_fraud/sys_detection_frauds/lib/python3.12/site-packages/airflow/example_dags/plugins/event_listener.py
[2025-03-21T21:22:43.495+0000] {processor.py:208} INFO - Processing /home/usmail/sys_fraud/sys_detection_frauds/lib/python3.12/site-packages/airflow/example_dags/plugins/event_listener.py took 0.042 seconds
[2025-03-21T21:23:17.009+0000] {processor.py:186} INFO - Started process (PID=3751416) to work on /home/usmail/sys_fraud/sys_detection_frauds/lib/python3.12/site-packages/airflow/example_dags/plugins/event_listener.py
[2025-03-21T21:23:17.010+0000] {processor.py:914} INFO - Processing file /home/usmail/sys_fraud/sys_detection_frauds/lib/python3.12/site-packages/airflow/example_dags/plugins/event_listener.py for tasks to queue
[2025-03-21T21:23:17.013+0000] {logging_mixin.py:190} INFO - [2025-03-21T21:23:17.013+0000] {dagbag.py:588} INFO - Filling up the DagBag from /home/usmail/sys_fraud/sys_detection_frauds/lib/python3.12/site-packages/airflow/example_dags/plugins/event_listener.py
[2025-03-21T21:23:17.017+0000] {processor.py:927} WARNING - No viable dags retrieved from /home/usmail/sys_fraud/sys_detection_frauds/lib/python3.12/site-packages/airflow/example_dags/plugins/event_listener.py
[2025-03-21T21:23:17.031+0000] {processor.py:208} INFO - Processing /home/usmail/sys_fraud/sys_detection_frauds/lib/python3.12/site-packages/airflow/example_dags/plugins/event_listener.py took 0.034 seconds
[2025-03-21T21:24:17.748+0000] {processor.py:186} INFO - Started process (PID=3752083) to work on /home/usmail/sys_fraud/sys_detection_frauds/lib/python3.12/site-packages/airflow/example_dags/plugins/event_listener.py
[2025-03-21T21:24:17.758+0000] {processor.py:914} INFO - Processing file /home/usmail/sys_fraud/sys_detection_frauds/lib/python3.12/site-packages/airflow/example_dags/plugins/event_listener.py for tasks to queue
[2025-03-21T21:24:17.761+0000] {logging_mixin.py:190} INFO - [2025-03-21T21:24:17.760+0000] {dagbag.py:588} INFO - Filling up the DagBag from /home/usmail/sys_fraud/sys_detection_frauds/lib/python3.12/site-packages/airflow/example_dags/plugins/event_listener.py
[2025-03-21T21:24:17.764+0000] {processor.py:927} WARNING - No viable dags retrieved from /home/usmail/sys_fraud/sys_detection_frauds/lib/python3.12/site-packages/airflow/example_dags/plugins/event_listener.py
[2025-03-21T21:24:17.778+0000] {processor.py:208} INFO - Processing /home/usmail/sys_fraud/sys_detection_frauds/lib/python3.12/site-packages/airflow/example_dags/plugins/event_listener.py took 0.042 seconds
[2025-03-21T21:25:19.464+0000] {processor.py:186} INFO - Started process (PID=3752767) to work on /home/usmail/sys_fraud/sys_detection_frauds/lib/python3.12/site-packages/airflow/example_dags/plugins/event_listener.py
[2025-03-21T21:25:19.473+0000] {processor.py:914} INFO - Processing file /home/usmail/sys_fraud/sys_detection_frauds/lib/python3.12/site-packages/airflow/example_dags/plugins/event_listener.py for tasks to queue
[2025-03-21T21:25:19.476+0000] {logging_mixin.py:190} INFO - [2025-03-21T21:25:19.476+0000] {dagbag.py:588} INFO - Filling up the DagBag from /home/usmail/sys_fraud/sys_detection_frauds/lib/python3.12/site-packages/airflow/example_dags/plugins/event_listener.py
[2025-03-21T21:25:19.480+0000] {processor.py:927} WARNING - No viable dags retrieved from /home/usmail/sys_fraud/sys_detection_frauds/lib/python3.12/site-packages/airflow/example_dags/plugins/event_listener.py
[2025-03-21T21:25:19.494+0000] {processor.py:208} INFO - Processing /home/usmail/sys_fraud/sys_detection_frauds/lib/python3.12/site-packages/airflow/example_dags/plugins/event_listener.py took 0.041 seconds
[2025-03-21T21:25:53.005+0000] {processor.py:186} INFO - Started process (PID=3753102) to work on /home/usmail/sys_fraud/sys_detection_frauds/lib/python3.12/site-packages/airflow/example_dags/plugins/event_listener.py
[2025-03-21T21:25:53.014+0000] {processor.py:914} INFO - Processing file /home/usmail/sys_fraud/sys_detection_frauds/lib/python3.12/site-packages/airflow/example_dags/plugins/event_listener.py for tasks to queue
[2025-03-21T21:25:53.017+0000] {logging_mixin.py:190} INFO - [2025-03-21T21:25:53.017+0000] {dagbag.py:588} INFO - Filling up the DagBag from /home/usmail/sys_fraud/sys_detection_frauds/lib/python3.12/site-packages/airflow/example_dags/plugins/event_listener.py
[2025-03-21T21:25:53.021+0000] {processor.py:927} WARNING - No viable dags retrieved from /home/usmail/sys_fraud/sys_detection_frauds/lib/python3.12/site-packages/airflow/example_dags/plugins/event_listener.py
[2025-03-21T21:25:53.036+0000] {processor.py:208} INFO - Processing /home/usmail/sys_fraud/sys_detection_frauds/lib/python3.12/site-packages/airflow/example_dags/plugins/event_listener.py took 0.043 seconds
[2025-03-21T21:26:24.857+0000] {processor.py:186} INFO - Started process (PID=3753438) to work on /home/usmail/sys_fraud/sys_detection_frauds/lib/python3.12/site-packages/airflow/example_dags/plugins/event_listener.py
[2025-03-21T21:26:24.867+0000] {processor.py:914} INFO - Processing file /home/usmail/sys_fraud/sys_detection_frauds/lib/python3.12/site-packages/airflow/example_dags/plugins/event_listener.py for tasks to queue
[2025-03-21T21:26:24.870+0000] {logging_mixin.py:190} INFO - [2025-03-21T21:26:24.870+0000] {dagbag.py:588} INFO - Filling up the DagBag from /home/usmail/sys_fraud/sys_detection_frauds/lib/python3.12/site-packages/airflow/example_dags/plugins/event_listener.py
[2025-03-21T21:26:24.874+0000] {processor.py:927} WARNING - No viable dags retrieved from /home/usmail/sys_fraud/sys_detection_frauds/lib/python3.12/site-packages/airflow/example_dags/plugins/event_listener.py
[2025-03-21T21:26:24.889+0000] {processor.py:208} INFO - Processing /home/usmail/sys_fraud/sys_detection_frauds/lib/python3.12/site-packages/airflow/example_dags/plugins/event_listener.py took 0.044 seconds
[2025-03-21T21:27:28.505+0000] {processor.py:186} INFO - Started process (PID=3754110) to work on /home/usmail/sys_fraud/sys_detection_frauds/lib/python3.12/site-packages/airflow/example_dags/plugins/event_listener.py
[2025-03-21T21:27:28.514+0000] {processor.py:914} INFO - Processing file /home/usmail/sys_fraud/sys_detection_frauds/lib/python3.12/site-packages/airflow/example_dags/plugins/event_listener.py for tasks to queue
[2025-03-21T21:27:28.517+0000] {logging_mixin.py:190} INFO - [2025-03-21T21:27:28.517+0000] {dagbag.py:588} INFO - Filling up the DagBag from /home/usmail/sys_fraud/sys_detection_frauds/lib/python3.12/site-packages/airflow/example_dags/plugins/event_listener.py
[2025-03-21T21:27:28.521+0000] {processor.py:927} WARNING - No viable dags retrieved from /home/usmail/sys_fraud/sys_detection_frauds/lib/python3.12/site-packages/airflow/example_dags/plugins/event_listener.py
[2025-03-21T21:27:28.535+0000] {processor.py:208} INFO - Processing /home/usmail/sys_fraud/sys_detection_frauds/lib/python3.12/site-packages/airflow/example_dags/plugins/event_listener.py took 0.041 seconds
[2025-03-21T21:28:27.687+0000] {processor.py:186} INFO - Started process (PID=3754718) to work on /home/usmail/sys_fraud/sys_detection_frauds/lib/python3.12/site-packages/airflow/example_dags/plugins/event_listener.py
[2025-03-21T21:28:27.696+0000] {processor.py:914} INFO - Processing file /home/usmail/sys_fraud/sys_detection_frauds/lib/python3.12/site-packages/airflow/example_dags/plugins/event_listener.py for tasks to queue
[2025-03-21T21:28:27.699+0000] {logging_mixin.py:190} INFO - [2025-03-21T21:28:27.698+0000] {dagbag.py:588} INFO - Filling up the DagBag from /home/usmail/sys_fraud/sys_detection_frauds/lib/python3.12/site-packages/airflow/example_dags/plugins/event_listener.py
[2025-03-21T21:28:27.703+0000] {processor.py:927} WARNING - No viable dags retrieved from /home/usmail/sys_fraud/sys_detection_frauds/lib/python3.12/site-packages/airflow/example_dags/plugins/event_listener.py
[2025-03-21T21:28:27.717+0000] {processor.py:208} INFO - Processing /home/usmail/sys_fraud/sys_detection_frauds/lib/python3.12/site-packages/airflow/example_dags/plugins/event_listener.py took 0.042 seconds
[2025-03-21T21:29:31.183+0000] {processor.py:186} INFO - Started process (PID=3755397) to work on /home/usmail/sys_fraud/sys_detection_frauds/lib/python3.12/site-packages/airflow/example_dags/plugins/event_listener.py
[2025-03-21T21:29:31.192+0000] {processor.py:914} INFO - Processing file /home/usmail/sys_fraud/sys_detection_frauds/lib/python3.12/site-packages/airflow/example_dags/plugins/event_listener.py for tasks to queue
[2025-03-21T21:29:31.195+0000] {logging_mixin.py:190} INFO - [2025-03-21T21:29:31.195+0000] {dagbag.py:588} INFO - Filling up the DagBag from /home/usmail/sys_fraud/sys_detection_frauds/lib/python3.12/site-packages/airflow/example_dags/plugins/event_listener.py
[2025-03-21T21:29:31.198+0000] {processor.py:927} WARNING - No viable dags retrieved from /home/usmail/sys_fraud/sys_detection_frauds/lib/python3.12/site-packages/airflow/example_dags/plugins/event_listener.py
[2025-03-21T21:29:31.213+0000] {processor.py:208} INFO - Processing /home/usmail/sys_fraud/sys_detection_frauds/lib/python3.12/site-packages/airflow/example_dags/plugins/event_listener.py took 0.041 seconds
[2025-03-21T21:30:36.350+0000] {processor.py:186} INFO - Started process (PID=3756063) to work on /home/usmail/sys_fraud/sys_detection_frauds/lib/python3.12/site-packages/airflow/example_dags/plugins/event_listener.py
[2025-03-21T21:30:36.352+0000] {processor.py:914} INFO - Processing file /home/usmail/sys_fraud/sys_detection_frauds/lib/python3.12/site-packages/airflow/example_dags/plugins/event_listener.py for tasks to queue
[2025-03-21T21:30:36.355+0000] {logging_mixin.py:190} INFO - [2025-03-21T21:30:36.354+0000] {dagbag.py:588} INFO - Filling up the DagBag from /home/usmail/sys_fraud/sys_detection_frauds/lib/python3.12/site-packages/airflow/example_dags/plugins/event_listener.py
[2025-03-21T21:30:36.358+0000] {processor.py:927} WARNING - No viable dags retrieved from /home/usmail/sys_fraud/sys_detection_frauds/lib/python3.12/site-packages/airflow/example_dags/plugins/event_listener.py
[2025-03-21T21:30:36.373+0000] {processor.py:208} INFO - Processing /home/usmail/sys_fraud/sys_detection_frauds/lib/python3.12/site-packages/airflow/example_dags/plugins/event_listener.py took 0.034 seconds
[2025-03-21T21:31:09.062+0000] {processor.py:186} INFO - Started process (PID=3756402) to work on /home/usmail/sys_fraud/sys_detection_frauds/lib/python3.12/site-packages/airflow/example_dags/plugins/event_listener.py
[2025-03-21T21:31:09.071+0000] {processor.py:914} INFO - Processing file /home/usmail/sys_fraud/sys_detection_frauds/lib/python3.12/site-packages/airflow/example_dags/plugins/event_listener.py for tasks to queue
[2025-03-21T21:31:09.075+0000] {logging_mixin.py:190} INFO - [2025-03-21T21:31:09.074+0000] {dagbag.py:588} INFO - Filling up the DagBag from /home/usmail/sys_fraud/sys_detection_frauds/lib/python3.12/site-packages/airflow/example_dags/plugins/event_listener.py
[2025-03-21T21:31:09.080+0000] {processor.py:927} WARNING - No viable dags retrieved from /home/usmail/sys_fraud/sys_detection_frauds/lib/python3.12/site-packages/airflow/example_dags/plugins/event_listener.py
[2025-03-21T21:31:09.098+0000] {processor.py:208} INFO - Processing /home/usmail/sys_fraud/sys_detection_frauds/lib/python3.12/site-packages/airflow/example_dags/plugins/event_listener.py took 0.047 seconds
[2025-03-21T21:31:41.555+0000] {processor.py:186} INFO - Started process (PID=3756746) to work on /home/usmail/sys_fraud/sys_detection_frauds/lib/python3.12/site-packages/airflow/example_dags/plugins/event_listener.py
[2025-03-21T21:31:41.564+0000] {processor.py:914} INFO - Processing file /home/usmail/sys_fraud/sys_detection_frauds/lib/python3.12/site-packages/airflow/example_dags/plugins/event_listener.py for tasks to queue
[2025-03-21T21:31:41.567+0000] {logging_mixin.py:190} INFO - [2025-03-21T21:31:41.567+0000] {dagbag.py:588} INFO - Filling up the DagBag from /home/usmail/sys_fraud/sys_detection_frauds/lib/python3.12/site-packages/airflow/example_dags/plugins/event_listener.py
[2025-03-21T21:31:41.571+0000] {processor.py:927} WARNING - No viable dags retrieved from /home/usmail/sys_fraud/sys_detection_frauds/lib/python3.12/site-packages/airflow/example_dags/plugins/event_listener.py
[2025-03-21T21:31:41.586+0000] {processor.py:208} INFO - Processing /home/usmail/sys_fraud/sys_detection_frauds/lib/python3.12/site-packages/airflow/example_dags/plugins/event_listener.py took 0.043 seconds
[2025-03-21T21:32:14.626+0000] {processor.py:186} INFO - Started process (PID=3757101) to work on /home/usmail/sys_fraud/sys_detection_frauds/lib/python3.12/site-packages/airflow/example_dags/plugins/event_listener.py
[2025-03-21T21:32:14.636+0000] {processor.py:914} INFO - Processing file /home/usmail/sys_fraud/sys_detection_frauds/lib/python3.12/site-packages/airflow/example_dags/plugins/event_listener.py for tasks to queue
[2025-03-21T21:32:14.639+0000] {logging_mixin.py:190} INFO - [2025-03-21T21:32:14.639+0000] {dagbag.py:588} INFO - Filling up the DagBag from /home/usmail/sys_fraud/sys_detection_frauds/lib/python3.12/site-packages/airflow/example_dags/plugins/event_listener.py
[2025-03-21T21:32:14.643+0000] {processor.py:927} WARNING - No viable dags retrieved from /home/usmail/sys_fraud/sys_detection_frauds/lib/python3.12/site-packages/airflow/example_dags/plugins/event_listener.py
[2025-03-21T21:32:14.657+0000] {processor.py:208} INFO - Processing /home/usmail/sys_fraud/sys_detection_frauds/lib/python3.12/site-packages/airflow/example_dags/plugins/event_listener.py took 0.043 seconds
[2025-03-21T21:33:16.042+0000] {processor.py:186} INFO - Started process (PID=3757743) to work on /home/usmail/sys_fraud/sys_detection_frauds/lib/python3.12/site-packages/airflow/example_dags/plugins/event_listener.py
[2025-03-21T21:33:16.052+0000] {processor.py:914} INFO - Processing file /home/usmail/sys_fraud/sys_detection_frauds/lib/python3.12/site-packages/airflow/example_dags/plugins/event_listener.py for tasks to queue
[2025-03-21T21:33:16.055+0000] {logging_mixin.py:190} INFO - [2025-03-21T21:33:16.054+0000] {dagbag.py:588} INFO - Filling up the DagBag from /home/usmail/sys_fraud/sys_detection_frauds/lib/python3.12/site-packages/airflow/example_dags/plugins/event_listener.py
[2025-03-21T21:33:16.058+0000] {processor.py:927} WARNING - No viable dags retrieved from /home/usmail/sys_fraud/sys_detection_frauds/lib/python3.12/site-packages/airflow/example_dags/plugins/event_listener.py
[2025-03-21T21:33:16.074+0000] {processor.py:208} INFO - Processing /home/usmail/sys_fraud/sys_detection_frauds/lib/python3.12/site-packages/airflow/example_dags/plugins/event_listener.py took 0.043 seconds
[2025-03-21T22:19:17.149+0000] {processor.py:186} INFO - Started process (PID=3758355) to work on /home/usmail/sys_fraud/sys_detection_frauds/lib/python3.12/site-packages/airflow/example_dags/plugins/event_listener.py
[2025-03-21T22:19:17.158+0000] {processor.py:914} INFO - Processing file /home/usmail/sys_fraud/sys_detection_frauds/lib/python3.12/site-packages/airflow/example_dags/plugins/event_listener.py for tasks to queue
[2025-03-21T22:19:17.161+0000] {logging_mixin.py:190} INFO - [2025-03-21T22:19:17.160+0000] {dagbag.py:588} INFO - Filling up the DagBag from /home/usmail/sys_fraud/sys_detection_frauds/lib/python3.12/site-packages/airflow/example_dags/plugins/event_listener.py
[2025-03-21T22:19:17.164+0000] {processor.py:927} WARNING - No viable dags retrieved from /home/usmail/sys_fraud/sys_detection_frauds/lib/python3.12/site-packages/airflow/example_dags/plugins/event_listener.py
[2025-03-21T22:19:17.178+0000] {processor.py:208} INFO - Processing /home/usmail/sys_fraud/sys_detection_frauds/lib/python3.12/site-packages/airflow/example_dags/plugins/event_listener.py took 0.040 seconds
[2025-03-21T22:20:13.509+0000] {processor.py:186} INFO - Started process (PID=3759159) to work on /home/usmail/sys_fraud/sys_detection_frauds/lib/python3.12/site-packages/airflow/example_dags/plugins/event_listener.py
[2025-03-21T22:20:13.518+0000] {processor.py:914} INFO - Processing file /home/usmail/sys_fraud/sys_detection_frauds/lib/python3.12/site-packages/airflow/example_dags/plugins/event_listener.py for tasks to queue
[2025-03-21T22:20:13.521+0000] {logging_mixin.py:190} INFO - [2025-03-21T22:20:13.520+0000] {dagbag.py:588} INFO - Filling up the DagBag from /home/usmail/sys_fraud/sys_detection_frauds/lib/python3.12/site-packages/airflow/example_dags/plugins/event_listener.py
[2025-03-21T22:20:13.525+0000] {processor.py:927} WARNING - No viable dags retrieved from /home/usmail/sys_fraud/sys_detection_frauds/lib/python3.12/site-packages/airflow/example_dags/plugins/event_listener.py
[2025-03-21T22:20:13.540+0000] {processor.py:208} INFO - Processing /home/usmail/sys_fraud/sys_detection_frauds/lib/python3.12/site-packages/airflow/example_dags/plugins/event_listener.py took 0.043 seconds
[2025-03-21T22:20:46.235+0000] {processor.py:186} INFO - Started process (PID=3759703) to work on /home/usmail/sys_fraud/sys_detection_frauds/lib/python3.12/site-packages/airflow/example_dags/plugins/event_listener.py
[2025-03-21T22:20:46.244+0000] {processor.py:914} INFO - Processing file /home/usmail/sys_fraud/sys_detection_frauds/lib/python3.12/site-packages/airflow/example_dags/plugins/event_listener.py for tasks to queue
[2025-03-21T22:20:46.248+0000] {logging_mixin.py:190} INFO - [2025-03-21T22:20:46.247+0000] {dagbag.py:588} INFO - Filling up the DagBag from /home/usmail/sys_fraud/sys_detection_frauds/lib/python3.12/site-packages/airflow/example_dags/plugins/event_listener.py
[2025-03-21T22:20:46.252+0000] {processor.py:927} WARNING - No viable dags retrieved from /home/usmail/sys_fraud/sys_detection_frauds/lib/python3.12/site-packages/airflow/example_dags/plugins/event_listener.py
[2025-03-21T22:20:46.267+0000] {processor.py:208} INFO - Processing /home/usmail/sys_fraud/sys_detection_frauds/lib/python3.12/site-packages/airflow/example_dags/plugins/event_listener.py took 0.044 seconds
[2025-03-21T22:21:47.797+0000] {processor.py:186} INFO - Started process (PID=3760562) to work on /home/usmail/sys_fraud/sys_detection_frauds/lib/python3.12/site-packages/airflow/example_dags/plugins/event_listener.py
[2025-03-21T22:21:47.806+0000] {processor.py:914} INFO - Processing file /home/usmail/sys_fraud/sys_detection_frauds/lib/python3.12/site-packages/airflow/example_dags/plugins/event_listener.py for tasks to queue
[2025-03-21T22:21:47.808+0000] {logging_mixin.py:190} INFO - [2025-03-21T22:21:47.808+0000] {dagbag.py:588} INFO - Filling up the DagBag from /home/usmail/sys_fraud/sys_detection_frauds/lib/python3.12/site-packages/airflow/example_dags/plugins/event_listener.py
[2025-03-21T22:21:47.812+0000] {processor.py:927} WARNING - No viable dags retrieved from /home/usmail/sys_fraud/sys_detection_frauds/lib/python3.12/site-packages/airflow/example_dags/plugins/event_listener.py
[2025-03-21T22:21:47.826+0000] {processor.py:208} INFO - Processing /home/usmail/sys_fraud/sys_detection_frauds/lib/python3.12/site-packages/airflow/example_dags/plugins/event_listener.py took 0.041 seconds
