[2025-03-21T20:49:26.077+0000] {processor.py:186} INFO - Started process (PID=3722832) to work on /home/usmail/sys_fraud/sys_detection_frauds/lib/python3.12/site-packages/airflow/example_dags/plugins/listener_plugin.py
[2025-03-21T20:49:26.077+0000] {processor.py:914} INFO - Processing file /home/usmail/sys_fraud/sys_detection_frauds/lib/python3.12/site-packages/airflow/example_dags/plugins/listener_plugin.py for tasks to queue
[2025-03-21T20:49:26.078+0000] {logging_mixin.py:190} INFO - [2025-03-21T20:49:26.078+0000] {dagbag.py:588} INFO - Filling up the DagBag from /home/usmail/sys_fraud/sys_detection_frauds/lib/python3.12/site-packages/airflow/example_dags/plugins/listener_plugin.py
[2025-03-21T20:49:26.079+0000] {processor.py:927} WARNING - No viable dags retrieved from /home/usmail/sys_fraud/sys_detection_frauds/lib/python3.12/site-packages/airflow/example_dags/plugins/listener_plugin.py
[2025-03-21T20:49:26.087+0000] {processor.py:208} INFO - Processing /home/usmail/sys_fraud/sys_detection_frauds/lib/python3.12/site-packages/airflow/example_dags/plugins/listener_plugin.py took 0.014 seconds
[2025-03-21T20:50:26.254+0000] {processor.py:186} INFO - Started process (PID=3723580) to work on /home/usmail/sys_fraud/sys_detection_frauds/lib/python3.12/site-packages/airflow/example_dags/plugins/listener_plugin.py
[2025-03-21T20:50:26.263+0000] {processor.py:914} INFO - Processing file /home/usmail/sys_fraud/sys_detection_frauds/lib/python3.12/site-packages/airflow/example_dags/plugins/listener_plugin.py for tasks to queue
[2025-03-21T20:50:26.265+0000] {logging_mixin.py:190} INFO - [2025-03-21T20:50:26.265+0000] {dagbag.py:588} INFO - Filling up the DagBag from /home/usmail/sys_fraud/sys_detection_frauds/lib/python3.12/site-packages/airflow/example_dags/plugins/listener_plugin.py
[2025-03-21T20:50:26.267+0000] {processor.py:927} WARNING - No viable dags retrieved from /home/usmail/sys_fraud/sys_detection_frauds/lib/python3.12/site-packages/airflow/example_dags/plugins/listener_plugin.py
[2025-03-21T20:50:26.275+0000] {processor.py:208} INFO - Processing /home/usmail/sys_fraud/sys_detection_frauds/lib/python3.12/site-packages/airflow/example_dags/plugins/listener_plugin.py took 0.025 seconds
[2025-03-21T20:51:22.572+0000] {processor.py:186} INFO - Started process (PID=3724272) to work on /home/usmail/sys_fraud/sys_detection_frauds/lib/python3.12/site-packages/airflow/example_dags/plugins/listener_plugin.py
[2025-03-21T20:51:22.580+0000] {processor.py:914} INFO - Processing file /home/usmail/sys_fraud/sys_detection_frauds/lib/python3.12/site-packages/airflow/example_dags/plugins/listener_plugin.py for tasks to queue
[2025-03-21T20:51:22.582+0000] {logging_mixin.py:190} INFO - [2025-03-21T20:51:22.582+0000] {dagbag.py:588} INFO - Filling up the DagBag from /home/usmail/sys_fraud/sys_detection_frauds/lib/python3.12/site-packages/airflow/example_dags/plugins/listener_plugin.py
[2025-03-21T20:51:22.584+0000] {processor.py:927} WARNING - No viable dags retrieved from /home/usmail/sys_fraud/sys_detection_frauds/lib/python3.12/site-packages/airflow/example_dags/plugins/listener_plugin.py
[2025-03-21T20:51:22.591+0000] {processor.py:208} INFO - Processing /home/usmail/sys_fraud/sys_detection_frauds/lib/python3.12/site-packages/airflow/example_dags/plugins/listener_plugin.py took 0.023 seconds
[2025-03-21T20:52:12.746+0000] {processor.py:186} INFO - Started process (PID=3724901) to work on /home/usmail/sys_fraud/sys_detection_frauds/lib/python3.12/site-packages/airflow/example_dags/plugins/listener_plugin.py
[2025-03-21T20:52:12.755+0000] {processor.py:914} INFO - Processing file /home/usmail/sys_fraud/sys_detection_frauds/lib/python3.12/site-packages/airflow/example_dags/plugins/listener_plugin.py for tasks to queue
[2025-03-21T20:52:12.758+0000] {logging_mixin.py:190} INFO - [2025-03-21T20:52:12.757+0000] {dagbag.py:588} INFO - Filling up the DagBag from /home/usmail/sys_fraud/sys_detection_frauds/lib/python3.12/site-packages/airflow/example_dags/plugins/listener_plugin.py
[2025-03-21T20:52:12.762+0000] {processor.py:927} WARNING - No viable dags retrieved from /home/usmail/sys_fraud/sys_detection_frauds/lib/python3.12/site-packages/airflow/example_dags/plugins/listener_plugin.py
[2025-03-21T20:52:12.770+0000] {processor.py:208} INFO - Processing /home/usmail/sys_fraud/sys_detection_frauds/lib/python3.12/site-packages/airflow/example_dags/plugins/listener_plugin.py took 0.029 seconds
[2025-03-21T20:53:04.606+0000] {processor.py:186} INFO - Started process (PID=3725463) to work on /home/usmail/sys_fraud/sys_detection_frauds/lib/python3.12/site-packages/airflow/example_dags/plugins/listener_plugin.py
[2025-03-21T20:53:04.617+0000] {processor.py:914} INFO - Processing file /home/usmail/sys_fraud/sys_detection_frauds/lib/python3.12/site-packages/airflow/example_dags/plugins/listener_plugin.py for tasks to queue
[2025-03-21T20:53:04.620+0000] {logging_mixin.py:190} INFO - [2025-03-21T20:53:04.620+0000] {dagbag.py:588} INFO - Filling up the DagBag from /home/usmail/sys_fraud/sys_detection_frauds/lib/python3.12/site-packages/airflow/example_dags/plugins/listener_plugin.py
[2025-03-21T20:53:04.623+0000] {processor.py:927} WARNING - No viable dags retrieved from /home/usmail/sys_fraud/sys_detection_frauds/lib/python3.12/site-packages/airflow/example_dags/plugins/listener_plugin.py
[2025-03-21T20:53:04.631+0000] {processor.py:208} INFO - Processing /home/usmail/sys_fraud/sys_detection_frauds/lib/python3.12/site-packages/airflow/example_dags/plugins/listener_plugin.py took 0.032 seconds
[2025-03-21T20:53:58.818+0000] {processor.py:186} INFO - Started process (PID=3726154) to work on /home/usmail/sys_fraud/sys_detection_frauds/lib/python3.12/site-packages/airflow/example_dags/plugins/listener_plugin.py
[2025-03-21T20:53:58.827+0000] {processor.py:914} INFO - Processing file /home/usmail/sys_fraud/sys_detection_frauds/lib/python3.12/site-packages/airflow/example_dags/plugins/listener_plugin.py for tasks to queue
[2025-03-21T20:53:58.829+0000] {logging_mixin.py:190} INFO - [2025-03-21T20:53:58.829+0000] {dagbag.py:588} INFO - Filling up the DagBag from /home/usmail/sys_fraud/sys_detection_frauds/lib/python3.12/site-packages/airflow/example_dags/plugins/listener_plugin.py
[2025-03-21T20:53:58.831+0000] {processor.py:927} WARNING - No viable dags retrieved from /home/usmail/sys_fraud/sys_detection_frauds/lib/python3.12/site-packages/airflow/example_dags/plugins/listener_plugin.py
[2025-03-21T20:53:58.840+0000] {processor.py:208} INFO - Processing /home/usmail/sys_fraud/sys_detection_frauds/lib/python3.12/site-packages/airflow/example_dags/plugins/listener_plugin.py took 0.028 seconds
[2025-03-21T20:54:51.833+0000] {processor.py:186} INFO - Started process (PID=3726820) to work on /home/usmail/sys_fraud/sys_detection_frauds/lib/python3.12/site-packages/airflow/example_dags/plugins/listener_plugin.py
[2025-03-21T20:54:51.842+0000] {processor.py:914} INFO - Processing file /home/usmail/sys_fraud/sys_detection_frauds/lib/python3.12/site-packages/airflow/example_dags/plugins/listener_plugin.py for tasks to queue
[2025-03-21T20:54:51.845+0000] {logging_mixin.py:190} INFO - [2025-03-21T20:54:51.844+0000] {dagbag.py:588} INFO - Filling up the DagBag from /home/usmail/sys_fraud/sys_detection_frauds/lib/python3.12/site-packages/airflow/example_dags/plugins/listener_plugin.py
[2025-03-21T20:54:51.849+0000] {processor.py:927} WARNING - No viable dags retrieved from /home/usmail/sys_fraud/sys_detection_frauds/lib/python3.12/site-packages/airflow/example_dags/plugins/listener_plugin.py
[2025-03-21T20:54:51.856+0000] {processor.py:208} INFO - Processing /home/usmail/sys_fraud/sys_detection_frauds/lib/python3.12/site-packages/airflow/example_dags/plugins/listener_plugin.py took 0.028 seconds
[2025-03-21T20:55:41.612+0000] {processor.py:186} INFO - Started process (PID=3727419) to work on /home/usmail/sys_fraud/sys_detection_frauds/lib/python3.12/site-packages/airflow/example_dags/plugins/listener_plugin.py
[2025-03-21T20:55:41.621+0000] {processor.py:914} INFO - Processing file /home/usmail/sys_fraud/sys_detection_frauds/lib/python3.12/site-packages/airflow/example_dags/plugins/listener_plugin.py for tasks to queue
[2025-03-21T20:55:41.624+0000] {logging_mixin.py:190} INFO - [2025-03-21T20:55:41.623+0000] {dagbag.py:588} INFO - Filling up the DagBag from /home/usmail/sys_fraud/sys_detection_frauds/lib/python3.12/site-packages/airflow/example_dags/plugins/listener_plugin.py
[2025-03-21T20:55:41.626+0000] {processor.py:927} WARNING - No viable dags retrieved from /home/usmail/sys_fraud/sys_detection_frauds/lib/python3.12/site-packages/airflow/example_dags/plugins/listener_plugin.py
[2025-03-21T20:55:41.633+0000] {processor.py:208} INFO - Processing /home/usmail/sys_fraud/sys_detection_frauds/lib/python3.12/site-packages/airflow/example_dags/plugins/listener_plugin.py took 0.027 seconds
[2025-03-21T20:56:31.354+0000] {processor.py:186} INFO - Started process (PID=3728079) to work on /home/usmail/sys_fraud/sys_detection_frauds/lib/python3.12/site-packages/airflow/example_dags/plugins/listener_plugin.py
[2025-03-21T20:56:31.363+0000] {processor.py:914} INFO - Processing file /home/usmail/sys_fraud/sys_detection_frauds/lib/python3.12/site-packages/airflow/example_dags/plugins/listener_plugin.py for tasks to queue
[2025-03-21T20:56:31.365+0000] {logging_mixin.py:190} INFO - [2025-03-21T20:56:31.365+0000] {dagbag.py:588} INFO - Filling up the DagBag from /home/usmail/sys_fraud/sys_detection_frauds/lib/python3.12/site-packages/airflow/example_dags/plugins/listener_plugin.py
[2025-03-21T20:56:31.368+0000] {processor.py:927} WARNING - No viable dags retrieved from /home/usmail/sys_fraud/sys_detection_frauds/lib/python3.12/site-packages/airflow/example_dags/plugins/listener_plugin.py
[2025-03-21T20:56:31.375+0000] {processor.py:208} INFO - Processing /home/usmail/sys_fraud/sys_detection_frauds/lib/python3.12/site-packages/airflow/example_dags/plugins/listener_plugin.py took 0.027 seconds
[2025-03-21T20:57:26.448+0000] {processor.py:186} INFO - Started process (PID=3728914) to work on /home/usmail/sys_fraud/sys_detection_frauds/lib/python3.12/site-packages/airflow/example_dags/plugins/listener_plugin.py
[2025-03-21T20:57:26.457+0000] {processor.py:914} INFO - Processing file /home/usmail/sys_fraud/sys_detection_frauds/lib/python3.12/site-packages/airflow/example_dags/plugins/listener_plugin.py for tasks to queue
[2025-03-21T20:57:26.460+0000] {logging_mixin.py:190} INFO - [2025-03-21T20:57:26.459+0000] {dagbag.py:588} INFO - Filling up the DagBag from /home/usmail/sys_fraud/sys_detection_frauds/lib/python3.12/site-packages/airflow/example_dags/plugins/listener_plugin.py
[2025-03-21T20:57:26.463+0000] {processor.py:927} WARNING - No viable dags retrieved from /home/usmail/sys_fraud/sys_detection_frauds/lib/python3.12/site-packages/airflow/example_dags/plugins/listener_plugin.py
[2025-03-21T20:57:26.471+0000] {processor.py:208} INFO - Processing /home/usmail/sys_fraud/sys_detection_frauds/lib/python3.12/site-packages/airflow/example_dags/plugins/listener_plugin.py took 0.028 seconds
[2025-03-21T20:58:17.583+0000] {processor.py:186} INFO - Started process (PID=3729456) to work on /home/usmail/sys_fraud/sys_detection_frauds/lib/python3.12/site-packages/airflow/example_dags/plugins/listener_plugin.py
[2025-03-21T20:58:17.592+0000] {processor.py:914} INFO - Processing file /home/usmail/sys_fraud/sys_detection_frauds/lib/python3.12/site-packages/airflow/example_dags/plugins/listener_plugin.py for tasks to queue
[2025-03-21T20:58:17.593+0000] {logging_mixin.py:190} INFO - [2025-03-21T20:58:17.593+0000] {dagbag.py:588} INFO - Filling up the DagBag from /home/usmail/sys_fraud/sys_detection_frauds/lib/python3.12/site-packages/airflow/example_dags/plugins/listener_plugin.py
[2025-03-21T20:58:17.595+0000] {processor.py:927} WARNING - No viable dags retrieved from /home/usmail/sys_fraud/sys_detection_frauds/lib/python3.12/site-packages/airflow/example_dags/plugins/listener_plugin.py
[2025-03-21T20:58:17.601+0000] {processor.py:208} INFO - Processing /home/usmail/sys_fraud/sys_detection_frauds/lib/python3.12/site-packages/airflow/example_dags/plugins/listener_plugin.py took 0.022 seconds
[2025-03-21T20:59:20.925+0000] {processor.py:186} INFO - Started process (PID=3730334) to work on /home/usmail/sys_fraud/sys_detection_frauds/lib/python3.12/site-packages/airflow/example_dags/plugins/listener_plugin.py
[2025-03-21T20:59:20.931+0000] {processor.py:914} INFO - Processing file /home/usmail/sys_fraud/sys_detection_frauds/lib/python3.12/site-packages/airflow/example_dags/plugins/listener_plugin.py for tasks to queue
[2025-03-21T20:59:20.934+0000] {logging_mixin.py:190} INFO - [2025-03-21T20:59:20.934+0000] {dagbag.py:588} INFO - Filling up the DagBag from /home/usmail/sys_fraud/sys_detection_frauds/lib/python3.12/site-packages/airflow/example_dags/plugins/listener_plugin.py
[2025-03-21T20:59:20.937+0000] {processor.py:927} WARNING - No viable dags retrieved from /home/usmail/sys_fraud/sys_detection_frauds/lib/python3.12/site-packages/airflow/example_dags/plugins/listener_plugin.py
[2025-03-21T20:59:20.946+0000] {processor.py:208} INFO - Processing /home/usmail/sys_fraud/sys_detection_frauds/lib/python3.12/site-packages/airflow/example_dags/plugins/listener_plugin.py took 0.025 seconds
[2025-03-21T21:00:16.181+0000] {processor.py:186} INFO - Started process (PID=3731100) to work on /home/usmail/sys_fraud/sys_detection_frauds/lib/python3.12/site-packages/airflow/example_dags/plugins/listener_plugin.py
[2025-03-21T21:00:16.189+0000] {processor.py:914} INFO - Processing file /home/usmail/sys_fraud/sys_detection_frauds/lib/python3.12/site-packages/airflow/example_dags/plugins/listener_plugin.py for tasks to queue
[2025-03-21T21:00:16.190+0000] {logging_mixin.py:190} INFO - [2025-03-21T21:00:16.190+0000] {dagbag.py:588} INFO - Filling up the DagBag from /home/usmail/sys_fraud/sys_detection_frauds/lib/python3.12/site-packages/airflow/example_dags/plugins/listener_plugin.py
[2025-03-21T21:00:16.192+0000] {processor.py:927} WARNING - No viable dags retrieved from /home/usmail/sys_fraud/sys_detection_frauds/lib/python3.12/site-packages/airflow/example_dags/plugins/listener_plugin.py
[2025-03-21T21:00:16.200+0000] {processor.py:208} INFO - Processing /home/usmail/sys_fraud/sys_detection_frauds/lib/python3.12/site-packages/airflow/example_dags/plugins/listener_plugin.py took 0.022 seconds
[2025-03-21T21:01:11.474+0000] {processor.py:186} INFO - Started process (PID=3731786) to work on /home/usmail/sys_fraud/sys_detection_frauds/lib/python3.12/site-packages/airflow/example_dags/plugins/listener_plugin.py
[2025-03-21T21:01:11.483+0000] {processor.py:914} INFO - Processing file /home/usmail/sys_fraud/sys_detection_frauds/lib/python3.12/site-packages/airflow/example_dags/plugins/listener_plugin.py for tasks to queue
[2025-03-21T21:01:11.485+0000] {logging_mixin.py:190} INFO - [2025-03-21T21:01:11.485+0000] {dagbag.py:588} INFO - Filling up the DagBag from /home/usmail/sys_fraud/sys_detection_frauds/lib/python3.12/site-packages/airflow/example_dags/plugins/listener_plugin.py
[2025-03-21T21:01:11.488+0000] {processor.py:927} WARNING - No viable dags retrieved from /home/usmail/sys_fraud/sys_detection_frauds/lib/python3.12/site-packages/airflow/example_dags/plugins/listener_plugin.py
[2025-03-21T21:01:11.496+0000] {processor.py:208} INFO - Processing /home/usmail/sys_fraud/sys_detection_frauds/lib/python3.12/site-packages/airflow/example_dags/plugins/listener_plugin.py took 0.028 seconds
[2025-03-21T21:02:03.693+0000] {processor.py:186} INFO - Started process (PID=3732443) to work on /home/usmail/sys_fraud/sys_detection_frauds/lib/python3.12/site-packages/airflow/example_dags/plugins/listener_plugin.py
[2025-03-21T21:02:03.702+0000] {processor.py:914} INFO - Processing file /home/usmail/sys_fraud/sys_detection_frauds/lib/python3.12/site-packages/airflow/example_dags/plugins/listener_plugin.py for tasks to queue
[2025-03-21T21:02:03.703+0000] {logging_mixin.py:190} INFO - [2025-03-21T21:02:03.703+0000] {dagbag.py:588} INFO - Filling up the DagBag from /home/usmail/sys_fraud/sys_detection_frauds/lib/python3.12/site-packages/airflow/example_dags/plugins/listener_plugin.py
[2025-03-21T21:02:03.704+0000] {processor.py:927} WARNING - No viable dags retrieved from /home/usmail/sys_fraud/sys_detection_frauds/lib/python3.12/site-packages/airflow/example_dags/plugins/listener_plugin.py
[2025-03-21T21:02:03.710+0000] {processor.py:208} INFO - Processing /home/usmail/sys_fraud/sys_detection_frauds/lib/python3.12/site-packages/airflow/example_dags/plugins/listener_plugin.py took 0.021 seconds
[2025-03-21T21:02:58.589+0000] {processor.py:186} INFO - Started process (PID=3733075) to work on /home/usmail/sys_fraud/sys_detection_frauds/lib/python3.12/site-packages/airflow/example_dags/plugins/listener_plugin.py
[2025-03-21T21:02:58.597+0000] {processor.py:914} INFO - Processing file /home/usmail/sys_fraud/sys_detection_frauds/lib/python3.12/site-packages/airflow/example_dags/plugins/listener_plugin.py for tasks to queue
[2025-03-21T21:02:58.599+0000] {logging_mixin.py:190} INFO - [2025-03-21T21:02:58.598+0000] {dagbag.py:588} INFO - Filling up the DagBag from /home/usmail/sys_fraud/sys_detection_frauds/lib/python3.12/site-packages/airflow/example_dags/plugins/listener_plugin.py
[2025-03-21T21:02:58.600+0000] {processor.py:927} WARNING - No viable dags retrieved from /home/usmail/sys_fraud/sys_detection_frauds/lib/python3.12/site-packages/airflow/example_dags/plugins/listener_plugin.py
[2025-03-21T21:02:58.607+0000] {processor.py:208} INFO - Processing /home/usmail/sys_fraud/sys_detection_frauds/lib/python3.12/site-packages/airflow/example_dags/plugins/listener_plugin.py took 0.022 seconds
[2025-03-21T21:03:51.045+0000] {processor.py:186} INFO - Started process (PID=3733807) to work on /home/usmail/sys_fraud/sys_detection_frauds/lib/python3.12/site-packages/airflow/example_dags/plugins/listener_plugin.py
[2025-03-21T21:03:51.054+0000] {processor.py:914} INFO - Processing file /home/usmail/sys_fraud/sys_detection_frauds/lib/python3.12/site-packages/airflow/example_dags/plugins/listener_plugin.py for tasks to queue
[2025-03-21T21:03:51.056+0000] {logging_mixin.py:190} INFO - [2025-03-21T21:03:51.056+0000] {dagbag.py:588} INFO - Filling up the DagBag from /home/usmail/sys_fraud/sys_detection_frauds/lib/python3.12/site-packages/airflow/example_dags/plugins/listener_plugin.py
[2025-03-21T21:03:51.060+0000] {processor.py:927} WARNING - No viable dags retrieved from /home/usmail/sys_fraud/sys_detection_frauds/lib/python3.12/site-packages/airflow/example_dags/plugins/listener_plugin.py
[2025-03-21T21:03:51.069+0000] {processor.py:208} INFO - Processing /home/usmail/sys_fraud/sys_detection_frauds/lib/python3.12/site-packages/airflow/example_dags/plugins/listener_plugin.py took 0.031 seconds
[2025-03-21T21:04:48.898+0000] {processor.py:186} INFO - Started process (PID=3734616) to work on /home/usmail/sys_fraud/sys_detection_frauds/lib/python3.12/site-packages/airflow/example_dags/plugins/listener_plugin.py
[2025-03-21T21:04:48.906+0000] {processor.py:914} INFO - Processing file /home/usmail/sys_fraud/sys_detection_frauds/lib/python3.12/site-packages/airflow/example_dags/plugins/listener_plugin.py for tasks to queue
[2025-03-21T21:04:48.908+0000] {logging_mixin.py:190} INFO - [2025-03-21T21:04:48.908+0000] {dagbag.py:588} INFO - Filling up the DagBag from /home/usmail/sys_fraud/sys_detection_frauds/lib/python3.12/site-packages/airflow/example_dags/plugins/listener_plugin.py
[2025-03-21T21:04:48.911+0000] {processor.py:927} WARNING - No viable dags retrieved from /home/usmail/sys_fraud/sys_detection_frauds/lib/python3.12/site-packages/airflow/example_dags/plugins/listener_plugin.py
[2025-03-21T21:04:48.918+0000] {processor.py:208} INFO - Processing /home/usmail/sys_fraud/sys_detection_frauds/lib/python3.12/site-packages/airflow/example_dags/plugins/listener_plugin.py took 0.027 seconds
[2025-03-21T21:05:41.677+0000] {processor.py:186} INFO - Started process (PID=3735460) to work on /home/usmail/sys_fraud/sys_detection_frauds/lib/python3.12/site-packages/airflow/example_dags/plugins/listener_plugin.py
[2025-03-21T21:05:41.685+0000] {processor.py:914} INFO - Processing file /home/usmail/sys_fraud/sys_detection_frauds/lib/python3.12/site-packages/airflow/example_dags/plugins/listener_plugin.py for tasks to queue
[2025-03-21T21:05:41.689+0000] {logging_mixin.py:190} INFO - [2025-03-21T21:05:41.688+0000] {dagbag.py:588} INFO - Filling up the DagBag from /home/usmail/sys_fraud/sys_detection_frauds/lib/python3.12/site-packages/airflow/example_dags/plugins/listener_plugin.py
[2025-03-21T21:05:41.691+0000] {processor.py:927} WARNING - No viable dags retrieved from /home/usmail/sys_fraud/sys_detection_frauds/lib/python3.12/site-packages/airflow/example_dags/plugins/listener_plugin.py
[2025-03-21T21:05:41.698+0000] {processor.py:208} INFO - Processing /home/usmail/sys_fraud/sys_detection_frauds/lib/python3.12/site-packages/airflow/example_dags/plugins/listener_plugin.py took 0.031 seconds
[2025-03-21T21:06:34.829+0000] {processor.py:186} INFO - Started process (PID=3736734) to work on /home/usmail/sys_fraud/sys_detection_frauds/lib/python3.12/site-packages/airflow/example_dags/plugins/listener_plugin.py
[2025-03-21T21:06:34.837+0000] {processor.py:914} INFO - Processing file /home/usmail/sys_fraud/sys_detection_frauds/lib/python3.12/site-packages/airflow/example_dags/plugins/listener_plugin.py for tasks to queue
[2025-03-21T21:06:34.838+0000] {logging_mixin.py:190} INFO - [2025-03-21T21:06:34.838+0000] {dagbag.py:588} INFO - Filling up the DagBag from /home/usmail/sys_fraud/sys_detection_frauds/lib/python3.12/site-packages/airflow/example_dags/plugins/listener_plugin.py
[2025-03-21T21:06:34.839+0000] {processor.py:927} WARNING - No viable dags retrieved from /home/usmail/sys_fraud/sys_detection_frauds/lib/python3.12/site-packages/airflow/example_dags/plugins/listener_plugin.py
[2025-03-21T21:06:34.845+0000] {processor.py:208} INFO - Processing /home/usmail/sys_fraud/sys_detection_frauds/lib/python3.12/site-packages/airflow/example_dags/plugins/listener_plugin.py took 0.021 seconds
[2025-03-21T21:07:25.437+0000] {processor.py:186} INFO - Started process (PID=3737405) to work on /home/usmail/sys_fraud/sys_detection_frauds/lib/python3.12/site-packages/airflow/example_dags/plugins/listener_plugin.py
[2025-03-21T21:07:25.446+0000] {processor.py:914} INFO - Processing file /home/usmail/sys_fraud/sys_detection_frauds/lib/python3.12/site-packages/airflow/example_dags/plugins/listener_plugin.py for tasks to queue
[2025-03-21T21:07:25.449+0000] {logging_mixin.py:190} INFO - [2025-03-21T21:07:25.448+0000] {dagbag.py:588} INFO - Filling up the DagBag from /home/usmail/sys_fraud/sys_detection_frauds/lib/python3.12/site-packages/airflow/example_dags/plugins/listener_plugin.py
[2025-03-21T21:07:25.451+0000] {processor.py:927} WARNING - No viable dags retrieved from /home/usmail/sys_fraud/sys_detection_frauds/lib/python3.12/site-packages/airflow/example_dags/plugins/listener_plugin.py
[2025-03-21T21:07:25.458+0000] {processor.py:208} INFO - Processing /home/usmail/sys_fraud/sys_detection_frauds/lib/python3.12/site-packages/airflow/example_dags/plugins/listener_plugin.py took 0.030 seconds
[2025-03-21T21:08:20.204+0000] {processor.py:186} INFO - Started process (PID=3738160) to work on /home/usmail/sys_fraud/sys_detection_frauds/lib/python3.12/site-packages/airflow/example_dags/plugins/listener_plugin.py
[2025-03-21T21:08:20.213+0000] {processor.py:914} INFO - Processing file /home/usmail/sys_fraud/sys_detection_frauds/lib/python3.12/site-packages/airflow/example_dags/plugins/listener_plugin.py for tasks to queue
[2025-03-21T21:08:20.216+0000] {logging_mixin.py:190} INFO - [2025-03-21T21:08:20.216+0000] {dagbag.py:588} INFO - Filling up the DagBag from /home/usmail/sys_fraud/sys_detection_frauds/lib/python3.12/site-packages/airflow/example_dags/plugins/listener_plugin.py
[2025-03-21T21:08:20.220+0000] {processor.py:927} WARNING - No viable dags retrieved from /home/usmail/sys_fraud/sys_detection_frauds/lib/python3.12/site-packages/airflow/example_dags/plugins/listener_plugin.py
[2025-03-21T21:08:20.234+0000] {processor.py:208} INFO - Processing /home/usmail/sys_fraud/sys_detection_frauds/lib/python3.12/site-packages/airflow/example_dags/plugins/listener_plugin.py took 0.043 seconds
[2025-03-21T21:09:17.743+0000] {processor.py:186} INFO - Started process (PID=3738939) to work on /home/usmail/sys_fraud/sys_detection_frauds/lib/python3.12/site-packages/airflow/example_dags/plugins/listener_plugin.py
[2025-03-21T21:09:17.751+0000] {processor.py:914} INFO - Processing file /home/usmail/sys_fraud/sys_detection_frauds/lib/python3.12/site-packages/airflow/example_dags/plugins/listener_plugin.py for tasks to queue
[2025-03-21T21:09:17.753+0000] {logging_mixin.py:190} INFO - [2025-03-21T21:09:17.753+0000] {dagbag.py:588} INFO - Filling up the DagBag from /home/usmail/sys_fraud/sys_detection_frauds/lib/python3.12/site-packages/airflow/example_dags/plugins/listener_plugin.py
[2025-03-21T21:09:17.755+0000] {processor.py:927} WARNING - No viable dags retrieved from /home/usmail/sys_fraud/sys_detection_frauds/lib/python3.12/site-packages/airflow/example_dags/plugins/listener_plugin.py
[2025-03-21T21:09:17.762+0000] {processor.py:208} INFO - Processing /home/usmail/sys_fraud/sys_detection_frauds/lib/python3.12/site-packages/airflow/example_dags/plugins/listener_plugin.py took 0.025 seconds
[2025-03-21T21:10:11.553+0000] {processor.py:186} INFO - Started process (PID=3739620) to work on /home/usmail/sys_fraud/sys_detection_frauds/lib/python3.12/site-packages/airflow/example_dags/plugins/listener_plugin.py
[2025-03-21T21:10:11.562+0000] {processor.py:914} INFO - Processing file /home/usmail/sys_fraud/sys_detection_frauds/lib/python3.12/site-packages/airflow/example_dags/plugins/listener_plugin.py for tasks to queue
[2025-03-21T21:10:11.566+0000] {logging_mixin.py:190} INFO - [2025-03-21T21:10:11.565+0000] {dagbag.py:588} INFO - Filling up the DagBag from /home/usmail/sys_fraud/sys_detection_frauds/lib/python3.12/site-packages/airflow/example_dags/plugins/listener_plugin.py
[2025-03-21T21:10:11.569+0000] {processor.py:927} WARNING - No viable dags retrieved from /home/usmail/sys_fraud/sys_detection_frauds/lib/python3.12/site-packages/airflow/example_dags/plugins/listener_plugin.py
[2025-03-21T21:10:11.585+0000] {processor.py:208} INFO - Processing /home/usmail/sys_fraud/sys_detection_frauds/lib/python3.12/site-packages/airflow/example_dags/plugins/listener_plugin.py took 0.042 seconds
[2025-03-21T21:11:11.296+0000] {processor.py:186} INFO - Started process (PID=3741348) to work on /home/usmail/sys_fraud/sys_detection_frauds/lib/python3.12/site-packages/airflow/example_dags/plugins/listener_plugin.py
[2025-03-21T21:11:11.305+0000] {processor.py:914} INFO - Processing file /home/usmail/sys_fraud/sys_detection_frauds/lib/python3.12/site-packages/airflow/example_dags/plugins/listener_plugin.py for tasks to queue
[2025-03-21T21:11:11.306+0000] {logging_mixin.py:190} INFO - [2025-03-21T21:11:11.306+0000] {dagbag.py:588} INFO - Filling up the DagBag from /home/usmail/sys_fraud/sys_detection_frauds/lib/python3.12/site-packages/airflow/example_dags/plugins/listener_plugin.py
[2025-03-21T21:11:11.308+0000] {processor.py:927} WARNING - No viable dags retrieved from /home/usmail/sys_fraud/sys_detection_frauds/lib/python3.12/site-packages/airflow/example_dags/plugins/listener_plugin.py
[2025-03-21T21:11:11.315+0000] {processor.py:208} INFO - Processing /home/usmail/sys_fraud/sys_detection_frauds/lib/python3.12/site-packages/airflow/example_dags/plugins/listener_plugin.py took 0.024 seconds
[2025-03-21T21:12:06.877+0000] {processor.py:186} INFO - Started process (PID=3742442) to work on /home/usmail/sys_fraud/sys_detection_frauds/lib/python3.12/site-packages/airflow/example_dags/plugins/listener_plugin.py
[2025-03-21T21:12:06.886+0000] {processor.py:914} INFO - Processing file /home/usmail/sys_fraud/sys_detection_frauds/lib/python3.12/site-packages/airflow/example_dags/plugins/listener_plugin.py for tasks to queue
[2025-03-21T21:12:06.887+0000] {logging_mixin.py:190} INFO - [2025-03-21T21:12:06.887+0000] {dagbag.py:588} INFO - Filling up the DagBag from /home/usmail/sys_fraud/sys_detection_frauds/lib/python3.12/site-packages/airflow/example_dags/plugins/listener_plugin.py
[2025-03-21T21:12:06.889+0000] {processor.py:927} WARNING - No viable dags retrieved from /home/usmail/sys_fraud/sys_detection_frauds/lib/python3.12/site-packages/airflow/example_dags/plugins/listener_plugin.py
[2025-03-21T21:12:06.897+0000] {processor.py:208} INFO - Processing /home/usmail/sys_fraud/sys_detection_frauds/lib/python3.12/site-packages/airflow/example_dags/plugins/listener_plugin.py took 0.025 seconds
[2025-03-21T21:12:59.607+0000] {processor.py:186} INFO - Started process (PID=3743419) to work on /home/usmail/sys_fraud/sys_detection_frauds/lib/python3.12/site-packages/airflow/example_dags/plugins/listener_plugin.py
[2025-03-21T21:12:59.616+0000] {processor.py:914} INFO - Processing file /home/usmail/sys_fraud/sys_detection_frauds/lib/python3.12/site-packages/airflow/example_dags/plugins/listener_plugin.py for tasks to queue
[2025-03-21T21:12:59.617+0000] {logging_mixin.py:190} INFO - [2025-03-21T21:12:59.617+0000] {dagbag.py:588} INFO - Filling up the DagBag from /home/usmail/sys_fraud/sys_detection_frauds/lib/python3.12/site-packages/airflow/example_dags/plugins/listener_plugin.py
[2025-03-21T21:12:59.619+0000] {processor.py:927} WARNING - No viable dags retrieved from /home/usmail/sys_fraud/sys_detection_frauds/lib/python3.12/site-packages/airflow/example_dags/plugins/listener_plugin.py
[2025-03-21T21:12:59.626+0000] {processor.py:208} INFO - Processing /home/usmail/sys_fraud/sys_detection_frauds/lib/python3.12/site-packages/airflow/example_dags/plugins/listener_plugin.py took 0.025 seconds
[2025-03-21T21:13:49.166+0000] {processor.py:186} INFO - Started process (PID=3744298) to work on /home/usmail/sys_fraud/sys_detection_frauds/lib/python3.12/site-packages/airflow/example_dags/plugins/listener_plugin.py
[2025-03-21T21:13:49.175+0000] {processor.py:914} INFO - Processing file /home/usmail/sys_fraud/sys_detection_frauds/lib/python3.12/site-packages/airflow/example_dags/plugins/listener_plugin.py for tasks to queue
[2025-03-21T21:13:49.176+0000] {logging_mixin.py:190} INFO - [2025-03-21T21:13:49.176+0000] {dagbag.py:588} INFO - Filling up the DagBag from /home/usmail/sys_fraud/sys_detection_frauds/lib/python3.12/site-packages/airflow/example_dags/plugins/listener_plugin.py
[2025-03-21T21:13:49.178+0000] {processor.py:927} WARNING - No viable dags retrieved from /home/usmail/sys_fraud/sys_detection_frauds/lib/python3.12/site-packages/airflow/example_dags/plugins/listener_plugin.py
[2025-03-21T21:13:49.185+0000] {processor.py:208} INFO - Processing /home/usmail/sys_fraud/sys_detection_frauds/lib/python3.12/site-packages/airflow/example_dags/plugins/listener_plugin.py took 0.024 seconds
[2025-03-21T21:14:46.388+0000] {processor.py:186} INFO - Started process (PID=3745105) to work on /home/usmail/sys_fraud/sys_detection_frauds/lib/python3.12/site-packages/airflow/example_dags/plugins/listener_plugin.py
[2025-03-21T21:14:46.397+0000] {processor.py:914} INFO - Processing file /home/usmail/sys_fraud/sys_detection_frauds/lib/python3.12/site-packages/airflow/example_dags/plugins/listener_plugin.py for tasks to queue
[2025-03-21T21:14:46.401+0000] {logging_mixin.py:190} INFO - [2025-03-21T21:14:46.400+0000] {dagbag.py:588} INFO - Filling up the DagBag from /home/usmail/sys_fraud/sys_detection_frauds/lib/python3.12/site-packages/airflow/example_dags/plugins/listener_plugin.py
[2025-03-21T21:14:46.404+0000] {processor.py:927} WARNING - No viable dags retrieved from /home/usmail/sys_fraud/sys_detection_frauds/lib/python3.12/site-packages/airflow/example_dags/plugins/listener_plugin.py
[2025-03-21T21:14:46.419+0000] {processor.py:208} INFO - Processing /home/usmail/sys_fraud/sys_detection_frauds/lib/python3.12/site-packages/airflow/example_dags/plugins/listener_plugin.py took 0.045 seconds
[2025-03-21T21:15:46.452+0000] {processor.py:186} INFO - Started process (PID=3745852) to work on /home/usmail/sys_fraud/sys_detection_frauds/lib/python3.12/site-packages/airflow/example_dags/plugins/listener_plugin.py
[2025-03-21T21:15:46.454+0000] {processor.py:914} INFO - Processing file /home/usmail/sys_fraud/sys_detection_frauds/lib/python3.12/site-packages/airflow/example_dags/plugins/listener_plugin.py for tasks to queue
[2025-03-21T21:15:46.457+0000] {logging_mixin.py:190} INFO - [2025-03-21T21:15:46.456+0000] {dagbag.py:588} INFO - Filling up the DagBag from /home/usmail/sys_fraud/sys_detection_frauds/lib/python3.12/site-packages/airflow/example_dags/plugins/listener_plugin.py
[2025-03-21T21:15:46.460+0000] {processor.py:927} WARNING - No viable dags retrieved from /home/usmail/sys_fraud/sys_detection_frauds/lib/python3.12/site-packages/airflow/example_dags/plugins/listener_plugin.py
[2025-03-21T21:15:46.474+0000] {processor.py:208} INFO - Processing /home/usmail/sys_fraud/sys_detection_frauds/lib/python3.12/site-packages/airflow/example_dags/plugins/listener_plugin.py took 0.034 seconds
[2025-03-21T21:16:50.155+0000] {processor.py:186} INFO - Started process (PID=3746652) to work on /home/usmail/sys_fraud/sys_detection_frauds/lib/python3.12/site-packages/airflow/example_dags/plugins/listener_plugin.py
[2025-03-21T21:16:50.164+0000] {processor.py:914} INFO - Processing file /home/usmail/sys_fraud/sys_detection_frauds/lib/python3.12/site-packages/airflow/example_dags/plugins/listener_plugin.py for tasks to queue
[2025-03-21T21:16:50.167+0000] {logging_mixin.py:190} INFO - [2025-03-21T21:16:50.166+0000] {dagbag.py:588} INFO - Filling up the DagBag from /home/usmail/sys_fraud/sys_detection_frauds/lib/python3.12/site-packages/airflow/example_dags/plugins/listener_plugin.py
[2025-03-21T21:16:50.170+0000] {processor.py:927} WARNING - No viable dags retrieved from /home/usmail/sys_fraud/sys_detection_frauds/lib/python3.12/site-packages/airflow/example_dags/plugins/listener_plugin.py
[2025-03-21T21:16:50.184+0000] {processor.py:208} INFO - Processing /home/usmail/sys_fraud/sys_detection_frauds/lib/python3.12/site-packages/airflow/example_dags/plugins/listener_plugin.py took 0.042 seconds
[2025-03-21T21:17:51.750+0000] {processor.py:186} INFO - Started process (PID=3747430) to work on /home/usmail/sys_fraud/sys_detection_frauds/lib/python3.12/site-packages/airflow/example_dags/plugins/listener_plugin.py
[2025-03-21T21:17:51.759+0000] {processor.py:914} INFO - Processing file /home/usmail/sys_fraud/sys_detection_frauds/lib/python3.12/site-packages/airflow/example_dags/plugins/listener_plugin.py for tasks to queue
[2025-03-21T21:17:51.763+0000] {logging_mixin.py:190} INFO - [2025-03-21T21:17:51.762+0000] {dagbag.py:588} INFO - Filling up the DagBag from /home/usmail/sys_fraud/sys_detection_frauds/lib/python3.12/site-packages/airflow/example_dags/plugins/listener_plugin.py
[2025-03-21T21:17:51.766+0000] {processor.py:927} WARNING - No viable dags retrieved from /home/usmail/sys_fraud/sys_detection_frauds/lib/python3.12/site-packages/airflow/example_dags/plugins/listener_plugin.py
[2025-03-21T21:17:51.780+0000] {processor.py:208} INFO - Processing /home/usmail/sys_fraud/sys_detection_frauds/lib/python3.12/site-packages/airflow/example_dags/plugins/listener_plugin.py took 0.042 seconds
[2025-03-21T21:18:27.106+0000] {processor.py:186} INFO - Started process (PID=3747858) to work on /home/usmail/sys_fraud/sys_detection_frauds/lib/python3.12/site-packages/airflow/example_dags/plugins/listener_plugin.py
[2025-03-21T21:18:27.116+0000] {processor.py:914} INFO - Processing file /home/usmail/sys_fraud/sys_detection_frauds/lib/python3.12/site-packages/airflow/example_dags/plugins/listener_plugin.py for tasks to queue
[2025-03-21T21:18:27.119+0000] {logging_mixin.py:190} INFO - [2025-03-21T21:18:27.118+0000] {dagbag.py:588} INFO - Filling up the DagBag from /home/usmail/sys_fraud/sys_detection_frauds/lib/python3.12/site-packages/airflow/example_dags/plugins/listener_plugin.py
[2025-03-21T21:18:27.122+0000] {processor.py:927} WARNING - No viable dags retrieved from /home/usmail/sys_fraud/sys_detection_frauds/lib/python3.12/site-packages/airflow/example_dags/plugins/listener_plugin.py
[2025-03-21T21:18:27.137+0000] {processor.py:208} INFO - Processing /home/usmail/sys_fraud/sys_detection_frauds/lib/python3.12/site-packages/airflow/example_dags/plugins/listener_plugin.py took 0.043 seconds
[2025-03-21T21:19:29.225+0000] {processor.py:186} INFO - Started process (PID=3748614) to work on /home/usmail/sys_fraud/sys_detection_frauds/lib/python3.12/site-packages/airflow/example_dags/plugins/listener_plugin.py
[2025-03-21T21:19:29.234+0000] {processor.py:914} INFO - Processing file /home/usmail/sys_fraud/sys_detection_frauds/lib/python3.12/site-packages/airflow/example_dags/plugins/listener_plugin.py for tasks to queue
[2025-03-21T21:19:29.238+0000] {logging_mixin.py:190} INFO - [2025-03-21T21:19:29.237+0000] {dagbag.py:588} INFO - Filling up the DagBag from /home/usmail/sys_fraud/sys_detection_frauds/lib/python3.12/site-packages/airflow/example_dags/plugins/listener_plugin.py
[2025-03-21T21:19:29.241+0000] {processor.py:927} WARNING - No viable dags retrieved from /home/usmail/sys_fraud/sys_detection_frauds/lib/python3.12/site-packages/airflow/example_dags/plugins/listener_plugin.py
[2025-03-21T21:19:29.255+0000] {processor.py:208} INFO - Processing /home/usmail/sys_fraud/sys_detection_frauds/lib/python3.12/site-packages/airflow/example_dags/plugins/listener_plugin.py took 0.042 seconds
[2025-03-21T21:20:33.058+0000] {processor.py:186} INFO - Started process (PID=3749387) to work on /home/usmail/sys_fraud/sys_detection_frauds/lib/python3.12/site-packages/airflow/example_dags/plugins/listener_plugin.py
[2025-03-21T21:20:33.067+0000] {processor.py:914} INFO - Processing file /home/usmail/sys_fraud/sys_detection_frauds/lib/python3.12/site-packages/airflow/example_dags/plugins/listener_plugin.py for tasks to queue
[2025-03-21T21:20:33.069+0000] {logging_mixin.py:190} INFO - [2025-03-21T21:20:33.069+0000] {dagbag.py:588} INFO - Filling up the DagBag from /home/usmail/sys_fraud/sys_detection_frauds/lib/python3.12/site-packages/airflow/example_dags/plugins/listener_plugin.py
[2025-03-21T21:20:33.071+0000] {processor.py:927} WARNING - No viable dags retrieved from /home/usmail/sys_fraud/sys_detection_frauds/lib/python3.12/site-packages/airflow/example_dags/plugins/listener_plugin.py
[2025-03-21T21:20:33.082+0000] {processor.py:208} INFO - Processing /home/usmail/sys_fraud/sys_detection_frauds/lib/python3.12/site-packages/airflow/example_dags/plugins/listener_plugin.py took 0.032 seconds
[2025-03-21T21:21:38.217+0000] {processor.py:186} INFO - Started process (PID=3750175) to work on /home/usmail/sys_fraud/sys_detection_frauds/lib/python3.12/site-packages/airflow/example_dags/plugins/listener_plugin.py
[2025-03-21T21:21:38.226+0000] {processor.py:914} INFO - Processing file /home/usmail/sys_fraud/sys_detection_frauds/lib/python3.12/site-packages/airflow/example_dags/plugins/listener_plugin.py for tasks to queue
[2025-03-21T21:21:38.228+0000] {logging_mixin.py:190} INFO - [2025-03-21T21:21:38.227+0000] {dagbag.py:588} INFO - Filling up the DagBag from /home/usmail/sys_fraud/sys_detection_frauds/lib/python3.12/site-packages/airflow/example_dags/plugins/listener_plugin.py
[2025-03-21T21:21:38.229+0000] {processor.py:927} WARNING - No viable dags retrieved from /home/usmail/sys_fraud/sys_detection_frauds/lib/python3.12/site-packages/airflow/example_dags/plugins/listener_plugin.py
[2025-03-21T21:21:38.236+0000] {processor.py:208} INFO - Processing /home/usmail/sys_fraud/sys_detection_frauds/lib/python3.12/site-packages/airflow/example_dags/plugins/listener_plugin.py took 0.025 seconds
[2025-03-21T21:22:46.067+0000] {processor.py:186} INFO - Started process (PID=3751033) to work on /home/usmail/sys_fraud/sys_detection_frauds/lib/python3.12/site-packages/airflow/example_dags/plugins/listener_plugin.py
[2025-03-21T21:22:46.076+0000] {processor.py:914} INFO - Processing file /home/usmail/sys_fraud/sys_detection_frauds/lib/python3.12/site-packages/airflow/example_dags/plugins/listener_plugin.py for tasks to queue
[2025-03-21T21:22:46.078+0000] {logging_mixin.py:190} INFO - [2025-03-21T21:22:46.078+0000] {dagbag.py:588} INFO - Filling up the DagBag from /home/usmail/sys_fraud/sys_detection_frauds/lib/python3.12/site-packages/airflow/example_dags/plugins/listener_plugin.py
[2025-03-21T21:22:46.080+0000] {processor.py:927} WARNING - No viable dags retrieved from /home/usmail/sys_fraud/sys_detection_frauds/lib/python3.12/site-packages/airflow/example_dags/plugins/listener_plugin.py
[2025-03-21T21:22:46.089+0000] {processor.py:208} INFO - Processing /home/usmail/sys_fraud/sys_detection_frauds/lib/python3.12/site-packages/airflow/example_dags/plugins/listener_plugin.py took 0.029 seconds
[2025-03-21T21:23:47.301+0000] {processor.py:186} INFO - Started process (PID=3751762) to work on /home/usmail/sys_fraud/sys_detection_frauds/lib/python3.12/site-packages/airflow/example_dags/plugins/listener_plugin.py
[2025-03-21T21:23:47.309+0000] {processor.py:914} INFO - Processing file /home/usmail/sys_fraud/sys_detection_frauds/lib/python3.12/site-packages/airflow/example_dags/plugins/listener_plugin.py for tasks to queue
[2025-03-21T21:23:47.312+0000] {logging_mixin.py:190} INFO - [2025-03-21T21:23:47.311+0000] {dagbag.py:588} INFO - Filling up the DagBag from /home/usmail/sys_fraud/sys_detection_frauds/lib/python3.12/site-packages/airflow/example_dags/plugins/listener_plugin.py
[2025-03-21T21:23:47.313+0000] {processor.py:927} WARNING - No viable dags retrieved from /home/usmail/sys_fraud/sys_detection_frauds/lib/python3.12/site-packages/airflow/example_dags/plugins/listener_plugin.py
[2025-03-21T21:23:47.320+0000] {processor.py:208} INFO - Processing /home/usmail/sys_fraud/sys_detection_frauds/lib/python3.12/site-packages/airflow/example_dags/plugins/listener_plugin.py took 0.026 seconds
[2025-03-21T21:24:49.648+0000] {processor.py:186} INFO - Started process (PID=3752435) to work on /home/usmail/sys_fraud/sys_detection_frauds/lib/python3.12/site-packages/airflow/example_dags/plugins/listener_plugin.py
[2025-03-21T21:24:49.658+0000] {processor.py:914} INFO - Processing file /home/usmail/sys_fraud/sys_detection_frauds/lib/python3.12/site-packages/airflow/example_dags/plugins/listener_plugin.py for tasks to queue
[2025-03-21T21:24:49.660+0000] {logging_mixin.py:190} INFO - [2025-03-21T21:24:49.660+0000] {dagbag.py:588} INFO - Filling up the DagBag from /home/usmail/sys_fraud/sys_detection_frauds/lib/python3.12/site-packages/airflow/example_dags/plugins/listener_plugin.py
[2025-03-21T21:24:49.663+0000] {processor.py:927} WARNING - No viable dags retrieved from /home/usmail/sys_fraud/sys_detection_frauds/lib/python3.12/site-packages/airflow/example_dags/plugins/listener_plugin.py
[2025-03-21T21:24:49.673+0000] {processor.py:208} INFO - Processing /home/usmail/sys_fraud/sys_detection_frauds/lib/python3.12/site-packages/airflow/example_dags/plugins/listener_plugin.py took 0.036 seconds
[2025-03-21T21:25:55.625+0000] {processor.py:186} INFO - Started process (PID=3753155) to work on /home/usmail/sys_fraud/sys_detection_frauds/lib/python3.12/site-packages/airflow/example_dags/plugins/listener_plugin.py
[2025-03-21T21:25:55.634+0000] {processor.py:914} INFO - Processing file /home/usmail/sys_fraud/sys_detection_frauds/lib/python3.12/site-packages/airflow/example_dags/plugins/listener_plugin.py for tasks to queue
[2025-03-21T21:25:55.637+0000] {logging_mixin.py:190} INFO - [2025-03-21T21:25:55.637+0000] {dagbag.py:588} INFO - Filling up the DagBag from /home/usmail/sys_fraud/sys_detection_frauds/lib/python3.12/site-packages/airflow/example_dags/plugins/listener_plugin.py
[2025-03-21T21:25:55.641+0000] {processor.py:927} WARNING - No viable dags retrieved from /home/usmail/sys_fraud/sys_detection_frauds/lib/python3.12/site-packages/airflow/example_dags/plugins/listener_plugin.py
[2025-03-21T21:25:55.655+0000] {processor.py:208} INFO - Processing /home/usmail/sys_fraud/sys_detection_frauds/lib/python3.12/site-packages/airflow/example_dags/plugins/listener_plugin.py took 0.042 seconds
[2025-03-21T21:26:58.115+0000] {processor.py:186} INFO - Started process (PID=3753792) to work on /home/usmail/sys_fraud/sys_detection_frauds/lib/python3.12/site-packages/airflow/example_dags/plugins/listener_plugin.py
[2025-03-21T21:26:58.125+0000] {processor.py:914} INFO - Processing file /home/usmail/sys_fraud/sys_detection_frauds/lib/python3.12/site-packages/airflow/example_dags/plugins/listener_plugin.py for tasks to queue
[2025-03-21T21:26:58.128+0000] {logging_mixin.py:190} INFO - [2025-03-21T21:26:58.127+0000] {dagbag.py:588} INFO - Filling up the DagBag from /home/usmail/sys_fraud/sys_detection_frauds/lib/python3.12/site-packages/airflow/example_dags/plugins/listener_plugin.py
[2025-03-21T21:26:58.131+0000] {processor.py:927} WARNING - No viable dags retrieved from /home/usmail/sys_fraud/sys_detection_frauds/lib/python3.12/site-packages/airflow/example_dags/plugins/listener_plugin.py
[2025-03-21T21:26:58.146+0000] {processor.py:208} INFO - Processing /home/usmail/sys_fraud/sys_detection_frauds/lib/python3.12/site-packages/airflow/example_dags/plugins/listener_plugin.py took 0.044 seconds
[2025-03-21T21:27:59.465+0000] {processor.py:186} INFO - Started process (PID=3754429) to work on /home/usmail/sys_fraud/sys_detection_frauds/lib/python3.12/site-packages/airflow/example_dags/plugins/listener_plugin.py
[2025-03-21T21:27:59.474+0000] {processor.py:914} INFO - Processing file /home/usmail/sys_fraud/sys_detection_frauds/lib/python3.12/site-packages/airflow/example_dags/plugins/listener_plugin.py for tasks to queue
[2025-03-21T21:27:59.478+0000] {logging_mixin.py:190} INFO - [2025-03-21T21:27:59.477+0000] {dagbag.py:588} INFO - Filling up the DagBag from /home/usmail/sys_fraud/sys_detection_frauds/lib/python3.12/site-packages/airflow/example_dags/plugins/listener_plugin.py
[2025-03-21T21:27:59.481+0000] {processor.py:927} WARNING - No viable dags retrieved from /home/usmail/sys_fraud/sys_detection_frauds/lib/python3.12/site-packages/airflow/example_dags/plugins/listener_plugin.py
[2025-03-21T21:27:59.495+0000] {processor.py:208} INFO - Processing /home/usmail/sys_fraud/sys_detection_frauds/lib/python3.12/site-packages/airflow/example_dags/plugins/listener_plugin.py took 0.041 seconds
[2025-03-21T21:29:00.152+0000] {processor.py:186} INFO - Started process (PID=3755075) to work on /home/usmail/sys_fraud/sys_detection_frauds/lib/python3.12/site-packages/airflow/example_dags/plugins/listener_plugin.py
[2025-03-21T21:29:00.162+0000] {processor.py:914} INFO - Processing file /home/usmail/sys_fraud/sys_detection_frauds/lib/python3.12/site-packages/airflow/example_dags/plugins/listener_plugin.py for tasks to queue
[2025-03-21T21:29:00.165+0000] {logging_mixin.py:190} INFO - [2025-03-21T21:29:00.164+0000] {dagbag.py:588} INFO - Filling up the DagBag from /home/usmail/sys_fraud/sys_detection_frauds/lib/python3.12/site-packages/airflow/example_dags/plugins/listener_plugin.py
[2025-03-21T21:29:00.168+0000] {processor.py:927} WARNING - No viable dags retrieved from /home/usmail/sys_fraud/sys_detection_frauds/lib/python3.12/site-packages/airflow/example_dags/plugins/listener_plugin.py
[2025-03-21T21:29:00.183+0000] {processor.py:208} INFO - Processing /home/usmail/sys_fraud/sys_detection_frauds/lib/python3.12/site-packages/airflow/example_dags/plugins/listener_plugin.py took 0.043 seconds
[2025-03-21T21:30:04.304+0000] {processor.py:186} INFO - Started process (PID=3755732) to work on /home/usmail/sys_fraud/sys_detection_frauds/lib/python3.12/site-packages/airflow/example_dags/plugins/listener_plugin.py
[2025-03-21T21:30:04.313+0000] {processor.py:914} INFO - Processing file /home/usmail/sys_fraud/sys_detection_frauds/lib/python3.12/site-packages/airflow/example_dags/plugins/listener_plugin.py for tasks to queue
[2025-03-21T21:30:04.317+0000] {logging_mixin.py:190} INFO - [2025-03-21T21:30:04.316+0000] {dagbag.py:588} INFO - Filling up the DagBag from /home/usmail/sys_fraud/sys_detection_frauds/lib/python3.12/site-packages/airflow/example_dags/plugins/listener_plugin.py
[2025-03-21T21:30:04.320+0000] {processor.py:927} WARNING - No viable dags retrieved from /home/usmail/sys_fraud/sys_detection_frauds/lib/python3.12/site-packages/airflow/example_dags/plugins/listener_plugin.py
[2025-03-21T21:30:04.335+0000] {processor.py:208} INFO - Processing /home/usmail/sys_fraud/sys_detection_frauds/lib/python3.12/site-packages/airflow/example_dags/plugins/listener_plugin.py took 0.043 seconds
[2025-03-21T21:31:10.863+0000] {processor.py:186} INFO - Started process (PID=3756424) to work on /home/usmail/sys_fraud/sys_detection_frauds/lib/python3.12/site-packages/airflow/example_dags/plugins/listener_plugin.py
[2025-03-21T21:31:10.872+0000] {processor.py:914} INFO - Processing file /home/usmail/sys_fraud/sys_detection_frauds/lib/python3.12/site-packages/airflow/example_dags/plugins/listener_plugin.py for tasks to queue
[2025-03-21T21:31:10.876+0000] {logging_mixin.py:190} INFO - [2025-03-21T21:31:10.875+0000] {dagbag.py:588} INFO - Filling up the DagBag from /home/usmail/sys_fraud/sys_detection_frauds/lib/python3.12/site-packages/airflow/example_dags/plugins/listener_plugin.py
[2025-03-21T21:31:10.879+0000] {processor.py:927} WARNING - No viable dags retrieved from /home/usmail/sys_fraud/sys_detection_frauds/lib/python3.12/site-packages/airflow/example_dags/plugins/listener_plugin.py
[2025-03-21T21:31:10.894+0000] {processor.py:208} INFO - Processing /home/usmail/sys_fraud/sys_detection_frauds/lib/python3.12/site-packages/airflow/example_dags/plugins/listener_plugin.py took 0.043 seconds
[2025-03-21T21:32:17.003+0000] {processor.py:186} INFO - Started process (PID=3757134) to work on /home/usmail/sys_fraud/sys_detection_frauds/lib/python3.12/site-packages/airflow/example_dags/plugins/listener_plugin.py
[2025-03-21T21:32:17.012+0000] {processor.py:914} INFO - Processing file /home/usmail/sys_fraud/sys_detection_frauds/lib/python3.12/site-packages/airflow/example_dags/plugins/listener_plugin.py for tasks to queue
[2025-03-21T21:32:17.016+0000] {logging_mixin.py:190} INFO - [2025-03-21T21:32:17.015+0000] {dagbag.py:588} INFO - Filling up the DagBag from /home/usmail/sys_fraud/sys_detection_frauds/lib/python3.12/site-packages/airflow/example_dags/plugins/listener_plugin.py
[2025-03-21T21:32:17.019+0000] {processor.py:927} WARNING - No viable dags retrieved from /home/usmail/sys_fraud/sys_detection_frauds/lib/python3.12/site-packages/airflow/example_dags/plugins/listener_plugin.py
[2025-03-21T21:32:17.033+0000] {processor.py:208} INFO - Processing /home/usmail/sys_fraud/sys_detection_frauds/lib/python3.12/site-packages/airflow/example_dags/plugins/listener_plugin.py took 0.045 seconds
[2025-03-21T21:33:18.653+0000] {processor.py:186} INFO - Started process (PID=3757776) to work on /home/usmail/sys_fraud/sys_detection_frauds/lib/python3.12/site-packages/airflow/example_dags/plugins/listener_plugin.py
[2025-03-21T21:33:18.654+0000] {processor.py:914} INFO - Processing file /home/usmail/sys_fraud/sys_detection_frauds/lib/python3.12/site-packages/airflow/example_dags/plugins/listener_plugin.py for tasks to queue
[2025-03-21T21:33:18.658+0000] {logging_mixin.py:190} INFO - [2025-03-21T21:33:18.657+0000] {dagbag.py:588} INFO - Filling up the DagBag from /home/usmail/sys_fraud/sys_detection_frauds/lib/python3.12/site-packages/airflow/example_dags/plugins/listener_plugin.py
[2025-03-21T21:33:18.661+0000] {processor.py:927} WARNING - No viable dags retrieved from /home/usmail/sys_fraud/sys_detection_frauds/lib/python3.12/site-packages/airflow/example_dags/plugins/listener_plugin.py
[2025-03-21T21:33:18.676+0000] {processor.py:208} INFO - Processing /home/usmail/sys_fraud/sys_detection_frauds/lib/python3.12/site-packages/airflow/example_dags/plugins/listener_plugin.py took 0.035 seconds
[2025-03-21T22:19:19.871+0000] {processor.py:186} INFO - Started process (PID=3758427) to work on /home/usmail/sys_fraud/sys_detection_frauds/lib/python3.12/site-packages/airflow/example_dags/plugins/listener_plugin.py
[2025-03-21T22:19:19.872+0000] {processor.py:914} INFO - Processing file /home/usmail/sys_fraud/sys_detection_frauds/lib/python3.12/site-packages/airflow/example_dags/plugins/listener_plugin.py for tasks to queue
[2025-03-21T22:19:19.876+0000] {logging_mixin.py:190} INFO - [2025-03-21T22:19:19.875+0000] {dagbag.py:588} INFO - Filling up the DagBag from /home/usmail/sys_fraud/sys_detection_frauds/lib/python3.12/site-packages/airflow/example_dags/plugins/listener_plugin.py
[2025-03-21T22:19:19.879+0000] {processor.py:927} WARNING - No viable dags retrieved from /home/usmail/sys_fraud/sys_detection_frauds/lib/python3.12/site-packages/airflow/example_dags/plugins/listener_plugin.py
[2025-03-21T22:19:19.894+0000] {processor.py:208} INFO - Processing /home/usmail/sys_fraud/sys_detection_frauds/lib/python3.12/site-packages/airflow/example_dags/plugins/listener_plugin.py took 0.036 seconds
[2025-03-21T22:20:15.711+0000] {processor.py:186} INFO - Started process (PID=3759352) to work on /home/usmail/sys_fraud/sys_detection_frauds/lib/python3.12/site-packages/airflow/example_dags/plugins/listener_plugin.py
[2025-03-21T22:20:15.720+0000] {processor.py:914} INFO - Processing file /home/usmail/sys_fraud/sys_detection_frauds/lib/python3.12/site-packages/airflow/example_dags/plugins/listener_plugin.py for tasks to queue
[2025-03-21T22:20:15.724+0000] {logging_mixin.py:190} INFO - [2025-03-21T22:20:15.724+0000] {dagbag.py:588} INFO - Filling up the DagBag from /home/usmail/sys_fraud/sys_detection_frauds/lib/python3.12/site-packages/airflow/example_dags/plugins/listener_plugin.py
[2025-03-21T22:20:15.728+0000] {processor.py:927} WARNING - No viable dags retrieved from /home/usmail/sys_fraud/sys_detection_frauds/lib/python3.12/site-packages/airflow/example_dags/plugins/listener_plugin.py
[2025-03-21T22:20:15.742+0000] {processor.py:208} INFO - Processing /home/usmail/sys_fraud/sys_detection_frauds/lib/python3.12/site-packages/airflow/example_dags/plugins/listener_plugin.py took 0.043 seconds
[2025-03-21T22:21:18.365+0000] {processor.py:186} INFO - Started process (PID=3760104) to work on /home/usmail/sys_fraud/sys_detection_frauds/lib/python3.12/site-packages/airflow/example_dags/plugins/listener_plugin.py
[2025-03-21T22:21:18.366+0000] {processor.py:914} INFO - Processing file /home/usmail/sys_fraud/sys_detection_frauds/lib/python3.12/site-packages/airflow/example_dags/plugins/listener_plugin.py for tasks to queue
[2025-03-21T22:21:18.368+0000] {logging_mixin.py:190} INFO - [2025-03-21T22:21:18.368+0000] {dagbag.py:588} INFO - Filling up the DagBag from /home/usmail/sys_fraud/sys_detection_frauds/lib/python3.12/site-packages/airflow/example_dags/plugins/listener_plugin.py
[2025-03-21T22:21:18.372+0000] {processor.py:927} WARNING - No viable dags retrieved from /home/usmail/sys_fraud/sys_detection_frauds/lib/python3.12/site-packages/airflow/example_dags/plugins/listener_plugin.py
[2025-03-21T22:21:18.387+0000] {processor.py:208} INFO - Processing /home/usmail/sys_fraud/sys_detection_frauds/lib/python3.12/site-packages/airflow/example_dags/plugins/listener_plugin.py took 0.035 seconds
[2025-03-21T22:22:19.331+0000] {processor.py:186} INFO - Started process (PID=3761168) to work on /home/usmail/sys_fraud/sys_detection_frauds/lib/python3.12/site-packages/airflow/example_dags/plugins/listener_plugin.py
[2025-03-21T22:22:19.332+0000] {processor.py:914} INFO - Processing file /home/usmail/sys_fraud/sys_detection_frauds/lib/python3.12/site-packages/airflow/example_dags/plugins/listener_plugin.py for tasks to queue
[2025-03-21T22:22:19.334+0000] {logging_mixin.py:190} INFO - [2025-03-21T22:22:19.334+0000] {dagbag.py:588} INFO - Filling up the DagBag from /home/usmail/sys_fraud/sys_detection_frauds/lib/python3.12/site-packages/airflow/example_dags/plugins/listener_plugin.py
[2025-03-21T22:22:19.338+0000] {processor.py:927} WARNING - No viable dags retrieved from /home/usmail/sys_fraud/sys_detection_frauds/lib/python3.12/site-packages/airflow/example_dags/plugins/listener_plugin.py
[2025-03-21T22:22:19.352+0000] {processor.py:208} INFO - Processing /home/usmail/sys_fraud/sys_detection_frauds/lib/python3.12/site-packages/airflow/example_dags/plugins/listener_plugin.py took 0.034 seconds
