[2025-03-21T20:49:24.936+0000] {processor.py:186} INFO - Started process (PID=3722822) to work on /home/usmail/sys_fraud/sys_detection_frauds/lib/python3.12/site-packages/airflow/example_dags/plugins/workday.py
[2025-03-21T20:49:24.936+0000] {processor.py:914} INFO - Processing file /home/usmail/sys_fraud/sys_detection_frauds/lib/python3.12/site-packages/airflow/example_dags/plugins/workday.py for tasks to queue
[2025-03-21T20:49:24.937+0000] {logging_mixin.py:190} INFO - [2025-03-21T20:49:24.937+0000] {dagbag.py:588} INFO - Filling up the DagBag from /home/usmail/sys_fraud/sys_detection_frauds/lib/python3.12/site-packages/airflow/example_dags/plugins/workday.py
[2025-03-21T20:49:24.939+0000] {logging_mixin.py:190} INFO - [2025-03-21T20:49:24.938+0000] {workday.py:41} WARNING - Could not import pandas. Holidays will not be considered.
[2025-03-21T20:49:24.939+0000] {processor.py:927} WARNING - No viable dags retrieved from /home/usmail/sys_fraud/sys_detection_frauds/lib/python3.12/site-packages/airflow/example_dags/plugins/workday.py
[2025-03-21T20:49:24.946+0000] {processor.py:208} INFO - Processing /home/usmail/sys_fraud/sys_detection_frauds/lib/python3.12/site-packages/airflow/example_dags/plugins/workday.py took 0.014 seconds
[2025-03-21T20:50:25.087+0000] {processor.py:186} INFO - Started process (PID=3723570) to work on /home/usmail/sys_fraud/sys_detection_frauds/lib/python3.12/site-packages/airflow/example_dags/plugins/workday.py
[2025-03-21T20:50:25.088+0000] {processor.py:914} INFO - Processing file /home/usmail/sys_fraud/sys_detection_frauds/lib/python3.12/site-packages/airflow/example_dags/plugins/workday.py for tasks to queue
[2025-03-21T20:50:25.090+0000] {logging_mixin.py:190} INFO - [2025-03-21T20:50:25.089+0000] {dagbag.py:588} INFO - Filling up the DagBag from /home/usmail/sys_fraud/sys_detection_frauds/lib/python3.12/site-packages/airflow/example_dags/plugins/workday.py
[2025-03-21T20:50:25.091+0000] {logging_mixin.py:190} INFO - [2025-03-21T20:50:25.091+0000] {workday.py:41} WARNING - Could not import pandas. Holidays will not be considered.
[2025-03-21T20:50:25.092+0000] {processor.py:927} WARNING - No viable dags retrieved from /home/usmail/sys_fraud/sys_detection_frauds/lib/python3.12/site-packages/airflow/example_dags/plugins/workday.py
[2025-03-21T20:50:25.097+0000] {processor.py:208} INFO - Processing /home/usmail/sys_fraud/sys_detection_frauds/lib/python3.12/site-packages/airflow/example_dags/plugins/workday.py took 0.015 seconds
[2025-03-21T20:51:21.654+0000] {processor.py:186} INFO - Started process (PID=3724259) to work on /home/usmail/sys_fraud/sys_detection_frauds/lib/python3.12/site-packages/airflow/example_dags/plugins/workday.py
[2025-03-21T20:51:21.655+0000] {processor.py:914} INFO - Processing file /home/usmail/sys_fraud/sys_detection_frauds/lib/python3.12/site-packages/airflow/example_dags/plugins/workday.py for tasks to queue
[2025-03-21T20:51:21.657+0000] {logging_mixin.py:190} INFO - [2025-03-21T20:51:21.657+0000] {dagbag.py:588} INFO - Filling up the DagBag from /home/usmail/sys_fraud/sys_detection_frauds/lib/python3.12/site-packages/airflow/example_dags/plugins/workday.py
[2025-03-21T20:51:21.660+0000] {logging_mixin.py:190} INFO - [2025-03-21T20:51:21.660+0000] {workday.py:41} WARNING - Could not import pandas. Holidays will not be considered.
[2025-03-21T20:51:21.660+0000] {processor.py:927} WARNING - No viable dags retrieved from /home/usmail/sys_fraud/sys_detection_frauds/lib/python3.12/site-packages/airflow/example_dags/plugins/workday.py
[2025-03-21T20:51:21.667+0000] {processor.py:208} INFO - Processing /home/usmail/sys_fraud/sys_detection_frauds/lib/python3.12/site-packages/airflow/example_dags/plugins/workday.py took 0.018 seconds
[2025-03-21T20:52:11.607+0000] {processor.py:186} INFO - Started process (PID=3724899) to work on /home/usmail/sys_fraud/sys_detection_frauds/lib/python3.12/site-packages/airflow/example_dags/plugins/workday.py
[2025-03-21T20:52:11.616+0000] {processor.py:914} INFO - Processing file /home/usmail/sys_fraud/sys_detection_frauds/lib/python3.12/site-packages/airflow/example_dags/plugins/workday.py for tasks to queue
[2025-03-21T20:52:11.619+0000] {logging_mixin.py:190} INFO - [2025-03-21T20:52:11.618+0000] {dagbag.py:588} INFO - Filling up the DagBag from /home/usmail/sys_fraud/sys_detection_frauds/lib/python3.12/site-packages/airflow/example_dags/plugins/workday.py
[2025-03-21T20:52:11.622+0000] {logging_mixin.py:190} INFO - [2025-03-21T20:52:11.622+0000] {workday.py:41} WARNING - Could not import pandas. Holidays will not be considered.
[2025-03-21T20:52:11.623+0000] {processor.py:927} WARNING - No viable dags retrieved from /home/usmail/sys_fraud/sys_detection_frauds/lib/python3.12/site-packages/airflow/example_dags/plugins/workday.py
[2025-03-21T20:52:11.630+0000] {processor.py:208} INFO - Processing /home/usmail/sys_fraud/sys_detection_frauds/lib/python3.12/site-packages/airflow/example_dags/plugins/workday.py took 0.031 seconds
[2025-03-21T20:53:04.051+0000] {processor.py:186} INFO - Started process (PID=3725462) to work on /home/usmail/sys_fraud/sys_detection_frauds/lib/python3.12/site-packages/airflow/example_dags/plugins/workday.py
[2025-03-21T20:53:04.060+0000] {processor.py:914} INFO - Processing file /home/usmail/sys_fraud/sys_detection_frauds/lib/python3.12/site-packages/airflow/example_dags/plugins/workday.py for tasks to queue
[2025-03-21T20:53:04.062+0000] {logging_mixin.py:190} INFO - [2025-03-21T20:53:04.062+0000] {dagbag.py:588} INFO - Filling up the DagBag from /home/usmail/sys_fraud/sys_detection_frauds/lib/python3.12/site-packages/airflow/example_dags/plugins/workday.py
[2025-03-21T20:53:04.065+0000] {logging_mixin.py:190} INFO - [2025-03-21T20:53:04.064+0000] {workday.py:41} WARNING - Could not import pandas. Holidays will not be considered.
[2025-03-21T20:53:04.065+0000] {processor.py:927} WARNING - No viable dags retrieved from /home/usmail/sys_fraud/sys_detection_frauds/lib/python3.12/site-packages/airflow/example_dags/plugins/workday.py
[2025-03-21T20:53:04.072+0000] {processor.py:208} INFO - Processing /home/usmail/sys_fraud/sys_detection_frauds/lib/python3.12/site-packages/airflow/example_dags/plugins/workday.py took 0.026 seconds
[2025-03-21T20:53:57.672+0000] {processor.py:186} INFO - Started process (PID=3726152) to work on /home/usmail/sys_fraud/sys_detection_frauds/lib/python3.12/site-packages/airflow/example_dags/plugins/workday.py
[2025-03-21T20:53:57.680+0000] {processor.py:914} INFO - Processing file /home/usmail/sys_fraud/sys_detection_frauds/lib/python3.12/site-packages/airflow/example_dags/plugins/workday.py for tasks to queue
[2025-03-21T20:53:57.682+0000] {logging_mixin.py:190} INFO - [2025-03-21T20:53:57.682+0000] {dagbag.py:588} INFO - Filling up the DagBag from /home/usmail/sys_fraud/sys_detection_frauds/lib/python3.12/site-packages/airflow/example_dags/plugins/workday.py
[2025-03-21T20:53:57.685+0000] {logging_mixin.py:190} INFO - [2025-03-21T20:53:57.685+0000] {workday.py:41} WARNING - Could not import pandas. Holidays will not be considered.
[2025-03-21T20:53:57.685+0000] {processor.py:927} WARNING - No viable dags retrieved from /home/usmail/sys_fraud/sys_detection_frauds/lib/python3.12/site-packages/airflow/example_dags/plugins/workday.py
[2025-03-21T20:53:57.693+0000] {processor.py:208} INFO - Processing /home/usmail/sys_fraud/sys_detection_frauds/lib/python3.12/site-packages/airflow/example_dags/plugins/workday.py took 0.024 seconds
[2025-03-21T20:54:50.692+0000] {processor.py:186} INFO - Started process (PID=3726807) to work on /home/usmail/sys_fraud/sys_detection_frauds/lib/python3.12/site-packages/airflow/example_dags/plugins/workday.py
[2025-03-21T20:54:50.701+0000] {processor.py:914} INFO - Processing file /home/usmail/sys_fraud/sys_detection_frauds/lib/python3.12/site-packages/airflow/example_dags/plugins/workday.py for tasks to queue
[2025-03-21T20:54:50.705+0000] {logging_mixin.py:190} INFO - [2025-03-21T20:54:50.704+0000] {dagbag.py:588} INFO - Filling up the DagBag from /home/usmail/sys_fraud/sys_detection_frauds/lib/python3.12/site-packages/airflow/example_dags/plugins/workday.py
[2025-03-21T20:54:50.708+0000] {logging_mixin.py:190} INFO - [2025-03-21T20:54:50.708+0000] {workday.py:41} WARNING - Could not import pandas. Holidays will not be considered.
[2025-03-21T20:54:50.709+0000] {processor.py:927} WARNING - No viable dags retrieved from /home/usmail/sys_fraud/sys_detection_frauds/lib/python3.12/site-packages/airflow/example_dags/plugins/workday.py
[2025-03-21T20:54:50.717+0000] {processor.py:208} INFO - Processing /home/usmail/sys_fraud/sys_detection_frauds/lib/python3.12/site-packages/airflow/example_dags/plugins/workday.py took 0.028 seconds
[2025-03-21T20:55:41.010+0000] {processor.py:186} INFO - Started process (PID=3727418) to work on /home/usmail/sys_fraud/sys_detection_frauds/lib/python3.12/site-packages/airflow/example_dags/plugins/workday.py
[2025-03-21T20:55:41.019+0000] {processor.py:914} INFO - Processing file /home/usmail/sys_fraud/sys_detection_frauds/lib/python3.12/site-packages/airflow/example_dags/plugins/workday.py for tasks to queue
[2025-03-21T20:55:41.023+0000] {logging_mixin.py:190} INFO - [2025-03-21T20:55:41.022+0000] {dagbag.py:588} INFO - Filling up the DagBag from /home/usmail/sys_fraud/sys_detection_frauds/lib/python3.12/site-packages/airflow/example_dags/plugins/workday.py
[2025-03-21T20:55:41.026+0000] {logging_mixin.py:190} INFO - [2025-03-21T20:55:41.026+0000] {workday.py:41} WARNING - Could not import pandas. Holidays will not be considered.
[2025-03-21T20:55:41.027+0000] {processor.py:927} WARNING - No viable dags retrieved from /home/usmail/sys_fraud/sys_detection_frauds/lib/python3.12/site-packages/airflow/example_dags/plugins/workday.py
[2025-03-21T20:55:41.034+0000] {processor.py:208} INFO - Processing /home/usmail/sys_fraud/sys_detection_frauds/lib/python3.12/site-packages/airflow/example_dags/plugins/workday.py took 0.029 seconds
[2025-03-21T20:56:30.350+0000] {processor.py:186} INFO - Started process (PID=3728078) to work on /home/usmail/sys_fraud/sys_detection_frauds/lib/python3.12/site-packages/airflow/example_dags/plugins/workday.py
[2025-03-21T20:56:30.359+0000] {processor.py:914} INFO - Processing file /home/usmail/sys_fraud/sys_detection_frauds/lib/python3.12/site-packages/airflow/example_dags/plugins/workday.py for tasks to queue
[2025-03-21T20:56:30.360+0000] {logging_mixin.py:190} INFO - [2025-03-21T20:56:30.360+0000] {dagbag.py:588} INFO - Filling up the DagBag from /home/usmail/sys_fraud/sys_detection_frauds/lib/python3.12/site-packages/airflow/example_dags/plugins/workday.py
[2025-03-21T20:56:30.364+0000] {logging_mixin.py:190} INFO - [2025-03-21T20:56:30.363+0000] {workday.py:41} WARNING - Could not import pandas. Holidays will not be considered.
[2025-03-21T20:56:30.364+0000] {processor.py:927} WARNING - No viable dags retrieved from /home/usmail/sys_fraud/sys_detection_frauds/lib/python3.12/site-packages/airflow/example_dags/plugins/workday.py
[2025-03-21T20:56:30.372+0000] {processor.py:208} INFO - Processing /home/usmail/sys_fraud/sys_detection_frauds/lib/python3.12/site-packages/airflow/example_dags/plugins/workday.py took 0.028 seconds
[2025-03-21T20:57:25.302+0000] {processor.py:186} INFO - Started process (PID=3728901) to work on /home/usmail/sys_fraud/sys_detection_frauds/lib/python3.12/site-packages/airflow/example_dags/plugins/workday.py
[2025-03-21T20:57:25.303+0000] {processor.py:914} INFO - Processing file /home/usmail/sys_fraud/sys_detection_frauds/lib/python3.12/site-packages/airflow/example_dags/plugins/workday.py for tasks to queue
[2025-03-21T20:57:25.304+0000] {logging_mixin.py:190} INFO - [2025-03-21T20:57:25.304+0000] {dagbag.py:588} INFO - Filling up the DagBag from /home/usmail/sys_fraud/sys_detection_frauds/lib/python3.12/site-packages/airflow/example_dags/plugins/workday.py
[2025-03-21T20:57:25.306+0000] {logging_mixin.py:190} INFO - [2025-03-21T20:57:25.305+0000] {workday.py:41} WARNING - Could not import pandas. Holidays will not be considered.
[2025-03-21T20:57:25.306+0000] {processor.py:927} WARNING - No viable dags retrieved from /home/usmail/sys_fraud/sys_detection_frauds/lib/python3.12/site-packages/airflow/example_dags/plugins/workday.py
[2025-03-21T20:57:25.311+0000] {processor.py:208} INFO - Processing /home/usmail/sys_fraud/sys_detection_frauds/lib/python3.12/site-packages/airflow/example_dags/plugins/workday.py took 0.012 seconds
[2025-03-21T20:58:16.439+0000] {processor.py:186} INFO - Started process (PID=3729442) to work on /home/usmail/sys_fraud/sys_detection_frauds/lib/python3.12/site-packages/airflow/example_dags/plugins/workday.py
[2025-03-21T20:58:16.448+0000] {processor.py:914} INFO - Processing file /home/usmail/sys_fraud/sys_detection_frauds/lib/python3.12/site-packages/airflow/example_dags/plugins/workday.py for tasks to queue
[2025-03-21T20:58:16.450+0000] {logging_mixin.py:190} INFO - [2025-03-21T20:58:16.450+0000] {dagbag.py:588} INFO - Filling up the DagBag from /home/usmail/sys_fraud/sys_detection_frauds/lib/python3.12/site-packages/airflow/example_dags/plugins/workday.py
[2025-03-21T20:58:16.452+0000] {logging_mixin.py:190} INFO - [2025-03-21T20:58:16.452+0000] {workday.py:41} WARNING - Could not import pandas. Holidays will not be considered.
[2025-03-21T20:58:16.453+0000] {processor.py:927} WARNING - No viable dags retrieved from /home/usmail/sys_fraud/sys_detection_frauds/lib/python3.12/site-packages/airflow/example_dags/plugins/workday.py
[2025-03-21T20:58:16.461+0000] {processor.py:208} INFO - Processing /home/usmail/sys_fraud/sys_detection_frauds/lib/python3.12/site-packages/airflow/example_dags/plugins/workday.py took 0.027 seconds
[2025-03-21T20:59:19.783+0000] {processor.py:186} INFO - Started process (PID=3730322) to work on /home/usmail/sys_fraud/sys_detection_frauds/lib/python3.12/site-packages/airflow/example_dags/plugins/workday.py
[2025-03-21T20:59:19.792+0000] {processor.py:914} INFO - Processing file /home/usmail/sys_fraud/sys_detection_frauds/lib/python3.12/site-packages/airflow/example_dags/plugins/workday.py for tasks to queue
[2025-03-21T20:59:19.795+0000] {logging_mixin.py:190} INFO - [2025-03-21T20:59:19.794+0000] {dagbag.py:588} INFO - Filling up the DagBag from /home/usmail/sys_fraud/sys_detection_frauds/lib/python3.12/site-packages/airflow/example_dags/plugins/workday.py
[2025-03-21T20:59:19.799+0000] {logging_mixin.py:190} INFO - [2025-03-21T20:59:19.798+0000] {workday.py:41} WARNING - Could not import pandas. Holidays will not be considered.
[2025-03-21T20:59:19.799+0000] {processor.py:927} WARNING - No viable dags retrieved from /home/usmail/sys_fraud/sys_detection_frauds/lib/python3.12/site-packages/airflow/example_dags/plugins/workday.py
[2025-03-21T20:59:19.807+0000] {processor.py:208} INFO - Processing /home/usmail/sys_fraud/sys_detection_frauds/lib/python3.12/site-packages/airflow/example_dags/plugins/workday.py took 0.029 seconds
[2025-03-21T21:00:15.045+0000] {processor.py:186} INFO - Started process (PID=3731088) to work on /home/usmail/sys_fraud/sys_detection_frauds/lib/python3.12/site-packages/airflow/example_dags/plugins/workday.py
[2025-03-21T21:00:15.046+0000] {processor.py:914} INFO - Processing file /home/usmail/sys_fraud/sys_detection_frauds/lib/python3.12/site-packages/airflow/example_dags/plugins/workday.py for tasks to queue
[2025-03-21T21:00:15.047+0000] {logging_mixin.py:190} INFO - [2025-03-21T21:00:15.047+0000] {dagbag.py:588} INFO - Filling up the DagBag from /home/usmail/sys_fraud/sys_detection_frauds/lib/python3.12/site-packages/airflow/example_dags/plugins/workday.py
[2025-03-21T21:00:15.050+0000] {logging_mixin.py:190} INFO - [2025-03-21T21:00:15.049+0000] {workday.py:41} WARNING - Could not import pandas. Holidays will not be considered.
[2025-03-21T21:00:15.050+0000] {processor.py:927} WARNING - No viable dags retrieved from /home/usmail/sys_fraud/sys_detection_frauds/lib/python3.12/site-packages/airflow/example_dags/plugins/workday.py
[2025-03-21T21:00:15.059+0000] {processor.py:208} INFO - Processing /home/usmail/sys_fraud/sys_detection_frauds/lib/python3.12/site-packages/airflow/example_dags/plugins/workday.py took 0.018 seconds
[2025-03-21T21:01:10.339+0000] {processor.py:186} INFO - Started process (PID=3731773) to work on /home/usmail/sys_fraud/sys_detection_frauds/lib/python3.12/site-packages/airflow/example_dags/plugins/workday.py
[2025-03-21T21:01:10.348+0000] {processor.py:914} INFO - Processing file /home/usmail/sys_fraud/sys_detection_frauds/lib/python3.12/site-packages/airflow/example_dags/plugins/workday.py for tasks to queue
[2025-03-21T21:01:10.349+0000] {logging_mixin.py:190} INFO - [2025-03-21T21:01:10.349+0000] {dagbag.py:588} INFO - Filling up the DagBag from /home/usmail/sys_fraud/sys_detection_frauds/lib/python3.12/site-packages/airflow/example_dags/plugins/workday.py
[2025-03-21T21:01:10.353+0000] {logging_mixin.py:190} INFO - [2025-03-21T21:01:10.353+0000] {workday.py:41} WARNING - Could not import pandas. Holidays will not be considered.
[2025-03-21T21:01:10.354+0000] {processor.py:927} WARNING - No viable dags retrieved from /home/usmail/sys_fraud/sys_detection_frauds/lib/python3.12/site-packages/airflow/example_dags/plugins/workday.py
[2025-03-21T21:01:10.362+0000] {processor.py:208} INFO - Processing /home/usmail/sys_fraud/sys_detection_frauds/lib/python3.12/site-packages/airflow/example_dags/plugins/workday.py took 0.031 seconds
[2025-03-21T21:02:02.554+0000] {processor.py:186} INFO - Started process (PID=3732412) to work on /home/usmail/sys_fraud/sys_detection_frauds/lib/python3.12/site-packages/airflow/example_dags/plugins/workday.py
[2025-03-21T21:02:02.563+0000] {processor.py:914} INFO - Processing file /home/usmail/sys_fraud/sys_detection_frauds/lib/python3.12/site-packages/airflow/example_dags/plugins/workday.py for tasks to queue
[2025-03-21T21:02:02.566+0000] {logging_mixin.py:190} INFO - [2025-03-21T21:02:02.566+0000] {dagbag.py:588} INFO - Filling up the DagBag from /home/usmail/sys_fraud/sys_detection_frauds/lib/python3.12/site-packages/airflow/example_dags/plugins/workday.py
[2025-03-21T21:02:02.571+0000] {logging_mixin.py:190} INFO - [2025-03-21T21:02:02.570+0000] {workday.py:41} WARNING - Could not import pandas. Holidays will not be considered.
[2025-03-21T21:02:02.571+0000] {processor.py:927} WARNING - No viable dags retrieved from /home/usmail/sys_fraud/sys_detection_frauds/lib/python3.12/site-packages/airflow/example_dags/plugins/workday.py
[2025-03-21T21:02:02.579+0000] {processor.py:208} INFO - Processing /home/usmail/sys_fraud/sys_detection_frauds/lib/python3.12/site-packages/airflow/example_dags/plugins/workday.py took 0.032 seconds
[2025-03-21T21:02:57.430+0000] {processor.py:186} INFO - Started process (PID=3733073) to work on /home/usmail/sys_fraud/sys_detection_frauds/lib/python3.12/site-packages/airflow/example_dags/plugins/workday.py
[2025-03-21T21:02:57.439+0000] {processor.py:914} INFO - Processing file /home/usmail/sys_fraud/sys_detection_frauds/lib/python3.12/site-packages/airflow/example_dags/plugins/workday.py for tasks to queue
[2025-03-21T21:02:57.442+0000] {logging_mixin.py:190} INFO - [2025-03-21T21:02:57.441+0000] {dagbag.py:588} INFO - Filling up the DagBag from /home/usmail/sys_fraud/sys_detection_frauds/lib/python3.12/site-packages/airflow/example_dags/plugins/workday.py
[2025-03-21T21:02:57.445+0000] {logging_mixin.py:190} INFO - [2025-03-21T21:02:57.445+0000] {workday.py:41} WARNING - Could not import pandas. Holidays will not be considered.
[2025-03-21T21:02:57.446+0000] {processor.py:927} WARNING - No viable dags retrieved from /home/usmail/sys_fraud/sys_detection_frauds/lib/python3.12/site-packages/airflow/example_dags/plugins/workday.py
[2025-03-21T21:02:57.453+0000] {processor.py:208} INFO - Processing /home/usmail/sys_fraud/sys_detection_frauds/lib/python3.12/site-packages/airflow/example_dags/plugins/workday.py took 0.027 seconds
[2025-03-21T21:03:49.913+0000] {processor.py:186} INFO - Started process (PID=3733788) to work on /home/usmail/sys_fraud/sys_detection_frauds/lib/python3.12/site-packages/airflow/example_dags/plugins/workday.py
[2025-03-21T21:03:49.921+0000] {processor.py:914} INFO - Processing file /home/usmail/sys_fraud/sys_detection_frauds/lib/python3.12/site-packages/airflow/example_dags/plugins/workday.py for tasks to queue
[2025-03-21T21:03:49.923+0000] {logging_mixin.py:190} INFO - [2025-03-21T21:03:49.923+0000] {dagbag.py:588} INFO - Filling up the DagBag from /home/usmail/sys_fraud/sys_detection_frauds/lib/python3.12/site-packages/airflow/example_dags/plugins/workday.py
[2025-03-21T21:03:49.926+0000] {logging_mixin.py:190} INFO - [2025-03-21T21:03:49.926+0000] {workday.py:41} WARNING - Could not import pandas. Holidays will not be considered.
[2025-03-21T21:03:49.926+0000] {processor.py:927} WARNING - No viable dags retrieved from /home/usmail/sys_fraud/sys_detection_frauds/lib/python3.12/site-packages/airflow/example_dags/plugins/workday.py
[2025-03-21T21:03:49.934+0000] {processor.py:208} INFO - Processing /home/usmail/sys_fraud/sys_detection_frauds/lib/python3.12/site-packages/airflow/example_dags/plugins/workday.py took 0.025 seconds
[2025-03-21T21:04:48.221+0000] {processor.py:186} INFO - Started process (PID=3734595) to work on /home/usmail/sys_fraud/sys_detection_frauds/lib/python3.12/site-packages/airflow/example_dags/plugins/workday.py
[2025-03-21T21:04:48.230+0000] {processor.py:914} INFO - Processing file /home/usmail/sys_fraud/sys_detection_frauds/lib/python3.12/site-packages/airflow/example_dags/plugins/workday.py for tasks to queue
[2025-03-21T21:04:48.231+0000] {logging_mixin.py:190} INFO - [2025-03-21T21:04:48.231+0000] {dagbag.py:588} INFO - Filling up the DagBag from /home/usmail/sys_fraud/sys_detection_frauds/lib/python3.12/site-packages/airflow/example_dags/plugins/workday.py
[2025-03-21T21:04:48.450+0000] {processor.py:927} WARNING - No viable dags retrieved from /home/usmail/sys_fraud/sys_detection_frauds/lib/python3.12/site-packages/airflow/example_dags/plugins/workday.py
[2025-03-21T21:04:48.455+0000] {processor.py:208} INFO - Processing /home/usmail/sys_fraud/sys_detection_frauds/lib/python3.12/site-packages/airflow/example_dags/plugins/workday.py took 0.238 seconds
[2025-03-21T21:05:40.816+0000] {processor.py:186} INFO - Started process (PID=3735423) to work on /home/usmail/sys_fraud/sys_detection_frauds/lib/python3.12/site-packages/airflow/example_dags/plugins/workday.py
[2025-03-21T21:05:40.825+0000] {processor.py:914} INFO - Processing file /home/usmail/sys_fraud/sys_detection_frauds/lib/python3.12/site-packages/airflow/example_dags/plugins/workday.py for tasks to queue
[2025-03-21T21:05:40.828+0000] {logging_mixin.py:190} INFO - [2025-03-21T21:05:40.827+0000] {dagbag.py:588} INFO - Filling up the DagBag from /home/usmail/sys_fraud/sys_detection_frauds/lib/python3.12/site-packages/airflow/example_dags/plugins/workday.py
[2025-03-21T21:05:41.036+0000] {processor.py:927} WARNING - No viable dags retrieved from /home/usmail/sys_fraud/sys_detection_frauds/lib/python3.12/site-packages/airflow/example_dags/plugins/workday.py
[2025-03-21T21:05:41.042+0000] {processor.py:208} INFO - Processing /home/usmail/sys_fraud/sys_detection_frauds/lib/python3.12/site-packages/airflow/example_dags/plugins/workday.py took 0.233 seconds
[2025-03-21T21:06:33.977+0000] {processor.py:186} INFO - Started process (PID=3736698) to work on /home/usmail/sys_fraud/sys_detection_frauds/lib/python3.12/site-packages/airflow/example_dags/plugins/workday.py
[2025-03-21T21:06:33.978+0000] {processor.py:914} INFO - Processing file /home/usmail/sys_fraud/sys_detection_frauds/lib/python3.12/site-packages/airflow/example_dags/plugins/workday.py for tasks to queue
[2025-03-21T21:06:33.979+0000] {logging_mixin.py:190} INFO - [2025-03-21T21:06:33.979+0000] {dagbag.py:588} INFO - Filling up the DagBag from /home/usmail/sys_fraud/sys_detection_frauds/lib/python3.12/site-packages/airflow/example_dags/plugins/workday.py
[2025-03-21T21:06:34.190+0000] {processor.py:927} WARNING - No viable dags retrieved from /home/usmail/sys_fraud/sys_detection_frauds/lib/python3.12/site-packages/airflow/example_dags/plugins/workday.py
[2025-03-21T21:06:34.196+0000] {processor.py:208} INFO - Processing /home/usmail/sys_fraud/sys_detection_frauds/lib/python3.12/site-packages/airflow/example_dags/plugins/workday.py took 0.226 seconds
[2025-03-21T21:07:24.093+0000] {processor.py:186} INFO - Started process (PID=3737385) to work on /home/usmail/sys_fraud/sys_detection_frauds/lib/python3.12/site-packages/airflow/example_dags/plugins/workday.py
[2025-03-21T21:07:24.102+0000] {processor.py:914} INFO - Processing file /home/usmail/sys_fraud/sys_detection_frauds/lib/python3.12/site-packages/airflow/example_dags/plugins/workday.py for tasks to queue
[2025-03-21T21:07:24.105+0000] {logging_mixin.py:190} INFO - [2025-03-21T21:07:24.104+0000] {dagbag.py:588} INFO - Filling up the DagBag from /home/usmail/sys_fraud/sys_detection_frauds/lib/python3.12/site-packages/airflow/example_dags/plugins/workday.py
[2025-03-21T21:07:24.302+0000] {processor.py:927} WARNING - No viable dags retrieved from /home/usmail/sys_fraud/sys_detection_frauds/lib/python3.12/site-packages/airflow/example_dags/plugins/workday.py
[2025-03-21T21:07:24.309+0000] {processor.py:208} INFO - Processing /home/usmail/sys_fraud/sys_detection_frauds/lib/python3.12/site-packages/airflow/example_dags/plugins/workday.py took 0.221 seconds
[2025-03-21T21:08:18.744+0000] {processor.py:186} INFO - Started process (PID=3738141) to work on /home/usmail/sys_fraud/sys_detection_frauds/lib/python3.12/site-packages/airflow/example_dags/plugins/workday.py
[2025-03-21T21:08:18.753+0000] {processor.py:914} INFO - Processing file /home/usmail/sys_fraud/sys_detection_frauds/lib/python3.12/site-packages/airflow/example_dags/plugins/workday.py for tasks to queue
[2025-03-21T21:08:18.756+0000] {logging_mixin.py:190} INFO - [2025-03-21T21:08:18.756+0000] {dagbag.py:588} INFO - Filling up the DagBag from /home/usmail/sys_fraud/sys_detection_frauds/lib/python3.12/site-packages/airflow/example_dags/plugins/workday.py
[2025-03-21T21:08:19.034+0000] {processor.py:927} WARNING - No viable dags retrieved from /home/usmail/sys_fraud/sys_detection_frauds/lib/python3.12/site-packages/airflow/example_dags/plugins/workday.py
[2025-03-21T21:08:19.041+0000] {processor.py:208} INFO - Processing /home/usmail/sys_fraud/sys_detection_frauds/lib/python3.12/site-packages/airflow/example_dags/plugins/workday.py took 0.308 seconds
[2025-03-21T21:09:16.678+0000] {processor.py:186} INFO - Started process (PID=3738913) to work on /home/usmail/sys_fraud/sys_detection_frauds/lib/python3.12/site-packages/airflow/example_dags/plugins/workday.py
[2025-03-21T21:09:16.686+0000] {processor.py:914} INFO - Processing file /home/usmail/sys_fraud/sys_detection_frauds/lib/python3.12/site-packages/airflow/example_dags/plugins/workday.py for tasks to queue
[2025-03-21T21:09:16.688+0000] {logging_mixin.py:190} INFO - [2025-03-21T21:09:16.687+0000] {dagbag.py:588} INFO - Filling up the DagBag from /home/usmail/sys_fraud/sys_detection_frauds/lib/python3.12/site-packages/airflow/example_dags/plugins/workday.py
[2025-03-21T21:09:16.980+0000] {processor.py:927} WARNING - No viable dags retrieved from /home/usmail/sys_fraud/sys_detection_frauds/lib/python3.12/site-packages/airflow/example_dags/plugins/workday.py
[2025-03-21T21:09:16.988+0000] {processor.py:208} INFO - Processing /home/usmail/sys_fraud/sys_detection_frauds/lib/python3.12/site-packages/airflow/example_dags/plugins/workday.py took 0.316 seconds
[2025-03-21T21:10:11.036+0000] {processor.py:186} INFO - Started process (PID=3739612) to work on /home/usmail/sys_fraud/sys_detection_frauds/lib/python3.12/site-packages/airflow/example_dags/plugins/workday.py
[2025-03-21T21:10:11.044+0000] {processor.py:914} INFO - Processing file /home/usmail/sys_fraud/sys_detection_frauds/lib/python3.12/site-packages/airflow/example_dags/plugins/workday.py for tasks to queue
[2025-03-21T21:10:11.046+0000] {logging_mixin.py:190} INFO - [2025-03-21T21:10:11.046+0000] {dagbag.py:588} INFO - Filling up the DagBag from /home/usmail/sys_fraud/sys_detection_frauds/lib/python3.12/site-packages/airflow/example_dags/plugins/workday.py
[2025-03-21T21:10:11.373+0000] {processor.py:927} WARNING - No viable dags retrieved from /home/usmail/sys_fraud/sys_detection_frauds/lib/python3.12/site-packages/airflow/example_dags/plugins/workday.py
[2025-03-21T21:10:11.381+0000] {processor.py:208} INFO - Processing /home/usmail/sys_fraud/sys_detection_frauds/lib/python3.12/site-packages/airflow/example_dags/plugins/workday.py took 0.351 seconds
[2025-03-21T21:11:09.854+0000] {processor.py:186} INFO - Started process (PID=3741309) to work on /home/usmail/sys_fraud/sys_detection_frauds/lib/python3.12/site-packages/airflow/example_dags/plugins/workday.py
[2025-03-21T21:11:09.856+0000] {processor.py:914} INFO - Processing file /home/usmail/sys_fraud/sys_detection_frauds/lib/python3.12/site-packages/airflow/example_dags/plugins/workday.py for tasks to queue
[2025-03-21T21:11:09.858+0000] {logging_mixin.py:190} INFO - [2025-03-21T21:11:09.858+0000] {dagbag.py:588} INFO - Filling up the DagBag from /home/usmail/sys_fraud/sys_detection_frauds/lib/python3.12/site-packages/airflow/example_dags/plugins/workday.py
[2025-03-21T21:11:10.177+0000] {processor.py:927} WARNING - No viable dags retrieved from /home/usmail/sys_fraud/sys_detection_frauds/lib/python3.12/site-packages/airflow/example_dags/plugins/workday.py
[2025-03-21T21:11:10.184+0000] {processor.py:208} INFO - Processing /home/usmail/sys_fraud/sys_detection_frauds/lib/python3.12/site-packages/airflow/example_dags/plugins/workday.py took 0.335 seconds
[2025-03-21T21:12:05.424+0000] {processor.py:186} INFO - Started process (PID=3742412) to work on /home/usmail/sys_fraud/sys_detection_frauds/lib/python3.12/site-packages/airflow/example_dags/plugins/workday.py
[2025-03-21T21:12:05.432+0000] {processor.py:914} INFO - Processing file /home/usmail/sys_fraud/sys_detection_frauds/lib/python3.12/site-packages/airflow/example_dags/plugins/workday.py for tasks to queue
[2025-03-21T21:12:05.434+0000] {logging_mixin.py:190} INFO - [2025-03-21T21:12:05.434+0000] {dagbag.py:588} INFO - Filling up the DagBag from /home/usmail/sys_fraud/sys_detection_frauds/lib/python3.12/site-packages/airflow/example_dags/plugins/workday.py
[2025-03-21T21:12:05.731+0000] {processor.py:927} WARNING - No viable dags retrieved from /home/usmail/sys_fraud/sys_detection_frauds/lib/python3.12/site-packages/airflow/example_dags/plugins/workday.py
[2025-03-21T21:12:05.737+0000] {processor.py:208} INFO - Processing /home/usmail/sys_fraud/sys_detection_frauds/lib/python3.12/site-packages/airflow/example_dags/plugins/workday.py took 0.319 seconds
[2025-03-21T21:12:58.171+0000] {processor.py:186} INFO - Started process (PID=3743375) to work on /home/usmail/sys_fraud/sys_detection_frauds/lib/python3.12/site-packages/airflow/example_dags/plugins/workday.py
[2025-03-21T21:12:58.180+0000] {processor.py:914} INFO - Processing file /home/usmail/sys_fraud/sys_detection_frauds/lib/python3.12/site-packages/airflow/example_dags/plugins/workday.py for tasks to queue
[2025-03-21T21:12:58.182+0000] {logging_mixin.py:190} INFO - [2025-03-21T21:12:58.182+0000] {dagbag.py:588} INFO - Filling up the DagBag from /home/usmail/sys_fraud/sys_detection_frauds/lib/python3.12/site-packages/airflow/example_dags/plugins/workday.py
[2025-03-21T21:12:58.474+0000] {processor.py:927} WARNING - No viable dags retrieved from /home/usmail/sys_fraud/sys_detection_frauds/lib/python3.12/site-packages/airflow/example_dags/plugins/workday.py
[2025-03-21T21:12:58.480+0000] {processor.py:208} INFO - Processing /home/usmail/sys_fraud/sys_detection_frauds/lib/python3.12/site-packages/airflow/example_dags/plugins/workday.py took 0.315 seconds
[2025-03-21T21:13:48.570+0000] {processor.py:186} INFO - Started process (PID=3744289) to work on /home/usmail/sys_fraud/sys_detection_frauds/lib/python3.12/site-packages/airflow/example_dags/plugins/workday.py
[2025-03-21T21:13:48.579+0000] {processor.py:914} INFO - Processing file /home/usmail/sys_fraud/sys_detection_frauds/lib/python3.12/site-packages/airflow/example_dags/plugins/workday.py for tasks to queue
[2025-03-21T21:13:48.580+0000] {logging_mixin.py:190} INFO - [2025-03-21T21:13:48.580+0000] {dagbag.py:588} INFO - Filling up the DagBag from /home/usmail/sys_fraud/sys_detection_frauds/lib/python3.12/site-packages/airflow/example_dags/plugins/workday.py
[2025-03-21T21:13:48.876+0000] {processor.py:927} WARNING - No viable dags retrieved from /home/usmail/sys_fraud/sys_detection_frauds/lib/python3.12/site-packages/airflow/example_dags/plugins/workday.py
[2025-03-21T21:13:48.882+0000] {processor.py:208} INFO - Processing /home/usmail/sys_fraud/sys_detection_frauds/lib/python3.12/site-packages/airflow/example_dags/plugins/workday.py took 0.318 seconds
[2025-03-21T21:14:44.931+0000] {processor.py:186} INFO - Started process (PID=3745068) to work on /home/usmail/sys_fraud/sys_detection_frauds/lib/python3.12/site-packages/airflow/example_dags/plugins/workday.py
[2025-03-21T21:14:44.940+0000] {processor.py:914} INFO - Processing file /home/usmail/sys_fraud/sys_detection_frauds/lib/python3.12/site-packages/airflow/example_dags/plugins/workday.py for tasks to queue
[2025-03-21T21:14:44.943+0000] {logging_mixin.py:190} INFO - [2025-03-21T21:14:44.943+0000] {dagbag.py:588} INFO - Filling up the DagBag from /home/usmail/sys_fraud/sys_detection_frauds/lib/python3.12/site-packages/airflow/example_dags/plugins/workday.py
[2025-03-21T21:14:45.217+0000] {processor.py:927} WARNING - No viable dags retrieved from /home/usmail/sys_fraud/sys_detection_frauds/lib/python3.12/site-packages/airflow/example_dags/plugins/workday.py
[2025-03-21T21:14:45.223+0000] {processor.py:208} INFO - Processing /home/usmail/sys_fraud/sys_detection_frauds/lib/python3.12/site-packages/airflow/example_dags/plugins/workday.py took 0.304 seconds
[2025-03-21T21:15:18.765+0000] {processor.py:186} INFO - Started process (PID=3745499) to work on /home/usmail/sys_fraud/sys_detection_frauds/lib/python3.12/site-packages/airflow/example_dags/plugins/workday.py
[2025-03-21T21:15:18.774+0000] {processor.py:914} INFO - Processing file /home/usmail/sys_fraud/sys_detection_frauds/lib/python3.12/site-packages/airflow/example_dags/plugins/workday.py for tasks to queue
[2025-03-21T21:15:18.777+0000] {logging_mixin.py:190} INFO - [2025-03-21T21:15:18.777+0000] {dagbag.py:588} INFO - Filling up the DagBag from /home/usmail/sys_fraud/sys_detection_frauds/lib/python3.12/site-packages/airflow/example_dags/plugins/workday.py
[2025-03-21T21:15:19.059+0000] {processor.py:927} WARNING - No viable dags retrieved from /home/usmail/sys_fraud/sys_detection_frauds/lib/python3.12/site-packages/airflow/example_dags/plugins/workday.py
[2025-03-21T21:15:19.066+0000] {processor.py:208} INFO - Processing /home/usmail/sys_fraud/sys_detection_frauds/lib/python3.12/site-packages/airflow/example_dags/plugins/workday.py took 0.312 seconds
[2025-03-21T21:16:19.029+0000] {processor.py:186} INFO - Started process (PID=3746263) to work on /home/usmail/sys_fraud/sys_detection_frauds/lib/python3.12/site-packages/airflow/example_dags/plugins/workday.py
[2025-03-21T21:16:19.038+0000] {processor.py:914} INFO - Processing file /home/usmail/sys_fraud/sys_detection_frauds/lib/python3.12/site-packages/airflow/example_dags/plugins/workday.py for tasks to queue
[2025-03-21T21:16:19.042+0000] {logging_mixin.py:190} INFO - [2025-03-21T21:16:19.041+0000] {dagbag.py:588} INFO - Filling up the DagBag from /home/usmail/sys_fraud/sys_detection_frauds/lib/python3.12/site-packages/airflow/example_dags/plugins/workday.py
[2025-03-21T21:16:19.314+0000] {processor.py:927} WARNING - No viable dags retrieved from /home/usmail/sys_fraud/sys_detection_frauds/lib/python3.12/site-packages/airflow/example_dags/plugins/workday.py
[2025-03-21T21:16:19.320+0000] {processor.py:208} INFO - Processing /home/usmail/sys_fraud/sys_detection_frauds/lib/python3.12/site-packages/airflow/example_dags/plugins/workday.py took 0.303 seconds
[2025-03-21T21:17:20.587+0000] {processor.py:186} INFO - Started process (PID=3747037) to work on /home/usmail/sys_fraud/sys_detection_frauds/lib/python3.12/site-packages/airflow/example_dags/plugins/workday.py
[2025-03-21T21:17:20.597+0000] {processor.py:914} INFO - Processing file /home/usmail/sys_fraud/sys_detection_frauds/lib/python3.12/site-packages/airflow/example_dags/plugins/workday.py for tasks to queue
[2025-03-21T21:17:20.600+0000] {logging_mixin.py:190} INFO - [2025-03-21T21:17:20.599+0000] {dagbag.py:588} INFO - Filling up the DagBag from /home/usmail/sys_fraud/sys_detection_frauds/lib/python3.12/site-packages/airflow/example_dags/plugins/workday.py
[2025-03-21T21:17:20.869+0000] {processor.py:927} WARNING - No viable dags retrieved from /home/usmail/sys_fraud/sys_detection_frauds/lib/python3.12/site-packages/airflow/example_dags/plugins/workday.py
[2025-03-21T21:17:20.876+0000] {processor.py:208} INFO - Processing /home/usmail/sys_fraud/sys_detection_frauds/lib/python3.12/site-packages/airflow/example_dags/plugins/workday.py took 0.300 seconds
[2025-03-21T21:18:25.627+0000] {processor.py:186} INFO - Started process (PID=3747833) to work on /home/usmail/sys_fraud/sys_detection_frauds/lib/python3.12/site-packages/airflow/example_dags/plugins/workday.py
[2025-03-21T21:18:25.636+0000] {processor.py:914} INFO - Processing file /home/usmail/sys_fraud/sys_detection_frauds/lib/python3.12/site-packages/airflow/example_dags/plugins/workday.py for tasks to queue
[2025-03-21T21:18:25.639+0000] {logging_mixin.py:190} INFO - [2025-03-21T21:18:25.638+0000] {dagbag.py:588} INFO - Filling up the DagBag from /home/usmail/sys_fraud/sys_detection_frauds/lib/python3.12/site-packages/airflow/example_dags/plugins/workday.py
[2025-03-21T21:18:25.911+0000] {processor.py:927} WARNING - No viable dags retrieved from /home/usmail/sys_fraud/sys_detection_frauds/lib/python3.12/site-packages/airflow/example_dags/plugins/workday.py
[2025-03-21T21:18:25.918+0000] {processor.py:208} INFO - Processing /home/usmail/sys_fraud/sys_detection_frauds/lib/python3.12/site-packages/airflow/example_dags/plugins/workday.py took 0.303 seconds
[2025-03-21T21:19:28.610+0000] {processor.py:186} INFO - Started process (PID=3748605) to work on /home/usmail/sys_fraud/sys_detection_frauds/lib/python3.12/site-packages/airflow/example_dags/plugins/workday.py
[2025-03-21T21:19:28.619+0000] {processor.py:914} INFO - Processing file /home/usmail/sys_fraud/sys_detection_frauds/lib/python3.12/site-packages/airflow/example_dags/plugins/workday.py for tasks to queue
[2025-03-21T21:19:28.622+0000] {logging_mixin.py:190} INFO - [2025-03-21T21:19:28.621+0000] {dagbag.py:588} INFO - Filling up the DagBag from /home/usmail/sys_fraud/sys_detection_frauds/lib/python3.12/site-packages/airflow/example_dags/plugins/workday.py
[2025-03-21T21:19:28.883+0000] {processor.py:927} WARNING - No viable dags retrieved from /home/usmail/sys_fraud/sys_detection_frauds/lib/python3.12/site-packages/airflow/example_dags/plugins/workday.py
[2025-03-21T21:19:28.889+0000] {processor.py:208} INFO - Processing /home/usmail/sys_fraud/sys_detection_frauds/lib/python3.12/site-packages/airflow/example_dags/plugins/workday.py took 0.287 seconds
[2025-03-21T21:20:31.698+0000] {processor.py:186} INFO - Started process (PID=3749351) to work on /home/usmail/sys_fraud/sys_detection_frauds/lib/python3.12/site-packages/airflow/example_dags/plugins/workday.py
[2025-03-21T21:20:31.700+0000] {processor.py:914} INFO - Processing file /home/usmail/sys_fraud/sys_detection_frauds/lib/python3.12/site-packages/airflow/example_dags/plugins/workday.py for tasks to queue
[2025-03-21T21:20:31.703+0000] {logging_mixin.py:190} INFO - [2025-03-21T21:20:31.702+0000] {dagbag.py:588} INFO - Filling up the DagBag from /home/usmail/sys_fraud/sys_detection_frauds/lib/python3.12/site-packages/airflow/example_dags/plugins/workday.py
[2025-03-21T21:20:31.972+0000] {processor.py:927} WARNING - No viable dags retrieved from /home/usmail/sys_fraud/sys_detection_frauds/lib/python3.12/site-packages/airflow/example_dags/plugins/workday.py
[2025-03-21T21:20:31.979+0000] {processor.py:208} INFO - Processing /home/usmail/sys_fraud/sys_detection_frauds/lib/python3.12/site-packages/airflow/example_dags/plugins/workday.py took 0.292 seconds
[2025-03-21T21:21:36.850+0000] {processor.py:186} INFO - Started process (PID=3750157) to work on /home/usmail/sys_fraud/sys_detection_frauds/lib/python3.12/site-packages/airflow/example_dags/plugins/workday.py
[2025-03-21T21:21:36.859+0000] {processor.py:914} INFO - Processing file /home/usmail/sys_fraud/sys_detection_frauds/lib/python3.12/site-packages/airflow/example_dags/plugins/workday.py for tasks to queue
[2025-03-21T21:21:36.862+0000] {logging_mixin.py:190} INFO - [2025-03-21T21:21:36.862+0000] {dagbag.py:588} INFO - Filling up the DagBag from /home/usmail/sys_fraud/sys_detection_frauds/lib/python3.12/site-packages/airflow/example_dags/plugins/workday.py
[2025-03-21T21:21:37.135+0000] {processor.py:927} WARNING - No viable dags retrieved from /home/usmail/sys_fraud/sys_detection_frauds/lib/python3.12/site-packages/airflow/example_dags/plugins/workday.py
[2025-03-21T21:21:37.141+0000] {processor.py:208} INFO - Processing /home/usmail/sys_fraud/sys_detection_frauds/lib/python3.12/site-packages/airflow/example_dags/plugins/workday.py took 0.304 seconds
[2025-03-21T21:22:10.818+0000] {processor.py:186} INFO - Started process (PID=3750582) to work on /home/usmail/sys_fraud/sys_detection_frauds/lib/python3.12/site-packages/airflow/example_dags/plugins/workday.py
[2025-03-21T21:22:10.819+0000] {processor.py:914} INFO - Processing file /home/usmail/sys_fraud/sys_detection_frauds/lib/python3.12/site-packages/airflow/example_dags/plugins/workday.py for tasks to queue
[2025-03-21T21:22:10.822+0000] {logging_mixin.py:190} INFO - [2025-03-21T21:22:10.822+0000] {dagbag.py:588} INFO - Filling up the DagBag from /home/usmail/sys_fraud/sys_detection_frauds/lib/python3.12/site-packages/airflow/example_dags/plugins/workday.py
[2025-03-21T21:22:11.090+0000] {processor.py:927} WARNING - No viable dags retrieved from /home/usmail/sys_fraud/sys_detection_frauds/lib/python3.12/site-packages/airflow/example_dags/plugins/workday.py
[2025-03-21T21:22:11.097+0000] {processor.py:208} INFO - Processing /home/usmail/sys_fraud/sys_detection_frauds/lib/python3.12/site-packages/airflow/example_dags/plugins/workday.py took 0.292 seconds
[2025-03-21T21:22:44.623+0000] {processor.py:186} INFO - Started process (PID=3750999) to work on /home/usmail/sys_fraud/sys_detection_frauds/lib/python3.12/site-packages/airflow/example_dags/plugins/workday.py
[2025-03-21T21:22:44.632+0000] {processor.py:914} INFO - Processing file /home/usmail/sys_fraud/sys_detection_frauds/lib/python3.12/site-packages/airflow/example_dags/plugins/workday.py for tasks to queue
[2025-03-21T21:22:44.636+0000] {logging_mixin.py:190} INFO - [2025-03-21T21:22:44.635+0000] {dagbag.py:588} INFO - Filling up the DagBag from /home/usmail/sys_fraud/sys_detection_frauds/lib/python3.12/site-packages/airflow/example_dags/plugins/workday.py
[2025-03-21T21:22:44.907+0000] {processor.py:927} WARNING - No viable dags retrieved from /home/usmail/sys_fraud/sys_detection_frauds/lib/python3.12/site-packages/airflow/example_dags/plugins/workday.py
[2025-03-21T21:22:44.913+0000] {processor.py:208} INFO - Processing /home/usmail/sys_fraud/sys_detection_frauds/lib/python3.12/site-packages/airflow/example_dags/plugins/workday.py took 0.303 seconds
[2025-03-21T21:23:46.122+0000] {processor.py:186} INFO - Started process (PID=3751754) to work on /home/usmail/sys_fraud/sys_detection_frauds/lib/python3.12/site-packages/airflow/example_dags/plugins/workday.py
[2025-03-21T21:23:46.131+0000] {processor.py:914} INFO - Processing file /home/usmail/sys_fraud/sys_detection_frauds/lib/python3.12/site-packages/airflow/example_dags/plugins/workday.py for tasks to queue
[2025-03-21T21:23:46.133+0000] {logging_mixin.py:190} INFO - [2025-03-21T21:23:46.132+0000] {dagbag.py:588} INFO - Filling up the DagBag from /home/usmail/sys_fraud/sys_detection_frauds/lib/python3.12/site-packages/airflow/example_dags/plugins/workday.py
[2025-03-21T21:23:46.422+0000] {processor.py:927} WARNING - No viable dags retrieved from /home/usmail/sys_fraud/sys_detection_frauds/lib/python3.12/site-packages/airflow/example_dags/plugins/workday.py
[2025-03-21T21:23:46.430+0000] {processor.py:208} INFO - Processing /home/usmail/sys_fraud/sys_detection_frauds/lib/python3.12/site-packages/airflow/example_dags/plugins/workday.py took 0.312 seconds
[2025-03-21T21:24:48.190+0000] {processor.py:186} INFO - Started process (PID=3752401) to work on /home/usmail/sys_fraud/sys_detection_frauds/lib/python3.12/site-packages/airflow/example_dags/plugins/workday.py
[2025-03-21T21:24:48.191+0000] {processor.py:914} INFO - Processing file /home/usmail/sys_fraud/sys_detection_frauds/lib/python3.12/site-packages/airflow/example_dags/plugins/workday.py for tasks to queue
[2025-03-21T21:24:48.194+0000] {logging_mixin.py:190} INFO - [2025-03-21T21:24:48.194+0000] {dagbag.py:588} INFO - Filling up the DagBag from /home/usmail/sys_fraud/sys_detection_frauds/lib/python3.12/site-packages/airflow/example_dags/plugins/workday.py
[2025-03-21T21:24:48.491+0000] {processor.py:927} WARNING - No viable dags retrieved from /home/usmail/sys_fraud/sys_detection_frauds/lib/python3.12/site-packages/airflow/example_dags/plugins/workday.py
[2025-03-21T21:24:48.498+0000] {processor.py:208} INFO - Processing /home/usmail/sys_fraud/sys_detection_frauds/lib/python3.12/site-packages/airflow/example_dags/plugins/workday.py took 0.319 seconds
[2025-03-21T21:25:54.169+0000] {processor.py:186} INFO - Started process (PID=3753115) to work on /home/usmail/sys_fraud/sys_detection_frauds/lib/python3.12/site-packages/airflow/example_dags/plugins/workday.py
[2025-03-21T21:25:54.179+0000] {processor.py:914} INFO - Processing file /home/usmail/sys_fraud/sys_detection_frauds/lib/python3.12/site-packages/airflow/example_dags/plugins/workday.py for tasks to queue
[2025-03-21T21:25:54.182+0000] {logging_mixin.py:190} INFO - [2025-03-21T21:25:54.181+0000] {dagbag.py:588} INFO - Filling up the DagBag from /home/usmail/sys_fraud/sys_detection_frauds/lib/python3.12/site-packages/airflow/example_dags/plugins/workday.py
[2025-03-21T21:25:54.457+0000] {processor.py:927} WARNING - No viable dags retrieved from /home/usmail/sys_fraud/sys_detection_frauds/lib/python3.12/site-packages/airflow/example_dags/plugins/workday.py
[2025-03-21T21:25:54.464+0000] {processor.py:208} INFO - Processing /home/usmail/sys_fraud/sys_detection_frauds/lib/python3.12/site-packages/airflow/example_dags/plugins/workday.py took 0.307 seconds
[2025-03-21T21:26:56.658+0000] {processor.py:186} INFO - Started process (PID=3753784) to work on /home/usmail/sys_fraud/sys_detection_frauds/lib/python3.12/site-packages/airflow/example_dags/plugins/workday.py
[2025-03-21T21:26:56.667+0000] {processor.py:914} INFO - Processing file /home/usmail/sys_fraud/sys_detection_frauds/lib/python3.12/site-packages/airflow/example_dags/plugins/workday.py for tasks to queue
[2025-03-21T21:26:56.670+0000] {logging_mixin.py:190} INFO - [2025-03-21T21:26:56.670+0000] {dagbag.py:588} INFO - Filling up the DagBag from /home/usmail/sys_fraud/sys_detection_frauds/lib/python3.12/site-packages/airflow/example_dags/plugins/workday.py
[2025-03-21T21:26:56.936+0000] {processor.py:927} WARNING - No viable dags retrieved from /home/usmail/sys_fraud/sys_detection_frauds/lib/python3.12/site-packages/airflow/example_dags/plugins/workday.py
[2025-03-21T21:26:56.943+0000] {processor.py:208} INFO - Processing /home/usmail/sys_fraud/sys_detection_frauds/lib/python3.12/site-packages/airflow/example_dags/plugins/workday.py took 0.297 seconds
[2025-03-21T21:27:58.007+0000] {processor.py:186} INFO - Started process (PID=3754409) to work on /home/usmail/sys_fraud/sys_detection_frauds/lib/python3.12/site-packages/airflow/example_dags/plugins/workday.py
[2025-03-21T21:27:58.016+0000] {processor.py:914} INFO - Processing file /home/usmail/sys_fraud/sys_detection_frauds/lib/python3.12/site-packages/airflow/example_dags/plugins/workday.py for tasks to queue
[2025-03-21T21:27:58.019+0000] {logging_mixin.py:190} INFO - [2025-03-21T21:27:58.019+0000] {dagbag.py:588} INFO - Filling up the DagBag from /home/usmail/sys_fraud/sys_detection_frauds/lib/python3.12/site-packages/airflow/example_dags/plugins/workday.py
[2025-03-21T21:27:58.291+0000] {processor.py:927} WARNING - No viable dags retrieved from /home/usmail/sys_fraud/sys_detection_frauds/lib/python3.12/site-packages/airflow/example_dags/plugins/workday.py
[2025-03-21T21:27:58.299+0000] {processor.py:208} INFO - Processing /home/usmail/sys_fraud/sys_detection_frauds/lib/python3.12/site-packages/airflow/example_dags/plugins/workday.py took 0.303 seconds
[2025-03-21T21:28:58.805+0000] {processor.py:186} INFO - Started process (PID=3755037) to work on /home/usmail/sys_fraud/sys_detection_frauds/lib/python3.12/site-packages/airflow/example_dags/plugins/workday.py
[2025-03-21T21:28:58.806+0000] {processor.py:914} INFO - Processing file /home/usmail/sys_fraud/sys_detection_frauds/lib/python3.12/site-packages/airflow/example_dags/plugins/workday.py for tasks to queue
[2025-03-21T21:28:58.809+0000] {logging_mixin.py:190} INFO - [2025-03-21T21:28:58.809+0000] {dagbag.py:588} INFO - Filling up the DagBag from /home/usmail/sys_fraud/sys_detection_frauds/lib/python3.12/site-packages/airflow/example_dags/plugins/workday.py
[2025-03-21T21:28:59.078+0000] {processor.py:927} WARNING - No viable dags retrieved from /home/usmail/sys_fraud/sys_detection_frauds/lib/python3.12/site-packages/airflow/example_dags/plugins/workday.py
[2025-03-21T21:28:59.085+0000] {processor.py:208} INFO - Processing /home/usmail/sys_fraud/sys_detection_frauds/lib/python3.12/site-packages/airflow/example_dags/plugins/workday.py took 0.292 seconds
[2025-03-21T21:30:02.848+0000] {processor.py:186} INFO - Started process (PID=3755713) to work on /home/usmail/sys_fraud/sys_detection_frauds/lib/python3.12/site-packages/airflow/example_dags/plugins/workday.py
[2025-03-21T21:30:02.857+0000] {processor.py:914} INFO - Processing file /home/usmail/sys_fraud/sys_detection_frauds/lib/python3.12/site-packages/airflow/example_dags/plugins/workday.py for tasks to queue
[2025-03-21T21:30:02.860+0000] {logging_mixin.py:190} INFO - [2025-03-21T21:30:02.860+0000] {dagbag.py:588} INFO - Filling up the DagBag from /home/usmail/sys_fraud/sys_detection_frauds/lib/python3.12/site-packages/airflow/example_dags/plugins/workday.py
[2025-03-21T21:30:03.141+0000] {processor.py:927} WARNING - No viable dags retrieved from /home/usmail/sys_fraud/sys_detection_frauds/lib/python3.12/site-packages/airflow/example_dags/plugins/workday.py
[2025-03-21T21:30:03.147+0000] {processor.py:208} INFO - Processing /home/usmail/sys_fraud/sys_detection_frauds/lib/python3.12/site-packages/airflow/example_dags/plugins/workday.py took 0.312 seconds
[2025-03-21T21:30:36.788+0000] {processor.py:186} INFO - Started process (PID=3756082) to work on /home/usmail/sys_fraud/sys_detection_frauds/lib/python3.12/site-packages/airflow/example_dags/plugins/workday.py
[2025-03-21T21:30:36.797+0000] {processor.py:914} INFO - Processing file /home/usmail/sys_fraud/sys_detection_frauds/lib/python3.12/site-packages/airflow/example_dags/plugins/workday.py for tasks to queue
[2025-03-21T21:30:36.801+0000] {logging_mixin.py:190} INFO - [2025-03-21T21:30:36.800+0000] {dagbag.py:588} INFO - Filling up the DagBag from /home/usmail/sys_fraud/sys_detection_frauds/lib/python3.12/site-packages/airflow/example_dags/plugins/workday.py
[2025-03-21T21:30:37.177+0000] {processor.py:927} WARNING - No viable dags retrieved from /home/usmail/sys_fraud/sys_detection_frauds/lib/python3.12/site-packages/airflow/example_dags/plugins/workday.py
[2025-03-21T21:30:37.182+0000] {processor.py:208} INFO - Processing /home/usmail/sys_fraud/sys_detection_frauds/lib/python3.12/site-packages/airflow/example_dags/plugins/workday.py took 0.406 seconds
[2025-03-21T21:31:09.302+0000] {processor.py:186} INFO - Started process (PID=3756415) to work on /home/usmail/sys_fraud/sys_detection_frauds/lib/python3.12/site-packages/airflow/example_dags/plugins/workday.py
[2025-03-21T21:31:09.311+0000] {processor.py:914} INFO - Processing file /home/usmail/sys_fraud/sys_detection_frauds/lib/python3.12/site-packages/airflow/example_dags/plugins/workday.py for tasks to queue
[2025-03-21T21:31:09.315+0000] {logging_mixin.py:190} INFO - [2025-03-21T21:31:09.314+0000] {dagbag.py:588} INFO - Filling up the DagBag from /home/usmail/sys_fraud/sys_detection_frauds/lib/python3.12/site-packages/airflow/example_dags/plugins/workday.py
[2025-03-21T21:31:09.682+0000] {processor.py:927} WARNING - No viable dags retrieved from /home/usmail/sys_fraud/sys_detection_frauds/lib/python3.12/site-packages/airflow/example_dags/plugins/workday.py
[2025-03-21T21:31:09.687+0000] {processor.py:208} INFO - Processing /home/usmail/sys_fraud/sys_detection_frauds/lib/python3.12/site-packages/airflow/example_dags/plugins/workday.py took 0.397 seconds
[2025-03-21T21:32:15.423+0000] {processor.py:186} INFO - Started process (PID=3757114) to work on /home/usmail/sys_fraud/sys_detection_frauds/lib/python3.12/site-packages/airflow/example_dags/plugins/workday.py
[2025-03-21T21:32:15.432+0000] {processor.py:914} INFO - Processing file /home/usmail/sys_fraud/sys_detection_frauds/lib/python3.12/site-packages/airflow/example_dags/plugins/workday.py for tasks to queue
[2025-03-21T21:32:15.435+0000] {logging_mixin.py:190} INFO - [2025-03-21T21:32:15.435+0000] {dagbag.py:588} INFO - Filling up the DagBag from /home/usmail/sys_fraud/sys_detection_frauds/lib/python3.12/site-packages/airflow/example_dags/plugins/workday.py
[2025-03-21T21:32:15.806+0000] {processor.py:927} WARNING - No viable dags retrieved from /home/usmail/sys_fraud/sys_detection_frauds/lib/python3.12/site-packages/airflow/example_dags/plugins/workday.py
[2025-03-21T21:32:15.811+0000] {processor.py:208} INFO - Processing /home/usmail/sys_fraud/sys_detection_frauds/lib/python3.12/site-packages/airflow/example_dags/plugins/workday.py took 0.401 seconds
[2025-03-21T21:33:17.198+0000] {processor.py:186} INFO - Started process (PID=3757756) to work on /home/usmail/sys_fraud/sys_detection_frauds/lib/python3.12/site-packages/airflow/example_dags/plugins/workday.py
[2025-03-21T21:33:17.207+0000] {processor.py:914} INFO - Processing file /home/usmail/sys_fraud/sys_detection_frauds/lib/python3.12/site-packages/airflow/example_dags/plugins/workday.py for tasks to queue
[2025-03-21T21:33:17.210+0000] {logging_mixin.py:190} INFO - [2025-03-21T21:33:17.210+0000] {dagbag.py:588} INFO - Filling up the DagBag from /home/usmail/sys_fraud/sys_detection_frauds/lib/python3.12/site-packages/airflow/example_dags/plugins/workday.py
[2025-03-21T21:33:17.481+0000] {processor.py:927} WARNING - No viable dags retrieved from /home/usmail/sys_fraud/sys_detection_frauds/lib/python3.12/site-packages/airflow/example_dags/plugins/workday.py
[2025-03-21T21:33:17.488+0000] {processor.py:208} INFO - Processing /home/usmail/sys_fraud/sys_detection_frauds/lib/python3.12/site-packages/airflow/example_dags/plugins/workday.py took 0.302 seconds
[2025-03-21T22:19:18.307+0000] {processor.py:186} INFO - Started process (PID=3758397) to work on /home/usmail/sys_fraud/sys_detection_frauds/lib/python3.12/site-packages/airflow/example_dags/plugins/workday.py
[2025-03-21T22:19:18.308+0000] {processor.py:914} INFO - Processing file /home/usmail/sys_fraud/sys_detection_frauds/lib/python3.12/site-packages/airflow/example_dags/plugins/workday.py for tasks to queue
[2025-03-21T22:19:18.310+0000] {logging_mixin.py:190} INFO - [2025-03-21T22:19:18.310+0000] {dagbag.py:588} INFO - Filling up the DagBag from /home/usmail/sys_fraud/sys_detection_frauds/lib/python3.12/site-packages/airflow/example_dags/plugins/workday.py
[2025-03-21T22:19:18.720+0000] {processor.py:927} WARNING - No viable dags retrieved from /home/usmail/sys_fraud/sys_detection_frauds/lib/python3.12/site-packages/airflow/example_dags/plugins/workday.py
[2025-03-21T22:19:18.725+0000] {processor.py:208} INFO - Processing /home/usmail/sys_fraud/sys_detection_frauds/lib/python3.12/site-packages/airflow/example_dags/plugins/workday.py took 0.427 seconds
[2025-03-21T22:20:14.024+0000] {processor.py:186} INFO - Started process (PID=3759255) to work on /home/usmail/sys_fraud/sys_detection_frauds/lib/python3.12/site-packages/airflow/example_dags/plugins/workday.py
[2025-03-21T22:20:14.026+0000] {processor.py:914} INFO - Processing file /home/usmail/sys_fraud/sys_detection_frauds/lib/python3.12/site-packages/airflow/example_dags/plugins/workday.py for tasks to queue
[2025-03-21T22:20:14.028+0000] {logging_mixin.py:190} INFO - [2025-03-21T22:20:14.027+0000] {dagbag.py:588} INFO - Filling up the DagBag from /home/usmail/sys_fraud/sys_detection_frauds/lib/python3.12/site-packages/airflow/example_dags/plugins/workday.py
[2025-03-21T22:20:14.524+0000] {processor.py:927} WARNING - No viable dags retrieved from /home/usmail/sys_fraud/sys_detection_frauds/lib/python3.12/site-packages/airflow/example_dags/plugins/workday.py
[2025-03-21T22:20:14.530+0000] {processor.py:208} INFO - Processing /home/usmail/sys_fraud/sys_detection_frauds/lib/python3.12/site-packages/airflow/example_dags/plugins/workday.py took 0.512 seconds
[2025-03-21T22:20:47.390+0000] {processor.py:186} INFO - Started process (PID=3759705) to work on /home/usmail/sys_fraud/sys_detection_frauds/lib/python3.12/site-packages/airflow/example_dags/plugins/workday.py
[2025-03-21T22:20:47.400+0000] {processor.py:914} INFO - Processing file /home/usmail/sys_fraud/sys_detection_frauds/lib/python3.12/site-packages/airflow/example_dags/plugins/workday.py for tasks to queue
[2025-03-21T22:20:47.403+0000] {logging_mixin.py:190} INFO - [2025-03-21T22:20:47.402+0000] {dagbag.py:588} INFO - Filling up the DagBag from /home/usmail/sys_fraud/sys_detection_frauds/lib/python3.12/site-packages/airflow/example_dags/plugins/workday.py
[2025-03-21T22:20:47.790+0000] {processor.py:927} WARNING - No viable dags retrieved from /home/usmail/sys_fraud/sys_detection_frauds/lib/python3.12/site-packages/airflow/example_dags/plugins/workday.py
[2025-03-21T22:20:47.795+0000] {processor.py:208} INFO - Processing /home/usmail/sys_fraud/sys_detection_frauds/lib/python3.12/site-packages/airflow/example_dags/plugins/workday.py took 0.416 seconds
[2025-03-21T22:21:48.032+0000] {processor.py:186} INFO - Started process (PID=3760575) to work on /home/usmail/sys_fraud/sys_detection_frauds/lib/python3.12/site-packages/airflow/example_dags/plugins/workday.py
[2025-03-21T22:21:48.042+0000] {processor.py:914} INFO - Processing file /home/usmail/sys_fraud/sys_detection_frauds/lib/python3.12/site-packages/airflow/example_dags/plugins/workday.py for tasks to queue
[2025-03-21T22:21:48.044+0000] {logging_mixin.py:190} INFO - [2025-03-21T22:21:48.043+0000] {dagbag.py:588} INFO - Filling up the DagBag from /home/usmail/sys_fraud/sys_detection_frauds/lib/python3.12/site-packages/airflow/example_dags/plugins/workday.py
[2025-03-21T22:21:48.432+0000] {processor.py:927} WARNING - No viable dags retrieved from /home/usmail/sys_fraud/sys_detection_frauds/lib/python3.12/site-packages/airflow/example_dags/plugins/workday.py
[2025-03-21T22:21:48.437+0000] {processor.py:208} INFO - Processing /home/usmail/sys_fraud/sys_detection_frauds/lib/python3.12/site-packages/airflow/example_dags/plugins/workday.py took 0.416 seconds
