[2025-03-22T20:53:27.709+0000] {local_task_job_runner.py:123} INFO - ::group::Pre task execution logs
[2025-03-22T20:53:27.720+0000] {taskinstance.py:2614} INFO - Dependencies all met for dep_context=non-requeueable deps ti=<TaskInstance: fraud_detection_pipeline.create_tables manual__2025-03-22T19:27:34.383701+00:00 [queued]>
[2025-03-22T20:53:27.726+0000] {taskinstance.py:2614} INFO - Dependencies all met for dep_context=requeueable deps ti=<TaskInstance: fraud_detection_pipeline.create_tables manual__2025-03-22T19:27:34.383701+00:00 [queued]>
[2025-03-22T20:53:27.726+0000] {taskinstance.py:2867} INFO - Starting attempt 2 of 5
[2025-03-22T20:53:27.740+0000] {taskinstance.py:2890} INFO - Executing <Task(PythonOperator): create_tables> on 2025-03-22 19:27:34.383701+00:00
[2025-03-22T20:53:27.745+0000] {standard_task_runner.py:72} INFO - Started process 268711 to run task
[2025-03-22T20:53:27.749+0000] {standard_task_runner.py:104} INFO - Running: ['airflow', 'tasks', 'run', 'fraud_detection_pipeline', 'create_tables', 'manual__2025-03-22T19:27:34.383701+00:00', '--job-id', '74', '--raw', '--subdir', 'DAGS_FOLDER/dags.py', '--cfg-path', '/tmp/tmpiyrpfk4z']
[2025-03-22T20:53:27.750+0000] {standard_task_runner.py:105} INFO - Job 74: Subtask create_tables
[2025-03-22T20:53:27.770+0000] {task_command.py:467} INFO - Running <TaskInstance: fraud_detection_pipeline.create_tables manual__2025-03-22T19:27:34.383701+00:00 [running]> on host usmail-ThinkBook-14-G2-ITL
[2025-03-22T20:53:27.824+0000] {taskinstance.py:3134} INFO - Exporting env vars: AIRFLOW_CTX_DAG_OWNER='airflow' AIRFLOW_CTX_DAG_ID='fraud_detection_pipeline' AIRFLOW_CTX_TASK_ID='create_tables' AIRFLOW_CTX_EXECUTION_DATE='2025-03-22T19:27:34.383701+00:00' AIRFLOW_CTX_TRY_NUMBER='2' AIRFLOW_CTX_DAG_RUN_ID='manual__2025-03-22T19:27:34.383701+00:00'
[2025-03-22T20:53:27.824+0000] {taskinstance.py:732} INFO - ::endgroup::
[2025-03-22T20:53:27.840+0000] {hive.py:475} INFO - USE `default`
[2025-03-22T20:53:27.849+0000] {hive.py:475} INFO - 
        CREATE TABLE IF NOT EXISTS customers (
            customer_id STRING, 
            account_history ARRAY<STRING>, 
            age INT,
            location STRING,
            avg_transaction_value STRING
        )
        LOCATION 'hdfs://namenode:9001/hive_warehouse'
        
[2025-03-22T20:53:27.857+0000] {hive.py:475} INFO - 
        CREATE TABLE  IF NOT EXISTS  transactions (
        transaction_id STRING,
        date_time TIMESTAMP,
        amount DOUBLE,
        currency STRING,
        merchant_details STRING,
        customer_id STRING,
        transaction_type STRING,
        location STRING
        )
         LOCATION 'hdfs://namenode:9001/hive_warehouse'
        
        
[2025-03-22T20:53:27.866+0000] {hive.py:475} INFO - 
        CREATE TABLE  IF NOT EXISTS  external_data (
        blacklist_info ARRAY<STRING>,
        credit_scores MAP<STRING, INT>,
        fraud_reports MAP<STRING, INT>


        )
         LOCATION 'hdfs://namenode:9001/hive_warehouse'
        
[2025-03-22T20:53:27.878+0000] {dags.py:207} INFO - Hive tables created successfully
[2025-03-22T20:53:27.878+0000] {python.py:240} INFO - Done. Returned value was: True
[2025-03-22T20:53:27.893+0000] {taskinstance.py:341} INFO - ::group::Post task execution logs
[2025-03-22T20:53:27.893+0000] {taskinstance.py:353} INFO - Marking task as SUCCESS. dag_id=fraud_detection_pipeline, task_id=create_tables, run_id=manual__2025-03-22T19:27:34.383701+00:00, execution_date=20250322T192734, start_date=20250322T205327, end_date=20250322T205327
[2025-03-22T20:53:27.921+0000] {local_task_job_runner.py:266} INFO - Task exited with return code 0
[2025-03-22T20:53:27.928+0000] {taskinstance.py:3901} INFO - 0 downstream tasks scheduled from follow-on schedule check
[2025-03-22T20:53:27.929+0000] {local_task_job_runner.py:245} INFO - ::endgroup::
