[2025-03-22T21:04:51.571+0000] {local_task_job_runner.py:123} INFO - ::group::Pre task execution logs
[2025-03-22T21:04:51.585+0000] {taskinstance.py:2614} INFO - Dependencies all met for dep_context=non-requeueable deps ti=<TaskInstance: fraud_detection_pipeline.create_tables manual__2025-03-22T19:27:34.383701+00:00 [queued]>
[2025-03-22T21:04:51.596+0000] {taskinstance.py:2614} INFO - Dependencies all met for dep_context=requeueable deps ti=<TaskInstance: fraud_detection_pipeline.create_tables manual__2025-03-22T19:27:34.383701+00:00 [queued]>
[2025-03-22T21:04:51.597+0000] {taskinstance.py:2867} INFO - Starting attempt 4 of 7
[2025-03-22T21:04:51.606+0000] {taskinstance.py:2890} INFO - Executing <Task(PythonOperator): create_tables> on 2025-03-22 19:27:34.383701+00:00
[2025-03-22T21:04:51.614+0000] {standard_task_runner.py:72} INFO - Started process 281808 to run task
[2025-03-22T21:04:51.615+0000] {standard_task_runner.py:104} INFO - Running: ['airflow', 'tasks', 'run', 'fraud_detection_pipeline', 'create_tables', 'manual__2025-03-22T19:27:34.383701+00:00', '--job-id', '89', '--raw', '--subdir', 'DAGS_FOLDER/dags.py', '--cfg-path', '/tmp/tmpp76oh5f4']
[2025-03-22T21:04:51.617+0000] {standard_task_runner.py:105} INFO - Job 89: Subtask create_tables
[2025-03-22T21:04:51.648+0000] {task_command.py:467} INFO - Running <TaskInstance: fraud_detection_pipeline.create_tables manual__2025-03-22T19:27:34.383701+00:00 [running]> on host usmail-ThinkBook-14-G2-ITL
[2025-03-22T21:04:51.708+0000] {taskinstance.py:3134} INFO - Exporting env vars: AIRFLOW_CTX_DAG_OWNER='airflow' AIRFLOW_CTX_DAG_ID='fraud_detection_pipeline' AIRFLOW_CTX_TASK_ID='create_tables' AIRFLOW_CTX_EXECUTION_DATE='2025-03-22T19:27:34.383701+00:00' AIRFLOW_CTX_TRY_NUMBER='4' AIRFLOW_CTX_DAG_RUN_ID='manual__2025-03-22T19:27:34.383701+00:00'
[2025-03-22T21:04:51.710+0000] {taskinstance.py:732} INFO - ::endgroup::
[2025-03-22T21:04:51.731+0000] {hive.py:475} INFO - USE `default`
[2025-03-22T21:04:51.762+0000] {hive.py:475} INFO - 
        CREATE TABLE IF NOT EXISTS customers (
            customer_id STRING, 
            account_history ARRAY<STRING>, 
            age INT,
            location STRING,
            avg_transaction_value STRING
        )
        LOCATION 'hdfs://namenode:9001/hive_warehouse'
        
[2025-03-22T21:04:51.768+0000] {hive.py:475} INFO - 
        CREATE TABLE  IF NOT EXISTS  transactions (
        transaction_id STRING,
        date_time TIMESTAMP,
        amount DOUBLE,
        currency STRING,
        merchant_details STRING,
        customer_id STRING,
        transaction_type STRING,
        location STRING
        )
         LOCATION 'hdfs://namenode:9001/hive_warehouse'
        
        
[2025-03-22T21:04:51.776+0000] {hive.py:475} INFO - 
        CREATE TABLE  IF NOT EXISTS  external_data (
        blacklist_info ARRAY<STRING>,
        credit_scores MAP<STRING, INT>,
        fraud_reports MAP<STRING, INT>


        )
         LOCATION 'hdfs://namenode:9001/hive_warehouse'
        
[2025-03-22T21:04:51.782+0000] {dags.py:207} INFO - Hive tables created successfully
[2025-03-22T21:04:51.782+0000] {python.py:240} INFO - Done. Returned value was: True
[2025-03-22T21:04:51.793+0000] {taskinstance.py:341} INFO - ::group::Post task execution logs
[2025-03-22T21:04:51.793+0000] {taskinstance.py:353} INFO - Marking task as SUCCESS. dag_id=fraud_detection_pipeline, task_id=create_tables, run_id=manual__2025-03-22T19:27:34.383701+00:00, execution_date=20250322T192734, start_date=20250322T210451, end_date=20250322T210451
[2025-03-22T21:04:51.829+0000] {local_task_job_runner.py:266} INFO - Task exited with return code 0
[2025-03-22T21:04:51.838+0000] {taskinstance.py:3901} INFO - 1 downstream tasks scheduled from follow-on schedule check
[2025-03-22T21:04:51.842+0000] {local_task_job_runner.py:245} INFO - ::endgroup::
