[2025-03-21T20:49:31.335+0000] {processor.py:186} INFO - Started process (PID=3722893) to work on /home/usmail/sys_fraud/sys_detection_frauds/lib/python3.12/site-packages/airflow/example_dags/example_workday_timetable.py
[2025-03-21T20:49:31.335+0000] {processor.py:914} INFO - Processing file /home/usmail/sys_fraud/sys_detection_frauds/lib/python3.12/site-packages/airflow/example_dags/example_workday_timetable.py for tasks to queue
[2025-03-21T20:49:31.336+0000] {logging_mixin.py:190} INFO - [2025-03-21T20:49:31.336+0000] {dagbag.py:588} INFO - Filling up the DagBag from /home/usmail/sys_fraud/sys_detection_frauds/lib/python3.12/site-packages/airflow/example_dags/example_workday_timetable.py
[2025-03-21T20:49:31.340+0000] {processor.py:925} INFO - DAG(s) 'example_workday_timetable' retrieved from /home/usmail/sys_fraud/sys_detection_frauds/lib/python3.12/site-packages/airflow/example_dags/example_workday_timetable.py
[2025-03-21T20:49:31.413+0000] {logging_mixin.py:190} INFO - [2025-03-21T20:49:31.412+0000] {override.py:1912} INFO - Created Permission View: can edit on DAG:example_workday_timetable
[2025-03-21T20:49:31.420+0000] {logging_mixin.py:190} INFO - [2025-03-21T20:49:31.420+0000] {override.py:1912} INFO - Created Permission View: can read on DAG:example_workday_timetable
[2025-03-21T20:49:31.426+0000] {logging_mixin.py:190} INFO - [2025-03-21T20:49:31.425+0000] {override.py:1912} INFO - Created Permission View: can delete on DAG:example_workday_timetable
[2025-03-21T20:49:31.434+0000] {logging_mixin.py:190} INFO - [2025-03-21T20:49:31.433+0000] {override.py:1912} INFO - Created Permission View: can create on DAG Run:example_workday_timetable
[2025-03-21T20:49:31.439+0000] {logging_mixin.py:190} INFO - [2025-03-21T20:49:31.439+0000] {override.py:1912} INFO - Created Permission View: menu access on DAG Run:example_workday_timetable
[2025-03-21T20:49:31.445+0000] {logging_mixin.py:190} INFO - [2025-03-21T20:49:31.445+0000] {override.py:1912} INFO - Created Permission View: can read on DAG Run:example_workday_timetable
[2025-03-21T20:49:31.453+0000] {logging_mixin.py:190} INFO - [2025-03-21T20:49:31.452+0000] {override.py:1912} INFO - Created Permission View: can delete on DAG Run:example_workday_timetable
[2025-03-21T20:49:31.453+0000] {logging_mixin.py:190} INFO - [2025-03-21T20:49:31.453+0000] {dag.py:3239} INFO - Sync 1 DAGs
[2025-03-21T20:49:31.462+0000] {logging_mixin.py:190} INFO - [2025-03-21T20:49:31.462+0000] {dag.py:3262} INFO - Creating ORM DAG for example_workday_timetable
[2025-03-21T20:49:31.467+0000] {logging_mixin.py:190} INFO - [2025-03-21T20:49:31.467+0000] {dag.py:4180} INFO - Setting next_dagrun for example_workday_timetable to 2021-01-01 00:00:00+00:00, run_after=2021-01-02 00:00:00+00:00
[2025-03-21T20:49:31.479+0000] {processor.py:208} INFO - Processing /home/usmail/sys_fraud/sys_detection_frauds/lib/python3.12/site-packages/airflow/example_dags/example_workday_timetable.py took 0.149 seconds
[2025-03-21T20:50:31.385+0000] {processor.py:186} INFO - Started process (PID=3723626) to work on /home/usmail/sys_fraud/sys_detection_frauds/lib/python3.12/site-packages/airflow/example_dags/example_workday_timetable.py
[2025-03-21T20:50:31.394+0000] {processor.py:914} INFO - Processing file /home/usmail/sys_fraud/sys_detection_frauds/lib/python3.12/site-packages/airflow/example_dags/example_workday_timetable.py for tasks to queue
[2025-03-21T20:50:31.395+0000] {logging_mixin.py:190} INFO - [2025-03-21T20:50:31.395+0000] {dagbag.py:588} INFO - Filling up the DagBag from /home/usmail/sys_fraud/sys_detection_frauds/lib/python3.12/site-packages/airflow/example_dags/example_workday_timetable.py
[2025-03-21T20:50:31.399+0000] {processor.py:925} INFO - DAG(s) 'example_workday_timetable' retrieved from /home/usmail/sys_fraud/sys_detection_frauds/lib/python3.12/site-packages/airflow/example_dags/example_workday_timetable.py
[2025-03-21T20:50:31.408+0000] {logging_mixin.py:190} INFO - [2025-03-21T20:50:31.408+0000] {dag.py:3239} INFO - Sync 1 DAGs
[2025-03-21T20:50:31.422+0000] {logging_mixin.py:190} INFO - [2025-03-21T20:50:31.422+0000] {dag.py:4180} INFO - Setting next_dagrun for example_workday_timetable to 2021-01-01 00:00:00+00:00, run_after=2021-01-02 00:00:00+00:00
[2025-03-21T20:50:31.439+0000] {processor.py:208} INFO - Processing /home/usmail/sys_fraud/sys_detection_frauds/lib/python3.12/site-packages/airflow/example_dags/example_workday_timetable.py took 0.057 seconds
[2025-03-21T20:51:26.743+0000] {processor.py:186} INFO - Started process (PID=3724320) to work on /home/usmail/sys_fraud/sys_detection_frauds/lib/python3.12/site-packages/airflow/example_dags/example_workday_timetable.py
[2025-03-21T20:51:26.744+0000] {processor.py:914} INFO - Processing file /home/usmail/sys_fraud/sys_detection_frauds/lib/python3.12/site-packages/airflow/example_dags/example_workday_timetable.py for tasks to queue
[2025-03-21T20:51:26.747+0000] {logging_mixin.py:190} INFO - [2025-03-21T20:51:26.747+0000] {dagbag.py:588} INFO - Filling up the DagBag from /home/usmail/sys_fraud/sys_detection_frauds/lib/python3.12/site-packages/airflow/example_dags/example_workday_timetable.py
[2025-03-21T20:51:26.753+0000] {processor.py:925} INFO - DAG(s) 'example_workday_timetable' retrieved from /home/usmail/sys_fraud/sys_detection_frauds/lib/python3.12/site-packages/airflow/example_dags/example_workday_timetable.py
[2025-03-21T20:51:26.761+0000] {logging_mixin.py:190} INFO - [2025-03-21T20:51:26.760+0000] {dag.py:3239} INFO - Sync 1 DAGs
[2025-03-21T20:51:26.772+0000] {logging_mixin.py:190} INFO - [2025-03-21T20:51:26.772+0000] {dag.py:4180} INFO - Setting next_dagrun for example_workday_timetable to 2021-01-01 00:00:00+00:00, run_after=2021-01-02 00:00:00+00:00
[2025-03-21T20:51:26.785+0000] {processor.py:208} INFO - Processing /home/usmail/sys_fraud/sys_detection_frauds/lib/python3.12/site-packages/airflow/example_dags/example_workday_timetable.py took 0.051 seconds
[2025-03-21T20:52:17.449+0000] {processor.py:186} INFO - Started process (PID=3724959) to work on /home/usmail/sys_fraud/sys_detection_frauds/lib/python3.12/site-packages/airflow/example_dags/example_workday_timetable.py
[2025-03-21T20:52:17.451+0000] {processor.py:914} INFO - Processing file /home/usmail/sys_fraud/sys_detection_frauds/lib/python3.12/site-packages/airflow/example_dags/example_workday_timetable.py for tasks to queue
[2025-03-21T20:52:17.453+0000] {logging_mixin.py:190} INFO - [2025-03-21T20:52:17.453+0000] {dagbag.py:588} INFO - Filling up the DagBag from /home/usmail/sys_fraud/sys_detection_frauds/lib/python3.12/site-packages/airflow/example_dags/example_workday_timetable.py
[2025-03-21T20:52:17.459+0000] {processor.py:925} INFO - DAG(s) 'example_workday_timetable' retrieved from /home/usmail/sys_fraud/sys_detection_frauds/lib/python3.12/site-packages/airflow/example_dags/example_workday_timetable.py
[2025-03-21T20:52:17.466+0000] {logging_mixin.py:190} INFO - [2025-03-21T20:52:17.466+0000] {dag.py:3239} INFO - Sync 1 DAGs
[2025-03-21T20:52:17.477+0000] {logging_mixin.py:190} INFO - [2025-03-21T20:52:17.477+0000] {dag.py:4180} INFO - Setting next_dagrun for example_workday_timetable to 2021-01-01 00:00:00+00:00, run_after=2021-01-02 00:00:00+00:00
[2025-03-21T20:52:17.489+0000] {processor.py:208} INFO - Processing /home/usmail/sys_fraud/sys_detection_frauds/lib/python3.12/site-packages/airflow/example_dags/example_workday_timetable.py took 0.048 seconds
[2025-03-21T20:53:09.779+0000] {processor.py:186} INFO - Started process (PID=3725538) to work on /home/usmail/sys_fraud/sys_detection_frauds/lib/python3.12/site-packages/airflow/example_dags/example_workday_timetable.py
[2025-03-21T20:53:09.788+0000] {processor.py:914} INFO - Processing file /home/usmail/sys_fraud/sys_detection_frauds/lib/python3.12/site-packages/airflow/example_dags/example_workday_timetable.py for tasks to queue
[2025-03-21T20:53:09.791+0000] {logging_mixin.py:190} INFO - [2025-03-21T20:53:09.791+0000] {dagbag.py:588} INFO - Filling up the DagBag from /home/usmail/sys_fraud/sys_detection_frauds/lib/python3.12/site-packages/airflow/example_dags/example_workday_timetable.py
[2025-03-21T20:53:09.799+0000] {processor.py:925} INFO - DAG(s) 'example_workday_timetable' retrieved from /home/usmail/sys_fraud/sys_detection_frauds/lib/python3.12/site-packages/airflow/example_dags/example_workday_timetable.py
[2025-03-21T20:53:09.807+0000] {logging_mixin.py:190} INFO - [2025-03-21T20:53:09.807+0000] {dag.py:3239} INFO - Sync 1 DAGs
[2025-03-21T20:53:09.820+0000] {logging_mixin.py:190} INFO - [2025-03-21T20:53:09.819+0000] {dag.py:4180} INFO - Setting next_dagrun for example_workday_timetable to 2021-01-01 00:00:00+00:00, run_after=2021-01-02 00:00:00+00:00
[2025-03-21T20:53:09.832+0000] {processor.py:208} INFO - Processing /home/usmail/sys_fraud/sys_detection_frauds/lib/python3.12/site-packages/airflow/example_dags/example_workday_timetable.py took 0.062 seconds
[2025-03-21T20:54:04.829+0000] {processor.py:186} INFO - Started process (PID=3726211) to work on /home/usmail/sys_fraud/sys_detection_frauds/lib/python3.12/site-packages/airflow/example_dags/example_workday_timetable.py
[2025-03-21T20:54:04.838+0000] {processor.py:914} INFO - Processing file /home/usmail/sys_fraud/sys_detection_frauds/lib/python3.12/site-packages/airflow/example_dags/example_workday_timetable.py for tasks to queue
[2025-03-21T20:54:04.840+0000] {logging_mixin.py:190} INFO - [2025-03-21T20:54:04.840+0000] {dagbag.py:588} INFO - Filling up the DagBag from /home/usmail/sys_fraud/sys_detection_frauds/lib/python3.12/site-packages/airflow/example_dags/example_workday_timetable.py
[2025-03-21T20:54:04.845+0000] {processor.py:925} INFO - DAG(s) 'example_workday_timetable' retrieved from /home/usmail/sys_fraud/sys_detection_frauds/lib/python3.12/site-packages/airflow/example_dags/example_workday_timetable.py
[2025-03-21T20:54:04.855+0000] {logging_mixin.py:190} INFO - [2025-03-21T20:54:04.854+0000] {dag.py:3239} INFO - Sync 1 DAGs
[2025-03-21T20:54:04.964+0000] {logging_mixin.py:190} INFO - [2025-03-21T20:54:04.964+0000] {dag.py:4180} INFO - Setting next_dagrun for example_workday_timetable to 2021-01-01 00:00:00+00:00, run_after=2021-01-02 00:00:00+00:00
[2025-03-21T20:54:04.988+0000] {processor.py:208} INFO - Processing /home/usmail/sys_fraud/sys_detection_frauds/lib/python3.12/site-packages/airflow/example_dags/example_workday_timetable.py took 0.164 seconds
[2025-03-21T20:54:56.285+0000] {processor.py:186} INFO - Started process (PID=3726882) to work on /home/usmail/sys_fraud/sys_detection_frauds/lib/python3.12/site-packages/airflow/example_dags/example_workday_timetable.py
[2025-03-21T20:54:56.293+0000] {processor.py:914} INFO - Processing file /home/usmail/sys_fraud/sys_detection_frauds/lib/python3.12/site-packages/airflow/example_dags/example_workday_timetable.py for tasks to queue
[2025-03-21T20:54:56.297+0000] {logging_mixin.py:190} INFO - [2025-03-21T20:54:56.296+0000] {dagbag.py:588} INFO - Filling up the DagBag from /home/usmail/sys_fraud/sys_detection_frauds/lib/python3.12/site-packages/airflow/example_dags/example_workday_timetable.py
[2025-03-21T20:54:56.302+0000] {processor.py:925} INFO - DAG(s) 'example_workday_timetable' retrieved from /home/usmail/sys_fraud/sys_detection_frauds/lib/python3.12/site-packages/airflow/example_dags/example_workday_timetable.py
[2025-03-21T20:54:56.310+0000] {logging_mixin.py:190} INFO - [2025-03-21T20:54:56.310+0000] {dag.py:3239} INFO - Sync 1 DAGs
[2025-03-21T20:54:56.322+0000] {logging_mixin.py:190} INFO - [2025-03-21T20:54:56.321+0000] {dag.py:4180} INFO - Setting next_dagrun for example_workday_timetable to 2021-01-01 00:00:00+00:00, run_after=2021-01-02 00:00:00+00:00
[2025-03-21T20:54:56.334+0000] {processor.py:208} INFO - Processing /home/usmail/sys_fraud/sys_detection_frauds/lib/python3.12/site-packages/airflow/example_dags/example_workday_timetable.py took 0.054 seconds
[2025-03-21T20:55:47.307+0000] {processor.py:186} INFO - Started process (PID=3727475) to work on /home/usmail/sys_fraud/sys_detection_frauds/lib/python3.12/site-packages/airflow/example_dags/example_workday_timetable.py
[2025-03-21T20:55:47.316+0000] {processor.py:914} INFO - Processing file /home/usmail/sys_fraud/sys_detection_frauds/lib/python3.12/site-packages/airflow/example_dags/example_workday_timetable.py for tasks to queue
[2025-03-21T20:55:47.320+0000] {logging_mixin.py:190} INFO - [2025-03-21T20:55:47.319+0000] {dagbag.py:588} INFO - Filling up the DagBag from /home/usmail/sys_fraud/sys_detection_frauds/lib/python3.12/site-packages/airflow/example_dags/example_workday_timetable.py
[2025-03-21T20:55:47.327+0000] {processor.py:925} INFO - DAG(s) 'example_workday_timetable' retrieved from /home/usmail/sys_fraud/sys_detection_frauds/lib/python3.12/site-packages/airflow/example_dags/example_workday_timetable.py
[2025-03-21T20:55:47.335+0000] {logging_mixin.py:190} INFO - [2025-03-21T20:55:47.335+0000] {dag.py:3239} INFO - Sync 1 DAGs
[2025-03-21T20:55:47.347+0000] {logging_mixin.py:190} INFO - [2025-03-21T20:55:47.347+0000] {dag.py:4180} INFO - Setting next_dagrun for example_workday_timetable to 2021-01-01 00:00:00+00:00, run_after=2021-01-02 00:00:00+00:00
[2025-03-21T20:55:47.360+0000] {processor.py:208} INFO - Processing /home/usmail/sys_fraud/sys_detection_frauds/lib/python3.12/site-packages/airflow/example_dags/example_workday_timetable.py took 0.061 seconds
[2025-03-21T20:56:36.509+0000] {processor.py:186} INFO - Started process (PID=3728137) to work on /home/usmail/sys_fraud/sys_detection_frauds/lib/python3.12/site-packages/airflow/example_dags/example_workday_timetable.py
[2025-03-21T20:56:36.518+0000] {processor.py:914} INFO - Processing file /home/usmail/sys_fraud/sys_detection_frauds/lib/python3.12/site-packages/airflow/example_dags/example_workday_timetable.py for tasks to queue
[2025-03-21T20:56:36.522+0000] {logging_mixin.py:190} INFO - [2025-03-21T20:56:36.521+0000] {dagbag.py:588} INFO - Filling up the DagBag from /home/usmail/sys_fraud/sys_detection_frauds/lib/python3.12/site-packages/airflow/example_dags/example_workday_timetable.py
[2025-03-21T20:56:36.529+0000] {processor.py:925} INFO - DAG(s) 'example_workday_timetable' retrieved from /home/usmail/sys_fraud/sys_detection_frauds/lib/python3.12/site-packages/airflow/example_dags/example_workday_timetable.py
[2025-03-21T20:56:36.538+0000] {logging_mixin.py:190} INFO - [2025-03-21T20:56:36.538+0000] {dag.py:3239} INFO - Sync 1 DAGs
[2025-03-21T20:56:36.550+0000] {logging_mixin.py:190} INFO - [2025-03-21T20:56:36.549+0000] {dag.py:4180} INFO - Setting next_dagrun for example_workday_timetable to 2021-01-01 00:00:00+00:00, run_after=2021-01-02 00:00:00+00:00
[2025-03-21T20:56:36.570+0000] {processor.py:208} INFO - Processing /home/usmail/sys_fraud/sys_detection_frauds/lib/python3.12/site-packages/airflow/example_dags/example_workday_timetable.py took 0.070 seconds
[2025-03-21T20:57:31.162+0000] {processor.py:186} INFO - Started process (PID=3728958) to work on /home/usmail/sys_fraud/sys_detection_frauds/lib/python3.12/site-packages/airflow/example_dags/example_workday_timetable.py
[2025-03-21T20:57:31.171+0000] {processor.py:914} INFO - Processing file /home/usmail/sys_fraud/sys_detection_frauds/lib/python3.12/site-packages/airflow/example_dags/example_workday_timetable.py for tasks to queue
[2025-03-21T20:57:31.174+0000] {logging_mixin.py:190} INFO - [2025-03-21T20:57:31.174+0000] {dagbag.py:588} INFO - Filling up the DagBag from /home/usmail/sys_fraud/sys_detection_frauds/lib/python3.12/site-packages/airflow/example_dags/example_workday_timetable.py
[2025-03-21T20:57:31.182+0000] {processor.py:925} INFO - DAG(s) 'example_workday_timetable' retrieved from /home/usmail/sys_fraud/sys_detection_frauds/lib/python3.12/site-packages/airflow/example_dags/example_workday_timetable.py
[2025-03-21T20:57:31.191+0000] {logging_mixin.py:190} INFO - [2025-03-21T20:57:31.191+0000] {dag.py:3239} INFO - Sync 1 DAGs
[2025-03-21T20:57:31.202+0000] {logging_mixin.py:190} INFO - [2025-03-21T20:57:31.202+0000] {dag.py:4180} INFO - Setting next_dagrun for example_workday_timetable to 2021-01-01 00:00:00+00:00, run_after=2021-01-02 00:00:00+00:00
[2025-03-21T20:57:31.213+0000] {processor.py:208} INFO - Processing /home/usmail/sys_fraud/sys_detection_frauds/lib/python3.12/site-packages/airflow/example_dags/example_workday_timetable.py took 0.055 seconds
[2025-03-21T20:58:21.904+0000] {processor.py:186} INFO - Started process (PID=3729502) to work on /home/usmail/sys_fraud/sys_detection_frauds/lib/python3.12/site-packages/airflow/example_dags/example_workday_timetable.py
[2025-03-21T20:58:21.913+0000] {processor.py:914} INFO - Processing file /home/usmail/sys_fraud/sys_detection_frauds/lib/python3.12/site-packages/airflow/example_dags/example_workday_timetable.py for tasks to queue
[2025-03-21T20:58:21.917+0000] {logging_mixin.py:190} INFO - [2025-03-21T20:58:21.916+0000] {dagbag.py:588} INFO - Filling up the DagBag from /home/usmail/sys_fraud/sys_detection_frauds/lib/python3.12/site-packages/airflow/example_dags/example_workday_timetable.py
[2025-03-21T20:58:21.924+0000] {processor.py:925} INFO - DAG(s) 'example_workday_timetable' retrieved from /home/usmail/sys_fraud/sys_detection_frauds/lib/python3.12/site-packages/airflow/example_dags/example_workday_timetable.py
[2025-03-21T20:58:21.933+0000] {logging_mixin.py:190} INFO - [2025-03-21T20:58:21.933+0000] {dag.py:3239} INFO - Sync 1 DAGs
[2025-03-21T20:58:21.944+0000] {logging_mixin.py:190} INFO - [2025-03-21T20:58:21.944+0000] {dag.py:4180} INFO - Setting next_dagrun for example_workday_timetable to 2021-01-01 00:00:00+00:00, run_after=2021-01-02 00:00:00+00:00
[2025-03-21T20:58:21.956+0000] {processor.py:208} INFO - Processing /home/usmail/sys_fraud/sys_detection_frauds/lib/python3.12/site-packages/airflow/example_dags/example_workday_timetable.py took 0.060 seconds
[2025-03-21T20:59:25.829+0000] {processor.py:186} INFO - Started process (PID=3730405) to work on /home/usmail/sys_fraud/sys_detection_frauds/lib/python3.12/site-packages/airflow/example_dags/example_workday_timetable.py
[2025-03-21T20:59:25.838+0000] {processor.py:914} INFO - Processing file /home/usmail/sys_fraud/sys_detection_frauds/lib/python3.12/site-packages/airflow/example_dags/example_workday_timetable.py for tasks to queue
[2025-03-21T20:59:25.841+0000] {logging_mixin.py:190} INFO - [2025-03-21T20:59:25.841+0000] {dagbag.py:588} INFO - Filling up the DagBag from /home/usmail/sys_fraud/sys_detection_frauds/lib/python3.12/site-packages/airflow/example_dags/example_workday_timetable.py
[2025-03-21T20:59:25.850+0000] {processor.py:925} INFO - DAG(s) 'example_workday_timetable' retrieved from /home/usmail/sys_fraud/sys_detection_frauds/lib/python3.12/site-packages/airflow/example_dags/example_workday_timetable.py
[2025-03-21T20:59:25.862+0000] {logging_mixin.py:190} INFO - [2025-03-21T20:59:25.862+0000] {dag.py:3239} INFO - Sync 1 DAGs
[2025-03-21T20:59:25.873+0000] {logging_mixin.py:190} INFO - [2025-03-21T20:59:25.873+0000] {dag.py:4180} INFO - Setting next_dagrun for example_workday_timetable to 2021-01-01 00:00:00+00:00, run_after=2021-01-02 00:00:00+00:00
[2025-03-21T20:59:25.886+0000] {processor.py:208} INFO - Processing /home/usmail/sys_fraud/sys_detection_frauds/lib/python3.12/site-packages/airflow/example_dags/example_workday_timetable.py took 0.062 seconds
[2025-03-21T21:00:20.201+0000] {processor.py:186} INFO - Started process (PID=3731147) to work on /home/usmail/sys_fraud/sys_detection_frauds/lib/python3.12/site-packages/airflow/example_dags/example_workday_timetable.py
[2025-03-21T21:00:20.202+0000] {processor.py:914} INFO - Processing file /home/usmail/sys_fraud/sys_detection_frauds/lib/python3.12/site-packages/airflow/example_dags/example_workday_timetable.py for tasks to queue
[2025-03-21T21:00:20.203+0000] {logging_mixin.py:190} INFO - [2025-03-21T21:00:20.203+0000] {dagbag.py:588} INFO - Filling up the DagBag from /home/usmail/sys_fraud/sys_detection_frauds/lib/python3.12/site-packages/airflow/example_dags/example_workday_timetable.py
[2025-03-21T21:00:20.206+0000] {processor.py:925} INFO - DAG(s) 'example_workday_timetable' retrieved from /home/usmail/sys_fraud/sys_detection_frauds/lib/python3.12/site-packages/airflow/example_dags/example_workday_timetable.py
[2025-03-21T21:00:20.217+0000] {logging_mixin.py:190} INFO - [2025-03-21T21:00:20.216+0000] {dag.py:3239} INFO - Sync 1 DAGs
[2025-03-21T21:00:20.229+0000] {logging_mixin.py:190} INFO - [2025-03-21T21:00:20.229+0000] {dag.py:4180} INFO - Setting next_dagrun for example_workday_timetable to 2021-01-01 00:00:00+00:00, run_after=2021-01-02 00:00:00+00:00
[2025-03-21T21:00:20.244+0000] {processor.py:208} INFO - Processing /home/usmail/sys_fraud/sys_detection_frauds/lib/python3.12/site-packages/airflow/example_dags/example_workday_timetable.py took 0.048 seconds
[2025-03-21T21:01:16.192+0000] {processor.py:186} INFO - Started process (PID=3731840) to work on /home/usmail/sys_fraud/sys_detection_frauds/lib/python3.12/site-packages/airflow/example_dags/example_workday_timetable.py
[2025-03-21T21:01:16.200+0000] {processor.py:914} INFO - Processing file /home/usmail/sys_fraud/sys_detection_frauds/lib/python3.12/site-packages/airflow/example_dags/example_workday_timetable.py for tasks to queue
[2025-03-21T21:01:16.201+0000] {logging_mixin.py:190} INFO - [2025-03-21T21:01:16.201+0000] {dagbag.py:588} INFO - Filling up the DagBag from /home/usmail/sys_fraud/sys_detection_frauds/lib/python3.12/site-packages/airflow/example_dags/example_workday_timetable.py
[2025-03-21T21:01:16.205+0000] {processor.py:925} INFO - DAG(s) 'example_workday_timetable' retrieved from /home/usmail/sys_fraud/sys_detection_frauds/lib/python3.12/site-packages/airflow/example_dags/example_workday_timetable.py
[2025-03-21T21:01:16.215+0000] {logging_mixin.py:190} INFO - [2025-03-21T21:01:16.215+0000] {dag.py:3239} INFO - Sync 1 DAGs
[2025-03-21T21:01:16.227+0000] {logging_mixin.py:190} INFO - [2025-03-21T21:01:16.227+0000] {dag.py:4180} INFO - Setting next_dagrun for example_workday_timetable to 2021-01-01 00:00:00+00:00, run_after=2021-01-02 00:00:00+00:00
[2025-03-21T21:01:16.248+0000] {processor.py:208} INFO - Processing /home/usmail/sys_fraud/sys_detection_frauds/lib/python3.12/site-packages/airflow/example_dags/example_workday_timetable.py took 0.059 seconds
[2025-03-21T21:02:08.574+0000] {processor.py:186} INFO - Started process (PID=3732482) to work on /home/usmail/sys_fraud/sys_detection_frauds/lib/python3.12/site-packages/airflow/example_dags/example_workday_timetable.py
[2025-03-21T21:02:08.583+0000] {processor.py:914} INFO - Processing file /home/usmail/sys_fraud/sys_detection_frauds/lib/python3.12/site-packages/airflow/example_dags/example_workday_timetable.py for tasks to queue
[2025-03-21T21:02:08.587+0000] {logging_mixin.py:190} INFO - [2025-03-21T21:02:08.586+0000] {dagbag.py:588} INFO - Filling up the DagBag from /home/usmail/sys_fraud/sys_detection_frauds/lib/python3.12/site-packages/airflow/example_dags/example_workday_timetable.py
[2025-03-21T21:02:08.595+0000] {processor.py:925} INFO - DAG(s) 'example_workday_timetable' retrieved from /home/usmail/sys_fraud/sys_detection_frauds/lib/python3.12/site-packages/airflow/example_dags/example_workday_timetable.py
[2025-03-21T21:02:08.603+0000] {logging_mixin.py:190} INFO - [2025-03-21T21:02:08.603+0000] {dag.py:3239} INFO - Sync 1 DAGs
[2025-03-21T21:02:08.615+0000] {logging_mixin.py:190} INFO - [2025-03-21T21:02:08.615+0000] {dag.py:4180} INFO - Setting next_dagrun for example_workday_timetable to 2021-01-01 00:00:00+00:00, run_after=2021-01-02 00:00:00+00:00
[2025-03-21T21:02:08.626+0000] {processor.py:208} INFO - Processing /home/usmail/sys_fraud/sys_detection_frauds/lib/python3.12/site-packages/airflow/example_dags/example_workday_timetable.py took 0.061 seconds
[2025-03-21T21:03:02.946+0000] {processor.py:186} INFO - Started process (PID=3733137) to work on /home/usmail/sys_fraud/sys_detection_frauds/lib/python3.12/site-packages/airflow/example_dags/example_workday_timetable.py
[2025-03-21T21:03:02.956+0000] {processor.py:914} INFO - Processing file /home/usmail/sys_fraud/sys_detection_frauds/lib/python3.12/site-packages/airflow/example_dags/example_workday_timetable.py for tasks to queue
[2025-03-21T21:03:02.958+0000] {logging_mixin.py:190} INFO - [2025-03-21T21:03:02.958+0000] {dagbag.py:588} INFO - Filling up the DagBag from /home/usmail/sys_fraud/sys_detection_frauds/lib/python3.12/site-packages/airflow/example_dags/example_workday_timetable.py
[2025-03-21T21:03:02.964+0000] {processor.py:925} INFO - DAG(s) 'example_workday_timetable' retrieved from /home/usmail/sys_fraud/sys_detection_frauds/lib/python3.12/site-packages/airflow/example_dags/example_workday_timetable.py
[2025-03-21T21:03:02.972+0000] {logging_mixin.py:190} INFO - [2025-03-21T21:03:02.972+0000] {dag.py:3239} INFO - Sync 1 DAGs
[2025-03-21T21:03:02.983+0000] {logging_mixin.py:190} INFO - [2025-03-21T21:03:02.983+0000] {dag.py:4180} INFO - Setting next_dagrun for example_workday_timetable to 2021-01-01 00:00:00+00:00, run_after=2021-01-02 00:00:00+00:00
[2025-03-21T21:03:03.013+0000] {processor.py:208} INFO - Processing /home/usmail/sys_fraud/sys_detection_frauds/lib/python3.12/site-packages/airflow/example_dags/example_workday_timetable.py took 0.075 seconds
[2025-03-21T21:03:56.660+0000] {processor.py:186} INFO - Started process (PID=3733866) to work on /home/usmail/sys_fraud/sys_detection_frauds/lib/python3.12/site-packages/airflow/example_dags/example_workday_timetable.py
[2025-03-21T21:03:56.669+0000] {processor.py:914} INFO - Processing file /home/usmail/sys_fraud/sys_detection_frauds/lib/python3.12/site-packages/airflow/example_dags/example_workday_timetable.py for tasks to queue
[2025-03-21T21:03:56.672+0000] {logging_mixin.py:190} INFO - [2025-03-21T21:03:56.671+0000] {dagbag.py:588} INFO - Filling up the DagBag from /home/usmail/sys_fraud/sys_detection_frauds/lib/python3.12/site-packages/airflow/example_dags/example_workday_timetable.py
[2025-03-21T21:03:56.678+0000] {processor.py:925} INFO - DAG(s) 'example_workday_timetable' retrieved from /home/usmail/sys_fraud/sys_detection_frauds/lib/python3.12/site-packages/airflow/example_dags/example_workday_timetable.py
[2025-03-21T21:03:56.688+0000] {logging_mixin.py:190} INFO - [2025-03-21T21:03:56.688+0000] {dag.py:3239} INFO - Sync 1 DAGs
[2025-03-21T21:03:56.792+0000] {logging_mixin.py:190} INFO - [2025-03-21T21:03:56.792+0000] {dag.py:4180} INFO - Setting next_dagrun for example_workday_timetable to 2021-01-01 00:00:00+00:00, run_after=2021-01-02 00:00:00+00:00
[2025-03-21T21:03:56.816+0000] {processor.py:208} INFO - Processing /home/usmail/sys_fraud/sys_detection_frauds/lib/python3.12/site-packages/airflow/example_dags/example_workday_timetable.py took 0.160 seconds
[2025-03-21T21:04:54.498+0000] {processor.py:186} INFO - Started process (PID=3734673) to work on /home/usmail/sys_fraud/sys_detection_frauds/lib/python3.12/site-packages/airflow/example_dags/example_workday_timetable.py
[2025-03-21T21:04:54.499+0000] {processor.py:914} INFO - Processing file /home/usmail/sys_fraud/sys_detection_frauds/lib/python3.12/site-packages/airflow/example_dags/example_workday_timetable.py for tasks to queue
[2025-03-21T21:04:54.500+0000] {logging_mixin.py:190} INFO - [2025-03-21T21:04:54.500+0000] {dagbag.py:588} INFO - Filling up the DagBag from /home/usmail/sys_fraud/sys_detection_frauds/lib/python3.12/site-packages/airflow/example_dags/example_workday_timetable.py
[2025-03-21T21:04:54.504+0000] {processor.py:925} INFO - DAG(s) 'example_workday_timetable' retrieved from /home/usmail/sys_fraud/sys_detection_frauds/lib/python3.12/site-packages/airflow/example_dags/example_workday_timetable.py
[2025-03-21T21:04:54.512+0000] {logging_mixin.py:190} INFO - [2025-03-21T21:04:54.512+0000] {dag.py:3239} INFO - Sync 1 DAGs
[2025-03-21T21:04:54.523+0000] {logging_mixin.py:190} INFO - [2025-03-21T21:04:54.523+0000] {dag.py:4180} INFO - Setting next_dagrun for example_workday_timetable to 2021-01-01 00:00:00+00:00, run_after=2021-01-02 00:00:00+00:00
[2025-03-21T21:04:54.536+0000] {processor.py:208} INFO - Processing /home/usmail/sys_fraud/sys_detection_frauds/lib/python3.12/site-packages/airflow/example_dags/example_workday_timetable.py took 0.043 seconds
[2025-03-21T21:05:47.135+0000] {processor.py:186} INFO - Started process (PID=3735529) to work on /home/usmail/sys_fraud/sys_detection_frauds/lib/python3.12/site-packages/airflow/example_dags/example_workday_timetable.py
[2025-03-21T21:05:47.144+0000] {processor.py:914} INFO - Processing file /home/usmail/sys_fraud/sys_detection_frauds/lib/python3.12/site-packages/airflow/example_dags/example_workday_timetable.py for tasks to queue
[2025-03-21T21:05:47.146+0000] {logging_mixin.py:190} INFO - [2025-03-21T21:05:47.145+0000] {dagbag.py:588} INFO - Filling up the DagBag from /home/usmail/sys_fraud/sys_detection_frauds/lib/python3.12/site-packages/airflow/example_dags/example_workday_timetable.py
[2025-03-21T21:05:47.150+0000] {processor.py:925} INFO - DAG(s) 'example_workday_timetable' retrieved from /home/usmail/sys_fraud/sys_detection_frauds/lib/python3.12/site-packages/airflow/example_dags/example_workday_timetable.py
[2025-03-21T21:05:47.160+0000] {logging_mixin.py:190} INFO - [2025-03-21T21:05:47.160+0000] {dag.py:3239} INFO - Sync 1 DAGs
[2025-03-21T21:05:47.175+0000] {logging_mixin.py:190} INFO - [2025-03-21T21:05:47.175+0000] {dag.py:4180} INFO - Setting next_dagrun for example_workday_timetable to 2021-01-01 00:00:00+00:00, run_after=2021-01-02 00:00:00+00:00
[2025-03-21T21:05:47.194+0000] {processor.py:208} INFO - Processing /home/usmail/sys_fraud/sys_detection_frauds/lib/python3.12/site-packages/airflow/example_dags/example_workday_timetable.py took 0.066 seconds
[2025-03-21T21:06:40.456+0000] {processor.py:186} INFO - Started process (PID=3736828) to work on /home/usmail/sys_fraud/sys_detection_frauds/lib/python3.12/site-packages/airflow/example_dags/example_workday_timetable.py
[2025-03-21T21:06:40.456+0000] {processor.py:914} INFO - Processing file /home/usmail/sys_fraud/sys_detection_frauds/lib/python3.12/site-packages/airflow/example_dags/example_workday_timetable.py for tasks to queue
[2025-03-21T21:06:40.457+0000] {logging_mixin.py:190} INFO - [2025-03-21T21:06:40.457+0000] {dagbag.py:588} INFO - Filling up the DagBag from /home/usmail/sys_fraud/sys_detection_frauds/lib/python3.12/site-packages/airflow/example_dags/example_workday_timetable.py
[2025-03-21T21:06:40.461+0000] {processor.py:925} INFO - DAG(s) 'example_workday_timetable' retrieved from /home/usmail/sys_fraud/sys_detection_frauds/lib/python3.12/site-packages/airflow/example_dags/example_workday_timetable.py
[2025-03-21T21:06:40.470+0000] {logging_mixin.py:190} INFO - [2025-03-21T21:06:40.470+0000] {dag.py:3239} INFO - Sync 1 DAGs
[2025-03-21T21:06:40.482+0000] {logging_mixin.py:190} INFO - [2025-03-21T21:06:40.482+0000] {dag.py:4180} INFO - Setting next_dagrun for example_workday_timetable to 2021-01-01 00:00:00+00:00, run_after=2021-01-02 00:00:00+00:00
[2025-03-21T21:06:40.495+0000] {processor.py:208} INFO - Processing /home/usmail/sys_fraud/sys_detection_frauds/lib/python3.12/site-packages/airflow/example_dags/example_workday_timetable.py took 0.044 seconds
[2025-03-21T21:07:30.602+0000] {processor.py:186} INFO - Started process (PID=3737467) to work on /home/usmail/sys_fraud/sys_detection_frauds/lib/python3.12/site-packages/airflow/example_dags/example_workday_timetable.py
[2025-03-21T21:07:30.611+0000] {processor.py:914} INFO - Processing file /home/usmail/sys_fraud/sys_detection_frauds/lib/python3.12/site-packages/airflow/example_dags/example_workday_timetable.py for tasks to queue
[2025-03-21T21:07:30.614+0000] {logging_mixin.py:190} INFO - [2025-03-21T21:07:30.613+0000] {dagbag.py:588} INFO - Filling up the DagBag from /home/usmail/sys_fraud/sys_detection_frauds/lib/python3.12/site-packages/airflow/example_dags/example_workday_timetable.py
[2025-03-21T21:07:30.621+0000] {processor.py:925} INFO - DAG(s) 'example_workday_timetable' retrieved from /home/usmail/sys_fraud/sys_detection_frauds/lib/python3.12/site-packages/airflow/example_dags/example_workday_timetable.py
[2025-03-21T21:07:30.630+0000] {logging_mixin.py:190} INFO - [2025-03-21T21:07:30.630+0000] {dag.py:3239} INFO - Sync 1 DAGs
[2025-03-21T21:07:30.641+0000] {logging_mixin.py:190} INFO - [2025-03-21T21:07:30.641+0000] {dag.py:4180} INFO - Setting next_dagrun for example_workday_timetable to 2021-01-01 00:00:00+00:00, run_after=2021-01-02 00:00:00+00:00
[2025-03-21T21:07:30.654+0000] {processor.py:208} INFO - Processing /home/usmail/sys_fraud/sys_detection_frauds/lib/python3.12/site-packages/airflow/example_dags/example_workday_timetable.py took 0.057 seconds
[2025-03-21T21:08:23.991+0000] {processor.py:186} INFO - Started process (PID=3738196) to work on /home/usmail/sys_fraud/sys_detection_frauds/lib/python3.12/site-packages/airflow/example_dags/example_workday_timetable.py
[2025-03-21T21:08:24.000+0000] {processor.py:914} INFO - Processing file /home/usmail/sys_fraud/sys_detection_frauds/lib/python3.12/site-packages/airflow/example_dags/example_workday_timetable.py for tasks to queue
[2025-03-21T21:08:24.002+0000] {logging_mixin.py:190} INFO - [2025-03-21T21:08:24.002+0000] {dagbag.py:588} INFO - Filling up the DagBag from /home/usmail/sys_fraud/sys_detection_frauds/lib/python3.12/site-packages/airflow/example_dags/example_workday_timetable.py
[2025-03-21T21:08:24.007+0000] {processor.py:925} INFO - DAG(s) 'example_workday_timetable' retrieved from /home/usmail/sys_fraud/sys_detection_frauds/lib/python3.12/site-packages/airflow/example_dags/example_workday_timetable.py
[2025-03-21T21:08:24.021+0000] {logging_mixin.py:190} INFO - [2025-03-21T21:08:24.021+0000] {dag.py:3239} INFO - Sync 1 DAGs
[2025-03-21T21:08:24.044+0000] {logging_mixin.py:190} INFO - [2025-03-21T21:08:24.044+0000] {dag.py:4180} INFO - Setting next_dagrun for example_workday_timetable to 2021-01-01 00:00:00+00:00, run_after=2021-01-02 00:00:00+00:00
[2025-03-21T21:08:24.062+0000] {processor.py:208} INFO - Processing /home/usmail/sys_fraud/sys_detection_frauds/lib/python3.12/site-packages/airflow/example_dags/example_workday_timetable.py took 0.077 seconds
[2025-03-21T21:09:22.943+0000] {processor.py:186} INFO - Started process (PID=3739013) to work on /home/usmail/sys_fraud/sys_detection_frauds/lib/python3.12/site-packages/airflow/example_dags/example_workday_timetable.py
[2025-03-21T21:09:22.952+0000] {processor.py:914} INFO - Processing file /home/usmail/sys_fraud/sys_detection_frauds/lib/python3.12/site-packages/airflow/example_dags/example_workday_timetable.py for tasks to queue
[2025-03-21T21:09:22.954+0000] {logging_mixin.py:190} INFO - [2025-03-21T21:09:22.953+0000] {dagbag.py:588} INFO - Filling up the DagBag from /home/usmail/sys_fraud/sys_detection_frauds/lib/python3.12/site-packages/airflow/example_dags/example_workday_timetable.py
[2025-03-21T21:09:22.959+0000] {processor.py:925} INFO - DAG(s) 'example_workday_timetable' retrieved from /home/usmail/sys_fraud/sys_detection_frauds/lib/python3.12/site-packages/airflow/example_dags/example_workday_timetable.py
[2025-03-21T21:09:22.971+0000] {logging_mixin.py:190} INFO - [2025-03-21T21:09:22.971+0000] {dag.py:3239} INFO - Sync 1 DAGs
[2025-03-21T21:09:22.993+0000] {logging_mixin.py:190} INFO - [2025-03-21T21:09:22.993+0000] {dag.py:4180} INFO - Setting next_dagrun for example_workday_timetable to 2021-01-01 00:00:00+00:00, run_after=2021-01-02 00:00:00+00:00
[2025-03-21T21:09:23.013+0000] {processor.py:208} INFO - Processing /home/usmail/sys_fraud/sys_detection_frauds/lib/python3.12/site-packages/airflow/example_dags/example_workday_timetable.py took 0.076 seconds
[2025-03-21T21:10:16.736+0000] {processor.py:186} INFO - Started process (PID=3739669) to work on /home/usmail/sys_fraud/sys_detection_frauds/lib/python3.12/site-packages/airflow/example_dags/example_workday_timetable.py
[2025-03-21T21:10:16.745+0000] {processor.py:914} INFO - Processing file /home/usmail/sys_fraud/sys_detection_frauds/lib/python3.12/site-packages/airflow/example_dags/example_workday_timetable.py for tasks to queue
[2025-03-21T21:10:16.748+0000] {logging_mixin.py:190} INFO - [2025-03-21T21:10:16.747+0000] {dagbag.py:588} INFO - Filling up the DagBag from /home/usmail/sys_fraud/sys_detection_frauds/lib/python3.12/site-packages/airflow/example_dags/example_workday_timetable.py
[2025-03-21T21:10:16.757+0000] {processor.py:925} INFO - DAG(s) 'example_workday_timetable' retrieved from /home/usmail/sys_fraud/sys_detection_frauds/lib/python3.12/site-packages/airflow/example_dags/example_workday_timetable.py
[2025-03-21T21:10:16.779+0000] {logging_mixin.py:190} INFO - [2025-03-21T21:10:16.779+0000] {dag.py:3239} INFO - Sync 1 DAGs
[2025-03-21T21:10:16.806+0000] {logging_mixin.py:190} INFO - [2025-03-21T21:10:16.806+0000] {dag.py:4180} INFO - Setting next_dagrun for example_workday_timetable to 2021-01-01 00:00:00+00:00, run_after=2021-01-02 00:00:00+00:00
[2025-03-21T21:10:16.825+0000] {processor.py:208} INFO - Processing /home/usmail/sys_fraud/sys_detection_frauds/lib/python3.12/site-packages/airflow/example_dags/example_workday_timetable.py took 0.102 seconds
[2025-03-21T21:11:16.128+0000] {processor.py:186} INFO - Started process (PID=3741421) to work on /home/usmail/sys_fraud/sys_detection_frauds/lib/python3.12/site-packages/airflow/example_dags/example_workday_timetable.py
[2025-03-21T21:11:16.129+0000] {processor.py:914} INFO - Processing file /home/usmail/sys_fraud/sys_detection_frauds/lib/python3.12/site-packages/airflow/example_dags/example_workday_timetable.py for tasks to queue
[2025-03-21T21:11:16.131+0000] {logging_mixin.py:190} INFO - [2025-03-21T21:11:16.131+0000] {dagbag.py:588} INFO - Filling up the DagBag from /home/usmail/sys_fraud/sys_detection_frauds/lib/python3.12/site-packages/airflow/example_dags/example_workday_timetable.py
[2025-03-21T21:11:16.135+0000] {processor.py:925} INFO - DAG(s) 'example_workday_timetable' retrieved from /home/usmail/sys_fraud/sys_detection_frauds/lib/python3.12/site-packages/airflow/example_dags/example_workday_timetable.py
[2025-03-21T21:11:16.146+0000] {logging_mixin.py:190} INFO - [2025-03-21T21:11:16.145+0000] {dag.py:3239} INFO - Sync 1 DAGs
[2025-03-21T21:11:16.162+0000] {logging_mixin.py:190} INFO - [2025-03-21T21:11:16.162+0000] {dag.py:4180} INFO - Setting next_dagrun for example_workday_timetable to 2021-01-01 00:00:00+00:00, run_after=2021-01-02 00:00:00+00:00
[2025-03-21T21:11:16.183+0000] {processor.py:208} INFO - Processing /home/usmail/sys_fraud/sys_detection_frauds/lib/python3.12/site-packages/airflow/example_dags/example_workday_timetable.py took 0.060 seconds
[2025-03-21T21:12:12.017+0000] {processor.py:186} INFO - Started process (PID=3742540) to work on /home/usmail/sys_fraud/sys_detection_frauds/lib/python3.12/site-packages/airflow/example_dags/example_workday_timetable.py
[2025-03-21T21:12:12.026+0000] {processor.py:914} INFO - Processing file /home/usmail/sys_fraud/sys_detection_frauds/lib/python3.12/site-packages/airflow/example_dags/example_workday_timetable.py for tasks to queue
[2025-03-21T21:12:12.027+0000] {logging_mixin.py:190} INFO - [2025-03-21T21:12:12.027+0000] {dagbag.py:588} INFO - Filling up the DagBag from /home/usmail/sys_fraud/sys_detection_frauds/lib/python3.12/site-packages/airflow/example_dags/example_workday_timetable.py
[2025-03-21T21:12:12.032+0000] {processor.py:925} INFO - DAG(s) 'example_workday_timetable' retrieved from /home/usmail/sys_fraud/sys_detection_frauds/lib/python3.12/site-packages/airflow/example_dags/example_workday_timetable.py
[2025-03-21T21:12:12.042+0000] {logging_mixin.py:190} INFO - [2025-03-21T21:12:12.042+0000] {dag.py:3239} INFO - Sync 1 DAGs
[2025-03-21T21:12:12.059+0000] {logging_mixin.py:190} INFO - [2025-03-21T21:12:12.058+0000] {dag.py:4180} INFO - Setting next_dagrun for example_workday_timetable to 2021-01-01 00:00:00+00:00, run_after=2021-01-02 00:00:00+00:00
[2025-03-21T21:12:12.082+0000] {processor.py:208} INFO - Processing /home/usmail/sys_fraud/sys_detection_frauds/lib/python3.12/site-packages/airflow/example_dags/example_workday_timetable.py took 0.070 seconds
[2025-03-21T21:13:04.445+0000] {processor.py:186} INFO - Started process (PID=3743500) to work on /home/usmail/sys_fraud/sys_detection_frauds/lib/python3.12/site-packages/airflow/example_dags/example_workday_timetable.py
[2025-03-21T21:13:04.454+0000] {processor.py:914} INFO - Processing file /home/usmail/sys_fraud/sys_detection_frauds/lib/python3.12/site-packages/airflow/example_dags/example_workday_timetable.py for tasks to queue
[2025-03-21T21:13:04.456+0000] {logging_mixin.py:190} INFO - [2025-03-21T21:13:04.456+0000] {dagbag.py:588} INFO - Filling up the DagBag from /home/usmail/sys_fraud/sys_detection_frauds/lib/python3.12/site-packages/airflow/example_dags/example_workday_timetable.py
[2025-03-21T21:13:04.461+0000] {processor.py:925} INFO - DAG(s) 'example_workday_timetable' retrieved from /home/usmail/sys_fraud/sys_detection_frauds/lib/python3.12/site-packages/airflow/example_dags/example_workday_timetable.py
[2025-03-21T21:13:04.471+0000] {logging_mixin.py:190} INFO - [2025-03-21T21:13:04.471+0000] {dag.py:3239} INFO - Sync 1 DAGs
[2025-03-21T21:13:04.487+0000] {logging_mixin.py:190} INFO - [2025-03-21T21:13:04.487+0000] {dag.py:4180} INFO - Setting next_dagrun for example_workday_timetable to 2021-01-01 00:00:00+00:00, run_after=2021-01-02 00:00:00+00:00
[2025-03-21T21:13:04.506+0000] {processor.py:208} INFO - Processing /home/usmail/sys_fraud/sys_detection_frauds/lib/python3.12/site-packages/airflow/example_dags/example_workday_timetable.py took 0.067 seconds
[2025-03-21T21:13:54.031+0000] {processor.py:186} INFO - Started process (PID=3744390) to work on /home/usmail/sys_fraud/sys_detection_frauds/lib/python3.12/site-packages/airflow/example_dags/example_workday_timetable.py
[2025-03-21T21:13:54.034+0000] {processor.py:914} INFO - Processing file /home/usmail/sys_fraud/sys_detection_frauds/lib/python3.12/site-packages/airflow/example_dags/example_workday_timetable.py for tasks to queue
[2025-03-21T21:13:54.036+0000] {logging_mixin.py:190} INFO - [2025-03-21T21:13:54.035+0000] {dagbag.py:588} INFO - Filling up the DagBag from /home/usmail/sys_fraud/sys_detection_frauds/lib/python3.12/site-packages/airflow/example_dags/example_workday_timetable.py
[2025-03-21T21:13:54.041+0000] {processor.py:925} INFO - DAG(s) 'example_workday_timetable' retrieved from /home/usmail/sys_fraud/sys_detection_frauds/lib/python3.12/site-packages/airflow/example_dags/example_workday_timetable.py
[2025-03-21T21:13:54.052+0000] {logging_mixin.py:190} INFO - [2025-03-21T21:13:54.052+0000] {dag.py:3239} INFO - Sync 1 DAGs
[2025-03-21T21:13:54.067+0000] {logging_mixin.py:190} INFO - [2025-03-21T21:13:54.067+0000] {dag.py:4180} INFO - Setting next_dagrun for example_workday_timetable to 2021-01-01 00:00:00+00:00, run_after=2021-01-02 00:00:00+00:00
[2025-03-21T21:13:54.092+0000] {processor.py:208} INFO - Processing /home/usmail/sys_fraud/sys_detection_frauds/lib/python3.12/site-packages/airflow/example_dags/example_workday_timetable.py took 0.067 seconds
[2025-03-21T21:14:51.561+0000] {processor.py:186} INFO - Started process (PID=3745163) to work on /home/usmail/sys_fraud/sys_detection_frauds/lib/python3.12/site-packages/airflow/example_dags/example_workday_timetable.py
[2025-03-21T21:14:51.571+0000] {processor.py:914} INFO - Processing file /home/usmail/sys_fraud/sys_detection_frauds/lib/python3.12/site-packages/airflow/example_dags/example_workday_timetable.py for tasks to queue
[2025-03-21T21:14:51.574+0000] {logging_mixin.py:190} INFO - [2025-03-21T21:14:51.573+0000] {dagbag.py:588} INFO - Filling up the DagBag from /home/usmail/sys_fraud/sys_detection_frauds/lib/python3.12/site-packages/airflow/example_dags/example_workday_timetable.py
[2025-03-21T21:14:51.583+0000] {processor.py:925} INFO - DAG(s) 'example_workday_timetable' retrieved from /home/usmail/sys_fraud/sys_detection_frauds/lib/python3.12/site-packages/airflow/example_dags/example_workday_timetable.py
[2025-03-21T21:14:51.604+0000] {logging_mixin.py:190} INFO - [2025-03-21T21:14:51.604+0000] {dag.py:3239} INFO - Sync 1 DAGs
[2025-03-21T21:14:51.632+0000] {logging_mixin.py:190} INFO - [2025-03-21T21:14:51.632+0000] {dag.py:4180} INFO - Setting next_dagrun for example_workday_timetable to 2021-01-01 00:00:00+00:00, run_after=2021-01-02 00:00:00+00:00
[2025-03-21T21:14:51.652+0000] {processor.py:208} INFO - Processing /home/usmail/sys_fraud/sys_detection_frauds/lib/python3.12/site-packages/airflow/example_dags/example_workday_timetable.py took 0.102 seconds
[2025-03-21T21:15:51.393+0000] {processor.py:186} INFO - Started process (PID=3745909) to work on /home/usmail/sys_fraud/sys_detection_frauds/lib/python3.12/site-packages/airflow/example_dags/example_workday_timetable.py
[2025-03-21T21:15:51.402+0000] {processor.py:914} INFO - Processing file /home/usmail/sys_fraud/sys_detection_frauds/lib/python3.12/site-packages/airflow/example_dags/example_workday_timetable.py for tasks to queue
[2025-03-21T21:15:51.406+0000] {logging_mixin.py:190} INFO - [2025-03-21T21:15:51.405+0000] {dagbag.py:588} INFO - Filling up the DagBag from /home/usmail/sys_fraud/sys_detection_frauds/lib/python3.12/site-packages/airflow/example_dags/example_workday_timetable.py
[2025-03-21T21:15:51.416+0000] {processor.py:925} INFO - DAG(s) 'example_workday_timetable' retrieved from /home/usmail/sys_fraud/sys_detection_frauds/lib/python3.12/site-packages/airflow/example_dags/example_workday_timetable.py
[2025-03-21T21:15:51.438+0000] {logging_mixin.py:190} INFO - [2025-03-21T21:15:51.438+0000] {dag.py:3239} INFO - Sync 1 DAGs
[2025-03-21T21:15:51.465+0000] {logging_mixin.py:190} INFO - [2025-03-21T21:15:51.465+0000] {dag.py:4180} INFO - Setting next_dagrun for example_workday_timetable to 2021-01-01 00:00:00+00:00, run_after=2021-01-02 00:00:00+00:00
[2025-03-21T21:15:51.490+0000] {processor.py:208} INFO - Processing /home/usmail/sys_fraud/sys_detection_frauds/lib/python3.12/site-packages/airflow/example_dags/example_workday_timetable.py took 0.109 seconds
[2025-03-21T21:16:55.044+0000] {processor.py:186} INFO - Started process (PID=3746707) to work on /home/usmail/sys_fraud/sys_detection_frauds/lib/python3.12/site-packages/airflow/example_dags/example_workday_timetable.py
[2025-03-21T21:16:55.053+0000] {processor.py:914} INFO - Processing file /home/usmail/sys_fraud/sys_detection_frauds/lib/python3.12/site-packages/airflow/example_dags/example_workday_timetable.py for tasks to queue
[2025-03-21T21:16:55.056+0000] {logging_mixin.py:190} INFO - [2025-03-21T21:16:55.056+0000] {dagbag.py:588} INFO - Filling up the DagBag from /home/usmail/sys_fraud/sys_detection_frauds/lib/python3.12/site-packages/airflow/example_dags/example_workday_timetable.py
[2025-03-21T21:16:55.065+0000] {processor.py:925} INFO - DAG(s) 'example_workday_timetable' retrieved from /home/usmail/sys_fraud/sys_detection_frauds/lib/python3.12/site-packages/airflow/example_dags/example_workday_timetable.py
[2025-03-21T21:16:55.087+0000] {logging_mixin.py:190} INFO - [2025-03-21T21:16:55.086+0000] {dag.py:3239} INFO - Sync 1 DAGs
[2025-03-21T21:16:55.114+0000] {logging_mixin.py:190} INFO - [2025-03-21T21:16:55.114+0000] {dag.py:4180} INFO - Setting next_dagrun for example_workday_timetable to 2021-01-01 00:00:00+00:00, run_after=2021-01-02 00:00:00+00:00
[2025-03-21T21:16:55.130+0000] {processor.py:208} INFO - Processing /home/usmail/sys_fraud/sys_detection_frauds/lib/python3.12/site-packages/airflow/example_dags/example_workday_timetable.py took 0.098 seconds
[2025-03-21T21:17:57.023+0000] {processor.py:186} INFO - Started process (PID=3747484) to work on /home/usmail/sys_fraud/sys_detection_frauds/lib/python3.12/site-packages/airflow/example_dags/example_workday_timetable.py
[2025-03-21T21:17:57.032+0000] {processor.py:914} INFO - Processing file /home/usmail/sys_fraud/sys_detection_frauds/lib/python3.12/site-packages/airflow/example_dags/example_workday_timetable.py for tasks to queue
[2025-03-21T21:17:57.036+0000] {logging_mixin.py:190} INFO - [2025-03-21T21:17:57.035+0000] {dagbag.py:588} INFO - Filling up the DagBag from /home/usmail/sys_fraud/sys_detection_frauds/lib/python3.12/site-packages/airflow/example_dags/example_workday_timetable.py
[2025-03-21T21:17:57.045+0000] {processor.py:925} INFO - DAG(s) 'example_workday_timetable' retrieved from /home/usmail/sys_fraud/sys_detection_frauds/lib/python3.12/site-packages/airflow/example_dags/example_workday_timetable.py
[2025-03-21T21:17:57.067+0000] {logging_mixin.py:190} INFO - [2025-03-21T21:17:57.067+0000] {dag.py:3239} INFO - Sync 1 DAGs
[2025-03-21T21:17:57.093+0000] {logging_mixin.py:190} INFO - [2025-03-21T21:17:57.093+0000] {dag.py:4180} INFO - Setting next_dagrun for example_workday_timetable to 2021-01-01 00:00:00+00:00, run_after=2021-01-02 00:00:00+00:00
[2025-03-21T21:17:57.116+0000] {processor.py:208} INFO - Processing /home/usmail/sys_fraud/sys_detection_frauds/lib/python3.12/site-packages/airflow/example_dags/example_workday_timetable.py took 0.106 seconds
[2025-03-21T21:19:02.465+0000] {processor.py:186} INFO - Started process (PID=3748285) to work on /home/usmail/sys_fraud/sys_detection_frauds/lib/python3.12/site-packages/airflow/example_dags/example_workday_timetable.py
[2025-03-21T21:19:02.473+0000] {processor.py:914} INFO - Processing file /home/usmail/sys_fraud/sys_detection_frauds/lib/python3.12/site-packages/airflow/example_dags/example_workday_timetable.py for tasks to queue
[2025-03-21T21:19:02.475+0000] {logging_mixin.py:190} INFO - [2025-03-21T21:19:02.475+0000] {dagbag.py:588} INFO - Filling up the DagBag from /home/usmail/sys_fraud/sys_detection_frauds/lib/python3.12/site-packages/airflow/example_dags/example_workday_timetable.py
[2025-03-21T21:19:02.480+0000] {processor.py:925} INFO - DAG(s) 'example_workday_timetable' retrieved from /home/usmail/sys_fraud/sys_detection_frauds/lib/python3.12/site-packages/airflow/example_dags/example_workday_timetable.py
[2025-03-21T21:19:02.491+0000] {logging_mixin.py:190} INFO - [2025-03-21T21:19:02.491+0000] {dag.py:3239} INFO - Sync 1 DAGs
[2025-03-21T21:19:02.508+0000] {logging_mixin.py:190} INFO - [2025-03-21T21:19:02.508+0000] {dag.py:4180} INFO - Setting next_dagrun for example_workday_timetable to 2021-01-01 00:00:00+00:00, run_after=2021-01-02 00:00:00+00:00
[2025-03-21T21:19:02.529+0000] {processor.py:208} INFO - Processing /home/usmail/sys_fraud/sys_detection_frauds/lib/python3.12/site-packages/airflow/example_dags/example_workday_timetable.py took 0.070 seconds
[2025-03-21T21:20:05.573+0000] {processor.py:186} INFO - Started process (PID=3749040) to work on /home/usmail/sys_fraud/sys_detection_frauds/lib/python3.12/site-packages/airflow/example_dags/example_workday_timetable.py
[2025-03-21T21:20:05.582+0000] {processor.py:914} INFO - Processing file /home/usmail/sys_fraud/sys_detection_frauds/lib/python3.12/site-packages/airflow/example_dags/example_workday_timetable.py for tasks to queue
[2025-03-21T21:20:05.586+0000] {logging_mixin.py:190} INFO - [2025-03-21T21:20:05.585+0000] {dagbag.py:588} INFO - Filling up the DagBag from /home/usmail/sys_fraud/sys_detection_frauds/lib/python3.12/site-packages/airflow/example_dags/example_workday_timetable.py
[2025-03-21T21:20:05.595+0000] {processor.py:925} INFO - DAG(s) 'example_workday_timetable' retrieved from /home/usmail/sys_fraud/sys_detection_frauds/lib/python3.12/site-packages/airflow/example_dags/example_workday_timetable.py
[2025-03-21T21:20:05.615+0000] {logging_mixin.py:190} INFO - [2025-03-21T21:20:05.615+0000] {dag.py:3239} INFO - Sync 1 DAGs
[2025-03-21T21:20:05.643+0000] {logging_mixin.py:190} INFO - [2025-03-21T21:20:05.643+0000] {dag.py:4180} INFO - Setting next_dagrun for example_workday_timetable to 2021-01-01 00:00:00+00:00, run_after=2021-01-02 00:00:00+00:00
[2025-03-21T21:20:05.668+0000] {processor.py:208} INFO - Processing /home/usmail/sys_fraud/sys_detection_frauds/lib/python3.12/site-packages/airflow/example_dags/example_workday_timetable.py took 0.108 seconds
[2025-03-21T21:21:08.621+0000] {processor.py:186} INFO - Started process (PID=3749799) to work on /home/usmail/sys_fraud/sys_detection_frauds/lib/python3.12/site-packages/airflow/example_dags/example_workday_timetable.py
[2025-03-21T21:21:08.630+0000] {processor.py:914} INFO - Processing file /home/usmail/sys_fraud/sys_detection_frauds/lib/python3.12/site-packages/airflow/example_dags/example_workday_timetable.py for tasks to queue
[2025-03-21T21:21:08.634+0000] {logging_mixin.py:190} INFO - [2025-03-21T21:21:08.633+0000] {dagbag.py:588} INFO - Filling up the DagBag from /home/usmail/sys_fraud/sys_detection_frauds/lib/python3.12/site-packages/airflow/example_dags/example_workday_timetable.py
[2025-03-21T21:21:08.643+0000] {processor.py:925} INFO - DAG(s) 'example_workday_timetable' retrieved from /home/usmail/sys_fraud/sys_detection_frauds/lib/python3.12/site-packages/airflow/example_dags/example_workday_timetable.py
[2025-03-21T21:21:08.665+0000] {logging_mixin.py:190} INFO - [2025-03-21T21:21:08.665+0000] {dag.py:3239} INFO - Sync 1 DAGs
[2025-03-21T21:21:08.691+0000] {logging_mixin.py:190} INFO - [2025-03-21T21:21:08.691+0000] {dag.py:4180} INFO - Setting next_dagrun for example_workday_timetable to 2021-01-01 00:00:00+00:00, run_after=2021-01-02 00:00:00+00:00
[2025-03-21T21:21:08.715+0000] {processor.py:208} INFO - Processing /home/usmail/sys_fraud/sys_detection_frauds/lib/python3.12/site-packages/airflow/example_dags/example_workday_timetable.py took 0.107 seconds
[2025-03-21T21:22:16.188+0000] {processor.py:186} INFO - Started process (PID=3750659) to work on /home/usmail/sys_fraud/sys_detection_frauds/lib/python3.12/site-packages/airflow/example_dags/example_workday_timetable.py
[2025-03-21T21:22:16.197+0000] {processor.py:914} INFO - Processing file /home/usmail/sys_fraud/sys_detection_frauds/lib/python3.12/site-packages/airflow/example_dags/example_workday_timetable.py for tasks to queue
[2025-03-21T21:22:16.201+0000] {logging_mixin.py:190} INFO - [2025-03-21T21:22:16.200+0000] {dagbag.py:588} INFO - Filling up the DagBag from /home/usmail/sys_fraud/sys_detection_frauds/lib/python3.12/site-packages/airflow/example_dags/example_workday_timetable.py
[2025-03-21T21:22:16.210+0000] {processor.py:925} INFO - DAG(s) 'example_workday_timetable' retrieved from /home/usmail/sys_fraud/sys_detection_frauds/lib/python3.12/site-packages/airflow/example_dags/example_workday_timetable.py
[2025-03-21T21:22:16.231+0000] {logging_mixin.py:190} INFO - [2025-03-21T21:22:16.230+0000] {dag.py:3239} INFO - Sync 1 DAGs
[2025-03-21T21:22:16.257+0000] {logging_mixin.py:190} INFO - [2025-03-21T21:22:16.257+0000] {dag.py:4180} INFO - Setting next_dagrun for example_workday_timetable to 2021-01-01 00:00:00+00:00, run_after=2021-01-02 00:00:00+00:00
[2025-03-21T21:22:16.275+0000] {processor.py:208} INFO - Processing /home/usmail/sys_fraud/sys_detection_frauds/lib/python3.12/site-packages/airflow/example_dags/example_workday_timetable.py took 0.100 seconds
[2025-03-21T21:23:20.803+0000] {processor.py:186} INFO - Started process (PID=3751444) to work on /home/usmail/sys_fraud/sys_detection_frauds/lib/python3.12/site-packages/airflow/example_dags/example_workday_timetable.py
[2025-03-21T21:23:20.812+0000] {processor.py:914} INFO - Processing file /home/usmail/sys_fraud/sys_detection_frauds/lib/python3.12/site-packages/airflow/example_dags/example_workday_timetable.py for tasks to queue
[2025-03-21T21:23:20.815+0000] {logging_mixin.py:190} INFO - [2025-03-21T21:23:20.815+0000] {dagbag.py:588} INFO - Filling up the DagBag from /home/usmail/sys_fraud/sys_detection_frauds/lib/python3.12/site-packages/airflow/example_dags/example_workday_timetable.py
[2025-03-21T21:23:20.824+0000] {processor.py:925} INFO - DAG(s) 'example_workday_timetable' retrieved from /home/usmail/sys_fraud/sys_detection_frauds/lib/python3.12/site-packages/airflow/example_dags/example_workday_timetable.py
[2025-03-21T21:23:20.846+0000] {logging_mixin.py:190} INFO - [2025-03-21T21:23:20.845+0000] {dag.py:3239} INFO - Sync 1 DAGs
[2025-03-21T21:23:20.872+0000] {logging_mixin.py:190} INFO - [2025-03-21T21:23:20.872+0000] {dag.py:4180} INFO - Setting next_dagrun for example_workday_timetable to 2021-01-01 00:00:00+00:00, run_after=2021-01-02 00:00:00+00:00
[2025-03-21T21:23:20.887+0000] {processor.py:208} INFO - Processing /home/usmail/sys_fraud/sys_detection_frauds/lib/python3.12/site-packages/airflow/example_dags/example_workday_timetable.py took 0.096 seconds
[2025-03-21T21:24:22.860+0000] {processor.py:186} INFO - Started process (PID=3752140) to work on /home/usmail/sys_fraud/sys_detection_frauds/lib/python3.12/site-packages/airflow/example_dags/example_workday_timetable.py
[2025-03-21T21:24:22.869+0000] {processor.py:914} INFO - Processing file /home/usmail/sys_fraud/sys_detection_frauds/lib/python3.12/site-packages/airflow/example_dags/example_workday_timetable.py for tasks to queue
[2025-03-21T21:24:22.873+0000] {logging_mixin.py:190} INFO - [2025-03-21T21:24:22.872+0000] {dagbag.py:588} INFO - Filling up the DagBag from /home/usmail/sys_fraud/sys_detection_frauds/lib/python3.12/site-packages/airflow/example_dags/example_workday_timetable.py
[2025-03-21T21:24:22.883+0000] {processor.py:925} INFO - DAG(s) 'example_workday_timetable' retrieved from /home/usmail/sys_fraud/sys_detection_frauds/lib/python3.12/site-packages/airflow/example_dags/example_workday_timetable.py
[2025-03-21T21:24:22.904+0000] {logging_mixin.py:190} INFO - [2025-03-21T21:24:22.904+0000] {dag.py:3239} INFO - Sync 1 DAGs
[2025-03-21T21:24:22.930+0000] {logging_mixin.py:190} INFO - [2025-03-21T21:24:22.930+0000] {dag.py:4180} INFO - Setting next_dagrun for example_workday_timetable to 2021-01-01 00:00:00+00:00, run_after=2021-01-02 00:00:00+00:00
[2025-03-21T21:24:22.948+0000] {processor.py:208} INFO - Processing /home/usmail/sys_fraud/sys_detection_frauds/lib/python3.12/site-packages/airflow/example_dags/example_workday_timetable.py took 0.101 seconds
[2025-03-21T21:25:24.642+0000] {processor.py:186} INFO - Started process (PID=3752834) to work on /home/usmail/sys_fraud/sys_detection_frauds/lib/python3.12/site-packages/airflow/example_dags/example_workday_timetable.py
[2025-03-21T21:25:24.651+0000] {processor.py:914} INFO - Processing file /home/usmail/sys_fraud/sys_detection_frauds/lib/python3.12/site-packages/airflow/example_dags/example_workday_timetable.py for tasks to queue
[2025-03-21T21:25:24.655+0000] {logging_mixin.py:190} INFO - [2025-03-21T21:25:24.654+0000] {dagbag.py:588} INFO - Filling up the DagBag from /home/usmail/sys_fraud/sys_detection_frauds/lib/python3.12/site-packages/airflow/example_dags/example_workday_timetable.py
[2025-03-21T21:25:24.664+0000] {processor.py:925} INFO - DAG(s) 'example_workday_timetable' retrieved from /home/usmail/sys_fraud/sys_detection_frauds/lib/python3.12/site-packages/airflow/example_dags/example_workday_timetable.py
[2025-03-21T21:25:24.686+0000] {logging_mixin.py:190} INFO - [2025-03-21T21:25:24.685+0000] {dag.py:3239} INFO - Sync 1 DAGs
[2025-03-21T21:25:24.710+0000] {logging_mixin.py:190} INFO - [2025-03-21T21:25:24.710+0000] {dag.py:4180} INFO - Setting next_dagrun for example_workday_timetable to 2021-01-01 00:00:00+00:00, run_after=2021-01-02 00:00:00+00:00
[2025-03-21T21:25:24.730+0000] {processor.py:208} INFO - Processing /home/usmail/sys_fraud/sys_detection_frauds/lib/python3.12/site-packages/airflow/example_dags/example_workday_timetable.py took 0.099 seconds
[2025-03-21T21:26:30.735+0000] {processor.py:186} INFO - Started process (PID=3753498) to work on /home/usmail/sys_fraud/sys_detection_frauds/lib/python3.12/site-packages/airflow/example_dags/example_workday_timetable.py
[2025-03-21T21:26:30.745+0000] {processor.py:914} INFO - Processing file /home/usmail/sys_fraud/sys_detection_frauds/lib/python3.12/site-packages/airflow/example_dags/example_workday_timetable.py for tasks to queue
[2025-03-21T21:26:30.748+0000] {logging_mixin.py:190} INFO - [2025-03-21T21:26:30.747+0000] {dagbag.py:588} INFO - Filling up the DagBag from /home/usmail/sys_fraud/sys_detection_frauds/lib/python3.12/site-packages/airflow/example_dags/example_workday_timetable.py
[2025-03-21T21:26:30.758+0000] {processor.py:925} INFO - DAG(s) 'example_workday_timetable' retrieved from /home/usmail/sys_fraud/sys_detection_frauds/lib/python3.12/site-packages/airflow/example_dags/example_workday_timetable.py
[2025-03-21T21:26:30.779+0000] {logging_mixin.py:190} INFO - [2025-03-21T21:26:30.779+0000] {dag.py:3239} INFO - Sync 1 DAGs
[2025-03-21T21:26:30.807+0000] {logging_mixin.py:190} INFO - [2025-03-21T21:26:30.807+0000] {dag.py:4180} INFO - Setting next_dagrun for example_workday_timetable to 2021-01-01 00:00:00+00:00, run_after=2021-01-02 00:00:00+00:00
[2025-03-21T21:26:30.842+0000] {processor.py:208} INFO - Processing /home/usmail/sys_fraud/sys_detection_frauds/lib/python3.12/site-packages/airflow/example_dags/example_workday_timetable.py took 0.119 seconds
[2025-03-21T21:27:34.499+0000] {processor.py:186} INFO - Started process (PID=3754170) to work on /home/usmail/sys_fraud/sys_detection_frauds/lib/python3.12/site-packages/airflow/example_dags/example_workday_timetable.py
[2025-03-21T21:27:34.508+0000] {processor.py:914} INFO - Processing file /home/usmail/sys_fraud/sys_detection_frauds/lib/python3.12/site-packages/airflow/example_dags/example_workday_timetable.py for tasks to queue
[2025-03-21T21:27:34.511+0000] {logging_mixin.py:190} INFO - [2025-03-21T21:27:34.510+0000] {dagbag.py:588} INFO - Filling up the DagBag from /home/usmail/sys_fraud/sys_detection_frauds/lib/python3.12/site-packages/airflow/example_dags/example_workday_timetable.py
[2025-03-21T21:27:34.520+0000] {processor.py:925} INFO - DAG(s) 'example_workday_timetable' retrieved from /home/usmail/sys_fraud/sys_detection_frauds/lib/python3.12/site-packages/airflow/example_dags/example_workday_timetable.py
[2025-03-21T21:27:34.542+0000] {logging_mixin.py:190} INFO - [2025-03-21T21:27:34.541+0000] {dag.py:3239} INFO - Sync 1 DAGs
[2025-03-21T21:27:34.569+0000] {logging_mixin.py:190} INFO - [2025-03-21T21:27:34.569+0000] {dag.py:4180} INFO - Setting next_dagrun for example_workday_timetable to 2021-01-01 00:00:00+00:00, run_after=2021-01-02 00:00:00+00:00
[2025-03-21T21:27:34.604+0000] {processor.py:208} INFO - Processing /home/usmail/sys_fraud/sys_detection_frauds/lib/python3.12/site-packages/airflow/example_dags/example_workday_timetable.py took 0.117 seconds
[2025-03-21T21:28:32.962+0000] {processor.py:186} INFO - Started process (PID=3754765) to work on /home/usmail/sys_fraud/sys_detection_frauds/lib/python3.12/site-packages/airflow/example_dags/example_workday_timetable.py
[2025-03-21T21:28:32.963+0000] {processor.py:914} INFO - Processing file /home/usmail/sys_fraud/sys_detection_frauds/lib/python3.12/site-packages/airflow/example_dags/example_workday_timetable.py for tasks to queue
[2025-03-21T21:28:32.966+0000] {logging_mixin.py:190} INFO - [2025-03-21T21:28:32.966+0000] {dagbag.py:588} INFO - Filling up the DagBag from /home/usmail/sys_fraud/sys_detection_frauds/lib/python3.12/site-packages/airflow/example_dags/example_workday_timetable.py
[2025-03-21T21:28:32.975+0000] {processor.py:925} INFO - DAG(s) 'example_workday_timetable' retrieved from /home/usmail/sys_fraud/sys_detection_frauds/lib/python3.12/site-packages/airflow/example_dags/example_workday_timetable.py
[2025-03-21T21:28:32.996+0000] {logging_mixin.py:190} INFO - [2025-03-21T21:28:32.996+0000] {dag.py:3239} INFO - Sync 1 DAGs
[2025-03-21T21:28:33.021+0000] {logging_mixin.py:190} INFO - [2025-03-21T21:28:33.021+0000] {dag.py:4180} INFO - Setting next_dagrun for example_workday_timetable to 2021-01-01 00:00:00+00:00, run_after=2021-01-02 00:00:00+00:00
[2025-03-21T21:28:33.049+0000] {processor.py:208} INFO - Processing /home/usmail/sys_fraud/sys_detection_frauds/lib/python3.12/site-packages/airflow/example_dags/example_workday_timetable.py took 0.100 seconds
[2025-03-21T21:29:36.565+0000] {processor.py:186} INFO - Started process (PID=3755446) to work on /home/usmail/sys_fraud/sys_detection_frauds/lib/python3.12/site-packages/airflow/example_dags/example_workday_timetable.py
[2025-03-21T21:29:36.574+0000] {processor.py:914} INFO - Processing file /home/usmail/sys_fraud/sys_detection_frauds/lib/python3.12/site-packages/airflow/example_dags/example_workday_timetable.py for tasks to queue
[2025-03-21T21:29:36.578+0000] {logging_mixin.py:190} INFO - [2025-03-21T21:29:36.577+0000] {dagbag.py:588} INFO - Filling up the DagBag from /home/usmail/sys_fraud/sys_detection_frauds/lib/python3.12/site-packages/airflow/example_dags/example_workday_timetable.py
[2025-03-21T21:29:36.587+0000] {processor.py:925} INFO - DAG(s) 'example_workday_timetable' retrieved from /home/usmail/sys_fraud/sys_detection_frauds/lib/python3.12/site-packages/airflow/example_dags/example_workday_timetable.py
[2025-03-21T21:29:36.608+0000] {logging_mixin.py:190} INFO - [2025-03-21T21:29:36.608+0000] {dag.py:3239} INFO - Sync 1 DAGs
[2025-03-21T21:29:36.636+0000] {logging_mixin.py:190} INFO - [2025-03-21T21:29:36.635+0000] {dag.py:4180} INFO - Setting next_dagrun for example_workday_timetable to 2021-01-01 00:00:00+00:00, run_after=2021-01-02 00:00:00+00:00
[2025-03-21T21:29:36.654+0000] {processor.py:208} INFO - Processing /home/usmail/sys_fraud/sys_detection_frauds/lib/python3.12/site-packages/airflow/example_dags/example_workday_timetable.py took 0.101 seconds
[2025-03-21T21:30:41.366+0000] {processor.py:186} INFO - Started process (PID=3756118) to work on /home/usmail/sys_fraud/sys_detection_frauds/lib/python3.12/site-packages/airflow/example_dags/example_workday_timetable.py
[2025-03-21T21:30:41.375+0000] {processor.py:914} INFO - Processing file /home/usmail/sys_fraud/sys_detection_frauds/lib/python3.12/site-packages/airflow/example_dags/example_workday_timetable.py for tasks to queue
[2025-03-21T21:30:41.379+0000] {logging_mixin.py:190} INFO - [2025-03-21T21:30:41.378+0000] {dagbag.py:588} INFO - Filling up the DagBag from /home/usmail/sys_fraud/sys_detection_frauds/lib/python3.12/site-packages/airflow/example_dags/example_workday_timetable.py
[2025-03-21T21:30:41.388+0000] {processor.py:925} INFO - DAG(s) 'example_workday_timetable' retrieved from /home/usmail/sys_fraud/sys_detection_frauds/lib/python3.12/site-packages/airflow/example_dags/example_workday_timetable.py
[2025-03-21T21:30:41.413+0000] {logging_mixin.py:190} INFO - [2025-03-21T21:30:41.413+0000] {dag.py:3239} INFO - Sync 1 DAGs
[2025-03-21T21:30:41.438+0000] {logging_mixin.py:190} INFO - [2025-03-21T21:30:41.438+0000] {dag.py:4180} INFO - Setting next_dagrun for example_workday_timetable to 2021-01-01 00:00:00+00:00, run_after=2021-01-02 00:00:00+00:00
[2025-03-21T21:30:41.465+0000] {processor.py:208} INFO - Processing /home/usmail/sys_fraud/sys_detection_frauds/lib/python3.12/site-packages/airflow/example_dags/example_workday_timetable.py took 0.111 seconds
[2025-03-21T21:31:46.922+0000] {processor.py:186} INFO - Started process (PID=3756806) to work on /home/usmail/sys_fraud/sys_detection_frauds/lib/python3.12/site-packages/airflow/example_dags/example_workday_timetable.py
[2025-03-21T21:31:46.931+0000] {processor.py:914} INFO - Processing file /home/usmail/sys_fraud/sys_detection_frauds/lib/python3.12/site-packages/airflow/example_dags/example_workday_timetable.py for tasks to queue
[2025-03-21T21:31:46.935+0000] {logging_mixin.py:190} INFO - [2025-03-21T21:31:46.934+0000] {dagbag.py:588} INFO - Filling up the DagBag from /home/usmail/sys_fraud/sys_detection_frauds/lib/python3.12/site-packages/airflow/example_dags/example_workday_timetable.py
[2025-03-21T21:31:46.944+0000] {processor.py:925} INFO - DAG(s) 'example_workday_timetable' retrieved from /home/usmail/sys_fraud/sys_detection_frauds/lib/python3.12/site-packages/airflow/example_dags/example_workday_timetable.py
[2025-03-21T21:31:46.965+0000] {logging_mixin.py:190} INFO - [2025-03-21T21:31:46.965+0000] {dag.py:3239} INFO - Sync 1 DAGs
[2025-03-21T21:31:46.992+0000] {logging_mixin.py:190} INFO - [2025-03-21T21:31:46.992+0000] {dag.py:4180} INFO - Setting next_dagrun for example_workday_timetable to 2021-01-01 00:00:00+00:00, run_after=2021-01-02 00:00:00+00:00
[2025-03-21T21:31:47.008+0000] {processor.py:208} INFO - Processing /home/usmail/sys_fraud/sys_detection_frauds/lib/python3.12/site-packages/airflow/example_dags/example_workday_timetable.py took 0.097 seconds
[2025-03-21T21:32:51.077+0000] {processor.py:186} INFO - Started process (PID=3757481) to work on /home/usmail/sys_fraud/sys_detection_frauds/lib/python3.12/site-packages/airflow/example_dags/example_workday_timetable.py
[2025-03-21T21:32:51.086+0000] {processor.py:914} INFO - Processing file /home/usmail/sys_fraud/sys_detection_frauds/lib/python3.12/site-packages/airflow/example_dags/example_workday_timetable.py for tasks to queue
[2025-03-21T21:32:51.089+0000] {logging_mixin.py:190} INFO - [2025-03-21T21:32:51.088+0000] {dagbag.py:588} INFO - Filling up the DagBag from /home/usmail/sys_fraud/sys_detection_frauds/lib/python3.12/site-packages/airflow/example_dags/example_workday_timetable.py
[2025-03-21T21:32:51.099+0000] {processor.py:925} INFO - DAG(s) 'example_workday_timetable' retrieved from /home/usmail/sys_fraud/sys_detection_frauds/lib/python3.12/site-packages/airflow/example_dags/example_workday_timetable.py
[2025-03-21T21:32:51.120+0000] {logging_mixin.py:190} INFO - [2025-03-21T21:32:51.120+0000] {dag.py:3239} INFO - Sync 1 DAGs
[2025-03-21T21:32:51.148+0000] {logging_mixin.py:190} INFO - [2025-03-21T21:32:51.148+0000] {dag.py:4180} INFO - Setting next_dagrun for example_workday_timetable to 2021-01-01 00:00:00+00:00, run_after=2021-01-02 00:00:00+00:00
[2025-03-21T21:32:51.164+0000] {processor.py:208} INFO - Processing /home/usmail/sys_fraud/sys_detection_frauds/lib/python3.12/site-packages/airflow/example_dags/example_workday_timetable.py took 0.100 seconds
[2025-03-21T22:19:24.263+0000] {processor.py:186} INFO - Started process (PID=3758494) to work on /home/usmail/sys_fraud/sys_detection_frauds/lib/python3.12/site-packages/airflow/example_dags/example_workday_timetable.py
[2025-03-21T22:19:24.265+0000] {processor.py:914} INFO - Processing file /home/usmail/sys_fraud/sys_detection_frauds/lib/python3.12/site-packages/airflow/example_dags/example_workday_timetable.py for tasks to queue
[2025-03-21T22:19:24.268+0000] {logging_mixin.py:190} INFO - [2025-03-21T22:19:24.267+0000] {dagbag.py:588} INFO - Filling up the DagBag from /home/usmail/sys_fraud/sys_detection_frauds/lib/python3.12/site-packages/airflow/example_dags/example_workday_timetable.py
[2025-03-21T22:19:24.279+0000] {processor.py:925} INFO - DAG(s) 'example_workday_timetable' retrieved from /home/usmail/sys_fraud/sys_detection_frauds/lib/python3.12/site-packages/airflow/example_dags/example_workday_timetable.py
[2025-03-21T22:19:24.309+0000] {logging_mixin.py:190} INFO - [2025-03-21T22:19:24.309+0000] {dag.py:3239} INFO - Sync 1 DAGs
[2025-03-21T22:19:24.340+0000] {logging_mixin.py:190} INFO - [2025-03-21T22:19:24.340+0000] {dag.py:4180} INFO - Setting next_dagrun for example_workday_timetable to 2021-01-01 00:00:00+00:00, run_after=2021-01-02 00:00:00+00:00
[2025-03-21T22:19:24.366+0000] {processor.py:208} INFO - Processing /home/usmail/sys_fraud/sys_detection_frauds/lib/python3.12/site-packages/airflow/example_dags/example_workday_timetable.py took 0.114 seconds
[2025-03-21T22:20:20.872+0000] {processor.py:186} INFO - Started process (PID=3759431) to work on /home/usmail/sys_fraud/sys_detection_frauds/lib/python3.12/site-packages/airflow/example_dags/example_workday_timetable.py
[2025-03-21T22:20:20.872+0000] {processor.py:914} INFO - Processing file /home/usmail/sys_fraud/sys_detection_frauds/lib/python3.12/site-packages/airflow/example_dags/example_workday_timetable.py for tasks to queue
[2025-03-21T22:20:20.874+0000] {logging_mixin.py:190} INFO - [2025-03-21T22:20:20.874+0000] {dagbag.py:588} INFO - Filling up the DagBag from /home/usmail/sys_fraud/sys_detection_frauds/lib/python3.12/site-packages/airflow/example_dags/example_workday_timetable.py
[2025-03-21T22:20:20.880+0000] {processor.py:925} INFO - DAG(s) 'example_workday_timetable' retrieved from /home/usmail/sys_fraud/sys_detection_frauds/lib/python3.12/site-packages/airflow/example_dags/example_workday_timetable.py
[2025-03-21T22:20:20.894+0000] {logging_mixin.py:190} INFO - [2025-03-21T22:20:20.894+0000] {dag.py:3239} INFO - Sync 1 DAGs
[2025-03-21T22:20:20.920+0000] {logging_mixin.py:190} INFO - [2025-03-21T22:20:20.919+0000] {dag.py:4180} INFO - Setting next_dagrun for example_workday_timetable to 2021-01-01 00:00:00+00:00, run_after=2021-01-02 00:00:00+00:00
[2025-03-21T22:20:20.944+0000] {processor.py:208} INFO - Processing /home/usmail/sys_fraud/sys_detection_frauds/lib/python3.12/site-packages/airflow/example_dags/example_workday_timetable.py took 0.080 seconds
[2025-03-21T22:21:22.649+0000] {processor.py:186} INFO - Started process (PID=3760165) to work on /home/usmail/sys_fraud/sys_detection_frauds/lib/python3.12/site-packages/airflow/example_dags/example_workday_timetable.py
[2025-03-21T22:21:22.658+0000] {processor.py:914} INFO - Processing file /home/usmail/sys_fraud/sys_detection_frauds/lib/python3.12/site-packages/airflow/example_dags/example_workday_timetable.py for tasks to queue
[2025-03-21T22:21:22.660+0000] {logging_mixin.py:190} INFO - [2025-03-21T22:21:22.659+0000] {dagbag.py:588} INFO - Filling up the DagBag from /home/usmail/sys_fraud/sys_detection_frauds/lib/python3.12/site-packages/airflow/example_dags/example_workday_timetable.py
[2025-03-21T22:21:22.669+0000] {processor.py:925} INFO - DAG(s) 'example_workday_timetable' retrieved from /home/usmail/sys_fraud/sys_detection_frauds/lib/python3.12/site-packages/airflow/example_dags/example_workday_timetable.py
[2025-03-21T22:21:22.694+0000] {logging_mixin.py:190} INFO - [2025-03-21T22:21:22.693+0000] {dag.py:3239} INFO - Sync 1 DAGs
[2025-03-21T22:21:22.730+0000] {logging_mixin.py:190} INFO - [2025-03-21T22:21:22.730+0000] {dag.py:4180} INFO - Setting next_dagrun for example_workday_timetable to 2021-01-01 00:00:00+00:00, run_after=2021-01-02 00:00:00+00:00
[2025-03-21T22:21:22.760+0000] {processor.py:208} INFO - Processing /home/usmail/sys_fraud/sys_detection_frauds/lib/python3.12/site-packages/airflow/example_dags/example_workday_timetable.py took 0.124 seconds
[2025-03-21T22:22:23.895+0000] {processor.py:186} INFO - Started process (PID=3761264) to work on /home/usmail/sys_fraud/sys_detection_frauds/lib/python3.12/site-packages/airflow/example_dags/example_workday_timetable.py
[2025-03-21T22:22:23.903+0000] {processor.py:914} INFO - Processing file /home/usmail/sys_fraud/sys_detection_frauds/lib/python3.12/site-packages/airflow/example_dags/example_workday_timetable.py for tasks to queue
[2025-03-21T22:22:23.905+0000] {logging_mixin.py:190} INFO - [2025-03-21T22:22:23.904+0000] {dagbag.py:588} INFO - Filling up the DagBag from /home/usmail/sys_fraud/sys_detection_frauds/lib/python3.12/site-packages/airflow/example_dags/example_workday_timetable.py
[2025-03-21T22:22:23.910+0000] {processor.py:925} INFO - DAG(s) 'example_workday_timetable' retrieved from /home/usmail/sys_fraud/sys_detection_frauds/lib/python3.12/site-packages/airflow/example_dags/example_workday_timetable.py
[2025-03-21T22:22:23.922+0000] {logging_mixin.py:190} INFO - [2025-03-21T22:22:23.921+0000] {dag.py:3239} INFO - Sync 1 DAGs
[2025-03-21T22:22:23.943+0000] {logging_mixin.py:190} INFO - [2025-03-21T22:22:23.942+0000] {dag.py:4180} INFO - Setting next_dagrun for example_workday_timetable to 2021-01-01 00:00:00+00:00, run_after=2021-01-02 00:00:00+00:00
[2025-03-21T22:22:23.976+0000] {processor.py:208} INFO - Processing /home/usmail/sys_fraud/sys_detection_frauds/lib/python3.12/site-packages/airflow/example_dags/example_workday_timetable.py took 0.087 seconds
