[2025-03-21T20:49:49.799+0000] {processor.py:186} INFO - Started process (PID=3723146) to work on /home/usmail/sys_fraud/sys_detection_frauds/lib/python3.12/site-packages/airflow/example_dags/example_short_circuit_operator.py
[2025-03-21T20:49:49.800+0000] {processor.py:914} INFO - Processing file /home/usmail/sys_fraud/sys_detection_frauds/lib/python3.12/site-packages/airflow/example_dags/example_short_circuit_operator.py for tasks to queue
[2025-03-21T20:49:49.803+0000] {logging_mixin.py:190} INFO - [2025-03-21T20:49:49.802+0000] {dagbag.py:588} INFO - Filling up the DagBag from /home/usmail/sys_fraud/sys_detection_frauds/lib/python3.12/site-packages/airflow/example_dags/example_short_circuit_operator.py
[2025-03-21T20:49:49.811+0000] {processor.py:925} INFO - DAG(s) 'example_short_circuit_operator' retrieved from /home/usmail/sys_fraud/sys_detection_frauds/lib/python3.12/site-packages/airflow/example_dags/example_short_circuit_operator.py
[2025-03-21T20:49:49.878+0000] {logging_mixin.py:190} INFO - [2025-03-21T20:49:49.877+0000] {override.py:1912} INFO - Created Permission View: can edit on DAG:example_short_circuit_operator
[2025-03-21T20:49:49.884+0000] {logging_mixin.py:190} INFO - [2025-03-21T20:49:49.884+0000] {override.py:1912} INFO - Created Permission View: can read on DAG:example_short_circuit_operator
[2025-03-21T20:49:49.889+0000] {logging_mixin.py:190} INFO - [2025-03-21T20:49:49.889+0000] {override.py:1912} INFO - Created Permission View: can delete on DAG:example_short_circuit_operator
[2025-03-21T20:49:49.897+0000] {logging_mixin.py:190} INFO - [2025-03-21T20:49:49.897+0000] {override.py:1912} INFO - Created Permission View: can create on DAG Run:example_short_circuit_operator
[2025-03-21T20:49:49.901+0000] {logging_mixin.py:190} INFO - [2025-03-21T20:49:49.901+0000] {override.py:1912} INFO - Created Permission View: menu access on DAG Run:example_short_circuit_operator
[2025-03-21T20:49:49.906+0000] {logging_mixin.py:190} INFO - [2025-03-21T20:49:49.906+0000] {override.py:1912} INFO - Created Permission View: can read on DAG Run:example_short_circuit_operator
[2025-03-21T20:49:49.911+0000] {logging_mixin.py:190} INFO - [2025-03-21T20:49:49.911+0000] {override.py:1912} INFO - Created Permission View: can delete on DAG Run:example_short_circuit_operator
[2025-03-21T20:49:49.911+0000] {logging_mixin.py:190} INFO - [2025-03-21T20:49:49.911+0000] {dag.py:3239} INFO - Sync 1 DAGs
[2025-03-21T20:49:49.918+0000] {logging_mixin.py:190} INFO - [2025-03-21T20:49:49.918+0000] {dag.py:3262} INFO - Creating ORM DAG for example_short_circuit_operator
[2025-03-21T20:49:49.919+0000] {logging_mixin.py:190} INFO - [2025-03-21T20:49:49.918+0000] {dag.py:4180} INFO - Setting next_dagrun for example_short_circuit_operator to None, run_after=None
[2025-03-21T20:49:49.931+0000] {processor.py:208} INFO - Processing /home/usmail/sys_fraud/sys_detection_frauds/lib/python3.12/site-packages/airflow/example_dags/example_short_circuit_operator.py took 0.135 seconds
[2025-03-21T20:50:50.285+0000] {processor.py:186} INFO - Started process (PID=3723870) to work on /home/usmail/sys_fraud/sys_detection_frauds/lib/python3.12/site-packages/airflow/example_dags/example_short_circuit_operator.py
[2025-03-21T20:50:50.294+0000] {processor.py:914} INFO - Processing file /home/usmail/sys_fraud/sys_detection_frauds/lib/python3.12/site-packages/airflow/example_dags/example_short_circuit_operator.py for tasks to queue
[2025-03-21T20:50:50.298+0000] {logging_mixin.py:190} INFO - [2025-03-21T20:50:50.297+0000] {dagbag.py:588} INFO - Filling up the DagBag from /home/usmail/sys_fraud/sys_detection_frauds/lib/python3.12/site-packages/airflow/example_dags/example_short_circuit_operator.py
[2025-03-21T20:50:50.308+0000] {processor.py:925} INFO - DAG(s) 'example_short_circuit_operator' retrieved from /home/usmail/sys_fraud/sys_detection_frauds/lib/python3.12/site-packages/airflow/example_dags/example_short_circuit_operator.py
[2025-03-21T20:50:50.318+0000] {logging_mixin.py:190} INFO - [2025-03-21T20:50:50.317+0000] {dag.py:3239} INFO - Sync 1 DAGs
[2025-03-21T20:50:50.326+0000] {logging_mixin.py:190} INFO - [2025-03-21T20:50:50.325+0000] {dag.py:4180} INFO - Setting next_dagrun for example_short_circuit_operator to None, run_after=None
[2025-03-21T20:50:50.338+0000] {processor.py:208} INFO - Processing /home/usmail/sys_fraud/sys_detection_frauds/lib/python3.12/site-packages/airflow/example_dags/example_short_circuit_operator.py took 0.061 seconds
[2025-03-21T20:51:44.446+0000] {processor.py:186} INFO - Started process (PID=3724545) to work on /home/usmail/sys_fraud/sys_detection_frauds/lib/python3.12/site-packages/airflow/example_dags/example_short_circuit_operator.py
[2025-03-21T20:51:44.454+0000] {processor.py:914} INFO - Processing file /home/usmail/sys_fraud/sys_detection_frauds/lib/python3.12/site-packages/airflow/example_dags/example_short_circuit_operator.py for tasks to queue
[2025-03-21T20:51:44.455+0000] {logging_mixin.py:190} INFO - [2025-03-21T20:51:44.455+0000] {dagbag.py:588} INFO - Filling up the DagBag from /home/usmail/sys_fraud/sys_detection_frauds/lib/python3.12/site-packages/airflow/example_dags/example_short_circuit_operator.py
[2025-03-21T20:51:44.461+0000] {processor.py:925} INFO - DAG(s) 'example_short_circuit_operator' retrieved from /home/usmail/sys_fraud/sys_detection_frauds/lib/python3.12/site-packages/airflow/example_dags/example_short_circuit_operator.py
[2025-03-21T20:51:44.472+0000] {logging_mixin.py:190} INFO - [2025-03-21T20:51:44.472+0000] {dag.py:3239} INFO - Sync 1 DAGs
[2025-03-21T20:51:44.480+0000] {logging_mixin.py:190} INFO - [2025-03-21T20:51:44.480+0000] {dag.py:4180} INFO - Setting next_dagrun for example_short_circuit_operator to None, run_after=None
[2025-03-21T20:51:44.493+0000] {processor.py:208} INFO - Processing /home/usmail/sys_fraud/sys_detection_frauds/lib/python3.12/site-packages/airflow/example_dags/example_short_circuit_operator.py took 0.051 seconds
[2025-03-21T20:52:40.773+0000] {processor.py:186} INFO - Started process (PID=3725189) to work on /home/usmail/sys_fraud/sys_detection_frauds/lib/python3.12/site-packages/airflow/example_dags/example_short_circuit_operator.py
[2025-03-21T20:52:40.782+0000] {processor.py:914} INFO - Processing file /home/usmail/sys_fraud/sys_detection_frauds/lib/python3.12/site-packages/airflow/example_dags/example_short_circuit_operator.py for tasks to queue
[2025-03-21T20:52:40.785+0000] {logging_mixin.py:190} INFO - [2025-03-21T20:52:40.785+0000] {dagbag.py:588} INFO - Filling up the DagBag from /home/usmail/sys_fraud/sys_detection_frauds/lib/python3.12/site-packages/airflow/example_dags/example_short_circuit_operator.py
[2025-03-21T20:52:40.795+0000] {processor.py:925} INFO - DAG(s) 'example_short_circuit_operator' retrieved from /home/usmail/sys_fraud/sys_detection_frauds/lib/python3.12/site-packages/airflow/example_dags/example_short_circuit_operator.py
[2025-03-21T20:52:40.806+0000] {logging_mixin.py:190} INFO - [2025-03-21T20:52:40.806+0000] {dag.py:3239} INFO - Sync 1 DAGs
[2025-03-21T20:52:40.814+0000] {logging_mixin.py:190} INFO - [2025-03-21T20:52:40.813+0000] {dag.py:4180} INFO - Setting next_dagrun for example_short_circuit_operator to None, run_after=None
[2025-03-21T20:52:40.826+0000] {processor.py:208} INFO - Processing /home/usmail/sys_fraud/sys_detection_frauds/lib/python3.12/site-packages/airflow/example_dags/example_short_circuit_operator.py took 0.060 seconds
[2025-03-21T20:53:33.761+0000] {processor.py:186} INFO - Started process (PID=3725824) to work on /home/usmail/sys_fraud/sys_detection_frauds/lib/python3.12/site-packages/airflow/example_dags/example_short_circuit_operator.py
[2025-03-21T20:53:33.771+0000] {processor.py:914} INFO - Processing file /home/usmail/sys_fraud/sys_detection_frauds/lib/python3.12/site-packages/airflow/example_dags/example_short_circuit_operator.py for tasks to queue
[2025-03-21T20:53:33.774+0000] {logging_mixin.py:190} INFO - [2025-03-21T20:53:33.774+0000] {dagbag.py:588} INFO - Filling up the DagBag from /home/usmail/sys_fraud/sys_detection_frauds/lib/python3.12/site-packages/airflow/example_dags/example_short_circuit_operator.py
[2025-03-21T20:53:33.782+0000] {processor.py:925} INFO - DAG(s) 'example_short_circuit_operator' retrieved from /home/usmail/sys_fraud/sys_detection_frauds/lib/python3.12/site-packages/airflow/example_dags/example_short_circuit_operator.py
[2025-03-21T20:53:33.792+0000] {logging_mixin.py:190} INFO - [2025-03-21T20:53:33.792+0000] {dag.py:3239} INFO - Sync 1 DAGs
[2025-03-21T20:53:33.800+0000] {logging_mixin.py:190} INFO - [2025-03-21T20:53:33.799+0000] {dag.py:4180} INFO - Setting next_dagrun for example_short_circuit_operator to None, run_after=None
[2025-03-21T20:53:33.812+0000] {processor.py:208} INFO - Processing /home/usmail/sys_fraud/sys_detection_frauds/lib/python3.12/site-packages/airflow/example_dags/example_short_circuit_operator.py took 0.057 seconds
[2025-03-21T20:54:27.130+0000] {processor.py:186} INFO - Started process (PID=3726498) to work on /home/usmail/sys_fraud/sys_detection_frauds/lib/python3.12/site-packages/airflow/example_dags/example_short_circuit_operator.py
[2025-03-21T20:54:27.139+0000] {processor.py:914} INFO - Processing file /home/usmail/sys_fraud/sys_detection_frauds/lib/python3.12/site-packages/airflow/example_dags/example_short_circuit_operator.py for tasks to queue
[2025-03-21T20:54:27.140+0000] {logging_mixin.py:190} INFO - [2025-03-21T20:54:27.140+0000] {dagbag.py:588} INFO - Filling up the DagBag from /home/usmail/sys_fraud/sys_detection_frauds/lib/python3.12/site-packages/airflow/example_dags/example_short_circuit_operator.py
[2025-03-21T20:54:27.146+0000] {processor.py:925} INFO - DAG(s) 'example_short_circuit_operator' retrieved from /home/usmail/sys_fraud/sys_detection_frauds/lib/python3.12/site-packages/airflow/example_dags/example_short_circuit_operator.py
[2025-03-21T20:54:27.248+0000] {logging_mixin.py:190} INFO - [2025-03-21T20:54:27.248+0000] {dag.py:3239} INFO - Sync 1 DAGs
[2025-03-21T20:54:27.255+0000] {logging_mixin.py:190} INFO - [2025-03-21T20:54:27.255+0000] {dag.py:4180} INFO - Setting next_dagrun for example_short_circuit_operator to None, run_after=None
[2025-03-21T20:54:27.276+0000] {processor.py:208} INFO - Processing /home/usmail/sys_fraud/sys_detection_frauds/lib/python3.12/site-packages/airflow/example_dags/example_short_circuit_operator.py took 0.150 seconds
[2025-03-21T20:55:19.220+0000] {processor.py:186} INFO - Started process (PID=3727142) to work on /home/usmail/sys_fraud/sys_detection_frauds/lib/python3.12/site-packages/airflow/example_dags/example_short_circuit_operator.py
[2025-03-21T20:55:19.221+0000] {processor.py:914} INFO - Processing file /home/usmail/sys_fraud/sys_detection_frauds/lib/python3.12/site-packages/airflow/example_dags/example_short_circuit_operator.py for tasks to queue
[2025-03-21T20:55:19.223+0000] {logging_mixin.py:190} INFO - [2025-03-21T20:55:19.223+0000] {dagbag.py:588} INFO - Filling up the DagBag from /home/usmail/sys_fraud/sys_detection_frauds/lib/python3.12/site-packages/airflow/example_dags/example_short_circuit_operator.py
[2025-03-21T20:55:19.230+0000] {processor.py:925} INFO - DAG(s) 'example_short_circuit_operator' retrieved from /home/usmail/sys_fraud/sys_detection_frauds/lib/python3.12/site-packages/airflow/example_dags/example_short_circuit_operator.py
[2025-03-21T20:55:19.239+0000] {logging_mixin.py:190} INFO - [2025-03-21T20:55:19.239+0000] {dag.py:3239} INFO - Sync 1 DAGs
[2025-03-21T20:55:19.246+0000] {logging_mixin.py:190} INFO - [2025-03-21T20:55:19.246+0000] {dag.py:4180} INFO - Setting next_dagrun for example_short_circuit_operator to None, run_after=None
[2025-03-21T20:55:19.264+0000] {processor.py:208} INFO - Processing /home/usmail/sys_fraud/sys_detection_frauds/lib/python3.12/site-packages/airflow/example_dags/example_short_circuit_operator.py took 0.053 seconds
[2025-03-21T20:56:08.900+0000] {processor.py:186} INFO - Started process (PID=3727780) to work on /home/usmail/sys_fraud/sys_detection_frauds/lib/python3.12/site-packages/airflow/example_dags/example_short_circuit_operator.py
[2025-03-21T20:56:08.909+0000] {processor.py:914} INFO - Processing file /home/usmail/sys_fraud/sys_detection_frauds/lib/python3.12/site-packages/airflow/example_dags/example_short_circuit_operator.py for tasks to queue
[2025-03-21T20:56:08.912+0000] {logging_mixin.py:190} INFO - [2025-03-21T20:56:08.911+0000] {dagbag.py:588} INFO - Filling up the DagBag from /home/usmail/sys_fraud/sys_detection_frauds/lib/python3.12/site-packages/airflow/example_dags/example_short_circuit_operator.py
[2025-03-21T20:56:08.922+0000] {processor.py:925} INFO - DAG(s) 'example_short_circuit_operator' retrieved from /home/usmail/sys_fraud/sys_detection_frauds/lib/python3.12/site-packages/airflow/example_dags/example_short_circuit_operator.py
[2025-03-21T20:56:08.932+0000] {logging_mixin.py:190} INFO - [2025-03-21T20:56:08.932+0000] {dag.py:3239} INFO - Sync 1 DAGs
[2025-03-21T20:56:08.940+0000] {logging_mixin.py:190} INFO - [2025-03-21T20:56:08.940+0000] {dag.py:4180} INFO - Setting next_dagrun for example_short_circuit_operator to None, run_after=None
[2025-03-21T20:56:08.965+0000] {processor.py:208} INFO - Processing /home/usmail/sys_fraud/sys_detection_frauds/lib/python3.12/site-packages/airflow/example_dags/example_short_circuit_operator.py took 0.069 seconds
[2025-03-21T20:57:02.128+0000] {processor.py:186} INFO - Started process (PID=3728615) to work on /home/usmail/sys_fraud/sys_detection_frauds/lib/python3.12/site-packages/airflow/example_dags/example_short_circuit_operator.py
[2025-03-21T20:57:02.137+0000] {processor.py:914} INFO - Processing file /home/usmail/sys_fraud/sys_detection_frauds/lib/python3.12/site-packages/airflow/example_dags/example_short_circuit_operator.py for tasks to queue
[2025-03-21T20:57:02.140+0000] {logging_mixin.py:190} INFO - [2025-03-21T20:57:02.139+0000] {dagbag.py:588} INFO - Filling up the DagBag from /home/usmail/sys_fraud/sys_detection_frauds/lib/python3.12/site-packages/airflow/example_dags/example_short_circuit_operator.py
[2025-03-21T20:57:02.150+0000] {processor.py:925} INFO - DAG(s) 'example_short_circuit_operator' retrieved from /home/usmail/sys_fraud/sys_detection_frauds/lib/python3.12/site-packages/airflow/example_dags/example_short_circuit_operator.py
[2025-03-21T20:57:02.161+0000] {logging_mixin.py:190} INFO - [2025-03-21T20:57:02.161+0000] {dag.py:3239} INFO - Sync 1 DAGs
[2025-03-21T20:57:02.168+0000] {logging_mixin.py:190} INFO - [2025-03-21T20:57:02.167+0000] {dag.py:4180} INFO - Setting next_dagrun for example_short_circuit_operator to None, run_after=None
[2025-03-21T20:57:02.188+0000] {processor.py:208} INFO - Processing /home/usmail/sys_fraud/sys_detection_frauds/lib/python3.12/site-packages/airflow/example_dags/example_short_circuit_operator.py took 0.066 seconds
[2025-03-21T20:57:53.645+0000] {processor.py:186} INFO - Started process (PID=3729183) to work on /home/usmail/sys_fraud/sys_detection_frauds/lib/python3.12/site-packages/airflow/example_dags/example_short_circuit_operator.py
[2025-03-21T20:57:53.653+0000] {processor.py:914} INFO - Processing file /home/usmail/sys_fraud/sys_detection_frauds/lib/python3.12/site-packages/airflow/example_dags/example_short_circuit_operator.py for tasks to queue
[2025-03-21T20:57:53.655+0000] {logging_mixin.py:190} INFO - [2025-03-21T20:57:53.655+0000] {dagbag.py:588} INFO - Filling up the DagBag from /home/usmail/sys_fraud/sys_detection_frauds/lib/python3.12/site-packages/airflow/example_dags/example_short_circuit_operator.py
[2025-03-21T20:57:53.661+0000] {processor.py:925} INFO - DAG(s) 'example_short_circuit_operator' retrieved from /home/usmail/sys_fraud/sys_detection_frauds/lib/python3.12/site-packages/airflow/example_dags/example_short_circuit_operator.py
[2025-03-21T20:57:53.674+0000] {logging_mixin.py:190} INFO - [2025-03-21T20:57:53.674+0000] {dag.py:3239} INFO - Sync 1 DAGs
[2025-03-21T20:57:53.685+0000] {logging_mixin.py:190} INFO - [2025-03-21T20:57:53.684+0000] {dag.py:4180} INFO - Setting next_dagrun for example_short_circuit_operator to None, run_after=None
[2025-03-21T20:57:53.701+0000] {processor.py:208} INFO - Processing /home/usmail/sys_fraud/sys_detection_frauds/lib/python3.12/site-packages/airflow/example_dags/example_short_circuit_operator.py took 0.063 seconds
[2025-03-21T20:58:46.204+0000] {processor.py:186} INFO - Started process (PID=3729878) to work on /home/usmail/sys_fraud/sys_detection_frauds/lib/python3.12/site-packages/airflow/example_dags/example_short_circuit_operator.py
[2025-03-21T20:58:46.212+0000] {processor.py:914} INFO - Processing file /home/usmail/sys_fraud/sys_detection_frauds/lib/python3.12/site-packages/airflow/example_dags/example_short_circuit_operator.py for tasks to queue
[2025-03-21T20:58:46.213+0000] {logging_mixin.py:190} INFO - [2025-03-21T20:58:46.213+0000] {dagbag.py:588} INFO - Filling up the DagBag from /home/usmail/sys_fraud/sys_detection_frauds/lib/python3.12/site-packages/airflow/example_dags/example_short_circuit_operator.py
[2025-03-21T20:58:46.219+0000] {processor.py:925} INFO - DAG(s) 'example_short_circuit_operator' retrieved from /home/usmail/sys_fraud/sys_detection_frauds/lib/python3.12/site-packages/airflow/example_dags/example_short_circuit_operator.py
[2025-03-21T20:58:46.230+0000] {logging_mixin.py:190} INFO - [2025-03-21T20:58:46.230+0000] {dag.py:3239} INFO - Sync 1 DAGs
[2025-03-21T20:58:46.238+0000] {logging_mixin.py:190} INFO - [2025-03-21T20:58:46.238+0000] {dag.py:4180} INFO - Setting next_dagrun for example_short_circuit_operator to None, run_after=None
[2025-03-21T20:58:46.251+0000] {processor.py:208} INFO - Processing /home/usmail/sys_fraud/sys_detection_frauds/lib/python3.12/site-packages/airflow/example_dags/example_short_circuit_operator.py took 0.050 seconds
[2025-03-21T20:59:41.238+0000] {processor.py:186} INFO - Started process (PID=3730620) to work on /home/usmail/sys_fraud/sys_detection_frauds/lib/python3.12/site-packages/airflow/example_dags/example_short_circuit_operator.py
[2025-03-21T20:59:41.247+0000] {processor.py:914} INFO - Processing file /home/usmail/sys_fraud/sys_detection_frauds/lib/python3.12/site-packages/airflow/example_dags/example_short_circuit_operator.py for tasks to queue
[2025-03-21T20:59:41.248+0000] {logging_mixin.py:190} INFO - [2025-03-21T20:59:41.248+0000] {dagbag.py:588} INFO - Filling up the DagBag from /home/usmail/sys_fraud/sys_detection_frauds/lib/python3.12/site-packages/airflow/example_dags/example_short_circuit_operator.py
[2025-03-21T20:59:41.255+0000] {processor.py:925} INFO - DAG(s) 'example_short_circuit_operator' retrieved from /home/usmail/sys_fraud/sys_detection_frauds/lib/python3.12/site-packages/airflow/example_dags/example_short_circuit_operator.py
[2025-03-21T20:59:41.267+0000] {logging_mixin.py:190} INFO - [2025-03-21T20:59:41.267+0000] {dag.py:3239} INFO - Sync 1 DAGs
[2025-03-21T20:59:41.277+0000] {logging_mixin.py:190} INFO - [2025-03-21T20:59:41.277+0000] {dag.py:4180} INFO - Setting next_dagrun for example_short_circuit_operator to None, run_after=None
[2025-03-21T20:59:41.306+0000] {processor.py:208} INFO - Processing /home/usmail/sys_fraud/sys_detection_frauds/lib/python3.12/site-packages/airflow/example_dags/example_short_circuit_operator.py took 0.072 seconds
[2025-03-21T21:00:38.405+0000] {processor.py:186} INFO - Started process (PID=3731370) to work on /home/usmail/sys_fraud/sys_detection_frauds/lib/python3.12/site-packages/airflow/example_dags/example_short_circuit_operator.py
[2025-03-21T21:00:38.413+0000] {processor.py:914} INFO - Processing file /home/usmail/sys_fraud/sys_detection_frauds/lib/python3.12/site-packages/airflow/example_dags/example_short_circuit_operator.py for tasks to queue
[2025-03-21T21:00:38.415+0000] {logging_mixin.py:190} INFO - [2025-03-21T21:00:38.415+0000] {dagbag.py:588} INFO - Filling up the DagBag from /home/usmail/sys_fraud/sys_detection_frauds/lib/python3.12/site-packages/airflow/example_dags/example_short_circuit_operator.py
[2025-03-21T21:00:38.422+0000] {processor.py:925} INFO - DAG(s) 'example_short_circuit_operator' retrieved from /home/usmail/sys_fraud/sys_detection_frauds/lib/python3.12/site-packages/airflow/example_dags/example_short_circuit_operator.py
[2025-03-21T21:00:38.435+0000] {logging_mixin.py:190} INFO - [2025-03-21T21:00:38.435+0000] {dag.py:3239} INFO - Sync 1 DAGs
[2025-03-21T21:00:38.443+0000] {logging_mixin.py:190} INFO - [2025-03-21T21:00:38.443+0000] {dag.py:4180} INFO - Setting next_dagrun for example_short_circuit_operator to None, run_after=None
[2025-03-21T21:00:38.460+0000] {processor.py:208} INFO - Processing /home/usmail/sys_fraud/sys_detection_frauds/lib/python3.12/site-packages/airflow/example_dags/example_short_circuit_operator.py took 0.060 seconds
[2025-03-21T21:01:33.391+0000] {processor.py:186} INFO - Started process (PID=3732064) to work on /home/usmail/sys_fraud/sys_detection_frauds/lib/python3.12/site-packages/airflow/example_dags/example_short_circuit_operator.py
[2025-03-21T21:01:33.400+0000] {processor.py:914} INFO - Processing file /home/usmail/sys_fraud/sys_detection_frauds/lib/python3.12/site-packages/airflow/example_dags/example_short_circuit_operator.py for tasks to queue
[2025-03-21T21:01:33.401+0000] {logging_mixin.py:190} INFO - [2025-03-21T21:01:33.401+0000] {dagbag.py:588} INFO - Filling up the DagBag from /home/usmail/sys_fraud/sys_detection_frauds/lib/python3.12/site-packages/airflow/example_dags/example_short_circuit_operator.py
[2025-03-21T21:01:33.412+0000] {processor.py:925} INFO - DAG(s) 'example_short_circuit_operator' retrieved from /home/usmail/sys_fraud/sys_detection_frauds/lib/python3.12/site-packages/airflow/example_dags/example_short_circuit_operator.py
[2025-03-21T21:01:33.428+0000] {logging_mixin.py:190} INFO - [2025-03-21T21:01:33.428+0000] {dag.py:3239} INFO - Sync 1 DAGs
[2025-03-21T21:01:33.436+0000] {logging_mixin.py:190} INFO - [2025-03-21T21:01:33.436+0000] {dag.py:4180} INFO - Setting next_dagrun for example_short_circuit_operator to None, run_after=None
[2025-03-21T21:01:33.453+0000] {processor.py:208} INFO - Processing /home/usmail/sys_fraud/sys_detection_frauds/lib/python3.12/site-packages/airflow/example_dags/example_short_circuit_operator.py took 0.067 seconds
[2025-03-21T21:02:30.013+0000] {processor.py:186} INFO - Started process (PID=3732759) to work on /home/usmail/sys_fraud/sys_detection_frauds/lib/python3.12/site-packages/airflow/example_dags/example_short_circuit_operator.py
[2025-03-21T21:02:30.022+0000] {processor.py:914} INFO - Processing file /home/usmail/sys_fraud/sys_detection_frauds/lib/python3.12/site-packages/airflow/example_dags/example_short_circuit_operator.py for tasks to queue
[2025-03-21T21:02:30.023+0000] {logging_mixin.py:190} INFO - [2025-03-21T21:02:30.023+0000] {dagbag.py:588} INFO - Filling up the DagBag from /home/usmail/sys_fraud/sys_detection_frauds/lib/python3.12/site-packages/airflow/example_dags/example_short_circuit_operator.py
[2025-03-21T21:02:30.029+0000] {processor.py:925} INFO - DAG(s) 'example_short_circuit_operator' retrieved from /home/usmail/sys_fraud/sys_detection_frauds/lib/python3.12/site-packages/airflow/example_dags/example_short_circuit_operator.py
[2025-03-21T21:02:30.040+0000] {logging_mixin.py:190} INFO - [2025-03-21T21:02:30.040+0000] {dag.py:3239} INFO - Sync 1 DAGs
[2025-03-21T21:02:30.047+0000] {logging_mixin.py:190} INFO - [2025-03-21T21:02:30.047+0000] {dag.py:4180} INFO - Setting next_dagrun for example_short_circuit_operator to None, run_after=None
[2025-03-21T21:02:30.067+0000] {processor.py:208} INFO - Processing /home/usmail/sys_fraud/sys_detection_frauds/lib/python3.12/site-packages/airflow/example_dags/example_short_circuit_operator.py took 0.058 seconds
[2025-03-21T21:03:22.907+0000] {processor.py:186} INFO - Started process (PID=3733490) to work on /home/usmail/sys_fraud/sys_detection_frauds/lib/python3.12/site-packages/airflow/example_dags/example_short_circuit_operator.py
[2025-03-21T21:03:22.916+0000] {processor.py:914} INFO - Processing file /home/usmail/sys_fraud/sys_detection_frauds/lib/python3.12/site-packages/airflow/example_dags/example_short_circuit_operator.py for tasks to queue
[2025-03-21T21:03:22.917+0000] {logging_mixin.py:190} INFO - [2025-03-21T21:03:22.917+0000] {dagbag.py:588} INFO - Filling up the DagBag from /home/usmail/sys_fraud/sys_detection_frauds/lib/python3.12/site-packages/airflow/example_dags/example_short_circuit_operator.py
[2025-03-21T21:03:22.922+0000] {processor.py:925} INFO - DAG(s) 'example_short_circuit_operator' retrieved from /home/usmail/sys_fraud/sys_detection_frauds/lib/python3.12/site-packages/airflow/example_dags/example_short_circuit_operator.py
[2025-03-21T21:03:22.940+0000] {logging_mixin.py:190} INFO - [2025-03-21T21:03:22.940+0000] {dag.py:3239} INFO - Sync 1 DAGs
[2025-03-21T21:03:22.950+0000] {logging_mixin.py:190} INFO - [2025-03-21T21:03:22.950+0000] {dag.py:4180} INFO - Setting next_dagrun for example_short_circuit_operator to None, run_after=None
[2025-03-21T21:03:22.990+0000] {processor.py:208} INFO - Processing /home/usmail/sys_fraud/sys_detection_frauds/lib/python3.12/site-packages/airflow/example_dags/example_short_circuit_operator.py took 0.086 seconds
[2025-03-21T21:04:19.745+0000] {processor.py:186} INFO - Started process (PID=3734191) to work on /home/usmail/sys_fraud/sys_detection_frauds/lib/python3.12/site-packages/airflow/example_dags/example_short_circuit_operator.py
[2025-03-21T21:04:19.753+0000] {processor.py:914} INFO - Processing file /home/usmail/sys_fraud/sys_detection_frauds/lib/python3.12/site-packages/airflow/example_dags/example_short_circuit_operator.py for tasks to queue
[2025-03-21T21:04:19.756+0000] {logging_mixin.py:190} INFO - [2025-03-21T21:04:19.756+0000] {dagbag.py:588} INFO - Filling up the DagBag from /home/usmail/sys_fraud/sys_detection_frauds/lib/python3.12/site-packages/airflow/example_dags/example_short_circuit_operator.py
[2025-03-21T21:04:19.763+0000] {processor.py:925} INFO - DAG(s) 'example_short_circuit_operator' retrieved from /home/usmail/sys_fraud/sys_detection_frauds/lib/python3.12/site-packages/airflow/example_dags/example_short_circuit_operator.py
[2025-03-21T21:04:19.877+0000] {logging_mixin.py:190} INFO - [2025-03-21T21:04:19.877+0000] {dag.py:3239} INFO - Sync 1 DAGs
[2025-03-21T21:04:19.883+0000] {logging_mixin.py:190} INFO - [2025-03-21T21:04:19.883+0000] {dag.py:4180} INFO - Setting next_dagrun for example_short_circuit_operator to None, run_after=None
[2025-03-21T21:04:19.896+0000] {processor.py:208} INFO - Processing /home/usmail/sys_fraud/sys_detection_frauds/lib/python3.12/site-packages/airflow/example_dags/example_short_circuit_operator.py took 0.155 seconds
[2025-03-21T21:05:13.904+0000] {processor.py:186} INFO - Started process (PID=3735073) to work on /home/usmail/sys_fraud/sys_detection_frauds/lib/python3.12/site-packages/airflow/example_dags/example_short_circuit_operator.py
[2025-03-21T21:05:13.913+0000] {processor.py:914} INFO - Processing file /home/usmail/sys_fraud/sys_detection_frauds/lib/python3.12/site-packages/airflow/example_dags/example_short_circuit_operator.py for tasks to queue
[2025-03-21T21:05:13.914+0000] {logging_mixin.py:190} INFO - [2025-03-21T21:05:13.914+0000] {dagbag.py:588} INFO - Filling up the DagBag from /home/usmail/sys_fraud/sys_detection_frauds/lib/python3.12/site-packages/airflow/example_dags/example_short_circuit_operator.py
[2025-03-21T21:05:13.920+0000] {processor.py:925} INFO - DAG(s) 'example_short_circuit_operator' retrieved from /home/usmail/sys_fraud/sys_detection_frauds/lib/python3.12/site-packages/airflow/example_dags/example_short_circuit_operator.py
[2025-03-21T21:05:13.933+0000] {logging_mixin.py:190} INFO - [2025-03-21T21:05:13.933+0000] {dag.py:3239} INFO - Sync 1 DAGs
[2025-03-21T21:05:13.942+0000] {logging_mixin.py:190} INFO - [2025-03-21T21:05:13.942+0000] {dag.py:4180} INFO - Setting next_dagrun for example_short_circuit_operator to None, run_after=None
[2025-03-21T21:05:13.969+0000] {processor.py:208} INFO - Processing /home/usmail/sys_fraud/sys_detection_frauds/lib/python3.12/site-packages/airflow/example_dags/example_short_circuit_operator.py took 0.069 seconds
[2025-03-21T21:06:08.052+0000] {processor.py:186} INFO - Started process (PID=3735783) to work on /home/usmail/sys_fraud/sys_detection_frauds/lib/python3.12/site-packages/airflow/example_dags/example_short_circuit_operator.py
[2025-03-21T21:06:08.061+0000] {processor.py:914} INFO - Processing file /home/usmail/sys_fraud/sys_detection_frauds/lib/python3.12/site-packages/airflow/example_dags/example_short_circuit_operator.py for tasks to queue
[2025-03-21T21:06:08.063+0000] {logging_mixin.py:190} INFO - [2025-03-21T21:06:08.062+0000] {dagbag.py:588} INFO - Filling up the DagBag from /home/usmail/sys_fraud/sys_detection_frauds/lib/python3.12/site-packages/airflow/example_dags/example_short_circuit_operator.py
[2025-03-21T21:06:08.070+0000] {processor.py:925} INFO - DAG(s) 'example_short_circuit_operator' retrieved from /home/usmail/sys_fraud/sys_detection_frauds/lib/python3.12/site-packages/airflow/example_dags/example_short_circuit_operator.py
[2025-03-21T21:06:08.080+0000] {logging_mixin.py:190} INFO - [2025-03-21T21:06:08.080+0000] {dag.py:3239} INFO - Sync 1 DAGs
[2025-03-21T21:06:08.088+0000] {logging_mixin.py:190} INFO - [2025-03-21T21:06:08.088+0000] {dag.py:4180} INFO - Setting next_dagrun for example_short_circuit_operator to None, run_after=None
[2025-03-21T21:06:08.106+0000] {processor.py:208} INFO - Processing /home/usmail/sys_fraud/sys_detection_frauds/lib/python3.12/site-packages/airflow/example_dags/example_short_circuit_operator.py took 0.059 seconds
[2025-03-21T21:06:59.903+0000] {processor.py:186} INFO - Started process (PID=3737074) to work on /home/usmail/sys_fraud/sys_detection_frauds/lib/python3.12/site-packages/airflow/example_dags/example_short_circuit_operator.py
[2025-03-21T21:06:59.912+0000] {processor.py:914} INFO - Processing file /home/usmail/sys_fraud/sys_detection_frauds/lib/python3.12/site-packages/airflow/example_dags/example_short_circuit_operator.py for tasks to queue
[2025-03-21T21:06:59.916+0000] {logging_mixin.py:190} INFO - [2025-03-21T21:06:59.915+0000] {dagbag.py:588} INFO - Filling up the DagBag from /home/usmail/sys_fraud/sys_detection_frauds/lib/python3.12/site-packages/airflow/example_dags/example_short_circuit_operator.py
[2025-03-21T21:06:59.925+0000] {processor.py:925} INFO - DAG(s) 'example_short_circuit_operator' retrieved from /home/usmail/sys_fraud/sys_detection_frauds/lib/python3.12/site-packages/airflow/example_dags/example_short_circuit_operator.py
[2025-03-21T21:06:59.935+0000] {logging_mixin.py:190} INFO - [2025-03-21T21:06:59.935+0000] {dag.py:3239} INFO - Sync 1 DAGs
[2025-03-21T21:06:59.943+0000] {logging_mixin.py:190} INFO - [2025-03-21T21:06:59.943+0000] {dag.py:4180} INFO - Setting next_dagrun for example_short_circuit_operator to None, run_after=None
[2025-03-21T21:06:59.956+0000] {processor.py:208} INFO - Processing /home/usmail/sys_fraud/sys_detection_frauds/lib/python3.12/site-packages/airflow/example_dags/example_short_circuit_operator.py took 0.061 seconds
[2025-03-21T21:07:53.315+0000] {processor.py:186} INFO - Started process (PID=3737758) to work on /home/usmail/sys_fraud/sys_detection_frauds/lib/python3.12/site-packages/airflow/example_dags/example_short_circuit_operator.py
[2025-03-21T21:07:53.324+0000] {processor.py:914} INFO - Processing file /home/usmail/sys_fraud/sys_detection_frauds/lib/python3.12/site-packages/airflow/example_dags/example_short_circuit_operator.py for tasks to queue
[2025-03-21T21:07:53.325+0000] {logging_mixin.py:190} INFO - [2025-03-21T21:07:53.325+0000] {dagbag.py:588} INFO - Filling up the DagBag from /home/usmail/sys_fraud/sys_detection_frauds/lib/python3.12/site-packages/airflow/example_dags/example_short_circuit_operator.py
[2025-03-21T21:07:53.330+0000] {processor.py:925} INFO - DAG(s) 'example_short_circuit_operator' retrieved from /home/usmail/sys_fraud/sys_detection_frauds/lib/python3.12/site-packages/airflow/example_dags/example_short_circuit_operator.py
[2025-03-21T21:07:53.340+0000] {logging_mixin.py:190} INFO - [2025-03-21T21:07:53.340+0000] {dag.py:3239} INFO - Sync 1 DAGs
[2025-03-21T21:07:53.347+0000] {logging_mixin.py:190} INFO - [2025-03-21T21:07:53.347+0000] {dag.py:4180} INFO - Setting next_dagrun for example_short_circuit_operator to None, run_after=None
[2025-03-21T21:07:53.360+0000] {processor.py:208} INFO - Processing /home/usmail/sys_fraud/sys_detection_frauds/lib/python3.12/site-packages/airflow/example_dags/example_short_circuit_operator.py took 0.050 seconds
[2025-03-21T21:08:56.902+0000] {processor.py:186} INFO - Started process (PID=3738544) to work on /home/usmail/sys_fraud/sys_detection_frauds/lib/python3.12/site-packages/airflow/example_dags/example_short_circuit_operator.py
[2025-03-21T21:08:56.903+0000] {processor.py:914} INFO - Processing file /home/usmail/sys_fraud/sys_detection_frauds/lib/python3.12/site-packages/airflow/example_dags/example_short_circuit_operator.py for tasks to queue
[2025-03-21T21:08:56.906+0000] {logging_mixin.py:190} INFO - [2025-03-21T21:08:56.906+0000] {dagbag.py:588} INFO - Filling up the DagBag from /home/usmail/sys_fraud/sys_detection_frauds/lib/python3.12/site-packages/airflow/example_dags/example_short_circuit_operator.py
[2025-03-21T21:08:56.920+0000] {processor.py:925} INFO - DAG(s) 'example_short_circuit_operator' retrieved from /home/usmail/sys_fraud/sys_detection_frauds/lib/python3.12/site-packages/airflow/example_dags/example_short_circuit_operator.py
[2025-03-21T21:08:56.947+0000] {logging_mixin.py:190} INFO - [2025-03-21T21:08:56.947+0000] {dag.py:3239} INFO - Sync 1 DAGs
[2025-03-21T21:08:56.960+0000] {logging_mixin.py:190} INFO - [2025-03-21T21:08:56.960+0000] {dag.py:4180} INFO - Setting next_dagrun for example_short_circuit_operator to None, run_after=None
[2025-03-21T21:08:56.993+0000] {processor.py:208} INFO - Processing /home/usmail/sys_fraud/sys_detection_frauds/lib/python3.12/site-packages/airflow/example_dags/example_short_circuit_operator.py took 0.104 seconds
[2025-03-21T21:09:52.220+0000] {processor.py:186} INFO - Started process (PID=3739388) to work on /home/usmail/sys_fraud/sys_detection_frauds/lib/python3.12/site-packages/airflow/example_dags/example_short_circuit_operator.py
[2025-03-21T21:09:52.222+0000] {processor.py:914} INFO - Processing file /home/usmail/sys_fraud/sys_detection_frauds/lib/python3.12/site-packages/airflow/example_dags/example_short_circuit_operator.py for tasks to queue
[2025-03-21T21:09:52.225+0000] {logging_mixin.py:190} INFO - [2025-03-21T21:09:52.224+0000] {dagbag.py:588} INFO - Filling up the DagBag from /home/usmail/sys_fraud/sys_detection_frauds/lib/python3.12/site-packages/airflow/example_dags/example_short_circuit_operator.py
[2025-03-21T21:09:52.239+0000] {processor.py:925} INFO - DAG(s) 'example_short_circuit_operator' retrieved from /home/usmail/sys_fraud/sys_detection_frauds/lib/python3.12/site-packages/airflow/example_dags/example_short_circuit_operator.py
[2025-03-21T21:09:52.267+0000] {logging_mixin.py:190} INFO - [2025-03-21T21:09:52.266+0000] {dag.py:3239} INFO - Sync 1 DAGs
[2025-03-21T21:09:52.279+0000] {logging_mixin.py:190} INFO - [2025-03-21T21:09:52.279+0000] {dag.py:4180} INFO - Setting next_dagrun for example_short_circuit_operator to None, run_after=None
[2025-03-21T21:09:52.296+0000] {processor.py:208} INFO - Processing /home/usmail/sys_fraud/sys_detection_frauds/lib/python3.12/site-packages/airflow/example_dags/example_short_circuit_operator.py took 0.088 seconds
[2025-03-21T21:10:50.397+0000] {processor.py:186} INFO - Started process (PID=3740924) to work on /home/usmail/sys_fraud/sys_detection_frauds/lib/python3.12/site-packages/airflow/example_dags/example_short_circuit_operator.py
[2025-03-21T21:10:50.406+0000] {processor.py:914} INFO - Processing file /home/usmail/sys_fraud/sys_detection_frauds/lib/python3.12/site-packages/airflow/example_dags/example_short_circuit_operator.py for tasks to queue
[2025-03-21T21:10:50.407+0000] {logging_mixin.py:190} INFO - [2025-03-21T21:10:50.407+0000] {dagbag.py:588} INFO - Filling up the DagBag from /home/usmail/sys_fraud/sys_detection_frauds/lib/python3.12/site-packages/airflow/example_dags/example_short_circuit_operator.py
[2025-03-21T21:10:50.416+0000] {processor.py:925} INFO - DAG(s) 'example_short_circuit_operator' retrieved from /home/usmail/sys_fraud/sys_detection_frauds/lib/python3.12/site-packages/airflow/example_dags/example_short_circuit_operator.py
[2025-03-21T21:10:50.430+0000] {logging_mixin.py:190} INFO - [2025-03-21T21:10:50.430+0000] {dag.py:3239} INFO - Sync 1 DAGs
[2025-03-21T21:10:50.441+0000] {logging_mixin.py:190} INFO - [2025-03-21T21:10:50.441+0000] {dag.py:4180} INFO - Setting next_dagrun for example_short_circuit_operator to None, run_after=None
[2025-03-21T21:10:50.459+0000] {processor.py:208} INFO - Processing /home/usmail/sys_fraud/sys_detection_frauds/lib/python3.12/site-packages/airflow/example_dags/example_short_circuit_operator.py took 0.067 seconds
[2025-03-21T21:11:47.132+0000] {processor.py:186} INFO - Started process (PID=3742009) to work on /home/usmail/sys_fraud/sys_detection_frauds/lib/python3.12/site-packages/airflow/example_dags/example_short_circuit_operator.py
[2025-03-21T21:11:47.140+0000] {processor.py:914} INFO - Processing file /home/usmail/sys_fraud/sys_detection_frauds/lib/python3.12/site-packages/airflow/example_dags/example_short_circuit_operator.py for tasks to queue
[2025-03-21T21:11:47.142+0000] {logging_mixin.py:190} INFO - [2025-03-21T21:11:47.142+0000] {dagbag.py:588} INFO - Filling up the DagBag from /home/usmail/sys_fraud/sys_detection_frauds/lib/python3.12/site-packages/airflow/example_dags/example_short_circuit_operator.py
[2025-03-21T21:11:47.149+0000] {processor.py:925} INFO - DAG(s) 'example_short_circuit_operator' retrieved from /home/usmail/sys_fraud/sys_detection_frauds/lib/python3.12/site-packages/airflow/example_dags/example_short_circuit_operator.py
[2025-03-21T21:11:47.162+0000] {logging_mixin.py:190} INFO - [2025-03-21T21:11:47.162+0000] {dag.py:3239} INFO - Sync 1 DAGs
[2025-03-21T21:11:47.172+0000] {logging_mixin.py:190} INFO - [2025-03-21T21:11:47.172+0000] {dag.py:4180} INFO - Setting next_dagrun for example_short_circuit_operator to None, run_after=None
[2025-03-21T21:11:47.194+0000] {processor.py:208} INFO - Processing /home/usmail/sys_fraud/sys_detection_frauds/lib/python3.12/site-packages/airflow/example_dags/example_short_circuit_operator.py took 0.067 seconds
[2025-03-21T21:12:40.083+0000] {processor.py:186} INFO - Started process (PID=3743076) to work on /home/usmail/sys_fraud/sys_detection_frauds/lib/python3.12/site-packages/airflow/example_dags/example_short_circuit_operator.py
[2025-03-21T21:12:40.083+0000] {processor.py:914} INFO - Processing file /home/usmail/sys_fraud/sys_detection_frauds/lib/python3.12/site-packages/airflow/example_dags/example_short_circuit_operator.py for tasks to queue
[2025-03-21T21:12:40.085+0000] {logging_mixin.py:190} INFO - [2025-03-21T21:12:40.084+0000] {dagbag.py:588} INFO - Filling up the DagBag from /home/usmail/sys_fraud/sys_detection_frauds/lib/python3.12/site-packages/airflow/example_dags/example_short_circuit_operator.py
[2025-03-21T21:12:40.091+0000] {processor.py:925} INFO - DAG(s) 'example_short_circuit_operator' retrieved from /home/usmail/sys_fraud/sys_detection_frauds/lib/python3.12/site-packages/airflow/example_dags/example_short_circuit_operator.py
[2025-03-21T21:12:40.105+0000] {logging_mixin.py:190} INFO - [2025-03-21T21:12:40.105+0000] {dag.py:3239} INFO - Sync 1 DAGs
[2025-03-21T21:12:40.114+0000] {logging_mixin.py:190} INFO - [2025-03-21T21:12:40.114+0000] {dag.py:4180} INFO - Setting next_dagrun for example_short_circuit_operator to None, run_after=None
[2025-03-21T21:12:40.130+0000] {processor.py:208} INFO - Processing /home/usmail/sys_fraud/sys_detection_frauds/lib/python3.12/site-packages/airflow/example_dags/example_short_circuit_operator.py took 0.053 seconds
[2025-03-21T21:13:32.403+0000] {processor.py:186} INFO - Started process (PID=3744010) to work on /home/usmail/sys_fraud/sys_detection_frauds/lib/python3.12/site-packages/airflow/example_dags/example_short_circuit_operator.py
[2025-03-21T21:13:32.412+0000] {processor.py:914} INFO - Processing file /home/usmail/sys_fraud/sys_detection_frauds/lib/python3.12/site-packages/airflow/example_dags/example_short_circuit_operator.py for tasks to queue
[2025-03-21T21:13:32.414+0000] {logging_mixin.py:190} INFO - [2025-03-21T21:13:32.414+0000] {dagbag.py:588} INFO - Filling up the DagBag from /home/usmail/sys_fraud/sys_detection_frauds/lib/python3.12/site-packages/airflow/example_dags/example_short_circuit_operator.py
[2025-03-21T21:13:32.424+0000] {processor.py:925} INFO - DAG(s) 'example_short_circuit_operator' retrieved from /home/usmail/sys_fraud/sys_detection_frauds/lib/python3.12/site-packages/airflow/example_dags/example_short_circuit_operator.py
[2025-03-21T21:13:32.438+0000] {logging_mixin.py:190} INFO - [2025-03-21T21:13:32.438+0000] {dag.py:3239} INFO - Sync 1 DAGs
[2025-03-21T21:13:32.448+0000] {logging_mixin.py:190} INFO - [2025-03-21T21:13:32.448+0000] {dag.py:4180} INFO - Setting next_dagrun for example_short_circuit_operator to None, run_after=None
[2025-03-21T21:13:32.463+0000] {processor.py:208} INFO - Processing /home/usmail/sys_fraud/sys_detection_frauds/lib/python3.12/site-packages/airflow/example_dags/example_short_circuit_operator.py took 0.067 seconds
[2025-03-21T21:14:24.942+0000] {processor.py:186} INFO - Started process (PID=3744826) to work on /home/usmail/sys_fraud/sys_detection_frauds/lib/python3.12/site-packages/airflow/example_dags/example_short_circuit_operator.py
[2025-03-21T21:14:24.944+0000] {processor.py:914} INFO - Processing file /home/usmail/sys_fraud/sys_detection_frauds/lib/python3.12/site-packages/airflow/example_dags/example_short_circuit_operator.py for tasks to queue
[2025-03-21T21:14:24.947+0000] {logging_mixin.py:190} INFO - [2025-03-21T21:14:24.946+0000] {dagbag.py:588} INFO - Filling up the DagBag from /home/usmail/sys_fraud/sys_detection_frauds/lib/python3.12/site-packages/airflow/example_dags/example_short_circuit_operator.py
[2025-03-21T21:14:24.960+0000] {processor.py:925} INFO - DAG(s) 'example_short_circuit_operator' retrieved from /home/usmail/sys_fraud/sys_detection_frauds/lib/python3.12/site-packages/airflow/example_dags/example_short_circuit_operator.py
[2025-03-21T21:14:24.981+0000] {logging_mixin.py:190} INFO - [2025-03-21T21:14:24.981+0000] {dag.py:3239} INFO - Sync 1 DAGs
[2025-03-21T21:14:24.995+0000] {logging_mixin.py:190} INFO - [2025-03-21T21:14:24.995+0000] {dag.py:4180} INFO - Setting next_dagrun for example_short_circuit_operator to None, run_after=None
[2025-03-21T21:14:25.013+0000] {processor.py:208} INFO - Processing /home/usmail/sys_fraud/sys_detection_frauds/lib/python3.12/site-packages/airflow/example_dags/example_short_circuit_operator.py took 0.083 seconds
[2025-03-21T21:15:25.738+0000] {processor.py:186} INFO - Started process (PID=3745587) to work on /home/usmail/sys_fraud/sys_detection_frauds/lib/python3.12/site-packages/airflow/example_dags/example_short_circuit_operator.py
[2025-03-21T21:15:25.747+0000] {processor.py:914} INFO - Processing file /home/usmail/sys_fraud/sys_detection_frauds/lib/python3.12/site-packages/airflow/example_dags/example_short_circuit_operator.py for tasks to queue
[2025-03-21T21:15:25.750+0000] {logging_mixin.py:190} INFO - [2025-03-21T21:15:25.750+0000] {dagbag.py:588} INFO - Filling up the DagBag from /home/usmail/sys_fraud/sys_detection_frauds/lib/python3.12/site-packages/airflow/example_dags/example_short_circuit_operator.py
[2025-03-21T21:15:25.764+0000] {processor.py:925} INFO - DAG(s) 'example_short_circuit_operator' retrieved from /home/usmail/sys_fraud/sys_detection_frauds/lib/python3.12/site-packages/airflow/example_dags/example_short_circuit_operator.py
[2025-03-21T21:15:25.792+0000] {logging_mixin.py:190} INFO - [2025-03-21T21:15:25.792+0000] {dag.py:3239} INFO - Sync 1 DAGs
[2025-03-21T21:15:25.808+0000] {logging_mixin.py:190} INFO - [2025-03-21T21:15:25.808+0000] {dag.py:4180} INFO - Setting next_dagrun for example_short_circuit_operator to None, run_after=None
[2025-03-21T21:15:25.824+0000] {processor.py:208} INFO - Processing /home/usmail/sys_fraud/sys_detection_frauds/lib/python3.12/site-packages/airflow/example_dags/example_short_circuit_operator.py took 0.097 seconds
[2025-03-21T21:16:26.424+0000] {processor.py:186} INFO - Started process (PID=3746341) to work on /home/usmail/sys_fraud/sys_detection_frauds/lib/python3.12/site-packages/airflow/example_dags/example_short_circuit_operator.py
[2025-03-21T21:16:26.433+0000] {processor.py:914} INFO - Processing file /home/usmail/sys_fraud/sys_detection_frauds/lib/python3.12/site-packages/airflow/example_dags/example_short_circuit_operator.py for tasks to queue
[2025-03-21T21:16:26.437+0000] {logging_mixin.py:190} INFO - [2025-03-21T21:16:26.436+0000] {dagbag.py:588} INFO - Filling up the DagBag from /home/usmail/sys_fraud/sys_detection_frauds/lib/python3.12/site-packages/airflow/example_dags/example_short_circuit_operator.py
[2025-03-21T21:16:26.452+0000] {processor.py:925} INFO - DAG(s) 'example_short_circuit_operator' retrieved from /home/usmail/sys_fraud/sys_detection_frauds/lib/python3.12/site-packages/airflow/example_dags/example_short_circuit_operator.py
[2025-03-21T21:16:26.481+0000] {logging_mixin.py:190} INFO - [2025-03-21T21:16:26.481+0000] {dag.py:3239} INFO - Sync 1 DAGs
[2025-03-21T21:16:26.495+0000] {logging_mixin.py:190} INFO - [2025-03-21T21:16:26.495+0000] {dag.py:4180} INFO - Setting next_dagrun for example_short_circuit_operator to None, run_after=None
[2025-03-21T21:16:26.531+0000] {processor.py:208} INFO - Processing /home/usmail/sys_fraud/sys_detection_frauds/lib/python3.12/site-packages/airflow/example_dags/example_short_circuit_operator.py took 0.120 seconds
[2025-03-21T21:17:28.436+0000] {processor.py:186} INFO - Started process (PID=3747118) to work on /home/usmail/sys_fraud/sys_detection_frauds/lib/python3.12/site-packages/airflow/example_dags/example_short_circuit_operator.py
[2025-03-21T21:17:28.446+0000] {processor.py:914} INFO - Processing file /home/usmail/sys_fraud/sys_detection_frauds/lib/python3.12/site-packages/airflow/example_dags/example_short_circuit_operator.py for tasks to queue
[2025-03-21T21:17:28.449+0000] {logging_mixin.py:190} INFO - [2025-03-21T21:17:28.448+0000] {dagbag.py:588} INFO - Filling up the DagBag from /home/usmail/sys_fraud/sys_detection_frauds/lib/python3.12/site-packages/airflow/example_dags/example_short_circuit_operator.py
[2025-03-21T21:17:28.463+0000] {processor.py:925} INFO - DAG(s) 'example_short_circuit_operator' retrieved from /home/usmail/sys_fraud/sys_detection_frauds/lib/python3.12/site-packages/airflow/example_dags/example_short_circuit_operator.py
[2025-03-21T21:17:28.492+0000] {logging_mixin.py:190} INFO - [2025-03-21T21:17:28.491+0000] {dag.py:3239} INFO - Sync 1 DAGs
[2025-03-21T21:17:28.506+0000] {logging_mixin.py:190} INFO - [2025-03-21T21:17:28.505+0000] {dag.py:4180} INFO - Setting next_dagrun for example_short_circuit_operator to None, run_after=None
[2025-03-21T21:17:28.526+0000] {processor.py:208} INFO - Processing /home/usmail/sys_fraud/sys_detection_frauds/lib/python3.12/site-packages/airflow/example_dags/example_short_circuit_operator.py took 0.103 seconds
[2025-03-21T21:18:34.626+0000] {processor.py:186} INFO - Started process (PID=3747932) to work on /home/usmail/sys_fraud/sys_detection_frauds/lib/python3.12/site-packages/airflow/example_dags/example_short_circuit_operator.py
[2025-03-21T21:18:34.635+0000] {processor.py:914} INFO - Processing file /home/usmail/sys_fraud/sys_detection_frauds/lib/python3.12/site-packages/airflow/example_dags/example_short_circuit_operator.py for tasks to queue
[2025-03-21T21:18:34.638+0000] {logging_mixin.py:190} INFO - [2025-03-21T21:18:34.637+0000] {dagbag.py:588} INFO - Filling up the DagBag from /home/usmail/sys_fraud/sys_detection_frauds/lib/python3.12/site-packages/airflow/example_dags/example_short_circuit_operator.py
[2025-03-21T21:18:34.651+0000] {processor.py:925} INFO - DAG(s) 'example_short_circuit_operator' retrieved from /home/usmail/sys_fraud/sys_detection_frauds/lib/python3.12/site-packages/airflow/example_dags/example_short_circuit_operator.py
[2025-03-21T21:18:34.677+0000] {logging_mixin.py:190} INFO - [2025-03-21T21:18:34.677+0000] {dag.py:3239} INFO - Sync 1 DAGs
[2025-03-21T21:18:34.690+0000] {logging_mixin.py:190} INFO - [2025-03-21T21:18:34.690+0000] {dag.py:4180} INFO - Setting next_dagrun for example_short_circuit_operator to None, run_after=None
[2025-03-21T21:18:34.733+0000] {processor.py:208} INFO - Processing /home/usmail/sys_fraud/sys_detection_frauds/lib/python3.12/site-packages/airflow/example_dags/example_short_circuit_operator.py took 0.119 seconds
[2025-03-21T21:19:37.012+0000] {processor.py:186} INFO - Started process (PID=3748712) to work on /home/usmail/sys_fraud/sys_detection_frauds/lib/python3.12/site-packages/airflow/example_dags/example_short_circuit_operator.py
[2025-03-21T21:19:37.021+0000] {processor.py:914} INFO - Processing file /home/usmail/sys_fraud/sys_detection_frauds/lib/python3.12/site-packages/airflow/example_dags/example_short_circuit_operator.py for tasks to queue
[2025-03-21T21:19:37.024+0000] {logging_mixin.py:190} INFO - [2025-03-21T21:19:37.024+0000] {dagbag.py:588} INFO - Filling up the DagBag from /home/usmail/sys_fraud/sys_detection_frauds/lib/python3.12/site-packages/airflow/example_dags/example_short_circuit_operator.py
[2025-03-21T21:19:37.038+0000] {processor.py:925} INFO - DAG(s) 'example_short_circuit_operator' retrieved from /home/usmail/sys_fraud/sys_detection_frauds/lib/python3.12/site-packages/airflow/example_dags/example_short_circuit_operator.py
[2025-03-21T21:19:37.066+0000] {logging_mixin.py:190} INFO - [2025-03-21T21:19:37.066+0000] {dag.py:3239} INFO - Sync 1 DAGs
[2025-03-21T21:19:37.079+0000] {logging_mixin.py:190} INFO - [2025-03-21T21:19:37.079+0000] {dag.py:4180} INFO - Setting next_dagrun for example_short_circuit_operator to None, run_after=None
[2025-03-21T21:19:37.095+0000] {processor.py:208} INFO - Processing /home/usmail/sys_fraud/sys_detection_frauds/lib/python3.12/site-packages/airflow/example_dags/example_short_circuit_operator.py took 0.096 seconds
[2025-03-21T21:20:40.863+0000] {processor.py:186} INFO - Started process (PID=3749472) to work on /home/usmail/sys_fraud/sys_detection_frauds/lib/python3.12/site-packages/airflow/example_dags/example_short_circuit_operator.py
[2025-03-21T21:20:40.864+0000] {processor.py:914} INFO - Processing file /home/usmail/sys_fraud/sys_detection_frauds/lib/python3.12/site-packages/airflow/example_dags/example_short_circuit_operator.py for tasks to queue
[2025-03-21T21:20:40.867+0000] {logging_mixin.py:190} INFO - [2025-03-21T21:20:40.866+0000] {dagbag.py:588} INFO - Filling up the DagBag from /home/usmail/sys_fraud/sys_detection_frauds/lib/python3.12/site-packages/airflow/example_dags/example_short_circuit_operator.py
[2025-03-21T21:20:40.879+0000] {processor.py:925} INFO - DAG(s) 'example_short_circuit_operator' retrieved from /home/usmail/sys_fraud/sys_detection_frauds/lib/python3.12/site-packages/airflow/example_dags/example_short_circuit_operator.py
[2025-03-21T21:20:40.898+0000] {logging_mixin.py:190} INFO - [2025-03-21T21:20:40.898+0000] {dag.py:3239} INFO - Sync 1 DAGs
[2025-03-21T21:20:40.908+0000] {logging_mixin.py:190} INFO - [2025-03-21T21:20:40.908+0000] {dag.py:4180} INFO - Setting next_dagrun for example_short_circuit_operator to None, run_after=None
[2025-03-21T21:20:40.924+0000] {processor.py:208} INFO - Processing /home/usmail/sys_fraud/sys_detection_frauds/lib/python3.12/site-packages/airflow/example_dags/example_short_circuit_operator.py took 0.074 seconds
[2025-03-21T21:21:45.709+0000] {processor.py:186} INFO - Started process (PID=3750276) to work on /home/usmail/sys_fraud/sys_detection_frauds/lib/python3.12/site-packages/airflow/example_dags/example_short_circuit_operator.py
[2025-03-21T21:21:45.718+0000] {processor.py:914} INFO - Processing file /home/usmail/sys_fraud/sys_detection_frauds/lib/python3.12/site-packages/airflow/example_dags/example_short_circuit_operator.py for tasks to queue
[2025-03-21T21:21:45.721+0000] {logging_mixin.py:190} INFO - [2025-03-21T21:21:45.721+0000] {dagbag.py:588} INFO - Filling up the DagBag from /home/usmail/sys_fraud/sys_detection_frauds/lib/python3.12/site-packages/airflow/example_dags/example_short_circuit_operator.py
[2025-03-21T21:21:45.735+0000] {processor.py:925} INFO - DAG(s) 'example_short_circuit_operator' retrieved from /home/usmail/sys_fraud/sys_detection_frauds/lib/python3.12/site-packages/airflow/example_dags/example_short_circuit_operator.py
[2025-03-21T21:21:45.764+0000] {logging_mixin.py:190} INFO - [2025-03-21T21:21:45.764+0000] {dag.py:3239} INFO - Sync 1 DAGs
[2025-03-21T21:21:45.778+0000] {logging_mixin.py:190} INFO - [2025-03-21T21:21:45.778+0000] {dag.py:4180} INFO - Setting next_dagrun for example_short_circuit_operator to None, run_after=None
[2025-03-21T21:21:45.795+0000] {processor.py:208} INFO - Processing /home/usmail/sys_fraud/sys_detection_frauds/lib/python3.12/site-packages/airflow/example_dags/example_short_circuit_operator.py took 0.102 seconds
[2025-03-21T21:22:52.743+0000] {processor.py:186} INFO - Started process (PID=3751117) to work on /home/usmail/sys_fraud/sys_detection_frauds/lib/python3.12/site-packages/airflow/example_dags/example_short_circuit_operator.py
[2025-03-21T21:22:52.752+0000] {processor.py:914} INFO - Processing file /home/usmail/sys_fraud/sys_detection_frauds/lib/python3.12/site-packages/airflow/example_dags/example_short_circuit_operator.py for tasks to queue
[2025-03-21T21:22:52.756+0000] {logging_mixin.py:190} INFO - [2025-03-21T21:22:52.755+0000] {dagbag.py:588} INFO - Filling up the DagBag from /home/usmail/sys_fraud/sys_detection_frauds/lib/python3.12/site-packages/airflow/example_dags/example_short_circuit_operator.py
[2025-03-21T21:22:52.769+0000] {processor.py:925} INFO - DAG(s) 'example_short_circuit_operator' retrieved from /home/usmail/sys_fraud/sys_detection_frauds/lib/python3.12/site-packages/airflow/example_dags/example_short_circuit_operator.py
[2025-03-21T21:22:52.797+0000] {logging_mixin.py:190} INFO - [2025-03-21T21:22:52.796+0000] {dag.py:3239} INFO - Sync 1 DAGs
[2025-03-21T21:22:52.813+0000] {logging_mixin.py:190} INFO - [2025-03-21T21:22:52.812+0000] {dag.py:4180} INFO - Setting next_dagrun for example_short_circuit_operator to None, run_after=None
[2025-03-21T21:22:52.830+0000] {processor.py:208} INFO - Processing /home/usmail/sys_fraud/sys_detection_frauds/lib/python3.12/site-packages/airflow/example_dags/example_short_circuit_operator.py took 0.099 seconds
[2025-03-21T21:23:54.387+0000] {processor.py:186} INFO - Started process (PID=3751859) to work on /home/usmail/sys_fraud/sys_detection_frauds/lib/python3.12/site-packages/airflow/example_dags/example_short_circuit_operator.py
[2025-03-21T21:23:54.396+0000] {processor.py:914} INFO - Processing file /home/usmail/sys_fraud/sys_detection_frauds/lib/python3.12/site-packages/airflow/example_dags/example_short_circuit_operator.py for tasks to queue
[2025-03-21T21:23:54.400+0000] {logging_mixin.py:190} INFO - [2025-03-21T21:23:54.399+0000] {dagbag.py:588} INFO - Filling up the DagBag from /home/usmail/sys_fraud/sys_detection_frauds/lib/python3.12/site-packages/airflow/example_dags/example_short_circuit_operator.py
[2025-03-21T21:23:54.417+0000] {processor.py:925} INFO - DAG(s) 'example_short_circuit_operator' retrieved from /home/usmail/sys_fraud/sys_detection_frauds/lib/python3.12/site-packages/airflow/example_dags/example_short_circuit_operator.py
[2025-03-21T21:23:54.445+0000] {logging_mixin.py:190} INFO - [2025-03-21T21:23:54.445+0000] {dag.py:3239} INFO - Sync 1 DAGs
[2025-03-21T21:23:54.458+0000] {logging_mixin.py:190} INFO - [2025-03-21T21:23:54.458+0000] {dag.py:4180} INFO - Setting next_dagrun for example_short_circuit_operator to None, run_after=None
[2025-03-21T21:23:54.488+0000] {processor.py:208} INFO - Processing /home/usmail/sys_fraud/sys_detection_frauds/lib/python3.12/site-packages/airflow/example_dags/example_short_circuit_operator.py took 0.114 seconds
[2025-03-21T21:24:57.996+0000] {processor.py:186} INFO - Started process (PID=3752525) to work on /home/usmail/sys_fraud/sys_detection_frauds/lib/python3.12/site-packages/airflow/example_dags/example_short_circuit_operator.py
[2025-03-21T21:24:58.005+0000] {processor.py:914} INFO - Processing file /home/usmail/sys_fraud/sys_detection_frauds/lib/python3.12/site-packages/airflow/example_dags/example_short_circuit_operator.py for tasks to queue
[2025-03-21T21:24:58.008+0000] {logging_mixin.py:190} INFO - [2025-03-21T21:24:58.008+0000] {dagbag.py:588} INFO - Filling up the DagBag from /home/usmail/sys_fraud/sys_detection_frauds/lib/python3.12/site-packages/airflow/example_dags/example_short_circuit_operator.py
[2025-03-21T21:24:58.022+0000] {processor.py:925} INFO - DAG(s) 'example_short_circuit_operator' retrieved from /home/usmail/sys_fraud/sys_detection_frauds/lib/python3.12/site-packages/airflow/example_dags/example_short_circuit_operator.py
[2025-03-21T21:24:58.050+0000] {logging_mixin.py:190} INFO - [2025-03-21T21:24:58.049+0000] {dag.py:3239} INFO - Sync 1 DAGs
[2025-03-21T21:24:58.065+0000] {logging_mixin.py:190} INFO - [2025-03-21T21:24:58.065+0000] {dag.py:4180} INFO - Setting next_dagrun for example_short_circuit_operator to None, run_after=None
[2025-03-21T21:24:58.088+0000] {processor.py:208} INFO - Processing /home/usmail/sys_fraud/sys_detection_frauds/lib/python3.12/site-packages/airflow/example_dags/example_short_circuit_operator.py took 0.104 seconds
[2025-03-21T21:26:03.169+0000] {processor.py:186} INFO - Started process (PID=3753217) to work on /home/usmail/sys_fraud/sys_detection_frauds/lib/python3.12/site-packages/airflow/example_dags/example_short_circuit_operator.py
[2025-03-21T21:26:03.178+0000] {processor.py:914} INFO - Processing file /home/usmail/sys_fraud/sys_detection_frauds/lib/python3.12/site-packages/airflow/example_dags/example_short_circuit_operator.py for tasks to queue
[2025-03-21T21:26:03.181+0000] {logging_mixin.py:190} INFO - [2025-03-21T21:26:03.180+0000] {dagbag.py:588} INFO - Filling up the DagBag from /home/usmail/sys_fraud/sys_detection_frauds/lib/python3.12/site-packages/airflow/example_dags/example_short_circuit_operator.py
[2025-03-21T21:26:03.194+0000] {processor.py:925} INFO - DAG(s) 'example_short_circuit_operator' retrieved from /home/usmail/sys_fraud/sys_detection_frauds/lib/python3.12/site-packages/airflow/example_dags/example_short_circuit_operator.py
[2025-03-21T21:26:03.222+0000] {logging_mixin.py:190} INFO - [2025-03-21T21:26:03.222+0000] {dag.py:3239} INFO - Sync 1 DAGs
[2025-03-21T21:26:03.237+0000] {logging_mixin.py:190} INFO - [2025-03-21T21:26:03.237+0000] {dag.py:4180} INFO - Setting next_dagrun for example_short_circuit_operator to None, run_after=None
[2025-03-21T21:26:03.257+0000] {processor.py:208} INFO - Processing /home/usmail/sys_fraud/sys_detection_frauds/lib/python3.12/site-packages/airflow/example_dags/example_short_circuit_operator.py took 0.101 seconds
[2025-03-21T21:27:04.503+0000] {processor.py:186} INFO - Started process (PID=3753852) to work on /home/usmail/sys_fraud/sys_detection_frauds/lib/python3.12/site-packages/airflow/example_dags/example_short_circuit_operator.py
[2025-03-21T21:27:04.512+0000] {processor.py:914} INFO - Processing file /home/usmail/sys_fraud/sys_detection_frauds/lib/python3.12/site-packages/airflow/example_dags/example_short_circuit_operator.py for tasks to queue
[2025-03-21T21:27:04.515+0000] {logging_mixin.py:190} INFO - [2025-03-21T21:27:04.514+0000] {dagbag.py:588} INFO - Filling up the DagBag from /home/usmail/sys_fraud/sys_detection_frauds/lib/python3.12/site-packages/airflow/example_dags/example_short_circuit_operator.py
[2025-03-21T21:27:04.529+0000] {processor.py:925} INFO - DAG(s) 'example_short_circuit_operator' retrieved from /home/usmail/sys_fraud/sys_detection_frauds/lib/python3.12/site-packages/airflow/example_dags/example_short_circuit_operator.py
[2025-03-21T21:27:04.558+0000] {logging_mixin.py:190} INFO - [2025-03-21T21:27:04.557+0000] {dag.py:3239} INFO - Sync 1 DAGs
[2025-03-21T21:27:04.571+0000] {logging_mixin.py:190} INFO - [2025-03-21T21:27:04.571+0000] {dag.py:4180} INFO - Setting next_dagrun for example_short_circuit_operator to None, run_after=None
[2025-03-21T21:27:04.596+0000] {processor.py:208} INFO - Processing /home/usmail/sys_fraud/sys_detection_frauds/lib/python3.12/site-packages/airflow/example_dags/example_short_circuit_operator.py took 0.105 seconds
[2025-03-21T21:28:07.616+0000] {processor.py:186} INFO - Started process (PID=3754498) to work on /home/usmail/sys_fraud/sys_detection_frauds/lib/python3.12/site-packages/airflow/example_dags/example_short_circuit_operator.py
[2025-03-21T21:28:07.625+0000] {processor.py:914} INFO - Processing file /home/usmail/sys_fraud/sys_detection_frauds/lib/python3.12/site-packages/airflow/example_dags/example_short_circuit_operator.py for tasks to queue
[2025-03-21T21:28:07.629+0000] {logging_mixin.py:190} INFO - [2025-03-21T21:28:07.628+0000] {dagbag.py:588} INFO - Filling up the DagBag from /home/usmail/sys_fraud/sys_detection_frauds/lib/python3.12/site-packages/airflow/example_dags/example_short_circuit_operator.py
[2025-03-21T21:28:07.643+0000] {processor.py:925} INFO - DAG(s) 'example_short_circuit_operator' retrieved from /home/usmail/sys_fraud/sys_detection_frauds/lib/python3.12/site-packages/airflow/example_dags/example_short_circuit_operator.py
[2025-03-21T21:28:07.670+0000] {logging_mixin.py:190} INFO - [2025-03-21T21:28:07.670+0000] {dag.py:3239} INFO - Sync 1 DAGs
[2025-03-21T21:28:07.685+0000] {logging_mixin.py:190} INFO - [2025-03-21T21:28:07.685+0000] {dag.py:4180} INFO - Setting next_dagrun for example_short_circuit_operator to None, run_after=None
[2025-03-21T21:28:07.718+0000] {processor.py:208} INFO - Processing /home/usmail/sys_fraud/sys_detection_frauds/lib/python3.12/site-packages/airflow/example_dags/example_short_circuit_operator.py took 0.114 seconds
[2025-03-21T21:29:07.390+0000] {processor.py:186} INFO - Started process (PID=3755135) to work on /home/usmail/sys_fraud/sys_detection_frauds/lib/python3.12/site-packages/airflow/example_dags/example_short_circuit_operator.py
[2025-03-21T21:29:07.399+0000] {processor.py:914} INFO - Processing file /home/usmail/sys_fraud/sys_detection_frauds/lib/python3.12/site-packages/airflow/example_dags/example_short_circuit_operator.py for tasks to queue
[2025-03-21T21:29:07.403+0000] {logging_mixin.py:190} INFO - [2025-03-21T21:29:07.403+0000] {dagbag.py:588} INFO - Filling up the DagBag from /home/usmail/sys_fraud/sys_detection_frauds/lib/python3.12/site-packages/airflow/example_dags/example_short_circuit_operator.py
[2025-03-21T21:29:07.418+0000] {processor.py:925} INFO - DAG(s) 'example_short_circuit_operator' retrieved from /home/usmail/sys_fraud/sys_detection_frauds/lib/python3.12/site-packages/airflow/example_dags/example_short_circuit_operator.py
[2025-03-21T21:29:07.446+0000] {logging_mixin.py:190} INFO - [2025-03-21T21:29:07.446+0000] {dag.py:3239} INFO - Sync 1 DAGs
[2025-03-21T21:29:07.462+0000] {logging_mixin.py:190} INFO - [2025-03-21T21:29:07.461+0000] {dag.py:4180} INFO - Setting next_dagrun for example_short_circuit_operator to None, run_after=None
[2025-03-21T21:29:07.498+0000] {processor.py:208} INFO - Processing /home/usmail/sys_fraud/sys_detection_frauds/lib/python3.12/site-packages/airflow/example_dags/example_short_circuit_operator.py took 0.120 seconds
[2025-03-21T21:30:11.988+0000] {processor.py:186} INFO - Started process (PID=3755830) to work on /home/usmail/sys_fraud/sys_detection_frauds/lib/python3.12/site-packages/airflow/example_dags/example_short_circuit_operator.py
[2025-03-21T21:30:11.997+0000] {processor.py:914} INFO - Processing file /home/usmail/sys_fraud/sys_detection_frauds/lib/python3.12/site-packages/airflow/example_dags/example_short_circuit_operator.py for tasks to queue
[2025-03-21T21:30:12.000+0000] {logging_mixin.py:190} INFO - [2025-03-21T21:30:11.999+0000] {dagbag.py:588} INFO - Filling up the DagBag from /home/usmail/sys_fraud/sys_detection_frauds/lib/python3.12/site-packages/airflow/example_dags/example_short_circuit_operator.py
[2025-03-21T21:30:12.013+0000] {processor.py:925} INFO - DAG(s) 'example_short_circuit_operator' retrieved from /home/usmail/sys_fraud/sys_detection_frauds/lib/python3.12/site-packages/airflow/example_dags/example_short_circuit_operator.py
[2025-03-21T21:30:12.041+0000] {logging_mixin.py:190} INFO - [2025-03-21T21:30:12.040+0000] {dag.py:3239} INFO - Sync 1 DAGs
[2025-03-21T21:30:12.056+0000] {logging_mixin.py:190} INFO - [2025-03-21T21:30:12.056+0000] {dag.py:4180} INFO - Setting next_dagrun for example_short_circuit_operator to None, run_after=None
[2025-03-21T21:30:12.073+0000] {processor.py:208} INFO - Processing /home/usmail/sys_fraud/sys_detection_frauds/lib/python3.12/site-packages/airflow/example_dags/example_short_circuit_operator.py took 0.097 seconds
[2025-03-21T21:31:18.702+0000] {processor.py:186} INFO - Started process (PID=3756517) to work on /home/usmail/sys_fraud/sys_detection_frauds/lib/python3.12/site-packages/airflow/example_dags/example_short_circuit_operator.py
[2025-03-21T21:31:18.711+0000] {processor.py:914} INFO - Processing file /home/usmail/sys_fraud/sys_detection_frauds/lib/python3.12/site-packages/airflow/example_dags/example_short_circuit_operator.py for tasks to queue
[2025-03-21T21:31:18.715+0000] {logging_mixin.py:190} INFO - [2025-03-21T21:31:18.714+0000] {dagbag.py:588} INFO - Filling up the DagBag from /home/usmail/sys_fraud/sys_detection_frauds/lib/python3.12/site-packages/airflow/example_dags/example_short_circuit_operator.py
[2025-03-21T21:31:18.728+0000] {processor.py:925} INFO - DAG(s) 'example_short_circuit_operator' retrieved from /home/usmail/sys_fraud/sys_detection_frauds/lib/python3.12/site-packages/airflow/example_dags/example_short_circuit_operator.py
[2025-03-21T21:31:18.756+0000] {logging_mixin.py:190} INFO - [2025-03-21T21:31:18.756+0000] {dag.py:3239} INFO - Sync 1 DAGs
[2025-03-21T21:31:18.772+0000] {logging_mixin.py:190} INFO - [2025-03-21T21:31:18.772+0000] {dag.py:4180} INFO - Setting next_dagrun for example_short_circuit_operator to None, run_after=None
[2025-03-21T21:31:18.805+0000] {processor.py:208} INFO - Processing /home/usmail/sys_fraud/sys_detection_frauds/lib/python3.12/site-packages/airflow/example_dags/example_short_circuit_operator.py took 0.115 seconds
[2025-03-21T21:32:23.851+0000] {processor.py:186} INFO - Started process (PID=3757213) to work on /home/usmail/sys_fraud/sys_detection_frauds/lib/python3.12/site-packages/airflow/example_dags/example_short_circuit_operator.py
[2025-03-21T21:32:23.860+0000] {processor.py:914} INFO - Processing file /home/usmail/sys_fraud/sys_detection_frauds/lib/python3.12/site-packages/airflow/example_dags/example_short_circuit_operator.py for tasks to queue
[2025-03-21T21:32:23.864+0000] {logging_mixin.py:190} INFO - [2025-03-21T21:32:23.863+0000] {dagbag.py:588} INFO - Filling up the DagBag from /home/usmail/sys_fraud/sys_detection_frauds/lib/python3.12/site-packages/airflow/example_dags/example_short_circuit_operator.py
[2025-03-21T21:32:23.877+0000] {processor.py:925} INFO - DAG(s) 'example_short_circuit_operator' retrieved from /home/usmail/sys_fraud/sys_detection_frauds/lib/python3.12/site-packages/airflow/example_dags/example_short_circuit_operator.py
[2025-03-21T21:32:23.903+0000] {logging_mixin.py:190} INFO - [2025-03-21T21:32:23.902+0000] {dag.py:3239} INFO - Sync 1 DAGs
[2025-03-21T21:32:23.915+0000] {logging_mixin.py:190} INFO - [2025-03-21T21:32:23.915+0000] {dag.py:4180} INFO - Setting next_dagrun for example_short_circuit_operator to None, run_after=None
[2025-03-21T21:32:23.931+0000] {processor.py:208} INFO - Processing /home/usmail/sys_fraud/sys_detection_frauds/lib/python3.12/site-packages/airflow/example_dags/example_short_circuit_operator.py took 0.091 seconds
[2025-03-21T21:33:25.409+0000] {processor.py:186} INFO - Started process (PID=3757855) to work on /home/usmail/sys_fraud/sys_detection_frauds/lib/python3.12/site-packages/airflow/example_dags/example_short_circuit_operator.py
[2025-03-21T21:33:25.418+0000] {processor.py:914} INFO - Processing file /home/usmail/sys_fraud/sys_detection_frauds/lib/python3.12/site-packages/airflow/example_dags/example_short_circuit_operator.py for tasks to queue
[2025-03-21T21:33:25.422+0000] {logging_mixin.py:190} INFO - [2025-03-21T21:33:25.421+0000] {dagbag.py:588} INFO - Filling up the DagBag from /home/usmail/sys_fraud/sys_detection_frauds/lib/python3.12/site-packages/airflow/example_dags/example_short_circuit_operator.py
[2025-03-21T21:33:25.435+0000] {processor.py:925} INFO - DAG(s) 'example_short_circuit_operator' retrieved from /home/usmail/sys_fraud/sys_detection_frauds/lib/python3.12/site-packages/airflow/example_dags/example_short_circuit_operator.py
[2025-03-21T21:33:25.465+0000] {logging_mixin.py:190} INFO - [2025-03-21T21:33:25.464+0000] {dag.py:3239} INFO - Sync 1 DAGs
[2025-03-21T21:33:25.478+0000] {logging_mixin.py:190} INFO - [2025-03-21T21:33:25.478+0000] {dag.py:4180} INFO - Setting next_dagrun for example_short_circuit_operator to None, run_after=None
[2025-03-21T21:33:25.502+0000] {processor.py:208} INFO - Processing /home/usmail/sys_fraud/sys_detection_frauds/lib/python3.12/site-packages/airflow/example_dags/example_short_circuit_operator.py took 0.109 seconds
[2025-03-21T22:19:43.154+0000] {processor.py:186} INFO - Started process (PID=3758744) to work on /home/usmail/sys_fraud/sys_detection_frauds/lib/python3.12/site-packages/airflow/example_dags/example_short_circuit_operator.py
[2025-03-21T22:19:43.155+0000] {processor.py:914} INFO - Processing file /home/usmail/sys_fraud/sys_detection_frauds/lib/python3.12/site-packages/airflow/example_dags/example_short_circuit_operator.py for tasks to queue
[2025-03-21T22:19:43.157+0000] {logging_mixin.py:190} INFO - [2025-03-21T22:19:43.157+0000] {dagbag.py:588} INFO - Filling up the DagBag from /home/usmail/sys_fraud/sys_detection_frauds/lib/python3.12/site-packages/airflow/example_dags/example_short_circuit_operator.py
[2025-03-21T22:19:43.167+0000] {processor.py:925} INFO - DAG(s) 'example_short_circuit_operator' retrieved from /home/usmail/sys_fraud/sys_detection_frauds/lib/python3.12/site-packages/airflow/example_dags/example_short_circuit_operator.py
[2025-03-21T22:19:43.187+0000] {logging_mixin.py:190} INFO - [2025-03-21T22:19:43.186+0000] {dag.py:3239} INFO - Sync 1 DAGs
[2025-03-21T22:19:43.200+0000] {logging_mixin.py:190} INFO - [2025-03-21T22:19:43.199+0000] {dag.py:4180} INFO - Setting next_dagrun for example_short_circuit_operator to None, run_after=None
[2025-03-21T22:19:43.226+0000] {processor.py:208} INFO - Processing /home/usmail/sys_fraud/sys_detection_frauds/lib/python3.12/site-packages/airflow/example_dags/example_short_circuit_operator.py took 0.082 seconds
[2025-03-21T22:20:50.111+0000] {processor.py:186} INFO - Started process (PID=3759759) to work on /home/usmail/sys_fraud/sys_detection_frauds/lib/python3.12/site-packages/airflow/example_dags/example_short_circuit_operator.py
[2025-03-21T22:20:50.120+0000] {processor.py:914} INFO - Processing file /home/usmail/sys_fraud/sys_detection_frauds/lib/python3.12/site-packages/airflow/example_dags/example_short_circuit_operator.py for tasks to queue
[2025-03-21T22:20:50.123+0000] {logging_mixin.py:190} INFO - [2025-03-21T22:20:50.122+0000] {dagbag.py:588} INFO - Filling up the DagBag from /home/usmail/sys_fraud/sys_detection_frauds/lib/python3.12/site-packages/airflow/example_dags/example_short_circuit_operator.py
[2025-03-21T22:20:50.138+0000] {processor.py:925} INFO - DAG(s) 'example_short_circuit_operator' retrieved from /home/usmail/sys_fraud/sys_detection_frauds/lib/python3.12/site-packages/airflow/example_dags/example_short_circuit_operator.py
[2025-03-21T22:20:50.168+0000] {logging_mixin.py:190} INFO - [2025-03-21T22:20:50.168+0000] {dag.py:3239} INFO - Sync 1 DAGs
[2025-03-21T22:20:50.182+0000] {logging_mixin.py:190} INFO - [2025-03-21T22:20:50.182+0000] {dag.py:4180} INFO - Setting next_dagrun for example_short_circuit_operator to None, run_after=None
[2025-03-21T22:20:50.215+0000] {processor.py:208} INFO - Processing /home/usmail/sys_fraud/sys_detection_frauds/lib/python3.12/site-packages/airflow/example_dags/example_short_circuit_operator.py took 0.122 seconds
[2025-03-21T22:21:50.696+0000] {processor.py:186} INFO - Started process (PID=3760606) to work on /home/usmail/sys_fraud/sys_detection_frauds/lib/python3.12/site-packages/airflow/example_dags/example_short_circuit_operator.py
[2025-03-21T22:21:50.706+0000] {processor.py:914} INFO - Processing file /home/usmail/sys_fraud/sys_detection_frauds/lib/python3.12/site-packages/airflow/example_dags/example_short_circuit_operator.py for tasks to queue
[2025-03-21T22:21:50.708+0000] {logging_mixin.py:190} INFO - [2025-03-21T22:21:50.707+0000] {dagbag.py:588} INFO - Filling up the DagBag from /home/usmail/sys_fraud/sys_detection_frauds/lib/python3.12/site-packages/airflow/example_dags/example_short_circuit_operator.py
[2025-03-21T22:21:50.719+0000] {processor.py:925} INFO - DAG(s) 'example_short_circuit_operator' retrieved from /home/usmail/sys_fraud/sys_detection_frauds/lib/python3.12/site-packages/airflow/example_dags/example_short_circuit_operator.py
[2025-03-21T22:21:50.733+0000] {logging_mixin.py:190} INFO - [2025-03-21T22:21:50.733+0000] {dag.py:3239} INFO - Sync 1 DAGs
[2025-03-21T22:21:50.744+0000] {logging_mixin.py:190} INFO - [2025-03-21T22:21:50.744+0000] {dag.py:4180} INFO - Setting next_dagrun for example_short_circuit_operator to None, run_after=None
[2025-03-21T22:21:50.769+0000] {processor.py:208} INFO - Processing /home/usmail/sys_fraud/sys_detection_frauds/lib/python3.12/site-packages/airflow/example_dags/example_short_circuit_operator.py took 0.088 seconds
