[2025-03-21T20:49:53.079+0000] {processor.py:186} INFO - Started process (PID=3723186) to work on /home/usmail/sys_fraud/sys_detection_frauds/lib/python3.12/site-packages/airflow/example_dags/example_kubernetes_executor.py
[2025-03-21T20:49:53.079+0000] {processor.py:914} INFO - Processing file /home/usmail/sys_fraud/sys_detection_frauds/lib/python3.12/site-packages/airflow/example_dags/example_kubernetes_executor.py for tasks to queue
[2025-03-21T20:49:53.081+0000] {logging_mixin.py:190} INFO - [2025-03-21T20:49:53.081+0000] {dagbag.py:588} INFO - Filling up the DagBag from /home/usmail/sys_fraud/sys_detection_frauds/lib/python3.12/site-packages/airflow/example_dags/example_kubernetes_executor.py
[2025-03-21T20:49:53.084+0000] {logging_mixin.py:190} INFO - [2025-03-21T20:49:53.084+0000] {example_kubernetes_executor.py:39} WARNING - The example_kubernetes_executor example DAG requires the kubernetes provider. Please install it with: pip install apache-airflow[cncf.kubernetes]
[2025-03-21T20:49:53.085+0000] {processor.py:927} WARNING - No viable dags retrieved from /home/usmail/sys_fraud/sys_detection_frauds/lib/python3.12/site-packages/airflow/example_dags/example_kubernetes_executor.py
[2025-03-21T20:49:53.091+0000] {processor.py:208} INFO - Processing /home/usmail/sys_fraud/sys_detection_frauds/lib/python3.12/site-packages/airflow/example_dags/example_kubernetes_executor.py took 0.017 seconds
[2025-03-21T20:50:53.563+0000] {processor.py:186} INFO - Started process (PID=3723887) to work on /home/usmail/sys_fraud/sys_detection_frauds/lib/python3.12/site-packages/airflow/example_dags/example_kubernetes_executor.py
[2025-03-21T20:50:53.571+0000] {processor.py:914} INFO - Processing file /home/usmail/sys_fraud/sys_detection_frauds/lib/python3.12/site-packages/airflow/example_dags/example_kubernetes_executor.py for tasks to queue
[2025-03-21T20:50:53.576+0000] {logging_mixin.py:190} INFO - [2025-03-21T20:50:53.575+0000] {dagbag.py:588} INFO - Filling up the DagBag from /home/usmail/sys_fraud/sys_detection_frauds/lib/python3.12/site-packages/airflow/example_dags/example_kubernetes_executor.py
[2025-03-21T20:50:53.580+0000] {logging_mixin.py:190} INFO - [2025-03-21T20:50:53.580+0000] {example_kubernetes_executor.py:39} WARNING - The example_kubernetes_executor example DAG requires the kubernetes provider. Please install it with: pip install apache-airflow[cncf.kubernetes]
[2025-03-21T20:50:53.580+0000] {processor.py:927} WARNING - No viable dags retrieved from /home/usmail/sys_fraud/sys_detection_frauds/lib/python3.12/site-packages/airflow/example_dags/example_kubernetes_executor.py
[2025-03-21T20:50:53.587+0000] {processor.py:208} INFO - Processing /home/usmail/sys_fraud/sys_detection_frauds/lib/python3.12/site-packages/airflow/example_dags/example_kubernetes_executor.py took 0.028 seconds
[2025-03-21T20:51:48.466+0000] {processor.py:186} INFO - Started process (PID=3724596) to work on /home/usmail/sys_fraud/sys_detection_frauds/lib/python3.12/site-packages/airflow/example_dags/example_kubernetes_executor.py
[2025-03-21T20:51:48.475+0000] {processor.py:914} INFO - Processing file /home/usmail/sys_fraud/sys_detection_frauds/lib/python3.12/site-packages/airflow/example_dags/example_kubernetes_executor.py for tasks to queue
[2025-03-21T20:51:48.477+0000] {logging_mixin.py:190} INFO - [2025-03-21T20:51:48.476+0000] {dagbag.py:588} INFO - Filling up the DagBag from /home/usmail/sys_fraud/sys_detection_frauds/lib/python3.12/site-packages/airflow/example_dags/example_kubernetes_executor.py
[2025-03-21T20:51:48.481+0000] {logging_mixin.py:190} INFO - [2025-03-21T20:51:48.481+0000] {example_kubernetes_executor.py:39} WARNING - The example_kubernetes_executor example DAG requires the kubernetes provider. Please install it with: pip install apache-airflow[cncf.kubernetes]
[2025-03-21T20:51:48.482+0000] {processor.py:927} WARNING - No viable dags retrieved from /home/usmail/sys_fraud/sys_detection_frauds/lib/python3.12/site-packages/airflow/example_dags/example_kubernetes_executor.py
[2025-03-21T20:51:48.491+0000] {processor.py:208} INFO - Processing /home/usmail/sys_fraud/sys_detection_frauds/lib/python3.12/site-packages/airflow/example_dags/example_kubernetes_executor.py took 0.029 seconds
[2025-03-21T20:52:45.156+0000] {processor.py:186} INFO - Started process (PID=3725234) to work on /home/usmail/sys_fraud/sys_detection_frauds/lib/python3.12/site-packages/airflow/example_dags/example_kubernetes_executor.py
[2025-03-21T20:52:45.160+0000] {processor.py:914} INFO - Processing file /home/usmail/sys_fraud/sys_detection_frauds/lib/python3.12/site-packages/airflow/example_dags/example_kubernetes_executor.py for tasks to queue
[2025-03-21T20:52:45.161+0000] {logging_mixin.py:190} INFO - [2025-03-21T20:52:45.161+0000] {dagbag.py:588} INFO - Filling up the DagBag from /home/usmail/sys_fraud/sys_detection_frauds/lib/python3.12/site-packages/airflow/example_dags/example_kubernetes_executor.py
[2025-03-21T20:52:45.163+0000] {logging_mixin.py:190} INFO - [2025-03-21T20:52:45.163+0000] {example_kubernetes_executor.py:39} WARNING - The example_kubernetes_executor example DAG requires the kubernetes provider. Please install it with: pip install apache-airflow[cncf.kubernetes]
[2025-03-21T20:52:45.163+0000] {processor.py:927} WARNING - No viable dags retrieved from /home/usmail/sys_fraud/sys_detection_frauds/lib/python3.12/site-packages/airflow/example_dags/example_kubernetes_executor.py
[2025-03-21T20:52:45.169+0000] {processor.py:208} INFO - Processing /home/usmail/sys_fraud/sys_detection_frauds/lib/python3.12/site-packages/airflow/example_dags/example_kubernetes_executor.py took 0.017 seconds
[2025-03-21T20:53:37.376+0000] {processor.py:186} INFO - Started process (PID=3725868) to work on /home/usmail/sys_fraud/sys_detection_frauds/lib/python3.12/site-packages/airflow/example_dags/example_kubernetes_executor.py
[2025-03-21T20:53:37.385+0000] {processor.py:914} INFO - Processing file /home/usmail/sys_fraud/sys_detection_frauds/lib/python3.12/site-packages/airflow/example_dags/example_kubernetes_executor.py for tasks to queue
[2025-03-21T20:53:37.389+0000] {logging_mixin.py:190} INFO - [2025-03-21T20:53:37.388+0000] {dagbag.py:588} INFO - Filling up the DagBag from /home/usmail/sys_fraud/sys_detection_frauds/lib/python3.12/site-packages/airflow/example_dags/example_kubernetes_executor.py
[2025-03-21T20:53:37.392+0000] {logging_mixin.py:190} INFO - [2025-03-21T20:53:37.392+0000] {example_kubernetes_executor.py:39} WARNING - The example_kubernetes_executor example DAG requires the kubernetes provider. Please install it with: pip install apache-airflow[cncf.kubernetes]
[2025-03-21T20:53:37.393+0000] {processor.py:927} WARNING - No viable dags retrieved from /home/usmail/sys_fraud/sys_detection_frauds/lib/python3.12/site-packages/airflow/example_dags/example_kubernetes_executor.py
[2025-03-21T20:53:37.400+0000] {processor.py:208} INFO - Processing /home/usmail/sys_fraud/sys_detection_frauds/lib/python3.12/site-packages/airflow/example_dags/example_kubernetes_executor.py took 0.029 seconds
[2025-03-21T20:54:31.245+0000] {processor.py:186} INFO - Started process (PID=3726539) to work on /home/usmail/sys_fraud/sys_detection_frauds/lib/python3.12/site-packages/airflow/example_dags/example_kubernetes_executor.py
[2025-03-21T20:54:31.254+0000] {processor.py:914} INFO - Processing file /home/usmail/sys_fraud/sys_detection_frauds/lib/python3.12/site-packages/airflow/example_dags/example_kubernetes_executor.py for tasks to queue
[2025-03-21T20:54:31.257+0000] {logging_mixin.py:190} INFO - [2025-03-21T20:54:31.256+0000] {dagbag.py:588} INFO - Filling up the DagBag from /home/usmail/sys_fraud/sys_detection_frauds/lib/python3.12/site-packages/airflow/example_dags/example_kubernetes_executor.py
[2025-03-21T20:54:31.261+0000] {logging_mixin.py:190} INFO - [2025-03-21T20:54:31.260+0000] {example_kubernetes_executor.py:39} WARNING - The example_kubernetes_executor example DAG requires the kubernetes provider. Please install it with: pip install apache-airflow[cncf.kubernetes]
[2025-03-21T20:54:31.261+0000] {processor.py:927} WARNING - No viable dags retrieved from /home/usmail/sys_fraud/sys_detection_frauds/lib/python3.12/site-packages/airflow/example_dags/example_kubernetes_executor.py
[2025-03-21T20:54:31.269+0000] {processor.py:208} INFO - Processing /home/usmail/sys_fraud/sys_detection_frauds/lib/python3.12/site-packages/airflow/example_dags/example_kubernetes_executor.py took 0.028 seconds
[2025-03-21T20:55:22.857+0000] {processor.py:186} INFO - Started process (PID=3727169) to work on /home/usmail/sys_fraud/sys_detection_frauds/lib/python3.12/site-packages/airflow/example_dags/example_kubernetes_executor.py
[2025-03-21T20:55:22.866+0000] {processor.py:914} INFO - Processing file /home/usmail/sys_fraud/sys_detection_frauds/lib/python3.12/site-packages/airflow/example_dags/example_kubernetes_executor.py for tasks to queue
[2025-03-21T20:55:22.869+0000] {logging_mixin.py:190} INFO - [2025-03-21T20:55:22.869+0000] {dagbag.py:588} INFO - Filling up the DagBag from /home/usmail/sys_fraud/sys_detection_frauds/lib/python3.12/site-packages/airflow/example_dags/example_kubernetes_executor.py
[2025-03-21T20:55:22.874+0000] {logging_mixin.py:190} INFO - [2025-03-21T20:55:22.873+0000] {example_kubernetes_executor.py:39} WARNING - The example_kubernetes_executor example DAG requires the kubernetes provider. Please install it with: pip install apache-airflow[cncf.kubernetes]
[2025-03-21T20:55:22.874+0000] {processor.py:927} WARNING - No viable dags retrieved from /home/usmail/sys_fraud/sys_detection_frauds/lib/python3.12/site-packages/airflow/example_dags/example_kubernetes_executor.py
[2025-03-21T20:55:22.884+0000] {processor.py:208} INFO - Processing /home/usmail/sys_fraud/sys_detection_frauds/lib/python3.12/site-packages/airflow/example_dags/example_kubernetes_executor.py took 0.033 seconds
[2025-03-21T20:56:13.050+0000] {processor.py:186} INFO - Started process (PID=3727842) to work on /home/usmail/sys_fraud/sys_detection_frauds/lib/python3.12/site-packages/airflow/example_dags/example_kubernetes_executor.py
[2025-03-21T20:56:13.059+0000] {processor.py:914} INFO - Processing file /home/usmail/sys_fraud/sys_detection_frauds/lib/python3.12/site-packages/airflow/example_dags/example_kubernetes_executor.py for tasks to queue
[2025-03-21T20:56:13.062+0000] {logging_mixin.py:190} INFO - [2025-03-21T20:56:13.061+0000] {dagbag.py:588} INFO - Filling up the DagBag from /home/usmail/sys_fraud/sys_detection_frauds/lib/python3.12/site-packages/airflow/example_dags/example_kubernetes_executor.py
[2025-03-21T20:56:13.066+0000] {logging_mixin.py:190} INFO - [2025-03-21T20:56:13.066+0000] {example_kubernetes_executor.py:39} WARNING - The example_kubernetes_executor example DAG requires the kubernetes provider. Please install it with: pip install apache-airflow[cncf.kubernetes]
[2025-03-21T20:56:13.066+0000] {processor.py:927} WARNING - No viable dags retrieved from /home/usmail/sys_fraud/sys_detection_frauds/lib/python3.12/site-packages/airflow/example_dags/example_kubernetes_executor.py
[2025-03-21T20:56:13.074+0000] {processor.py:208} INFO - Processing /home/usmail/sys_fraud/sys_detection_frauds/lib/python3.12/site-packages/airflow/example_dags/example_kubernetes_executor.py took 0.028 seconds
[2025-03-21T20:57:06.707+0000] {processor.py:186} INFO - Started process (PID=3728665) to work on /home/usmail/sys_fraud/sys_detection_frauds/lib/python3.12/site-packages/airflow/example_dags/example_kubernetes_executor.py
[2025-03-21T20:57:06.708+0000] {processor.py:914} INFO - Processing file /home/usmail/sys_fraud/sys_detection_frauds/lib/python3.12/site-packages/airflow/example_dags/example_kubernetes_executor.py for tasks to queue
[2025-03-21T20:57:06.709+0000] {logging_mixin.py:190} INFO - [2025-03-21T20:57:06.709+0000] {dagbag.py:588} INFO - Filling up the DagBag from /home/usmail/sys_fraud/sys_detection_frauds/lib/python3.12/site-packages/airflow/example_dags/example_kubernetes_executor.py
[2025-03-21T20:57:06.711+0000] {logging_mixin.py:190} INFO - [2025-03-21T20:57:06.711+0000] {example_kubernetes_executor.py:39} WARNING - The example_kubernetes_executor example DAG requires the kubernetes provider. Please install it with: pip install apache-airflow[cncf.kubernetes]
[2025-03-21T20:57:06.712+0000] {processor.py:927} WARNING - No viable dags retrieved from /home/usmail/sys_fraud/sys_detection_frauds/lib/python3.12/site-packages/airflow/example_dags/example_kubernetes_executor.py
[2025-03-21T20:57:06.718+0000] {processor.py:208} INFO - Processing /home/usmail/sys_fraud/sys_detection_frauds/lib/python3.12/site-packages/airflow/example_dags/example_kubernetes_executor.py took 0.015 seconds
[2025-03-21T20:57:57.900+0000] {processor.py:186} INFO - Started process (PID=3729228) to work on /home/usmail/sys_fraud/sys_detection_frauds/lib/python3.12/site-packages/airflow/example_dags/example_kubernetes_executor.py
[2025-03-21T20:57:57.901+0000] {processor.py:914} INFO - Processing file /home/usmail/sys_fraud/sys_detection_frauds/lib/python3.12/site-packages/airflow/example_dags/example_kubernetes_executor.py for tasks to queue
[2025-03-21T20:57:57.903+0000] {logging_mixin.py:190} INFO - [2025-03-21T20:57:57.903+0000] {dagbag.py:588} INFO - Filling up the DagBag from /home/usmail/sys_fraud/sys_detection_frauds/lib/python3.12/site-packages/airflow/example_dags/example_kubernetes_executor.py
[2025-03-21T20:57:57.905+0000] {logging_mixin.py:190} INFO - [2025-03-21T20:57:57.905+0000] {example_kubernetes_executor.py:39} WARNING - The example_kubernetes_executor example DAG requires the kubernetes provider. Please install it with: pip install apache-airflow[cncf.kubernetes]
[2025-03-21T20:57:57.905+0000] {processor.py:927} WARNING - No viable dags retrieved from /home/usmail/sys_fraud/sys_detection_frauds/lib/python3.12/site-packages/airflow/example_dags/example_kubernetes_executor.py
[2025-03-21T20:57:57.913+0000] {processor.py:208} INFO - Processing /home/usmail/sys_fraud/sys_detection_frauds/lib/python3.12/site-packages/airflow/example_dags/example_kubernetes_executor.py took 0.016 seconds
[2025-03-21T20:58:50.219+0000] {processor.py:186} INFO - Started process (PID=3729926) to work on /home/usmail/sys_fraud/sys_detection_frauds/lib/python3.12/site-packages/airflow/example_dags/example_kubernetes_executor.py
[2025-03-21T20:58:50.222+0000] {processor.py:914} INFO - Processing file /home/usmail/sys_fraud/sys_detection_frauds/lib/python3.12/site-packages/airflow/example_dags/example_kubernetes_executor.py for tasks to queue
[2025-03-21T20:58:50.225+0000] {logging_mixin.py:190} INFO - [2025-03-21T20:58:50.224+0000] {dagbag.py:588} INFO - Filling up the DagBag from /home/usmail/sys_fraud/sys_detection_frauds/lib/python3.12/site-packages/airflow/example_dags/example_kubernetes_executor.py
[2025-03-21T20:58:50.228+0000] {logging_mixin.py:190} INFO - [2025-03-21T20:58:50.228+0000] {example_kubernetes_executor.py:39} WARNING - The example_kubernetes_executor example DAG requires the kubernetes provider. Please install it with: pip install apache-airflow[cncf.kubernetes]
[2025-03-21T20:58:50.228+0000] {processor.py:927} WARNING - No viable dags retrieved from /home/usmail/sys_fraud/sys_detection_frauds/lib/python3.12/site-packages/airflow/example_dags/example_kubernetes_executor.py
[2025-03-21T20:58:50.235+0000] {processor.py:208} INFO - Processing /home/usmail/sys_fraud/sys_detection_frauds/lib/python3.12/site-packages/airflow/example_dags/example_kubernetes_executor.py took 0.022 seconds
[2025-03-21T20:59:45.264+0000] {processor.py:186} INFO - Started process (PID=3730678) to work on /home/usmail/sys_fraud/sys_detection_frauds/lib/python3.12/site-packages/airflow/example_dags/example_kubernetes_executor.py
[2025-03-21T20:59:45.273+0000] {processor.py:914} INFO - Processing file /home/usmail/sys_fraud/sys_detection_frauds/lib/python3.12/site-packages/airflow/example_dags/example_kubernetes_executor.py for tasks to queue
[2025-03-21T20:59:45.276+0000] {logging_mixin.py:190} INFO - [2025-03-21T20:59:45.275+0000] {dagbag.py:588} INFO - Filling up the DagBag from /home/usmail/sys_fraud/sys_detection_frauds/lib/python3.12/site-packages/airflow/example_dags/example_kubernetes_executor.py
[2025-03-21T20:59:45.280+0000] {logging_mixin.py:190} INFO - [2025-03-21T20:59:45.280+0000] {example_kubernetes_executor.py:39} WARNING - The example_kubernetes_executor example DAG requires the kubernetes provider. Please install it with: pip install apache-airflow[cncf.kubernetes]
[2025-03-21T20:59:45.280+0000] {processor.py:927} WARNING - No viable dags retrieved from /home/usmail/sys_fraud/sys_detection_frauds/lib/python3.12/site-packages/airflow/example_dags/example_kubernetes_executor.py
[2025-03-21T20:59:45.289+0000] {processor.py:208} INFO - Processing /home/usmail/sys_fraud/sys_detection_frauds/lib/python3.12/site-packages/airflow/example_dags/example_kubernetes_executor.py took 0.028 seconds
[2025-03-21T21:00:42.990+0000] {processor.py:186} INFO - Started process (PID=3731422) to work on /home/usmail/sys_fraud/sys_detection_frauds/lib/python3.12/site-packages/airflow/example_dags/example_kubernetes_executor.py
[2025-03-21T21:00:42.999+0000] {processor.py:914} INFO - Processing file /home/usmail/sys_fraud/sys_detection_frauds/lib/python3.12/site-packages/airflow/example_dags/example_kubernetes_executor.py for tasks to queue
[2025-03-21T21:00:43.002+0000] {logging_mixin.py:190} INFO - [2025-03-21T21:00:43.001+0000] {dagbag.py:588} INFO - Filling up the DagBag from /home/usmail/sys_fraud/sys_detection_frauds/lib/python3.12/site-packages/airflow/example_dags/example_kubernetes_executor.py
[2025-03-21T21:00:43.006+0000] {logging_mixin.py:190} INFO - [2025-03-21T21:00:43.006+0000] {example_kubernetes_executor.py:39} WARNING - The example_kubernetes_executor example DAG requires the kubernetes provider. Please install it with: pip install apache-airflow[cncf.kubernetes]
[2025-03-21T21:00:43.007+0000] {processor.py:927} WARNING - No viable dags retrieved from /home/usmail/sys_fraud/sys_detection_frauds/lib/python3.12/site-packages/airflow/example_dags/example_kubernetes_executor.py
[2025-03-21T21:00:43.015+0000] {processor.py:208} INFO - Processing /home/usmail/sys_fraud/sys_detection_frauds/lib/python3.12/site-packages/airflow/example_dags/example_kubernetes_executor.py took 0.029 seconds
[2025-03-21T21:01:37.191+0000] {processor.py:186} INFO - Started process (PID=3732103) to work on /home/usmail/sys_fraud/sys_detection_frauds/lib/python3.12/site-packages/airflow/example_dags/example_kubernetes_executor.py
[2025-03-21T21:01:37.200+0000] {processor.py:914} INFO - Processing file /home/usmail/sys_fraud/sys_detection_frauds/lib/python3.12/site-packages/airflow/example_dags/example_kubernetes_executor.py for tasks to queue
[2025-03-21T21:01:37.203+0000] {logging_mixin.py:190} INFO - [2025-03-21T21:01:37.202+0000] {dagbag.py:588} INFO - Filling up the DagBag from /home/usmail/sys_fraud/sys_detection_frauds/lib/python3.12/site-packages/airflow/example_dags/example_kubernetes_executor.py
[2025-03-21T21:01:37.207+0000] {logging_mixin.py:190} INFO - [2025-03-21T21:01:37.207+0000] {example_kubernetes_executor.py:39} WARNING - The example_kubernetes_executor example DAG requires the kubernetes provider. Please install it with: pip install apache-airflow[cncf.kubernetes]
[2025-03-21T21:01:37.208+0000] {processor.py:927} WARNING - No viable dags retrieved from /home/usmail/sys_fraud/sys_detection_frauds/lib/python3.12/site-packages/airflow/example_dags/example_kubernetes_executor.py
[2025-03-21T21:01:37.215+0000] {processor.py:208} INFO - Processing /home/usmail/sys_fraud/sys_detection_frauds/lib/python3.12/site-packages/airflow/example_dags/example_kubernetes_executor.py took 0.030 seconds
[2025-03-21T21:02:33.802+0000] {processor.py:186} INFO - Started process (PID=3732788) to work on /home/usmail/sys_fraud/sys_detection_frauds/lib/python3.12/site-packages/airflow/example_dags/example_kubernetes_executor.py
[2025-03-21T21:02:33.811+0000] {processor.py:914} INFO - Processing file /home/usmail/sys_fraud/sys_detection_frauds/lib/python3.12/site-packages/airflow/example_dags/example_kubernetes_executor.py for tasks to queue
[2025-03-21T21:02:33.814+0000] {logging_mixin.py:190} INFO - [2025-03-21T21:02:33.814+0000] {dagbag.py:588} INFO - Filling up the DagBag from /home/usmail/sys_fraud/sys_detection_frauds/lib/python3.12/site-packages/airflow/example_dags/example_kubernetes_executor.py
[2025-03-21T21:02:33.819+0000] {logging_mixin.py:190} INFO - [2025-03-21T21:02:33.818+0000] {example_kubernetes_executor.py:39} WARNING - The example_kubernetes_executor example DAG requires the kubernetes provider. Please install it with: pip install apache-airflow[cncf.kubernetes]
[2025-03-21T21:02:33.819+0000] {processor.py:927} WARNING - No viable dags retrieved from /home/usmail/sys_fraud/sys_detection_frauds/lib/python3.12/site-packages/airflow/example_dags/example_kubernetes_executor.py
[2025-03-21T21:02:33.827+0000] {processor.py:208} INFO - Processing /home/usmail/sys_fraud/sys_detection_frauds/lib/python3.12/site-packages/airflow/example_dags/example_kubernetes_executor.py took 0.031 seconds
[2025-03-21T21:03:26.565+0000] {processor.py:186} INFO - Started process (PID=3733554) to work on /home/usmail/sys_fraud/sys_detection_frauds/lib/python3.12/site-packages/airflow/example_dags/example_kubernetes_executor.py
[2025-03-21T21:03:26.573+0000] {processor.py:914} INFO - Processing file /home/usmail/sys_fraud/sys_detection_frauds/lib/python3.12/site-packages/airflow/example_dags/example_kubernetes_executor.py for tasks to queue
[2025-03-21T21:03:26.575+0000] {logging_mixin.py:190} INFO - [2025-03-21T21:03:26.574+0000] {dagbag.py:588} INFO - Filling up the DagBag from /home/usmail/sys_fraud/sys_detection_frauds/lib/python3.12/site-packages/airflow/example_dags/example_kubernetes_executor.py
[2025-03-21T21:03:26.577+0000] {logging_mixin.py:190} INFO - [2025-03-21T21:03:26.577+0000] {example_kubernetes_executor.py:39} WARNING - The example_kubernetes_executor example DAG requires the kubernetes provider. Please install it with: pip install apache-airflow[cncf.kubernetes]
[2025-03-21T21:03:26.577+0000] {processor.py:927} WARNING - No viable dags retrieved from /home/usmail/sys_fraud/sys_detection_frauds/lib/python3.12/site-packages/airflow/example_dags/example_kubernetes_executor.py
[2025-03-21T21:03:26.585+0000] {processor.py:208} INFO - Processing /home/usmail/sys_fraud/sys_detection_frauds/lib/python3.12/site-packages/airflow/example_dags/example_kubernetes_executor.py took 0.023 seconds
[2025-03-21T21:04:23.093+0000] {processor.py:186} INFO - Started process (PID=3734257) to work on /home/usmail/sys_fraud/sys_detection_frauds/lib/python3.12/site-packages/airflow/example_dags/example_kubernetes_executor.py
[2025-03-21T21:04:23.102+0000] {processor.py:914} INFO - Processing file /home/usmail/sys_fraud/sys_detection_frauds/lib/python3.12/site-packages/airflow/example_dags/example_kubernetes_executor.py for tasks to queue
[2025-03-21T21:04:23.103+0000] {logging_mixin.py:190} INFO - [2025-03-21T21:04:23.103+0000] {dagbag.py:588} INFO - Filling up the DagBag from /home/usmail/sys_fraud/sys_detection_frauds/lib/python3.12/site-packages/airflow/example_dags/example_kubernetes_executor.py
[2025-03-21T21:04:23.105+0000] {logging_mixin.py:190} INFO - [2025-03-21T21:04:23.105+0000] {example_kubernetes_executor.py:39} WARNING - The example_kubernetes_executor example DAG requires the kubernetes provider. Please install it with: pip install apache-airflow[cncf.kubernetes]
[2025-03-21T21:04:23.105+0000] {processor.py:927} WARNING - No viable dags retrieved from /home/usmail/sys_fraud/sys_detection_frauds/lib/python3.12/site-packages/airflow/example_dags/example_kubernetes_executor.py
[2025-03-21T21:04:23.110+0000] {processor.py:208} INFO - Processing /home/usmail/sys_fraud/sys_detection_frauds/lib/python3.12/site-packages/airflow/example_dags/example_kubernetes_executor.py took 0.020 seconds
[2025-03-21T21:05:16.775+0000] {processor.py:186} INFO - Started process (PID=3735127) to work on /home/usmail/sys_fraud/sys_detection_frauds/lib/python3.12/site-packages/airflow/example_dags/example_kubernetes_executor.py
[2025-03-21T21:05:16.785+0000] {processor.py:914} INFO - Processing file /home/usmail/sys_fraud/sys_detection_frauds/lib/python3.12/site-packages/airflow/example_dags/example_kubernetes_executor.py for tasks to queue
[2025-03-21T21:05:16.788+0000] {logging_mixin.py:190} INFO - [2025-03-21T21:05:16.787+0000] {dagbag.py:588} INFO - Filling up the DagBag from /home/usmail/sys_fraud/sys_detection_frauds/lib/python3.12/site-packages/airflow/example_dags/example_kubernetes_executor.py
[2025-03-21T21:05:16.792+0000] {logging_mixin.py:190} INFO - [2025-03-21T21:05:16.792+0000] {example_kubernetes_executor.py:39} WARNING - The example_kubernetes_executor example DAG requires the kubernetes provider. Please install it with: pip install apache-airflow[cncf.kubernetes]
[2025-03-21T21:05:16.792+0000] {processor.py:927} WARNING - No viable dags retrieved from /home/usmail/sys_fraud/sys_detection_frauds/lib/python3.12/site-packages/airflow/example_dags/example_kubernetes_executor.py
[2025-03-21T21:05:16.799+0000] {processor.py:208} INFO - Processing /home/usmail/sys_fraud/sys_detection_frauds/lib/python3.12/site-packages/airflow/example_dags/example_kubernetes_executor.py took 0.031 seconds
[2025-03-21T21:06:11.648+0000] {processor.py:186} INFO - Started process (PID=3735799) to work on /home/usmail/sys_fraud/sys_detection_frauds/lib/python3.12/site-packages/airflow/example_dags/example_kubernetes_executor.py
[2025-03-21T21:06:11.657+0000] {processor.py:914} INFO - Processing file /home/usmail/sys_fraud/sys_detection_frauds/lib/python3.12/site-packages/airflow/example_dags/example_kubernetes_executor.py for tasks to queue
[2025-03-21T21:06:11.658+0000] {logging_mixin.py:190} INFO - [2025-03-21T21:06:11.658+0000] {dagbag.py:588} INFO - Filling up the DagBag from /home/usmail/sys_fraud/sys_detection_frauds/lib/python3.12/site-packages/airflow/example_dags/example_kubernetes_executor.py
[2025-03-21T21:06:11.661+0000] {logging_mixin.py:190} INFO - [2025-03-21T21:06:11.661+0000] {example_kubernetes_executor.py:39} WARNING - The example_kubernetes_executor example DAG requires the kubernetes provider. Please install it with: pip install apache-airflow[cncf.kubernetes]
[2025-03-21T21:06:11.661+0000] {processor.py:927} WARNING - No viable dags retrieved from /home/usmail/sys_fraud/sys_detection_frauds/lib/python3.12/site-packages/airflow/example_dags/example_kubernetes_executor.py
[2025-03-21T21:06:11.669+0000] {processor.py:208} INFO - Processing /home/usmail/sys_fraud/sys_detection_frauds/lib/python3.12/site-packages/airflow/example_dags/example_kubernetes_executor.py took 0.025 seconds
[2025-03-21T21:07:03.802+0000] {processor.py:186} INFO - Started process (PID=3737119) to work on /home/usmail/sys_fraud/sys_detection_frauds/lib/python3.12/site-packages/airflow/example_dags/example_kubernetes_executor.py
[2025-03-21T21:07:03.803+0000] {processor.py:914} INFO - Processing file /home/usmail/sys_fraud/sys_detection_frauds/lib/python3.12/site-packages/airflow/example_dags/example_kubernetes_executor.py for tasks to queue
[2025-03-21T21:07:03.804+0000] {logging_mixin.py:190} INFO - [2025-03-21T21:07:03.804+0000] {dagbag.py:588} INFO - Filling up the DagBag from /home/usmail/sys_fraud/sys_detection_frauds/lib/python3.12/site-packages/airflow/example_dags/example_kubernetes_executor.py
[2025-03-21T21:07:03.806+0000] {logging_mixin.py:190} INFO - [2025-03-21T21:07:03.806+0000] {example_kubernetes_executor.py:39} WARNING - The example_kubernetes_executor example DAG requires the kubernetes provider. Please install it with: pip install apache-airflow[cncf.kubernetes]
[2025-03-21T21:07:03.807+0000] {processor.py:927} WARNING - No viable dags retrieved from /home/usmail/sys_fraud/sys_detection_frauds/lib/python3.12/site-packages/airflow/example_dags/example_kubernetes_executor.py
[2025-03-21T21:07:03.814+0000] {processor.py:208} INFO - Processing /home/usmail/sys_fraud/sys_detection_frauds/lib/python3.12/site-packages/airflow/example_dags/example_kubernetes_executor.py took 0.016 seconds
[2025-03-21T21:07:57.502+0000] {processor.py:186} INFO - Started process (PID=3737786) to work on /home/usmail/sys_fraud/sys_detection_frauds/lib/python3.12/site-packages/airflow/example_dags/example_kubernetes_executor.py
[2025-03-21T21:07:57.511+0000] {processor.py:914} INFO - Processing file /home/usmail/sys_fraud/sys_detection_frauds/lib/python3.12/site-packages/airflow/example_dags/example_kubernetes_executor.py for tasks to queue
[2025-03-21T21:07:57.518+0000] {logging_mixin.py:190} INFO - [2025-03-21T21:07:57.513+0000] {dagbag.py:588} INFO - Filling up the DagBag from /home/usmail/sys_fraud/sys_detection_frauds/lib/python3.12/site-packages/airflow/example_dags/example_kubernetes_executor.py
[2025-03-21T21:07:57.526+0000] {logging_mixin.py:190} INFO - [2025-03-21T21:07:57.526+0000] {example_kubernetes_executor.py:39} WARNING - The example_kubernetes_executor example DAG requires the kubernetes provider. Please install it with: pip install apache-airflow[cncf.kubernetes]
[2025-03-21T21:07:57.527+0000] {processor.py:927} WARNING - No viable dags retrieved from /home/usmail/sys_fraud/sys_detection_frauds/lib/python3.12/site-packages/airflow/example_dags/example_kubernetes_executor.py
[2025-03-21T21:07:57.535+0000] {processor.py:208} INFO - Processing /home/usmail/sys_fraud/sys_detection_frauds/lib/python3.12/site-packages/airflow/example_dags/example_kubernetes_executor.py took 0.042 seconds
[2025-03-21T21:09:01.234+0000] {processor.py:186} INFO - Started process (PID=3738616) to work on /home/usmail/sys_fraud/sys_detection_frauds/lib/python3.12/site-packages/airflow/example_dags/example_kubernetes_executor.py
[2025-03-21T21:09:01.243+0000] {processor.py:914} INFO - Processing file /home/usmail/sys_fraud/sys_detection_frauds/lib/python3.12/site-packages/airflow/example_dags/example_kubernetes_executor.py for tasks to queue
[2025-03-21T21:09:01.247+0000] {logging_mixin.py:190} INFO - [2025-03-21T21:09:01.247+0000] {dagbag.py:588} INFO - Filling up the DagBag from /home/usmail/sys_fraud/sys_detection_frauds/lib/python3.12/site-packages/airflow/example_dags/example_kubernetes_executor.py
[2025-03-21T21:09:01.253+0000] {logging_mixin.py:190} INFO - [2025-03-21T21:09:01.253+0000] {example_kubernetes_executor.py:39} WARNING - The example_kubernetes_executor example DAG requires the kubernetes provider. Please install it with: pip install apache-airflow[cncf.kubernetes]
[2025-03-21T21:09:01.254+0000] {processor.py:927} WARNING - No viable dags retrieved from /home/usmail/sys_fraud/sys_detection_frauds/lib/python3.12/site-packages/airflow/example_dags/example_kubernetes_executor.py
[2025-03-21T21:09:01.270+0000] {processor.py:208} INFO - Processing /home/usmail/sys_fraud/sys_detection_frauds/lib/python3.12/site-packages/airflow/example_dags/example_kubernetes_executor.py took 0.048 seconds
[2025-03-21T21:09:55.922+0000] {processor.py:186} INFO - Started process (PID=3739434) to work on /home/usmail/sys_fraud/sys_detection_frauds/lib/python3.12/site-packages/airflow/example_dags/example_kubernetes_executor.py
[2025-03-21T21:09:55.931+0000] {processor.py:914} INFO - Processing file /home/usmail/sys_fraud/sys_detection_frauds/lib/python3.12/site-packages/airflow/example_dags/example_kubernetes_executor.py for tasks to queue
[2025-03-21T21:09:55.935+0000] {logging_mixin.py:190} INFO - [2025-03-21T21:09:55.934+0000] {dagbag.py:588} INFO - Filling up the DagBag from /home/usmail/sys_fraud/sys_detection_frauds/lib/python3.12/site-packages/airflow/example_dags/example_kubernetes_executor.py
[2025-03-21T21:09:55.940+0000] {logging_mixin.py:190} INFO - [2025-03-21T21:09:55.939+0000] {example_kubernetes_executor.py:39} WARNING - The example_kubernetes_executor example DAG requires the kubernetes provider. Please install it with: pip install apache-airflow[cncf.kubernetes]
[2025-03-21T21:09:55.940+0000] {processor.py:927} WARNING - No viable dags retrieved from /home/usmail/sys_fraud/sys_detection_frauds/lib/python3.12/site-packages/airflow/example_dags/example_kubernetes_executor.py
[2025-03-21T21:09:55.955+0000] {processor.py:208} INFO - Processing /home/usmail/sys_fraud/sys_detection_frauds/lib/python3.12/site-packages/airflow/example_dags/example_kubernetes_executor.py took 0.045 seconds
[2025-03-21T21:10:53.263+0000] {processor.py:186} INFO - Started process (PID=3740984) to work on /home/usmail/sys_fraud/sys_detection_frauds/lib/python3.12/site-packages/airflow/example_dags/example_kubernetes_executor.py
[2025-03-21T21:10:53.271+0000] {processor.py:914} INFO - Processing file /home/usmail/sys_fraud/sys_detection_frauds/lib/python3.12/site-packages/airflow/example_dags/example_kubernetes_executor.py for tasks to queue
[2025-03-21T21:10:53.273+0000] {logging_mixin.py:190} INFO - [2025-03-21T21:10:53.273+0000] {dagbag.py:588} INFO - Filling up the DagBag from /home/usmail/sys_fraud/sys_detection_frauds/lib/python3.12/site-packages/airflow/example_dags/example_kubernetes_executor.py
[2025-03-21T21:10:53.276+0000] {logging_mixin.py:190} INFO - [2025-03-21T21:10:53.276+0000] {example_kubernetes_executor.py:39} WARNING - The example_kubernetes_executor example DAG requires the kubernetes provider. Please install it with: pip install apache-airflow[cncf.kubernetes]
[2025-03-21T21:10:53.276+0000] {processor.py:927} WARNING - No viable dags retrieved from /home/usmail/sys_fraud/sys_detection_frauds/lib/python3.12/site-packages/airflow/example_dags/example_kubernetes_executor.py
[2025-03-21T21:10:53.283+0000] {processor.py:208} INFO - Processing /home/usmail/sys_fraud/sys_detection_frauds/lib/python3.12/site-packages/airflow/example_dags/example_kubernetes_executor.py took 0.025 seconds
[2025-03-21T21:11:49.990+0000] {processor.py:186} INFO - Started process (PID=3742063) to work on /home/usmail/sys_fraud/sys_detection_frauds/lib/python3.12/site-packages/airflow/example_dags/example_kubernetes_executor.py
[2025-03-21T21:11:49.999+0000] {processor.py:914} INFO - Processing file /home/usmail/sys_fraud/sys_detection_frauds/lib/python3.12/site-packages/airflow/example_dags/example_kubernetes_executor.py for tasks to queue
[2025-03-21T21:11:50.001+0000] {logging_mixin.py:190} INFO - [2025-03-21T21:11:50.000+0000] {dagbag.py:588} INFO - Filling up the DagBag from /home/usmail/sys_fraud/sys_detection_frauds/lib/python3.12/site-packages/airflow/example_dags/example_kubernetes_executor.py
[2025-03-21T21:11:50.003+0000] {logging_mixin.py:190} INFO - [2025-03-21T21:11:50.003+0000] {example_kubernetes_executor.py:39} WARNING - The example_kubernetes_executor example DAG requires the kubernetes provider. Please install it with: pip install apache-airflow[cncf.kubernetes]
[2025-03-21T21:11:50.003+0000] {processor.py:927} WARNING - No viable dags retrieved from /home/usmail/sys_fraud/sys_detection_frauds/lib/python3.12/site-packages/airflow/example_dags/example_kubernetes_executor.py
[2025-03-21T21:11:50.011+0000] {processor.py:208} INFO - Processing /home/usmail/sys_fraud/sys_detection_frauds/lib/python3.12/site-packages/airflow/example_dags/example_kubernetes_executor.py took 0.026 seconds
[2025-03-21T21:12:43.885+0000] {processor.py:186} INFO - Started process (PID=3743141) to work on /home/usmail/sys_fraud/sys_detection_frauds/lib/python3.12/site-packages/airflow/example_dags/example_kubernetes_executor.py
[2025-03-21T21:12:43.885+0000] {processor.py:914} INFO - Processing file /home/usmail/sys_fraud/sys_detection_frauds/lib/python3.12/site-packages/airflow/example_dags/example_kubernetes_executor.py for tasks to queue
[2025-03-21T21:12:43.887+0000] {logging_mixin.py:190} INFO - [2025-03-21T21:12:43.887+0000] {dagbag.py:588} INFO - Filling up the DagBag from /home/usmail/sys_fraud/sys_detection_frauds/lib/python3.12/site-packages/airflow/example_dags/example_kubernetes_executor.py
[2025-03-21T21:12:43.890+0000] {logging_mixin.py:190} INFO - [2025-03-21T21:12:43.889+0000] {example_kubernetes_executor.py:39} WARNING - The example_kubernetes_executor example DAG requires the kubernetes provider. Please install it with: pip install apache-airflow[cncf.kubernetes]
[2025-03-21T21:12:43.890+0000] {processor.py:927} WARNING - No viable dags retrieved from /home/usmail/sys_fraud/sys_detection_frauds/lib/python3.12/site-packages/airflow/example_dags/example_kubernetes_executor.py
[2025-03-21T21:12:43.896+0000] {processor.py:208} INFO - Processing /home/usmail/sys_fraud/sys_detection_frauds/lib/python3.12/site-packages/airflow/example_dags/example_kubernetes_executor.py took 0.017 seconds
[2025-03-21T21:13:36.558+0000] {processor.py:186} INFO - Started process (PID=3744088) to work on /home/usmail/sys_fraud/sys_detection_frauds/lib/python3.12/site-packages/airflow/example_dags/example_kubernetes_executor.py
[2025-03-21T21:13:36.566+0000] {processor.py:914} INFO - Processing file /home/usmail/sys_fraud/sys_detection_frauds/lib/python3.12/site-packages/airflow/example_dags/example_kubernetes_executor.py for tasks to queue
[2025-03-21T21:13:36.568+0000] {logging_mixin.py:190} INFO - [2025-03-21T21:13:36.568+0000] {dagbag.py:588} INFO - Filling up the DagBag from /home/usmail/sys_fraud/sys_detection_frauds/lib/python3.12/site-packages/airflow/example_dags/example_kubernetes_executor.py
[2025-03-21T21:13:36.571+0000] {logging_mixin.py:190} INFO - [2025-03-21T21:13:36.570+0000] {example_kubernetes_executor.py:39} WARNING - The example_kubernetes_executor example DAG requires the kubernetes provider. Please install it with: pip install apache-airflow[cncf.kubernetes]
[2025-03-21T21:13:36.571+0000] {processor.py:927} WARNING - No viable dags retrieved from /home/usmail/sys_fraud/sys_detection_frauds/lib/python3.12/site-packages/airflow/example_dags/example_kubernetes_executor.py
[2025-03-21T21:13:36.579+0000] {processor.py:208} INFO - Processing /home/usmail/sys_fraud/sys_detection_frauds/lib/python3.12/site-packages/airflow/example_dags/example_kubernetes_executor.py took 0.027 seconds
[2025-03-21T21:14:29.074+0000] {processor.py:186} INFO - Started process (PID=3744882) to work on /home/usmail/sys_fraud/sys_detection_frauds/lib/python3.12/site-packages/airflow/example_dags/example_kubernetes_executor.py
[2025-03-21T21:14:29.083+0000] {processor.py:914} INFO - Processing file /home/usmail/sys_fraud/sys_detection_frauds/lib/python3.12/site-packages/airflow/example_dags/example_kubernetes_executor.py for tasks to queue
[2025-03-21T21:14:29.087+0000] {logging_mixin.py:190} INFO - [2025-03-21T21:14:29.086+0000] {dagbag.py:588} INFO - Filling up the DagBag from /home/usmail/sys_fraud/sys_detection_frauds/lib/python3.12/site-packages/airflow/example_dags/example_kubernetes_executor.py
[2025-03-21T21:14:29.092+0000] {logging_mixin.py:190} INFO - [2025-03-21T21:14:29.091+0000] {example_kubernetes_executor.py:39} WARNING - The example_kubernetes_executor example DAG requires the kubernetes provider. Please install it with: pip install apache-airflow[cncf.kubernetes]
[2025-03-21T21:14:29.092+0000] {processor.py:927} WARNING - No viable dags retrieved from /home/usmail/sys_fraud/sys_detection_frauds/lib/python3.12/site-packages/airflow/example_dags/example_kubernetes_executor.py
[2025-03-21T21:14:29.106+0000] {processor.py:208} INFO - Processing /home/usmail/sys_fraud/sys_detection_frauds/lib/python3.12/site-packages/airflow/example_dags/example_kubernetes_executor.py took 0.044 seconds
[2025-03-21T21:15:30.739+0000] {processor.py:186} INFO - Started process (PID=3745644) to work on /home/usmail/sys_fraud/sys_detection_frauds/lib/python3.12/site-packages/airflow/example_dags/example_kubernetes_executor.py
[2025-03-21T21:15:30.748+0000] {processor.py:914} INFO - Processing file /home/usmail/sys_fraud/sys_detection_frauds/lib/python3.12/site-packages/airflow/example_dags/example_kubernetes_executor.py for tasks to queue
[2025-03-21T21:15:30.751+0000] {logging_mixin.py:190} INFO - [2025-03-21T21:15:30.751+0000] {dagbag.py:588} INFO - Filling up the DagBag from /home/usmail/sys_fraud/sys_detection_frauds/lib/python3.12/site-packages/airflow/example_dags/example_kubernetes_executor.py
[2025-03-21T21:15:30.757+0000] {logging_mixin.py:190} INFO - [2025-03-21T21:15:30.756+0000] {example_kubernetes_executor.py:39} WARNING - The example_kubernetes_executor example DAG requires the kubernetes provider. Please install it with: pip install apache-airflow[cncf.kubernetes]
[2025-03-21T21:15:30.757+0000] {processor.py:927} WARNING - No viable dags retrieved from /home/usmail/sys_fraud/sys_detection_frauds/lib/python3.12/site-packages/airflow/example_dags/example_kubernetes_executor.py
[2025-03-21T21:15:30.771+0000] {processor.py:208} INFO - Processing /home/usmail/sys_fraud/sys_detection_frauds/lib/python3.12/site-packages/airflow/example_dags/example_kubernetes_executor.py took 0.045 seconds
[2025-03-21T21:16:31.077+0000] {processor.py:186} INFO - Started process (PID=3746412) to work on /home/usmail/sys_fraud/sys_detection_frauds/lib/python3.12/site-packages/airflow/example_dags/example_kubernetes_executor.py
[2025-03-21T21:16:31.086+0000] {processor.py:914} INFO - Processing file /home/usmail/sys_fraud/sys_detection_frauds/lib/python3.12/site-packages/airflow/example_dags/example_kubernetes_executor.py for tasks to queue
[2025-03-21T21:16:31.089+0000] {logging_mixin.py:190} INFO - [2025-03-21T21:16:31.088+0000] {dagbag.py:588} INFO - Filling up the DagBag from /home/usmail/sys_fraud/sys_detection_frauds/lib/python3.12/site-packages/airflow/example_dags/example_kubernetes_executor.py
[2025-03-21T21:16:31.094+0000] {logging_mixin.py:190} INFO - [2025-03-21T21:16:31.094+0000] {example_kubernetes_executor.py:39} WARNING - The example_kubernetes_executor example DAG requires the kubernetes provider. Please install it with: pip install apache-airflow[cncf.kubernetes]
[2025-03-21T21:16:31.094+0000] {processor.py:927} WARNING - No viable dags retrieved from /home/usmail/sys_fraud/sys_detection_frauds/lib/python3.12/site-packages/airflow/example_dags/example_kubernetes_executor.py
[2025-03-21T21:16:31.108+0000] {processor.py:208} INFO - Processing /home/usmail/sys_fraud/sys_detection_frauds/lib/python3.12/site-packages/airflow/example_dags/example_kubernetes_executor.py took 0.044 seconds
[2025-03-21T21:17:33.432+0000] {processor.py:186} INFO - Started process (PID=3747186) to work on /home/usmail/sys_fraud/sys_detection_frauds/lib/python3.12/site-packages/airflow/example_dags/example_kubernetes_executor.py
[2025-03-21T21:17:33.441+0000] {processor.py:914} INFO - Processing file /home/usmail/sys_fraud/sys_detection_frauds/lib/python3.12/site-packages/airflow/example_dags/example_kubernetes_executor.py for tasks to queue
[2025-03-21T21:17:33.444+0000] {logging_mixin.py:190} INFO - [2025-03-21T21:17:33.444+0000] {dagbag.py:588} INFO - Filling up the DagBag from /home/usmail/sys_fraud/sys_detection_frauds/lib/python3.12/site-packages/airflow/example_dags/example_kubernetes_executor.py
[2025-03-21T21:17:33.449+0000] {logging_mixin.py:190} INFO - [2025-03-21T21:17:33.449+0000] {example_kubernetes_executor.py:39} WARNING - The example_kubernetes_executor example DAG requires the kubernetes provider. Please install it with: pip install apache-airflow[cncf.kubernetes]
[2025-03-21T21:17:33.450+0000] {processor.py:927} WARNING - No viable dags retrieved from /home/usmail/sys_fraud/sys_detection_frauds/lib/python3.12/site-packages/airflow/example_dags/example_kubernetes_executor.py
[2025-03-21T21:17:33.464+0000] {processor.py:208} INFO - Processing /home/usmail/sys_fraud/sys_detection_frauds/lib/python3.12/site-packages/airflow/example_dags/example_kubernetes_executor.py took 0.045 seconds
[2025-03-21T21:18:38.913+0000] {processor.py:186} INFO - Started process (PID=3747995) to work on /home/usmail/sys_fraud/sys_detection_frauds/lib/python3.12/site-packages/airflow/example_dags/example_kubernetes_executor.py
[2025-03-21T21:18:38.914+0000] {processor.py:914} INFO - Processing file /home/usmail/sys_fraud/sys_detection_frauds/lib/python3.12/site-packages/airflow/example_dags/example_kubernetes_executor.py for tasks to queue
[2025-03-21T21:18:38.917+0000] {logging_mixin.py:190} INFO - [2025-03-21T21:18:38.917+0000] {dagbag.py:588} INFO - Filling up the DagBag from /home/usmail/sys_fraud/sys_detection_frauds/lib/python3.12/site-packages/airflow/example_dags/example_kubernetes_executor.py
[2025-03-21T21:18:38.922+0000] {logging_mixin.py:190} INFO - [2025-03-21T21:18:38.922+0000] {example_kubernetes_executor.py:39} WARNING - The example_kubernetes_executor example DAG requires the kubernetes provider. Please install it with: pip install apache-airflow[cncf.kubernetes]
[2025-03-21T21:18:38.923+0000] {processor.py:927} WARNING - No viable dags retrieved from /home/usmail/sys_fraud/sys_detection_frauds/lib/python3.12/site-packages/airflow/example_dags/example_kubernetes_executor.py
[2025-03-21T21:18:38.937+0000] {processor.py:208} INFO - Processing /home/usmail/sys_fraud/sys_detection_frauds/lib/python3.12/site-packages/airflow/example_dags/example_kubernetes_executor.py took 0.036 seconds
[2025-03-21T21:19:41.802+0000] {processor.py:186} INFO - Started process (PID=3748747) to work on /home/usmail/sys_fraud/sys_detection_frauds/lib/python3.12/site-packages/airflow/example_dags/example_kubernetes_executor.py
[2025-03-21T21:19:41.812+0000] {processor.py:914} INFO - Processing file /home/usmail/sys_fraud/sys_detection_frauds/lib/python3.12/site-packages/airflow/example_dags/example_kubernetes_executor.py for tasks to queue
[2025-03-21T21:19:41.815+0000] {logging_mixin.py:190} INFO - [2025-03-21T21:19:41.814+0000] {dagbag.py:588} INFO - Filling up the DagBag from /home/usmail/sys_fraud/sys_detection_frauds/lib/python3.12/site-packages/airflow/example_dags/example_kubernetes_executor.py
[2025-03-21T21:19:41.820+0000] {logging_mixin.py:190} INFO - [2025-03-21T21:19:41.820+0000] {example_kubernetes_executor.py:39} WARNING - The example_kubernetes_executor example DAG requires the kubernetes provider. Please install it with: pip install apache-airflow[cncf.kubernetes]
[2025-03-21T21:19:41.820+0000] {processor.py:927} WARNING - No viable dags retrieved from /home/usmail/sys_fraud/sys_detection_frauds/lib/python3.12/site-packages/airflow/example_dags/example_kubernetes_executor.py
[2025-03-21T21:19:41.835+0000] {processor.py:208} INFO - Processing /home/usmail/sys_fraud/sys_detection_frauds/lib/python3.12/site-packages/airflow/example_dags/example_kubernetes_executor.py took 0.045 seconds
[2025-03-21T21:20:44.876+0000] {processor.py:186} INFO - Started process (PID=3749514) to work on /home/usmail/sys_fraud/sys_detection_frauds/lib/python3.12/site-packages/airflow/example_dags/example_kubernetes_executor.py
[2025-03-21T21:20:44.885+0000] {processor.py:914} INFO - Processing file /home/usmail/sys_fraud/sys_detection_frauds/lib/python3.12/site-packages/airflow/example_dags/example_kubernetes_executor.py for tasks to queue
[2025-03-21T21:20:44.888+0000] {logging_mixin.py:190} INFO - [2025-03-21T21:20:44.887+0000] {dagbag.py:588} INFO - Filling up the DagBag from /home/usmail/sys_fraud/sys_detection_frauds/lib/python3.12/site-packages/airflow/example_dags/example_kubernetes_executor.py
[2025-03-21T21:20:44.893+0000] {logging_mixin.py:190} INFO - [2025-03-21T21:20:44.893+0000] {example_kubernetes_executor.py:39} WARNING - The example_kubernetes_executor example DAG requires the kubernetes provider. Please install it with: pip install apache-airflow[cncf.kubernetes]
[2025-03-21T21:20:44.893+0000] {processor.py:927} WARNING - No viable dags retrieved from /home/usmail/sys_fraud/sys_detection_frauds/lib/python3.12/site-packages/airflow/example_dags/example_kubernetes_executor.py
[2025-03-21T21:20:44.908+0000] {processor.py:208} INFO - Processing /home/usmail/sys_fraud/sys_detection_frauds/lib/python3.12/site-packages/airflow/example_dags/example_kubernetes_executor.py took 0.043 seconds
[2025-03-21T21:21:50.028+0000] {processor.py:186} INFO - Started process (PID=3750333) to work on /home/usmail/sys_fraud/sys_detection_frauds/lib/python3.12/site-packages/airflow/example_dags/example_kubernetes_executor.py
[2025-03-21T21:21:50.029+0000] {processor.py:914} INFO - Processing file /home/usmail/sys_fraud/sys_detection_frauds/lib/python3.12/site-packages/airflow/example_dags/example_kubernetes_executor.py for tasks to queue
[2025-03-21T21:21:50.032+0000] {logging_mixin.py:190} INFO - [2025-03-21T21:21:50.032+0000] {dagbag.py:588} INFO - Filling up the DagBag from /home/usmail/sys_fraud/sys_detection_frauds/lib/python3.12/site-packages/airflow/example_dags/example_kubernetes_executor.py
[2025-03-21T21:21:50.037+0000] {logging_mixin.py:190} INFO - [2025-03-21T21:21:50.037+0000] {example_kubernetes_executor.py:39} WARNING - The example_kubernetes_executor example DAG requires the kubernetes provider. Please install it with: pip install apache-airflow[cncf.kubernetes]
[2025-03-21T21:21:50.038+0000] {processor.py:927} WARNING - No viable dags retrieved from /home/usmail/sys_fraud/sys_detection_frauds/lib/python3.12/site-packages/airflow/example_dags/example_kubernetes_executor.py
[2025-03-21T21:21:50.051+0000] {processor.py:208} INFO - Processing /home/usmail/sys_fraud/sys_detection_frauds/lib/python3.12/site-packages/airflow/example_dags/example_kubernetes_executor.py took 0.035 seconds
[2025-03-21T21:22:57.783+0000] {processor.py:186} INFO - Started process (PID=3751172) to work on /home/usmail/sys_fraud/sys_detection_frauds/lib/python3.12/site-packages/airflow/example_dags/example_kubernetes_executor.py
[2025-03-21T21:22:57.793+0000] {processor.py:914} INFO - Processing file /home/usmail/sys_fraud/sys_detection_frauds/lib/python3.12/site-packages/airflow/example_dags/example_kubernetes_executor.py for tasks to queue
[2025-03-21T21:22:57.796+0000] {logging_mixin.py:190} INFO - [2025-03-21T21:22:57.795+0000] {dagbag.py:588} INFO - Filling up the DagBag from /home/usmail/sys_fraud/sys_detection_frauds/lib/python3.12/site-packages/airflow/example_dags/example_kubernetes_executor.py
[2025-03-21T21:22:57.801+0000] {logging_mixin.py:190} INFO - [2025-03-21T21:22:57.800+0000] {example_kubernetes_executor.py:39} WARNING - The example_kubernetes_executor example DAG requires the kubernetes provider. Please install it with: pip install apache-airflow[cncf.kubernetes]
[2025-03-21T21:22:57.801+0000] {processor.py:927} WARNING - No viable dags retrieved from /home/usmail/sys_fraud/sys_detection_frauds/lib/python3.12/site-packages/airflow/example_dags/example_kubernetes_executor.py
[2025-03-21T21:22:57.816+0000] {processor.py:208} INFO - Processing /home/usmail/sys_fraud/sys_detection_frauds/lib/python3.12/site-packages/airflow/example_dags/example_kubernetes_executor.py took 0.046 seconds
[2025-03-21T21:23:59.114+0000] {processor.py:186} INFO - Started process (PID=3751902) to work on /home/usmail/sys_fraud/sys_detection_frauds/lib/python3.12/site-packages/airflow/example_dags/example_kubernetes_executor.py
[2025-03-21T21:23:59.123+0000] {processor.py:914} INFO - Processing file /home/usmail/sys_fraud/sys_detection_frauds/lib/python3.12/site-packages/airflow/example_dags/example_kubernetes_executor.py for tasks to queue
[2025-03-21T21:23:59.126+0000] {logging_mixin.py:190} INFO - [2025-03-21T21:23:59.126+0000] {dagbag.py:588} INFO - Filling up the DagBag from /home/usmail/sys_fraud/sys_detection_frauds/lib/python3.12/site-packages/airflow/example_dags/example_kubernetes_executor.py
[2025-03-21T21:23:59.131+0000] {logging_mixin.py:190} INFO - [2025-03-21T21:23:59.131+0000] {example_kubernetes_executor.py:39} WARNING - The example_kubernetes_executor example DAG requires the kubernetes provider. Please install it with: pip install apache-airflow[cncf.kubernetes]
[2025-03-21T21:23:59.132+0000] {processor.py:927} WARNING - No viable dags retrieved from /home/usmail/sys_fraud/sys_detection_frauds/lib/python3.12/site-packages/airflow/example_dags/example_kubernetes_executor.py
[2025-03-21T21:23:59.146+0000] {processor.py:208} INFO - Processing /home/usmail/sys_fraud/sys_detection_frauds/lib/python3.12/site-packages/airflow/example_dags/example_kubernetes_executor.py took 0.044 seconds
[2025-03-21T21:25:02.134+0000] {processor.py:186} INFO - Started process (PID=3752573) to work on /home/usmail/sys_fraud/sys_detection_frauds/lib/python3.12/site-packages/airflow/example_dags/example_kubernetes_executor.py
[2025-03-21T21:25:02.143+0000] {processor.py:914} INFO - Processing file /home/usmail/sys_fraud/sys_detection_frauds/lib/python3.12/site-packages/airflow/example_dags/example_kubernetes_executor.py for tasks to queue
[2025-03-21T21:25:02.147+0000] {logging_mixin.py:190} INFO - [2025-03-21T21:25:02.146+0000] {dagbag.py:588} INFO - Filling up the DagBag from /home/usmail/sys_fraud/sys_detection_frauds/lib/python3.12/site-packages/airflow/example_dags/example_kubernetes_executor.py
[2025-03-21T21:25:02.153+0000] {logging_mixin.py:190} INFO - [2025-03-21T21:25:02.153+0000] {example_kubernetes_executor.py:39} WARNING - The example_kubernetes_executor example DAG requires the kubernetes provider. Please install it with: pip install apache-airflow[cncf.kubernetes]
[2025-03-21T21:25:02.154+0000] {processor.py:927} WARNING - No viable dags retrieved from /home/usmail/sys_fraud/sys_detection_frauds/lib/python3.12/site-packages/airflow/example_dags/example_kubernetes_executor.py
[2025-03-21T21:25:02.170+0000] {processor.py:208} INFO - Processing /home/usmail/sys_fraud/sys_detection_frauds/lib/python3.12/site-packages/airflow/example_dags/example_kubernetes_executor.py took 0.049 seconds
[2025-03-21T21:26:07.356+0000] {processor.py:186} INFO - Started process (PID=3753262) to work on /home/usmail/sys_fraud/sys_detection_frauds/lib/python3.12/site-packages/airflow/example_dags/example_kubernetes_executor.py
[2025-03-21T21:26:07.365+0000] {processor.py:914} INFO - Processing file /home/usmail/sys_fraud/sys_detection_frauds/lib/python3.12/site-packages/airflow/example_dags/example_kubernetes_executor.py for tasks to queue
[2025-03-21T21:26:07.369+0000] {logging_mixin.py:190} INFO - [2025-03-21T21:26:07.368+0000] {dagbag.py:588} INFO - Filling up the DagBag from /home/usmail/sys_fraud/sys_detection_frauds/lib/python3.12/site-packages/airflow/example_dags/example_kubernetes_executor.py
[2025-03-21T21:26:07.374+0000] {logging_mixin.py:190} INFO - [2025-03-21T21:26:07.373+0000] {example_kubernetes_executor.py:39} WARNING - The example_kubernetes_executor example DAG requires the kubernetes provider. Please install it with: pip install apache-airflow[cncf.kubernetes]
[2025-03-21T21:26:07.374+0000] {processor.py:927} WARNING - No viable dags retrieved from /home/usmail/sys_fraud/sys_detection_frauds/lib/python3.12/site-packages/airflow/example_dags/example_kubernetes_executor.py
[2025-03-21T21:26:07.389+0000] {processor.py:208} INFO - Processing /home/usmail/sys_fraud/sys_detection_frauds/lib/python3.12/site-packages/airflow/example_dags/example_kubernetes_executor.py took 0.044 seconds
[2025-03-21T21:27:08.924+0000] {processor.py:186} INFO - Started process (PID=3753899) to work on /home/usmail/sys_fraud/sys_detection_frauds/lib/python3.12/site-packages/airflow/example_dags/example_kubernetes_executor.py
[2025-03-21T21:27:08.933+0000] {processor.py:914} INFO - Processing file /home/usmail/sys_fraud/sys_detection_frauds/lib/python3.12/site-packages/airflow/example_dags/example_kubernetes_executor.py for tasks to queue
[2025-03-21T21:27:08.937+0000] {logging_mixin.py:190} INFO - [2025-03-21T21:27:08.936+0000] {dagbag.py:588} INFO - Filling up the DagBag from /home/usmail/sys_fraud/sys_detection_frauds/lib/python3.12/site-packages/airflow/example_dags/example_kubernetes_executor.py
[2025-03-21T21:27:08.942+0000] {logging_mixin.py:190} INFO - [2025-03-21T21:27:08.941+0000] {example_kubernetes_executor.py:39} WARNING - The example_kubernetes_executor example DAG requires the kubernetes provider. Please install it with: pip install apache-airflow[cncf.kubernetes]
[2025-03-21T21:27:08.942+0000] {processor.py:927} WARNING - No viable dags retrieved from /home/usmail/sys_fraud/sys_detection_frauds/lib/python3.12/site-packages/airflow/example_dags/example_kubernetes_executor.py
[2025-03-21T21:27:08.956+0000] {processor.py:208} INFO - Processing /home/usmail/sys_fraud/sys_detection_frauds/lib/python3.12/site-packages/airflow/example_dags/example_kubernetes_executor.py took 0.044 seconds
[2025-03-21T21:28:12.103+0000] {processor.py:186} INFO - Started process (PID=3754547) to work on /home/usmail/sys_fraud/sys_detection_frauds/lib/python3.12/site-packages/airflow/example_dags/example_kubernetes_executor.py
[2025-03-21T21:28:12.112+0000] {processor.py:914} INFO - Processing file /home/usmail/sys_fraud/sys_detection_frauds/lib/python3.12/site-packages/airflow/example_dags/example_kubernetes_executor.py for tasks to queue
[2025-03-21T21:28:12.115+0000] {logging_mixin.py:190} INFO - [2025-03-21T21:28:12.114+0000] {dagbag.py:588} INFO - Filling up the DagBag from /home/usmail/sys_fraud/sys_detection_frauds/lib/python3.12/site-packages/airflow/example_dags/example_kubernetes_executor.py
[2025-03-21T21:28:12.120+0000] {logging_mixin.py:190} INFO - [2025-03-21T21:28:12.120+0000] {example_kubernetes_executor.py:39} WARNING - The example_kubernetes_executor example DAG requires the kubernetes provider. Please install it with: pip install apache-airflow[cncf.kubernetes]
[2025-03-21T21:28:12.120+0000] {processor.py:927} WARNING - No viable dags retrieved from /home/usmail/sys_fraud/sys_detection_frauds/lib/python3.12/site-packages/airflow/example_dags/example_kubernetes_executor.py
[2025-03-21T21:28:12.134+0000] {processor.py:208} INFO - Processing /home/usmail/sys_fraud/sys_detection_frauds/lib/python3.12/site-packages/airflow/example_dags/example_kubernetes_executor.py took 0.044 seconds
[2025-03-21T21:29:11.642+0000] {processor.py:186} INFO - Started process (PID=3755182) to work on /home/usmail/sys_fraud/sys_detection_frauds/lib/python3.12/site-packages/airflow/example_dags/example_kubernetes_executor.py
[2025-03-21T21:29:11.651+0000] {processor.py:914} INFO - Processing file /home/usmail/sys_fraud/sys_detection_frauds/lib/python3.12/site-packages/airflow/example_dags/example_kubernetes_executor.py for tasks to queue
[2025-03-21T21:29:11.654+0000] {logging_mixin.py:190} INFO - [2025-03-21T21:29:11.654+0000] {dagbag.py:588} INFO - Filling up the DagBag from /home/usmail/sys_fraud/sys_detection_frauds/lib/python3.12/site-packages/airflow/example_dags/example_kubernetes_executor.py
[2025-03-21T21:29:11.659+0000] {logging_mixin.py:190} INFO - [2025-03-21T21:29:11.659+0000] {example_kubernetes_executor.py:39} WARNING - The example_kubernetes_executor example DAG requires the kubernetes provider. Please install it with: pip install apache-airflow[cncf.kubernetes]
[2025-03-21T21:29:11.660+0000] {processor.py:927} WARNING - No viable dags retrieved from /home/usmail/sys_fraud/sys_detection_frauds/lib/python3.12/site-packages/airflow/example_dags/example_kubernetes_executor.py
[2025-03-21T21:29:11.674+0000] {processor.py:208} INFO - Processing /home/usmail/sys_fraud/sys_detection_frauds/lib/python3.12/site-packages/airflow/example_dags/example_kubernetes_executor.py took 0.042 seconds
[2025-03-21T21:30:15.989+0000] {processor.py:186} INFO - Started process (PID=3755878) to work on /home/usmail/sys_fraud/sys_detection_frauds/lib/python3.12/site-packages/airflow/example_dags/example_kubernetes_executor.py
[2025-03-21T21:30:15.998+0000] {processor.py:914} INFO - Processing file /home/usmail/sys_fraud/sys_detection_frauds/lib/python3.12/site-packages/airflow/example_dags/example_kubernetes_executor.py for tasks to queue
[2025-03-21T21:30:16.001+0000] {logging_mixin.py:190} INFO - [2025-03-21T21:30:16.001+0000] {dagbag.py:588} INFO - Filling up the DagBag from /home/usmail/sys_fraud/sys_detection_frauds/lib/python3.12/site-packages/airflow/example_dags/example_kubernetes_executor.py
[2025-03-21T21:30:16.005+0000] {logging_mixin.py:190} INFO - [2025-03-21T21:30:16.005+0000] {example_kubernetes_executor.py:39} WARNING - The example_kubernetes_executor example DAG requires the kubernetes provider. Please install it with: pip install apache-airflow[cncf.kubernetes]
[2025-03-21T21:30:16.005+0000] {processor.py:927} WARNING - No viable dags retrieved from /home/usmail/sys_fraud/sys_detection_frauds/lib/python3.12/site-packages/airflow/example_dags/example_kubernetes_executor.py
[2025-03-21T21:30:16.015+0000] {processor.py:208} INFO - Processing /home/usmail/sys_fraud/sys_detection_frauds/lib/python3.12/site-packages/airflow/example_dags/example_kubernetes_executor.py took 0.037 seconds
[2025-03-21T21:31:23.453+0000] {processor.py:186} INFO - Started process (PID=3756563) to work on /home/usmail/sys_fraud/sys_detection_frauds/lib/python3.12/site-packages/airflow/example_dags/example_kubernetes_executor.py
[2025-03-21T21:31:23.454+0000] {processor.py:914} INFO - Processing file /home/usmail/sys_fraud/sys_detection_frauds/lib/python3.12/site-packages/airflow/example_dags/example_kubernetes_executor.py for tasks to queue
[2025-03-21T21:31:23.457+0000] {logging_mixin.py:190} INFO - [2025-03-21T21:31:23.457+0000] {dagbag.py:588} INFO - Filling up the DagBag from /home/usmail/sys_fraud/sys_detection_frauds/lib/python3.12/site-packages/airflow/example_dags/example_kubernetes_executor.py
[2025-03-21T21:31:23.462+0000] {logging_mixin.py:190} INFO - [2025-03-21T21:31:23.462+0000] {example_kubernetes_executor.py:39} WARNING - The example_kubernetes_executor example DAG requires the kubernetes provider. Please install it with: pip install apache-airflow[cncf.kubernetes]
[2025-03-21T21:31:23.463+0000] {processor.py:927} WARNING - No viable dags retrieved from /home/usmail/sys_fraud/sys_detection_frauds/lib/python3.12/site-packages/airflow/example_dags/example_kubernetes_executor.py
[2025-03-21T21:31:23.477+0000] {processor.py:208} INFO - Processing /home/usmail/sys_fraud/sys_detection_frauds/lib/python3.12/site-packages/airflow/example_dags/example_kubernetes_executor.py took 0.035 seconds
[2025-03-21T21:32:28.683+0000] {processor.py:186} INFO - Started process (PID=3757243) to work on /home/usmail/sys_fraud/sys_detection_frauds/lib/python3.12/site-packages/airflow/example_dags/example_kubernetes_executor.py
[2025-03-21T21:32:28.692+0000] {processor.py:914} INFO - Processing file /home/usmail/sys_fraud/sys_detection_frauds/lib/python3.12/site-packages/airflow/example_dags/example_kubernetes_executor.py for tasks to queue
[2025-03-21T21:32:28.696+0000] {logging_mixin.py:190} INFO - [2025-03-21T21:32:28.695+0000] {dagbag.py:588} INFO - Filling up the DagBag from /home/usmail/sys_fraud/sys_detection_frauds/lib/python3.12/site-packages/airflow/example_dags/example_kubernetes_executor.py
[2025-03-21T21:32:28.701+0000] {logging_mixin.py:190} INFO - [2025-03-21T21:32:28.701+0000] {example_kubernetes_executor.py:39} WARNING - The example_kubernetes_executor example DAG requires the kubernetes provider. Please install it with: pip install apache-airflow[cncf.kubernetes]
[2025-03-21T21:32:28.701+0000] {processor.py:927} WARNING - No viable dags retrieved from /home/usmail/sys_fraud/sys_detection_frauds/lib/python3.12/site-packages/airflow/example_dags/example_kubernetes_executor.py
[2025-03-21T21:32:28.715+0000] {processor.py:208} INFO - Processing /home/usmail/sys_fraud/sys_detection_frauds/lib/python3.12/site-packages/airflow/example_dags/example_kubernetes_executor.py took 0.044 seconds
[2025-03-21T21:33:29.415+0000] {processor.py:186} INFO - Started process (PID=3757884) to work on /home/usmail/sys_fraud/sys_detection_frauds/lib/python3.12/site-packages/airflow/example_dags/example_kubernetes_executor.py
[2025-03-21T21:33:29.416+0000] {processor.py:914} INFO - Processing file /home/usmail/sys_fraud/sys_detection_frauds/lib/python3.12/site-packages/airflow/example_dags/example_kubernetes_executor.py for tasks to queue
[2025-03-21T21:33:29.419+0000] {logging_mixin.py:190} INFO - [2025-03-21T21:33:29.419+0000] {dagbag.py:588} INFO - Filling up the DagBag from /home/usmail/sys_fraud/sys_detection_frauds/lib/python3.12/site-packages/airflow/example_dags/example_kubernetes_executor.py
[2025-03-21T21:33:29.424+0000] {logging_mixin.py:190} INFO - [2025-03-21T21:33:29.424+0000] {example_kubernetes_executor.py:39} WARNING - The example_kubernetes_executor example DAG requires the kubernetes provider. Please install it with: pip install apache-airflow[cncf.kubernetes]
[2025-03-21T21:33:29.425+0000] {processor.py:927} WARNING - No viable dags retrieved from /home/usmail/sys_fraud/sys_detection_frauds/lib/python3.12/site-packages/airflow/example_dags/example_kubernetes_executor.py
[2025-03-21T21:33:29.440+0000] {processor.py:208} INFO - Processing /home/usmail/sys_fraud/sys_detection_frauds/lib/python3.12/site-packages/airflow/example_dags/example_kubernetes_executor.py took 0.038 seconds
[2025-03-21T22:19:47.936+0000] {processor.py:186} INFO - Started process (PID=3758810) to work on /home/usmail/sys_fraud/sys_detection_frauds/lib/python3.12/site-packages/airflow/example_dags/example_kubernetes_executor.py
[2025-03-21T22:19:47.945+0000] {processor.py:914} INFO - Processing file /home/usmail/sys_fraud/sys_detection_frauds/lib/python3.12/site-packages/airflow/example_dags/example_kubernetes_executor.py for tasks to queue
[2025-03-21T22:19:47.948+0000] {logging_mixin.py:190} INFO - [2025-03-21T22:19:47.948+0000] {dagbag.py:588} INFO - Filling up the DagBag from /home/usmail/sys_fraud/sys_detection_frauds/lib/python3.12/site-packages/airflow/example_dags/example_kubernetes_executor.py
[2025-03-21T22:19:47.953+0000] {logging_mixin.py:190} INFO - [2025-03-21T22:19:47.953+0000] {example_kubernetes_executor.py:39} WARNING - The example_kubernetes_executor example DAG requires the kubernetes provider. Please install it with: pip install apache-airflow[cncf.kubernetes]
[2025-03-21T22:19:47.954+0000] {processor.py:927} WARNING - No viable dags retrieved from /home/usmail/sys_fraud/sys_detection_frauds/lib/python3.12/site-packages/airflow/example_dags/example_kubernetes_executor.py
[2025-03-21T22:19:47.968+0000] {processor.py:208} INFO - Processing /home/usmail/sys_fraud/sys_detection_frauds/lib/python3.12/site-packages/airflow/example_dags/example_kubernetes_executor.py took 0.045 seconds
[2025-03-21T22:20:53.120+0000] {processor.py:186} INFO - Started process (PID=3759776) to work on /home/usmail/sys_fraud/sys_detection_frauds/lib/python3.12/site-packages/airflow/example_dags/example_kubernetes_executor.py
[2025-03-21T22:20:53.129+0000] {processor.py:914} INFO - Processing file /home/usmail/sys_fraud/sys_detection_frauds/lib/python3.12/site-packages/airflow/example_dags/example_kubernetes_executor.py for tasks to queue
[2025-03-21T22:20:53.132+0000] {logging_mixin.py:190} INFO - [2025-03-21T22:20:53.131+0000] {dagbag.py:588} INFO - Filling up the DagBag from /home/usmail/sys_fraud/sys_detection_frauds/lib/python3.12/site-packages/airflow/example_dags/example_kubernetes_executor.py
[2025-03-21T22:20:53.136+0000] {logging_mixin.py:190} INFO - [2025-03-21T22:20:53.136+0000] {example_kubernetes_executor.py:39} WARNING - The example_kubernetes_executor example DAG requires the kubernetes provider. Please install it with: pip install apache-airflow[cncf.kubernetes]
[2025-03-21T22:20:53.136+0000] {processor.py:927} WARNING - No viable dags retrieved from /home/usmail/sys_fraud/sys_detection_frauds/lib/python3.12/site-packages/airflow/example_dags/example_kubernetes_executor.py
[2025-03-21T22:20:53.153+0000] {processor.py:208} INFO - Processing /home/usmail/sys_fraud/sys_detection_frauds/lib/python3.12/site-packages/airflow/example_dags/example_kubernetes_executor.py took 0.044 seconds
[2025-03-21T22:21:54.791+0000] {processor.py:186} INFO - Started process (PID=3760657) to work on /home/usmail/sys_fraud/sys_detection_frauds/lib/python3.12/site-packages/airflow/example_dags/example_kubernetes_executor.py
[2025-03-21T22:21:54.800+0000] {processor.py:914} INFO - Processing file /home/usmail/sys_fraud/sys_detection_frauds/lib/python3.12/site-packages/airflow/example_dags/example_kubernetes_executor.py for tasks to queue
[2025-03-21T22:21:54.802+0000] {logging_mixin.py:190} INFO - [2025-03-21T22:21:54.801+0000] {dagbag.py:588} INFO - Filling up the DagBag from /home/usmail/sys_fraud/sys_detection_frauds/lib/python3.12/site-packages/airflow/example_dags/example_kubernetes_executor.py
[2025-03-21T22:21:54.807+0000] {logging_mixin.py:190} INFO - [2025-03-21T22:21:54.806+0000] {example_kubernetes_executor.py:39} WARNING - The example_kubernetes_executor example DAG requires the kubernetes provider. Please install it with: pip install apache-airflow[cncf.kubernetes]
[2025-03-21T22:21:54.807+0000] {processor.py:927} WARNING - No viable dags retrieved from /home/usmail/sys_fraud/sys_detection_frauds/lib/python3.12/site-packages/airflow/example_dags/example_kubernetes_executor.py
[2025-03-21T22:21:54.822+0000] {processor.py:208} INFO - Processing /home/usmail/sys_fraud/sys_detection_frauds/lib/python3.12/site-packages/airflow/example_dags/example_kubernetes_executor.py took 0.044 seconds
