[2025-03-21T20:49:36.607+0000] {processor.py:186} INFO - Started process (PID=3722952) to work on /home/usmail/sys_fraud/sys_detection_frauds/lib/python3.12/site-packages/airflow/example_dags/example_trigger_controller_dag.py
[2025-03-21T20:49:36.607+0000] {processor.py:914} INFO - Processing file /home/usmail/sys_fraud/sys_detection_frauds/lib/python3.12/site-packages/airflow/example_dags/example_trigger_controller_dag.py for tasks to queue
[2025-03-21T20:49:36.610+0000] {logging_mixin.py:190} INFO - [2025-03-21T20:49:36.609+0000] {dagbag.py:588} INFO - Filling up the DagBag from /home/usmail/sys_fraud/sys_detection_frauds/lib/python3.12/site-packages/airflow/example_dags/example_trigger_controller_dag.py
[2025-03-21T20:49:36.616+0000] {processor.py:925} INFO - DAG(s) 'example_trigger_controller_dag' retrieved from /home/usmail/sys_fraud/sys_detection_frauds/lib/python3.12/site-packages/airflow/example_dags/example_trigger_controller_dag.py
[2025-03-21T20:49:36.694+0000] {logging_mixin.py:190} INFO - [2025-03-21T20:49:36.693+0000] {override.py:1912} INFO - Created Permission View: can edit on DAG:example_trigger_controller_dag
[2025-03-21T20:49:36.701+0000] {logging_mixin.py:190} INFO - [2025-03-21T20:49:36.701+0000] {override.py:1912} INFO - Created Permission View: can read on DAG:example_trigger_controller_dag
[2025-03-21T20:49:36.706+0000] {logging_mixin.py:190} INFO - [2025-03-21T20:49:36.706+0000] {override.py:1912} INFO - Created Permission View: can delete on DAG:example_trigger_controller_dag
[2025-03-21T20:49:36.714+0000] {logging_mixin.py:190} INFO - [2025-03-21T20:49:36.714+0000] {override.py:1912} INFO - Created Permission View: can create on DAG Run:example_trigger_controller_dag
[2025-03-21T20:49:36.719+0000] {logging_mixin.py:190} INFO - [2025-03-21T20:49:36.719+0000] {override.py:1912} INFO - Created Permission View: menu access on DAG Run:example_trigger_controller_dag
[2025-03-21T20:49:36.725+0000] {logging_mixin.py:190} INFO - [2025-03-21T20:49:36.725+0000] {override.py:1912} INFO - Created Permission View: can read on DAG Run:example_trigger_controller_dag
[2025-03-21T20:49:36.730+0000] {logging_mixin.py:190} INFO - [2025-03-21T20:49:36.730+0000] {override.py:1912} INFO - Created Permission View: can delete on DAG Run:example_trigger_controller_dag
[2025-03-21T20:49:36.730+0000] {logging_mixin.py:190} INFO - [2025-03-21T20:49:36.730+0000] {dag.py:3239} INFO - Sync 1 DAGs
[2025-03-21T20:49:36.736+0000] {logging_mixin.py:190} INFO - [2025-03-21T20:49:36.736+0000] {dag.py:3262} INFO - Creating ORM DAG for example_trigger_controller_dag
[2025-03-21T20:49:36.741+0000] {logging_mixin.py:190} INFO - [2025-03-21T20:49:36.741+0000] {dag.py:4180} INFO - Setting next_dagrun for example_trigger_controller_dag to 2021-01-01 00:00:00+00:00, run_after=2021-01-01 00:00:00+00:00
[2025-03-21T20:49:36.753+0000] {processor.py:208} INFO - Processing /home/usmail/sys_fraud/sys_detection_frauds/lib/python3.12/site-packages/airflow/example_dags/example_trigger_controller_dag.py took 0.150 seconds
[2025-03-21T20:50:36.557+0000] {processor.py:186} INFO - Started process (PID=3723691) to work on /home/usmail/sys_fraud/sys_detection_frauds/lib/python3.12/site-packages/airflow/example_dags/example_trigger_controller_dag.py
[2025-03-21T20:50:36.566+0000] {processor.py:914} INFO - Processing file /home/usmail/sys_fraud/sys_detection_frauds/lib/python3.12/site-packages/airflow/example_dags/example_trigger_controller_dag.py for tasks to queue
[2025-03-21T20:50:36.568+0000] {logging_mixin.py:190} INFO - [2025-03-21T20:50:36.567+0000] {dagbag.py:588} INFO - Filling up the DagBag from /home/usmail/sys_fraud/sys_detection_frauds/lib/python3.12/site-packages/airflow/example_dags/example_trigger_controller_dag.py
[2025-03-21T20:50:36.574+0000] {processor.py:925} INFO - DAG(s) 'example_trigger_controller_dag' retrieved from /home/usmail/sys_fraud/sys_detection_frauds/lib/python3.12/site-packages/airflow/example_dags/example_trigger_controller_dag.py
[2025-03-21T20:50:36.583+0000] {logging_mixin.py:190} INFO - [2025-03-21T20:50:36.583+0000] {dag.py:3239} INFO - Sync 1 DAGs
[2025-03-21T20:50:36.597+0000] {logging_mixin.py:190} INFO - [2025-03-21T20:50:36.596+0000] {dag.py:4180} INFO - Setting next_dagrun for example_trigger_controller_dag to 2021-01-01 00:00:00+00:00, run_after=2021-01-01 00:00:00+00:00
[2025-03-21T20:50:36.614+0000] {processor.py:208} INFO - Processing /home/usmail/sys_fraud/sys_detection_frauds/lib/python3.12/site-packages/airflow/example_dags/example_trigger_controller_dag.py took 0.061 seconds
[2025-03-21T20:51:31.875+0000] {processor.py:186} INFO - Started process (PID=3724366) to work on /home/usmail/sys_fraud/sys_detection_frauds/lib/python3.12/site-packages/airflow/example_dags/example_trigger_controller_dag.py
[2025-03-21T20:51:31.876+0000] {processor.py:914} INFO - Processing file /home/usmail/sys_fraud/sys_detection_frauds/lib/python3.12/site-packages/airflow/example_dags/example_trigger_controller_dag.py for tasks to queue
[2025-03-21T20:51:31.878+0000] {logging_mixin.py:190} INFO - [2025-03-21T20:51:31.877+0000] {dagbag.py:588} INFO - Filling up the DagBag from /home/usmail/sys_fraud/sys_detection_frauds/lib/python3.12/site-packages/airflow/example_dags/example_trigger_controller_dag.py
[2025-03-21T20:51:31.882+0000] {processor.py:925} INFO - DAG(s) 'example_trigger_controller_dag' retrieved from /home/usmail/sys_fraud/sys_detection_frauds/lib/python3.12/site-packages/airflow/example_dags/example_trigger_controller_dag.py
[2025-03-21T20:51:31.891+0000] {logging_mixin.py:190} INFO - [2025-03-21T20:51:31.891+0000] {dag.py:3239} INFO - Sync 1 DAGs
[2025-03-21T20:51:31.902+0000] {logging_mixin.py:190} INFO - [2025-03-21T20:51:31.902+0000] {dag.py:4180} INFO - Setting next_dagrun for example_trigger_controller_dag to 2021-01-01 00:00:00+00:00, run_after=2021-01-01 00:00:00+00:00
[2025-03-21T20:51:31.913+0000] {processor.py:208} INFO - Processing /home/usmail/sys_fraud/sys_detection_frauds/lib/python3.12/site-packages/airflow/example_dags/example_trigger_controller_dag.py took 0.044 seconds
[2025-03-21T20:52:22.711+0000] {processor.py:186} INFO - Started process (PID=3725008) to work on /home/usmail/sys_fraud/sys_detection_frauds/lib/python3.12/site-packages/airflow/example_dags/example_trigger_controller_dag.py
[2025-03-21T20:52:22.720+0000] {processor.py:914} INFO - Processing file /home/usmail/sys_fraud/sys_detection_frauds/lib/python3.12/site-packages/airflow/example_dags/example_trigger_controller_dag.py for tasks to queue
[2025-03-21T20:52:22.724+0000] {logging_mixin.py:190} INFO - [2025-03-21T20:52:22.723+0000] {dagbag.py:588} INFO - Filling up the DagBag from /home/usmail/sys_fraud/sys_detection_frauds/lib/python3.12/site-packages/airflow/example_dags/example_trigger_controller_dag.py
[2025-03-21T20:52:22.731+0000] {processor.py:925} INFO - DAG(s) 'example_trigger_controller_dag' retrieved from /home/usmail/sys_fraud/sys_detection_frauds/lib/python3.12/site-packages/airflow/example_dags/example_trigger_controller_dag.py
[2025-03-21T20:52:22.743+0000] {logging_mixin.py:190} INFO - [2025-03-21T20:52:22.743+0000] {dag.py:3239} INFO - Sync 1 DAGs
[2025-03-21T20:52:22.758+0000] {logging_mixin.py:190} INFO - [2025-03-21T20:52:22.758+0000] {dag.py:4180} INFO - Setting next_dagrun for example_trigger_controller_dag to 2021-01-01 00:00:00+00:00, run_after=2021-01-01 00:00:00+00:00
[2025-03-21T20:52:22.778+0000] {processor.py:208} INFO - Processing /home/usmail/sys_fraud/sys_detection_frauds/lib/python3.12/site-packages/airflow/example_dags/example_trigger_controller_dag.py took 0.075 seconds
[2025-03-21T20:53:14.938+0000] {processor.py:186} INFO - Started process (PID=3725599) to work on /home/usmail/sys_fraud/sys_detection_frauds/lib/python3.12/site-packages/airflow/example_dags/example_trigger_controller_dag.py
[2025-03-21T20:53:14.947+0000] {processor.py:914} INFO - Processing file /home/usmail/sys_fraud/sys_detection_frauds/lib/python3.12/site-packages/airflow/example_dags/example_trigger_controller_dag.py for tasks to queue
[2025-03-21T20:53:14.951+0000] {logging_mixin.py:190} INFO - [2025-03-21T20:53:14.950+0000] {dagbag.py:588} INFO - Filling up the DagBag from /home/usmail/sys_fraud/sys_detection_frauds/lib/python3.12/site-packages/airflow/example_dags/example_trigger_controller_dag.py
[2025-03-21T20:53:14.958+0000] {processor.py:925} INFO - DAG(s) 'example_trigger_controller_dag' retrieved from /home/usmail/sys_fraud/sys_detection_frauds/lib/python3.12/site-packages/airflow/example_dags/example_trigger_controller_dag.py
[2025-03-21T20:53:14.966+0000] {logging_mixin.py:190} INFO - [2025-03-21T20:53:14.966+0000] {dag.py:3239} INFO - Sync 1 DAGs
[2025-03-21T20:53:14.978+0000] {logging_mixin.py:190} INFO - [2025-03-21T20:53:14.978+0000] {dag.py:4180} INFO - Setting next_dagrun for example_trigger_controller_dag to 2021-01-01 00:00:00+00:00, run_after=2021-01-01 00:00:00+00:00
[2025-03-21T20:53:15.003+0000] {processor.py:208} INFO - Processing /home/usmail/sys_fraud/sys_detection_frauds/lib/python3.12/site-packages/airflow/example_dags/example_trigger_controller_dag.py took 0.074 seconds
[2025-03-21T20:54:09.174+0000] {processor.py:186} INFO - Started process (PID=3726283) to work on /home/usmail/sys_fraud/sys_detection_frauds/lib/python3.12/site-packages/airflow/example_dags/example_trigger_controller_dag.py
[2025-03-21T20:54:09.183+0000] {processor.py:914} INFO - Processing file /home/usmail/sys_fraud/sys_detection_frauds/lib/python3.12/site-packages/airflow/example_dags/example_trigger_controller_dag.py for tasks to queue
[2025-03-21T20:54:09.187+0000] {logging_mixin.py:190} INFO - [2025-03-21T20:54:09.187+0000] {dagbag.py:588} INFO - Filling up the DagBag from /home/usmail/sys_fraud/sys_detection_frauds/lib/python3.12/site-packages/airflow/example_dags/example_trigger_controller_dag.py
[2025-03-21T20:54:09.195+0000] {processor.py:925} INFO - DAG(s) 'example_trigger_controller_dag' retrieved from /home/usmail/sys_fraud/sys_detection_frauds/lib/python3.12/site-packages/airflow/example_dags/example_trigger_controller_dag.py
[2025-03-21T20:54:09.203+0000] {logging_mixin.py:190} INFO - [2025-03-21T20:54:09.203+0000] {dag.py:3239} INFO - Sync 1 DAGs
[2025-03-21T20:54:09.291+0000] {logging_mixin.py:190} INFO - [2025-03-21T20:54:09.291+0000] {dag.py:4180} INFO - Setting next_dagrun for example_trigger_controller_dag to 2021-01-01 00:00:00+00:00, run_after=2021-01-01 00:00:00+00:00
[2025-03-21T20:54:09.313+0000] {processor.py:208} INFO - Processing /home/usmail/sys_fraud/sys_detection_frauds/lib/python3.12/site-packages/airflow/example_dags/example_trigger_controller_dag.py took 0.147 seconds
[2025-03-21T20:55:01.010+0000] {processor.py:186} INFO - Started process (PID=3726927) to work on /home/usmail/sys_fraud/sys_detection_frauds/lib/python3.12/site-packages/airflow/example_dags/example_trigger_controller_dag.py
[2025-03-21T20:55:01.019+0000] {processor.py:914} INFO - Processing file /home/usmail/sys_fraud/sys_detection_frauds/lib/python3.12/site-packages/airflow/example_dags/example_trigger_controller_dag.py for tasks to queue
[2025-03-21T20:55:01.023+0000] {logging_mixin.py:190} INFO - [2025-03-21T20:55:01.022+0000] {dagbag.py:588} INFO - Filling up the DagBag from /home/usmail/sys_fraud/sys_detection_frauds/lib/python3.12/site-packages/airflow/example_dags/example_trigger_controller_dag.py
[2025-03-21T20:55:01.031+0000] {processor.py:925} INFO - DAG(s) 'example_trigger_controller_dag' retrieved from /home/usmail/sys_fraud/sys_detection_frauds/lib/python3.12/site-packages/airflow/example_dags/example_trigger_controller_dag.py
[2025-03-21T20:55:01.040+0000] {logging_mixin.py:190} INFO - [2025-03-21T20:55:01.039+0000] {dag.py:3239} INFO - Sync 1 DAGs
[2025-03-21T20:55:01.053+0000] {logging_mixin.py:190} INFO - [2025-03-21T20:55:01.052+0000] {dag.py:4180} INFO - Setting next_dagrun for example_trigger_controller_dag to 2021-01-01 00:00:00+00:00, run_after=2021-01-01 00:00:00+00:00
[2025-03-21T20:55:01.080+0000] {processor.py:208} INFO - Processing /home/usmail/sys_fraud/sys_detection_frauds/lib/python3.12/site-packages/airflow/example_dags/example_trigger_controller_dag.py took 0.078 seconds
[2025-03-21T20:55:51.313+0000] {processor.py:186} INFO - Started process (PID=3727552) to work on /home/usmail/sys_fraud/sys_detection_frauds/lib/python3.12/site-packages/airflow/example_dags/example_trigger_controller_dag.py
[2025-03-21T20:55:51.321+0000] {processor.py:914} INFO - Processing file /home/usmail/sys_fraud/sys_detection_frauds/lib/python3.12/site-packages/airflow/example_dags/example_trigger_controller_dag.py for tasks to queue
[2025-03-21T20:55:51.326+0000] {logging_mixin.py:190} INFO - [2025-03-21T20:55:51.325+0000] {dagbag.py:588} INFO - Filling up the DagBag from /home/usmail/sys_fraud/sys_detection_frauds/lib/python3.12/site-packages/airflow/example_dags/example_trigger_controller_dag.py
[2025-03-21T20:55:51.335+0000] {processor.py:925} INFO - DAG(s) 'example_trigger_controller_dag' retrieved from /home/usmail/sys_fraud/sys_detection_frauds/lib/python3.12/site-packages/airflow/example_dags/example_trigger_controller_dag.py
[2025-03-21T20:55:51.345+0000] {logging_mixin.py:190} INFO - [2025-03-21T20:55:51.344+0000] {dag.py:3239} INFO - Sync 1 DAGs
[2025-03-21T20:55:51.360+0000] {logging_mixin.py:190} INFO - [2025-03-21T20:55:51.360+0000] {dag.py:4180} INFO - Setting next_dagrun for example_trigger_controller_dag to 2021-01-01 00:00:00+00:00, run_after=2021-01-01 00:00:00+00:00
[2025-03-21T20:55:51.378+0000] {processor.py:208} INFO - Processing /home/usmail/sys_fraud/sys_detection_frauds/lib/python3.12/site-packages/airflow/example_dags/example_trigger_controller_dag.py took 0.070 seconds
[2025-03-21T20:56:41.648+0000] {processor.py:186} INFO - Started process (PID=3728240) to work on /home/usmail/sys_fraud/sys_detection_frauds/lib/python3.12/site-packages/airflow/example_dags/example_trigger_controller_dag.py
[2025-03-21T20:56:41.657+0000] {processor.py:914} INFO - Processing file /home/usmail/sys_fraud/sys_detection_frauds/lib/python3.12/site-packages/airflow/example_dags/example_trigger_controller_dag.py for tasks to queue
[2025-03-21T20:56:41.660+0000] {logging_mixin.py:190} INFO - [2025-03-21T20:56:41.659+0000] {dagbag.py:588} INFO - Filling up the DagBag from /home/usmail/sys_fraud/sys_detection_frauds/lib/python3.12/site-packages/airflow/example_dags/example_trigger_controller_dag.py
[2025-03-21T20:56:41.664+0000] {processor.py:925} INFO - DAG(s) 'example_trigger_controller_dag' retrieved from /home/usmail/sys_fraud/sys_detection_frauds/lib/python3.12/site-packages/airflow/example_dags/example_trigger_controller_dag.py
[2025-03-21T20:56:41.673+0000] {logging_mixin.py:190} INFO - [2025-03-21T20:56:41.672+0000] {dag.py:3239} INFO - Sync 1 DAGs
[2025-03-21T20:56:41.684+0000] {logging_mixin.py:190} INFO - [2025-03-21T20:56:41.684+0000] {dag.py:4180} INFO - Setting next_dagrun for example_trigger_controller_dag to 2021-01-01 00:00:00+00:00, run_after=2021-01-01 00:00:00+00:00
[2025-03-21T20:56:41.698+0000] {processor.py:208} INFO - Processing /home/usmail/sys_fraud/sys_detection_frauds/lib/python3.12/site-packages/airflow/example_dags/example_trigger_controller_dag.py took 0.057 seconds
[2025-03-21T20:57:36.488+0000] {processor.py:186} INFO - Started process (PID=3729014) to work on /home/usmail/sys_fraud/sys_detection_frauds/lib/python3.12/site-packages/airflow/example_dags/example_trigger_controller_dag.py
[2025-03-21T20:57:36.497+0000] {processor.py:914} INFO - Processing file /home/usmail/sys_fraud/sys_detection_frauds/lib/python3.12/site-packages/airflow/example_dags/example_trigger_controller_dag.py for tasks to queue
[2025-03-21T20:57:36.501+0000] {logging_mixin.py:190} INFO - [2025-03-21T20:57:36.500+0000] {dagbag.py:588} INFO - Filling up the DagBag from /home/usmail/sys_fraud/sys_detection_frauds/lib/python3.12/site-packages/airflow/example_dags/example_trigger_controller_dag.py
[2025-03-21T20:57:36.507+0000] {processor.py:925} INFO - DAG(s) 'example_trigger_controller_dag' retrieved from /home/usmail/sys_fraud/sys_detection_frauds/lib/python3.12/site-packages/airflow/example_dags/example_trigger_controller_dag.py
[2025-03-21T20:57:36.516+0000] {logging_mixin.py:190} INFO - [2025-03-21T20:57:36.516+0000] {dag.py:3239} INFO - Sync 1 DAGs
[2025-03-21T20:57:36.527+0000] {logging_mixin.py:190} INFO - [2025-03-21T20:57:36.527+0000] {dag.py:4180} INFO - Setting next_dagrun for example_trigger_controller_dag to 2021-01-01 00:00:00+00:00, run_after=2021-01-01 00:00:00+00:00
[2025-03-21T20:57:36.540+0000] {processor.py:208} INFO - Processing /home/usmail/sys_fraud/sys_detection_frauds/lib/python3.12/site-packages/airflow/example_dags/example_trigger_controller_dag.py took 0.060 seconds
[2025-03-21T20:58:26.742+0000] {processor.py:186} INFO - Started process (PID=3729551) to work on /home/usmail/sys_fraud/sys_detection_frauds/lib/python3.12/site-packages/airflow/example_dags/example_trigger_controller_dag.py
[2025-03-21T20:58:26.751+0000] {processor.py:914} INFO - Processing file /home/usmail/sys_fraud/sys_detection_frauds/lib/python3.12/site-packages/airflow/example_dags/example_trigger_controller_dag.py for tasks to queue
[2025-03-21T20:58:26.755+0000] {logging_mixin.py:190} INFO - [2025-03-21T20:58:26.755+0000] {dagbag.py:588} INFO - Filling up the DagBag from /home/usmail/sys_fraud/sys_detection_frauds/lib/python3.12/site-packages/airflow/example_dags/example_trigger_controller_dag.py
[2025-03-21T20:58:26.764+0000] {processor.py:925} INFO - DAG(s) 'example_trigger_controller_dag' retrieved from /home/usmail/sys_fraud/sys_detection_frauds/lib/python3.12/site-packages/airflow/example_dags/example_trigger_controller_dag.py
[2025-03-21T20:58:26.774+0000] {logging_mixin.py:190} INFO - [2025-03-21T20:58:26.774+0000] {dag.py:3239} INFO - Sync 1 DAGs
[2025-03-21T20:58:26.785+0000] {logging_mixin.py:190} INFO - [2025-03-21T20:58:26.785+0000] {dag.py:4180} INFO - Setting next_dagrun for example_trigger_controller_dag to 2021-01-01 00:00:00+00:00, run_after=2021-01-01 00:00:00+00:00
[2025-03-21T20:58:26.799+0000] {processor.py:208} INFO - Processing /home/usmail/sys_fraud/sys_detection_frauds/lib/python3.12/site-packages/airflow/example_dags/example_trigger_controller_dag.py took 0.061 seconds
[2025-03-21T20:59:29.793+0000] {processor.py:186} INFO - Started process (PID=3730475) to work on /home/usmail/sys_fraud/sys_detection_frauds/lib/python3.12/site-packages/airflow/example_dags/example_trigger_controller_dag.py
[2025-03-21T20:59:29.802+0000] {processor.py:914} INFO - Processing file /home/usmail/sys_fraud/sys_detection_frauds/lib/python3.12/site-packages/airflow/example_dags/example_trigger_controller_dag.py for tasks to queue
[2025-03-21T20:59:29.803+0000] {logging_mixin.py:190} INFO - [2025-03-21T20:59:29.803+0000] {dagbag.py:588} INFO - Filling up the DagBag from /home/usmail/sys_fraud/sys_detection_frauds/lib/python3.12/site-packages/airflow/example_dags/example_trigger_controller_dag.py
[2025-03-21T20:59:29.808+0000] {processor.py:925} INFO - DAG(s) 'example_trigger_controller_dag' retrieved from /home/usmail/sys_fraud/sys_detection_frauds/lib/python3.12/site-packages/airflow/example_dags/example_trigger_controller_dag.py
[2025-03-21T20:59:29.818+0000] {logging_mixin.py:190} INFO - [2025-03-21T20:59:29.818+0000] {dag.py:3239} INFO - Sync 1 DAGs
[2025-03-21T20:59:29.832+0000] {logging_mixin.py:190} INFO - [2025-03-21T20:59:29.831+0000] {dag.py:4180} INFO - Setting next_dagrun for example_trigger_controller_dag to 2021-01-01 00:00:00+00:00, run_after=2021-01-01 00:00:00+00:00
[2025-03-21T20:59:29.845+0000] {processor.py:208} INFO - Processing /home/usmail/sys_fraud/sys_detection_frauds/lib/python3.12/site-packages/airflow/example_dags/example_trigger_controller_dag.py took 0.055 seconds
[2025-03-21T21:00:25.365+0000] {processor.py:186} INFO - Started process (PID=3731193) to work on /home/usmail/sys_fraud/sys_detection_frauds/lib/python3.12/site-packages/airflow/example_dags/example_trigger_controller_dag.py
[2025-03-21T21:00:25.375+0000] {processor.py:914} INFO - Processing file /home/usmail/sys_fraud/sys_detection_frauds/lib/python3.12/site-packages/airflow/example_dags/example_trigger_controller_dag.py for tasks to queue
[2025-03-21T21:00:25.378+0000] {logging_mixin.py:190} INFO - [2025-03-21T21:00:25.377+0000] {dagbag.py:588} INFO - Filling up the DagBag from /home/usmail/sys_fraud/sys_detection_frauds/lib/python3.12/site-packages/airflow/example_dags/example_trigger_controller_dag.py
[2025-03-21T21:00:25.385+0000] {processor.py:925} INFO - DAG(s) 'example_trigger_controller_dag' retrieved from /home/usmail/sys_fraud/sys_detection_frauds/lib/python3.12/site-packages/airflow/example_dags/example_trigger_controller_dag.py
[2025-03-21T21:00:25.394+0000] {logging_mixin.py:190} INFO - [2025-03-21T21:00:25.394+0000] {dag.py:3239} INFO - Sync 1 DAGs
[2025-03-21T21:00:25.406+0000] {logging_mixin.py:190} INFO - [2025-03-21T21:00:25.405+0000] {dag.py:4180} INFO - Setting next_dagrun for example_trigger_controller_dag to 2021-01-01 00:00:00+00:00, run_after=2021-01-01 00:00:00+00:00
[2025-03-21T21:00:25.423+0000] {processor.py:208} INFO - Processing /home/usmail/sys_fraud/sys_detection_frauds/lib/python3.12/site-packages/airflow/example_dags/example_trigger_controller_dag.py took 0.065 seconds
[2025-03-21T21:01:19.473+0000] {processor.py:186} INFO - Started process (PID=3731896) to work on /home/usmail/sys_fraud/sys_detection_frauds/lib/python3.12/site-packages/airflow/example_dags/example_trigger_controller_dag.py
[2025-03-21T21:01:19.481+0000] {processor.py:914} INFO - Processing file /home/usmail/sys_fraud/sys_detection_frauds/lib/python3.12/site-packages/airflow/example_dags/example_trigger_controller_dag.py for tasks to queue
[2025-03-21T21:01:19.482+0000] {logging_mixin.py:190} INFO - [2025-03-21T21:01:19.482+0000] {dagbag.py:588} INFO - Filling up the DagBag from /home/usmail/sys_fraud/sys_detection_frauds/lib/python3.12/site-packages/airflow/example_dags/example_trigger_controller_dag.py
[2025-03-21T21:01:19.486+0000] {processor.py:925} INFO - DAG(s) 'example_trigger_controller_dag' retrieved from /home/usmail/sys_fraud/sys_detection_frauds/lib/python3.12/site-packages/airflow/example_dags/example_trigger_controller_dag.py
[2025-03-21T21:01:19.494+0000] {logging_mixin.py:190} INFO - [2025-03-21T21:01:19.494+0000] {dag.py:3239} INFO - Sync 1 DAGs
[2025-03-21T21:01:19.506+0000] {logging_mixin.py:190} INFO - [2025-03-21T21:01:19.506+0000] {dag.py:4180} INFO - Setting next_dagrun for example_trigger_controller_dag to 2021-01-01 00:00:00+00:00, run_after=2021-01-01 00:00:00+00:00
[2025-03-21T21:01:19.529+0000] {processor.py:208} INFO - Processing /home/usmail/sys_fraud/sys_detection_frauds/lib/python3.12/site-packages/airflow/example_dags/example_trigger_controller_dag.py took 0.059 seconds
[2025-03-21T21:02:14.306+0000] {processor.py:186} INFO - Started process (PID=3732578) to work on /home/usmail/sys_fraud/sys_detection_frauds/lib/python3.12/site-packages/airflow/example_dags/example_trigger_controller_dag.py
[2025-03-21T21:02:14.307+0000] {processor.py:914} INFO - Processing file /home/usmail/sys_fraud/sys_detection_frauds/lib/python3.12/site-packages/airflow/example_dags/example_trigger_controller_dag.py for tasks to queue
[2025-03-21T21:02:14.309+0000] {logging_mixin.py:190} INFO - [2025-03-21T21:02:14.308+0000] {dagbag.py:588} INFO - Filling up the DagBag from /home/usmail/sys_fraud/sys_detection_frauds/lib/python3.12/site-packages/airflow/example_dags/example_trigger_controller_dag.py
[2025-03-21T21:02:14.313+0000] {processor.py:925} INFO - DAG(s) 'example_trigger_controller_dag' retrieved from /home/usmail/sys_fraud/sys_detection_frauds/lib/python3.12/site-packages/airflow/example_dags/example_trigger_controller_dag.py
[2025-03-21T21:02:14.323+0000] {logging_mixin.py:190} INFO - [2025-03-21T21:02:14.322+0000] {dag.py:3239} INFO - Sync 1 DAGs
[2025-03-21T21:02:14.337+0000] {logging_mixin.py:190} INFO - [2025-03-21T21:02:14.336+0000] {dag.py:4180} INFO - Setting next_dagrun for example_trigger_controller_dag to 2021-01-01 00:00:00+00:00, run_after=2021-01-01 00:00:00+00:00
[2025-03-21T21:02:14.351+0000] {processor.py:208} INFO - Processing /home/usmail/sys_fraud/sys_detection_frauds/lib/python3.12/site-packages/airflow/example_dags/example_trigger_controller_dag.py took 0.048 seconds
[2025-03-21T21:03:07.748+0000] {processor.py:186} INFO - Started process (PID=3733202) to work on /home/usmail/sys_fraud/sys_detection_frauds/lib/python3.12/site-packages/airflow/example_dags/example_trigger_controller_dag.py
[2025-03-21T21:03:07.757+0000] {processor.py:914} INFO - Processing file /home/usmail/sys_fraud/sys_detection_frauds/lib/python3.12/site-packages/airflow/example_dags/example_trigger_controller_dag.py for tasks to queue
[2025-03-21T21:03:07.761+0000] {logging_mixin.py:190} INFO - [2025-03-21T21:03:07.760+0000] {dagbag.py:588} INFO - Filling up the DagBag from /home/usmail/sys_fraud/sys_detection_frauds/lib/python3.12/site-packages/airflow/example_dags/example_trigger_controller_dag.py
[2025-03-21T21:03:07.769+0000] {processor.py:925} INFO - DAG(s) 'example_trigger_controller_dag' retrieved from /home/usmail/sys_fraud/sys_detection_frauds/lib/python3.12/site-packages/airflow/example_dags/example_trigger_controller_dag.py
[2025-03-21T21:03:07.777+0000] {logging_mixin.py:190} INFO - [2025-03-21T21:03:07.777+0000] {dag.py:3239} INFO - Sync 1 DAGs
[2025-03-21T21:03:07.789+0000] {logging_mixin.py:190} INFO - [2025-03-21T21:03:07.788+0000] {dag.py:4180} INFO - Setting next_dagrun for example_trigger_controller_dag to 2021-01-01 00:00:00+00:00, run_after=2021-01-01 00:00:00+00:00
[2025-03-21T21:03:07.801+0000] {processor.py:208} INFO - Processing /home/usmail/sys_fraud/sys_detection_frauds/lib/python3.12/site-packages/airflow/example_dags/example_trigger_controller_dag.py took 0.062 seconds
[2025-03-21T21:04:01.295+0000] {processor.py:186} INFO - Started process (PID=3733914) to work on /home/usmail/sys_fraud/sys_detection_frauds/lib/python3.12/site-packages/airflow/example_dags/example_trigger_controller_dag.py
[2025-03-21T21:04:01.304+0000] {processor.py:914} INFO - Processing file /home/usmail/sys_fraud/sys_detection_frauds/lib/python3.12/site-packages/airflow/example_dags/example_trigger_controller_dag.py for tasks to queue
[2025-03-21T21:04:01.308+0000] {logging_mixin.py:190} INFO - [2025-03-21T21:04:01.307+0000] {dagbag.py:588} INFO - Filling up the DagBag from /home/usmail/sys_fraud/sys_detection_frauds/lib/python3.12/site-packages/airflow/example_dags/example_trigger_controller_dag.py
[2025-03-21T21:04:01.315+0000] {processor.py:925} INFO - DAG(s) 'example_trigger_controller_dag' retrieved from /home/usmail/sys_fraud/sys_detection_frauds/lib/python3.12/site-packages/airflow/example_dags/example_trigger_controller_dag.py
[2025-03-21T21:04:01.323+0000] {logging_mixin.py:190} INFO - [2025-03-21T21:04:01.323+0000] {dag.py:3239} INFO - Sync 1 DAGs
[2025-03-21T21:04:01.426+0000] {logging_mixin.py:190} INFO - [2025-03-21T21:04:01.425+0000] {dag.py:4180} INFO - Setting next_dagrun for example_trigger_controller_dag to 2021-01-01 00:00:00+00:00, run_after=2021-01-01 00:00:00+00:00
[2025-03-21T21:04:01.453+0000] {processor.py:208} INFO - Processing /home/usmail/sys_fraud/sys_detection_frauds/lib/python3.12/site-packages/airflow/example_dags/example_trigger_controller_dag.py took 0.163 seconds
[2025-03-21T21:04:59.643+0000] {processor.py:186} INFO - Started process (PID=3734770) to work on /home/usmail/sys_fraud/sys_detection_frauds/lib/python3.12/site-packages/airflow/example_dags/example_trigger_controller_dag.py
[2025-03-21T21:04:59.644+0000] {processor.py:914} INFO - Processing file /home/usmail/sys_fraud/sys_detection_frauds/lib/python3.12/site-packages/airflow/example_dags/example_trigger_controller_dag.py for tasks to queue
[2025-03-21T21:04:59.645+0000] {logging_mixin.py:190} INFO - [2025-03-21T21:04:59.645+0000] {dagbag.py:588} INFO - Filling up the DagBag from /home/usmail/sys_fraud/sys_detection_frauds/lib/python3.12/site-packages/airflow/example_dags/example_trigger_controller_dag.py
[2025-03-21T21:04:59.650+0000] {processor.py:925} INFO - DAG(s) 'example_trigger_controller_dag' retrieved from /home/usmail/sys_fraud/sys_detection_frauds/lib/python3.12/site-packages/airflow/example_dags/example_trigger_controller_dag.py
[2025-03-21T21:04:59.658+0000] {logging_mixin.py:190} INFO - [2025-03-21T21:04:59.658+0000] {dag.py:3239} INFO - Sync 1 DAGs
[2025-03-21T21:04:59.670+0000] {logging_mixin.py:190} INFO - [2025-03-21T21:04:59.669+0000] {dag.py:4180} INFO - Setting next_dagrun for example_trigger_controller_dag to 2021-01-01 00:00:00+00:00, run_after=2021-01-01 00:00:00+00:00
[2025-03-21T21:04:59.683+0000] {processor.py:208} INFO - Processing /home/usmail/sys_fraud/sys_detection_frauds/lib/python3.12/site-packages/airflow/example_dags/example_trigger_controller_dag.py took 0.045 seconds
[2025-03-21T21:05:51.790+0000] {processor.py:186} INFO - Started process (PID=3735593) to work on /home/usmail/sys_fraud/sys_detection_frauds/lib/python3.12/site-packages/airflow/example_dags/example_trigger_controller_dag.py
[2025-03-21T21:05:51.799+0000] {processor.py:914} INFO - Processing file /home/usmail/sys_fraud/sys_detection_frauds/lib/python3.12/site-packages/airflow/example_dags/example_trigger_controller_dag.py for tasks to queue
[2025-03-21T21:05:51.801+0000] {logging_mixin.py:190} INFO - [2025-03-21T21:05:51.801+0000] {dagbag.py:588} INFO - Filling up the DagBag from /home/usmail/sys_fraud/sys_detection_frauds/lib/python3.12/site-packages/airflow/example_dags/example_trigger_controller_dag.py
[2025-03-21T21:05:51.808+0000] {processor.py:925} INFO - DAG(s) 'example_trigger_controller_dag' retrieved from /home/usmail/sys_fraud/sys_detection_frauds/lib/python3.12/site-packages/airflow/example_dags/example_trigger_controller_dag.py
[2025-03-21T21:05:51.817+0000] {logging_mixin.py:190} INFO - [2025-03-21T21:05:51.817+0000] {dag.py:3239} INFO - Sync 1 DAGs
[2025-03-21T21:05:51.828+0000] {logging_mixin.py:190} INFO - [2025-03-21T21:05:51.828+0000] {dag.py:4180} INFO - Setting next_dagrun for example_trigger_controller_dag to 2021-01-01 00:00:00+00:00, run_after=2021-01-01 00:00:00+00:00
[2025-03-21T21:05:51.856+0000] {processor.py:208} INFO - Processing /home/usmail/sys_fraud/sys_detection_frauds/lib/python3.12/site-packages/airflow/example_dags/example_trigger_controller_dag.py took 0.073 seconds
[2025-03-21T21:06:45.618+0000] {processor.py:186} INFO - Started process (PID=3736893) to work on /home/usmail/sys_fraud/sys_detection_frauds/lib/python3.12/site-packages/airflow/example_dags/example_trigger_controller_dag.py
[2025-03-21T21:06:45.627+0000] {processor.py:914} INFO - Processing file /home/usmail/sys_fraud/sys_detection_frauds/lib/python3.12/site-packages/airflow/example_dags/example_trigger_controller_dag.py for tasks to queue
[2025-03-21T21:06:45.630+0000] {logging_mixin.py:190} INFO - [2025-03-21T21:06:45.629+0000] {dagbag.py:588} INFO - Filling up the DagBag from /home/usmail/sys_fraud/sys_detection_frauds/lib/python3.12/site-packages/airflow/example_dags/example_trigger_controller_dag.py
[2025-03-21T21:06:45.636+0000] {processor.py:925} INFO - DAG(s) 'example_trigger_controller_dag' retrieved from /home/usmail/sys_fraud/sys_detection_frauds/lib/python3.12/site-packages/airflow/example_dags/example_trigger_controller_dag.py
[2025-03-21T21:06:45.644+0000] {logging_mixin.py:190} INFO - [2025-03-21T21:06:45.644+0000] {dag.py:3239} INFO - Sync 1 DAGs
[2025-03-21T21:06:45.655+0000] {logging_mixin.py:190} INFO - [2025-03-21T21:06:45.655+0000] {dag.py:4180} INFO - Setting next_dagrun for example_trigger_controller_dag to 2021-01-01 00:00:00+00:00, run_after=2021-01-01 00:00:00+00:00
[2025-03-21T21:06:45.668+0000] {processor.py:208} INFO - Processing /home/usmail/sys_fraud/sys_detection_frauds/lib/python3.12/site-packages/airflow/example_dags/example_trigger_controller_dag.py took 0.054 seconds
[2025-03-21T21:07:35.368+0000] {processor.py:186} INFO - Started process (PID=3737537) to work on /home/usmail/sys_fraud/sys_detection_frauds/lib/python3.12/site-packages/airflow/example_dags/example_trigger_controller_dag.py
[2025-03-21T21:07:35.376+0000] {processor.py:914} INFO - Processing file /home/usmail/sys_fraud/sys_detection_frauds/lib/python3.12/site-packages/airflow/example_dags/example_trigger_controller_dag.py for tasks to queue
[2025-03-21T21:07:35.380+0000] {logging_mixin.py:190} INFO - [2025-03-21T21:07:35.379+0000] {dagbag.py:588} INFO - Filling up the DagBag from /home/usmail/sys_fraud/sys_detection_frauds/lib/python3.12/site-packages/airflow/example_dags/example_trigger_controller_dag.py
[2025-03-21T21:07:35.387+0000] {processor.py:925} INFO - DAG(s) 'example_trigger_controller_dag' retrieved from /home/usmail/sys_fraud/sys_detection_frauds/lib/python3.12/site-packages/airflow/example_dags/example_trigger_controller_dag.py
[2025-03-21T21:07:35.396+0000] {logging_mixin.py:190} INFO - [2025-03-21T21:07:35.395+0000] {dag.py:3239} INFO - Sync 1 DAGs
[2025-03-21T21:07:35.411+0000] {logging_mixin.py:190} INFO - [2025-03-21T21:07:35.411+0000] {dag.py:4180} INFO - Setting next_dagrun for example_trigger_controller_dag to 2021-01-01 00:00:00+00:00, run_after=2021-01-01 00:00:00+00:00
[2025-03-21T21:07:35.431+0000] {processor.py:208} INFO - Processing /home/usmail/sys_fraud/sys_detection_frauds/lib/python3.12/site-packages/airflow/example_dags/example_trigger_controller_dag.py took 0.069 seconds
[2025-03-21T21:08:29.864+0000] {processor.py:186} INFO - Started process (PID=3738256) to work on /home/usmail/sys_fraud/sys_detection_frauds/lib/python3.12/site-packages/airflow/example_dags/example_trigger_controller_dag.py
[2025-03-21T21:08:29.873+0000] {processor.py:914} INFO - Processing file /home/usmail/sys_fraud/sys_detection_frauds/lib/python3.12/site-packages/airflow/example_dags/example_trigger_controller_dag.py for tasks to queue
[2025-03-21T21:08:29.876+0000] {logging_mixin.py:190} INFO - [2025-03-21T21:08:29.876+0000] {dagbag.py:588} INFO - Filling up the DagBag from /home/usmail/sys_fraud/sys_detection_frauds/lib/python3.12/site-packages/airflow/example_dags/example_trigger_controller_dag.py
[2025-03-21T21:08:29.888+0000] {processor.py:925} INFO - DAG(s) 'example_trigger_controller_dag' retrieved from /home/usmail/sys_fraud/sys_detection_frauds/lib/python3.12/site-packages/airflow/example_dags/example_trigger_controller_dag.py
[2025-03-21T21:08:29.910+0000] {logging_mixin.py:190} INFO - [2025-03-21T21:08:29.910+0000] {dag.py:3239} INFO - Sync 1 DAGs
[2025-03-21T21:08:29.934+0000] {logging_mixin.py:190} INFO - [2025-03-21T21:08:29.934+0000] {dag.py:4180} INFO - Setting next_dagrun for example_trigger_controller_dag to 2021-01-01 00:00:00+00:00, run_after=2021-01-01 00:00:00+00:00
[2025-03-21T21:08:29.950+0000] {processor.py:208} INFO - Processing /home/usmail/sys_fraud/sys_detection_frauds/lib/python3.12/site-packages/airflow/example_dags/example_trigger_controller_dag.py took 0.099 seconds
[2025-03-21T21:09:27.539+0000] {processor.py:186} INFO - Started process (PID=3739083) to work on /home/usmail/sys_fraud/sys_detection_frauds/lib/python3.12/site-packages/airflow/example_dags/example_trigger_controller_dag.py
[2025-03-21T21:09:27.543+0000] {processor.py:914} INFO - Processing file /home/usmail/sys_fraud/sys_detection_frauds/lib/python3.12/site-packages/airflow/example_dags/example_trigger_controller_dag.py for tasks to queue
[2025-03-21T21:09:27.547+0000] {logging_mixin.py:190} INFO - [2025-03-21T21:09:27.546+0000] {dagbag.py:588} INFO - Filling up the DagBag from /home/usmail/sys_fraud/sys_detection_frauds/lib/python3.12/site-packages/airflow/example_dags/example_trigger_controller_dag.py
[2025-03-21T21:09:27.557+0000] {processor.py:925} INFO - DAG(s) 'example_trigger_controller_dag' retrieved from /home/usmail/sys_fraud/sys_detection_frauds/lib/python3.12/site-packages/airflow/example_dags/example_trigger_controller_dag.py
[2025-03-21T21:09:27.578+0000] {logging_mixin.py:190} INFO - [2025-03-21T21:09:27.577+0000] {dag.py:3239} INFO - Sync 1 DAGs
[2025-03-21T21:09:27.604+0000] {logging_mixin.py:190} INFO - [2025-03-21T21:09:27.603+0000] {dag.py:4180} INFO - Setting next_dagrun for example_trigger_controller_dag to 2021-01-01 00:00:00+00:00, run_after=2021-01-01 00:00:00+00:00
[2025-03-21T21:09:27.622+0000] {processor.py:208} INFO - Processing /home/usmail/sys_fraud/sys_detection_frauds/lib/python3.12/site-packages/airflow/example_dags/example_trigger_controller_dag.py took 0.096 seconds
[2025-03-21T21:10:22.019+0000] {processor.py:186} INFO - Started process (PID=3739728) to work on /home/usmail/sys_fraud/sys_detection_frauds/lib/python3.12/site-packages/airflow/example_dags/example_trigger_controller_dag.py
[2025-03-21T21:10:22.028+0000] {processor.py:914} INFO - Processing file /home/usmail/sys_fraud/sys_detection_frauds/lib/python3.12/site-packages/airflow/example_dags/example_trigger_controller_dag.py for tasks to queue
[2025-03-21T21:10:22.031+0000] {logging_mixin.py:190} INFO - [2025-03-21T21:10:22.031+0000] {dagbag.py:588} INFO - Filling up the DagBag from /home/usmail/sys_fraud/sys_detection_frauds/lib/python3.12/site-packages/airflow/example_dags/example_trigger_controller_dag.py
[2025-03-21T21:10:22.042+0000] {processor.py:925} INFO - DAG(s) 'example_trigger_controller_dag' retrieved from /home/usmail/sys_fraud/sys_detection_frauds/lib/python3.12/site-packages/airflow/example_dags/example_trigger_controller_dag.py
[2025-03-21T21:10:22.063+0000] {logging_mixin.py:190} INFO - [2025-03-21T21:10:22.063+0000] {dag.py:3239} INFO - Sync 1 DAGs
[2025-03-21T21:10:22.089+0000] {logging_mixin.py:190} INFO - [2025-03-21T21:10:22.089+0000] {dag.py:4180} INFO - Setting next_dagrun for example_trigger_controller_dag to 2021-01-01 00:00:00+00:00, run_after=2021-01-01 00:00:00+00:00
[2025-03-21T21:10:22.123+0000] {processor.py:208} INFO - Processing /home/usmail/sys_fraud/sys_detection_frauds/lib/python3.12/site-packages/airflow/example_dags/example_trigger_controller_dag.py took 0.117 seconds
[2025-03-21T21:11:21.295+0000] {processor.py:186} INFO - Started process (PID=3741514) to work on /home/usmail/sys_fraud/sys_detection_frauds/lib/python3.12/site-packages/airflow/example_dags/example_trigger_controller_dag.py
[2025-03-21T21:11:21.296+0000] {processor.py:914} INFO - Processing file /home/usmail/sys_fraud/sys_detection_frauds/lib/python3.12/site-packages/airflow/example_dags/example_trigger_controller_dag.py for tasks to queue
[2025-03-21T21:11:21.299+0000] {logging_mixin.py:190} INFO - [2025-03-21T21:11:21.299+0000] {dagbag.py:588} INFO - Filling up the DagBag from /home/usmail/sys_fraud/sys_detection_frauds/lib/python3.12/site-packages/airflow/example_dags/example_trigger_controller_dag.py
[2025-03-21T21:11:21.311+0000] {processor.py:925} INFO - DAG(s) 'example_trigger_controller_dag' retrieved from /home/usmail/sys_fraud/sys_detection_frauds/lib/python3.12/site-packages/airflow/example_dags/example_trigger_controller_dag.py
[2025-03-21T21:11:21.328+0000] {logging_mixin.py:190} INFO - [2025-03-21T21:11:21.328+0000] {dag.py:3239} INFO - Sync 1 DAGs
[2025-03-21T21:11:21.347+0000] {logging_mixin.py:190} INFO - [2025-03-21T21:11:21.347+0000] {dag.py:4180} INFO - Setting next_dagrun for example_trigger_controller_dag to 2021-01-01 00:00:00+00:00, run_after=2021-01-01 00:00:00+00:00
[2025-03-21T21:11:21.364+0000] {processor.py:208} INFO - Processing /home/usmail/sys_fraud/sys_detection_frauds/lib/python3.12/site-packages/airflow/example_dags/example_trigger_controller_dag.py took 0.081 seconds
[2025-03-21T21:12:17.168+0000] {processor.py:186} INFO - Started process (PID=3742636) to work on /home/usmail/sys_fraud/sys_detection_frauds/lib/python3.12/site-packages/airflow/example_dags/example_trigger_controller_dag.py
[2025-03-21T21:12:17.169+0000] {processor.py:914} INFO - Processing file /home/usmail/sys_fraud/sys_detection_frauds/lib/python3.12/site-packages/airflow/example_dags/example_trigger_controller_dag.py for tasks to queue
[2025-03-21T21:12:17.171+0000] {logging_mixin.py:190} INFO - [2025-03-21T21:12:17.171+0000] {dagbag.py:588} INFO - Filling up the DagBag from /home/usmail/sys_fraud/sys_detection_frauds/lib/python3.12/site-packages/airflow/example_dags/example_trigger_controller_dag.py
[2025-03-21T21:12:17.178+0000] {processor.py:925} INFO - DAG(s) 'example_trigger_controller_dag' retrieved from /home/usmail/sys_fraud/sys_detection_frauds/lib/python3.12/site-packages/airflow/example_dags/example_trigger_controller_dag.py
[2025-03-21T21:12:17.189+0000] {logging_mixin.py:190} INFO - [2025-03-21T21:12:17.189+0000] {dag.py:3239} INFO - Sync 1 DAGs
[2025-03-21T21:12:17.205+0000] {logging_mixin.py:190} INFO - [2025-03-21T21:12:17.205+0000] {dag.py:4180} INFO - Setting next_dagrun for example_trigger_controller_dag to 2021-01-01 00:00:00+00:00, run_after=2021-01-01 00:00:00+00:00
[2025-03-21T21:12:17.234+0000] {processor.py:208} INFO - Processing /home/usmail/sys_fraud/sys_detection_frauds/lib/python3.12/site-packages/airflow/example_dags/example_trigger_controller_dag.py took 0.075 seconds
[2025-03-21T21:13:08.607+0000] {processor.py:186} INFO - Started process (PID=3743566) to work on /home/usmail/sys_fraud/sys_detection_frauds/lib/python3.12/site-packages/airflow/example_dags/example_trigger_controller_dag.py
[2025-03-21T21:13:08.614+0000] {processor.py:914} INFO - Processing file /home/usmail/sys_fraud/sys_detection_frauds/lib/python3.12/site-packages/airflow/example_dags/example_trigger_controller_dag.py for tasks to queue
[2025-03-21T21:13:08.616+0000] {logging_mixin.py:190} INFO - [2025-03-21T21:13:08.615+0000] {dagbag.py:588} INFO - Filling up the DagBag from /home/usmail/sys_fraud/sys_detection_frauds/lib/python3.12/site-packages/airflow/example_dags/example_trigger_controller_dag.py
[2025-03-21T21:13:08.621+0000] {processor.py:925} INFO - DAG(s) 'example_trigger_controller_dag' retrieved from /home/usmail/sys_fraud/sys_detection_frauds/lib/python3.12/site-packages/airflow/example_dags/example_trigger_controller_dag.py
[2025-03-21T21:13:08.632+0000] {logging_mixin.py:190} INFO - [2025-03-21T21:13:08.632+0000] {dag.py:3239} INFO - Sync 1 DAGs
[2025-03-21T21:13:08.648+0000] {logging_mixin.py:190} INFO - [2025-03-21T21:13:08.647+0000] {dag.py:4180} INFO - Setting next_dagrun for example_trigger_controller_dag to 2021-01-01 00:00:00+00:00, run_after=2021-01-01 00:00:00+00:00
[2025-03-21T21:13:08.664+0000] {processor.py:208} INFO - Processing /home/usmail/sys_fraud/sys_detection_frauds/lib/python3.12/site-packages/airflow/example_dags/example_trigger_controller_dag.py took 0.063 seconds
[2025-03-21T21:13:59.170+0000] {processor.py:186} INFO - Started process (PID=3744484) to work on /home/usmail/sys_fraud/sys_detection_frauds/lib/python3.12/site-packages/airflow/example_dags/example_trigger_controller_dag.py
[2025-03-21T21:13:59.178+0000] {processor.py:914} INFO - Processing file /home/usmail/sys_fraud/sys_detection_frauds/lib/python3.12/site-packages/airflow/example_dags/example_trigger_controller_dag.py for tasks to queue
[2025-03-21T21:13:59.180+0000] {logging_mixin.py:190} INFO - [2025-03-21T21:13:59.180+0000] {dagbag.py:588} INFO - Filling up the DagBag from /home/usmail/sys_fraud/sys_detection_frauds/lib/python3.12/site-packages/airflow/example_dags/example_trigger_controller_dag.py
[2025-03-21T21:13:59.185+0000] {processor.py:925} INFO - DAG(s) 'example_trigger_controller_dag' retrieved from /home/usmail/sys_fraud/sys_detection_frauds/lib/python3.12/site-packages/airflow/example_dags/example_trigger_controller_dag.py
[2025-03-21T21:13:59.196+0000] {logging_mixin.py:190} INFO - [2025-03-21T21:13:59.195+0000] {dag.py:3239} INFO - Sync 1 DAGs
[2025-03-21T21:13:59.210+0000] {logging_mixin.py:190} INFO - [2025-03-21T21:13:59.210+0000] {dag.py:4180} INFO - Setting next_dagrun for example_trigger_controller_dag to 2021-01-01 00:00:00+00:00, run_after=2021-01-01 00:00:00+00:00
[2025-03-21T21:13:59.226+0000] {processor.py:208} INFO - Processing /home/usmail/sys_fraud/sys_detection_frauds/lib/python3.12/site-packages/airflow/example_dags/example_trigger_controller_dag.py took 0.061 seconds
[2025-03-21T21:14:56.837+0000] {processor.py:186} INFO - Started process (PID=3745232) to work on /home/usmail/sys_fraud/sys_detection_frauds/lib/python3.12/site-packages/airflow/example_dags/example_trigger_controller_dag.py
[2025-03-21T21:14:56.847+0000] {processor.py:914} INFO - Processing file /home/usmail/sys_fraud/sys_detection_frauds/lib/python3.12/site-packages/airflow/example_dags/example_trigger_controller_dag.py for tasks to queue
[2025-03-21T21:14:56.850+0000] {logging_mixin.py:190} INFO - [2025-03-21T21:14:56.849+0000] {dagbag.py:588} INFO - Filling up the DagBag from /home/usmail/sys_fraud/sys_detection_frauds/lib/python3.12/site-packages/airflow/example_dags/example_trigger_controller_dag.py
[2025-03-21T21:14:56.861+0000] {processor.py:925} INFO - DAG(s) 'example_trigger_controller_dag' retrieved from /home/usmail/sys_fraud/sys_detection_frauds/lib/python3.12/site-packages/airflow/example_dags/example_trigger_controller_dag.py
[2025-03-21T21:14:56.883+0000] {logging_mixin.py:190} INFO - [2025-03-21T21:14:56.883+0000] {dag.py:3239} INFO - Sync 1 DAGs
[2025-03-21T21:14:56.908+0000] {logging_mixin.py:190} INFO - [2025-03-21T21:14:56.908+0000] {dag.py:4180} INFO - Setting next_dagrun for example_trigger_controller_dag to 2021-01-01 00:00:00+00:00, run_after=2021-01-01 00:00:00+00:00
[2025-03-21T21:14:56.938+0000] {processor.py:208} INFO - Processing /home/usmail/sys_fraud/sys_detection_frauds/lib/python3.12/site-packages/airflow/example_dags/example_trigger_controller_dag.py took 0.112 seconds
[2025-03-21T21:15:56.120+0000] {processor.py:186} INFO - Started process (PID=3745978) to work on /home/usmail/sys_fraud/sys_detection_frauds/lib/python3.12/site-packages/airflow/example_dags/example_trigger_controller_dag.py
[2025-03-21T21:15:56.131+0000] {processor.py:914} INFO - Processing file /home/usmail/sys_fraud/sys_detection_frauds/lib/python3.12/site-packages/airflow/example_dags/example_trigger_controller_dag.py for tasks to queue
[2025-03-21T21:15:56.134+0000] {logging_mixin.py:190} INFO - [2025-03-21T21:15:56.133+0000] {dagbag.py:588} INFO - Filling up the DagBag from /home/usmail/sys_fraud/sys_detection_frauds/lib/python3.12/site-packages/airflow/example_dags/example_trigger_controller_dag.py
[2025-03-21T21:15:56.144+0000] {processor.py:925} INFO - DAG(s) 'example_trigger_controller_dag' retrieved from /home/usmail/sys_fraud/sys_detection_frauds/lib/python3.12/site-packages/airflow/example_dags/example_trigger_controller_dag.py
[2025-03-21T21:15:56.160+0000] {logging_mixin.py:190} INFO - [2025-03-21T21:15:56.159+0000] {dag.py:3239} INFO - Sync 1 DAGs
[2025-03-21T21:15:56.182+0000] {logging_mixin.py:190} INFO - [2025-03-21T21:15:56.181+0000] {dag.py:4180} INFO - Setting next_dagrun for example_trigger_controller_dag to 2021-01-01 00:00:00+00:00, run_after=2021-01-01 00:00:00+00:00
[2025-03-21T21:15:56.201+0000] {processor.py:208} INFO - Processing /home/usmail/sys_fraud/sys_detection_frauds/lib/python3.12/site-packages/airflow/example_dags/example_trigger_controller_dag.py took 0.090 seconds
[2025-03-21T21:16:59.468+0000] {processor.py:186} INFO - Started process (PID=3746765) to work on /home/usmail/sys_fraud/sys_detection_frauds/lib/python3.12/site-packages/airflow/example_dags/example_trigger_controller_dag.py
[2025-03-21T21:16:59.478+0000] {processor.py:914} INFO - Processing file /home/usmail/sys_fraud/sys_detection_frauds/lib/python3.12/site-packages/airflow/example_dags/example_trigger_controller_dag.py for tasks to queue
[2025-03-21T21:16:59.481+0000] {logging_mixin.py:190} INFO - [2025-03-21T21:16:59.480+0000] {dagbag.py:588} INFO - Filling up the DagBag from /home/usmail/sys_fraud/sys_detection_frauds/lib/python3.12/site-packages/airflow/example_dags/example_trigger_controller_dag.py
[2025-03-21T21:16:59.491+0000] {processor.py:925} INFO - DAG(s) 'example_trigger_controller_dag' retrieved from /home/usmail/sys_fraud/sys_detection_frauds/lib/python3.12/site-packages/airflow/example_dags/example_trigger_controller_dag.py
[2025-03-21T21:16:59.512+0000] {logging_mixin.py:190} INFO - [2025-03-21T21:16:59.511+0000] {dag.py:3239} INFO - Sync 1 DAGs
[2025-03-21T21:16:59.538+0000] {logging_mixin.py:190} INFO - [2025-03-21T21:16:59.537+0000] {dag.py:4180} INFO - Setting next_dagrun for example_trigger_controller_dag to 2021-01-01 00:00:00+00:00, run_after=2021-01-01 00:00:00+00:00
[2025-03-21T21:16:59.560+0000] {processor.py:208} INFO - Processing /home/usmail/sys_fraud/sys_detection_frauds/lib/python3.12/site-packages/airflow/example_dags/example_trigger_controller_dag.py took 0.104 seconds
[2025-03-21T21:18:02.307+0000] {processor.py:186} INFO - Started process (PID=3747552) to work on /home/usmail/sys_fraud/sys_detection_frauds/lib/python3.12/site-packages/airflow/example_dags/example_trigger_controller_dag.py
[2025-03-21T21:18:02.317+0000] {processor.py:914} INFO - Processing file /home/usmail/sys_fraud/sys_detection_frauds/lib/python3.12/site-packages/airflow/example_dags/example_trigger_controller_dag.py for tasks to queue
[2025-03-21T21:18:02.320+0000] {logging_mixin.py:190} INFO - [2025-03-21T21:18:02.319+0000] {dagbag.py:588} INFO - Filling up the DagBag from /home/usmail/sys_fraud/sys_detection_frauds/lib/python3.12/site-packages/airflow/example_dags/example_trigger_controller_dag.py
[2025-03-21T21:18:02.331+0000] {processor.py:925} INFO - DAG(s) 'example_trigger_controller_dag' retrieved from /home/usmail/sys_fraud/sys_detection_frauds/lib/python3.12/site-packages/airflow/example_dags/example_trigger_controller_dag.py
[2025-03-21T21:18:02.352+0000] {logging_mixin.py:190} INFO - [2025-03-21T21:18:02.352+0000] {dag.py:3239} INFO - Sync 1 DAGs
[2025-03-21T21:18:02.378+0000] {logging_mixin.py:190} INFO - [2025-03-21T21:18:02.378+0000] {dag.py:4180} INFO - Setting next_dagrun for example_trigger_controller_dag to 2021-01-01 00:00:00+00:00, run_after=2021-01-01 00:00:00+00:00
[2025-03-21T21:18:02.403+0000] {processor.py:208} INFO - Processing /home/usmail/sys_fraud/sys_detection_frauds/lib/python3.12/site-packages/airflow/example_dags/example_trigger_controller_dag.py took 0.108 seconds
[2025-03-21T21:19:07.616+0000] {processor.py:186} INFO - Started process (PID=3748342) to work on /home/usmail/sys_fraud/sys_detection_frauds/lib/python3.12/site-packages/airflow/example_dags/example_trigger_controller_dag.py
[2025-03-21T21:19:07.625+0000] {processor.py:914} INFO - Processing file /home/usmail/sys_fraud/sys_detection_frauds/lib/python3.12/site-packages/airflow/example_dags/example_trigger_controller_dag.py for tasks to queue
[2025-03-21T21:19:07.627+0000] {logging_mixin.py:190} INFO - [2025-03-21T21:19:07.626+0000] {dagbag.py:588} INFO - Filling up the DagBag from /home/usmail/sys_fraud/sys_detection_frauds/lib/python3.12/site-packages/airflow/example_dags/example_trigger_controller_dag.py
[2025-03-21T21:19:07.633+0000] {processor.py:925} INFO - DAG(s) 'example_trigger_controller_dag' retrieved from /home/usmail/sys_fraud/sys_detection_frauds/lib/python3.12/site-packages/airflow/example_dags/example_trigger_controller_dag.py
[2025-03-21T21:19:07.645+0000] {logging_mixin.py:190} INFO - [2025-03-21T21:19:07.645+0000] {dag.py:3239} INFO - Sync 1 DAGs
[2025-03-21T21:19:07.673+0000] {logging_mixin.py:190} INFO - [2025-03-21T21:19:07.672+0000] {dag.py:4180} INFO - Setting next_dagrun for example_trigger_controller_dag to 2021-01-01 00:00:00+00:00, run_after=2021-01-01 00:00:00+00:00
[2025-03-21T21:19:07.708+0000] {processor.py:208} INFO - Processing /home/usmail/sys_fraud/sys_detection_frauds/lib/python3.12/site-packages/airflow/example_dags/example_trigger_controller_dag.py took 0.100 seconds
[2025-03-21T21:20:10.850+0000] {processor.py:186} INFO - Started process (PID=3749107) to work on /home/usmail/sys_fraud/sys_detection_frauds/lib/python3.12/site-packages/airflow/example_dags/example_trigger_controller_dag.py
[2025-03-21T21:20:10.859+0000] {processor.py:914} INFO - Processing file /home/usmail/sys_fraud/sys_detection_frauds/lib/python3.12/site-packages/airflow/example_dags/example_trigger_controller_dag.py for tasks to queue
[2025-03-21T21:20:10.863+0000] {logging_mixin.py:190} INFO - [2025-03-21T21:20:10.862+0000] {dagbag.py:588} INFO - Filling up the DagBag from /home/usmail/sys_fraud/sys_detection_frauds/lib/python3.12/site-packages/airflow/example_dags/example_trigger_controller_dag.py
[2025-03-21T21:20:10.873+0000] {processor.py:925} INFO - DAG(s) 'example_trigger_controller_dag' retrieved from /home/usmail/sys_fraud/sys_detection_frauds/lib/python3.12/site-packages/airflow/example_dags/example_trigger_controller_dag.py
[2025-03-21T21:20:10.894+0000] {logging_mixin.py:190} INFO - [2025-03-21T21:20:10.894+0000] {dag.py:3239} INFO - Sync 1 DAGs
[2025-03-21T21:20:10.919+0000] {logging_mixin.py:190} INFO - [2025-03-21T21:20:10.919+0000] {dag.py:4180} INFO - Setting next_dagrun for example_trigger_controller_dag to 2021-01-01 00:00:00+00:00, run_after=2021-01-01 00:00:00+00:00
[2025-03-21T21:20:10.950+0000] {processor.py:208} INFO - Processing /home/usmail/sys_fraud/sys_detection_frauds/lib/python3.12/site-packages/airflow/example_dags/example_trigger_controller_dag.py took 0.112 seconds
[2025-03-21T21:21:13.900+0000] {processor.py:186} INFO - Started process (PID=3749860) to work on /home/usmail/sys_fraud/sys_detection_frauds/lib/python3.12/site-packages/airflow/example_dags/example_trigger_controller_dag.py
[2025-03-21T21:21:13.909+0000] {processor.py:914} INFO - Processing file /home/usmail/sys_fraud/sys_detection_frauds/lib/python3.12/site-packages/airflow/example_dags/example_trigger_controller_dag.py for tasks to queue
[2025-03-21T21:21:13.912+0000] {logging_mixin.py:190} INFO - [2025-03-21T21:21:13.912+0000] {dagbag.py:588} INFO - Filling up the DagBag from /home/usmail/sys_fraud/sys_detection_frauds/lib/python3.12/site-packages/airflow/example_dags/example_trigger_controller_dag.py
[2025-03-21T21:21:13.924+0000] {processor.py:925} INFO - DAG(s) 'example_trigger_controller_dag' retrieved from /home/usmail/sys_fraud/sys_detection_frauds/lib/python3.12/site-packages/airflow/example_dags/example_trigger_controller_dag.py
[2025-03-21T21:21:13.947+0000] {logging_mixin.py:190} INFO - [2025-03-21T21:21:13.946+0000] {dag.py:3239} INFO - Sync 1 DAGs
[2025-03-21T21:21:13.969+0000] {logging_mixin.py:190} INFO - [2025-03-21T21:21:13.969+0000] {dag.py:4180} INFO - Setting next_dagrun for example_trigger_controller_dag to 2021-01-01 00:00:00+00:00, run_after=2021-01-01 00:00:00+00:00
[2025-03-21T21:21:13.992+0000] {processor.py:208} INFO - Processing /home/usmail/sys_fraud/sys_detection_frauds/lib/python3.12/site-packages/airflow/example_dags/example_trigger_controller_dag.py took 0.104 seconds
[2025-03-21T21:22:21.473+0000] {processor.py:186} INFO - Started process (PID=3750718) to work on /home/usmail/sys_fraud/sys_detection_frauds/lib/python3.12/site-packages/airflow/example_dags/example_trigger_controller_dag.py
[2025-03-21T21:22:21.482+0000] {processor.py:914} INFO - Processing file /home/usmail/sys_fraud/sys_detection_frauds/lib/python3.12/site-packages/airflow/example_dags/example_trigger_controller_dag.py for tasks to queue
[2025-03-21T21:22:21.486+0000] {logging_mixin.py:190} INFO - [2025-03-21T21:22:21.485+0000] {dagbag.py:588} INFO - Filling up the DagBag from /home/usmail/sys_fraud/sys_detection_frauds/lib/python3.12/site-packages/airflow/example_dags/example_trigger_controller_dag.py
[2025-03-21T21:22:21.497+0000] {processor.py:925} INFO - DAG(s) 'example_trigger_controller_dag' retrieved from /home/usmail/sys_fraud/sys_detection_frauds/lib/python3.12/site-packages/airflow/example_dags/example_trigger_controller_dag.py
[2025-03-21T21:22:21.518+0000] {logging_mixin.py:190} INFO - [2025-03-21T21:22:21.518+0000] {dag.py:3239} INFO - Sync 1 DAGs
[2025-03-21T21:22:21.544+0000] {logging_mixin.py:190} INFO - [2025-03-21T21:22:21.544+0000] {dag.py:4180} INFO - Setting next_dagrun for example_trigger_controller_dag to 2021-01-01 00:00:00+00:00, run_after=2021-01-01 00:00:00+00:00
[2025-03-21T21:22:21.566+0000] {processor.py:208} INFO - Processing /home/usmail/sys_fraud/sys_detection_frauds/lib/python3.12/site-packages/airflow/example_dags/example_trigger_controller_dag.py took 0.105 seconds
[2025-03-21T21:23:26.188+0000] {processor.py:186} INFO - Started process (PID=3751514) to work on /home/usmail/sys_fraud/sys_detection_frauds/lib/python3.12/site-packages/airflow/example_dags/example_trigger_controller_dag.py
[2025-03-21T21:23:26.197+0000] {processor.py:914} INFO - Processing file /home/usmail/sys_fraud/sys_detection_frauds/lib/python3.12/site-packages/airflow/example_dags/example_trigger_controller_dag.py for tasks to queue
[2025-03-21T21:23:26.200+0000] {logging_mixin.py:190} INFO - [2025-03-21T21:23:26.200+0000] {dagbag.py:588} INFO - Filling up the DagBag from /home/usmail/sys_fraud/sys_detection_frauds/lib/python3.12/site-packages/airflow/example_dags/example_trigger_controller_dag.py
[2025-03-21T21:23:26.211+0000] {processor.py:925} INFO - DAG(s) 'example_trigger_controller_dag' retrieved from /home/usmail/sys_fraud/sys_detection_frauds/lib/python3.12/site-packages/airflow/example_dags/example_trigger_controller_dag.py
[2025-03-21T21:23:26.232+0000] {logging_mixin.py:190} INFO - [2025-03-21T21:23:26.232+0000] {dag.py:3239} INFO - Sync 1 DAGs
[2025-03-21T21:23:26.257+0000] {logging_mixin.py:190} INFO - [2025-03-21T21:23:26.257+0000] {dag.py:4180} INFO - Setting next_dagrun for example_trigger_controller_dag to 2021-01-01 00:00:00+00:00, run_after=2021-01-01 00:00:00+00:00
[2025-03-21T21:23:26.273+0000] {processor.py:208} INFO - Processing /home/usmail/sys_fraud/sys_detection_frauds/lib/python3.12/site-packages/airflow/example_dags/example_trigger_controller_dag.py took 0.098 seconds
[2025-03-21T21:24:28.027+0000] {processor.py:186} INFO - Started process (PID=3752189) to work on /home/usmail/sys_fraud/sys_detection_frauds/lib/python3.12/site-packages/airflow/example_dags/example_trigger_controller_dag.py
[2025-03-21T21:24:28.029+0000] {processor.py:914} INFO - Processing file /home/usmail/sys_fraud/sys_detection_frauds/lib/python3.12/site-packages/airflow/example_dags/example_trigger_controller_dag.py for tasks to queue
[2025-03-21T21:24:28.032+0000] {logging_mixin.py:190} INFO - [2025-03-21T21:24:28.031+0000] {dagbag.py:588} INFO - Filling up the DagBag from /home/usmail/sys_fraud/sys_detection_frauds/lib/python3.12/site-packages/airflow/example_dags/example_trigger_controller_dag.py
[2025-03-21T21:24:28.042+0000] {processor.py:925} INFO - DAG(s) 'example_trigger_controller_dag' retrieved from /home/usmail/sys_fraud/sys_detection_frauds/lib/python3.12/site-packages/airflow/example_dags/example_trigger_controller_dag.py
[2025-03-21T21:24:28.063+0000] {logging_mixin.py:190} INFO - [2025-03-21T21:24:28.063+0000] {dag.py:3239} INFO - Sync 1 DAGs
[2025-03-21T21:24:28.087+0000] {logging_mixin.py:190} INFO - [2025-03-21T21:24:28.087+0000] {dag.py:4180} INFO - Setting next_dagrun for example_trigger_controller_dag to 2021-01-01 00:00:00+00:00, run_after=2021-01-01 00:00:00+00:00
[2025-03-21T21:24:28.116+0000] {processor.py:208} INFO - Processing /home/usmail/sys_fraud/sys_detection_frauds/lib/python3.12/site-packages/airflow/example_dags/example_trigger_controller_dag.py took 0.103 seconds
[2025-03-21T21:25:30.979+0000] {processor.py:186} INFO - Started process (PID=3752893) to work on /home/usmail/sys_fraud/sys_detection_frauds/lib/python3.12/site-packages/airflow/example_dags/example_trigger_controller_dag.py
[2025-03-21T21:25:30.989+0000] {processor.py:914} INFO - Processing file /home/usmail/sys_fraud/sys_detection_frauds/lib/python3.12/site-packages/airflow/example_dags/example_trigger_controller_dag.py for tasks to queue
[2025-03-21T21:25:30.992+0000] {logging_mixin.py:190} INFO - [2025-03-21T21:25:30.991+0000] {dagbag.py:588} INFO - Filling up the DagBag from /home/usmail/sys_fraud/sys_detection_frauds/lib/python3.12/site-packages/airflow/example_dags/example_trigger_controller_dag.py
[2025-03-21T21:25:31.002+0000] {processor.py:925} INFO - DAG(s) 'example_trigger_controller_dag' retrieved from /home/usmail/sys_fraud/sys_detection_frauds/lib/python3.12/site-packages/airflow/example_dags/example_trigger_controller_dag.py
[2025-03-21T21:25:31.023+0000] {logging_mixin.py:190} INFO - [2025-03-21T21:25:31.023+0000] {dag.py:3239} INFO - Sync 1 DAGs
[2025-03-21T21:25:31.050+0000] {logging_mixin.py:190} INFO - [2025-03-21T21:25:31.049+0000] {dag.py:4180} INFO - Setting next_dagrun for example_trigger_controller_dag to 2021-01-01 00:00:00+00:00, run_after=2021-01-01 00:00:00+00:00
[2025-03-21T21:25:31.070+0000] {processor.py:208} INFO - Processing /home/usmail/sys_fraud/sys_detection_frauds/lib/python3.12/site-packages/airflow/example_dags/example_trigger_controller_dag.py took 0.102 seconds
[2025-03-21T21:26:34.762+0000] {processor.py:186} INFO - Started process (PID=3753545) to work on /home/usmail/sys_fraud/sys_detection_frauds/lib/python3.12/site-packages/airflow/example_dags/example_trigger_controller_dag.py
[2025-03-21T21:26:34.771+0000] {processor.py:914} INFO - Processing file /home/usmail/sys_fraud/sys_detection_frauds/lib/python3.12/site-packages/airflow/example_dags/example_trigger_controller_dag.py for tasks to queue
[2025-03-21T21:26:34.775+0000] {logging_mixin.py:190} INFO - [2025-03-21T21:26:34.774+0000] {dagbag.py:588} INFO - Filling up the DagBag from /home/usmail/sys_fraud/sys_detection_frauds/lib/python3.12/site-packages/airflow/example_dags/example_trigger_controller_dag.py
[2025-03-21T21:26:34.786+0000] {processor.py:925} INFO - DAG(s) 'example_trigger_controller_dag' retrieved from /home/usmail/sys_fraud/sys_detection_frauds/lib/python3.12/site-packages/airflow/example_dags/example_trigger_controller_dag.py
[2025-03-21T21:26:34.808+0000] {logging_mixin.py:190} INFO - [2025-03-21T21:26:34.807+0000] {dag.py:3239} INFO - Sync 1 DAGs
[2025-03-21T21:26:34.834+0000] {logging_mixin.py:190} INFO - [2025-03-21T21:26:34.834+0000] {dag.py:4180} INFO - Setting next_dagrun for example_trigger_controller_dag to 2021-01-01 00:00:00+00:00, run_after=2021-01-01 00:00:00+00:00
[2025-03-21T21:26:34.865+0000] {processor.py:208} INFO - Processing /home/usmail/sys_fraud/sys_detection_frauds/lib/python3.12/site-packages/airflow/example_dags/example_trigger_controller_dag.py took 0.116 seconds
[2025-03-21T21:27:38.133+0000] {processor.py:186} INFO - Started process (PID=3754213) to work on /home/usmail/sys_fraud/sys_detection_frauds/lib/python3.12/site-packages/airflow/example_dags/example_trigger_controller_dag.py
[2025-03-21T21:27:38.142+0000] {processor.py:914} INFO - Processing file /home/usmail/sys_fraud/sys_detection_frauds/lib/python3.12/site-packages/airflow/example_dags/example_trigger_controller_dag.py for tasks to queue
[2025-03-21T21:27:38.145+0000] {logging_mixin.py:190} INFO - [2025-03-21T21:27:38.145+0000] {dagbag.py:588} INFO - Filling up the DagBag from /home/usmail/sys_fraud/sys_detection_frauds/lib/python3.12/site-packages/airflow/example_dags/example_trigger_controller_dag.py
[2025-03-21T21:27:38.156+0000] {processor.py:925} INFO - DAG(s) 'example_trigger_controller_dag' retrieved from /home/usmail/sys_fraud/sys_detection_frauds/lib/python3.12/site-packages/airflow/example_dags/example_trigger_controller_dag.py
[2025-03-21T21:27:38.178+0000] {logging_mixin.py:190} INFO - [2025-03-21T21:27:38.177+0000] {dag.py:3239} INFO - Sync 1 DAGs
[2025-03-21T21:27:38.204+0000] {logging_mixin.py:190} INFO - [2025-03-21T21:27:38.203+0000] {dag.py:4180} INFO - Setting next_dagrun for example_trigger_controller_dag to 2021-01-01 00:00:00+00:00, run_after=2021-01-01 00:00:00+00:00
[2025-03-21T21:27:38.220+0000] {processor.py:208} INFO - Processing /home/usmail/sys_fraud/sys_detection_frauds/lib/python3.12/site-packages/airflow/example_dags/example_trigger_controller_dag.py took 0.099 seconds
[2025-03-21T21:28:38.031+0000] {processor.py:186} INFO - Started process (PID=3754822) to work on /home/usmail/sys_fraud/sys_detection_frauds/lib/python3.12/site-packages/airflow/example_dags/example_trigger_controller_dag.py
[2025-03-21T21:28:38.032+0000] {processor.py:914} INFO - Processing file /home/usmail/sys_fraud/sys_detection_frauds/lib/python3.12/site-packages/airflow/example_dags/example_trigger_controller_dag.py for tasks to queue
[2025-03-21T21:28:38.035+0000] {logging_mixin.py:190} INFO - [2025-03-21T21:28:38.034+0000] {dagbag.py:588} INFO - Filling up the DagBag from /home/usmail/sys_fraud/sys_detection_frauds/lib/python3.12/site-packages/airflow/example_dags/example_trigger_controller_dag.py
[2025-03-21T21:28:38.045+0000] {processor.py:925} INFO - DAG(s) 'example_trigger_controller_dag' retrieved from /home/usmail/sys_fraud/sys_detection_frauds/lib/python3.12/site-packages/airflow/example_dags/example_trigger_controller_dag.py
[2025-03-21T21:28:38.066+0000] {logging_mixin.py:190} INFO - [2025-03-21T21:28:38.066+0000] {dag.py:3239} INFO - Sync 1 DAGs
[2025-03-21T21:28:38.091+0000] {logging_mixin.py:190} INFO - [2025-03-21T21:28:38.091+0000] {dag.py:4180} INFO - Setting next_dagrun for example_trigger_controller_dag to 2021-01-01 00:00:00+00:00, run_after=2021-01-01 00:00:00+00:00
[2025-03-21T21:28:38.118+0000] {processor.py:208} INFO - Processing /home/usmail/sys_fraud/sys_detection_frauds/lib/python3.12/site-packages/airflow/example_dags/example_trigger_controller_dag.py took 0.100 seconds
[2025-03-21T21:29:41.724+0000] {processor.py:186} INFO - Started process (PID=3755507) to work on /home/usmail/sys_fraud/sys_detection_frauds/lib/python3.12/site-packages/airflow/example_dags/example_trigger_controller_dag.py
[2025-03-21T21:29:41.733+0000] {processor.py:914} INFO - Processing file /home/usmail/sys_fraud/sys_detection_frauds/lib/python3.12/site-packages/airflow/example_dags/example_trigger_controller_dag.py for tasks to queue
[2025-03-21T21:29:41.736+0000] {logging_mixin.py:190} INFO - [2025-03-21T21:29:41.736+0000] {dagbag.py:588} INFO - Filling up the DagBag from /home/usmail/sys_fraud/sys_detection_frauds/lib/python3.12/site-packages/airflow/example_dags/example_trigger_controller_dag.py
[2025-03-21T21:29:41.746+0000] {processor.py:925} INFO - DAG(s) 'example_trigger_controller_dag' retrieved from /home/usmail/sys_fraud/sys_detection_frauds/lib/python3.12/site-packages/airflow/example_dags/example_trigger_controller_dag.py
[2025-03-21T21:29:41.767+0000] {logging_mixin.py:190} INFO - [2025-03-21T21:29:41.767+0000] {dag.py:3239} INFO - Sync 1 DAGs
[2025-03-21T21:29:41.794+0000] {logging_mixin.py:190} INFO - [2025-03-21T21:29:41.794+0000] {dag.py:4180} INFO - Setting next_dagrun for example_trigger_controller_dag to 2021-01-01 00:00:00+00:00, run_after=2021-01-01 00:00:00+00:00
[2025-03-21T21:29:41.827+0000] {processor.py:208} INFO - Processing /home/usmail/sys_fraud/sys_detection_frauds/lib/python3.12/site-packages/airflow/example_dags/example_trigger_controller_dag.py took 0.114 seconds
[2025-03-21T21:30:47.416+0000] {processor.py:186} INFO - Started process (PID=3756190) to work on /home/usmail/sys_fraud/sys_detection_frauds/lib/python3.12/site-packages/airflow/example_dags/example_trigger_controller_dag.py
[2025-03-21T21:30:47.425+0000] {processor.py:914} INFO - Processing file /home/usmail/sys_fraud/sys_detection_frauds/lib/python3.12/site-packages/airflow/example_dags/example_trigger_controller_dag.py for tasks to queue
[2025-03-21T21:30:47.429+0000] {logging_mixin.py:190} INFO - [2025-03-21T21:30:47.428+0000] {dagbag.py:588} INFO - Filling up the DagBag from /home/usmail/sys_fraud/sys_detection_frauds/lib/python3.12/site-packages/airflow/example_dags/example_trigger_controller_dag.py
[2025-03-21T21:30:47.441+0000] {processor.py:925} INFO - DAG(s) 'example_trigger_controller_dag' retrieved from /home/usmail/sys_fraud/sys_detection_frauds/lib/python3.12/site-packages/airflow/example_dags/example_trigger_controller_dag.py
[2025-03-21T21:30:47.463+0000] {logging_mixin.py:190} INFO - [2025-03-21T21:30:47.463+0000] {dag.py:3239} INFO - Sync 1 DAGs
[2025-03-21T21:30:47.493+0000] {logging_mixin.py:190} INFO - [2025-03-21T21:30:47.492+0000] {dag.py:4180} INFO - Setting next_dagrun for example_trigger_controller_dag to 2021-01-01 00:00:00+00:00, run_after=2021-01-01 00:00:00+00:00
[2025-03-21T21:30:47.515+0000] {processor.py:208} INFO - Processing /home/usmail/sys_fraud/sys_detection_frauds/lib/python3.12/site-packages/airflow/example_dags/example_trigger_controller_dag.py took 0.114 seconds
[2025-03-21T21:31:53.072+0000] {processor.py:186} INFO - Started process (PID=3756866) to work on /home/usmail/sys_fraud/sys_detection_frauds/lib/python3.12/site-packages/airflow/example_dags/example_trigger_controller_dag.py
[2025-03-21T21:31:53.079+0000] {processor.py:914} INFO - Processing file /home/usmail/sys_fraud/sys_detection_frauds/lib/python3.12/site-packages/airflow/example_dags/example_trigger_controller_dag.py for tasks to queue
[2025-03-21T21:31:53.083+0000] {logging_mixin.py:190} INFO - [2025-03-21T21:31:53.082+0000] {dagbag.py:588} INFO - Filling up the DagBag from /home/usmail/sys_fraud/sys_detection_frauds/lib/python3.12/site-packages/airflow/example_dags/example_trigger_controller_dag.py
[2025-03-21T21:31:53.093+0000] {processor.py:925} INFO - DAG(s) 'example_trigger_controller_dag' retrieved from /home/usmail/sys_fraud/sys_detection_frauds/lib/python3.12/site-packages/airflow/example_dags/example_trigger_controller_dag.py
[2025-03-21T21:31:53.115+0000] {logging_mixin.py:190} INFO - [2025-03-21T21:31:53.115+0000] {dag.py:3239} INFO - Sync 1 DAGs
[2025-03-21T21:31:53.140+0000] {logging_mixin.py:190} INFO - [2025-03-21T21:31:53.140+0000] {dag.py:4180} INFO - Setting next_dagrun for example_trigger_controller_dag to 2021-01-01 00:00:00+00:00, run_after=2021-01-01 00:00:00+00:00
[2025-03-21T21:31:53.188+0000] {processor.py:208} INFO - Processing /home/usmail/sys_fraud/sys_detection_frauds/lib/python3.12/site-packages/airflow/example_dags/example_trigger_controller_dag.py took 0.129 seconds
[2025-03-21T21:32:55.429+0000] {processor.py:186} INFO - Started process (PID=3757527) to work on /home/usmail/sys_fraud/sys_detection_frauds/lib/python3.12/site-packages/airflow/example_dags/example_trigger_controller_dag.py
[2025-03-21T21:32:55.439+0000] {processor.py:914} INFO - Processing file /home/usmail/sys_fraud/sys_detection_frauds/lib/python3.12/site-packages/airflow/example_dags/example_trigger_controller_dag.py for tasks to queue
[2025-03-21T21:32:55.442+0000] {logging_mixin.py:190} INFO - [2025-03-21T21:32:55.441+0000] {dagbag.py:588} INFO - Filling up the DagBag from /home/usmail/sys_fraud/sys_detection_frauds/lib/python3.12/site-packages/airflow/example_dags/example_trigger_controller_dag.py
[2025-03-21T21:32:55.452+0000] {processor.py:925} INFO - DAG(s) 'example_trigger_controller_dag' retrieved from /home/usmail/sys_fraud/sys_detection_frauds/lib/python3.12/site-packages/airflow/example_dags/example_trigger_controller_dag.py
[2025-03-21T21:32:55.474+0000] {logging_mixin.py:190} INFO - [2025-03-21T21:32:55.473+0000] {dag.py:3239} INFO - Sync 1 DAGs
[2025-03-21T21:32:55.498+0000] {logging_mixin.py:190} INFO - [2025-03-21T21:32:55.497+0000] {dag.py:4180} INFO - Setting next_dagrun for example_trigger_controller_dag to 2021-01-01 00:00:00+00:00, run_after=2021-01-01 00:00:00+00:00
[2025-03-21T21:32:55.531+0000] {processor.py:208} INFO - Processing /home/usmail/sys_fraud/sys_detection_frauds/lib/python3.12/site-packages/airflow/example_dags/example_trigger_controller_dag.py took 0.113 seconds
[2025-03-21T22:19:29.984+0000] {processor.py:186} INFO - Started process (PID=3758595) to work on /home/usmail/sys_fraud/sys_detection_frauds/lib/python3.12/site-packages/airflow/example_dags/example_trigger_controller_dag.py
[2025-03-21T22:19:29.985+0000] {processor.py:914} INFO - Processing file /home/usmail/sys_fraud/sys_detection_frauds/lib/python3.12/site-packages/airflow/example_dags/example_trigger_controller_dag.py for tasks to queue
[2025-03-21T22:19:29.989+0000] {logging_mixin.py:190} INFO - [2025-03-21T22:19:29.988+0000] {dagbag.py:588} INFO - Filling up the DagBag from /home/usmail/sys_fraud/sys_detection_frauds/lib/python3.12/site-packages/airflow/example_dags/example_trigger_controller_dag.py
[2025-03-21T22:19:30.000+0000] {processor.py:925} INFO - DAG(s) 'example_trigger_controller_dag' retrieved from /home/usmail/sys_fraud/sys_detection_frauds/lib/python3.12/site-packages/airflow/example_dags/example_trigger_controller_dag.py
[2025-03-21T22:19:30.021+0000] {logging_mixin.py:190} INFO - [2025-03-21T22:19:30.020+0000] {dag.py:3239} INFO - Sync 1 DAGs
[2025-03-21T22:19:30.057+0000] {logging_mixin.py:190} INFO - [2025-03-21T22:19:30.057+0000] {dag.py:4180} INFO - Setting next_dagrun for example_trigger_controller_dag to 2021-01-01 00:00:00+00:00, run_after=2021-01-01 00:00:00+00:00
[2025-03-21T22:19:30.081+0000] {processor.py:208} INFO - Processing /home/usmail/sys_fraud/sys_detection_frauds/lib/python3.12/site-packages/airflow/example_dags/example_trigger_controller_dag.py took 0.111 seconds
[2025-03-21T22:20:26.175+0000] {processor.py:186} INFO - Started process (PID=3759495) to work on /home/usmail/sys_fraud/sys_detection_frauds/lib/python3.12/site-packages/airflow/example_dags/example_trigger_controller_dag.py
[2025-03-21T22:20:26.184+0000] {processor.py:914} INFO - Processing file /home/usmail/sys_fraud/sys_detection_frauds/lib/python3.12/site-packages/airflow/example_dags/example_trigger_controller_dag.py for tasks to queue
[2025-03-21T22:20:26.187+0000] {logging_mixin.py:190} INFO - [2025-03-21T22:20:26.187+0000] {dagbag.py:588} INFO - Filling up the DagBag from /home/usmail/sys_fraud/sys_detection_frauds/lib/python3.12/site-packages/airflow/example_dags/example_trigger_controller_dag.py
[2025-03-21T22:20:26.200+0000] {processor.py:925} INFO - DAG(s) 'example_trigger_controller_dag' retrieved from /home/usmail/sys_fraud/sys_detection_frauds/lib/python3.12/site-packages/airflow/example_dags/example_trigger_controller_dag.py
[2025-03-21T22:20:26.223+0000] {logging_mixin.py:190} INFO - [2025-03-21T22:20:26.223+0000] {dag.py:3239} INFO - Sync 1 DAGs
[2025-03-21T22:20:26.265+0000] {logging_mixin.py:190} INFO - [2025-03-21T22:20:26.264+0000] {dag.py:4180} INFO - Setting next_dagrun for example_trigger_controller_dag to 2021-01-01 00:00:00+00:00, run_after=2021-01-01 00:00:00+00:00
[2025-03-21T22:20:26.293+0000] {processor.py:208} INFO - Processing /home/usmail/sys_fraud/sys_detection_frauds/lib/python3.12/site-packages/airflow/example_dags/example_trigger_controller_dag.py took 0.133 seconds
[2025-03-21T22:21:28.524+0000] {processor.py:186} INFO - Started process (PID=3760251) to work on /home/usmail/sys_fraud/sys_detection_frauds/lib/python3.12/site-packages/airflow/example_dags/example_trigger_controller_dag.py
[2025-03-21T22:21:28.533+0000] {processor.py:914} INFO - Processing file /home/usmail/sys_fraud/sys_detection_frauds/lib/python3.12/site-packages/airflow/example_dags/example_trigger_controller_dag.py for tasks to queue
[2025-03-21T22:21:28.535+0000] {logging_mixin.py:190} INFO - [2025-03-21T22:21:28.534+0000] {dagbag.py:588} INFO - Filling up the DagBag from /home/usmail/sys_fraud/sys_detection_frauds/lib/python3.12/site-packages/airflow/example_dags/example_trigger_controller_dag.py
[2025-03-21T22:21:28.544+0000] {processor.py:925} INFO - DAG(s) 'example_trigger_controller_dag' retrieved from /home/usmail/sys_fraud/sys_detection_frauds/lib/python3.12/site-packages/airflow/example_dags/example_trigger_controller_dag.py
[2025-03-21T22:21:28.562+0000] {logging_mixin.py:190} INFO - [2025-03-21T22:21:28.561+0000] {dag.py:3239} INFO - Sync 1 DAGs
[2025-03-21T22:21:28.582+0000] {logging_mixin.py:190} INFO - [2025-03-21T22:21:28.582+0000] {dag.py:4180} INFO - Setting next_dagrun for example_trigger_controller_dag to 2021-01-01 00:00:00+00:00, run_after=2021-01-01 00:00:00+00:00
[2025-03-21T22:21:28.603+0000] {processor.py:208} INFO - Processing /home/usmail/sys_fraud/sys_detection_frauds/lib/python3.12/site-packages/airflow/example_dags/example_trigger_controller_dag.py took 0.087 seconds
[2025-03-21T22:22:29.377+0000] {processor.py:186} INFO - Started process (PID=3761357) to work on /home/usmail/sys_fraud/sys_detection_frauds/lib/python3.12/site-packages/airflow/example_dags/example_trigger_controller_dag.py
[2025-03-21T22:22:29.380+0000] {processor.py:914} INFO - Processing file /home/usmail/sys_fraud/sys_detection_frauds/lib/python3.12/site-packages/airflow/example_dags/example_trigger_controller_dag.py for tasks to queue
[2025-03-21T22:22:29.382+0000] {logging_mixin.py:190} INFO - [2025-03-21T22:22:29.382+0000] {dagbag.py:588} INFO - Filling up the DagBag from /home/usmail/sys_fraud/sys_detection_frauds/lib/python3.12/site-packages/airflow/example_dags/example_trigger_controller_dag.py
[2025-03-21T22:22:29.395+0000] {processor.py:925} INFO - DAG(s) 'example_trigger_controller_dag' retrieved from /home/usmail/sys_fraud/sys_detection_frauds/lib/python3.12/site-packages/airflow/example_dags/example_trigger_controller_dag.py
[2025-03-21T22:22:29.420+0000] {logging_mixin.py:190} INFO - [2025-03-21T22:22:29.419+0000] {dag.py:3239} INFO - Sync 1 DAGs
[2025-03-21T22:22:29.447+0000] {logging_mixin.py:190} INFO - [2025-03-21T22:22:29.446+0000] {dag.py:4180} INFO - Setting next_dagrun for example_trigger_controller_dag to 2021-01-01 00:00:00+00:00, run_after=2021-01-01 00:00:00+00:00
[2025-03-21T22:22:29.479+0000] {processor.py:208} INFO - Processing /home/usmail/sys_fraud/sys_detection_frauds/lib/python3.12/site-packages/airflow/example_dags/example_trigger_controller_dag.py took 0.116 seconds
