[2025-03-21T20:49:44.555+0000] {processor.py:186} INFO - Started process (PID=3723069) to work on /home/usmail/sys_fraud/sys_detection_frauds/lib/python3.12/site-packages/airflow/example_dags/example_short_circuit_decorator.py
[2025-03-21T20:49:44.556+0000] {processor.py:914} INFO - Processing file /home/usmail/sys_fraud/sys_detection_frauds/lib/python3.12/site-packages/airflow/example_dags/example_short_circuit_decorator.py for tasks to queue
[2025-03-21T20:49:44.558+0000] {logging_mixin.py:190} INFO - [2025-03-21T20:49:44.558+0000] {dagbag.py:588} INFO - Filling up the DagBag from /home/usmail/sys_fraud/sys_detection_frauds/lib/python3.12/site-packages/airflow/example_dags/example_short_circuit_decorator.py
[2025-03-21T20:49:44.565+0000] {processor.py:925} INFO - DAG(s) 'example_short_circuit_decorator' retrieved from /home/usmail/sys_fraud/sys_detection_frauds/lib/python3.12/site-packages/airflow/example_dags/example_short_circuit_decorator.py
[2025-03-21T20:49:44.637+0000] {logging_mixin.py:190} INFO - [2025-03-21T20:49:44.636+0000] {override.py:1912} INFO - Created Permission View: can edit on DAG:example_short_circuit_decorator
[2025-03-21T20:49:44.644+0000] {logging_mixin.py:190} INFO - [2025-03-21T20:49:44.644+0000] {override.py:1912} INFO - Created Permission View: can read on DAG:example_short_circuit_decorator
[2025-03-21T20:49:44.649+0000] {logging_mixin.py:190} INFO - [2025-03-21T20:49:44.649+0000] {override.py:1912} INFO - Created Permission View: can delete on DAG:example_short_circuit_decorator
[2025-03-21T20:49:44.657+0000] {logging_mixin.py:190} INFO - [2025-03-21T20:49:44.657+0000] {override.py:1912} INFO - Created Permission View: can create on DAG Run:example_short_circuit_decorator
[2025-03-21T20:49:44.662+0000] {logging_mixin.py:190} INFO - [2025-03-21T20:49:44.662+0000] {override.py:1912} INFO - Created Permission View: menu access on DAG Run:example_short_circuit_decorator
[2025-03-21T20:49:44.669+0000] {logging_mixin.py:190} INFO - [2025-03-21T20:49:44.669+0000] {override.py:1912} INFO - Created Permission View: can read on DAG Run:example_short_circuit_decorator
[2025-03-21T20:49:44.674+0000] {logging_mixin.py:190} INFO - [2025-03-21T20:49:44.674+0000] {override.py:1912} INFO - Created Permission View: can delete on DAG Run:example_short_circuit_decorator
[2025-03-21T20:49:44.674+0000] {logging_mixin.py:190} INFO - [2025-03-21T20:49:44.674+0000] {dag.py:3239} INFO - Sync 1 DAGs
[2025-03-21T20:49:44.682+0000] {logging_mixin.py:190} INFO - [2025-03-21T20:49:44.681+0000] {dag.py:3262} INFO - Creating ORM DAG for example_short_circuit_decorator
[2025-03-21T20:49:44.682+0000] {logging_mixin.py:190} INFO - [2025-03-21T20:49:44.682+0000] {dag.py:4180} INFO - Setting next_dagrun for example_short_circuit_decorator to None, run_after=None
[2025-03-21T20:49:44.693+0000] {processor.py:208} INFO - Processing /home/usmail/sys_fraud/sys_detection_frauds/lib/python3.12/site-packages/airflow/example_dags/example_short_circuit_decorator.py took 0.147 seconds
[2025-03-21T20:50:44.940+0000] {processor.py:186} INFO - Started process (PID=3723796) to work on /home/usmail/sys_fraud/sys_detection_frauds/lib/python3.12/site-packages/airflow/example_dags/example_short_circuit_decorator.py
[2025-03-21T20:50:44.940+0000] {processor.py:914} INFO - Processing file /home/usmail/sys_fraud/sys_detection_frauds/lib/python3.12/site-packages/airflow/example_dags/example_short_circuit_decorator.py for tasks to queue
[2025-03-21T20:50:44.941+0000] {logging_mixin.py:190} INFO - [2025-03-21T20:50:44.941+0000] {dagbag.py:588} INFO - Filling up the DagBag from /home/usmail/sys_fraud/sys_detection_frauds/lib/python3.12/site-packages/airflow/example_dags/example_short_circuit_decorator.py
[2025-03-21T20:50:44.947+0000] {processor.py:925} INFO - DAG(s) 'example_short_circuit_decorator' retrieved from /home/usmail/sys_fraud/sys_detection_frauds/lib/python3.12/site-packages/airflow/example_dags/example_short_circuit_decorator.py
[2025-03-21T20:50:44.956+0000] {logging_mixin.py:190} INFO - [2025-03-21T20:50:44.956+0000] {dag.py:3239} INFO - Sync 1 DAGs
[2025-03-21T20:50:44.963+0000] {logging_mixin.py:190} INFO - [2025-03-21T20:50:44.962+0000] {dag.py:4180} INFO - Setting next_dagrun for example_short_circuit_decorator to None, run_after=None
[2025-03-21T20:50:44.974+0000] {processor.py:208} INFO - Processing /home/usmail/sys_fraud/sys_detection_frauds/lib/python3.12/site-packages/airflow/example_dags/example_short_circuit_decorator.py took 0.039 seconds
[2025-03-21T20:51:39.016+0000] {processor.py:186} INFO - Started process (PID=3724465) to work on /home/usmail/sys_fraud/sys_detection_frauds/lib/python3.12/site-packages/airflow/example_dags/example_short_circuit_decorator.py
[2025-03-21T20:51:39.025+0000] {processor.py:914} INFO - Processing file /home/usmail/sys_fraud/sys_detection_frauds/lib/python3.12/site-packages/airflow/example_dags/example_short_circuit_decorator.py for tasks to queue
[2025-03-21T20:51:39.028+0000] {logging_mixin.py:190} INFO - [2025-03-21T20:51:39.027+0000] {dagbag.py:588} INFO - Filling up the DagBag from /home/usmail/sys_fraud/sys_detection_frauds/lib/python3.12/site-packages/airflow/example_dags/example_short_circuit_decorator.py
[2025-03-21T20:51:39.040+0000] {processor.py:925} INFO - DAG(s) 'example_short_circuit_decorator' retrieved from /home/usmail/sys_fraud/sys_detection_frauds/lib/python3.12/site-packages/airflow/example_dags/example_short_circuit_decorator.py
[2025-03-21T20:51:39.052+0000] {logging_mixin.py:190} INFO - [2025-03-21T20:51:39.052+0000] {dag.py:3239} INFO - Sync 1 DAGs
[2025-03-21T20:51:39.059+0000] {logging_mixin.py:190} INFO - [2025-03-21T20:51:39.058+0000] {dag.py:4180} INFO - Setting next_dagrun for example_short_circuit_decorator to None, run_after=None
[2025-03-21T20:51:39.087+0000] {processor.py:208} INFO - Processing /home/usmail/sys_fraud/sys_detection_frauds/lib/python3.12/site-packages/airflow/example_dags/example_short_circuit_decorator.py took 0.078 seconds
[2025-03-21T20:52:30.942+0000] {processor.py:186} INFO - Started process (PID=3725082) to work on /home/usmail/sys_fraud/sys_detection_frauds/lib/python3.12/site-packages/airflow/example_dags/example_short_circuit_decorator.py
[2025-03-21T20:52:30.951+0000] {processor.py:914} INFO - Processing file /home/usmail/sys_fraud/sys_detection_frauds/lib/python3.12/site-packages/airflow/example_dags/example_short_circuit_decorator.py for tasks to queue
[2025-03-21T20:52:30.952+0000] {logging_mixin.py:190} INFO - [2025-03-21T20:52:30.952+0000] {dagbag.py:588} INFO - Filling up the DagBag from /home/usmail/sys_fraud/sys_detection_frauds/lib/python3.12/site-packages/airflow/example_dags/example_short_circuit_decorator.py
[2025-03-21T20:52:30.958+0000] {processor.py:925} INFO - DAG(s) 'example_short_circuit_decorator' retrieved from /home/usmail/sys_fraud/sys_detection_frauds/lib/python3.12/site-packages/airflow/example_dags/example_short_circuit_decorator.py
[2025-03-21T20:52:30.969+0000] {logging_mixin.py:190} INFO - [2025-03-21T20:52:30.968+0000] {dag.py:3239} INFO - Sync 1 DAGs
[2025-03-21T20:52:30.975+0000] {logging_mixin.py:190} INFO - [2025-03-21T20:52:30.975+0000] {dag.py:4180} INFO - Setting next_dagrun for example_short_circuit_decorator to None, run_after=None
[2025-03-21T20:52:31.005+0000] {processor.py:208} INFO - Processing /home/usmail/sys_fraud/sys_detection_frauds/lib/python3.12/site-packages/airflow/example_dags/example_short_circuit_decorator.py took 0.067 seconds
[2025-03-21T20:53:22.719+0000] {processor.py:186} INFO - Started process (PID=3725689) to work on /home/usmail/sys_fraud/sys_detection_frauds/lib/python3.12/site-packages/airflow/example_dags/example_short_circuit_decorator.py
[2025-03-21T20:53:22.728+0000] {processor.py:914} INFO - Processing file /home/usmail/sys_fraud/sys_detection_frauds/lib/python3.12/site-packages/airflow/example_dags/example_short_circuit_decorator.py for tasks to queue
[2025-03-21T20:53:22.731+0000] {logging_mixin.py:190} INFO - [2025-03-21T20:53:22.730+0000] {dagbag.py:588} INFO - Filling up the DagBag from /home/usmail/sys_fraud/sys_detection_frauds/lib/python3.12/site-packages/airflow/example_dags/example_short_circuit_decorator.py
[2025-03-21T20:53:22.741+0000] {processor.py:925} INFO - DAG(s) 'example_short_circuit_decorator' retrieved from /home/usmail/sys_fraud/sys_detection_frauds/lib/python3.12/site-packages/airflow/example_dags/example_short_circuit_decorator.py
[2025-03-21T20:53:22.753+0000] {logging_mixin.py:190} INFO - [2025-03-21T20:53:22.753+0000] {dag.py:3239} INFO - Sync 1 DAGs
[2025-03-21T20:53:22.760+0000] {logging_mixin.py:190} INFO - [2025-03-21T20:53:22.760+0000] {dag.py:4180} INFO - Setting next_dagrun for example_short_circuit_decorator to None, run_after=None
[2025-03-21T20:53:22.774+0000] {processor.py:208} INFO - Processing /home/usmail/sys_fraud/sys_detection_frauds/lib/python3.12/site-packages/airflow/example_dags/example_short_circuit_decorator.py took 0.064 seconds
[2025-03-21T20:54:16.901+0000] {processor.py:186} INFO - Started process (PID=3726363) to work on /home/usmail/sys_fraud/sys_detection_frauds/lib/python3.12/site-packages/airflow/example_dags/example_short_circuit_decorator.py
[2025-03-21T20:54:16.902+0000] {processor.py:914} INFO - Processing file /home/usmail/sys_fraud/sys_detection_frauds/lib/python3.12/site-packages/airflow/example_dags/example_short_circuit_decorator.py for tasks to queue
[2025-03-21T20:54:16.904+0000] {logging_mixin.py:190} INFO - [2025-03-21T20:54:16.904+0000] {dagbag.py:588} INFO - Filling up the DagBag from /home/usmail/sys_fraud/sys_detection_frauds/lib/python3.12/site-packages/airflow/example_dags/example_short_circuit_decorator.py
[2025-03-21T20:54:16.912+0000] {processor.py:925} INFO - DAG(s) 'example_short_circuit_decorator' retrieved from /home/usmail/sys_fraud/sys_detection_frauds/lib/python3.12/site-packages/airflow/example_dags/example_short_circuit_decorator.py
[2025-03-21T20:54:16.923+0000] {logging_mixin.py:190} INFO - [2025-03-21T20:54:16.923+0000] {dag.py:3239} INFO - Sync 1 DAGs
[2025-03-21T20:54:17.012+0000] {logging_mixin.py:190} INFO - [2025-03-21T20:54:17.012+0000] {dag.py:4180} INFO - Setting next_dagrun for example_short_circuit_decorator to None, run_after=None
[2025-03-21T20:54:17.027+0000] {processor.py:208} INFO - Processing /home/usmail/sys_fraud/sys_detection_frauds/lib/python3.12/site-packages/airflow/example_dags/example_short_circuit_decorator.py took 0.130 seconds
[2025-03-21T20:55:08.994+0000] {processor.py:186} INFO - Started process (PID=3727015) to work on /home/usmail/sys_fraud/sys_detection_frauds/lib/python3.12/site-packages/airflow/example_dags/example_short_circuit_decorator.py
[2025-03-21T20:55:08.995+0000] {processor.py:914} INFO - Processing file /home/usmail/sys_fraud/sys_detection_frauds/lib/python3.12/site-packages/airflow/example_dags/example_short_circuit_decorator.py for tasks to queue
[2025-03-21T20:55:08.998+0000] {logging_mixin.py:190} INFO - [2025-03-21T20:55:08.997+0000] {dagbag.py:588} INFO - Filling up the DagBag from /home/usmail/sys_fraud/sys_detection_frauds/lib/python3.12/site-packages/airflow/example_dags/example_short_circuit_decorator.py
[2025-03-21T20:55:09.007+0000] {processor.py:925} INFO - DAG(s) 'example_short_circuit_decorator' retrieved from /home/usmail/sys_fraud/sys_detection_frauds/lib/python3.12/site-packages/airflow/example_dags/example_short_circuit_decorator.py
[2025-03-21T20:55:09.016+0000] {logging_mixin.py:190} INFO - [2025-03-21T20:55:09.016+0000] {dag.py:3239} INFO - Sync 1 DAGs
[2025-03-21T20:55:09.024+0000] {logging_mixin.py:190} INFO - [2025-03-21T20:55:09.023+0000] {dag.py:4180} INFO - Setting next_dagrun for example_short_circuit_decorator to None, run_after=None
[2025-03-21T20:55:09.039+0000] {processor.py:208} INFO - Processing /home/usmail/sys_fraud/sys_detection_frauds/lib/python3.12/site-packages/airflow/example_dags/example_short_circuit_decorator.py took 0.049 seconds
[2025-03-21T20:55:58.761+0000] {processor.py:186} INFO - Started process (PID=3727639) to work on /home/usmail/sys_fraud/sys_detection_frauds/lib/python3.12/site-packages/airflow/example_dags/example_short_circuit_decorator.py
[2025-03-21T20:55:58.770+0000] {processor.py:914} INFO - Processing file /home/usmail/sys_fraud/sys_detection_frauds/lib/python3.12/site-packages/airflow/example_dags/example_short_circuit_decorator.py for tasks to queue
[2025-03-21T20:55:58.774+0000] {logging_mixin.py:190} INFO - [2025-03-21T20:55:58.773+0000] {dagbag.py:588} INFO - Filling up the DagBag from /home/usmail/sys_fraud/sys_detection_frauds/lib/python3.12/site-packages/airflow/example_dags/example_short_circuit_decorator.py
[2025-03-21T20:55:58.785+0000] {processor.py:925} INFO - DAG(s) 'example_short_circuit_decorator' retrieved from /home/usmail/sys_fraud/sys_detection_frauds/lib/python3.12/site-packages/airflow/example_dags/example_short_circuit_decorator.py
[2025-03-21T20:55:58.795+0000] {logging_mixin.py:190} INFO - [2025-03-21T20:55:58.795+0000] {dag.py:3239} INFO - Sync 1 DAGs
[2025-03-21T20:55:58.803+0000] {logging_mixin.py:190} INFO - [2025-03-21T20:55:58.802+0000] {dag.py:4180} INFO - Setting next_dagrun for example_short_circuit_decorator to None, run_after=None
[2025-03-21T20:55:58.818+0000] {processor.py:208} INFO - Processing /home/usmail/sys_fraud/sys_detection_frauds/lib/python3.12/site-packages/airflow/example_dags/example_short_circuit_decorator.py took 0.063 seconds
[2025-03-21T20:56:49.504+0000] {processor.py:186} INFO - Started process (PID=3728366) to work on /home/usmail/sys_fraud/sys_detection_frauds/lib/python3.12/site-packages/airflow/example_dags/example_short_circuit_decorator.py
[2025-03-21T20:56:49.513+0000] {processor.py:914} INFO - Processing file /home/usmail/sys_fraud/sys_detection_frauds/lib/python3.12/site-packages/airflow/example_dags/example_short_circuit_decorator.py for tasks to queue
[2025-03-21T20:56:49.514+0000] {logging_mixin.py:190} INFO - [2025-03-21T20:56:49.514+0000] {dagbag.py:588} INFO - Filling up the DagBag from /home/usmail/sys_fraud/sys_detection_frauds/lib/python3.12/site-packages/airflow/example_dags/example_short_circuit_decorator.py
[2025-03-21T20:56:49.523+0000] {processor.py:925} INFO - DAG(s) 'example_short_circuit_decorator' retrieved from /home/usmail/sys_fraud/sys_detection_frauds/lib/python3.12/site-packages/airflow/example_dags/example_short_circuit_decorator.py
[2025-03-21T20:56:49.534+0000] {logging_mixin.py:190} INFO - [2025-03-21T20:56:49.533+0000] {dag.py:3239} INFO - Sync 1 DAGs
[2025-03-21T20:56:49.541+0000] {logging_mixin.py:190} INFO - [2025-03-21T20:56:49.541+0000] {dag.py:4180} INFO - Setting next_dagrun for example_short_circuit_decorator to None, run_after=None
[2025-03-21T20:56:49.553+0000] {processor.py:208} INFO - Processing /home/usmail/sys_fraud/sys_detection_frauds/lib/python3.12/site-packages/airflow/example_dags/example_short_circuit_decorator.py took 0.052 seconds
[2025-03-21T20:57:43.346+0000] {processor.py:186} INFO - Started process (PID=3729077) to work on /home/usmail/sys_fraud/sys_detection_frauds/lib/python3.12/site-packages/airflow/example_dags/example_short_circuit_decorator.py
[2025-03-21T20:57:43.355+0000] {processor.py:914} INFO - Processing file /home/usmail/sys_fraud/sys_detection_frauds/lib/python3.12/site-packages/airflow/example_dags/example_short_circuit_decorator.py for tasks to queue
[2025-03-21T20:57:43.356+0000] {logging_mixin.py:190} INFO - [2025-03-21T20:57:43.355+0000] {dagbag.py:588} INFO - Filling up the DagBag from /home/usmail/sys_fraud/sys_detection_frauds/lib/python3.12/site-packages/airflow/example_dags/example_short_circuit_decorator.py
[2025-03-21T20:57:43.362+0000] {processor.py:925} INFO - DAG(s) 'example_short_circuit_decorator' retrieved from /home/usmail/sys_fraud/sys_detection_frauds/lib/python3.12/site-packages/airflow/example_dags/example_short_circuit_decorator.py
[2025-03-21T20:57:43.372+0000] {logging_mixin.py:190} INFO - [2025-03-21T20:57:43.372+0000] {dag.py:3239} INFO - Sync 1 DAGs
[2025-03-21T20:57:43.379+0000] {logging_mixin.py:190} INFO - [2025-03-21T20:57:43.379+0000] {dag.py:4180} INFO - Setting next_dagrun for example_short_circuit_decorator to None, run_after=None
[2025-03-21T20:57:43.391+0000] {processor.py:208} INFO - Processing /home/usmail/sys_fraud/sys_detection_frauds/lib/python3.12/site-packages/airflow/example_dags/example_short_circuit_decorator.py took 0.052 seconds
[2025-03-21T20:58:33.165+0000] {processor.py:186} INFO - Started process (PID=3729655) to work on /home/usmail/sys_fraud/sys_detection_frauds/lib/python3.12/site-packages/airflow/example_dags/example_short_circuit_decorator.py
[2025-03-21T20:58:33.174+0000] {processor.py:914} INFO - Processing file /home/usmail/sys_fraud/sys_detection_frauds/lib/python3.12/site-packages/airflow/example_dags/example_short_circuit_decorator.py for tasks to queue
[2025-03-21T20:58:33.177+0000] {logging_mixin.py:190} INFO - [2025-03-21T20:58:33.176+0000] {dagbag.py:588} INFO - Filling up the DagBag from /home/usmail/sys_fraud/sys_detection_frauds/lib/python3.12/site-packages/airflow/example_dags/example_short_circuit_decorator.py
[2025-03-21T20:58:33.188+0000] {processor.py:925} INFO - DAG(s) 'example_short_circuit_decorator' retrieved from /home/usmail/sys_fraud/sys_detection_frauds/lib/python3.12/site-packages/airflow/example_dags/example_short_circuit_decorator.py
[2025-03-21T20:58:33.198+0000] {logging_mixin.py:190} INFO - [2025-03-21T20:58:33.198+0000] {dag.py:3239} INFO - Sync 1 DAGs
[2025-03-21T20:58:33.205+0000] {logging_mixin.py:190} INFO - [2025-03-21T20:58:33.205+0000] {dag.py:4180} INFO - Setting next_dagrun for example_short_circuit_decorator to None, run_after=None
[2025-03-21T20:58:33.222+0000] {processor.py:208} INFO - Processing /home/usmail/sys_fraud/sys_detection_frauds/lib/python3.12/site-packages/airflow/example_dags/example_short_circuit_decorator.py took 0.063 seconds
[2025-03-21T20:59:36.354+0000] {processor.py:186} INFO - Started process (PID=3730562) to work on /home/usmail/sys_fraud/sys_detection_frauds/lib/python3.12/site-packages/airflow/example_dags/example_short_circuit_decorator.py
[2025-03-21T20:59:36.363+0000] {processor.py:914} INFO - Processing file /home/usmail/sys_fraud/sys_detection_frauds/lib/python3.12/site-packages/airflow/example_dags/example_short_circuit_decorator.py for tasks to queue
[2025-03-21T20:59:36.364+0000] {logging_mixin.py:190} INFO - [2025-03-21T20:59:36.364+0000] {dagbag.py:588} INFO - Filling up the DagBag from /home/usmail/sys_fraud/sys_detection_frauds/lib/python3.12/site-packages/airflow/example_dags/example_short_circuit_decorator.py
[2025-03-21T20:59:36.371+0000] {processor.py:925} INFO - DAG(s) 'example_short_circuit_decorator' retrieved from /home/usmail/sys_fraud/sys_detection_frauds/lib/python3.12/site-packages/airflow/example_dags/example_short_circuit_decorator.py
[2025-03-21T20:59:36.384+0000] {logging_mixin.py:190} INFO - [2025-03-21T20:59:36.384+0000] {dag.py:3239} INFO - Sync 1 DAGs
[2025-03-21T20:59:36.394+0000] {logging_mixin.py:190} INFO - [2025-03-21T20:59:36.393+0000] {dag.py:4180} INFO - Setting next_dagrun for example_short_circuit_decorator to None, run_after=None
[2025-03-21T20:59:36.429+0000] {processor.py:208} INFO - Processing /home/usmail/sys_fraud/sys_detection_frauds/lib/python3.12/site-packages/airflow/example_dags/example_short_circuit_decorator.py took 0.079 seconds
[2025-03-21T21:00:33.344+0000] {processor.py:186} INFO - Started process (PID=3731308) to work on /home/usmail/sys_fraud/sys_detection_frauds/lib/python3.12/site-packages/airflow/example_dags/example_short_circuit_decorator.py
[2025-03-21T21:00:33.352+0000] {processor.py:914} INFO - Processing file /home/usmail/sys_fraud/sys_detection_frauds/lib/python3.12/site-packages/airflow/example_dags/example_short_circuit_decorator.py for tasks to queue
[2025-03-21T21:00:33.354+0000] {logging_mixin.py:190} INFO - [2025-03-21T21:00:33.353+0000] {dagbag.py:588} INFO - Filling up the DagBag from /home/usmail/sys_fraud/sys_detection_frauds/lib/python3.12/site-packages/airflow/example_dags/example_short_circuit_decorator.py
[2025-03-21T21:00:33.360+0000] {processor.py:925} INFO - DAG(s) 'example_short_circuit_decorator' retrieved from /home/usmail/sys_fraud/sys_detection_frauds/lib/python3.12/site-packages/airflow/example_dags/example_short_circuit_decorator.py
[2025-03-21T21:00:33.370+0000] {logging_mixin.py:190} INFO - [2025-03-21T21:00:33.370+0000] {dag.py:3239} INFO - Sync 1 DAGs
[2025-03-21T21:00:33.377+0000] {logging_mixin.py:190} INFO - [2025-03-21T21:00:33.376+0000] {dag.py:4180} INFO - Setting next_dagrun for example_short_circuit_decorator to None, run_after=None
[2025-03-21T21:00:33.391+0000] {processor.py:208} INFO - Processing /home/usmail/sys_fraud/sys_detection_frauds/lib/python3.12/site-packages/airflow/example_dags/example_short_circuit_decorator.py took 0.050 seconds
[2025-03-21T21:01:27.987+0000] {processor.py:186} INFO - Started process (PID=3731979) to work on /home/usmail/sys_fraud/sys_detection_frauds/lib/python3.12/site-packages/airflow/example_dags/example_short_circuit_decorator.py
[2025-03-21T21:01:27.995+0000] {processor.py:914} INFO - Processing file /home/usmail/sys_fraud/sys_detection_frauds/lib/python3.12/site-packages/airflow/example_dags/example_short_circuit_decorator.py for tasks to queue
[2025-03-21T21:01:27.998+0000] {logging_mixin.py:190} INFO - [2025-03-21T21:01:27.998+0000] {dagbag.py:588} INFO - Filling up the DagBag from /home/usmail/sys_fraud/sys_detection_frauds/lib/python3.12/site-packages/airflow/example_dags/example_short_circuit_decorator.py
[2025-03-21T21:01:28.006+0000] {processor.py:925} INFO - DAG(s) 'example_short_circuit_decorator' retrieved from /home/usmail/sys_fraud/sys_detection_frauds/lib/python3.12/site-packages/airflow/example_dags/example_short_circuit_decorator.py
[2025-03-21T21:01:28.018+0000] {logging_mixin.py:190} INFO - [2025-03-21T21:01:28.018+0000] {dag.py:3239} INFO - Sync 1 DAGs
[2025-03-21T21:01:28.026+0000] {logging_mixin.py:190} INFO - [2025-03-21T21:01:28.025+0000] {dag.py:4180} INFO - Setting next_dagrun for example_short_circuit_decorator to None, run_after=None
[2025-03-21T21:01:28.051+0000] {processor.py:208} INFO - Processing /home/usmail/sys_fraud/sys_detection_frauds/lib/python3.12/site-packages/airflow/example_dags/example_short_circuit_decorator.py took 0.068 seconds
[2025-03-21T21:02:21.199+0000] {processor.py:186} INFO - Started process (PID=3732664) to work on /home/usmail/sys_fraud/sys_detection_frauds/lib/python3.12/site-packages/airflow/example_dags/example_short_circuit_decorator.py
[2025-03-21T21:02:21.208+0000] {processor.py:914} INFO - Processing file /home/usmail/sys_fraud/sys_detection_frauds/lib/python3.12/site-packages/airflow/example_dags/example_short_circuit_decorator.py for tasks to queue
[2025-03-21T21:02:21.211+0000] {logging_mixin.py:190} INFO - [2025-03-21T21:02:21.211+0000] {dagbag.py:588} INFO - Filling up the DagBag from /home/usmail/sys_fraud/sys_detection_frauds/lib/python3.12/site-packages/airflow/example_dags/example_short_circuit_decorator.py
[2025-03-21T21:02:21.220+0000] {processor.py:925} INFO - DAG(s) 'example_short_circuit_decorator' retrieved from /home/usmail/sys_fraud/sys_detection_frauds/lib/python3.12/site-packages/airflow/example_dags/example_short_circuit_decorator.py
[2025-03-21T21:02:21.231+0000] {logging_mixin.py:190} INFO - [2025-03-21T21:02:21.231+0000] {dag.py:3239} INFO - Sync 1 DAGs
[2025-03-21T21:02:21.239+0000] {logging_mixin.py:190} INFO - [2025-03-21T21:02:21.238+0000] {dag.py:4180} INFO - Setting next_dagrun for example_short_circuit_decorator to None, run_after=None
[2025-03-21T21:02:21.265+0000] {processor.py:208} INFO - Processing /home/usmail/sys_fraud/sys_detection_frauds/lib/python3.12/site-packages/airflow/example_dags/example_short_circuit_decorator.py took 0.071 seconds
[2025-03-21T21:03:16.242+0000] {processor.py:186} INFO - Started process (PID=3733364) to work on /home/usmail/sys_fraud/sys_detection_frauds/lib/python3.12/site-packages/airflow/example_dags/example_short_circuit_decorator.py
[2025-03-21T21:03:16.250+0000] {processor.py:914} INFO - Processing file /home/usmail/sys_fraud/sys_detection_frauds/lib/python3.12/site-packages/airflow/example_dags/example_short_circuit_decorator.py for tasks to queue
[2025-03-21T21:03:16.253+0000] {logging_mixin.py:190} INFO - [2025-03-21T21:03:16.252+0000] {dagbag.py:588} INFO - Filling up the DagBag from /home/usmail/sys_fraud/sys_detection_frauds/lib/python3.12/site-packages/airflow/example_dags/example_short_circuit_decorator.py
[2025-03-21T21:03:16.265+0000] {processor.py:925} INFO - DAG(s) 'example_short_circuit_decorator' retrieved from /home/usmail/sys_fraud/sys_detection_frauds/lib/python3.12/site-packages/airflow/example_dags/example_short_circuit_decorator.py
[2025-03-21T21:03:16.275+0000] {logging_mixin.py:190} INFO - [2025-03-21T21:03:16.275+0000] {dag.py:3239} INFO - Sync 1 DAGs
[2025-03-21T21:03:16.282+0000] {logging_mixin.py:190} INFO - [2025-03-21T21:03:16.282+0000] {dag.py:4180} INFO - Setting next_dagrun for example_short_circuit_decorator to None, run_after=None
[2025-03-21T21:03:16.307+0000] {processor.py:208} INFO - Processing /home/usmail/sys_fraud/sys_detection_frauds/lib/python3.12/site-packages/airflow/example_dags/example_short_circuit_decorator.py took 0.069 seconds
[2025-03-21T21:04:10.301+0000] {processor.py:186} INFO - Started process (PID=3734037) to work on /home/usmail/sys_fraud/sys_detection_frauds/lib/python3.12/site-packages/airflow/example_dags/example_short_circuit_decorator.py
[2025-03-21T21:04:10.302+0000] {processor.py:914} INFO - Processing file /home/usmail/sys_fraud/sys_detection_frauds/lib/python3.12/site-packages/airflow/example_dags/example_short_circuit_decorator.py for tasks to queue
[2025-03-21T21:04:10.304+0000] {logging_mixin.py:190} INFO - [2025-03-21T21:04:10.303+0000] {dagbag.py:588} INFO - Filling up the DagBag from /home/usmail/sys_fraud/sys_detection_frauds/lib/python3.12/site-packages/airflow/example_dags/example_short_circuit_decorator.py
[2025-03-21T21:04:10.309+0000] {processor.py:925} INFO - DAG(s) 'example_short_circuit_decorator' retrieved from /home/usmail/sys_fraud/sys_detection_frauds/lib/python3.12/site-packages/airflow/example_dags/example_short_circuit_decorator.py
[2025-03-21T21:04:10.320+0000] {logging_mixin.py:190} INFO - [2025-03-21T21:04:10.320+0000] {dag.py:3239} INFO - Sync 1 DAGs
[2025-03-21T21:04:10.404+0000] {logging_mixin.py:190} INFO - [2025-03-21T21:04:10.403+0000] {dag.py:4180} INFO - Setting next_dagrun for example_short_circuit_decorator to None, run_after=None
[2025-03-21T21:04:10.418+0000] {processor.py:208} INFO - Processing /home/usmail/sys_fraud/sys_detection_frauds/lib/python3.12/site-packages/airflow/example_dags/example_short_circuit_decorator.py took 0.122 seconds
[2025-03-21T21:05:06.297+0000] {processor.py:186} INFO - Started process (PID=3734933) to work on /home/usmail/sys_fraud/sys_detection_frauds/lib/python3.12/site-packages/airflow/example_dags/example_short_circuit_decorator.py
[2025-03-21T21:05:06.306+0000] {processor.py:914} INFO - Processing file /home/usmail/sys_fraud/sys_detection_frauds/lib/python3.12/site-packages/airflow/example_dags/example_short_circuit_decorator.py for tasks to queue
[2025-03-21T21:05:06.307+0000] {logging_mixin.py:190} INFO - [2025-03-21T21:05:06.307+0000] {dagbag.py:588} INFO - Filling up the DagBag from /home/usmail/sys_fraud/sys_detection_frauds/lib/python3.12/site-packages/airflow/example_dags/example_short_circuit_decorator.py
[2025-03-21T21:05:06.312+0000] {processor.py:925} INFO - DAG(s) 'example_short_circuit_decorator' retrieved from /home/usmail/sys_fraud/sys_detection_frauds/lib/python3.12/site-packages/airflow/example_dags/example_short_circuit_decorator.py
[2025-03-21T21:05:06.323+0000] {logging_mixin.py:190} INFO - [2025-03-21T21:05:06.322+0000] {dag.py:3239} INFO - Sync 1 DAGs
[2025-03-21T21:05:06.330+0000] {logging_mixin.py:190} INFO - [2025-03-21T21:05:06.330+0000] {dag.py:4180} INFO - Setting next_dagrun for example_short_circuit_decorator to None, run_after=None
[2025-03-21T21:05:06.348+0000] {processor.py:208} INFO - Processing /home/usmail/sys_fraud/sys_detection_frauds/lib/python3.12/site-packages/airflow/example_dags/example_short_circuit_decorator.py took 0.055 seconds
[2025-03-21T21:06:00.299+0000] {processor.py:186} INFO - Started process (PID=3735697) to work on /home/usmail/sys_fraud/sys_detection_frauds/lib/python3.12/site-packages/airflow/example_dags/example_short_circuit_decorator.py
[2025-03-21T21:06:00.307+0000] {processor.py:914} INFO - Processing file /home/usmail/sys_fraud/sys_detection_frauds/lib/python3.12/site-packages/airflow/example_dags/example_short_circuit_decorator.py for tasks to queue
[2025-03-21T21:06:00.310+0000] {logging_mixin.py:190} INFO - [2025-03-21T21:06:00.309+0000] {dagbag.py:588} INFO - Filling up the DagBag from /home/usmail/sys_fraud/sys_detection_frauds/lib/python3.12/site-packages/airflow/example_dags/example_short_circuit_decorator.py
[2025-03-21T21:06:00.319+0000] {processor.py:925} INFO - DAG(s) 'example_short_circuit_decorator' retrieved from /home/usmail/sys_fraud/sys_detection_frauds/lib/python3.12/site-packages/airflow/example_dags/example_short_circuit_decorator.py
[2025-03-21T21:06:00.329+0000] {logging_mixin.py:190} INFO - [2025-03-21T21:06:00.329+0000] {dag.py:3239} INFO - Sync 1 DAGs
[2025-03-21T21:06:00.336+0000] {logging_mixin.py:190} INFO - [2025-03-21T21:06:00.336+0000] {dag.py:4180} INFO - Setting next_dagrun for example_short_circuit_decorator to None, run_after=None
[2025-03-21T21:06:00.348+0000] {processor.py:208} INFO - Processing /home/usmail/sys_fraud/sys_detection_frauds/lib/python3.12/site-packages/airflow/example_dags/example_short_circuit_decorator.py took 0.056 seconds
[2025-03-21T21:06:52.514+0000] {processor.py:186} INFO - Started process (PID=3736998) to work on /home/usmail/sys_fraud/sys_detection_frauds/lib/python3.12/site-packages/airflow/example_dags/example_short_circuit_decorator.py
[2025-03-21T21:06:52.522+0000] {processor.py:914} INFO - Processing file /home/usmail/sys_fraud/sys_detection_frauds/lib/python3.12/site-packages/airflow/example_dags/example_short_circuit_decorator.py for tasks to queue
[2025-03-21T21:06:52.524+0000] {logging_mixin.py:190} INFO - [2025-03-21T21:06:52.523+0000] {dagbag.py:588} INFO - Filling up the DagBag from /home/usmail/sys_fraud/sys_detection_frauds/lib/python3.12/site-packages/airflow/example_dags/example_short_circuit_decorator.py
[2025-03-21T21:06:52.530+0000] {processor.py:925} INFO - DAG(s) 'example_short_circuit_decorator' retrieved from /home/usmail/sys_fraud/sys_detection_frauds/lib/python3.12/site-packages/airflow/example_dags/example_short_circuit_decorator.py
[2025-03-21T21:06:52.540+0000] {logging_mixin.py:190} INFO - [2025-03-21T21:06:52.539+0000] {dag.py:3239} INFO - Sync 1 DAGs
[2025-03-21T21:06:52.547+0000] {logging_mixin.py:190} INFO - [2025-03-21T21:06:52.546+0000] {dag.py:4180} INFO - Setting next_dagrun for example_short_circuit_decorator to None, run_after=None
[2025-03-21T21:06:52.587+0000] {processor.py:208} INFO - Processing /home/usmail/sys_fraud/sys_detection_frauds/lib/python3.12/site-packages/airflow/example_dags/example_short_circuit_decorator.py took 0.078 seconds
[2025-03-21T21:07:48.344+0000] {processor.py:186} INFO - Started process (PID=3737700) to work on /home/usmail/sys_fraud/sys_detection_frauds/lib/python3.12/site-packages/airflow/example_dags/example_short_circuit_decorator.py
[2025-03-21T21:07:48.353+0000] {processor.py:914} INFO - Processing file /home/usmail/sys_fraud/sys_detection_frauds/lib/python3.12/site-packages/airflow/example_dags/example_short_circuit_decorator.py for tasks to queue
[2025-03-21T21:07:48.354+0000] {logging_mixin.py:190} INFO - [2025-03-21T21:07:48.354+0000] {dagbag.py:588} INFO - Filling up the DagBag from /home/usmail/sys_fraud/sys_detection_frauds/lib/python3.12/site-packages/airflow/example_dags/example_short_circuit_decorator.py
[2025-03-21T21:07:48.360+0000] {processor.py:925} INFO - DAG(s) 'example_short_circuit_decorator' retrieved from /home/usmail/sys_fraud/sys_detection_frauds/lib/python3.12/site-packages/airflow/example_dags/example_short_circuit_decorator.py
[2025-03-21T21:07:48.372+0000] {logging_mixin.py:190} INFO - [2025-03-21T21:07:48.372+0000] {dag.py:3239} INFO - Sync 1 DAGs
[2025-03-21T21:07:48.381+0000] {logging_mixin.py:190} INFO - [2025-03-21T21:07:48.380+0000] {dag.py:4180} INFO - Setting next_dagrun for example_short_circuit_decorator to None, run_after=None
[2025-03-21T21:07:48.397+0000] {processor.py:208} INFO - Processing /home/usmail/sys_fraud/sys_detection_frauds/lib/python3.12/site-packages/airflow/example_dags/example_short_circuit_decorator.py took 0.057 seconds
[2025-03-21T21:08:51.393+0000] {processor.py:186} INFO - Started process (PID=3738478) to work on /home/usmail/sys_fraud/sys_detection_frauds/lib/python3.12/site-packages/airflow/example_dags/example_short_circuit_decorator.py
[2025-03-21T21:08:51.402+0000] {processor.py:914} INFO - Processing file /home/usmail/sys_fraud/sys_detection_frauds/lib/python3.12/site-packages/airflow/example_dags/example_short_circuit_decorator.py for tasks to queue
[2025-03-21T21:08:51.406+0000] {logging_mixin.py:190} INFO - [2025-03-21T21:08:51.405+0000] {dagbag.py:588} INFO - Filling up the DagBag from /home/usmail/sys_fraud/sys_detection_frauds/lib/python3.12/site-packages/airflow/example_dags/example_short_circuit_decorator.py
[2025-03-21T21:08:51.423+0000] {processor.py:925} INFO - DAG(s) 'example_short_circuit_decorator' retrieved from /home/usmail/sys_fraud/sys_detection_frauds/lib/python3.12/site-packages/airflow/example_dags/example_short_circuit_decorator.py
[2025-03-21T21:08:51.452+0000] {logging_mixin.py:190} INFO - [2025-03-21T21:08:51.451+0000] {dag.py:3239} INFO - Sync 1 DAGs
[2025-03-21T21:08:51.470+0000] {logging_mixin.py:190} INFO - [2025-03-21T21:08:51.469+0000] {dag.py:4180} INFO - Setting next_dagrun for example_short_circuit_decorator to None, run_after=None
[2025-03-21T21:08:51.497+0000] {processor.py:208} INFO - Processing /home/usmail/sys_fraud/sys_detection_frauds/lib/python3.12/site-packages/airflow/example_dags/example_short_circuit_decorator.py took 0.116 seconds
[2025-03-21T21:09:47.900+0000] {processor.py:186} INFO - Started process (PID=3739339) to work on /home/usmail/sys_fraud/sys_detection_frauds/lib/python3.12/site-packages/airflow/example_dags/example_short_circuit_decorator.py
[2025-03-21T21:09:47.909+0000] {processor.py:914} INFO - Processing file /home/usmail/sys_fraud/sys_detection_frauds/lib/python3.12/site-packages/airflow/example_dags/example_short_circuit_decorator.py for tasks to queue
[2025-03-21T21:09:47.912+0000] {logging_mixin.py:190} INFO - [2025-03-21T21:09:47.912+0000] {dagbag.py:588} INFO - Filling up the DagBag from /home/usmail/sys_fraud/sys_detection_frauds/lib/python3.12/site-packages/airflow/example_dags/example_short_circuit_decorator.py
[2025-03-21T21:09:47.928+0000] {processor.py:925} INFO - DAG(s) 'example_short_circuit_decorator' retrieved from /home/usmail/sys_fraud/sys_detection_frauds/lib/python3.12/site-packages/airflow/example_dags/example_short_circuit_decorator.py
[2025-03-21T21:09:47.955+0000] {logging_mixin.py:190} INFO - [2025-03-21T21:09:47.955+0000] {dag.py:3239} INFO - Sync 1 DAGs
[2025-03-21T21:09:47.968+0000] {logging_mixin.py:190} INFO - [2025-03-21T21:09:47.968+0000] {dag.py:4180} INFO - Setting next_dagrun for example_short_circuit_decorator to None, run_after=None
[2025-03-21T21:09:47.984+0000] {processor.py:208} INFO - Processing /home/usmail/sys_fraud/sys_detection_frauds/lib/python3.12/site-packages/airflow/example_dags/example_short_circuit_decorator.py took 0.095 seconds
[2025-03-21T21:10:45.398+0000] {processor.py:186} INFO - Started process (PID=3740783) to work on /home/usmail/sys_fraud/sys_detection_frauds/lib/python3.12/site-packages/airflow/example_dags/example_short_circuit_decorator.py
[2025-03-21T21:10:45.407+0000] {processor.py:914} INFO - Processing file /home/usmail/sys_fraud/sys_detection_frauds/lib/python3.12/site-packages/airflow/example_dags/example_short_circuit_decorator.py for tasks to queue
[2025-03-21T21:10:45.411+0000] {logging_mixin.py:190} INFO - [2025-03-21T21:10:45.410+0000] {dagbag.py:588} INFO - Filling up the DagBag from /home/usmail/sys_fraud/sys_detection_frauds/lib/python3.12/site-packages/airflow/example_dags/example_short_circuit_decorator.py
[2025-03-21T21:10:45.427+0000] {processor.py:925} INFO - DAG(s) 'example_short_circuit_decorator' retrieved from /home/usmail/sys_fraud/sys_detection_frauds/lib/python3.12/site-packages/airflow/example_dags/example_short_circuit_decorator.py
[2025-03-21T21:10:45.454+0000] {logging_mixin.py:190} INFO - [2025-03-21T21:10:45.453+0000] {dag.py:3239} INFO - Sync 1 DAGs
[2025-03-21T21:10:45.465+0000] {logging_mixin.py:190} INFO - [2025-03-21T21:10:45.465+0000] {dag.py:4180} INFO - Setting next_dagrun for example_short_circuit_decorator to None, run_after=None
[2025-03-21T21:10:45.482+0000] {processor.py:208} INFO - Processing /home/usmail/sys_fraud/sys_detection_frauds/lib/python3.12/site-packages/airflow/example_dags/example_short_circuit_decorator.py took 0.095 seconds
[2025-03-21T21:11:41.977+0000] {processor.py:186} INFO - Started process (PID=3741902) to work on /home/usmail/sys_fraud/sys_detection_frauds/lib/python3.12/site-packages/airflow/example_dags/example_short_circuit_decorator.py
[2025-03-21T21:11:41.986+0000] {processor.py:914} INFO - Processing file /home/usmail/sys_fraud/sys_detection_frauds/lib/python3.12/site-packages/airflow/example_dags/example_short_circuit_decorator.py for tasks to queue
[2025-03-21T21:11:41.988+0000] {logging_mixin.py:190} INFO - [2025-03-21T21:11:41.987+0000] {dagbag.py:588} INFO - Filling up the DagBag from /home/usmail/sys_fraud/sys_detection_frauds/lib/python3.12/site-packages/airflow/example_dags/example_short_circuit_decorator.py
[2025-03-21T21:11:41.995+0000] {processor.py:925} INFO - DAG(s) 'example_short_circuit_decorator' retrieved from /home/usmail/sys_fraud/sys_detection_frauds/lib/python3.12/site-packages/airflow/example_dags/example_short_circuit_decorator.py
[2025-03-21T21:11:42.010+0000] {logging_mixin.py:190} INFO - [2025-03-21T21:11:42.009+0000] {dag.py:3239} INFO - Sync 1 DAGs
[2025-03-21T21:11:42.019+0000] {logging_mixin.py:190} INFO - [2025-03-21T21:11:42.019+0000] {dag.py:4180} INFO - Setting next_dagrun for example_short_circuit_decorator to None, run_after=None
[2025-03-21T21:11:42.044+0000] {processor.py:208} INFO - Processing /home/usmail/sys_fraud/sys_detection_frauds/lib/python3.12/site-packages/airflow/example_dags/example_short_circuit_decorator.py took 0.072 seconds
[2025-03-21T21:12:35.894+0000] {processor.py:186} INFO - Started process (PID=3742997) to work on /home/usmail/sys_fraud/sys_detection_frauds/lib/python3.12/site-packages/airflow/example_dags/example_short_circuit_decorator.py
[2025-03-21T21:12:35.902+0000] {processor.py:914} INFO - Processing file /home/usmail/sys_fraud/sys_detection_frauds/lib/python3.12/site-packages/airflow/example_dags/example_short_circuit_decorator.py for tasks to queue
[2025-03-21T21:12:35.904+0000] {logging_mixin.py:190} INFO - [2025-03-21T21:12:35.903+0000] {dagbag.py:588} INFO - Filling up the DagBag from /home/usmail/sys_fraud/sys_detection_frauds/lib/python3.12/site-packages/airflow/example_dags/example_short_circuit_decorator.py
[2025-03-21T21:12:35.911+0000] {processor.py:925} INFO - DAG(s) 'example_short_circuit_decorator' retrieved from /home/usmail/sys_fraud/sys_detection_frauds/lib/python3.12/site-packages/airflow/example_dags/example_short_circuit_decorator.py
[2025-03-21T21:12:35.925+0000] {logging_mixin.py:190} INFO - [2025-03-21T21:12:35.925+0000] {dag.py:3239} INFO - Sync 1 DAGs
[2025-03-21T21:12:35.934+0000] {logging_mixin.py:190} INFO - [2025-03-21T21:12:35.934+0000] {dag.py:4180} INFO - Setting next_dagrun for example_short_circuit_decorator to None, run_after=None
[2025-03-21T21:12:35.950+0000] {processor.py:208} INFO - Processing /home/usmail/sys_fraud/sys_detection_frauds/lib/python3.12/site-packages/airflow/example_dags/example_short_circuit_decorator.py took 0.062 seconds
[2025-03-21T21:13:27.777+0000] {processor.py:186} INFO - Started process (PID=3743930) to work on /home/usmail/sys_fraud/sys_detection_frauds/lib/python3.12/site-packages/airflow/example_dags/example_short_circuit_decorator.py
[2025-03-21T21:13:27.785+0000] {processor.py:914} INFO - Processing file /home/usmail/sys_fraud/sys_detection_frauds/lib/python3.12/site-packages/airflow/example_dags/example_short_circuit_decorator.py for tasks to queue
[2025-03-21T21:13:27.787+0000] {logging_mixin.py:190} INFO - [2025-03-21T21:13:27.786+0000] {dagbag.py:588} INFO - Filling up the DagBag from /home/usmail/sys_fraud/sys_detection_frauds/lib/python3.12/site-packages/airflow/example_dags/example_short_circuit_decorator.py
[2025-03-21T21:13:27.794+0000] {processor.py:925} INFO - DAG(s) 'example_short_circuit_decorator' retrieved from /home/usmail/sys_fraud/sys_detection_frauds/lib/python3.12/site-packages/airflow/example_dags/example_short_circuit_decorator.py
[2025-03-21T21:13:27.809+0000] {logging_mixin.py:190} INFO - [2025-03-21T21:13:27.808+0000] {dag.py:3239} INFO - Sync 1 DAGs
[2025-03-21T21:13:27.819+0000] {logging_mixin.py:190} INFO - [2025-03-21T21:13:27.819+0000] {dag.py:4180} INFO - Setting next_dagrun for example_short_circuit_decorator to None, run_after=None
[2025-03-21T21:13:27.835+0000] {processor.py:208} INFO - Processing /home/usmail/sys_fraud/sys_detection_frauds/lib/python3.12/site-packages/airflow/example_dags/example_short_circuit_decorator.py took 0.064 seconds
[2025-03-21T21:14:19.408+0000] {processor.py:186} INFO - Started process (PID=3744756) to work on /home/usmail/sys_fraud/sys_detection_frauds/lib/python3.12/site-packages/airflow/example_dags/example_short_circuit_decorator.py
[2025-03-21T21:14:19.417+0000] {processor.py:914} INFO - Processing file /home/usmail/sys_fraud/sys_detection_frauds/lib/python3.12/site-packages/airflow/example_dags/example_short_circuit_decorator.py for tasks to queue
[2025-03-21T21:14:19.420+0000] {logging_mixin.py:190} INFO - [2025-03-21T21:14:19.420+0000] {dagbag.py:588} INFO - Filling up the DagBag from /home/usmail/sys_fraud/sys_detection_frauds/lib/python3.12/site-packages/airflow/example_dags/example_short_circuit_decorator.py
[2025-03-21T21:14:19.436+0000] {processor.py:925} INFO - DAG(s) 'example_short_circuit_decorator' retrieved from /home/usmail/sys_fraud/sys_detection_frauds/lib/python3.12/site-packages/airflow/example_dags/example_short_circuit_decorator.py
[2025-03-21T21:14:19.463+0000] {logging_mixin.py:190} INFO - [2025-03-21T21:14:19.462+0000] {dag.py:3239} INFO - Sync 1 DAGs
[2025-03-21T21:14:19.475+0000] {logging_mixin.py:190} INFO - [2025-03-21T21:14:19.475+0000] {dag.py:4180} INFO - Setting next_dagrun for example_short_circuit_decorator to None, run_after=None
[2025-03-21T21:14:19.495+0000] {processor.py:208} INFO - Processing /home/usmail/sys_fraud/sys_detection_frauds/lib/python3.12/site-packages/airflow/example_dags/example_short_circuit_decorator.py took 0.099 seconds
[2025-03-21T21:15:20.737+0000] {processor.py:186} INFO - Started process (PID=3745519) to work on /home/usmail/sys_fraud/sys_detection_frauds/lib/python3.12/site-packages/airflow/example_dags/example_short_circuit_decorator.py
[2025-03-21T21:15:20.746+0000] {processor.py:914} INFO - Processing file /home/usmail/sys_fraud/sys_detection_frauds/lib/python3.12/site-packages/airflow/example_dags/example_short_circuit_decorator.py for tasks to queue
[2025-03-21T21:15:20.749+0000] {logging_mixin.py:190} INFO - [2025-03-21T21:15:20.749+0000] {dagbag.py:588} INFO - Filling up the DagBag from /home/usmail/sys_fraud/sys_detection_frauds/lib/python3.12/site-packages/airflow/example_dags/example_short_circuit_decorator.py
[2025-03-21T21:15:20.765+0000] {processor.py:925} INFO - DAG(s) 'example_short_circuit_decorator' retrieved from /home/usmail/sys_fraud/sys_detection_frauds/lib/python3.12/site-packages/airflow/example_dags/example_short_circuit_decorator.py
[2025-03-21T21:15:20.794+0000] {logging_mixin.py:190} INFO - [2025-03-21T21:15:20.793+0000] {dag.py:3239} INFO - Sync 1 DAGs
[2025-03-21T21:15:20.808+0000] {logging_mixin.py:190} INFO - [2025-03-21T21:15:20.808+0000] {dag.py:4180} INFO - Setting next_dagrun for example_short_circuit_decorator to None, run_after=None
[2025-03-21T21:15:20.824+0000] {processor.py:208} INFO - Processing /home/usmail/sys_fraud/sys_detection_frauds/lib/python3.12/site-packages/airflow/example_dags/example_short_circuit_decorator.py took 0.099 seconds
[2025-03-21T21:16:21.781+0000] {processor.py:186} INFO - Started process (PID=3746294) to work on /home/usmail/sys_fraud/sys_detection_frauds/lib/python3.12/site-packages/airflow/example_dags/example_short_circuit_decorator.py
[2025-03-21T21:16:21.791+0000] {processor.py:914} INFO - Processing file /home/usmail/sys_fraud/sys_detection_frauds/lib/python3.12/site-packages/airflow/example_dags/example_short_circuit_decorator.py for tasks to queue
[2025-03-21T21:16:21.794+0000] {logging_mixin.py:190} INFO - [2025-03-21T21:16:21.793+0000] {dagbag.py:588} INFO - Filling up the DagBag from /home/usmail/sys_fraud/sys_detection_frauds/lib/python3.12/site-packages/airflow/example_dags/example_short_circuit_decorator.py
[2025-03-21T21:16:21.806+0000] {processor.py:925} INFO - DAG(s) 'example_short_circuit_decorator' retrieved from /home/usmail/sys_fraud/sys_detection_frauds/lib/python3.12/site-packages/airflow/example_dags/example_short_circuit_decorator.py
[2025-03-21T21:16:21.824+0000] {logging_mixin.py:190} INFO - [2025-03-21T21:16:21.824+0000] {dag.py:3239} INFO - Sync 1 DAGs
[2025-03-21T21:16:21.834+0000] {logging_mixin.py:190} INFO - [2025-03-21T21:16:21.834+0000] {dag.py:4180} INFO - Setting next_dagrun for example_short_circuit_decorator to None, run_after=None
[2025-03-21T21:16:21.850+0000] {processor.py:208} INFO - Processing /home/usmail/sys_fraud/sys_detection_frauds/lib/python3.12/site-packages/airflow/example_dags/example_short_circuit_decorator.py took 0.080 seconds
[2025-03-21T21:17:23.149+0000] {processor.py:186} INFO - Started process (PID=3747059) to work on /home/usmail/sys_fraud/sys_detection_frauds/lib/python3.12/site-packages/airflow/example_dags/example_short_circuit_decorator.py
[2025-03-21T21:17:23.159+0000] {processor.py:914} INFO - Processing file /home/usmail/sys_fraud/sys_detection_frauds/lib/python3.12/site-packages/airflow/example_dags/example_short_circuit_decorator.py for tasks to queue
[2025-03-21T21:17:23.162+0000] {logging_mixin.py:190} INFO - [2025-03-21T21:17:23.161+0000] {dagbag.py:588} INFO - Filling up the DagBag from /home/usmail/sys_fraud/sys_detection_frauds/lib/python3.12/site-packages/airflow/example_dags/example_short_circuit_decorator.py
[2025-03-21T21:17:23.178+0000] {processor.py:925} INFO - DAG(s) 'example_short_circuit_decorator' retrieved from /home/usmail/sys_fraud/sys_detection_frauds/lib/python3.12/site-packages/airflow/example_dags/example_short_circuit_decorator.py
[2025-03-21T21:17:23.206+0000] {logging_mixin.py:190} INFO - [2025-03-21T21:17:23.206+0000] {dag.py:3239} INFO - Sync 1 DAGs
[2025-03-21T21:17:23.220+0000] {logging_mixin.py:190} INFO - [2025-03-21T21:17:23.220+0000] {dag.py:4180} INFO - Setting next_dagrun for example_short_circuit_decorator to None, run_after=None
[2025-03-21T21:17:23.241+0000] {processor.py:208} INFO - Processing /home/usmail/sys_fraud/sys_detection_frauds/lib/python3.12/site-packages/airflow/example_dags/example_short_circuit_decorator.py took 0.104 seconds
[2025-03-21T21:18:29.541+0000] {processor.py:186} INFO - Started process (PID=3747873) to work on /home/usmail/sys_fraud/sys_detection_frauds/lib/python3.12/site-packages/airflow/example_dags/example_short_circuit_decorator.py
[2025-03-21T21:18:29.550+0000] {processor.py:914} INFO - Processing file /home/usmail/sys_fraud/sys_detection_frauds/lib/python3.12/site-packages/airflow/example_dags/example_short_circuit_decorator.py for tasks to queue
[2025-03-21T21:18:29.553+0000] {logging_mixin.py:190} INFO - [2025-03-21T21:18:29.553+0000] {dagbag.py:588} INFO - Filling up the DagBag from /home/usmail/sys_fraud/sys_detection_frauds/lib/python3.12/site-packages/airflow/example_dags/example_short_circuit_decorator.py
[2025-03-21T21:18:29.569+0000] {processor.py:925} INFO - DAG(s) 'example_short_circuit_decorator' retrieved from /home/usmail/sys_fraud/sys_detection_frauds/lib/python3.12/site-packages/airflow/example_dags/example_short_circuit_decorator.py
[2025-03-21T21:18:29.597+0000] {logging_mixin.py:190} INFO - [2025-03-21T21:18:29.597+0000] {dag.py:3239} INFO - Sync 1 DAGs
[2025-03-21T21:18:29.611+0000] {logging_mixin.py:190} INFO - [2025-03-21T21:18:29.611+0000] {dag.py:4180} INFO - Setting next_dagrun for example_short_circuit_decorator to None, run_after=None
[2025-03-21T21:18:29.650+0000] {processor.py:208} INFO - Processing /home/usmail/sys_fraud/sys_detection_frauds/lib/python3.12/site-packages/airflow/example_dags/example_short_circuit_decorator.py took 0.121 seconds
[2025-03-21T21:19:31.641+0000] {processor.py:186} INFO - Started process (PID=3748645) to work on /home/usmail/sys_fraud/sys_detection_frauds/lib/python3.12/site-packages/airflow/example_dags/example_short_circuit_decorator.py
[2025-03-21T21:19:31.650+0000] {processor.py:914} INFO - Processing file /home/usmail/sys_fraud/sys_detection_frauds/lib/python3.12/site-packages/airflow/example_dags/example_short_circuit_decorator.py for tasks to queue
[2025-03-21T21:19:31.653+0000] {logging_mixin.py:190} INFO - [2025-03-21T21:19:31.652+0000] {dagbag.py:588} INFO - Filling up the DagBag from /home/usmail/sys_fraud/sys_detection_frauds/lib/python3.12/site-packages/airflow/example_dags/example_short_circuit_decorator.py
[2025-03-21T21:19:31.663+0000] {processor.py:925} INFO - DAG(s) 'example_short_circuit_decorator' retrieved from /home/usmail/sys_fraud/sys_detection_frauds/lib/python3.12/site-packages/airflow/example_dags/example_short_circuit_decorator.py
[2025-03-21T21:19:31.680+0000] {logging_mixin.py:190} INFO - [2025-03-21T21:19:31.680+0000] {dag.py:3239} INFO - Sync 1 DAGs
[2025-03-21T21:19:31.695+0000] {logging_mixin.py:190} INFO - [2025-03-21T21:19:31.695+0000] {dag.py:4180} INFO - Setting next_dagrun for example_short_circuit_decorator to None, run_after=None
[2025-03-21T21:19:31.712+0000] {processor.py:208} INFO - Processing /home/usmail/sys_fraud/sys_detection_frauds/lib/python3.12/site-packages/airflow/example_dags/example_short_circuit_decorator.py took 0.082 seconds
[2025-03-21T21:20:35.478+0000] {processor.py:186} INFO - Started process (PID=3749403) to work on /home/usmail/sys_fraud/sys_detection_frauds/lib/python3.12/site-packages/airflow/example_dags/example_short_circuit_decorator.py
[2025-03-21T21:20:35.488+0000] {processor.py:914} INFO - Processing file /home/usmail/sys_fraud/sys_detection_frauds/lib/python3.12/site-packages/airflow/example_dags/example_short_circuit_decorator.py for tasks to queue
[2025-03-21T21:20:35.491+0000] {logging_mixin.py:190} INFO - [2025-03-21T21:20:35.490+0000] {dagbag.py:588} INFO - Filling up the DagBag from /home/usmail/sys_fraud/sys_detection_frauds/lib/python3.12/site-packages/airflow/example_dags/example_short_circuit_decorator.py
[2025-03-21T21:20:35.507+0000] {processor.py:925} INFO - DAG(s) 'example_short_circuit_decorator' retrieved from /home/usmail/sys_fraud/sys_detection_frauds/lib/python3.12/site-packages/airflow/example_dags/example_short_circuit_decorator.py
[2025-03-21T21:20:35.535+0000] {logging_mixin.py:190} INFO - [2025-03-21T21:20:35.534+0000] {dag.py:3239} INFO - Sync 1 DAGs
[2025-03-21T21:20:35.549+0000] {logging_mixin.py:190} INFO - [2025-03-21T21:20:35.549+0000] {dag.py:4180} INFO - Setting next_dagrun for example_short_circuit_decorator to None, run_after=None
[2025-03-21T21:20:35.582+0000] {processor.py:208} INFO - Processing /home/usmail/sys_fraud/sys_detection_frauds/lib/python3.12/site-packages/airflow/example_dags/example_short_circuit_decorator.py took 0.116 seconds
[2025-03-21T21:21:39.690+0000] {processor.py:186} INFO - Started process (PID=3750206) to work on /home/usmail/sys_fraud/sys_detection_frauds/lib/python3.12/site-packages/airflow/example_dags/example_short_circuit_decorator.py
[2025-03-21T21:21:39.699+0000] {processor.py:914} INFO - Processing file /home/usmail/sys_fraud/sys_detection_frauds/lib/python3.12/site-packages/airflow/example_dags/example_short_circuit_decorator.py for tasks to queue
[2025-03-21T21:21:39.702+0000] {logging_mixin.py:190} INFO - [2025-03-21T21:21:39.702+0000] {dagbag.py:588} INFO - Filling up the DagBag from /home/usmail/sys_fraud/sys_detection_frauds/lib/python3.12/site-packages/airflow/example_dags/example_short_circuit_decorator.py
[2025-03-21T21:21:39.719+0000] {processor.py:925} INFO - DAG(s) 'example_short_circuit_decorator' retrieved from /home/usmail/sys_fraud/sys_detection_frauds/lib/python3.12/site-packages/airflow/example_dags/example_short_circuit_decorator.py
[2025-03-21T21:21:39.746+0000] {logging_mixin.py:190} INFO - [2025-03-21T21:21:39.746+0000] {dag.py:3239} INFO - Sync 1 DAGs
[2025-03-21T21:21:39.760+0000] {logging_mixin.py:190} INFO - [2025-03-21T21:21:39.760+0000] {dag.py:4180} INFO - Setting next_dagrun for example_short_circuit_decorator to None, run_after=None
[2025-03-21T21:21:39.776+0000] {processor.py:208} INFO - Processing /home/usmail/sys_fraud/sys_detection_frauds/lib/python3.12/site-packages/airflow/example_dags/example_short_circuit_decorator.py took 0.098 seconds
[2025-03-21T21:22:47.463+0000] {processor.py:186} INFO - Started process (PID=3751048) to work on /home/usmail/sys_fraud/sys_detection_frauds/lib/python3.12/site-packages/airflow/example_dags/example_short_circuit_decorator.py
[2025-03-21T21:22:47.472+0000] {processor.py:914} INFO - Processing file /home/usmail/sys_fraud/sys_detection_frauds/lib/python3.12/site-packages/airflow/example_dags/example_short_circuit_decorator.py for tasks to queue
[2025-03-21T21:22:47.476+0000] {logging_mixin.py:190} INFO - [2025-03-21T21:22:47.475+0000] {dagbag.py:588} INFO - Filling up the DagBag from /home/usmail/sys_fraud/sys_detection_frauds/lib/python3.12/site-packages/airflow/example_dags/example_short_circuit_decorator.py
[2025-03-21T21:22:47.491+0000] {processor.py:925} INFO - DAG(s) 'example_short_circuit_decorator' retrieved from /home/usmail/sys_fraud/sys_detection_frauds/lib/python3.12/site-packages/airflow/example_dags/example_short_circuit_decorator.py
[2025-03-21T21:22:47.519+0000] {logging_mixin.py:190} INFO - [2025-03-21T21:22:47.519+0000] {dag.py:3239} INFO - Sync 1 DAGs
[2025-03-21T21:22:47.532+0000] {logging_mixin.py:190} INFO - [2025-03-21T21:22:47.532+0000] {dag.py:4180} INFO - Setting next_dagrun for example_short_circuit_decorator to None, run_after=None
[2025-03-21T21:22:47.554+0000] {processor.py:208} INFO - Processing /home/usmail/sys_fraud/sys_detection_frauds/lib/python3.12/site-packages/airflow/example_dags/example_short_circuit_decorator.py took 0.102 seconds
[2025-03-21T21:23:49.568+0000] {processor.py:186} INFO - Started process (PID=3751795) to work on /home/usmail/sys_fraud/sys_detection_frauds/lib/python3.12/site-packages/airflow/example_dags/example_short_circuit_decorator.py
[2025-03-21T21:23:49.576+0000] {processor.py:914} INFO - Processing file /home/usmail/sys_fraud/sys_detection_frauds/lib/python3.12/site-packages/airflow/example_dags/example_short_circuit_decorator.py for tasks to queue
[2025-03-21T21:23:49.578+0000] {logging_mixin.py:190} INFO - [2025-03-21T21:23:49.578+0000] {dagbag.py:588} INFO - Filling up the DagBag from /home/usmail/sys_fraud/sys_detection_frauds/lib/python3.12/site-packages/airflow/example_dags/example_short_circuit_decorator.py
[2025-03-21T21:23:49.586+0000] {processor.py:925} INFO - DAG(s) 'example_short_circuit_decorator' retrieved from /home/usmail/sys_fraud/sys_detection_frauds/lib/python3.12/site-packages/airflow/example_dags/example_short_circuit_decorator.py
[2025-03-21T21:23:49.601+0000] {logging_mixin.py:190} INFO - [2025-03-21T21:23:49.601+0000] {dag.py:3239} INFO - Sync 1 DAGs
[2025-03-21T21:23:49.611+0000] {logging_mixin.py:190} INFO - [2025-03-21T21:23:49.611+0000] {dag.py:4180} INFO - Setting next_dagrun for example_short_circuit_decorator to None, run_after=None
[2025-03-21T21:23:49.638+0000] {processor.py:208} INFO - Processing /home/usmail/sys_fraud/sys_detection_frauds/lib/python3.12/site-packages/airflow/example_dags/example_short_circuit_decorator.py took 0.076 seconds
[2025-03-21T21:24:51.962+0000] {processor.py:186} INFO - Started process (PID=3752449) to work on /home/usmail/sys_fraud/sys_detection_frauds/lib/python3.12/site-packages/airflow/example_dags/example_short_circuit_decorator.py
[2025-03-21T21:24:51.971+0000] {processor.py:914} INFO - Processing file /home/usmail/sys_fraud/sys_detection_frauds/lib/python3.12/site-packages/airflow/example_dags/example_short_circuit_decorator.py for tasks to queue
[2025-03-21T21:24:51.974+0000] {logging_mixin.py:190} INFO - [2025-03-21T21:24:51.974+0000] {dagbag.py:588} INFO - Filling up the DagBag from /home/usmail/sys_fraud/sys_detection_frauds/lib/python3.12/site-packages/airflow/example_dags/example_short_circuit_decorator.py
[2025-03-21T21:24:51.990+0000] {processor.py:925} INFO - DAG(s) 'example_short_circuit_decorator' retrieved from /home/usmail/sys_fraud/sys_detection_frauds/lib/python3.12/site-packages/airflow/example_dags/example_short_circuit_decorator.py
[2025-03-21T21:24:52.018+0000] {logging_mixin.py:190} INFO - [2025-03-21T21:24:52.017+0000] {dag.py:3239} INFO - Sync 1 DAGs
[2025-03-21T21:24:52.031+0000] {logging_mixin.py:190} INFO - [2025-03-21T21:24:52.031+0000] {dag.py:4180} INFO - Setting next_dagrun for example_short_circuit_decorator to None, run_after=None
[2025-03-21T21:24:52.047+0000] {processor.py:208} INFO - Processing /home/usmail/sys_fraud/sys_detection_frauds/lib/python3.12/site-packages/airflow/example_dags/example_short_circuit_decorator.py took 0.098 seconds
[2025-03-21T21:25:57.017+0000] {processor.py:186} INFO - Started process (PID=3753157) to work on /home/usmail/sys_fraud/sys_detection_frauds/lib/python3.12/site-packages/airflow/example_dags/example_short_circuit_decorator.py
[2025-03-21T21:25:57.027+0000] {processor.py:914} INFO - Processing file /home/usmail/sys_fraud/sys_detection_frauds/lib/python3.12/site-packages/airflow/example_dags/example_short_circuit_decorator.py for tasks to queue
[2025-03-21T21:25:57.030+0000] {logging_mixin.py:190} INFO - [2025-03-21T21:25:57.029+0000] {dagbag.py:588} INFO - Filling up the DagBag from /home/usmail/sys_fraud/sys_detection_frauds/lib/python3.12/site-packages/airflow/example_dags/example_short_circuit_decorator.py
[2025-03-21T21:25:57.046+0000] {processor.py:925} INFO - DAG(s) 'example_short_circuit_decorator' retrieved from /home/usmail/sys_fraud/sys_detection_frauds/lib/python3.12/site-packages/airflow/example_dags/example_short_circuit_decorator.py
[2025-03-21T21:25:57.074+0000] {logging_mixin.py:190} INFO - [2025-03-21T21:25:57.074+0000] {dag.py:3239} INFO - Sync 1 DAGs
[2025-03-21T21:25:57.088+0000] {logging_mixin.py:190} INFO - [2025-03-21T21:25:57.088+0000] {dag.py:4180} INFO - Setting next_dagrun for example_short_circuit_decorator to None, run_after=None
[2025-03-21T21:25:57.113+0000] {processor.py:208} INFO - Processing /home/usmail/sys_fraud/sys_detection_frauds/lib/python3.12/site-packages/airflow/example_dags/example_short_circuit_decorator.py took 0.109 seconds
[2025-03-21T21:26:59.631+0000] {processor.py:186} INFO - Started process (PID=3753807) to work on /home/usmail/sys_fraud/sys_detection_frauds/lib/python3.12/site-packages/airflow/example_dags/example_short_circuit_decorator.py
[2025-03-21T21:26:59.640+0000] {processor.py:914} INFO - Processing file /home/usmail/sys_fraud/sys_detection_frauds/lib/python3.12/site-packages/airflow/example_dags/example_short_circuit_decorator.py for tasks to queue
[2025-03-21T21:26:59.644+0000] {logging_mixin.py:190} INFO - [2025-03-21T21:26:59.643+0000] {dagbag.py:588} INFO - Filling up the DagBag from /home/usmail/sys_fraud/sys_detection_frauds/lib/python3.12/site-packages/airflow/example_dags/example_short_circuit_decorator.py
[2025-03-21T21:26:59.659+0000] {processor.py:925} INFO - DAG(s) 'example_short_circuit_decorator' retrieved from /home/usmail/sys_fraud/sys_detection_frauds/lib/python3.12/site-packages/airflow/example_dags/example_short_circuit_decorator.py
[2025-03-21T21:26:59.687+0000] {logging_mixin.py:190} INFO - [2025-03-21T21:26:59.687+0000] {dag.py:3239} INFO - Sync 1 DAGs
[2025-03-21T21:26:59.701+0000] {logging_mixin.py:190} INFO - [2025-03-21T21:26:59.700+0000] {dag.py:4180} INFO - Setting next_dagrun for example_short_circuit_decorator to None, run_after=None
[2025-03-21T21:26:59.732+0000] {processor.py:208} INFO - Processing /home/usmail/sys_fraud/sys_detection_frauds/lib/python3.12/site-packages/airflow/example_dags/example_short_circuit_decorator.py took 0.114 seconds
[2025-03-21T21:28:01.895+0000] {processor.py:186} INFO - Started process (PID=3754443) to work on /home/usmail/sys_fraud/sys_detection_frauds/lib/python3.12/site-packages/airflow/example_dags/example_short_circuit_decorator.py
[2025-03-21T21:28:01.904+0000] {processor.py:914} INFO - Processing file /home/usmail/sys_fraud/sys_detection_frauds/lib/python3.12/site-packages/airflow/example_dags/example_short_circuit_decorator.py for tasks to queue
[2025-03-21T21:28:01.907+0000] {logging_mixin.py:190} INFO - [2025-03-21T21:28:01.906+0000] {dagbag.py:588} INFO - Filling up the DagBag from /home/usmail/sys_fraud/sys_detection_frauds/lib/python3.12/site-packages/airflow/example_dags/example_short_circuit_decorator.py
[2025-03-21T21:28:01.923+0000] {processor.py:925} INFO - DAG(s) 'example_short_circuit_decorator' retrieved from /home/usmail/sys_fraud/sys_detection_frauds/lib/python3.12/site-packages/airflow/example_dags/example_short_circuit_decorator.py
[2025-03-21T21:28:01.951+0000] {logging_mixin.py:190} INFO - [2025-03-21T21:28:01.951+0000] {dag.py:3239} INFO - Sync 1 DAGs
[2025-03-21T21:28:01.965+0000] {logging_mixin.py:190} INFO - [2025-03-21T21:28:01.964+0000] {dag.py:4180} INFO - Setting next_dagrun for example_short_circuit_decorator to None, run_after=None
[2025-03-21T21:28:02.005+0000] {processor.py:208} INFO - Processing /home/usmail/sys_fraud/sys_detection_frauds/lib/python3.12/site-packages/airflow/example_dags/example_short_circuit_decorator.py took 0.122 seconds
[2025-03-21T21:29:02.566+0000] {processor.py:186} INFO - Started process (PID=3755089) to work on /home/usmail/sys_fraud/sys_detection_frauds/lib/python3.12/site-packages/airflow/example_dags/example_short_circuit_decorator.py
[2025-03-21T21:29:02.575+0000] {processor.py:914} INFO - Processing file /home/usmail/sys_fraud/sys_detection_frauds/lib/python3.12/site-packages/airflow/example_dags/example_short_circuit_decorator.py for tasks to queue
[2025-03-21T21:29:02.578+0000] {logging_mixin.py:190} INFO - [2025-03-21T21:29:02.578+0000] {dagbag.py:588} INFO - Filling up the DagBag from /home/usmail/sys_fraud/sys_detection_frauds/lib/python3.12/site-packages/airflow/example_dags/example_short_circuit_decorator.py
[2025-03-21T21:29:02.594+0000] {processor.py:925} INFO - DAG(s) 'example_short_circuit_decorator' retrieved from /home/usmail/sys_fraud/sys_detection_frauds/lib/python3.12/site-packages/airflow/example_dags/example_short_circuit_decorator.py
[2025-03-21T21:29:02.622+0000] {logging_mixin.py:190} INFO - [2025-03-21T21:29:02.621+0000] {dag.py:3239} INFO - Sync 1 DAGs
[2025-03-21T21:29:02.636+0000] {logging_mixin.py:190} INFO - [2025-03-21T21:29:02.636+0000] {dag.py:4180} INFO - Setting next_dagrun for example_short_circuit_decorator to None, run_after=None
[2025-03-21T21:29:02.671+0000] {processor.py:208} INFO - Processing /home/usmail/sys_fraud/sys_detection_frauds/lib/python3.12/site-packages/airflow/example_dags/example_short_circuit_decorator.py took 0.116 seconds
[2025-03-21T21:30:06.745+0000] {processor.py:186} INFO - Started process (PID=3755765) to work on /home/usmail/sys_fraud/sys_detection_frauds/lib/python3.12/site-packages/airflow/example_dags/example_short_circuit_decorator.py
[2025-03-21T21:30:06.755+0000] {processor.py:914} INFO - Processing file /home/usmail/sys_fraud/sys_detection_frauds/lib/python3.12/site-packages/airflow/example_dags/example_short_circuit_decorator.py for tasks to queue
[2025-03-21T21:30:06.758+0000] {logging_mixin.py:190} INFO - [2025-03-21T21:30:06.757+0000] {dagbag.py:588} INFO - Filling up the DagBag from /home/usmail/sys_fraud/sys_detection_frauds/lib/python3.12/site-packages/airflow/example_dags/example_short_circuit_decorator.py
[2025-03-21T21:30:06.774+0000] {processor.py:925} INFO - DAG(s) 'example_short_circuit_decorator' retrieved from /home/usmail/sys_fraud/sys_detection_frauds/lib/python3.12/site-packages/airflow/example_dags/example_short_circuit_decorator.py
[2025-03-21T21:30:06.802+0000] {logging_mixin.py:190} INFO - [2025-03-21T21:30:06.802+0000] {dag.py:3239} INFO - Sync 1 DAGs
[2025-03-21T21:30:06.817+0000] {logging_mixin.py:190} INFO - [2025-03-21T21:30:06.817+0000] {dag.py:4180} INFO - Setting next_dagrun for example_short_circuit_decorator to None, run_after=None
[2025-03-21T21:30:06.836+0000] {processor.py:208} INFO - Processing /home/usmail/sys_fraud/sys_detection_frauds/lib/python3.12/site-packages/airflow/example_dags/example_short_circuit_decorator.py took 0.103 seconds
[2025-03-21T21:31:13.251+0000] {processor.py:186} INFO - Started process (PID=3756468) to work on /home/usmail/sys_fraud/sys_detection_frauds/lib/python3.12/site-packages/airflow/example_dags/example_short_circuit_decorator.py
[2025-03-21T21:31:13.253+0000] {processor.py:914} INFO - Processing file /home/usmail/sys_fraud/sys_detection_frauds/lib/python3.12/site-packages/airflow/example_dags/example_short_circuit_decorator.py for tasks to queue
[2025-03-21T21:31:13.256+0000] {logging_mixin.py:190} INFO - [2025-03-21T21:31:13.255+0000] {dagbag.py:588} INFO - Filling up the DagBag from /home/usmail/sys_fraud/sys_detection_frauds/lib/python3.12/site-packages/airflow/example_dags/example_short_circuit_decorator.py
[2025-03-21T21:31:13.272+0000] {processor.py:925} INFO - DAG(s) 'example_short_circuit_decorator' retrieved from /home/usmail/sys_fraud/sys_detection_frauds/lib/python3.12/site-packages/airflow/example_dags/example_short_circuit_decorator.py
[2025-03-21T21:31:13.299+0000] {logging_mixin.py:190} INFO - [2025-03-21T21:31:13.299+0000] {dag.py:3239} INFO - Sync 1 DAGs
[2025-03-21T21:31:13.311+0000] {logging_mixin.py:190} INFO - [2025-03-21T21:31:13.311+0000] {dag.py:4180} INFO - Setting next_dagrun for example_short_circuit_decorator to None, run_after=None
[2025-03-21T21:31:13.327+0000] {processor.py:208} INFO - Processing /home/usmail/sys_fraud/sys_detection_frauds/lib/python3.12/site-packages/airflow/example_dags/example_short_circuit_decorator.py took 0.088 seconds
[2025-03-21T21:32:19.411+0000] {processor.py:186} INFO - Started process (PID=3757166) to work on /home/usmail/sys_fraud/sys_detection_frauds/lib/python3.12/site-packages/airflow/example_dags/example_short_circuit_decorator.py
[2025-03-21T21:32:19.421+0000] {processor.py:914} INFO - Processing file /home/usmail/sys_fraud/sys_detection_frauds/lib/python3.12/site-packages/airflow/example_dags/example_short_circuit_decorator.py for tasks to queue
[2025-03-21T21:32:19.424+0000] {logging_mixin.py:190} INFO - [2025-03-21T21:32:19.423+0000] {dagbag.py:588} INFO - Filling up the DagBag from /home/usmail/sys_fraud/sys_detection_frauds/lib/python3.12/site-packages/airflow/example_dags/example_short_circuit_decorator.py
[2025-03-21T21:32:19.441+0000] {processor.py:925} INFO - DAG(s) 'example_short_circuit_decorator' retrieved from /home/usmail/sys_fraud/sys_detection_frauds/lib/python3.12/site-packages/airflow/example_dags/example_short_circuit_decorator.py
[2025-03-21T21:32:19.469+0000] {logging_mixin.py:190} INFO - [2025-03-21T21:32:19.469+0000] {dag.py:3239} INFO - Sync 1 DAGs
[2025-03-21T21:32:19.482+0000] {logging_mixin.py:190} INFO - [2025-03-21T21:32:19.482+0000] {dag.py:4180} INFO - Setting next_dagrun for example_short_circuit_decorator to None, run_after=None
[2025-03-21T21:32:19.498+0000] {processor.py:208} INFO - Processing /home/usmail/sys_fraud/sys_detection_frauds/lib/python3.12/site-packages/airflow/example_dags/example_short_circuit_decorator.py took 0.100 seconds
[2025-03-21T21:33:20.179+0000] {processor.py:186} INFO - Started process (PID=3757796) to work on /home/usmail/sys_fraud/sys_detection_frauds/lib/python3.12/site-packages/airflow/example_dags/example_short_circuit_decorator.py
[2025-03-21T21:33:20.188+0000] {processor.py:914} INFO - Processing file /home/usmail/sys_fraud/sys_detection_frauds/lib/python3.12/site-packages/airflow/example_dags/example_short_circuit_decorator.py for tasks to queue
[2025-03-21T21:33:20.191+0000] {logging_mixin.py:190} INFO - [2025-03-21T21:33:20.191+0000] {dagbag.py:588} INFO - Filling up the DagBag from /home/usmail/sys_fraud/sys_detection_frauds/lib/python3.12/site-packages/airflow/example_dags/example_short_circuit_decorator.py
[2025-03-21T21:33:20.207+0000] {processor.py:925} INFO - DAG(s) 'example_short_circuit_decorator' retrieved from /home/usmail/sys_fraud/sys_detection_frauds/lib/python3.12/site-packages/airflow/example_dags/example_short_circuit_decorator.py
[2025-03-21T21:33:20.227+0000] {logging_mixin.py:190} INFO - [2025-03-21T21:33:20.227+0000] {dag.py:3239} INFO - Sync 1 DAGs
[2025-03-21T21:33:20.236+0000] {logging_mixin.py:190} INFO - [2025-03-21T21:33:20.236+0000] {dag.py:4180} INFO - Setting next_dagrun for example_short_circuit_decorator to None, run_after=None
[2025-03-21T21:33:20.253+0000] {processor.py:208} INFO - Processing /home/usmail/sys_fraud/sys_detection_frauds/lib/python3.12/site-packages/airflow/example_dags/example_short_circuit_decorator.py took 0.085 seconds
[2025-03-21T22:19:38.062+0000] {processor.py:186} INFO - Started process (PID=3758683) to work on /home/usmail/sys_fraud/sys_detection_frauds/lib/python3.12/site-packages/airflow/example_dags/example_short_circuit_decorator.py
[2025-03-21T22:19:38.063+0000] {processor.py:914} INFO - Processing file /home/usmail/sys_fraud/sys_detection_frauds/lib/python3.12/site-packages/airflow/example_dags/example_short_circuit_decorator.py for tasks to queue
[2025-03-21T22:19:38.066+0000] {logging_mixin.py:190} INFO - [2025-03-21T22:19:38.066+0000] {dagbag.py:588} INFO - Filling up the DagBag from /home/usmail/sys_fraud/sys_detection_frauds/lib/python3.12/site-packages/airflow/example_dags/example_short_circuit_decorator.py
[2025-03-21T22:19:38.081+0000] {processor.py:925} INFO - DAG(s) 'example_short_circuit_decorator' retrieved from /home/usmail/sys_fraud/sys_detection_frauds/lib/python3.12/site-packages/airflow/example_dags/example_short_circuit_decorator.py
[2025-03-21T22:19:38.109+0000] {logging_mixin.py:190} INFO - [2025-03-21T22:19:38.109+0000] {dag.py:3239} INFO - Sync 1 DAGs
[2025-03-21T22:19:38.121+0000] {logging_mixin.py:190} INFO - [2025-03-21T22:19:38.121+0000] {dag.py:4180} INFO - Setting next_dagrun for example_short_circuit_decorator to None, run_after=None
[2025-03-21T22:19:38.137+0000] {processor.py:208} INFO - Processing /home/usmail/sys_fraud/sys_detection_frauds/lib/python3.12/site-packages/airflow/example_dags/example_short_circuit_decorator.py took 0.087 seconds
[2025-03-21T22:20:35.126+0000] {processor.py:186} INFO - Started process (PID=3759585) to work on /home/usmail/sys_fraud/sys_detection_frauds/lib/python3.12/site-packages/airflow/example_dags/example_short_circuit_decorator.py
[2025-03-21T22:20:35.127+0000] {processor.py:914} INFO - Processing file /home/usmail/sys_fraud/sys_detection_frauds/lib/python3.12/site-packages/airflow/example_dags/example_short_circuit_decorator.py for tasks to queue
[2025-03-21T22:20:35.130+0000] {logging_mixin.py:190} INFO - [2025-03-21T22:20:35.129+0000] {dagbag.py:588} INFO - Filling up the DagBag from /home/usmail/sys_fraud/sys_detection_frauds/lib/python3.12/site-packages/airflow/example_dags/example_short_circuit_decorator.py
[2025-03-21T22:20:35.146+0000] {processor.py:925} INFO - DAG(s) 'example_short_circuit_decorator' retrieved from /home/usmail/sys_fraud/sys_detection_frauds/lib/python3.12/site-packages/airflow/example_dags/example_short_circuit_decorator.py
[2025-03-21T22:20:35.172+0000] {logging_mixin.py:190} INFO - [2025-03-21T22:20:35.172+0000] {dag.py:3239} INFO - Sync 1 DAGs
[2025-03-21T22:20:35.186+0000] {logging_mixin.py:190} INFO - [2025-03-21T22:20:35.185+0000] {dag.py:4180} INFO - Setting next_dagrun for example_short_circuit_decorator to None, run_after=None
[2025-03-21T22:20:35.202+0000] {processor.py:208} INFO - Processing /home/usmail/sys_fraud/sys_detection_frauds/lib/python3.12/site-packages/airflow/example_dags/example_short_circuit_decorator.py took 0.089 seconds
[2025-03-21T22:21:36.446+0000] {processor.py:186} INFO - Started process (PID=3760363) to work on /home/usmail/sys_fraud/sys_detection_frauds/lib/python3.12/site-packages/airflow/example_dags/example_short_circuit_decorator.py
[2025-03-21T22:21:36.455+0000] {processor.py:914} INFO - Processing file /home/usmail/sys_fraud/sys_detection_frauds/lib/python3.12/site-packages/airflow/example_dags/example_short_circuit_decorator.py for tasks to queue
[2025-03-21T22:21:36.457+0000] {logging_mixin.py:190} INFO - [2025-03-21T22:21:36.457+0000] {dagbag.py:588} INFO - Filling up the DagBag from /home/usmail/sys_fraud/sys_detection_frauds/lib/python3.12/site-packages/airflow/example_dags/example_short_circuit_decorator.py
[2025-03-21T22:21:36.470+0000] {processor.py:925} INFO - DAG(s) 'example_short_circuit_decorator' retrieved from /home/usmail/sys_fraud/sys_detection_frauds/lib/python3.12/site-packages/airflow/example_dags/example_short_circuit_decorator.py
[2025-03-21T22:21:36.486+0000] {logging_mixin.py:190} INFO - [2025-03-21T22:21:36.486+0000] {dag.py:3239} INFO - Sync 1 DAGs
[2025-03-21T22:21:36.498+0000] {logging_mixin.py:190} INFO - [2025-03-21T22:21:36.497+0000] {dag.py:4180} INFO - Setting next_dagrun for example_short_circuit_decorator to None, run_after=None
[2025-03-21T22:21:36.531+0000] {processor.py:208} INFO - Processing /home/usmail/sys_fraud/sys_detection_frauds/lib/python3.12/site-packages/airflow/example_dags/example_short_circuit_decorator.py took 0.090 seconds
