[2025-03-21T20:49:52.827+0000] {processor.py:186} INFO - Started process (PID=3723173) to work on /home/usmail/sys_fraud/sys_detection_frauds/lib/python3.12/site-packages/airflow/example_dags/example_python_decorator.py
[2025-03-21T20:49:52.828+0000] {processor.py:914} INFO - Processing file /home/usmail/sys_fraud/sys_detection_frauds/lib/python3.12/site-packages/airflow/example_dags/example_python_decorator.py for tasks to queue
[2025-03-21T20:49:52.831+0000] {logging_mixin.py:190} INFO - [2025-03-21T20:49:52.830+0000] {dagbag.py:588} INFO - Filling up the DagBag from /home/usmail/sys_fraud/sys_detection_frauds/lib/python3.12/site-packages/airflow/example_dags/example_python_decorator.py
[2025-03-21T20:49:52.838+0000] {logging_mixin.py:190} INFO - [2025-03-21T20:49:52.838+0000] {example_python_decorator.py:80} WARNING - The virtalenv_python example task requires virtualenv, please install it.
[2025-03-21T20:49:52.839+0000] {processor.py:925} INFO - DAG(s) 'example_python_decorator' retrieved from /home/usmail/sys_fraud/sys_detection_frauds/lib/python3.12/site-packages/airflow/example_dags/example_python_decorator.py
[2025-03-21T20:49:52.908+0000] {logging_mixin.py:190} INFO - [2025-03-21T20:49:52.907+0000] {override.py:1912} INFO - Created Permission View: can edit on DAG:example_python_decorator
[2025-03-21T20:49:52.915+0000] {logging_mixin.py:190} INFO - [2025-03-21T20:49:52.914+0000] {override.py:1912} INFO - Created Permission View: can read on DAG:example_python_decorator
[2025-03-21T20:49:52.921+0000] {logging_mixin.py:190} INFO - [2025-03-21T20:49:52.920+0000] {override.py:1912} INFO - Created Permission View: can delete on DAG:example_python_decorator
[2025-03-21T20:49:52.945+0000] {logging_mixin.py:190} INFO - [2025-03-21T20:49:52.944+0000] {override.py:1912} INFO - Created Permission View: can create on DAG Run:example_python_decorator
[2025-03-21T20:49:52.955+0000] {logging_mixin.py:190} INFO - [2025-03-21T20:49:52.954+0000] {override.py:1912} INFO - Created Permission View: menu access on DAG Run:example_python_decorator
[2025-03-21T20:49:52.968+0000] {logging_mixin.py:190} INFO - [2025-03-21T20:49:52.967+0000] {override.py:1912} INFO - Created Permission View: can read on DAG Run:example_python_decorator
[2025-03-21T20:49:52.976+0000] {logging_mixin.py:190} INFO - [2025-03-21T20:49:52.976+0000] {override.py:1912} INFO - Created Permission View: can delete on DAG Run:example_python_decorator
[2025-03-21T20:49:52.976+0000] {logging_mixin.py:190} INFO - [2025-03-21T20:49:52.976+0000] {dag.py:3239} INFO - Sync 1 DAGs
[2025-03-21T20:49:52.986+0000] {logging_mixin.py:190} INFO - [2025-03-21T20:49:52.985+0000] {dag.py:3262} INFO - Creating ORM DAG for example_python_decorator
[2025-03-21T20:49:52.986+0000] {logging_mixin.py:190} INFO - [2025-03-21T20:49:52.986+0000] {dag.py:4180} INFO - Setting next_dagrun for example_python_decorator to None, run_after=None
[2025-03-21T20:49:53.003+0000] {processor.py:208} INFO - Processing /home/usmail/sys_fraud/sys_detection_frauds/lib/python3.12/site-packages/airflow/example_dags/example_python_decorator.py took 0.183 seconds
[2025-03-21T20:50:53.157+0000] {processor.py:186} INFO - Started process (PID=3723886) to work on /home/usmail/sys_fraud/sys_detection_frauds/lib/python3.12/site-packages/airflow/example_dags/example_python_decorator.py
[2025-03-21T20:50:53.166+0000] {processor.py:914} INFO - Processing file /home/usmail/sys_fraud/sys_detection_frauds/lib/python3.12/site-packages/airflow/example_dags/example_python_decorator.py for tasks to queue
[2025-03-21T20:50:53.169+0000] {logging_mixin.py:190} INFO - [2025-03-21T20:50:53.168+0000] {dagbag.py:588} INFO - Filling up the DagBag from /home/usmail/sys_fraud/sys_detection_frauds/lib/python3.12/site-packages/airflow/example_dags/example_python_decorator.py
[2025-03-21T20:50:53.179+0000] {logging_mixin.py:190} INFO - [2025-03-21T20:50:53.178+0000] {example_python_decorator.py:80} WARNING - The virtalenv_python example task requires virtualenv, please install it.
[2025-03-21T20:50:53.180+0000] {processor.py:925} INFO - DAG(s) 'example_python_decorator' retrieved from /home/usmail/sys_fraud/sys_detection_frauds/lib/python3.12/site-packages/airflow/example_dags/example_python_decorator.py
[2025-03-21T20:50:53.189+0000] {logging_mixin.py:190} INFO - [2025-03-21T20:50:53.189+0000] {dag.py:3239} INFO - Sync 1 DAGs
[2025-03-21T20:50:53.195+0000] {logging_mixin.py:190} INFO - [2025-03-21T20:50:53.195+0000] {dag.py:4180} INFO - Setting next_dagrun for example_python_decorator to None, run_after=None
[2025-03-21T20:50:53.211+0000] {processor.py:208} INFO - Processing /home/usmail/sys_fraud/sys_detection_frauds/lib/python3.12/site-packages/airflow/example_dags/example_python_decorator.py took 0.063 seconds
[2025-03-21T20:51:47.314+0000] {processor.py:186} INFO - Started process (PID=3724592) to work on /home/usmail/sys_fraud/sys_detection_frauds/lib/python3.12/site-packages/airflow/example_dags/example_python_decorator.py
[2025-03-21T20:51:47.323+0000] {processor.py:914} INFO - Processing file /home/usmail/sys_fraud/sys_detection_frauds/lib/python3.12/site-packages/airflow/example_dags/example_python_decorator.py for tasks to queue
[2025-03-21T20:51:47.326+0000] {logging_mixin.py:190} INFO - [2025-03-21T20:51:47.325+0000] {dagbag.py:588} INFO - Filling up the DagBag from /home/usmail/sys_fraud/sys_detection_frauds/lib/python3.12/site-packages/airflow/example_dags/example_python_decorator.py
[2025-03-21T20:51:47.336+0000] {logging_mixin.py:190} INFO - [2025-03-21T20:51:47.336+0000] {example_python_decorator.py:80} WARNING - The virtalenv_python example task requires virtualenv, please install it.
[2025-03-21T20:51:47.338+0000] {processor.py:925} INFO - DAG(s) 'example_python_decorator' retrieved from /home/usmail/sys_fraud/sys_detection_frauds/lib/python3.12/site-packages/airflow/example_dags/example_python_decorator.py
[2025-03-21T20:51:47.346+0000] {logging_mixin.py:190} INFO - [2025-03-21T20:51:47.346+0000] {dag.py:3239} INFO - Sync 1 DAGs
[2025-03-21T20:51:47.353+0000] {logging_mixin.py:190} INFO - [2025-03-21T20:51:47.352+0000] {dag.py:4180} INFO - Setting next_dagrun for example_python_decorator to None, run_after=None
[2025-03-21T20:51:47.364+0000] {processor.py:208} INFO - Processing /home/usmail/sys_fraud/sys_detection_frauds/lib/python3.12/site-packages/airflow/example_dags/example_python_decorator.py took 0.059 seconds
[2025-03-21T20:52:44.021+0000] {processor.py:186} INFO - Started process (PID=3725233) to work on /home/usmail/sys_fraud/sys_detection_frauds/lib/python3.12/site-packages/airflow/example_dags/example_python_decorator.py
[2025-03-21T20:52:44.029+0000] {processor.py:914} INFO - Processing file /home/usmail/sys_fraud/sys_detection_frauds/lib/python3.12/site-packages/airflow/example_dags/example_python_decorator.py for tasks to queue
[2025-03-21T20:52:44.030+0000] {logging_mixin.py:190} INFO - [2025-03-21T20:52:44.030+0000] {dagbag.py:588} INFO - Filling up the DagBag from /home/usmail/sys_fraud/sys_detection_frauds/lib/python3.12/site-packages/airflow/example_dags/example_python_decorator.py
[2025-03-21T20:52:44.036+0000] {logging_mixin.py:190} INFO - [2025-03-21T20:52:44.036+0000] {example_python_decorator.py:80} WARNING - The virtalenv_python example task requires virtualenv, please install it.
[2025-03-21T20:52:44.037+0000] {processor.py:925} INFO - DAG(s) 'example_python_decorator' retrieved from /home/usmail/sys_fraud/sys_detection_frauds/lib/python3.12/site-packages/airflow/example_dags/example_python_decorator.py
[2025-03-21T20:52:44.046+0000] {logging_mixin.py:190} INFO - [2025-03-21T20:52:44.045+0000] {dag.py:3239} INFO - Sync 1 DAGs
[2025-03-21T20:52:44.053+0000] {logging_mixin.py:190} INFO - [2025-03-21T20:52:44.053+0000] {dag.py:4180} INFO - Setting next_dagrun for example_python_decorator to None, run_after=None
[2025-03-21T20:52:44.065+0000] {processor.py:208} INFO - Processing /home/usmail/sys_fraud/sys_detection_frauds/lib/python3.12/site-packages/airflow/example_dags/example_python_decorator.py took 0.047 seconds
[2025-03-21T20:53:36.224+0000] {processor.py:186} INFO - Started process (PID=3725838) to work on /home/usmail/sys_fraud/sys_detection_frauds/lib/python3.12/site-packages/airflow/example_dags/example_python_decorator.py
[2025-03-21T20:53:36.233+0000] {processor.py:914} INFO - Processing file /home/usmail/sys_fraud/sys_detection_frauds/lib/python3.12/site-packages/airflow/example_dags/example_python_decorator.py for tasks to queue
[2025-03-21T20:53:36.236+0000] {logging_mixin.py:190} INFO - [2025-03-21T20:53:36.235+0000] {dagbag.py:588} INFO - Filling up the DagBag from /home/usmail/sys_fraud/sys_detection_frauds/lib/python3.12/site-packages/airflow/example_dags/example_python_decorator.py
[2025-03-21T20:53:36.249+0000] {logging_mixin.py:190} INFO - [2025-03-21T20:53:36.248+0000] {example_python_decorator.py:80} WARNING - The virtalenv_python example task requires virtualenv, please install it.
[2025-03-21T20:53:36.252+0000] {processor.py:925} INFO - DAG(s) 'example_python_decorator' retrieved from /home/usmail/sys_fraud/sys_detection_frauds/lib/python3.12/site-packages/airflow/example_dags/example_python_decorator.py
[2025-03-21T20:53:36.268+0000] {logging_mixin.py:190} INFO - [2025-03-21T20:53:36.268+0000] {dag.py:3239} INFO - Sync 1 DAGs
[2025-03-21T20:53:36.280+0000] {logging_mixin.py:190} INFO - [2025-03-21T20:53:36.280+0000] {dag.py:4180} INFO - Setting next_dagrun for example_python_decorator to None, run_after=None
[2025-03-21T20:53:36.312+0000] {processor.py:208} INFO - Processing /home/usmail/sys_fraud/sys_detection_frauds/lib/python3.12/site-packages/airflow/example_dags/example_python_decorator.py took 0.091 seconds
[2025-03-21T20:54:29.996+0000] {processor.py:186} INFO - Started process (PID=3726538) to work on /home/usmail/sys_fraud/sys_detection_frauds/lib/python3.12/site-packages/airflow/example_dags/example_python_decorator.py
[2025-03-21T20:54:30.005+0000] {processor.py:914} INFO - Processing file /home/usmail/sys_fraud/sys_detection_frauds/lib/python3.12/site-packages/airflow/example_dags/example_python_decorator.py for tasks to queue
[2025-03-21T20:54:30.007+0000] {logging_mixin.py:190} INFO - [2025-03-21T20:54:30.006+0000] {dagbag.py:588} INFO - Filling up the DagBag from /home/usmail/sys_fraud/sys_detection_frauds/lib/python3.12/site-packages/airflow/example_dags/example_python_decorator.py
[2025-03-21T20:54:30.015+0000] {logging_mixin.py:190} INFO - [2025-03-21T20:54:30.015+0000] {example_python_decorator.py:80} WARNING - The virtalenv_python example task requires virtualenv, please install it.
[2025-03-21T20:54:30.016+0000] {processor.py:925} INFO - DAG(s) 'example_python_decorator' retrieved from /home/usmail/sys_fraud/sys_detection_frauds/lib/python3.12/site-packages/airflow/example_dags/example_python_decorator.py
[2025-03-21T20:54:30.100+0000] {logging_mixin.py:190} INFO - [2025-03-21T20:54:30.100+0000] {dag.py:3239} INFO - Sync 1 DAGs
[2025-03-21T20:54:30.106+0000] {logging_mixin.py:190} INFO - [2025-03-21T20:54:30.106+0000] {dag.py:4180} INFO - Setting next_dagrun for example_python_decorator to None, run_after=None
[2025-03-21T20:54:30.126+0000] {processor.py:208} INFO - Processing /home/usmail/sys_fraud/sys_detection_frauds/lib/python3.12/site-packages/airflow/example_dags/example_python_decorator.py took 0.136 seconds
[2025-03-21T20:55:22.658+0000] {processor.py:186} INFO - Started process (PID=3727168) to work on /home/usmail/sys_fraud/sys_detection_frauds/lib/python3.12/site-packages/airflow/example_dags/example_python_decorator.py
[2025-03-21T20:55:22.667+0000] {processor.py:914} INFO - Processing file /home/usmail/sys_fraud/sys_detection_frauds/lib/python3.12/site-packages/airflow/example_dags/example_python_decorator.py for tasks to queue
[2025-03-21T20:55:22.670+0000] {logging_mixin.py:190} INFO - [2025-03-21T20:55:22.670+0000] {dagbag.py:588} INFO - Filling up the DagBag from /home/usmail/sys_fraud/sys_detection_frauds/lib/python3.12/site-packages/airflow/example_dags/example_python_decorator.py
[2025-03-21T20:55:22.680+0000] {logging_mixin.py:190} INFO - [2025-03-21T20:55:22.679+0000] {example_python_decorator.py:80} WARNING - The virtalenv_python example task requires virtualenv, please install it.
[2025-03-21T20:55:22.681+0000] {processor.py:925} INFO - DAG(s) 'example_python_decorator' retrieved from /home/usmail/sys_fraud/sys_detection_frauds/lib/python3.12/site-packages/airflow/example_dags/example_python_decorator.py
[2025-03-21T20:55:22.690+0000] {logging_mixin.py:190} INFO - [2025-03-21T20:55:22.690+0000] {dag.py:3239} INFO - Sync 1 DAGs
[2025-03-21T20:55:22.698+0000] {logging_mixin.py:190} INFO - [2025-03-21T20:55:22.698+0000] {dag.py:4180} INFO - Setting next_dagrun for example_python_decorator to None, run_after=None
[2025-03-21T20:55:22.720+0000] {processor.py:208} INFO - Processing /home/usmail/sys_fraud/sys_detection_frauds/lib/python3.12/site-packages/airflow/example_dags/example_python_decorator.py took 0.068 seconds
[2025-03-21T20:56:11.895+0000] {processor.py:186} INFO - Started process (PID=3727840) to work on /home/usmail/sys_fraud/sys_detection_frauds/lib/python3.12/site-packages/airflow/example_dags/example_python_decorator.py
[2025-03-21T20:56:11.896+0000] {processor.py:914} INFO - Processing file /home/usmail/sys_fraud/sys_detection_frauds/lib/python3.12/site-packages/airflow/example_dags/example_python_decorator.py for tasks to queue
[2025-03-21T20:56:11.897+0000] {logging_mixin.py:190} INFO - [2025-03-21T20:56:11.897+0000] {dagbag.py:588} INFO - Filling up the DagBag from /home/usmail/sys_fraud/sys_detection_frauds/lib/python3.12/site-packages/airflow/example_dags/example_python_decorator.py
[2025-03-21T20:56:11.902+0000] {logging_mixin.py:190} INFO - [2025-03-21T20:56:11.902+0000] {example_python_decorator.py:80} WARNING - The virtalenv_python example task requires virtualenv, please install it.
[2025-03-21T20:56:11.904+0000] {processor.py:925} INFO - DAG(s) 'example_python_decorator' retrieved from /home/usmail/sys_fraud/sys_detection_frauds/lib/python3.12/site-packages/airflow/example_dags/example_python_decorator.py
[2025-03-21T20:56:11.912+0000] {logging_mixin.py:190} INFO - [2025-03-21T20:56:11.912+0000] {dag.py:3239} INFO - Sync 1 DAGs
[2025-03-21T20:56:11.920+0000] {logging_mixin.py:190} INFO - [2025-03-21T20:56:11.920+0000] {dag.py:4180} INFO - Setting next_dagrun for example_python_decorator to None, run_after=None
[2025-03-21T20:56:11.942+0000] {processor.py:208} INFO - Processing /home/usmail/sys_fraud/sys_detection_frauds/lib/python3.12/site-packages/airflow/example_dags/example_python_decorator.py took 0.051 seconds
[2025-03-21T20:57:05.573+0000] {processor.py:186} INFO - Started process (PID=3728652) to work on /home/usmail/sys_fraud/sys_detection_frauds/lib/python3.12/site-packages/airflow/example_dags/example_python_decorator.py
[2025-03-21T20:57:05.582+0000] {processor.py:914} INFO - Processing file /home/usmail/sys_fraud/sys_detection_frauds/lib/python3.12/site-packages/airflow/example_dags/example_python_decorator.py for tasks to queue
[2025-03-21T20:57:05.585+0000] {logging_mixin.py:190} INFO - [2025-03-21T20:57:05.585+0000] {dagbag.py:588} INFO - Filling up the DagBag from /home/usmail/sys_fraud/sys_detection_frauds/lib/python3.12/site-packages/airflow/example_dags/example_python_decorator.py
[2025-03-21T20:57:05.595+0000] {logging_mixin.py:190} INFO - [2025-03-21T20:57:05.595+0000] {example_python_decorator.py:80} WARNING - The virtalenv_python example task requires virtualenv, please install it.
[2025-03-21T20:57:05.597+0000] {processor.py:925} INFO - DAG(s) 'example_python_decorator' retrieved from /home/usmail/sys_fraud/sys_detection_frauds/lib/python3.12/site-packages/airflow/example_dags/example_python_decorator.py
[2025-03-21T20:57:05.605+0000] {logging_mixin.py:190} INFO - [2025-03-21T20:57:05.605+0000] {dag.py:3239} INFO - Sync 1 DAGs
[2025-03-21T20:57:05.613+0000] {logging_mixin.py:190} INFO - [2025-03-21T20:57:05.612+0000] {dag.py:4180} INFO - Setting next_dagrun for example_python_decorator to None, run_after=None
[2025-03-21T20:57:05.632+0000] {processor.py:208} INFO - Processing /home/usmail/sys_fraud/sys_detection_frauds/lib/python3.12/site-packages/airflow/example_dags/example_python_decorator.py took 0.067 seconds
[2025-03-21T20:57:57.088+0000] {processor.py:186} INFO - Started process (PID=3729227) to work on /home/usmail/sys_fraud/sys_detection_frauds/lib/python3.12/site-packages/airflow/example_dags/example_python_decorator.py
[2025-03-21T20:57:57.096+0000] {processor.py:914} INFO - Processing file /home/usmail/sys_fraud/sys_detection_frauds/lib/python3.12/site-packages/airflow/example_dags/example_python_decorator.py for tasks to queue
[2025-03-21T20:57:57.100+0000] {logging_mixin.py:190} INFO - [2025-03-21T20:57:57.099+0000] {dagbag.py:588} INFO - Filling up the DagBag from /home/usmail/sys_fraud/sys_detection_frauds/lib/python3.12/site-packages/airflow/example_dags/example_python_decorator.py
[2025-03-21T20:57:57.109+0000] {logging_mixin.py:190} INFO - [2025-03-21T20:57:57.109+0000] {example_python_decorator.py:80} WARNING - The virtalenv_python example task requires virtualenv, please install it.
[2025-03-21T20:57:57.111+0000] {processor.py:925} INFO - DAG(s) 'example_python_decorator' retrieved from /home/usmail/sys_fraud/sys_detection_frauds/lib/python3.12/site-packages/airflow/example_dags/example_python_decorator.py
[2025-03-21T20:57:57.120+0000] {logging_mixin.py:190} INFO - [2025-03-21T20:57:57.120+0000] {dag.py:3239} INFO - Sync 1 DAGs
[2025-03-21T20:57:57.128+0000] {logging_mixin.py:190} INFO - [2025-03-21T20:57:57.128+0000] {dag.py:4180} INFO - Setting next_dagrun for example_python_decorator to None, run_after=None
[2025-03-21T20:57:57.144+0000] {processor.py:208} INFO - Processing /home/usmail/sys_fraud/sys_detection_frauds/lib/python3.12/site-packages/airflow/example_dags/example_python_decorator.py took 0.065 seconds
[2025-03-21T20:58:49.646+0000] {processor.py:186} INFO - Started process (PID=3729914) to work on /home/usmail/sys_fraud/sys_detection_frauds/lib/python3.12/site-packages/airflow/example_dags/example_python_decorator.py
[2025-03-21T20:58:49.648+0000] {processor.py:914} INFO - Processing file /home/usmail/sys_fraud/sys_detection_frauds/lib/python3.12/site-packages/airflow/example_dags/example_python_decorator.py for tasks to queue
[2025-03-21T20:58:49.650+0000] {logging_mixin.py:190} INFO - [2025-03-21T20:58:49.650+0000] {dagbag.py:588} INFO - Filling up the DagBag from /home/usmail/sys_fraud/sys_detection_frauds/lib/python3.12/site-packages/airflow/example_dags/example_python_decorator.py
[2025-03-21T20:58:49.658+0000] {logging_mixin.py:190} INFO - [2025-03-21T20:58:49.657+0000] {example_python_decorator.py:80} WARNING - The virtalenv_python example task requires virtualenv, please install it.
[2025-03-21T20:58:49.659+0000] {processor.py:925} INFO - DAG(s) 'example_python_decorator' retrieved from /home/usmail/sys_fraud/sys_detection_frauds/lib/python3.12/site-packages/airflow/example_dags/example_python_decorator.py
[2025-03-21T20:58:49.668+0000] {logging_mixin.py:190} INFO - [2025-03-21T20:58:49.668+0000] {dag.py:3239} INFO - Sync 1 DAGs
[2025-03-21T20:58:49.676+0000] {logging_mixin.py:190} INFO - [2025-03-21T20:58:49.676+0000] {dag.py:4180} INFO - Setting next_dagrun for example_python_decorator to None, run_after=None
[2025-03-21T20:58:49.704+0000] {processor.py:208} INFO - Processing /home/usmail/sys_fraud/sys_detection_frauds/lib/python3.12/site-packages/airflow/example_dags/example_python_decorator.py took 0.065 seconds
[2025-03-21T20:59:44.118+0000] {processor.py:186} INFO - Started process (PID=3730666) to work on /home/usmail/sys_fraud/sys_detection_frauds/lib/python3.12/site-packages/airflow/example_dags/example_python_decorator.py
[2025-03-21T20:59:44.126+0000] {processor.py:914} INFO - Processing file /home/usmail/sys_fraud/sys_detection_frauds/lib/python3.12/site-packages/airflow/example_dags/example_python_decorator.py for tasks to queue
[2025-03-21T20:59:44.129+0000] {logging_mixin.py:190} INFO - [2025-03-21T20:59:44.128+0000] {dagbag.py:588} INFO - Filling up the DagBag from /home/usmail/sys_fraud/sys_detection_frauds/lib/python3.12/site-packages/airflow/example_dags/example_python_decorator.py
[2025-03-21T20:59:44.137+0000] {logging_mixin.py:190} INFO - [2025-03-21T20:59:44.137+0000] {example_python_decorator.py:80} WARNING - The virtalenv_python example task requires virtualenv, please install it.
[2025-03-21T20:59:44.139+0000] {processor.py:925} INFO - DAG(s) 'example_python_decorator' retrieved from /home/usmail/sys_fraud/sys_detection_frauds/lib/python3.12/site-packages/airflow/example_dags/example_python_decorator.py
[2025-03-21T20:59:44.148+0000] {logging_mixin.py:190} INFO - [2025-03-21T20:59:44.148+0000] {dag.py:3239} INFO - Sync 1 DAGs
[2025-03-21T20:59:44.156+0000] {logging_mixin.py:190} INFO - [2025-03-21T20:59:44.155+0000] {dag.py:4180} INFO - Setting next_dagrun for example_python_decorator to None, run_after=None
[2025-03-21T20:59:44.173+0000] {processor.py:208} INFO - Processing /home/usmail/sys_fraud/sys_detection_frauds/lib/python3.12/site-packages/airflow/example_dags/example_python_decorator.py took 0.059 seconds
[2025-03-21T21:00:41.839+0000] {processor.py:186} INFO - Started process (PID=3731392) to work on /home/usmail/sys_fraud/sys_detection_frauds/lib/python3.12/site-packages/airflow/example_dags/example_python_decorator.py
[2025-03-21T21:00:41.840+0000] {processor.py:914} INFO - Processing file /home/usmail/sys_fraud/sys_detection_frauds/lib/python3.12/site-packages/airflow/example_dags/example_python_decorator.py for tasks to queue
[2025-03-21T21:00:41.841+0000] {logging_mixin.py:190} INFO - [2025-03-21T21:00:41.840+0000] {dagbag.py:588} INFO - Filling up the DagBag from /home/usmail/sys_fraud/sys_detection_frauds/lib/python3.12/site-packages/airflow/example_dags/example_python_decorator.py
[2025-03-21T21:00:41.848+0000] {logging_mixin.py:190} INFO - [2025-03-21T21:00:41.848+0000] {example_python_decorator.py:80} WARNING - The virtalenv_python example task requires virtualenv, please install it.
[2025-03-21T21:00:41.849+0000] {processor.py:925} INFO - DAG(s) 'example_python_decorator' retrieved from /home/usmail/sys_fraud/sys_detection_frauds/lib/python3.12/site-packages/airflow/example_dags/example_python_decorator.py
[2025-03-21T21:00:41.859+0000] {logging_mixin.py:190} INFO - [2025-03-21T21:00:41.859+0000] {dag.py:3239} INFO - Sync 1 DAGs
[2025-03-21T21:00:41.866+0000] {logging_mixin.py:190} INFO - [2025-03-21T21:00:41.866+0000] {dag.py:4180} INFO - Setting next_dagrun for example_python_decorator to None, run_after=None
[2025-03-21T21:00:41.879+0000] {processor.py:208} INFO - Processing /home/usmail/sys_fraud/sys_detection_frauds/lib/python3.12/site-packages/airflow/example_dags/example_python_decorator.py took 0.044 seconds
[2025-03-21T21:01:36.040+0000] {processor.py:186} INFO - Started process (PID=3732088) to work on /home/usmail/sys_fraud/sys_detection_frauds/lib/python3.12/site-packages/airflow/example_dags/example_python_decorator.py
[2025-03-21T21:01:36.049+0000] {processor.py:914} INFO - Processing file /home/usmail/sys_fraud/sys_detection_frauds/lib/python3.12/site-packages/airflow/example_dags/example_python_decorator.py for tasks to queue
[2025-03-21T21:01:36.053+0000] {logging_mixin.py:190} INFO - [2025-03-21T21:01:36.052+0000] {dagbag.py:588} INFO - Filling up the DagBag from /home/usmail/sys_fraud/sys_detection_frauds/lib/python3.12/site-packages/airflow/example_dags/example_python_decorator.py
[2025-03-21T21:01:36.062+0000] {logging_mixin.py:190} INFO - [2025-03-21T21:01:36.062+0000] {example_python_decorator.py:80} WARNING - The virtalenv_python example task requires virtualenv, please install it.
[2025-03-21T21:01:36.063+0000] {processor.py:925} INFO - DAG(s) 'example_python_decorator' retrieved from /home/usmail/sys_fraud/sys_detection_frauds/lib/python3.12/site-packages/airflow/example_dags/example_python_decorator.py
[2025-03-21T21:01:36.073+0000] {logging_mixin.py:190} INFO - [2025-03-21T21:01:36.073+0000] {dag.py:3239} INFO - Sync 1 DAGs
[2025-03-21T21:01:36.081+0000] {logging_mixin.py:190} INFO - [2025-03-21T21:01:36.081+0000] {dag.py:4180} INFO - Setting next_dagrun for example_python_decorator to None, run_after=None
[2025-03-21T21:01:36.101+0000] {processor.py:208} INFO - Processing /home/usmail/sys_fraud/sys_detection_frauds/lib/python3.12/site-packages/airflow/example_dags/example_python_decorator.py took 0.065 seconds
[2025-03-21T21:02:32.663+0000] {processor.py:186} INFO - Started process (PID=3732786) to work on /home/usmail/sys_fraud/sys_detection_frauds/lib/python3.12/site-packages/airflow/example_dags/example_python_decorator.py
[2025-03-21T21:02:32.668+0000] {processor.py:914} INFO - Processing file /home/usmail/sys_fraud/sys_detection_frauds/lib/python3.12/site-packages/airflow/example_dags/example_python_decorator.py for tasks to queue
[2025-03-21T21:02:32.670+0000] {logging_mixin.py:190} INFO - [2025-03-21T21:02:32.670+0000] {dagbag.py:588} INFO - Filling up the DagBag from /home/usmail/sys_fraud/sys_detection_frauds/lib/python3.12/site-packages/airflow/example_dags/example_python_decorator.py
[2025-03-21T21:02:32.678+0000] {logging_mixin.py:190} INFO - [2025-03-21T21:02:32.678+0000] {example_python_decorator.py:80} WARNING - The virtalenv_python example task requires virtualenv, please install it.
[2025-03-21T21:02:32.680+0000] {processor.py:925} INFO - DAG(s) 'example_python_decorator' retrieved from /home/usmail/sys_fraud/sys_detection_frauds/lib/python3.12/site-packages/airflow/example_dags/example_python_decorator.py
[2025-03-21T21:02:32.688+0000] {logging_mixin.py:190} INFO - [2025-03-21T21:02:32.688+0000] {dag.py:3239} INFO - Sync 1 DAGs
[2025-03-21T21:02:32.695+0000] {logging_mixin.py:190} INFO - [2025-03-21T21:02:32.695+0000] {dag.py:4180} INFO - Setting next_dagrun for example_python_decorator to None, run_after=None
[2025-03-21T21:02:32.707+0000] {processor.py:208} INFO - Processing /home/usmail/sys_fraud/sys_detection_frauds/lib/python3.12/site-packages/airflow/example_dags/example_python_decorator.py took 0.051 seconds
[2025-03-21T21:03:25.413+0000] {processor.py:186} INFO - Started process (PID=3733553) to work on /home/usmail/sys_fraud/sys_detection_frauds/lib/python3.12/site-packages/airflow/example_dags/example_python_decorator.py
[2025-03-21T21:03:25.421+0000] {processor.py:914} INFO - Processing file /home/usmail/sys_fraud/sys_detection_frauds/lib/python3.12/site-packages/airflow/example_dags/example_python_decorator.py for tasks to queue
[2025-03-21T21:03:25.424+0000] {logging_mixin.py:190} INFO - [2025-03-21T21:03:25.423+0000] {dagbag.py:588} INFO - Filling up the DagBag from /home/usmail/sys_fraud/sys_detection_frauds/lib/python3.12/site-packages/airflow/example_dags/example_python_decorator.py
[2025-03-21T21:03:25.435+0000] {logging_mixin.py:190} INFO - [2025-03-21T21:03:25.435+0000] {example_python_decorator.py:80} WARNING - The virtalenv_python example task requires virtualenv, please install it.
[2025-03-21T21:03:25.436+0000] {processor.py:925} INFO - DAG(s) 'example_python_decorator' retrieved from /home/usmail/sys_fraud/sys_detection_frauds/lib/python3.12/site-packages/airflow/example_dags/example_python_decorator.py
[2025-03-21T21:03:25.445+0000] {logging_mixin.py:190} INFO - [2025-03-21T21:03:25.445+0000] {dag.py:3239} INFO - Sync 1 DAGs
[2025-03-21T21:03:25.452+0000] {logging_mixin.py:190} INFO - [2025-03-21T21:03:25.452+0000] {dag.py:4180} INFO - Setting next_dagrun for example_python_decorator to None, run_after=None
[2025-03-21T21:03:25.463+0000] {processor.py:208} INFO - Processing /home/usmail/sys_fraud/sys_detection_frauds/lib/python3.12/site-packages/airflow/example_dags/example_python_decorator.py took 0.056 seconds
[2025-03-21T21:04:21.788+0000] {processor.py:186} INFO - Started process (PID=3734224) to work on /home/usmail/sys_fraud/sys_detection_frauds/lib/python3.12/site-packages/airflow/example_dags/example_python_decorator.py
[2025-03-21T21:04:21.796+0000] {processor.py:914} INFO - Processing file /home/usmail/sys_fraud/sys_detection_frauds/lib/python3.12/site-packages/airflow/example_dags/example_python_decorator.py for tasks to queue
[2025-03-21T21:04:21.798+0000] {logging_mixin.py:190} INFO - [2025-03-21T21:04:21.797+0000] {dagbag.py:588} INFO - Filling up the DagBag from /home/usmail/sys_fraud/sys_detection_frauds/lib/python3.12/site-packages/airflow/example_dags/example_python_decorator.py
[2025-03-21T21:04:21.908+0000] {logging_mixin.py:190} INFO - [2025-03-21T21:04:21.908+0000] {example_python_decorator.py:80} WARNING - The virtalenv_python example task requires virtualenv, please install it.
[2025-03-21T21:04:21.909+0000] {processor.py:925} INFO - DAG(s) 'example_python_decorator' retrieved from /home/usmail/sys_fraud/sys_detection_frauds/lib/python3.12/site-packages/airflow/example_dags/example_python_decorator.py
[2025-03-21T21:04:21.917+0000] {logging_mixin.py:190} INFO - [2025-03-21T21:04:21.917+0000] {dag.py:3239} INFO - Sync 1 DAGs
[2025-03-21T21:04:21.926+0000] {logging_mixin.py:190} INFO - [2025-03-21T21:04:21.926+0000] {dag.py:4180} INFO - Setting next_dagrun for example_python_decorator to None, run_after=None
[2025-03-21T21:04:21.941+0000] {processor.py:208} INFO - Processing /home/usmail/sys_fraud/sys_detection_frauds/lib/python3.12/site-packages/airflow/example_dags/example_python_decorator.py took 0.158 seconds
[2025-03-21T21:05:16.398+0000] {processor.py:186} INFO - Started process (PID=3735126) to work on /home/usmail/sys_fraud/sys_detection_frauds/lib/python3.12/site-packages/airflow/example_dags/example_python_decorator.py
[2025-03-21T21:05:16.406+0000] {processor.py:914} INFO - Processing file /home/usmail/sys_fraud/sys_detection_frauds/lib/python3.12/site-packages/airflow/example_dags/example_python_decorator.py for tasks to queue
[2025-03-21T21:05:16.410+0000] {logging_mixin.py:190} INFO - [2025-03-21T21:05:16.409+0000] {dagbag.py:588} INFO - Filling up the DagBag from /home/usmail/sys_fraud/sys_detection_frauds/lib/python3.12/site-packages/airflow/example_dags/example_python_decorator.py
[2025-03-21T21:05:16.420+0000] {logging_mixin.py:190} INFO - [2025-03-21T21:05:16.420+0000] {example_python_decorator.py:80} WARNING - The virtalenv_python example task requires virtualenv, please install it.
[2025-03-21T21:05:16.421+0000] {processor.py:925} INFO - DAG(s) 'example_python_decorator' retrieved from /home/usmail/sys_fraud/sys_detection_frauds/lib/python3.12/site-packages/airflow/example_dags/example_python_decorator.py
[2025-03-21T21:05:16.431+0000] {logging_mixin.py:190} INFO - [2025-03-21T21:05:16.431+0000] {dag.py:3239} INFO - Sync 1 DAGs
[2025-03-21T21:05:16.438+0000] {logging_mixin.py:190} INFO - [2025-03-21T21:05:16.438+0000] {dag.py:4180} INFO - Setting next_dagrun for example_python_decorator to None, run_after=None
[2025-03-21T21:05:16.450+0000] {processor.py:208} INFO - Processing /home/usmail/sys_fraud/sys_detection_frauds/lib/python3.12/site-packages/airflow/example_dags/example_python_decorator.py took 0.057 seconds
[2025-03-21T21:06:10.511+0000] {processor.py:186} INFO - Started process (PID=3735798) to work on /home/usmail/sys_fraud/sys_detection_frauds/lib/python3.12/site-packages/airflow/example_dags/example_python_decorator.py
[2025-03-21T21:06:10.519+0000] {processor.py:914} INFO - Processing file /home/usmail/sys_fraud/sys_detection_frauds/lib/python3.12/site-packages/airflow/example_dags/example_python_decorator.py for tasks to queue
[2025-03-21T21:06:10.521+0000] {logging_mixin.py:190} INFO - [2025-03-21T21:06:10.521+0000] {dagbag.py:588} INFO - Filling up the DagBag from /home/usmail/sys_fraud/sys_detection_frauds/lib/python3.12/site-packages/airflow/example_dags/example_python_decorator.py
[2025-03-21T21:06:10.529+0000] {logging_mixin.py:190} INFO - [2025-03-21T21:06:10.529+0000] {example_python_decorator.py:80} WARNING - The virtalenv_python example task requires virtualenv, please install it.
[2025-03-21T21:06:10.531+0000] {processor.py:925} INFO - DAG(s) 'example_python_decorator' retrieved from /home/usmail/sys_fraud/sys_detection_frauds/lib/python3.12/site-packages/airflow/example_dags/example_python_decorator.py
[2025-03-21T21:06:10.540+0000] {logging_mixin.py:190} INFO - [2025-03-21T21:06:10.540+0000] {dag.py:3239} INFO - Sync 1 DAGs
[2025-03-21T21:06:10.548+0000] {logging_mixin.py:190} INFO - [2025-03-21T21:06:10.547+0000] {dag.py:4180} INFO - Setting next_dagrun for example_python_decorator to None, run_after=None
[2025-03-21T21:06:10.577+0000] {processor.py:208} INFO - Processing /home/usmail/sys_fraud/sys_detection_frauds/lib/python3.12/site-packages/airflow/example_dags/example_python_decorator.py took 0.071 seconds
[2025-03-21T21:07:02.672+0000] {processor.py:186} INFO - Started process (PID=3737107) to work on /home/usmail/sys_fraud/sys_detection_frauds/lib/python3.12/site-packages/airflow/example_dags/example_python_decorator.py
[2025-03-21T21:07:02.681+0000] {processor.py:914} INFO - Processing file /home/usmail/sys_fraud/sys_detection_frauds/lib/python3.12/site-packages/airflow/example_dags/example_python_decorator.py for tasks to queue
[2025-03-21T21:07:02.682+0000] {logging_mixin.py:190} INFO - [2025-03-21T21:07:02.682+0000] {dagbag.py:588} INFO - Filling up the DagBag from /home/usmail/sys_fraud/sys_detection_frauds/lib/python3.12/site-packages/airflow/example_dags/example_python_decorator.py
[2025-03-21T21:07:02.688+0000] {logging_mixin.py:190} INFO - [2025-03-21T21:07:02.688+0000] {example_python_decorator.py:80} WARNING - The virtalenv_python example task requires virtualenv, please install it.
[2025-03-21T21:07:02.689+0000] {processor.py:925} INFO - DAG(s) 'example_python_decorator' retrieved from /home/usmail/sys_fraud/sys_detection_frauds/lib/python3.12/site-packages/airflow/example_dags/example_python_decorator.py
[2025-03-21T21:07:02.700+0000] {logging_mixin.py:190} INFO - [2025-03-21T21:07:02.700+0000] {dag.py:3239} INFO - Sync 1 DAGs
[2025-03-21T21:07:02.707+0000] {logging_mixin.py:190} INFO - [2025-03-21T21:07:02.707+0000] {dag.py:4180} INFO - Setting next_dagrun for example_python_decorator to None, run_after=None
[2025-03-21T21:07:02.722+0000] {processor.py:208} INFO - Processing /home/usmail/sys_fraud/sys_detection_frauds/lib/python3.12/site-packages/airflow/example_dags/example_python_decorator.py took 0.055 seconds
[2025-03-21T21:07:56.354+0000] {processor.py:186} INFO - Started process (PID=3737785) to work on /home/usmail/sys_fraud/sys_detection_frauds/lib/python3.12/site-packages/airflow/example_dags/example_python_decorator.py
[2025-03-21T21:07:56.362+0000] {processor.py:914} INFO - Processing file /home/usmail/sys_fraud/sys_detection_frauds/lib/python3.12/site-packages/airflow/example_dags/example_python_decorator.py for tasks to queue
[2025-03-21T21:07:56.364+0000] {logging_mixin.py:190} INFO - [2025-03-21T21:07:56.364+0000] {dagbag.py:588} INFO - Filling up the DagBag from /home/usmail/sys_fraud/sys_detection_frauds/lib/python3.12/site-packages/airflow/example_dags/example_python_decorator.py
[2025-03-21T21:07:56.372+0000] {logging_mixin.py:190} INFO - [2025-03-21T21:07:56.372+0000] {example_python_decorator.py:80} WARNING - The virtalenv_python example task requires virtualenv, please install it.
[2025-03-21T21:07:56.374+0000] {processor.py:925} INFO - DAG(s) 'example_python_decorator' retrieved from /home/usmail/sys_fraud/sys_detection_frauds/lib/python3.12/site-packages/airflow/example_dags/example_python_decorator.py
[2025-03-21T21:07:56.384+0000] {logging_mixin.py:190} INFO - [2025-03-21T21:07:56.384+0000] {dag.py:3239} INFO - Sync 1 DAGs
[2025-03-21T21:07:56.392+0000] {logging_mixin.py:190} INFO - [2025-03-21T21:07:56.392+0000] {dag.py:4180} INFO - Setting next_dagrun for example_python_decorator to None, run_after=None
[2025-03-21T21:07:56.413+0000] {processor.py:208} INFO - Processing /home/usmail/sys_fraud/sys_detection_frauds/lib/python3.12/site-packages/airflow/example_dags/example_python_decorator.py took 0.067 seconds
[2025-03-21T21:09:00.083+0000] {processor.py:186} INFO - Started process (PID=3738604) to work on /home/usmail/sys_fraud/sys_detection_frauds/lib/python3.12/site-packages/airflow/example_dags/example_python_decorator.py
[2025-03-21T21:09:00.092+0000] {processor.py:914} INFO - Processing file /home/usmail/sys_fraud/sys_detection_frauds/lib/python3.12/site-packages/airflow/example_dags/example_python_decorator.py for tasks to queue
[2025-03-21T21:09:00.095+0000] {logging_mixin.py:190} INFO - [2025-03-21T21:09:00.094+0000] {dagbag.py:588} INFO - Filling up the DagBag from /home/usmail/sys_fraud/sys_detection_frauds/lib/python3.12/site-packages/airflow/example_dags/example_python_decorator.py
[2025-03-21T21:09:00.109+0000] {logging_mixin.py:190} INFO - [2025-03-21T21:09:00.109+0000] {example_python_decorator.py:80} WARNING - The virtalenv_python example task requires virtualenv, please install it.
[2025-03-21T21:09:00.113+0000] {processor.py:925} INFO - DAG(s) 'example_python_decorator' retrieved from /home/usmail/sys_fraud/sys_detection_frauds/lib/python3.12/site-packages/airflow/example_dags/example_python_decorator.py
[2025-03-21T21:09:00.137+0000] {logging_mixin.py:190} INFO - [2025-03-21T21:09:00.136+0000] {dag.py:3239} INFO - Sync 1 DAGs
[2025-03-21T21:09:00.148+0000] {logging_mixin.py:190} INFO - [2025-03-21T21:09:00.148+0000] {dag.py:4180} INFO - Setting next_dagrun for example_python_decorator to None, run_after=None
[2025-03-21T21:09:00.164+0000] {processor.py:208} INFO - Processing /home/usmail/sys_fraud/sys_detection_frauds/lib/python3.12/site-packages/airflow/example_dags/example_python_decorator.py took 0.094 seconds
[2025-03-21T21:09:55.642+0000] {processor.py:186} INFO - Started process (PID=3739433) to work on /home/usmail/sys_fraud/sys_detection_frauds/lib/python3.12/site-packages/airflow/example_dags/example_python_decorator.py
[2025-03-21T21:09:55.651+0000] {processor.py:914} INFO - Processing file /home/usmail/sys_fraud/sys_detection_frauds/lib/python3.12/site-packages/airflow/example_dags/example_python_decorator.py for tasks to queue
[2025-03-21T21:09:55.655+0000] {logging_mixin.py:190} INFO - [2025-03-21T21:09:55.654+0000] {dagbag.py:588} INFO - Filling up the DagBag from /home/usmail/sys_fraud/sys_detection_frauds/lib/python3.12/site-packages/airflow/example_dags/example_python_decorator.py
[2025-03-21T21:09:55.671+0000] {logging_mixin.py:190} INFO - [2025-03-21T21:09:55.671+0000] {example_python_decorator.py:80} WARNING - The virtalenv_python example task requires virtualenv, please install it.
[2025-03-21T21:09:55.675+0000] {processor.py:925} INFO - DAG(s) 'example_python_decorator' retrieved from /home/usmail/sys_fraud/sys_detection_frauds/lib/python3.12/site-packages/airflow/example_dags/example_python_decorator.py
[2025-03-21T21:09:55.700+0000] {logging_mixin.py:190} INFO - [2025-03-21T21:09:55.700+0000] {dag.py:3239} INFO - Sync 1 DAGs
[2025-03-21T21:09:55.711+0000] {logging_mixin.py:190} INFO - [2025-03-21T21:09:55.711+0000] {dag.py:4180} INFO - Setting next_dagrun for example_python_decorator to None, run_after=None
[2025-03-21T21:09:55.740+0000] {processor.py:208} INFO - Processing /home/usmail/sys_fraud/sys_detection_frauds/lib/python3.12/site-packages/airflow/example_dags/example_python_decorator.py took 0.111 seconds
[2025-03-21T21:10:52.957+0000] {processor.py:186} INFO - Started process (PID=3740983) to work on /home/usmail/sys_fraud/sys_detection_frauds/lib/python3.12/site-packages/airflow/example_dags/example_python_decorator.py
[2025-03-21T21:10:52.966+0000] {processor.py:914} INFO - Processing file /home/usmail/sys_fraud/sys_detection_frauds/lib/python3.12/site-packages/airflow/example_dags/example_python_decorator.py for tasks to queue
[2025-03-21T21:10:52.969+0000] {logging_mixin.py:190} INFO - [2025-03-21T21:10:52.968+0000] {dagbag.py:588} INFO - Filling up the DagBag from /home/usmail/sys_fraud/sys_detection_frauds/lib/python3.12/site-packages/airflow/example_dags/example_python_decorator.py
[2025-03-21T21:10:52.977+0000] {logging_mixin.py:190} INFO - [2025-03-21T21:10:52.976+0000] {example_python_decorator.py:80} WARNING - The virtalenv_python example task requires virtualenv, please install it.
[2025-03-21T21:10:52.978+0000] {processor.py:925} INFO - DAG(s) 'example_python_decorator' retrieved from /home/usmail/sys_fraud/sys_detection_frauds/lib/python3.12/site-packages/airflow/example_dags/example_python_decorator.py
[2025-03-21T21:10:52.993+0000] {logging_mixin.py:190} INFO - [2025-03-21T21:10:52.993+0000] {dag.py:3239} INFO - Sync 1 DAGs
[2025-03-21T21:10:53.004+0000] {logging_mixin.py:190} INFO - [2025-03-21T21:10:53.003+0000] {dag.py:4180} INFO - Setting next_dagrun for example_python_decorator to None, run_after=None
[2025-03-21T21:10:53.024+0000] {processor.py:208} INFO - Processing /home/usmail/sys_fraud/sys_detection_frauds/lib/python3.12/site-packages/airflow/example_dags/example_python_decorator.py took 0.074 seconds
[2025-03-21T21:11:49.770+0000] {processor.py:186} INFO - Started process (PID=3742062) to work on /home/usmail/sys_fraud/sys_detection_frauds/lib/python3.12/site-packages/airflow/example_dags/example_python_decorator.py
[2025-03-21T21:11:49.779+0000] {processor.py:914} INFO - Processing file /home/usmail/sys_fraud/sys_detection_frauds/lib/python3.12/site-packages/airflow/example_dags/example_python_decorator.py for tasks to queue
[2025-03-21T21:11:49.781+0000] {logging_mixin.py:190} INFO - [2025-03-21T21:11:49.780+0000] {dagbag.py:588} INFO - Filling up the DagBag from /home/usmail/sys_fraud/sys_detection_frauds/lib/python3.12/site-packages/airflow/example_dags/example_python_decorator.py
[2025-03-21T21:11:49.788+0000] {logging_mixin.py:190} INFO - [2025-03-21T21:11:49.788+0000] {example_python_decorator.py:80} WARNING - The virtalenv_python example task requires virtualenv, please install it.
[2025-03-21T21:11:49.790+0000] {processor.py:925} INFO - DAG(s) 'example_python_decorator' retrieved from /home/usmail/sys_fraud/sys_detection_frauds/lib/python3.12/site-packages/airflow/example_dags/example_python_decorator.py
[2025-03-21T21:11:49.802+0000] {logging_mixin.py:190} INFO - [2025-03-21T21:11:49.802+0000] {dag.py:3239} INFO - Sync 1 DAGs
[2025-03-21T21:11:49.812+0000] {logging_mixin.py:190} INFO - [2025-03-21T21:11:49.812+0000] {dag.py:4180} INFO - Setting next_dagrun for example_python_decorator to None, run_after=None
[2025-03-21T21:11:49.834+0000] {processor.py:208} INFO - Processing /home/usmail/sys_fraud/sys_detection_frauds/lib/python3.12/site-packages/airflow/example_dags/example_python_decorator.py took 0.072 seconds
[2025-03-21T21:12:42.751+0000] {processor.py:186} INFO - Started process (PID=3743111) to work on /home/usmail/sys_fraud/sys_detection_frauds/lib/python3.12/site-packages/airflow/example_dags/example_python_decorator.py
[2025-03-21T21:12:42.760+0000] {processor.py:914} INFO - Processing file /home/usmail/sys_fraud/sys_detection_frauds/lib/python3.12/site-packages/airflow/example_dags/example_python_decorator.py for tasks to queue
[2025-03-21T21:12:42.761+0000] {logging_mixin.py:190} INFO - [2025-03-21T21:12:42.761+0000] {dagbag.py:588} INFO - Filling up the DagBag from /home/usmail/sys_fraud/sys_detection_frauds/lib/python3.12/site-packages/airflow/example_dags/example_python_decorator.py
[2025-03-21T21:12:42.768+0000] {logging_mixin.py:190} INFO - [2025-03-21T21:12:42.768+0000] {example_python_decorator.py:80} WARNING - The virtalenv_python example task requires virtualenv, please install it.
[2025-03-21T21:12:42.770+0000] {processor.py:925} INFO - DAG(s) 'example_python_decorator' retrieved from /home/usmail/sys_fraud/sys_detection_frauds/lib/python3.12/site-packages/airflow/example_dags/example_python_decorator.py
[2025-03-21T21:12:42.782+0000] {logging_mixin.py:190} INFO - [2025-03-21T21:12:42.782+0000] {dag.py:3239} INFO - Sync 1 DAGs
[2025-03-21T21:12:42.792+0000] {logging_mixin.py:190} INFO - [2025-03-21T21:12:42.792+0000] {dag.py:4180} INFO - Setting next_dagrun for example_python_decorator to None, run_after=None
[2025-03-21T21:12:42.816+0000] {processor.py:208} INFO - Processing /home/usmail/sys_fraud/sys_detection_frauds/lib/python3.12/site-packages/airflow/example_dags/example_python_decorator.py took 0.070 seconds
[2025-03-21T21:13:35.427+0000] {processor.py:186} INFO - Started process (PID=3744075) to work on /home/usmail/sys_fraud/sys_detection_frauds/lib/python3.12/site-packages/airflow/example_dags/example_python_decorator.py
[2025-03-21T21:13:35.428+0000] {processor.py:914} INFO - Processing file /home/usmail/sys_fraud/sys_detection_frauds/lib/python3.12/site-packages/airflow/example_dags/example_python_decorator.py for tasks to queue
[2025-03-21T21:13:35.430+0000] {logging_mixin.py:190} INFO - [2025-03-21T21:13:35.430+0000] {dagbag.py:588} INFO - Filling up the DagBag from /home/usmail/sys_fraud/sys_detection_frauds/lib/python3.12/site-packages/airflow/example_dags/example_python_decorator.py
[2025-03-21T21:13:35.439+0000] {logging_mixin.py:190} INFO - [2025-03-21T21:13:35.439+0000] {example_python_decorator.py:80} WARNING - The virtalenv_python example task requires virtualenv, please install it.
[2025-03-21T21:13:35.442+0000] {processor.py:925} INFO - DAG(s) 'example_python_decorator' retrieved from /home/usmail/sys_fraud/sys_detection_frauds/lib/python3.12/site-packages/airflow/example_dags/example_python_decorator.py
[2025-03-21T21:13:35.462+0000] {logging_mixin.py:190} INFO - [2025-03-21T21:13:35.461+0000] {dag.py:3239} INFO - Sync 1 DAGs
[2025-03-21T21:13:35.478+0000] {logging_mixin.py:190} INFO - [2025-03-21T21:13:35.477+0000] {dag.py:4180} INFO - Setting next_dagrun for example_python_decorator to None, run_after=None
[2025-03-21T21:13:35.499+0000] {processor.py:208} INFO - Processing /home/usmail/sys_fraud/sys_detection_frauds/lib/python3.12/site-packages/airflow/example_dags/example_python_decorator.py took 0.081 seconds
[2025-03-21T21:14:27.818+0000] {processor.py:186} INFO - Started process (PID=3744869) to work on /home/usmail/sys_fraud/sys_detection_frauds/lib/python3.12/site-packages/airflow/example_dags/example_python_decorator.py
[2025-03-21T21:14:27.827+0000] {processor.py:914} INFO - Processing file /home/usmail/sys_fraud/sys_detection_frauds/lib/python3.12/site-packages/airflow/example_dags/example_python_decorator.py for tasks to queue
[2025-03-21T21:14:27.831+0000] {logging_mixin.py:190} INFO - [2025-03-21T21:14:27.830+0000] {dagbag.py:588} INFO - Filling up the DagBag from /home/usmail/sys_fraud/sys_detection_frauds/lib/python3.12/site-packages/airflow/example_dags/example_python_decorator.py
[2025-03-21T21:14:27.845+0000] {logging_mixin.py:190} INFO - [2025-03-21T21:14:27.845+0000] {example_python_decorator.py:80} WARNING - The virtalenv_python example task requires virtualenv, please install it.
[2025-03-21T21:14:27.848+0000] {processor.py:925} INFO - DAG(s) 'example_python_decorator' retrieved from /home/usmail/sys_fraud/sys_detection_frauds/lib/python3.12/site-packages/airflow/example_dags/example_python_decorator.py
[2025-03-21T21:14:27.866+0000] {logging_mixin.py:190} INFO - [2025-03-21T21:14:27.866+0000] {dag.py:3239} INFO - Sync 1 DAGs
[2025-03-21T21:14:27.878+0000] {logging_mixin.py:190} INFO - [2025-03-21T21:14:27.878+0000] {dag.py:4180} INFO - Setting next_dagrun for example_python_decorator to None, run_after=None
[2025-03-21T21:14:27.907+0000] {processor.py:208} INFO - Processing /home/usmail/sys_fraud/sys_detection_frauds/lib/python3.12/site-packages/airflow/example_dags/example_python_decorator.py took 0.101 seconds
[2025-03-21T21:15:29.481+0000] {processor.py:186} INFO - Started process (PID=3745633) to work on /home/usmail/sys_fraud/sys_detection_frauds/lib/python3.12/site-packages/airflow/example_dags/example_python_decorator.py
[2025-03-21T21:15:29.490+0000] {processor.py:914} INFO - Processing file /home/usmail/sys_fraud/sys_detection_frauds/lib/python3.12/site-packages/airflow/example_dags/example_python_decorator.py for tasks to queue
[2025-03-21T21:15:29.493+0000] {logging_mixin.py:190} INFO - [2025-03-21T21:15:29.492+0000] {dagbag.py:588} INFO - Filling up the DagBag from /home/usmail/sys_fraud/sys_detection_frauds/lib/python3.12/site-packages/airflow/example_dags/example_python_decorator.py
[2025-03-21T21:15:29.507+0000] {logging_mixin.py:190} INFO - [2025-03-21T21:15:29.506+0000] {example_python_decorator.py:80} WARNING - The virtalenv_python example task requires virtualenv, please install it.
[2025-03-21T21:15:29.510+0000] {processor.py:925} INFO - DAG(s) 'example_python_decorator' retrieved from /home/usmail/sys_fraud/sys_detection_frauds/lib/python3.12/site-packages/airflow/example_dags/example_python_decorator.py
[2025-03-21T21:15:29.535+0000] {logging_mixin.py:190} INFO - [2025-03-21T21:15:29.535+0000] {dag.py:3239} INFO - Sync 1 DAGs
[2025-03-21T21:15:29.550+0000] {logging_mixin.py:190} INFO - [2025-03-21T21:15:29.550+0000] {dag.py:4180} INFO - Setting next_dagrun for example_python_decorator to None, run_after=None
[2025-03-21T21:15:29.580+0000] {processor.py:208} INFO - Processing /home/usmail/sys_fraud/sys_detection_frauds/lib/python3.12/site-packages/airflow/example_dags/example_python_decorator.py took 0.111 seconds
[2025-03-21T21:16:30.097+0000] {processor.py:186} INFO - Started process (PID=3746399) to work on /home/usmail/sys_fraud/sys_detection_frauds/lib/python3.12/site-packages/airflow/example_dags/example_python_decorator.py
[2025-03-21T21:16:30.106+0000] {processor.py:914} INFO - Processing file /home/usmail/sys_fraud/sys_detection_frauds/lib/python3.12/site-packages/airflow/example_dags/example_python_decorator.py for tasks to queue
[2025-03-21T21:16:30.109+0000] {logging_mixin.py:190} INFO - [2025-03-21T21:16:30.109+0000] {dagbag.py:588} INFO - Filling up the DagBag from /home/usmail/sys_fraud/sys_detection_frauds/lib/python3.12/site-packages/airflow/example_dags/example_python_decorator.py
[2025-03-21T21:16:30.123+0000] {logging_mixin.py:190} INFO - [2025-03-21T21:16:30.123+0000] {example_python_decorator.py:80} WARNING - The virtalenv_python example task requires virtualenv, please install it.
[2025-03-21T21:16:30.127+0000] {processor.py:925} INFO - DAG(s) 'example_python_decorator' retrieved from /home/usmail/sys_fraud/sys_detection_frauds/lib/python3.12/site-packages/airflow/example_dags/example_python_decorator.py
[2025-03-21T21:16:30.152+0000] {logging_mixin.py:190} INFO - [2025-03-21T21:16:30.152+0000] {dag.py:3239} INFO - Sync 1 DAGs
[2025-03-21T21:16:30.167+0000] {logging_mixin.py:190} INFO - [2025-03-21T21:16:30.167+0000] {dag.py:4180} INFO - Setting next_dagrun for example_python_decorator to None, run_after=None
[2025-03-21T21:16:30.202+0000] {processor.py:208} INFO - Processing /home/usmail/sys_fraud/sys_detection_frauds/lib/python3.12/site-packages/airflow/example_dags/example_python_decorator.py took 0.118 seconds
[2025-03-21T21:17:32.231+0000] {processor.py:186} INFO - Started process (PID=3747173) to work on /home/usmail/sys_fraud/sys_detection_frauds/lib/python3.12/site-packages/airflow/example_dags/example_python_decorator.py
[2025-03-21T21:17:32.241+0000] {processor.py:914} INFO - Processing file /home/usmail/sys_fraud/sys_detection_frauds/lib/python3.12/site-packages/airflow/example_dags/example_python_decorator.py for tasks to queue
[2025-03-21T21:17:32.244+0000] {logging_mixin.py:190} INFO - [2025-03-21T21:17:32.244+0000] {dagbag.py:588} INFO - Filling up the DagBag from /home/usmail/sys_fraud/sys_detection_frauds/lib/python3.12/site-packages/airflow/example_dags/example_python_decorator.py
[2025-03-21T21:17:32.259+0000] {logging_mixin.py:190} INFO - [2025-03-21T21:17:32.259+0000] {example_python_decorator.py:80} WARNING - The virtalenv_python example task requires virtualenv, please install it.
[2025-03-21T21:17:32.263+0000] {processor.py:925} INFO - DAG(s) 'example_python_decorator' retrieved from /home/usmail/sys_fraud/sys_detection_frauds/lib/python3.12/site-packages/airflow/example_dags/example_python_decorator.py
[2025-03-21T21:17:32.288+0000] {logging_mixin.py:190} INFO - [2025-03-21T21:17:32.288+0000] {dag.py:3239} INFO - Sync 1 DAGs
[2025-03-21T21:17:32.303+0000] {logging_mixin.py:190} INFO - [2025-03-21T21:17:32.302+0000] {dag.py:4180} INFO - Setting next_dagrun for example_python_decorator to None, run_after=None
[2025-03-21T21:17:32.325+0000] {processor.py:208} INFO - Processing /home/usmail/sys_fraud/sys_detection_frauds/lib/python3.12/site-packages/airflow/example_dags/example_python_decorator.py took 0.107 seconds
[2025-03-21T21:18:37.651+0000] {processor.py:186} INFO - Started process (PID=3747982) to work on /home/usmail/sys_fraud/sys_detection_frauds/lib/python3.12/site-packages/airflow/example_dags/example_python_decorator.py
[2025-03-21T21:18:37.660+0000] {processor.py:914} INFO - Processing file /home/usmail/sys_fraud/sys_detection_frauds/lib/python3.12/site-packages/airflow/example_dags/example_python_decorator.py for tasks to queue
[2025-03-21T21:18:37.663+0000] {logging_mixin.py:190} INFO - [2025-03-21T21:18:37.662+0000] {dagbag.py:588} INFO - Filling up the DagBag from /home/usmail/sys_fraud/sys_detection_frauds/lib/python3.12/site-packages/airflow/example_dags/example_python_decorator.py
[2025-03-21T21:18:37.677+0000] {logging_mixin.py:190} INFO - [2025-03-21T21:18:37.676+0000] {example_python_decorator.py:80} WARNING - The virtalenv_python example task requires virtualenv, please install it.
[2025-03-21T21:18:37.680+0000] {processor.py:925} INFO - DAG(s) 'example_python_decorator' retrieved from /home/usmail/sys_fraud/sys_detection_frauds/lib/python3.12/site-packages/airflow/example_dags/example_python_decorator.py
[2025-03-21T21:18:37.705+0000] {logging_mixin.py:190} INFO - [2025-03-21T21:18:37.705+0000] {dag.py:3239} INFO - Sync 1 DAGs
[2025-03-21T21:18:37.720+0000] {logging_mixin.py:190} INFO - [2025-03-21T21:18:37.720+0000] {dag.py:4180} INFO - Setting next_dagrun for example_python_decorator to None, run_after=None
[2025-03-21T21:18:37.760+0000] {processor.py:208} INFO - Processing /home/usmail/sys_fraud/sys_detection_frauds/lib/python3.12/site-packages/airflow/example_dags/example_python_decorator.py took 0.122 seconds
[2025-03-21T21:19:40.543+0000] {processor.py:186} INFO - Started process (PID=3748734) to work on /home/usmail/sys_fraud/sys_detection_frauds/lib/python3.12/site-packages/airflow/example_dags/example_python_decorator.py
[2025-03-21T21:19:40.552+0000] {processor.py:914} INFO - Processing file /home/usmail/sys_fraud/sys_detection_frauds/lib/python3.12/site-packages/airflow/example_dags/example_python_decorator.py for tasks to queue
[2025-03-21T21:19:40.555+0000] {logging_mixin.py:190} INFO - [2025-03-21T21:19:40.555+0000] {dagbag.py:588} INFO - Filling up the DagBag from /home/usmail/sys_fraud/sys_detection_frauds/lib/python3.12/site-packages/airflow/example_dags/example_python_decorator.py
[2025-03-21T21:19:40.569+0000] {logging_mixin.py:190} INFO - [2025-03-21T21:19:40.569+0000] {example_python_decorator.py:80} WARNING - The virtalenv_python example task requires virtualenv, please install it.
[2025-03-21T21:19:40.573+0000] {processor.py:925} INFO - DAG(s) 'example_python_decorator' retrieved from /home/usmail/sys_fraud/sys_detection_frauds/lib/python3.12/site-packages/airflow/example_dags/example_python_decorator.py
[2025-03-21T21:19:40.598+0000] {logging_mixin.py:190} INFO - [2025-03-21T21:19:40.598+0000] {dag.py:3239} INFO - Sync 1 DAGs
[2025-03-21T21:19:40.613+0000] {logging_mixin.py:190} INFO - [2025-03-21T21:19:40.613+0000] {dag.py:4180} INFO - Setting next_dagrun for example_python_decorator to None, run_after=None
[2025-03-21T21:19:40.632+0000] {processor.py:208} INFO - Processing /home/usmail/sys_fraud/sys_detection_frauds/lib/python3.12/site-packages/airflow/example_dags/example_python_decorator.py took 0.102 seconds
[2025-03-21T21:20:43.620+0000] {processor.py:186} INFO - Started process (PID=3749512) to work on /home/usmail/sys_fraud/sys_detection_frauds/lib/python3.12/site-packages/airflow/example_dags/example_python_decorator.py
[2025-03-21T21:20:43.629+0000] {processor.py:914} INFO - Processing file /home/usmail/sys_fraud/sys_detection_frauds/lib/python3.12/site-packages/airflow/example_dags/example_python_decorator.py for tasks to queue
[2025-03-21T21:20:43.632+0000] {logging_mixin.py:190} INFO - [2025-03-21T21:20:43.631+0000] {dagbag.py:588} INFO - Filling up the DagBag from /home/usmail/sys_fraud/sys_detection_frauds/lib/python3.12/site-packages/airflow/example_dags/example_python_decorator.py
[2025-03-21T21:20:43.646+0000] {logging_mixin.py:190} INFO - [2025-03-21T21:20:43.646+0000] {example_python_decorator.py:80} WARNING - The virtalenv_python example task requires virtualenv, please install it.
[2025-03-21T21:20:43.650+0000] {processor.py:925} INFO - DAG(s) 'example_python_decorator' retrieved from /home/usmail/sys_fraud/sys_detection_frauds/lib/python3.12/site-packages/airflow/example_dags/example_python_decorator.py
[2025-03-21T21:20:43.674+0000] {logging_mixin.py:190} INFO - [2025-03-21T21:20:43.673+0000] {dag.py:3239} INFO - Sync 1 DAGs
[2025-03-21T21:20:43.688+0000] {logging_mixin.py:190} INFO - [2025-03-21T21:20:43.688+0000] {dag.py:4180} INFO - Setting next_dagrun for example_python_decorator to None, run_after=None
[2025-03-21T21:20:43.704+0000] {processor.py:208} INFO - Processing /home/usmail/sys_fraud/sys_detection_frauds/lib/python3.12/site-packages/airflow/example_dags/example_python_decorator.py took 0.098 seconds
[2025-03-21T21:21:49.486+0000] {processor.py:186} INFO - Started process (PID=3750314) to work on /home/usmail/sys_fraud/sys_detection_frauds/lib/python3.12/site-packages/airflow/example_dags/example_python_decorator.py
[2025-03-21T21:21:49.495+0000] {processor.py:914} INFO - Processing file /home/usmail/sys_fraud/sys_detection_frauds/lib/python3.12/site-packages/airflow/example_dags/example_python_decorator.py for tasks to queue
[2025-03-21T21:21:49.498+0000] {logging_mixin.py:190} INFO - [2025-03-21T21:21:49.497+0000] {dagbag.py:588} INFO - Filling up the DagBag from /home/usmail/sys_fraud/sys_detection_frauds/lib/python3.12/site-packages/airflow/example_dags/example_python_decorator.py
[2025-03-21T21:21:49.512+0000] {logging_mixin.py:190} INFO - [2025-03-21T21:21:49.512+0000] {example_python_decorator.py:80} WARNING - The virtalenv_python example task requires virtualenv, please install it.
[2025-03-21T21:21:49.516+0000] {processor.py:925} INFO - DAG(s) 'example_python_decorator' retrieved from /home/usmail/sys_fraud/sys_detection_frauds/lib/python3.12/site-packages/airflow/example_dags/example_python_decorator.py
[2025-03-21T21:21:49.541+0000] {logging_mixin.py:190} INFO - [2025-03-21T21:21:49.541+0000] {dag.py:3239} INFO - Sync 1 DAGs
[2025-03-21T21:21:49.554+0000] {logging_mixin.py:190} INFO - [2025-03-21T21:21:49.554+0000] {dag.py:4180} INFO - Setting next_dagrun for example_python_decorator to None, run_after=None
[2025-03-21T21:21:49.575+0000] {processor.py:208} INFO - Processing /home/usmail/sys_fraud/sys_detection_frauds/lib/python3.12/site-packages/airflow/example_dags/example_python_decorator.py took 0.102 seconds
[2025-03-21T21:22:56.522+0000] {processor.py:186} INFO - Started process (PID=3751160) to work on /home/usmail/sys_fraud/sys_detection_frauds/lib/python3.12/site-packages/airflow/example_dags/example_python_decorator.py
[2025-03-21T21:22:56.523+0000] {processor.py:914} INFO - Processing file /home/usmail/sys_fraud/sys_detection_frauds/lib/python3.12/site-packages/airflow/example_dags/example_python_decorator.py for tasks to queue
[2025-03-21T21:22:56.526+0000] {logging_mixin.py:190} INFO - [2025-03-21T21:22:56.526+0000] {dagbag.py:588} INFO - Filling up the DagBag from /home/usmail/sys_fraud/sys_detection_frauds/lib/python3.12/site-packages/airflow/example_dags/example_python_decorator.py
[2025-03-21T21:22:56.541+0000] {logging_mixin.py:190} INFO - [2025-03-21T21:22:56.540+0000] {example_python_decorator.py:80} WARNING - The virtalenv_python example task requires virtualenv, please install it.
[2025-03-21T21:22:56.544+0000] {processor.py:925} INFO - DAG(s) 'example_python_decorator' retrieved from /home/usmail/sys_fraud/sys_detection_frauds/lib/python3.12/site-packages/airflow/example_dags/example_python_decorator.py
[2025-03-21T21:22:56.569+0000] {logging_mixin.py:190} INFO - [2025-03-21T21:22:56.568+0000] {dag.py:3239} INFO - Sync 1 DAGs
[2025-03-21T21:22:56.582+0000] {logging_mixin.py:190} INFO - [2025-03-21T21:22:56.582+0000] {dag.py:4180} INFO - Setting next_dagrun for example_python_decorator to None, run_after=None
[2025-03-21T21:22:56.615+0000] {processor.py:208} INFO - Processing /home/usmail/sys_fraud/sys_detection_frauds/lib/python3.12/site-packages/airflow/example_dags/example_python_decorator.py took 0.104 seconds
[2025-03-21T21:23:57.852+0000] {processor.py:186} INFO - Started process (PID=3751891) to work on /home/usmail/sys_fraud/sys_detection_frauds/lib/python3.12/site-packages/airflow/example_dags/example_python_decorator.py
[2025-03-21T21:23:57.861+0000] {processor.py:914} INFO - Processing file /home/usmail/sys_fraud/sys_detection_frauds/lib/python3.12/site-packages/airflow/example_dags/example_python_decorator.py for tasks to queue
[2025-03-21T21:23:57.864+0000] {logging_mixin.py:190} INFO - [2025-03-21T21:23:57.864+0000] {dagbag.py:588} INFO - Filling up the DagBag from /home/usmail/sys_fraud/sys_detection_frauds/lib/python3.12/site-packages/airflow/example_dags/example_python_decorator.py
[2025-03-21T21:23:57.879+0000] {logging_mixin.py:190} INFO - [2025-03-21T21:23:57.878+0000] {example_python_decorator.py:80} WARNING - The virtalenv_python example task requires virtualenv, please install it.
[2025-03-21T21:23:57.883+0000] {processor.py:925} INFO - DAG(s) 'example_python_decorator' retrieved from /home/usmail/sys_fraud/sys_detection_frauds/lib/python3.12/site-packages/airflow/example_dags/example_python_decorator.py
[2025-03-21T21:23:57.907+0000] {logging_mixin.py:190} INFO - [2025-03-21T21:23:57.907+0000] {dag.py:3239} INFO - Sync 1 DAGs
[2025-03-21T21:23:57.921+0000] {logging_mixin.py:190} INFO - [2025-03-21T21:23:57.921+0000] {dag.py:4180} INFO - Setting next_dagrun for example_python_decorator to None, run_after=None
[2025-03-21T21:23:57.950+0000] {processor.py:208} INFO - Processing /home/usmail/sys_fraud/sys_detection_frauds/lib/python3.12/site-packages/airflow/example_dags/example_python_decorator.py took 0.111 seconds
[2025-03-21T21:25:00.874+0000] {processor.py:186} INFO - Started process (PID=3752558) to work on /home/usmail/sys_fraud/sys_detection_frauds/lib/python3.12/site-packages/airflow/example_dags/example_python_decorator.py
[2025-03-21T21:25:00.883+0000] {processor.py:914} INFO - Processing file /home/usmail/sys_fraud/sys_detection_frauds/lib/python3.12/site-packages/airflow/example_dags/example_python_decorator.py for tasks to queue
[2025-03-21T21:25:00.886+0000] {logging_mixin.py:190} INFO - [2025-03-21T21:25:00.886+0000] {dagbag.py:588} INFO - Filling up the DagBag from /home/usmail/sys_fraud/sys_detection_frauds/lib/python3.12/site-packages/airflow/example_dags/example_python_decorator.py
[2025-03-21T21:25:00.902+0000] {logging_mixin.py:190} INFO - [2025-03-21T21:25:00.901+0000] {example_python_decorator.py:80} WARNING - The virtalenv_python example task requires virtualenv, please install it.
[2025-03-21T21:25:00.907+0000] {processor.py:925} INFO - DAG(s) 'example_python_decorator' retrieved from /home/usmail/sys_fraud/sys_detection_frauds/lib/python3.12/site-packages/airflow/example_dags/example_python_decorator.py
[2025-03-21T21:25:00.931+0000] {logging_mixin.py:190} INFO - [2025-03-21T21:25:00.930+0000] {dag.py:3239} INFO - Sync 1 DAGs
[2025-03-21T21:25:00.944+0000] {logging_mixin.py:190} INFO - [2025-03-21T21:25:00.943+0000] {dag.py:4180} INFO - Setting next_dagrun for example_python_decorator to None, run_after=None
[2025-03-21T21:25:00.960+0000] {processor.py:208} INFO - Processing /home/usmail/sys_fraud/sys_detection_frauds/lib/python3.12/site-packages/airflow/example_dags/example_python_decorator.py took 0.098 seconds
[2025-03-21T21:26:06.072+0000] {processor.py:186} INFO - Started process (PID=3753261) to work on /home/usmail/sys_fraud/sys_detection_frauds/lib/python3.12/site-packages/airflow/example_dags/example_python_decorator.py
[2025-03-21T21:26:06.081+0000] {processor.py:914} INFO - Processing file /home/usmail/sys_fraud/sys_detection_frauds/lib/python3.12/site-packages/airflow/example_dags/example_python_decorator.py for tasks to queue
[2025-03-21T21:26:06.084+0000] {logging_mixin.py:190} INFO - [2025-03-21T21:26:06.083+0000] {dagbag.py:588} INFO - Filling up the DagBag from /home/usmail/sys_fraud/sys_detection_frauds/lib/python3.12/site-packages/airflow/example_dags/example_python_decorator.py
[2025-03-21T21:26:06.098+0000] {logging_mixin.py:190} INFO - [2025-03-21T21:26:06.098+0000] {example_python_decorator.py:80} WARNING - The virtalenv_python example task requires virtualenv, please install it.
[2025-03-21T21:26:06.102+0000] {processor.py:925} INFO - DAG(s) 'example_python_decorator' retrieved from /home/usmail/sys_fraud/sys_detection_frauds/lib/python3.12/site-packages/airflow/example_dags/example_python_decorator.py
[2025-03-21T21:26:06.126+0000] {logging_mixin.py:190} INFO - [2025-03-21T21:26:06.126+0000] {dag.py:3239} INFO - Sync 1 DAGs
[2025-03-21T21:26:06.142+0000] {logging_mixin.py:190} INFO - [2025-03-21T21:26:06.142+0000] {dag.py:4180} INFO - Setting next_dagrun for example_python_decorator to None, run_after=None
[2025-03-21T21:26:06.168+0000] {processor.py:208} INFO - Processing /home/usmail/sys_fraud/sys_detection_frauds/lib/python3.12/site-packages/airflow/example_dags/example_python_decorator.py took 0.109 seconds
[2025-03-21T21:27:07.825+0000] {processor.py:186} INFO - Started process (PID=3753897) to work on /home/usmail/sys_fraud/sys_detection_frauds/lib/python3.12/site-packages/airflow/example_dags/example_python_decorator.py
[2025-03-21T21:27:07.827+0000] {processor.py:914} INFO - Processing file /home/usmail/sys_fraud/sys_detection_frauds/lib/python3.12/site-packages/airflow/example_dags/example_python_decorator.py for tasks to queue
[2025-03-21T21:27:07.830+0000] {logging_mixin.py:190} INFO - [2025-03-21T21:27:07.829+0000] {dagbag.py:588} INFO - Filling up the DagBag from /home/usmail/sys_fraud/sys_detection_frauds/lib/python3.12/site-packages/airflow/example_dags/example_python_decorator.py
[2025-03-21T21:27:07.844+0000] {logging_mixin.py:190} INFO - [2025-03-21T21:27:07.844+0000] {example_python_decorator.py:80} WARNING - The virtalenv_python example task requires virtualenv, please install it.
[2025-03-21T21:27:07.848+0000] {processor.py:925} INFO - DAG(s) 'example_python_decorator' retrieved from /home/usmail/sys_fraud/sys_detection_frauds/lib/python3.12/site-packages/airflow/example_dags/example_python_decorator.py
[2025-03-21T21:27:07.872+0000] {logging_mixin.py:190} INFO - [2025-03-21T21:27:07.872+0000] {dag.py:3239} INFO - Sync 1 DAGs
[2025-03-21T21:27:07.886+0000] {logging_mixin.py:190} INFO - [2025-03-21T21:27:07.885+0000] {dag.py:4180} INFO - Setting next_dagrun for example_python_decorator to None, run_after=None
[2025-03-21T21:27:07.901+0000] {processor.py:208} INFO - Processing /home/usmail/sys_fraud/sys_detection_frauds/lib/python3.12/site-packages/airflow/example_dags/example_python_decorator.py took 0.088 seconds
[2025-03-21T21:28:10.944+0000] {processor.py:186} INFO - Started process (PID=3754546) to work on /home/usmail/sys_fraud/sys_detection_frauds/lib/python3.12/site-packages/airflow/example_dags/example_python_decorator.py
[2025-03-21T21:28:10.945+0000] {processor.py:914} INFO - Processing file /home/usmail/sys_fraud/sys_detection_frauds/lib/python3.12/site-packages/airflow/example_dags/example_python_decorator.py for tasks to queue
[2025-03-21T21:28:10.948+0000] {logging_mixin.py:190} INFO - [2025-03-21T21:28:10.948+0000] {dagbag.py:588} INFO - Filling up the DagBag from /home/usmail/sys_fraud/sys_detection_frauds/lib/python3.12/site-packages/airflow/example_dags/example_python_decorator.py
[2025-03-21T21:28:10.962+0000] {logging_mixin.py:190} INFO - [2025-03-21T21:28:10.962+0000] {example_python_decorator.py:80} WARNING - The virtalenv_python example task requires virtualenv, please install it.
[2025-03-21T21:28:10.966+0000] {processor.py:925} INFO - DAG(s) 'example_python_decorator' retrieved from /home/usmail/sys_fraud/sys_detection_frauds/lib/python3.12/site-packages/airflow/example_dags/example_python_decorator.py
[2025-03-21T21:28:10.989+0000] {logging_mixin.py:190} INFO - [2025-03-21T21:28:10.989+0000] {dag.py:3239} INFO - Sync 1 DAGs
[2025-03-21T21:28:11.001+0000] {logging_mixin.py:190} INFO - [2025-03-21T21:28:11.001+0000] {dag.py:4180} INFO - Setting next_dagrun for example_python_decorator to None, run_after=None
[2025-03-21T21:28:11.017+0000] {processor.py:208} INFO - Processing /home/usmail/sys_fraud/sys_detection_frauds/lib/python3.12/site-packages/airflow/example_dags/example_python_decorator.py took 0.087 seconds
[2025-03-21T21:29:10.386+0000] {processor.py:186} INFO - Started process (PID=3755180) to work on /home/usmail/sys_fraud/sys_detection_frauds/lib/python3.12/site-packages/airflow/example_dags/example_python_decorator.py
[2025-03-21T21:29:10.395+0000] {processor.py:914} INFO - Processing file /home/usmail/sys_fraud/sys_detection_frauds/lib/python3.12/site-packages/airflow/example_dags/example_python_decorator.py for tasks to queue
[2025-03-21T21:29:10.398+0000] {logging_mixin.py:190} INFO - [2025-03-21T21:29:10.398+0000] {dagbag.py:588} INFO - Filling up the DagBag from /home/usmail/sys_fraud/sys_detection_frauds/lib/python3.12/site-packages/airflow/example_dags/example_python_decorator.py
[2025-03-21T21:29:10.414+0000] {logging_mixin.py:190} INFO - [2025-03-21T21:29:10.414+0000] {example_python_decorator.py:80} WARNING - The virtalenv_python example task requires virtualenv, please install it.
[2025-03-21T21:29:10.418+0000] {processor.py:925} INFO - DAG(s) 'example_python_decorator' retrieved from /home/usmail/sys_fraud/sys_detection_frauds/lib/python3.12/site-packages/airflow/example_dags/example_python_decorator.py
[2025-03-21T21:29:10.443+0000] {logging_mixin.py:190} INFO - [2025-03-21T21:29:10.443+0000] {dag.py:3239} INFO - Sync 1 DAGs
[2025-03-21T21:29:10.457+0000] {logging_mixin.py:190} INFO - [2025-03-21T21:29:10.457+0000] {dag.py:4180} INFO - Setting next_dagrun for example_python_decorator to None, run_after=None
[2025-03-21T21:29:10.475+0000] {processor.py:208} INFO - Processing /home/usmail/sys_fraud/sys_detection_frauds/lib/python3.12/site-packages/airflow/example_dags/example_python_decorator.py took 0.101 seconds
[2025-03-21T21:30:15.759+0000] {processor.py:186} INFO - Started process (PID=3755860) to work on /home/usmail/sys_fraud/sys_detection_frauds/lib/python3.12/site-packages/airflow/example_dags/example_python_decorator.py
[2025-03-21T21:30:15.768+0000] {processor.py:914} INFO - Processing file /home/usmail/sys_fraud/sys_detection_frauds/lib/python3.12/site-packages/airflow/example_dags/example_python_decorator.py for tasks to queue
[2025-03-21T21:30:15.771+0000] {logging_mixin.py:190} INFO - [2025-03-21T21:30:15.770+0000] {dagbag.py:588} INFO - Filling up the DagBag from /home/usmail/sys_fraud/sys_detection_frauds/lib/python3.12/site-packages/airflow/example_dags/example_python_decorator.py
[2025-03-21T21:30:15.787+0000] {logging_mixin.py:190} INFO - [2025-03-21T21:30:15.786+0000] {example_python_decorator.py:80} WARNING - The virtalenv_python example task requires virtualenv, please install it.
[2025-03-21T21:30:15.791+0000] {processor.py:925} INFO - DAG(s) 'example_python_decorator' retrieved from /home/usmail/sys_fraud/sys_detection_frauds/lib/python3.12/site-packages/airflow/example_dags/example_python_decorator.py
[2025-03-21T21:30:15.813+0000] {logging_mixin.py:190} INFO - [2025-03-21T21:30:15.812+0000] {dag.py:3239} INFO - Sync 1 DAGs
[2025-03-21T21:30:15.823+0000] {logging_mixin.py:190} INFO - [2025-03-21T21:30:15.823+0000] {dag.py:4180} INFO - Setting next_dagrun for example_python_decorator to None, run_after=None
[2025-03-21T21:30:15.839+0000] {processor.py:208} INFO - Processing /home/usmail/sys_fraud/sys_detection_frauds/lib/python3.12/site-packages/airflow/example_dags/example_python_decorator.py took 0.091 seconds
[2025-03-21T21:31:22.381+0000] {processor.py:186} INFO - Started process (PID=3756545) to work on /home/usmail/sys_fraud/sys_detection_frauds/lib/python3.12/site-packages/airflow/example_dags/example_python_decorator.py
[2025-03-21T21:31:22.390+0000] {processor.py:914} INFO - Processing file /home/usmail/sys_fraud/sys_detection_frauds/lib/python3.12/site-packages/airflow/example_dags/example_python_decorator.py for tasks to queue
[2025-03-21T21:31:22.393+0000] {logging_mixin.py:190} INFO - [2025-03-21T21:31:22.392+0000] {dagbag.py:588} INFO - Filling up the DagBag from /home/usmail/sys_fraud/sys_detection_frauds/lib/python3.12/site-packages/airflow/example_dags/example_python_decorator.py
[2025-03-21T21:31:22.408+0000] {logging_mixin.py:190} INFO - [2025-03-21T21:31:22.408+0000] {example_python_decorator.py:80} WARNING - The virtalenv_python example task requires virtualenv, please install it.
[2025-03-21T21:31:22.413+0000] {processor.py:925} INFO - DAG(s) 'example_python_decorator' retrieved from /home/usmail/sys_fraud/sys_detection_frauds/lib/python3.12/site-packages/airflow/example_dags/example_python_decorator.py
[2025-03-21T21:31:22.438+0000] {logging_mixin.py:190} INFO - [2025-03-21T21:31:22.438+0000] {dag.py:3239} INFO - Sync 1 DAGs
[2025-03-21T21:31:22.453+0000] {logging_mixin.py:190} INFO - [2025-03-21T21:31:22.453+0000] {dag.py:4180} INFO - Setting next_dagrun for example_python_decorator to None, run_after=None
[2025-03-21T21:31:22.469+0000] {processor.py:208} INFO - Processing /home/usmail/sys_fraud/sys_detection_frauds/lib/python3.12/site-packages/airflow/example_dags/example_python_decorator.py took 0.100 seconds
[2025-03-21T21:32:27.419+0000] {processor.py:186} INFO - Started process (PID=3757242) to work on /home/usmail/sys_fraud/sys_detection_frauds/lib/python3.12/site-packages/airflow/example_dags/example_python_decorator.py
[2025-03-21T21:32:27.428+0000] {processor.py:914} INFO - Processing file /home/usmail/sys_fraud/sys_detection_frauds/lib/python3.12/site-packages/airflow/example_dags/example_python_decorator.py for tasks to queue
[2025-03-21T21:32:27.432+0000] {logging_mixin.py:190} INFO - [2025-03-21T21:32:27.431+0000] {dagbag.py:588} INFO - Filling up the DagBag from /home/usmail/sys_fraud/sys_detection_frauds/lib/python3.12/site-packages/airflow/example_dags/example_python_decorator.py
[2025-03-21T21:32:27.446+0000] {logging_mixin.py:190} INFO - [2025-03-21T21:32:27.446+0000] {example_python_decorator.py:80} WARNING - The virtalenv_python example task requires virtualenv, please install it.
[2025-03-21T21:32:27.449+0000] {processor.py:925} INFO - DAG(s) 'example_python_decorator' retrieved from /home/usmail/sys_fraud/sys_detection_frauds/lib/python3.12/site-packages/airflow/example_dags/example_python_decorator.py
[2025-03-21T21:32:27.474+0000] {logging_mixin.py:190} INFO - [2025-03-21T21:32:27.474+0000] {dag.py:3239} INFO - Sync 1 DAGs
[2025-03-21T21:32:27.489+0000] {logging_mixin.py:190} INFO - [2025-03-21T21:32:27.489+0000] {dag.py:4180} INFO - Setting next_dagrun for example_python_decorator to None, run_after=None
[2025-03-21T21:32:27.529+0000] {processor.py:208} INFO - Processing /home/usmail/sys_fraud/sys_detection_frauds/lib/python3.12/site-packages/airflow/example_dags/example_python_decorator.py took 0.123 seconds
[2025-03-21T21:33:28.493+0000] {processor.py:186} INFO - Started process (PID=3757871) to work on /home/usmail/sys_fraud/sys_detection_frauds/lib/python3.12/site-packages/airflow/example_dags/example_python_decorator.py
[2025-03-21T21:33:28.502+0000] {processor.py:914} INFO - Processing file /home/usmail/sys_fraud/sys_detection_frauds/lib/python3.12/site-packages/airflow/example_dags/example_python_decorator.py for tasks to queue
[2025-03-21T21:33:28.506+0000] {logging_mixin.py:190} INFO - [2025-03-21T21:33:28.505+0000] {dagbag.py:588} INFO - Filling up the DagBag from /home/usmail/sys_fraud/sys_detection_frauds/lib/python3.12/site-packages/airflow/example_dags/example_python_decorator.py
[2025-03-21T21:33:28.522+0000] {logging_mixin.py:190} INFO - [2025-03-21T21:33:28.521+0000] {example_python_decorator.py:80} WARNING - The virtalenv_python example task requires virtualenv, please install it.
[2025-03-21T21:33:28.525+0000] {processor.py:925} INFO - DAG(s) 'example_python_decorator' retrieved from /home/usmail/sys_fraud/sys_detection_frauds/lib/python3.12/site-packages/airflow/example_dags/example_python_decorator.py
[2025-03-21T21:33:28.550+0000] {logging_mixin.py:190} INFO - [2025-03-21T21:33:28.550+0000] {dag.py:3239} INFO - Sync 1 DAGs
[2025-03-21T21:33:28.564+0000] {logging_mixin.py:190} INFO - [2025-03-21T21:33:28.564+0000] {dag.py:4180} INFO - Setting next_dagrun for example_python_decorator to None, run_after=None
[2025-03-21T21:33:28.594+0000] {processor.py:208} INFO - Processing /home/usmail/sys_fraud/sys_detection_frauds/lib/python3.12/site-packages/airflow/example_dags/example_python_decorator.py took 0.114 seconds
[2025-03-21T22:19:46.671+0000] {processor.py:186} INFO - Started process (PID=3758808) to work on /home/usmail/sys_fraud/sys_detection_frauds/lib/python3.12/site-packages/airflow/example_dags/example_python_decorator.py
[2025-03-21T22:19:46.680+0000] {processor.py:914} INFO - Processing file /home/usmail/sys_fraud/sys_detection_frauds/lib/python3.12/site-packages/airflow/example_dags/example_python_decorator.py for tasks to queue
[2025-03-21T22:19:46.684+0000] {logging_mixin.py:190} INFO - [2025-03-21T22:19:46.683+0000] {dagbag.py:588} INFO - Filling up the DagBag from /home/usmail/sys_fraud/sys_detection_frauds/lib/python3.12/site-packages/airflow/example_dags/example_python_decorator.py
[2025-03-21T22:19:46.701+0000] {logging_mixin.py:190} INFO - [2025-03-21T22:19:46.700+0000] {example_python_decorator.py:80} WARNING - The virtalenv_python example task requires virtualenv, please install it.
[2025-03-21T22:19:46.705+0000] {processor.py:925} INFO - DAG(s) 'example_python_decorator' retrieved from /home/usmail/sys_fraud/sys_detection_frauds/lib/python3.12/site-packages/airflow/example_dags/example_python_decorator.py
[2025-03-21T22:19:46.727+0000] {logging_mixin.py:190} INFO - [2025-03-21T22:19:46.727+0000] {dag.py:3239} INFO - Sync 1 DAGs
[2025-03-21T22:19:46.739+0000] {logging_mixin.py:190} INFO - [2025-03-21T22:19:46.738+0000] {dag.py:4180} INFO - Setting next_dagrun for example_python_decorator to None, run_after=None
[2025-03-21T22:19:46.757+0000] {processor.py:208} INFO - Processing /home/usmail/sys_fraud/sys_detection_frauds/lib/python3.12/site-packages/airflow/example_dags/example_python_decorator.py took 0.101 seconds
[2025-03-21T22:20:51.860+0000] {processor.py:186} INFO - Started process (PID=3759762) to work on /home/usmail/sys_fraud/sys_detection_frauds/lib/python3.12/site-packages/airflow/example_dags/example_python_decorator.py
[2025-03-21T22:20:51.869+0000] {processor.py:914} INFO - Processing file /home/usmail/sys_fraud/sys_detection_frauds/lib/python3.12/site-packages/airflow/example_dags/example_python_decorator.py for tasks to queue
[2025-03-21T22:20:51.873+0000] {logging_mixin.py:190} INFO - [2025-03-21T22:20:51.873+0000] {dagbag.py:588} INFO - Filling up the DagBag from /home/usmail/sys_fraud/sys_detection_frauds/lib/python3.12/site-packages/airflow/example_dags/example_python_decorator.py
[2025-03-21T22:20:51.888+0000] {logging_mixin.py:190} INFO - [2025-03-21T22:20:51.887+0000] {example_python_decorator.py:80} WARNING - The virtalenv_python example task requires virtualenv, please install it.
[2025-03-21T22:20:51.892+0000] {processor.py:925} INFO - DAG(s) 'example_python_decorator' retrieved from /home/usmail/sys_fraud/sys_detection_frauds/lib/python3.12/site-packages/airflow/example_dags/example_python_decorator.py
[2025-03-21T22:20:51.915+0000] {logging_mixin.py:190} INFO - [2025-03-21T22:20:51.914+0000] {dag.py:3239} INFO - Sync 1 DAGs
[2025-03-21T22:20:51.925+0000] {logging_mixin.py:190} INFO - [2025-03-21T22:20:51.925+0000] {dag.py:4180} INFO - Setting next_dagrun for example_python_decorator to None, run_after=None
[2025-03-21T22:20:51.941+0000] {processor.py:208} INFO - Processing /home/usmail/sys_fraud/sys_detection_frauds/lib/python3.12/site-packages/airflow/example_dags/example_python_decorator.py took 0.095 seconds
[2025-03-21T22:21:53.621+0000] {processor.py:186} INFO - Started process (PID=3760641) to work on /home/usmail/sys_fraud/sys_detection_frauds/lib/python3.12/site-packages/airflow/example_dags/example_python_decorator.py
[2025-03-21T22:21:53.622+0000] {processor.py:914} INFO - Processing file /home/usmail/sys_fraud/sys_detection_frauds/lib/python3.12/site-packages/airflow/example_dags/example_python_decorator.py for tasks to queue
[2025-03-21T22:21:53.624+0000] {logging_mixin.py:190} INFO - [2025-03-21T22:21:53.623+0000] {dagbag.py:588} INFO - Filling up the DagBag from /home/usmail/sys_fraud/sys_detection_frauds/lib/python3.12/site-packages/airflow/example_dags/example_python_decorator.py
[2025-03-21T22:21:53.637+0000] {logging_mixin.py:190} INFO - [2025-03-21T22:21:53.637+0000] {example_python_decorator.py:80} WARNING - The virtalenv_python example task requires virtualenv, please install it.
[2025-03-21T22:21:53.641+0000] {processor.py:925} INFO - DAG(s) 'example_python_decorator' retrieved from /home/usmail/sys_fraud/sys_detection_frauds/lib/python3.12/site-packages/airflow/example_dags/example_python_decorator.py
[2025-03-21T22:21:53.664+0000] {logging_mixin.py:190} INFO - [2025-03-21T22:21:53.664+0000] {dag.py:3239} INFO - Sync 1 DAGs
[2025-03-21T22:21:53.677+0000] {logging_mixin.py:190} INFO - [2025-03-21T22:21:53.677+0000] {dag.py:4180} INFO - Setting next_dagrun for example_python_decorator to None, run_after=None
[2025-03-21T22:21:53.693+0000] {processor.py:208} INFO - Processing /home/usmail/sys_fraud/sys_detection_frauds/lib/python3.12/site-packages/airflow/example_dags/example_python_decorator.py took 0.084 seconds
