[2025-03-21T20:49:42.830+0000] {processor.py:186} INFO - Started process (PID=3723038) to work on /home/usmail/sys_fraud/sys_detection_frauds/lib/python3.12/site-packages/airflow/example_dags/example_sla_dag.py
[2025-03-21T20:49:42.831+0000] {processor.py:914} INFO - Processing file /home/usmail/sys_fraud/sys_detection_frauds/lib/python3.12/site-packages/airflow/example_dags/example_sla_dag.py for tasks to queue
[2025-03-21T20:49:42.833+0000] {logging_mixin.py:190} INFO - [2025-03-21T20:49:42.833+0000] {dagbag.py:588} INFO - Filling up the DagBag from /home/usmail/sys_fraud/sys_detection_frauds/lib/python3.12/site-packages/airflow/example_dags/example_sla_dag.py
[2025-03-21T20:49:42.841+0000] {processor.py:925} INFO - DAG(s) 'example_sla_dag' retrieved from /home/usmail/sys_fraud/sys_detection_frauds/lib/python3.12/site-packages/airflow/example_dags/example_sla_dag.py
[2025-03-21T20:49:42.913+0000] {logging_mixin.py:190} INFO - [2025-03-21T20:49:42.913+0000] {override.py:1912} INFO - Created Permission View: can edit on DAG:example_sla_dag
[2025-03-21T20:49:42.921+0000] {logging_mixin.py:190} INFO - [2025-03-21T20:49:42.920+0000] {override.py:1912} INFO - Created Permission View: can read on DAG:example_sla_dag
[2025-03-21T20:49:42.926+0000] {logging_mixin.py:190} INFO - [2025-03-21T20:49:42.926+0000] {override.py:1912} INFO - Created Permission View: can delete on DAG:example_sla_dag
[2025-03-21T20:49:42.934+0000] {logging_mixin.py:190} INFO - [2025-03-21T20:49:42.934+0000] {override.py:1912} INFO - Created Permission View: can create on DAG Run:example_sla_dag
[2025-03-21T20:49:42.939+0000] {logging_mixin.py:190} INFO - [2025-03-21T20:49:42.939+0000] {override.py:1912} INFO - Created Permission View: menu access on DAG Run:example_sla_dag
[2025-03-21T20:49:42.944+0000] {logging_mixin.py:190} INFO - [2025-03-21T20:49:42.944+0000] {override.py:1912} INFO - Created Permission View: can read on DAG Run:example_sla_dag
[2025-03-21T20:49:42.949+0000] {logging_mixin.py:190} INFO - [2025-03-21T20:49:42.949+0000] {override.py:1912} INFO - Created Permission View: can delete on DAG Run:example_sla_dag
[2025-03-21T20:49:42.949+0000] {logging_mixin.py:190} INFO - [2025-03-21T20:49:42.949+0000] {dag.py:3239} INFO - Sync 1 DAGs
[2025-03-21T20:49:42.956+0000] {logging_mixin.py:190} INFO - [2025-03-21T20:49:42.956+0000] {dag.py:3262} INFO - Creating ORM DAG for example_sla_dag
[2025-03-21T20:49:42.962+0000] {logging_mixin.py:190} INFO - [2025-03-21T20:49:42.962+0000] {dag.py:4180} INFO - Setting next_dagrun for example_sla_dag to 2025-03-21 20:46:00+00:00, run_after=2025-03-21 20:48:00+00:00
[2025-03-21T20:49:42.974+0000] {processor.py:208} INFO - Processing /home/usmail/sys_fraud/sys_detection_frauds/lib/python3.12/site-packages/airflow/example_dags/example_sla_dag.py took 0.153 seconds
[2025-03-21T20:50:42.832+0000] {processor.py:186} INFO - Started process (PID=3723779) to work on /home/usmail/sys_fraud/sys_detection_frauds/lib/python3.12/site-packages/airflow/example_dags/example_sla_dag.py
[2025-03-21T20:50:42.841+0000] {processor.py:914} INFO - Processing file /home/usmail/sys_fraud/sys_detection_frauds/lib/python3.12/site-packages/airflow/example_dags/example_sla_dag.py for tasks to queue
[2025-03-21T20:50:42.844+0000] {logging_mixin.py:190} INFO - [2025-03-21T20:50:42.844+0000] {dagbag.py:588} INFO - Filling up the DagBag from /home/usmail/sys_fraud/sys_detection_frauds/lib/python3.12/site-packages/airflow/example_dags/example_sla_dag.py
[2025-03-21T20:50:42.856+0000] {processor.py:925} INFO - DAG(s) 'example_sla_dag' retrieved from /home/usmail/sys_fraud/sys_detection_frauds/lib/python3.12/site-packages/airflow/example_dags/example_sla_dag.py
[2025-03-21T20:50:42.864+0000] {logging_mixin.py:190} INFO - [2025-03-21T20:50:42.864+0000] {dag.py:3239} INFO - Sync 1 DAGs
[2025-03-21T20:50:42.875+0000] {logging_mixin.py:190} INFO - [2025-03-21T20:50:42.875+0000] {dag.py:4180} INFO - Setting next_dagrun for example_sla_dag to 2025-03-21 20:48:00+00:00, run_after=2025-03-21 20:50:00+00:00
[2025-03-21T20:50:42.887+0000] {processor.py:208} INFO - Processing /home/usmail/sys_fraud/sys_detection_frauds/lib/python3.12/site-packages/airflow/example_dags/example_sla_dag.py took 0.059 seconds
[2025-03-21T20:51:37.026+0000] {processor.py:186} INFO - Started process (PID=3724439) to work on /home/usmail/sys_fraud/sys_detection_frauds/lib/python3.12/site-packages/airflow/example_dags/example_sla_dag.py
[2025-03-21T20:51:37.027+0000] {processor.py:914} INFO - Processing file /home/usmail/sys_fraud/sys_detection_frauds/lib/python3.12/site-packages/airflow/example_dags/example_sla_dag.py for tasks to queue
[2025-03-21T20:51:37.028+0000] {logging_mixin.py:190} INFO - [2025-03-21T20:51:37.028+0000] {dagbag.py:588} INFO - Filling up the DagBag from /home/usmail/sys_fraud/sys_detection_frauds/lib/python3.12/site-packages/airflow/example_dags/example_sla_dag.py
[2025-03-21T20:51:37.037+0000] {processor.py:925} INFO - DAG(s) 'example_sla_dag' retrieved from /home/usmail/sys_fraud/sys_detection_frauds/lib/python3.12/site-packages/airflow/example_dags/example_sla_dag.py
[2025-03-21T20:51:37.046+0000] {logging_mixin.py:190} INFO - [2025-03-21T20:51:37.046+0000] {dag.py:3239} INFO - Sync 1 DAGs
[2025-03-21T20:51:37.061+0000] {logging_mixin.py:190} INFO - [2025-03-21T20:51:37.061+0000] {dag.py:4180} INFO - Setting next_dagrun for example_sla_dag to 2025-03-21 20:48:00+00:00, run_after=2025-03-21 20:50:00+00:00
[2025-03-21T20:51:37.076+0000] {processor.py:208} INFO - Processing /home/usmail/sys_fraud/sys_detection_frauds/lib/python3.12/site-packages/airflow/example_dags/example_sla_dag.py took 0.053 seconds
[2025-03-21T20:52:28.638+0000] {processor.py:186} INFO - Started process (PID=3725067) to work on /home/usmail/sys_fraud/sys_detection_frauds/lib/python3.12/site-packages/airflow/example_dags/example_sla_dag.py
[2025-03-21T20:52:28.646+0000] {processor.py:914} INFO - Processing file /home/usmail/sys_fraud/sys_detection_frauds/lib/python3.12/site-packages/airflow/example_dags/example_sla_dag.py for tasks to queue
[2025-03-21T20:52:28.647+0000] {logging_mixin.py:190} INFO - [2025-03-21T20:52:28.647+0000] {dagbag.py:588} INFO - Filling up the DagBag from /home/usmail/sys_fraud/sys_detection_frauds/lib/python3.12/site-packages/airflow/example_dags/example_sla_dag.py
[2025-03-21T20:52:28.654+0000] {processor.py:925} INFO - DAG(s) 'example_sla_dag' retrieved from /home/usmail/sys_fraud/sys_detection_frauds/lib/python3.12/site-packages/airflow/example_dags/example_sla_dag.py
[2025-03-21T20:52:28.663+0000] {logging_mixin.py:190} INFO - [2025-03-21T20:52:28.663+0000] {dag.py:3239} INFO - Sync 1 DAGs
[2025-03-21T20:52:28.677+0000] {logging_mixin.py:190} INFO - [2025-03-21T20:52:28.676+0000] {dag.py:4180} INFO - Setting next_dagrun for example_sla_dag to 2025-03-21 20:50:00+00:00, run_after=2025-03-21 20:52:00+00:00
[2025-03-21T20:52:28.697+0000] {processor.py:208} INFO - Processing /home/usmail/sys_fraud/sys_detection_frauds/lib/python3.12/site-packages/airflow/example_dags/example_sla_dag.py took 0.063 seconds
[2025-03-21T20:53:21.213+0000] {processor.py:186} INFO - Started process (PID=3725659) to work on /home/usmail/sys_fraud/sys_detection_frauds/lib/python3.12/site-packages/airflow/example_dags/example_sla_dag.py
[2025-03-21T20:53:21.214+0000] {processor.py:914} INFO - Processing file /home/usmail/sys_fraud/sys_detection_frauds/lib/python3.12/site-packages/airflow/example_dags/example_sla_dag.py for tasks to queue
[2025-03-21T20:53:21.215+0000] {logging_mixin.py:190} INFO - [2025-03-21T20:53:21.215+0000] {dagbag.py:588} INFO - Filling up the DagBag from /home/usmail/sys_fraud/sys_detection_frauds/lib/python3.12/site-packages/airflow/example_dags/example_sla_dag.py
[2025-03-21T20:53:21.222+0000] {processor.py:925} INFO - DAG(s) 'example_sla_dag' retrieved from /home/usmail/sys_fraud/sys_detection_frauds/lib/python3.12/site-packages/airflow/example_dags/example_sla_dag.py
[2025-03-21T20:53:21.230+0000] {logging_mixin.py:190} INFO - [2025-03-21T20:53:21.229+0000] {dag.py:3239} INFO - Sync 1 DAGs
[2025-03-21T20:53:21.241+0000] {logging_mixin.py:190} INFO - [2025-03-21T20:53:21.241+0000] {dag.py:4180} INFO - Setting next_dagrun for example_sla_dag to 2025-03-21 20:50:00+00:00, run_after=2025-03-21 20:52:00+00:00
[2025-03-21T20:53:21.268+0000] {processor.py:208} INFO - Processing /home/usmail/sys_fraud/sys_detection_frauds/lib/python3.12/site-packages/airflow/example_dags/example_sla_dag.py took 0.060 seconds
[2025-03-21T20:54:15.397+0000] {processor.py:186} INFO - Started process (PID=3726361) to work on /home/usmail/sys_fraud/sys_detection_frauds/lib/python3.12/site-packages/airflow/example_dags/example_sla_dag.py
[2025-03-21T20:54:15.406+0000] {processor.py:914} INFO - Processing file /home/usmail/sys_fraud/sys_detection_frauds/lib/python3.12/site-packages/airflow/example_dags/example_sla_dag.py for tasks to queue
[2025-03-21T20:54:15.410+0000] {logging_mixin.py:190} INFO - [2025-03-21T20:54:15.409+0000] {dagbag.py:588} INFO - Filling up the DagBag from /home/usmail/sys_fraud/sys_detection_frauds/lib/python3.12/site-packages/airflow/example_dags/example_sla_dag.py
[2025-03-21T20:54:15.420+0000] {processor.py:925} INFO - DAG(s) 'example_sla_dag' retrieved from /home/usmail/sys_fraud/sys_detection_frauds/lib/python3.12/site-packages/airflow/example_dags/example_sla_dag.py
[2025-03-21T20:54:15.428+0000] {logging_mixin.py:190} INFO - [2025-03-21T20:54:15.428+0000] {dag.py:3239} INFO - Sync 1 DAGs
[2025-03-21T20:54:15.544+0000] {logging_mixin.py:190} INFO - [2025-03-21T20:54:15.543+0000] {dag.py:4180} INFO - Setting next_dagrun for example_sla_dag to 2025-03-21 20:52:00+00:00, run_after=2025-03-21 20:54:00+00:00
[2025-03-21T20:54:15.568+0000] {processor.py:208} INFO - Processing /home/usmail/sys_fraud/sys_detection_frauds/lib/python3.12/site-packages/airflow/example_dags/example_sla_dag.py took 0.178 seconds
[2025-03-21T20:55:07.288+0000] {processor.py:186} INFO - Started process (PID=3726984) to work on /home/usmail/sys_fraud/sys_detection_frauds/lib/python3.12/site-packages/airflow/example_dags/example_sla_dag.py
[2025-03-21T20:55:07.297+0000] {processor.py:914} INFO - Processing file /home/usmail/sys_fraud/sys_detection_frauds/lib/python3.12/site-packages/airflow/example_dags/example_sla_dag.py for tasks to queue
[2025-03-21T20:55:07.300+0000] {logging_mixin.py:190} INFO - [2025-03-21T20:55:07.299+0000] {dagbag.py:588} INFO - Filling up the DagBag from /home/usmail/sys_fraud/sys_detection_frauds/lib/python3.12/site-packages/airflow/example_dags/example_sla_dag.py
[2025-03-21T20:55:07.310+0000] {processor.py:925} INFO - DAG(s) 'example_sla_dag' retrieved from /home/usmail/sys_fraud/sys_detection_frauds/lib/python3.12/site-packages/airflow/example_dags/example_sla_dag.py
[2025-03-21T20:55:07.320+0000] {logging_mixin.py:190} INFO - [2025-03-21T20:55:07.320+0000] {dag.py:3239} INFO - Sync 1 DAGs
[2025-03-21T20:55:07.335+0000] {logging_mixin.py:190} INFO - [2025-03-21T20:55:07.334+0000] {dag.py:4180} INFO - Setting next_dagrun for example_sla_dag to 2025-03-21 20:52:00+00:00, run_after=2025-03-21 20:54:00+00:00
[2025-03-21T20:55:07.355+0000] {processor.py:208} INFO - Processing /home/usmail/sys_fraud/sys_detection_frauds/lib/python3.12/site-packages/airflow/example_dags/example_sla_dag.py took 0.073 seconds
[2025-03-21T20:55:56.763+0000] {processor.py:186} INFO - Started process (PID=3727615) to work on /home/usmail/sys_fraud/sys_detection_frauds/lib/python3.12/site-packages/airflow/example_dags/example_sla_dag.py
[2025-03-21T20:55:56.773+0000] {processor.py:914} INFO - Processing file /home/usmail/sys_fraud/sys_detection_frauds/lib/python3.12/site-packages/airflow/example_dags/example_sla_dag.py for tasks to queue
[2025-03-21T20:55:56.776+0000] {logging_mixin.py:190} INFO - [2025-03-21T20:55:56.775+0000] {dagbag.py:588} INFO - Filling up the DagBag from /home/usmail/sys_fraud/sys_detection_frauds/lib/python3.12/site-packages/airflow/example_dags/example_sla_dag.py
[2025-03-21T20:55:56.787+0000] {processor.py:925} INFO - DAG(s) 'example_sla_dag' retrieved from /home/usmail/sys_fraud/sys_detection_frauds/lib/python3.12/site-packages/airflow/example_dags/example_sla_dag.py
[2025-03-21T20:55:56.795+0000] {logging_mixin.py:190} INFO - [2025-03-21T20:55:56.795+0000] {dag.py:3239} INFO - Sync 1 DAGs
[2025-03-21T20:55:56.807+0000] {logging_mixin.py:190} INFO - [2025-03-21T20:55:56.807+0000] {dag.py:4180} INFO - Setting next_dagrun for example_sla_dag to 2025-03-21 20:52:00+00:00, run_after=2025-03-21 20:54:00+00:00
[2025-03-21T20:55:56.828+0000] {processor.py:208} INFO - Processing /home/usmail/sys_fraud/sys_detection_frauds/lib/python3.12/site-packages/airflow/example_dags/example_sla_dag.py took 0.073 seconds
[2025-03-21T20:56:47.938+0000] {processor.py:186} INFO - Started process (PID=3728344) to work on /home/usmail/sys_fraud/sys_detection_frauds/lib/python3.12/site-packages/airflow/example_dags/example_sla_dag.py
[2025-03-21T20:56:47.947+0000] {processor.py:914} INFO - Processing file /home/usmail/sys_fraud/sys_detection_frauds/lib/python3.12/site-packages/airflow/example_dags/example_sla_dag.py for tasks to queue
[2025-03-21T20:56:47.949+0000] {logging_mixin.py:190} INFO - [2025-03-21T20:56:47.949+0000] {dagbag.py:588} INFO - Filling up the DagBag from /home/usmail/sys_fraud/sys_detection_frauds/lib/python3.12/site-packages/airflow/example_dags/example_sla_dag.py
[2025-03-21T20:56:47.959+0000] {processor.py:925} INFO - DAG(s) 'example_sla_dag' retrieved from /home/usmail/sys_fraud/sys_detection_frauds/lib/python3.12/site-packages/airflow/example_dags/example_sla_dag.py
[2025-03-21T20:56:47.968+0000] {logging_mixin.py:190} INFO - [2025-03-21T20:56:47.968+0000] {dag.py:3239} INFO - Sync 1 DAGs
[2025-03-21T20:56:47.982+0000] {logging_mixin.py:190} INFO - [2025-03-21T20:56:47.982+0000] {dag.py:4180} INFO - Setting next_dagrun for example_sla_dag to 2025-03-21 20:54:00+00:00, run_after=2025-03-21 20:56:00+00:00
[2025-03-21T20:56:47.995+0000] {processor.py:208} INFO - Processing /home/usmail/sys_fraud/sys_detection_frauds/lib/python3.12/site-packages/airflow/example_dags/example_sla_dag.py took 0.065 seconds
[2025-03-21T20:57:42.432+0000] {processor.py:186} INFO - Started process (PID=3729062) to work on /home/usmail/sys_fraud/sys_detection_frauds/lib/python3.12/site-packages/airflow/example_dags/example_sla_dag.py
[2025-03-21T20:57:42.440+0000] {processor.py:914} INFO - Processing file /home/usmail/sys_fraud/sys_detection_frauds/lib/python3.12/site-packages/airflow/example_dags/example_sla_dag.py for tasks to queue
[2025-03-21T20:57:42.442+0000] {logging_mixin.py:190} INFO - [2025-03-21T20:57:42.441+0000] {dagbag.py:588} INFO - Filling up the DagBag from /home/usmail/sys_fraud/sys_detection_frauds/lib/python3.12/site-packages/airflow/example_dags/example_sla_dag.py
[2025-03-21T20:57:42.449+0000] {processor.py:925} INFO - DAG(s) 'example_sla_dag' retrieved from /home/usmail/sys_fraud/sys_detection_frauds/lib/python3.12/site-packages/airflow/example_dags/example_sla_dag.py
[2025-03-21T20:57:42.458+0000] {logging_mixin.py:190} INFO - [2025-03-21T20:57:42.458+0000] {dag.py:3239} INFO - Sync 1 DAGs
[2025-03-21T20:57:42.472+0000] {logging_mixin.py:190} INFO - [2025-03-21T20:57:42.472+0000] {dag.py:4180} INFO - Setting next_dagrun for example_sla_dag to 2025-03-21 20:54:00+00:00, run_after=2025-03-21 20:56:00+00:00
[2025-03-21T20:57:42.487+0000] {processor.py:208} INFO - Processing /home/usmail/sys_fraud/sys_detection_frauds/lib/python3.12/site-packages/airflow/example_dags/example_sla_dag.py took 0.059 seconds
[2025-03-21T20:58:30.898+0000] {processor.py:186} INFO - Started process (PID=3729623) to work on /home/usmail/sys_fraud/sys_detection_frauds/lib/python3.12/site-packages/airflow/example_dags/example_sla_dag.py
[2025-03-21T20:58:30.898+0000] {processor.py:914} INFO - Processing file /home/usmail/sys_fraud/sys_detection_frauds/lib/python3.12/site-packages/airflow/example_dags/example_sla_dag.py for tasks to queue
[2025-03-21T20:58:30.899+0000] {logging_mixin.py:190} INFO - [2025-03-21T20:58:30.899+0000] {dagbag.py:588} INFO - Filling up the DagBag from /home/usmail/sys_fraud/sys_detection_frauds/lib/python3.12/site-packages/airflow/example_dags/example_sla_dag.py
[2025-03-21T20:58:30.906+0000] {processor.py:925} INFO - DAG(s) 'example_sla_dag' retrieved from /home/usmail/sys_fraud/sys_detection_frauds/lib/python3.12/site-packages/airflow/example_dags/example_sla_dag.py
[2025-03-21T20:58:30.914+0000] {logging_mixin.py:190} INFO - [2025-03-21T20:58:30.914+0000] {dag.py:3239} INFO - Sync 1 DAGs
[2025-03-21T20:58:30.926+0000] {logging_mixin.py:190} INFO - [2025-03-21T20:58:30.926+0000] {dag.py:4180} INFO - Setting next_dagrun for example_sla_dag to 2025-03-21 20:56:00+00:00, run_after=2025-03-21 20:58:00+00:00
[2025-03-21T20:58:30.937+0000] {processor.py:208} INFO - Processing /home/usmail/sys_fraud/sys_detection_frauds/lib/python3.12/site-packages/airflow/example_dags/example_sla_dag.py took 0.044 seconds
[2025-03-21T20:59:34.939+0000] {processor.py:186} INFO - Started process (PID=3730560) to work on /home/usmail/sys_fraud/sys_detection_frauds/lib/python3.12/site-packages/airflow/example_dags/example_sla_dag.py
[2025-03-21T20:59:34.948+0000] {processor.py:914} INFO - Processing file /home/usmail/sys_fraud/sys_detection_frauds/lib/python3.12/site-packages/airflow/example_dags/example_sla_dag.py for tasks to queue
[2025-03-21T20:59:34.951+0000] {logging_mixin.py:190} INFO - [2025-03-21T20:59:34.951+0000] {dagbag.py:588} INFO - Filling up the DagBag from /home/usmail/sys_fraud/sys_detection_frauds/lib/python3.12/site-packages/airflow/example_dags/example_sla_dag.py
[2025-03-21T20:59:34.962+0000] {processor.py:925} INFO - DAG(s) 'example_sla_dag' retrieved from /home/usmail/sys_fraud/sys_detection_frauds/lib/python3.12/site-packages/airflow/example_dags/example_sla_dag.py
[2025-03-21T20:59:34.971+0000] {logging_mixin.py:190} INFO - [2025-03-21T20:59:34.971+0000] {dag.py:3239} INFO - Sync 1 DAGs
[2025-03-21T20:59:34.986+0000] {logging_mixin.py:190} INFO - [2025-03-21T20:59:34.986+0000] {dag.py:4180} INFO - Setting next_dagrun for example_sla_dag to 2025-03-21 20:56:00+00:00, run_after=2025-03-21 20:58:00+00:00
[2025-03-21T20:59:35.019+0000] {processor.py:208} INFO - Processing /home/usmail/sys_fraud/sys_detection_frauds/lib/python3.12/site-packages/airflow/example_dags/example_sla_dag.py took 0.085 seconds
[2025-03-21T21:00:31.650+0000] {processor.py:186} INFO - Started process (PID=3731265) to work on /home/usmail/sys_fraud/sys_detection_frauds/lib/python3.12/site-packages/airflow/example_dags/example_sla_dag.py
[2025-03-21T21:00:31.659+0000] {processor.py:914} INFO - Processing file /home/usmail/sys_fraud/sys_detection_frauds/lib/python3.12/site-packages/airflow/example_dags/example_sla_dag.py for tasks to queue
[2025-03-21T21:00:31.662+0000] {logging_mixin.py:190} INFO - [2025-03-21T21:00:31.661+0000] {dagbag.py:588} INFO - Filling up the DagBag from /home/usmail/sys_fraud/sys_detection_frauds/lib/python3.12/site-packages/airflow/example_dags/example_sla_dag.py
[2025-03-21T21:00:31.673+0000] {processor.py:925} INFO - DAG(s) 'example_sla_dag' retrieved from /home/usmail/sys_fraud/sys_detection_frauds/lib/python3.12/site-packages/airflow/example_dags/example_sla_dag.py
[2025-03-21T21:00:31.681+0000] {logging_mixin.py:190} INFO - [2025-03-21T21:00:31.681+0000] {dag.py:3239} INFO - Sync 1 DAGs
[2025-03-21T21:00:31.693+0000] {logging_mixin.py:190} INFO - [2025-03-21T21:00:31.693+0000] {dag.py:4180} INFO - Setting next_dagrun for example_sla_dag to 2025-03-21 20:58:00+00:00, run_after=2025-03-21 21:00:00+00:00
[2025-03-21T21:00:31.708+0000] {processor.py:208} INFO - Processing /home/usmail/sys_fraud/sys_detection_frauds/lib/python3.12/site-packages/airflow/example_dags/example_sla_dag.py took 0.066 seconds
[2025-03-21T21:01:25.761+0000] {processor.py:186} INFO - Started process (PID=3731965) to work on /home/usmail/sys_fraud/sys_detection_frauds/lib/python3.12/site-packages/airflow/example_dags/example_sla_dag.py
[2025-03-21T21:01:25.769+0000] {processor.py:914} INFO - Processing file /home/usmail/sys_fraud/sys_detection_frauds/lib/python3.12/site-packages/airflow/example_dags/example_sla_dag.py for tasks to queue
[2025-03-21T21:01:25.770+0000] {logging_mixin.py:190} INFO - [2025-03-21T21:01:25.770+0000] {dagbag.py:588} INFO - Filling up the DagBag from /home/usmail/sys_fraud/sys_detection_frauds/lib/python3.12/site-packages/airflow/example_dags/example_sla_dag.py
[2025-03-21T21:01:25.777+0000] {processor.py:925} INFO - DAG(s) 'example_sla_dag' retrieved from /home/usmail/sys_fraud/sys_detection_frauds/lib/python3.12/site-packages/airflow/example_dags/example_sla_dag.py
[2025-03-21T21:01:25.788+0000] {logging_mixin.py:190} INFO - [2025-03-21T21:01:25.788+0000] {dag.py:3239} INFO - Sync 1 DAGs
[2025-03-21T21:01:25.805+0000] {logging_mixin.py:190} INFO - [2025-03-21T21:01:25.805+0000] {dag.py:4180} INFO - Setting next_dagrun for example_sla_dag to 2025-03-21 20:58:00+00:00, run_after=2025-03-21 21:00:00+00:00
[2025-03-21T21:01:25.819+0000] {processor.py:208} INFO - Processing /home/usmail/sys_fraud/sys_detection_frauds/lib/python3.12/site-packages/airflow/example_dags/example_sla_dag.py took 0.063 seconds
[2025-03-21T21:02:19.864+0000] {processor.py:186} INFO - Started process (PID=3732652) to work on /home/usmail/sys_fraud/sys_detection_frauds/lib/python3.12/site-packages/airflow/example_dags/example_sla_dag.py
[2025-03-21T21:02:19.872+0000] {processor.py:914} INFO - Processing file /home/usmail/sys_fraud/sys_detection_frauds/lib/python3.12/site-packages/airflow/example_dags/example_sla_dag.py for tasks to queue
[2025-03-21T21:02:19.874+0000] {logging_mixin.py:190} INFO - [2025-03-21T21:02:19.873+0000] {dagbag.py:588} INFO - Filling up the DagBag from /home/usmail/sys_fraud/sys_detection_frauds/lib/python3.12/site-packages/airflow/example_dags/example_sla_dag.py
[2025-03-21T21:02:19.880+0000] {processor.py:925} INFO - DAG(s) 'example_sla_dag' retrieved from /home/usmail/sys_fraud/sys_detection_frauds/lib/python3.12/site-packages/airflow/example_dags/example_sla_dag.py
[2025-03-21T21:02:19.888+0000] {logging_mixin.py:190} INFO - [2025-03-21T21:02:19.888+0000] {dag.py:3239} INFO - Sync 1 DAGs
[2025-03-21T21:02:19.901+0000] {logging_mixin.py:190} INFO - [2025-03-21T21:02:19.901+0000] {dag.py:4180} INFO - Setting next_dagrun for example_sla_dag to 2025-03-21 21:00:00+00:00, run_after=2025-03-21 21:02:00+00:00
[2025-03-21T21:02:19.918+0000] {processor.py:208} INFO - Processing /home/usmail/sys_fraud/sys_detection_frauds/lib/python3.12/site-packages/airflow/example_dags/example_sla_dag.py took 0.058 seconds
[2025-03-21T21:03:13.958+0000] {processor.py:186} INFO - Started process (PID=3733309) to work on /home/usmail/sys_fraud/sys_detection_frauds/lib/python3.12/site-packages/airflow/example_dags/example_sla_dag.py
[2025-03-21T21:03:13.967+0000] {processor.py:914} INFO - Processing file /home/usmail/sys_fraud/sys_detection_frauds/lib/python3.12/site-packages/airflow/example_dags/example_sla_dag.py for tasks to queue
[2025-03-21T21:03:13.971+0000] {logging_mixin.py:190} INFO - [2025-03-21T21:03:13.970+0000] {dagbag.py:588} INFO - Filling up the DagBag from /home/usmail/sys_fraud/sys_detection_frauds/lib/python3.12/site-packages/airflow/example_dags/example_sla_dag.py
[2025-03-21T21:03:13.982+0000] {processor.py:925} INFO - DAG(s) 'example_sla_dag' retrieved from /home/usmail/sys_fraud/sys_detection_frauds/lib/python3.12/site-packages/airflow/example_dags/example_sla_dag.py
[2025-03-21T21:03:13.989+0000] {logging_mixin.py:190} INFO - [2025-03-21T21:03:13.989+0000] {dag.py:3239} INFO - Sync 1 DAGs
[2025-03-21T21:03:14.001+0000] {logging_mixin.py:190} INFO - [2025-03-21T21:03:14.001+0000] {dag.py:4180} INFO - Setting next_dagrun for example_sla_dag to 2025-03-21 21:00:00+00:00, run_after=2025-03-21 21:02:00+00:00
[2025-03-21T21:03:14.013+0000] {processor.py:208} INFO - Processing /home/usmail/sys_fraud/sys_detection_frauds/lib/python3.12/site-packages/airflow/example_dags/example_sla_dag.py took 0.062 seconds
[2025-03-21T21:04:08.318+0000] {processor.py:186} INFO - Started process (PID=3734015) to work on /home/usmail/sys_fraud/sys_detection_frauds/lib/python3.12/site-packages/airflow/example_dags/example_sla_dag.py
[2025-03-21T21:04:08.327+0000] {processor.py:914} INFO - Processing file /home/usmail/sys_fraud/sys_detection_frauds/lib/python3.12/site-packages/airflow/example_dags/example_sla_dag.py for tasks to queue
[2025-03-21T21:04:08.328+0000] {logging_mixin.py:190} INFO - [2025-03-21T21:04:08.328+0000] {dagbag.py:588} INFO - Filling up the DagBag from /home/usmail/sys_fraud/sys_detection_frauds/lib/python3.12/site-packages/airflow/example_dags/example_sla_dag.py
[2025-03-21T21:04:08.336+0000] {processor.py:925} INFO - DAG(s) 'example_sla_dag' retrieved from /home/usmail/sys_fraud/sys_detection_frauds/lib/python3.12/site-packages/airflow/example_dags/example_sla_dag.py
[2025-03-21T21:04:08.344+0000] {logging_mixin.py:190} INFO - [2025-03-21T21:04:08.344+0000] {dag.py:3239} INFO - Sync 1 DAGs
[2025-03-21T21:04:08.432+0000] {logging_mixin.py:190} INFO - [2025-03-21T21:04:08.432+0000] {dag.py:4180} INFO - Setting next_dagrun for example_sla_dag to 2025-03-21 21:02:00+00:00, run_after=2025-03-21 21:04:00+00:00
[2025-03-21T21:04:08.455+0000] {processor.py:208} INFO - Processing /home/usmail/sys_fraud/sys_detection_frauds/lib/python3.12/site-packages/airflow/example_dags/example_sla_dag.py took 0.140 seconds
[2025-03-21T21:05:04.033+0000] {processor.py:186} INFO - Started process (PID=3734881) to work on /home/usmail/sys_fraud/sys_detection_frauds/lib/python3.12/site-packages/airflow/example_dags/example_sla_dag.py
[2025-03-21T21:05:04.042+0000] {processor.py:914} INFO - Processing file /home/usmail/sys_fraud/sys_detection_frauds/lib/python3.12/site-packages/airflow/example_dags/example_sla_dag.py for tasks to queue
[2025-03-21T21:05:04.043+0000] {logging_mixin.py:190} INFO - [2025-03-21T21:05:04.043+0000] {dagbag.py:588} INFO - Filling up the DagBag from /home/usmail/sys_fraud/sys_detection_frauds/lib/python3.12/site-packages/airflow/example_dags/example_sla_dag.py
[2025-03-21T21:05:04.049+0000] {processor.py:925} INFO - DAG(s) 'example_sla_dag' retrieved from /home/usmail/sys_fraud/sys_detection_frauds/lib/python3.12/site-packages/airflow/example_dags/example_sla_dag.py
[2025-03-21T21:05:04.057+0000] {logging_mixin.py:190} INFO - [2025-03-21T21:05:04.057+0000] {dag.py:3239} INFO - Sync 1 DAGs
[2025-03-21T21:05:04.071+0000] {logging_mixin.py:190} INFO - [2025-03-21T21:05:04.071+0000] {dag.py:4180} INFO - Setting next_dagrun for example_sla_dag to 2025-03-21 21:02:00+00:00, run_after=2025-03-21 21:04:00+00:00
[2025-03-21T21:05:04.082+0000] {processor.py:208} INFO - Processing /home/usmail/sys_fraud/sys_detection_frauds/lib/python3.12/site-packages/airflow/example_dags/example_sla_dag.py took 0.053 seconds
[2025-03-21T21:05:58.018+0000] {processor.py:186} INFO - Started process (PID=3735683) to work on /home/usmail/sys_fraud/sys_detection_frauds/lib/python3.12/site-packages/airflow/example_dags/example_sla_dag.py
[2025-03-21T21:05:58.026+0000] {processor.py:914} INFO - Processing file /home/usmail/sys_fraud/sys_detection_frauds/lib/python3.12/site-packages/airflow/example_dags/example_sla_dag.py for tasks to queue
[2025-03-21T21:05:58.029+0000] {logging_mixin.py:190} INFO - [2025-03-21T21:05:58.029+0000] {dagbag.py:588} INFO - Filling up the DagBag from /home/usmail/sys_fraud/sys_detection_frauds/lib/python3.12/site-packages/airflow/example_dags/example_sla_dag.py
[2025-03-21T21:05:58.039+0000] {processor.py:925} INFO - DAG(s) 'example_sla_dag' retrieved from /home/usmail/sys_fraud/sys_detection_frauds/lib/python3.12/site-packages/airflow/example_dags/example_sla_dag.py
[2025-03-21T21:05:58.047+0000] {logging_mixin.py:190} INFO - [2025-03-21T21:05:58.047+0000] {dag.py:3239} INFO - Sync 1 DAGs
[2025-03-21T21:05:58.060+0000] {logging_mixin.py:190} INFO - [2025-03-21T21:05:58.060+0000] {dag.py:4180} INFO - Setting next_dagrun for example_sla_dag to 2025-03-21 21:02:00+00:00, run_after=2025-03-21 21:04:00+00:00
[2025-03-21T21:05:58.072+0000] {processor.py:208} INFO - Processing /home/usmail/sys_fraud/sys_detection_frauds/lib/python3.12/site-packages/airflow/example_dags/example_sla_dag.py took 0.065 seconds
[2025-03-21T21:06:51.126+0000] {processor.py:186} INFO - Started process (PID=3736966) to work on /home/usmail/sys_fraud/sys_detection_frauds/lib/python3.12/site-packages/airflow/example_dags/example_sla_dag.py
[2025-03-21T21:06:51.134+0000] {processor.py:914} INFO - Processing file /home/usmail/sys_fraud/sys_detection_frauds/lib/python3.12/site-packages/airflow/example_dags/example_sla_dag.py for tasks to queue
[2025-03-21T21:06:51.136+0000] {logging_mixin.py:190} INFO - [2025-03-21T21:06:51.135+0000] {dagbag.py:588} INFO - Filling up the DagBag from /home/usmail/sys_fraud/sys_detection_frauds/lib/python3.12/site-packages/airflow/example_dags/example_sla_dag.py
[2025-03-21T21:06:51.143+0000] {processor.py:925} INFO - DAG(s) 'example_sla_dag' retrieved from /home/usmail/sys_fraud/sys_detection_frauds/lib/python3.12/site-packages/airflow/example_dags/example_sla_dag.py
[2025-03-21T21:06:51.151+0000] {logging_mixin.py:190} INFO - [2025-03-21T21:06:51.151+0000] {dag.py:3239} INFO - Sync 1 DAGs
[2025-03-21T21:06:51.164+0000] {logging_mixin.py:190} INFO - [2025-03-21T21:06:51.164+0000] {dag.py:4180} INFO - Setting next_dagrun for example_sla_dag to 2025-03-21 21:04:00+00:00, run_after=2025-03-21 21:06:00+00:00
[2025-03-21T21:06:51.176+0000] {processor.py:208} INFO - Processing /home/usmail/sys_fraud/sys_detection_frauds/lib/python3.12/site-packages/airflow/example_dags/example_sla_dag.py took 0.055 seconds
[2025-03-21T21:07:40.896+0000] {processor.py:186} INFO - Started process (PID=3737594) to work on /home/usmail/sys_fraud/sys_detection_frauds/lib/python3.12/site-packages/airflow/example_dags/example_sla_dag.py
[2025-03-21T21:07:40.905+0000] {processor.py:914} INFO - Processing file /home/usmail/sys_fraud/sys_detection_frauds/lib/python3.12/site-packages/airflow/example_dags/example_sla_dag.py for tasks to queue
[2025-03-21T21:07:40.908+0000] {logging_mixin.py:190} INFO - [2025-03-21T21:07:40.907+0000] {dagbag.py:588} INFO - Filling up the DagBag from /home/usmail/sys_fraud/sys_detection_frauds/lib/python3.12/site-packages/airflow/example_dags/example_sla_dag.py
[2025-03-21T21:07:40.917+0000] {processor.py:925} INFO - DAG(s) 'example_sla_dag' retrieved from /home/usmail/sys_fraud/sys_detection_frauds/lib/python3.12/site-packages/airflow/example_dags/example_sla_dag.py
[2025-03-21T21:07:40.925+0000] {logging_mixin.py:190} INFO - [2025-03-21T21:07:40.925+0000] {dag.py:3239} INFO - Sync 1 DAGs
[2025-03-21T21:07:40.943+0000] {logging_mixin.py:190} INFO - [2025-03-21T21:07:40.943+0000] {dag.py:4180} INFO - Setting next_dagrun for example_sla_dag to 2025-03-21 21:04:00+00:00, run_after=2025-03-21 21:06:00+00:00
[2025-03-21T21:07:40.961+0000] {processor.py:208} INFO - Processing /home/usmail/sys_fraud/sys_detection_frauds/lib/python3.12/site-packages/airflow/example_dags/example_sla_dag.py took 0.073 seconds
[2025-03-21T21:08:36.133+0000] {processor.py:186} INFO - Started process (PID=3738315) to work on /home/usmail/sys_fraud/sys_detection_frauds/lib/python3.12/site-packages/airflow/example_dags/example_sla_dag.py
[2025-03-21T21:08:36.142+0000] {processor.py:914} INFO - Processing file /home/usmail/sys_fraud/sys_detection_frauds/lib/python3.12/site-packages/airflow/example_dags/example_sla_dag.py for tasks to queue
[2025-03-21T21:08:36.146+0000] {logging_mixin.py:190} INFO - [2025-03-21T21:08:36.145+0000] {dagbag.py:588} INFO - Filling up the DagBag from /home/usmail/sys_fraud/sys_detection_frauds/lib/python3.12/site-packages/airflow/example_dags/example_sla_dag.py
[2025-03-21T21:08:36.163+0000] {processor.py:925} INFO - DAG(s) 'example_sla_dag' retrieved from /home/usmail/sys_fraud/sys_detection_frauds/lib/python3.12/site-packages/airflow/example_dags/example_sla_dag.py
[2025-03-21T21:08:36.185+0000] {logging_mixin.py:190} INFO - [2025-03-21T21:08:36.185+0000] {dag.py:3239} INFO - Sync 1 DAGs
[2025-03-21T21:08:36.209+0000] {logging_mixin.py:190} INFO - [2025-03-21T21:08:36.209+0000] {dag.py:4180} INFO - Setting next_dagrun for example_sla_dag to 2025-03-21 21:06:00+00:00, run_after=2025-03-21 21:08:00+00:00
[2025-03-21T21:08:36.227+0000] {processor.py:208} INFO - Processing /home/usmail/sys_fraud/sys_detection_frauds/lib/python3.12/site-packages/airflow/example_dags/example_sla_dag.py took 0.105 seconds
[2025-03-21T21:09:34.894+0000] {processor.py:186} INFO - Started process (PID=3739176) to work on /home/usmail/sys_fraud/sys_detection_frauds/lib/python3.12/site-packages/airflow/example_dags/example_sla_dag.py
[2025-03-21T21:09:34.903+0000] {processor.py:914} INFO - Processing file /home/usmail/sys_fraud/sys_detection_frauds/lib/python3.12/site-packages/airflow/example_dags/example_sla_dag.py for tasks to queue
[2025-03-21T21:09:34.906+0000] {logging_mixin.py:190} INFO - [2025-03-21T21:09:34.906+0000] {dagbag.py:588} INFO - Filling up the DagBag from /home/usmail/sys_fraud/sys_detection_frauds/lib/python3.12/site-packages/airflow/example_dags/example_sla_dag.py
[2025-03-21T21:09:34.923+0000] {processor.py:925} INFO - DAG(s) 'example_sla_dag' retrieved from /home/usmail/sys_fraud/sys_detection_frauds/lib/python3.12/site-packages/airflow/example_dags/example_sla_dag.py
[2025-03-21T21:09:34.945+0000] {logging_mixin.py:190} INFO - [2025-03-21T21:09:34.945+0000] {dag.py:3239} INFO - Sync 1 DAGs
[2025-03-21T21:09:34.967+0000] {logging_mixin.py:190} INFO - [2025-03-21T21:09:34.967+0000] {dag.py:4180} INFO - Setting next_dagrun for example_sla_dag to 2025-03-21 21:06:00+00:00, run_after=2025-03-21 21:08:00+00:00
[2025-03-21T21:09:34.994+0000] {processor.py:208} INFO - Processing /home/usmail/sys_fraud/sys_detection_frauds/lib/python3.12/site-packages/airflow/example_dags/example_sla_dag.py took 0.112 seconds
[2025-03-21T21:10:28.585+0000] {processor.py:186} INFO - Started process (PID=3740295) to work on /home/usmail/sys_fraud/sys_detection_frauds/lib/python3.12/site-packages/airflow/example_dags/example_sla_dag.py
[2025-03-21T21:10:28.593+0000] {processor.py:914} INFO - Processing file /home/usmail/sys_fraud/sys_detection_frauds/lib/python3.12/site-packages/airflow/example_dags/example_sla_dag.py for tasks to queue
[2025-03-21T21:10:28.595+0000] {logging_mixin.py:190} INFO - [2025-03-21T21:10:28.595+0000] {dagbag.py:588} INFO - Filling up the DagBag from /home/usmail/sys_fraud/sys_detection_frauds/lib/python3.12/site-packages/airflow/example_dags/example_sla_dag.py
[2025-03-21T21:10:28.604+0000] {processor.py:925} INFO - DAG(s) 'example_sla_dag' retrieved from /home/usmail/sys_fraud/sys_detection_frauds/lib/python3.12/site-packages/airflow/example_dags/example_sla_dag.py
[2025-03-21T21:10:28.615+0000] {logging_mixin.py:190} INFO - [2025-03-21T21:10:28.615+0000] {dag.py:3239} INFO - Sync 1 DAGs
[2025-03-21T21:10:28.633+0000] {logging_mixin.py:190} INFO - [2025-03-21T21:10:28.633+0000] {dag.py:4180} INFO - Setting next_dagrun for example_sla_dag to 2025-03-21 21:08:00+00:00, run_after=2025-03-21 21:10:00+00:00
[2025-03-21T21:10:28.665+0000] {processor.py:208} INFO - Processing /home/usmail/sys_fraud/sys_detection_frauds/lib/python3.12/site-packages/airflow/example_dags/example_sla_dag.py took 0.086 seconds
[2025-03-21T21:11:27.209+0000] {processor.py:186} INFO - Started process (PID=3741645) to work on /home/usmail/sys_fraud/sys_detection_frauds/lib/python3.12/site-packages/airflow/example_dags/example_sla_dag.py
[2025-03-21T21:11:27.218+0000] {processor.py:914} INFO - Processing file /home/usmail/sys_fraud/sys_detection_frauds/lib/python3.12/site-packages/airflow/example_dags/example_sla_dag.py for tasks to queue
[2025-03-21T21:11:27.220+0000] {logging_mixin.py:190} INFO - [2025-03-21T21:11:27.219+0000] {dagbag.py:588} INFO - Filling up the DagBag from /home/usmail/sys_fraud/sys_detection_frauds/lib/python3.12/site-packages/airflow/example_dags/example_sla_dag.py
[2025-03-21T21:11:27.228+0000] {processor.py:925} INFO - DAG(s) 'example_sla_dag' retrieved from /home/usmail/sys_fraud/sys_detection_frauds/lib/python3.12/site-packages/airflow/example_dags/example_sla_dag.py
[2025-03-21T21:11:27.241+0000] {logging_mixin.py:190} INFO - [2025-03-21T21:11:27.241+0000] {dag.py:3239} INFO - Sync 1 DAGs
[2025-03-21T21:11:27.268+0000] {logging_mixin.py:190} INFO - [2025-03-21T21:11:27.268+0000] {dag.py:4180} INFO - Setting next_dagrun for example_sla_dag to 2025-03-21 21:08:00+00:00, run_after=2025-03-21 21:10:00+00:00
[2025-03-21T21:11:27.288+0000] {processor.py:208} INFO - Processing /home/usmail/sys_fraud/sys_detection_frauds/lib/python3.12/site-packages/airflow/example_dags/example_sla_dag.py took 0.084 seconds
[2025-03-21T21:12:22.305+0000] {processor.py:186} INFO - Started process (PID=3742735) to work on /home/usmail/sys_fraud/sys_detection_frauds/lib/python3.12/site-packages/airflow/example_dags/example_sla_dag.py
[2025-03-21T21:12:22.314+0000] {processor.py:914} INFO - Processing file /home/usmail/sys_fraud/sys_detection_frauds/lib/python3.12/site-packages/airflow/example_dags/example_sla_dag.py for tasks to queue
[2025-03-21T21:12:22.315+0000] {logging_mixin.py:190} INFO - [2025-03-21T21:12:22.315+0000] {dagbag.py:588} INFO - Filling up the DagBag from /home/usmail/sys_fraud/sys_detection_frauds/lib/python3.12/site-packages/airflow/example_dags/example_sla_dag.py
[2025-03-21T21:12:22.323+0000] {processor.py:925} INFO - DAG(s) 'example_sla_dag' retrieved from /home/usmail/sys_fraud/sys_detection_frauds/lib/python3.12/site-packages/airflow/example_dags/example_sla_dag.py
[2025-03-21T21:12:22.334+0000] {logging_mixin.py:190} INFO - [2025-03-21T21:12:22.334+0000] {dag.py:3239} INFO - Sync 1 DAGs
[2025-03-21T21:12:22.351+0000] {logging_mixin.py:190} INFO - [2025-03-21T21:12:22.351+0000] {dag.py:4180} INFO - Setting next_dagrun for example_sla_dag to 2025-03-21 21:10:00+00:00, run_after=2025-03-21 21:12:00+00:00
[2025-03-21T21:12:22.369+0000] {processor.py:208} INFO - Processing /home/usmail/sys_fraud/sys_detection_frauds/lib/python3.12/site-packages/airflow/example_dags/example_sla_dag.py took 0.069 seconds
[2025-03-21T21:13:14.741+0000] {processor.py:186} INFO - Started process (PID=3743692) to work on /home/usmail/sys_fraud/sys_detection_frauds/lib/python3.12/site-packages/airflow/example_dags/example_sla_dag.py
[2025-03-21T21:13:14.749+0000] {processor.py:914} INFO - Processing file /home/usmail/sys_fraud/sys_detection_frauds/lib/python3.12/site-packages/airflow/example_dags/example_sla_dag.py for tasks to queue
[2025-03-21T21:13:14.751+0000] {logging_mixin.py:190} INFO - [2025-03-21T21:13:14.751+0000] {dagbag.py:588} INFO - Filling up the DagBag from /home/usmail/sys_fraud/sys_detection_frauds/lib/python3.12/site-packages/airflow/example_dags/example_sla_dag.py
[2025-03-21T21:13:14.759+0000] {processor.py:925} INFO - DAG(s) 'example_sla_dag' retrieved from /home/usmail/sys_fraud/sys_detection_frauds/lib/python3.12/site-packages/airflow/example_dags/example_sla_dag.py
[2025-03-21T21:13:14.770+0000] {logging_mixin.py:190} INFO - [2025-03-21T21:13:14.770+0000] {dag.py:3239} INFO - Sync 1 DAGs
[2025-03-21T21:13:14.790+0000] {logging_mixin.py:190} INFO - [2025-03-21T21:13:14.790+0000] {dag.py:4180} INFO - Setting next_dagrun for example_sla_dag to 2025-03-21 21:10:00+00:00, run_after=2025-03-21 21:12:00+00:00
[2025-03-21T21:13:14.817+0000] {processor.py:208} INFO - Processing /home/usmail/sys_fraud/sys_detection_frauds/lib/python3.12/site-packages/airflow/example_dags/example_sla_dag.py took 0.081 seconds
[2025-03-21T21:14:05.606+0000] {processor.py:186} INFO - Started process (PID=3744577) to work on /home/usmail/sys_fraud/sys_detection_frauds/lib/python3.12/site-packages/airflow/example_dags/example_sla_dag.py
[2025-03-21T21:14:05.615+0000] {processor.py:914} INFO - Processing file /home/usmail/sys_fraud/sys_detection_frauds/lib/python3.12/site-packages/airflow/example_dags/example_sla_dag.py for tasks to queue
[2025-03-21T21:14:05.618+0000] {logging_mixin.py:190} INFO - [2025-03-21T21:14:05.618+0000] {dagbag.py:588} INFO - Filling up the DagBag from /home/usmail/sys_fraud/sys_detection_frauds/lib/python3.12/site-packages/airflow/example_dags/example_sla_dag.py
[2025-03-21T21:14:05.635+0000] {processor.py:925} INFO - DAG(s) 'example_sla_dag' retrieved from /home/usmail/sys_fraud/sys_detection_frauds/lib/python3.12/site-packages/airflow/example_dags/example_sla_dag.py
[2025-03-21T21:14:05.656+0000] {logging_mixin.py:190} INFO - [2025-03-21T21:14:05.656+0000] {dag.py:3239} INFO - Sync 1 DAGs
[2025-03-21T21:14:05.680+0000] {logging_mixin.py:190} INFO - [2025-03-21T21:14:05.679+0000] {dag.py:4180} INFO - Setting next_dagrun for example_sla_dag to 2025-03-21 21:12:00+00:00, run_after=2025-03-21 21:14:00+00:00
[2025-03-21T21:14:05.704+0000] {processor.py:208} INFO - Processing /home/usmail/sys_fraud/sys_detection_frauds/lib/python3.12/site-packages/airflow/example_dags/example_sla_dag.py took 0.111 seconds
[2025-03-21T21:15:03.282+0000] {processor.py:186} INFO - Started process (PID=3745304) to work on /home/usmail/sys_fraud/sys_detection_frauds/lib/python3.12/site-packages/airflow/example_dags/example_sla_dag.py
[2025-03-21T21:15:03.291+0000] {processor.py:914} INFO - Processing file /home/usmail/sys_fraud/sys_detection_frauds/lib/python3.12/site-packages/airflow/example_dags/example_sla_dag.py for tasks to queue
[2025-03-21T21:15:03.294+0000] {logging_mixin.py:190} INFO - [2025-03-21T21:15:03.294+0000] {dagbag.py:588} INFO - Filling up the DagBag from /home/usmail/sys_fraud/sys_detection_frauds/lib/python3.12/site-packages/airflow/example_dags/example_sla_dag.py
[2025-03-21T21:15:03.311+0000] {processor.py:925} INFO - DAG(s) 'example_sla_dag' retrieved from /home/usmail/sys_fraud/sys_detection_frauds/lib/python3.12/site-packages/airflow/example_dags/example_sla_dag.py
[2025-03-21T21:15:03.332+0000] {logging_mixin.py:190} INFO - [2025-03-21T21:15:03.332+0000] {dag.py:3239} INFO - Sync 1 DAGs
[2025-03-21T21:15:03.357+0000] {logging_mixin.py:190} INFO - [2025-03-21T21:15:03.357+0000] {dag.py:4180} INFO - Setting next_dagrun for example_sla_dag to 2025-03-21 21:12:00+00:00, run_after=2025-03-21 21:14:00+00:00
[2025-03-21T21:15:03.385+0000] {processor.py:208} INFO - Processing /home/usmail/sys_fraud/sys_detection_frauds/lib/python3.12/site-packages/airflow/example_dags/example_sla_dag.py took 0.116 seconds
[2025-03-21T21:16:02.919+0000] {processor.py:186} INFO - Started process (PID=3746064) to work on /home/usmail/sys_fraud/sys_detection_frauds/lib/python3.12/site-packages/airflow/example_dags/example_sla_dag.py
[2025-03-21T21:16:02.928+0000] {processor.py:914} INFO - Processing file /home/usmail/sys_fraud/sys_detection_frauds/lib/python3.12/site-packages/airflow/example_dags/example_sla_dag.py for tasks to queue
[2025-03-21T21:16:02.931+0000] {logging_mixin.py:190} INFO - [2025-03-21T21:16:02.931+0000] {dagbag.py:588} INFO - Filling up the DagBag from /home/usmail/sys_fraud/sys_detection_frauds/lib/python3.12/site-packages/airflow/example_dags/example_sla_dag.py
[2025-03-21T21:16:02.948+0000] {processor.py:925} INFO - DAG(s) 'example_sla_dag' retrieved from /home/usmail/sys_fraud/sys_detection_frauds/lib/python3.12/site-packages/airflow/example_dags/example_sla_dag.py
[2025-03-21T21:16:02.970+0000] {logging_mixin.py:190} INFO - [2025-03-21T21:16:02.969+0000] {dag.py:3239} INFO - Sync 1 DAGs
[2025-03-21T21:16:02.995+0000] {logging_mixin.py:190} INFO - [2025-03-21T21:16:02.994+0000] {dag.py:4180} INFO - Setting next_dagrun for example_sla_dag to 2025-03-21 21:14:00+00:00, run_after=2025-03-21 21:16:00+00:00
[2025-03-21T21:16:03.027+0000] {processor.py:208} INFO - Processing /home/usmail/sys_fraud/sys_detection_frauds/lib/python3.12/site-packages/airflow/example_dags/example_sla_dag.py took 0.121 seconds
[2025-03-21T21:17:05.305+0000] {processor.py:186} INFO - Started process (PID=3746838) to work on /home/usmail/sys_fraud/sys_detection_frauds/lib/python3.12/site-packages/airflow/example_dags/example_sla_dag.py
[2025-03-21T21:17:05.306+0000] {processor.py:914} INFO - Processing file /home/usmail/sys_fraud/sys_detection_frauds/lib/python3.12/site-packages/airflow/example_dags/example_sla_dag.py for tasks to queue
[2025-03-21T21:17:05.309+0000] {logging_mixin.py:190} INFO - [2025-03-21T21:17:05.309+0000] {dagbag.py:588} INFO - Filling up the DagBag from /home/usmail/sys_fraud/sys_detection_frauds/lib/python3.12/site-packages/airflow/example_dags/example_sla_dag.py
[2025-03-21T21:17:05.326+0000] {processor.py:925} INFO - DAG(s) 'example_sla_dag' retrieved from /home/usmail/sys_fraud/sys_detection_frauds/lib/python3.12/site-packages/airflow/example_dags/example_sla_dag.py
[2025-03-21T21:17:05.348+0000] {logging_mixin.py:190} INFO - [2025-03-21T21:17:05.347+0000] {dag.py:3239} INFO - Sync 1 DAGs
[2025-03-21T21:17:05.371+0000] {logging_mixin.py:190} INFO - [2025-03-21T21:17:05.371+0000] {dag.py:4180} INFO - Setting next_dagrun for example_sla_dag to 2025-03-21 21:14:00+00:00, run_after=2025-03-21 21:16:00+00:00
[2025-03-21T21:17:05.395+0000] {processor.py:208} INFO - Processing /home/usmail/sys_fraud/sys_detection_frauds/lib/python3.12/site-packages/airflow/example_dags/example_sla_dag.py took 0.102 seconds
[2025-03-21T21:18:08.971+0000] {processor.py:186} INFO - Started process (PID=3747619) to work on /home/usmail/sys_fraud/sys_detection_frauds/lib/python3.12/site-packages/airflow/example_dags/example_sla_dag.py
[2025-03-21T21:18:08.981+0000] {processor.py:914} INFO - Processing file /home/usmail/sys_fraud/sys_detection_frauds/lib/python3.12/site-packages/airflow/example_dags/example_sla_dag.py for tasks to queue
[2025-03-21T21:18:08.984+0000] {logging_mixin.py:190} INFO - [2025-03-21T21:18:08.984+0000] {dagbag.py:588} INFO - Filling up the DagBag from /home/usmail/sys_fraud/sys_detection_frauds/lib/python3.12/site-packages/airflow/example_dags/example_sla_dag.py
[2025-03-21T21:18:09.001+0000] {processor.py:925} INFO - DAG(s) 'example_sla_dag' retrieved from /home/usmail/sys_fraud/sys_detection_frauds/lib/python3.12/site-packages/airflow/example_dags/example_sla_dag.py
[2025-03-21T21:18:09.023+0000] {logging_mixin.py:190} INFO - [2025-03-21T21:18:09.022+0000] {dag.py:3239} INFO - Sync 1 DAGs
[2025-03-21T21:18:09.047+0000] {logging_mixin.py:190} INFO - [2025-03-21T21:18:09.047+0000] {dag.py:4180} INFO - Setting next_dagrun for example_sla_dag to 2025-03-21 21:16:00+00:00, run_after=2025-03-21 21:18:00+00:00
[2025-03-21T21:18:09.082+0000] {processor.py:208} INFO - Processing /home/usmail/sys_fraud/sys_detection_frauds/lib/python3.12/site-packages/airflow/example_dags/example_sla_dag.py took 0.123 seconds
[2025-03-21T21:19:13.962+0000] {processor.py:186} INFO - Started process (PID=3748412) to work on /home/usmail/sys_fraud/sys_detection_frauds/lib/python3.12/site-packages/airflow/example_dags/example_sla_dag.py
[2025-03-21T21:19:13.971+0000] {processor.py:914} INFO - Processing file /home/usmail/sys_fraud/sys_detection_frauds/lib/python3.12/site-packages/airflow/example_dags/example_sla_dag.py for tasks to queue
[2025-03-21T21:19:13.975+0000] {logging_mixin.py:190} INFO - [2025-03-21T21:19:13.974+0000] {dagbag.py:588} INFO - Filling up the DagBag from /home/usmail/sys_fraud/sys_detection_frauds/lib/python3.12/site-packages/airflow/example_dags/example_sla_dag.py
[2025-03-21T21:19:13.991+0000] {processor.py:925} INFO - DAG(s) 'example_sla_dag' retrieved from /home/usmail/sys_fraud/sys_detection_frauds/lib/python3.12/site-packages/airflow/example_dags/example_sla_dag.py
[2025-03-21T21:19:14.014+0000] {logging_mixin.py:190} INFO - [2025-03-21T21:19:14.014+0000] {dag.py:3239} INFO - Sync 1 DAGs
[2025-03-21T21:19:14.040+0000] {logging_mixin.py:190} INFO - [2025-03-21T21:19:14.039+0000] {dag.py:4180} INFO - Setting next_dagrun for example_sla_dag to 2025-03-21 21:16:00+00:00, run_after=2025-03-21 21:18:00+00:00
[2025-03-21T21:19:14.056+0000] {processor.py:208} INFO - Processing /home/usmail/sys_fraud/sys_detection_frauds/lib/python3.12/site-packages/airflow/example_dags/example_sla_dag.py took 0.105 seconds
[2025-03-21T21:20:16.605+0000] {processor.py:186} INFO - Started process (PID=3749180) to work on /home/usmail/sys_fraud/sys_detection_frauds/lib/python3.12/site-packages/airflow/example_dags/example_sla_dag.py
[2025-03-21T21:20:16.614+0000] {processor.py:914} INFO - Processing file /home/usmail/sys_fraud/sys_detection_frauds/lib/python3.12/site-packages/airflow/example_dags/example_sla_dag.py for tasks to queue
[2025-03-21T21:20:16.618+0000] {logging_mixin.py:190} INFO - [2025-03-21T21:20:16.617+0000] {dagbag.py:588} INFO - Filling up the DagBag from /home/usmail/sys_fraud/sys_detection_frauds/lib/python3.12/site-packages/airflow/example_dags/example_sla_dag.py
[2025-03-21T21:20:16.634+0000] {processor.py:925} INFO - DAG(s) 'example_sla_dag' retrieved from /home/usmail/sys_fraud/sys_detection_frauds/lib/python3.12/site-packages/airflow/example_dags/example_sla_dag.py
[2025-03-21T21:20:16.657+0000] {logging_mixin.py:190} INFO - [2025-03-21T21:20:16.656+0000] {dag.py:3239} INFO - Sync 1 DAGs
[2025-03-21T21:20:16.682+0000] {logging_mixin.py:190} INFO - [2025-03-21T21:20:16.682+0000] {dag.py:4180} INFO - Setting next_dagrun for example_sla_dag to 2025-03-21 21:18:00+00:00, run_after=2025-03-21 21:20:00+00:00
[2025-03-21T21:20:16.722+0000] {processor.py:208} INFO - Processing /home/usmail/sys_fraud/sys_detection_frauds/lib/python3.12/site-packages/airflow/example_dags/example_sla_dag.py took 0.130 seconds
[2025-03-21T21:21:20.280+0000] {processor.py:186} INFO - Started process (PID=3749959) to work on /home/usmail/sys_fraud/sys_detection_frauds/lib/python3.12/site-packages/airflow/example_dags/example_sla_dag.py
[2025-03-21T21:21:20.289+0000] {processor.py:914} INFO - Processing file /home/usmail/sys_fraud/sys_detection_frauds/lib/python3.12/site-packages/airflow/example_dags/example_sla_dag.py for tasks to queue
[2025-03-21T21:21:20.292+0000] {logging_mixin.py:190} INFO - [2025-03-21T21:21:20.292+0000] {dagbag.py:588} INFO - Filling up the DagBag from /home/usmail/sys_fraud/sys_detection_frauds/lib/python3.12/site-packages/airflow/example_dags/example_sla_dag.py
[2025-03-21T21:21:20.309+0000] {processor.py:925} INFO - DAG(s) 'example_sla_dag' retrieved from /home/usmail/sys_fraud/sys_detection_frauds/lib/python3.12/site-packages/airflow/example_dags/example_sla_dag.py
[2025-03-21T21:21:20.329+0000] {logging_mixin.py:190} INFO - [2025-03-21T21:21:20.329+0000] {dag.py:3239} INFO - Sync 1 DAGs
[2025-03-21T21:21:20.351+0000] {logging_mixin.py:190} INFO - [2025-03-21T21:21:20.351+0000] {dag.py:4180} INFO - Setting next_dagrun for example_sla_dag to 2025-03-21 21:18:00+00:00, run_after=2025-03-21 21:20:00+00:00
[2025-03-21T21:21:20.376+0000] {processor.py:208} INFO - Processing /home/usmail/sys_fraud/sys_detection_frauds/lib/python3.12/site-packages/airflow/example_dags/example_sla_dag.py took 0.108 seconds
[2025-03-21T21:22:28.049+0000] {processor.py:186} INFO - Started process (PID=3750800) to work on /home/usmail/sys_fraud/sys_detection_frauds/lib/python3.12/site-packages/airflow/example_dags/example_sla_dag.py
[2025-03-21T21:22:28.058+0000] {processor.py:914} INFO - Processing file /home/usmail/sys_fraud/sys_detection_frauds/lib/python3.12/site-packages/airflow/example_dags/example_sla_dag.py for tasks to queue
[2025-03-21T21:22:28.061+0000] {logging_mixin.py:190} INFO - [2025-03-21T21:22:28.060+0000] {dagbag.py:588} INFO - Filling up the DagBag from /home/usmail/sys_fraud/sys_detection_frauds/lib/python3.12/site-packages/airflow/example_dags/example_sla_dag.py
[2025-03-21T21:22:28.077+0000] {processor.py:925} INFO - DAG(s) 'example_sla_dag' retrieved from /home/usmail/sys_fraud/sys_detection_frauds/lib/python3.12/site-packages/airflow/example_dags/example_sla_dag.py
[2025-03-21T21:22:28.098+0000] {logging_mixin.py:190} INFO - [2025-03-21T21:22:28.098+0000] {dag.py:3239} INFO - Sync 1 DAGs
[2025-03-21T21:22:28.124+0000] {logging_mixin.py:190} INFO - [2025-03-21T21:22:28.124+0000] {dag.py:4180} INFO - Setting next_dagrun for example_sla_dag to 2025-03-21 21:20:00+00:00, run_after=2025-03-21 21:22:00+00:00
[2025-03-21T21:22:28.139+0000] {processor.py:208} INFO - Processing /home/usmail/sys_fraud/sys_detection_frauds/lib/python3.12/site-packages/airflow/example_dags/example_sla_dag.py took 0.102 seconds
[2025-03-21T21:23:32.157+0000] {processor.py:186} INFO - Started process (PID=3751608) to work on /home/usmail/sys_fraud/sys_detection_frauds/lib/python3.12/site-packages/airflow/example_dags/example_sla_dag.py
[2025-03-21T21:23:32.165+0000] {processor.py:914} INFO - Processing file /home/usmail/sys_fraud/sys_detection_frauds/lib/python3.12/site-packages/airflow/example_dags/example_sla_dag.py for tasks to queue
[2025-03-21T21:23:32.167+0000] {logging_mixin.py:190} INFO - [2025-03-21T21:23:32.167+0000] {dagbag.py:588} INFO - Filling up the DagBag from /home/usmail/sys_fraud/sys_detection_frauds/lib/python3.12/site-packages/airflow/example_dags/example_sla_dag.py
[2025-03-21T21:23:32.176+0000] {processor.py:925} INFO - DAG(s) 'example_sla_dag' retrieved from /home/usmail/sys_fraud/sys_detection_frauds/lib/python3.12/site-packages/airflow/example_dags/example_sla_dag.py
[2025-03-21T21:23:32.191+0000] {logging_mixin.py:190} INFO - [2025-03-21T21:23:32.191+0000] {dag.py:3239} INFO - Sync 1 DAGs
[2025-03-21T21:23:32.213+0000] {logging_mixin.py:190} INFO - [2025-03-21T21:23:32.213+0000] {dag.py:4180} INFO - Setting next_dagrun for example_sla_dag to 2025-03-21 21:20:00+00:00, run_after=2025-03-21 21:22:00+00:00
[2025-03-21T21:23:32.243+0000] {processor.py:208} INFO - Processing /home/usmail/sys_fraud/sys_detection_frauds/lib/python3.12/site-packages/airflow/example_dags/example_sla_dag.py took 0.092 seconds
[2025-03-21T21:24:34.190+0000] {processor.py:186} INFO - Started process (PID=3752263) to work on /home/usmail/sys_fraud/sys_detection_frauds/lib/python3.12/site-packages/airflow/example_dags/example_sla_dag.py
[2025-03-21T21:24:34.199+0000] {processor.py:914} INFO - Processing file /home/usmail/sys_fraud/sys_detection_frauds/lib/python3.12/site-packages/airflow/example_dags/example_sla_dag.py for tasks to queue
[2025-03-21T21:24:34.202+0000] {logging_mixin.py:190} INFO - [2025-03-21T21:24:34.202+0000] {dagbag.py:588} INFO - Filling up the DagBag from /home/usmail/sys_fraud/sys_detection_frauds/lib/python3.12/site-packages/airflow/example_dags/example_sla_dag.py
[2025-03-21T21:24:34.218+0000] {processor.py:925} INFO - DAG(s) 'example_sla_dag' retrieved from /home/usmail/sys_fraud/sys_detection_frauds/lib/python3.12/site-packages/airflow/example_dags/example_sla_dag.py
[2025-03-21T21:24:34.240+0000] {logging_mixin.py:190} INFO - [2025-03-21T21:24:34.240+0000] {dag.py:3239} INFO - Sync 1 DAGs
[2025-03-21T21:24:34.266+0000] {logging_mixin.py:190} INFO - [2025-03-21T21:24:34.266+0000] {dag.py:4180} INFO - Setting next_dagrun for example_sla_dag to 2025-03-21 21:22:00+00:00, run_after=2025-03-21 21:24:00+00:00
[2025-03-21T21:24:34.281+0000] {processor.py:208} INFO - Processing /home/usmail/sys_fraud/sys_detection_frauds/lib/python3.12/site-packages/airflow/example_dags/example_sla_dag.py took 0.104 seconds
[2025-03-21T21:25:37.399+0000] {processor.py:186} INFO - Started process (PID=3752954) to work on /home/usmail/sys_fraud/sys_detection_frauds/lib/python3.12/site-packages/airflow/example_dags/example_sla_dag.py
[2025-03-21T21:25:37.408+0000] {processor.py:914} INFO - Processing file /home/usmail/sys_fraud/sys_detection_frauds/lib/python3.12/site-packages/airflow/example_dags/example_sla_dag.py for tasks to queue
[2025-03-21T21:25:37.413+0000] {logging_mixin.py:190} INFO - [2025-03-21T21:25:37.412+0000] {dagbag.py:588} INFO - Filling up the DagBag from /home/usmail/sys_fraud/sys_detection_frauds/lib/python3.12/site-packages/airflow/example_dags/example_sla_dag.py
[2025-03-21T21:25:37.430+0000] {processor.py:925} INFO - DAG(s) 'example_sla_dag' retrieved from /home/usmail/sys_fraud/sys_detection_frauds/lib/python3.12/site-packages/airflow/example_dags/example_sla_dag.py
[2025-03-21T21:25:37.451+0000] {logging_mixin.py:190} INFO - [2025-03-21T21:25:37.451+0000] {dag.py:3239} INFO - Sync 1 DAGs
[2025-03-21T21:25:37.477+0000] {logging_mixin.py:190} INFO - [2025-03-21T21:25:37.477+0000] {dag.py:4180} INFO - Setting next_dagrun for example_sla_dag to 2025-03-21 21:22:00+00:00, run_after=2025-03-21 21:24:00+00:00
[2025-03-21T21:25:37.494+0000] {processor.py:208} INFO - Processing /home/usmail/sys_fraud/sys_detection_frauds/lib/python3.12/site-packages/airflow/example_dags/example_sla_dag.py took 0.108 seconds
[2025-03-21T21:26:41.303+0000] {processor.py:186} INFO - Started process (PID=3753622) to work on /home/usmail/sys_fraud/sys_detection_frauds/lib/python3.12/site-packages/airflow/example_dags/example_sla_dag.py
[2025-03-21T21:26:41.312+0000] {processor.py:914} INFO - Processing file /home/usmail/sys_fraud/sys_detection_frauds/lib/python3.12/site-packages/airflow/example_dags/example_sla_dag.py for tasks to queue
[2025-03-21T21:26:41.316+0000] {logging_mixin.py:190} INFO - [2025-03-21T21:26:41.315+0000] {dagbag.py:588} INFO - Filling up the DagBag from /home/usmail/sys_fraud/sys_detection_frauds/lib/python3.12/site-packages/airflow/example_dags/example_sla_dag.py
[2025-03-21T21:26:41.332+0000] {processor.py:925} INFO - DAG(s) 'example_sla_dag' retrieved from /home/usmail/sys_fraud/sys_detection_frauds/lib/python3.12/site-packages/airflow/example_dags/example_sla_dag.py
[2025-03-21T21:26:41.354+0000] {logging_mixin.py:190} INFO - [2025-03-21T21:26:41.354+0000] {dag.py:3239} INFO - Sync 1 DAGs
[2025-03-21T21:26:41.377+0000] {logging_mixin.py:190} INFO - [2025-03-21T21:26:41.377+0000] {dag.py:4180} INFO - Setting next_dagrun for example_sla_dag to 2025-03-21 21:24:00+00:00, run_after=2025-03-21 21:26:00+00:00
[2025-03-21T21:26:41.404+0000] {processor.py:208} INFO - Processing /home/usmail/sys_fraud/sys_detection_frauds/lib/python3.12/site-packages/airflow/example_dags/example_sla_dag.py took 0.113 seconds
[2025-03-21T21:27:44.964+0000] {processor.py:186} INFO - Started process (PID=3754274) to work on /home/usmail/sys_fraud/sys_detection_frauds/lib/python3.12/site-packages/airflow/example_dags/example_sla_dag.py
[2025-03-21T21:27:44.974+0000] {processor.py:914} INFO - Processing file /home/usmail/sys_fraud/sys_detection_frauds/lib/python3.12/site-packages/airflow/example_dags/example_sla_dag.py for tasks to queue
[2025-03-21T21:27:44.977+0000] {logging_mixin.py:190} INFO - [2025-03-21T21:27:44.976+0000] {dagbag.py:588} INFO - Filling up the DagBag from /home/usmail/sys_fraud/sys_detection_frauds/lib/python3.12/site-packages/airflow/example_dags/example_sla_dag.py
[2025-03-21T21:27:44.994+0000] {processor.py:925} INFO - DAG(s) 'example_sla_dag' retrieved from /home/usmail/sys_fraud/sys_detection_frauds/lib/python3.12/site-packages/airflow/example_dags/example_sla_dag.py
[2025-03-21T21:27:45.015+0000] {logging_mixin.py:190} INFO - [2025-03-21T21:27:45.015+0000] {dag.py:3239} INFO - Sync 1 DAGs
[2025-03-21T21:27:45.040+0000] {logging_mixin.py:190} INFO - [2025-03-21T21:27:45.039+0000] {dag.py:4180} INFO - Setting next_dagrun for example_sla_dag to 2025-03-21 21:24:00+00:00, run_after=2025-03-21 21:26:00+00:00
[2025-03-21T21:27:45.055+0000] {processor.py:208} INFO - Processing /home/usmail/sys_fraud/sys_detection_frauds/lib/python3.12/site-packages/airflow/example_dags/example_sla_dag.py took 0.103 seconds
[2025-03-21T21:28:44.444+0000] {processor.py:186} INFO - Started process (PID=3754901) to work on /home/usmail/sys_fraud/sys_detection_frauds/lib/python3.12/site-packages/airflow/example_dags/example_sla_dag.py
[2025-03-21T21:28:44.453+0000] {processor.py:914} INFO - Processing file /home/usmail/sys_fraud/sys_detection_frauds/lib/python3.12/site-packages/airflow/example_dags/example_sla_dag.py for tasks to queue
[2025-03-21T21:28:44.456+0000] {logging_mixin.py:190} INFO - [2025-03-21T21:28:44.456+0000] {dagbag.py:588} INFO - Filling up the DagBag from /home/usmail/sys_fraud/sys_detection_frauds/lib/python3.12/site-packages/airflow/example_dags/example_sla_dag.py
[2025-03-21T21:28:44.474+0000] {processor.py:925} INFO - DAG(s) 'example_sla_dag' retrieved from /home/usmail/sys_fraud/sys_detection_frauds/lib/python3.12/site-packages/airflow/example_dags/example_sla_dag.py
[2025-03-21T21:28:44.496+0000] {logging_mixin.py:190} INFO - [2025-03-21T21:28:44.496+0000] {dag.py:3239} INFO - Sync 1 DAGs
[2025-03-21T21:28:44.520+0000] {logging_mixin.py:190} INFO - [2025-03-21T21:28:44.520+0000] {dag.py:4180} INFO - Setting next_dagrun for example_sla_dag to 2025-03-21 21:26:00+00:00, run_after=2025-03-21 21:28:00+00:00
[2025-03-21T21:28:44.552+0000] {processor.py:208} INFO - Processing /home/usmail/sys_fraud/sys_detection_frauds/lib/python3.12/site-packages/airflow/example_dags/example_sla_dag.py took 0.122 seconds
[2025-03-21T21:29:48.028+0000] {processor.py:186} INFO - Started process (PID=3755568) to work on /home/usmail/sys_fraud/sys_detection_frauds/lib/python3.12/site-packages/airflow/example_dags/example_sla_dag.py
[2025-03-21T21:29:48.038+0000] {processor.py:914} INFO - Processing file /home/usmail/sys_fraud/sys_detection_frauds/lib/python3.12/site-packages/airflow/example_dags/example_sla_dag.py for tasks to queue
[2025-03-21T21:29:48.041+0000] {logging_mixin.py:190} INFO - [2025-03-21T21:29:48.041+0000] {dagbag.py:588} INFO - Filling up the DagBag from /home/usmail/sys_fraud/sys_detection_frauds/lib/python3.12/site-packages/airflow/example_dags/example_sla_dag.py
[2025-03-21T21:29:48.057+0000] {processor.py:925} INFO - DAG(s) 'example_sla_dag' retrieved from /home/usmail/sys_fraud/sys_detection_frauds/lib/python3.12/site-packages/airflow/example_dags/example_sla_dag.py
[2025-03-21T21:29:48.079+0000] {logging_mixin.py:190} INFO - [2025-03-21T21:29:48.079+0000] {dag.py:3239} INFO - Sync 1 DAGs
[2025-03-21T21:29:48.104+0000] {logging_mixin.py:190} INFO - [2025-03-21T21:29:48.104+0000] {dag.py:4180} INFO - Setting next_dagrun for example_sla_dag to 2025-03-21 21:26:00+00:00, run_after=2025-03-21 21:28:00+00:00
[2025-03-21T21:29:48.138+0000] {processor.py:208} INFO - Processing /home/usmail/sys_fraud/sys_detection_frauds/lib/python3.12/site-packages/airflow/example_dags/example_sla_dag.py took 0.122 seconds
[2025-03-21T21:30:53.801+0000] {processor.py:186} INFO - Started process (PID=3756248) to work on /home/usmail/sys_fraud/sys_detection_frauds/lib/python3.12/site-packages/airflow/example_dags/example_sla_dag.py
[2025-03-21T21:30:53.811+0000] {processor.py:914} INFO - Processing file /home/usmail/sys_fraud/sys_detection_frauds/lib/python3.12/site-packages/airflow/example_dags/example_sla_dag.py for tasks to queue
[2025-03-21T21:30:53.814+0000] {logging_mixin.py:190} INFO - [2025-03-21T21:30:53.813+0000] {dagbag.py:588} INFO - Filling up the DagBag from /home/usmail/sys_fraud/sys_detection_frauds/lib/python3.12/site-packages/airflow/example_dags/example_sla_dag.py
[2025-03-21T21:30:53.830+0000] {processor.py:925} INFO - DAG(s) 'example_sla_dag' retrieved from /home/usmail/sys_fraud/sys_detection_frauds/lib/python3.12/site-packages/airflow/example_dags/example_sla_dag.py
[2025-03-21T21:30:53.853+0000] {logging_mixin.py:190} INFO - [2025-03-21T21:30:53.852+0000] {dag.py:3239} INFO - Sync 1 DAGs
[2025-03-21T21:30:53.877+0000] {logging_mixin.py:190} INFO - [2025-03-21T21:30:53.877+0000] {dag.py:4180} INFO - Setting next_dagrun for example_sla_dag to 2025-03-21 21:28:00+00:00, run_after=2025-03-21 21:30:00+00:00
[2025-03-21T21:30:53.906+0000] {processor.py:208} INFO - Processing /home/usmail/sys_fraud/sys_detection_frauds/lib/python3.12/site-packages/airflow/example_dags/example_sla_dag.py took 0.116 seconds
[2025-03-21T21:31:59.691+0000] {processor.py:186} INFO - Started process (PID=3756945) to work on /home/usmail/sys_fraud/sys_detection_frauds/lib/python3.12/site-packages/airflow/example_dags/example_sla_dag.py
[2025-03-21T21:31:59.700+0000] {processor.py:914} INFO - Processing file /home/usmail/sys_fraud/sys_detection_frauds/lib/python3.12/site-packages/airflow/example_dags/example_sla_dag.py for tasks to queue
[2025-03-21T21:31:59.703+0000] {logging_mixin.py:190} INFO - [2025-03-21T21:31:59.702+0000] {dagbag.py:588} INFO - Filling up the DagBag from /home/usmail/sys_fraud/sys_detection_frauds/lib/python3.12/site-packages/airflow/example_dags/example_sla_dag.py
[2025-03-21T21:31:59.719+0000] {processor.py:925} INFO - DAG(s) 'example_sla_dag' retrieved from /home/usmail/sys_fraud/sys_detection_frauds/lib/python3.12/site-packages/airflow/example_dags/example_sla_dag.py
[2025-03-21T21:31:59.740+0000] {logging_mixin.py:190} INFO - [2025-03-21T21:31:59.740+0000] {dag.py:3239} INFO - Sync 1 DAGs
[2025-03-21T21:31:59.766+0000] {logging_mixin.py:190} INFO - [2025-03-21T21:31:59.766+0000] {dag.py:4180} INFO - Setting next_dagrun for example_sla_dag to 2025-03-21 21:28:00+00:00, run_after=2025-03-21 21:30:00+00:00
[2025-03-21T21:31:59.792+0000] {processor.py:208} INFO - Processing /home/usmail/sys_fraud/sys_detection_frauds/lib/python3.12/site-packages/airflow/example_dags/example_sla_dag.py took 0.114 seconds
[2025-03-21T21:33:02.222+0000] {processor.py:186} INFO - Started process (PID=3757600) to work on /home/usmail/sys_fraud/sys_detection_frauds/lib/python3.12/site-packages/airflow/example_dags/example_sla_dag.py
[2025-03-21T21:33:02.224+0000] {processor.py:914} INFO - Processing file /home/usmail/sys_fraud/sys_detection_frauds/lib/python3.12/site-packages/airflow/example_dags/example_sla_dag.py for tasks to queue
[2025-03-21T21:33:02.227+0000] {logging_mixin.py:190} INFO - [2025-03-21T21:33:02.226+0000] {dagbag.py:588} INFO - Filling up the DagBag from /home/usmail/sys_fraud/sys_detection_frauds/lib/python3.12/site-packages/airflow/example_dags/example_sla_dag.py
[2025-03-21T21:33:02.244+0000] {processor.py:925} INFO - DAG(s) 'example_sla_dag' retrieved from /home/usmail/sys_fraud/sys_detection_frauds/lib/python3.12/site-packages/airflow/example_dags/example_sla_dag.py
[2025-03-21T21:33:02.266+0000] {logging_mixin.py:190} INFO - [2025-03-21T21:33:02.266+0000] {dag.py:3239} INFO - Sync 1 DAGs
[2025-03-21T21:33:02.288+0000] {logging_mixin.py:190} INFO - [2025-03-21T21:33:02.288+0000] {dag.py:4180} INFO - Setting next_dagrun for example_sla_dag to 2025-03-21 21:30:00+00:00, run_after=2025-03-21 21:32:00+00:00
[2025-03-21T21:33:02.326+0000] {processor.py:208} INFO - Processing /home/usmail/sys_fraud/sys_detection_frauds/lib/python3.12/site-packages/airflow/example_dags/example_sla_dag.py took 0.115 seconds
[2025-03-21T22:19:36.473+0000] {processor.py:186} INFO - Started process (PID=3758668) to work on /home/usmail/sys_fraud/sys_detection_frauds/lib/python3.12/site-packages/airflow/example_dags/example_sla_dag.py
[2025-03-21T22:19:36.482+0000] {processor.py:914} INFO - Processing file /home/usmail/sys_fraud/sys_detection_frauds/lib/python3.12/site-packages/airflow/example_dags/example_sla_dag.py for tasks to queue
[2025-03-21T22:19:36.486+0000] {logging_mixin.py:190} INFO - [2025-03-21T22:19:36.485+0000] {dagbag.py:588} INFO - Filling up the DagBag from /home/usmail/sys_fraud/sys_detection_frauds/lib/python3.12/site-packages/airflow/example_dags/example_sla_dag.py
[2025-03-21T22:19:36.502+0000] {processor.py:925} INFO - DAG(s) 'example_sla_dag' retrieved from /home/usmail/sys_fraud/sys_detection_frauds/lib/python3.12/site-packages/airflow/example_dags/example_sla_dag.py
[2025-03-21T22:19:36.524+0000] {logging_mixin.py:190} INFO - [2025-03-21T22:19:36.523+0000] {dag.py:3239} INFO - Sync 1 DAGs
[2025-03-21T22:19:36.547+0000] {logging_mixin.py:190} INFO - [2025-03-21T22:19:36.547+0000] {dag.py:4180} INFO - Setting next_dagrun for example_sla_dag to 2025-03-21 22:16:00+00:00, run_after=2025-03-21 22:18:00+00:00
[2025-03-21T22:19:36.563+0000] {processor.py:208} INFO - Processing /home/usmail/sys_fraud/sys_detection_frauds/lib/python3.12/site-packages/airflow/example_dags/example_sla_dag.py took 0.103 seconds
[2025-03-21T22:20:32.601+0000] {processor.py:186} INFO - Started process (PID=3759554) to work on /home/usmail/sys_fraud/sys_detection_frauds/lib/python3.12/site-packages/airflow/example_dags/example_sla_dag.py
[2025-03-21T22:20:32.610+0000] {processor.py:914} INFO - Processing file /home/usmail/sys_fraud/sys_detection_frauds/lib/python3.12/site-packages/airflow/example_dags/example_sla_dag.py for tasks to queue
[2025-03-21T22:20:32.614+0000] {logging_mixin.py:190} INFO - [2025-03-21T22:20:32.613+0000] {dagbag.py:588} INFO - Filling up the DagBag from /home/usmail/sys_fraud/sys_detection_frauds/lib/python3.12/site-packages/airflow/example_dags/example_sla_dag.py
[2025-03-21T22:20:32.634+0000] {processor.py:925} INFO - DAG(s) 'example_sla_dag' retrieved from /home/usmail/sys_fraud/sys_detection_frauds/lib/python3.12/site-packages/airflow/example_dags/example_sla_dag.py
[2025-03-21T22:20:32.661+0000] {logging_mixin.py:190} INFO - [2025-03-21T22:20:32.661+0000] {dag.py:3239} INFO - Sync 1 DAGs
[2025-03-21T22:20:32.686+0000] {logging_mixin.py:190} INFO - [2025-03-21T22:20:32.686+0000] {dag.py:4180} INFO - Setting next_dagrun for example_sla_dag to 2025-03-21 22:18:00+00:00, run_after=2025-03-21 22:20:00+00:00
[2025-03-21T22:20:32.718+0000] {processor.py:208} INFO - Processing /home/usmail/sys_fraud/sys_detection_frauds/lib/python3.12/site-packages/airflow/example_dags/example_sla_dag.py took 0.130 seconds
[2025-03-21T22:21:34.059+0000] {processor.py:186} INFO - Started process (PID=3760321) to work on /home/usmail/sys_fraud/sys_detection_frauds/lib/python3.12/site-packages/airflow/example_dags/example_sla_dag.py
[2025-03-21T22:21:34.068+0000] {processor.py:914} INFO - Processing file /home/usmail/sys_fraud/sys_detection_frauds/lib/python3.12/site-packages/airflow/example_dags/example_sla_dag.py for tasks to queue
[2025-03-21T22:21:34.070+0000] {logging_mixin.py:190} INFO - [2025-03-21T22:21:34.069+0000] {dagbag.py:588} INFO - Filling up the DagBag from /home/usmail/sys_fraud/sys_detection_frauds/lib/python3.12/site-packages/airflow/example_dags/example_sla_dag.py
[2025-03-21T22:21:34.080+0000] {processor.py:925} INFO - DAG(s) 'example_sla_dag' retrieved from /home/usmail/sys_fraud/sys_detection_frauds/lib/python3.12/site-packages/airflow/example_dags/example_sla_dag.py
[2025-03-21T22:21:34.095+0000] {logging_mixin.py:190} INFO - [2025-03-21T22:21:34.095+0000] {dag.py:3239} INFO - Sync 1 DAGs
[2025-03-21T22:21:34.118+0000] {logging_mixin.py:190} INFO - [2025-03-21T22:21:34.117+0000] {dag.py:4180} INFO - Setting next_dagrun for example_sla_dag to 2025-03-21 22:18:00+00:00, run_after=2025-03-21 22:20:00+00:00
[2025-03-21T22:21:34.145+0000] {processor.py:208} INFO - Processing /home/usmail/sys_fraud/sys_detection_frauds/lib/python3.12/site-packages/airflow/example_dags/example_sla_dag.py took 0.093 seconds
