[2025-03-21T20:50:22.313+0000] {processor.py:186} INFO - Started process (PID=3723536) to work on /home/usmail/sys_fraud/sys_detection_frauds/lib/python3.12/site-packages/airflow/example_dags/example_branch_datetime_operator.py
[2025-03-21T20:50:22.313+0000] {processor.py:914} INFO - Processing file /home/usmail/sys_fraud/sys_detection_frauds/lib/python3.12/site-packages/airflow/example_dags/example_branch_datetime_operator.py for tasks to queue
[2025-03-21T20:50:22.315+0000] {logging_mixin.py:190} INFO - [2025-03-21T20:50:22.314+0000] {dagbag.py:588} INFO - Filling up the DagBag from /home/usmail/sys_fraud/sys_detection_frauds/lib/python3.12/site-packages/airflow/example_dags/example_branch_datetime_operator.py
[2025-03-21T20:50:22.324+0000] {processor.py:925} INFO - DAG(s) 'example_branch_datetime_operator_2', 'example_branch_datetime_operator_3', 'example_branch_datetime_operator' retrieved from /home/usmail/sys_fraud/sys_detection_frauds/lib/python3.12/site-packages/airflow/example_dags/example_branch_datetime_operator.py
[2025-03-21T20:50:22.393+0000] {logging_mixin.py:190} INFO - [2025-03-21T20:50:22.393+0000] {override.py:1912} INFO - Created Permission View: can edit on DAG:example_branch_datetime_operator_2
[2025-03-21T20:50:22.402+0000] {logging_mixin.py:190} INFO - [2025-03-21T20:50:22.401+0000] {override.py:1912} INFO - Created Permission View: can read on DAG:example_branch_datetime_operator_2
[2025-03-21T20:50:22.409+0000] {logging_mixin.py:190} INFO - [2025-03-21T20:50:22.408+0000] {override.py:1912} INFO - Created Permission View: can delete on DAG:example_branch_datetime_operator_2
[2025-03-21T20:50:22.419+0000] {logging_mixin.py:190} INFO - [2025-03-21T20:50:22.418+0000] {override.py:1912} INFO - Created Permission View: can create on DAG Run:example_branch_datetime_operator_2
[2025-03-21T20:50:22.426+0000] {logging_mixin.py:190} INFO - [2025-03-21T20:50:22.425+0000] {override.py:1912} INFO - Created Permission View: menu access on DAG Run:example_branch_datetime_operator_2
[2025-03-21T20:50:22.431+0000] {logging_mixin.py:190} INFO - [2025-03-21T20:50:22.431+0000] {override.py:1912} INFO - Created Permission View: can read on DAG Run:example_branch_datetime_operator_2
[2025-03-21T20:50:22.436+0000] {logging_mixin.py:190} INFO - [2025-03-21T20:50:22.436+0000] {override.py:1912} INFO - Created Permission View: can delete on DAG Run:example_branch_datetime_operator_2
[2025-03-21T20:50:22.449+0000] {logging_mixin.py:190} INFO - [2025-03-21T20:50:22.449+0000] {override.py:1912} INFO - Created Permission View: can edit on DAG:example_branch_datetime_operator_3
[2025-03-21T20:50:22.455+0000] {logging_mixin.py:190} INFO - [2025-03-21T20:50:22.455+0000] {override.py:1912} INFO - Created Permission View: can read on DAG:example_branch_datetime_operator_3
[2025-03-21T20:50:22.461+0000] {logging_mixin.py:190} INFO - [2025-03-21T20:50:22.461+0000] {override.py:1912} INFO - Created Permission View: can delete on DAG:example_branch_datetime_operator_3
[2025-03-21T20:50:22.469+0000] {logging_mixin.py:190} INFO - [2025-03-21T20:50:22.468+0000] {override.py:1912} INFO - Created Permission View: can create on DAG Run:example_branch_datetime_operator_3
[2025-03-21T20:50:22.474+0000] {logging_mixin.py:190} INFO - [2025-03-21T20:50:22.474+0000] {override.py:1912} INFO - Created Permission View: menu access on DAG Run:example_branch_datetime_operator_3
[2025-03-21T20:50:22.479+0000] {logging_mixin.py:190} INFO - [2025-03-21T20:50:22.479+0000] {override.py:1912} INFO - Created Permission View: can read on DAG Run:example_branch_datetime_operator_3
[2025-03-21T20:50:22.484+0000] {logging_mixin.py:190} INFO - [2025-03-21T20:50:22.484+0000] {override.py:1912} INFO - Created Permission View: can delete on DAG Run:example_branch_datetime_operator_3
[2025-03-21T20:50:22.497+0000] {logging_mixin.py:190} INFO - [2025-03-21T20:50:22.497+0000] {override.py:1912} INFO - Created Permission View: can edit on DAG:example_branch_datetime_operator
[2025-03-21T20:50:22.502+0000] {logging_mixin.py:190} INFO - [2025-03-21T20:50:22.502+0000] {override.py:1912} INFO - Created Permission View: can read on DAG:example_branch_datetime_operator
[2025-03-21T20:50:22.508+0000] {logging_mixin.py:190} INFO - [2025-03-21T20:50:22.508+0000] {override.py:1912} INFO - Created Permission View: can delete on DAG:example_branch_datetime_operator
[2025-03-21T20:50:22.521+0000] {logging_mixin.py:190} INFO - [2025-03-21T20:50:22.521+0000] {override.py:1912} INFO - Created Permission View: can create on DAG Run:example_branch_datetime_operator
[2025-03-21T20:50:22.536+0000] {logging_mixin.py:190} INFO - [2025-03-21T20:50:22.535+0000] {override.py:1912} INFO - Created Permission View: menu access on DAG Run:example_branch_datetime_operator
[2025-03-21T20:50:22.543+0000] {logging_mixin.py:190} INFO - [2025-03-21T20:50:22.543+0000] {override.py:1912} INFO - Created Permission View: can read on DAG Run:example_branch_datetime_operator
[2025-03-21T20:50:22.549+0000] {logging_mixin.py:190} INFO - [2025-03-21T20:50:22.549+0000] {override.py:1912} INFO - Created Permission View: can delete on DAG Run:example_branch_datetime_operator
[2025-03-21T20:50:22.549+0000] {logging_mixin.py:190} INFO - [2025-03-21T20:50:22.549+0000] {dag.py:3239} INFO - Sync 3 DAGs
[2025-03-21T20:50:22.556+0000] {logging_mixin.py:190} INFO - [2025-03-21T20:50:22.556+0000] {dag.py:3262} INFO - Creating ORM DAG for example_branch_datetime_operator
[2025-03-21T20:50:22.557+0000] {logging_mixin.py:190} INFO - [2025-03-21T20:50:22.556+0000] {dag.py:3262} INFO - Creating ORM DAG for example_branch_datetime_operator_2
[2025-03-21T20:50:22.557+0000] {logging_mixin.py:190} INFO - [2025-03-21T20:50:22.557+0000] {dag.py:3262} INFO - Creating ORM DAG for example_branch_datetime_operator_3
[2025-03-21T20:50:22.562+0000] {logging_mixin.py:190} INFO - [2025-03-21T20:50:22.562+0000] {dag.py:4180} INFO - Setting next_dagrun for example_branch_datetime_operator to 2025-03-20 00:00:00+00:00, run_after=2025-03-21 00:00:00+00:00
[2025-03-21T20:50:22.563+0000] {logging_mixin.py:190} INFO - [2025-03-21T20:50:22.563+0000] {dag.py:4180} INFO - Setting next_dagrun for example_branch_datetime_operator_2 to 2025-03-20 00:00:00+00:00, run_after=2025-03-21 00:00:00+00:00
[2025-03-21T20:50:22.564+0000] {logging_mixin.py:190} INFO - [2025-03-21T20:50:22.564+0000] {dag.py:4180} INFO - Setting next_dagrun for example_branch_datetime_operator_3 to 2025-03-20 00:00:00+00:00, run_after=2025-03-21 00:00:00+00:00
[2025-03-21T20:50:22.577+0000] {processor.py:208} INFO - Processing /home/usmail/sys_fraud/sys_detection_frauds/lib/python3.12/site-packages/airflow/example_dags/example_branch_datetime_operator.py took 0.267 seconds
[2025-03-21T20:51:18.774+0000] {processor.py:186} INFO - Started process (PID=3724227) to work on /home/usmail/sys_fraud/sys_detection_frauds/lib/python3.12/site-packages/airflow/example_dags/example_branch_datetime_operator.py
[2025-03-21T20:51:18.782+0000] {processor.py:914} INFO - Processing file /home/usmail/sys_fraud/sys_detection_frauds/lib/python3.12/site-packages/airflow/example_dags/example_branch_datetime_operator.py for tasks to queue
[2025-03-21T20:51:18.784+0000] {logging_mixin.py:190} INFO - [2025-03-21T20:51:18.784+0000] {dagbag.py:588} INFO - Filling up the DagBag from /home/usmail/sys_fraud/sys_detection_frauds/lib/python3.12/site-packages/airflow/example_dags/example_branch_datetime_operator.py
[2025-03-21T20:51:18.794+0000] {processor.py:925} INFO - DAG(s) 'example_branch_datetime_operator', 'example_branch_datetime_operator_3', 'example_branch_datetime_operator_2' retrieved from /home/usmail/sys_fraud/sys_detection_frauds/lib/python3.12/site-packages/airflow/example_dags/example_branch_datetime_operator.py
[2025-03-21T20:51:18.806+0000] {logging_mixin.py:190} INFO - [2025-03-21T20:51:18.806+0000] {dag.py:3239} INFO - Sync 3 DAGs
[2025-03-21T20:51:18.819+0000] {logging_mixin.py:190} INFO - [2025-03-21T20:51:18.819+0000] {dag.py:4180} INFO - Setting next_dagrun for example_branch_datetime_operator to 2025-03-20 00:00:00+00:00, run_after=2025-03-21 00:00:00+00:00
[2025-03-21T20:51:18.821+0000] {logging_mixin.py:190} INFO - [2025-03-21T20:51:18.821+0000] {dag.py:4180} INFO - Setting next_dagrun for example_branch_datetime_operator_2 to 2025-03-20 00:00:00+00:00, run_after=2025-03-21 00:00:00+00:00
[2025-03-21T20:51:18.823+0000] {logging_mixin.py:190} INFO - [2025-03-21T20:51:18.823+0000] {dag.py:4180} INFO - Setting next_dagrun for example_branch_datetime_operator_3 to 2025-03-20 00:00:00+00:00, run_after=2025-03-21 00:00:00+00:00
[2025-03-21T20:51:18.846+0000] {processor.py:208} INFO - Processing /home/usmail/sys_fraud/sys_detection_frauds/lib/python3.12/site-packages/airflow/example_dags/example_branch_datetime_operator.py took 0.077 seconds
[2025-03-21T20:52:34.936+0000] {processor.py:186} INFO - Started process (PID=3725127) to work on /home/usmail/sys_fraud/sys_detection_frauds/lib/python3.12/site-packages/airflow/example_dags/example_branch_datetime_operator.py
[2025-03-21T20:52:34.944+0000] {processor.py:914} INFO - Processing file /home/usmail/sys_fraud/sys_detection_frauds/lib/python3.12/site-packages/airflow/example_dags/example_branch_datetime_operator.py for tasks to queue
[2025-03-21T20:52:34.946+0000] {logging_mixin.py:190} INFO - [2025-03-21T20:52:34.946+0000] {dagbag.py:588} INFO - Filling up the DagBag from /home/usmail/sys_fraud/sys_detection_frauds/lib/python3.12/site-packages/airflow/example_dags/example_branch_datetime_operator.py
[2025-03-21T20:52:34.954+0000] {processor.py:925} INFO - DAG(s) 'example_branch_datetime_operator_2', 'example_branch_datetime_operator_3', 'example_branch_datetime_operator' retrieved from /home/usmail/sys_fraud/sys_detection_frauds/lib/python3.12/site-packages/airflow/example_dags/example_branch_datetime_operator.py
[2025-03-21T20:52:34.967+0000] {logging_mixin.py:190} INFO - [2025-03-21T20:52:34.967+0000] {dag.py:3239} INFO - Sync 3 DAGs
[2025-03-21T20:52:34.981+0000] {logging_mixin.py:190} INFO - [2025-03-21T20:52:34.981+0000] {dag.py:4180} INFO - Setting next_dagrun for example_branch_datetime_operator to 2025-03-20 00:00:00+00:00, run_after=2025-03-21 00:00:00+00:00
[2025-03-21T20:52:34.984+0000] {logging_mixin.py:190} INFO - [2025-03-21T20:52:34.984+0000] {dag.py:4180} INFO - Setting next_dagrun for example_branch_datetime_operator_2 to 2025-03-20 00:00:00+00:00, run_after=2025-03-21 00:00:00+00:00
[2025-03-21T20:52:34.985+0000] {logging_mixin.py:190} INFO - [2025-03-21T20:52:34.985+0000] {dag.py:4180} INFO - Setting next_dagrun for example_branch_datetime_operator_3 to 2025-03-20 00:00:00+00:00, run_after=2025-03-21 00:00:00+00:00
[2025-03-21T20:52:35.004+0000] {processor.py:208} INFO - Processing /home/usmail/sys_fraud/sys_detection_frauds/lib/python3.12/site-packages/airflow/example_dags/example_branch_datetime_operator.py took 0.071 seconds
[2025-03-21T20:53:55.466+0000] {processor.py:186} INFO - Started process (PID=3726120) to work on /home/usmail/sys_fraud/sys_detection_frauds/lib/python3.12/site-packages/airflow/example_dags/example_branch_datetime_operator.py
[2025-03-21T20:53:55.475+0000] {processor.py:914} INFO - Processing file /home/usmail/sys_fraud/sys_detection_frauds/lib/python3.12/site-packages/airflow/example_dags/example_branch_datetime_operator.py for tasks to queue
[2025-03-21T20:53:55.478+0000] {logging_mixin.py:190} INFO - [2025-03-21T20:53:55.478+0000] {dagbag.py:588} INFO - Filling up the DagBag from /home/usmail/sys_fraud/sys_detection_frauds/lib/python3.12/site-packages/airflow/example_dags/example_branch_datetime_operator.py
[2025-03-21T20:53:55.491+0000] {processor.py:925} INFO - DAG(s) 'example_branch_datetime_operator_2', 'example_branch_datetime_operator_3', 'example_branch_datetime_operator' retrieved from /home/usmail/sys_fraud/sys_detection_frauds/lib/python3.12/site-packages/airflow/example_dags/example_branch_datetime_operator.py
[2025-03-21T20:53:55.502+0000] {logging_mixin.py:190} INFO - [2025-03-21T20:53:55.502+0000] {dag.py:3239} INFO - Sync 3 DAGs
[2025-03-21T20:53:55.514+0000] {logging_mixin.py:190} INFO - [2025-03-21T20:53:55.514+0000] {dag.py:4180} INFO - Setting next_dagrun for example_branch_datetime_operator to 2025-03-20 00:00:00+00:00, run_after=2025-03-21 00:00:00+00:00
[2025-03-21T20:53:55.590+0000] {logging_mixin.py:190} INFO - [2025-03-21T20:53:55.590+0000] {dag.py:4180} INFO - Setting next_dagrun for example_branch_datetime_operator_2 to 2025-03-20 00:00:00+00:00, run_after=2025-03-21 00:00:00+00:00
[2025-03-21T20:53:55.591+0000] {logging_mixin.py:190} INFO - [2025-03-21T20:53:55.591+0000] {dag.py:4180} INFO - Setting next_dagrun for example_branch_datetime_operator_3 to 2025-03-20 00:00:00+00:00, run_after=2025-03-21 00:00:00+00:00
[2025-03-21T20:53:55.613+0000] {processor.py:208} INFO - Processing /home/usmail/sys_fraud/sys_detection_frauds/lib/python3.12/site-packages/airflow/example_dags/example_branch_datetime_operator.py took 0.154 seconds
[2025-03-21T20:55:13.580+0000] {processor.py:186} INFO - Started process (PID=3727080) to work on /home/usmail/sys_fraud/sys_detection_frauds/lib/python3.12/site-packages/airflow/example_dags/example_branch_datetime_operator.py
[2025-03-21T20:55:13.589+0000] {processor.py:914} INFO - Processing file /home/usmail/sys_fraud/sys_detection_frauds/lib/python3.12/site-packages/airflow/example_dags/example_branch_datetime_operator.py for tasks to queue
[2025-03-21T20:55:13.592+0000] {logging_mixin.py:190} INFO - [2025-03-21T20:55:13.591+0000] {dagbag.py:588} INFO - Filling up the DagBag from /home/usmail/sys_fraud/sys_detection_frauds/lib/python3.12/site-packages/airflow/example_dags/example_branch_datetime_operator.py
[2025-03-21T20:55:13.604+0000] {processor.py:925} INFO - DAG(s) 'example_branch_datetime_operator', 'example_branch_datetime_operator_3', 'example_branch_datetime_operator_2' retrieved from /home/usmail/sys_fraud/sys_detection_frauds/lib/python3.12/site-packages/airflow/example_dags/example_branch_datetime_operator.py
[2025-03-21T20:55:13.615+0000] {logging_mixin.py:190} INFO - [2025-03-21T20:55:13.615+0000] {dag.py:3239} INFO - Sync 3 DAGs
[2025-03-21T20:55:13.628+0000] {logging_mixin.py:190} INFO - [2025-03-21T20:55:13.628+0000] {dag.py:4180} INFO - Setting next_dagrun for example_branch_datetime_operator to 2025-03-20 00:00:00+00:00, run_after=2025-03-21 00:00:00+00:00
[2025-03-21T20:55:13.631+0000] {logging_mixin.py:190} INFO - [2025-03-21T20:55:13.631+0000] {dag.py:4180} INFO - Setting next_dagrun for example_branch_datetime_operator_2 to 2025-03-20 00:00:00+00:00, run_after=2025-03-21 00:00:00+00:00
[2025-03-21T20:55:13.632+0000] {logging_mixin.py:190} INFO - [2025-03-21T20:55:13.632+0000] {dag.py:4180} INFO - Setting next_dagrun for example_branch_datetime_operator_3 to 2025-03-20 00:00:00+00:00, run_after=2025-03-21 00:00:00+00:00
[2025-03-21T20:55:13.655+0000] {processor.py:208} INFO - Processing /home/usmail/sys_fraud/sys_detection_frauds/lib/python3.12/site-packages/airflow/example_dags/example_branch_datetime_operator.py took 0.080 seconds
[2025-03-21T20:56:27.053+0000] {processor.py:186} INFO - Started process (PID=3728034) to work on /home/usmail/sys_fraud/sys_detection_frauds/lib/python3.12/site-packages/airflow/example_dags/example_branch_datetime_operator.py
[2025-03-21T20:56:27.062+0000] {processor.py:914} INFO - Processing file /home/usmail/sys_fraud/sys_detection_frauds/lib/python3.12/site-packages/airflow/example_dags/example_branch_datetime_operator.py for tasks to queue
[2025-03-21T20:56:27.065+0000] {logging_mixin.py:190} INFO - [2025-03-21T20:56:27.064+0000] {dagbag.py:588} INFO - Filling up the DagBag from /home/usmail/sys_fraud/sys_detection_frauds/lib/python3.12/site-packages/airflow/example_dags/example_branch_datetime_operator.py
[2025-03-21T20:56:27.076+0000] {processor.py:925} INFO - DAG(s) 'example_branch_datetime_operator_2', 'example_branch_datetime_operator', 'example_branch_datetime_operator_3' retrieved from /home/usmail/sys_fraud/sys_detection_frauds/lib/python3.12/site-packages/airflow/example_dags/example_branch_datetime_operator.py
[2025-03-21T20:56:27.087+0000] {logging_mixin.py:190} INFO - [2025-03-21T20:56:27.087+0000] {dag.py:3239} INFO - Sync 3 DAGs
[2025-03-21T20:56:27.101+0000] {logging_mixin.py:190} INFO - [2025-03-21T20:56:27.101+0000] {dag.py:4180} INFO - Setting next_dagrun for example_branch_datetime_operator to 2025-03-20 00:00:00+00:00, run_after=2025-03-21 00:00:00+00:00
[2025-03-21T20:56:27.104+0000] {logging_mixin.py:190} INFO - [2025-03-21T20:56:27.104+0000] {dag.py:4180} INFO - Setting next_dagrun for example_branch_datetime_operator_2 to 2025-03-20 00:00:00+00:00, run_after=2025-03-21 00:00:00+00:00
[2025-03-21T20:56:27.105+0000] {logging_mixin.py:190} INFO - [2025-03-21T20:56:27.105+0000] {dag.py:4180} INFO - Setting next_dagrun for example_branch_datetime_operator_3 to 2025-03-20 00:00:00+00:00, run_after=2025-03-21 00:00:00+00:00
[2025-03-21T20:56:27.118+0000] {processor.py:208} INFO - Processing /home/usmail/sys_fraud/sys_detection_frauds/lib/python3.12/site-packages/airflow/example_dags/example_branch_datetime_operator.py took 0.073 seconds
[2025-03-21T20:57:23.011+0000] {processor.py:186} INFO - Started process (PID=3728868) to work on /home/usmail/sys_fraud/sys_detection_frauds/lib/python3.12/site-packages/airflow/example_dags/example_branch_datetime_operator.py
[2025-03-21T20:57:23.020+0000] {processor.py:914} INFO - Processing file /home/usmail/sys_fraud/sys_detection_frauds/lib/python3.12/site-packages/airflow/example_dags/example_branch_datetime_operator.py for tasks to queue
[2025-03-21T20:57:23.022+0000] {logging_mixin.py:190} INFO - [2025-03-21T20:57:23.021+0000] {dagbag.py:588} INFO - Filling up the DagBag from /home/usmail/sys_fraud/sys_detection_frauds/lib/python3.12/site-packages/airflow/example_dags/example_branch_datetime_operator.py
[2025-03-21T20:57:23.033+0000] {processor.py:925} INFO - DAG(s) 'example_branch_datetime_operator_2', 'example_branch_datetime_operator', 'example_branch_datetime_operator_3' retrieved from /home/usmail/sys_fraud/sys_detection_frauds/lib/python3.12/site-packages/airflow/example_dags/example_branch_datetime_operator.py
[2025-03-21T20:57:23.048+0000] {logging_mixin.py:190} INFO - [2025-03-21T20:57:23.048+0000] {dag.py:3239} INFO - Sync 3 DAGs
[2025-03-21T20:57:23.063+0000] {logging_mixin.py:190} INFO - [2025-03-21T20:57:23.062+0000] {dag.py:4180} INFO - Setting next_dagrun for example_branch_datetime_operator to 2025-03-20 00:00:00+00:00, run_after=2025-03-21 00:00:00+00:00
[2025-03-21T20:57:23.066+0000] {logging_mixin.py:190} INFO - [2025-03-21T20:57:23.066+0000] {dag.py:4180} INFO - Setting next_dagrun for example_branch_datetime_operator_2 to 2025-03-20 00:00:00+00:00, run_after=2025-03-21 00:00:00+00:00
[2025-03-21T20:57:23.067+0000] {logging_mixin.py:190} INFO - [2025-03-21T20:57:23.067+0000] {dag.py:4180} INFO - Setting next_dagrun for example_branch_datetime_operator_3 to 2025-03-20 00:00:00+00:00, run_after=2025-03-21 00:00:00+00:00
[2025-03-21T20:57:23.084+0000] {processor.py:208} INFO - Processing /home/usmail/sys_fraud/sys_detection_frauds/lib/python3.12/site-packages/airflow/example_dags/example_branch_datetime_operator.py took 0.079 seconds
[2025-03-21T20:58:39.899+0000] {processor.py:186} INFO - Started process (PID=3729771) to work on /home/usmail/sys_fraud/sys_detection_frauds/lib/python3.12/site-packages/airflow/example_dags/example_branch_datetime_operator.py
[2025-03-21T20:58:39.900+0000] {processor.py:914} INFO - Processing file /home/usmail/sys_fraud/sys_detection_frauds/lib/python3.12/site-packages/airflow/example_dags/example_branch_datetime_operator.py for tasks to queue
[2025-03-21T20:58:39.901+0000] {logging_mixin.py:190} INFO - [2025-03-21T20:58:39.901+0000] {dagbag.py:588} INFO - Filling up the DagBag from /home/usmail/sys_fraud/sys_detection_frauds/lib/python3.12/site-packages/airflow/example_dags/example_branch_datetime_operator.py
[2025-03-21T20:58:39.908+0000] {processor.py:925} INFO - DAG(s) 'example_branch_datetime_operator_3', 'example_branch_datetime_operator_2', 'example_branch_datetime_operator' retrieved from /home/usmail/sys_fraud/sys_detection_frauds/lib/python3.12/site-packages/airflow/example_dags/example_branch_datetime_operator.py
[2025-03-21T20:58:39.921+0000] {logging_mixin.py:190} INFO - [2025-03-21T20:58:39.920+0000] {dag.py:3239} INFO - Sync 3 DAGs
[2025-03-21T20:58:39.932+0000] {logging_mixin.py:190} INFO - [2025-03-21T20:58:39.932+0000] {dag.py:4180} INFO - Setting next_dagrun for example_branch_datetime_operator to 2025-03-20 00:00:00+00:00, run_after=2025-03-21 00:00:00+00:00
[2025-03-21T20:58:39.935+0000] {logging_mixin.py:190} INFO - [2025-03-21T20:58:39.935+0000] {dag.py:4180} INFO - Setting next_dagrun for example_branch_datetime_operator_2 to 2025-03-20 00:00:00+00:00, run_after=2025-03-21 00:00:00+00:00
[2025-03-21T20:58:39.936+0000] {logging_mixin.py:190} INFO - [2025-03-21T20:58:39.936+0000] {dag.py:4180} INFO - Setting next_dagrun for example_branch_datetime_operator_3 to 2025-03-20 00:00:00+00:00, run_after=2025-03-21 00:00:00+00:00
[2025-03-21T20:58:39.948+0000] {processor.py:208} INFO - Processing /home/usmail/sys_fraud/sys_detection_frauds/lib/python3.12/site-packages/airflow/example_dags/example_branch_datetime_operator.py took 0.053 seconds
[2025-03-21T21:00:09.869+0000] {processor.py:186} INFO - Started process (PID=3731001) to work on /home/usmail/sys_fraud/sys_detection_frauds/lib/python3.12/site-packages/airflow/example_dags/example_branch_datetime_operator.py
[2025-03-21T21:00:09.870+0000] {processor.py:914} INFO - Processing file /home/usmail/sys_fraud/sys_detection_frauds/lib/python3.12/site-packages/airflow/example_dags/example_branch_datetime_operator.py for tasks to queue
[2025-03-21T21:00:09.871+0000] {logging_mixin.py:190} INFO - [2025-03-21T21:00:09.870+0000] {dagbag.py:588} INFO - Filling up the DagBag from /home/usmail/sys_fraud/sys_detection_frauds/lib/python3.12/site-packages/airflow/example_dags/example_branch_datetime_operator.py
[2025-03-21T21:00:09.878+0000] {processor.py:925} INFO - DAG(s) 'example_branch_datetime_operator_2', 'example_branch_datetime_operator_3', 'example_branch_datetime_operator' retrieved from /home/usmail/sys_fraud/sys_detection_frauds/lib/python3.12/site-packages/airflow/example_dags/example_branch_datetime_operator.py
[2025-03-21T21:00:09.892+0000] {logging_mixin.py:190} INFO - [2025-03-21T21:00:09.891+0000] {dag.py:3239} INFO - Sync 3 DAGs
[2025-03-21T21:00:09.908+0000] {logging_mixin.py:190} INFO - [2025-03-21T21:00:09.908+0000] {dag.py:4180} INFO - Setting next_dagrun for example_branch_datetime_operator to 2025-03-20 00:00:00+00:00, run_after=2025-03-21 00:00:00+00:00
[2025-03-21T21:00:09.911+0000] {logging_mixin.py:190} INFO - [2025-03-21T21:00:09.911+0000] {dag.py:4180} INFO - Setting next_dagrun for example_branch_datetime_operator_2 to 2025-03-20 00:00:00+00:00, run_after=2025-03-21 00:00:00+00:00
[2025-03-21T21:00:09.912+0000] {logging_mixin.py:190} INFO - [2025-03-21T21:00:09.912+0000] {dag.py:4180} INFO - Setting next_dagrun for example_branch_datetime_operator_3 to 2025-03-20 00:00:00+00:00, run_after=2025-03-21 00:00:00+00:00
[2025-03-21T21:00:09.925+0000] {processor.py:208} INFO - Processing /home/usmail/sys_fraud/sys_detection_frauds/lib/python3.12/site-packages/airflow/example_dags/example_branch_datetime_operator.py took 0.059 seconds
[2025-03-21T21:01:07.468+0000] {processor.py:186} INFO - Started process (PID=3731728) to work on /home/usmail/sys_fraud/sys_detection_frauds/lib/python3.12/site-packages/airflow/example_dags/example_branch_datetime_operator.py
[2025-03-21T21:01:07.477+0000] {processor.py:914} INFO - Processing file /home/usmail/sys_fraud/sys_detection_frauds/lib/python3.12/site-packages/airflow/example_dags/example_branch_datetime_operator.py for tasks to queue
[2025-03-21T21:01:07.479+0000] {logging_mixin.py:190} INFO - [2025-03-21T21:01:07.478+0000] {dagbag.py:588} INFO - Filling up the DagBag from /home/usmail/sys_fraud/sys_detection_frauds/lib/python3.12/site-packages/airflow/example_dags/example_branch_datetime_operator.py
[2025-03-21T21:01:07.486+0000] {processor.py:925} INFO - DAG(s) 'example_branch_datetime_operator', 'example_branch_datetime_operator_3', 'example_branch_datetime_operator_2' retrieved from /home/usmail/sys_fraud/sys_detection_frauds/lib/python3.12/site-packages/airflow/example_dags/example_branch_datetime_operator.py
[2025-03-21T21:01:07.498+0000] {logging_mixin.py:190} INFO - [2025-03-21T21:01:07.498+0000] {dag.py:3239} INFO - Sync 3 DAGs
[2025-03-21T21:01:07.510+0000] {logging_mixin.py:190} INFO - [2025-03-21T21:01:07.510+0000] {dag.py:4180} INFO - Setting next_dagrun for example_branch_datetime_operator to 2025-03-20 00:00:00+00:00, run_after=2025-03-21 00:00:00+00:00
[2025-03-21T21:01:07.513+0000] {logging_mixin.py:190} INFO - [2025-03-21T21:01:07.513+0000] {dag.py:4180} INFO - Setting next_dagrun for example_branch_datetime_operator_2 to 2025-03-20 00:00:00+00:00, run_after=2025-03-21 00:00:00+00:00
[2025-03-21T21:01:07.514+0000] {logging_mixin.py:190} INFO - [2025-03-21T21:01:07.514+0000] {dag.py:4180} INFO - Setting next_dagrun for example_branch_datetime_operator_3 to 2025-03-20 00:00:00+00:00, run_after=2025-03-21 00:00:00+00:00
[2025-03-21T21:01:07.531+0000] {processor.py:208} INFO - Processing /home/usmail/sys_fraud/sys_detection_frauds/lib/python3.12/site-packages/airflow/example_dags/example_branch_datetime_operator.py took 0.066 seconds
[2025-03-21T21:02:26.351+0000] {processor.py:186} INFO - Started process (PID=3732723) to work on /home/usmail/sys_fraud/sys_detection_frauds/lib/python3.12/site-packages/airflow/example_dags/example_branch_datetime_operator.py
[2025-03-21T21:02:26.360+0000] {processor.py:914} INFO - Processing file /home/usmail/sys_fraud/sys_detection_frauds/lib/python3.12/site-packages/airflow/example_dags/example_branch_datetime_operator.py for tasks to queue
[2025-03-21T21:02:26.363+0000] {logging_mixin.py:190} INFO - [2025-03-21T21:02:26.362+0000] {dagbag.py:588} INFO - Filling up the DagBag from /home/usmail/sys_fraud/sys_detection_frauds/lib/python3.12/site-packages/airflow/example_dags/example_branch_datetime_operator.py
[2025-03-21T21:02:26.375+0000] {processor.py:925} INFO - DAG(s) 'example_branch_datetime_operator_3', 'example_branch_datetime_operator_2', 'example_branch_datetime_operator' retrieved from /home/usmail/sys_fraud/sys_detection_frauds/lib/python3.12/site-packages/airflow/example_dags/example_branch_datetime_operator.py
[2025-03-21T21:02:26.386+0000] {logging_mixin.py:190} INFO - [2025-03-21T21:02:26.386+0000] {dag.py:3239} INFO - Sync 3 DAGs
[2025-03-21T21:02:26.398+0000] {logging_mixin.py:190} INFO - [2025-03-21T21:02:26.398+0000] {dag.py:4180} INFO - Setting next_dagrun for example_branch_datetime_operator to 2025-03-20 00:00:00+00:00, run_after=2025-03-21 00:00:00+00:00
[2025-03-21T21:02:26.400+0000] {logging_mixin.py:190} INFO - [2025-03-21T21:02:26.400+0000] {dag.py:4180} INFO - Setting next_dagrun for example_branch_datetime_operator_2 to 2025-03-20 00:00:00+00:00, run_after=2025-03-21 00:00:00+00:00
[2025-03-21T21:02:26.401+0000] {logging_mixin.py:190} INFO - [2025-03-21T21:02:26.401+0000] {dag.py:4180} INFO - Setting next_dagrun for example_branch_datetime_operator_3 to 2025-03-20 00:00:00+00:00, run_after=2025-03-21 00:00:00+00:00
[2025-03-21T21:02:26.422+0000] {processor.py:208} INFO - Processing /home/usmail/sys_fraud/sys_detection_frauds/lib/python3.12/site-packages/airflow/example_dags/example_branch_datetime_operator.py took 0.075 seconds
[2025-03-21T21:03:46.258+0000] {processor.py:186} INFO - Started process (PID=3733758) to work on /home/usmail/sys_fraud/sys_detection_frauds/lib/python3.12/site-packages/airflow/example_dags/example_branch_datetime_operator.py
[2025-03-21T21:03:46.267+0000] {processor.py:914} INFO - Processing file /home/usmail/sys_fraud/sys_detection_frauds/lib/python3.12/site-packages/airflow/example_dags/example_branch_datetime_operator.py for tasks to queue
[2025-03-21T21:03:46.270+0000] {logging_mixin.py:190} INFO - [2025-03-21T21:03:46.269+0000] {dagbag.py:588} INFO - Filling up the DagBag from /home/usmail/sys_fraud/sys_detection_frauds/lib/python3.12/site-packages/airflow/example_dags/example_branch_datetime_operator.py
[2025-03-21T21:03:46.282+0000] {processor.py:925} INFO - DAG(s) 'example_branch_datetime_operator_3', 'example_branch_datetime_operator', 'example_branch_datetime_operator_2' retrieved from /home/usmail/sys_fraud/sys_detection_frauds/lib/python3.12/site-packages/airflow/example_dags/example_branch_datetime_operator.py
[2025-03-21T21:03:46.294+0000] {logging_mixin.py:190} INFO - [2025-03-21T21:03:46.294+0000] {dag.py:3239} INFO - Sync 3 DAGs
[2025-03-21T21:03:46.381+0000] {logging_mixin.py:190} INFO - [2025-03-21T21:03:46.381+0000] {dag.py:4180} INFO - Setting next_dagrun for example_branch_datetime_operator to 2025-03-20 00:00:00+00:00, run_after=2025-03-21 00:00:00+00:00
[2025-03-21T21:03:46.383+0000] {logging_mixin.py:190} INFO - [2025-03-21T21:03:46.383+0000] {dag.py:4180} INFO - Setting next_dagrun for example_branch_datetime_operator_2 to 2025-03-20 00:00:00+00:00, run_after=2025-03-21 00:00:00+00:00
[2025-03-21T21:03:46.384+0000] {logging_mixin.py:190} INFO - [2025-03-21T21:03:46.384+0000] {dag.py:4180} INFO - Setting next_dagrun for example_branch_datetime_operator_3 to 2025-03-20 00:00:00+00:00, run_after=2025-03-21 00:00:00+00:00
[2025-03-21T21:03:46.403+0000] {processor.py:208} INFO - Processing /home/usmail/sys_fraud/sys_detection_frauds/lib/python3.12/site-packages/airflow/example_dags/example_branch_datetime_operator.py took 0.149 seconds
[2025-03-21T21:04:44.376+0000] {processor.py:186} INFO - Started process (PID=3734552) to work on /home/usmail/sys_fraud/sys_detection_frauds/lib/python3.12/site-packages/airflow/example_dags/example_branch_datetime_operator.py
[2025-03-21T21:04:44.385+0000] {processor.py:914} INFO - Processing file /home/usmail/sys_fraud/sys_detection_frauds/lib/python3.12/site-packages/airflow/example_dags/example_branch_datetime_operator.py for tasks to queue
[2025-03-21T21:04:44.388+0000] {logging_mixin.py:190} INFO - [2025-03-21T21:04:44.387+0000] {dagbag.py:588} INFO - Filling up the DagBag from /home/usmail/sys_fraud/sys_detection_frauds/lib/python3.12/site-packages/airflow/example_dags/example_branch_datetime_operator.py
[2025-03-21T21:04:44.400+0000] {processor.py:925} INFO - DAG(s) 'example_branch_datetime_operator', 'example_branch_datetime_operator_2', 'example_branch_datetime_operator_3' retrieved from /home/usmail/sys_fraud/sys_detection_frauds/lib/python3.12/site-packages/airflow/example_dags/example_branch_datetime_operator.py
[2025-03-21T21:04:44.412+0000] {logging_mixin.py:190} INFO - [2025-03-21T21:04:44.411+0000] {dag.py:3239} INFO - Sync 3 DAGs
[2025-03-21T21:04:44.425+0000] {logging_mixin.py:190} INFO - [2025-03-21T21:04:44.425+0000] {dag.py:4180} INFO - Setting next_dagrun for example_branch_datetime_operator to 2025-03-20 00:00:00+00:00, run_after=2025-03-21 00:00:00+00:00
[2025-03-21T21:04:44.428+0000] {logging_mixin.py:190} INFO - [2025-03-21T21:04:44.428+0000] {dag.py:4180} INFO - Setting next_dagrun for example_branch_datetime_operator_2 to 2025-03-20 00:00:00+00:00, run_after=2025-03-21 00:00:00+00:00
[2025-03-21T21:04:44.429+0000] {logging_mixin.py:190} INFO - [2025-03-21T21:04:44.429+0000] {dag.py:4180} INFO - Setting next_dagrun for example_branch_datetime_operator_3 to 2025-03-20 00:00:00+00:00, run_after=2025-03-21 00:00:00+00:00
[2025-03-21T21:04:44.448+0000] {processor.py:208} INFO - Processing /home/usmail/sys_fraud/sys_detection_frauds/lib/python3.12/site-packages/airflow/example_dags/example_branch_datetime_operator.py took 0.083 seconds
[2025-03-21T21:06:04.237+0000] {processor.py:186} INFO - Started process (PID=3735741) to work on /home/usmail/sys_fraud/sys_detection_frauds/lib/python3.12/site-packages/airflow/example_dags/example_branch_datetime_operator.py
[2025-03-21T21:06:04.246+0000] {processor.py:914} INFO - Processing file /home/usmail/sys_fraud/sys_detection_frauds/lib/python3.12/site-packages/airflow/example_dags/example_branch_datetime_operator.py for tasks to queue
[2025-03-21T21:06:04.248+0000] {logging_mixin.py:190} INFO - [2025-03-21T21:06:04.248+0000] {dagbag.py:588} INFO - Filling up the DagBag from /home/usmail/sys_fraud/sys_detection_frauds/lib/python3.12/site-packages/airflow/example_dags/example_branch_datetime_operator.py
[2025-03-21T21:06:04.259+0000] {processor.py:925} INFO - DAG(s) 'example_branch_datetime_operator_3', 'example_branch_datetime_operator_2', 'example_branch_datetime_operator' retrieved from /home/usmail/sys_fraud/sys_detection_frauds/lib/python3.12/site-packages/airflow/example_dags/example_branch_datetime_operator.py
[2025-03-21T21:06:04.274+0000] {logging_mixin.py:190} INFO - [2025-03-21T21:06:04.273+0000] {dag.py:3239} INFO - Sync 3 DAGs
[2025-03-21T21:06:04.289+0000] {logging_mixin.py:190} INFO - [2025-03-21T21:06:04.289+0000] {dag.py:4180} INFO - Setting next_dagrun for example_branch_datetime_operator to 2025-03-20 00:00:00+00:00, run_after=2025-03-21 00:00:00+00:00
[2025-03-21T21:06:04.292+0000] {logging_mixin.py:190} INFO - [2025-03-21T21:06:04.292+0000] {dag.py:4180} INFO - Setting next_dagrun for example_branch_datetime_operator_2 to 2025-03-20 00:00:00+00:00, run_after=2025-03-21 00:00:00+00:00
[2025-03-21T21:06:04.293+0000] {logging_mixin.py:190} INFO - [2025-03-21T21:06:04.293+0000] {dag.py:4180} INFO - Setting next_dagrun for example_branch_datetime_operator_3 to 2025-03-20 00:00:00+00:00, run_after=2025-03-21 00:00:00+00:00
[2025-03-21T21:06:04.306+0000] {processor.py:208} INFO - Processing /home/usmail/sys_fraud/sys_detection_frauds/lib/python3.12/site-packages/airflow/example_dags/example_branch_datetime_operator.py took 0.077 seconds
[2025-03-21T21:07:20.269+0000] {processor.py:186} INFO - Started process (PID=3737329) to work on /home/usmail/sys_fraud/sys_detection_frauds/lib/python3.12/site-packages/airflow/example_dags/example_branch_datetime_operator.py
[2025-03-21T21:07:20.277+0000] {processor.py:914} INFO - Processing file /home/usmail/sys_fraud/sys_detection_frauds/lib/python3.12/site-packages/airflow/example_dags/example_branch_datetime_operator.py for tasks to queue
[2025-03-21T21:07:20.279+0000] {logging_mixin.py:190} INFO - [2025-03-21T21:07:20.279+0000] {dagbag.py:588} INFO - Filling up the DagBag from /home/usmail/sys_fraud/sys_detection_frauds/lib/python3.12/site-packages/airflow/example_dags/example_branch_datetime_operator.py
[2025-03-21T21:07:20.287+0000] {processor.py:925} INFO - DAG(s) 'example_branch_datetime_operator_2', 'example_branch_datetime_operator_3', 'example_branch_datetime_operator' retrieved from /home/usmail/sys_fraud/sys_detection_frauds/lib/python3.12/site-packages/airflow/example_dags/example_branch_datetime_operator.py
[2025-03-21T21:07:20.299+0000] {logging_mixin.py:190} INFO - [2025-03-21T21:07:20.298+0000] {dag.py:3239} INFO - Sync 3 DAGs
[2025-03-21T21:07:20.312+0000] {logging_mixin.py:190} INFO - [2025-03-21T21:07:20.311+0000] {dag.py:4180} INFO - Setting next_dagrun for example_branch_datetime_operator to 2025-03-20 00:00:00+00:00, run_after=2025-03-21 00:00:00+00:00
[2025-03-21T21:07:20.314+0000] {logging_mixin.py:190} INFO - [2025-03-21T21:07:20.314+0000] {dag.py:4180} INFO - Setting next_dagrun for example_branch_datetime_operator_2 to 2025-03-20 00:00:00+00:00, run_after=2025-03-21 00:00:00+00:00
[2025-03-21T21:07:20.315+0000] {logging_mixin.py:190} INFO - [2025-03-21T21:07:20.315+0000] {dag.py:4180} INFO - Setting next_dagrun for example_branch_datetime_operator_3 to 2025-03-20 00:00:00+00:00, run_after=2025-03-21 00:00:00+00:00
[2025-03-21T21:07:20.326+0000] {processor.py:208} INFO - Processing /home/usmail/sys_fraud/sys_detection_frauds/lib/python3.12/site-packages/airflow/example_dags/example_branch_datetime_operator.py took 0.062 seconds
[2025-03-21T21:08:46.652+0000] {processor.py:186} INFO - Started process (PID=3738422) to work on /home/usmail/sys_fraud/sys_detection_frauds/lib/python3.12/site-packages/airflow/example_dags/example_branch_datetime_operator.py
[2025-03-21T21:08:46.661+0000] {processor.py:914} INFO - Processing file /home/usmail/sys_fraud/sys_detection_frauds/lib/python3.12/site-packages/airflow/example_dags/example_branch_datetime_operator.py for tasks to queue
[2025-03-21T21:08:46.664+0000] {logging_mixin.py:190} INFO - [2025-03-21T21:08:46.664+0000] {dagbag.py:588} INFO - Filling up the DagBag from /home/usmail/sys_fraud/sys_detection_frauds/lib/python3.12/site-packages/airflow/example_dags/example_branch_datetime_operator.py
[2025-03-21T21:08:46.687+0000] {processor.py:925} INFO - DAG(s) 'example_branch_datetime_operator', 'example_branch_datetime_operator_3', 'example_branch_datetime_operator_2' retrieved from /home/usmail/sys_fraud/sys_detection_frauds/lib/python3.12/site-packages/airflow/example_dags/example_branch_datetime_operator.py
[2025-03-21T21:08:46.715+0000] {logging_mixin.py:190} INFO - [2025-03-21T21:08:46.715+0000] {dag.py:3239} INFO - Sync 3 DAGs
[2025-03-21T21:08:46.734+0000] {logging_mixin.py:190} INFO - [2025-03-21T21:08:46.734+0000] {dag.py:4180} INFO - Setting next_dagrun for example_branch_datetime_operator to 2025-03-20 00:00:00+00:00, run_after=2025-03-21 00:00:00+00:00
[2025-03-21T21:08:46.738+0000] {logging_mixin.py:190} INFO - [2025-03-21T21:08:46.738+0000] {dag.py:4180} INFO - Setting next_dagrun for example_branch_datetime_operator_2 to 2025-03-20 00:00:00+00:00, run_after=2025-03-21 00:00:00+00:00
[2025-03-21T21:08:46.740+0000] {logging_mixin.py:190} INFO - [2025-03-21T21:08:46.740+0000] {dag.py:4180} INFO - Setting next_dagrun for example_branch_datetime_operator_3 to 2025-03-20 00:00:00+00:00, run_after=2025-03-21 00:00:00+00:00
[2025-03-21T21:08:46.757+0000] {processor.py:208} INFO - Processing /home/usmail/sys_fraud/sys_detection_frauds/lib/python3.12/site-packages/airflow/example_dags/example_branch_datetime_operator.py took 0.120 seconds
[2025-03-21T21:10:09.793+0000] {processor.py:186} INFO - Started process (PID=3739583) to work on /home/usmail/sys_fraud/sys_detection_frauds/lib/python3.12/site-packages/airflow/example_dags/example_branch_datetime_operator.py
[2025-03-21T21:10:09.802+0000] {processor.py:914} INFO - Processing file /home/usmail/sys_fraud/sys_detection_frauds/lib/python3.12/site-packages/airflow/example_dags/example_branch_datetime_operator.py for tasks to queue
[2025-03-21T21:10:09.805+0000] {logging_mixin.py:190} INFO - [2025-03-21T21:10:09.804+0000] {dagbag.py:588} INFO - Filling up the DagBag from /home/usmail/sys_fraud/sys_detection_frauds/lib/python3.12/site-packages/airflow/example_dags/example_branch_datetime_operator.py
[2025-03-21T21:10:09.829+0000] {processor.py:925} INFO - DAG(s) 'example_branch_datetime_operator_3', 'example_branch_datetime_operator_2', 'example_branch_datetime_operator' retrieved from /home/usmail/sys_fraud/sys_detection_frauds/lib/python3.12/site-packages/airflow/example_dags/example_branch_datetime_operator.py
[2025-03-21T21:10:09.858+0000] {logging_mixin.py:190} INFO - [2025-03-21T21:10:09.858+0000] {dag.py:3239} INFO - Sync 3 DAGs
[2025-03-21T21:10:09.878+0000] {logging_mixin.py:190} INFO - [2025-03-21T21:10:09.878+0000] {dag.py:4180} INFO - Setting next_dagrun for example_branch_datetime_operator to 2025-03-20 00:00:00+00:00, run_after=2025-03-21 00:00:00+00:00
[2025-03-21T21:10:09.884+0000] {logging_mixin.py:190} INFO - [2025-03-21T21:10:09.884+0000] {dag.py:4180} INFO - Setting next_dagrun for example_branch_datetime_operator_2 to 2025-03-20 00:00:00+00:00, run_after=2025-03-21 00:00:00+00:00
[2025-03-21T21:10:09.885+0000] {logging_mixin.py:190} INFO - [2025-03-21T21:10:09.885+0000] {dag.py:4180} INFO - Setting next_dagrun for example_branch_datetime_operator_3 to 2025-03-20 00:00:00+00:00, run_after=2025-03-21 00:00:00+00:00
[2025-03-21T21:10:09.902+0000] {processor.py:208} INFO - Processing /home/usmail/sys_fraud/sys_detection_frauds/lib/python3.12/site-packages/airflow/example_dags/example_branch_datetime_operator.py took 0.122 seconds
[2025-03-21T21:11:08.712+0000] {processor.py:186} INFO - Started process (PID=3741297) to work on /home/usmail/sys_fraud/sys_detection_frauds/lib/python3.12/site-packages/airflow/example_dags/example_branch_datetime_operator.py
[2025-03-21T21:11:08.721+0000] {processor.py:914} INFO - Processing file /home/usmail/sys_fraud/sys_detection_frauds/lib/python3.12/site-packages/airflow/example_dags/example_branch_datetime_operator.py for tasks to queue
[2025-03-21T21:11:08.722+0000] {logging_mixin.py:190} INFO - [2025-03-21T21:11:08.722+0000] {dagbag.py:588} INFO - Filling up the DagBag from /home/usmail/sys_fraud/sys_detection_frauds/lib/python3.12/site-packages/airflow/example_dags/example_branch_datetime_operator.py
[2025-03-21T21:11:08.732+0000] {processor.py:925} INFO - DAG(s) 'example_branch_datetime_operator_2', 'example_branch_datetime_operator_3', 'example_branch_datetime_operator' retrieved from /home/usmail/sys_fraud/sys_detection_frauds/lib/python3.12/site-packages/airflow/example_dags/example_branch_datetime_operator.py
[2025-03-21T21:11:08.748+0000] {logging_mixin.py:190} INFO - [2025-03-21T21:11:08.748+0000] {dag.py:3239} INFO - Sync 3 DAGs
[2025-03-21T21:11:08.765+0000] {logging_mixin.py:190} INFO - [2025-03-21T21:11:08.765+0000] {dag.py:4180} INFO - Setting next_dagrun for example_branch_datetime_operator to 2025-03-20 00:00:00+00:00, run_after=2025-03-21 00:00:00+00:00
[2025-03-21T21:11:08.769+0000] {logging_mixin.py:190} INFO - [2025-03-21T21:11:08.768+0000] {dag.py:4180} INFO - Setting next_dagrun for example_branch_datetime_operator_2 to 2025-03-20 00:00:00+00:00, run_after=2025-03-21 00:00:00+00:00
[2025-03-21T21:11:08.770+0000] {logging_mixin.py:190} INFO - [2025-03-21T21:11:08.770+0000] {dag.py:4180} INFO - Setting next_dagrun for example_branch_datetime_operator_3 to 2025-03-20 00:00:00+00:00, run_after=2025-03-21 00:00:00+00:00
[2025-03-21T21:11:08.786+0000] {processor.py:208} INFO - Processing /home/usmail/sys_fraud/sys_detection_frauds/lib/python3.12/site-packages/airflow/example_dags/example_branch_datetime_operator.py took 0.080 seconds
[2025-03-21T21:12:30.412+0000] {processor.py:186} INFO - Started process (PID=3742895) to work on /home/usmail/sys_fraud/sys_detection_frauds/lib/python3.12/site-packages/airflow/example_dags/example_branch_datetime_operator.py
[2025-03-21T21:12:30.421+0000] {processor.py:914} INFO - Processing file /home/usmail/sys_fraud/sys_detection_frauds/lib/python3.12/site-packages/airflow/example_dags/example_branch_datetime_operator.py for tasks to queue
[2025-03-21T21:12:30.422+0000] {logging_mixin.py:190} INFO - [2025-03-21T21:12:30.422+0000] {dagbag.py:588} INFO - Filling up the DagBag from /home/usmail/sys_fraud/sys_detection_frauds/lib/python3.12/site-packages/airflow/example_dags/example_branch_datetime_operator.py
[2025-03-21T21:12:30.432+0000] {processor.py:925} INFO - DAG(s) 'example_branch_datetime_operator', 'example_branch_datetime_operator_3', 'example_branch_datetime_operator_2' retrieved from /home/usmail/sys_fraud/sys_detection_frauds/lib/python3.12/site-packages/airflow/example_dags/example_branch_datetime_operator.py
[2025-03-21T21:12:30.447+0000] {logging_mixin.py:190} INFO - [2025-03-21T21:12:30.446+0000] {dag.py:3239} INFO - Sync 3 DAGs
[2025-03-21T21:12:30.463+0000] {logging_mixin.py:190} INFO - [2025-03-21T21:12:30.463+0000] {dag.py:4180} INFO - Setting next_dagrun for example_branch_datetime_operator to 2025-03-20 00:00:00+00:00, run_after=2025-03-21 00:00:00+00:00
[2025-03-21T21:12:30.466+0000] {logging_mixin.py:190} INFO - [2025-03-21T21:12:30.466+0000] {dag.py:4180} INFO - Setting next_dagrun for example_branch_datetime_operator_2 to 2025-03-20 00:00:00+00:00, run_after=2025-03-21 00:00:00+00:00
[2025-03-21T21:12:30.468+0000] {logging_mixin.py:190} INFO - [2025-03-21T21:12:30.468+0000] {dag.py:4180} INFO - Setting next_dagrun for example_branch_datetime_operator_3 to 2025-03-20 00:00:00+00:00, run_after=2025-03-21 00:00:00+00:00
[2025-03-21T21:12:30.481+0000] {processor.py:208} INFO - Processing /home/usmail/sys_fraud/sys_detection_frauds/lib/python3.12/site-packages/airflow/example_dags/example_branch_datetime_operator.py took 0.076 seconds
[2025-03-21T21:13:48.072+0000] {processor.py:186} INFO - Started process (PID=3744288) to work on /home/usmail/sys_fraud/sys_detection_frauds/lib/python3.12/site-packages/airflow/example_dags/example_branch_datetime_operator.py
[2025-03-21T21:13:48.081+0000] {processor.py:914} INFO - Processing file /home/usmail/sys_fraud/sys_detection_frauds/lib/python3.12/site-packages/airflow/example_dags/example_branch_datetime_operator.py for tasks to queue
[2025-03-21T21:13:48.082+0000] {logging_mixin.py:190} INFO - [2025-03-21T21:13:48.082+0000] {dagbag.py:588} INFO - Filling up the DagBag from /home/usmail/sys_fraud/sys_detection_frauds/lib/python3.12/site-packages/airflow/example_dags/example_branch_datetime_operator.py
[2025-03-21T21:13:48.092+0000] {processor.py:925} INFO - DAG(s) 'example_branch_datetime_operator_3', 'example_branch_datetime_operator', 'example_branch_datetime_operator_2' retrieved from /home/usmail/sys_fraud/sys_detection_frauds/lib/python3.12/site-packages/airflow/example_dags/example_branch_datetime_operator.py
[2025-03-21T21:13:48.108+0000] {logging_mixin.py:190} INFO - [2025-03-21T21:13:48.107+0000] {dag.py:3239} INFO - Sync 3 DAGs
[2025-03-21T21:13:48.125+0000] {logging_mixin.py:190} INFO - [2025-03-21T21:13:48.125+0000] {dag.py:4180} INFO - Setting next_dagrun for example_branch_datetime_operator to 2025-03-20 00:00:00+00:00, run_after=2025-03-21 00:00:00+00:00
[2025-03-21T21:13:48.128+0000] {logging_mixin.py:190} INFO - [2025-03-21T21:13:48.128+0000] {dag.py:4180} INFO - Setting next_dagrun for example_branch_datetime_operator_2 to 2025-03-20 00:00:00+00:00, run_after=2025-03-21 00:00:00+00:00
[2025-03-21T21:13:48.130+0000] {logging_mixin.py:190} INFO - [2025-03-21T21:13:48.130+0000] {dag.py:4180} INFO - Setting next_dagrun for example_branch_datetime_operator_3 to 2025-03-20 00:00:00+00:00, run_after=2025-03-21 00:00:00+00:00
[2025-03-21T21:13:48.159+0000] {processor.py:208} INFO - Processing /home/usmail/sys_fraud/sys_detection_frauds/lib/python3.12/site-packages/airflow/example_dags/example_branch_datetime_operator.py took 0.092 seconds
[2025-03-21T21:15:14.998+0000] {processor.py:186} INFO - Started process (PID=3745453) to work on /home/usmail/sys_fraud/sys_detection_frauds/lib/python3.12/site-packages/airflow/example_dags/example_branch_datetime_operator.py
[2025-03-21T21:15:15.007+0000] {processor.py:914} INFO - Processing file /home/usmail/sys_fraud/sys_detection_frauds/lib/python3.12/site-packages/airflow/example_dags/example_branch_datetime_operator.py for tasks to queue
[2025-03-21T21:15:15.011+0000] {logging_mixin.py:190} INFO - [2025-03-21T21:15:15.010+0000] {dagbag.py:588} INFO - Filling up the DagBag from /home/usmail/sys_fraud/sys_detection_frauds/lib/python3.12/site-packages/airflow/example_dags/example_branch_datetime_operator.py
[2025-03-21T21:15:15.030+0000] {processor.py:925} INFO - DAG(s) 'example_branch_datetime_operator_2', 'example_branch_datetime_operator', 'example_branch_datetime_operator_3' retrieved from /home/usmail/sys_fraud/sys_detection_frauds/lib/python3.12/site-packages/airflow/example_dags/example_branch_datetime_operator.py
[2025-03-21T21:15:15.060+0000] {logging_mixin.py:190} INFO - [2025-03-21T21:15:15.060+0000] {dag.py:3239} INFO - Sync 3 DAGs
[2025-03-21T21:15:15.079+0000] {logging_mixin.py:190} INFO - [2025-03-21T21:15:15.079+0000] {dag.py:4180} INFO - Setting next_dagrun for example_branch_datetime_operator to 2025-03-20 00:00:00+00:00, run_after=2025-03-21 00:00:00+00:00
[2025-03-21T21:15:15.082+0000] {logging_mixin.py:190} INFO - [2025-03-21T21:15:15.082+0000] {dag.py:4180} INFO - Setting next_dagrun for example_branch_datetime_operator_2 to 2025-03-20 00:00:00+00:00, run_after=2025-03-21 00:00:00+00:00
[2025-03-21T21:15:15.084+0000] {logging_mixin.py:190} INFO - [2025-03-21T21:15:15.084+0000] {dag.py:4180} INFO - Setting next_dagrun for example_branch_datetime_operator_3 to 2025-03-20 00:00:00+00:00, run_after=2025-03-21 00:00:00+00:00
[2025-03-21T21:15:15.097+0000] {processor.py:208} INFO - Processing /home/usmail/sys_fraud/sys_detection_frauds/lib/python3.12/site-packages/airflow/example_dags/example_branch_datetime_operator.py took 0.111 seconds
[2025-03-21T21:16:14.323+0000] {processor.py:186} INFO - Started process (PID=3746196) to work on /home/usmail/sys_fraud/sys_detection_frauds/lib/python3.12/site-packages/airflow/example_dags/example_branch_datetime_operator.py
[2025-03-21T21:16:14.332+0000] {processor.py:914} INFO - Processing file /home/usmail/sys_fraud/sys_detection_frauds/lib/python3.12/site-packages/airflow/example_dags/example_branch_datetime_operator.py for tasks to queue
[2025-03-21T21:16:14.335+0000] {logging_mixin.py:190} INFO - [2025-03-21T21:16:14.335+0000] {dagbag.py:588} INFO - Filling up the DagBag from /home/usmail/sys_fraud/sys_detection_frauds/lib/python3.12/site-packages/airflow/example_dags/example_branch_datetime_operator.py
[2025-03-21T21:16:14.355+0000] {processor.py:925} INFO - DAG(s) 'example_branch_datetime_operator_2', 'example_branch_datetime_operator_3', 'example_branch_datetime_operator' retrieved from /home/usmail/sys_fraud/sys_detection_frauds/lib/python3.12/site-packages/airflow/example_dags/example_branch_datetime_operator.py
[2025-03-21T21:16:14.385+0000] {logging_mixin.py:190} INFO - [2025-03-21T21:16:14.384+0000] {dag.py:3239} INFO - Sync 3 DAGs
[2025-03-21T21:16:14.404+0000] {logging_mixin.py:190} INFO - [2025-03-21T21:16:14.404+0000] {dag.py:4180} INFO - Setting next_dagrun for example_branch_datetime_operator to 2025-03-20 00:00:00+00:00, run_after=2025-03-21 00:00:00+00:00
[2025-03-21T21:16:14.408+0000] {logging_mixin.py:190} INFO - [2025-03-21T21:16:14.408+0000] {dag.py:4180} INFO - Setting next_dagrun for example_branch_datetime_operator_2 to 2025-03-20 00:00:00+00:00, run_after=2025-03-21 00:00:00+00:00
[2025-03-21T21:16:14.410+0000] {logging_mixin.py:190} INFO - [2025-03-21T21:16:14.409+0000] {dag.py:4180} INFO - Setting next_dagrun for example_branch_datetime_operator_3 to 2025-03-20 00:00:00+00:00, run_after=2025-03-21 00:00:00+00:00
[2025-03-21T21:16:14.439+0000] {processor.py:208} INFO - Processing /home/usmail/sys_fraud/sys_detection_frauds/lib/python3.12/site-packages/airflow/example_dags/example_branch_datetime_operator.py took 0.129 seconds
[2025-03-21T21:17:17.521+0000] {processor.py:186} INFO - Started process (PID=3746980) to work on /home/usmail/sys_fraud/sys_detection_frauds/lib/python3.12/site-packages/airflow/example_dags/example_branch_datetime_operator.py
[2025-03-21T21:17:17.531+0000] {processor.py:914} INFO - Processing file /home/usmail/sys_fraud/sys_detection_frauds/lib/python3.12/site-packages/airflow/example_dags/example_branch_datetime_operator.py for tasks to queue
[2025-03-21T21:17:17.534+0000] {logging_mixin.py:190} INFO - [2025-03-21T21:17:17.534+0000] {dagbag.py:588} INFO - Filling up the DagBag from /home/usmail/sys_fraud/sys_detection_frauds/lib/python3.12/site-packages/airflow/example_dags/example_branch_datetime_operator.py
[2025-03-21T21:17:17.556+0000] {processor.py:925} INFO - DAG(s) 'example_branch_datetime_operator', 'example_branch_datetime_operator_3', 'example_branch_datetime_operator_2' retrieved from /home/usmail/sys_fraud/sys_detection_frauds/lib/python3.12/site-packages/airflow/example_dags/example_branch_datetime_operator.py
[2025-03-21T21:17:17.585+0000] {logging_mixin.py:190} INFO - [2025-03-21T21:17:17.585+0000] {dag.py:3239} INFO - Sync 3 DAGs
[2025-03-21T21:17:17.604+0000] {logging_mixin.py:190} INFO - [2025-03-21T21:17:17.604+0000] {dag.py:4180} INFO - Setting next_dagrun for example_branch_datetime_operator to 2025-03-20 00:00:00+00:00, run_after=2025-03-21 00:00:00+00:00
[2025-03-21T21:17:17.608+0000] {logging_mixin.py:190} INFO - [2025-03-21T21:17:17.608+0000] {dag.py:4180} INFO - Setting next_dagrun for example_branch_datetime_operator_2 to 2025-03-20 00:00:00+00:00, run_after=2025-03-21 00:00:00+00:00
[2025-03-21T21:17:17.610+0000] {logging_mixin.py:190} INFO - [2025-03-21T21:17:17.609+0000] {dag.py:4180} INFO - Setting next_dagrun for example_branch_datetime_operator_3 to 2025-03-20 00:00:00+00:00, run_after=2025-03-21 00:00:00+00:00
[2025-03-21T21:17:17.624+0000] {processor.py:208} INFO - Processing /home/usmail/sys_fraud/sys_detection_frauds/lib/python3.12/site-packages/airflow/example_dags/example_branch_datetime_operator.py took 0.114 seconds
[2025-03-21T21:18:20.789+0000] {processor.py:186} INFO - Started process (PID=3747775) to work on /home/usmail/sys_fraud/sys_detection_frauds/lib/python3.12/site-packages/airflow/example_dags/example_branch_datetime_operator.py
[2025-03-21T21:18:20.798+0000] {processor.py:914} INFO - Processing file /home/usmail/sys_fraud/sys_detection_frauds/lib/python3.12/site-packages/airflow/example_dags/example_branch_datetime_operator.py for tasks to queue
[2025-03-21T21:18:20.802+0000] {logging_mixin.py:190} INFO - [2025-03-21T21:18:20.801+0000] {dagbag.py:588} INFO - Filling up the DagBag from /home/usmail/sys_fraud/sys_detection_frauds/lib/python3.12/site-packages/airflow/example_dags/example_branch_datetime_operator.py
[2025-03-21T21:18:20.822+0000] {processor.py:925} INFO - DAG(s) 'example_branch_datetime_operator_3', 'example_branch_datetime_operator_2', 'example_branch_datetime_operator' retrieved from /home/usmail/sys_fraud/sys_detection_frauds/lib/python3.12/site-packages/airflow/example_dags/example_branch_datetime_operator.py
[2025-03-21T21:18:20.852+0000] {logging_mixin.py:190} INFO - [2025-03-21T21:18:20.852+0000] {dag.py:3239} INFO - Sync 3 DAGs
[2025-03-21T21:18:20.872+0000] {logging_mixin.py:190} INFO - [2025-03-21T21:18:20.872+0000] {dag.py:4180} INFO - Setting next_dagrun for example_branch_datetime_operator to 2025-03-20 00:00:00+00:00, run_after=2025-03-21 00:00:00+00:00
[2025-03-21T21:18:20.876+0000] {logging_mixin.py:190} INFO - [2025-03-21T21:18:20.876+0000] {dag.py:4180} INFO - Setting next_dagrun for example_branch_datetime_operator_2 to 2025-03-20 00:00:00+00:00, run_after=2025-03-21 00:00:00+00:00
[2025-03-21T21:18:20.878+0000] {logging_mixin.py:190} INFO - [2025-03-21T21:18:20.878+0000] {dag.py:4180} INFO - Setting next_dagrun for example_branch_datetime_operator_3 to 2025-03-20 00:00:00+00:00, run_after=2025-03-21 00:00:00+00:00
[2025-03-21T21:18:20.901+0000] {processor.py:208} INFO - Processing /home/usmail/sys_fraud/sys_detection_frauds/lib/python3.12/site-packages/airflow/example_dags/example_branch_datetime_operator.py took 0.125 seconds
[2025-03-21T21:19:25.486+0000] {processor.py:186} INFO - Started process (PID=3748553) to work on /home/usmail/sys_fraud/sys_detection_frauds/lib/python3.12/site-packages/airflow/example_dags/example_branch_datetime_operator.py
[2025-03-21T21:19:25.495+0000] {processor.py:914} INFO - Processing file /home/usmail/sys_fraud/sys_detection_frauds/lib/python3.12/site-packages/airflow/example_dags/example_branch_datetime_operator.py for tasks to queue
[2025-03-21T21:19:25.498+0000] {logging_mixin.py:190} INFO - [2025-03-21T21:19:25.497+0000] {dagbag.py:588} INFO - Filling up the DagBag from /home/usmail/sys_fraud/sys_detection_frauds/lib/python3.12/site-packages/airflow/example_dags/example_branch_datetime_operator.py
[2025-03-21T21:19:25.517+0000] {processor.py:925} INFO - DAG(s) 'example_branch_datetime_operator_2', 'example_branch_datetime_operator', 'example_branch_datetime_operator_3' retrieved from /home/usmail/sys_fraud/sys_detection_frauds/lib/python3.12/site-packages/airflow/example_dags/example_branch_datetime_operator.py
[2025-03-21T21:19:25.547+0000] {logging_mixin.py:190} INFO - [2025-03-21T21:19:25.547+0000] {dag.py:3239} INFO - Sync 3 DAGs
[2025-03-21T21:19:25.566+0000] {logging_mixin.py:190} INFO - [2025-03-21T21:19:25.566+0000] {dag.py:4180} INFO - Setting next_dagrun for example_branch_datetime_operator to 2025-03-20 00:00:00+00:00, run_after=2025-03-21 00:00:00+00:00
[2025-03-21T21:19:25.569+0000] {logging_mixin.py:190} INFO - [2025-03-21T21:19:25.569+0000] {dag.py:4180} INFO - Setting next_dagrun for example_branch_datetime_operator_2 to 2025-03-20 00:00:00+00:00, run_after=2025-03-21 00:00:00+00:00
[2025-03-21T21:19:25.571+0000] {logging_mixin.py:190} INFO - [2025-03-21T21:19:25.571+0000] {dag.py:4180} INFO - Setting next_dagrun for example_branch_datetime_operator_3 to 2025-03-20 00:00:00+00:00, run_after=2025-03-21 00:00:00+00:00
[2025-03-21T21:19:25.584+0000] {processor.py:208} INFO - Processing /home/usmail/sys_fraud/sys_detection_frauds/lib/python3.12/site-packages/airflow/example_dags/example_branch_datetime_operator.py took 0.110 seconds
[2025-03-21T21:20:29.379+0000] {processor.py:186} INFO - Started process (PID=3749331) to work on /home/usmail/sys_fraud/sys_detection_frauds/lib/python3.12/site-packages/airflow/example_dags/example_branch_datetime_operator.py
[2025-03-21T21:20:29.388+0000] {processor.py:914} INFO - Processing file /home/usmail/sys_fraud/sys_detection_frauds/lib/python3.12/site-packages/airflow/example_dags/example_branch_datetime_operator.py for tasks to queue
[2025-03-21T21:20:29.391+0000] {logging_mixin.py:190} INFO - [2025-03-21T21:20:29.390+0000] {dagbag.py:588} INFO - Filling up the DagBag from /home/usmail/sys_fraud/sys_detection_frauds/lib/python3.12/site-packages/airflow/example_dags/example_branch_datetime_operator.py
[2025-03-21T21:20:29.413+0000] {processor.py:925} INFO - DAG(s) 'example_branch_datetime_operator_3', 'example_branch_datetime_operator', 'example_branch_datetime_operator_2' retrieved from /home/usmail/sys_fraud/sys_detection_frauds/lib/python3.12/site-packages/airflow/example_dags/example_branch_datetime_operator.py
[2025-03-21T21:20:29.444+0000] {logging_mixin.py:190} INFO - [2025-03-21T21:20:29.444+0000] {dag.py:3239} INFO - Sync 3 DAGs
[2025-03-21T21:20:29.462+0000] {logging_mixin.py:190} INFO - [2025-03-21T21:20:29.462+0000] {dag.py:4180} INFO - Setting next_dagrun for example_branch_datetime_operator to 2025-03-20 00:00:00+00:00, run_after=2025-03-21 00:00:00+00:00
[2025-03-21T21:20:29.466+0000] {logging_mixin.py:190} INFO - [2025-03-21T21:20:29.466+0000] {dag.py:4180} INFO - Setting next_dagrun for example_branch_datetime_operator_2 to 2025-03-20 00:00:00+00:00, run_after=2025-03-21 00:00:00+00:00
[2025-03-21T21:20:29.468+0000] {logging_mixin.py:190} INFO - [2025-03-21T21:20:29.467+0000] {dag.py:4180} INFO - Setting next_dagrun for example_branch_datetime_operator_3 to 2025-03-20 00:00:00+00:00, run_after=2025-03-21 00:00:00+00:00
[2025-03-21T21:20:29.482+0000] {processor.py:208} INFO - Processing /home/usmail/sys_fraud/sys_detection_frauds/lib/python3.12/site-packages/airflow/example_dags/example_branch_datetime_operator.py took 0.115 seconds
[2025-03-21T21:21:32.961+0000] {processor.py:186} INFO - Started process (PID=3750110) to work on /home/usmail/sys_fraud/sys_detection_frauds/lib/python3.12/site-packages/airflow/example_dags/example_branch_datetime_operator.py
[2025-03-21T21:21:32.970+0000] {processor.py:914} INFO - Processing file /home/usmail/sys_fraud/sys_detection_frauds/lib/python3.12/site-packages/airflow/example_dags/example_branch_datetime_operator.py for tasks to queue
[2025-03-21T21:21:32.973+0000] {logging_mixin.py:190} INFO - [2025-03-21T21:21:32.972+0000] {dagbag.py:588} INFO - Filling up the DagBag from /home/usmail/sys_fraud/sys_detection_frauds/lib/python3.12/site-packages/airflow/example_dags/example_branch_datetime_operator.py
[2025-03-21T21:21:32.987+0000] {processor.py:925} INFO - DAG(s) 'example_branch_datetime_operator_2', 'example_branch_datetime_operator', 'example_branch_datetime_operator_3' retrieved from /home/usmail/sys_fraud/sys_detection_frauds/lib/python3.12/site-packages/airflow/example_dags/example_branch_datetime_operator.py
[2025-03-21T21:21:33.006+0000] {logging_mixin.py:190} INFO - [2025-03-21T21:21:33.006+0000] {dag.py:3239} INFO - Sync 3 DAGs
[2025-03-21T21:21:33.026+0000] {logging_mixin.py:190} INFO - [2025-03-21T21:21:33.026+0000] {dag.py:4180} INFO - Setting next_dagrun for example_branch_datetime_operator to 2025-03-20 00:00:00+00:00, run_after=2025-03-21 00:00:00+00:00
[2025-03-21T21:21:33.030+0000] {logging_mixin.py:190} INFO - [2025-03-21T21:21:33.030+0000] {dag.py:4180} INFO - Setting next_dagrun for example_branch_datetime_operator_2 to 2025-03-20 00:00:00+00:00, run_after=2025-03-21 00:00:00+00:00
[2025-03-21T21:21:33.031+0000] {logging_mixin.py:190} INFO - [2025-03-21T21:21:33.031+0000] {dag.py:4180} INFO - Setting next_dagrun for example_branch_datetime_operator_3 to 2025-03-20 00:00:00+00:00, run_after=2025-03-21 00:00:00+00:00
[2025-03-21T21:21:33.056+0000] {processor.py:208} INFO - Processing /home/usmail/sys_fraud/sys_detection_frauds/lib/python3.12/site-packages/airflow/example_dags/example_branch_datetime_operator.py took 0.107 seconds
[2025-03-21T21:22:40.500+0000] {processor.py:186} INFO - Started process (PID=3750952) to work on /home/usmail/sys_fraud/sys_detection_frauds/lib/python3.12/site-packages/airflow/example_dags/example_branch_datetime_operator.py
[2025-03-21T21:22:40.509+0000] {processor.py:914} INFO - Processing file /home/usmail/sys_fraud/sys_detection_frauds/lib/python3.12/site-packages/airflow/example_dags/example_branch_datetime_operator.py for tasks to queue
[2025-03-21T21:22:40.511+0000] {logging_mixin.py:190} INFO - [2025-03-21T21:22:40.511+0000] {dagbag.py:588} INFO - Filling up the DagBag from /home/usmail/sys_fraud/sys_detection_frauds/lib/python3.12/site-packages/airflow/example_dags/example_branch_datetime_operator.py
[2025-03-21T21:22:40.521+0000] {processor.py:925} INFO - DAG(s) 'example_branch_datetime_operator', 'example_branch_datetime_operator_3', 'example_branch_datetime_operator_2' retrieved from /home/usmail/sys_fraud/sys_detection_frauds/lib/python3.12/site-packages/airflow/example_dags/example_branch_datetime_operator.py
[2025-03-21T21:22:40.536+0000] {logging_mixin.py:190} INFO - [2025-03-21T21:22:40.536+0000] {dag.py:3239} INFO - Sync 3 DAGs
[2025-03-21T21:22:40.553+0000] {logging_mixin.py:190} INFO - [2025-03-21T21:22:40.553+0000] {dag.py:4180} INFO - Setting next_dagrun for example_branch_datetime_operator to 2025-03-20 00:00:00+00:00, run_after=2025-03-21 00:00:00+00:00
[2025-03-21T21:22:40.557+0000] {logging_mixin.py:190} INFO - [2025-03-21T21:22:40.557+0000] {dag.py:4180} INFO - Setting next_dagrun for example_branch_datetime_operator_2 to 2025-03-20 00:00:00+00:00, run_after=2025-03-21 00:00:00+00:00
[2025-03-21T21:22:40.559+0000] {logging_mixin.py:190} INFO - [2025-03-21T21:22:40.559+0000] {dag.py:4180} INFO - Setting next_dagrun for example_branch_datetime_operator_3 to 2025-03-20 00:00:00+00:00, run_after=2025-03-21 00:00:00+00:00
[2025-03-21T21:22:40.575+0000] {processor.py:208} INFO - Processing /home/usmail/sys_fraud/sys_detection_frauds/lib/python3.12/site-packages/airflow/example_dags/example_branch_datetime_operator.py took 0.081 seconds
[2025-03-21T21:23:44.020+0000] {processor.py:186} INFO - Started process (PID=3751739) to work on /home/usmail/sys_fraud/sys_detection_frauds/lib/python3.12/site-packages/airflow/example_dags/example_branch_datetime_operator.py
[2025-03-21T21:23:44.029+0000] {processor.py:914} INFO - Processing file /home/usmail/sys_fraud/sys_detection_frauds/lib/python3.12/site-packages/airflow/example_dags/example_branch_datetime_operator.py for tasks to queue
[2025-03-21T21:23:44.032+0000] {logging_mixin.py:190} INFO - [2025-03-21T21:23:44.032+0000] {dagbag.py:588} INFO - Filling up the DagBag from /home/usmail/sys_fraud/sys_detection_frauds/lib/python3.12/site-packages/airflow/example_dags/example_branch_datetime_operator.py
[2025-03-21T21:23:44.052+0000] {processor.py:925} INFO - DAG(s) 'example_branch_datetime_operator_2', 'example_branch_datetime_operator', 'example_branch_datetime_operator_3' retrieved from /home/usmail/sys_fraud/sys_detection_frauds/lib/python3.12/site-packages/airflow/example_dags/example_branch_datetime_operator.py
[2025-03-21T21:23:44.083+0000] {logging_mixin.py:190} INFO - [2025-03-21T21:23:44.083+0000] {dag.py:3239} INFO - Sync 3 DAGs
[2025-03-21T21:23:44.102+0000] {logging_mixin.py:190} INFO - [2025-03-21T21:23:44.102+0000] {dag.py:4180} INFO - Setting next_dagrun for example_branch_datetime_operator to 2025-03-20 00:00:00+00:00, run_after=2025-03-21 00:00:00+00:00
[2025-03-21T21:23:44.106+0000] {logging_mixin.py:190} INFO - [2025-03-21T21:23:44.106+0000] {dag.py:4180} INFO - Setting next_dagrun for example_branch_datetime_operator_2 to 2025-03-20 00:00:00+00:00, run_after=2025-03-21 00:00:00+00:00
[2025-03-21T21:23:44.107+0000] {logging_mixin.py:190} INFO - [2025-03-21T21:23:44.107+0000] {dag.py:4180} INFO - Setting next_dagrun for example_branch_datetime_operator_3 to 2025-03-20 00:00:00+00:00, run_after=2025-03-21 00:00:00+00:00
[2025-03-21T21:23:44.128+0000] {processor.py:208} INFO - Processing /home/usmail/sys_fraud/sys_detection_frauds/lib/python3.12/site-packages/airflow/example_dags/example_branch_datetime_operator.py took 0.120 seconds
[2025-03-21T21:24:46.266+0000] {processor.py:186} INFO - Started process (PID=3752386) to work on /home/usmail/sys_fraud/sys_detection_frauds/lib/python3.12/site-packages/airflow/example_dags/example_branch_datetime_operator.py
[2025-03-21T21:24:46.275+0000] {processor.py:914} INFO - Processing file /home/usmail/sys_fraud/sys_detection_frauds/lib/python3.12/site-packages/airflow/example_dags/example_branch_datetime_operator.py for tasks to queue
[2025-03-21T21:24:46.279+0000] {logging_mixin.py:190} INFO - [2025-03-21T21:24:46.278+0000] {dagbag.py:588} INFO - Filling up the DagBag from /home/usmail/sys_fraud/sys_detection_frauds/lib/python3.12/site-packages/airflow/example_dags/example_branch_datetime_operator.py
[2025-03-21T21:24:46.299+0000] {processor.py:925} INFO - DAG(s) 'example_branch_datetime_operator_3', 'example_branch_datetime_operator_2', 'example_branch_datetime_operator' retrieved from /home/usmail/sys_fraud/sys_detection_frauds/lib/python3.12/site-packages/airflow/example_dags/example_branch_datetime_operator.py
[2025-03-21T21:24:46.329+0000] {logging_mixin.py:190} INFO - [2025-03-21T21:24:46.329+0000] {dag.py:3239} INFO - Sync 3 DAGs
[2025-03-21T21:24:46.350+0000] {logging_mixin.py:190} INFO - [2025-03-21T21:24:46.349+0000] {dag.py:4180} INFO - Setting next_dagrun for example_branch_datetime_operator to 2025-03-20 00:00:00+00:00, run_after=2025-03-21 00:00:00+00:00
[2025-03-21T21:24:46.353+0000] {logging_mixin.py:190} INFO - [2025-03-21T21:24:46.353+0000] {dag.py:4180} INFO - Setting next_dagrun for example_branch_datetime_operator_2 to 2025-03-20 00:00:00+00:00, run_after=2025-03-21 00:00:00+00:00
[2025-03-21T21:24:46.355+0000] {logging_mixin.py:190} INFO - [2025-03-21T21:24:46.355+0000] {dag.py:4180} INFO - Setting next_dagrun for example_branch_datetime_operator_3 to 2025-03-20 00:00:00+00:00, run_after=2025-03-21 00:00:00+00:00
[2025-03-21T21:24:46.373+0000] {processor.py:208} INFO - Processing /home/usmail/sys_fraud/sys_detection_frauds/lib/python3.12/site-packages/airflow/example_dags/example_branch_datetime_operator.py took 0.120 seconds
[2025-03-21T21:25:50.227+0000] {processor.py:186} INFO - Started process (PID=3753087) to work on /home/usmail/sys_fraud/sys_detection_frauds/lib/python3.12/site-packages/airflow/example_dags/example_branch_datetime_operator.py
[2025-03-21T21:25:50.236+0000] {processor.py:914} INFO - Processing file /home/usmail/sys_fraud/sys_detection_frauds/lib/python3.12/site-packages/airflow/example_dags/example_branch_datetime_operator.py for tasks to queue
[2025-03-21T21:25:50.239+0000] {logging_mixin.py:190} INFO - [2025-03-21T21:25:50.238+0000] {dagbag.py:588} INFO - Filling up the DagBag from /home/usmail/sys_fraud/sys_detection_frauds/lib/python3.12/site-packages/airflow/example_dags/example_branch_datetime_operator.py
[2025-03-21T21:25:50.259+0000] {processor.py:925} INFO - DAG(s) 'example_branch_datetime_operator_2', 'example_branch_datetime_operator', 'example_branch_datetime_operator_3' retrieved from /home/usmail/sys_fraud/sys_detection_frauds/lib/python3.12/site-packages/airflow/example_dags/example_branch_datetime_operator.py
[2025-03-21T21:25:50.288+0000] {logging_mixin.py:190} INFO - [2025-03-21T21:25:50.288+0000] {dag.py:3239} INFO - Sync 3 DAGs
[2025-03-21T21:25:50.307+0000] {logging_mixin.py:190} INFO - [2025-03-21T21:25:50.307+0000] {dag.py:4180} INFO - Setting next_dagrun for example_branch_datetime_operator to 2025-03-20 00:00:00+00:00, run_after=2025-03-21 00:00:00+00:00
[2025-03-21T21:25:50.310+0000] {logging_mixin.py:190} INFO - [2025-03-21T21:25:50.310+0000] {dag.py:4180} INFO - Setting next_dagrun for example_branch_datetime_operator_2 to 2025-03-20 00:00:00+00:00, run_after=2025-03-21 00:00:00+00:00
[2025-03-21T21:25:50.312+0000] {logging_mixin.py:190} INFO - [2025-03-21T21:25:50.312+0000] {dag.py:4180} INFO - Setting next_dagrun for example_branch_datetime_operator_3 to 2025-03-20 00:00:00+00:00, run_after=2025-03-21 00:00:00+00:00
[2025-03-21T21:25:50.330+0000] {processor.py:208} INFO - Processing /home/usmail/sys_fraud/sys_detection_frauds/lib/python3.12/site-packages/airflow/example_dags/example_branch_datetime_operator.py took 0.116 seconds
[2025-03-21T21:26:53.060+0000] {processor.py:186} INFO - Started process (PID=3753740) to work on /home/usmail/sys_fraud/sys_detection_frauds/lib/python3.12/site-packages/airflow/example_dags/example_branch_datetime_operator.py
[2025-03-21T21:26:53.062+0000] {processor.py:914} INFO - Processing file /home/usmail/sys_fraud/sys_detection_frauds/lib/python3.12/site-packages/airflow/example_dags/example_branch_datetime_operator.py for tasks to queue
[2025-03-21T21:26:53.065+0000] {logging_mixin.py:190} INFO - [2025-03-21T21:26:53.065+0000] {dagbag.py:588} INFO - Filling up the DagBag from /home/usmail/sys_fraud/sys_detection_frauds/lib/python3.12/site-packages/airflow/example_dags/example_branch_datetime_operator.py
[2025-03-21T21:26:53.086+0000] {processor.py:925} INFO - DAG(s) 'example_branch_datetime_operator', 'example_branch_datetime_operator_3', 'example_branch_datetime_operator_2' retrieved from /home/usmail/sys_fraud/sys_detection_frauds/lib/python3.12/site-packages/airflow/example_dags/example_branch_datetime_operator.py
[2025-03-21T21:26:53.114+0000] {logging_mixin.py:190} INFO - [2025-03-21T21:26:53.114+0000] {dag.py:3239} INFO - Sync 3 DAGs
[2025-03-21T21:26:53.133+0000] {logging_mixin.py:190} INFO - [2025-03-21T21:26:53.133+0000] {dag.py:4180} INFO - Setting next_dagrun for example_branch_datetime_operator to 2025-03-20 00:00:00+00:00, run_after=2025-03-21 00:00:00+00:00
[2025-03-21T21:26:53.137+0000] {logging_mixin.py:190} INFO - [2025-03-21T21:26:53.137+0000] {dag.py:4180} INFO - Setting next_dagrun for example_branch_datetime_operator_2 to 2025-03-20 00:00:00+00:00, run_after=2025-03-21 00:00:00+00:00
[2025-03-21T21:26:53.139+0000] {logging_mixin.py:190} INFO - [2025-03-21T21:26:53.138+0000] {dag.py:4180} INFO - Setting next_dagrun for example_branch_datetime_operator_3 to 2025-03-20 00:00:00+00:00, run_after=2025-03-21 00:00:00+00:00
[2025-03-21T21:26:53.166+0000] {processor.py:208} INFO - Processing /home/usmail/sys_fraud/sys_detection_frauds/lib/python3.12/site-packages/airflow/example_dags/example_branch_datetime_operator.py took 0.118 seconds
[2025-03-21T21:27:55.581+0000] {processor.py:186} INFO - Started process (PID=3754377) to work on /home/usmail/sys_fraud/sys_detection_frauds/lib/python3.12/site-packages/airflow/example_dags/example_branch_datetime_operator.py
[2025-03-21T21:27:55.590+0000] {processor.py:914} INFO - Processing file /home/usmail/sys_fraud/sys_detection_frauds/lib/python3.12/site-packages/airflow/example_dags/example_branch_datetime_operator.py for tasks to queue
[2025-03-21T21:27:55.593+0000] {logging_mixin.py:190} INFO - [2025-03-21T21:27:55.593+0000] {dagbag.py:588} INFO - Filling up the DagBag from /home/usmail/sys_fraud/sys_detection_frauds/lib/python3.12/site-packages/airflow/example_dags/example_branch_datetime_operator.py
[2025-03-21T21:27:55.614+0000] {processor.py:925} INFO - DAG(s) 'example_branch_datetime_operator', 'example_branch_datetime_operator_3', 'example_branch_datetime_operator_2' retrieved from /home/usmail/sys_fraud/sys_detection_frauds/lib/python3.12/site-packages/airflow/example_dags/example_branch_datetime_operator.py
[2025-03-21T21:27:55.643+0000] {logging_mixin.py:190} INFO - [2025-03-21T21:27:55.643+0000] {dag.py:3239} INFO - Sync 3 DAGs
[2025-03-21T21:27:55.661+0000] {logging_mixin.py:190} INFO - [2025-03-21T21:27:55.661+0000] {dag.py:4180} INFO - Setting next_dagrun for example_branch_datetime_operator to 2025-03-20 00:00:00+00:00, run_after=2025-03-21 00:00:00+00:00
[2025-03-21T21:27:55.664+0000] {logging_mixin.py:190} INFO - [2025-03-21T21:27:55.664+0000] {dag.py:4180} INFO - Setting next_dagrun for example_branch_datetime_operator_2 to 2025-03-20 00:00:00+00:00, run_after=2025-03-21 00:00:00+00:00
[2025-03-21T21:27:55.666+0000] {logging_mixin.py:190} INFO - [2025-03-21T21:27:55.666+0000] {dag.py:4180} INFO - Setting next_dagrun for example_branch_datetime_operator_3 to 2025-03-20 00:00:00+00:00, run_after=2025-03-21 00:00:00+00:00
[2025-03-21T21:27:55.680+0000] {processor.py:208} INFO - Processing /home/usmail/sys_fraud/sys_detection_frauds/lib/python3.12/site-packages/airflow/example_dags/example_branch_datetime_operator.py took 0.111 seconds
[2025-03-21T21:28:56.035+0000] {processor.py:186} INFO - Started process (PID=3755022) to work on /home/usmail/sys_fraud/sys_detection_frauds/lib/python3.12/site-packages/airflow/example_dags/example_branch_datetime_operator.py
[2025-03-21T21:28:56.041+0000] {processor.py:914} INFO - Processing file /home/usmail/sys_fraud/sys_detection_frauds/lib/python3.12/site-packages/airflow/example_dags/example_branch_datetime_operator.py for tasks to queue
[2025-03-21T21:28:56.044+0000] {logging_mixin.py:190} INFO - [2025-03-21T21:28:56.044+0000] {dagbag.py:588} INFO - Filling up the DagBag from /home/usmail/sys_fraud/sys_detection_frauds/lib/python3.12/site-packages/airflow/example_dags/example_branch_datetime_operator.py
[2025-03-21T21:28:56.064+0000] {processor.py:925} INFO - DAG(s) 'example_branch_datetime_operator_2', 'example_branch_datetime_operator', 'example_branch_datetime_operator_3' retrieved from /home/usmail/sys_fraud/sys_detection_frauds/lib/python3.12/site-packages/airflow/example_dags/example_branch_datetime_operator.py
[2025-03-21T21:28:56.093+0000] {logging_mixin.py:190} INFO - [2025-03-21T21:28:56.093+0000] {dag.py:3239} INFO - Sync 3 DAGs
[2025-03-21T21:28:56.111+0000] {logging_mixin.py:190} INFO - [2025-03-21T21:28:56.111+0000] {dag.py:4180} INFO - Setting next_dagrun for example_branch_datetime_operator to 2025-03-20 00:00:00+00:00, run_after=2025-03-21 00:00:00+00:00
[2025-03-21T21:28:56.115+0000] {logging_mixin.py:190} INFO - [2025-03-21T21:28:56.114+0000] {dag.py:4180} INFO - Setting next_dagrun for example_branch_datetime_operator_2 to 2025-03-20 00:00:00+00:00, run_after=2025-03-21 00:00:00+00:00
[2025-03-21T21:28:56.116+0000] {logging_mixin.py:190} INFO - [2025-03-21T21:28:56.116+0000] {dag.py:4180} INFO - Setting next_dagrun for example_branch_datetime_operator_3 to 2025-03-20 00:00:00+00:00, run_after=2025-03-21 00:00:00+00:00
[2025-03-21T21:28:56.135+0000] {processor.py:208} INFO - Processing /home/usmail/sys_fraud/sys_detection_frauds/lib/python3.12/site-packages/airflow/example_dags/example_branch_datetime_operator.py took 0.113 seconds
[2025-03-21T21:29:59.438+0000] {processor.py:186} INFO - Started process (PID=3755678) to work on /home/usmail/sys_fraud/sys_detection_frauds/lib/python3.12/site-packages/airflow/example_dags/example_branch_datetime_operator.py
[2025-03-21T21:29:59.448+0000] {processor.py:914} INFO - Processing file /home/usmail/sys_fraud/sys_detection_frauds/lib/python3.12/site-packages/airflow/example_dags/example_branch_datetime_operator.py for tasks to queue
[2025-03-21T21:29:59.451+0000] {logging_mixin.py:190} INFO - [2025-03-21T21:29:59.451+0000] {dagbag.py:588} INFO - Filling up the DagBag from /home/usmail/sys_fraud/sys_detection_frauds/lib/python3.12/site-packages/airflow/example_dags/example_branch_datetime_operator.py
[2025-03-21T21:29:59.471+0000] {processor.py:925} INFO - DAG(s) 'example_branch_datetime_operator', 'example_branch_datetime_operator_2', 'example_branch_datetime_operator_3' retrieved from /home/usmail/sys_fraud/sys_detection_frauds/lib/python3.12/site-packages/airflow/example_dags/example_branch_datetime_operator.py
[2025-03-21T21:29:59.501+0000] {logging_mixin.py:190} INFO - [2025-03-21T21:29:59.501+0000] {dag.py:3239} INFO - Sync 3 DAGs
[2025-03-21T21:29:59.520+0000] {logging_mixin.py:190} INFO - [2025-03-21T21:29:59.520+0000] {dag.py:4180} INFO - Setting next_dagrun for example_branch_datetime_operator to 2025-03-20 00:00:00+00:00, run_after=2025-03-21 00:00:00+00:00
[2025-03-21T21:29:59.523+0000] {logging_mixin.py:190} INFO - [2025-03-21T21:29:59.523+0000] {dag.py:4180} INFO - Setting next_dagrun for example_branch_datetime_operator_2 to 2025-03-20 00:00:00+00:00, run_after=2025-03-21 00:00:00+00:00
[2025-03-21T21:29:59.525+0000] {logging_mixin.py:190} INFO - [2025-03-21T21:29:59.525+0000] {dag.py:4180} INFO - Setting next_dagrun for example_branch_datetime_operator_3 to 2025-03-20 00:00:00+00:00, run_after=2025-03-21 00:00:00+00:00
[2025-03-21T21:29:59.543+0000] {processor.py:208} INFO - Processing /home/usmail/sys_fraud/sys_detection_frauds/lib/python3.12/site-packages/airflow/example_dags/example_branch_datetime_operator.py took 0.118 seconds
[2025-03-21T21:31:06.587+0000] {processor.py:186} INFO - Started process (PID=3756369) to work on /home/usmail/sys_fraud/sys_detection_frauds/lib/python3.12/site-packages/airflow/example_dags/example_branch_datetime_operator.py
[2025-03-21T21:31:06.596+0000] {processor.py:914} INFO - Processing file /home/usmail/sys_fraud/sys_detection_frauds/lib/python3.12/site-packages/airflow/example_dags/example_branch_datetime_operator.py for tasks to queue
[2025-03-21T21:31:06.600+0000] {logging_mixin.py:190} INFO - [2025-03-21T21:31:06.599+0000] {dagbag.py:588} INFO - Filling up the DagBag from /home/usmail/sys_fraud/sys_detection_frauds/lib/python3.12/site-packages/airflow/example_dags/example_branch_datetime_operator.py
[2025-03-21T21:31:06.619+0000] {processor.py:925} INFO - DAG(s) 'example_branch_datetime_operator_3', 'example_branch_datetime_operator_2', 'example_branch_datetime_operator' retrieved from /home/usmail/sys_fraud/sys_detection_frauds/lib/python3.12/site-packages/airflow/example_dags/example_branch_datetime_operator.py
[2025-03-21T21:31:06.649+0000] {logging_mixin.py:190} INFO - [2025-03-21T21:31:06.649+0000] {dag.py:3239} INFO - Sync 3 DAGs
[2025-03-21T21:31:06.669+0000] {logging_mixin.py:190} INFO - [2025-03-21T21:31:06.669+0000] {dag.py:4180} INFO - Setting next_dagrun for example_branch_datetime_operator to 2025-03-20 00:00:00+00:00, run_after=2025-03-21 00:00:00+00:00
[2025-03-21T21:31:06.672+0000] {logging_mixin.py:190} INFO - [2025-03-21T21:31:06.672+0000] {dag.py:4180} INFO - Setting next_dagrun for example_branch_datetime_operator_2 to 2025-03-20 00:00:00+00:00, run_after=2025-03-21 00:00:00+00:00
[2025-03-21T21:31:06.674+0000] {logging_mixin.py:190} INFO - [2025-03-21T21:31:06.674+0000] {dag.py:4180} INFO - Setting next_dagrun for example_branch_datetime_operator_3 to 2025-03-20 00:00:00+00:00, run_after=2025-03-21 00:00:00+00:00
[2025-03-21T21:31:06.688+0000] {processor.py:208} INFO - Processing /home/usmail/sys_fraud/sys_detection_frauds/lib/python3.12/site-packages/airflow/example_dags/example_branch_datetime_operator.py took 0.113 seconds
[2025-03-21T21:32:11.077+0000] {processor.py:186} INFO - Started process (PID=3757066) to work on /home/usmail/sys_fraud/sys_detection_frauds/lib/python3.12/site-packages/airflow/example_dags/example_branch_datetime_operator.py
[2025-03-21T21:32:11.078+0000] {processor.py:914} INFO - Processing file /home/usmail/sys_fraud/sys_detection_frauds/lib/python3.12/site-packages/airflow/example_dags/example_branch_datetime_operator.py for tasks to queue
[2025-03-21T21:32:11.081+0000] {logging_mixin.py:190} INFO - [2025-03-21T21:32:11.081+0000] {dagbag.py:588} INFO - Filling up the DagBag from /home/usmail/sys_fraud/sys_detection_frauds/lib/python3.12/site-packages/airflow/example_dags/example_branch_datetime_operator.py
[2025-03-21T21:32:11.101+0000] {processor.py:925} INFO - DAG(s) 'example_branch_datetime_operator', 'example_branch_datetime_operator_3', 'example_branch_datetime_operator_2' retrieved from /home/usmail/sys_fraud/sys_detection_frauds/lib/python3.12/site-packages/airflow/example_dags/example_branch_datetime_operator.py
[2025-03-21T21:32:11.130+0000] {logging_mixin.py:190} INFO - [2025-03-21T21:32:11.130+0000] {dag.py:3239} INFO - Sync 3 DAGs
[2025-03-21T21:32:11.148+0000] {logging_mixin.py:190} INFO - [2025-03-21T21:32:11.147+0000] {dag.py:4180} INFO - Setting next_dagrun for example_branch_datetime_operator to 2025-03-20 00:00:00+00:00, run_after=2025-03-21 00:00:00+00:00
[2025-03-21T21:32:11.151+0000] {logging_mixin.py:190} INFO - [2025-03-21T21:32:11.151+0000] {dag.py:4180} INFO - Setting next_dagrun for example_branch_datetime_operator_2 to 2025-03-20 00:00:00+00:00, run_after=2025-03-21 00:00:00+00:00
[2025-03-21T21:32:11.152+0000] {logging_mixin.py:190} INFO - [2025-03-21T21:32:11.152+0000] {dag.py:4180} INFO - Setting next_dagrun for example_branch_datetime_operator_3 to 2025-03-20 00:00:00+00:00, run_after=2025-03-21 00:00:00+00:00
[2025-03-21T21:32:11.181+0000] {processor.py:208} INFO - Processing /home/usmail/sys_fraud/sys_detection_frauds/lib/python3.12/site-packages/airflow/example_dags/example_branch_datetime_operator.py took 0.117 seconds
[2025-03-21T21:33:13.620+0000] {processor.py:186} INFO - Started process (PID=3757709) to work on /home/usmail/sys_fraud/sys_detection_frauds/lib/python3.12/site-packages/airflow/example_dags/example_branch_datetime_operator.py
[2025-03-21T21:33:13.629+0000] {processor.py:914} INFO - Processing file /home/usmail/sys_fraud/sys_detection_frauds/lib/python3.12/site-packages/airflow/example_dags/example_branch_datetime_operator.py for tasks to queue
[2025-03-21T21:33:13.632+0000] {logging_mixin.py:190} INFO - [2025-03-21T21:33:13.631+0000] {dagbag.py:588} INFO - Filling up the DagBag from /home/usmail/sys_fraud/sys_detection_frauds/lib/python3.12/site-packages/airflow/example_dags/example_branch_datetime_operator.py
[2025-03-21T21:33:13.652+0000] {processor.py:925} INFO - DAG(s) 'example_branch_datetime_operator', 'example_branch_datetime_operator_2', 'example_branch_datetime_operator_3' retrieved from /home/usmail/sys_fraud/sys_detection_frauds/lib/python3.12/site-packages/airflow/example_dags/example_branch_datetime_operator.py
[2025-03-21T21:33:13.682+0000] {logging_mixin.py:190} INFO - [2025-03-21T21:33:13.682+0000] {dag.py:3239} INFO - Sync 3 DAGs
[2025-03-21T21:33:13.703+0000] {logging_mixin.py:190} INFO - [2025-03-21T21:33:13.702+0000] {dag.py:4180} INFO - Setting next_dagrun for example_branch_datetime_operator to 2025-03-20 00:00:00+00:00, run_after=2025-03-21 00:00:00+00:00
[2025-03-21T21:33:13.706+0000] {logging_mixin.py:190} INFO - [2025-03-21T21:33:13.706+0000] {dag.py:4180} INFO - Setting next_dagrun for example_branch_datetime_operator_2 to 2025-03-20 00:00:00+00:00, run_after=2025-03-21 00:00:00+00:00
[2025-03-21T21:33:13.708+0000] {logging_mixin.py:190} INFO - [2025-03-21T21:33:13.708+0000] {dag.py:4180} INFO - Setting next_dagrun for example_branch_datetime_operator_3 to 2025-03-20 00:00:00+00:00, run_after=2025-03-21 00:00:00+00:00
[2025-03-21T21:33:13.730+0000] {processor.py:208} INFO - Processing /home/usmail/sys_fraud/sys_detection_frauds/lib/python3.12/site-packages/airflow/example_dags/example_branch_datetime_operator.py took 0.122 seconds
[2025-03-21T22:20:09.875+0000] {processor.py:186} INFO - Started process (PID=3759131) to work on /home/usmail/sys_fraud/sys_detection_frauds/lib/python3.12/site-packages/airflow/example_dags/example_branch_datetime_operator.py
[2025-03-21T22:20:09.884+0000] {processor.py:914} INFO - Processing file /home/usmail/sys_fraud/sys_detection_frauds/lib/python3.12/site-packages/airflow/example_dags/example_branch_datetime_operator.py for tasks to queue
[2025-03-21T22:20:09.888+0000] {logging_mixin.py:190} INFO - [2025-03-21T22:20:09.887+0000] {dagbag.py:588} INFO - Filling up the DagBag from /home/usmail/sys_fraud/sys_detection_frauds/lib/python3.12/site-packages/airflow/example_dags/example_branch_datetime_operator.py
[2025-03-21T22:20:09.913+0000] {processor.py:925} INFO - DAG(s) 'example_branch_datetime_operator', 'example_branch_datetime_operator_3', 'example_branch_datetime_operator_2' retrieved from /home/usmail/sys_fraud/sys_detection_frauds/lib/python3.12/site-packages/airflow/example_dags/example_branch_datetime_operator.py
[2025-03-21T22:20:09.939+0000] {logging_mixin.py:190} INFO - [2025-03-21T22:20:09.938+0000] {dag.py:3239} INFO - Sync 3 DAGs
[2025-03-21T22:20:09.961+0000] {logging_mixin.py:190} INFO - [2025-03-21T22:20:09.961+0000] {dag.py:4180} INFO - Setting next_dagrun for example_branch_datetime_operator to 2025-03-20 00:00:00+00:00, run_after=2025-03-21 00:00:00+00:00
[2025-03-21T22:20:09.965+0000] {logging_mixin.py:190} INFO - [2025-03-21T22:20:09.965+0000] {dag.py:4180} INFO - Setting next_dagrun for example_branch_datetime_operator_2 to 2025-03-20 00:00:00+00:00, run_after=2025-03-21 00:00:00+00:00
[2025-03-21T22:20:09.967+0000] {logging_mixin.py:190} INFO - [2025-03-21T22:20:09.967+0000] {dag.py:4180} INFO - Setting next_dagrun for example_branch_datetime_operator_3 to 2025-03-20 00:00:00+00:00, run_after=2025-03-21 00:00:00+00:00
[2025-03-21T22:20:10.004+0000] {processor.py:208} INFO - Processing /home/usmail/sys_fraud/sys_detection_frauds/lib/python3.12/site-packages/airflow/example_dags/example_branch_datetime_operator.py took 0.142 seconds
[2025-03-21T22:21:14.796+0000] {processor.py:186} INFO - Started process (PID=3760062) to work on /home/usmail/sys_fraud/sys_detection_frauds/lib/python3.12/site-packages/airflow/example_dags/example_branch_datetime_operator.py
[2025-03-21T22:21:14.806+0000] {processor.py:914} INFO - Processing file /home/usmail/sys_fraud/sys_detection_frauds/lib/python3.12/site-packages/airflow/example_dags/example_branch_datetime_operator.py for tasks to queue
[2025-03-21T22:21:14.808+0000] {logging_mixin.py:190} INFO - [2025-03-21T22:21:14.807+0000] {dagbag.py:588} INFO - Filling up the DagBag from /home/usmail/sys_fraud/sys_detection_frauds/lib/python3.12/site-packages/airflow/example_dags/example_branch_datetime_operator.py
[2025-03-21T22:21:14.831+0000] {processor.py:925} INFO - DAG(s) 'example_branch_datetime_operator_2', 'example_branch_datetime_operator_3', 'example_branch_datetime_operator' retrieved from /home/usmail/sys_fraud/sys_detection_frauds/lib/python3.12/site-packages/airflow/example_dags/example_branch_datetime_operator.py
[2025-03-21T22:21:14.874+0000] {logging_mixin.py:190} INFO - [2025-03-21T22:21:14.874+0000] {dag.py:3239} INFO - Sync 3 DAGs
[2025-03-21T22:21:14.903+0000] {logging_mixin.py:190} INFO - [2025-03-21T22:21:14.903+0000] {dag.py:4180} INFO - Setting next_dagrun for example_branch_datetime_operator to 2025-03-20 00:00:00+00:00, run_after=2025-03-21 00:00:00+00:00
[2025-03-21T22:21:14.908+0000] {logging_mixin.py:190} INFO - [2025-03-21T22:21:14.908+0000] {dag.py:4180} INFO - Setting next_dagrun for example_branch_datetime_operator_2 to 2025-03-20 00:00:00+00:00, run_after=2025-03-21 00:00:00+00:00
[2025-03-21T22:21:14.910+0000] {logging_mixin.py:190} INFO - [2025-03-21T22:21:14.910+0000] {dag.py:4180} INFO - Setting next_dagrun for example_branch_datetime_operator_3 to 2025-03-20 00:00:00+00:00, run_after=2025-03-21 00:00:00+00:00
[2025-03-21T22:21:14.930+0000] {processor.py:208} INFO - Processing /home/usmail/sys_fraud/sys_detection_frauds/lib/python3.12/site-packages/airflow/example_dags/example_branch_datetime_operator.py took 0.146 seconds
[2025-03-21T22:22:15.766+0000] {processor.py:186} INFO - Started process (PID=3761075) to work on /home/usmail/sys_fraud/sys_detection_frauds/lib/python3.12/site-packages/airflow/example_dags/example_branch_datetime_operator.py
[2025-03-21T22:22:15.776+0000] {processor.py:914} INFO - Processing file /home/usmail/sys_fraud/sys_detection_frauds/lib/python3.12/site-packages/airflow/example_dags/example_branch_datetime_operator.py for tasks to queue
[2025-03-21T22:22:15.778+0000] {logging_mixin.py:190} INFO - [2025-03-21T22:22:15.777+0000] {dagbag.py:588} INFO - Filling up the DagBag from /home/usmail/sys_fraud/sys_detection_frauds/lib/python3.12/site-packages/airflow/example_dags/example_branch_datetime_operator.py
[2025-03-21T22:22:15.800+0000] {processor.py:925} INFO - DAG(s) 'example_branch_datetime_operator', 'example_branch_datetime_operator_2', 'example_branch_datetime_operator_3' retrieved from /home/usmail/sys_fraud/sys_detection_frauds/lib/python3.12/site-packages/airflow/example_dags/example_branch_datetime_operator.py
[2025-03-21T22:22:15.831+0000] {logging_mixin.py:190} INFO - [2025-03-21T22:22:15.830+0000] {dag.py:3239} INFO - Sync 3 DAGs
[2025-03-21T22:22:15.852+0000] {logging_mixin.py:190} INFO - [2025-03-21T22:22:15.852+0000] {dag.py:4180} INFO - Setting next_dagrun for example_branch_datetime_operator to 2025-03-20 00:00:00+00:00, run_after=2025-03-21 00:00:00+00:00
[2025-03-21T22:22:15.856+0000] {logging_mixin.py:190} INFO - [2025-03-21T22:22:15.856+0000] {dag.py:4180} INFO - Setting next_dagrun for example_branch_datetime_operator_2 to 2025-03-20 00:00:00+00:00, run_after=2025-03-21 00:00:00+00:00
[2025-03-21T22:22:15.858+0000] {logging_mixin.py:190} INFO - [2025-03-21T22:22:15.858+0000] {dag.py:4180} INFO - Setting next_dagrun for example_branch_datetime_operator_3 to 2025-03-20 00:00:00+00:00, run_after=2025-03-21 00:00:00+00:00
[2025-03-21T22:22:15.886+0000] {processor.py:208} INFO - Processing /home/usmail/sys_fraud/sys_detection_frauds/lib/python3.12/site-packages/airflow/example_dags/example_branch_datetime_operator.py took 0.133 seconds
