[2025-03-21T20:49:55.056+0000] {processor.py:186} INFO - Started process (PID=3723218) to work on /home/usmail/sys_fraud/sys_detection_frauds/lib/python3.12/site-packages/airflow/example_dags/example_external_task_marker_dag.py
[2025-03-21T20:49:55.056+0000] {processor.py:914} INFO - Processing file /home/usmail/sys_fraud/sys_detection_frauds/lib/python3.12/site-packages/airflow/example_dags/example_external_task_marker_dag.py for tasks to queue
[2025-03-21T20:49:55.058+0000] {logging_mixin.py:190} INFO - [2025-03-21T20:49:55.058+0000] {dagbag.py:588} INFO - Filling up the DagBag from /home/usmail/sys_fraud/sys_detection_frauds/lib/python3.12/site-packages/airflow/example_dags/example_external_task_marker_dag.py
[2025-03-21T20:49:55.064+0000] {processor.py:925} INFO - DAG(s) 'example_external_task_marker_parent', 'example_external_task_marker_child' retrieved from /home/usmail/sys_fraud/sys_detection_frauds/lib/python3.12/site-packages/airflow/example_dags/example_external_task_marker_dag.py
[2025-03-21T20:49:55.148+0000] {logging_mixin.py:190} INFO - [2025-03-21T20:49:55.147+0000] {override.py:1912} INFO - Created Permission View: can edit on DAG:example_external_task_marker_parent
[2025-03-21T20:49:55.155+0000] {logging_mixin.py:190} INFO - [2025-03-21T20:49:55.155+0000] {override.py:1912} INFO - Created Permission View: can read on DAG:example_external_task_marker_parent
[2025-03-21T20:49:55.160+0000] {logging_mixin.py:190} INFO - [2025-03-21T20:49:55.160+0000] {override.py:1912} INFO - Created Permission View: can delete on DAG:example_external_task_marker_parent
[2025-03-21T20:49:55.168+0000] {logging_mixin.py:190} INFO - [2025-03-21T20:49:55.168+0000] {override.py:1912} INFO - Created Permission View: can create on DAG Run:example_external_task_marker_parent
[2025-03-21T20:49:55.174+0000] {logging_mixin.py:190} INFO - [2025-03-21T20:49:55.174+0000] {override.py:1912} INFO - Created Permission View: menu access on DAG Run:example_external_task_marker_parent
[2025-03-21T20:49:55.180+0000] {logging_mixin.py:190} INFO - [2025-03-21T20:49:55.179+0000] {override.py:1912} INFO - Created Permission View: can read on DAG Run:example_external_task_marker_parent
[2025-03-21T20:49:55.185+0000] {logging_mixin.py:190} INFO - [2025-03-21T20:49:55.185+0000] {override.py:1912} INFO - Created Permission View: can delete on DAG Run:example_external_task_marker_parent
[2025-03-21T20:49:55.198+0000] {logging_mixin.py:190} INFO - [2025-03-21T20:49:55.198+0000] {override.py:1912} INFO - Created Permission View: can edit on DAG:example_external_task_marker_child
[2025-03-21T20:49:55.203+0000] {logging_mixin.py:190} INFO - [2025-03-21T20:49:55.203+0000] {override.py:1912} INFO - Created Permission View: can read on DAG:example_external_task_marker_child
[2025-03-21T20:49:55.208+0000] {logging_mixin.py:190} INFO - [2025-03-21T20:49:55.208+0000] {override.py:1912} INFO - Created Permission View: can delete on DAG:example_external_task_marker_child
[2025-03-21T20:49:55.216+0000] {logging_mixin.py:190} INFO - [2025-03-21T20:49:55.216+0000] {override.py:1912} INFO - Created Permission View: can create on DAG Run:example_external_task_marker_child
[2025-03-21T20:49:55.221+0000] {logging_mixin.py:190} INFO - [2025-03-21T20:49:55.220+0000] {override.py:1912} INFO - Created Permission View: menu access on DAG Run:example_external_task_marker_child
[2025-03-21T20:49:55.225+0000] {logging_mixin.py:190} INFO - [2025-03-21T20:49:55.225+0000] {override.py:1912} INFO - Created Permission View: can read on DAG Run:example_external_task_marker_child
[2025-03-21T20:49:55.230+0000] {logging_mixin.py:190} INFO - [2025-03-21T20:49:55.230+0000] {override.py:1912} INFO - Created Permission View: can delete on DAG Run:example_external_task_marker_child
[2025-03-21T20:49:55.230+0000] {logging_mixin.py:190} INFO - [2025-03-21T20:49:55.230+0000] {dag.py:3239} INFO - Sync 2 DAGs
[2025-03-21T20:49:55.237+0000] {logging_mixin.py:190} INFO - [2025-03-21T20:49:55.237+0000] {dag.py:3262} INFO - Creating ORM DAG for example_external_task_marker_parent
[2025-03-21T20:49:55.237+0000] {logging_mixin.py:190} INFO - [2025-03-21T20:49:55.237+0000] {dag.py:3262} INFO - Creating ORM DAG for example_external_task_marker_child
[2025-03-21T20:49:55.238+0000] {logging_mixin.py:190} INFO - [2025-03-21T20:49:55.238+0000] {dag.py:4180} INFO - Setting next_dagrun for example_external_task_marker_child to None, run_after=None
[2025-03-21T20:49:55.238+0000] {logging_mixin.py:190} INFO - [2025-03-21T20:49:55.238+0000] {dag.py:4180} INFO - Setting next_dagrun for example_external_task_marker_parent to None, run_after=None
[2025-03-21T20:49:55.250+0000] {processor.py:208} INFO - Processing /home/usmail/sys_fraud/sys_detection_frauds/lib/python3.12/site-packages/airflow/example_dags/example_external_task_marker_dag.py took 0.197 seconds
[2025-03-21T20:50:55.993+0000] {processor.py:186} INFO - Started process (PID=3723922) to work on /home/usmail/sys_fraud/sys_detection_frauds/lib/python3.12/site-packages/airflow/example_dags/example_external_task_marker_dag.py
[2025-03-21T20:50:56.001+0000] {processor.py:914} INFO - Processing file /home/usmail/sys_fraud/sys_detection_frauds/lib/python3.12/site-packages/airflow/example_dags/example_external_task_marker_dag.py for tasks to queue
[2025-03-21T20:50:56.003+0000] {logging_mixin.py:190} INFO - [2025-03-21T20:50:56.003+0000] {dagbag.py:588} INFO - Filling up the DagBag from /home/usmail/sys_fraud/sys_detection_frauds/lib/python3.12/site-packages/airflow/example_dags/example_external_task_marker_dag.py
[2025-03-21T20:50:56.008+0000] {processor.py:925} INFO - DAG(s) 'example_external_task_marker_parent', 'example_external_task_marker_child' retrieved from /home/usmail/sys_fraud/sys_detection_frauds/lib/python3.12/site-packages/airflow/example_dags/example_external_task_marker_dag.py
[2025-03-21T20:50:56.019+0000] {logging_mixin.py:190} INFO - [2025-03-21T20:50:56.018+0000] {dag.py:3239} INFO - Sync 2 DAGs
[2025-03-21T20:50:56.026+0000] {logging_mixin.py:190} INFO - [2025-03-21T20:50:56.026+0000] {dag.py:4180} INFO - Setting next_dagrun for example_external_task_marker_child to None, run_after=None
[2025-03-21T20:50:56.028+0000] {logging_mixin.py:190} INFO - [2025-03-21T20:50:56.028+0000] {dag.py:4180} INFO - Setting next_dagrun for example_external_task_marker_parent to None, run_after=None
[2025-03-21T20:50:56.039+0000] {processor.py:208} INFO - Processing /home/usmail/sys_fraud/sys_detection_frauds/lib/python3.12/site-packages/airflow/example_dags/example_external_task_marker_dag.py took 0.050 seconds
[2025-03-21T20:51:50.732+0000] {processor.py:186} INFO - Started process (PID=3724624) to work on /home/usmail/sys_fraud/sys_detection_frauds/lib/python3.12/site-packages/airflow/example_dags/example_external_task_marker_dag.py
[2025-03-21T20:51:50.741+0000] {processor.py:914} INFO - Processing file /home/usmail/sys_fraud/sys_detection_frauds/lib/python3.12/site-packages/airflow/example_dags/example_external_task_marker_dag.py for tasks to queue
[2025-03-21T20:51:50.742+0000] {logging_mixin.py:190} INFO - [2025-03-21T20:51:50.742+0000] {dagbag.py:588} INFO - Filling up the DagBag from /home/usmail/sys_fraud/sys_detection_frauds/lib/python3.12/site-packages/airflow/example_dags/example_external_task_marker_dag.py
[2025-03-21T20:51:50.747+0000] {processor.py:925} INFO - DAG(s) 'example_external_task_marker_child', 'example_external_task_marker_parent' retrieved from /home/usmail/sys_fraud/sys_detection_frauds/lib/python3.12/site-packages/airflow/example_dags/example_external_task_marker_dag.py
[2025-03-21T20:51:50.757+0000] {logging_mixin.py:190} INFO - [2025-03-21T20:51:50.757+0000] {dag.py:3239} INFO - Sync 2 DAGs
[2025-03-21T20:51:50.764+0000] {logging_mixin.py:190} INFO - [2025-03-21T20:51:50.764+0000] {dag.py:4180} INFO - Setting next_dagrun for example_external_task_marker_child to None, run_after=None
[2025-03-21T20:51:50.766+0000] {logging_mixin.py:190} INFO - [2025-03-21T20:51:50.766+0000] {dag.py:4180} INFO - Setting next_dagrun for example_external_task_marker_parent to None, run_after=None
[2025-03-21T20:51:50.777+0000] {processor.py:208} INFO - Processing /home/usmail/sys_fraud/sys_detection_frauds/lib/python3.12/site-packages/airflow/example_dags/example_external_task_marker_dag.py took 0.048 seconds
[2025-03-21T20:52:46.719+0000] {processor.py:186} INFO - Started process (PID=3725266) to work on /home/usmail/sys_fraud/sys_detection_frauds/lib/python3.12/site-packages/airflow/example_dags/example_external_task_marker_dag.py
[2025-03-21T20:52:46.728+0000] {processor.py:914} INFO - Processing file /home/usmail/sys_fraud/sys_detection_frauds/lib/python3.12/site-packages/airflow/example_dags/example_external_task_marker_dag.py for tasks to queue
[2025-03-21T20:52:46.731+0000] {logging_mixin.py:190} INFO - [2025-03-21T20:52:46.730+0000] {dagbag.py:588} INFO - Filling up the DagBag from /home/usmail/sys_fraud/sys_detection_frauds/lib/python3.12/site-packages/airflow/example_dags/example_external_task_marker_dag.py
[2025-03-21T20:52:46.740+0000] {processor.py:925} INFO - DAG(s) 'example_external_task_marker_child', 'example_external_task_marker_parent' retrieved from /home/usmail/sys_fraud/sys_detection_frauds/lib/python3.12/site-packages/airflow/example_dags/example_external_task_marker_dag.py
[2025-03-21T20:52:46.750+0000] {logging_mixin.py:190} INFO - [2025-03-21T20:52:46.750+0000] {dag.py:3239} INFO - Sync 2 DAGs
[2025-03-21T20:52:46.758+0000] {logging_mixin.py:190} INFO - [2025-03-21T20:52:46.758+0000] {dag.py:4180} INFO - Setting next_dagrun for example_external_task_marker_child to None, run_after=None
[2025-03-21T20:52:46.760+0000] {logging_mixin.py:190} INFO - [2025-03-21T20:52:46.760+0000] {dag.py:4180} INFO - Setting next_dagrun for example_external_task_marker_parent to None, run_after=None
[2025-03-21T20:52:46.772+0000] {processor.py:208} INFO - Processing /home/usmail/sys_fraud/sys_detection_frauds/lib/python3.12/site-packages/airflow/example_dags/example_external_task_marker_dag.py took 0.059 seconds
[2025-03-21T20:53:39.676+0000] {processor.py:186} INFO - Started process (PID=3725893) to work on /home/usmail/sys_fraud/sys_detection_frauds/lib/python3.12/site-packages/airflow/example_dags/example_external_task_marker_dag.py
[2025-03-21T20:53:39.685+0000] {processor.py:914} INFO - Processing file /home/usmail/sys_fraud/sys_detection_frauds/lib/python3.12/site-packages/airflow/example_dags/example_external_task_marker_dag.py for tasks to queue
[2025-03-21T20:53:39.688+0000] {logging_mixin.py:190} INFO - [2025-03-21T20:53:39.688+0000] {dagbag.py:588} INFO - Filling up the DagBag from /home/usmail/sys_fraud/sys_detection_frauds/lib/python3.12/site-packages/airflow/example_dags/example_external_task_marker_dag.py
[2025-03-21T20:53:39.698+0000] {processor.py:925} INFO - DAG(s) 'example_external_task_marker_child', 'example_external_task_marker_parent' retrieved from /home/usmail/sys_fraud/sys_detection_frauds/lib/python3.12/site-packages/airflow/example_dags/example_external_task_marker_dag.py
[2025-03-21T20:53:39.708+0000] {logging_mixin.py:190} INFO - [2025-03-21T20:53:39.708+0000] {dag.py:3239} INFO - Sync 2 DAGs
[2025-03-21T20:53:39.716+0000] {logging_mixin.py:190} INFO - [2025-03-21T20:53:39.715+0000] {dag.py:4180} INFO - Setting next_dagrun for example_external_task_marker_child to None, run_after=None
[2025-03-21T20:53:39.718+0000] {logging_mixin.py:190} INFO - [2025-03-21T20:53:39.718+0000] {dag.py:4180} INFO - Setting next_dagrun for example_external_task_marker_parent to None, run_after=None
[2025-03-21T20:53:39.731+0000] {processor.py:208} INFO - Processing /home/usmail/sys_fraud/sys_detection_frauds/lib/python3.12/site-packages/airflow/example_dags/example_external_task_marker_dag.py took 0.060 seconds
[2025-03-21T20:54:32.749+0000] {processor.py:186} INFO - Started process (PID=3726553) to work on /home/usmail/sys_fraud/sys_detection_frauds/lib/python3.12/site-packages/airflow/example_dags/example_external_task_marker_dag.py
[2025-03-21T20:54:32.758+0000] {processor.py:914} INFO - Processing file /home/usmail/sys_fraud/sys_detection_frauds/lib/python3.12/site-packages/airflow/example_dags/example_external_task_marker_dag.py for tasks to queue
[2025-03-21T20:54:32.760+0000] {logging_mixin.py:190} INFO - [2025-03-21T20:54:32.759+0000] {dagbag.py:588} INFO - Filling up the DagBag from /home/usmail/sys_fraud/sys_detection_frauds/lib/python3.12/site-packages/airflow/example_dags/example_external_task_marker_dag.py
[2025-03-21T20:54:32.857+0000] {processor.py:925} INFO - DAG(s) 'example_external_task_marker_parent', 'example_external_task_marker_child' retrieved from /home/usmail/sys_fraud/sys_detection_frauds/lib/python3.12/site-packages/airflow/example_dags/example_external_task_marker_dag.py
[2025-03-21T20:54:32.865+0000] {logging_mixin.py:190} INFO - [2025-03-21T20:54:32.864+0000] {dag.py:3239} INFO - Sync 2 DAGs
[2025-03-21T20:54:32.870+0000] {logging_mixin.py:190} INFO - [2025-03-21T20:54:32.870+0000] {dag.py:4180} INFO - Setting next_dagrun for example_external_task_marker_child to None, run_after=None
[2025-03-21T20:54:32.872+0000] {logging_mixin.py:190} INFO - [2025-03-21T20:54:32.872+0000] {dag.py:4180} INFO - Setting next_dagrun for example_external_task_marker_parent to None, run_after=None
[2025-03-21T20:54:32.882+0000] {processor.py:208} INFO - Processing /home/usmail/sys_fraud/sys_detection_frauds/lib/python3.12/site-packages/airflow/example_dags/example_external_task_marker_dag.py took 0.138 seconds
[2025-03-21T20:55:24.368+0000] {processor.py:186} INFO - Started process (PID=3727204) to work on /home/usmail/sys_fraud/sys_detection_frauds/lib/python3.12/site-packages/airflow/example_dags/example_external_task_marker_dag.py
[2025-03-21T20:55:24.377+0000] {processor.py:914} INFO - Processing file /home/usmail/sys_fraud/sys_detection_frauds/lib/python3.12/site-packages/airflow/example_dags/example_external_task_marker_dag.py for tasks to queue
[2025-03-21T20:55:24.380+0000] {logging_mixin.py:190} INFO - [2025-03-21T20:55:24.379+0000] {dagbag.py:588} INFO - Filling up the DagBag from /home/usmail/sys_fraud/sys_detection_frauds/lib/python3.12/site-packages/airflow/example_dags/example_external_task_marker_dag.py
[2025-03-21T20:55:24.388+0000] {processor.py:925} INFO - DAG(s) 'example_external_task_marker_child', 'example_external_task_marker_parent' retrieved from /home/usmail/sys_fraud/sys_detection_frauds/lib/python3.12/site-packages/airflow/example_dags/example_external_task_marker_dag.py
[2025-03-21T20:55:24.398+0000] {logging_mixin.py:190} INFO - [2025-03-21T20:55:24.398+0000] {dag.py:3239} INFO - Sync 2 DAGs
[2025-03-21T20:55:24.405+0000] {logging_mixin.py:190} INFO - [2025-03-21T20:55:24.405+0000] {dag.py:4180} INFO - Setting next_dagrun for example_external_task_marker_child to None, run_after=None
[2025-03-21T20:55:24.408+0000] {logging_mixin.py:190} INFO - [2025-03-21T20:55:24.407+0000] {dag.py:4180} INFO - Setting next_dagrun for example_external_task_marker_parent to None, run_after=None
[2025-03-21T20:55:24.429+0000] {processor.py:208} INFO - Processing /home/usmail/sys_fraud/sys_detection_frauds/lib/python3.12/site-packages/airflow/example_dags/example_external_task_marker_dag.py took 0.067 seconds
[2025-03-21T20:56:15.334+0000] {processor.py:186} INFO - Started process (PID=3727901) to work on /home/usmail/sys_fraud/sys_detection_frauds/lib/python3.12/site-packages/airflow/example_dags/example_external_task_marker_dag.py
[2025-03-21T20:56:15.343+0000] {processor.py:914} INFO - Processing file /home/usmail/sys_fraud/sys_detection_frauds/lib/python3.12/site-packages/airflow/example_dags/example_external_task_marker_dag.py for tasks to queue
[2025-03-21T20:56:15.347+0000] {logging_mixin.py:190} INFO - [2025-03-21T20:56:15.346+0000] {dagbag.py:588} INFO - Filling up the DagBag from /home/usmail/sys_fraud/sys_detection_frauds/lib/python3.12/site-packages/airflow/example_dags/example_external_task_marker_dag.py
[2025-03-21T20:56:15.356+0000] {processor.py:925} INFO - DAG(s) 'example_external_task_marker_child', 'example_external_task_marker_parent' retrieved from /home/usmail/sys_fraud/sys_detection_frauds/lib/python3.12/site-packages/airflow/example_dags/example_external_task_marker_dag.py
[2025-03-21T20:56:15.366+0000] {logging_mixin.py:190} INFO - [2025-03-21T20:56:15.366+0000] {dag.py:3239} INFO - Sync 2 DAGs
[2025-03-21T20:56:15.373+0000] {logging_mixin.py:190} INFO - [2025-03-21T20:56:15.373+0000] {dag.py:4180} INFO - Setting next_dagrun for example_external_task_marker_child to None, run_after=None
[2025-03-21T20:56:15.375+0000] {logging_mixin.py:190} INFO - [2025-03-21T20:56:15.375+0000] {dag.py:4180} INFO - Setting next_dagrun for example_external_task_marker_parent to None, run_after=None
[2025-03-21T20:56:15.402+0000] {processor.py:208} INFO - Processing /home/usmail/sys_fraud/sys_detection_frauds/lib/python3.12/site-packages/airflow/example_dags/example_external_task_marker_dag.py took 0.074 seconds
[2025-03-21T20:57:08.449+0000] {processor.py:186} INFO - Started process (PID=3728683) to work on /home/usmail/sys_fraud/sys_detection_frauds/lib/python3.12/site-packages/airflow/example_dags/example_external_task_marker_dag.py
[2025-03-21T20:57:08.449+0000] {processor.py:914} INFO - Processing file /home/usmail/sys_fraud/sys_detection_frauds/lib/python3.12/site-packages/airflow/example_dags/example_external_task_marker_dag.py for tasks to queue
[2025-03-21T20:57:08.451+0000] {logging_mixin.py:190} INFO - [2025-03-21T20:57:08.450+0000] {dagbag.py:588} INFO - Filling up the DagBag from /home/usmail/sys_fraud/sys_detection_frauds/lib/python3.12/site-packages/airflow/example_dags/example_external_task_marker_dag.py
[2025-03-21T20:57:08.456+0000] {processor.py:925} INFO - DAG(s) 'example_external_task_marker_child', 'example_external_task_marker_parent' retrieved from /home/usmail/sys_fraud/sys_detection_frauds/lib/python3.12/site-packages/airflow/example_dags/example_external_task_marker_dag.py
[2025-03-21T20:57:08.467+0000] {logging_mixin.py:190} INFO - [2025-03-21T20:57:08.467+0000] {dag.py:3239} INFO - Sync 2 DAGs
[2025-03-21T20:57:08.475+0000] {logging_mixin.py:190} INFO - [2025-03-21T20:57:08.474+0000] {dag.py:4180} INFO - Setting next_dagrun for example_external_task_marker_child to None, run_after=None
[2025-03-21T20:57:08.477+0000] {logging_mixin.py:190} INFO - [2025-03-21T20:57:08.477+0000] {dag.py:4180} INFO - Setting next_dagrun for example_external_task_marker_parent to None, run_after=None
[2025-03-21T20:57:08.489+0000] {processor.py:208} INFO - Processing /home/usmail/sys_fraud/sys_detection_frauds/lib/python3.12/site-packages/airflow/example_dags/example_external_task_marker_dag.py took 0.044 seconds
[2025-03-21T20:57:59.938+0000] {processor.py:186} INFO - Started process (PID=3729243) to work on /home/usmail/sys_fraud/sys_detection_frauds/lib/python3.12/site-packages/airflow/example_dags/example_external_task_marker_dag.py
[2025-03-21T20:57:59.947+0000] {processor.py:914} INFO - Processing file /home/usmail/sys_fraud/sys_detection_frauds/lib/python3.12/site-packages/airflow/example_dags/example_external_task_marker_dag.py for tasks to queue
[2025-03-21T20:57:59.950+0000] {logging_mixin.py:190} INFO - [2025-03-21T20:57:59.949+0000] {dagbag.py:588} INFO - Filling up the DagBag from /home/usmail/sys_fraud/sys_detection_frauds/lib/python3.12/site-packages/airflow/example_dags/example_external_task_marker_dag.py
[2025-03-21T20:57:59.958+0000] {processor.py:925} INFO - DAG(s) 'example_external_task_marker_child', 'example_external_task_marker_parent' retrieved from /home/usmail/sys_fraud/sys_detection_frauds/lib/python3.12/site-packages/airflow/example_dags/example_external_task_marker_dag.py
[2025-03-21T20:57:59.968+0000] {logging_mixin.py:190} INFO - [2025-03-21T20:57:59.968+0000] {dag.py:3239} INFO - Sync 2 DAGs
[2025-03-21T20:57:59.977+0000] {logging_mixin.py:190} INFO - [2025-03-21T20:57:59.976+0000] {dag.py:4180} INFO - Setting next_dagrun for example_external_task_marker_child to None, run_after=None
[2025-03-21T20:57:59.979+0000] {logging_mixin.py:190} INFO - [2025-03-21T20:57:59.978+0000] {dag.py:4180} INFO - Setting next_dagrun for example_external_task_marker_parent to None, run_after=None
[2025-03-21T20:57:59.994+0000] {processor.py:208} INFO - Processing /home/usmail/sys_fraud/sys_detection_frauds/lib/python3.12/site-packages/airflow/example_dags/example_external_task_marker_dag.py took 0.060 seconds
[2025-03-21T20:58:52.320+0000] {processor.py:186} INFO - Started process (PID=3729970) to work on /home/usmail/sys_fraud/sys_detection_frauds/lib/python3.12/site-packages/airflow/example_dags/example_external_task_marker_dag.py
[2025-03-21T20:58:52.329+0000] {processor.py:914} INFO - Processing file /home/usmail/sys_fraud/sys_detection_frauds/lib/python3.12/site-packages/airflow/example_dags/example_external_task_marker_dag.py for tasks to queue
[2025-03-21T20:58:52.332+0000] {logging_mixin.py:190} INFO - [2025-03-21T20:58:52.331+0000] {dagbag.py:588} INFO - Filling up the DagBag from /home/usmail/sys_fraud/sys_detection_frauds/lib/python3.12/site-packages/airflow/example_dags/example_external_task_marker_dag.py
[2025-03-21T20:58:52.341+0000] {processor.py:925} INFO - DAG(s) 'example_external_task_marker_child', 'example_external_task_marker_parent' retrieved from /home/usmail/sys_fraud/sys_detection_frauds/lib/python3.12/site-packages/airflow/example_dags/example_external_task_marker_dag.py
[2025-03-21T20:58:52.352+0000] {logging_mixin.py:190} INFO - [2025-03-21T20:58:52.352+0000] {dag.py:3239} INFO - Sync 2 DAGs
[2025-03-21T20:58:52.360+0000] {logging_mixin.py:190} INFO - [2025-03-21T20:58:52.360+0000] {dag.py:4180} INFO - Setting next_dagrun for example_external_task_marker_child to None, run_after=None
[2025-03-21T20:58:52.362+0000] {logging_mixin.py:190} INFO - [2025-03-21T20:58:52.362+0000] {dag.py:4180} INFO - Setting next_dagrun for example_external_task_marker_parent to None, run_after=None
[2025-03-21T20:58:52.378+0000] {processor.py:208} INFO - Processing /home/usmail/sys_fraud/sys_detection_frauds/lib/python3.12/site-packages/airflow/example_dags/example_external_task_marker_dag.py took 0.066 seconds
[2025-03-21T20:59:46.507+0000] {processor.py:186} INFO - Started process (PID=3730680) to work on /home/usmail/sys_fraud/sys_detection_frauds/lib/python3.12/site-packages/airflow/example_dags/example_external_task_marker_dag.py
[2025-03-21T20:59:46.516+0000] {processor.py:914} INFO - Processing file /home/usmail/sys_fraud/sys_detection_frauds/lib/python3.12/site-packages/airflow/example_dags/example_external_task_marker_dag.py for tasks to queue
[2025-03-21T20:59:46.519+0000] {logging_mixin.py:190} INFO - [2025-03-21T20:59:46.518+0000] {dagbag.py:588} INFO - Filling up the DagBag from /home/usmail/sys_fraud/sys_detection_frauds/lib/python3.12/site-packages/airflow/example_dags/example_external_task_marker_dag.py
[2025-03-21T20:59:46.527+0000] {processor.py:925} INFO - DAG(s) 'example_external_task_marker_parent', 'example_external_task_marker_child' retrieved from /home/usmail/sys_fraud/sys_detection_frauds/lib/python3.12/site-packages/airflow/example_dags/example_external_task_marker_dag.py
[2025-03-21T20:59:46.538+0000] {logging_mixin.py:190} INFO - [2025-03-21T20:59:46.538+0000] {dag.py:3239} INFO - Sync 2 DAGs
[2025-03-21T20:59:46.545+0000] {logging_mixin.py:190} INFO - [2025-03-21T20:59:46.545+0000] {dag.py:4180} INFO - Setting next_dagrun for example_external_task_marker_child to None, run_after=None
[2025-03-21T20:59:46.547+0000] {logging_mixin.py:190} INFO - [2025-03-21T20:59:46.546+0000] {dag.py:4180} INFO - Setting next_dagrun for example_external_task_marker_parent to None, run_after=None
[2025-03-21T20:59:46.558+0000] {processor.py:208} INFO - Processing /home/usmail/sys_fraud/sys_detection_frauds/lib/python3.12/site-packages/airflow/example_dags/example_external_task_marker_dag.py took 0.056 seconds
[2025-03-21T21:00:44.684+0000] {processor.py:186} INFO - Started process (PID=3731446) to work on /home/usmail/sys_fraud/sys_detection_frauds/lib/python3.12/site-packages/airflow/example_dags/example_external_task_marker_dag.py
[2025-03-21T21:00:44.692+0000] {processor.py:914} INFO - Processing file /home/usmail/sys_fraud/sys_detection_frauds/lib/python3.12/site-packages/airflow/example_dags/example_external_task_marker_dag.py for tasks to queue
[2025-03-21T21:00:44.694+0000] {logging_mixin.py:190} INFO - [2025-03-21T21:00:44.693+0000] {dagbag.py:588} INFO - Filling up the DagBag from /home/usmail/sys_fraud/sys_detection_frauds/lib/python3.12/site-packages/airflow/example_dags/example_external_task_marker_dag.py
[2025-03-21T21:00:44.700+0000] {processor.py:925} INFO - DAG(s) 'example_external_task_marker_child', 'example_external_task_marker_parent' retrieved from /home/usmail/sys_fraud/sys_detection_frauds/lib/python3.12/site-packages/airflow/example_dags/example_external_task_marker_dag.py
[2025-03-21T21:00:44.712+0000] {logging_mixin.py:190} INFO - [2025-03-21T21:00:44.711+0000] {dag.py:3239} INFO - Sync 2 DAGs
[2025-03-21T21:00:44.719+0000] {logging_mixin.py:190} INFO - [2025-03-21T21:00:44.719+0000] {dag.py:4180} INFO - Setting next_dagrun for example_external_task_marker_child to None, run_after=None
[2025-03-21T21:00:44.721+0000] {logging_mixin.py:190} INFO - [2025-03-21T21:00:44.721+0000] {dag.py:4180} INFO - Setting next_dagrun for example_external_task_marker_parent to None, run_after=None
[2025-03-21T21:00:44.738+0000] {processor.py:208} INFO - Processing /home/usmail/sys_fraud/sys_detection_frauds/lib/python3.12/site-packages/airflow/example_dags/example_external_task_marker_dag.py took 0.058 seconds
[2025-03-21T21:01:39.268+0000] {processor.py:186} INFO - Started process (PID=3732136) to work on /home/usmail/sys_fraud/sys_detection_frauds/lib/python3.12/site-packages/airflow/example_dags/example_external_task_marker_dag.py
[2025-03-21T21:01:39.268+0000] {processor.py:914} INFO - Processing file /home/usmail/sys_fraud/sys_detection_frauds/lib/python3.12/site-packages/airflow/example_dags/example_external_task_marker_dag.py for tasks to queue
[2025-03-21T21:01:39.270+0000] {logging_mixin.py:190} INFO - [2025-03-21T21:01:39.269+0000] {dagbag.py:588} INFO - Filling up the DagBag from /home/usmail/sys_fraud/sys_detection_frauds/lib/python3.12/site-packages/airflow/example_dags/example_external_task_marker_dag.py
[2025-03-21T21:01:39.277+0000] {processor.py:925} INFO - DAG(s) 'example_external_task_marker_parent', 'example_external_task_marker_child' retrieved from /home/usmail/sys_fraud/sys_detection_frauds/lib/python3.12/site-packages/airflow/example_dags/example_external_task_marker_dag.py
[2025-03-21T21:01:39.286+0000] {logging_mixin.py:190} INFO - [2025-03-21T21:01:39.286+0000] {dag.py:3239} INFO - Sync 2 DAGs
[2025-03-21T21:01:39.293+0000] {logging_mixin.py:190} INFO - [2025-03-21T21:01:39.293+0000] {dag.py:4180} INFO - Setting next_dagrun for example_external_task_marker_child to None, run_after=None
[2025-03-21T21:01:39.295+0000] {logging_mixin.py:190} INFO - [2025-03-21T21:01:39.295+0000] {dag.py:4180} INFO - Setting next_dagrun for example_external_task_marker_parent to None, run_after=None
[2025-03-21T21:01:39.306+0000] {processor.py:208} INFO - Processing /home/usmail/sys_fraud/sys_detection_frauds/lib/python3.12/site-packages/airflow/example_dags/example_external_task_marker_dag.py took 0.043 seconds
[2025-03-21T21:02:36.093+0000] {processor.py:186} INFO - Started process (PID=3732818) to work on /home/usmail/sys_fraud/sys_detection_frauds/lib/python3.12/site-packages/airflow/example_dags/example_external_task_marker_dag.py
[2025-03-21T21:02:36.102+0000] {processor.py:914} INFO - Processing file /home/usmail/sys_fraud/sys_detection_frauds/lib/python3.12/site-packages/airflow/example_dags/example_external_task_marker_dag.py for tasks to queue
[2025-03-21T21:02:36.105+0000] {logging_mixin.py:190} INFO - [2025-03-21T21:02:36.104+0000] {dagbag.py:588} INFO - Filling up the DagBag from /home/usmail/sys_fraud/sys_detection_frauds/lib/python3.12/site-packages/airflow/example_dags/example_external_task_marker_dag.py
[2025-03-21T21:02:36.114+0000] {processor.py:925} INFO - DAG(s) 'example_external_task_marker_child', 'example_external_task_marker_parent' retrieved from /home/usmail/sys_fraud/sys_detection_frauds/lib/python3.12/site-packages/airflow/example_dags/example_external_task_marker_dag.py
[2025-03-21T21:02:36.125+0000] {logging_mixin.py:190} INFO - [2025-03-21T21:02:36.125+0000] {dag.py:3239} INFO - Sync 2 DAGs
[2025-03-21T21:02:36.132+0000] {logging_mixin.py:190} INFO - [2025-03-21T21:02:36.132+0000] {dag.py:4180} INFO - Setting next_dagrun for example_external_task_marker_child to None, run_after=None
[2025-03-21T21:02:36.134+0000] {logging_mixin.py:190} INFO - [2025-03-21T21:02:36.134+0000] {dag.py:4180} INFO - Setting next_dagrun for example_external_task_marker_parent to None, run_after=None
[2025-03-21T21:02:36.150+0000] {processor.py:208} INFO - Processing /home/usmail/sys_fraud/sys_detection_frauds/lib/python3.12/site-packages/airflow/example_dags/example_external_task_marker_dag.py took 0.063 seconds
[2025-03-21T21:03:28.274+0000] {processor.py:186} INFO - Started process (PID=3733565) to work on /home/usmail/sys_fraud/sys_detection_frauds/lib/python3.12/site-packages/airflow/example_dags/example_external_task_marker_dag.py
[2025-03-21T21:03:28.283+0000] {processor.py:914} INFO - Processing file /home/usmail/sys_fraud/sys_detection_frauds/lib/python3.12/site-packages/airflow/example_dags/example_external_task_marker_dag.py for tasks to queue
[2025-03-21T21:03:28.286+0000] {logging_mixin.py:190} INFO - [2025-03-21T21:03:28.286+0000] {dagbag.py:588} INFO - Filling up the DagBag from /home/usmail/sys_fraud/sys_detection_frauds/lib/python3.12/site-packages/airflow/example_dags/example_external_task_marker_dag.py
[2025-03-21T21:03:28.295+0000] {processor.py:925} INFO - DAG(s) 'example_external_task_marker_child', 'example_external_task_marker_parent' retrieved from /home/usmail/sys_fraud/sys_detection_frauds/lib/python3.12/site-packages/airflow/example_dags/example_external_task_marker_dag.py
[2025-03-21T21:03:28.305+0000] {logging_mixin.py:190} INFO - [2025-03-21T21:03:28.305+0000] {dag.py:3239} INFO - Sync 2 DAGs
[2025-03-21T21:03:28.312+0000] {logging_mixin.py:190} INFO - [2025-03-21T21:03:28.312+0000] {dag.py:4180} INFO - Setting next_dagrun for example_external_task_marker_child to None, run_after=None
[2025-03-21T21:03:28.314+0000] {logging_mixin.py:190} INFO - [2025-03-21T21:03:28.314+0000] {dag.py:4180} INFO - Setting next_dagrun for example_external_task_marker_parent to None, run_after=None
[2025-03-21T21:03:28.324+0000] {processor.py:208} INFO - Processing /home/usmail/sys_fraud/sys_detection_frauds/lib/python3.12/site-packages/airflow/example_dags/example_external_task_marker_dag.py took 0.058 seconds
[2025-03-21T21:04:25.358+0000] {processor.py:186} INFO - Started process (PID=3734278) to work on /home/usmail/sys_fraud/sys_detection_frauds/lib/python3.12/site-packages/airflow/example_dags/example_external_task_marker_dag.py
[2025-03-21T21:04:25.367+0000] {processor.py:914} INFO - Processing file /home/usmail/sys_fraud/sys_detection_frauds/lib/python3.12/site-packages/airflow/example_dags/example_external_task_marker_dag.py for tasks to queue
[2025-03-21T21:04:25.369+0000] {logging_mixin.py:190} INFO - [2025-03-21T21:04:25.369+0000] {dagbag.py:588} INFO - Filling up the DagBag from /home/usmail/sys_fraud/sys_detection_frauds/lib/python3.12/site-packages/airflow/example_dags/example_external_task_marker_dag.py
[2025-03-21T21:04:25.377+0000] {processor.py:925} INFO - DAG(s) 'example_external_task_marker_child', 'example_external_task_marker_parent' retrieved from /home/usmail/sys_fraud/sys_detection_frauds/lib/python3.12/site-packages/airflow/example_dags/example_external_task_marker_dag.py
[2025-03-21T21:04:25.394+0000] {logging_mixin.py:190} INFO - [2025-03-21T21:04:25.394+0000] {dag.py:3239} INFO - Sync 2 DAGs
[2025-03-21T21:04:25.406+0000] {logging_mixin.py:190} INFO - [2025-03-21T21:04:25.406+0000] {dag.py:4180} INFO - Setting next_dagrun for example_external_task_marker_child to None, run_after=None
[2025-03-21T21:04:25.410+0000] {logging_mixin.py:190} INFO - [2025-03-21T21:04:25.410+0000] {dag.py:4180} INFO - Setting next_dagrun for example_external_task_marker_parent to None, run_after=None
[2025-03-21T21:04:25.427+0000] {processor.py:208} INFO - Processing /home/usmail/sys_fraud/sys_detection_frauds/lib/python3.12/site-packages/airflow/example_dags/example_external_task_marker_dag.py took 0.076 seconds
[2025-03-21T21:05:18.157+0000] {processor.py:186} INFO - Started process (PID=3735141) to work on /home/usmail/sys_fraud/sys_detection_frauds/lib/python3.12/site-packages/airflow/example_dags/example_external_task_marker_dag.py
[2025-03-21T21:05:18.166+0000] {processor.py:914} INFO - Processing file /home/usmail/sys_fraud/sys_detection_frauds/lib/python3.12/site-packages/airflow/example_dags/example_external_task_marker_dag.py for tasks to queue
[2025-03-21T21:05:18.169+0000] {logging_mixin.py:190} INFO - [2025-03-21T21:05:18.168+0000] {dagbag.py:588} INFO - Filling up the DagBag from /home/usmail/sys_fraud/sys_detection_frauds/lib/python3.12/site-packages/airflow/example_dags/example_external_task_marker_dag.py
[2025-03-21T21:05:18.178+0000] {processor.py:925} INFO - DAG(s) 'example_external_task_marker_child', 'example_external_task_marker_parent' retrieved from /home/usmail/sys_fraud/sys_detection_frauds/lib/python3.12/site-packages/airflow/example_dags/example_external_task_marker_dag.py
[2025-03-21T21:05:18.188+0000] {logging_mixin.py:190} INFO - [2025-03-21T21:05:18.188+0000] {dag.py:3239} INFO - Sync 2 DAGs
[2025-03-21T21:05:18.196+0000] {logging_mixin.py:190} INFO - [2025-03-21T21:05:18.195+0000] {dag.py:4180} INFO - Setting next_dagrun for example_external_task_marker_child to None, run_after=None
[2025-03-21T21:05:18.197+0000] {logging_mixin.py:190} INFO - [2025-03-21T21:05:18.197+0000] {dag.py:4180} INFO - Setting next_dagrun for example_external_task_marker_parent to None, run_after=None
[2025-03-21T21:05:18.210+0000] {processor.py:208} INFO - Processing /home/usmail/sys_fraud/sys_detection_frauds/lib/python3.12/site-packages/airflow/example_dags/example_external_task_marker_dag.py took 0.058 seconds
[2025-03-21T21:06:13.221+0000] {processor.py:186} INFO - Started process (PID=3735829) to work on /home/usmail/sys_fraud/sys_detection_frauds/lib/python3.12/site-packages/airflow/example_dags/example_external_task_marker_dag.py
[2025-03-21T21:06:13.229+0000] {processor.py:914} INFO - Processing file /home/usmail/sys_fraud/sys_detection_frauds/lib/python3.12/site-packages/airflow/example_dags/example_external_task_marker_dag.py for tasks to queue
[2025-03-21T21:06:13.232+0000] {logging_mixin.py:190} INFO - [2025-03-21T21:06:13.232+0000] {dagbag.py:588} INFO - Filling up the DagBag from /home/usmail/sys_fraud/sys_detection_frauds/lib/python3.12/site-packages/airflow/example_dags/example_external_task_marker_dag.py
[2025-03-21T21:06:13.239+0000] {processor.py:925} INFO - DAG(s) 'example_external_task_marker_child', 'example_external_task_marker_parent' retrieved from /home/usmail/sys_fraud/sys_detection_frauds/lib/python3.12/site-packages/airflow/example_dags/example_external_task_marker_dag.py
[2025-03-21T21:06:13.250+0000] {logging_mixin.py:190} INFO - [2025-03-21T21:06:13.250+0000] {dag.py:3239} INFO - Sync 2 DAGs
[2025-03-21T21:06:13.258+0000] {logging_mixin.py:190} INFO - [2025-03-21T21:06:13.257+0000] {dag.py:4180} INFO - Setting next_dagrun for example_external_task_marker_child to None, run_after=None
[2025-03-21T21:06:13.260+0000] {logging_mixin.py:190} INFO - [2025-03-21T21:06:13.260+0000] {dag.py:4180} INFO - Setting next_dagrun for example_external_task_marker_parent to None, run_after=None
[2025-03-21T21:06:13.276+0000] {processor.py:208} INFO - Processing /home/usmail/sys_fraud/sys_detection_frauds/lib/python3.12/site-packages/airflow/example_dags/example_external_task_marker_dag.py took 0.063 seconds
[2025-03-21T21:07:05.126+0000] {processor.py:186} INFO - Started process (PID=3737133) to work on /home/usmail/sys_fraud/sys_detection_frauds/lib/python3.12/site-packages/airflow/example_dags/example_external_task_marker_dag.py
[2025-03-21T21:07:05.127+0000] {processor.py:914} INFO - Processing file /home/usmail/sys_fraud/sys_detection_frauds/lib/python3.12/site-packages/airflow/example_dags/example_external_task_marker_dag.py for tasks to queue
[2025-03-21T21:07:05.128+0000] {logging_mixin.py:190} INFO - [2025-03-21T21:07:05.128+0000] {dagbag.py:588} INFO - Filling up the DagBag from /home/usmail/sys_fraud/sys_detection_frauds/lib/python3.12/site-packages/airflow/example_dags/example_external_task_marker_dag.py
[2025-03-21T21:07:05.133+0000] {processor.py:925} INFO - DAG(s) 'example_external_task_marker_child', 'example_external_task_marker_parent' retrieved from /home/usmail/sys_fraud/sys_detection_frauds/lib/python3.12/site-packages/airflow/example_dags/example_external_task_marker_dag.py
[2025-03-21T21:07:05.145+0000] {logging_mixin.py:190} INFO - [2025-03-21T21:07:05.144+0000] {dag.py:3239} INFO - Sync 2 DAGs
[2025-03-21T21:07:05.153+0000] {logging_mixin.py:190} INFO - [2025-03-21T21:07:05.152+0000] {dag.py:4180} INFO - Setting next_dagrun for example_external_task_marker_child to None, run_after=None
[2025-03-21T21:07:05.155+0000] {logging_mixin.py:190} INFO - [2025-03-21T21:07:05.154+0000] {dag.py:4180} INFO - Setting next_dagrun for example_external_task_marker_parent to None, run_after=None
[2025-03-21T21:07:05.166+0000] {processor.py:208} INFO - Processing /home/usmail/sys_fraud/sys_detection_frauds/lib/python3.12/site-packages/airflow/example_dags/example_external_task_marker_dag.py took 0.046 seconds
[2025-03-21T21:07:59.769+0000] {processor.py:186} INFO - Started process (PID=3737837) to work on /home/usmail/sys_fraud/sys_detection_frauds/lib/python3.12/site-packages/airflow/example_dags/example_external_task_marker_dag.py
[2025-03-21T21:07:59.778+0000] {processor.py:914} INFO - Processing file /home/usmail/sys_fraud/sys_detection_frauds/lib/python3.12/site-packages/airflow/example_dags/example_external_task_marker_dag.py for tasks to queue
[2025-03-21T21:07:59.779+0000] {logging_mixin.py:190} INFO - [2025-03-21T21:07:59.779+0000] {dagbag.py:588} INFO - Filling up the DagBag from /home/usmail/sys_fraud/sys_detection_frauds/lib/python3.12/site-packages/airflow/example_dags/example_external_task_marker_dag.py
[2025-03-21T21:07:59.784+0000] {processor.py:925} INFO - DAG(s) 'example_external_task_marker_child', 'example_external_task_marker_parent' retrieved from /home/usmail/sys_fraud/sys_detection_frauds/lib/python3.12/site-packages/airflow/example_dags/example_external_task_marker_dag.py
[2025-03-21T21:07:59.797+0000] {logging_mixin.py:190} INFO - [2025-03-21T21:07:59.796+0000] {dag.py:3239} INFO - Sync 2 DAGs
[2025-03-21T21:07:59.807+0000] {logging_mixin.py:190} INFO - [2025-03-21T21:07:59.806+0000] {dag.py:4180} INFO - Setting next_dagrun for example_external_task_marker_child to None, run_after=None
[2025-03-21T21:07:59.809+0000] {logging_mixin.py:190} INFO - [2025-03-21T21:07:59.809+0000] {dag.py:4180} INFO - Setting next_dagrun for example_external_task_marker_parent to None, run_after=None
[2025-03-21T21:07:59.822+0000] {processor.py:208} INFO - Processing /home/usmail/sys_fraud/sys_detection_frauds/lib/python3.12/site-packages/airflow/example_dags/example_external_task_marker_dag.py took 0.058 seconds
[2025-03-21T21:09:03.642+0000] {processor.py:186} INFO - Started process (PID=3738641) to work on /home/usmail/sys_fraud/sys_detection_frauds/lib/python3.12/site-packages/airflow/example_dags/example_external_task_marker_dag.py
[2025-03-21T21:09:03.651+0000] {processor.py:914} INFO - Processing file /home/usmail/sys_fraud/sys_detection_frauds/lib/python3.12/site-packages/airflow/example_dags/example_external_task_marker_dag.py for tasks to queue
[2025-03-21T21:09:03.653+0000] {logging_mixin.py:190} INFO - [2025-03-21T21:09:03.652+0000] {dagbag.py:588} INFO - Filling up the DagBag from /home/usmail/sys_fraud/sys_detection_frauds/lib/python3.12/site-packages/airflow/example_dags/example_external_task_marker_dag.py
[2025-03-21T21:09:03.665+0000] {processor.py:925} INFO - DAG(s) 'example_external_task_marker_child', 'example_external_task_marker_parent' retrieved from /home/usmail/sys_fraud/sys_detection_frauds/lib/python3.12/site-packages/airflow/example_dags/example_external_task_marker_dag.py
[2025-03-21T21:09:03.689+0000] {logging_mixin.py:190} INFO - [2025-03-21T21:09:03.688+0000] {dag.py:3239} INFO - Sync 2 DAGs
[2025-03-21T21:09:03.700+0000] {logging_mixin.py:190} INFO - [2025-03-21T21:09:03.700+0000] {dag.py:4180} INFO - Setting next_dagrun for example_external_task_marker_child to None, run_after=None
[2025-03-21T21:09:03.703+0000] {logging_mixin.py:190} INFO - [2025-03-21T21:09:03.703+0000] {dag.py:4180} INFO - Setting next_dagrun for example_external_task_marker_parent to None, run_after=None
[2025-03-21T21:09:03.717+0000] {processor.py:208} INFO - Processing /home/usmail/sys_fraud/sys_detection_frauds/lib/python3.12/site-packages/airflow/example_dags/example_external_task_marker_dag.py took 0.082 seconds
[2025-03-21T21:09:58.355+0000] {processor.py:186} INFO - Started process (PID=3739445) to work on /home/usmail/sys_fraud/sys_detection_frauds/lib/python3.12/site-packages/airflow/example_dags/example_external_task_marker_dag.py
[2025-03-21T21:09:58.364+0000] {processor.py:914} INFO - Processing file /home/usmail/sys_fraud/sys_detection_frauds/lib/python3.12/site-packages/airflow/example_dags/example_external_task_marker_dag.py for tasks to queue
[2025-03-21T21:09:58.367+0000] {logging_mixin.py:190} INFO - [2025-03-21T21:09:58.367+0000] {dagbag.py:588} INFO - Filling up the DagBag from /home/usmail/sys_fraud/sys_detection_frauds/lib/python3.12/site-packages/airflow/example_dags/example_external_task_marker_dag.py
[2025-03-21T21:09:58.380+0000] {processor.py:925} INFO - DAG(s) 'example_external_task_marker_parent', 'example_external_task_marker_child' retrieved from /home/usmail/sys_fraud/sys_detection_frauds/lib/python3.12/site-packages/airflow/example_dags/example_external_task_marker_dag.py
[2025-03-21T21:09:58.412+0000] {logging_mixin.py:190} INFO - [2025-03-21T21:09:58.412+0000] {dag.py:3239} INFO - Sync 2 DAGs
[2025-03-21T21:09:58.425+0000] {logging_mixin.py:190} INFO - [2025-03-21T21:09:58.425+0000] {dag.py:4180} INFO - Setting next_dagrun for example_external_task_marker_child to None, run_after=None
[2025-03-21T21:09:58.428+0000] {logging_mixin.py:190} INFO - [2025-03-21T21:09:58.428+0000] {dag.py:4180} INFO - Setting next_dagrun for example_external_task_marker_parent to None, run_after=None
[2025-03-21T21:09:58.451+0000] {processor.py:208} INFO - Processing /home/usmail/sys_fraud/sys_detection_frauds/lib/python3.12/site-packages/airflow/example_dags/example_external_task_marker_dag.py took 0.108 seconds
[2025-03-21T21:10:55.564+0000] {processor.py:186} INFO - Started process (PID=3741016) to work on /home/usmail/sys_fraud/sys_detection_frauds/lib/python3.12/site-packages/airflow/example_dags/example_external_task_marker_dag.py
[2025-03-21T21:10:55.565+0000] {processor.py:914} INFO - Processing file /home/usmail/sys_fraud/sys_detection_frauds/lib/python3.12/site-packages/airflow/example_dags/example_external_task_marker_dag.py for tasks to queue
[2025-03-21T21:10:55.567+0000] {logging_mixin.py:190} INFO - [2025-03-21T21:10:55.567+0000] {dagbag.py:588} INFO - Filling up the DagBag from /home/usmail/sys_fraud/sys_detection_frauds/lib/python3.12/site-packages/airflow/example_dags/example_external_task_marker_dag.py
[2025-03-21T21:10:55.575+0000] {processor.py:925} INFO - DAG(s) 'example_external_task_marker_parent', 'example_external_task_marker_child' retrieved from /home/usmail/sys_fraud/sys_detection_frauds/lib/python3.12/site-packages/airflow/example_dags/example_external_task_marker_dag.py
[2025-03-21T21:10:55.590+0000] {logging_mixin.py:190} INFO - [2025-03-21T21:10:55.589+0000] {dag.py:3239} INFO - Sync 2 DAGs
[2025-03-21T21:10:55.600+0000] {logging_mixin.py:190} INFO - [2025-03-21T21:10:55.599+0000] {dag.py:4180} INFO - Setting next_dagrun for example_external_task_marker_child to None, run_after=None
[2025-03-21T21:10:55.602+0000] {logging_mixin.py:190} INFO - [2025-03-21T21:10:55.602+0000] {dag.py:4180} INFO - Setting next_dagrun for example_external_task_marker_parent to None, run_after=None
[2025-03-21T21:10:55.616+0000] {processor.py:208} INFO - Processing /home/usmail/sys_fraud/sys_detection_frauds/lib/python3.12/site-packages/airflow/example_dags/example_external_task_marker_dag.py took 0.059 seconds
[2025-03-21T21:11:52.278+0000] {processor.py:186} INFO - Started process (PID=3742120) to work on /home/usmail/sys_fraud/sys_detection_frauds/lib/python3.12/site-packages/airflow/example_dags/example_external_task_marker_dag.py
[2025-03-21T21:11:52.286+0000] {processor.py:914} INFO - Processing file /home/usmail/sys_fraud/sys_detection_frauds/lib/python3.12/site-packages/airflow/example_dags/example_external_task_marker_dag.py for tasks to queue
[2025-03-21T21:11:52.288+0000] {logging_mixin.py:190} INFO - [2025-03-21T21:11:52.288+0000] {dagbag.py:588} INFO - Filling up the DagBag from /home/usmail/sys_fraud/sys_detection_frauds/lib/python3.12/site-packages/airflow/example_dags/example_external_task_marker_dag.py
[2025-03-21T21:11:52.294+0000] {processor.py:925} INFO - DAG(s) 'example_external_task_marker_parent', 'example_external_task_marker_child' retrieved from /home/usmail/sys_fraud/sys_detection_frauds/lib/python3.12/site-packages/airflow/example_dags/example_external_task_marker_dag.py
[2025-03-21T21:11:52.308+0000] {logging_mixin.py:190} INFO - [2025-03-21T21:11:52.308+0000] {dag.py:3239} INFO - Sync 2 DAGs
[2025-03-21T21:11:52.318+0000] {logging_mixin.py:190} INFO - [2025-03-21T21:11:52.317+0000] {dag.py:4180} INFO - Setting next_dagrun for example_external_task_marker_child to None, run_after=None
[2025-03-21T21:11:52.320+0000] {logging_mixin.py:190} INFO - [2025-03-21T21:11:52.320+0000] {dag.py:4180} INFO - Setting next_dagrun for example_external_task_marker_parent to None, run_after=None
[2025-03-21T21:11:52.335+0000] {processor.py:208} INFO - Processing /home/usmail/sys_fraud/sys_detection_frauds/lib/python3.12/site-packages/airflow/example_dags/example_external_task_marker_dag.py took 0.064 seconds
[2025-03-21T21:12:46.255+0000] {processor.py:186} INFO - Started process (PID=3743181) to work on /home/usmail/sys_fraud/sys_detection_frauds/lib/python3.12/site-packages/airflow/example_dags/example_external_task_marker_dag.py
[2025-03-21T21:12:46.264+0000] {processor.py:914} INFO - Processing file /home/usmail/sys_fraud/sys_detection_frauds/lib/python3.12/site-packages/airflow/example_dags/example_external_task_marker_dag.py for tasks to queue
[2025-03-21T21:12:46.266+0000] {logging_mixin.py:190} INFO - [2025-03-21T21:12:46.265+0000] {dagbag.py:588} INFO - Filling up the DagBag from /home/usmail/sys_fraud/sys_detection_frauds/lib/python3.12/site-packages/airflow/example_dags/example_external_task_marker_dag.py
[2025-03-21T21:12:46.272+0000] {processor.py:925} INFO - DAG(s) 'example_external_task_marker_parent', 'example_external_task_marker_child' retrieved from /home/usmail/sys_fraud/sys_detection_frauds/lib/python3.12/site-packages/airflow/example_dags/example_external_task_marker_dag.py
[2025-03-21T21:12:46.285+0000] {logging_mixin.py:190} INFO - [2025-03-21T21:12:46.285+0000] {dag.py:3239} INFO - Sync 2 DAGs
[2025-03-21T21:12:46.295+0000] {logging_mixin.py:190} INFO - [2025-03-21T21:12:46.294+0000] {dag.py:4180} INFO - Setting next_dagrun for example_external_task_marker_child to None, run_after=None
[2025-03-21T21:12:46.297+0000] {logging_mixin.py:190} INFO - [2025-03-21T21:12:46.297+0000] {dag.py:4180} INFO - Setting next_dagrun for example_external_task_marker_parent to None, run_after=None
[2025-03-21T21:12:46.312+0000] {processor.py:208} INFO - Processing /home/usmail/sys_fraud/sys_detection_frauds/lib/python3.12/site-packages/airflow/example_dags/example_external_task_marker_dag.py took 0.062 seconds
[2025-03-21T21:13:38.283+0000] {processor.py:186} INFO - Started process (PID=3744102) to work on /home/usmail/sys_fraud/sys_detection_frauds/lib/python3.12/site-packages/airflow/example_dags/example_external_task_marker_dag.py
[2025-03-21T21:13:38.292+0000] {processor.py:914} INFO - Processing file /home/usmail/sys_fraud/sys_detection_frauds/lib/python3.12/site-packages/airflow/example_dags/example_external_task_marker_dag.py for tasks to queue
[2025-03-21T21:13:38.293+0000] {logging_mixin.py:190} INFO - [2025-03-21T21:13:38.293+0000] {dagbag.py:588} INFO - Filling up the DagBag from /home/usmail/sys_fraud/sys_detection_frauds/lib/python3.12/site-packages/airflow/example_dags/example_external_task_marker_dag.py
[2025-03-21T21:13:38.303+0000] {processor.py:925} INFO - DAG(s) 'example_external_task_marker_parent', 'example_external_task_marker_child' retrieved from /home/usmail/sys_fraud/sys_detection_frauds/lib/python3.12/site-packages/airflow/example_dags/example_external_task_marker_dag.py
[2025-03-21T21:13:38.323+0000] {logging_mixin.py:190} INFO - [2025-03-21T21:13:38.322+0000] {dag.py:3239} INFO - Sync 2 DAGs
[2025-03-21T21:13:38.334+0000] {logging_mixin.py:190} INFO - [2025-03-21T21:13:38.334+0000] {dag.py:4180} INFO - Setting next_dagrun for example_external_task_marker_child to None, run_after=None
[2025-03-21T21:13:38.337+0000] {logging_mixin.py:190} INFO - [2025-03-21T21:13:38.337+0000] {dag.py:4180} INFO - Setting next_dagrun for example_external_task_marker_parent to None, run_after=None
[2025-03-21T21:13:38.353+0000] {processor.py:208} INFO - Processing /home/usmail/sys_fraud/sys_detection_frauds/lib/python3.12/site-packages/airflow/example_dags/example_external_task_marker_dag.py took 0.076 seconds
[2025-03-21T21:14:30.562+0000] {processor.py:186} INFO - Started process (PID=3744902) to work on /home/usmail/sys_fraud/sys_detection_frauds/lib/python3.12/site-packages/airflow/example_dags/example_external_task_marker_dag.py
[2025-03-21T21:14:30.571+0000] {processor.py:914} INFO - Processing file /home/usmail/sys_fraud/sys_detection_frauds/lib/python3.12/site-packages/airflow/example_dags/example_external_task_marker_dag.py for tasks to queue
[2025-03-21T21:14:30.574+0000] {logging_mixin.py:190} INFO - [2025-03-21T21:14:30.574+0000] {dagbag.py:588} INFO - Filling up the DagBag from /home/usmail/sys_fraud/sys_detection_frauds/lib/python3.12/site-packages/airflow/example_dags/example_external_task_marker_dag.py
[2025-03-21T21:14:30.587+0000] {processor.py:925} INFO - DAG(s) 'example_external_task_marker_parent', 'example_external_task_marker_child' retrieved from /home/usmail/sys_fraud/sys_detection_frauds/lib/python3.12/site-packages/airflow/example_dags/example_external_task_marker_dag.py
[2025-03-21T21:14:30.614+0000] {logging_mixin.py:190} INFO - [2025-03-21T21:14:30.614+0000] {dag.py:3239} INFO - Sync 2 DAGs
[2025-03-21T21:14:30.631+0000] {logging_mixin.py:190} INFO - [2025-03-21T21:14:30.631+0000] {dag.py:4180} INFO - Setting next_dagrun for example_external_task_marker_child to None, run_after=None
[2025-03-21T21:14:30.634+0000] {logging_mixin.py:190} INFO - [2025-03-21T21:14:30.634+0000] {dag.py:4180} INFO - Setting next_dagrun for example_external_task_marker_parent to None, run_after=None
[2025-03-21T21:14:30.665+0000] {processor.py:208} INFO - Processing /home/usmail/sys_fraud/sys_detection_frauds/lib/python3.12/site-packages/airflow/example_dags/example_external_task_marker_dag.py took 0.115 seconds
[2025-03-21T21:15:32.258+0000] {processor.py:186} INFO - Started process (PID=3745676) to work on /home/usmail/sys_fraud/sys_detection_frauds/lib/python3.12/site-packages/airflow/example_dags/example_external_task_marker_dag.py
[2025-03-21T21:15:32.267+0000] {processor.py:914} INFO - Processing file /home/usmail/sys_fraud/sys_detection_frauds/lib/python3.12/site-packages/airflow/example_dags/example_external_task_marker_dag.py for tasks to queue
[2025-03-21T21:15:32.270+0000] {logging_mixin.py:190} INFO - [2025-03-21T21:15:32.270+0000] {dagbag.py:588} INFO - Filling up the DagBag from /home/usmail/sys_fraud/sys_detection_frauds/lib/python3.12/site-packages/airflow/example_dags/example_external_task_marker_dag.py
[2025-03-21T21:15:32.283+0000] {processor.py:925} INFO - DAG(s) 'example_external_task_marker_parent', 'example_external_task_marker_child' retrieved from /home/usmail/sys_fraud/sys_detection_frauds/lib/python3.12/site-packages/airflow/example_dags/example_external_task_marker_dag.py
[2025-03-21T21:15:32.309+0000] {logging_mixin.py:190} INFO - [2025-03-21T21:15:32.309+0000] {dag.py:3239} INFO - Sync 2 DAGs
[2025-03-21T21:15:32.326+0000] {logging_mixin.py:190} INFO - [2025-03-21T21:15:32.326+0000] {dag.py:4180} INFO - Setting next_dagrun for example_external_task_marker_child to None, run_after=None
[2025-03-21T21:15:32.329+0000] {logging_mixin.py:190} INFO - [2025-03-21T21:15:32.329+0000] {dag.py:4180} INFO - Setting next_dagrun for example_external_task_marker_parent to None, run_after=None
[2025-03-21T21:15:32.344+0000] {processor.py:208} INFO - Processing /home/usmail/sys_fraud/sys_detection_frauds/lib/python3.12/site-packages/airflow/example_dags/example_external_task_marker_dag.py took 0.098 seconds
[2025-03-21T21:16:33.495+0000] {processor.py:186} INFO - Started process (PID=3746454) to work on /home/usmail/sys_fraud/sys_detection_frauds/lib/python3.12/site-packages/airflow/example_dags/example_external_task_marker_dag.py
[2025-03-21T21:16:33.504+0000] {processor.py:914} INFO - Processing file /home/usmail/sys_fraud/sys_detection_frauds/lib/python3.12/site-packages/airflow/example_dags/example_external_task_marker_dag.py for tasks to queue
[2025-03-21T21:16:33.507+0000] {logging_mixin.py:190} INFO - [2025-03-21T21:16:33.507+0000] {dagbag.py:588} INFO - Filling up the DagBag from /home/usmail/sys_fraud/sys_detection_frauds/lib/python3.12/site-packages/airflow/example_dags/example_external_task_marker_dag.py
[2025-03-21T21:16:33.520+0000] {processor.py:925} INFO - DAG(s) 'example_external_task_marker_child', 'example_external_task_marker_parent' retrieved from /home/usmail/sys_fraud/sys_detection_frauds/lib/python3.12/site-packages/airflow/example_dags/example_external_task_marker_dag.py
[2025-03-21T21:16:33.547+0000] {logging_mixin.py:190} INFO - [2025-03-21T21:16:33.546+0000] {dag.py:3239} INFO - Sync 2 DAGs
[2025-03-21T21:16:33.563+0000] {logging_mixin.py:190} INFO - [2025-03-21T21:16:33.562+0000] {dag.py:4180} INFO - Setting next_dagrun for example_external_task_marker_child to None, run_after=None
[2025-03-21T21:16:33.566+0000] {logging_mixin.py:190} INFO - [2025-03-21T21:16:33.566+0000] {dag.py:4180} INFO - Setting next_dagrun for example_external_task_marker_parent to None, run_after=None
[2025-03-21T21:16:33.582+0000] {processor.py:208} INFO - Processing /home/usmail/sys_fraud/sys_detection_frauds/lib/python3.12/site-packages/airflow/example_dags/example_external_task_marker_dag.py took 0.099 seconds
[2025-03-21T21:17:34.985+0000] {processor.py:186} INFO - Started process (PID=3747226) to work on /home/usmail/sys_fraud/sys_detection_frauds/lib/python3.12/site-packages/airflow/example_dags/example_external_task_marker_dag.py
[2025-03-21T21:17:34.993+0000] {processor.py:914} INFO - Processing file /home/usmail/sys_fraud/sys_detection_frauds/lib/python3.12/site-packages/airflow/example_dags/example_external_task_marker_dag.py for tasks to queue
[2025-03-21T21:17:34.996+0000] {logging_mixin.py:190} INFO - [2025-03-21T21:17:34.996+0000] {dagbag.py:588} INFO - Filling up the DagBag from /home/usmail/sys_fraud/sys_detection_frauds/lib/python3.12/site-packages/airflow/example_dags/example_external_task_marker_dag.py
[2025-03-21T21:17:35.009+0000] {processor.py:925} INFO - DAG(s) 'example_external_task_marker_parent', 'example_external_task_marker_child' retrieved from /home/usmail/sys_fraud/sys_detection_frauds/lib/python3.12/site-packages/airflow/example_dags/example_external_task_marker_dag.py
[2025-03-21T21:17:35.037+0000] {logging_mixin.py:190} INFO - [2025-03-21T21:17:35.036+0000] {dag.py:3239} INFO - Sync 2 DAGs
[2025-03-21T21:17:35.053+0000] {logging_mixin.py:190} INFO - [2025-03-21T21:17:35.053+0000] {dag.py:4180} INFO - Setting next_dagrun for example_external_task_marker_child to None, run_after=None
[2025-03-21T21:17:35.056+0000] {logging_mixin.py:190} INFO - [2025-03-21T21:17:35.056+0000] {dag.py:4180} INFO - Setting next_dagrun for example_external_task_marker_parent to None, run_after=None
[2025-03-21T21:17:35.071+0000] {processor.py:208} INFO - Processing /home/usmail/sys_fraud/sys_detection_frauds/lib/python3.12/site-packages/airflow/example_dags/example_external_task_marker_dag.py took 0.098 seconds
[2025-03-21T21:18:41.329+0000] {processor.py:186} INFO - Started process (PID=3748029) to work on /home/usmail/sys_fraud/sys_detection_frauds/lib/python3.12/site-packages/airflow/example_dags/example_external_task_marker_dag.py
[2025-03-21T21:18:41.338+0000] {processor.py:914} INFO - Processing file /home/usmail/sys_fraud/sys_detection_frauds/lib/python3.12/site-packages/airflow/example_dags/example_external_task_marker_dag.py for tasks to queue
[2025-03-21T21:18:41.341+0000] {logging_mixin.py:190} INFO - [2025-03-21T21:18:41.341+0000] {dagbag.py:588} INFO - Filling up the DagBag from /home/usmail/sys_fraud/sys_detection_frauds/lib/python3.12/site-packages/airflow/example_dags/example_external_task_marker_dag.py
[2025-03-21T21:18:41.353+0000] {processor.py:925} INFO - DAG(s) 'example_external_task_marker_parent', 'example_external_task_marker_child' retrieved from /home/usmail/sys_fraud/sys_detection_frauds/lib/python3.12/site-packages/airflow/example_dags/example_external_task_marker_dag.py
[2025-03-21T21:18:41.380+0000] {logging_mixin.py:190} INFO - [2025-03-21T21:18:41.380+0000] {dag.py:3239} INFO - Sync 2 DAGs
[2025-03-21T21:18:41.397+0000] {logging_mixin.py:190} INFO - [2025-03-21T21:18:41.396+0000] {dag.py:4180} INFO - Setting next_dagrun for example_external_task_marker_child to None, run_after=None
[2025-03-21T21:18:41.400+0000] {logging_mixin.py:190} INFO - [2025-03-21T21:18:41.400+0000] {dag.py:4180} INFO - Setting next_dagrun for example_external_task_marker_parent to None, run_after=None
[2025-03-21T21:18:41.447+0000] {processor.py:208} INFO - Processing /home/usmail/sys_fraud/sys_detection_frauds/lib/python3.12/site-packages/airflow/example_dags/example_external_task_marker_dag.py took 0.131 seconds
[2025-03-21T21:19:44.204+0000] {processor.py:186} INFO - Started process (PID=3748789) to work on /home/usmail/sys_fraud/sys_detection_frauds/lib/python3.12/site-packages/airflow/example_dags/example_external_task_marker_dag.py
[2025-03-21T21:19:44.213+0000] {processor.py:914} INFO - Processing file /home/usmail/sys_fraud/sys_detection_frauds/lib/python3.12/site-packages/airflow/example_dags/example_external_task_marker_dag.py for tasks to queue
[2025-03-21T21:19:44.216+0000] {logging_mixin.py:190} INFO - [2025-03-21T21:19:44.216+0000] {dagbag.py:588} INFO - Filling up the DagBag from /home/usmail/sys_fraud/sys_detection_frauds/lib/python3.12/site-packages/airflow/example_dags/example_external_task_marker_dag.py
[2025-03-21T21:19:44.228+0000] {processor.py:925} INFO - DAG(s) 'example_external_task_marker_parent', 'example_external_task_marker_child' retrieved from /home/usmail/sys_fraud/sys_detection_frauds/lib/python3.12/site-packages/airflow/example_dags/example_external_task_marker_dag.py
[2025-03-21T21:19:44.255+0000] {logging_mixin.py:190} INFO - [2025-03-21T21:19:44.255+0000] {dag.py:3239} INFO - Sync 2 DAGs
[2025-03-21T21:19:44.272+0000] {logging_mixin.py:190} INFO - [2025-03-21T21:19:44.272+0000] {dag.py:4180} INFO - Setting next_dagrun for example_external_task_marker_child to None, run_after=None
[2025-03-21T21:19:44.275+0000] {logging_mixin.py:190} INFO - [2025-03-21T21:19:44.275+0000] {dag.py:4180} INFO - Setting next_dagrun for example_external_task_marker_parent to None, run_after=None
[2025-03-21T21:19:44.294+0000] {processor.py:208} INFO - Processing /home/usmail/sys_fraud/sys_detection_frauds/lib/python3.12/site-packages/airflow/example_dags/example_external_task_marker_dag.py took 0.101 seconds
[2025-03-21T21:20:47.184+0000] {processor.py:186} INFO - Started process (PID=3749538) to work on /home/usmail/sys_fraud/sys_detection_frauds/lib/python3.12/site-packages/airflow/example_dags/example_external_task_marker_dag.py
[2025-03-21T21:20:47.193+0000] {processor.py:914} INFO - Processing file /home/usmail/sys_fraud/sys_detection_frauds/lib/python3.12/site-packages/airflow/example_dags/example_external_task_marker_dag.py for tasks to queue
[2025-03-21T21:20:47.196+0000] {logging_mixin.py:190} INFO - [2025-03-21T21:20:47.196+0000] {dagbag.py:588} INFO - Filling up the DagBag from /home/usmail/sys_fraud/sys_detection_frauds/lib/python3.12/site-packages/airflow/example_dags/example_external_task_marker_dag.py
[2025-03-21T21:20:47.209+0000] {processor.py:925} INFO - DAG(s) 'example_external_task_marker_parent', 'example_external_task_marker_child' retrieved from /home/usmail/sys_fraud/sys_detection_frauds/lib/python3.12/site-packages/airflow/example_dags/example_external_task_marker_dag.py
[2025-03-21T21:20:47.239+0000] {logging_mixin.py:190} INFO - [2025-03-21T21:20:47.239+0000] {dag.py:3239} INFO - Sync 2 DAGs
[2025-03-21T21:20:47.255+0000] {logging_mixin.py:190} INFO - [2025-03-21T21:20:47.254+0000] {dag.py:4180} INFO - Setting next_dagrun for example_external_task_marker_child to None, run_after=None
[2025-03-21T21:20:47.257+0000] {logging_mixin.py:190} INFO - [2025-03-21T21:20:47.257+0000] {dag.py:4180} INFO - Setting next_dagrun for example_external_task_marker_parent to None, run_after=None
[2025-03-21T21:20:47.282+0000] {processor.py:208} INFO - Processing /home/usmail/sys_fraud/sys_detection_frauds/lib/python3.12/site-packages/airflow/example_dags/example_external_task_marker_dag.py took 0.111 seconds
[2025-03-21T21:21:52.469+0000] {processor.py:186} INFO - Started process (PID=3750347) to work on /home/usmail/sys_fraud/sys_detection_frauds/lib/python3.12/site-packages/airflow/example_dags/example_external_task_marker_dag.py
[2025-03-21T21:21:52.478+0000] {processor.py:914} INFO - Processing file /home/usmail/sys_fraud/sys_detection_frauds/lib/python3.12/site-packages/airflow/example_dags/example_external_task_marker_dag.py for tasks to queue
[2025-03-21T21:21:52.482+0000] {logging_mixin.py:190} INFO - [2025-03-21T21:21:52.481+0000] {dagbag.py:588} INFO - Filling up the DagBag from /home/usmail/sys_fraud/sys_detection_frauds/lib/python3.12/site-packages/airflow/example_dags/example_external_task_marker_dag.py
[2025-03-21T21:21:52.494+0000] {processor.py:925} INFO - DAG(s) 'example_external_task_marker_parent', 'example_external_task_marker_child' retrieved from /home/usmail/sys_fraud/sys_detection_frauds/lib/python3.12/site-packages/airflow/example_dags/example_external_task_marker_dag.py
[2025-03-21T21:21:52.523+0000] {logging_mixin.py:190} INFO - [2025-03-21T21:21:52.522+0000] {dag.py:3239} INFO - Sync 2 DAGs
[2025-03-21T21:21:52.537+0000] {logging_mixin.py:190} INFO - [2025-03-21T21:21:52.537+0000] {dag.py:4180} INFO - Setting next_dagrun for example_external_task_marker_child to None, run_after=None
[2025-03-21T21:21:52.540+0000] {logging_mixin.py:190} INFO - [2025-03-21T21:21:52.540+0000] {dag.py:4180} INFO - Setting next_dagrun for example_external_task_marker_parent to None, run_after=None
[2025-03-21T21:21:52.562+0000] {processor.py:208} INFO - Processing /home/usmail/sys_fraud/sys_detection_frauds/lib/python3.12/site-packages/airflow/example_dags/example_external_task_marker_dag.py took 0.105 seconds
[2025-03-21T21:22:59.300+0000] {processor.py:186} INFO - Started process (PID=3751187) to work on /home/usmail/sys_fraud/sys_detection_frauds/lib/python3.12/site-packages/airflow/example_dags/example_external_task_marker_dag.py
[2025-03-21T21:22:59.310+0000] {processor.py:914} INFO - Processing file /home/usmail/sys_fraud/sys_detection_frauds/lib/python3.12/site-packages/airflow/example_dags/example_external_task_marker_dag.py for tasks to queue
[2025-03-21T21:22:59.313+0000] {logging_mixin.py:190} INFO - [2025-03-21T21:22:59.312+0000] {dagbag.py:588} INFO - Filling up the DagBag from /home/usmail/sys_fraud/sys_detection_frauds/lib/python3.12/site-packages/airflow/example_dags/example_external_task_marker_dag.py
[2025-03-21T21:22:59.326+0000] {processor.py:925} INFO - DAG(s) 'example_external_task_marker_parent', 'example_external_task_marker_child' retrieved from /home/usmail/sys_fraud/sys_detection_frauds/lib/python3.12/site-packages/airflow/example_dags/example_external_task_marker_dag.py
[2025-03-21T21:22:59.352+0000] {logging_mixin.py:190} INFO - [2025-03-21T21:22:59.352+0000] {dag.py:3239} INFO - Sync 2 DAGs
[2025-03-21T21:22:59.369+0000] {logging_mixin.py:190} INFO - [2025-03-21T21:22:59.369+0000] {dag.py:4180} INFO - Setting next_dagrun for example_external_task_marker_child to None, run_after=None
[2025-03-21T21:22:59.372+0000] {logging_mixin.py:190} INFO - [2025-03-21T21:22:59.372+0000] {dag.py:4180} INFO - Setting next_dagrun for example_external_task_marker_parent to None, run_after=None
[2025-03-21T21:22:59.397+0000] {processor.py:208} INFO - Processing /home/usmail/sys_fraud/sys_detection_frauds/lib/python3.12/site-packages/airflow/example_dags/example_external_task_marker_dag.py took 0.109 seconds
[2025-03-21T21:24:00.714+0000] {processor.py:186} INFO - Started process (PID=3751917) to work on /home/usmail/sys_fraud/sys_detection_frauds/lib/python3.12/site-packages/airflow/example_dags/example_external_task_marker_dag.py
[2025-03-21T21:24:00.723+0000] {processor.py:914} INFO - Processing file /home/usmail/sys_fraud/sys_detection_frauds/lib/python3.12/site-packages/airflow/example_dags/example_external_task_marker_dag.py for tasks to queue
[2025-03-21T21:24:00.726+0000] {logging_mixin.py:190} INFO - [2025-03-21T21:24:00.725+0000] {dagbag.py:588} INFO - Filling up the DagBag from /home/usmail/sys_fraud/sys_detection_frauds/lib/python3.12/site-packages/airflow/example_dags/example_external_task_marker_dag.py
[2025-03-21T21:24:00.739+0000] {processor.py:925} INFO - DAG(s) 'example_external_task_marker_child', 'example_external_task_marker_parent' retrieved from /home/usmail/sys_fraud/sys_detection_frauds/lib/python3.12/site-packages/airflow/example_dags/example_external_task_marker_dag.py
[2025-03-21T21:24:00.766+0000] {logging_mixin.py:190} INFO - [2025-03-21T21:24:00.766+0000] {dag.py:3239} INFO - Sync 2 DAGs
[2025-03-21T21:24:00.782+0000] {logging_mixin.py:190} INFO - [2025-03-21T21:24:00.782+0000] {dag.py:4180} INFO - Setting next_dagrun for example_external_task_marker_child to None, run_after=None
[2025-03-21T21:24:00.785+0000] {logging_mixin.py:190} INFO - [2025-03-21T21:24:00.785+0000] {dag.py:4180} INFO - Setting next_dagrun for example_external_task_marker_parent to None, run_after=None
[2025-03-21T21:24:00.807+0000] {processor.py:208} INFO - Processing /home/usmail/sys_fraud/sys_detection_frauds/lib/python3.12/site-packages/airflow/example_dags/example_external_task_marker_dag.py took 0.106 seconds
[2025-03-21T21:25:03.616+0000] {processor.py:186} INFO - Started process (PID=3752575) to work on /home/usmail/sys_fraud/sys_detection_frauds/lib/python3.12/site-packages/airflow/example_dags/example_external_task_marker_dag.py
[2025-03-21T21:25:03.625+0000] {processor.py:914} INFO - Processing file /home/usmail/sys_fraud/sys_detection_frauds/lib/python3.12/site-packages/airflow/example_dags/example_external_task_marker_dag.py for tasks to queue
[2025-03-21T21:25:03.628+0000] {logging_mixin.py:190} INFO - [2025-03-21T21:25:03.628+0000] {dagbag.py:588} INFO - Filling up the DagBag from /home/usmail/sys_fraud/sys_detection_frauds/lib/python3.12/site-packages/airflow/example_dags/example_external_task_marker_dag.py
[2025-03-21T21:25:03.641+0000] {processor.py:925} INFO - DAG(s) 'example_external_task_marker_child', 'example_external_task_marker_parent' retrieved from /home/usmail/sys_fraud/sys_detection_frauds/lib/python3.12/site-packages/airflow/example_dags/example_external_task_marker_dag.py
[2025-03-21T21:25:03.667+0000] {logging_mixin.py:190} INFO - [2025-03-21T21:25:03.667+0000] {dag.py:3239} INFO - Sync 2 DAGs
[2025-03-21T21:25:03.683+0000] {logging_mixin.py:190} INFO - [2025-03-21T21:25:03.683+0000] {dag.py:4180} INFO - Setting next_dagrun for example_external_task_marker_child to None, run_after=None
[2025-03-21T21:25:03.686+0000] {logging_mixin.py:190} INFO - [2025-03-21T21:25:03.686+0000] {dag.py:4180} INFO - Setting next_dagrun for example_external_task_marker_parent to None, run_after=None
[2025-03-21T21:25:03.712+0000] {processor.py:208} INFO - Processing /home/usmail/sys_fraud/sys_detection_frauds/lib/python3.12/site-packages/airflow/example_dags/example_external_task_marker_dag.py took 0.108 seconds
[2025-03-21T21:26:09.769+0000] {processor.py:186} INFO - Started process (PID=3753288) to work on /home/usmail/sys_fraud/sys_detection_frauds/lib/python3.12/site-packages/airflow/example_dags/example_external_task_marker_dag.py
[2025-03-21T21:26:09.778+0000] {processor.py:914} INFO - Processing file /home/usmail/sys_fraud/sys_detection_frauds/lib/python3.12/site-packages/airflow/example_dags/example_external_task_marker_dag.py for tasks to queue
[2025-03-21T21:26:09.781+0000] {logging_mixin.py:190} INFO - [2025-03-21T21:26:09.780+0000] {dagbag.py:588} INFO - Filling up the DagBag from /home/usmail/sys_fraud/sys_detection_frauds/lib/python3.12/site-packages/airflow/example_dags/example_external_task_marker_dag.py
[2025-03-21T21:26:09.795+0000] {processor.py:925} INFO - DAG(s) 'example_external_task_marker_parent', 'example_external_task_marker_child' retrieved from /home/usmail/sys_fraud/sys_detection_frauds/lib/python3.12/site-packages/airflow/example_dags/example_external_task_marker_dag.py
[2025-03-21T21:26:09.821+0000] {logging_mixin.py:190} INFO - [2025-03-21T21:26:09.821+0000] {dag.py:3239} INFO - Sync 2 DAGs
[2025-03-21T21:26:09.837+0000] {logging_mixin.py:190} INFO - [2025-03-21T21:26:09.837+0000] {dag.py:4180} INFO - Setting next_dagrun for example_external_task_marker_child to None, run_after=None
[2025-03-21T21:26:09.840+0000] {logging_mixin.py:190} INFO - [2025-03-21T21:26:09.840+0000] {dag.py:4180} INFO - Setting next_dagrun for example_external_task_marker_parent to None, run_after=None
[2025-03-21T21:26:09.858+0000] {processor.py:208} INFO - Processing /home/usmail/sys_fraud/sys_detection_frauds/lib/python3.12/site-packages/airflow/example_dags/example_external_task_marker_dag.py took 0.101 seconds
[2025-03-21T21:27:11.364+0000] {processor.py:186} INFO - Started process (PID=3753925) to work on /home/usmail/sys_fraud/sys_detection_frauds/lib/python3.12/site-packages/airflow/example_dags/example_external_task_marker_dag.py
[2025-03-21T21:27:11.373+0000] {processor.py:914} INFO - Processing file /home/usmail/sys_fraud/sys_detection_frauds/lib/python3.12/site-packages/airflow/example_dags/example_external_task_marker_dag.py for tasks to queue
[2025-03-21T21:27:11.376+0000] {logging_mixin.py:190} INFO - [2025-03-21T21:27:11.376+0000] {dagbag.py:588} INFO - Filling up the DagBag from /home/usmail/sys_fraud/sys_detection_frauds/lib/python3.12/site-packages/airflow/example_dags/example_external_task_marker_dag.py
[2025-03-21T21:27:11.389+0000] {processor.py:925} INFO - DAG(s) 'example_external_task_marker_parent', 'example_external_task_marker_child' retrieved from /home/usmail/sys_fraud/sys_detection_frauds/lib/python3.12/site-packages/airflow/example_dags/example_external_task_marker_dag.py
[2025-03-21T21:27:11.419+0000] {logging_mixin.py:190} INFO - [2025-03-21T21:27:11.418+0000] {dag.py:3239} INFO - Sync 2 DAGs
[2025-03-21T21:27:11.445+0000] {logging_mixin.py:190} INFO - [2025-03-21T21:27:11.445+0000] {dag.py:4180} INFO - Setting next_dagrun for example_external_task_marker_child to None, run_after=None
[2025-03-21T21:27:11.451+0000] {logging_mixin.py:190} INFO - [2025-03-21T21:27:11.450+0000] {dag.py:4180} INFO - Setting next_dagrun for example_external_task_marker_parent to None, run_after=None
[2025-03-21T21:27:11.478+0000] {processor.py:208} INFO - Processing /home/usmail/sys_fraud/sys_detection_frauds/lib/python3.12/site-packages/airflow/example_dags/example_external_task_marker_dag.py took 0.126 seconds
[2025-03-21T21:28:14.403+0000] {processor.py:186} INFO - Started process (PID=3754580) to work on /home/usmail/sys_fraud/sys_detection_frauds/lib/python3.12/site-packages/airflow/example_dags/example_external_task_marker_dag.py
[2025-03-21T21:28:14.412+0000] {processor.py:914} INFO - Processing file /home/usmail/sys_fraud/sys_detection_frauds/lib/python3.12/site-packages/airflow/example_dags/example_external_task_marker_dag.py for tasks to queue
[2025-03-21T21:28:14.415+0000] {logging_mixin.py:190} INFO - [2025-03-21T21:28:14.415+0000] {dagbag.py:588} INFO - Filling up the DagBag from /home/usmail/sys_fraud/sys_detection_frauds/lib/python3.12/site-packages/airflow/example_dags/example_external_task_marker_dag.py
[2025-03-21T21:28:14.428+0000] {processor.py:925} INFO - DAG(s) 'example_external_task_marker_child', 'example_external_task_marker_parent' retrieved from /home/usmail/sys_fraud/sys_detection_frauds/lib/python3.12/site-packages/airflow/example_dags/example_external_task_marker_dag.py
[2025-03-21T21:28:14.454+0000] {logging_mixin.py:190} INFO - [2025-03-21T21:28:14.454+0000] {dag.py:3239} INFO - Sync 2 DAGs
[2025-03-21T21:28:14.468+0000] {logging_mixin.py:190} INFO - [2025-03-21T21:28:14.468+0000] {dag.py:4180} INFO - Setting next_dagrun for example_external_task_marker_child to None, run_after=None
[2025-03-21T21:28:14.471+0000] {logging_mixin.py:190} INFO - [2025-03-21T21:28:14.471+0000] {dag.py:4180} INFO - Setting next_dagrun for example_external_task_marker_parent to None, run_after=None
[2025-03-21T21:28:14.486+0000] {processor.py:208} INFO - Processing /home/usmail/sys_fraud/sys_detection_frauds/lib/python3.12/site-packages/airflow/example_dags/example_external_task_marker_dag.py took 0.095 seconds
[2025-03-21T21:29:13.128+0000] {processor.py:186} INFO - Started process (PID=3755196) to work on /home/usmail/sys_fraud/sys_detection_frauds/lib/python3.12/site-packages/airflow/example_dags/example_external_task_marker_dag.py
[2025-03-21T21:29:13.138+0000] {processor.py:914} INFO - Processing file /home/usmail/sys_fraud/sys_detection_frauds/lib/python3.12/site-packages/airflow/example_dags/example_external_task_marker_dag.py for tasks to queue
[2025-03-21T21:29:13.141+0000] {logging_mixin.py:190} INFO - [2025-03-21T21:29:13.141+0000] {dagbag.py:588} INFO - Filling up the DagBag from /home/usmail/sys_fraud/sys_detection_frauds/lib/python3.12/site-packages/airflow/example_dags/example_external_task_marker_dag.py
[2025-03-21T21:29:13.154+0000] {processor.py:925} INFO - DAG(s) 'example_external_task_marker_parent', 'example_external_task_marker_child' retrieved from /home/usmail/sys_fraud/sys_detection_frauds/lib/python3.12/site-packages/airflow/example_dags/example_external_task_marker_dag.py
[2025-03-21T21:29:13.182+0000] {logging_mixin.py:190} INFO - [2025-03-21T21:29:13.181+0000] {dag.py:3239} INFO - Sync 2 DAGs
[2025-03-21T21:29:13.198+0000] {logging_mixin.py:190} INFO - [2025-03-21T21:29:13.197+0000] {dag.py:4180} INFO - Setting next_dagrun for example_external_task_marker_child to None, run_after=None
[2025-03-21T21:29:13.201+0000] {logging_mixin.py:190} INFO - [2025-03-21T21:29:13.201+0000] {dag.py:4180} INFO - Setting next_dagrun for example_external_task_marker_parent to None, run_after=None
[2025-03-21T21:29:13.216+0000] {processor.py:208} INFO - Processing /home/usmail/sys_fraud/sys_detection_frauds/lib/python3.12/site-packages/airflow/example_dags/example_external_task_marker_dag.py took 0.099 seconds
[2025-03-21T21:30:18.431+0000] {processor.py:186} INFO - Started process (PID=3755892) to work on /home/usmail/sys_fraud/sys_detection_frauds/lib/python3.12/site-packages/airflow/example_dags/example_external_task_marker_dag.py
[2025-03-21T21:30:18.440+0000] {processor.py:914} INFO - Processing file /home/usmail/sys_fraud/sys_detection_frauds/lib/python3.12/site-packages/airflow/example_dags/example_external_task_marker_dag.py for tasks to queue
[2025-03-21T21:30:18.445+0000] {logging_mixin.py:190} INFO - [2025-03-21T21:30:18.444+0000] {dagbag.py:588} INFO - Filling up the DagBag from /home/usmail/sys_fraud/sys_detection_frauds/lib/python3.12/site-packages/airflow/example_dags/example_external_task_marker_dag.py
[2025-03-21T21:30:18.463+0000] {processor.py:925} INFO - DAG(s) 'example_external_task_marker_child', 'example_external_task_marker_parent' retrieved from /home/usmail/sys_fraud/sys_detection_frauds/lib/python3.12/site-packages/airflow/example_dags/example_external_task_marker_dag.py
[2025-03-21T21:30:18.491+0000] {logging_mixin.py:190} INFO - [2025-03-21T21:30:18.490+0000] {dag.py:3239} INFO - Sync 2 DAGs
[2025-03-21T21:30:18.503+0000] {logging_mixin.py:190} INFO - [2025-03-21T21:30:18.503+0000] {dag.py:4180} INFO - Setting next_dagrun for example_external_task_marker_child to None, run_after=None
[2025-03-21T21:30:18.506+0000] {logging_mixin.py:190} INFO - [2025-03-21T21:30:18.506+0000] {dag.py:4180} INFO - Setting next_dagrun for example_external_task_marker_parent to None, run_after=None
[2025-03-21T21:30:18.523+0000] {processor.py:208} INFO - Processing /home/usmail/sys_fraud/sys_detection_frauds/lib/python3.12/site-packages/airflow/example_dags/example_external_task_marker_dag.py took 0.105 seconds
[2025-03-21T21:31:25.497+0000] {processor.py:186} INFO - Started process (PID=3756578) to work on /home/usmail/sys_fraud/sys_detection_frauds/lib/python3.12/site-packages/airflow/example_dags/example_external_task_marker_dag.py
[2025-03-21T21:31:25.506+0000] {processor.py:914} INFO - Processing file /home/usmail/sys_fraud/sys_detection_frauds/lib/python3.12/site-packages/airflow/example_dags/example_external_task_marker_dag.py for tasks to queue
[2025-03-21T21:31:25.509+0000] {logging_mixin.py:190} INFO - [2025-03-21T21:31:25.508+0000] {dagbag.py:588} INFO - Filling up the DagBag from /home/usmail/sys_fraud/sys_detection_frauds/lib/python3.12/site-packages/airflow/example_dags/example_external_task_marker_dag.py
[2025-03-21T21:31:25.521+0000] {processor.py:925} INFO - DAG(s) 'example_external_task_marker_parent', 'example_external_task_marker_child' retrieved from /home/usmail/sys_fraud/sys_detection_frauds/lib/python3.12/site-packages/airflow/example_dags/example_external_task_marker_dag.py
[2025-03-21T21:31:25.548+0000] {logging_mixin.py:190} INFO - [2025-03-21T21:31:25.547+0000] {dag.py:3239} INFO - Sync 2 DAGs
[2025-03-21T21:31:25.565+0000] {logging_mixin.py:190} INFO - [2025-03-21T21:31:25.564+0000] {dag.py:4180} INFO - Setting next_dagrun for example_external_task_marker_child to None, run_after=None
[2025-03-21T21:31:25.568+0000] {logging_mixin.py:190} INFO - [2025-03-21T21:31:25.568+0000] {dag.py:4180} INFO - Setting next_dagrun for example_external_task_marker_parent to None, run_after=None
[2025-03-21T21:31:25.591+0000] {processor.py:208} INFO - Processing /home/usmail/sys_fraud/sys_detection_frauds/lib/python3.12/site-packages/airflow/example_dags/example_external_task_marker_dag.py took 0.107 seconds
[2025-03-21T21:32:31.100+0000] {processor.py:186} INFO - Started process (PID=3757274) to work on /home/usmail/sys_fraud/sys_detection_frauds/lib/python3.12/site-packages/airflow/example_dags/example_external_task_marker_dag.py
[2025-03-21T21:32:31.109+0000] {processor.py:914} INFO - Processing file /home/usmail/sys_fraud/sys_detection_frauds/lib/python3.12/site-packages/airflow/example_dags/example_external_task_marker_dag.py for tasks to queue
[2025-03-21T21:32:31.113+0000] {logging_mixin.py:190} INFO - [2025-03-21T21:32:31.112+0000] {dagbag.py:588} INFO - Filling up the DagBag from /home/usmail/sys_fraud/sys_detection_frauds/lib/python3.12/site-packages/airflow/example_dags/example_external_task_marker_dag.py
[2025-03-21T21:32:31.126+0000] {processor.py:925} INFO - DAG(s) 'example_external_task_marker_child', 'example_external_task_marker_parent' retrieved from /home/usmail/sys_fraud/sys_detection_frauds/lib/python3.12/site-packages/airflow/example_dags/example_external_task_marker_dag.py
[2025-03-21T21:32:31.152+0000] {logging_mixin.py:190} INFO - [2025-03-21T21:32:31.152+0000] {dag.py:3239} INFO - Sync 2 DAGs
[2025-03-21T21:32:31.168+0000] {logging_mixin.py:190} INFO - [2025-03-21T21:32:31.168+0000] {dag.py:4180} INFO - Setting next_dagrun for example_external_task_marker_child to None, run_after=None
[2025-03-21T21:32:31.171+0000] {logging_mixin.py:190} INFO - [2025-03-21T21:32:31.171+0000] {dag.py:4180} INFO - Setting next_dagrun for example_external_task_marker_parent to None, run_after=None
[2025-03-21T21:32:31.204+0000] {processor.py:208} INFO - Processing /home/usmail/sys_fraud/sys_detection_frauds/lib/python3.12/site-packages/airflow/example_dags/example_external_task_marker_dag.py took 0.117 seconds
[2025-03-21T21:33:31.853+0000] {processor.py:186} INFO - Started process (PID=3757914) to work on /home/usmail/sys_fraud/sys_detection_frauds/lib/python3.12/site-packages/airflow/example_dags/example_external_task_marker_dag.py
[2025-03-21T21:33:31.862+0000] {processor.py:914} INFO - Processing file /home/usmail/sys_fraud/sys_detection_frauds/lib/python3.12/site-packages/airflow/example_dags/example_external_task_marker_dag.py for tasks to queue
[2025-03-21T21:33:31.866+0000] {logging_mixin.py:190} INFO - [2025-03-21T21:33:31.865+0000] {dagbag.py:588} INFO - Filling up the DagBag from /home/usmail/sys_fraud/sys_detection_frauds/lib/python3.12/site-packages/airflow/example_dags/example_external_task_marker_dag.py
[2025-03-21T21:33:31.878+0000] {processor.py:925} INFO - DAG(s) 'example_external_task_marker_child', 'example_external_task_marker_parent' retrieved from /home/usmail/sys_fraud/sys_detection_frauds/lib/python3.12/site-packages/airflow/example_dags/example_external_task_marker_dag.py
[2025-03-21T21:33:31.906+0000] {logging_mixin.py:190} INFO - [2025-03-21T21:33:31.905+0000] {dag.py:3239} INFO - Sync 2 DAGs
[2025-03-21T21:33:31.920+0000] {logging_mixin.py:190} INFO - [2025-03-21T21:33:31.920+0000] {dag.py:4180} INFO - Setting next_dagrun for example_external_task_marker_child to None, run_after=None
[2025-03-21T21:33:31.923+0000] {logging_mixin.py:190} INFO - [2025-03-21T21:33:31.923+0000] {dag.py:4180} INFO - Setting next_dagrun for example_external_task_marker_parent to None, run_after=None
[2025-03-21T21:33:31.944+0000] {processor.py:208} INFO - Processing /home/usmail/sys_fraud/sys_detection_frauds/lib/python3.12/site-packages/airflow/example_dags/example_external_task_marker_dag.py took 0.103 seconds
[2025-03-21T22:19:49.589+0000] {processor.py:186} INFO - Started process (PID=3758851) to work on /home/usmail/sys_fraud/sys_detection_frauds/lib/python3.12/site-packages/airflow/example_dags/example_external_task_marker_dag.py
[2025-03-21T22:19:49.598+0000] {processor.py:914} INFO - Processing file /home/usmail/sys_fraud/sys_detection_frauds/lib/python3.12/site-packages/airflow/example_dags/example_external_task_marker_dag.py for tasks to queue
[2025-03-21T22:19:49.601+0000] {logging_mixin.py:190} INFO - [2025-03-21T22:19:49.601+0000] {dagbag.py:588} INFO - Filling up the DagBag from /home/usmail/sys_fraud/sys_detection_frauds/lib/python3.12/site-packages/airflow/example_dags/example_external_task_marker_dag.py
[2025-03-21T22:19:49.616+0000] {processor.py:925} INFO - DAG(s) 'example_external_task_marker_parent', 'example_external_task_marker_child' retrieved from /home/usmail/sys_fraud/sys_detection_frauds/lib/python3.12/site-packages/airflow/example_dags/example_external_task_marker_dag.py
[2025-03-21T22:19:49.645+0000] {logging_mixin.py:190} INFO - [2025-03-21T22:19:49.645+0000] {dag.py:3239} INFO - Sync 2 DAGs
[2025-03-21T22:19:49.660+0000] {logging_mixin.py:190} INFO - [2025-03-21T22:19:49.660+0000] {dag.py:4180} INFO - Setting next_dagrun for example_external_task_marker_child to None, run_after=None
[2025-03-21T22:19:49.663+0000] {logging_mixin.py:190} INFO - [2025-03-21T22:19:49.663+0000] {dag.py:4180} INFO - Setting next_dagrun for example_external_task_marker_parent to None, run_after=None
[2025-03-21T22:19:49.679+0000] {processor.py:208} INFO - Processing /home/usmail/sys_fraud/sys_detection_frauds/lib/python3.12/site-packages/airflow/example_dags/example_external_task_marker_dag.py took 0.103 seconds
[2025-03-21T22:20:55.353+0000] {processor.py:186} INFO - Started process (PID=3759825) to work on /home/usmail/sys_fraud/sys_detection_frauds/lib/python3.12/site-packages/airflow/example_dags/example_external_task_marker_dag.py
[2025-03-21T22:20:55.362+0000] {processor.py:914} INFO - Processing file /home/usmail/sys_fraud/sys_detection_frauds/lib/python3.12/site-packages/airflow/example_dags/example_external_task_marker_dag.py for tasks to queue
[2025-03-21T22:20:55.365+0000] {logging_mixin.py:190} INFO - [2025-03-21T22:20:55.364+0000] {dagbag.py:588} INFO - Filling up the DagBag from /home/usmail/sys_fraud/sys_detection_frauds/lib/python3.12/site-packages/airflow/example_dags/example_external_task_marker_dag.py
[2025-03-21T22:20:55.381+0000] {processor.py:925} INFO - DAG(s) 'example_external_task_marker_parent', 'example_external_task_marker_child' retrieved from /home/usmail/sys_fraud/sys_detection_frauds/lib/python3.12/site-packages/airflow/example_dags/example_external_task_marker_dag.py
[2025-03-21T22:20:55.413+0000] {logging_mixin.py:190} INFO - [2025-03-21T22:20:55.413+0000] {dag.py:3239} INFO - Sync 2 DAGs
[2025-03-21T22:20:55.427+0000] {logging_mixin.py:190} INFO - [2025-03-21T22:20:55.426+0000] {dag.py:4180} INFO - Setting next_dagrun for example_external_task_marker_child to None, run_after=None
[2025-03-21T22:20:55.429+0000] {logging_mixin.py:190} INFO - [2025-03-21T22:20:55.429+0000] {dag.py:4180} INFO - Setting next_dagrun for example_external_task_marker_parent to None, run_after=None
[2025-03-21T22:20:55.445+0000] {processor.py:208} INFO - Processing /home/usmail/sys_fraud/sys_detection_frauds/lib/python3.12/site-packages/airflow/example_dags/example_external_task_marker_dag.py took 0.107 seconds
[2025-03-21T22:21:56.535+0000] {processor.py:186} INFO - Started process (PID=3760697) to work on /home/usmail/sys_fraud/sys_detection_frauds/lib/python3.12/site-packages/airflow/example_dags/example_external_task_marker_dag.py
[2025-03-21T22:21:56.537+0000] {processor.py:914} INFO - Processing file /home/usmail/sys_fraud/sys_detection_frauds/lib/python3.12/site-packages/airflow/example_dags/example_external_task_marker_dag.py for tasks to queue
[2025-03-21T22:21:56.539+0000] {logging_mixin.py:190} INFO - [2025-03-21T22:21:56.538+0000] {dagbag.py:588} INFO - Filling up the DagBag from /home/usmail/sys_fraud/sys_detection_frauds/lib/python3.12/site-packages/airflow/example_dags/example_external_task_marker_dag.py
[2025-03-21T22:21:56.551+0000] {processor.py:925} INFO - DAG(s) 'example_external_task_marker_parent', 'example_external_task_marker_child' retrieved from /home/usmail/sys_fraud/sys_detection_frauds/lib/python3.12/site-packages/airflow/example_dags/example_external_task_marker_dag.py
[2025-03-21T22:21:56.581+0000] {logging_mixin.py:190} INFO - [2025-03-21T22:21:56.581+0000] {dag.py:3239} INFO - Sync 2 DAGs
[2025-03-21T22:21:56.594+0000] {logging_mixin.py:190} INFO - [2025-03-21T22:21:56.594+0000] {dag.py:4180} INFO - Setting next_dagrun for example_external_task_marker_child to None, run_after=None
[2025-03-21T22:21:56.598+0000] {logging_mixin.py:190} INFO - [2025-03-21T22:21:56.598+0000] {dag.py:4180} INFO - Setting next_dagrun for example_external_task_marker_parent to None, run_after=None
[2025-03-21T22:21:56.617+0000] {processor.py:208} INFO - Processing /home/usmail/sys_fraud/sys_detection_frauds/lib/python3.12/site-packages/airflow/example_dags/example_external_task_marker_dag.py took 0.093 seconds
