[2025-03-21T20:49:32.574+0000] {processor.py:186} INFO - Started process (PID=3722894) to work on /home/usmail/sys_fraud/sys_detection_frauds/lib/python3.12/site-packages/airflow/example_dags/example_trigger_target_dag.py
[2025-03-21T20:49:32.574+0000] {processor.py:914} INFO - Processing file /home/usmail/sys_fraud/sys_detection_frauds/lib/python3.12/site-packages/airflow/example_dags/example_trigger_target_dag.py for tasks to queue
[2025-03-21T20:49:32.575+0000] {logging_mixin.py:190} INFO - [2025-03-21T20:49:32.575+0000] {dagbag.py:588} INFO - Filling up the DagBag from /home/usmail/sys_fraud/sys_detection_frauds/lib/python3.12/site-packages/airflow/example_dags/example_trigger_target_dag.py
[2025-03-21T20:49:32.580+0000] {processor.py:925} INFO - DAG(s) 'example_trigger_target_dag' retrieved from /home/usmail/sys_fraud/sys_detection_frauds/lib/python3.12/site-packages/airflow/example_dags/example_trigger_target_dag.py
[2025-03-21T20:49:32.642+0000] {logging_mixin.py:190} INFO - [2025-03-21T20:49:32.641+0000] {override.py:1912} INFO - Created Permission View: can edit on DAG:example_trigger_target_dag
[2025-03-21T20:49:32.649+0000] {logging_mixin.py:190} INFO - [2025-03-21T20:49:32.649+0000] {override.py:1912} INFO - Created Permission View: can read on DAG:example_trigger_target_dag
[2025-03-21T20:49:32.654+0000] {logging_mixin.py:190} INFO - [2025-03-21T20:49:32.654+0000] {override.py:1912} INFO - Created Permission View: can delete on DAG:example_trigger_target_dag
[2025-03-21T20:49:32.664+0000] {logging_mixin.py:190} INFO - [2025-03-21T20:49:32.664+0000] {override.py:1912} INFO - Created Permission View: can create on DAG Run:example_trigger_target_dag
[2025-03-21T20:49:32.669+0000] {logging_mixin.py:190} INFO - [2025-03-21T20:49:32.669+0000] {override.py:1912} INFO - Created Permission View: menu access on DAG Run:example_trigger_target_dag
[2025-03-21T20:49:32.674+0000] {logging_mixin.py:190} INFO - [2025-03-21T20:49:32.674+0000] {override.py:1912} INFO - Created Permission View: can read on DAG Run:example_trigger_target_dag
[2025-03-21T20:49:32.679+0000] {logging_mixin.py:190} INFO - [2025-03-21T20:49:32.679+0000] {override.py:1912} INFO - Created Permission View: can delete on DAG Run:example_trigger_target_dag
[2025-03-21T20:49:32.679+0000] {logging_mixin.py:190} INFO - [2025-03-21T20:49:32.679+0000] {dag.py:3239} INFO - Sync 1 DAGs
[2025-03-21T20:49:32.685+0000] {logging_mixin.py:190} INFO - [2025-03-21T20:49:32.685+0000] {dag.py:3262} INFO - Creating ORM DAG for example_trigger_target_dag
[2025-03-21T20:49:32.686+0000] {logging_mixin.py:190} INFO - [2025-03-21T20:49:32.686+0000] {dag.py:4180} INFO - Setting next_dagrun for example_trigger_target_dag to None, run_after=None
[2025-03-21T20:49:32.698+0000] {processor.py:208} INFO - Processing /home/usmail/sys_fraud/sys_detection_frauds/lib/python3.12/site-packages/airflow/example_dags/example_trigger_target_dag.py took 0.128 seconds
[2025-03-21T20:50:32.516+0000] {processor.py:186} INFO - Started process (PID=3723639) to work on /home/usmail/sys_fraud/sys_detection_frauds/lib/python3.12/site-packages/airflow/example_dags/example_trigger_target_dag.py
[2025-03-21T20:50:32.525+0000] {processor.py:914} INFO - Processing file /home/usmail/sys_fraud/sys_detection_frauds/lib/python3.12/site-packages/airflow/example_dags/example_trigger_target_dag.py for tasks to queue
[2025-03-21T20:50:32.526+0000] {logging_mixin.py:190} INFO - [2025-03-21T20:50:32.526+0000] {dagbag.py:588} INFO - Filling up the DagBag from /home/usmail/sys_fraud/sys_detection_frauds/lib/python3.12/site-packages/airflow/example_dags/example_trigger_target_dag.py
[2025-03-21T20:50:32.531+0000] {processor.py:925} INFO - DAG(s) 'example_trigger_target_dag' retrieved from /home/usmail/sys_fraud/sys_detection_frauds/lib/python3.12/site-packages/airflow/example_dags/example_trigger_target_dag.py
[2025-03-21T20:50:32.540+0000] {logging_mixin.py:190} INFO - [2025-03-21T20:50:32.539+0000] {dag.py:3239} INFO - Sync 1 DAGs
[2025-03-21T20:50:32.547+0000] {logging_mixin.py:190} INFO - [2025-03-21T20:50:32.547+0000] {dag.py:4180} INFO - Setting next_dagrun for example_trigger_target_dag to None, run_after=None
[2025-03-21T20:50:32.559+0000] {processor.py:208} INFO - Processing /home/usmail/sys_fraud/sys_detection_frauds/lib/python3.12/site-packages/airflow/example_dags/example_trigger_target_dag.py took 0.046 seconds
[2025-03-21T20:51:27.883+0000] {processor.py:186} INFO - Started process (PID=3724322) to work on /home/usmail/sys_fraud/sys_detection_frauds/lib/python3.12/site-packages/airflow/example_dags/example_trigger_target_dag.py
[2025-03-21T20:51:27.892+0000] {processor.py:914} INFO - Processing file /home/usmail/sys_fraud/sys_detection_frauds/lib/python3.12/site-packages/airflow/example_dags/example_trigger_target_dag.py for tasks to queue
[2025-03-21T20:51:27.895+0000] {logging_mixin.py:190} INFO - [2025-03-21T20:51:27.894+0000] {dagbag.py:588} INFO - Filling up the DagBag from /home/usmail/sys_fraud/sys_detection_frauds/lib/python3.12/site-packages/airflow/example_dags/example_trigger_target_dag.py
[2025-03-21T20:51:27.904+0000] {processor.py:925} INFO - DAG(s) 'example_trigger_target_dag' retrieved from /home/usmail/sys_fraud/sys_detection_frauds/lib/python3.12/site-packages/airflow/example_dags/example_trigger_target_dag.py
[2025-03-21T20:51:27.912+0000] {logging_mixin.py:190} INFO - [2025-03-21T20:51:27.912+0000] {dag.py:3239} INFO - Sync 1 DAGs
[2025-03-21T20:51:27.919+0000] {logging_mixin.py:190} INFO - [2025-03-21T20:51:27.919+0000] {dag.py:4180} INFO - Setting next_dagrun for example_trigger_target_dag to None, run_after=None
[2025-03-21T20:51:27.938+0000] {processor.py:208} INFO - Processing /home/usmail/sys_fraud/sys_detection_frauds/lib/python3.12/site-packages/airflow/example_dags/example_trigger_target_dag.py took 0.059 seconds
[2025-03-21T20:52:18.334+0000] {processor.py:186} INFO - Started process (PID=3724961) to work on /home/usmail/sys_fraud/sys_detection_frauds/lib/python3.12/site-packages/airflow/example_dags/example_trigger_target_dag.py
[2025-03-21T20:52:18.335+0000] {processor.py:914} INFO - Processing file /home/usmail/sys_fraud/sys_detection_frauds/lib/python3.12/site-packages/airflow/example_dags/example_trigger_target_dag.py for tasks to queue
[2025-03-21T20:52:18.337+0000] {logging_mixin.py:190} INFO - [2025-03-21T20:52:18.337+0000] {dagbag.py:588} INFO - Filling up the DagBag from /home/usmail/sys_fraud/sys_detection_frauds/lib/python3.12/site-packages/airflow/example_dags/example_trigger_target_dag.py
[2025-03-21T20:52:18.344+0000] {processor.py:925} INFO - DAG(s) 'example_trigger_target_dag' retrieved from /home/usmail/sys_fraud/sys_detection_frauds/lib/python3.12/site-packages/airflow/example_dags/example_trigger_target_dag.py
[2025-03-21T20:52:18.353+0000] {logging_mixin.py:190} INFO - [2025-03-21T20:52:18.353+0000] {dag.py:3239} INFO - Sync 1 DAGs
[2025-03-21T20:52:18.361+0000] {logging_mixin.py:190} INFO - [2025-03-21T20:52:18.361+0000] {dag.py:4180} INFO - Setting next_dagrun for example_trigger_target_dag to None, run_after=None
[2025-03-21T20:52:18.387+0000] {processor.py:208} INFO - Processing /home/usmail/sys_fraud/sys_detection_frauds/lib/python3.12/site-packages/airflow/example_dags/example_trigger_target_dag.py took 0.059 seconds
[2025-03-21T20:53:10.937+0000] {processor.py:186} INFO - Started process (PID=3725552) to work on /home/usmail/sys_fraud/sys_detection_frauds/lib/python3.12/site-packages/airflow/example_dags/example_trigger_target_dag.py
[2025-03-21T20:53:10.938+0000] {processor.py:914} INFO - Processing file /home/usmail/sys_fraud/sys_detection_frauds/lib/python3.12/site-packages/airflow/example_dags/example_trigger_target_dag.py for tasks to queue
[2025-03-21T20:53:10.941+0000] {logging_mixin.py:190} INFO - [2025-03-21T20:53:10.940+0000] {dagbag.py:588} INFO - Filling up the DagBag from /home/usmail/sys_fraud/sys_detection_frauds/lib/python3.12/site-packages/airflow/example_dags/example_trigger_target_dag.py
[2025-03-21T20:53:10.947+0000] {processor.py:925} INFO - DAG(s) 'example_trigger_target_dag' retrieved from /home/usmail/sys_fraud/sys_detection_frauds/lib/python3.12/site-packages/airflow/example_dags/example_trigger_target_dag.py
[2025-03-21T20:53:10.955+0000] {logging_mixin.py:190} INFO - [2025-03-21T20:53:10.955+0000] {dag.py:3239} INFO - Sync 1 DAGs
[2025-03-21T20:53:10.963+0000] {logging_mixin.py:190} INFO - [2025-03-21T20:53:10.963+0000] {dag.py:4180} INFO - Setting next_dagrun for example_trigger_target_dag to None, run_after=None
[2025-03-21T20:53:10.977+0000] {processor.py:208} INFO - Processing /home/usmail/sys_fraud/sys_detection_frauds/lib/python3.12/site-packages/airflow/example_dags/example_trigger_target_dag.py took 0.045 seconds
[2025-03-21T20:54:06.078+0000] {processor.py:186} INFO - Started process (PID=3726224) to work on /home/usmail/sys_fraud/sys_detection_frauds/lib/python3.12/site-packages/airflow/example_dags/example_trigger_target_dag.py
[2025-03-21T20:54:06.088+0000] {processor.py:914} INFO - Processing file /home/usmail/sys_fraud/sys_detection_frauds/lib/python3.12/site-packages/airflow/example_dags/example_trigger_target_dag.py for tasks to queue
[2025-03-21T20:54:06.091+0000] {logging_mixin.py:190} INFO - [2025-03-21T20:54:06.090+0000] {dagbag.py:588} INFO - Filling up the DagBag from /home/usmail/sys_fraud/sys_detection_frauds/lib/python3.12/site-packages/airflow/example_dags/example_trigger_target_dag.py
[2025-03-21T20:54:06.100+0000] {processor.py:925} INFO - DAG(s) 'example_trigger_target_dag' retrieved from /home/usmail/sys_fraud/sys_detection_frauds/lib/python3.12/site-packages/airflow/example_dags/example_trigger_target_dag.py
[2025-03-21T20:54:06.109+0000] {logging_mixin.py:190} INFO - [2025-03-21T20:54:06.109+0000] {dag.py:3239} INFO - Sync 1 DAGs
[2025-03-21T20:54:06.116+0000] {logging_mixin.py:190} INFO - [2025-03-21T20:54:06.116+0000] {dag.py:4180} INFO - Setting next_dagrun for example_trigger_target_dag to None, run_after=None
[2025-03-21T20:54:06.211+0000] {processor.py:208} INFO - Processing /home/usmail/sys_fraud/sys_detection_frauds/lib/python3.12/site-packages/airflow/example_dags/example_trigger_target_dag.py took 0.141 seconds
[2025-03-21T20:54:57.444+0000] {processor.py:186} INFO - Started process (PID=3726883) to work on /home/usmail/sys_fraud/sys_detection_frauds/lib/python3.12/site-packages/airflow/example_dags/example_trigger_target_dag.py
[2025-03-21T20:54:57.453+0000] {processor.py:914} INFO - Processing file /home/usmail/sys_fraud/sys_detection_frauds/lib/python3.12/site-packages/airflow/example_dags/example_trigger_target_dag.py for tasks to queue
[2025-03-21T20:54:57.456+0000] {logging_mixin.py:190} INFO - [2025-03-21T20:54:57.455+0000] {dagbag.py:588} INFO - Filling up the DagBag from /home/usmail/sys_fraud/sys_detection_frauds/lib/python3.12/site-packages/airflow/example_dags/example_trigger_target_dag.py
[2025-03-21T20:54:57.464+0000] {processor.py:925} INFO - DAG(s) 'example_trigger_target_dag' retrieved from /home/usmail/sys_fraud/sys_detection_frauds/lib/python3.12/site-packages/airflow/example_dags/example_trigger_target_dag.py
[2025-03-21T20:54:57.473+0000] {logging_mixin.py:190} INFO - [2025-03-21T20:54:57.473+0000] {dag.py:3239} INFO - Sync 1 DAGs
[2025-03-21T20:54:57.481+0000] {logging_mixin.py:190} INFO - [2025-03-21T20:54:57.480+0000] {dag.py:4180} INFO - Setting next_dagrun for example_trigger_target_dag to None, run_after=None
[2025-03-21T20:54:57.502+0000] {processor.py:208} INFO - Processing /home/usmail/sys_fraud/sys_detection_frauds/lib/python3.12/site-packages/airflow/example_dags/example_trigger_target_dag.py took 0.065 seconds
[2025-03-21T20:55:48.453+0000] {processor.py:186} INFO - Started process (PID=3727487) to work on /home/usmail/sys_fraud/sys_detection_frauds/lib/python3.12/site-packages/airflow/example_dags/example_trigger_target_dag.py
[2025-03-21T20:55:48.462+0000] {processor.py:914} INFO - Processing file /home/usmail/sys_fraud/sys_detection_frauds/lib/python3.12/site-packages/airflow/example_dags/example_trigger_target_dag.py for tasks to queue
[2025-03-21T20:55:48.466+0000] {logging_mixin.py:190} INFO - [2025-03-21T20:55:48.466+0000] {dagbag.py:588} INFO - Filling up the DagBag from /home/usmail/sys_fraud/sys_detection_frauds/lib/python3.12/site-packages/airflow/example_dags/example_trigger_target_dag.py
[2025-03-21T20:55:48.474+0000] {processor.py:925} INFO - DAG(s) 'example_trigger_target_dag' retrieved from /home/usmail/sys_fraud/sys_detection_frauds/lib/python3.12/site-packages/airflow/example_dags/example_trigger_target_dag.py
[2025-03-21T20:55:48.482+0000] {logging_mixin.py:190} INFO - [2025-03-21T20:55:48.482+0000] {dag.py:3239} INFO - Sync 1 DAGs
[2025-03-21T20:55:48.488+0000] {logging_mixin.py:190} INFO - [2025-03-21T20:55:48.488+0000] {dag.py:4180} INFO - Setting next_dagrun for example_trigger_target_dag to None, run_after=None
[2025-03-21T20:55:48.502+0000] {processor.py:208} INFO - Processing /home/usmail/sys_fraud/sys_detection_frauds/lib/python3.12/site-packages/airflow/example_dags/example_trigger_target_dag.py took 0.053 seconds
[2025-03-21T20:56:37.653+0000] {processor.py:186} INFO - Started process (PID=3728160) to work on /home/usmail/sys_fraud/sys_detection_frauds/lib/python3.12/site-packages/airflow/example_dags/example_trigger_target_dag.py
[2025-03-21T20:56:37.662+0000] {processor.py:914} INFO - Processing file /home/usmail/sys_fraud/sys_detection_frauds/lib/python3.12/site-packages/airflow/example_dags/example_trigger_target_dag.py for tasks to queue
[2025-03-21T20:56:37.664+0000] {logging_mixin.py:190} INFO - [2025-03-21T20:56:37.663+0000] {dagbag.py:588} INFO - Filling up the DagBag from /home/usmail/sys_fraud/sys_detection_frauds/lib/python3.12/site-packages/airflow/example_dags/example_trigger_target_dag.py
[2025-03-21T20:56:37.669+0000] {processor.py:925} INFO - DAG(s) 'example_trigger_target_dag' retrieved from /home/usmail/sys_fraud/sys_detection_frauds/lib/python3.12/site-packages/airflow/example_dags/example_trigger_target_dag.py
[2025-03-21T20:56:37.677+0000] {logging_mixin.py:190} INFO - [2025-03-21T20:56:37.677+0000] {dag.py:3239} INFO - Sync 1 DAGs
[2025-03-21T20:56:37.684+0000] {logging_mixin.py:190} INFO - [2025-03-21T20:56:37.684+0000] {dag.py:4180} INFO - Setting next_dagrun for example_trigger_target_dag to None, run_after=None
[2025-03-21T20:56:37.712+0000] {processor.py:208} INFO - Processing /home/usmail/sys_fraud/sys_detection_frauds/lib/python3.12/site-packages/airflow/example_dags/example_trigger_target_dag.py took 0.062 seconds
[2025-03-21T20:57:32.295+0000] {processor.py:186} INFO - Started process (PID=3728959) to work on /home/usmail/sys_fraud/sys_detection_frauds/lib/python3.12/site-packages/airflow/example_dags/example_trigger_target_dag.py
[2025-03-21T20:57:32.303+0000] {processor.py:914} INFO - Processing file /home/usmail/sys_fraud/sys_detection_frauds/lib/python3.12/site-packages/airflow/example_dags/example_trigger_target_dag.py for tasks to queue
[2025-03-21T20:57:32.304+0000] {logging_mixin.py:190} INFO - [2025-03-21T20:57:32.304+0000] {dagbag.py:588} INFO - Filling up the DagBag from /home/usmail/sys_fraud/sys_detection_frauds/lib/python3.12/site-packages/airflow/example_dags/example_trigger_target_dag.py
[2025-03-21T20:57:32.311+0000] {processor.py:925} INFO - DAG(s) 'example_trigger_target_dag' retrieved from /home/usmail/sys_fraud/sys_detection_frauds/lib/python3.12/site-packages/airflow/example_dags/example_trigger_target_dag.py
[2025-03-21T20:57:32.319+0000] {logging_mixin.py:190} INFO - [2025-03-21T20:57:32.319+0000] {dag.py:3239} INFO - Sync 1 DAGs
[2025-03-21T20:57:32.328+0000] {logging_mixin.py:190} INFO - [2025-03-21T20:57:32.327+0000] {dag.py:4180} INFO - Setting next_dagrun for example_trigger_target_dag to None, run_after=None
[2025-03-21T20:57:32.341+0000] {processor.py:208} INFO - Processing /home/usmail/sys_fraud/sys_detection_frauds/lib/python3.12/site-packages/airflow/example_dags/example_trigger_target_dag.py took 0.050 seconds
[2025-03-21T20:58:23.041+0000] {processor.py:186} INFO - Started process (PID=3729503) to work on /home/usmail/sys_fraud/sys_detection_frauds/lib/python3.12/site-packages/airflow/example_dags/example_trigger_target_dag.py
[2025-03-21T20:58:23.049+0000] {processor.py:914} INFO - Processing file /home/usmail/sys_fraud/sys_detection_frauds/lib/python3.12/site-packages/airflow/example_dags/example_trigger_target_dag.py for tasks to queue
[2025-03-21T20:58:23.052+0000] {logging_mixin.py:190} INFO - [2025-03-21T20:58:23.051+0000] {dagbag.py:588} INFO - Filling up the DagBag from /home/usmail/sys_fraud/sys_detection_frauds/lib/python3.12/site-packages/airflow/example_dags/example_trigger_target_dag.py
[2025-03-21T20:58:23.057+0000] {processor.py:925} INFO - DAG(s) 'example_trigger_target_dag' retrieved from /home/usmail/sys_fraud/sys_detection_frauds/lib/python3.12/site-packages/airflow/example_dags/example_trigger_target_dag.py
[2025-03-21T20:58:23.066+0000] {logging_mixin.py:190} INFO - [2025-03-21T20:58:23.066+0000] {dag.py:3239} INFO - Sync 1 DAGs
[2025-03-21T20:58:23.073+0000] {logging_mixin.py:190} INFO - [2025-03-21T20:58:23.073+0000] {dag.py:4180} INFO - Setting next_dagrun for example_trigger_target_dag to None, run_after=None
[2025-03-21T20:58:23.087+0000] {processor.py:208} INFO - Processing /home/usmail/sys_fraud/sys_detection_frauds/lib/python3.12/site-packages/airflow/example_dags/example_trigger_target_dag.py took 0.050 seconds
[2025-03-21T20:59:26.206+0000] {processor.py:186} INFO - Started process (PID=3730406) to work on /home/usmail/sys_fraud/sys_detection_frauds/lib/python3.12/site-packages/airflow/example_dags/example_trigger_target_dag.py
[2025-03-21T20:59:26.215+0000] {processor.py:914} INFO - Processing file /home/usmail/sys_fraud/sys_detection_frauds/lib/python3.12/site-packages/airflow/example_dags/example_trigger_target_dag.py for tasks to queue
[2025-03-21T20:59:26.218+0000] {logging_mixin.py:190} INFO - [2025-03-21T20:59:26.217+0000] {dagbag.py:588} INFO - Filling up the DagBag from /home/usmail/sys_fraud/sys_detection_frauds/lib/python3.12/site-packages/airflow/example_dags/example_trigger_target_dag.py
[2025-03-21T20:59:26.227+0000] {processor.py:925} INFO - DAG(s) 'example_trigger_target_dag' retrieved from /home/usmail/sys_fraud/sys_detection_frauds/lib/python3.12/site-packages/airflow/example_dags/example_trigger_target_dag.py
[2025-03-21T20:59:26.239+0000] {logging_mixin.py:190} INFO - [2025-03-21T20:59:26.239+0000] {dag.py:3239} INFO - Sync 1 DAGs
[2025-03-21T20:59:26.246+0000] {logging_mixin.py:190} INFO - [2025-03-21T20:59:26.246+0000] {dag.py:4180} INFO - Setting next_dagrun for example_trigger_target_dag to None, run_after=None
[2025-03-21T20:59:26.268+0000] {processor.py:208} INFO - Processing /home/usmail/sys_fraud/sys_detection_frauds/lib/python3.12/site-packages/airflow/example_dags/example_trigger_target_dag.py took 0.069 seconds
[2025-03-21T21:00:21.355+0000] {processor.py:186} INFO - Started process (PID=3731148) to work on /home/usmail/sys_fraud/sys_detection_frauds/lib/python3.12/site-packages/airflow/example_dags/example_trigger_target_dag.py
[2025-03-21T21:00:21.364+0000] {processor.py:914} INFO - Processing file /home/usmail/sys_fraud/sys_detection_frauds/lib/python3.12/site-packages/airflow/example_dags/example_trigger_target_dag.py for tasks to queue
[2025-03-21T21:00:21.368+0000] {logging_mixin.py:190} INFO - [2025-03-21T21:00:21.368+0000] {dagbag.py:588} INFO - Filling up the DagBag from /home/usmail/sys_fraud/sys_detection_frauds/lib/python3.12/site-packages/airflow/example_dags/example_trigger_target_dag.py
[2025-03-21T21:00:21.377+0000] {processor.py:925} INFO - DAG(s) 'example_trigger_target_dag' retrieved from /home/usmail/sys_fraud/sys_detection_frauds/lib/python3.12/site-packages/airflow/example_dags/example_trigger_target_dag.py
[2025-03-21T21:00:21.385+0000] {logging_mixin.py:190} INFO - [2025-03-21T21:00:21.385+0000] {dag.py:3239} INFO - Sync 1 DAGs
[2025-03-21T21:00:21.392+0000] {logging_mixin.py:190} INFO - [2025-03-21T21:00:21.392+0000] {dag.py:4180} INFO - Setting next_dagrun for example_trigger_target_dag to None, run_after=None
[2025-03-21T21:00:21.405+0000] {processor.py:208} INFO - Processing /home/usmail/sys_fraud/sys_detection_frauds/lib/python3.12/site-packages/airflow/example_dags/example_trigger_target_dag.py took 0.057 seconds
[2025-03-21T21:01:16.325+0000] {processor.py:186} INFO - Started process (PID=3731841) to work on /home/usmail/sys_fraud/sys_detection_frauds/lib/python3.12/site-packages/airflow/example_dags/example_trigger_target_dag.py
[2025-03-21T21:01:16.326+0000] {processor.py:914} INFO - Processing file /home/usmail/sys_fraud/sys_detection_frauds/lib/python3.12/site-packages/airflow/example_dags/example_trigger_target_dag.py for tasks to queue
[2025-03-21T21:01:16.328+0000] {logging_mixin.py:190} INFO - [2025-03-21T21:01:16.327+0000] {dagbag.py:588} INFO - Filling up the DagBag from /home/usmail/sys_fraud/sys_detection_frauds/lib/python3.12/site-packages/airflow/example_dags/example_trigger_target_dag.py
[2025-03-21T21:01:16.333+0000] {processor.py:925} INFO - DAG(s) 'example_trigger_target_dag' retrieved from /home/usmail/sys_fraud/sys_detection_frauds/lib/python3.12/site-packages/airflow/example_dags/example_trigger_target_dag.py
[2025-03-21T21:01:16.342+0000] {logging_mixin.py:190} INFO - [2025-03-21T21:01:16.342+0000] {dag.py:3239} INFO - Sync 1 DAGs
[2025-03-21T21:01:16.349+0000] {logging_mixin.py:190} INFO - [2025-03-21T21:01:16.349+0000] {dag.py:4180} INFO - Setting next_dagrun for example_trigger_target_dag to None, run_after=None
[2025-03-21T21:01:16.362+0000] {processor.py:208} INFO - Processing /home/usmail/sys_fraud/sys_detection_frauds/lib/python3.12/site-packages/airflow/example_dags/example_trigger_target_dag.py took 0.041 seconds
[2025-03-21T21:02:09.730+0000] {processor.py:186} INFO - Started process (PID=3732512) to work on /home/usmail/sys_fraud/sys_detection_frauds/lib/python3.12/site-packages/airflow/example_dags/example_trigger_target_dag.py
[2025-03-21T21:02:09.739+0000] {processor.py:914} INFO - Processing file /home/usmail/sys_fraud/sys_detection_frauds/lib/python3.12/site-packages/airflow/example_dags/example_trigger_target_dag.py for tasks to queue
[2025-03-21T21:02:09.742+0000] {logging_mixin.py:190} INFO - [2025-03-21T21:02:09.741+0000] {dagbag.py:588} INFO - Filling up the DagBag from /home/usmail/sys_fraud/sys_detection_frauds/lib/python3.12/site-packages/airflow/example_dags/example_trigger_target_dag.py
[2025-03-21T21:02:09.749+0000] {processor.py:925} INFO - DAG(s) 'example_trigger_target_dag' retrieved from /home/usmail/sys_fraud/sys_detection_frauds/lib/python3.12/site-packages/airflow/example_dags/example_trigger_target_dag.py
[2025-03-21T21:02:09.760+0000] {logging_mixin.py:190} INFO - [2025-03-21T21:02:09.760+0000] {dag.py:3239} INFO - Sync 1 DAGs
[2025-03-21T21:02:09.767+0000] {logging_mixin.py:190} INFO - [2025-03-21T21:02:09.767+0000] {dag.py:4180} INFO - Setting next_dagrun for example_trigger_target_dag to None, run_after=None
[2025-03-21T21:02:09.787+0000] {processor.py:208} INFO - Processing /home/usmail/sys_fraud/sys_detection_frauds/lib/python3.12/site-packages/airflow/example_dags/example_trigger_target_dag.py took 0.065 seconds
[2025-03-21T21:03:04.085+0000] {processor.py:186} INFO - Started process (PID=3733139) to work on /home/usmail/sys_fraud/sys_detection_frauds/lib/python3.12/site-packages/airflow/example_dags/example_trigger_target_dag.py
[2025-03-21T21:03:04.085+0000] {processor.py:914} INFO - Processing file /home/usmail/sys_fraud/sys_detection_frauds/lib/python3.12/site-packages/airflow/example_dags/example_trigger_target_dag.py for tasks to queue
[2025-03-21T21:03:04.087+0000] {logging_mixin.py:190} INFO - [2025-03-21T21:03:04.086+0000] {dagbag.py:588} INFO - Filling up the DagBag from /home/usmail/sys_fraud/sys_detection_frauds/lib/python3.12/site-packages/airflow/example_dags/example_trigger_target_dag.py
[2025-03-21T21:03:04.093+0000] {processor.py:925} INFO - DAG(s) 'example_trigger_target_dag' retrieved from /home/usmail/sys_fraud/sys_detection_frauds/lib/python3.12/site-packages/airflow/example_dags/example_trigger_target_dag.py
[2025-03-21T21:03:04.102+0000] {logging_mixin.py:190} INFO - [2025-03-21T21:03:04.102+0000] {dag.py:3239} INFO - Sync 1 DAGs
[2025-03-21T21:03:04.113+0000] {logging_mixin.py:190} INFO - [2025-03-21T21:03:04.113+0000] {dag.py:4180} INFO - Setting next_dagrun for example_trigger_target_dag to None, run_after=None
[2025-03-21T21:03:04.137+0000] {processor.py:208} INFO - Processing /home/usmail/sys_fraud/sys_detection_frauds/lib/python3.12/site-packages/airflow/example_dags/example_trigger_target_dag.py took 0.057 seconds
[2025-03-21T21:03:57.900+0000] {processor.py:186} INFO - Started process (PID=3733880) to work on /home/usmail/sys_fraud/sys_detection_frauds/lib/python3.12/site-packages/airflow/example_dags/example_trigger_target_dag.py
[2025-03-21T21:03:57.908+0000] {processor.py:914} INFO - Processing file /home/usmail/sys_fraud/sys_detection_frauds/lib/python3.12/site-packages/airflow/example_dags/example_trigger_target_dag.py for tasks to queue
[2025-03-21T21:03:57.911+0000] {logging_mixin.py:190} INFO - [2025-03-21T21:03:57.910+0000] {dagbag.py:588} INFO - Filling up the DagBag from /home/usmail/sys_fraud/sys_detection_frauds/lib/python3.12/site-packages/airflow/example_dags/example_trigger_target_dag.py
[2025-03-21T21:03:57.918+0000] {processor.py:925} INFO - DAG(s) 'example_trigger_target_dag' retrieved from /home/usmail/sys_fraud/sys_detection_frauds/lib/python3.12/site-packages/airflow/example_dags/example_trigger_target_dag.py
[2025-03-21T21:03:57.926+0000] {logging_mixin.py:190} INFO - [2025-03-21T21:03:57.926+0000] {dag.py:3239} INFO - Sync 1 DAGs
[2025-03-21T21:03:58.032+0000] {logging_mixin.py:190} INFO - [2025-03-21T21:03:58.032+0000] {dag.py:4180} INFO - Setting next_dagrun for example_trigger_target_dag to None, run_after=None
[2025-03-21T21:03:58.056+0000] {processor.py:208} INFO - Processing /home/usmail/sys_fraud/sys_detection_frauds/lib/python3.12/site-packages/airflow/example_dags/example_trigger_target_dag.py took 0.160 seconds
[2025-03-21T21:04:55.642+0000] {processor.py:186} INFO - Started process (PID=3734686) to work on /home/usmail/sys_fraud/sys_detection_frauds/lib/python3.12/site-packages/airflow/example_dags/example_trigger_target_dag.py
[2025-03-21T21:04:55.644+0000] {processor.py:914} INFO - Processing file /home/usmail/sys_fraud/sys_detection_frauds/lib/python3.12/site-packages/airflow/example_dags/example_trigger_target_dag.py for tasks to queue
[2025-03-21T21:04:55.645+0000] {logging_mixin.py:190} INFO - [2025-03-21T21:04:55.645+0000] {dagbag.py:588} INFO - Filling up the DagBag from /home/usmail/sys_fraud/sys_detection_frauds/lib/python3.12/site-packages/airflow/example_dags/example_trigger_target_dag.py
[2025-03-21T21:04:55.650+0000] {processor.py:925} INFO - DAG(s) 'example_trigger_target_dag' retrieved from /home/usmail/sys_fraud/sys_detection_frauds/lib/python3.12/site-packages/airflow/example_dags/example_trigger_target_dag.py
[2025-03-21T21:04:55.662+0000] {logging_mixin.py:190} INFO - [2025-03-21T21:04:55.661+0000] {dag.py:3239} INFO - Sync 1 DAGs
[2025-03-21T21:04:55.670+0000] {logging_mixin.py:190} INFO - [2025-03-21T21:04:55.669+0000] {dag.py:4180} INFO - Setting next_dagrun for example_trigger_target_dag to None, run_after=None
[2025-03-21T21:04:55.685+0000] {processor.py:208} INFO - Processing /home/usmail/sys_fraud/sys_detection_frauds/lib/python3.12/site-packages/airflow/example_dags/example_trigger_target_dag.py took 0.050 seconds
[2025-03-21T21:05:47.707+0000] {processor.py:186} INFO - Started process (PID=3735541) to work on /home/usmail/sys_fraud/sys_detection_frauds/lib/python3.12/site-packages/airflow/example_dags/example_trigger_target_dag.py
[2025-03-21T21:05:47.716+0000] {processor.py:914} INFO - Processing file /home/usmail/sys_fraud/sys_detection_frauds/lib/python3.12/site-packages/airflow/example_dags/example_trigger_target_dag.py for tasks to queue
[2025-03-21T21:05:47.719+0000] {logging_mixin.py:190} INFO - [2025-03-21T21:05:47.719+0000] {dagbag.py:588} INFO - Filling up the DagBag from /home/usmail/sys_fraud/sys_detection_frauds/lib/python3.12/site-packages/airflow/example_dags/example_trigger_target_dag.py
[2025-03-21T21:05:47.727+0000] {processor.py:925} INFO - DAG(s) 'example_trigger_target_dag' retrieved from /home/usmail/sys_fraud/sys_detection_frauds/lib/python3.12/site-packages/airflow/example_dags/example_trigger_target_dag.py
[2025-03-21T21:05:47.736+0000] {logging_mixin.py:190} INFO - [2025-03-21T21:05:47.736+0000] {dag.py:3239} INFO - Sync 1 DAGs
[2025-03-21T21:05:47.744+0000] {logging_mixin.py:190} INFO - [2025-03-21T21:05:47.744+0000] {dag.py:4180} INFO - Setting next_dagrun for example_trigger_target_dag to None, run_after=None
[2025-03-21T21:05:47.760+0000] {processor.py:208} INFO - Processing /home/usmail/sys_fraud/sys_detection_frauds/lib/python3.12/site-packages/airflow/example_dags/example_trigger_target_dag.py took 0.063 seconds
[2025-03-21T21:06:41.589+0000] {processor.py:186} INFO - Started process (PID=3736840) to work on /home/usmail/sys_fraud/sys_detection_frauds/lib/python3.12/site-packages/airflow/example_dags/example_trigger_target_dag.py
[2025-03-21T21:06:41.589+0000] {processor.py:914} INFO - Processing file /home/usmail/sys_fraud/sys_detection_frauds/lib/python3.12/site-packages/airflow/example_dags/example_trigger_target_dag.py for tasks to queue
[2025-03-21T21:06:41.591+0000] {logging_mixin.py:190} INFO - [2025-03-21T21:06:41.591+0000] {dagbag.py:588} INFO - Filling up the DagBag from /home/usmail/sys_fraud/sys_detection_frauds/lib/python3.12/site-packages/airflow/example_dags/example_trigger_target_dag.py
[2025-03-21T21:06:41.596+0000] {processor.py:925} INFO - DAG(s) 'example_trigger_target_dag' retrieved from /home/usmail/sys_fraud/sys_detection_frauds/lib/python3.12/site-packages/airflow/example_dags/example_trigger_target_dag.py
[2025-03-21T21:06:41.609+0000] {logging_mixin.py:190} INFO - [2025-03-21T21:06:41.608+0000] {dag.py:3239} INFO - Sync 1 DAGs
[2025-03-21T21:06:41.620+0000] {logging_mixin.py:190} INFO - [2025-03-21T21:06:41.619+0000] {dag.py:4180} INFO - Setting next_dagrun for example_trigger_target_dag to None, run_after=None
[2025-03-21T21:06:41.638+0000] {processor.py:208} INFO - Processing /home/usmail/sys_fraud/sys_detection_frauds/lib/python3.12/site-packages/airflow/example_dags/example_trigger_target_dag.py took 0.056 seconds
[2025-03-21T21:07:31.753+0000] {processor.py:186} INFO - Started process (PID=3737480) to work on /home/usmail/sys_fraud/sys_detection_frauds/lib/python3.12/site-packages/airflow/example_dags/example_trigger_target_dag.py
[2025-03-21T21:07:31.761+0000] {processor.py:914} INFO - Processing file /home/usmail/sys_fraud/sys_detection_frauds/lib/python3.12/site-packages/airflow/example_dags/example_trigger_target_dag.py for tasks to queue
[2025-03-21T21:07:31.764+0000] {logging_mixin.py:190} INFO - [2025-03-21T21:07:31.764+0000] {dagbag.py:588} INFO - Filling up the DagBag from /home/usmail/sys_fraud/sys_detection_frauds/lib/python3.12/site-packages/airflow/example_dags/example_trigger_target_dag.py
[2025-03-21T21:07:31.769+0000] {processor.py:925} INFO - DAG(s) 'example_trigger_target_dag' retrieved from /home/usmail/sys_fraud/sys_detection_frauds/lib/python3.12/site-packages/airflow/example_dags/example_trigger_target_dag.py
[2025-03-21T21:07:31.777+0000] {logging_mixin.py:190} INFO - [2025-03-21T21:07:31.777+0000] {dag.py:3239} INFO - Sync 1 DAGs
[2025-03-21T21:07:31.785+0000] {logging_mixin.py:190} INFO - [2025-03-21T21:07:31.784+0000] {dag.py:4180} INFO - Setting next_dagrun for example_trigger_target_dag to None, run_after=None
[2025-03-21T21:07:31.798+0000] {processor.py:208} INFO - Processing /home/usmail/sys_fraud/sys_detection_frauds/lib/python3.12/site-packages/airflow/example_dags/example_trigger_target_dag.py took 0.050 seconds
[2025-03-21T21:08:25.156+0000] {processor.py:186} INFO - Started process (PID=3738210) to work on /home/usmail/sys_fraud/sys_detection_frauds/lib/python3.12/site-packages/airflow/example_dags/example_trigger_target_dag.py
[2025-03-21T21:08:25.165+0000] {processor.py:914} INFO - Processing file /home/usmail/sys_fraud/sys_detection_frauds/lib/python3.12/site-packages/airflow/example_dags/example_trigger_target_dag.py for tasks to queue
[2025-03-21T21:08:25.168+0000] {logging_mixin.py:190} INFO - [2025-03-21T21:08:25.168+0000] {dagbag.py:588} INFO - Filling up the DagBag from /home/usmail/sys_fraud/sys_detection_frauds/lib/python3.12/site-packages/airflow/example_dags/example_trigger_target_dag.py
[2025-03-21T21:08:25.181+0000] {processor.py:925} INFO - DAG(s) 'example_trigger_target_dag' retrieved from /home/usmail/sys_fraud/sys_detection_frauds/lib/python3.12/site-packages/airflow/example_dags/example_trigger_target_dag.py
[2025-03-21T21:08:25.204+0000] {logging_mixin.py:190} INFO - [2025-03-21T21:08:25.203+0000] {dag.py:3239} INFO - Sync 1 DAGs
[2025-03-21T21:08:25.221+0000] {logging_mixin.py:190} INFO - [2025-03-21T21:08:25.221+0000] {dag.py:4180} INFO - Setting next_dagrun for example_trigger_target_dag to None, run_after=None
[2025-03-21T21:08:25.239+0000] {processor.py:208} INFO - Processing /home/usmail/sys_fraud/sys_detection_frauds/lib/python3.12/site-packages/airflow/example_dags/example_trigger_target_dag.py took 0.096 seconds
[2025-03-21T21:09:24.082+0000] {processor.py:186} INFO - Started process (PID=3739039) to work on /home/usmail/sys_fraud/sys_detection_frauds/lib/python3.12/site-packages/airflow/example_dags/example_trigger_target_dag.py
[2025-03-21T21:09:24.090+0000] {processor.py:914} INFO - Processing file /home/usmail/sys_fraud/sys_detection_frauds/lib/python3.12/site-packages/airflow/example_dags/example_trigger_target_dag.py for tasks to queue
[2025-03-21T21:09:24.092+0000] {logging_mixin.py:190} INFO - [2025-03-21T21:09:24.092+0000] {dagbag.py:588} INFO - Filling up the DagBag from /home/usmail/sys_fraud/sys_detection_frauds/lib/python3.12/site-packages/airflow/example_dags/example_trigger_target_dag.py
[2025-03-21T21:09:24.098+0000] {processor.py:925} INFO - DAG(s) 'example_trigger_target_dag' retrieved from /home/usmail/sys_fraud/sys_detection_frauds/lib/python3.12/site-packages/airflow/example_dags/example_trigger_target_dag.py
[2025-03-21T21:09:24.114+0000] {logging_mixin.py:190} INFO - [2025-03-21T21:09:24.114+0000] {dag.py:3239} INFO - Sync 1 DAGs
[2025-03-21T21:09:24.128+0000] {logging_mixin.py:190} INFO - [2025-03-21T21:09:24.127+0000] {dag.py:4180} INFO - Setting next_dagrun for example_trigger_target_dag to None, run_after=None
[2025-03-21T21:09:24.145+0000] {processor.py:208} INFO - Processing /home/usmail/sys_fraud/sys_detection_frauds/lib/python3.12/site-packages/airflow/example_dags/example_trigger_target_dag.py took 0.069 seconds
[2025-03-21T21:10:17.887+0000] {processor.py:186} INFO - Started process (PID=3739682) to work on /home/usmail/sys_fraud/sys_detection_frauds/lib/python3.12/site-packages/airflow/example_dags/example_trigger_target_dag.py
[2025-03-21T21:10:17.896+0000] {processor.py:914} INFO - Processing file /home/usmail/sys_fraud/sys_detection_frauds/lib/python3.12/site-packages/airflow/example_dags/example_trigger_target_dag.py for tasks to queue
[2025-03-21T21:10:17.899+0000] {logging_mixin.py:190} INFO - [2025-03-21T21:10:17.898+0000] {dagbag.py:588} INFO - Filling up the DagBag from /home/usmail/sys_fraud/sys_detection_frauds/lib/python3.12/site-packages/airflow/example_dags/example_trigger_target_dag.py
[2025-03-21T21:10:17.911+0000] {processor.py:925} INFO - DAG(s) 'example_trigger_target_dag' retrieved from /home/usmail/sys_fraud/sys_detection_frauds/lib/python3.12/site-packages/airflow/example_dags/example_trigger_target_dag.py
[2025-03-21T21:10:17.933+0000] {logging_mixin.py:190} INFO - [2025-03-21T21:10:17.932+0000] {dag.py:3239} INFO - Sync 1 DAGs
[2025-03-21T21:10:17.949+0000] {logging_mixin.py:190} INFO - [2025-03-21T21:10:17.948+0000] {dag.py:4180} INFO - Setting next_dagrun for example_trigger_target_dag to None, run_after=None
[2025-03-21T21:10:17.965+0000] {processor.py:208} INFO - Processing /home/usmail/sys_fraud/sys_detection_frauds/lib/python3.12/site-packages/airflow/example_dags/example_trigger_target_dag.py took 0.090 seconds
[2025-03-21T21:11:17.075+0000] {processor.py:186} INFO - Started process (PID=3741447) to work on /home/usmail/sys_fraud/sys_detection_frauds/lib/python3.12/site-packages/airflow/example_dags/example_trigger_target_dag.py
[2025-03-21T21:11:17.076+0000] {processor.py:914} INFO - Processing file /home/usmail/sys_fraud/sys_detection_frauds/lib/python3.12/site-packages/airflow/example_dags/example_trigger_target_dag.py for tasks to queue
[2025-03-21T21:11:17.078+0000] {logging_mixin.py:190} INFO - [2025-03-21T21:11:17.077+0000] {dagbag.py:588} INFO - Filling up the DagBag from /home/usmail/sys_fraud/sys_detection_frauds/lib/python3.12/site-packages/airflow/example_dags/example_trigger_target_dag.py
[2025-03-21T21:11:17.084+0000] {processor.py:925} INFO - DAG(s) 'example_trigger_target_dag' retrieved from /home/usmail/sys_fraud/sys_detection_frauds/lib/python3.12/site-packages/airflow/example_dags/example_trigger_target_dag.py
[2025-03-21T21:11:17.095+0000] {logging_mixin.py:190} INFO - [2025-03-21T21:11:17.095+0000] {dag.py:3239} INFO - Sync 1 DAGs
[2025-03-21T21:11:17.106+0000] {logging_mixin.py:190} INFO - [2025-03-21T21:11:17.106+0000] {dag.py:4180} INFO - Setting next_dagrun for example_trigger_target_dag to None, run_after=None
[2025-03-21T21:11:17.122+0000] {processor.py:208} INFO - Processing /home/usmail/sys_fraud/sys_detection_frauds/lib/python3.12/site-packages/airflow/example_dags/example_trigger_target_dag.py took 0.052 seconds
[2025-03-21T21:12:13.154+0000] {processor.py:186} INFO - Started process (PID=3742558) to work on /home/usmail/sys_fraud/sys_detection_frauds/lib/python3.12/site-packages/airflow/example_dags/example_trigger_target_dag.py
[2025-03-21T21:12:13.163+0000] {processor.py:914} INFO - Processing file /home/usmail/sys_fraud/sys_detection_frauds/lib/python3.12/site-packages/airflow/example_dags/example_trigger_target_dag.py for tasks to queue
[2025-03-21T21:12:13.164+0000] {logging_mixin.py:190} INFO - [2025-03-21T21:12:13.164+0000] {dagbag.py:588} INFO - Filling up the DagBag from /home/usmail/sys_fraud/sys_detection_frauds/lib/python3.12/site-packages/airflow/example_dags/example_trigger_target_dag.py
[2025-03-21T21:12:13.170+0000] {processor.py:925} INFO - DAG(s) 'example_trigger_target_dag' retrieved from /home/usmail/sys_fraud/sys_detection_frauds/lib/python3.12/site-packages/airflow/example_dags/example_trigger_target_dag.py
[2025-03-21T21:12:13.181+0000] {logging_mixin.py:190} INFO - [2025-03-21T21:12:13.181+0000] {dag.py:3239} INFO - Sync 1 DAGs
[2025-03-21T21:12:13.191+0000] {logging_mixin.py:190} INFO - [2025-03-21T21:12:13.191+0000] {dag.py:4180} INFO - Setting next_dagrun for example_trigger_target_dag to None, run_after=None
[2025-03-21T21:12:13.211+0000] {processor.py:208} INFO - Processing /home/usmail/sys_fraud/sys_detection_frauds/lib/python3.12/site-packages/airflow/example_dags/example_trigger_target_dag.py took 0.063 seconds
[2025-03-21T21:13:05.577+0000] {processor.py:186} INFO - Started process (PID=3743522) to work on /home/usmail/sys_fraud/sys_detection_frauds/lib/python3.12/site-packages/airflow/example_dags/example_trigger_target_dag.py
[2025-03-21T21:13:05.585+0000] {processor.py:914} INFO - Processing file /home/usmail/sys_fraud/sys_detection_frauds/lib/python3.12/site-packages/airflow/example_dags/example_trigger_target_dag.py for tasks to queue
[2025-03-21T21:13:05.587+0000] {logging_mixin.py:190} INFO - [2025-03-21T21:13:05.586+0000] {dagbag.py:588} INFO - Filling up the DagBag from /home/usmail/sys_fraud/sys_detection_frauds/lib/python3.12/site-packages/airflow/example_dags/example_trigger_target_dag.py
[2025-03-21T21:13:05.593+0000] {processor.py:925} INFO - DAG(s) 'example_trigger_target_dag' retrieved from /home/usmail/sys_fraud/sys_detection_frauds/lib/python3.12/site-packages/airflow/example_dags/example_trigger_target_dag.py
[2025-03-21T21:13:05.604+0000] {logging_mixin.py:190} INFO - [2025-03-21T21:13:05.603+0000] {dag.py:3239} INFO - Sync 1 DAGs
[2025-03-21T21:13:05.614+0000] {logging_mixin.py:190} INFO - [2025-03-21T21:13:05.614+0000] {dag.py:4180} INFO - Setting next_dagrun for example_trigger_target_dag to None, run_after=None
[2025-03-21T21:13:05.639+0000] {processor.py:208} INFO - Processing /home/usmail/sys_fraud/sys_detection_frauds/lib/python3.12/site-packages/airflow/example_dags/example_trigger_target_dag.py took 0.068 seconds
[2025-03-21T21:13:54.637+0000] {processor.py:186} INFO - Started process (PID=3744408) to work on /home/usmail/sys_fraud/sys_detection_frauds/lib/python3.12/site-packages/airflow/example_dags/example_trigger_target_dag.py
[2025-03-21T21:13:54.646+0000] {processor.py:914} INFO - Processing file /home/usmail/sys_fraud/sys_detection_frauds/lib/python3.12/site-packages/airflow/example_dags/example_trigger_target_dag.py for tasks to queue
[2025-03-21T21:13:54.648+0000] {logging_mixin.py:190} INFO - [2025-03-21T21:13:54.647+0000] {dagbag.py:588} INFO - Filling up the DagBag from /home/usmail/sys_fraud/sys_detection_frauds/lib/python3.12/site-packages/airflow/example_dags/example_trigger_target_dag.py
[2025-03-21T21:13:54.654+0000] {processor.py:925} INFO - DAG(s) 'example_trigger_target_dag' retrieved from /home/usmail/sys_fraud/sys_detection_frauds/lib/python3.12/site-packages/airflow/example_dags/example_trigger_target_dag.py
[2025-03-21T21:13:54.664+0000] {logging_mixin.py:190} INFO - [2025-03-21T21:13:54.664+0000] {dag.py:3239} INFO - Sync 1 DAGs
[2025-03-21T21:13:54.673+0000] {logging_mixin.py:190} INFO - [2025-03-21T21:13:54.673+0000] {dag.py:4180} INFO - Setting next_dagrun for example_trigger_target_dag to None, run_after=None
[2025-03-21T21:13:54.696+0000] {processor.py:208} INFO - Processing /home/usmail/sys_fraud/sys_detection_frauds/lib/python3.12/site-packages/airflow/example_dags/example_trigger_target_dag.py took 0.065 seconds
[2025-03-21T21:14:52.837+0000] {processor.py:186} INFO - Started process (PID=3745176) to work on /home/usmail/sys_fraud/sys_detection_frauds/lib/python3.12/site-packages/airflow/example_dags/example_trigger_target_dag.py
[2025-03-21T21:14:52.847+0000] {processor.py:914} INFO - Processing file /home/usmail/sys_fraud/sys_detection_frauds/lib/python3.12/site-packages/airflow/example_dags/example_trigger_target_dag.py for tasks to queue
[2025-03-21T21:14:52.850+0000] {logging_mixin.py:190} INFO - [2025-03-21T21:14:52.849+0000] {dagbag.py:588} INFO - Filling up the DagBag from /home/usmail/sys_fraud/sys_detection_frauds/lib/python3.12/site-packages/airflow/example_dags/example_trigger_target_dag.py
[2025-03-21T21:14:52.863+0000] {processor.py:925} INFO - DAG(s) 'example_trigger_target_dag' retrieved from /home/usmail/sys_fraud/sys_detection_frauds/lib/python3.12/site-packages/airflow/example_dags/example_trigger_target_dag.py
[2025-03-21T21:14:52.885+0000] {logging_mixin.py:190} INFO - [2025-03-21T21:14:52.885+0000] {dag.py:3239} INFO - Sync 1 DAGs
[2025-03-21T21:14:52.902+0000] {logging_mixin.py:190} INFO - [2025-03-21T21:14:52.902+0000] {dag.py:4180} INFO - Setting next_dagrun for example_trigger_target_dag to None, run_after=None
[2025-03-21T21:14:52.929+0000] {processor.py:208} INFO - Processing /home/usmail/sys_fraud/sys_detection_frauds/lib/python3.12/site-packages/airflow/example_dags/example_trigger_target_dag.py took 0.103 seconds
[2025-03-21T21:15:52.654+0000] {processor.py:186} INFO - Started process (PID=3745939) to work on /home/usmail/sys_fraud/sys_detection_frauds/lib/python3.12/site-packages/airflow/example_dags/example_trigger_target_dag.py
[2025-03-21T21:15:52.663+0000] {processor.py:914} INFO - Processing file /home/usmail/sys_fraud/sys_detection_frauds/lib/python3.12/site-packages/airflow/example_dags/example_trigger_target_dag.py for tasks to queue
[2025-03-21T21:15:52.666+0000] {logging_mixin.py:190} INFO - [2025-03-21T21:15:52.666+0000] {dagbag.py:588} INFO - Filling up the DagBag from /home/usmail/sys_fraud/sys_detection_frauds/lib/python3.12/site-packages/airflow/example_dags/example_trigger_target_dag.py
[2025-03-21T21:15:52.678+0000] {processor.py:925} INFO - DAG(s) 'example_trigger_target_dag' retrieved from /home/usmail/sys_fraud/sys_detection_frauds/lib/python3.12/site-packages/airflow/example_dags/example_trigger_target_dag.py
[2025-03-21T21:15:52.700+0000] {logging_mixin.py:190} INFO - [2025-03-21T21:15:52.700+0000] {dag.py:3239} INFO - Sync 1 DAGs
[2025-03-21T21:15:52.718+0000] {logging_mixin.py:190} INFO - [2025-03-21T21:15:52.718+0000] {dag.py:4180} INFO - Setting next_dagrun for example_trigger_target_dag to None, run_after=None
[2025-03-21T21:15:52.752+0000] {processor.py:208} INFO - Processing /home/usmail/sys_fraud/sys_detection_frauds/lib/python3.12/site-packages/airflow/example_dags/example_trigger_target_dag.py took 0.111 seconds
[2025-03-21T21:16:56.300+0000] {processor.py:186} INFO - Started process (PID=3746720) to work on /home/usmail/sys_fraud/sys_detection_frauds/lib/python3.12/site-packages/airflow/example_dags/example_trigger_target_dag.py
[2025-03-21T21:16:56.309+0000] {processor.py:914} INFO - Processing file /home/usmail/sys_fraud/sys_detection_frauds/lib/python3.12/site-packages/airflow/example_dags/example_trigger_target_dag.py for tasks to queue
[2025-03-21T21:16:56.312+0000] {logging_mixin.py:190} INFO - [2025-03-21T21:16:56.311+0000] {dagbag.py:588} INFO - Filling up the DagBag from /home/usmail/sys_fraud/sys_detection_frauds/lib/python3.12/site-packages/airflow/example_dags/example_trigger_target_dag.py
[2025-03-21T21:16:56.324+0000] {processor.py:925} INFO - DAG(s) 'example_trigger_target_dag' retrieved from /home/usmail/sys_fraud/sys_detection_frauds/lib/python3.12/site-packages/airflow/example_dags/example_trigger_target_dag.py
[2025-03-21T21:16:56.348+0000] {logging_mixin.py:190} INFO - [2025-03-21T21:16:56.347+0000] {dag.py:3239} INFO - Sync 1 DAGs
[2025-03-21T21:16:56.365+0000] {logging_mixin.py:190} INFO - [2025-03-21T21:16:56.364+0000] {dag.py:4180} INFO - Setting next_dagrun for example_trigger_target_dag to None, run_after=None
[2025-03-21T21:16:56.384+0000] {processor.py:208} INFO - Processing /home/usmail/sys_fraud/sys_detection_frauds/lib/python3.12/site-packages/airflow/example_dags/example_trigger_target_dag.py took 0.097 seconds
[2025-03-21T21:17:57.879+0000] {processor.py:186} INFO - Started process (PID=3747497) to work on /home/usmail/sys_fraud/sys_detection_frauds/lib/python3.12/site-packages/airflow/example_dags/example_trigger_target_dag.py
[2025-03-21T21:17:57.889+0000] {processor.py:914} INFO - Processing file /home/usmail/sys_fraud/sys_detection_frauds/lib/python3.12/site-packages/airflow/example_dags/example_trigger_target_dag.py for tasks to queue
[2025-03-21T21:17:57.892+0000] {logging_mixin.py:190} INFO - [2025-03-21T21:17:57.891+0000] {dagbag.py:588} INFO - Filling up the DagBag from /home/usmail/sys_fraud/sys_detection_frauds/lib/python3.12/site-packages/airflow/example_dags/example_trigger_target_dag.py
[2025-03-21T21:17:57.904+0000] {processor.py:925} INFO - DAG(s) 'example_trigger_target_dag' retrieved from /home/usmail/sys_fraud/sys_detection_frauds/lib/python3.12/site-packages/airflow/example_dags/example_trigger_target_dag.py
[2025-03-21T21:17:57.926+0000] {logging_mixin.py:190} INFO - [2025-03-21T21:17:57.926+0000] {dag.py:3239} INFO - Sync 1 DAGs
[2025-03-21T21:17:57.943+0000] {logging_mixin.py:190} INFO - [2025-03-21T21:17:57.943+0000] {dag.py:4180} INFO - Setting next_dagrun for example_trigger_target_dag to None, run_after=None
[2025-03-21T21:17:57.980+0000] {processor.py:208} INFO - Processing /home/usmail/sys_fraud/sys_detection_frauds/lib/python3.12/site-packages/airflow/example_dags/example_trigger_target_dag.py took 0.113 seconds
[2025-03-21T21:19:03.624+0000] {processor.py:186} INFO - Started process (PID=3748287) to work on /home/usmail/sys_fraud/sys_detection_frauds/lib/python3.12/site-packages/airflow/example_dags/example_trigger_target_dag.py
[2025-03-21T21:19:03.626+0000] {processor.py:914} INFO - Processing file /home/usmail/sys_fraud/sys_detection_frauds/lib/python3.12/site-packages/airflow/example_dags/example_trigger_target_dag.py for tasks to queue
[2025-03-21T21:19:03.629+0000] {logging_mixin.py:190} INFO - [2025-03-21T21:19:03.628+0000] {dagbag.py:588} INFO - Filling up the DagBag from /home/usmail/sys_fraud/sys_detection_frauds/lib/python3.12/site-packages/airflow/example_dags/example_trigger_target_dag.py
[2025-03-21T21:19:03.641+0000] {processor.py:925} INFO - DAG(s) 'example_trigger_target_dag' retrieved from /home/usmail/sys_fraud/sys_detection_frauds/lib/python3.12/site-packages/airflow/example_dags/example_trigger_target_dag.py
[2025-03-21T21:19:03.662+0000] {logging_mixin.py:190} INFO - [2025-03-21T21:19:03.662+0000] {dag.py:3239} INFO - Sync 1 DAGs
[2025-03-21T21:19:03.678+0000] {logging_mixin.py:190} INFO - [2025-03-21T21:19:03.678+0000] {dag.py:4180} INFO - Setting next_dagrun for example_trigger_target_dag to None, run_after=None
[2025-03-21T21:19:03.705+0000] {processor.py:208} INFO - Processing /home/usmail/sys_fraud/sys_detection_frauds/lib/python3.12/site-packages/airflow/example_dags/example_trigger_target_dag.py took 0.094 seconds
[2025-03-21T21:20:06.346+0000] {processor.py:186} INFO - Started process (PID=3749053) to work on /home/usmail/sys_fraud/sys_detection_frauds/lib/python3.12/site-packages/airflow/example_dags/example_trigger_target_dag.py
[2025-03-21T21:20:06.355+0000] {processor.py:914} INFO - Processing file /home/usmail/sys_fraud/sys_detection_frauds/lib/python3.12/site-packages/airflow/example_dags/example_trigger_target_dag.py for tasks to queue
[2025-03-21T21:20:06.358+0000] {logging_mixin.py:190} INFO - [2025-03-21T21:20:06.358+0000] {dagbag.py:588} INFO - Filling up the DagBag from /home/usmail/sys_fraud/sys_detection_frauds/lib/python3.12/site-packages/airflow/example_dags/example_trigger_target_dag.py
[2025-03-21T21:20:06.370+0000] {processor.py:925} INFO - DAG(s) 'example_trigger_target_dag' retrieved from /home/usmail/sys_fraud/sys_detection_frauds/lib/python3.12/site-packages/airflow/example_dags/example_trigger_target_dag.py
[2025-03-21T21:20:06.392+0000] {logging_mixin.py:190} INFO - [2025-03-21T21:20:06.391+0000] {dag.py:3239} INFO - Sync 1 DAGs
[2025-03-21T21:20:06.413+0000] {logging_mixin.py:190} INFO - [2025-03-21T21:20:06.413+0000] {dag.py:4180} INFO - Setting next_dagrun for example_trigger_target_dag to None, run_after=None
[2025-03-21T21:20:06.431+0000] {processor.py:208} INFO - Processing /home/usmail/sys_fraud/sys_detection_frauds/lib/python3.12/site-packages/airflow/example_dags/example_trigger_target_dag.py took 0.097 seconds
[2025-03-21T21:21:09.900+0000] {processor.py:186} INFO - Started process (PID=3749830) to work on /home/usmail/sys_fraud/sys_detection_frauds/lib/python3.12/site-packages/airflow/example_dags/example_trigger_target_dag.py
[2025-03-21T21:21:09.909+0000] {processor.py:914} INFO - Processing file /home/usmail/sys_fraud/sys_detection_frauds/lib/python3.12/site-packages/airflow/example_dags/example_trigger_target_dag.py for tasks to queue
[2025-03-21T21:21:09.912+0000] {logging_mixin.py:190} INFO - [2025-03-21T21:21:09.912+0000] {dagbag.py:588} INFO - Filling up the DagBag from /home/usmail/sys_fraud/sys_detection_frauds/lib/python3.12/site-packages/airflow/example_dags/example_trigger_target_dag.py
[2025-03-21T21:21:09.924+0000] {processor.py:925} INFO - DAG(s) 'example_trigger_target_dag' retrieved from /home/usmail/sys_fraud/sys_detection_frauds/lib/python3.12/site-packages/airflow/example_dags/example_trigger_target_dag.py
[2025-03-21T21:21:09.946+0000] {logging_mixin.py:190} INFO - [2025-03-21T21:21:09.945+0000] {dag.py:3239} INFO - Sync 1 DAGs
[2025-03-21T21:21:09.963+0000] {logging_mixin.py:190} INFO - [2025-03-21T21:21:09.963+0000] {dag.py:4180} INFO - Setting next_dagrun for example_trigger_target_dag to None, run_after=None
[2025-03-21T21:21:09.995+0000] {processor.py:208} INFO - Processing /home/usmail/sys_fraud/sys_detection_frauds/lib/python3.12/site-packages/airflow/example_dags/example_trigger_target_dag.py took 0.108 seconds
[2025-03-21T21:22:17.474+0000] {processor.py:186} INFO - Started process (PID=3750660) to work on /home/usmail/sys_fraud/sys_detection_frauds/lib/python3.12/site-packages/airflow/example_dags/example_trigger_target_dag.py
[2025-03-21T21:22:17.476+0000] {processor.py:914} INFO - Processing file /home/usmail/sys_fraud/sys_detection_frauds/lib/python3.12/site-packages/airflow/example_dags/example_trigger_target_dag.py for tasks to queue
[2025-03-21T21:22:17.479+0000] {logging_mixin.py:190} INFO - [2025-03-21T21:22:17.478+0000] {dagbag.py:588} INFO - Filling up the DagBag from /home/usmail/sys_fraud/sys_detection_frauds/lib/python3.12/site-packages/airflow/example_dags/example_trigger_target_dag.py
[2025-03-21T21:22:17.490+0000] {processor.py:925} INFO - DAG(s) 'example_trigger_target_dag' retrieved from /home/usmail/sys_fraud/sys_detection_frauds/lib/python3.12/site-packages/airflow/example_dags/example_trigger_target_dag.py
[2025-03-21T21:22:17.512+0000] {logging_mixin.py:190} INFO - [2025-03-21T21:22:17.512+0000] {dag.py:3239} INFO - Sync 1 DAGs
[2025-03-21T21:22:17.529+0000] {logging_mixin.py:190} INFO - [2025-03-21T21:22:17.528+0000] {dag.py:4180} INFO - Setting next_dagrun for example_trigger_target_dag to None, run_after=None
[2025-03-21T21:22:17.560+0000] {processor.py:208} INFO - Processing /home/usmail/sys_fraud/sys_detection_frauds/lib/python3.12/site-packages/airflow/example_dags/example_trigger_target_dag.py took 0.097 seconds
[2025-03-21T21:23:22.058+0000] {processor.py:186} INFO - Started process (PID=3751484) to work on /home/usmail/sys_fraud/sys_detection_frauds/lib/python3.12/site-packages/airflow/example_dags/example_trigger_target_dag.py
[2025-03-21T21:23:22.067+0000] {processor.py:914} INFO - Processing file /home/usmail/sys_fraud/sys_detection_frauds/lib/python3.12/site-packages/airflow/example_dags/example_trigger_target_dag.py for tasks to queue
[2025-03-21T21:23:22.069+0000] {logging_mixin.py:190} INFO - [2025-03-21T21:23:22.069+0000] {dagbag.py:588} INFO - Filling up the DagBag from /home/usmail/sys_fraud/sys_detection_frauds/lib/python3.12/site-packages/airflow/example_dags/example_trigger_target_dag.py
[2025-03-21T21:23:22.079+0000] {processor.py:925} INFO - DAG(s) 'example_trigger_target_dag' retrieved from /home/usmail/sys_fraud/sys_detection_frauds/lib/python3.12/site-packages/airflow/example_dags/example_trigger_target_dag.py
[2025-03-21T21:23:22.101+0000] {logging_mixin.py:190} INFO - [2025-03-21T21:23:22.100+0000] {dag.py:3239} INFO - Sync 1 DAGs
[2025-03-21T21:23:22.119+0000] {logging_mixin.py:190} INFO - [2025-03-21T21:23:22.119+0000] {dag.py:4180} INFO - Setting next_dagrun for example_trigger_target_dag to None, run_after=None
[2025-03-21T21:23:22.139+0000] {processor.py:208} INFO - Processing /home/usmail/sys_fraud/sys_detection_frauds/lib/python3.12/site-packages/airflow/example_dags/example_trigger_target_dag.py took 0.086 seconds
[2025-03-21T21:24:24.115+0000] {processor.py:186} INFO - Started process (PID=3752159) to work on /home/usmail/sys_fraud/sys_detection_frauds/lib/python3.12/site-packages/airflow/example_dags/example_trigger_target_dag.py
[2025-03-21T21:24:24.124+0000] {processor.py:914} INFO - Processing file /home/usmail/sys_fraud/sys_detection_frauds/lib/python3.12/site-packages/airflow/example_dags/example_trigger_target_dag.py for tasks to queue
[2025-03-21T21:24:24.128+0000] {logging_mixin.py:190} INFO - [2025-03-21T21:24:24.127+0000] {dagbag.py:588} INFO - Filling up the DagBag from /home/usmail/sys_fraud/sys_detection_frauds/lib/python3.12/site-packages/airflow/example_dags/example_trigger_target_dag.py
[2025-03-21T21:24:24.140+0000] {processor.py:925} INFO - DAG(s) 'example_trigger_target_dag' retrieved from /home/usmail/sys_fraud/sys_detection_frauds/lib/python3.12/site-packages/airflow/example_dags/example_trigger_target_dag.py
[2025-03-21T21:24:24.162+0000] {logging_mixin.py:190} INFO - [2025-03-21T21:24:24.162+0000] {dag.py:3239} INFO - Sync 1 DAGs
[2025-03-21T21:24:24.181+0000] {logging_mixin.py:190} INFO - [2025-03-21T21:24:24.180+0000] {dag.py:4180} INFO - Setting next_dagrun for example_trigger_target_dag to None, run_after=None
[2025-03-21T21:24:24.212+0000] {processor.py:208} INFO - Processing /home/usmail/sys_fraud/sys_detection_frauds/lib/python3.12/site-packages/airflow/example_dags/example_trigger_target_dag.py took 0.110 seconds
[2025-03-21T21:25:25.927+0000] {processor.py:186} INFO - Started process (PID=3752836) to work on /home/usmail/sys_fraud/sys_detection_frauds/lib/python3.12/site-packages/airflow/example_dags/example_trigger_target_dag.py
[2025-03-21T21:25:25.936+0000] {processor.py:914} INFO - Processing file /home/usmail/sys_fraud/sys_detection_frauds/lib/python3.12/site-packages/airflow/example_dags/example_trigger_target_dag.py for tasks to queue
[2025-03-21T21:25:25.939+0000] {logging_mixin.py:190} INFO - [2025-03-21T21:25:25.939+0000] {dagbag.py:588} INFO - Filling up the DagBag from /home/usmail/sys_fraud/sys_detection_frauds/lib/python3.12/site-packages/airflow/example_dags/example_trigger_target_dag.py
[2025-03-21T21:25:25.953+0000] {processor.py:925} INFO - DAG(s) 'example_trigger_target_dag' retrieved from /home/usmail/sys_fraud/sys_detection_frauds/lib/python3.12/site-packages/airflow/example_dags/example_trigger_target_dag.py
[2025-03-21T21:25:25.974+0000] {logging_mixin.py:190} INFO - [2025-03-21T21:25:25.974+0000] {dag.py:3239} INFO - Sync 1 DAGs
[2025-03-21T21:25:25.991+0000] {logging_mixin.py:190} INFO - [2025-03-21T21:25:25.991+0000] {dag.py:4180} INFO - Setting next_dagrun for example_trigger_target_dag to None, run_after=None
[2025-03-21T21:25:26.013+0000] {processor.py:208} INFO - Processing /home/usmail/sys_fraud/sys_detection_frauds/lib/python3.12/site-packages/airflow/example_dags/example_trigger_target_dag.py took 0.099 seconds
[2025-03-21T21:26:31.990+0000] {processor.py:186} INFO - Started process (PID=3753518) to work on /home/usmail/sys_fraud/sys_detection_frauds/lib/python3.12/site-packages/airflow/example_dags/example_trigger_target_dag.py
[2025-03-21T21:26:31.999+0000] {processor.py:914} INFO - Processing file /home/usmail/sys_fraud/sys_detection_frauds/lib/python3.12/site-packages/airflow/example_dags/example_trigger_target_dag.py for tasks to queue
[2025-03-21T21:26:32.002+0000] {logging_mixin.py:190} INFO - [2025-03-21T21:26:32.002+0000] {dagbag.py:588} INFO - Filling up the DagBag from /home/usmail/sys_fraud/sys_detection_frauds/lib/python3.12/site-packages/airflow/example_dags/example_trigger_target_dag.py
[2025-03-21T21:26:32.015+0000] {processor.py:925} INFO - DAG(s) 'example_trigger_target_dag' retrieved from /home/usmail/sys_fraud/sys_detection_frauds/lib/python3.12/site-packages/airflow/example_dags/example_trigger_target_dag.py
[2025-03-21T21:26:32.037+0000] {logging_mixin.py:190} INFO - [2025-03-21T21:26:32.036+0000] {dag.py:3239} INFO - Sync 1 DAGs
[2025-03-21T21:26:32.053+0000] {logging_mixin.py:190} INFO - [2025-03-21T21:26:32.053+0000] {dag.py:4180} INFO - Setting next_dagrun for example_trigger_target_dag to None, run_after=None
[2025-03-21T21:26:32.090+0000] {processor.py:208} INFO - Processing /home/usmail/sys_fraud/sys_detection_frauds/lib/python3.12/site-packages/airflow/example_dags/example_trigger_target_dag.py took 0.112 seconds
[2025-03-21T21:27:34.842+0000] {processor.py:186} INFO - Started process (PID=3754172) to work on /home/usmail/sys_fraud/sys_detection_frauds/lib/python3.12/site-packages/airflow/example_dags/example_trigger_target_dag.py
[2025-03-21T21:27:34.851+0000] {processor.py:914} INFO - Processing file /home/usmail/sys_fraud/sys_detection_frauds/lib/python3.12/site-packages/airflow/example_dags/example_trigger_target_dag.py for tasks to queue
[2025-03-21T21:27:34.855+0000] {logging_mixin.py:190} INFO - [2025-03-21T21:27:34.854+0000] {dagbag.py:588} INFO - Filling up the DagBag from /home/usmail/sys_fraud/sys_detection_frauds/lib/python3.12/site-packages/airflow/example_dags/example_trigger_target_dag.py
[2025-03-21T21:27:34.868+0000] {processor.py:925} INFO - DAG(s) 'example_trigger_target_dag' retrieved from /home/usmail/sys_fraud/sys_detection_frauds/lib/python3.12/site-packages/airflow/example_dags/example_trigger_target_dag.py
[2025-03-21T21:27:34.889+0000] {logging_mixin.py:190} INFO - [2025-03-21T21:27:34.888+0000] {dag.py:3239} INFO - Sync 1 DAGs
[2025-03-21T21:27:34.906+0000] {logging_mixin.py:190} INFO - [2025-03-21T21:27:34.906+0000] {dag.py:4180} INFO - Setting next_dagrun for example_trigger_target_dag to None, run_after=None
[2025-03-21T21:27:34.933+0000] {processor.py:208} INFO - Processing /home/usmail/sys_fraud/sys_detection_frauds/lib/python3.12/site-packages/airflow/example_dags/example_trigger_target_dag.py took 0.103 seconds
[2025-03-21T21:28:34.215+0000] {processor.py:186} INFO - Started process (PID=3754795) to work on /home/usmail/sys_fraud/sys_detection_frauds/lib/python3.12/site-packages/airflow/example_dags/example_trigger_target_dag.py
[2025-03-21T21:28:34.225+0000] {processor.py:914} INFO - Processing file /home/usmail/sys_fraud/sys_detection_frauds/lib/python3.12/site-packages/airflow/example_dags/example_trigger_target_dag.py for tasks to queue
[2025-03-21T21:28:34.228+0000] {logging_mixin.py:190} INFO - [2025-03-21T21:28:34.227+0000] {dagbag.py:588} INFO - Filling up the DagBag from /home/usmail/sys_fraud/sys_detection_frauds/lib/python3.12/site-packages/airflow/example_dags/example_trigger_target_dag.py
[2025-03-21T21:28:34.240+0000] {processor.py:925} INFO - DAG(s) 'example_trigger_target_dag' retrieved from /home/usmail/sys_fraud/sys_detection_frauds/lib/python3.12/site-packages/airflow/example_dags/example_trigger_target_dag.py
[2025-03-21T21:28:34.262+0000] {logging_mixin.py:190} INFO - [2025-03-21T21:28:34.262+0000] {dag.py:3239} INFO - Sync 1 DAGs
[2025-03-21T21:28:34.283+0000] {logging_mixin.py:190} INFO - [2025-03-21T21:28:34.282+0000] {dag.py:4180} INFO - Setting next_dagrun for example_trigger_target_dag to None, run_after=None
[2025-03-21T21:28:34.305+0000] {processor.py:208} INFO - Processing /home/usmail/sys_fraud/sys_detection_frauds/lib/python3.12/site-packages/airflow/example_dags/example_trigger_target_dag.py took 0.103 seconds
[2025-03-21T21:29:37.754+0000] {processor.py:186} INFO - Started process (PID=3755459) to work on /home/usmail/sys_fraud/sys_detection_frauds/lib/python3.12/site-packages/airflow/example_dags/example_trigger_target_dag.py
[2025-03-21T21:29:37.764+0000] {processor.py:914} INFO - Processing file /home/usmail/sys_fraud/sys_detection_frauds/lib/python3.12/site-packages/airflow/example_dags/example_trigger_target_dag.py for tasks to queue
[2025-03-21T21:29:37.767+0000] {logging_mixin.py:190} INFO - [2025-03-21T21:29:37.766+0000] {dagbag.py:588} INFO - Filling up the DagBag from /home/usmail/sys_fraud/sys_detection_frauds/lib/python3.12/site-packages/airflow/example_dags/example_trigger_target_dag.py
[2025-03-21T21:29:37.781+0000] {processor.py:925} INFO - DAG(s) 'example_trigger_target_dag' retrieved from /home/usmail/sys_fraud/sys_detection_frauds/lib/python3.12/site-packages/airflow/example_dags/example_trigger_target_dag.py
[2025-03-21T21:29:37.803+0000] {logging_mixin.py:190} INFO - [2025-03-21T21:29:37.803+0000] {dag.py:3239} INFO - Sync 1 DAGs
[2025-03-21T21:29:37.820+0000] {logging_mixin.py:190} INFO - [2025-03-21T21:29:37.820+0000] {dag.py:4180} INFO - Setting next_dagrun for example_trigger_target_dag to None, run_after=None
[2025-03-21T21:29:37.837+0000] {processor.py:208} INFO - Processing /home/usmail/sys_fraud/sys_detection_frauds/lib/python3.12/site-packages/airflow/example_dags/example_trigger_target_dag.py took 0.097 seconds
[2025-03-21T21:30:42.365+0000] {processor.py:186} INFO - Started process (PID=3756136) to work on /home/usmail/sys_fraud/sys_detection_frauds/lib/python3.12/site-packages/airflow/example_dags/example_trigger_target_dag.py
[2025-03-21T21:30:42.374+0000] {processor.py:914} INFO - Processing file /home/usmail/sys_fraud/sys_detection_frauds/lib/python3.12/site-packages/airflow/example_dags/example_trigger_target_dag.py for tasks to queue
[2025-03-21T21:30:42.378+0000] {logging_mixin.py:190} INFO - [2025-03-21T21:30:42.377+0000] {dagbag.py:588} INFO - Filling up the DagBag from /home/usmail/sys_fraud/sys_detection_frauds/lib/python3.12/site-packages/airflow/example_dags/example_trigger_target_dag.py
[2025-03-21T21:30:42.391+0000] {processor.py:925} INFO - DAG(s) 'example_trigger_target_dag' retrieved from /home/usmail/sys_fraud/sys_detection_frauds/lib/python3.12/site-packages/airflow/example_dags/example_trigger_target_dag.py
[2025-03-21T21:30:42.429+0000] {logging_mixin.py:190} INFO - [2025-03-21T21:30:42.428+0000] {dag.py:3239} INFO - Sync 1 DAGs
[2025-03-21T21:30:42.444+0000] {logging_mixin.py:190} INFO - [2025-03-21T21:30:42.444+0000] {dag.py:4180} INFO - Setting next_dagrun for example_trigger_target_dag to None, run_after=None
[2025-03-21T21:30:42.463+0000] {processor.py:208} INFO - Processing /home/usmail/sys_fraud/sys_detection_frauds/lib/python3.12/site-packages/airflow/example_dags/example_trigger_target_dag.py took 0.111 seconds
[2025-03-21T21:31:48.178+0000] {processor.py:186} INFO - Started process (PID=3756837) to work on /home/usmail/sys_fraud/sys_detection_frauds/lib/python3.12/site-packages/airflow/example_dags/example_trigger_target_dag.py
[2025-03-21T21:31:48.187+0000] {processor.py:914} INFO - Processing file /home/usmail/sys_fraud/sys_detection_frauds/lib/python3.12/site-packages/airflow/example_dags/example_trigger_target_dag.py for tasks to queue
[2025-03-21T21:31:48.190+0000] {logging_mixin.py:190} INFO - [2025-03-21T21:31:48.190+0000] {dagbag.py:588} INFO - Filling up the DagBag from /home/usmail/sys_fraud/sys_detection_frauds/lib/python3.12/site-packages/airflow/example_dags/example_trigger_target_dag.py
[2025-03-21T21:31:48.203+0000] {processor.py:925} INFO - DAG(s) 'example_trigger_target_dag' retrieved from /home/usmail/sys_fraud/sys_detection_frauds/lib/python3.12/site-packages/airflow/example_dags/example_trigger_target_dag.py
[2025-03-21T21:31:48.225+0000] {logging_mixin.py:190} INFO - [2025-03-21T21:31:48.224+0000] {dag.py:3239} INFO - Sync 1 DAGs
[2025-03-21T21:31:48.241+0000] {logging_mixin.py:190} INFO - [2025-03-21T21:31:48.241+0000] {dag.py:4180} INFO - Setting next_dagrun for example_trigger_target_dag to None, run_after=None
[2025-03-21T21:31:48.276+0000] {processor.py:208} INFO - Processing /home/usmail/sys_fraud/sys_detection_frauds/lib/python3.12/site-packages/airflow/example_dags/example_trigger_target_dag.py took 0.109 seconds
[2025-03-21T21:32:51.963+0000] {processor.py:186} INFO - Started process (PID=3757493) to work on /home/usmail/sys_fraud/sys_detection_frauds/lib/python3.12/site-packages/airflow/example_dags/example_trigger_target_dag.py
[2025-03-21T21:32:51.964+0000] {processor.py:914} INFO - Processing file /home/usmail/sys_fraud/sys_detection_frauds/lib/python3.12/site-packages/airflow/example_dags/example_trigger_target_dag.py for tasks to queue
[2025-03-21T21:32:51.967+0000] {logging_mixin.py:190} INFO - [2025-03-21T21:32:51.966+0000] {dagbag.py:588} INFO - Filling up the DagBag from /home/usmail/sys_fraud/sys_detection_frauds/lib/python3.12/site-packages/airflow/example_dags/example_trigger_target_dag.py
[2025-03-21T21:32:51.979+0000] {processor.py:925} INFO - DAG(s) 'example_trigger_target_dag' retrieved from /home/usmail/sys_fraud/sys_detection_frauds/lib/python3.12/site-packages/airflow/example_dags/example_trigger_target_dag.py
[2025-03-21T21:32:52.001+0000] {logging_mixin.py:190} INFO - [2025-03-21T21:32:52.000+0000] {dag.py:3239} INFO - Sync 1 DAGs
[2025-03-21T21:32:52.018+0000] {logging_mixin.py:190} INFO - [2025-03-21T21:32:52.018+0000] {dag.py:4180} INFO - Setting next_dagrun for example_trigger_target_dag to None, run_after=None
[2025-03-21T21:32:52.056+0000] {processor.py:208} INFO - Processing /home/usmail/sys_fraud/sys_detection_frauds/lib/python3.12/site-packages/airflow/example_dags/example_trigger_target_dag.py took 0.107 seconds
[2025-03-21T22:19:25.522+0000] {processor.py:186} INFO - Started process (PID=3758528) to work on /home/usmail/sys_fraud/sys_detection_frauds/lib/python3.12/site-packages/airflow/example_dags/example_trigger_target_dag.py
[2025-03-21T22:19:25.532+0000] {processor.py:914} INFO - Processing file /home/usmail/sys_fraud/sys_detection_frauds/lib/python3.12/site-packages/airflow/example_dags/example_trigger_target_dag.py for tasks to queue
[2025-03-21T22:19:25.535+0000] {logging_mixin.py:190} INFO - [2025-03-21T22:19:25.535+0000] {dagbag.py:588} INFO - Filling up the DagBag from /home/usmail/sys_fraud/sys_detection_frauds/lib/python3.12/site-packages/airflow/example_dags/example_trigger_target_dag.py
[2025-03-21T22:19:25.549+0000] {processor.py:925} INFO - DAG(s) 'example_trigger_target_dag' retrieved from /home/usmail/sys_fraud/sys_detection_frauds/lib/python3.12/site-packages/airflow/example_dags/example_trigger_target_dag.py
[2025-03-21T22:19:25.575+0000] {logging_mixin.py:190} INFO - [2025-03-21T22:19:25.574+0000] {dag.py:3239} INFO - Sync 1 DAGs
[2025-03-21T22:19:25.599+0000] {logging_mixin.py:190} INFO - [2025-03-21T22:19:25.599+0000] {dag.py:4180} INFO - Setting next_dagrun for example_trigger_target_dag to None, run_after=None
[2025-03-21T22:19:25.630+0000] {processor.py:208} INFO - Processing /home/usmail/sys_fraud/sys_detection_frauds/lib/python3.12/site-packages/airflow/example_dags/example_trigger_target_dag.py took 0.123 seconds
[2025-03-21T22:20:21.337+0000] {processor.py:186} INFO - Started process (PID=3759443) to work on /home/usmail/sys_fraud/sys_detection_frauds/lib/python3.12/site-packages/airflow/example_dags/example_trigger_target_dag.py
[2025-03-21T22:20:21.338+0000] {processor.py:914} INFO - Processing file /home/usmail/sys_fraud/sys_detection_frauds/lib/python3.12/site-packages/airflow/example_dags/example_trigger_target_dag.py for tasks to queue
[2025-03-21T22:20:21.340+0000] {logging_mixin.py:190} INFO - [2025-03-21T22:20:21.340+0000] {dagbag.py:588} INFO - Filling up the DagBag from /home/usmail/sys_fraud/sys_detection_frauds/lib/python3.12/site-packages/airflow/example_dags/example_trigger_target_dag.py
[2025-03-21T22:20:21.349+0000] {processor.py:925} INFO - DAG(s) 'example_trigger_target_dag' retrieved from /home/usmail/sys_fraud/sys_detection_frauds/lib/python3.12/site-packages/airflow/example_dags/example_trigger_target_dag.py
[2025-03-21T22:20:21.362+0000] {logging_mixin.py:190} INFO - [2025-03-21T22:20:21.361+0000] {dag.py:3239} INFO - Sync 1 DAGs
[2025-03-21T22:20:21.375+0000] {logging_mixin.py:190} INFO - [2025-03-21T22:20:21.375+0000] {dag.py:4180} INFO - Setting next_dagrun for example_trigger_target_dag to None, run_after=None
[2025-03-21T22:20:21.399+0000] {processor.py:208} INFO - Processing /home/usmail/sys_fraud/sys_detection_frauds/lib/python3.12/site-packages/airflow/example_dags/example_trigger_target_dag.py took 0.069 seconds
[2025-03-21T22:21:23.896+0000] {processor.py:186} INFO - Started process (PID=3760197) to work on /home/usmail/sys_fraud/sys_detection_frauds/lib/python3.12/site-packages/airflow/example_dags/example_trigger_target_dag.py
[2025-03-21T22:21:23.905+0000] {processor.py:914} INFO - Processing file /home/usmail/sys_fraud/sys_detection_frauds/lib/python3.12/site-packages/airflow/example_dags/example_trigger_target_dag.py for tasks to queue
[2025-03-21T22:21:23.906+0000] {logging_mixin.py:190} INFO - [2025-03-21T22:21:23.906+0000] {dagbag.py:588} INFO - Filling up the DagBag from /home/usmail/sys_fraud/sys_detection_frauds/lib/python3.12/site-packages/airflow/example_dags/example_trigger_target_dag.py
[2025-03-21T22:21:23.914+0000] {processor.py:925} INFO - DAG(s) 'example_trigger_target_dag' retrieved from /home/usmail/sys_fraud/sys_detection_frauds/lib/python3.12/site-packages/airflow/example_dags/example_trigger_target_dag.py
[2025-03-21T22:21:23.925+0000] {logging_mixin.py:190} INFO - [2025-03-21T22:21:23.925+0000] {dag.py:3239} INFO - Sync 1 DAGs
[2025-03-21T22:21:23.937+0000] {logging_mixin.py:190} INFO - [2025-03-21T22:21:23.937+0000] {dag.py:4180} INFO - Setting next_dagrun for example_trigger_target_dag to None, run_after=None
[2025-03-21T22:21:23.956+0000] {processor.py:208} INFO - Processing /home/usmail/sys_fraud/sys_detection_frauds/lib/python3.12/site-packages/airflow/example_dags/example_trigger_target_dag.py took 0.067 seconds
[2025-03-21T22:22:24.950+0000] {processor.py:186} INFO - Started process (PID=3761265) to work on /home/usmail/sys_fraud/sys_detection_frauds/lib/python3.12/site-packages/airflow/example_dags/example_trigger_target_dag.py
[2025-03-21T22:22:24.959+0000] {processor.py:914} INFO - Processing file /home/usmail/sys_fraud/sys_detection_frauds/lib/python3.12/site-packages/airflow/example_dags/example_trigger_target_dag.py for tasks to queue
[2025-03-21T22:22:24.962+0000] {logging_mixin.py:190} INFO - [2025-03-21T22:22:24.961+0000] {dagbag.py:588} INFO - Filling up the DagBag from /home/usmail/sys_fraud/sys_detection_frauds/lib/python3.12/site-packages/airflow/example_dags/example_trigger_target_dag.py
[2025-03-21T22:22:24.974+0000] {processor.py:925} INFO - DAG(s) 'example_trigger_target_dag' retrieved from /home/usmail/sys_fraud/sys_detection_frauds/lib/python3.12/site-packages/airflow/example_dags/example_trigger_target_dag.py
[2025-03-21T22:22:24.994+0000] {logging_mixin.py:190} INFO - [2025-03-21T22:22:24.993+0000] {dag.py:3239} INFO - Sync 1 DAGs
[2025-03-21T22:22:25.004+0000] {logging_mixin.py:190} INFO - [2025-03-21T22:22:25.004+0000] {dag.py:4180} INFO - Setting next_dagrun for example_trigger_target_dag to None, run_after=None
[2025-03-21T22:22:25.023+0000] {processor.py:208} INFO - Processing /home/usmail/sys_fraud/sys_detection_frauds/lib/python3.12/site-packages/airflow/example_dags/example_trigger_target_dag.py took 0.093 seconds
