[2025-03-21T20:50:15.923+0000] {processor.py:186} INFO - Started process (PID=3723478) to work on /home/usmail/sys_fraud/sys_detection_frauds/lib/python3.12/site-packages/airflow/example_dags/example_display_name.py
[2025-03-21T20:50:15.924+0000] {processor.py:914} INFO - Processing file /home/usmail/sys_fraud/sys_detection_frauds/lib/python3.12/site-packages/airflow/example_dags/example_display_name.py for tasks to queue
[2025-03-21T20:50:15.926+0000] {logging_mixin.py:190} INFO - [2025-03-21T20:50:15.926+0000] {dagbag.py:588} INFO - Filling up the DagBag from /home/usmail/sys_fraud/sys_detection_frauds/lib/python3.12/site-packages/airflow/example_dags/example_display_name.py
[2025-03-21T20:50:15.933+0000] {processor.py:925} INFO - DAG(s) 'example_display_name' retrieved from /home/usmail/sys_fraud/sys_detection_frauds/lib/python3.12/site-packages/airflow/example_dags/example_display_name.py
[2025-03-21T20:50:16.015+0000] {logging_mixin.py:190} INFO - [2025-03-21T20:50:16.015+0000] {override.py:1912} INFO - Created Permission View: can edit on DAG:example_display_name
[2025-03-21T20:50:16.026+0000] {logging_mixin.py:190} INFO - [2025-03-21T20:50:16.026+0000] {override.py:1912} INFO - Created Permission View: can read on DAG:example_display_name
[2025-03-21T20:50:16.033+0000] {logging_mixin.py:190} INFO - [2025-03-21T20:50:16.033+0000] {override.py:1912} INFO - Created Permission View: can delete on DAG:example_display_name
[2025-03-21T20:50:16.042+0000] {logging_mixin.py:190} INFO - [2025-03-21T20:50:16.041+0000] {override.py:1912} INFO - Created Permission View: can create on DAG Run:example_display_name
[2025-03-21T20:50:16.049+0000] {logging_mixin.py:190} INFO - [2025-03-21T20:50:16.048+0000] {override.py:1912} INFO - Created Permission View: menu access on DAG Run:example_display_name
[2025-03-21T20:50:16.054+0000] {logging_mixin.py:190} INFO - [2025-03-21T20:50:16.053+0000] {override.py:1912} INFO - Created Permission View: can read on DAG Run:example_display_name
[2025-03-21T20:50:16.059+0000] {logging_mixin.py:190} INFO - [2025-03-21T20:50:16.058+0000] {override.py:1912} INFO - Created Permission View: can delete on DAG Run:example_display_name
[2025-03-21T20:50:16.059+0000] {logging_mixin.py:190} INFO - [2025-03-21T20:50:16.059+0000] {dag.py:3239} INFO - Sync 1 DAGs
[2025-03-21T20:50:16.066+0000] {logging_mixin.py:190} INFO - [2025-03-21T20:50:16.066+0000] {dag.py:3262} INFO - Creating ORM DAG for example_display_name
[2025-03-21T20:50:16.067+0000] {logging_mixin.py:190} INFO - [2025-03-21T20:50:16.066+0000] {dag.py:4180} INFO - Setting next_dagrun for example_display_name to None, run_after=None
[2025-03-21T20:50:16.080+0000] {processor.py:208} INFO - Processing /home/usmail/sys_fraud/sys_detection_frauds/lib/python3.12/site-packages/airflow/example_dags/example_display_name.py took 0.162 seconds
[2025-03-21T20:51:13.912+0000] {processor.py:186} INFO - Started process (PID=3724171) to work on /home/usmail/sys_fraud/sys_detection_frauds/lib/python3.12/site-packages/airflow/example_dags/example_display_name.py
[2025-03-21T20:51:13.921+0000] {processor.py:914} INFO - Processing file /home/usmail/sys_fraud/sys_detection_frauds/lib/python3.12/site-packages/airflow/example_dags/example_display_name.py for tasks to queue
[2025-03-21T20:51:13.923+0000] {logging_mixin.py:190} INFO - [2025-03-21T20:51:13.922+0000] {dagbag.py:588} INFO - Filling up the DagBag from /home/usmail/sys_fraud/sys_detection_frauds/lib/python3.12/site-packages/airflow/example_dags/example_display_name.py
[2025-03-21T20:51:13.928+0000] {processor.py:925} INFO - DAG(s) 'example_display_name' retrieved from /home/usmail/sys_fraud/sys_detection_frauds/lib/python3.12/site-packages/airflow/example_dags/example_display_name.py
[2025-03-21T20:51:13.938+0000] {logging_mixin.py:190} INFO - [2025-03-21T20:51:13.938+0000] {dag.py:3239} INFO - Sync 1 DAGs
[2025-03-21T20:51:13.946+0000] {logging_mixin.py:190} INFO - [2025-03-21T20:51:13.946+0000] {dag.py:4180} INFO - Setting next_dagrun for example_display_name to None, run_after=None
[2025-03-21T20:51:13.962+0000] {processor.py:208} INFO - Processing /home/usmail/sys_fraud/sys_detection_frauds/lib/python3.12/site-packages/airflow/example_dags/example_display_name.py took 0.053 seconds
[2025-03-21T20:52:08.023+0000] {processor.py:186} INFO - Started process (PID=3724854) to work on /home/usmail/sys_fraud/sys_detection_frauds/lib/python3.12/site-packages/airflow/example_dags/example_display_name.py
[2025-03-21T20:52:08.032+0000] {processor.py:914} INFO - Processing file /home/usmail/sys_fraud/sys_detection_frauds/lib/python3.12/site-packages/airflow/example_dags/example_display_name.py for tasks to queue
[2025-03-21T20:52:08.034+0000] {logging_mixin.py:190} INFO - [2025-03-21T20:52:08.033+0000] {dagbag.py:588} INFO - Filling up the DagBag from /home/usmail/sys_fraud/sys_detection_frauds/lib/python3.12/site-packages/airflow/example_dags/example_display_name.py
[2025-03-21T20:52:08.041+0000] {processor.py:925} INFO - DAG(s) 'example_display_name' retrieved from /home/usmail/sys_fraud/sys_detection_frauds/lib/python3.12/site-packages/airflow/example_dags/example_display_name.py
[2025-03-21T20:52:08.052+0000] {logging_mixin.py:190} INFO - [2025-03-21T20:52:08.051+0000] {dag.py:3239} INFO - Sync 1 DAGs
[2025-03-21T20:52:08.063+0000] {logging_mixin.py:190} INFO - [2025-03-21T20:52:08.063+0000] {dag.py:4180} INFO - Setting next_dagrun for example_display_name to None, run_after=None
[2025-03-21T20:52:08.086+0000] {processor.py:208} INFO - Processing /home/usmail/sys_fraud/sys_detection_frauds/lib/python3.12/site-packages/airflow/example_dags/example_display_name.py took 0.068 seconds
[2025-03-21T20:53:26.070+0000] {processor.py:186} INFO - Started process (PID=3725705) to work on /home/usmail/sys_fraud/sys_detection_frauds/lib/python3.12/site-packages/airflow/example_dags/example_display_name.py
[2025-03-21T20:53:26.078+0000] {processor.py:914} INFO - Processing file /home/usmail/sys_fraud/sys_detection_frauds/lib/python3.12/site-packages/airflow/example_dags/example_display_name.py for tasks to queue
[2025-03-21T20:53:26.082+0000] {logging_mixin.py:190} INFO - [2025-03-21T20:53:26.081+0000] {dagbag.py:588} INFO - Filling up the DagBag from /home/usmail/sys_fraud/sys_detection_frauds/lib/python3.12/site-packages/airflow/example_dags/example_display_name.py
[2025-03-21T20:53:26.088+0000] {processor.py:925} INFO - DAG(s) 'example_display_name' retrieved from /home/usmail/sys_fraud/sys_detection_frauds/lib/python3.12/site-packages/airflow/example_dags/example_display_name.py
[2025-03-21T20:53:26.100+0000] {logging_mixin.py:190} INFO - [2025-03-21T20:53:26.100+0000] {dag.py:3239} INFO - Sync 1 DAGs
[2025-03-21T20:53:26.107+0000] {logging_mixin.py:190} INFO - [2025-03-21T20:53:26.107+0000] {dag.py:4180} INFO - Setting next_dagrun for example_display_name to None, run_after=None
[2025-03-21T20:53:26.126+0000] {processor.py:208} INFO - Processing /home/usmail/sys_fraud/sys_detection_frauds/lib/python3.12/site-packages/airflow/example_dags/example_display_name.py took 0.061 seconds
[2025-03-21T20:54:22.595+0000] {processor.py:186} INFO - Started process (PID=3726438) to work on /home/usmail/sys_fraud/sys_detection_frauds/lib/python3.12/site-packages/airflow/example_dags/example_display_name.py
[2025-03-21T20:54:22.604+0000] {processor.py:914} INFO - Processing file /home/usmail/sys_fraud/sys_detection_frauds/lib/python3.12/site-packages/airflow/example_dags/example_display_name.py for tasks to queue
[2025-03-21T20:54:22.605+0000] {logging_mixin.py:190} INFO - [2025-03-21T20:54:22.605+0000] {dagbag.py:588} INFO - Filling up the DagBag from /home/usmail/sys_fraud/sys_detection_frauds/lib/python3.12/site-packages/airflow/example_dags/example_display_name.py
[2025-03-21T20:54:22.613+0000] {processor.py:925} INFO - DAG(s) 'example_display_name' retrieved from /home/usmail/sys_fraud/sys_detection_frauds/lib/python3.12/site-packages/airflow/example_dags/example_display_name.py
[2025-03-21T20:54:22.621+0000] {logging_mixin.py:190} INFO - [2025-03-21T20:54:22.621+0000] {dag.py:3239} INFO - Sync 1 DAGs
[2025-03-21T20:54:22.707+0000] {logging_mixin.py:190} INFO - [2025-03-21T20:54:22.707+0000] {dag.py:4180} INFO - Setting next_dagrun for example_display_name to None, run_after=None
[2025-03-21T20:54:22.734+0000] {processor.py:208} INFO - Processing /home/usmail/sys_fraud/sys_detection_frauds/lib/python3.12/site-packages/airflow/example_dags/example_display_name.py took 0.142 seconds
[2025-03-21T20:55:39.626+0000] {processor.py:186} INFO - Started process (PID=3727403) to work on /home/usmail/sys_fraud/sys_detection_frauds/lib/python3.12/site-packages/airflow/example_dags/example_display_name.py
[2025-03-21T20:55:39.635+0000] {processor.py:914} INFO - Processing file /home/usmail/sys_fraud/sys_detection_frauds/lib/python3.12/site-packages/airflow/example_dags/example_display_name.py for tasks to queue
[2025-03-21T20:55:39.638+0000] {logging_mixin.py:190} INFO - [2025-03-21T20:55:39.637+0000] {dagbag.py:588} INFO - Filling up the DagBag from /home/usmail/sys_fraud/sys_detection_frauds/lib/python3.12/site-packages/airflow/example_dags/example_display_name.py
[2025-03-21T20:55:39.646+0000] {processor.py:925} INFO - DAG(s) 'example_display_name' retrieved from /home/usmail/sys_fraud/sys_detection_frauds/lib/python3.12/site-packages/airflow/example_dags/example_display_name.py
[2025-03-21T20:55:39.655+0000] {logging_mixin.py:190} INFO - [2025-03-21T20:55:39.655+0000] {dag.py:3239} INFO - Sync 1 DAGs
[2025-03-21T20:55:39.662+0000] {logging_mixin.py:190} INFO - [2025-03-21T20:55:39.662+0000] {dag.py:4180} INFO - Setting next_dagrun for example_display_name to None, run_after=None
[2025-03-21T20:55:39.679+0000] {processor.py:208} INFO - Processing /home/usmail/sys_fraud/sys_detection_frauds/lib/python3.12/site-packages/airflow/example_dags/example_display_name.py took 0.062 seconds
[2025-03-21T20:56:56.966+0000] {processor.py:186} INFO - Started process (PID=3728519) to work on /home/usmail/sys_fraud/sys_detection_frauds/lib/python3.12/site-packages/airflow/example_dags/example_display_name.py
[2025-03-21T20:56:56.974+0000] {processor.py:914} INFO - Processing file /home/usmail/sys_fraud/sys_detection_frauds/lib/python3.12/site-packages/airflow/example_dags/example_display_name.py for tasks to queue
[2025-03-21T20:56:56.976+0000] {logging_mixin.py:190} INFO - [2025-03-21T20:56:56.975+0000] {dagbag.py:588} INFO - Filling up the DagBag from /home/usmail/sys_fraud/sys_detection_frauds/lib/python3.12/site-packages/airflow/example_dags/example_display_name.py
[2025-03-21T20:56:56.982+0000] {processor.py:925} INFO - DAG(s) 'example_display_name' retrieved from /home/usmail/sys_fraud/sys_detection_frauds/lib/python3.12/site-packages/airflow/example_dags/example_display_name.py
[2025-03-21T20:56:56.994+0000] {logging_mixin.py:190} INFO - [2025-03-21T20:56:56.994+0000] {dag.py:3239} INFO - Sync 1 DAGs
[2025-03-21T20:56:57.003+0000] {logging_mixin.py:190} INFO - [2025-03-21T20:56:57.002+0000] {dag.py:4180} INFO - Setting next_dagrun for example_display_name to None, run_after=None
[2025-03-21T20:56:57.024+0000] {processor.py:208} INFO - Processing /home/usmail/sys_fraud/sys_detection_frauds/lib/python3.12/site-packages/airflow/example_dags/example_display_name.py took 0.061 seconds
[2025-03-21T20:58:14.146+0000] {processor.py:186} INFO - Started process (PID=3729411) to work on /home/usmail/sys_fraud/sys_detection_frauds/lib/python3.12/site-packages/airflow/example_dags/example_display_name.py
[2025-03-21T20:58:14.155+0000] {processor.py:914} INFO - Processing file /home/usmail/sys_fraud/sys_detection_frauds/lib/python3.12/site-packages/airflow/example_dags/example_display_name.py for tasks to queue
[2025-03-21T20:58:14.156+0000] {logging_mixin.py:190} INFO - [2025-03-21T20:58:14.156+0000] {dagbag.py:588} INFO - Filling up the DagBag from /home/usmail/sys_fraud/sys_detection_frauds/lib/python3.12/site-packages/airflow/example_dags/example_display_name.py
[2025-03-21T20:58:14.165+0000] {processor.py:925} INFO - DAG(s) 'example_display_name' retrieved from /home/usmail/sys_fraud/sys_detection_frauds/lib/python3.12/site-packages/airflow/example_dags/example_display_name.py
[2025-03-21T20:58:14.179+0000] {logging_mixin.py:190} INFO - [2025-03-21T20:58:14.179+0000] {dag.py:3239} INFO - Sync 1 DAGs
[2025-03-21T20:58:14.191+0000] {logging_mixin.py:190} INFO - [2025-03-21T20:58:14.191+0000] {dag.py:4180} INFO - Setting next_dagrun for example_display_name to None, run_after=None
[2025-03-21T20:58:14.221+0000] {processor.py:208} INFO - Processing /home/usmail/sys_fraud/sys_detection_frauds/lib/python3.12/site-packages/airflow/example_dags/example_display_name.py took 0.079 seconds
[2025-03-21T21:00:04.926+0000] {processor.py:186} INFO - Started process (PID=3730911) to work on /home/usmail/sys_fraud/sys_detection_frauds/lib/python3.12/site-packages/airflow/example_dags/example_display_name.py
[2025-03-21T21:00:04.935+0000] {processor.py:914} INFO - Processing file /home/usmail/sys_fraud/sys_detection_frauds/lib/python3.12/site-packages/airflow/example_dags/example_display_name.py for tasks to queue
[2025-03-21T21:00:04.937+0000] {logging_mixin.py:190} INFO - [2025-03-21T21:00:04.937+0000] {dagbag.py:588} INFO - Filling up the DagBag from /home/usmail/sys_fraud/sys_detection_frauds/lib/python3.12/site-packages/airflow/example_dags/example_display_name.py
[2025-03-21T21:00:04.946+0000] {processor.py:925} INFO - DAG(s) 'example_display_name' retrieved from /home/usmail/sys_fraud/sys_detection_frauds/lib/python3.12/site-packages/airflow/example_dags/example_display_name.py
[2025-03-21T21:00:04.954+0000] {logging_mixin.py:190} INFO - [2025-03-21T21:00:04.954+0000] {dag.py:3239} INFO - Sync 1 DAGs
[2025-03-21T21:00:04.963+0000] {logging_mixin.py:190} INFO - [2025-03-21T21:00:04.963+0000] {dag.py:4180} INFO - Setting next_dagrun for example_display_name to None, run_after=None
[2025-03-21T21:00:04.976+0000] {processor.py:208} INFO - Processing /home/usmail/sys_fraud/sys_detection_frauds/lib/python3.12/site-packages/airflow/example_dags/example_display_name.py took 0.055 seconds
[2025-03-21T21:01:01.948+0000] {processor.py:186} INFO - Started process (PID=3731662) to work on /home/usmail/sys_fraud/sys_detection_frauds/lib/python3.12/site-packages/airflow/example_dags/example_display_name.py
[2025-03-21T21:01:01.957+0000] {processor.py:914} INFO - Processing file /home/usmail/sys_fraud/sys_detection_frauds/lib/python3.12/site-packages/airflow/example_dags/example_display_name.py for tasks to queue
[2025-03-21T21:01:01.959+0000] {logging_mixin.py:190} INFO - [2025-03-21T21:01:01.959+0000] {dagbag.py:588} INFO - Filling up the DagBag from /home/usmail/sys_fraud/sys_detection_frauds/lib/python3.12/site-packages/airflow/example_dags/example_display_name.py
[2025-03-21T21:01:01.964+0000] {processor.py:925} INFO - DAG(s) 'example_display_name' retrieved from /home/usmail/sys_fraud/sys_detection_frauds/lib/python3.12/site-packages/airflow/example_dags/example_display_name.py
[2025-03-21T21:01:01.974+0000] {logging_mixin.py:190} INFO - [2025-03-21T21:01:01.974+0000] {dag.py:3239} INFO - Sync 1 DAGs
[2025-03-21T21:01:01.981+0000] {logging_mixin.py:190} INFO - [2025-03-21T21:01:01.981+0000] {dag.py:4180} INFO - Setting next_dagrun for example_display_name to None, run_after=None
[2025-03-21T21:01:02.005+0000] {processor.py:208} INFO - Processing /home/usmail/sys_fraud/sys_detection_frauds/lib/python3.12/site-packages/airflow/example_dags/example_display_name.py took 0.060 seconds
[2025-03-21T21:01:58.004+0000] {processor.py:186} INFO - Started process (PID=3732356) to work on /home/usmail/sys_fraud/sys_detection_frauds/lib/python3.12/site-packages/airflow/example_dags/example_display_name.py
[2025-03-21T21:01:58.013+0000] {processor.py:914} INFO - Processing file /home/usmail/sys_fraud/sys_detection_frauds/lib/python3.12/site-packages/airflow/example_dags/example_display_name.py for tasks to queue
[2025-03-21T21:01:58.016+0000] {logging_mixin.py:190} INFO - [2025-03-21T21:01:58.016+0000] {dagbag.py:588} INFO - Filling up the DagBag from /home/usmail/sys_fraud/sys_detection_frauds/lib/python3.12/site-packages/airflow/example_dags/example_display_name.py
[2025-03-21T21:01:58.026+0000] {processor.py:925} INFO - DAG(s) 'example_display_name' retrieved from /home/usmail/sys_fraud/sys_detection_frauds/lib/python3.12/site-packages/airflow/example_dags/example_display_name.py
[2025-03-21T21:01:58.034+0000] {logging_mixin.py:190} INFO - [2025-03-21T21:01:58.034+0000] {dag.py:3239} INFO - Sync 1 DAGs
[2025-03-21T21:01:58.041+0000] {logging_mixin.py:190} INFO - [2025-03-21T21:01:58.041+0000] {dag.py:4180} INFO - Setting next_dagrun for example_display_name to None, run_after=None
[2025-03-21T21:01:58.060+0000] {processor.py:208} INFO - Processing /home/usmail/sys_fraud/sys_detection_frauds/lib/python3.12/site-packages/airflow/example_dags/example_display_name.py took 0.063 seconds
[2025-03-21T21:03:17.763+0000] {processor.py:186} INFO - Started process (PID=3733409) to work on /home/usmail/sys_fraud/sys_detection_frauds/lib/python3.12/site-packages/airflow/example_dags/example_display_name.py
[2025-03-21T21:03:17.772+0000] {processor.py:914} INFO - Processing file /home/usmail/sys_fraud/sys_detection_frauds/lib/python3.12/site-packages/airflow/example_dags/example_display_name.py for tasks to queue
[2025-03-21T21:03:17.773+0000] {logging_mixin.py:190} INFO - [2025-03-21T21:03:17.773+0000] {dagbag.py:588} INFO - Filling up the DagBag from /home/usmail/sys_fraud/sys_detection_frauds/lib/python3.12/site-packages/airflow/example_dags/example_display_name.py
[2025-03-21T21:03:17.778+0000] {processor.py:925} INFO - DAG(s) 'example_display_name' retrieved from /home/usmail/sys_fraud/sys_detection_frauds/lib/python3.12/site-packages/airflow/example_dags/example_display_name.py
[2025-03-21T21:03:17.790+0000] {logging_mixin.py:190} INFO - [2025-03-21T21:03:17.790+0000] {dag.py:3239} INFO - Sync 1 DAGs
[2025-03-21T21:03:17.800+0000] {logging_mixin.py:190} INFO - [2025-03-21T21:03:17.799+0000] {dag.py:4180} INFO - Setting next_dagrun for example_display_name to None, run_after=None
[2025-03-21T21:03:17.813+0000] {processor.py:208} INFO - Processing /home/usmail/sys_fraud/sys_detection_frauds/lib/python3.12/site-packages/airflow/example_dags/example_display_name.py took 0.053 seconds
[2025-03-21T21:04:40.281+0000] {processor.py:186} INFO - Started process (PID=3734487) to work on /home/usmail/sys_fraud/sys_detection_frauds/lib/python3.12/site-packages/airflow/example_dags/example_display_name.py
[2025-03-21T21:04:40.289+0000] {processor.py:914} INFO - Processing file /home/usmail/sys_fraud/sys_detection_frauds/lib/python3.12/site-packages/airflow/example_dags/example_display_name.py for tasks to queue
[2025-03-21T21:04:40.291+0000] {logging_mixin.py:190} INFO - [2025-03-21T21:04:40.291+0000] {dagbag.py:588} INFO - Filling up the DagBag from /home/usmail/sys_fraud/sys_detection_frauds/lib/python3.12/site-packages/airflow/example_dags/example_display_name.py
[2025-03-21T21:04:40.296+0000] {processor.py:925} INFO - DAG(s) 'example_display_name' retrieved from /home/usmail/sys_fraud/sys_detection_frauds/lib/python3.12/site-packages/airflow/example_dags/example_display_name.py
[2025-03-21T21:04:40.307+0000] {logging_mixin.py:190} INFO - [2025-03-21T21:04:40.306+0000] {dag.py:3239} INFO - Sync 1 DAGs
[2025-03-21T21:04:40.314+0000] {logging_mixin.py:190} INFO - [2025-03-21T21:04:40.314+0000] {dag.py:4180} INFO - Setting next_dagrun for example_display_name to None, run_after=None
[2025-03-21T21:04:40.331+0000] {processor.py:208} INFO - Processing /home/usmail/sys_fraud/sys_detection_frauds/lib/python3.12/site-packages/airflow/example_dags/example_display_name.py took 0.054 seconds
[2025-03-21T21:05:33.394+0000] {processor.py:186} INFO - Started process (PID=3735344) to work on /home/usmail/sys_fraud/sys_detection_frauds/lib/python3.12/site-packages/airflow/example_dags/example_display_name.py
[2025-03-21T21:05:33.403+0000] {processor.py:914} INFO - Processing file /home/usmail/sys_fraud/sys_detection_frauds/lib/python3.12/site-packages/airflow/example_dags/example_display_name.py for tasks to queue
[2025-03-21T21:05:33.406+0000] {logging_mixin.py:190} INFO - [2025-03-21T21:05:33.406+0000] {dagbag.py:588} INFO - Filling up the DagBag from /home/usmail/sys_fraud/sys_detection_frauds/lib/python3.12/site-packages/airflow/example_dags/example_display_name.py
[2025-03-21T21:05:33.416+0000] {processor.py:925} INFO - DAG(s) 'example_display_name' retrieved from /home/usmail/sys_fraud/sys_detection_frauds/lib/python3.12/site-packages/airflow/example_dags/example_display_name.py
[2025-03-21T21:05:33.424+0000] {logging_mixin.py:190} INFO - [2025-03-21T21:05:33.424+0000] {dag.py:3239} INFO - Sync 1 DAGs
[2025-03-21T21:05:33.431+0000] {logging_mixin.py:190} INFO - [2025-03-21T21:05:33.431+0000] {dag.py:4180} INFO - Setting next_dagrun for example_display_name to None, run_after=None
[2025-03-21T21:05:33.443+0000] {processor.py:208} INFO - Processing /home/usmail/sys_fraud/sys_detection_frauds/lib/python3.12/site-packages/airflow/example_dags/example_display_name.py took 0.057 seconds
[2025-03-21T21:06:28.837+0000] {processor.py:186} INFO - Started process (PID=3736578) to work on /home/usmail/sys_fraud/sys_detection_frauds/lib/python3.12/site-packages/airflow/example_dags/example_display_name.py
[2025-03-21T21:06:28.846+0000] {processor.py:914} INFO - Processing file /home/usmail/sys_fraud/sys_detection_frauds/lib/python3.12/site-packages/airflow/example_dags/example_display_name.py for tasks to queue
[2025-03-21T21:06:28.849+0000] {logging_mixin.py:190} INFO - [2025-03-21T21:06:28.848+0000] {dagbag.py:588} INFO - Filling up the DagBag from /home/usmail/sys_fraud/sys_detection_frauds/lib/python3.12/site-packages/airflow/example_dags/example_display_name.py
[2025-03-21T21:06:28.858+0000] {processor.py:925} INFO - DAG(s) 'example_display_name' retrieved from /home/usmail/sys_fraud/sys_detection_frauds/lib/python3.12/site-packages/airflow/example_dags/example_display_name.py
[2025-03-21T21:06:28.866+0000] {logging_mixin.py:190} INFO - [2025-03-21T21:06:28.865+0000] {dag.py:3239} INFO - Sync 1 DAGs
[2025-03-21T21:06:28.873+0000] {logging_mixin.py:190} INFO - [2025-03-21T21:06:28.873+0000] {dag.py:4180} INFO - Setting next_dagrun for example_display_name to None, run_after=None
[2025-03-21T21:06:28.885+0000] {processor.py:208} INFO - Processing /home/usmail/sys_fraud/sys_detection_frauds/lib/python3.12/site-packages/airflow/example_dags/example_display_name.py took 0.060 seconds
[2025-03-21T21:07:45.657+0000] {processor.py:186} INFO - Started process (PID=3737660) to work on /home/usmail/sys_fraud/sys_detection_frauds/lib/python3.12/site-packages/airflow/example_dags/example_display_name.py
[2025-03-21T21:07:45.666+0000] {processor.py:914} INFO - Processing file /home/usmail/sys_fraud/sys_detection_frauds/lib/python3.12/site-packages/airflow/example_dags/example_display_name.py for tasks to queue
[2025-03-21T21:07:45.669+0000] {logging_mixin.py:190} INFO - [2025-03-21T21:07:45.669+0000] {dagbag.py:588} INFO - Filling up the DagBag from /home/usmail/sys_fraud/sys_detection_frauds/lib/python3.12/site-packages/airflow/example_dags/example_display_name.py
[2025-03-21T21:07:45.677+0000] {processor.py:925} INFO - DAG(s) 'example_display_name' retrieved from /home/usmail/sys_fraud/sys_detection_frauds/lib/python3.12/site-packages/airflow/example_dags/example_display_name.py
[2025-03-21T21:07:45.685+0000] {logging_mixin.py:190} INFO - [2025-03-21T21:07:45.685+0000] {dag.py:3239} INFO - Sync 1 DAGs
[2025-03-21T21:07:45.693+0000] {logging_mixin.py:190} INFO - [2025-03-21T21:07:45.693+0000] {dag.py:4180} INFO - Setting next_dagrun for example_display_name to None, run_after=None
[2025-03-21T21:07:45.706+0000] {processor.py:208} INFO - Processing /home/usmail/sys_fraud/sys_detection_frauds/lib/python3.12/site-packages/airflow/example_dags/example_display_name.py took 0.056 seconds
[2025-03-21T21:08:41.782+0000] {processor.py:186} INFO - Started process (PID=3738376) to work on /home/usmail/sys_fraud/sys_detection_frauds/lib/python3.12/site-packages/airflow/example_dags/example_display_name.py
[2025-03-21T21:08:41.791+0000] {processor.py:914} INFO - Processing file /home/usmail/sys_fraud/sys_detection_frauds/lib/python3.12/site-packages/airflow/example_dags/example_display_name.py for tasks to queue
[2025-03-21T21:08:41.794+0000] {logging_mixin.py:190} INFO - [2025-03-21T21:08:41.794+0000] {dagbag.py:588} INFO - Filling up the DagBag from /home/usmail/sys_fraud/sys_detection_frauds/lib/python3.12/site-packages/airflow/example_dags/example_display_name.py
[2025-03-21T21:08:41.807+0000] {processor.py:925} INFO - DAG(s) 'example_display_name' retrieved from /home/usmail/sys_fraud/sys_detection_frauds/lib/python3.12/site-packages/airflow/example_dags/example_display_name.py
[2025-03-21T21:08:41.829+0000] {logging_mixin.py:190} INFO - [2025-03-21T21:08:41.828+0000] {dag.py:3239} INFO - Sync 1 DAGs
[2025-03-21T21:08:41.847+0000] {logging_mixin.py:190} INFO - [2025-03-21T21:08:41.847+0000] {dag.py:4180} INFO - Setting next_dagrun for example_display_name to None, run_after=None
[2025-03-21T21:08:41.878+0000] {processor.py:208} INFO - Processing /home/usmail/sys_fraud/sys_detection_frauds/lib/python3.12/site-packages/airflow/example_dags/example_display_name.py took 0.109 seconds
[2025-03-21T21:09:39.473+0000] {processor.py:186} INFO - Started process (PID=3739233) to work on /home/usmail/sys_fraud/sys_detection_frauds/lib/python3.12/site-packages/airflow/example_dags/example_display_name.py
[2025-03-21T21:09:39.482+0000] {processor.py:914} INFO - Processing file /home/usmail/sys_fraud/sys_detection_frauds/lib/python3.12/site-packages/airflow/example_dags/example_display_name.py for tasks to queue
[2025-03-21T21:09:39.484+0000] {logging_mixin.py:190} INFO - [2025-03-21T21:09:39.483+0000] {dagbag.py:588} INFO - Filling up the DagBag from /home/usmail/sys_fraud/sys_detection_frauds/lib/python3.12/site-packages/airflow/example_dags/example_display_name.py
[2025-03-21T21:09:39.495+0000] {processor.py:925} INFO - DAG(s) 'example_display_name' retrieved from /home/usmail/sys_fraud/sys_detection_frauds/lib/python3.12/site-packages/airflow/example_dags/example_display_name.py
[2025-03-21T21:09:39.514+0000] {logging_mixin.py:190} INFO - [2025-03-21T21:09:39.514+0000] {dag.py:3239} INFO - Sync 1 DAGs
[2025-03-21T21:09:39.527+0000] {logging_mixin.py:190} INFO - [2025-03-21T21:09:39.527+0000] {dag.py:4180} INFO - Setting next_dagrun for example_display_name to None, run_after=None
[2025-03-21T21:09:39.562+0000] {processor.py:208} INFO - Processing /home/usmail/sys_fraud/sys_detection_frauds/lib/python3.12/site-packages/airflow/example_dags/example_display_name.py took 0.098 seconds
[2025-03-21T21:10:36.562+0000] {processor.py:186} INFO - Started process (PID=3740681) to work on /home/usmail/sys_fraud/sys_detection_frauds/lib/python3.12/site-packages/airflow/example_dags/example_display_name.py
[2025-03-21T21:10:36.563+0000] {processor.py:914} INFO - Processing file /home/usmail/sys_fraud/sys_detection_frauds/lib/python3.12/site-packages/airflow/example_dags/example_display_name.py for tasks to queue
[2025-03-21T21:10:36.566+0000] {logging_mixin.py:190} INFO - [2025-03-21T21:10:36.566+0000] {dagbag.py:588} INFO - Filling up the DagBag from /home/usmail/sys_fraud/sys_detection_frauds/lib/python3.12/site-packages/airflow/example_dags/example_display_name.py
[2025-03-21T21:10:36.579+0000] {processor.py:925} INFO - DAG(s) 'example_display_name' retrieved from /home/usmail/sys_fraud/sys_detection_frauds/lib/python3.12/site-packages/airflow/example_dags/example_display_name.py
[2025-03-21T21:10:36.600+0000] {logging_mixin.py:190} INFO - [2025-03-21T21:10:36.600+0000] {dag.py:3239} INFO - Sync 1 DAGs
[2025-03-21T21:10:36.613+0000] {logging_mixin.py:190} INFO - [2025-03-21T21:10:36.613+0000] {dag.py:4180} INFO - Setting next_dagrun for example_display_name to None, run_after=None
[2025-03-21T21:10:36.630+0000] {processor.py:208} INFO - Processing /home/usmail/sys_fraud/sys_detection_frauds/lib/python3.12/site-packages/airflow/example_dags/example_display_name.py took 0.081 seconds
[2025-03-21T21:11:35.692+0000] {processor.py:186} INFO - Started process (PID=3741797) to work on /home/usmail/sys_fraud/sys_detection_frauds/lib/python3.12/site-packages/airflow/example_dags/example_display_name.py
[2025-03-21T21:11:35.701+0000] {processor.py:914} INFO - Processing file /home/usmail/sys_fraud/sys_detection_frauds/lib/python3.12/site-packages/airflow/example_dags/example_display_name.py for tasks to queue
[2025-03-21T21:11:35.702+0000] {logging_mixin.py:190} INFO - [2025-03-21T21:11:35.702+0000] {dagbag.py:588} INFO - Filling up the DagBag from /home/usmail/sys_fraud/sys_detection_frauds/lib/python3.12/site-packages/airflow/example_dags/example_display_name.py
[2025-03-21T21:11:35.708+0000] {processor.py:925} INFO - DAG(s) 'example_display_name' retrieved from /home/usmail/sys_fraud/sys_detection_frauds/lib/python3.12/site-packages/airflow/example_dags/example_display_name.py
[2025-03-21T21:11:35.718+0000] {logging_mixin.py:190} INFO - [2025-03-21T21:11:35.718+0000] {dag.py:3239} INFO - Sync 1 DAGs
[2025-03-21T21:11:35.728+0000] {logging_mixin.py:190} INFO - [2025-03-21T21:11:35.728+0000] {dag.py:4180} INFO - Setting next_dagrun for example_display_name to None, run_after=None
[2025-03-21T21:11:35.743+0000] {processor.py:208} INFO - Processing /home/usmail/sys_fraud/sys_detection_frauds/lib/python3.12/site-packages/airflow/example_dags/example_display_name.py took 0.057 seconds
[2025-03-21T21:12:55.246+0000] {processor.py:186} INFO - Started process (PID=3743343) to work on /home/usmail/sys_fraud/sys_detection_frauds/lib/python3.12/site-packages/airflow/example_dags/example_display_name.py
[2025-03-21T21:12:55.250+0000] {processor.py:914} INFO - Processing file /home/usmail/sys_fraud/sys_detection_frauds/lib/python3.12/site-packages/airflow/example_dags/example_display_name.py for tasks to queue
[2025-03-21T21:12:55.253+0000] {logging_mixin.py:190} INFO - [2025-03-21T21:12:55.252+0000] {dagbag.py:588} INFO - Filling up the DagBag from /home/usmail/sys_fraud/sys_detection_frauds/lib/python3.12/site-packages/airflow/example_dags/example_display_name.py
[2025-03-21T21:12:55.270+0000] {processor.py:925} INFO - DAG(s) 'example_display_name' retrieved from /home/usmail/sys_fraud/sys_detection_frauds/lib/python3.12/site-packages/airflow/example_dags/example_display_name.py
[2025-03-21T21:12:55.292+0000] {logging_mixin.py:190} INFO - [2025-03-21T21:12:55.292+0000] {dag.py:3239} INFO - Sync 1 DAGs
[2025-03-21T21:12:55.310+0000] {logging_mixin.py:190} INFO - [2025-03-21T21:12:55.310+0000] {dag.py:4180} INFO - Setting next_dagrun for example_display_name to None, run_after=None
[2025-03-21T21:12:55.353+0000] {processor.py:208} INFO - Processing /home/usmail/sys_fraud/sys_detection_frauds/lib/python3.12/site-packages/airflow/example_dags/example_display_name.py took 0.115 seconds
[2025-03-21T21:14:12.295+0000] {processor.py:186} INFO - Started process (PID=3744671) to work on /home/usmail/sys_fraud/sys_detection_frauds/lib/python3.12/site-packages/airflow/example_dags/example_display_name.py
[2025-03-21T21:14:12.296+0000] {processor.py:914} INFO - Processing file /home/usmail/sys_fraud/sys_detection_frauds/lib/python3.12/site-packages/airflow/example_dags/example_display_name.py for tasks to queue
[2025-03-21T21:14:12.297+0000] {logging_mixin.py:190} INFO - [2025-03-21T21:14:12.297+0000] {dagbag.py:588} INFO - Filling up the DagBag from /home/usmail/sys_fraud/sys_detection_frauds/lib/python3.12/site-packages/airflow/example_dags/example_display_name.py
[2025-03-21T21:14:12.303+0000] {processor.py:925} INFO - DAG(s) 'example_display_name' retrieved from /home/usmail/sys_fraud/sys_detection_frauds/lib/python3.12/site-packages/airflow/example_dags/example_display_name.py
[2025-03-21T21:14:12.313+0000] {logging_mixin.py:190} INFO - [2025-03-21T21:14:12.313+0000] {dag.py:3239} INFO - Sync 1 DAGs
[2025-03-21T21:14:12.323+0000] {logging_mixin.py:190} INFO - [2025-03-21T21:14:12.323+0000] {dag.py:4180} INFO - Setting next_dagrun for example_display_name to None, run_after=None
[2025-03-21T21:14:12.349+0000] {processor.py:208} INFO - Processing /home/usmail/sys_fraud/sys_detection_frauds/lib/python3.12/site-packages/airflow/example_dags/example_display_name.py took 0.060 seconds
[2025-03-21T21:15:11.740+0000] {processor.py:186} INFO - Started process (PID=3745415) to work on /home/usmail/sys_fraud/sys_detection_frauds/lib/python3.12/site-packages/airflow/example_dags/example_display_name.py
[2025-03-21T21:15:11.749+0000] {processor.py:914} INFO - Processing file /home/usmail/sys_fraud/sys_detection_frauds/lib/python3.12/site-packages/airflow/example_dags/example_display_name.py for tasks to queue
[2025-03-21T21:15:11.752+0000] {logging_mixin.py:190} INFO - [2025-03-21T21:15:11.751+0000] {dagbag.py:588} INFO - Filling up the DagBag from /home/usmail/sys_fraud/sys_detection_frauds/lib/python3.12/site-packages/airflow/example_dags/example_display_name.py
[2025-03-21T21:15:11.763+0000] {processor.py:925} INFO - DAG(s) 'example_display_name' retrieved from /home/usmail/sys_fraud/sys_detection_frauds/lib/python3.12/site-packages/airflow/example_dags/example_display_name.py
[2025-03-21T21:15:11.786+0000] {logging_mixin.py:190} INFO - [2025-03-21T21:15:11.785+0000] {dag.py:3239} INFO - Sync 1 DAGs
[2025-03-21T21:15:11.804+0000] {logging_mixin.py:190} INFO - [2025-03-21T21:15:11.804+0000] {dag.py:4180} INFO - Setting next_dagrun for example_display_name to None, run_after=None
[2025-03-21T21:15:11.839+0000] {processor.py:208} INFO - Processing /home/usmail/sys_fraud/sys_detection_frauds/lib/python3.12/site-packages/airflow/example_dags/example_display_name.py took 0.111 seconds
[2025-03-21T21:16:11.273+0000] {processor.py:186} INFO - Started process (PID=3746150) to work on /home/usmail/sys_fraud/sys_detection_frauds/lib/python3.12/site-packages/airflow/example_dags/example_display_name.py
[2025-03-21T21:16:11.282+0000] {processor.py:914} INFO - Processing file /home/usmail/sys_fraud/sys_detection_frauds/lib/python3.12/site-packages/airflow/example_dags/example_display_name.py for tasks to queue
[2025-03-21T21:16:11.285+0000] {logging_mixin.py:190} INFO - [2025-03-21T21:16:11.284+0000] {dagbag.py:588} INFO - Filling up the DagBag from /home/usmail/sys_fraud/sys_detection_frauds/lib/python3.12/site-packages/airflow/example_dags/example_display_name.py
[2025-03-21T21:16:11.297+0000] {processor.py:925} INFO - DAG(s) 'example_display_name' retrieved from /home/usmail/sys_fraud/sys_detection_frauds/lib/python3.12/site-packages/airflow/example_dags/example_display_name.py
[2025-03-21T21:16:11.318+0000] {logging_mixin.py:190} INFO - [2025-03-21T21:16:11.318+0000] {dag.py:3239} INFO - Sync 1 DAGs
[2025-03-21T21:16:11.336+0000] {logging_mixin.py:190} INFO - [2025-03-21T21:16:11.336+0000] {dag.py:4180} INFO - Setting next_dagrun for example_display_name to None, run_after=None
[2025-03-21T21:16:11.353+0000] {processor.py:208} INFO - Processing /home/usmail/sys_fraud/sys_detection_frauds/lib/python3.12/site-packages/airflow/example_dags/example_display_name.py took 0.092 seconds
[2025-03-21T21:17:14.150+0000] {processor.py:186} INFO - Started process (PID=3746960) to work on /home/usmail/sys_fraud/sys_detection_frauds/lib/python3.12/site-packages/airflow/example_dags/example_display_name.py
[2025-03-21T21:17:14.159+0000] {processor.py:914} INFO - Processing file /home/usmail/sys_fraud/sys_detection_frauds/lib/python3.12/site-packages/airflow/example_dags/example_display_name.py for tasks to queue
[2025-03-21T21:17:14.162+0000] {logging_mixin.py:190} INFO - [2025-03-21T21:17:14.162+0000] {dagbag.py:588} INFO - Filling up the DagBag from /home/usmail/sys_fraud/sys_detection_frauds/lib/python3.12/site-packages/airflow/example_dags/example_display_name.py
[2025-03-21T21:17:14.174+0000] {processor.py:925} INFO - DAG(s) 'example_display_name' retrieved from /home/usmail/sys_fraud/sys_detection_frauds/lib/python3.12/site-packages/airflow/example_dags/example_display_name.py
[2025-03-21T21:17:14.196+0000] {logging_mixin.py:190} INFO - [2025-03-21T21:17:14.196+0000] {dag.py:3239} INFO - Sync 1 DAGs
[2025-03-21T21:17:14.211+0000] {logging_mixin.py:190} INFO - [2025-03-21T21:17:14.211+0000] {dag.py:4180} INFO - Setting next_dagrun for example_display_name to None, run_after=None
[2025-03-21T21:17:14.239+0000] {processor.py:208} INFO - Processing /home/usmail/sys_fraud/sys_detection_frauds/lib/python3.12/site-packages/airflow/example_dags/example_display_name.py took 0.100 seconds
[2025-03-21T21:18:18.043+0000] {processor.py:186} INFO - Started process (PID=3747731) to work on /home/usmail/sys_fraud/sys_detection_frauds/lib/python3.12/site-packages/airflow/example_dags/example_display_name.py
[2025-03-21T21:18:18.045+0000] {processor.py:914} INFO - Processing file /home/usmail/sys_fraud/sys_detection_frauds/lib/python3.12/site-packages/airflow/example_dags/example_display_name.py for tasks to queue
[2025-03-21T21:18:18.048+0000] {logging_mixin.py:190} INFO - [2025-03-21T21:18:18.047+0000] {dagbag.py:588} INFO - Filling up the DagBag from /home/usmail/sys_fraud/sys_detection_frauds/lib/python3.12/site-packages/airflow/example_dags/example_display_name.py
[2025-03-21T21:18:18.060+0000] {processor.py:925} INFO - DAG(s) 'example_display_name' retrieved from /home/usmail/sys_fraud/sys_detection_frauds/lib/python3.12/site-packages/airflow/example_dags/example_display_name.py
[2025-03-21T21:18:18.081+0000] {logging_mixin.py:190} INFO - [2025-03-21T21:18:18.081+0000] {dag.py:3239} INFO - Sync 1 DAGs
[2025-03-21T21:18:18.102+0000] {logging_mixin.py:190} INFO - [2025-03-21T21:18:18.102+0000] {dag.py:4180} INFO - Setting next_dagrun for example_display_name to None, run_after=None
[2025-03-21T21:18:18.136+0000] {processor.py:208} INFO - Processing /home/usmail/sys_fraud/sys_detection_frauds/lib/python3.12/site-packages/airflow/example_dags/example_display_name.py took 0.105 seconds
[2025-03-21T21:19:22.463+0000] {processor.py:186} INFO - Started process (PID=3748526) to work on /home/usmail/sys_fraud/sys_detection_frauds/lib/python3.12/site-packages/airflow/example_dags/example_display_name.py
[2025-03-21T21:19:22.472+0000] {processor.py:914} INFO - Processing file /home/usmail/sys_fraud/sys_detection_frauds/lib/python3.12/site-packages/airflow/example_dags/example_display_name.py for tasks to queue
[2025-03-21T21:19:22.475+0000] {logging_mixin.py:190} INFO - [2025-03-21T21:19:22.475+0000] {dagbag.py:588} INFO - Filling up the DagBag from /home/usmail/sys_fraud/sys_detection_frauds/lib/python3.12/site-packages/airflow/example_dags/example_display_name.py
[2025-03-21T21:19:22.487+0000] {processor.py:925} INFO - DAG(s) 'example_display_name' retrieved from /home/usmail/sys_fraud/sys_detection_frauds/lib/python3.12/site-packages/airflow/example_dags/example_display_name.py
[2025-03-21T21:19:22.508+0000] {logging_mixin.py:190} INFO - [2025-03-21T21:19:22.507+0000] {dag.py:3239} INFO - Sync 1 DAGs
[2025-03-21T21:19:22.525+0000] {logging_mixin.py:190} INFO - [2025-03-21T21:19:22.525+0000] {dag.py:4180} INFO - Setting next_dagrun for example_display_name to None, run_after=None
[2025-03-21T21:19:22.561+0000] {processor.py:208} INFO - Processing /home/usmail/sys_fraud/sys_detection_frauds/lib/python3.12/site-packages/airflow/example_dags/example_display_name.py took 0.109 seconds
[2025-03-21T21:20:26.423+0000] {processor.py:186} INFO - Started process (PID=3749285) to work on /home/usmail/sys_fraud/sys_detection_frauds/lib/python3.12/site-packages/airflow/example_dags/example_display_name.py
[2025-03-21T21:20:26.432+0000] {processor.py:914} INFO - Processing file /home/usmail/sys_fraud/sys_detection_frauds/lib/python3.12/site-packages/airflow/example_dags/example_display_name.py for tasks to queue
[2025-03-21T21:20:26.435+0000] {logging_mixin.py:190} INFO - [2025-03-21T21:20:26.435+0000] {dagbag.py:588} INFO - Filling up the DagBag from /home/usmail/sys_fraud/sys_detection_frauds/lib/python3.12/site-packages/airflow/example_dags/example_display_name.py
[2025-03-21T21:20:26.448+0000] {processor.py:925} INFO - DAG(s) 'example_display_name' retrieved from /home/usmail/sys_fraud/sys_detection_frauds/lib/python3.12/site-packages/airflow/example_dags/example_display_name.py
[2025-03-21T21:20:26.469+0000] {logging_mixin.py:190} INFO - [2025-03-21T21:20:26.468+0000] {dag.py:3239} INFO - Sync 1 DAGs
[2025-03-21T21:20:26.486+0000] {logging_mixin.py:190} INFO - [2025-03-21T21:20:26.485+0000] {dag.py:4180} INFO - Setting next_dagrun for example_display_name to None, run_after=None
[2025-03-21T21:20:26.516+0000] {processor.py:208} INFO - Processing /home/usmail/sys_fraud/sys_detection_frauds/lib/python3.12/site-packages/airflow/example_dags/example_display_name.py took 0.107 seconds
[2025-03-21T21:21:29.230+0000] {processor.py:186} INFO - Started process (PID=3750056) to work on /home/usmail/sys_fraud/sys_detection_frauds/lib/python3.12/site-packages/airflow/example_dags/example_display_name.py
[2025-03-21T21:21:29.239+0000] {processor.py:914} INFO - Processing file /home/usmail/sys_fraud/sys_detection_frauds/lib/python3.12/site-packages/airflow/example_dags/example_display_name.py for tasks to queue
[2025-03-21T21:21:29.243+0000] {logging_mixin.py:190} INFO - [2025-03-21T21:21:29.242+0000] {dagbag.py:588} INFO - Filling up the DagBag from /home/usmail/sys_fraud/sys_detection_frauds/lib/python3.12/site-packages/airflow/example_dags/example_display_name.py
[2025-03-21T21:21:29.255+0000] {processor.py:925} INFO - DAG(s) 'example_display_name' retrieved from /home/usmail/sys_fraud/sys_detection_frauds/lib/python3.12/site-packages/airflow/example_dags/example_display_name.py
[2025-03-21T21:21:29.271+0000] {logging_mixin.py:190} INFO - [2025-03-21T21:21:29.271+0000] {dag.py:3239} INFO - Sync 1 DAGs
[2025-03-21T21:21:29.286+0000] {logging_mixin.py:190} INFO - [2025-03-21T21:21:29.285+0000] {dag.py:4180} INFO - Setting next_dagrun for example_display_name to None, run_after=None
[2025-03-21T21:21:29.318+0000] {processor.py:208} INFO - Processing /home/usmail/sys_fraud/sys_detection_frauds/lib/python3.12/site-packages/airflow/example_dags/example_display_name.py took 0.100 seconds
[2025-03-21T21:22:37.103+0000] {processor.py:186} INFO - Started process (PID=3750914) to work on /home/usmail/sys_fraud/sys_detection_frauds/lib/python3.12/site-packages/airflow/example_dags/example_display_name.py
[2025-03-21T21:22:37.104+0000] {processor.py:914} INFO - Processing file /home/usmail/sys_fraud/sys_detection_frauds/lib/python3.12/site-packages/airflow/example_dags/example_display_name.py for tasks to queue
[2025-03-21T21:22:37.107+0000] {logging_mixin.py:190} INFO - [2025-03-21T21:22:37.107+0000] {dagbag.py:588} INFO - Filling up the DagBag from /home/usmail/sys_fraud/sys_detection_frauds/lib/python3.12/site-packages/airflow/example_dags/example_display_name.py
[2025-03-21T21:22:37.122+0000] {processor.py:925} INFO - DAG(s) 'example_display_name' retrieved from /home/usmail/sys_fraud/sys_detection_frauds/lib/python3.12/site-packages/airflow/example_dags/example_display_name.py
[2025-03-21T21:22:37.144+0000] {logging_mixin.py:190} INFO - [2025-03-21T21:22:37.144+0000] {dag.py:3239} INFO - Sync 1 DAGs
[2025-03-21T21:22:37.159+0000] {logging_mixin.py:190} INFO - [2025-03-21T21:22:37.159+0000] {dag.py:4180} INFO - Setting next_dagrun for example_display_name to None, run_after=None
[2025-03-21T21:22:37.178+0000] {processor.py:208} INFO - Processing /home/usmail/sys_fraud/sys_detection_frauds/lib/python3.12/site-packages/airflow/example_dags/example_display_name.py took 0.087 seconds
[2025-03-21T21:23:40.463+0000] {processor.py:186} INFO - Started process (PID=3751694) to work on /home/usmail/sys_fraud/sys_detection_frauds/lib/python3.12/site-packages/airflow/example_dags/example_display_name.py
[2025-03-21T21:23:40.472+0000] {processor.py:914} INFO - Processing file /home/usmail/sys_fraud/sys_detection_frauds/lib/python3.12/site-packages/airflow/example_dags/example_display_name.py for tasks to queue
[2025-03-21T21:23:40.475+0000] {logging_mixin.py:190} INFO - [2025-03-21T21:23:40.475+0000] {dagbag.py:588} INFO - Filling up the DagBag from /home/usmail/sys_fraud/sys_detection_frauds/lib/python3.12/site-packages/airflow/example_dags/example_display_name.py
[2025-03-21T21:23:40.491+0000] {processor.py:925} INFO - DAG(s) 'example_display_name' retrieved from /home/usmail/sys_fraud/sys_detection_frauds/lib/python3.12/site-packages/airflow/example_dags/example_display_name.py
[2025-03-21T21:23:40.511+0000] {logging_mixin.py:190} INFO - [2025-03-21T21:23:40.511+0000] {dag.py:3239} INFO - Sync 1 DAGs
[2025-03-21T21:23:40.524+0000] {logging_mixin.py:190} INFO - [2025-03-21T21:23:40.524+0000] {dag.py:4180} INFO - Setting next_dagrun for example_display_name to None, run_after=None
[2025-03-21T21:23:40.542+0000] {processor.py:208} INFO - Processing /home/usmail/sys_fraud/sys_detection_frauds/lib/python3.12/site-packages/airflow/example_dags/example_display_name.py took 0.088 seconds
[2025-03-21T21:24:42.583+0000] {processor.py:186} INFO - Started process (PID=3752340) to work on /home/usmail/sys_fraud/sys_detection_frauds/lib/python3.12/site-packages/airflow/example_dags/example_display_name.py
[2025-03-21T21:24:42.592+0000] {processor.py:914} INFO - Processing file /home/usmail/sys_fraud/sys_detection_frauds/lib/python3.12/site-packages/airflow/example_dags/example_display_name.py for tasks to queue
[2025-03-21T21:24:42.596+0000] {logging_mixin.py:190} INFO - [2025-03-21T21:24:42.595+0000] {dagbag.py:588} INFO - Filling up the DagBag from /home/usmail/sys_fraud/sys_detection_frauds/lib/python3.12/site-packages/airflow/example_dags/example_display_name.py
[2025-03-21T21:24:42.609+0000] {processor.py:925} INFO - DAG(s) 'example_display_name' retrieved from /home/usmail/sys_fraud/sys_detection_frauds/lib/python3.12/site-packages/airflow/example_dags/example_display_name.py
[2025-03-21T21:24:42.629+0000] {logging_mixin.py:190} INFO - [2025-03-21T21:24:42.629+0000] {dag.py:3239} INFO - Sync 1 DAGs
[2025-03-21T21:24:42.647+0000] {logging_mixin.py:190} INFO - [2025-03-21T21:24:42.647+0000] {dag.py:4180} INFO - Setting next_dagrun for example_display_name to None, run_after=None
[2025-03-21T21:24:42.686+0000] {processor.py:208} INFO - Processing /home/usmail/sys_fraud/sys_detection_frauds/lib/python3.12/site-packages/airflow/example_dags/example_display_name.py took 0.116 seconds
[2025-03-21T21:25:46.565+0000] {processor.py:186} INFO - Started process (PID=3753043) to work on /home/usmail/sys_fraud/sys_detection_frauds/lib/python3.12/site-packages/airflow/example_dags/example_display_name.py
[2025-03-21T21:25:46.574+0000] {processor.py:914} INFO - Processing file /home/usmail/sys_fraud/sys_detection_frauds/lib/python3.12/site-packages/airflow/example_dags/example_display_name.py for tasks to queue
[2025-03-21T21:25:46.577+0000] {logging_mixin.py:190} INFO - [2025-03-21T21:25:46.577+0000] {dagbag.py:588} INFO - Filling up the DagBag from /home/usmail/sys_fraud/sys_detection_frauds/lib/python3.12/site-packages/airflow/example_dags/example_display_name.py
[2025-03-21T21:25:46.589+0000] {processor.py:925} INFO - DAG(s) 'example_display_name' retrieved from /home/usmail/sys_fraud/sys_detection_frauds/lib/python3.12/site-packages/airflow/example_dags/example_display_name.py
[2025-03-21T21:25:46.610+0000] {logging_mixin.py:190} INFO - [2025-03-21T21:25:46.610+0000] {dag.py:3239} INFO - Sync 1 DAGs
[2025-03-21T21:25:46.626+0000] {logging_mixin.py:190} INFO - [2025-03-21T21:25:46.626+0000] {dag.py:4180} INFO - Setting next_dagrun for example_display_name to None, run_after=None
[2025-03-21T21:25:46.655+0000] {processor.py:208} INFO - Processing /home/usmail/sys_fraud/sys_detection_frauds/lib/python3.12/site-packages/airflow/example_dags/example_display_name.py took 0.101 seconds
[2025-03-21T21:26:50.038+0000] {processor.py:186} INFO - Started process (PID=3753696) to work on /home/usmail/sys_fraud/sys_detection_frauds/lib/python3.12/site-packages/airflow/example_dags/example_display_name.py
[2025-03-21T21:26:50.048+0000] {processor.py:914} INFO - Processing file /home/usmail/sys_fraud/sys_detection_frauds/lib/python3.12/site-packages/airflow/example_dags/example_display_name.py for tasks to queue
[2025-03-21T21:26:50.051+0000] {logging_mixin.py:190} INFO - [2025-03-21T21:26:50.050+0000] {dagbag.py:588} INFO - Filling up the DagBag from /home/usmail/sys_fraud/sys_detection_frauds/lib/python3.12/site-packages/airflow/example_dags/example_display_name.py
[2025-03-21T21:26:50.063+0000] {processor.py:925} INFO - DAG(s) 'example_display_name' retrieved from /home/usmail/sys_fraud/sys_detection_frauds/lib/python3.12/site-packages/airflow/example_dags/example_display_name.py
[2025-03-21T21:26:50.085+0000] {logging_mixin.py:190} INFO - [2025-03-21T21:26:50.085+0000] {dag.py:3239} INFO - Sync 1 DAGs
[2025-03-21T21:26:50.103+0000] {logging_mixin.py:190} INFO - [2025-03-21T21:26:50.103+0000] {dag.py:4180} INFO - Setting next_dagrun for example_display_name to None, run_after=None
[2025-03-21T21:26:50.138+0000] {processor.py:208} INFO - Processing /home/usmail/sys_fraud/sys_detection_frauds/lib/python3.12/site-packages/airflow/example_dags/example_display_name.py took 0.112 seconds
[2025-03-21T21:27:52.335+0000] {processor.py:186} INFO - Started process (PID=3754343) to work on /home/usmail/sys_fraud/sys_detection_frauds/lib/python3.12/site-packages/airflow/example_dags/example_display_name.py
[2025-03-21T21:27:52.344+0000] {processor.py:914} INFO - Processing file /home/usmail/sys_fraud/sys_detection_frauds/lib/python3.12/site-packages/airflow/example_dags/example_display_name.py for tasks to queue
[2025-03-21T21:27:52.347+0000] {logging_mixin.py:190} INFO - [2025-03-21T21:27:52.347+0000] {dagbag.py:588} INFO - Filling up the DagBag from /home/usmail/sys_fraud/sys_detection_frauds/lib/python3.12/site-packages/airflow/example_dags/example_display_name.py
[2025-03-21T21:27:52.359+0000] {processor.py:925} INFO - DAG(s) 'example_display_name' retrieved from /home/usmail/sys_fraud/sys_detection_frauds/lib/python3.12/site-packages/airflow/example_dags/example_display_name.py
[2025-03-21T21:27:52.381+0000] {logging_mixin.py:190} INFO - [2025-03-21T21:27:52.380+0000] {dag.py:3239} INFO - Sync 1 DAGs
[2025-03-21T21:27:52.398+0000] {logging_mixin.py:190} INFO - [2025-03-21T21:27:52.398+0000] {dag.py:4180} INFO - Setting next_dagrun for example_display_name to None, run_after=None
[2025-03-21T21:27:52.420+0000] {processor.py:208} INFO - Processing /home/usmail/sys_fraud/sys_detection_frauds/lib/python3.12/site-packages/airflow/example_dags/example_display_name.py took 0.097 seconds
[2025-03-21T21:28:52.464+0000] {processor.py:186} INFO - Started process (PID=3754976) to work on /home/usmail/sys_fraud/sys_detection_frauds/lib/python3.12/site-packages/airflow/example_dags/example_display_name.py
[2025-03-21T21:28:52.473+0000] {processor.py:914} INFO - Processing file /home/usmail/sys_fraud/sys_detection_frauds/lib/python3.12/site-packages/airflow/example_dags/example_display_name.py for tasks to queue
[2025-03-21T21:28:52.476+0000] {logging_mixin.py:190} INFO - [2025-03-21T21:28:52.475+0000] {dagbag.py:588} INFO - Filling up the DagBag from /home/usmail/sys_fraud/sys_detection_frauds/lib/python3.12/site-packages/airflow/example_dags/example_display_name.py
[2025-03-21T21:28:52.488+0000] {processor.py:925} INFO - DAG(s) 'example_display_name' retrieved from /home/usmail/sys_fraud/sys_detection_frauds/lib/python3.12/site-packages/airflow/example_dags/example_display_name.py
[2025-03-21T21:28:52.510+0000] {logging_mixin.py:190} INFO - [2025-03-21T21:28:52.510+0000] {dag.py:3239} INFO - Sync 1 DAGs
[2025-03-21T21:28:52.528+0000] {logging_mixin.py:190} INFO - [2025-03-21T21:28:52.527+0000] {dag.py:4180} INFO - Setting next_dagrun for example_display_name to None, run_after=None
[2025-03-21T21:28:52.544+0000] {processor.py:208} INFO - Processing /home/usmail/sys_fraud/sys_detection_frauds/lib/python3.12/site-packages/airflow/example_dags/example_display_name.py took 0.092 seconds
[2025-03-21T21:29:56.419+0000] {processor.py:186} INFO - Started process (PID=3755652) to work on /home/usmail/sys_fraud/sys_detection_frauds/lib/python3.12/site-packages/airflow/example_dags/example_display_name.py
[2025-03-21T21:29:56.429+0000] {processor.py:914} INFO - Processing file /home/usmail/sys_fraud/sys_detection_frauds/lib/python3.12/site-packages/airflow/example_dags/example_display_name.py for tasks to queue
[2025-03-21T21:29:56.433+0000] {logging_mixin.py:190} INFO - [2025-03-21T21:29:56.432+0000] {dagbag.py:588} INFO - Filling up the DagBag from /home/usmail/sys_fraud/sys_detection_frauds/lib/python3.12/site-packages/airflow/example_dags/example_display_name.py
[2025-03-21T21:29:56.447+0000] {processor.py:925} INFO - DAG(s) 'example_display_name' retrieved from /home/usmail/sys_fraud/sys_detection_frauds/lib/python3.12/site-packages/airflow/example_dags/example_display_name.py
[2025-03-21T21:29:56.465+0000] {logging_mixin.py:190} INFO - [2025-03-21T21:29:56.465+0000] {dag.py:3239} INFO - Sync 1 DAGs
[2025-03-21T21:29:56.477+0000] {logging_mixin.py:190} INFO - [2025-03-21T21:29:56.477+0000] {dag.py:4180} INFO - Setting next_dagrun for example_display_name to None, run_after=None
[2025-03-21T21:29:56.494+0000] {processor.py:208} INFO - Processing /home/usmail/sys_fraud/sys_detection_frauds/lib/python3.12/site-packages/airflow/example_dags/example_display_name.py took 0.094 seconds
[2025-03-21T21:31:02.916+0000] {processor.py:186} INFO - Started process (PID=3756342) to work on /home/usmail/sys_fraud/sys_detection_frauds/lib/python3.12/site-packages/airflow/example_dags/example_display_name.py
[2025-03-21T21:31:02.918+0000] {processor.py:914} INFO - Processing file /home/usmail/sys_fraud/sys_detection_frauds/lib/python3.12/site-packages/airflow/example_dags/example_display_name.py for tasks to queue
[2025-03-21T21:31:02.921+0000] {logging_mixin.py:190} INFO - [2025-03-21T21:31:02.921+0000] {dagbag.py:588} INFO - Filling up the DagBag from /home/usmail/sys_fraud/sys_detection_frauds/lib/python3.12/site-packages/airflow/example_dags/example_display_name.py
[2025-03-21T21:31:02.933+0000] {processor.py:925} INFO - DAG(s) 'example_display_name' retrieved from /home/usmail/sys_fraud/sys_detection_frauds/lib/python3.12/site-packages/airflow/example_dags/example_display_name.py
[2025-03-21T21:31:02.955+0000] {logging_mixin.py:190} INFO - [2025-03-21T21:31:02.954+0000] {dag.py:3239} INFO - Sync 1 DAGs
[2025-03-21T21:31:02.972+0000] {logging_mixin.py:190} INFO - [2025-03-21T21:31:02.972+0000] {dag.py:4180} INFO - Setting next_dagrun for example_display_name to None, run_after=None
[2025-03-21T21:31:02.991+0000] {processor.py:208} INFO - Processing /home/usmail/sys_fraud/sys_detection_frauds/lib/python3.12/site-packages/airflow/example_dags/example_display_name.py took 0.086 seconds
[2025-03-21T21:32:08.875+0000] {processor.py:186} INFO - Started process (PID=3757049) to work on /home/usmail/sys_fraud/sys_detection_frauds/lib/python3.12/site-packages/airflow/example_dags/example_display_name.py
[2025-03-21T21:32:08.885+0000] {processor.py:914} INFO - Processing file /home/usmail/sys_fraud/sys_detection_frauds/lib/python3.12/site-packages/airflow/example_dags/example_display_name.py for tasks to queue
[2025-03-21T21:32:08.888+0000] {logging_mixin.py:190} INFO - [2025-03-21T21:32:08.887+0000] {dagbag.py:588} INFO - Filling up the DagBag from /home/usmail/sys_fraud/sys_detection_frauds/lib/python3.12/site-packages/airflow/example_dags/example_display_name.py
[2025-03-21T21:32:08.900+0000] {processor.py:925} INFO - DAG(s) 'example_display_name' retrieved from /home/usmail/sys_fraud/sys_detection_frauds/lib/python3.12/site-packages/airflow/example_dags/example_display_name.py
[2025-03-21T21:32:08.921+0000] {logging_mixin.py:190} INFO - [2025-03-21T21:32:08.921+0000] {dag.py:3239} INFO - Sync 1 DAGs
[2025-03-21T21:32:08.940+0000] {logging_mixin.py:190} INFO - [2025-03-21T21:32:08.940+0000] {dag.py:4180} INFO - Setting next_dagrun for example_display_name to None, run_after=None
[2025-03-21T21:32:08.974+0000] {processor.py:208} INFO - Processing /home/usmail/sys_fraud/sys_detection_frauds/lib/python3.12/site-packages/airflow/example_dags/example_display_name.py took 0.110 seconds
[2025-03-21T21:33:10.697+0000] {processor.py:186} INFO - Started process (PID=3757692) to work on /home/usmail/sys_fraud/sys_detection_frauds/lib/python3.12/site-packages/airflow/example_dags/example_display_name.py
[2025-03-21T21:33:10.706+0000] {processor.py:914} INFO - Processing file /home/usmail/sys_fraud/sys_detection_frauds/lib/python3.12/site-packages/airflow/example_dags/example_display_name.py for tasks to queue
[2025-03-21T21:33:10.710+0000] {logging_mixin.py:190} INFO - [2025-03-21T21:33:10.709+0000] {dagbag.py:588} INFO - Filling up the DagBag from /home/usmail/sys_fraud/sys_detection_frauds/lib/python3.12/site-packages/airflow/example_dags/example_display_name.py
[2025-03-21T21:33:10.722+0000] {processor.py:925} INFO - DAG(s) 'example_display_name' retrieved from /home/usmail/sys_fraud/sys_detection_frauds/lib/python3.12/site-packages/airflow/example_dags/example_display_name.py
[2025-03-21T21:33:10.744+0000] {logging_mixin.py:190} INFO - [2025-03-21T21:33:10.743+0000] {dag.py:3239} INFO - Sync 1 DAGs
[2025-03-21T21:33:10.762+0000] {logging_mixin.py:190} INFO - [2025-03-21T21:33:10.762+0000] {dag.py:4180} INFO - Setting next_dagrun for example_display_name to None, run_after=None
[2025-03-21T21:33:10.801+0000] {processor.py:208} INFO - Processing /home/usmail/sys_fraud/sys_detection_frauds/lib/python3.12/site-packages/airflow/example_dags/example_display_name.py took 0.116 seconds
[2025-03-21T22:20:06.225+0000] {processor.py:186} INFO - Started process (PID=3759072) to work on /home/usmail/sys_fraud/sys_detection_frauds/lib/python3.12/site-packages/airflow/example_dags/example_display_name.py
[2025-03-21T22:20:06.234+0000] {processor.py:914} INFO - Processing file /home/usmail/sys_fraud/sys_detection_frauds/lib/python3.12/site-packages/airflow/example_dags/example_display_name.py for tasks to queue
[2025-03-21T22:20:06.238+0000] {logging_mixin.py:190} INFO - [2025-03-21T22:20:06.237+0000] {dagbag.py:588} INFO - Filling up the DagBag from /home/usmail/sys_fraud/sys_detection_frauds/lib/python3.12/site-packages/airflow/example_dags/example_display_name.py
[2025-03-21T22:20:06.249+0000] {processor.py:925} INFO - DAG(s) 'example_display_name' retrieved from /home/usmail/sys_fraud/sys_detection_frauds/lib/python3.12/site-packages/airflow/example_dags/example_display_name.py
[2025-03-21T22:20:06.271+0000] {logging_mixin.py:190} INFO - [2025-03-21T22:20:06.271+0000] {dag.py:3239} INFO - Sync 1 DAGs
[2025-03-21T22:20:06.288+0000] {logging_mixin.py:190} INFO - [2025-03-21T22:20:06.288+0000] {dag.py:4180} INFO - Setting next_dagrun for example_display_name to None, run_after=None
[2025-03-21T22:20:06.316+0000] {processor.py:208} INFO - Processing /home/usmail/sys_fraud/sys_detection_frauds/lib/python3.12/site-packages/airflow/example_dags/example_display_name.py took 0.103 seconds
[2025-03-21T22:21:12.004+0000] {processor.py:186} INFO - Started process (PID=3760021) to work on /home/usmail/sys_fraud/sys_detection_frauds/lib/python3.12/site-packages/airflow/example_dags/example_display_name.py
[2025-03-21T22:21:12.014+0000] {processor.py:914} INFO - Processing file /home/usmail/sys_fraud/sys_detection_frauds/lib/python3.12/site-packages/airflow/example_dags/example_display_name.py for tasks to queue
[2025-03-21T22:21:12.016+0000] {logging_mixin.py:190} INFO - [2025-03-21T22:21:12.015+0000] {dagbag.py:588} INFO - Filling up the DagBag from /home/usmail/sys_fraud/sys_detection_frauds/lib/python3.12/site-packages/airflow/example_dags/example_display_name.py
[2025-03-21T22:21:12.030+0000] {processor.py:925} INFO - DAG(s) 'example_display_name' retrieved from /home/usmail/sys_fraud/sys_detection_frauds/lib/python3.12/site-packages/airflow/example_dags/example_display_name.py
[2025-03-21T22:21:12.052+0000] {logging_mixin.py:190} INFO - [2025-03-21T22:21:12.052+0000] {dag.py:3239} INFO - Sync 1 DAGs
[2025-03-21T22:21:12.066+0000] {logging_mixin.py:190} INFO - [2025-03-21T22:21:12.066+0000] {dag.py:4180} INFO - Setting next_dagrun for example_display_name to None, run_after=None
[2025-03-21T22:21:12.084+0000] {processor.py:208} INFO - Processing /home/usmail/sys_fraud/sys_detection_frauds/lib/python3.12/site-packages/airflow/example_dags/example_display_name.py took 0.093 seconds
[2025-03-21T22:22:13.059+0000] {processor.py:186} INFO - Started process (PID=3761047) to work on /home/usmail/sys_fraud/sys_detection_frauds/lib/python3.12/site-packages/airflow/example_dags/example_display_name.py
[2025-03-21T22:22:13.068+0000] {processor.py:914} INFO - Processing file /home/usmail/sys_fraud/sys_detection_frauds/lib/python3.12/site-packages/airflow/example_dags/example_display_name.py for tasks to queue
[2025-03-21T22:22:13.071+0000] {logging_mixin.py:190} INFO - [2025-03-21T22:22:13.070+0000] {dagbag.py:588} INFO - Filling up the DagBag from /home/usmail/sys_fraud/sys_detection_frauds/lib/python3.12/site-packages/airflow/example_dags/example_display_name.py
[2025-03-21T22:22:13.084+0000] {processor.py:925} INFO - DAG(s) 'example_display_name' retrieved from /home/usmail/sys_fraud/sys_detection_frauds/lib/python3.12/site-packages/airflow/example_dags/example_display_name.py
[2025-03-21T22:22:13.109+0000] {logging_mixin.py:190} INFO - [2025-03-21T22:22:13.109+0000] {dag.py:3239} INFO - Sync 1 DAGs
[2025-03-21T22:22:13.129+0000] {logging_mixin.py:190} INFO - [2025-03-21T22:22:13.129+0000] {dag.py:4180} INFO - Setting next_dagrun for example_display_name to None, run_after=None
[2025-03-21T22:22:13.164+0000] {processor.py:208} INFO - Processing /home/usmail/sys_fraud/sys_detection_frauds/lib/python3.12/site-packages/airflow/example_dags/example_display_name.py took 0.120 seconds
