[2025-03-21T20:50:00.302+0000] {processor.py:186} INFO - Started process (PID=3723282) to work on /home/usmail/sys_fraud/sys_detection_frauds/lib/python3.12/site-packages/airflow/example_dags/example_latest_only_with_trigger.py
[2025-03-21T20:50:00.303+0000] {processor.py:914} INFO - Processing file /home/usmail/sys_fraud/sys_detection_frauds/lib/python3.12/site-packages/airflow/example_dags/example_latest_only_with_trigger.py for tasks to queue
[2025-03-21T20:50:00.304+0000] {logging_mixin.py:190} INFO - [2025-03-21T20:50:00.304+0000] {dagbag.py:588} INFO - Filling up the DagBag from /home/usmail/sys_fraud/sys_detection_frauds/lib/python3.12/site-packages/airflow/example_dags/example_latest_only_with_trigger.py
[2025-03-21T20:50:00.308+0000] {processor.py:925} INFO - DAG(s) 'latest_only_with_trigger' retrieved from /home/usmail/sys_fraud/sys_detection_frauds/lib/python3.12/site-packages/airflow/example_dags/example_latest_only_with_trigger.py
[2025-03-21T20:50:00.374+0000] {logging_mixin.py:190} INFO - [2025-03-21T20:50:00.374+0000] {override.py:1912} INFO - Created Permission View: can edit on DAG:latest_only_with_trigger
[2025-03-21T20:50:00.382+0000] {logging_mixin.py:190} INFO - [2025-03-21T20:50:00.382+0000] {override.py:1912} INFO - Created Permission View: can read on DAG:latest_only_with_trigger
[2025-03-21T20:50:00.387+0000] {logging_mixin.py:190} INFO - [2025-03-21T20:50:00.387+0000] {override.py:1912} INFO - Created Permission View: can delete on DAG:latest_only_with_trigger
[2025-03-21T20:50:00.395+0000] {logging_mixin.py:190} INFO - [2025-03-21T20:50:00.395+0000] {override.py:1912} INFO - Created Permission View: can create on DAG Run:latest_only_with_trigger
[2025-03-21T20:50:00.401+0000] {logging_mixin.py:190} INFO - [2025-03-21T20:50:00.401+0000] {override.py:1912} INFO - Created Permission View: menu access on DAG Run:latest_only_with_trigger
[2025-03-21T20:50:00.408+0000] {logging_mixin.py:190} INFO - [2025-03-21T20:50:00.407+0000] {override.py:1912} INFO - Created Permission View: can read on DAG Run:latest_only_with_trigger
[2025-03-21T20:50:00.415+0000] {logging_mixin.py:190} INFO - [2025-03-21T20:50:00.415+0000] {override.py:1912} INFO - Created Permission View: can delete on DAG Run:latest_only_with_trigger
[2025-03-21T20:50:00.415+0000] {logging_mixin.py:190} INFO - [2025-03-21T20:50:00.415+0000] {dag.py:3239} INFO - Sync 1 DAGs
[2025-03-21T20:50:00.425+0000] {logging_mixin.py:190} INFO - [2025-03-21T20:50:00.424+0000] {dag.py:3262} INFO - Creating ORM DAG for latest_only_with_trigger
[2025-03-21T20:50:00.431+0000] {logging_mixin.py:190} INFO - [2025-03-21T20:50:00.431+0000] {dag.py:4180} INFO - Setting next_dagrun for latest_only_with_trigger to 2025-03-21 16:00:00+00:00, run_after=2025-03-21 20:00:00+00:00
[2025-03-21T20:50:00.446+0000] {processor.py:208} INFO - Processing /home/usmail/sys_fraud/sys_detection_frauds/lib/python3.12/site-packages/airflow/example_dags/example_latest_only_with_trigger.py took 0.147 seconds
[2025-03-21T20:51:01.136+0000] {processor.py:186} INFO - Started process (PID=3724005) to work on /home/usmail/sys_fraud/sys_detection_frauds/lib/python3.12/site-packages/airflow/example_dags/example_latest_only_with_trigger.py
[2025-03-21T20:51:01.137+0000] {processor.py:914} INFO - Processing file /home/usmail/sys_fraud/sys_detection_frauds/lib/python3.12/site-packages/airflow/example_dags/example_latest_only_with_trigger.py for tasks to queue
[2025-03-21T20:51:01.138+0000] {logging_mixin.py:190} INFO - [2025-03-21T20:51:01.138+0000] {dagbag.py:588} INFO - Filling up the DagBag from /home/usmail/sys_fraud/sys_detection_frauds/lib/python3.12/site-packages/airflow/example_dags/example_latest_only_with_trigger.py
[2025-03-21T20:51:01.144+0000] {processor.py:925} INFO - DAG(s) 'latest_only_with_trigger' retrieved from /home/usmail/sys_fraud/sys_detection_frauds/lib/python3.12/site-packages/airflow/example_dags/example_latest_only_with_trigger.py
[2025-03-21T20:51:01.157+0000] {logging_mixin.py:190} INFO - [2025-03-21T20:51:01.156+0000] {dag.py:3239} INFO - Sync 1 DAGs
[2025-03-21T20:51:01.171+0000] {logging_mixin.py:190} INFO - [2025-03-21T20:51:01.171+0000] {dag.py:4180} INFO - Setting next_dagrun for latest_only_with_trigger to 2025-03-21 16:00:00+00:00, run_after=2025-03-21 20:00:00+00:00
[2025-03-21T20:51:01.188+0000] {processor.py:208} INFO - Processing /home/usmail/sys_fraud/sys_detection_frauds/lib/python3.12/site-packages/airflow/example_dags/example_latest_only_with_trigger.py took 0.056 seconds
[2025-03-21T20:51:54.883+0000] {processor.py:186} INFO - Started process (PID=3724702) to work on /home/usmail/sys_fraud/sys_detection_frauds/lib/python3.12/site-packages/airflow/example_dags/example_latest_only_with_trigger.py
[2025-03-21T20:51:54.885+0000] {processor.py:914} INFO - Processing file /home/usmail/sys_fraud/sys_detection_frauds/lib/python3.12/site-packages/airflow/example_dags/example_latest_only_with_trigger.py for tasks to queue
[2025-03-21T20:51:54.887+0000] {logging_mixin.py:190} INFO - [2025-03-21T20:51:54.887+0000] {dagbag.py:588} INFO - Filling up the DagBag from /home/usmail/sys_fraud/sys_detection_frauds/lib/python3.12/site-packages/airflow/example_dags/example_latest_only_with_trigger.py
[2025-03-21T20:51:54.893+0000] {processor.py:925} INFO - DAG(s) 'latest_only_with_trigger' retrieved from /home/usmail/sys_fraud/sys_detection_frauds/lib/python3.12/site-packages/airflow/example_dags/example_latest_only_with_trigger.py
[2025-03-21T20:51:54.902+0000] {logging_mixin.py:190} INFO - [2025-03-21T20:51:54.902+0000] {dag.py:3239} INFO - Sync 1 DAGs
[2025-03-21T20:51:54.914+0000] {logging_mixin.py:190} INFO - [2025-03-21T20:51:54.914+0000] {dag.py:4180} INFO - Setting next_dagrun for latest_only_with_trigger to 2025-03-21 16:00:00+00:00, run_after=2025-03-21 20:00:00+00:00
[2025-03-21T20:51:54.926+0000] {processor.py:208} INFO - Processing /home/usmail/sys_fraud/sys_detection_frauds/lib/python3.12/site-packages/airflow/example_dags/example_latest_only_with_trigger.py took 0.049 seconds
[2025-03-21T20:52:51.442+0000] {processor.py:186} INFO - Started process (PID=3725295) to work on /home/usmail/sys_fraud/sys_detection_frauds/lib/python3.12/site-packages/airflow/example_dags/example_latest_only_with_trigger.py
[2025-03-21T20:52:51.451+0000] {processor.py:914} INFO - Processing file /home/usmail/sys_fraud/sys_detection_frauds/lib/python3.12/site-packages/airflow/example_dags/example_latest_only_with_trigger.py for tasks to queue
[2025-03-21T20:52:51.452+0000] {logging_mixin.py:190} INFO - [2025-03-21T20:52:51.452+0000] {dagbag.py:588} INFO - Filling up the DagBag from /home/usmail/sys_fraud/sys_detection_frauds/lib/python3.12/site-packages/airflow/example_dags/example_latest_only_with_trigger.py
[2025-03-21T20:52:51.457+0000] {processor.py:925} INFO - DAG(s) 'latest_only_with_trigger' retrieved from /home/usmail/sys_fraud/sys_detection_frauds/lib/python3.12/site-packages/airflow/example_dags/example_latest_only_with_trigger.py
[2025-03-21T20:52:51.467+0000] {logging_mixin.py:190} INFO - [2025-03-21T20:52:51.466+0000] {dag.py:3239} INFO - Sync 1 DAGs
[2025-03-21T20:52:51.478+0000] {logging_mixin.py:190} INFO - [2025-03-21T20:52:51.478+0000] {dag.py:4180} INFO - Setting next_dagrun for latest_only_with_trigger to 2025-03-21 16:00:00+00:00, run_after=2025-03-21 20:00:00+00:00
[2025-03-21T20:52:51.512+0000] {processor.py:208} INFO - Processing /home/usmail/sys_fraud/sys_detection_frauds/lib/python3.12/site-packages/airflow/example_dags/example_latest_only_with_trigger.py took 0.074 seconds
[2025-03-21T20:53:44.065+0000] {processor.py:186} INFO - Started process (PID=3725961) to work on /home/usmail/sys_fraud/sys_detection_frauds/lib/python3.12/site-packages/airflow/example_dags/example_latest_only_with_trigger.py
[2025-03-21T20:53:44.074+0000] {processor.py:914} INFO - Processing file /home/usmail/sys_fraud/sys_detection_frauds/lib/python3.12/site-packages/airflow/example_dags/example_latest_only_with_trigger.py for tasks to queue
[2025-03-21T20:53:44.077+0000] {logging_mixin.py:190} INFO - [2025-03-21T20:53:44.076+0000] {dagbag.py:588} INFO - Filling up the DagBag from /home/usmail/sys_fraud/sys_detection_frauds/lib/python3.12/site-packages/airflow/example_dags/example_latest_only_with_trigger.py
[2025-03-21T20:53:44.086+0000] {processor.py:925} INFO - DAG(s) 'latest_only_with_trigger' retrieved from /home/usmail/sys_fraud/sys_detection_frauds/lib/python3.12/site-packages/airflow/example_dags/example_latest_only_with_trigger.py
[2025-03-21T20:53:44.097+0000] {logging_mixin.py:190} INFO - [2025-03-21T20:53:44.097+0000] {dag.py:3239} INFO - Sync 1 DAGs
[2025-03-21T20:53:44.108+0000] {logging_mixin.py:190} INFO - [2025-03-21T20:53:44.108+0000] {dag.py:4180} INFO - Setting next_dagrun for latest_only_with_trigger to 2025-03-21 16:00:00+00:00, run_after=2025-03-21 20:00:00+00:00
[2025-03-21T20:53:44.128+0000] {processor.py:208} INFO - Processing /home/usmail/sys_fraud/sys_detection_frauds/lib/python3.12/site-packages/airflow/example_dags/example_latest_only_with_trigger.py took 0.067 seconds
[2025-03-21T20:54:37.984+0000] {processor.py:186} INFO - Started process (PID=3726610) to work on /home/usmail/sys_fraud/sys_detection_frauds/lib/python3.12/site-packages/airflow/example_dags/example_latest_only_with_trigger.py
[2025-03-21T20:54:37.993+0000] {processor.py:914} INFO - Processing file /home/usmail/sys_fraud/sys_detection_frauds/lib/python3.12/site-packages/airflow/example_dags/example_latest_only_with_trigger.py for tasks to queue
[2025-03-21T20:54:37.996+0000] {logging_mixin.py:190} INFO - [2025-03-21T20:54:37.995+0000] {dagbag.py:588} INFO - Filling up the DagBag from /home/usmail/sys_fraud/sys_detection_frauds/lib/python3.12/site-packages/airflow/example_dags/example_latest_only_with_trigger.py
[2025-03-21T20:54:38.080+0000] {processor.py:925} INFO - DAG(s) 'latest_only_with_trigger' retrieved from /home/usmail/sys_fraud/sys_detection_frauds/lib/python3.12/site-packages/airflow/example_dags/example_latest_only_with_trigger.py
[2025-03-21T20:54:38.086+0000] {logging_mixin.py:190} INFO - [2025-03-21T20:54:38.086+0000] {dag.py:3239} INFO - Sync 1 DAGs
[2025-03-21T20:54:38.097+0000] {logging_mixin.py:190} INFO - [2025-03-21T20:54:38.097+0000] {dag.py:4180} INFO - Setting next_dagrun for latest_only_with_trigger to 2025-03-21 16:00:00+00:00, run_after=2025-03-21 20:00:00+00:00
[2025-03-21T20:54:38.116+0000] {processor.py:208} INFO - Processing /home/usmail/sys_fraud/sys_detection_frauds/lib/python3.12/site-packages/airflow/example_dags/example_latest_only_with_trigger.py took 0.136 seconds
[2025-03-21T20:55:29.365+0000] {processor.py:186} INFO - Started process (PID=3727262) to work on /home/usmail/sys_fraud/sys_detection_frauds/lib/python3.12/site-packages/airflow/example_dags/example_latest_only_with_trigger.py
[2025-03-21T20:55:29.374+0000] {processor.py:914} INFO - Processing file /home/usmail/sys_fraud/sys_detection_frauds/lib/python3.12/site-packages/airflow/example_dags/example_latest_only_with_trigger.py for tasks to queue
[2025-03-21T20:55:29.376+0000] {logging_mixin.py:190} INFO - [2025-03-21T20:55:29.376+0000] {dagbag.py:588} INFO - Filling up the DagBag from /home/usmail/sys_fraud/sys_detection_frauds/lib/python3.12/site-packages/airflow/example_dags/example_latest_only_with_trigger.py
[2025-03-21T20:55:29.381+0000] {processor.py:925} INFO - DAG(s) 'latest_only_with_trigger' retrieved from /home/usmail/sys_fraud/sys_detection_frauds/lib/python3.12/site-packages/airflow/example_dags/example_latest_only_with_trigger.py
[2025-03-21T20:55:29.390+0000] {logging_mixin.py:190} INFO - [2025-03-21T20:55:29.389+0000] {dag.py:3239} INFO - Sync 1 DAGs
[2025-03-21T20:55:29.401+0000] {logging_mixin.py:190} INFO - [2025-03-21T20:55:29.401+0000] {dag.py:4180} INFO - Setting next_dagrun for latest_only_with_trigger to 2025-03-21 16:00:00+00:00, run_after=2025-03-21 20:00:00+00:00
[2025-03-21T20:55:29.418+0000] {processor.py:208} INFO - Processing /home/usmail/sys_fraud/sys_detection_frauds/lib/python3.12/site-packages/airflow/example_dags/example_latest_only_with_trigger.py took 0.057 seconds
[2025-03-21T20:56:20.193+0000] {processor.py:186} INFO - Started process (PID=3727969) to work on /home/usmail/sys_fraud/sys_detection_frauds/lib/python3.12/site-packages/airflow/example_dags/example_latest_only_with_trigger.py
[2025-03-21T20:56:20.201+0000] {processor.py:914} INFO - Processing file /home/usmail/sys_fraud/sys_detection_frauds/lib/python3.12/site-packages/airflow/example_dags/example_latest_only_with_trigger.py for tasks to queue
[2025-03-21T20:56:20.203+0000] {logging_mixin.py:190} INFO - [2025-03-21T20:56:20.202+0000] {dagbag.py:588} INFO - Filling up the DagBag from /home/usmail/sys_fraud/sys_detection_frauds/lib/python3.12/site-packages/airflow/example_dags/example_latest_only_with_trigger.py
[2025-03-21T20:56:20.210+0000] {processor.py:925} INFO - DAG(s) 'latest_only_with_trigger' retrieved from /home/usmail/sys_fraud/sys_detection_frauds/lib/python3.12/site-packages/airflow/example_dags/example_latest_only_with_trigger.py
[2025-03-21T20:56:20.220+0000] {logging_mixin.py:190} INFO - [2025-03-21T20:56:20.220+0000] {dag.py:3239} INFO - Sync 1 DAGs
[2025-03-21T20:56:20.237+0000] {logging_mixin.py:190} INFO - [2025-03-21T20:56:20.237+0000] {dag.py:4180} INFO - Setting next_dagrun for latest_only_with_trigger to 2025-03-21 16:00:00+00:00, run_after=2025-03-21 20:00:00+00:00
[2025-03-21T20:56:20.269+0000] {processor.py:208} INFO - Processing /home/usmail/sys_fraud/sys_detection_frauds/lib/python3.12/site-packages/airflow/example_dags/example_latest_only_with_trigger.py took 0.081 seconds
[2025-03-21T20:57:12.442+0000] {processor.py:186} INFO - Started process (PID=3728755) to work on /home/usmail/sys_fraud/sys_detection_frauds/lib/python3.12/site-packages/airflow/example_dags/example_latest_only_with_trigger.py
[2025-03-21T20:57:12.451+0000] {processor.py:914} INFO - Processing file /home/usmail/sys_fraud/sys_detection_frauds/lib/python3.12/site-packages/airflow/example_dags/example_latest_only_with_trigger.py for tasks to queue
[2025-03-21T20:57:12.454+0000] {logging_mixin.py:190} INFO - [2025-03-21T20:57:12.453+0000] {dagbag.py:588} INFO - Filling up the DagBag from /home/usmail/sys_fraud/sys_detection_frauds/lib/python3.12/site-packages/airflow/example_dags/example_latest_only_with_trigger.py
[2025-03-21T20:57:12.462+0000] {processor.py:925} INFO - DAG(s) 'latest_only_with_trigger' retrieved from /home/usmail/sys_fraud/sys_detection_frauds/lib/python3.12/site-packages/airflow/example_dags/example_latest_only_with_trigger.py
[2025-03-21T20:57:12.472+0000] {logging_mixin.py:190} INFO - [2025-03-21T20:57:12.472+0000] {dag.py:3239} INFO - Sync 1 DAGs
[2025-03-21T20:57:12.484+0000] {logging_mixin.py:190} INFO - [2025-03-21T20:57:12.484+0000] {dag.py:4180} INFO - Setting next_dagrun for latest_only_with_trigger to 2025-03-21 16:00:00+00:00, run_after=2025-03-21 20:00:00+00:00
[2025-03-21T20:57:12.502+0000] {processor.py:208} INFO - Processing /home/usmail/sys_fraud/sys_detection_frauds/lib/python3.12/site-packages/airflow/example_dags/example_latest_only_with_trigger.py took 0.064 seconds
[2025-03-21T20:58:05.052+0000] {processor.py:186} INFO - Started process (PID=3729297) to work on /home/usmail/sys_fraud/sys_detection_frauds/lib/python3.12/site-packages/airflow/example_dags/example_latest_only_with_trigger.py
[2025-03-21T20:58:05.062+0000] {processor.py:914} INFO - Processing file /home/usmail/sys_fraud/sys_detection_frauds/lib/python3.12/site-packages/airflow/example_dags/example_latest_only_with_trigger.py for tasks to queue
[2025-03-21T20:58:05.065+0000] {logging_mixin.py:190} INFO - [2025-03-21T20:58:05.064+0000] {dagbag.py:588} INFO - Filling up the DagBag from /home/usmail/sys_fraud/sys_detection_frauds/lib/python3.12/site-packages/airflow/example_dags/example_latest_only_with_trigger.py
[2025-03-21T20:58:05.074+0000] {processor.py:925} INFO - DAG(s) 'latest_only_with_trigger' retrieved from /home/usmail/sys_fraud/sys_detection_frauds/lib/python3.12/site-packages/airflow/example_dags/example_latest_only_with_trigger.py
[2025-03-21T20:58:05.083+0000] {logging_mixin.py:190} INFO - [2025-03-21T20:58:05.083+0000] {dag.py:3239} INFO - Sync 1 DAGs
[2025-03-21T20:58:05.095+0000] {logging_mixin.py:190} INFO - [2025-03-21T20:58:05.095+0000] {dag.py:4180} INFO - Setting next_dagrun for latest_only_with_trigger to 2025-03-21 16:00:00+00:00, run_after=2025-03-21 20:00:00+00:00
[2025-03-21T20:58:05.121+0000] {processor.py:208} INFO - Processing /home/usmail/sys_fraud/sys_detection_frauds/lib/python3.12/site-packages/airflow/example_dags/example_latest_only_with_trigger.py took 0.076 seconds
[2025-03-21T20:59:51.546+0000] {processor.py:186} INFO - Started process (PID=3730747) to work on /home/usmail/sys_fraud/sys_detection_frauds/lib/python3.12/site-packages/airflow/example_dags/example_latest_only_with_trigger.py
[2025-03-21T20:59:51.554+0000] {processor.py:914} INFO - Processing file /home/usmail/sys_fraud/sys_detection_frauds/lib/python3.12/site-packages/airflow/example_dags/example_latest_only_with_trigger.py for tasks to queue
[2025-03-21T20:59:51.558+0000] {logging_mixin.py:190} INFO - [2025-03-21T20:59:51.557+0000] {dagbag.py:588} INFO - Filling up the DagBag from /home/usmail/sys_fraud/sys_detection_frauds/lib/python3.12/site-packages/airflow/example_dags/example_latest_only_with_trigger.py
[2025-03-21T20:59:51.566+0000] {processor.py:925} INFO - DAG(s) 'latest_only_with_trigger' retrieved from /home/usmail/sys_fraud/sys_detection_frauds/lib/python3.12/site-packages/airflow/example_dags/example_latest_only_with_trigger.py
[2025-03-21T20:59:51.576+0000] {logging_mixin.py:190} INFO - [2025-03-21T20:59:51.576+0000] {dag.py:3239} INFO - Sync 1 DAGs
[2025-03-21T20:59:51.587+0000] {logging_mixin.py:190} INFO - [2025-03-21T20:59:51.587+0000] {dag.py:4180} INFO - Setting next_dagrun for latest_only_with_trigger to 2025-03-21 16:00:00+00:00, run_after=2025-03-21 20:00:00+00:00
[2025-03-21T20:59:51.615+0000] {processor.py:208} INFO - Processing /home/usmail/sys_fraud/sys_detection_frauds/lib/python3.12/site-packages/airflow/example_dags/example_latest_only_with_trigger.py took 0.075 seconds
[2025-03-21T21:00:49.716+0000] {processor.py:186} INFO - Started process (PID=3731502) to work on /home/usmail/sys_fraud/sys_detection_frauds/lib/python3.12/site-packages/airflow/example_dags/example_latest_only_with_trigger.py
[2025-03-21T21:00:49.725+0000] {processor.py:914} INFO - Processing file /home/usmail/sys_fraud/sys_detection_frauds/lib/python3.12/site-packages/airflow/example_dags/example_latest_only_with_trigger.py for tasks to queue
[2025-03-21T21:00:49.728+0000] {logging_mixin.py:190} INFO - [2025-03-21T21:00:49.727+0000] {dagbag.py:588} INFO - Filling up the DagBag from /home/usmail/sys_fraud/sys_detection_frauds/lib/python3.12/site-packages/airflow/example_dags/example_latest_only_with_trigger.py
[2025-03-21T21:00:49.737+0000] {processor.py:925} INFO - DAG(s) 'latest_only_with_trigger' retrieved from /home/usmail/sys_fraud/sys_detection_frauds/lib/python3.12/site-packages/airflow/example_dags/example_latest_only_with_trigger.py
[2025-03-21T21:00:49.746+0000] {logging_mixin.py:190} INFO - [2025-03-21T21:00:49.746+0000] {dag.py:3239} INFO - Sync 1 DAGs
[2025-03-21T21:00:49.758+0000] {logging_mixin.py:190} INFO - [2025-03-21T21:00:49.757+0000] {dag.py:4180} INFO - Setting next_dagrun for latest_only_with_trigger to 2025-03-21 16:00:00+00:00, run_after=2025-03-21 20:00:00+00:00
[2025-03-21T21:00:49.776+0000] {processor.py:208} INFO - Processing /home/usmail/sys_fraud/sys_detection_frauds/lib/python3.12/site-packages/airflow/example_dags/example_latest_only_with_trigger.py took 0.068 seconds
[2025-03-21T21:01:44.602+0000] {processor.py:186} INFO - Started process (PID=3732193) to work on /home/usmail/sys_fraud/sys_detection_frauds/lib/python3.12/site-packages/airflow/example_dags/example_latest_only_with_trigger.py
[2025-03-21T21:01:44.611+0000] {processor.py:914} INFO - Processing file /home/usmail/sys_fraud/sys_detection_frauds/lib/python3.12/site-packages/airflow/example_dags/example_latest_only_with_trigger.py for tasks to queue
[2025-03-21T21:01:44.613+0000] {logging_mixin.py:190} INFO - [2025-03-21T21:01:44.613+0000] {dagbag.py:588} INFO - Filling up the DagBag from /home/usmail/sys_fraud/sys_detection_frauds/lib/python3.12/site-packages/airflow/example_dags/example_latest_only_with_trigger.py
[2025-03-21T21:01:44.619+0000] {processor.py:925} INFO - DAG(s) 'latest_only_with_trigger' retrieved from /home/usmail/sys_fraud/sys_detection_frauds/lib/python3.12/site-packages/airflow/example_dags/example_latest_only_with_trigger.py
[2025-03-21T21:01:44.630+0000] {logging_mixin.py:190} INFO - [2025-03-21T21:01:44.630+0000] {dag.py:3239} INFO - Sync 1 DAGs
[2025-03-21T21:01:44.642+0000] {logging_mixin.py:190} INFO - [2025-03-21T21:01:44.642+0000] {dag.py:4180} INFO - Setting next_dagrun for latest_only_with_trigger to 2025-03-21 16:00:00+00:00, run_after=2025-03-21 20:00:00+00:00
[2025-03-21T21:01:44.667+0000] {processor.py:208} INFO - Processing /home/usmail/sys_fraud/sys_detection_frauds/lib/python3.12/site-packages/airflow/example_dags/example_latest_only_with_trigger.py took 0.068 seconds
[2025-03-21T21:02:41.235+0000] {processor.py:186} INFO - Started process (PID=3732877) to work on /home/usmail/sys_fraud/sys_detection_frauds/lib/python3.12/site-packages/airflow/example_dags/example_latest_only_with_trigger.py
[2025-03-21T21:02:41.244+0000] {processor.py:914} INFO - Processing file /home/usmail/sys_fraud/sys_detection_frauds/lib/python3.12/site-packages/airflow/example_dags/example_latest_only_with_trigger.py for tasks to queue
[2025-03-21T21:02:41.247+0000] {logging_mixin.py:190} INFO - [2025-03-21T21:02:41.247+0000] {dagbag.py:588} INFO - Filling up the DagBag from /home/usmail/sys_fraud/sys_detection_frauds/lib/python3.12/site-packages/airflow/example_dags/example_latest_only_with_trigger.py
[2025-03-21T21:02:41.257+0000] {processor.py:925} INFO - DAG(s) 'latest_only_with_trigger' retrieved from /home/usmail/sys_fraud/sys_detection_frauds/lib/python3.12/site-packages/airflow/example_dags/example_latest_only_with_trigger.py
[2025-03-21T21:02:41.265+0000] {logging_mixin.py:190} INFO - [2025-03-21T21:02:41.265+0000] {dag.py:3239} INFO - Sync 1 DAGs
[2025-03-21T21:02:41.278+0000] {logging_mixin.py:190} INFO - [2025-03-21T21:02:41.278+0000] {dag.py:4180} INFO - Setting next_dagrun for latest_only_with_trigger to 2025-03-21 16:00:00+00:00, run_after=2025-03-21 20:00:00+00:00
[2025-03-21T21:02:41.294+0000] {processor.py:208} INFO - Processing /home/usmail/sys_fraud/sys_detection_frauds/lib/python3.12/site-packages/airflow/example_dags/example_latest_only_with_trigger.py took 0.065 seconds
[2025-03-21T21:03:33.422+0000] {processor.py:186} INFO - Started process (PID=3733621) to work on /home/usmail/sys_fraud/sys_detection_frauds/lib/python3.12/site-packages/airflow/example_dags/example_latest_only_with_trigger.py
[2025-03-21T21:03:33.431+0000] {processor.py:914} INFO - Processing file /home/usmail/sys_fraud/sys_detection_frauds/lib/python3.12/site-packages/airflow/example_dags/example_latest_only_with_trigger.py for tasks to queue
[2025-03-21T21:03:33.434+0000] {logging_mixin.py:190} INFO - [2025-03-21T21:03:33.434+0000] {dagbag.py:588} INFO - Filling up the DagBag from /home/usmail/sys_fraud/sys_detection_frauds/lib/python3.12/site-packages/airflow/example_dags/example_latest_only_with_trigger.py
[2025-03-21T21:03:33.443+0000] {processor.py:925} INFO - DAG(s) 'latest_only_with_trigger' retrieved from /home/usmail/sys_fraud/sys_detection_frauds/lib/python3.12/site-packages/airflow/example_dags/example_latest_only_with_trigger.py
[2025-03-21T21:03:33.452+0000] {logging_mixin.py:190} INFO - [2025-03-21T21:03:33.452+0000] {dag.py:3239} INFO - Sync 1 DAGs
[2025-03-21T21:03:33.465+0000] {logging_mixin.py:190} INFO - [2025-03-21T21:03:33.465+0000] {dag.py:4180} INFO - Setting next_dagrun for latest_only_with_trigger to 2025-03-21 16:00:00+00:00, run_after=2025-03-21 20:00:00+00:00
[2025-03-21T21:03:33.487+0000] {processor.py:208} INFO - Processing /home/usmail/sys_fraud/sys_detection_frauds/lib/python3.12/site-packages/airflow/example_dags/example_latest_only_with_trigger.py took 0.073 seconds
[2025-03-21T21:04:30.500+0000] {processor.py:186} INFO - Started process (PID=3734362) to work on /home/usmail/sys_fraud/sys_detection_frauds/lib/python3.12/site-packages/airflow/example_dags/example_latest_only_with_trigger.py
[2025-03-21T21:04:30.509+0000] {processor.py:914} INFO - Processing file /home/usmail/sys_fraud/sys_detection_frauds/lib/python3.12/site-packages/airflow/example_dags/example_latest_only_with_trigger.py for tasks to queue
[2025-03-21T21:04:30.510+0000] {logging_mixin.py:190} INFO - [2025-03-21T21:04:30.510+0000] {dagbag.py:588} INFO - Filling up the DagBag from /home/usmail/sys_fraud/sys_detection_frauds/lib/python3.12/site-packages/airflow/example_dags/example_latest_only_with_trigger.py
[2025-03-21T21:04:30.515+0000] {processor.py:925} INFO - DAG(s) 'latest_only_with_trigger' retrieved from /home/usmail/sys_fraud/sys_detection_frauds/lib/python3.12/site-packages/airflow/example_dags/example_latest_only_with_trigger.py
[2025-03-21T21:04:30.524+0000] {logging_mixin.py:190} INFO - [2025-03-21T21:04:30.524+0000] {dag.py:3239} INFO - Sync 1 DAGs
[2025-03-21T21:04:30.538+0000] {logging_mixin.py:190} INFO - [2025-03-21T21:04:30.538+0000] {dag.py:4180} INFO - Setting next_dagrun for latest_only_with_trigger to 2025-03-21 16:00:00+00:00, run_after=2025-03-21 20:00:00+00:00
[2025-03-21T21:04:30.563+0000] {processor.py:208} INFO - Processing /home/usmail/sys_fraud/sys_detection_frauds/lib/python3.12/site-packages/airflow/example_dags/example_latest_only_with_trigger.py took 0.067 seconds
[2025-03-21T21:05:23.095+0000] {processor.py:186} INFO - Started process (PID=3735219) to work on /home/usmail/sys_fraud/sys_detection_frauds/lib/python3.12/site-packages/airflow/example_dags/example_latest_only_with_trigger.py
[2025-03-21T21:05:23.104+0000] {processor.py:914} INFO - Processing file /home/usmail/sys_fraud/sys_detection_frauds/lib/python3.12/site-packages/airflow/example_dags/example_latest_only_with_trigger.py for tasks to queue
[2025-03-21T21:05:23.107+0000] {logging_mixin.py:190} INFO - [2025-03-21T21:05:23.106+0000] {dagbag.py:588} INFO - Filling up the DagBag from /home/usmail/sys_fraud/sys_detection_frauds/lib/python3.12/site-packages/airflow/example_dags/example_latest_only_with_trigger.py
[2025-03-21T21:05:23.115+0000] {processor.py:925} INFO - DAG(s) 'latest_only_with_trigger' retrieved from /home/usmail/sys_fraud/sys_detection_frauds/lib/python3.12/site-packages/airflow/example_dags/example_latest_only_with_trigger.py
[2025-03-21T21:05:23.124+0000] {logging_mixin.py:190} INFO - [2025-03-21T21:05:23.124+0000] {dag.py:3239} INFO - Sync 1 DAGs
[2025-03-21T21:05:23.135+0000] {logging_mixin.py:190} INFO - [2025-03-21T21:05:23.135+0000] {dag.py:4180} INFO - Setting next_dagrun for latest_only_with_trigger to 2025-03-21 16:00:00+00:00, run_after=2025-03-21 20:00:00+00:00
[2025-03-21T21:05:23.147+0000] {processor.py:208} INFO - Processing /home/usmail/sys_fraud/sys_detection_frauds/lib/python3.12/site-packages/airflow/example_dags/example_latest_only_with_trigger.py took 0.056 seconds
[2025-03-21T21:06:17.153+0000] {processor.py:186} INFO - Started process (PID=3735879) to work on /home/usmail/sys_fraud/sys_detection_frauds/lib/python3.12/site-packages/airflow/example_dags/example_latest_only_with_trigger.py
[2025-03-21T21:06:17.161+0000] {processor.py:914} INFO - Processing file /home/usmail/sys_fraud/sys_detection_frauds/lib/python3.12/site-packages/airflow/example_dags/example_latest_only_with_trigger.py for tasks to queue
[2025-03-21T21:06:17.164+0000] {logging_mixin.py:190} INFO - [2025-03-21T21:06:17.164+0000] {dagbag.py:588} INFO - Filling up the DagBag from /home/usmail/sys_fraud/sys_detection_frauds/lib/python3.12/site-packages/airflow/example_dags/example_latest_only_with_trigger.py
[2025-03-21T21:06:17.172+0000] {processor.py:925} INFO - DAG(s) 'latest_only_with_trigger' retrieved from /home/usmail/sys_fraud/sys_detection_frauds/lib/python3.12/site-packages/airflow/example_dags/example_latest_only_with_trigger.py
[2025-03-21T21:06:17.181+0000] {logging_mixin.py:190} INFO - [2025-03-21T21:06:17.181+0000] {dag.py:3239} INFO - Sync 1 DAGs
[2025-03-21T21:06:17.195+0000] {logging_mixin.py:190} INFO - [2025-03-21T21:06:17.195+0000] {dag.py:4180} INFO - Setting next_dagrun for latest_only_with_trigger to 2025-03-21 16:00:00+00:00, run_after=2025-03-21 20:00:00+00:00
[2025-03-21T21:06:17.208+0000] {processor.py:208} INFO - Processing /home/usmail/sys_fraud/sys_detection_frauds/lib/python3.12/site-packages/airflow/example_dags/example_latest_only_with_trigger.py took 0.059 seconds
[2025-03-21T21:07:10.079+0000] {processor.py:186} INFO - Started process (PID=3737179) to work on /home/usmail/sys_fraud/sys_detection_frauds/lib/python3.12/site-packages/airflow/example_dags/example_latest_only_with_trigger.py
[2025-03-21T21:07:10.087+0000] {processor.py:914} INFO - Processing file /home/usmail/sys_fraud/sys_detection_frauds/lib/python3.12/site-packages/airflow/example_dags/example_latest_only_with_trigger.py for tasks to queue
[2025-03-21T21:07:10.089+0000] {logging_mixin.py:190} INFO - [2025-03-21T21:07:10.088+0000] {dagbag.py:588} INFO - Filling up the DagBag from /home/usmail/sys_fraud/sys_detection_frauds/lib/python3.12/site-packages/airflow/example_dags/example_latest_only_with_trigger.py
[2025-03-21T21:07:10.094+0000] {processor.py:925} INFO - DAG(s) 'latest_only_with_trigger' retrieved from /home/usmail/sys_fraud/sys_detection_frauds/lib/python3.12/site-packages/airflow/example_dags/example_latest_only_with_trigger.py
[2025-03-21T21:07:10.103+0000] {logging_mixin.py:190} INFO - [2025-03-21T21:07:10.103+0000] {dag.py:3239} INFO - Sync 1 DAGs
[2025-03-21T21:07:10.115+0000] {logging_mixin.py:190} INFO - [2025-03-21T21:07:10.115+0000] {dag.py:4180} INFO - Setting next_dagrun for latest_only_with_trigger to 2025-03-21 16:00:00+00:00, run_after=2025-03-21 20:00:00+00:00
[2025-03-21T21:07:10.143+0000] {processor.py:208} INFO - Processing /home/usmail/sys_fraud/sys_detection_frauds/lib/python3.12/site-packages/airflow/example_dags/example_latest_only_with_trigger.py took 0.069 seconds
[2025-03-21T21:08:04.738+0000] {processor.py:186} INFO - Started process (PID=3737892) to work on /home/usmail/sys_fraud/sys_detection_frauds/lib/python3.12/site-packages/airflow/example_dags/example_latest_only_with_trigger.py
[2025-03-21T21:08:04.740+0000] {processor.py:914} INFO - Processing file /home/usmail/sys_fraud/sys_detection_frauds/lib/python3.12/site-packages/airflow/example_dags/example_latest_only_with_trigger.py for tasks to queue
[2025-03-21T21:08:04.743+0000] {logging_mixin.py:190} INFO - [2025-03-21T21:08:04.742+0000] {dagbag.py:588} INFO - Filling up the DagBag from /home/usmail/sys_fraud/sys_detection_frauds/lib/python3.12/site-packages/airflow/example_dags/example_latest_only_with_trigger.py
[2025-03-21T21:08:04.755+0000] {processor.py:925} INFO - DAG(s) 'latest_only_with_trigger' retrieved from /home/usmail/sys_fraud/sys_detection_frauds/lib/python3.12/site-packages/airflow/example_dags/example_latest_only_with_trigger.py
[2025-03-21T21:08:04.779+0000] {logging_mixin.py:190} INFO - [2025-03-21T21:08:04.779+0000] {dag.py:3239} INFO - Sync 1 DAGs
[2025-03-21T21:08:04.801+0000] {logging_mixin.py:190} INFO - [2025-03-21T21:08:04.801+0000] {dag.py:4180} INFO - Setting next_dagrun for latest_only_with_trigger to 2025-03-21 16:00:00+00:00, run_after=2025-03-21 20:00:00+00:00
[2025-03-21T21:08:04.816+0000] {processor.py:208} INFO - Processing /home/usmail/sys_fraud/sys_detection_frauds/lib/python3.12/site-packages/airflow/example_dags/example_latest_only_with_trigger.py took 0.092 seconds
[2025-03-21T21:09:07.791+0000] {processor.py:186} INFO - Started process (PID=3738738) to work on /home/usmail/sys_fraud/sys_detection_frauds/lib/python3.12/site-packages/airflow/example_dags/example_latest_only_with_trigger.py
[2025-03-21T21:09:07.800+0000] {processor.py:914} INFO - Processing file /home/usmail/sys_fraud/sys_detection_frauds/lib/python3.12/site-packages/airflow/example_dags/example_latest_only_with_trigger.py for tasks to queue
[2025-03-21T21:09:07.801+0000] {logging_mixin.py:190} INFO - [2025-03-21T21:09:07.801+0000] {dagbag.py:588} INFO - Filling up the DagBag from /home/usmail/sys_fraud/sys_detection_frauds/lib/python3.12/site-packages/airflow/example_dags/example_latest_only_with_trigger.py
[2025-03-21T21:09:07.807+0000] {processor.py:925} INFO - DAG(s) 'latest_only_with_trigger' retrieved from /home/usmail/sys_fraud/sys_detection_frauds/lib/python3.12/site-packages/airflow/example_dags/example_latest_only_with_trigger.py
[2025-03-21T21:09:07.819+0000] {logging_mixin.py:190} INFO - [2025-03-21T21:09:07.818+0000] {dag.py:3239} INFO - Sync 1 DAGs
[2025-03-21T21:09:07.834+0000] {logging_mixin.py:190} INFO - [2025-03-21T21:09:07.833+0000] {dag.py:4180} INFO - Setting next_dagrun for latest_only_with_trigger to 2025-03-21 16:00:00+00:00, run_after=2025-03-21 20:00:00+00:00
[2025-03-21T21:09:07.860+0000] {processor.py:208} INFO - Processing /home/usmail/sys_fraud/sys_detection_frauds/lib/python3.12/site-packages/airflow/example_dags/example_latest_only_with_trigger.py took 0.074 seconds
[2025-03-21T21:10:03.423+0000] {processor.py:186} INFO - Started process (PID=3739519) to work on /home/usmail/sys_fraud/sys_detection_frauds/lib/python3.12/site-packages/airflow/example_dags/example_latest_only_with_trigger.py
[2025-03-21T21:10:03.434+0000] {processor.py:914} INFO - Processing file /home/usmail/sys_fraud/sys_detection_frauds/lib/python3.12/site-packages/airflow/example_dags/example_latest_only_with_trigger.py for tasks to queue
[2025-03-21T21:10:03.440+0000] {logging_mixin.py:190} INFO - [2025-03-21T21:10:03.440+0000] {dagbag.py:588} INFO - Filling up the DagBag from /home/usmail/sys_fraud/sys_detection_frauds/lib/python3.12/site-packages/airflow/example_dags/example_latest_only_with_trigger.py
[2025-03-21T21:10:03.454+0000] {processor.py:925} INFO - DAG(s) 'latest_only_with_trigger' retrieved from /home/usmail/sys_fraud/sys_detection_frauds/lib/python3.12/site-packages/airflow/example_dags/example_latest_only_with_trigger.py
[2025-03-21T21:10:03.476+0000] {logging_mixin.py:190} INFO - [2025-03-21T21:10:03.476+0000] {dag.py:3239} INFO - Sync 1 DAGs
[2025-03-21T21:10:03.502+0000] {logging_mixin.py:190} INFO - [2025-03-21T21:10:03.502+0000] {dag.py:4180} INFO - Setting next_dagrun for latest_only_with_trigger to 2025-03-21 16:00:00+00:00, run_after=2025-03-21 20:00:00+00:00
[2025-03-21T21:10:03.523+0000] {processor.py:208} INFO - Processing /home/usmail/sys_fraud/sys_detection_frauds/lib/python3.12/site-packages/airflow/example_dags/example_latest_only_with_trigger.py took 0.111 seconds
[2025-03-21T21:11:00.697+0000] {processor.py:186} INFO - Started process (PID=3741122) to work on /home/usmail/sys_fraud/sys_detection_frauds/lib/python3.12/site-packages/airflow/example_dags/example_latest_only_with_trigger.py
[2025-03-21T21:11:00.705+0000] {processor.py:914} INFO - Processing file /home/usmail/sys_fraud/sys_detection_frauds/lib/python3.12/site-packages/airflow/example_dags/example_latest_only_with_trigger.py for tasks to queue
[2025-03-21T21:11:00.707+0000] {logging_mixin.py:190} INFO - [2025-03-21T21:11:00.707+0000] {dagbag.py:588} INFO - Filling up the DagBag from /home/usmail/sys_fraud/sys_detection_frauds/lib/python3.12/site-packages/airflow/example_dags/example_latest_only_with_trigger.py
[2025-03-21T21:11:00.714+0000] {processor.py:925} INFO - DAG(s) 'latest_only_with_trigger' retrieved from /home/usmail/sys_fraud/sys_detection_frauds/lib/python3.12/site-packages/airflow/example_dags/example_latest_only_with_trigger.py
[2025-03-21T21:11:00.725+0000] {logging_mixin.py:190} INFO - [2025-03-21T21:11:00.725+0000] {dag.py:3239} INFO - Sync 1 DAGs
[2025-03-21T21:11:00.741+0000] {logging_mixin.py:190} INFO - [2025-03-21T21:11:00.741+0000] {dag.py:4180} INFO - Setting next_dagrun for latest_only_with_trigger to 2025-03-21 16:00:00+00:00, run_after=2025-03-21 20:00:00+00:00
[2025-03-21T21:11:00.757+0000] {processor.py:208} INFO - Processing /home/usmail/sys_fraud/sys_detection_frauds/lib/python3.12/site-packages/airflow/example_dags/example_latest_only_with_trigger.py took 0.068 seconds
[2025-03-21T21:11:57.414+0000] {processor.py:186} INFO - Started process (PID=3742238) to work on /home/usmail/sys_fraud/sys_detection_frauds/lib/python3.12/site-packages/airflow/example_dags/example_latest_only_with_trigger.py
[2025-03-21T21:11:57.423+0000] {processor.py:914} INFO - Processing file /home/usmail/sys_fraud/sys_detection_frauds/lib/python3.12/site-packages/airflow/example_dags/example_latest_only_with_trigger.py for tasks to queue
[2025-03-21T21:11:57.425+0000] {logging_mixin.py:190} INFO - [2025-03-21T21:11:57.424+0000] {dagbag.py:588} INFO - Filling up the DagBag from /home/usmail/sys_fraud/sys_detection_frauds/lib/python3.12/site-packages/airflow/example_dags/example_latest_only_with_trigger.py
[2025-03-21T21:11:57.431+0000] {processor.py:925} INFO - DAG(s) 'latest_only_with_trigger' retrieved from /home/usmail/sys_fraud/sys_detection_frauds/lib/python3.12/site-packages/airflow/example_dags/example_latest_only_with_trigger.py
[2025-03-21T21:11:57.442+0000] {logging_mixin.py:190} INFO - [2025-03-21T21:11:57.442+0000] {dag.py:3239} INFO - Sync 1 DAGs
[2025-03-21T21:11:57.458+0000] {logging_mixin.py:190} INFO - [2025-03-21T21:11:57.458+0000] {dag.py:4180} INFO - Setting next_dagrun for latest_only_with_trigger to 2025-03-21 16:00:00+00:00, run_after=2025-03-21 20:00:00+00:00
[2025-03-21T21:11:57.486+0000] {processor.py:208} INFO - Processing /home/usmail/sys_fraud/sys_detection_frauds/lib/python3.12/site-packages/airflow/example_dags/example_latest_only_with_trigger.py took 0.078 seconds
[2025-03-21T21:12:50.588+0000] {processor.py:186} INFO - Started process (PID=3743263) to work on /home/usmail/sys_fraud/sys_detection_frauds/lib/python3.12/site-packages/airflow/example_dags/example_latest_only_with_trigger.py
[2025-03-21T21:12:50.596+0000] {processor.py:914} INFO - Processing file /home/usmail/sys_fraud/sys_detection_frauds/lib/python3.12/site-packages/airflow/example_dags/example_latest_only_with_trigger.py for tasks to queue
[2025-03-21T21:12:50.598+0000] {logging_mixin.py:190} INFO - [2025-03-21T21:12:50.598+0000] {dagbag.py:588} INFO - Filling up the DagBag from /home/usmail/sys_fraud/sys_detection_frauds/lib/python3.12/site-packages/airflow/example_dags/example_latest_only_with_trigger.py
[2025-03-21T21:12:50.604+0000] {processor.py:925} INFO - DAG(s) 'latest_only_with_trigger' retrieved from /home/usmail/sys_fraud/sys_detection_frauds/lib/python3.12/site-packages/airflow/example_dags/example_latest_only_with_trigger.py
[2025-03-21T21:12:50.616+0000] {logging_mixin.py:190} INFO - [2025-03-21T21:12:50.616+0000] {dag.py:3239} INFO - Sync 1 DAGs
[2025-03-21T21:12:50.632+0000] {logging_mixin.py:190} INFO - [2025-03-21T21:12:50.631+0000] {dag.py:4180} INFO - Setting next_dagrun for latest_only_with_trigger to 2025-03-21 16:00:00+00:00, run_after=2025-03-21 20:00:00+00:00
[2025-03-21T21:12:50.658+0000] {processor.py:208} INFO - Processing /home/usmail/sys_fraud/sys_detection_frauds/lib/python3.12/site-packages/airflow/example_dags/example_latest_only_with_trigger.py took 0.076 seconds
[2025-03-21T21:13:43.016+0000] {processor.py:186} INFO - Started process (PID=3744200) to work on /home/usmail/sys_fraud/sys_detection_frauds/lib/python3.12/site-packages/airflow/example_dags/example_latest_only_with_trigger.py
[2025-03-21T21:13:43.024+0000] {processor.py:914} INFO - Processing file /home/usmail/sys_fraud/sys_detection_frauds/lib/python3.12/site-packages/airflow/example_dags/example_latest_only_with_trigger.py for tasks to queue
[2025-03-21T21:13:43.026+0000] {logging_mixin.py:190} INFO - [2025-03-21T21:13:43.026+0000] {dagbag.py:588} INFO - Filling up the DagBag from /home/usmail/sys_fraud/sys_detection_frauds/lib/python3.12/site-packages/airflow/example_dags/example_latest_only_with_trigger.py
[2025-03-21T21:13:43.031+0000] {processor.py:925} INFO - DAG(s) 'latest_only_with_trigger' retrieved from /home/usmail/sys_fraud/sys_detection_frauds/lib/python3.12/site-packages/airflow/example_dags/example_latest_only_with_trigger.py
[2025-03-21T21:13:43.043+0000] {logging_mixin.py:190} INFO - [2025-03-21T21:13:43.043+0000] {dag.py:3239} INFO - Sync 1 DAGs
[2025-03-21T21:13:43.058+0000] {logging_mixin.py:190} INFO - [2025-03-21T21:13:43.058+0000] {dag.py:4180} INFO - Setting next_dagrun for latest_only_with_trigger to 2025-03-21 16:00:00+00:00, run_after=2025-03-21 20:00:00+00:00
[2025-03-21T21:13:43.073+0000] {processor.py:208} INFO - Processing /home/usmail/sys_fraud/sys_detection_frauds/lib/python3.12/site-packages/airflow/example_dags/example_latest_only_with_trigger.py took 0.063 seconds
[2025-03-21T21:14:35.849+0000] {processor.py:186} INFO - Started process (PID=3744971) to work on /home/usmail/sys_fraud/sys_detection_frauds/lib/python3.12/site-packages/airflow/example_dags/example_latest_only_with_trigger.py
[2025-03-21T21:14:35.858+0000] {processor.py:914} INFO - Processing file /home/usmail/sys_fraud/sys_detection_frauds/lib/python3.12/site-packages/airflow/example_dags/example_latest_only_with_trigger.py for tasks to queue
[2025-03-21T21:14:35.862+0000] {logging_mixin.py:190} INFO - [2025-03-21T21:14:35.861+0000] {dagbag.py:588} INFO - Filling up the DagBag from /home/usmail/sys_fraud/sys_detection_frauds/lib/python3.12/site-packages/airflow/example_dags/example_latest_only_with_trigger.py
[2025-03-21T21:14:35.873+0000] {processor.py:925} INFO - DAG(s) 'latest_only_with_trigger' retrieved from /home/usmail/sys_fraud/sys_detection_frauds/lib/python3.12/site-packages/airflow/example_dags/example_latest_only_with_trigger.py
[2025-03-21T21:14:35.897+0000] {logging_mixin.py:190} INFO - [2025-03-21T21:14:35.897+0000] {dag.py:3239} INFO - Sync 1 DAGs
[2025-03-21T21:14:35.922+0000] {logging_mixin.py:190} INFO - [2025-03-21T21:14:35.921+0000] {dag.py:4180} INFO - Setting next_dagrun for latest_only_with_trigger to 2025-03-21 16:00:00+00:00, run_after=2025-03-21 20:00:00+00:00
[2025-03-21T21:14:35.937+0000] {processor.py:208} INFO - Processing /home/usmail/sys_fraud/sys_detection_frauds/lib/python3.12/site-packages/airflow/example_dags/example_latest_only_with_trigger.py took 0.100 seconds
[2025-03-21T21:15:38.424+0000] {processor.py:186} INFO - Started process (PID=3745752) to work on /home/usmail/sys_fraud/sys_detection_frauds/lib/python3.12/site-packages/airflow/example_dags/example_latest_only_with_trigger.py
[2025-03-21T21:15:38.434+0000] {processor.py:914} INFO - Processing file /home/usmail/sys_fraud/sys_detection_frauds/lib/python3.12/site-packages/airflow/example_dags/example_latest_only_with_trigger.py for tasks to queue
[2025-03-21T21:15:38.437+0000] {logging_mixin.py:190} INFO - [2025-03-21T21:15:38.437+0000] {dagbag.py:588} INFO - Filling up the DagBag from /home/usmail/sys_fraud/sys_detection_frauds/lib/python3.12/site-packages/airflow/example_dags/example_latest_only_with_trigger.py
[2025-03-21T21:15:38.449+0000] {processor.py:925} INFO - DAG(s) 'latest_only_with_trigger' retrieved from /home/usmail/sys_fraud/sys_detection_frauds/lib/python3.12/site-packages/airflow/example_dags/example_latest_only_with_trigger.py
[2025-03-21T21:15:38.473+0000] {logging_mixin.py:190} INFO - [2025-03-21T21:15:38.472+0000] {dag.py:3239} INFO - Sync 1 DAGs
[2025-03-21T21:15:38.498+0000] {logging_mixin.py:190} INFO - [2025-03-21T21:15:38.497+0000] {dag.py:4180} INFO - Setting next_dagrun for latest_only_with_trigger to 2025-03-21 16:00:00+00:00, run_after=2025-03-21 20:00:00+00:00
[2025-03-21T21:15:38.514+0000] {processor.py:208} INFO - Processing /home/usmail/sys_fraud/sys_detection_frauds/lib/python3.12/site-packages/airflow/example_dags/example_latest_only_with_trigger.py took 0.102 seconds
[2025-03-21T21:16:39.700+0000] {processor.py:186} INFO - Started process (PID=3746525) to work on /home/usmail/sys_fraud/sys_detection_frauds/lib/python3.12/site-packages/airflow/example_dags/example_latest_only_with_trigger.py
[2025-03-21T21:16:39.702+0000] {processor.py:914} INFO - Processing file /home/usmail/sys_fraud/sys_detection_frauds/lib/python3.12/site-packages/airflow/example_dags/example_latest_only_with_trigger.py for tasks to queue
[2025-03-21T21:16:39.705+0000] {logging_mixin.py:190} INFO - [2025-03-21T21:16:39.704+0000] {dagbag.py:588} INFO - Filling up the DagBag from /home/usmail/sys_fraud/sys_detection_frauds/lib/python3.12/site-packages/airflow/example_dags/example_latest_only_with_trigger.py
[2025-03-21T21:16:39.718+0000] {processor.py:925} INFO - DAG(s) 'latest_only_with_trigger' retrieved from /home/usmail/sys_fraud/sys_detection_frauds/lib/python3.12/site-packages/airflow/example_dags/example_latest_only_with_trigger.py
[2025-03-21T21:16:39.742+0000] {logging_mixin.py:190} INFO - [2025-03-21T21:16:39.741+0000] {dag.py:3239} INFO - Sync 1 DAGs
[2025-03-21T21:16:39.763+0000] {logging_mixin.py:190} INFO - [2025-03-21T21:16:39.763+0000] {dag.py:4180} INFO - Setting next_dagrun for latest_only_with_trigger to 2025-03-21 16:00:00+00:00, run_after=2025-03-21 20:00:00+00:00
[2025-03-21T21:16:39.778+0000] {processor.py:208} INFO - Processing /home/usmail/sys_fraud/sys_detection_frauds/lib/python3.12/site-packages/airflow/example_dags/example_latest_only_with_trigger.py took 0.090 seconds
[2025-03-21T21:17:40.267+0000] {processor.py:186} INFO - Started process (PID=3747283) to work on /home/usmail/sys_fraud/sys_detection_frauds/lib/python3.12/site-packages/airflow/example_dags/example_latest_only_with_trigger.py
[2025-03-21T21:17:40.276+0000] {processor.py:914} INFO - Processing file /home/usmail/sys_fraud/sys_detection_frauds/lib/python3.12/site-packages/airflow/example_dags/example_latest_only_with_trigger.py for tasks to queue
[2025-03-21T21:17:40.279+0000] {logging_mixin.py:190} INFO - [2025-03-21T21:17:40.279+0000] {dagbag.py:588} INFO - Filling up the DagBag from /home/usmail/sys_fraud/sys_detection_frauds/lib/python3.12/site-packages/airflow/example_dags/example_latest_only_with_trigger.py
[2025-03-21T21:17:40.291+0000] {processor.py:925} INFO - DAG(s) 'latest_only_with_trigger' retrieved from /home/usmail/sys_fraud/sys_detection_frauds/lib/python3.12/site-packages/airflow/example_dags/example_latest_only_with_trigger.py
[2025-03-21T21:17:40.315+0000] {logging_mixin.py:190} INFO - [2025-03-21T21:17:40.315+0000] {dag.py:3239} INFO - Sync 1 DAGs
[2025-03-21T21:17:40.339+0000] {logging_mixin.py:190} INFO - [2025-03-21T21:17:40.339+0000] {dag.py:4180} INFO - Setting next_dagrun for latest_only_with_trigger to 2025-03-21 16:00:00+00:00, run_after=2025-03-21 20:00:00+00:00
[2025-03-21T21:17:40.354+0000] {processor.py:208} INFO - Processing /home/usmail/sys_fraud/sys_detection_frauds/lib/python3.12/site-packages/airflow/example_dags/example_latest_only_with_trigger.py took 0.100 seconds
[2025-03-21T21:18:45.966+0000] {processor.py:186} INFO - Started process (PID=3748087) to work on /home/usmail/sys_fraud/sys_detection_frauds/lib/python3.12/site-packages/airflow/example_dags/example_latest_only_with_trigger.py
[2025-03-21T21:18:45.975+0000] {processor.py:914} INFO - Processing file /home/usmail/sys_fraud/sys_detection_frauds/lib/python3.12/site-packages/airflow/example_dags/example_latest_only_with_trigger.py for tasks to queue
[2025-03-21T21:18:45.978+0000] {logging_mixin.py:190} INFO - [2025-03-21T21:18:45.977+0000] {dagbag.py:588} INFO - Filling up the DagBag from /home/usmail/sys_fraud/sys_detection_frauds/lib/python3.12/site-packages/airflow/example_dags/example_latest_only_with_trigger.py
[2025-03-21T21:18:45.989+0000] {processor.py:925} INFO - DAG(s) 'latest_only_with_trigger' retrieved from /home/usmail/sys_fraud/sys_detection_frauds/lib/python3.12/site-packages/airflow/example_dags/example_latest_only_with_trigger.py
[2025-03-21T21:18:46.013+0000] {logging_mixin.py:190} INFO - [2025-03-21T21:18:46.013+0000] {dag.py:3239} INFO - Sync 1 DAGs
[2025-03-21T21:18:46.038+0000] {logging_mixin.py:190} INFO - [2025-03-21T21:18:46.038+0000] {dag.py:4180} INFO - Setting next_dagrun for latest_only_with_trigger to 2025-03-21 16:00:00+00:00, run_after=2025-03-21 20:00:00+00:00
[2025-03-21T21:18:46.071+0000] {processor.py:208} INFO - Processing /home/usmail/sys_fraud/sys_detection_frauds/lib/python3.12/site-packages/airflow/example_dags/example_latest_only_with_trigger.py took 0.118 seconds
[2025-03-21T21:19:49.488+0000] {processor.py:186} INFO - Started process (PID=3748853) to work on /home/usmail/sys_fraud/sys_detection_frauds/lib/python3.12/site-packages/airflow/example_dags/example_latest_only_with_trigger.py
[2025-03-21T21:19:49.497+0000] {processor.py:914} INFO - Processing file /home/usmail/sys_fraud/sys_detection_frauds/lib/python3.12/site-packages/airflow/example_dags/example_latest_only_with_trigger.py for tasks to queue
[2025-03-21T21:19:49.501+0000] {logging_mixin.py:190} INFO - [2025-03-21T21:19:49.500+0000] {dagbag.py:588} INFO - Filling up the DagBag from /home/usmail/sys_fraud/sys_detection_frauds/lib/python3.12/site-packages/airflow/example_dags/example_latest_only_with_trigger.py
[2025-03-21T21:19:49.513+0000] {processor.py:925} INFO - DAG(s) 'latest_only_with_trigger' retrieved from /home/usmail/sys_fraud/sys_detection_frauds/lib/python3.12/site-packages/airflow/example_dags/example_latest_only_with_trigger.py
[2025-03-21T21:19:49.535+0000] {logging_mixin.py:190} INFO - [2025-03-21T21:19:49.535+0000] {dag.py:3239} INFO - Sync 1 DAGs
[2025-03-21T21:19:49.550+0000] {logging_mixin.py:190} INFO - [2025-03-21T21:19:49.550+0000] {dag.py:4180} INFO - Setting next_dagrun for latest_only_with_trigger to 2025-03-21 16:00:00+00:00, run_after=2025-03-21 20:00:00+00:00
[2025-03-21T21:19:49.567+0000] {processor.py:208} INFO - Processing /home/usmail/sys_fraud/sys_detection_frauds/lib/python3.12/site-packages/airflow/example_dags/example_latest_only_with_trigger.py took 0.090 seconds
[2025-03-21T21:20:52.446+0000] {processor.py:186} INFO - Started process (PID=3749604) to work on /home/usmail/sys_fraud/sys_detection_frauds/lib/python3.12/site-packages/airflow/example_dags/example_latest_only_with_trigger.py
[2025-03-21T21:20:52.455+0000] {processor.py:914} INFO - Processing file /home/usmail/sys_fraud/sys_detection_frauds/lib/python3.12/site-packages/airflow/example_dags/example_latest_only_with_trigger.py for tasks to queue
[2025-03-21T21:20:52.459+0000] {logging_mixin.py:190} INFO - [2025-03-21T21:20:52.458+0000] {dagbag.py:588} INFO - Filling up the DagBag from /home/usmail/sys_fraud/sys_detection_frauds/lib/python3.12/site-packages/airflow/example_dags/example_latest_only_with_trigger.py
[2025-03-21T21:20:52.471+0000] {processor.py:925} INFO - DAG(s) 'latest_only_with_trigger' retrieved from /home/usmail/sys_fraud/sys_detection_frauds/lib/python3.12/site-packages/airflow/example_dags/example_latest_only_with_trigger.py
[2025-03-21T21:20:52.496+0000] {logging_mixin.py:190} INFO - [2025-03-21T21:20:52.496+0000] {dag.py:3239} INFO - Sync 1 DAGs
[2025-03-21T21:20:52.518+0000] {logging_mixin.py:190} INFO - [2025-03-21T21:20:52.518+0000] {dag.py:4180} INFO - Setting next_dagrun for latest_only_with_trigger to 2025-03-21 16:00:00+00:00, run_after=2025-03-21 20:00:00+00:00
[2025-03-21T21:20:52.533+0000] {processor.py:208} INFO - Processing /home/usmail/sys_fraud/sys_detection_frauds/lib/python3.12/site-packages/airflow/example_dags/example_latest_only_with_trigger.py took 0.100 seconds
[2025-03-21T21:21:58.487+0000] {processor.py:186} INFO - Started process (PID=3750420) to work on /home/usmail/sys_fraud/sys_detection_frauds/lib/python3.12/site-packages/airflow/example_dags/example_latest_only_with_trigger.py
[2025-03-21T21:21:58.497+0000] {processor.py:914} INFO - Processing file /home/usmail/sys_fraud/sys_detection_frauds/lib/python3.12/site-packages/airflow/example_dags/example_latest_only_with_trigger.py for tasks to queue
[2025-03-21T21:21:58.500+0000] {logging_mixin.py:190} INFO - [2025-03-21T21:21:58.499+0000] {dagbag.py:588} INFO - Filling up the DagBag from /home/usmail/sys_fraud/sys_detection_frauds/lib/python3.12/site-packages/airflow/example_dags/example_latest_only_with_trigger.py
[2025-03-21T21:21:58.511+0000] {processor.py:925} INFO - DAG(s) 'latest_only_with_trigger' retrieved from /home/usmail/sys_fraud/sys_detection_frauds/lib/python3.12/site-packages/airflow/example_dags/example_latest_only_with_trigger.py
[2025-03-21T21:21:58.535+0000] {logging_mixin.py:190} INFO - [2025-03-21T21:21:58.535+0000] {dag.py:3239} INFO - Sync 1 DAGs
[2025-03-21T21:21:58.557+0000] {logging_mixin.py:190} INFO - [2025-03-21T21:21:58.557+0000] {dag.py:4180} INFO - Setting next_dagrun for latest_only_with_trigger to 2025-03-21 16:00:00+00:00, run_after=2025-03-21 20:00:00+00:00
[2025-03-21T21:21:58.591+0000] {processor.py:208} INFO - Processing /home/usmail/sys_fraud/sys_detection_frauds/lib/python3.12/site-packages/airflow/example_dags/example_latest_only_with_trigger.py took 0.118 seconds
[2025-03-21T21:23:04.391+0000] {processor.py:186} INFO - Started process (PID=3751245) to work on /home/usmail/sys_fraud/sys_detection_frauds/lib/python3.12/site-packages/airflow/example_dags/example_latest_only_with_trigger.py
[2025-03-21T21:23:04.400+0000] {processor.py:914} INFO - Processing file /home/usmail/sys_fraud/sys_detection_frauds/lib/python3.12/site-packages/airflow/example_dags/example_latest_only_with_trigger.py for tasks to queue
[2025-03-21T21:23:04.403+0000] {logging_mixin.py:190} INFO - [2025-03-21T21:23:04.403+0000] {dagbag.py:588} INFO - Filling up the DagBag from /home/usmail/sys_fraud/sys_detection_frauds/lib/python3.12/site-packages/airflow/example_dags/example_latest_only_with_trigger.py
[2025-03-21T21:23:04.416+0000] {processor.py:925} INFO - DAG(s) 'latest_only_with_trigger' retrieved from /home/usmail/sys_fraud/sys_detection_frauds/lib/python3.12/site-packages/airflow/example_dags/example_latest_only_with_trigger.py
[2025-03-21T21:23:04.441+0000] {logging_mixin.py:190} INFO - [2025-03-21T21:23:04.440+0000] {dag.py:3239} INFO - Sync 1 DAGs
[2025-03-21T21:23:04.465+0000] {logging_mixin.py:190} INFO - [2025-03-21T21:23:04.465+0000] {dag.py:4180} INFO - Setting next_dagrun for latest_only_with_trigger to 2025-03-21 16:00:00+00:00, run_after=2025-03-21 20:00:00+00:00
[2025-03-21T21:23:04.483+0000] {processor.py:208} INFO - Processing /home/usmail/sys_fraud/sys_detection_frauds/lib/python3.12/site-packages/airflow/example_dags/example_latest_only_with_trigger.py took 0.104 seconds
[2025-03-21T21:24:05.994+0000] {processor.py:186} INFO - Started process (PID=3751964) to work on /home/usmail/sys_fraud/sys_detection_frauds/lib/python3.12/site-packages/airflow/example_dags/example_latest_only_with_trigger.py
[2025-03-21T21:24:06.003+0000] {processor.py:914} INFO - Processing file /home/usmail/sys_fraud/sys_detection_frauds/lib/python3.12/site-packages/airflow/example_dags/example_latest_only_with_trigger.py for tasks to queue
[2025-03-21T21:24:06.007+0000] {logging_mixin.py:190} INFO - [2025-03-21T21:24:06.006+0000] {dagbag.py:588} INFO - Filling up the DagBag from /home/usmail/sys_fraud/sys_detection_frauds/lib/python3.12/site-packages/airflow/example_dags/example_latest_only_with_trigger.py
[2025-03-21T21:24:06.019+0000] {processor.py:925} INFO - DAG(s) 'latest_only_with_trigger' retrieved from /home/usmail/sys_fraud/sys_detection_frauds/lib/python3.12/site-packages/airflow/example_dags/example_latest_only_with_trigger.py
[2025-03-21T21:24:06.042+0000] {logging_mixin.py:190} INFO - [2025-03-21T21:24:06.042+0000] {dag.py:3239} INFO - Sync 1 DAGs
[2025-03-21T21:24:06.066+0000] {logging_mixin.py:190} INFO - [2025-03-21T21:24:06.066+0000] {dag.py:4180} INFO - Setting next_dagrun for latest_only_with_trigger to 2025-03-21 16:00:00+00:00, run_after=2025-03-21 20:00:00+00:00
[2025-03-21T21:24:06.096+0000] {processor.py:208} INFO - Processing /home/usmail/sys_fraud/sys_detection_frauds/lib/python3.12/site-packages/airflow/example_dags/example_latest_only_with_trigger.py took 0.116 seconds
[2025-03-21T21:25:08.894+0000] {processor.py:186} INFO - Started process (PID=3752637) to work on /home/usmail/sys_fraud/sys_detection_frauds/lib/python3.12/site-packages/airflow/example_dags/example_latest_only_with_trigger.py
[2025-03-21T21:25:08.903+0000] {processor.py:914} INFO - Processing file /home/usmail/sys_fraud/sys_detection_frauds/lib/python3.12/site-packages/airflow/example_dags/example_latest_only_with_trigger.py for tasks to queue
[2025-03-21T21:25:08.906+0000] {logging_mixin.py:190} INFO - [2025-03-21T21:25:08.906+0000] {dagbag.py:588} INFO - Filling up the DagBag from /home/usmail/sys_fraud/sys_detection_frauds/lib/python3.12/site-packages/airflow/example_dags/example_latest_only_with_trigger.py
[2025-03-21T21:25:08.918+0000] {processor.py:925} INFO - DAG(s) 'latest_only_with_trigger' retrieved from /home/usmail/sys_fraud/sys_detection_frauds/lib/python3.12/site-packages/airflow/example_dags/example_latest_only_with_trigger.py
[2025-03-21T21:25:08.941+0000] {logging_mixin.py:190} INFO - [2025-03-21T21:25:08.941+0000] {dag.py:3239} INFO - Sync 1 DAGs
[2025-03-21T21:25:08.965+0000] {logging_mixin.py:190} INFO - [2025-03-21T21:25:08.965+0000] {dag.py:4180} INFO - Setting next_dagrun for latest_only_with_trigger to 2025-03-21 16:00:00+00:00, run_after=2025-03-21 20:00:00+00:00
[2025-03-21T21:25:08.981+0000] {processor.py:208} INFO - Processing /home/usmail/sys_fraud/sys_detection_frauds/lib/python3.12/site-packages/airflow/example_dags/example_latest_only_with_trigger.py took 0.099 seconds
[2025-03-21T21:26:14.695+0000] {processor.py:186} INFO - Started process (PID=3753335) to work on /home/usmail/sys_fraud/sys_detection_frauds/lib/python3.12/site-packages/airflow/example_dags/example_latest_only_with_trigger.py
[2025-03-21T21:26:14.705+0000] {processor.py:914} INFO - Processing file /home/usmail/sys_fraud/sys_detection_frauds/lib/python3.12/site-packages/airflow/example_dags/example_latest_only_with_trigger.py for tasks to queue
[2025-03-21T21:26:14.708+0000] {logging_mixin.py:190} INFO - [2025-03-21T21:26:14.708+0000] {dagbag.py:588} INFO - Filling up the DagBag from /home/usmail/sys_fraud/sys_detection_frauds/lib/python3.12/site-packages/airflow/example_dags/example_latest_only_with_trigger.py
[2025-03-21T21:26:14.721+0000] {processor.py:925} INFO - DAG(s) 'latest_only_with_trigger' retrieved from /home/usmail/sys_fraud/sys_detection_frauds/lib/python3.12/site-packages/airflow/example_dags/example_latest_only_with_trigger.py
[2025-03-21T21:26:14.745+0000] {logging_mixin.py:190} INFO - [2025-03-21T21:26:14.744+0000] {dag.py:3239} INFO - Sync 1 DAGs
[2025-03-21T21:26:14.769+0000] {logging_mixin.py:190} INFO - [2025-03-21T21:26:14.769+0000] {dag.py:4180} INFO - Setting next_dagrun for latest_only_with_trigger to 2025-03-21 16:00:00+00:00, run_after=2025-03-21 20:00:00+00:00
[2025-03-21T21:26:14.792+0000] {processor.py:208} INFO - Processing /home/usmail/sys_fraud/sys_detection_frauds/lib/python3.12/site-packages/airflow/example_dags/example_latest_only_with_trigger.py took 0.109 seconds
[2025-03-21T21:27:17.186+0000] {processor.py:186} INFO - Started process (PID=3754004) to work on /home/usmail/sys_fraud/sys_detection_frauds/lib/python3.12/site-packages/airflow/example_dags/example_latest_only_with_trigger.py
[2025-03-21T21:27:17.187+0000] {processor.py:914} INFO - Processing file /home/usmail/sys_fraud/sys_detection_frauds/lib/python3.12/site-packages/airflow/example_dags/example_latest_only_with_trigger.py for tasks to queue
[2025-03-21T21:27:17.190+0000] {logging_mixin.py:190} INFO - [2025-03-21T21:27:17.189+0000] {dagbag.py:588} INFO - Filling up the DagBag from /home/usmail/sys_fraud/sys_detection_frauds/lib/python3.12/site-packages/airflow/example_dags/example_latest_only_with_trigger.py
[2025-03-21T21:27:17.201+0000] {processor.py:925} INFO - DAG(s) 'latest_only_with_trigger' retrieved from /home/usmail/sys_fraud/sys_detection_frauds/lib/python3.12/site-packages/airflow/example_dags/example_latest_only_with_trigger.py
[2025-03-21T21:27:17.221+0000] {logging_mixin.py:190} INFO - [2025-03-21T21:27:17.221+0000] {dag.py:3239} INFO - Sync 1 DAGs
[2025-03-21T21:27:17.237+0000] {logging_mixin.py:190} INFO - [2025-03-21T21:27:17.237+0000] {dag.py:4180} INFO - Setting next_dagrun for latest_only_with_trigger to 2025-03-21 16:00:00+00:00, run_after=2025-03-21 20:00:00+00:00
[2025-03-21T21:27:17.264+0000] {processor.py:208} INFO - Processing /home/usmail/sys_fraud/sys_detection_frauds/lib/python3.12/site-packages/airflow/example_dags/example_latest_only_with_trigger.py took 0.090 seconds
[2025-03-21T21:28:19.632+0000] {processor.py:186} INFO - Started process (PID=3754640) to work on /home/usmail/sys_fraud/sys_detection_frauds/lib/python3.12/site-packages/airflow/example_dags/example_latest_only_with_trigger.py
[2025-03-21T21:28:19.641+0000] {processor.py:914} INFO - Processing file /home/usmail/sys_fraud/sys_detection_frauds/lib/python3.12/site-packages/airflow/example_dags/example_latest_only_with_trigger.py for tasks to queue
[2025-03-21T21:28:19.645+0000] {logging_mixin.py:190} INFO - [2025-03-21T21:28:19.644+0000] {dagbag.py:588} INFO - Filling up the DagBag from /home/usmail/sys_fraud/sys_detection_frauds/lib/python3.12/site-packages/airflow/example_dags/example_latest_only_with_trigger.py
[2025-03-21T21:28:19.656+0000] {processor.py:925} INFO - DAG(s) 'latest_only_with_trigger' retrieved from /home/usmail/sys_fraud/sys_detection_frauds/lib/python3.12/site-packages/airflow/example_dags/example_latest_only_with_trigger.py
[2025-03-21T21:28:19.681+0000] {logging_mixin.py:190} INFO - [2025-03-21T21:28:19.681+0000] {dag.py:3239} INFO - Sync 1 DAGs
[2025-03-21T21:28:19.705+0000] {logging_mixin.py:190} INFO - [2025-03-21T21:28:19.705+0000] {dag.py:4180} INFO - Setting next_dagrun for latest_only_with_trigger to 2025-03-21 16:00:00+00:00, run_after=2025-03-21 20:00:00+00:00
[2025-03-21T21:28:19.721+0000] {processor.py:208} INFO - Processing /home/usmail/sys_fraud/sys_detection_frauds/lib/python3.12/site-packages/airflow/example_dags/example_latest_only_with_trigger.py took 0.102 seconds
[2025-03-21T21:29:18.417+0000] {processor.py:186} INFO - Started process (PID=3755257) to work on /home/usmail/sys_fraud/sys_detection_frauds/lib/python3.12/site-packages/airflow/example_dags/example_latest_only_with_trigger.py
[2025-03-21T21:29:18.426+0000] {processor.py:914} INFO - Processing file /home/usmail/sys_fraud/sys_detection_frauds/lib/python3.12/site-packages/airflow/example_dags/example_latest_only_with_trigger.py for tasks to queue
[2025-03-21T21:29:18.430+0000] {logging_mixin.py:190} INFO - [2025-03-21T21:29:18.429+0000] {dagbag.py:588} INFO - Filling up the DagBag from /home/usmail/sys_fraud/sys_detection_frauds/lib/python3.12/site-packages/airflow/example_dags/example_latest_only_with_trigger.py
[2025-03-21T21:29:18.442+0000] {processor.py:925} INFO - DAG(s) 'latest_only_with_trigger' retrieved from /home/usmail/sys_fraud/sys_detection_frauds/lib/python3.12/site-packages/airflow/example_dags/example_latest_only_with_trigger.py
[2025-03-21T21:29:18.465+0000] {logging_mixin.py:190} INFO - [2025-03-21T21:29:18.465+0000] {dag.py:3239} INFO - Sync 1 DAGs
[2025-03-21T21:29:18.489+0000] {logging_mixin.py:190} INFO - [2025-03-21T21:29:18.489+0000] {dag.py:4180} INFO - Setting next_dagrun for latest_only_with_trigger to 2025-03-21 16:00:00+00:00, run_after=2025-03-21 20:00:00+00:00
[2025-03-21T21:29:18.517+0000] {processor.py:208} INFO - Processing /home/usmail/sys_fraud/sys_detection_frauds/lib/python3.12/site-packages/airflow/example_dags/example_latest_only_with_trigger.py took 0.113 seconds
[2025-03-21T21:30:24.653+0000] {processor.py:186} INFO - Started process (PID=3755950) to work on /home/usmail/sys_fraud/sys_detection_frauds/lib/python3.12/site-packages/airflow/example_dags/example_latest_only_with_trigger.py
[2025-03-21T21:30:24.662+0000] {processor.py:914} INFO - Processing file /home/usmail/sys_fraud/sys_detection_frauds/lib/python3.12/site-packages/airflow/example_dags/example_latest_only_with_trigger.py for tasks to queue
[2025-03-21T21:30:24.665+0000] {logging_mixin.py:190} INFO - [2025-03-21T21:30:24.665+0000] {dagbag.py:588} INFO - Filling up the DagBag from /home/usmail/sys_fraud/sys_detection_frauds/lib/python3.12/site-packages/airflow/example_dags/example_latest_only_with_trigger.py
[2025-03-21T21:30:24.676+0000] {processor.py:925} INFO - DAG(s) 'latest_only_with_trigger' retrieved from /home/usmail/sys_fraud/sys_detection_frauds/lib/python3.12/site-packages/airflow/example_dags/example_latest_only_with_trigger.py
[2025-03-21T21:30:24.700+0000] {logging_mixin.py:190} INFO - [2025-03-21T21:30:24.699+0000] {dag.py:3239} INFO - Sync 1 DAGs
[2025-03-21T21:30:24.726+0000] {logging_mixin.py:190} INFO - [2025-03-21T21:30:24.725+0000] {dag.py:4180} INFO - Setting next_dagrun for latest_only_with_trigger to 2025-03-21 16:00:00+00:00, run_after=2025-03-21 20:00:00+00:00
[2025-03-21T21:30:24.751+0000] {processor.py:208} INFO - Processing /home/usmail/sys_fraud/sys_detection_frauds/lib/python3.12/site-packages/airflow/example_dags/example_latest_only_with_trigger.py took 0.110 seconds
[2025-03-21T21:31:30.123+0000] {processor.py:186} INFO - Started process (PID=3756637) to work on /home/usmail/sys_fraud/sys_detection_frauds/lib/python3.12/site-packages/airflow/example_dags/example_latest_only_with_trigger.py
[2025-03-21T21:31:30.125+0000] {processor.py:914} INFO - Processing file /home/usmail/sys_fraud/sys_detection_frauds/lib/python3.12/site-packages/airflow/example_dags/example_latest_only_with_trigger.py for tasks to queue
[2025-03-21T21:31:30.128+0000] {logging_mixin.py:190} INFO - [2025-03-21T21:31:30.127+0000] {dagbag.py:588} INFO - Filling up the DagBag from /home/usmail/sys_fraud/sys_detection_frauds/lib/python3.12/site-packages/airflow/example_dags/example_latest_only_with_trigger.py
[2025-03-21T21:31:30.140+0000] {processor.py:925} INFO - DAG(s) 'latest_only_with_trigger' retrieved from /home/usmail/sys_fraud/sys_detection_frauds/lib/python3.12/site-packages/airflow/example_dags/example_latest_only_with_trigger.py
[2025-03-21T21:31:30.164+0000] {logging_mixin.py:190} INFO - [2025-03-21T21:31:30.164+0000] {dag.py:3239} INFO - Sync 1 DAGs
[2025-03-21T21:31:30.186+0000] {logging_mixin.py:190} INFO - [2025-03-21T21:31:30.185+0000] {dag.py:4180} INFO - Setting next_dagrun for latest_only_with_trigger to 2025-03-21 16:00:00+00:00, run_after=2025-03-21 20:00:00+00:00
[2025-03-21T21:31:30.216+0000] {processor.py:208} INFO - Processing /home/usmail/sys_fraud/sys_detection_frauds/lib/python3.12/site-packages/airflow/example_dags/example_latest_only_with_trigger.py took 0.105 seconds
[2025-03-21T21:32:36.264+0000] {processor.py:186} INFO - Started process (PID=3757333) to work on /home/usmail/sys_fraud/sys_detection_frauds/lib/python3.12/site-packages/airflow/example_dags/example_latest_only_with_trigger.py
[2025-03-21T21:32:36.273+0000] {processor.py:914} INFO - Processing file /home/usmail/sys_fraud/sys_detection_frauds/lib/python3.12/site-packages/airflow/example_dags/example_latest_only_with_trigger.py for tasks to queue
[2025-03-21T21:32:36.276+0000] {logging_mixin.py:190} INFO - [2025-03-21T21:32:36.276+0000] {dagbag.py:588} INFO - Filling up the DagBag from /home/usmail/sys_fraud/sys_detection_frauds/lib/python3.12/site-packages/airflow/example_dags/example_latest_only_with_trigger.py
[2025-03-21T21:32:36.288+0000] {processor.py:925} INFO - DAG(s) 'latest_only_with_trigger' retrieved from /home/usmail/sys_fraud/sys_detection_frauds/lib/python3.12/site-packages/airflow/example_dags/example_latest_only_with_trigger.py
[2025-03-21T21:32:36.312+0000] {logging_mixin.py:190} INFO - [2025-03-21T21:32:36.312+0000] {dag.py:3239} INFO - Sync 1 DAGs
[2025-03-21T21:32:36.338+0000] {logging_mixin.py:190} INFO - [2025-03-21T21:32:36.338+0000] {dag.py:4180} INFO - Setting next_dagrun for latest_only_with_trigger to 2025-03-21 16:00:00+00:00, run_after=2025-03-21 20:00:00+00:00
[2025-03-21T21:32:36.368+0000] {processor.py:208} INFO - Processing /home/usmail/sys_fraud/sys_detection_frauds/lib/python3.12/site-packages/airflow/example_dags/example_latest_only_with_trigger.py took 0.116 seconds
[2025-03-21T21:33:37.033+0000] {processor.py:186} INFO - Started process (PID=3757971) to work on /home/usmail/sys_fraud/sys_detection_frauds/lib/python3.12/site-packages/airflow/example_dags/example_latest_only_with_trigger.py
[2025-03-21T21:33:37.042+0000] {processor.py:914} INFO - Processing file /home/usmail/sys_fraud/sys_detection_frauds/lib/python3.12/site-packages/airflow/example_dags/example_latest_only_with_trigger.py for tasks to queue
[2025-03-21T21:33:37.046+0000] {logging_mixin.py:190} INFO - [2025-03-21T21:33:37.045+0000] {dagbag.py:588} INFO - Filling up the DagBag from /home/usmail/sys_fraud/sys_detection_frauds/lib/python3.12/site-packages/airflow/example_dags/example_latest_only_with_trigger.py
[2025-03-21T21:33:37.058+0000] {processor.py:925} INFO - DAG(s) 'latest_only_with_trigger' retrieved from /home/usmail/sys_fraud/sys_detection_frauds/lib/python3.12/site-packages/airflow/example_dags/example_latest_only_with_trigger.py
[2025-03-21T21:33:37.081+0000] {logging_mixin.py:190} INFO - [2025-03-21T21:33:37.081+0000] {dag.py:3239} INFO - Sync 1 DAGs
[2025-03-21T21:33:37.105+0000] {logging_mixin.py:190} INFO - [2025-03-21T21:33:37.105+0000] {dag.py:4180} INFO - Setting next_dagrun for latest_only_with_trigger to 2025-03-21 16:00:00+00:00, run_after=2025-03-21 20:00:00+00:00
[2025-03-21T21:33:37.134+0000] {processor.py:208} INFO - Processing /home/usmail/sys_fraud/sys_detection_frauds/lib/python3.12/site-packages/airflow/example_dags/example_latest_only_with_trigger.py took 0.114 seconds
[2025-03-21T22:19:54.605+0000] {processor.py:186} INFO - Started process (PID=3758942) to work on /home/usmail/sys_fraud/sys_detection_frauds/lib/python3.12/site-packages/airflow/example_dags/example_latest_only_with_trigger.py
[2025-03-21T22:19:54.614+0000] {processor.py:914} INFO - Processing file /home/usmail/sys_fraud/sys_detection_frauds/lib/python3.12/site-packages/airflow/example_dags/example_latest_only_with_trigger.py for tasks to queue
[2025-03-21T22:19:54.617+0000] {logging_mixin.py:190} INFO - [2025-03-21T22:19:54.617+0000] {dagbag.py:588} INFO - Filling up the DagBag from /home/usmail/sys_fraud/sys_detection_frauds/lib/python3.12/site-packages/airflow/example_dags/example_latest_only_with_trigger.py
[2025-03-21T22:19:54.629+0000] {processor.py:925} INFO - DAG(s) 'latest_only_with_trigger' retrieved from /home/usmail/sys_fraud/sys_detection_frauds/lib/python3.12/site-packages/airflow/example_dags/example_latest_only_with_trigger.py
[2025-03-21T22:19:54.656+0000] {logging_mixin.py:190} INFO - [2025-03-21T22:19:54.656+0000] {dag.py:3239} INFO - Sync 1 DAGs
[2025-03-21T22:19:54.676+0000] {logging_mixin.py:190} INFO - [2025-03-21T22:19:54.676+0000] {dag.py:4180} INFO - Setting next_dagrun for latest_only_with_trigger to 2025-03-21 16:00:00+00:00, run_after=2025-03-21 20:00:00+00:00
[2025-03-21T22:19:54.698+0000] {processor.py:208} INFO - Processing /home/usmail/sys_fraud/sys_detection_frauds/lib/python3.12/site-packages/airflow/example_dags/example_latest_only_with_trigger.py took 0.104 seconds
[2025-03-21T22:21:01.323+0000] {processor.py:186} INFO - Started process (PID=3759896) to work on /home/usmail/sys_fraud/sys_detection_frauds/lib/python3.12/site-packages/airflow/example_dags/example_latest_only_with_trigger.py
[2025-03-21T22:21:01.324+0000] {processor.py:914} INFO - Processing file /home/usmail/sys_fraud/sys_detection_frauds/lib/python3.12/site-packages/airflow/example_dags/example_latest_only_with_trigger.py for tasks to queue
[2025-03-21T22:21:01.327+0000] {logging_mixin.py:190} INFO - [2025-03-21T22:21:01.326+0000] {dagbag.py:588} INFO - Filling up the DagBag from /home/usmail/sys_fraud/sys_detection_frauds/lib/python3.12/site-packages/airflow/example_dags/example_latest_only_with_trigger.py
[2025-03-21T22:21:01.341+0000] {processor.py:925} INFO - DAG(s) 'latest_only_with_trigger' retrieved from /home/usmail/sys_fraud/sys_detection_frauds/lib/python3.12/site-packages/airflow/example_dags/example_latest_only_with_trigger.py
[2025-03-21T22:21:01.362+0000] {logging_mixin.py:190} INFO - [2025-03-21T22:21:01.362+0000] {dag.py:3239} INFO - Sync 1 DAGs
[2025-03-21T22:21:01.381+0000] {logging_mixin.py:190} INFO - [2025-03-21T22:21:01.381+0000] {dag.py:4180} INFO - Setting next_dagrun for latest_only_with_trigger to 2025-03-21 16:00:00+00:00, run_after=2025-03-21 20:00:00+00:00
[2025-03-21T22:21:01.414+0000] {processor.py:208} INFO - Processing /home/usmail/sys_fraud/sys_detection_frauds/lib/python3.12/site-packages/airflow/example_dags/example_latest_only_with_trigger.py took 0.109 seconds
[2025-03-21T22:22:02.473+0000] {processor.py:186} INFO - Started process (PID=3760768) to work on /home/usmail/sys_fraud/sys_detection_frauds/lib/python3.12/site-packages/airflow/example_dags/example_latest_only_with_trigger.py
[2025-03-21T22:22:02.483+0000] {processor.py:914} INFO - Processing file /home/usmail/sys_fraud/sys_detection_frauds/lib/python3.12/site-packages/airflow/example_dags/example_latest_only_with_trigger.py for tasks to queue
[2025-03-21T22:22:02.485+0000] {logging_mixin.py:190} INFO - [2025-03-21T22:22:02.484+0000] {dagbag.py:588} INFO - Filling up the DagBag from /home/usmail/sys_fraud/sys_detection_frauds/lib/python3.12/site-packages/airflow/example_dags/example_latest_only_with_trigger.py
[2025-03-21T22:22:02.500+0000] {processor.py:925} INFO - DAG(s) 'latest_only_with_trigger' retrieved from /home/usmail/sys_fraud/sys_detection_frauds/lib/python3.12/site-packages/airflow/example_dags/example_latest_only_with_trigger.py
[2025-03-21T22:22:02.523+0000] {logging_mixin.py:190} INFO - [2025-03-21T22:22:02.522+0000] {dag.py:3239} INFO - Sync 1 DAGs
[2025-03-21T22:22:02.543+0000] {logging_mixin.py:190} INFO - [2025-03-21T22:22:02.543+0000] {dag.py:4180} INFO - Setting next_dagrun for latest_only_with_trigger to 2025-03-21 16:00:00+00:00, run_after=2025-03-21 20:00:00+00:00
[2025-03-21T22:22:02.562+0000] {processor.py:208} INFO - Processing /home/usmail/sys_fraud/sys_detection_frauds/lib/python3.12/site-packages/airflow/example_dags/example_latest_only_with_trigger.py took 0.102 seconds
