[2025-03-21T20:49:35.352+0000] {processor.py:186} INFO - Started process (PID=3722939) to work on /home/usmail/sys_fraud/sys_detection_frauds/lib/python3.12/site-packages/airflow/example_dags/example_time_delta_sensor_async.py
[2025-03-21T20:49:35.353+0000] {processor.py:914} INFO - Processing file /home/usmail/sys_fraud/sys_detection_frauds/lib/python3.12/site-packages/airflow/example_dags/example_time_delta_sensor_async.py for tasks to queue
[2025-03-21T20:49:35.355+0000] {logging_mixin.py:190} INFO - [2025-03-21T20:49:35.354+0000] {dagbag.py:588} INFO - Filling up the DagBag from /home/usmail/sys_fraud/sys_detection_frauds/lib/python3.12/site-packages/airflow/example_dags/example_time_delta_sensor_async.py
[2025-03-21T20:49:35.358+0000] {processor.py:925} INFO - DAG(s) 'example_time_delta_sensor_async' retrieved from /home/usmail/sys_fraud/sys_detection_frauds/lib/python3.12/site-packages/airflow/example_dags/example_time_delta_sensor_async.py
[2025-03-21T20:49:35.427+0000] {logging_mixin.py:190} INFO - [2025-03-21T20:49:35.427+0000] {override.py:1912} INFO - Created Permission View: can edit on DAG:example_time_delta_sensor_async
[2025-03-21T20:49:35.435+0000] {logging_mixin.py:190} INFO - [2025-03-21T20:49:35.435+0000] {override.py:1912} INFO - Created Permission View: can read on DAG:example_time_delta_sensor_async
[2025-03-21T20:49:35.440+0000] {logging_mixin.py:190} INFO - [2025-03-21T20:49:35.440+0000] {override.py:1912} INFO - Created Permission View: can delete on DAG:example_time_delta_sensor_async
[2025-03-21T20:49:35.448+0000] {logging_mixin.py:190} INFO - [2025-03-21T20:49:35.448+0000] {override.py:1912} INFO - Created Permission View: can create on DAG Run:example_time_delta_sensor_async
[2025-03-21T20:49:35.457+0000] {logging_mixin.py:190} INFO - [2025-03-21T20:49:35.457+0000] {override.py:1912} INFO - Created Permission View: menu access on DAG Run:example_time_delta_sensor_async
[2025-03-21T20:49:35.463+0000] {logging_mixin.py:190} INFO - [2025-03-21T20:49:35.463+0000] {override.py:1912} INFO - Created Permission View: can read on DAG Run:example_time_delta_sensor_async
[2025-03-21T20:49:35.468+0000] {logging_mixin.py:190} INFO - [2025-03-21T20:49:35.468+0000] {override.py:1912} INFO - Created Permission View: can delete on DAG Run:example_time_delta_sensor_async
[2025-03-21T20:49:35.468+0000] {logging_mixin.py:190} INFO - [2025-03-21T20:49:35.468+0000] {dag.py:3239} INFO - Sync 1 DAGs
[2025-03-21T20:49:35.474+0000] {logging_mixin.py:190} INFO - [2025-03-21T20:49:35.474+0000] {dag.py:3262} INFO - Creating ORM DAG for example_time_delta_sensor_async
[2025-03-21T20:49:35.475+0000] {logging_mixin.py:190} INFO - [2025-03-21T20:49:35.474+0000] {dag.py:4180} INFO - Setting next_dagrun for example_time_delta_sensor_async to None, run_after=None
[2025-03-21T20:49:35.487+0000] {processor.py:208} INFO - Processing /home/usmail/sys_fraud/sys_detection_frauds/lib/python3.12/site-packages/airflow/example_dags/example_time_delta_sensor_async.py took 0.138 seconds
[2025-03-21T20:50:35.386+0000] {processor.py:186} INFO - Started process (PID=3723675) to work on /home/usmail/sys_fraud/sys_detection_frauds/lib/python3.12/site-packages/airflow/example_dags/example_time_delta_sensor_async.py
[2025-03-21T20:50:35.387+0000] {processor.py:914} INFO - Processing file /home/usmail/sys_fraud/sys_detection_frauds/lib/python3.12/site-packages/airflow/example_dags/example_time_delta_sensor_async.py for tasks to queue
[2025-03-21T20:50:35.388+0000] {logging_mixin.py:190} INFO - [2025-03-21T20:50:35.388+0000] {dagbag.py:588} INFO - Filling up the DagBag from /home/usmail/sys_fraud/sys_detection_frauds/lib/python3.12/site-packages/airflow/example_dags/example_time_delta_sensor_async.py
[2025-03-21T20:50:35.393+0000] {processor.py:925} INFO - DAG(s) 'example_time_delta_sensor_async' retrieved from /home/usmail/sys_fraud/sys_detection_frauds/lib/python3.12/site-packages/airflow/example_dags/example_time_delta_sensor_async.py
[2025-03-21T20:50:35.402+0000] {logging_mixin.py:190} INFO - [2025-03-21T20:50:35.402+0000] {dag.py:3239} INFO - Sync 1 DAGs
[2025-03-21T20:50:35.410+0000] {logging_mixin.py:190} INFO - [2025-03-21T20:50:35.410+0000] {dag.py:4180} INFO - Setting next_dagrun for example_time_delta_sensor_async to None, run_after=None
[2025-03-21T20:50:35.424+0000] {processor.py:208} INFO - Processing /home/usmail/sys_fraud/sys_detection_frauds/lib/python3.12/site-packages/airflow/example_dags/example_time_delta_sensor_async.py took 0.041 seconds
[2025-03-21T20:51:31.318+0000] {processor.py:186} INFO - Started process (PID=3724365) to work on /home/usmail/sys_fraud/sys_detection_frauds/lib/python3.12/site-packages/airflow/example_dags/example_time_delta_sensor_async.py
[2025-03-21T20:51:31.327+0000] {processor.py:914} INFO - Processing file /home/usmail/sys_fraud/sys_detection_frauds/lib/python3.12/site-packages/airflow/example_dags/example_time_delta_sensor_async.py for tasks to queue
[2025-03-21T20:51:31.331+0000] {logging_mixin.py:190} INFO - [2025-03-21T20:51:31.330+0000] {dagbag.py:588} INFO - Filling up the DagBag from /home/usmail/sys_fraud/sys_detection_frauds/lib/python3.12/site-packages/airflow/example_dags/example_time_delta_sensor_async.py
[2025-03-21T20:51:31.339+0000] {processor.py:925} INFO - DAG(s) 'example_time_delta_sensor_async' retrieved from /home/usmail/sys_fraud/sys_detection_frauds/lib/python3.12/site-packages/airflow/example_dags/example_time_delta_sensor_async.py
[2025-03-21T20:51:31.348+0000] {logging_mixin.py:190} INFO - [2025-03-21T20:51:31.348+0000] {dag.py:3239} INFO - Sync 1 DAGs
[2025-03-21T20:51:31.355+0000] {logging_mixin.py:190} INFO - [2025-03-21T20:51:31.355+0000] {dag.py:4180} INFO - Setting next_dagrun for example_time_delta_sensor_async to None, run_after=None
[2025-03-21T20:51:31.377+0000] {processor.py:208} INFO - Processing /home/usmail/sys_fraud/sys_detection_frauds/lib/python3.12/site-packages/airflow/example_dags/example_time_delta_sensor_async.py took 0.066 seconds
[2025-03-21T20:52:21.754+0000] {processor.py:186} INFO - Started process (PID=3725007) to work on /home/usmail/sys_fraud/sys_detection_frauds/lib/python3.12/site-packages/airflow/example_dags/example_time_delta_sensor_async.py
[2025-03-21T20:52:21.764+0000] {processor.py:914} INFO - Processing file /home/usmail/sys_fraud/sys_detection_frauds/lib/python3.12/site-packages/airflow/example_dags/example_time_delta_sensor_async.py for tasks to queue
[2025-03-21T20:52:21.766+0000] {logging_mixin.py:190} INFO - [2025-03-21T20:52:21.765+0000] {dagbag.py:588} INFO - Filling up the DagBag from /home/usmail/sys_fraud/sys_detection_frauds/lib/python3.12/site-packages/airflow/example_dags/example_time_delta_sensor_async.py
[2025-03-21T20:52:21.772+0000] {processor.py:925} INFO - DAG(s) 'example_time_delta_sensor_async' retrieved from /home/usmail/sys_fraud/sys_detection_frauds/lib/python3.12/site-packages/airflow/example_dags/example_time_delta_sensor_async.py
[2025-03-21T20:52:21.783+0000] {logging_mixin.py:190} INFO - [2025-03-21T20:52:21.783+0000] {dag.py:3239} INFO - Sync 1 DAGs
[2025-03-21T20:52:21.792+0000] {logging_mixin.py:190} INFO - [2025-03-21T20:52:21.792+0000] {dag.py:4180} INFO - Setting next_dagrun for example_time_delta_sensor_async to None, run_after=None
[2025-03-21T20:52:21.819+0000] {processor.py:208} INFO - Processing /home/usmail/sys_fraud/sys_detection_frauds/lib/python3.12/site-packages/airflow/example_dags/example_time_delta_sensor_async.py took 0.069 seconds
[2025-03-21T20:53:14.370+0000] {processor.py:186} INFO - Started process (PID=3725598) to work on /home/usmail/sys_fraud/sys_detection_frauds/lib/python3.12/site-packages/airflow/example_dags/example_time_delta_sensor_async.py
[2025-03-21T20:53:14.379+0000] {processor.py:914} INFO - Processing file /home/usmail/sys_fraud/sys_detection_frauds/lib/python3.12/site-packages/airflow/example_dags/example_time_delta_sensor_async.py for tasks to queue
[2025-03-21T20:53:14.383+0000] {logging_mixin.py:190} INFO - [2025-03-21T20:53:14.382+0000] {dagbag.py:588} INFO - Filling up the DagBag from /home/usmail/sys_fraud/sys_detection_frauds/lib/python3.12/site-packages/airflow/example_dags/example_time_delta_sensor_async.py
[2025-03-21T20:53:14.391+0000] {processor.py:925} INFO - DAG(s) 'example_time_delta_sensor_async' retrieved from /home/usmail/sys_fraud/sys_detection_frauds/lib/python3.12/site-packages/airflow/example_dags/example_time_delta_sensor_async.py
[2025-03-21T20:53:14.400+0000] {logging_mixin.py:190} INFO - [2025-03-21T20:53:14.400+0000] {dag.py:3239} INFO - Sync 1 DAGs
[2025-03-21T20:53:14.407+0000] {logging_mixin.py:190} INFO - [2025-03-21T20:53:14.407+0000] {dag.py:4180} INFO - Setting next_dagrun for example_time_delta_sensor_async to None, run_after=None
[2025-03-21T20:53:14.421+0000] {processor.py:208} INFO - Processing /home/usmail/sys_fraud/sys_detection_frauds/lib/python3.12/site-packages/airflow/example_dags/example_time_delta_sensor_async.py took 0.054 seconds
[2025-03-21T20:54:07.930+0000] {processor.py:186} INFO - Started process (PID=3726271) to work on /home/usmail/sys_fraud/sys_detection_frauds/lib/python3.12/site-packages/airflow/example_dags/example_time_delta_sensor_async.py
[2025-03-21T20:54:07.939+0000] {processor.py:914} INFO - Processing file /home/usmail/sys_fraud/sys_detection_frauds/lib/python3.12/site-packages/airflow/example_dags/example_time_delta_sensor_async.py for tasks to queue
[2025-03-21T20:54:07.943+0000] {logging_mixin.py:190} INFO - [2025-03-21T20:54:07.942+0000] {dagbag.py:588} INFO - Filling up the DagBag from /home/usmail/sys_fraud/sys_detection_frauds/lib/python3.12/site-packages/airflow/example_dags/example_time_delta_sensor_async.py
[2025-03-21T20:54:07.949+0000] {processor.py:925} INFO - DAG(s) 'example_time_delta_sensor_async' retrieved from /home/usmail/sys_fraud/sys_detection_frauds/lib/python3.12/site-packages/airflow/example_dags/example_time_delta_sensor_async.py
[2025-03-21T20:54:07.958+0000] {logging_mixin.py:190} INFO - [2025-03-21T20:54:07.958+0000] {dag.py:3239} INFO - Sync 1 DAGs
[2025-03-21T20:54:07.965+0000] {logging_mixin.py:190} INFO - [2025-03-21T20:54:07.964+0000] {dag.py:4180} INFO - Setting next_dagrun for example_time_delta_sensor_async to None, run_after=None
[2025-03-21T20:54:08.099+0000] {processor.py:208} INFO - Processing /home/usmail/sys_fraud/sys_detection_frauds/lib/python3.12/site-packages/airflow/example_dags/example_time_delta_sensor_async.py took 0.177 seconds
[2025-03-21T20:54:59.861+0000] {processor.py:186} INFO - Started process (PID=3726915) to work on /home/usmail/sys_fraud/sys_detection_frauds/lib/python3.12/site-packages/airflow/example_dags/example_time_delta_sensor_async.py
[2025-03-21T20:54:59.871+0000] {processor.py:914} INFO - Processing file /home/usmail/sys_fraud/sys_detection_frauds/lib/python3.12/site-packages/airflow/example_dags/example_time_delta_sensor_async.py for tasks to queue
[2025-03-21T20:54:59.874+0000] {logging_mixin.py:190} INFO - [2025-03-21T20:54:59.873+0000] {dagbag.py:588} INFO - Filling up the DagBag from /home/usmail/sys_fraud/sys_detection_frauds/lib/python3.12/site-packages/airflow/example_dags/example_time_delta_sensor_async.py
[2025-03-21T20:54:59.881+0000] {processor.py:925} INFO - DAG(s) 'example_time_delta_sensor_async' retrieved from /home/usmail/sys_fraud/sys_detection_frauds/lib/python3.12/site-packages/airflow/example_dags/example_time_delta_sensor_async.py
[2025-03-21T20:54:59.891+0000] {logging_mixin.py:190} INFO - [2025-03-21T20:54:59.890+0000] {dag.py:3239} INFO - Sync 1 DAGs
[2025-03-21T20:54:59.898+0000] {logging_mixin.py:190} INFO - [2025-03-21T20:54:59.898+0000] {dag.py:4180} INFO - Setting next_dagrun for example_time_delta_sensor_async to None, run_after=None
[2025-03-21T20:54:59.911+0000] {processor.py:208} INFO - Processing /home/usmail/sys_fraud/sys_detection_frauds/lib/python3.12/site-packages/airflow/example_dags/example_time_delta_sensor_async.py took 0.056 seconds
[2025-03-21T20:55:50.162+0000] {processor.py:186} INFO - Started process (PID=3727535) to work on /home/usmail/sys_fraud/sys_detection_frauds/lib/python3.12/site-packages/airflow/example_dags/example_time_delta_sensor_async.py
[2025-03-21T20:55:50.171+0000] {processor.py:914} INFO - Processing file /home/usmail/sys_fraud/sys_detection_frauds/lib/python3.12/site-packages/airflow/example_dags/example_time_delta_sensor_async.py for tasks to queue
[2025-03-21T20:55:50.176+0000] {logging_mixin.py:190} INFO - [2025-03-21T20:55:50.175+0000] {dagbag.py:588} INFO - Filling up the DagBag from /home/usmail/sys_fraud/sys_detection_frauds/lib/python3.12/site-packages/airflow/example_dags/example_time_delta_sensor_async.py
[2025-03-21T20:55:50.184+0000] {processor.py:925} INFO - DAG(s) 'example_time_delta_sensor_async' retrieved from /home/usmail/sys_fraud/sys_detection_frauds/lib/python3.12/site-packages/airflow/example_dags/example_time_delta_sensor_async.py
[2025-03-21T20:55:50.192+0000] {logging_mixin.py:190} INFO - [2025-03-21T20:55:50.192+0000] {dag.py:3239} INFO - Sync 1 DAGs
[2025-03-21T20:55:50.199+0000] {logging_mixin.py:190} INFO - [2025-03-21T20:55:50.199+0000] {dag.py:4180} INFO - Setting next_dagrun for example_time_delta_sensor_async to None, run_after=None
[2025-03-21T20:55:50.211+0000] {processor.py:208} INFO - Processing /home/usmail/sys_fraud/sys_detection_frauds/lib/python3.12/site-packages/airflow/example_dags/example_time_delta_sensor_async.py took 0.058 seconds
[2025-03-21T20:56:40.512+0000] {processor.py:186} INFO - Started process (PID=3728222) to work on /home/usmail/sys_fraud/sys_detection_frauds/lib/python3.12/site-packages/airflow/example_dags/example_time_delta_sensor_async.py
[2025-03-21T20:56:40.521+0000] {processor.py:914} INFO - Processing file /home/usmail/sys_fraud/sys_detection_frauds/lib/python3.12/site-packages/airflow/example_dags/example_time_delta_sensor_async.py for tasks to queue
[2025-03-21T20:56:40.525+0000] {logging_mixin.py:190} INFO - [2025-03-21T20:56:40.525+0000] {dagbag.py:588} INFO - Filling up the DagBag from /home/usmail/sys_fraud/sys_detection_frauds/lib/python3.12/site-packages/airflow/example_dags/example_time_delta_sensor_async.py
[2025-03-21T20:56:40.532+0000] {processor.py:925} INFO - DAG(s) 'example_time_delta_sensor_async' retrieved from /home/usmail/sys_fraud/sys_detection_frauds/lib/python3.12/site-packages/airflow/example_dags/example_time_delta_sensor_async.py
[2025-03-21T20:56:40.542+0000] {logging_mixin.py:190} INFO - [2025-03-21T20:56:40.542+0000] {dag.py:3239} INFO - Sync 1 DAGs
[2025-03-21T20:56:40.549+0000] {logging_mixin.py:190} INFO - [2025-03-21T20:56:40.549+0000] {dag.py:4180} INFO - Setting next_dagrun for example_time_delta_sensor_async to None, run_after=None
[2025-03-21T20:56:40.563+0000] {processor.py:208} INFO - Processing /home/usmail/sys_fraud/sys_detection_frauds/lib/python3.12/site-packages/airflow/example_dags/example_time_delta_sensor_async.py took 0.058 seconds
[2025-03-21T20:57:35.334+0000] {processor.py:186} INFO - Started process (PID=3729003) to work on /home/usmail/sys_fraud/sys_detection_frauds/lib/python3.12/site-packages/airflow/example_dags/example_time_delta_sensor_async.py
[2025-03-21T20:57:35.342+0000] {processor.py:914} INFO - Processing file /home/usmail/sys_fraud/sys_detection_frauds/lib/python3.12/site-packages/airflow/example_dags/example_time_delta_sensor_async.py for tasks to queue
[2025-03-21T20:57:35.344+0000] {logging_mixin.py:190} INFO - [2025-03-21T20:57:35.344+0000] {dagbag.py:588} INFO - Filling up the DagBag from /home/usmail/sys_fraud/sys_detection_frauds/lib/python3.12/site-packages/airflow/example_dags/example_time_delta_sensor_async.py
[2025-03-21T20:57:35.349+0000] {processor.py:925} INFO - DAG(s) 'example_time_delta_sensor_async' retrieved from /home/usmail/sys_fraud/sys_detection_frauds/lib/python3.12/site-packages/airflow/example_dags/example_time_delta_sensor_async.py
[2025-03-21T20:57:35.357+0000] {logging_mixin.py:190} INFO - [2025-03-21T20:57:35.357+0000] {dag.py:3239} INFO - Sync 1 DAGs
[2025-03-21T20:57:35.364+0000] {logging_mixin.py:190} INFO - [2025-03-21T20:57:35.364+0000] {dag.py:4180} INFO - Setting next_dagrun for example_time_delta_sensor_async to None, run_after=None
[2025-03-21T20:57:35.391+0000] {processor.py:208} INFO - Processing /home/usmail/sys_fraud/sys_detection_frauds/lib/python3.12/site-packages/airflow/example_dags/example_time_delta_sensor_async.py took 0.061 seconds
[2025-03-21T20:58:25.599+0000] {processor.py:186} INFO - Started process (PID=3729532) to work on /home/usmail/sys_fraud/sys_detection_frauds/lib/python3.12/site-packages/airflow/example_dags/example_time_delta_sensor_async.py
[2025-03-21T20:58:25.608+0000] {processor.py:914} INFO - Processing file /home/usmail/sys_fraud/sys_detection_frauds/lib/python3.12/site-packages/airflow/example_dags/example_time_delta_sensor_async.py for tasks to queue
[2025-03-21T20:58:25.612+0000] {logging_mixin.py:190} INFO - [2025-03-21T20:58:25.611+0000] {dagbag.py:588} INFO - Filling up the DagBag from /home/usmail/sys_fraud/sys_detection_frauds/lib/python3.12/site-packages/airflow/example_dags/example_time_delta_sensor_async.py
[2025-03-21T20:58:25.620+0000] {processor.py:925} INFO - DAG(s) 'example_time_delta_sensor_async' retrieved from /home/usmail/sys_fraud/sys_detection_frauds/lib/python3.12/site-packages/airflow/example_dags/example_time_delta_sensor_async.py
[2025-03-21T20:58:25.629+0000] {logging_mixin.py:190} INFO - [2025-03-21T20:58:25.628+0000] {dag.py:3239} INFO - Sync 1 DAGs
[2025-03-21T20:58:25.635+0000] {logging_mixin.py:190} INFO - [2025-03-21T20:58:25.635+0000] {dag.py:4180} INFO - Setting next_dagrun for example_time_delta_sensor_async to None, run_after=None
[2025-03-21T20:58:25.647+0000] {processor.py:208} INFO - Processing /home/usmail/sys_fraud/sys_detection_frauds/lib/python3.12/site-packages/airflow/example_dags/example_time_delta_sensor_async.py took 0.054 seconds
[2025-03-21T20:59:28.660+0000] {processor.py:186} INFO - Started process (PID=3730462) to work on /home/usmail/sys_fraud/sys_detection_frauds/lib/python3.12/site-packages/airflow/example_dags/example_time_delta_sensor_async.py
[2025-03-21T20:59:28.669+0000] {processor.py:914} INFO - Processing file /home/usmail/sys_fraud/sys_detection_frauds/lib/python3.12/site-packages/airflow/example_dags/example_time_delta_sensor_async.py for tasks to queue
[2025-03-21T20:59:28.670+0000] {logging_mixin.py:190} INFO - [2025-03-21T20:59:28.670+0000] {dagbag.py:588} INFO - Filling up the DagBag from /home/usmail/sys_fraud/sys_detection_frauds/lib/python3.12/site-packages/airflow/example_dags/example_time_delta_sensor_async.py
[2025-03-21T20:59:28.675+0000] {processor.py:925} INFO - DAG(s) 'example_time_delta_sensor_async' retrieved from /home/usmail/sys_fraud/sys_detection_frauds/lib/python3.12/site-packages/airflow/example_dags/example_time_delta_sensor_async.py
[2025-03-21T20:59:28.687+0000] {logging_mixin.py:190} INFO - [2025-03-21T20:59:28.687+0000] {dag.py:3239} INFO - Sync 1 DAGs
[2025-03-21T20:59:28.694+0000] {logging_mixin.py:190} INFO - [2025-03-21T20:59:28.694+0000] {dag.py:4180} INFO - Setting next_dagrun for example_time_delta_sensor_async to None, run_after=None
[2025-03-21T20:59:28.720+0000] {processor.py:208} INFO - Processing /home/usmail/sys_fraud/sys_detection_frauds/lib/python3.12/site-packages/airflow/example_dags/example_time_delta_sensor_async.py took 0.063 seconds
[2025-03-21T21:00:24.216+0000] {processor.py:186} INFO - Started process (PID=3731191) to work on /home/usmail/sys_fraud/sys_detection_frauds/lib/python3.12/site-packages/airflow/example_dags/example_time_delta_sensor_async.py
[2025-03-21T21:00:24.217+0000] {processor.py:914} INFO - Processing file /home/usmail/sys_fraud/sys_detection_frauds/lib/python3.12/site-packages/airflow/example_dags/example_time_delta_sensor_async.py for tasks to queue
[2025-03-21T21:00:24.219+0000] {logging_mixin.py:190} INFO - [2025-03-21T21:00:24.219+0000] {dagbag.py:588} INFO - Filling up the DagBag from /home/usmail/sys_fraud/sys_detection_frauds/lib/python3.12/site-packages/airflow/example_dags/example_time_delta_sensor_async.py
[2025-03-21T21:00:24.224+0000] {processor.py:925} INFO - DAG(s) 'example_time_delta_sensor_async' retrieved from /home/usmail/sys_fraud/sys_detection_frauds/lib/python3.12/site-packages/airflow/example_dags/example_time_delta_sensor_async.py
[2025-03-21T21:00:24.232+0000] {logging_mixin.py:190} INFO - [2025-03-21T21:00:24.232+0000] {dag.py:3239} INFO - Sync 1 DAGs
[2025-03-21T21:00:24.239+0000] {logging_mixin.py:190} INFO - [2025-03-21T21:00:24.239+0000] {dag.py:4180} INFO - Setting next_dagrun for example_time_delta_sensor_async to None, run_after=None
[2025-03-21T21:00:24.252+0000] {processor.py:208} INFO - Processing /home/usmail/sys_fraud/sys_detection_frauds/lib/python3.12/site-packages/airflow/example_dags/example_time_delta_sensor_async.py took 0.043 seconds
[2025-03-21T21:01:18.979+0000] {processor.py:186} INFO - Started process (PID=3731885) to work on /home/usmail/sys_fraud/sys_detection_frauds/lib/python3.12/site-packages/airflow/example_dags/example_time_delta_sensor_async.py
[2025-03-21T21:01:18.987+0000] {processor.py:914} INFO - Processing file /home/usmail/sys_fraud/sys_detection_frauds/lib/python3.12/site-packages/airflow/example_dags/example_time_delta_sensor_async.py for tasks to queue
[2025-03-21T21:01:18.990+0000] {logging_mixin.py:190} INFO - [2025-03-21T21:01:18.990+0000] {dagbag.py:588} INFO - Filling up the DagBag from /home/usmail/sys_fraud/sys_detection_frauds/lib/python3.12/site-packages/airflow/example_dags/example_time_delta_sensor_async.py
[2025-03-21T21:01:18.994+0000] {processor.py:925} INFO - DAG(s) 'example_time_delta_sensor_async' retrieved from /home/usmail/sys_fraud/sys_detection_frauds/lib/python3.12/site-packages/airflow/example_dags/example_time_delta_sensor_async.py
[2025-03-21T21:01:19.005+0000] {logging_mixin.py:190} INFO - [2025-03-21T21:01:19.005+0000] {dag.py:3239} INFO - Sync 1 DAGs
[2025-03-21T21:01:19.013+0000] {logging_mixin.py:190} INFO - [2025-03-21T21:01:19.013+0000] {dag.py:4180} INFO - Setting next_dagrun for example_time_delta_sensor_async to None, run_after=None
[2025-03-21T21:01:19.028+0000] {processor.py:208} INFO - Processing /home/usmail/sys_fraud/sys_detection_frauds/lib/python3.12/site-packages/airflow/example_dags/example_time_delta_sensor_async.py took 0.052 seconds
[2025-03-21T21:02:13.174+0000] {processor.py:186} INFO - Started process (PID=3732543) to work on /home/usmail/sys_fraud/sys_detection_frauds/lib/python3.12/site-packages/airflow/example_dags/example_time_delta_sensor_async.py
[2025-03-21T21:02:13.183+0000] {processor.py:914} INFO - Processing file /home/usmail/sys_fraud/sys_detection_frauds/lib/python3.12/site-packages/airflow/example_dags/example_time_delta_sensor_async.py for tasks to queue
[2025-03-21T21:02:13.188+0000] {logging_mixin.py:190} INFO - [2025-03-21T21:02:13.187+0000] {dagbag.py:588} INFO - Filling up the DagBag from /home/usmail/sys_fraud/sys_detection_frauds/lib/python3.12/site-packages/airflow/example_dags/example_time_delta_sensor_async.py
[2025-03-21T21:02:13.196+0000] {processor.py:925} INFO - DAG(s) 'example_time_delta_sensor_async' retrieved from /home/usmail/sys_fraud/sys_detection_frauds/lib/python3.12/site-packages/airflow/example_dags/example_time_delta_sensor_async.py
[2025-03-21T21:02:13.206+0000] {logging_mixin.py:190} INFO - [2025-03-21T21:02:13.205+0000] {dag.py:3239} INFO - Sync 1 DAGs
[2025-03-21T21:02:13.214+0000] {logging_mixin.py:190} INFO - [2025-03-21T21:02:13.214+0000] {dag.py:4180} INFO - Setting next_dagrun for example_time_delta_sensor_async to None, run_after=None
[2025-03-21T21:02:13.237+0000] {processor.py:208} INFO - Processing /home/usmail/sys_fraud/sys_detection_frauds/lib/python3.12/site-packages/airflow/example_dags/example_time_delta_sensor_async.py took 0.067 seconds
[2025-03-21T21:03:07.497+0000] {processor.py:186} INFO - Started process (PID=3733201) to work on /home/usmail/sys_fraud/sys_detection_frauds/lib/python3.12/site-packages/airflow/example_dags/example_time_delta_sensor_async.py
[2025-03-21T21:03:07.506+0000] {processor.py:914} INFO - Processing file /home/usmail/sys_fraud/sys_detection_frauds/lib/python3.12/site-packages/airflow/example_dags/example_time_delta_sensor_async.py for tasks to queue
[2025-03-21T21:03:07.509+0000] {logging_mixin.py:190} INFO - [2025-03-21T21:03:07.509+0000] {dagbag.py:588} INFO - Filling up the DagBag from /home/usmail/sys_fraud/sys_detection_frauds/lib/python3.12/site-packages/airflow/example_dags/example_time_delta_sensor_async.py
[2025-03-21T21:03:07.517+0000] {processor.py:925} INFO - DAG(s) 'example_time_delta_sensor_async' retrieved from /home/usmail/sys_fraud/sys_detection_frauds/lib/python3.12/site-packages/airflow/example_dags/example_time_delta_sensor_async.py
[2025-03-21T21:03:07.525+0000] {logging_mixin.py:190} INFO - [2025-03-21T21:03:07.525+0000] {dag.py:3239} INFO - Sync 1 DAGs
[2025-03-21T21:03:07.531+0000] {logging_mixin.py:190} INFO - [2025-03-21T21:03:07.531+0000] {dag.py:4180} INFO - Setting next_dagrun for example_time_delta_sensor_async to None, run_after=None
[2025-03-21T21:03:07.560+0000] {processor.py:208} INFO - Processing /home/usmail/sys_fraud/sys_detection_frauds/lib/python3.12/site-packages/airflow/example_dags/example_time_delta_sensor_async.py took 0.071 seconds
[2025-03-21T21:04:00.047+0000] {processor.py:186} INFO - Started process (PID=3733896) to work on /home/usmail/sys_fraud/sys_detection_frauds/lib/python3.12/site-packages/airflow/example_dags/example_time_delta_sensor_async.py
[2025-03-21T21:04:00.055+0000] {processor.py:914} INFO - Processing file /home/usmail/sys_fraud/sys_detection_frauds/lib/python3.12/site-packages/airflow/example_dags/example_time_delta_sensor_async.py for tasks to queue
[2025-03-21T21:04:00.058+0000] {logging_mixin.py:190} INFO - [2025-03-21T21:04:00.057+0000] {dagbag.py:588} INFO - Filling up the DagBag from /home/usmail/sys_fraud/sys_detection_frauds/lib/python3.12/site-packages/airflow/example_dags/example_time_delta_sensor_async.py
[2025-03-21T21:04:00.063+0000] {processor.py:925} INFO - DAG(s) 'example_time_delta_sensor_async' retrieved from /home/usmail/sys_fraud/sys_detection_frauds/lib/python3.12/site-packages/airflow/example_dags/example_time_delta_sensor_async.py
[2025-03-21T21:04:00.073+0000] {logging_mixin.py:190} INFO - [2025-03-21T21:04:00.072+0000] {dag.py:3239} INFO - Sync 1 DAGs
[2025-03-21T21:04:00.168+0000] {logging_mixin.py:190} INFO - [2025-03-21T21:04:00.168+0000] {dag.py:4180} INFO - Setting next_dagrun for example_time_delta_sensor_async to None, run_after=None
[2025-03-21T21:04:00.196+0000] {processor.py:208} INFO - Processing /home/usmail/sys_fraud/sys_detection_frauds/lib/python3.12/site-packages/airflow/example_dags/example_time_delta_sensor_async.py took 0.153 seconds
[2025-03-21T21:04:58.511+0000] {processor.py:186} INFO - Started process (PID=3734731) to work on /home/usmail/sys_fraud/sys_detection_frauds/lib/python3.12/site-packages/airflow/example_dags/example_time_delta_sensor_async.py
[2025-03-21T21:04:58.513+0000] {processor.py:914} INFO - Processing file /home/usmail/sys_fraud/sys_detection_frauds/lib/python3.12/site-packages/airflow/example_dags/example_time_delta_sensor_async.py for tasks to queue
[2025-03-21T21:04:58.516+0000] {logging_mixin.py:190} INFO - [2025-03-21T21:04:58.515+0000] {dagbag.py:588} INFO - Filling up the DagBag from /home/usmail/sys_fraud/sys_detection_frauds/lib/python3.12/site-packages/airflow/example_dags/example_time_delta_sensor_async.py
[2025-03-21T21:04:58.527+0000] {processor.py:925} INFO - DAG(s) 'example_time_delta_sensor_async' retrieved from /home/usmail/sys_fraud/sys_detection_frauds/lib/python3.12/site-packages/airflow/example_dags/example_time_delta_sensor_async.py
[2025-03-21T21:04:58.543+0000] {logging_mixin.py:190} INFO - [2025-03-21T21:04:58.543+0000] {dag.py:3239} INFO - Sync 1 DAGs
[2025-03-21T21:04:58.552+0000] {logging_mixin.py:190} INFO - [2025-03-21T21:04:58.551+0000] {dag.py:4180} INFO - Setting next_dagrun for example_time_delta_sensor_async to None, run_after=None
[2025-03-21T21:04:58.573+0000] {processor.py:208} INFO - Processing /home/usmail/sys_fraud/sys_detection_frauds/lib/python3.12/site-packages/airflow/example_dags/example_time_delta_sensor_async.py took 0.071 seconds
[2025-03-21T21:05:50.648+0000] {processor.py:186} INFO - Started process (PID=3735563) to work on /home/usmail/sys_fraud/sys_detection_frauds/lib/python3.12/site-packages/airflow/example_dags/example_time_delta_sensor_async.py
[2025-03-21T21:05:50.657+0000] {processor.py:914} INFO - Processing file /home/usmail/sys_fraud/sys_detection_frauds/lib/python3.12/site-packages/airflow/example_dags/example_time_delta_sensor_async.py for tasks to queue
[2025-03-21T21:05:50.661+0000] {logging_mixin.py:190} INFO - [2025-03-21T21:05:50.660+0000] {dagbag.py:588} INFO - Filling up the DagBag from /home/usmail/sys_fraud/sys_detection_frauds/lib/python3.12/site-packages/airflow/example_dags/example_time_delta_sensor_async.py
[2025-03-21T21:05:50.668+0000] {processor.py:925} INFO - DAG(s) 'example_time_delta_sensor_async' retrieved from /home/usmail/sys_fraud/sys_detection_frauds/lib/python3.12/site-packages/airflow/example_dags/example_time_delta_sensor_async.py
[2025-03-21T21:05:50.677+0000] {logging_mixin.py:190} INFO - [2025-03-21T21:05:50.677+0000] {dag.py:3239} INFO - Sync 1 DAGs
[2025-03-21T21:05:50.685+0000] {logging_mixin.py:190} INFO - [2025-03-21T21:05:50.685+0000] {dag.py:4180} INFO - Setting next_dagrun for example_time_delta_sensor_async to None, run_after=None
[2025-03-21T21:05:50.706+0000] {processor.py:208} INFO - Processing /home/usmail/sys_fraud/sys_detection_frauds/lib/python3.12/site-packages/airflow/example_dags/example_time_delta_sensor_async.py took 0.068 seconds
[2025-03-21T21:06:44.472+0000] {processor.py:186} INFO - Started process (PID=3736892) to work on /home/usmail/sys_fraud/sys_detection_frauds/lib/python3.12/site-packages/airflow/example_dags/example_time_delta_sensor_async.py
[2025-03-21T21:06:44.480+0000] {processor.py:914} INFO - Processing file /home/usmail/sys_fraud/sys_detection_frauds/lib/python3.12/site-packages/airflow/example_dags/example_time_delta_sensor_async.py for tasks to queue
[2025-03-21T21:06:44.483+0000] {logging_mixin.py:190} INFO - [2025-03-21T21:06:44.483+0000] {dagbag.py:588} INFO - Filling up the DagBag from /home/usmail/sys_fraud/sys_detection_frauds/lib/python3.12/site-packages/airflow/example_dags/example_time_delta_sensor_async.py
[2025-03-21T21:06:44.491+0000] {processor.py:925} INFO - DAG(s) 'example_time_delta_sensor_async' retrieved from /home/usmail/sys_fraud/sys_detection_frauds/lib/python3.12/site-packages/airflow/example_dags/example_time_delta_sensor_async.py
[2025-03-21T21:06:44.499+0000] {logging_mixin.py:190} INFO - [2025-03-21T21:06:44.499+0000] {dag.py:3239} INFO - Sync 1 DAGs
[2025-03-21T21:06:44.506+0000] {logging_mixin.py:190} INFO - [2025-03-21T21:06:44.506+0000] {dag.py:4180} INFO - Setting next_dagrun for example_time_delta_sensor_async to None, run_after=None
[2025-03-21T21:06:44.520+0000] {processor.py:208} INFO - Processing /home/usmail/sys_fraud/sys_detection_frauds/lib/python3.12/site-packages/airflow/example_dags/example_time_delta_sensor_async.py took 0.059 seconds
[2025-03-21T21:07:34.227+0000] {processor.py:186} INFO - Started process (PID=3737525) to work on /home/usmail/sys_fraud/sys_detection_frauds/lib/python3.12/site-packages/airflow/example_dags/example_time_delta_sensor_async.py
[2025-03-21T21:07:34.236+0000] {processor.py:914} INFO - Processing file /home/usmail/sys_fraud/sys_detection_frauds/lib/python3.12/site-packages/airflow/example_dags/example_time_delta_sensor_async.py for tasks to queue
[2025-03-21T21:07:34.237+0000] {logging_mixin.py:190} INFO - [2025-03-21T21:07:34.237+0000] {dagbag.py:588} INFO - Filling up the DagBag from /home/usmail/sys_fraud/sys_detection_frauds/lib/python3.12/site-packages/airflow/example_dags/example_time_delta_sensor_async.py
[2025-03-21T21:07:34.242+0000] {processor.py:925} INFO - DAG(s) 'example_time_delta_sensor_async' retrieved from /home/usmail/sys_fraud/sys_detection_frauds/lib/python3.12/site-packages/airflow/example_dags/example_time_delta_sensor_async.py
[2025-03-21T21:07:34.253+0000] {logging_mixin.py:190} INFO - [2025-03-21T21:07:34.253+0000] {dag.py:3239} INFO - Sync 1 DAGs
[2025-03-21T21:07:34.264+0000] {logging_mixin.py:190} INFO - [2025-03-21T21:07:34.263+0000] {dag.py:4180} INFO - Setting next_dagrun for example_time_delta_sensor_async to None, run_after=None
[2025-03-21T21:07:34.281+0000] {processor.py:208} INFO - Processing /home/usmail/sys_fraud/sys_detection_frauds/lib/python3.12/site-packages/airflow/example_dags/example_time_delta_sensor_async.py took 0.058 seconds
[2025-03-21T21:08:28.717+0000] {processor.py:186} INFO - Started process (PID=3738237) to work on /home/usmail/sys_fraud/sys_detection_frauds/lib/python3.12/site-packages/airflow/example_dags/example_time_delta_sensor_async.py
[2025-03-21T21:08:28.726+0000] {processor.py:914} INFO - Processing file /home/usmail/sys_fraud/sys_detection_frauds/lib/python3.12/site-packages/airflow/example_dags/example_time_delta_sensor_async.py for tasks to queue
[2025-03-21T21:08:28.729+0000] {logging_mixin.py:190} INFO - [2025-03-21T21:08:28.729+0000] {dagbag.py:588} INFO - Filling up the DagBag from /home/usmail/sys_fraud/sys_detection_frauds/lib/python3.12/site-packages/airflow/example_dags/example_time_delta_sensor_async.py
[2025-03-21T21:08:28.740+0000] {processor.py:925} INFO - DAG(s) 'example_time_delta_sensor_async' retrieved from /home/usmail/sys_fraud/sys_detection_frauds/lib/python3.12/site-packages/airflow/example_dags/example_time_delta_sensor_async.py
[2025-03-21T21:08:28.762+0000] {logging_mixin.py:190} INFO - [2025-03-21T21:08:28.762+0000] {dag.py:3239} INFO - Sync 1 DAGs
[2025-03-21T21:08:28.782+0000] {logging_mixin.py:190} INFO - [2025-03-21T21:08:28.781+0000] {dag.py:4180} INFO - Setting next_dagrun for example_time_delta_sensor_async to None, run_after=None
[2025-03-21T21:08:28.799+0000] {processor.py:208} INFO - Processing /home/usmail/sys_fraud/sys_detection_frauds/lib/python3.12/site-packages/airflow/example_dags/example_time_delta_sensor_async.py took 0.093 seconds
[2025-03-21T21:09:26.285+0000] {processor.py:186} INFO - Started process (PID=3739082) to work on /home/usmail/sys_fraud/sys_detection_frauds/lib/python3.12/site-packages/airflow/example_dags/example_time_delta_sensor_async.py
[2025-03-21T21:09:26.295+0000] {processor.py:914} INFO - Processing file /home/usmail/sys_fraud/sys_detection_frauds/lib/python3.12/site-packages/airflow/example_dags/example_time_delta_sensor_async.py for tasks to queue
[2025-03-21T21:09:26.298+0000] {logging_mixin.py:190} INFO - [2025-03-21T21:09:26.297+0000] {dagbag.py:588} INFO - Filling up the DagBag from /home/usmail/sys_fraud/sys_detection_frauds/lib/python3.12/site-packages/airflow/example_dags/example_time_delta_sensor_async.py
[2025-03-21T21:09:26.309+0000] {processor.py:925} INFO - DAG(s) 'example_time_delta_sensor_async' retrieved from /home/usmail/sys_fraud/sys_detection_frauds/lib/python3.12/site-packages/airflow/example_dags/example_time_delta_sensor_async.py
[2025-03-21T21:09:26.330+0000] {logging_mixin.py:190} INFO - [2025-03-21T21:09:26.330+0000] {dag.py:3239} INFO - Sync 1 DAGs
[2025-03-21T21:09:26.352+0000] {logging_mixin.py:190} INFO - [2025-03-21T21:09:26.351+0000] {dag.py:4180} INFO - Setting next_dagrun for example_time_delta_sensor_async to None, run_after=None
[2025-03-21T21:09:26.377+0000] {processor.py:208} INFO - Processing /home/usmail/sys_fraud/sys_detection_frauds/lib/python3.12/site-packages/airflow/example_dags/example_time_delta_sensor_async.py took 0.104 seconds
[2025-03-21T21:10:21.559+0000] {processor.py:186} INFO - Started process (PID=3739727) to work on /home/usmail/sys_fraud/sys_detection_frauds/lib/python3.12/site-packages/airflow/example_dags/example_time_delta_sensor_async.py
[2025-03-21T21:10:21.568+0000] {processor.py:914} INFO - Processing file /home/usmail/sys_fraud/sys_detection_frauds/lib/python3.12/site-packages/airflow/example_dags/example_time_delta_sensor_async.py for tasks to queue
[2025-03-21T21:10:21.572+0000] {logging_mixin.py:190} INFO - [2025-03-21T21:10:21.571+0000] {dagbag.py:588} INFO - Filling up the DagBag from /home/usmail/sys_fraud/sys_detection_frauds/lib/python3.12/site-packages/airflow/example_dags/example_time_delta_sensor_async.py
[2025-03-21T21:10:21.583+0000] {processor.py:925} INFO - DAG(s) 'example_time_delta_sensor_async' retrieved from /home/usmail/sys_fraud/sys_detection_frauds/lib/python3.12/site-packages/airflow/example_dags/example_time_delta_sensor_async.py
[2025-03-21T21:10:21.604+0000] {logging_mixin.py:190} INFO - [2025-03-21T21:10:21.603+0000] {dag.py:3239} INFO - Sync 1 DAGs
[2025-03-21T21:10:21.622+0000] {logging_mixin.py:190} INFO - [2025-03-21T21:10:21.622+0000] {dag.py:4180} INFO - Setting next_dagrun for example_time_delta_sensor_async to None, run_after=None
[2025-03-21T21:10:21.645+0000] {processor.py:208} INFO - Processing /home/usmail/sys_fraud/sys_detection_frauds/lib/python3.12/site-packages/airflow/example_dags/example_time_delta_sensor_async.py took 0.098 seconds
[2025-03-21T21:11:20.144+0000] {processor.py:186} INFO - Started process (PID=3741495) to work on /home/usmail/sys_fraud/sys_detection_frauds/lib/python3.12/site-packages/airflow/example_dags/example_time_delta_sensor_async.py
[2025-03-21T21:11:20.145+0000] {processor.py:914} INFO - Processing file /home/usmail/sys_fraud/sys_detection_frauds/lib/python3.12/site-packages/airflow/example_dags/example_time_delta_sensor_async.py for tasks to queue
[2025-03-21T21:11:20.146+0000] {logging_mixin.py:190} INFO - [2025-03-21T21:11:20.146+0000] {dagbag.py:588} INFO - Filling up the DagBag from /home/usmail/sys_fraud/sys_detection_frauds/lib/python3.12/site-packages/airflow/example_dags/example_time_delta_sensor_async.py
[2025-03-21T21:11:20.151+0000] {processor.py:925} INFO - DAG(s) 'example_time_delta_sensor_async' retrieved from /home/usmail/sys_fraud/sys_detection_frauds/lib/python3.12/site-packages/airflow/example_dags/example_time_delta_sensor_async.py
[2025-03-21T21:11:20.162+0000] {logging_mixin.py:190} INFO - [2025-03-21T21:11:20.162+0000] {dag.py:3239} INFO - Sync 1 DAGs
[2025-03-21T21:11:20.172+0000] {logging_mixin.py:190} INFO - [2025-03-21T21:11:20.172+0000] {dag.py:4180} INFO - Setting next_dagrun for example_time_delta_sensor_async to None, run_after=None
[2025-03-21T21:11:20.193+0000] {processor.py:208} INFO - Processing /home/usmail/sys_fraud/sys_detection_frauds/lib/python3.12/site-packages/airflow/example_dags/example_time_delta_sensor_async.py took 0.056 seconds
[2025-03-21T21:12:16.019+0000] {processor.py:186} INFO - Started process (PID=3742606) to work on /home/usmail/sys_fraud/sys_detection_frauds/lib/python3.12/site-packages/airflow/example_dags/example_time_delta_sensor_async.py
[2025-03-21T21:12:16.028+0000] {processor.py:914} INFO - Processing file /home/usmail/sys_fraud/sys_detection_frauds/lib/python3.12/site-packages/airflow/example_dags/example_time_delta_sensor_async.py for tasks to queue
[2025-03-21T21:12:16.030+0000] {logging_mixin.py:190} INFO - [2025-03-21T21:12:16.029+0000] {dagbag.py:588} INFO - Filling up the DagBag from /home/usmail/sys_fraud/sys_detection_frauds/lib/python3.12/site-packages/airflow/example_dags/example_time_delta_sensor_async.py
[2025-03-21T21:12:16.035+0000] {processor.py:925} INFO - DAG(s) 'example_time_delta_sensor_async' retrieved from /home/usmail/sys_fraud/sys_detection_frauds/lib/python3.12/site-packages/airflow/example_dags/example_time_delta_sensor_async.py
[2025-03-21T21:12:16.046+0000] {logging_mixin.py:190} INFO - [2025-03-21T21:12:16.046+0000] {dag.py:3239} INFO - Sync 1 DAGs
[2025-03-21T21:12:16.057+0000] {logging_mixin.py:190} INFO - [2025-03-21T21:12:16.057+0000] {dag.py:4180} INFO - Setting next_dagrun for example_time_delta_sensor_async to None, run_after=None
[2025-03-21T21:12:16.084+0000] {processor.py:208} INFO - Processing /home/usmail/sys_fraud/sys_detection_frauds/lib/python3.12/site-packages/airflow/example_dags/example_time_delta_sensor_async.py took 0.071 seconds
[2025-03-21T21:13:08.454+0000] {processor.py:186} INFO - Started process (PID=3743555) to work on /home/usmail/sys_fraud/sys_detection_frauds/lib/python3.12/site-packages/airflow/example_dags/example_time_delta_sensor_async.py
[2025-03-21T21:13:08.462+0000] {processor.py:914} INFO - Processing file /home/usmail/sys_fraud/sys_detection_frauds/lib/python3.12/site-packages/airflow/example_dags/example_time_delta_sensor_async.py for tasks to queue
[2025-03-21T21:13:08.464+0000] {logging_mixin.py:190} INFO - [2025-03-21T21:13:08.464+0000] {dagbag.py:588} INFO - Filling up the DagBag from /home/usmail/sys_fraud/sys_detection_frauds/lib/python3.12/site-packages/airflow/example_dags/example_time_delta_sensor_async.py
[2025-03-21T21:13:08.469+0000] {processor.py:925} INFO - DAG(s) 'example_time_delta_sensor_async' retrieved from /home/usmail/sys_fraud/sys_detection_frauds/lib/python3.12/site-packages/airflow/example_dags/example_time_delta_sensor_async.py
[2025-03-21T21:13:08.479+0000] {logging_mixin.py:190} INFO - [2025-03-21T21:13:08.479+0000] {dag.py:3239} INFO - Sync 1 DAGs
[2025-03-21T21:13:08.489+0000] {logging_mixin.py:190} INFO - [2025-03-21T21:13:08.489+0000] {dag.py:4180} INFO - Setting next_dagrun for example_time_delta_sensor_async to None, run_after=None
[2025-03-21T21:13:08.504+0000] {processor.py:208} INFO - Processing /home/usmail/sys_fraud/sys_detection_frauds/lib/python3.12/site-packages/airflow/example_dags/example_time_delta_sensor_async.py took 0.056 seconds
[2025-03-21T21:13:58.046+0000] {processor.py:186} INFO - Started process (PID=3744469) to work on /home/usmail/sys_fraud/sys_detection_frauds/lib/python3.12/site-packages/airflow/example_dags/example_time_delta_sensor_async.py
[2025-03-21T21:13:58.054+0000] {processor.py:914} INFO - Processing file /home/usmail/sys_fraud/sys_detection_frauds/lib/python3.12/site-packages/airflow/example_dags/example_time_delta_sensor_async.py for tasks to queue
[2025-03-21T21:13:58.056+0000] {logging_mixin.py:190} INFO - [2025-03-21T21:13:58.056+0000] {dagbag.py:588} INFO - Filling up the DagBag from /home/usmail/sys_fraud/sys_detection_frauds/lib/python3.12/site-packages/airflow/example_dags/example_time_delta_sensor_async.py
[2025-03-21T21:13:58.061+0000] {processor.py:925} INFO - DAG(s) 'example_time_delta_sensor_async' retrieved from /home/usmail/sys_fraud/sys_detection_frauds/lib/python3.12/site-packages/airflow/example_dags/example_time_delta_sensor_async.py
[2025-03-21T21:13:58.072+0000] {logging_mixin.py:190} INFO - [2025-03-21T21:13:58.072+0000] {dag.py:3239} INFO - Sync 1 DAGs
[2025-03-21T21:13:58.082+0000] {logging_mixin.py:190} INFO - [2025-03-21T21:13:58.081+0000] {dag.py:4180} INFO - Setting next_dagrun for example_time_delta_sensor_async to None, run_after=None
[2025-03-21T21:13:58.097+0000] {processor.py:208} INFO - Processing /home/usmail/sys_fraud/sys_detection_frauds/lib/python3.12/site-packages/airflow/example_dags/example_time_delta_sensor_async.py took 0.058 seconds
[2025-03-21T21:14:56.629+0000] {processor.py:186} INFO - Started process (PID=3745231) to work on /home/usmail/sys_fraud/sys_detection_frauds/lib/python3.12/site-packages/airflow/example_dags/example_time_delta_sensor_async.py
[2025-03-21T21:14:56.639+0000] {processor.py:914} INFO - Processing file /home/usmail/sys_fraud/sys_detection_frauds/lib/python3.12/site-packages/airflow/example_dags/example_time_delta_sensor_async.py for tasks to queue
[2025-03-21T21:14:56.642+0000] {logging_mixin.py:190} INFO - [2025-03-21T21:14:56.641+0000] {dagbag.py:588} INFO - Filling up the DagBag from /home/usmail/sys_fraud/sys_detection_frauds/lib/python3.12/site-packages/airflow/example_dags/example_time_delta_sensor_async.py
[2025-03-21T21:14:56.652+0000] {processor.py:925} INFO - DAG(s) 'example_time_delta_sensor_async' retrieved from /home/usmail/sys_fraud/sys_detection_frauds/lib/python3.12/site-packages/airflow/example_dags/example_time_delta_sensor_async.py
[2025-03-21T21:14:56.675+0000] {logging_mixin.py:190} INFO - [2025-03-21T21:14:56.675+0000] {dag.py:3239} INFO - Sync 1 DAGs
[2025-03-21T21:14:56.693+0000] {logging_mixin.py:190} INFO - [2025-03-21T21:14:56.693+0000] {dag.py:4180} INFO - Setting next_dagrun for example_time_delta_sensor_async to None, run_after=None
[2025-03-21T21:14:56.712+0000] {processor.py:208} INFO - Processing /home/usmail/sys_fraud/sys_detection_frauds/lib/python3.12/site-packages/airflow/example_dags/example_time_delta_sensor_async.py took 0.095 seconds
[2025-03-21T21:15:55.745+0000] {processor.py:186} INFO - Started process (PID=3745955) to work on /home/usmail/sys_fraud/sys_detection_frauds/lib/python3.12/site-packages/airflow/example_dags/example_time_delta_sensor_async.py
[2025-03-21T21:15:55.759+0000] {processor.py:914} INFO - Processing file /home/usmail/sys_fraud/sys_detection_frauds/lib/python3.12/site-packages/airflow/example_dags/example_time_delta_sensor_async.py for tasks to queue
[2025-03-21T21:15:55.763+0000] {logging_mixin.py:190} INFO - [2025-03-21T21:15:55.762+0000] {dagbag.py:588} INFO - Filling up the DagBag from /home/usmail/sys_fraud/sys_detection_frauds/lib/python3.12/site-packages/airflow/example_dags/example_time_delta_sensor_async.py
[2025-03-21T21:15:55.773+0000] {processor.py:925} INFO - DAG(s) 'example_time_delta_sensor_async' retrieved from /home/usmail/sys_fraud/sys_detection_frauds/lib/python3.12/site-packages/airflow/example_dags/example_time_delta_sensor_async.py
[2025-03-21T21:15:55.797+0000] {logging_mixin.py:190} INFO - [2025-03-21T21:15:55.796+0000] {dag.py:3239} INFO - Sync 1 DAGs
[2025-03-21T21:15:55.815+0000] {logging_mixin.py:190} INFO - [2025-03-21T21:15:55.815+0000] {dag.py:4180} INFO - Setting next_dagrun for example_time_delta_sensor_async to None, run_after=None
[2025-03-21T21:15:55.842+0000] {processor.py:208} INFO - Processing /home/usmail/sys_fraud/sys_detection_frauds/lib/python3.12/site-packages/airflow/example_dags/example_time_delta_sensor_async.py took 0.109 seconds
[2025-03-21T21:16:58.300+0000] {processor.py:186} INFO - Started process (PID=3746763) to work on /home/usmail/sys_fraud/sys_detection_frauds/lib/python3.12/site-packages/airflow/example_dags/example_time_delta_sensor_async.py
[2025-03-21T21:16:58.308+0000] {processor.py:914} INFO - Processing file /home/usmail/sys_fraud/sys_detection_frauds/lib/python3.12/site-packages/airflow/example_dags/example_time_delta_sensor_async.py for tasks to queue
[2025-03-21T21:16:58.310+0000] {logging_mixin.py:190} INFO - [2025-03-21T21:16:58.310+0000] {dagbag.py:588} INFO - Filling up the DagBag from /home/usmail/sys_fraud/sys_detection_frauds/lib/python3.12/site-packages/airflow/example_dags/example_time_delta_sensor_async.py
[2025-03-21T21:16:58.315+0000] {processor.py:925} INFO - DAG(s) 'example_time_delta_sensor_async' retrieved from /home/usmail/sys_fraud/sys_detection_frauds/lib/python3.12/site-packages/airflow/example_dags/example_time_delta_sensor_async.py
[2025-03-21T21:16:58.326+0000] {logging_mixin.py:190} INFO - [2025-03-21T21:16:58.326+0000] {dag.py:3239} INFO - Sync 1 DAGs
[2025-03-21T21:16:58.336+0000] {logging_mixin.py:190} INFO - [2025-03-21T21:16:58.336+0000] {dag.py:4180} INFO - Setting next_dagrun for example_time_delta_sensor_async to None, run_after=None
[2025-03-21T21:16:58.374+0000] {processor.py:208} INFO - Processing /home/usmail/sys_fraud/sys_detection_frauds/lib/python3.12/site-packages/airflow/example_dags/example_time_delta_sensor_async.py took 0.080 seconds
[2025-03-21T21:18:01.155+0000] {processor.py:186} INFO - Started process (PID=3747540) to work on /home/usmail/sys_fraud/sys_detection_frauds/lib/python3.12/site-packages/airflow/example_dags/example_time_delta_sensor_async.py
[2025-03-21T21:18:01.156+0000] {processor.py:914} INFO - Processing file /home/usmail/sys_fraud/sys_detection_frauds/lib/python3.12/site-packages/airflow/example_dags/example_time_delta_sensor_async.py for tasks to queue
[2025-03-21T21:18:01.159+0000] {logging_mixin.py:190} INFO - [2025-03-21T21:18:01.159+0000] {dagbag.py:588} INFO - Filling up the DagBag from /home/usmail/sys_fraud/sys_detection_frauds/lib/python3.12/site-packages/airflow/example_dags/example_time_delta_sensor_async.py
[2025-03-21T21:18:01.170+0000] {processor.py:925} INFO - DAG(s) 'example_time_delta_sensor_async' retrieved from /home/usmail/sys_fraud/sys_detection_frauds/lib/python3.12/site-packages/airflow/example_dags/example_time_delta_sensor_async.py
[2025-03-21T21:18:01.192+0000] {logging_mixin.py:190} INFO - [2025-03-21T21:18:01.192+0000] {dag.py:3239} INFO - Sync 1 DAGs
[2025-03-21T21:18:01.207+0000] {logging_mixin.py:190} INFO - [2025-03-21T21:18:01.207+0000] {dag.py:4180} INFO - Setting next_dagrun for example_time_delta_sensor_async to None, run_after=None
[2025-03-21T21:18:01.235+0000] {processor.py:208} INFO - Processing /home/usmail/sys_fraud/sys_detection_frauds/lib/python3.12/site-packages/airflow/example_dags/example_time_delta_sensor_async.py took 0.093 seconds
[2025-03-21T21:19:06.383+0000] {processor.py:186} INFO - Started process (PID=3748331) to work on /home/usmail/sys_fraud/sys_detection_frauds/lib/python3.12/site-packages/airflow/example_dags/example_time_delta_sensor_async.py
[2025-03-21T21:19:06.392+0000] {processor.py:914} INFO - Processing file /home/usmail/sys_fraud/sys_detection_frauds/lib/python3.12/site-packages/airflow/example_dags/example_time_delta_sensor_async.py for tasks to queue
[2025-03-21T21:19:06.395+0000] {logging_mixin.py:190} INFO - [2025-03-21T21:19:06.395+0000] {dagbag.py:588} INFO - Filling up the DagBag from /home/usmail/sys_fraud/sys_detection_frauds/lib/python3.12/site-packages/airflow/example_dags/example_time_delta_sensor_async.py
[2025-03-21T21:19:06.407+0000] {processor.py:925} INFO - DAG(s) 'example_time_delta_sensor_async' retrieved from /home/usmail/sys_fraud/sys_detection_frauds/lib/python3.12/site-packages/airflow/example_dags/example_time_delta_sensor_async.py
[2025-03-21T21:19:06.430+0000] {logging_mixin.py:190} INFO - [2025-03-21T21:19:06.429+0000] {dag.py:3239} INFO - Sync 1 DAGs
[2025-03-21T21:19:06.448+0000] {logging_mixin.py:190} INFO - [2025-03-21T21:19:06.448+0000] {dag.py:4180} INFO - Setting next_dagrun for example_time_delta_sensor_async to None, run_after=None
[2025-03-21T21:19:06.481+0000] {processor.py:208} INFO - Processing /home/usmail/sys_fraud/sys_detection_frauds/lib/python3.12/site-packages/airflow/example_dags/example_time_delta_sensor_async.py took 0.112 seconds
[2025-03-21T21:20:09.992+0000] {processor.py:186} INFO - Started process (PID=3749097) to work on /home/usmail/sys_fraud/sys_detection_frauds/lib/python3.12/site-packages/airflow/example_dags/example_time_delta_sensor_async.py
[2025-03-21T21:20:10.001+0000] {processor.py:914} INFO - Processing file /home/usmail/sys_fraud/sys_detection_frauds/lib/python3.12/site-packages/airflow/example_dags/example_time_delta_sensor_async.py for tasks to queue
[2025-03-21T21:20:10.002+0000] {logging_mixin.py:190} INFO - [2025-03-21T21:20:10.002+0000] {dagbag.py:588} INFO - Filling up the DagBag from /home/usmail/sys_fraud/sys_detection_frauds/lib/python3.12/site-packages/airflow/example_dags/example_time_delta_sensor_async.py
[2025-03-21T21:20:10.008+0000] {processor.py:925} INFO - DAG(s) 'example_time_delta_sensor_async' retrieved from /home/usmail/sys_fraud/sys_detection_frauds/lib/python3.12/site-packages/airflow/example_dags/example_time_delta_sensor_async.py
[2025-03-21T21:20:10.018+0000] {logging_mixin.py:190} INFO - [2025-03-21T21:20:10.018+0000] {dag.py:3239} INFO - Sync 1 DAGs
[2025-03-21T21:20:10.029+0000] {logging_mixin.py:190} INFO - [2025-03-21T21:20:10.029+0000] {dag.py:4180} INFO - Setting next_dagrun for example_time_delta_sensor_async to None, run_after=None
[2025-03-21T21:20:10.045+0000] {processor.py:208} INFO - Processing /home/usmail/sys_fraud/sys_detection_frauds/lib/python3.12/site-packages/airflow/example_dags/example_time_delta_sensor_async.py took 0.059 seconds
[2025-03-21T21:21:13.555+0000] {processor.py:186} INFO - Started process (PID=3749857) to work on /home/usmail/sys_fraud/sys_detection_frauds/lib/python3.12/site-packages/airflow/example_dags/example_time_delta_sensor_async.py
[2025-03-21T21:21:13.565+0000] {processor.py:914} INFO - Processing file /home/usmail/sys_fraud/sys_detection_frauds/lib/python3.12/site-packages/airflow/example_dags/example_time_delta_sensor_async.py for tasks to queue
[2025-03-21T21:21:13.568+0000] {logging_mixin.py:190} INFO - [2025-03-21T21:21:13.567+0000] {dagbag.py:588} INFO - Filling up the DagBag from /home/usmail/sys_fraud/sys_detection_frauds/lib/python3.12/site-packages/airflow/example_dags/example_time_delta_sensor_async.py
[2025-03-21T21:21:13.579+0000] {processor.py:925} INFO - DAG(s) 'example_time_delta_sensor_async' retrieved from /home/usmail/sys_fraud/sys_detection_frauds/lib/python3.12/site-packages/airflow/example_dags/example_time_delta_sensor_async.py
[2025-03-21T21:21:13.601+0000] {logging_mixin.py:190} INFO - [2025-03-21T21:21:13.600+0000] {dag.py:3239} INFO - Sync 1 DAGs
[2025-03-21T21:21:13.619+0000] {logging_mixin.py:190} INFO - [2025-03-21T21:21:13.619+0000] {dag.py:4180} INFO - Setting next_dagrun for example_time_delta_sensor_async to None, run_after=None
[2025-03-21T21:21:13.638+0000] {processor.py:208} INFO - Processing /home/usmail/sys_fraud/sys_detection_frauds/lib/python3.12/site-packages/airflow/example_dags/example_time_delta_sensor_async.py took 0.095 seconds
[2025-03-21T21:22:20.537+0000] {processor.py:186} INFO - Started process (PID=3750717) to work on /home/usmail/sys_fraud/sys_detection_frauds/lib/python3.12/site-packages/airflow/example_dags/example_time_delta_sensor_async.py
[2025-03-21T21:22:20.546+0000] {processor.py:914} INFO - Processing file /home/usmail/sys_fraud/sys_detection_frauds/lib/python3.12/site-packages/airflow/example_dags/example_time_delta_sensor_async.py for tasks to queue
[2025-03-21T21:22:20.549+0000] {logging_mixin.py:190} INFO - [2025-03-21T21:22:20.549+0000] {dagbag.py:588} INFO - Filling up the DagBag from /home/usmail/sys_fraud/sys_detection_frauds/lib/python3.12/site-packages/airflow/example_dags/example_time_delta_sensor_async.py
[2025-03-21T21:22:20.559+0000] {processor.py:925} INFO - DAG(s) 'example_time_delta_sensor_async' retrieved from /home/usmail/sys_fraud/sys_detection_frauds/lib/python3.12/site-packages/airflow/example_dags/example_time_delta_sensor_async.py
[2025-03-21T21:22:20.581+0000] {logging_mixin.py:190} INFO - [2025-03-21T21:22:20.580+0000] {dag.py:3239} INFO - Sync 1 DAGs
[2025-03-21T21:22:20.599+0000] {logging_mixin.py:190} INFO - [2025-03-21T21:22:20.598+0000] {dag.py:4180} INFO - Setting next_dagrun for example_time_delta_sensor_async to None, run_after=None
[2025-03-21T21:22:20.628+0000] {processor.py:208} INFO - Processing /home/usmail/sys_fraud/sys_detection_frauds/lib/python3.12/site-packages/airflow/example_dags/example_time_delta_sensor_async.py took 0.103 seconds
[2025-03-21T21:23:25.036+0000] {processor.py:186} INFO - Started process (PID=3751500) to work on /home/usmail/sys_fraud/sys_detection_frauds/lib/python3.12/site-packages/airflow/example_dags/example_time_delta_sensor_async.py
[2025-03-21T21:23:25.045+0000] {processor.py:914} INFO - Processing file /home/usmail/sys_fraud/sys_detection_frauds/lib/python3.12/site-packages/airflow/example_dags/example_time_delta_sensor_async.py for tasks to queue
[2025-03-21T21:23:25.048+0000] {logging_mixin.py:190} INFO - [2025-03-21T21:23:25.048+0000] {dagbag.py:588} INFO - Filling up the DagBag from /home/usmail/sys_fraud/sys_detection_frauds/lib/python3.12/site-packages/airflow/example_dags/example_time_delta_sensor_async.py
[2025-03-21T21:23:25.058+0000] {processor.py:925} INFO - DAG(s) 'example_time_delta_sensor_async' retrieved from /home/usmail/sys_fraud/sys_detection_frauds/lib/python3.12/site-packages/airflow/example_dags/example_time_delta_sensor_async.py
[2025-03-21T21:23:25.080+0000] {logging_mixin.py:190} INFO - [2025-03-21T21:23:25.080+0000] {dag.py:3239} INFO - Sync 1 DAGs
[2025-03-21T21:23:25.099+0000] {logging_mixin.py:190} INFO - [2025-03-21T21:23:25.099+0000] {dag.py:4180} INFO - Setting next_dagrun for example_time_delta_sensor_async to None, run_after=None
[2025-03-21T21:23:25.119+0000] {processor.py:208} INFO - Processing /home/usmail/sys_fraud/sys_detection_frauds/lib/python3.12/site-packages/airflow/example_dags/example_time_delta_sensor_async.py took 0.095 seconds
[2025-03-21T21:24:26.859+0000] {processor.py:186} INFO - Started process (PID=3752188) to work on /home/usmail/sys_fraud/sys_detection_frauds/lib/python3.12/site-packages/airflow/example_dags/example_time_delta_sensor_async.py
[2025-03-21T21:24:26.860+0000] {processor.py:914} INFO - Processing file /home/usmail/sys_fraud/sys_detection_frauds/lib/python3.12/site-packages/airflow/example_dags/example_time_delta_sensor_async.py for tasks to queue
[2025-03-21T21:24:26.863+0000] {logging_mixin.py:190} INFO - [2025-03-21T21:24:26.863+0000] {dagbag.py:588} INFO - Filling up the DagBag from /home/usmail/sys_fraud/sys_detection_frauds/lib/python3.12/site-packages/airflow/example_dags/example_time_delta_sensor_async.py
[2025-03-21T21:24:26.873+0000] {processor.py:925} INFO - DAG(s) 'example_time_delta_sensor_async' retrieved from /home/usmail/sys_fraud/sys_detection_frauds/lib/python3.12/site-packages/airflow/example_dags/example_time_delta_sensor_async.py
[2025-03-21T21:24:26.892+0000] {logging_mixin.py:190} INFO - [2025-03-21T21:24:26.892+0000] {dag.py:3239} INFO - Sync 1 DAGs
[2025-03-21T21:24:26.905+0000] {logging_mixin.py:190} INFO - [2025-03-21T21:24:26.904+0000] {dag.py:4180} INFO - Setting next_dagrun for example_time_delta_sensor_async to None, run_after=None
[2025-03-21T21:24:26.921+0000] {processor.py:208} INFO - Processing /home/usmail/sys_fraud/sys_detection_frauds/lib/python3.12/site-packages/airflow/example_dags/example_time_delta_sensor_async.py took 0.075 seconds
[2025-03-21T21:25:29.697+0000] {processor.py:186} INFO - Started process (PID=3752880) to work on /home/usmail/sys_fraud/sys_detection_frauds/lib/python3.12/site-packages/airflow/example_dags/example_time_delta_sensor_async.py
[2025-03-21T21:25:29.706+0000] {processor.py:914} INFO - Processing file /home/usmail/sys_fraud/sys_detection_frauds/lib/python3.12/site-packages/airflow/example_dags/example_time_delta_sensor_async.py for tasks to queue
[2025-03-21T21:25:29.709+0000] {logging_mixin.py:190} INFO - [2025-03-21T21:25:29.709+0000] {dagbag.py:588} INFO - Filling up the DagBag from /home/usmail/sys_fraud/sys_detection_frauds/lib/python3.12/site-packages/airflow/example_dags/example_time_delta_sensor_async.py
[2025-03-21T21:25:29.720+0000] {processor.py:925} INFO - DAG(s) 'example_time_delta_sensor_async' retrieved from /home/usmail/sys_fraud/sys_detection_frauds/lib/python3.12/site-packages/airflow/example_dags/example_time_delta_sensor_async.py
[2025-03-21T21:25:29.742+0000] {logging_mixin.py:190} INFO - [2025-03-21T21:25:29.741+0000] {dag.py:3239} INFO - Sync 1 DAGs
[2025-03-21T21:25:29.760+0000] {logging_mixin.py:190} INFO - [2025-03-21T21:25:29.760+0000] {dag.py:4180} INFO - Setting next_dagrun for example_time_delta_sensor_async to None, run_after=None
[2025-03-21T21:25:29.784+0000] {processor.py:208} INFO - Processing /home/usmail/sys_fraud/sys_detection_frauds/lib/python3.12/site-packages/airflow/example_dags/example_time_delta_sensor_async.py took 0.099 seconds
[2025-03-21T21:26:33.855+0000] {processor.py:186} INFO - Started process (PID=3753531) to work on /home/usmail/sys_fraud/sys_detection_frauds/lib/python3.12/site-packages/airflow/example_dags/example_time_delta_sensor_async.py
[2025-03-21T21:26:33.864+0000] {processor.py:914} INFO - Processing file /home/usmail/sys_fraud/sys_detection_frauds/lib/python3.12/site-packages/airflow/example_dags/example_time_delta_sensor_async.py for tasks to queue
[2025-03-21T21:26:33.868+0000] {logging_mixin.py:190} INFO - [2025-03-21T21:26:33.867+0000] {dagbag.py:588} INFO - Filling up the DagBag from /home/usmail/sys_fraud/sys_detection_frauds/lib/python3.12/site-packages/airflow/example_dags/example_time_delta_sensor_async.py
[2025-03-21T21:26:33.878+0000] {processor.py:925} INFO - DAG(s) 'example_time_delta_sensor_async' retrieved from /home/usmail/sys_fraud/sys_detection_frauds/lib/python3.12/site-packages/airflow/example_dags/example_time_delta_sensor_async.py
[2025-03-21T21:26:33.900+0000] {logging_mixin.py:190} INFO - [2025-03-21T21:26:33.900+0000] {dag.py:3239} INFO - Sync 1 DAGs
[2025-03-21T21:26:33.918+0000] {logging_mixin.py:190} INFO - [2025-03-21T21:26:33.918+0000] {dag.py:4180} INFO - Setting next_dagrun for example_time_delta_sensor_async to None, run_after=None
[2025-03-21T21:26:33.939+0000] {processor.py:208} INFO - Processing /home/usmail/sys_fraud/sys_detection_frauds/lib/python3.12/site-packages/airflow/example_dags/example_time_delta_sensor_async.py took 0.096 seconds
[2025-03-21T21:27:36.990+0000] {processor.py:186} INFO - Started process (PID=3754183) to work on /home/usmail/sys_fraud/sys_detection_frauds/lib/python3.12/site-packages/airflow/example_dags/example_time_delta_sensor_async.py
[2025-03-21T21:27:36.999+0000] {processor.py:914} INFO - Processing file /home/usmail/sys_fraud/sys_detection_frauds/lib/python3.12/site-packages/airflow/example_dags/example_time_delta_sensor_async.py for tasks to queue
[2025-03-21T21:27:37.002+0000] {logging_mixin.py:190} INFO - [2025-03-21T21:27:37.001+0000] {dagbag.py:588} INFO - Filling up the DagBag from /home/usmail/sys_fraud/sys_detection_frauds/lib/python3.12/site-packages/airflow/example_dags/example_time_delta_sensor_async.py
[2025-03-21T21:27:37.012+0000] {processor.py:925} INFO - DAG(s) 'example_time_delta_sensor_async' retrieved from /home/usmail/sys_fraud/sys_detection_frauds/lib/python3.12/site-packages/airflow/example_dags/example_time_delta_sensor_async.py
[2025-03-21T21:27:37.034+0000] {logging_mixin.py:190} INFO - [2025-03-21T21:27:37.033+0000] {dag.py:3239} INFO - Sync 1 DAGs
[2025-03-21T21:27:37.053+0000] {logging_mixin.py:190} INFO - [2025-03-21T21:27:37.052+0000] {dag.py:4180} INFO - Setting next_dagrun for example_time_delta_sensor_async to None, run_after=None
[2025-03-21T21:27:37.071+0000] {processor.py:208} INFO - Processing /home/usmail/sys_fraud/sys_detection_frauds/lib/python3.12/site-packages/airflow/example_dags/example_time_delta_sensor_async.py took 0.095 seconds
[2025-03-21T21:28:36.875+0000] {processor.py:186} INFO - Started process (PID=3754810) to work on /home/usmail/sys_fraud/sys_detection_frauds/lib/python3.12/site-packages/airflow/example_dags/example_time_delta_sensor_async.py
[2025-03-21T21:28:36.884+0000] {processor.py:914} INFO - Processing file /home/usmail/sys_fraud/sys_detection_frauds/lib/python3.12/site-packages/airflow/example_dags/example_time_delta_sensor_async.py for tasks to queue
[2025-03-21T21:28:36.888+0000] {logging_mixin.py:190} INFO - [2025-03-21T21:28:36.887+0000] {dagbag.py:588} INFO - Filling up the DagBag from /home/usmail/sys_fraud/sys_detection_frauds/lib/python3.12/site-packages/airflow/example_dags/example_time_delta_sensor_async.py
[2025-03-21T21:28:36.898+0000] {processor.py:925} INFO - DAG(s) 'example_time_delta_sensor_async' retrieved from /home/usmail/sys_fraud/sys_detection_frauds/lib/python3.12/site-packages/airflow/example_dags/example_time_delta_sensor_async.py
[2025-03-21T21:28:36.919+0000] {logging_mixin.py:190} INFO - [2025-03-21T21:28:36.919+0000] {dag.py:3239} INFO - Sync 1 DAGs
[2025-03-21T21:28:36.938+0000] {logging_mixin.py:190} INFO - [2025-03-21T21:28:36.937+0000] {dag.py:4180} INFO - Setting next_dagrun for example_time_delta_sensor_async to None, run_after=None
[2025-03-21T21:28:36.956+0000] {processor.py:208} INFO - Processing /home/usmail/sys_fraud/sys_detection_frauds/lib/python3.12/site-packages/airflow/example_dags/example_time_delta_sensor_async.py took 0.093 seconds
[2025-03-21T21:29:40.469+0000] {processor.py:186} INFO - Started process (PID=3755493) to work on /home/usmail/sys_fraud/sys_detection_frauds/lib/python3.12/site-packages/airflow/example_dags/example_time_delta_sensor_async.py
[2025-03-21T21:29:40.478+0000] {processor.py:914} INFO - Processing file /home/usmail/sys_fraud/sys_detection_frauds/lib/python3.12/site-packages/airflow/example_dags/example_time_delta_sensor_async.py for tasks to queue
[2025-03-21T21:29:40.481+0000] {logging_mixin.py:190} INFO - [2025-03-21T21:29:40.481+0000] {dagbag.py:588} INFO - Filling up the DagBag from /home/usmail/sys_fraud/sys_detection_frauds/lib/python3.12/site-packages/airflow/example_dags/example_time_delta_sensor_async.py
[2025-03-21T21:29:40.491+0000] {processor.py:925} INFO - DAG(s) 'example_time_delta_sensor_async' retrieved from /home/usmail/sys_fraud/sys_detection_frauds/lib/python3.12/site-packages/airflow/example_dags/example_time_delta_sensor_async.py
[2025-03-21T21:29:40.514+0000] {logging_mixin.py:190} INFO - [2025-03-21T21:29:40.513+0000] {dag.py:3239} INFO - Sync 1 DAGs
[2025-03-21T21:29:40.531+0000] {logging_mixin.py:190} INFO - [2025-03-21T21:29:40.531+0000] {dag.py:4180} INFO - Setting next_dagrun for example_time_delta_sensor_async to None, run_after=None
[2025-03-21T21:29:40.562+0000] {processor.py:208} INFO - Processing /home/usmail/sys_fraud/sys_detection_frauds/lib/python3.12/site-packages/airflow/example_dags/example_time_delta_sensor_async.py took 0.104 seconds
[2025-03-21T21:30:46.157+0000] {processor.py:186} INFO - Started process (PID=3756159) to work on /home/usmail/sys_fraud/sys_detection_frauds/lib/python3.12/site-packages/airflow/example_dags/example_time_delta_sensor_async.py
[2025-03-21T21:30:46.166+0000] {processor.py:914} INFO - Processing file /home/usmail/sys_fraud/sys_detection_frauds/lib/python3.12/site-packages/airflow/example_dags/example_time_delta_sensor_async.py for tasks to queue
[2025-03-21T21:30:46.169+0000] {logging_mixin.py:190} INFO - [2025-03-21T21:30:46.168+0000] {dagbag.py:588} INFO - Filling up the DagBag from /home/usmail/sys_fraud/sys_detection_frauds/lib/python3.12/site-packages/airflow/example_dags/example_time_delta_sensor_async.py
[2025-03-21T21:30:46.179+0000] {processor.py:925} INFO - DAG(s) 'example_time_delta_sensor_async' retrieved from /home/usmail/sys_fraud/sys_detection_frauds/lib/python3.12/site-packages/airflow/example_dags/example_time_delta_sensor_async.py
[2025-03-21T21:30:46.201+0000] {logging_mixin.py:190} INFO - [2025-03-21T21:30:46.201+0000] {dag.py:3239} INFO - Sync 1 DAGs
[2025-03-21T21:30:46.220+0000] {logging_mixin.py:190} INFO - [2025-03-21T21:30:46.220+0000] {dag.py:4180} INFO - Setting next_dagrun for example_time_delta_sensor_async to None, run_after=None
[2025-03-21T21:30:46.248+0000] {processor.py:208} INFO - Processing /home/usmail/sys_fraud/sys_detection_frauds/lib/python3.12/site-packages/airflow/example_dags/example_time_delta_sensor_async.py took 0.103 seconds
[2025-03-21T21:31:51.814+0000] {processor.py:186} INFO - Started process (PID=3756853) to work on /home/usmail/sys_fraud/sys_detection_frauds/lib/python3.12/site-packages/airflow/example_dags/example_time_delta_sensor_async.py
[2025-03-21T21:31:51.823+0000] {processor.py:914} INFO - Processing file /home/usmail/sys_fraud/sys_detection_frauds/lib/python3.12/site-packages/airflow/example_dags/example_time_delta_sensor_async.py for tasks to queue
[2025-03-21T21:31:51.827+0000] {logging_mixin.py:190} INFO - [2025-03-21T21:31:51.826+0000] {dagbag.py:588} INFO - Filling up the DagBag from /home/usmail/sys_fraud/sys_detection_frauds/lib/python3.12/site-packages/airflow/example_dags/example_time_delta_sensor_async.py
[2025-03-21T21:31:51.837+0000] {processor.py:925} INFO - DAG(s) 'example_time_delta_sensor_async' retrieved from /home/usmail/sys_fraud/sys_detection_frauds/lib/python3.12/site-packages/airflow/example_dags/example_time_delta_sensor_async.py
[2025-03-21T21:31:51.859+0000] {logging_mixin.py:190} INFO - [2025-03-21T21:31:51.859+0000] {dag.py:3239} INFO - Sync 1 DAGs
[2025-03-21T21:31:51.876+0000] {logging_mixin.py:190} INFO - [2025-03-21T21:31:51.876+0000] {dag.py:4180} INFO - Setting next_dagrun for example_time_delta_sensor_async to None, run_after=None
[2025-03-21T21:31:51.914+0000] {processor.py:208} INFO - Processing /home/usmail/sys_fraud/sys_detection_frauds/lib/python3.12/site-packages/airflow/example_dags/example_time_delta_sensor_async.py took 0.112 seconds
[2025-03-21T21:32:55.105+0000] {processor.py:186} INFO - Started process (PID=3757526) to work on /home/usmail/sys_fraud/sys_detection_frauds/lib/python3.12/site-packages/airflow/example_dags/example_time_delta_sensor_async.py
[2025-03-21T21:32:55.114+0000] {processor.py:914} INFO - Processing file /home/usmail/sys_fraud/sys_detection_frauds/lib/python3.12/site-packages/airflow/example_dags/example_time_delta_sensor_async.py for tasks to queue
[2025-03-21T21:32:55.118+0000] {logging_mixin.py:190} INFO - [2025-03-21T21:32:55.117+0000] {dagbag.py:588} INFO - Filling up the DagBag from /home/usmail/sys_fraud/sys_detection_frauds/lib/python3.12/site-packages/airflow/example_dags/example_time_delta_sensor_async.py
[2025-03-21T21:32:55.128+0000] {processor.py:925} INFO - DAG(s) 'example_time_delta_sensor_async' retrieved from /home/usmail/sys_fraud/sys_detection_frauds/lib/python3.12/site-packages/airflow/example_dags/example_time_delta_sensor_async.py
[2025-03-21T21:32:55.150+0000] {logging_mixin.py:190} INFO - [2025-03-21T21:32:55.150+0000] {dag.py:3239} INFO - Sync 1 DAGs
[2025-03-21T21:32:55.169+0000] {logging_mixin.py:190} INFO - [2025-03-21T21:32:55.169+0000] {dag.py:4180} INFO - Setting next_dagrun for example_time_delta_sensor_async to None, run_after=None
[2025-03-21T21:32:55.187+0000] {processor.py:208} INFO - Processing /home/usmail/sys_fraud/sys_detection_frauds/lib/python3.12/site-packages/airflow/example_dags/example_time_delta_sensor_async.py took 0.094 seconds
[2025-03-21T22:19:28.836+0000] {processor.py:186} INFO - Started process (PID=3758575) to work on /home/usmail/sys_fraud/sys_detection_frauds/lib/python3.12/site-packages/airflow/example_dags/example_time_delta_sensor_async.py
[2025-03-21T22:19:28.839+0000] {processor.py:914} INFO - Processing file /home/usmail/sys_fraud/sys_detection_frauds/lib/python3.12/site-packages/airflow/example_dags/example_time_delta_sensor_async.py for tasks to queue
[2025-03-21T22:19:28.843+0000] {logging_mixin.py:190} INFO - [2025-03-21T22:19:28.842+0000] {dagbag.py:588} INFO - Filling up the DagBag from /home/usmail/sys_fraud/sys_detection_frauds/lib/python3.12/site-packages/airflow/example_dags/example_time_delta_sensor_async.py
[2025-03-21T22:19:28.855+0000] {processor.py:925} INFO - DAG(s) 'example_time_delta_sensor_async' retrieved from /home/usmail/sys_fraud/sys_detection_frauds/lib/python3.12/site-packages/airflow/example_dags/example_time_delta_sensor_async.py
[2025-03-21T22:19:28.876+0000] {logging_mixin.py:190} INFO - [2025-03-21T22:19:28.876+0000] {dag.py:3239} INFO - Sync 1 DAGs
[2025-03-21T22:19:28.889+0000] {logging_mixin.py:190} INFO - [2025-03-21T22:19:28.889+0000] {dag.py:4180} INFO - Setting next_dagrun for example_time_delta_sensor_async to None, run_after=None
[2025-03-21T22:19:28.911+0000] {processor.py:208} INFO - Processing /home/usmail/sys_fraud/sys_detection_frauds/lib/python3.12/site-packages/airflow/example_dags/example_time_delta_sensor_async.py took 0.089 seconds
[2025-03-21T22:20:24.888+0000] {processor.py:186} INFO - Started process (PID=3759477) to work on /home/usmail/sys_fraud/sys_detection_frauds/lib/python3.12/site-packages/airflow/example_dags/example_time_delta_sensor_async.py
[2025-03-21T22:20:24.897+0000] {processor.py:914} INFO - Processing file /home/usmail/sys_fraud/sys_detection_frauds/lib/python3.12/site-packages/airflow/example_dags/example_time_delta_sensor_async.py for tasks to queue
[2025-03-21T22:20:24.900+0000] {logging_mixin.py:190} INFO - [2025-03-21T22:20:24.900+0000] {dagbag.py:588} INFO - Filling up the DagBag from /home/usmail/sys_fraud/sys_detection_frauds/lib/python3.12/site-packages/airflow/example_dags/example_time_delta_sensor_async.py
[2025-03-21T22:20:24.912+0000] {processor.py:925} INFO - DAG(s) 'example_time_delta_sensor_async' retrieved from /home/usmail/sys_fraud/sys_detection_frauds/lib/python3.12/site-packages/airflow/example_dags/example_time_delta_sensor_async.py
[2025-03-21T22:20:24.934+0000] {logging_mixin.py:190} INFO - [2025-03-21T22:20:24.933+0000] {dag.py:3239} INFO - Sync 1 DAGs
[2025-03-21T22:20:24.950+0000] {logging_mixin.py:190} INFO - [2025-03-21T22:20:24.950+0000] {dag.py:4180} INFO - Setting next_dagrun for example_time_delta_sensor_async to None, run_after=None
[2025-03-21T22:20:24.969+0000] {processor.py:208} INFO - Processing /home/usmail/sys_fraud/sys_detection_frauds/lib/python3.12/site-packages/airflow/example_dags/example_time_delta_sensor_async.py took 0.095 seconds
[2025-03-21T22:21:27.263+0000] {processor.py:186} INFO - Started process (PID=3760250) to work on /home/usmail/sys_fraud/sys_detection_frauds/lib/python3.12/site-packages/airflow/example_dags/example_time_delta_sensor_async.py
[2025-03-21T22:21:27.272+0000] {processor.py:914} INFO - Processing file /home/usmail/sys_fraud/sys_detection_frauds/lib/python3.12/site-packages/airflow/example_dags/example_time_delta_sensor_async.py for tasks to queue
[2025-03-21T22:21:27.276+0000] {logging_mixin.py:190} INFO - [2025-03-21T22:21:27.275+0000] {dagbag.py:588} INFO - Filling up the DagBag from /home/usmail/sys_fraud/sys_detection_frauds/lib/python3.12/site-packages/airflow/example_dags/example_time_delta_sensor_async.py
[2025-03-21T22:21:27.288+0000] {processor.py:925} INFO - DAG(s) 'example_time_delta_sensor_async' retrieved from /home/usmail/sys_fraud/sys_detection_frauds/lib/python3.12/site-packages/airflow/example_dags/example_time_delta_sensor_async.py
[2025-03-21T22:21:27.313+0000] {logging_mixin.py:190} INFO - [2025-03-21T22:21:27.312+0000] {dag.py:3239} INFO - Sync 1 DAGs
[2025-03-21T22:21:27.328+0000] {logging_mixin.py:190} INFO - [2025-03-21T22:21:27.328+0000] {dag.py:4180} INFO - Setting next_dagrun for example_time_delta_sensor_async to None, run_after=None
[2025-03-21T22:21:27.347+0000] {processor.py:208} INFO - Processing /home/usmail/sys_fraud/sys_detection_frauds/lib/python3.12/site-packages/airflow/example_dags/example_time_delta_sensor_async.py took 0.099 seconds
[2025-03-21T22:22:28.224+0000] {processor.py:186} INFO - Started process (PID=3761334) to work on /home/usmail/sys_fraud/sys_detection_frauds/lib/python3.12/site-packages/airflow/example_dags/example_time_delta_sensor_async.py
[2025-03-21T22:22:28.233+0000] {processor.py:914} INFO - Processing file /home/usmail/sys_fraud/sys_detection_frauds/lib/python3.12/site-packages/airflow/example_dags/example_time_delta_sensor_async.py for tasks to queue
[2025-03-21T22:22:28.235+0000] {logging_mixin.py:190} INFO - [2025-03-21T22:22:28.234+0000] {dagbag.py:588} INFO - Filling up the DagBag from /home/usmail/sys_fraud/sys_detection_frauds/lib/python3.12/site-packages/airflow/example_dags/example_time_delta_sensor_async.py
[2025-03-21T22:22:28.245+0000] {processor.py:925} INFO - DAG(s) 'example_time_delta_sensor_async' retrieved from /home/usmail/sys_fraud/sys_detection_frauds/lib/python3.12/site-packages/airflow/example_dags/example_time_delta_sensor_async.py
[2025-03-21T22:22:28.267+0000] {logging_mixin.py:190} INFO - [2025-03-21T22:22:28.266+0000] {dag.py:3239} INFO - Sync 1 DAGs
[2025-03-21T22:22:28.284+0000] {logging_mixin.py:190} INFO - [2025-03-21T22:22:28.284+0000] {dag.py:4180} INFO - Setting next_dagrun for example_time_delta_sensor_async to None, run_after=None
[2025-03-21T22:22:28.302+0000] {processor.py:208} INFO - Processing /home/usmail/sys_fraud/sys_detection_frauds/lib/python3.12/site-packages/airflow/example_dags/example_time_delta_sensor_async.py took 0.090 seconds
