[2025-03-21T20:50:17.170+0000] {processor.py:186} INFO - Started process (PID=3723479) to work on /home/usmail/sys_fraud/sys_detection_frauds/lib/python3.12/site-packages/airflow/example_dags/example_dataset_alias.py
[2025-03-21T20:50:17.171+0000] {processor.py:914} INFO - Processing file /home/usmail/sys_fraud/sys_detection_frauds/lib/python3.12/site-packages/airflow/example_dags/example_dataset_alias.py for tasks to queue
[2025-03-21T20:50:17.172+0000] {logging_mixin.py:190} INFO - [2025-03-21T20:50:17.172+0000] {dagbag.py:588} INFO - Filling up the DagBag from /home/usmail/sys_fraud/sys_detection_frauds/lib/python3.12/site-packages/airflow/example_dags/example_dataset_alias.py
[2025-03-21T20:50:17.183+0000] {processor.py:925} INFO - DAG(s) 'dataset_alias_example_alias_producer', 'dataset_s3_bucket_producer', 'dataset_s3_bucket_consumer', 'dataset_alias_example_alias_consumer' retrieved from /home/usmail/sys_fraud/sys_detection_frauds/lib/python3.12/site-packages/airflow/example_dags/example_dataset_alias.py
[2025-03-21T20:50:17.251+0000] {logging_mixin.py:190} INFO - [2025-03-21T20:50:17.250+0000] {override.py:1912} INFO - Created Permission View: can edit on DAG:dataset_alias_example_alias_producer
[2025-03-21T20:50:17.258+0000] {logging_mixin.py:190} INFO - [2025-03-21T20:50:17.257+0000] {override.py:1912} INFO - Created Permission View: can read on DAG:dataset_alias_example_alias_producer
[2025-03-21T20:50:17.264+0000] {logging_mixin.py:190} INFO - [2025-03-21T20:50:17.263+0000] {override.py:1912} INFO - Created Permission View: can delete on DAG:dataset_alias_example_alias_producer
[2025-03-21T20:50:17.272+0000] {logging_mixin.py:190} INFO - [2025-03-21T20:50:17.271+0000] {override.py:1912} INFO - Created Permission View: can create on DAG Run:dataset_alias_example_alias_producer
[2025-03-21T20:50:17.278+0000] {logging_mixin.py:190} INFO - [2025-03-21T20:50:17.278+0000] {override.py:1912} INFO - Created Permission View: menu access on DAG Run:dataset_alias_example_alias_producer
[2025-03-21T20:50:17.284+0000] {logging_mixin.py:190} INFO - [2025-03-21T20:50:17.284+0000] {override.py:1912} INFO - Created Permission View: can read on DAG Run:dataset_alias_example_alias_producer
[2025-03-21T20:50:17.291+0000] {logging_mixin.py:190} INFO - [2025-03-21T20:50:17.290+0000] {override.py:1912} INFO - Created Permission View: can delete on DAG Run:dataset_alias_example_alias_producer
[2025-03-21T20:50:17.307+0000] {logging_mixin.py:190} INFO - [2025-03-21T20:50:17.307+0000] {override.py:1912} INFO - Created Permission View: can edit on DAG:dataset_s3_bucket_producer
[2025-03-21T20:50:17.316+0000] {logging_mixin.py:190} INFO - [2025-03-21T20:50:17.316+0000] {override.py:1912} INFO - Created Permission View: can read on DAG:dataset_s3_bucket_producer
[2025-03-21T20:50:17.323+0000] {logging_mixin.py:190} INFO - [2025-03-21T20:50:17.323+0000] {override.py:1912} INFO - Created Permission View: can delete on DAG:dataset_s3_bucket_producer
[2025-03-21T20:50:17.332+0000] {logging_mixin.py:190} INFO - [2025-03-21T20:50:17.332+0000] {override.py:1912} INFO - Created Permission View: can create on DAG Run:dataset_s3_bucket_producer
[2025-03-21T20:50:17.346+0000] {logging_mixin.py:190} INFO - [2025-03-21T20:50:17.345+0000] {override.py:1912} INFO - Created Permission View: menu access on DAG Run:dataset_s3_bucket_producer
[2025-03-21T20:50:17.360+0000] {logging_mixin.py:190} INFO - [2025-03-21T20:50:17.360+0000] {override.py:1912} INFO - Created Permission View: can read on DAG Run:dataset_s3_bucket_producer
[2025-03-21T20:50:17.368+0000] {logging_mixin.py:190} INFO - [2025-03-21T20:50:17.368+0000] {override.py:1912} INFO - Created Permission View: can delete on DAG Run:dataset_s3_bucket_producer
[2025-03-21T20:50:17.391+0000] {logging_mixin.py:190} INFO - [2025-03-21T20:50:17.391+0000] {override.py:1912} INFO - Created Permission View: can edit on DAG:dataset_s3_bucket_consumer
[2025-03-21T20:50:17.399+0000] {logging_mixin.py:190} INFO - [2025-03-21T20:50:17.398+0000] {override.py:1912} INFO - Created Permission View: can read on DAG:dataset_s3_bucket_consumer
[2025-03-21T20:50:17.410+0000] {logging_mixin.py:190} INFO - [2025-03-21T20:50:17.409+0000] {override.py:1912} INFO - Created Permission View: can delete on DAG:dataset_s3_bucket_consumer
[2025-03-21T20:50:17.420+0000] {logging_mixin.py:190} INFO - [2025-03-21T20:50:17.420+0000] {override.py:1912} INFO - Created Permission View: can create on DAG Run:dataset_s3_bucket_consumer
[2025-03-21T20:50:17.429+0000] {logging_mixin.py:190} INFO - [2025-03-21T20:50:17.429+0000] {override.py:1912} INFO - Created Permission View: menu access on DAG Run:dataset_s3_bucket_consumer
[2025-03-21T20:50:17.434+0000] {logging_mixin.py:190} INFO - [2025-03-21T20:50:17.434+0000] {override.py:1912} INFO - Created Permission View: can read on DAG Run:dataset_s3_bucket_consumer
[2025-03-21T20:50:17.439+0000] {logging_mixin.py:190} INFO - [2025-03-21T20:50:17.439+0000] {override.py:1912} INFO - Created Permission View: can delete on DAG Run:dataset_s3_bucket_consumer
[2025-03-21T20:50:17.452+0000] {logging_mixin.py:190} INFO - [2025-03-21T20:50:17.452+0000] {override.py:1912} INFO - Created Permission View: can edit on DAG:dataset_alias_example_alias_consumer
[2025-03-21T20:50:17.457+0000] {logging_mixin.py:190} INFO - [2025-03-21T20:50:17.457+0000] {override.py:1912} INFO - Created Permission View: can read on DAG:dataset_alias_example_alias_consumer
[2025-03-21T20:50:17.463+0000] {logging_mixin.py:190} INFO - [2025-03-21T20:50:17.463+0000] {override.py:1912} INFO - Created Permission View: can delete on DAG:dataset_alias_example_alias_consumer
[2025-03-21T20:50:17.471+0000] {logging_mixin.py:190} INFO - [2025-03-21T20:50:17.471+0000] {override.py:1912} INFO - Created Permission View: can create on DAG Run:dataset_alias_example_alias_consumer
[2025-03-21T20:50:17.477+0000] {logging_mixin.py:190} INFO - [2025-03-21T20:50:17.476+0000] {override.py:1912} INFO - Created Permission View: menu access on DAG Run:dataset_alias_example_alias_consumer
[2025-03-21T20:50:17.482+0000] {logging_mixin.py:190} INFO - [2025-03-21T20:50:17.482+0000] {override.py:1912} INFO - Created Permission View: can read on DAG Run:dataset_alias_example_alias_consumer
[2025-03-21T20:50:17.487+0000] {logging_mixin.py:190} INFO - [2025-03-21T20:50:17.487+0000] {override.py:1912} INFO - Created Permission View: can delete on DAG Run:dataset_alias_example_alias_consumer
[2025-03-21T20:50:17.487+0000] {logging_mixin.py:190} INFO - [2025-03-21T20:50:17.487+0000] {dag.py:3239} INFO - Sync 4 DAGs
[2025-03-21T20:50:17.495+0000] {logging_mixin.py:190} INFO - [2025-03-21T20:50:17.495+0000] {dag.py:3262} INFO - Creating ORM DAG for dataset_alias_example_alias_consumer
[2025-03-21T20:50:17.495+0000] {logging_mixin.py:190} INFO - [2025-03-21T20:50:17.495+0000] {dag.py:3262} INFO - Creating ORM DAG for dataset_s3_bucket_producer
[2025-03-21T20:50:17.496+0000] {logging_mixin.py:190} INFO - [2025-03-21T20:50:17.496+0000] {dag.py:3262} INFO - Creating ORM DAG for dataset_alias_example_alias_producer
[2025-03-21T20:50:17.496+0000] {logging_mixin.py:190} INFO - [2025-03-21T20:50:17.496+0000] {dag.py:3262} INFO - Creating ORM DAG for dataset_s3_bucket_consumer
[2025-03-21T20:50:17.501+0000] {logging_mixin.py:190} INFO - [2025-03-21T20:50:17.501+0000] {dag.py:4180} INFO - Setting next_dagrun for dataset_alias_example_alias_consumer to None, run_after=None
[2025-03-21T20:50:17.501+0000] {logging_mixin.py:190} INFO - [2025-03-21T20:50:17.501+0000] {dag.py:4180} INFO - Setting next_dagrun for dataset_alias_example_alias_producer to None, run_after=None
[2025-03-21T20:50:17.501+0000] {logging_mixin.py:190} INFO - [2025-03-21T20:50:17.501+0000] {dag.py:4180} INFO - Setting next_dagrun for dataset_s3_bucket_consumer to None, run_after=None
[2025-03-21T20:50:17.502+0000] {logging_mixin.py:190} INFO - [2025-03-21T20:50:17.502+0000] {dag.py:4180} INFO - Setting next_dagrun for dataset_s3_bucket_producer to None, run_after=None
[2025-03-21T20:50:17.521+0000] {processor.py:208} INFO - Processing /home/usmail/sys_fraud/sys_detection_frauds/lib/python3.12/site-packages/airflow/example_dags/example_dataset_alias.py took 0.355 seconds
[2025-03-21T20:51:14.242+0000] {processor.py:186} INFO - Started process (PID=3724172) to work on /home/usmail/sys_fraud/sys_detection_frauds/lib/python3.12/site-packages/airflow/example_dags/example_dataset_alias.py
[2025-03-21T20:51:14.250+0000] {processor.py:914} INFO - Processing file /home/usmail/sys_fraud/sys_detection_frauds/lib/python3.12/site-packages/airflow/example_dags/example_dataset_alias.py for tasks to queue
[2025-03-21T20:51:14.252+0000] {logging_mixin.py:190} INFO - [2025-03-21T20:51:14.252+0000] {dagbag.py:588} INFO - Filling up the DagBag from /home/usmail/sys_fraud/sys_detection_frauds/lib/python3.12/site-packages/airflow/example_dags/example_dataset_alias.py
[2025-03-21T20:51:14.274+0000] {processor.py:925} INFO - DAG(s) 'dataset_s3_bucket_consumer', 'dataset_alias_example_alias_consumer', 'dataset_alias_example_alias_producer', 'dataset_s3_bucket_producer' retrieved from /home/usmail/sys_fraud/sys_detection_frauds/lib/python3.12/site-packages/airflow/example_dags/example_dataset_alias.py
[2025-03-21T20:51:14.289+0000] {logging_mixin.py:190} INFO - [2025-03-21T20:51:14.289+0000] {dag.py:3239} INFO - Sync 4 DAGs
[2025-03-21T20:51:14.306+0000] {logging_mixin.py:190} INFO - [2025-03-21T20:51:14.306+0000] {dag.py:4180} INFO - Setting next_dagrun for dataset_alias_example_alias_consumer to None, run_after=None
[2025-03-21T20:51:14.308+0000] {logging_mixin.py:190} INFO - [2025-03-21T20:51:14.308+0000] {dag.py:4180} INFO - Setting next_dagrun for dataset_alias_example_alias_producer to None, run_after=None
[2025-03-21T20:51:14.309+0000] {logging_mixin.py:190} INFO - [2025-03-21T20:51:14.309+0000] {dag.py:4180} INFO - Setting next_dagrun for dataset_s3_bucket_consumer to None, run_after=None
[2025-03-21T20:51:14.309+0000] {logging_mixin.py:190} INFO - [2025-03-21T20:51:14.309+0000] {dag.py:4180} INFO - Setting next_dagrun for dataset_s3_bucket_producer to None, run_after=None
[2025-03-21T20:51:14.326+0000] {processor.py:208} INFO - Processing /home/usmail/sys_fraud/sys_detection_frauds/lib/python3.12/site-packages/airflow/example_dags/example_dataset_alias.py took 0.088 seconds
[2025-03-21T20:52:09.160+0000] {processor.py:186} INFO - Started process (PID=3724866) to work on /home/usmail/sys_fraud/sys_detection_frauds/lib/python3.12/site-packages/airflow/example_dags/example_dataset_alias.py
[2025-03-21T20:52:09.168+0000] {processor.py:914} INFO - Processing file /home/usmail/sys_fraud/sys_detection_frauds/lib/python3.12/site-packages/airflow/example_dags/example_dataset_alias.py for tasks to queue
[2025-03-21T20:52:09.170+0000] {logging_mixin.py:190} INFO - [2025-03-21T20:52:09.169+0000] {dagbag.py:588} INFO - Filling up the DagBag from /home/usmail/sys_fraud/sys_detection_frauds/lib/python3.12/site-packages/airflow/example_dags/example_dataset_alias.py
[2025-03-21T20:52:09.185+0000] {processor.py:925} INFO - DAG(s) 'dataset_s3_bucket_producer', 'dataset_alias_example_alias_producer', 'dataset_alias_example_alias_consumer', 'dataset_s3_bucket_consumer' retrieved from /home/usmail/sys_fraud/sys_detection_frauds/lib/python3.12/site-packages/airflow/example_dags/example_dataset_alias.py
[2025-03-21T20:52:09.196+0000] {logging_mixin.py:190} INFO - [2025-03-21T20:52:09.196+0000] {dag.py:3239} INFO - Sync 4 DAGs
[2025-03-21T20:52:09.207+0000] {logging_mixin.py:190} INFO - [2025-03-21T20:52:09.207+0000] {dag.py:4180} INFO - Setting next_dagrun for dataset_alias_example_alias_consumer to None, run_after=None
[2025-03-21T20:52:09.209+0000] {logging_mixin.py:190} INFO - [2025-03-21T20:52:09.209+0000] {dag.py:4180} INFO - Setting next_dagrun for dataset_alias_example_alias_producer to None, run_after=None
[2025-03-21T20:52:09.209+0000] {logging_mixin.py:190} INFO - [2025-03-21T20:52:09.209+0000] {dag.py:4180} INFO - Setting next_dagrun for dataset_s3_bucket_consumer to None, run_after=None
[2025-03-21T20:52:09.210+0000] {logging_mixin.py:190} INFO - [2025-03-21T20:52:09.210+0000] {dag.py:4180} INFO - Setting next_dagrun for dataset_s3_bucket_producer to None, run_after=None
[2025-03-21T20:52:09.223+0000] {processor.py:208} INFO - Processing /home/usmail/sys_fraud/sys_detection_frauds/lib/python3.12/site-packages/airflow/example_dags/example_dataset_alias.py took 0.067 seconds
[2025-03-21T20:53:27.225+0000] {processor.py:186} INFO - Started process (PID=3725734) to work on /home/usmail/sys_fraud/sys_detection_frauds/lib/python3.12/site-packages/airflow/example_dags/example_dataset_alias.py
[2025-03-21T20:53:27.233+0000] {processor.py:914} INFO - Processing file /home/usmail/sys_fraud/sys_detection_frauds/lib/python3.12/site-packages/airflow/example_dags/example_dataset_alias.py for tasks to queue
[2025-03-21T20:53:27.237+0000] {logging_mixin.py:190} INFO - [2025-03-21T20:53:27.236+0000] {dagbag.py:588} INFO - Filling up the DagBag from /home/usmail/sys_fraud/sys_detection_frauds/lib/python3.12/site-packages/airflow/example_dags/example_dataset_alias.py
[2025-03-21T20:53:27.252+0000] {processor.py:925} INFO - DAG(s) 'dataset_alias_example_alias_consumer', 'dataset_s3_bucket_producer', 'dataset_alias_example_alias_producer', 'dataset_s3_bucket_consumer' retrieved from /home/usmail/sys_fraud/sys_detection_frauds/lib/python3.12/site-packages/airflow/example_dags/example_dataset_alias.py
[2025-03-21T20:53:27.265+0000] {logging_mixin.py:190} INFO - [2025-03-21T20:53:27.265+0000] {dag.py:3239} INFO - Sync 4 DAGs
[2025-03-21T20:53:27.277+0000] {logging_mixin.py:190} INFO - [2025-03-21T20:53:27.276+0000] {dag.py:4180} INFO - Setting next_dagrun for dataset_alias_example_alias_consumer to None, run_after=None
[2025-03-21T20:53:27.278+0000] {logging_mixin.py:190} INFO - [2025-03-21T20:53:27.278+0000] {dag.py:4180} INFO - Setting next_dagrun for dataset_alias_example_alias_producer to None, run_after=None
[2025-03-21T20:53:27.279+0000] {logging_mixin.py:190} INFO - [2025-03-21T20:53:27.279+0000] {dag.py:4180} INFO - Setting next_dagrun for dataset_s3_bucket_consumer to None, run_after=None
[2025-03-21T20:53:27.281+0000] {logging_mixin.py:190} INFO - [2025-03-21T20:53:27.281+0000] {dag.py:4180} INFO - Setting next_dagrun for dataset_s3_bucket_producer to None, run_after=None
[2025-03-21T20:53:27.297+0000] {processor.py:208} INFO - Processing /home/usmail/sys_fraud/sys_detection_frauds/lib/python3.12/site-packages/airflow/example_dags/example_dataset_alias.py took 0.079 seconds
[2025-03-21T20:54:47.640+0000] {processor.py:186} INFO - Started process (PID=3726762) to work on /home/usmail/sys_fraud/sys_detection_frauds/lib/python3.12/site-packages/airflow/example_dags/example_dataset_alias.py
[2025-03-21T20:54:47.649+0000] {processor.py:914} INFO - Processing file /home/usmail/sys_fraud/sys_detection_frauds/lib/python3.12/site-packages/airflow/example_dags/example_dataset_alias.py for tasks to queue
[2025-03-21T20:54:47.651+0000] {logging_mixin.py:190} INFO - [2025-03-21T20:54:47.651+0000] {dagbag.py:588} INFO - Filling up the DagBag from /home/usmail/sys_fraud/sys_detection_frauds/lib/python3.12/site-packages/airflow/example_dags/example_dataset_alias.py
[2025-03-21T20:54:47.670+0000] {processor.py:925} INFO - DAG(s) 'dataset_s3_bucket_consumer', 'dataset_s3_bucket_producer', 'dataset_alias_example_alias_consumer', 'dataset_alias_example_alias_producer' retrieved from /home/usmail/sys_fraud/sys_detection_frauds/lib/python3.12/site-packages/airflow/example_dags/example_dataset_alias.py
[2025-03-21T20:54:47.682+0000] {logging_mixin.py:190} INFO - [2025-03-21T20:54:47.682+0000] {dag.py:3239} INFO - Sync 4 DAGs
[2025-03-21T20:54:47.697+0000] {logging_mixin.py:190} INFO - [2025-03-21T20:54:47.697+0000] {dag.py:4180} INFO - Setting next_dagrun for dataset_alias_example_alias_consumer to None, run_after=None
[2025-03-21T20:54:47.699+0000] {logging_mixin.py:190} INFO - [2025-03-21T20:54:47.699+0000] {dag.py:4180} INFO - Setting next_dagrun for dataset_alias_example_alias_producer to None, run_after=None
[2025-03-21T20:54:47.700+0000] {logging_mixin.py:190} INFO - [2025-03-21T20:54:47.700+0000] {dag.py:4180} INFO - Setting next_dagrun for dataset_s3_bucket_consumer to None, run_after=None
[2025-03-21T20:54:47.701+0000] {logging_mixin.py:190} INFO - [2025-03-21T20:54:47.701+0000] {dag.py:4180} INFO - Setting next_dagrun for dataset_s3_bucket_producer to None, run_after=None
[2025-03-21T20:54:47.719+0000] {processor.py:208} INFO - Processing /home/usmail/sys_fraud/sys_detection_frauds/lib/python3.12/site-packages/airflow/example_dags/example_dataset_alias.py took 0.083 seconds
[2025-03-21T20:56:01.609+0000] {processor.py:186} INFO - Started process (PID=3727688) to work on /home/usmail/sys_fraud/sys_detection_frauds/lib/python3.12/site-packages/airflow/example_dags/example_dataset_alias.py
[2025-03-21T20:56:01.618+0000] {processor.py:914} INFO - Processing file /home/usmail/sys_fraud/sys_detection_frauds/lib/python3.12/site-packages/airflow/example_dags/example_dataset_alias.py for tasks to queue
[2025-03-21T20:56:01.622+0000] {logging_mixin.py:190} INFO - [2025-03-21T20:56:01.621+0000] {dagbag.py:588} INFO - Filling up the DagBag from /home/usmail/sys_fraud/sys_detection_frauds/lib/python3.12/site-packages/airflow/example_dags/example_dataset_alias.py
[2025-03-21T20:56:01.641+0000] {processor.py:925} INFO - DAG(s) 'dataset_alias_example_alias_producer', 'dataset_alias_example_alias_consumer', 'dataset_s3_bucket_producer', 'dataset_s3_bucket_consumer' retrieved from /home/usmail/sys_fraud/sys_detection_frauds/lib/python3.12/site-packages/airflow/example_dags/example_dataset_alias.py
[2025-03-21T20:56:01.653+0000] {logging_mixin.py:190} INFO - [2025-03-21T20:56:01.653+0000] {dag.py:3239} INFO - Sync 4 DAGs
[2025-03-21T20:56:01.666+0000] {logging_mixin.py:190} INFO - [2025-03-21T20:56:01.666+0000] {dag.py:4180} INFO - Setting next_dagrun for dataset_alias_example_alias_consumer to None, run_after=None
[2025-03-21T20:56:01.668+0000] {logging_mixin.py:190} INFO - [2025-03-21T20:56:01.668+0000] {dag.py:4180} INFO - Setting next_dagrun for dataset_alias_example_alias_producer to None, run_after=None
[2025-03-21T20:56:01.669+0000] {logging_mixin.py:190} INFO - [2025-03-21T20:56:01.668+0000] {dag.py:4180} INFO - Setting next_dagrun for dataset_s3_bucket_consumer to None, run_after=None
[2025-03-21T20:56:01.669+0000] {logging_mixin.py:190} INFO - [2025-03-21T20:56:01.669+0000] {dag.py:4180} INFO - Setting next_dagrun for dataset_s3_bucket_producer to None, run_after=None
[2025-03-21T20:56:01.682+0000] {processor.py:208} INFO - Processing /home/usmail/sys_fraud/sys_detection_frauds/lib/python3.12/site-packages/airflow/example_dags/example_dataset_alias.py took 0.081 seconds
[2025-03-21T20:57:19.871+0000] {processor.py:186} INFO - Started process (PID=3728823) to work on /home/usmail/sys_fraud/sys_detection_frauds/lib/python3.12/site-packages/airflow/example_dags/example_dataset_alias.py
[2025-03-21T20:57:19.874+0000] {processor.py:914} INFO - Processing file /home/usmail/sys_fraud/sys_detection_frauds/lib/python3.12/site-packages/airflow/example_dags/example_dataset_alias.py for tasks to queue
[2025-03-21T20:57:19.876+0000] {logging_mixin.py:190} INFO - [2025-03-21T20:57:19.876+0000] {dagbag.py:588} INFO - Filling up the DagBag from /home/usmail/sys_fraud/sys_detection_frauds/lib/python3.12/site-packages/airflow/example_dags/example_dataset_alias.py
[2025-03-21T20:57:19.893+0000] {processor.py:925} INFO - DAG(s) 'dataset_s3_bucket_consumer', 'dataset_alias_example_alias_producer', 'dataset_alias_example_alias_consumer', 'dataset_s3_bucket_producer' retrieved from /home/usmail/sys_fraud/sys_detection_frauds/lib/python3.12/site-packages/airflow/example_dags/example_dataset_alias.py
[2025-03-21T20:57:19.907+0000] {logging_mixin.py:190} INFO - [2025-03-21T20:57:19.906+0000] {dag.py:3239} INFO - Sync 4 DAGs
[2025-03-21T20:57:19.919+0000] {logging_mixin.py:190} INFO - [2025-03-21T20:57:19.918+0000] {dag.py:4180} INFO - Setting next_dagrun for dataset_alias_example_alias_consumer to None, run_after=None
[2025-03-21T20:57:19.920+0000] {logging_mixin.py:190} INFO - [2025-03-21T20:57:19.920+0000] {dag.py:4180} INFO - Setting next_dagrun for dataset_alias_example_alias_producer to None, run_after=None
[2025-03-21T20:57:19.921+0000] {logging_mixin.py:190} INFO - [2025-03-21T20:57:19.920+0000] {dag.py:4180} INFO - Setting next_dagrun for dataset_s3_bucket_consumer to None, run_after=None
[2025-03-21T20:57:19.921+0000] {logging_mixin.py:190} INFO - [2025-03-21T20:57:19.921+0000] {dag.py:4180} INFO - Setting next_dagrun for dataset_s3_bucket_producer to None, run_after=None
[2025-03-21T20:57:19.936+0000] {processor.py:208} INFO - Processing /home/usmail/sys_fraud/sys_detection_frauds/lib/python3.12/site-packages/airflow/example_dags/example_dataset_alias.py took 0.070 seconds
[2025-03-21T20:58:35.909+0000] {processor.py:186} INFO - Started process (PID=3729702) to work on /home/usmail/sys_fraud/sys_detection_frauds/lib/python3.12/site-packages/airflow/example_dags/example_dataset_alias.py
[2025-03-21T20:58:35.911+0000] {processor.py:914} INFO - Processing file /home/usmail/sys_fraud/sys_detection_frauds/lib/python3.12/site-packages/airflow/example_dags/example_dataset_alias.py for tasks to queue
[2025-03-21T20:58:35.913+0000] {logging_mixin.py:190} INFO - [2025-03-21T20:58:35.912+0000] {dagbag.py:588} INFO - Filling up the DagBag from /home/usmail/sys_fraud/sys_detection_frauds/lib/python3.12/site-packages/airflow/example_dags/example_dataset_alias.py
[2025-03-21T20:58:35.928+0000] {processor.py:925} INFO - DAG(s) 'dataset_s3_bucket_producer', 'dataset_alias_example_alias_consumer', 'dataset_alias_example_alias_producer', 'dataset_s3_bucket_consumer' retrieved from /home/usmail/sys_fraud/sys_detection_frauds/lib/python3.12/site-packages/airflow/example_dags/example_dataset_alias.py
[2025-03-21T20:58:35.940+0000] {logging_mixin.py:190} INFO - [2025-03-21T20:58:35.940+0000] {dag.py:3239} INFO - Sync 4 DAGs
[2025-03-21T20:58:35.952+0000] {logging_mixin.py:190} INFO - [2025-03-21T20:58:35.952+0000] {dag.py:4180} INFO - Setting next_dagrun for dataset_alias_example_alias_consumer to None, run_after=None
[2025-03-21T20:58:35.954+0000] {logging_mixin.py:190} INFO - [2025-03-21T20:58:35.953+0000] {dag.py:4180} INFO - Setting next_dagrun for dataset_alias_example_alias_producer to None, run_after=None
[2025-03-21T20:58:35.954+0000] {logging_mixin.py:190} INFO - [2025-03-21T20:58:35.954+0000] {dag.py:4180} INFO - Setting next_dagrun for dataset_s3_bucket_consumer to None, run_after=None
[2025-03-21T20:58:35.955+0000] {logging_mixin.py:190} INFO - [2025-03-21T20:58:35.955+0000] {dag.py:4180} INFO - Setting next_dagrun for dataset_s3_bucket_producer to None, run_after=None
[2025-03-21T20:58:35.969+0000] {processor.py:208} INFO - Processing /home/usmail/sys_fraud/sys_detection_frauds/lib/python3.12/site-packages/airflow/example_dags/example_dataset_alias.py took 0.067 seconds
[2025-03-21T21:00:06.074+0000] {processor.py:186} INFO - Started process (PID=3730923) to work on /home/usmail/sys_fraud/sys_detection_frauds/lib/python3.12/site-packages/airflow/example_dags/example_dataset_alias.py
[2025-03-21T21:00:06.083+0000] {processor.py:914} INFO - Processing file /home/usmail/sys_fraud/sys_detection_frauds/lib/python3.12/site-packages/airflow/example_dags/example_dataset_alias.py for tasks to queue
[2025-03-21T21:00:06.087+0000] {logging_mixin.py:190} INFO - [2025-03-21T21:00:06.086+0000] {dagbag.py:588} INFO - Filling up the DagBag from /home/usmail/sys_fraud/sys_detection_frauds/lib/python3.12/site-packages/airflow/example_dags/example_dataset_alias.py
[2025-03-21T21:00:06.104+0000] {processor.py:925} INFO - DAG(s) 'dataset_alias_example_alias_consumer', 'dataset_alias_example_alias_producer', 'dataset_s3_bucket_producer', 'dataset_s3_bucket_consumer' retrieved from /home/usmail/sys_fraud/sys_detection_frauds/lib/python3.12/site-packages/airflow/example_dags/example_dataset_alias.py
[2025-03-21T21:00:06.117+0000] {logging_mixin.py:190} INFO - [2025-03-21T21:00:06.117+0000] {dag.py:3239} INFO - Sync 4 DAGs
[2025-03-21T21:00:06.130+0000] {logging_mixin.py:190} INFO - [2025-03-21T21:00:06.129+0000] {dag.py:4180} INFO - Setting next_dagrun for dataset_alias_example_alias_consumer to None, run_after=None
[2025-03-21T21:00:06.131+0000] {logging_mixin.py:190} INFO - [2025-03-21T21:00:06.131+0000] {dag.py:4180} INFO - Setting next_dagrun for dataset_alias_example_alias_producer to None, run_after=None
[2025-03-21T21:00:06.131+0000] {logging_mixin.py:190} INFO - [2025-03-21T21:00:06.131+0000] {dag.py:4180} INFO - Setting next_dagrun for dataset_s3_bucket_consumer to None, run_after=None
[2025-03-21T21:00:06.132+0000] {logging_mixin.py:190} INFO - [2025-03-21T21:00:06.132+0000] {dag.py:4180} INFO - Setting next_dagrun for dataset_s3_bucket_producer to None, run_after=None
[2025-03-21T21:00:06.150+0000] {processor.py:208} INFO - Processing /home/usmail/sys_fraud/sys_detection_frauds/lib/python3.12/site-packages/airflow/example_dags/example_dataset_alias.py took 0.081 seconds
[2025-03-21T21:01:03.101+0000] {processor.py:186} INFO - Started process (PID=3731692) to work on /home/usmail/sys_fraud/sys_detection_frauds/lib/python3.12/site-packages/airflow/example_dags/example_dataset_alias.py
[2025-03-21T21:01:03.111+0000] {processor.py:914} INFO - Processing file /home/usmail/sys_fraud/sys_detection_frauds/lib/python3.12/site-packages/airflow/example_dags/example_dataset_alias.py for tasks to queue
[2025-03-21T21:01:03.113+0000] {logging_mixin.py:190} INFO - [2025-03-21T21:01:03.112+0000] {dagbag.py:588} INFO - Filling up the DagBag from /home/usmail/sys_fraud/sys_detection_frauds/lib/python3.12/site-packages/airflow/example_dags/example_dataset_alias.py
[2025-03-21T21:01:03.130+0000] {processor.py:925} INFO - DAG(s) 'dataset_s3_bucket_producer', 'dataset_s3_bucket_consumer', 'dataset_alias_example_alias_consumer', 'dataset_alias_example_alias_producer' retrieved from /home/usmail/sys_fraud/sys_detection_frauds/lib/python3.12/site-packages/airflow/example_dags/example_dataset_alias.py
[2025-03-21T21:01:03.141+0000] {logging_mixin.py:190} INFO - [2025-03-21T21:01:03.141+0000] {dag.py:3239} INFO - Sync 4 DAGs
[2025-03-21T21:01:03.151+0000] {logging_mixin.py:190} INFO - [2025-03-21T21:01:03.151+0000] {dag.py:4180} INFO - Setting next_dagrun for dataset_alias_example_alias_consumer to None, run_after=None
[2025-03-21T21:01:03.152+0000] {logging_mixin.py:190} INFO - [2025-03-21T21:01:03.152+0000] {dag.py:4180} INFO - Setting next_dagrun for dataset_alias_example_alias_producer to None, run_after=None
[2025-03-21T21:01:03.153+0000] {logging_mixin.py:190} INFO - [2025-03-21T21:01:03.153+0000] {dag.py:4180} INFO - Setting next_dagrun for dataset_s3_bucket_consumer to None, run_after=None
[2025-03-21T21:01:03.153+0000] {logging_mixin.py:190} INFO - [2025-03-21T21:01:03.153+0000] {dag.py:4180} INFO - Setting next_dagrun for dataset_s3_bucket_producer to None, run_after=None
[2025-03-21T21:01:03.177+0000] {processor.py:208} INFO - Processing /home/usmail/sys_fraud/sys_detection_frauds/lib/python3.12/site-packages/airflow/example_dags/example_dataset_alias.py took 0.082 seconds
[2025-03-21T21:01:58.432+0000] {processor.py:186} INFO - Started process (PID=3732358) to work on /home/usmail/sys_fraud/sys_detection_frauds/lib/python3.12/site-packages/airflow/example_dags/example_dataset_alias.py
[2025-03-21T21:01:58.441+0000] {processor.py:914} INFO - Processing file /home/usmail/sys_fraud/sys_detection_frauds/lib/python3.12/site-packages/airflow/example_dags/example_dataset_alias.py for tasks to queue
[2025-03-21T21:01:58.445+0000] {logging_mixin.py:190} INFO - [2025-03-21T21:01:58.444+0000] {dagbag.py:588} INFO - Filling up the DagBag from /home/usmail/sys_fraud/sys_detection_frauds/lib/python3.12/site-packages/airflow/example_dags/example_dataset_alias.py
[2025-03-21T21:01:58.462+0000] {processor.py:925} INFO - DAG(s) 'dataset_alias_example_alias_consumer', 'dataset_alias_example_alias_producer', 'dataset_s3_bucket_producer', 'dataset_s3_bucket_consumer' retrieved from /home/usmail/sys_fraud/sys_detection_frauds/lib/python3.12/site-packages/airflow/example_dags/example_dataset_alias.py
[2025-03-21T21:01:58.474+0000] {logging_mixin.py:190} INFO - [2025-03-21T21:01:58.474+0000] {dag.py:3239} INFO - Sync 4 DAGs
[2025-03-21T21:01:58.486+0000] {logging_mixin.py:190} INFO - [2025-03-21T21:01:58.485+0000] {dag.py:4180} INFO - Setting next_dagrun for dataset_alias_example_alias_consumer to None, run_after=None
[2025-03-21T21:01:58.487+0000] {logging_mixin.py:190} INFO - [2025-03-21T21:01:58.487+0000] {dag.py:4180} INFO - Setting next_dagrun for dataset_alias_example_alias_producer to None, run_after=None
[2025-03-21T21:01:58.487+0000] {logging_mixin.py:190} INFO - [2025-03-21T21:01:58.487+0000] {dag.py:4180} INFO - Setting next_dagrun for dataset_s3_bucket_consumer to None, run_after=None
[2025-03-21T21:01:58.488+0000] {logging_mixin.py:190} INFO - [2025-03-21T21:01:58.488+0000] {dag.py:4180} INFO - Setting next_dagrun for dataset_s3_bucket_producer to None, run_after=None
[2025-03-21T21:01:58.510+0000] {processor.py:208} INFO - Processing /home/usmail/sys_fraud/sys_detection_frauds/lib/python3.12/site-packages/airflow/example_dags/example_dataset_alias.py took 0.086 seconds
[2025-03-21T21:03:17.960+0000] {processor.py:186} INFO - Started process (PID=3733419) to work on /home/usmail/sys_fraud/sys_detection_frauds/lib/python3.12/site-packages/airflow/example_dags/example_dataset_alias.py
[2025-03-21T21:03:17.961+0000] {processor.py:914} INFO - Processing file /home/usmail/sys_fraud/sys_detection_frauds/lib/python3.12/site-packages/airflow/example_dags/example_dataset_alias.py for tasks to queue
[2025-03-21T21:03:17.964+0000] {logging_mixin.py:190} INFO - [2025-03-21T21:03:17.963+0000] {dagbag.py:588} INFO - Filling up the DagBag from /home/usmail/sys_fraud/sys_detection_frauds/lib/python3.12/site-packages/airflow/example_dags/example_dataset_alias.py
[2025-03-21T21:03:17.978+0000] {processor.py:925} INFO - DAG(s) 'dataset_s3_bucket_producer', 'dataset_alias_example_alias_producer', 'dataset_alias_example_alias_consumer', 'dataset_s3_bucket_consumer' retrieved from /home/usmail/sys_fraud/sys_detection_frauds/lib/python3.12/site-packages/airflow/example_dags/example_dataset_alias.py
[2025-03-21T21:03:17.989+0000] {logging_mixin.py:190} INFO - [2025-03-21T21:03:17.989+0000] {dag.py:3239} INFO - Sync 4 DAGs
[2025-03-21T21:03:17.999+0000] {logging_mixin.py:190} INFO - [2025-03-21T21:03:17.999+0000] {dag.py:4180} INFO - Setting next_dagrun for dataset_alias_example_alias_consumer to None, run_after=None
[2025-03-21T21:03:18.000+0000] {logging_mixin.py:190} INFO - [2025-03-21T21:03:18.000+0000] {dag.py:4180} INFO - Setting next_dagrun for dataset_alias_example_alias_producer to None, run_after=None
[2025-03-21T21:03:18.001+0000] {logging_mixin.py:190} INFO - [2025-03-21T21:03:18.001+0000] {dag.py:4180} INFO - Setting next_dagrun for dataset_s3_bucket_consumer to None, run_after=None
[2025-03-21T21:03:18.001+0000] {logging_mixin.py:190} INFO - [2025-03-21T21:03:18.001+0000] {dag.py:4180} INFO - Setting next_dagrun for dataset_s3_bucket_producer to None, run_after=None
[2025-03-21T21:03:18.015+0000] {processor.py:208} INFO - Processing /home/usmail/sys_fraud/sys_detection_frauds/lib/python3.12/site-packages/airflow/example_dags/example_dataset_alias.py took 0.063 seconds
[2025-03-21T21:04:40.773+0000] {processor.py:186} INFO - Started process (PID=3734517) to work on /home/usmail/sys_fraud/sys_detection_frauds/lib/python3.12/site-packages/airflow/example_dags/example_dataset_alias.py
[2025-03-21T21:04:40.782+0000] {processor.py:914} INFO - Processing file /home/usmail/sys_fraud/sys_detection_frauds/lib/python3.12/site-packages/airflow/example_dags/example_dataset_alias.py for tasks to queue
[2025-03-21T21:04:40.783+0000] {logging_mixin.py:190} INFO - [2025-03-21T21:04:40.783+0000] {dagbag.py:588} INFO - Filling up the DagBag from /home/usmail/sys_fraud/sys_detection_frauds/lib/python3.12/site-packages/airflow/example_dags/example_dataset_alias.py
[2025-03-21T21:04:40.797+0000] {processor.py:925} INFO - DAG(s) 'dataset_alias_example_alias_producer', 'dataset_s3_bucket_producer', 'dataset_s3_bucket_consumer', 'dataset_alias_example_alias_consumer' retrieved from /home/usmail/sys_fraud/sys_detection_frauds/lib/python3.12/site-packages/airflow/example_dags/example_dataset_alias.py
[2025-03-21T21:04:40.809+0000] {logging_mixin.py:190} INFO - [2025-03-21T21:04:40.808+0000] {dag.py:3239} INFO - Sync 4 DAGs
[2025-03-21T21:04:40.821+0000] {logging_mixin.py:190} INFO - [2025-03-21T21:04:40.821+0000] {dag.py:4180} INFO - Setting next_dagrun for dataset_alias_example_alias_consumer to None, run_after=None
[2025-03-21T21:04:40.822+0000] {logging_mixin.py:190} INFO - [2025-03-21T21:04:40.822+0000] {dag.py:4180} INFO - Setting next_dagrun for dataset_alias_example_alias_producer to None, run_after=None
[2025-03-21T21:04:40.822+0000] {logging_mixin.py:190} INFO - [2025-03-21T21:04:40.822+0000] {dag.py:4180} INFO - Setting next_dagrun for dataset_s3_bucket_consumer to None, run_after=None
[2025-03-21T21:04:40.823+0000] {logging_mixin.py:190} INFO - [2025-03-21T21:04:40.823+0000] {dag.py:4180} INFO - Setting next_dagrun for dataset_s3_bucket_producer to None, run_after=None
[2025-03-21T21:04:40.839+0000] {processor.py:208} INFO - Processing /home/usmail/sys_fraud/sys_detection_frauds/lib/python3.12/site-packages/airflow/example_dags/example_dataset_alias.py took 0.070 seconds
[2025-03-21T21:05:34.343+0000] {processor.py:186} INFO - Started process (PID=3735355) to work on /home/usmail/sys_fraud/sys_detection_frauds/lib/python3.12/site-packages/airflow/example_dags/example_dataset_alias.py
[2025-03-21T21:05:34.352+0000] {processor.py:914} INFO - Processing file /home/usmail/sys_fraud/sys_detection_frauds/lib/python3.12/site-packages/airflow/example_dags/example_dataset_alias.py for tasks to queue
[2025-03-21T21:05:34.353+0000] {logging_mixin.py:190} INFO - [2025-03-21T21:05:34.353+0000] {dagbag.py:588} INFO - Filling up the DagBag from /home/usmail/sys_fraud/sys_detection_frauds/lib/python3.12/site-packages/airflow/example_dags/example_dataset_alias.py
[2025-03-21T21:05:34.368+0000] {processor.py:925} INFO - DAG(s) 'dataset_alias_example_alias_consumer', 'dataset_alias_example_alias_producer', 'dataset_s3_bucket_producer', 'dataset_s3_bucket_consumer' retrieved from /home/usmail/sys_fraud/sys_detection_frauds/lib/python3.12/site-packages/airflow/example_dags/example_dataset_alias.py
[2025-03-21T21:05:34.380+0000] {logging_mixin.py:190} INFO - [2025-03-21T21:05:34.379+0000] {dag.py:3239} INFO - Sync 4 DAGs
[2025-03-21T21:05:34.392+0000] {logging_mixin.py:190} INFO - [2025-03-21T21:05:34.392+0000] {dag.py:4180} INFO - Setting next_dagrun for dataset_alias_example_alias_consumer to None, run_after=None
[2025-03-21T21:05:34.394+0000] {logging_mixin.py:190} INFO - [2025-03-21T21:05:34.394+0000] {dag.py:4180} INFO - Setting next_dagrun for dataset_alias_example_alias_producer to None, run_after=None
[2025-03-21T21:05:34.394+0000] {logging_mixin.py:190} INFO - [2025-03-21T21:05:34.394+0000] {dag.py:4180} INFO - Setting next_dagrun for dataset_s3_bucket_consumer to None, run_after=None
[2025-03-21T21:05:34.395+0000] {logging_mixin.py:190} INFO - [2025-03-21T21:05:34.395+0000] {dag.py:4180} INFO - Setting next_dagrun for dataset_s3_bucket_producer to None, run_after=None
[2025-03-21T21:05:34.413+0000] {processor.py:208} INFO - Processing /home/usmail/sys_fraud/sys_detection_frauds/lib/python3.12/site-packages/airflow/example_dags/example_dataset_alias.py took 0.077 seconds
[2025-03-21T21:06:29.987+0000] {processor.py:186} INFO - Started process (PID=3736588) to work on /home/usmail/sys_fraud/sys_detection_frauds/lib/python3.12/site-packages/airflow/example_dags/example_dataset_alias.py
[2025-03-21T21:06:29.988+0000] {processor.py:914} INFO - Processing file /home/usmail/sys_fraud/sys_detection_frauds/lib/python3.12/site-packages/airflow/example_dags/example_dataset_alias.py for tasks to queue
[2025-03-21T21:06:29.990+0000] {logging_mixin.py:190} INFO - [2025-03-21T21:06:29.990+0000] {dagbag.py:588} INFO - Filling up the DagBag from /home/usmail/sys_fraud/sys_detection_frauds/lib/python3.12/site-packages/airflow/example_dags/example_dataset_alias.py
[2025-03-21T21:06:30.005+0000] {processor.py:925} INFO - DAG(s) 'dataset_alias_example_alias_consumer', 'dataset_alias_example_alias_producer', 'dataset_s3_bucket_consumer', 'dataset_s3_bucket_producer' retrieved from /home/usmail/sys_fraud/sys_detection_frauds/lib/python3.12/site-packages/airflow/example_dags/example_dataset_alias.py
[2025-03-21T21:06:30.016+0000] {logging_mixin.py:190} INFO - [2025-03-21T21:06:30.016+0000] {dag.py:3239} INFO - Sync 4 DAGs
[2025-03-21T21:06:30.026+0000] {logging_mixin.py:190} INFO - [2025-03-21T21:06:30.026+0000] {dag.py:4180} INFO - Setting next_dagrun for dataset_alias_example_alias_consumer to None, run_after=None
[2025-03-21T21:06:30.028+0000] {logging_mixin.py:190} INFO - [2025-03-21T21:06:30.027+0000] {dag.py:4180} INFO - Setting next_dagrun for dataset_alias_example_alias_producer to None, run_after=None
[2025-03-21T21:06:30.028+0000] {logging_mixin.py:190} INFO - [2025-03-21T21:06:30.028+0000] {dag.py:4180} INFO - Setting next_dagrun for dataset_s3_bucket_consumer to None, run_after=None
[2025-03-21T21:06:30.028+0000] {logging_mixin.py:190} INFO - [2025-03-21T21:06:30.028+0000] {dag.py:4180} INFO - Setting next_dagrun for dataset_s3_bucket_producer to None, run_after=None
[2025-03-21T21:06:30.049+0000] {processor.py:208} INFO - Processing /home/usmail/sys_fraud/sys_detection_frauds/lib/python3.12/site-packages/airflow/example_dags/example_dataset_alias.py took 0.073 seconds
[2025-03-21T21:07:46.053+0000] {processor.py:186} INFO - Started process (PID=3737661) to work on /home/usmail/sys_fraud/sys_detection_frauds/lib/python3.12/site-packages/airflow/example_dags/example_dataset_alias.py
[2025-03-21T21:07:46.061+0000] {processor.py:914} INFO - Processing file /home/usmail/sys_fraud/sys_detection_frauds/lib/python3.12/site-packages/airflow/example_dags/example_dataset_alias.py for tasks to queue
[2025-03-21T21:07:46.063+0000] {logging_mixin.py:190} INFO - [2025-03-21T21:07:46.063+0000] {dagbag.py:588} INFO - Filling up the DagBag from /home/usmail/sys_fraud/sys_detection_frauds/lib/python3.12/site-packages/airflow/example_dags/example_dataset_alias.py
[2025-03-21T21:07:46.077+0000] {processor.py:925} INFO - DAG(s) 'dataset_s3_bucket_producer', 'dataset_alias_example_alias_consumer', 'dataset_s3_bucket_consumer', 'dataset_alias_example_alias_producer' retrieved from /home/usmail/sys_fraud/sys_detection_frauds/lib/python3.12/site-packages/airflow/example_dags/example_dataset_alias.py
[2025-03-21T21:07:46.088+0000] {logging_mixin.py:190} INFO - [2025-03-21T21:07:46.087+0000] {dag.py:3239} INFO - Sync 4 DAGs
[2025-03-21T21:07:46.099+0000] {logging_mixin.py:190} INFO - [2025-03-21T21:07:46.099+0000] {dag.py:4180} INFO - Setting next_dagrun for dataset_alias_example_alias_consumer to None, run_after=None
[2025-03-21T21:07:46.100+0000] {logging_mixin.py:190} INFO - [2025-03-21T21:07:46.100+0000] {dag.py:4180} INFO - Setting next_dagrun for dataset_alias_example_alias_producer to None, run_after=None
[2025-03-21T21:07:46.101+0000] {logging_mixin.py:190} INFO - [2025-03-21T21:07:46.100+0000] {dag.py:4180} INFO - Setting next_dagrun for dataset_s3_bucket_consumer to None, run_after=None
[2025-03-21T21:07:46.101+0000] {logging_mixin.py:190} INFO - [2025-03-21T21:07:46.101+0000] {dag.py:4180} INFO - Setting next_dagrun for dataset_s3_bucket_producer to None, run_after=None
[2025-03-21T21:07:46.116+0000] {processor.py:208} INFO - Processing /home/usmail/sys_fraud/sys_detection_frauds/lib/python3.12/site-packages/airflow/example_dags/example_dataset_alias.py took 0.074 seconds
[2025-03-21T21:08:43.041+0000] {processor.py:186} INFO - Started process (PID=3738389) to work on /home/usmail/sys_fraud/sys_detection_frauds/lib/python3.12/site-packages/airflow/example_dags/example_dataset_alias.py
[2025-03-21T21:08:43.050+0000] {processor.py:914} INFO - Processing file /home/usmail/sys_fraud/sys_detection_frauds/lib/python3.12/site-packages/airflow/example_dags/example_dataset_alias.py for tasks to queue
[2025-03-21T21:08:43.053+0000] {logging_mixin.py:190} INFO - [2025-03-21T21:08:43.052+0000] {dagbag.py:588} INFO - Filling up the DagBag from /home/usmail/sys_fraud/sys_detection_frauds/lib/python3.12/site-packages/airflow/example_dags/example_dataset_alias.py
[2025-03-21T21:08:43.088+0000] {processor.py:925} INFO - DAG(s) 'dataset_alias_example_alias_consumer', 'dataset_s3_bucket_consumer', 'dataset_s3_bucket_producer', 'dataset_alias_example_alias_producer' retrieved from /home/usmail/sys_fraud/sys_detection_frauds/lib/python3.12/site-packages/airflow/example_dags/example_dataset_alias.py
[2025-03-21T21:08:43.108+0000] {logging_mixin.py:190} INFO - [2025-03-21T21:08:43.108+0000] {dag.py:3239} INFO - Sync 4 DAGs
[2025-03-21T21:08:43.123+0000] {logging_mixin.py:190} INFO - [2025-03-21T21:08:43.122+0000] {dag.py:4180} INFO - Setting next_dagrun for dataset_alias_example_alias_consumer to None, run_after=None
[2025-03-21T21:08:43.124+0000] {logging_mixin.py:190} INFO - [2025-03-21T21:08:43.124+0000] {dag.py:4180} INFO - Setting next_dagrun for dataset_alias_example_alias_producer to None, run_after=None
[2025-03-21T21:08:43.125+0000] {logging_mixin.py:190} INFO - [2025-03-21T21:08:43.125+0000] {dag.py:4180} INFO - Setting next_dagrun for dataset_s3_bucket_consumer to None, run_after=None
[2025-03-21T21:08:43.126+0000] {logging_mixin.py:190} INFO - [2025-03-21T21:08:43.126+0000] {dag.py:4180} INFO - Setting next_dagrun for dataset_s3_bucket_producer to None, run_after=None
[2025-03-21T21:08:43.144+0000] {processor.py:208} INFO - Processing /home/usmail/sys_fraud/sys_detection_frauds/lib/python3.12/site-packages/airflow/example_dags/example_dataset_alias.py took 0.116 seconds
[2025-03-21T21:09:40.182+0000] {processor.py:186} INFO - Started process (PID=3739246) to work on /home/usmail/sys_fraud/sys_detection_frauds/lib/python3.12/site-packages/airflow/example_dags/example_dataset_alias.py
[2025-03-21T21:09:40.191+0000] {processor.py:914} INFO - Processing file /home/usmail/sys_fraud/sys_detection_frauds/lib/python3.12/site-packages/airflow/example_dags/example_dataset_alias.py for tasks to queue
[2025-03-21T21:09:40.195+0000] {logging_mixin.py:190} INFO - [2025-03-21T21:09:40.194+0000] {dagbag.py:588} INFO - Filling up the DagBag from /home/usmail/sys_fraud/sys_detection_frauds/lib/python3.12/site-packages/airflow/example_dags/example_dataset_alias.py
[2025-03-21T21:09:40.233+0000] {processor.py:925} INFO - DAG(s) 'dataset_alias_example_alias_consumer', 'dataset_s3_bucket_producer', 'dataset_s3_bucket_consumer', 'dataset_alias_example_alias_producer' retrieved from /home/usmail/sys_fraud/sys_detection_frauds/lib/python3.12/site-packages/airflow/example_dags/example_dataset_alias.py
[2025-03-21T21:09:40.254+0000] {logging_mixin.py:190} INFO - [2025-03-21T21:09:40.254+0000] {dag.py:3239} INFO - Sync 4 DAGs
[2025-03-21T21:09:40.273+0000] {logging_mixin.py:190} INFO - [2025-03-21T21:09:40.272+0000] {dag.py:4180} INFO - Setting next_dagrun for dataset_alias_example_alias_consumer to None, run_after=None
[2025-03-21T21:09:40.275+0000] {logging_mixin.py:190} INFO - [2025-03-21T21:09:40.275+0000] {dag.py:4180} INFO - Setting next_dagrun for dataset_alias_example_alias_producer to None, run_after=None
[2025-03-21T21:09:40.276+0000] {logging_mixin.py:190} INFO - [2025-03-21T21:09:40.276+0000] {dag.py:4180} INFO - Setting next_dagrun for dataset_s3_bucket_consumer to None, run_after=None
[2025-03-21T21:09:40.277+0000] {logging_mixin.py:190} INFO - [2025-03-21T21:09:40.276+0000] {dag.py:4180} INFO - Setting next_dagrun for dataset_s3_bucket_producer to None, run_after=None
[2025-03-21T21:09:40.302+0000] {processor.py:208} INFO - Processing /home/usmail/sys_fraud/sys_detection_frauds/lib/python3.12/site-packages/airflow/example_dags/example_dataset_alias.py took 0.133 seconds
[2025-03-21T21:10:37.709+0000] {processor.py:186} INFO - Started process (PID=3740703) to work on /home/usmail/sys_fraud/sys_detection_frauds/lib/python3.12/site-packages/airflow/example_dags/example_dataset_alias.py
[2025-03-21T21:10:37.711+0000] {processor.py:914} INFO - Processing file /home/usmail/sys_fraud/sys_detection_frauds/lib/python3.12/site-packages/airflow/example_dags/example_dataset_alias.py for tasks to queue
[2025-03-21T21:10:37.714+0000] {logging_mixin.py:190} INFO - [2025-03-21T21:10:37.713+0000] {dagbag.py:588} INFO - Filling up the DagBag from /home/usmail/sys_fraud/sys_detection_frauds/lib/python3.12/site-packages/airflow/example_dags/example_dataset_alias.py
[2025-03-21T21:10:37.750+0000] {processor.py:925} INFO - DAG(s) 'dataset_alias_example_alias_consumer', 'dataset_s3_bucket_producer', 'dataset_alias_example_alias_producer', 'dataset_s3_bucket_consumer' retrieved from /home/usmail/sys_fraud/sys_detection_frauds/lib/python3.12/site-packages/airflow/example_dags/example_dataset_alias.py
[2025-03-21T21:10:37.770+0000] {logging_mixin.py:190} INFO - [2025-03-21T21:10:37.770+0000] {dag.py:3239} INFO - Sync 4 DAGs
[2025-03-21T21:10:37.787+0000] {logging_mixin.py:190} INFO - [2025-03-21T21:10:37.787+0000] {dag.py:4180} INFO - Setting next_dagrun for dataset_alias_example_alias_consumer to None, run_after=None
[2025-03-21T21:10:37.789+0000] {logging_mixin.py:190} INFO - [2025-03-21T21:10:37.789+0000] {dag.py:4180} INFO - Setting next_dagrun for dataset_alias_example_alias_producer to None, run_after=None
[2025-03-21T21:10:37.790+0000] {logging_mixin.py:190} INFO - [2025-03-21T21:10:37.790+0000] {dag.py:4180} INFO - Setting next_dagrun for dataset_s3_bucket_consumer to None, run_after=None
[2025-03-21T21:10:37.791+0000] {logging_mixin.py:190} INFO - [2025-03-21T21:10:37.791+0000] {dag.py:4180} INFO - Setting next_dagrun for dataset_s3_bucket_producer to None, run_after=None
[2025-03-21T21:10:37.809+0000] {processor.py:208} INFO - Processing /home/usmail/sys_fraud/sys_detection_frauds/lib/python3.12/site-packages/airflow/example_dags/example_dataset_alias.py took 0.113 seconds
[2025-03-21T21:11:36.824+0000] {processor.py:186} INFO - Started process (PID=3741818) to work on /home/usmail/sys_fraud/sys_detection_frauds/lib/python3.12/site-packages/airflow/example_dags/example_dataset_alias.py
[2025-03-21T21:11:36.833+0000] {processor.py:914} INFO - Processing file /home/usmail/sys_fraud/sys_detection_frauds/lib/python3.12/site-packages/airflow/example_dags/example_dataset_alias.py for tasks to queue
[2025-03-21T21:11:36.834+0000] {logging_mixin.py:190} INFO - [2025-03-21T21:11:36.834+0000] {dagbag.py:588} INFO - Filling up the DagBag from /home/usmail/sys_fraud/sys_detection_frauds/lib/python3.12/site-packages/airflow/example_dags/example_dataset_alias.py
[2025-03-21T21:11:36.851+0000] {processor.py:925} INFO - DAG(s) 'dataset_alias_example_alias_producer', 'dataset_alias_example_alias_consumer', 'dataset_s3_bucket_consumer', 'dataset_s3_bucket_producer' retrieved from /home/usmail/sys_fraud/sys_detection_frauds/lib/python3.12/site-packages/airflow/example_dags/example_dataset_alias.py
[2025-03-21T21:11:36.866+0000] {logging_mixin.py:190} INFO - [2025-03-21T21:11:36.866+0000] {dag.py:3239} INFO - Sync 4 DAGs
[2025-03-21T21:11:36.881+0000] {logging_mixin.py:190} INFO - [2025-03-21T21:11:36.881+0000] {dag.py:4180} INFO - Setting next_dagrun for dataset_alias_example_alias_consumer to None, run_after=None
[2025-03-21T21:11:36.882+0000] {logging_mixin.py:190} INFO - [2025-03-21T21:11:36.882+0000] {dag.py:4180} INFO - Setting next_dagrun for dataset_alias_example_alias_producer to None, run_after=None
[2025-03-21T21:11:36.883+0000] {logging_mixin.py:190} INFO - [2025-03-21T21:11:36.883+0000] {dag.py:4180} INFO - Setting next_dagrun for dataset_s3_bucket_consumer to None, run_after=None
[2025-03-21T21:11:36.885+0000] {logging_mixin.py:190} INFO - [2025-03-21T21:11:36.885+0000] {dag.py:4180} INFO - Setting next_dagrun for dataset_s3_bucket_producer to None, run_after=None
[2025-03-21T21:11:36.909+0000] {processor.py:208} INFO - Processing /home/usmail/sys_fraud/sys_detection_frauds/lib/python3.12/site-packages/airflow/example_dags/example_dataset_alias.py took 0.090 seconds
[2025-03-21T21:12:56.475+0000] {processor.py:186} INFO - Started process (PID=3743361) to work on /home/usmail/sys_fraud/sys_detection_frauds/lib/python3.12/site-packages/airflow/example_dags/example_dataset_alias.py
[2025-03-21T21:12:56.484+0000] {processor.py:914} INFO - Processing file /home/usmail/sys_fraud/sys_detection_frauds/lib/python3.12/site-packages/airflow/example_dags/example_dataset_alias.py for tasks to queue
[2025-03-21T21:12:56.485+0000] {logging_mixin.py:190} INFO - [2025-03-21T21:12:56.485+0000] {dagbag.py:588} INFO - Filling up the DagBag from /home/usmail/sys_fraud/sys_detection_frauds/lib/python3.12/site-packages/airflow/example_dags/example_dataset_alias.py
[2025-03-21T21:12:56.502+0000] {processor.py:925} INFO - DAG(s) 'dataset_s3_bucket_producer', 'dataset_s3_bucket_consumer', 'dataset_alias_example_alias_producer', 'dataset_alias_example_alias_consumer' retrieved from /home/usmail/sys_fraud/sys_detection_frauds/lib/python3.12/site-packages/airflow/example_dags/example_dataset_alias.py
[2025-03-21T21:12:56.517+0000] {logging_mixin.py:190} INFO - [2025-03-21T21:12:56.517+0000] {dag.py:3239} INFO - Sync 4 DAGs
[2025-03-21T21:12:56.532+0000] {logging_mixin.py:190} INFO - [2025-03-21T21:12:56.532+0000] {dag.py:4180} INFO - Setting next_dagrun for dataset_alias_example_alias_consumer to None, run_after=None
[2025-03-21T21:12:56.534+0000] {logging_mixin.py:190} INFO - [2025-03-21T21:12:56.534+0000] {dag.py:4180} INFO - Setting next_dagrun for dataset_alias_example_alias_producer to None, run_after=None
[2025-03-21T21:12:56.535+0000] {logging_mixin.py:190} INFO - [2025-03-21T21:12:56.534+0000] {dag.py:4180} INFO - Setting next_dagrun for dataset_s3_bucket_consumer to None, run_after=None
[2025-03-21T21:12:56.535+0000] {logging_mixin.py:190} INFO - [2025-03-21T21:12:56.535+0000] {dag.py:4180} INFO - Setting next_dagrun for dataset_s3_bucket_producer to None, run_after=None
[2025-03-21T21:12:56.556+0000] {processor.py:208} INFO - Processing /home/usmail/sys_fraud/sys_detection_frauds/lib/python3.12/site-packages/airflow/example_dags/example_dataset_alias.py took 0.086 seconds
[2025-03-21T21:14:13.458+0000] {processor.py:186} INFO - Started process (PID=3744684) to work on /home/usmail/sys_fraud/sys_detection_frauds/lib/python3.12/site-packages/airflow/example_dags/example_dataset_alias.py
[2025-03-21T21:14:13.467+0000] {processor.py:914} INFO - Processing file /home/usmail/sys_fraud/sys_detection_frauds/lib/python3.12/site-packages/airflow/example_dags/example_dataset_alias.py for tasks to queue
[2025-03-21T21:14:13.470+0000] {logging_mixin.py:190} INFO - [2025-03-21T21:14:13.470+0000] {dagbag.py:588} INFO - Filling up the DagBag from /home/usmail/sys_fraud/sys_detection_frauds/lib/python3.12/site-packages/airflow/example_dags/example_dataset_alias.py
[2025-03-21T21:14:13.505+0000] {processor.py:925} INFO - DAG(s) 'dataset_alias_example_alias_consumer', 'dataset_s3_bucket_producer', 'dataset_alias_example_alias_producer', 'dataset_s3_bucket_consumer' retrieved from /home/usmail/sys_fraud/sys_detection_frauds/lib/python3.12/site-packages/airflow/example_dags/example_dataset_alias.py
[2025-03-21T21:14:13.527+0000] {logging_mixin.py:190} INFO - [2025-03-21T21:14:13.527+0000] {dag.py:3239} INFO - Sync 4 DAGs
[2025-03-21T21:14:13.542+0000] {logging_mixin.py:190} INFO - [2025-03-21T21:14:13.542+0000] {dag.py:4180} INFO - Setting next_dagrun for dataset_alias_example_alias_consumer to None, run_after=None
[2025-03-21T21:14:13.544+0000] {logging_mixin.py:190} INFO - [2025-03-21T21:14:13.543+0000] {dag.py:4180} INFO - Setting next_dagrun for dataset_alias_example_alias_producer to None, run_after=None
[2025-03-21T21:14:13.544+0000] {logging_mixin.py:190} INFO - [2025-03-21T21:14:13.544+0000] {dag.py:4180} INFO - Setting next_dagrun for dataset_s3_bucket_consumer to None, run_after=None
[2025-03-21T21:14:13.545+0000] {logging_mixin.py:190} INFO - [2025-03-21T21:14:13.545+0000] {dag.py:4180} INFO - Setting next_dagrun for dataset_s3_bucket_producer to None, run_after=None
[2025-03-21T21:14:13.563+0000] {processor.py:208} INFO - Processing /home/usmail/sys_fraud/sys_detection_frauds/lib/python3.12/site-packages/airflow/example_dags/example_dataset_alias.py took 0.116 seconds
[2025-03-21T21:15:12.461+0000] {processor.py:186} INFO - Started process (PID=3745416) to work on /home/usmail/sys_fraud/sys_detection_frauds/lib/python3.12/site-packages/airflow/example_dags/example_dataset_alias.py
[2025-03-21T21:15:12.470+0000] {processor.py:914} INFO - Processing file /home/usmail/sys_fraud/sys_detection_frauds/lib/python3.12/site-packages/airflow/example_dags/example_dataset_alias.py for tasks to queue
[2025-03-21T21:15:12.473+0000] {logging_mixin.py:190} INFO - [2025-03-21T21:15:12.473+0000] {dagbag.py:588} INFO - Filling up the DagBag from /home/usmail/sys_fraud/sys_detection_frauds/lib/python3.12/site-packages/airflow/example_dags/example_dataset_alias.py
[2025-03-21T21:15:12.509+0000] {processor.py:925} INFO - DAG(s) 'dataset_s3_bucket_consumer', 'dataset_alias_example_alias_consumer', 'dataset_s3_bucket_producer', 'dataset_alias_example_alias_producer' retrieved from /home/usmail/sys_fraud/sys_detection_frauds/lib/python3.12/site-packages/airflow/example_dags/example_dataset_alias.py
[2025-03-21T21:15:12.532+0000] {logging_mixin.py:190} INFO - [2025-03-21T21:15:12.532+0000] {dag.py:3239} INFO - Sync 4 DAGs
[2025-03-21T21:15:12.548+0000] {logging_mixin.py:190} INFO - [2025-03-21T21:15:12.547+0000] {dag.py:4180} INFO - Setting next_dagrun for dataset_alias_example_alias_consumer to None, run_after=None
[2025-03-21T21:15:12.549+0000] {logging_mixin.py:190} INFO - [2025-03-21T21:15:12.549+0000] {dag.py:4180} INFO - Setting next_dagrun for dataset_alias_example_alias_producer to None, run_after=None
[2025-03-21T21:15:12.550+0000] {logging_mixin.py:190} INFO - [2025-03-21T21:15:12.550+0000] {dag.py:4180} INFO - Setting next_dagrun for dataset_s3_bucket_consumer to None, run_after=None
[2025-03-21T21:15:12.550+0000] {logging_mixin.py:190} INFO - [2025-03-21T21:15:12.550+0000] {dag.py:4180} INFO - Setting next_dagrun for dataset_s3_bucket_producer to None, run_after=None
[2025-03-21T21:15:12.570+0000] {processor.py:208} INFO - Processing /home/usmail/sys_fraud/sys_detection_frauds/lib/python3.12/site-packages/airflow/example_dags/example_dataset_alias.py took 0.121 seconds
[2025-03-21T21:16:11.919+0000] {processor.py:186} INFO - Started process (PID=3746161) to work on /home/usmail/sys_fraud/sys_detection_frauds/lib/python3.12/site-packages/airflow/example_dags/example_dataset_alias.py
[2025-03-21T21:16:11.928+0000] {processor.py:914} INFO - Processing file /home/usmail/sys_fraud/sys_detection_frauds/lib/python3.12/site-packages/airflow/example_dags/example_dataset_alias.py for tasks to queue
[2025-03-21T21:16:11.931+0000] {logging_mixin.py:190} INFO - [2025-03-21T21:16:11.930+0000] {dagbag.py:588} INFO - Filling up the DagBag from /home/usmail/sys_fraud/sys_detection_frauds/lib/python3.12/site-packages/airflow/example_dags/example_dataset_alias.py
[2025-03-21T21:16:11.966+0000] {processor.py:925} INFO - DAG(s) 'dataset_s3_bucket_producer', 'dataset_alias_example_alias_producer', 'dataset_alias_example_alias_consumer', 'dataset_s3_bucket_consumer' retrieved from /home/usmail/sys_fraud/sys_detection_frauds/lib/python3.12/site-packages/airflow/example_dags/example_dataset_alias.py
[2025-03-21T21:16:11.988+0000] {logging_mixin.py:190} INFO - [2025-03-21T21:16:11.987+0000] {dag.py:3239} INFO - Sync 4 DAGs
[2025-03-21T21:16:12.003+0000] {logging_mixin.py:190} INFO - [2025-03-21T21:16:12.003+0000] {dag.py:4180} INFO - Setting next_dagrun for dataset_alias_example_alias_consumer to None, run_after=None
[2025-03-21T21:16:12.005+0000] {logging_mixin.py:190} INFO - [2025-03-21T21:16:12.004+0000] {dag.py:4180} INFO - Setting next_dagrun for dataset_alias_example_alias_producer to None, run_after=None
[2025-03-21T21:16:12.005+0000] {logging_mixin.py:190} INFO - [2025-03-21T21:16:12.005+0000] {dag.py:4180} INFO - Setting next_dagrun for dataset_s3_bucket_consumer to None, run_after=None
[2025-03-21T21:16:12.006+0000] {logging_mixin.py:190} INFO - [2025-03-21T21:16:12.006+0000] {dag.py:4180} INFO - Setting next_dagrun for dataset_s3_bucket_producer to None, run_after=None
[2025-03-21T21:16:12.038+0000] {processor.py:208} INFO - Processing /home/usmail/sys_fraud/sys_detection_frauds/lib/python3.12/site-packages/airflow/example_dags/example_dataset_alias.py took 0.132 seconds
[2025-03-21T21:17:15.408+0000] {processor.py:186} INFO - Started process (PID=3746966) to work on /home/usmail/sys_fraud/sys_detection_frauds/lib/python3.12/site-packages/airflow/example_dags/example_dataset_alias.py
[2025-03-21T21:17:15.418+0000] {processor.py:914} INFO - Processing file /home/usmail/sys_fraud/sys_detection_frauds/lib/python3.12/site-packages/airflow/example_dags/example_dataset_alias.py for tasks to queue
[2025-03-21T21:17:15.421+0000] {logging_mixin.py:190} INFO - [2025-03-21T21:17:15.420+0000] {dagbag.py:588} INFO - Filling up the DagBag from /home/usmail/sys_fraud/sys_detection_frauds/lib/python3.12/site-packages/airflow/example_dags/example_dataset_alias.py
[2025-03-21T21:17:15.458+0000] {processor.py:925} INFO - DAG(s) 'dataset_alias_example_alias_producer', 'dataset_s3_bucket_producer', 'dataset_alias_example_alias_consumer', 'dataset_s3_bucket_consumer' retrieved from /home/usmail/sys_fraud/sys_detection_frauds/lib/python3.12/site-packages/airflow/example_dags/example_dataset_alias.py
[2025-03-21T21:17:15.483+0000] {logging_mixin.py:190} INFO - [2025-03-21T21:17:15.483+0000] {dag.py:3239} INFO - Sync 4 DAGs
[2025-03-21T21:17:15.499+0000] {logging_mixin.py:190} INFO - [2025-03-21T21:17:15.499+0000] {dag.py:4180} INFO - Setting next_dagrun for dataset_alias_example_alias_consumer to None, run_after=None
[2025-03-21T21:17:15.501+0000] {logging_mixin.py:190} INFO - [2025-03-21T21:17:15.501+0000] {dag.py:4180} INFO - Setting next_dagrun for dataset_alias_example_alias_producer to None, run_after=None
[2025-03-21T21:17:15.502+0000] {logging_mixin.py:190} INFO - [2025-03-21T21:17:15.502+0000] {dag.py:4180} INFO - Setting next_dagrun for dataset_s3_bucket_consumer to None, run_after=None
[2025-03-21T21:17:15.502+0000] {logging_mixin.py:190} INFO - [2025-03-21T21:17:15.502+0000] {dag.py:4180} INFO - Setting next_dagrun for dataset_s3_bucket_producer to None, run_after=None
[2025-03-21T21:17:15.519+0000] {processor.py:208} INFO - Processing /home/usmail/sys_fraud/sys_detection_frauds/lib/python3.12/site-packages/airflow/example_dags/example_dataset_alias.py took 0.123 seconds
[2025-03-21T21:18:19.299+0000] {processor.py:186} INFO - Started process (PID=3747745) to work on /home/usmail/sys_fraud/sys_detection_frauds/lib/python3.12/site-packages/airflow/example_dags/example_dataset_alias.py
[2025-03-21T21:18:19.308+0000] {processor.py:914} INFO - Processing file /home/usmail/sys_fraud/sys_detection_frauds/lib/python3.12/site-packages/airflow/example_dags/example_dataset_alias.py for tasks to queue
[2025-03-21T21:18:19.312+0000] {logging_mixin.py:190} INFO - [2025-03-21T21:18:19.311+0000] {dagbag.py:588} INFO - Filling up the DagBag from /home/usmail/sys_fraud/sys_detection_frauds/lib/python3.12/site-packages/airflow/example_dags/example_dataset_alias.py
[2025-03-21T21:18:19.346+0000] {processor.py:925} INFO - DAG(s) 'dataset_s3_bucket_producer', 'dataset_alias_example_alias_consumer', 'dataset_s3_bucket_consumer', 'dataset_alias_example_alias_producer' retrieved from /home/usmail/sys_fraud/sys_detection_frauds/lib/python3.12/site-packages/airflow/example_dags/example_dataset_alias.py
[2025-03-21T21:18:19.370+0000] {logging_mixin.py:190} INFO - [2025-03-21T21:18:19.370+0000] {dag.py:3239} INFO - Sync 4 DAGs
[2025-03-21T21:18:19.385+0000] {logging_mixin.py:190} INFO - [2025-03-21T21:18:19.385+0000] {dag.py:4180} INFO - Setting next_dagrun for dataset_alias_example_alias_consumer to None, run_after=None
[2025-03-21T21:18:19.387+0000] {logging_mixin.py:190} INFO - [2025-03-21T21:18:19.386+0000] {dag.py:4180} INFO - Setting next_dagrun for dataset_alias_example_alias_producer to None, run_after=None
[2025-03-21T21:18:19.387+0000] {logging_mixin.py:190} INFO - [2025-03-21T21:18:19.387+0000] {dag.py:4180} INFO - Setting next_dagrun for dataset_s3_bucket_consumer to None, run_after=None
[2025-03-21T21:18:19.388+0000] {logging_mixin.py:190} INFO - [2025-03-21T21:18:19.388+0000] {dag.py:4180} INFO - Setting next_dagrun for dataset_s3_bucket_producer to None, run_after=None
[2025-03-21T21:18:19.406+0000] {processor.py:208} INFO - Processing /home/usmail/sys_fraud/sys_detection_frauds/lib/python3.12/site-packages/airflow/example_dags/example_dataset_alias.py took 0.119 seconds
[2025-03-21T21:19:23.339+0000] {processor.py:186} INFO - Started process (PID=3748537) to work on /home/usmail/sys_fraud/sys_detection_frauds/lib/python3.12/site-packages/airflow/example_dags/example_dataset_alias.py
[2025-03-21T21:19:23.347+0000] {processor.py:914} INFO - Processing file /home/usmail/sys_fraud/sys_detection_frauds/lib/python3.12/site-packages/airflow/example_dags/example_dataset_alias.py for tasks to queue
[2025-03-21T21:19:23.349+0000] {logging_mixin.py:190} INFO - [2025-03-21T21:19:23.349+0000] {dagbag.py:588} INFO - Filling up the DagBag from /home/usmail/sys_fraud/sys_detection_frauds/lib/python3.12/site-packages/airflow/example_dags/example_dataset_alias.py
[2025-03-21T21:19:23.374+0000] {processor.py:925} INFO - DAG(s) 'dataset_s3_bucket_producer', 'dataset_alias_example_alias_producer', 'dataset_alias_example_alias_consumer', 'dataset_s3_bucket_consumer' retrieved from /home/usmail/sys_fraud/sys_detection_frauds/lib/python3.12/site-packages/airflow/example_dags/example_dataset_alias.py
[2025-03-21T21:19:23.400+0000] {logging_mixin.py:190} INFO - [2025-03-21T21:19:23.400+0000] {dag.py:3239} INFO - Sync 4 DAGs
[2025-03-21T21:19:23.424+0000] {logging_mixin.py:190} INFO - [2025-03-21T21:19:23.423+0000] {dag.py:4180} INFO - Setting next_dagrun for dataset_alias_example_alias_consumer to None, run_after=None
[2025-03-21T21:19:23.426+0000] {logging_mixin.py:190} INFO - [2025-03-21T21:19:23.426+0000] {dag.py:4180} INFO - Setting next_dagrun for dataset_alias_example_alias_producer to None, run_after=None
[2025-03-21T21:19:23.427+0000] {logging_mixin.py:190} INFO - [2025-03-21T21:19:23.426+0000] {dag.py:4180} INFO - Setting next_dagrun for dataset_s3_bucket_consumer to None, run_after=None
[2025-03-21T21:19:23.427+0000] {logging_mixin.py:190} INFO - [2025-03-21T21:19:23.427+0000] {dag.py:4180} INFO - Setting next_dagrun for dataset_s3_bucket_producer to None, run_after=None
[2025-03-21T21:19:23.468+0000] {processor.py:208} INFO - Processing /home/usmail/sys_fraud/sys_detection_frauds/lib/python3.12/site-packages/airflow/example_dags/example_dataset_alias.py took 0.135 seconds
[2025-03-21T21:20:26.863+0000] {processor.py:186} INFO - Started process (PID=3749298) to work on /home/usmail/sys_fraud/sys_detection_frauds/lib/python3.12/site-packages/airflow/example_dags/example_dataset_alias.py
[2025-03-21T21:20:26.873+0000] {processor.py:914} INFO - Processing file /home/usmail/sys_fraud/sys_detection_frauds/lib/python3.12/site-packages/airflow/example_dags/example_dataset_alias.py for tasks to queue
[2025-03-21T21:20:26.876+0000] {logging_mixin.py:190} INFO - [2025-03-21T21:20:26.875+0000] {dagbag.py:588} INFO - Filling up the DagBag from /home/usmail/sys_fraud/sys_detection_frauds/lib/python3.12/site-packages/airflow/example_dags/example_dataset_alias.py
[2025-03-21T21:20:26.910+0000] {processor.py:925} INFO - DAG(s) 'dataset_s3_bucket_producer', 'dataset_alias_example_alias_producer', 'dataset_alias_example_alias_consumer', 'dataset_s3_bucket_consumer' retrieved from /home/usmail/sys_fraud/sys_detection_frauds/lib/python3.12/site-packages/airflow/example_dags/example_dataset_alias.py
[2025-03-21T21:20:26.935+0000] {logging_mixin.py:190} INFO - [2025-03-21T21:20:26.934+0000] {dag.py:3239} INFO - Sync 4 DAGs
[2025-03-21T21:20:26.949+0000] {logging_mixin.py:190} INFO - [2025-03-21T21:20:26.949+0000] {dag.py:4180} INFO - Setting next_dagrun for dataset_alias_example_alias_consumer to None, run_after=None
[2025-03-21T21:20:26.951+0000] {logging_mixin.py:190} INFO - [2025-03-21T21:20:26.950+0000] {dag.py:4180} INFO - Setting next_dagrun for dataset_alias_example_alias_producer to None, run_after=None
[2025-03-21T21:20:26.951+0000] {logging_mixin.py:190} INFO - [2025-03-21T21:20:26.951+0000] {dag.py:4180} INFO - Setting next_dagrun for dataset_s3_bucket_consumer to None, run_after=None
[2025-03-21T21:20:26.952+0000] {logging_mixin.py:190} INFO - [2025-03-21T21:20:26.952+0000] {dag.py:4180} INFO - Setting next_dagrun for dataset_s3_bucket_producer to None, run_after=None
[2025-03-21T21:20:26.970+0000] {processor.py:208} INFO - Processing /home/usmail/sys_fraud/sys_detection_frauds/lib/python3.12/site-packages/airflow/example_dags/example_dataset_alias.py took 0.119 seconds
[2025-03-21T21:21:30.429+0000] {processor.py:186} INFO - Started process (PID=3750087) to work on /home/usmail/sys_fraud/sys_detection_frauds/lib/python3.12/site-packages/airflow/example_dags/example_dataset_alias.py
[2025-03-21T21:21:30.438+0000] {processor.py:914} INFO - Processing file /home/usmail/sys_fraud/sys_detection_frauds/lib/python3.12/site-packages/airflow/example_dags/example_dataset_alias.py for tasks to queue
[2025-03-21T21:21:30.441+0000] {logging_mixin.py:190} INFO - [2025-03-21T21:21:30.440+0000] {dagbag.py:588} INFO - Filling up the DagBag from /home/usmail/sys_fraud/sys_detection_frauds/lib/python3.12/site-packages/airflow/example_dags/example_dataset_alias.py
[2025-03-21T21:21:30.475+0000] {processor.py:925} INFO - DAG(s) 'dataset_s3_bucket_producer', 'dataset_alias_example_alias_consumer', 'dataset_s3_bucket_consumer', 'dataset_alias_example_alias_producer' retrieved from /home/usmail/sys_fraud/sys_detection_frauds/lib/python3.12/site-packages/airflow/example_dags/example_dataset_alias.py
[2025-03-21T21:21:30.497+0000] {logging_mixin.py:190} INFO - [2025-03-21T21:21:30.497+0000] {dag.py:3239} INFO - Sync 4 DAGs
[2025-03-21T21:21:30.513+0000] {logging_mixin.py:190} INFO - [2025-03-21T21:21:30.513+0000] {dag.py:4180} INFO - Setting next_dagrun for dataset_alias_example_alias_consumer to None, run_after=None
[2025-03-21T21:21:30.515+0000] {logging_mixin.py:190} INFO - [2025-03-21T21:21:30.515+0000] {dag.py:4180} INFO - Setting next_dagrun for dataset_alias_example_alias_producer to None, run_after=None
[2025-03-21T21:21:30.516+0000] {logging_mixin.py:190} INFO - [2025-03-21T21:21:30.516+0000] {dag.py:4180} INFO - Setting next_dagrun for dataset_s3_bucket_consumer to None, run_after=None
[2025-03-21T21:21:30.516+0000] {logging_mixin.py:190} INFO - [2025-03-21T21:21:30.516+0000] {dag.py:4180} INFO - Setting next_dagrun for dataset_s3_bucket_producer to None, run_after=None
[2025-03-21T21:21:30.546+0000] {processor.py:208} INFO - Processing /home/usmail/sys_fraud/sys_detection_frauds/lib/python3.12/site-packages/airflow/example_dags/example_dataset_alias.py took 0.130 seconds
[2025-03-21T21:22:38.271+0000] {processor.py:186} INFO - Started process (PID=3750927) to work on /home/usmail/sys_fraud/sys_detection_frauds/lib/python3.12/site-packages/airflow/example_dags/example_dataset_alias.py
[2025-03-21T21:22:38.281+0000] {processor.py:914} INFO - Processing file /home/usmail/sys_fraud/sys_detection_frauds/lib/python3.12/site-packages/airflow/example_dags/example_dataset_alias.py for tasks to queue
[2025-03-21T21:22:38.284+0000] {logging_mixin.py:190} INFO - [2025-03-21T21:22:38.283+0000] {dagbag.py:588} INFO - Filling up the DagBag from /home/usmail/sys_fraud/sys_detection_frauds/lib/python3.12/site-packages/airflow/example_dags/example_dataset_alias.py
[2025-03-21T21:22:38.318+0000] {processor.py:925} INFO - DAG(s) 'dataset_s3_bucket_consumer', 'dataset_alias_example_alias_consumer', 'dataset_alias_example_alias_producer', 'dataset_s3_bucket_producer' retrieved from /home/usmail/sys_fraud/sys_detection_frauds/lib/python3.12/site-packages/airflow/example_dags/example_dataset_alias.py
[2025-03-21T21:22:38.342+0000] {logging_mixin.py:190} INFO - [2025-03-21T21:22:38.342+0000] {dag.py:3239} INFO - Sync 4 DAGs
[2025-03-21T21:22:38.359+0000] {logging_mixin.py:190} INFO - [2025-03-21T21:22:38.358+0000] {dag.py:4180} INFO - Setting next_dagrun for dataset_alias_example_alias_consumer to None, run_after=None
[2025-03-21T21:22:38.360+0000] {logging_mixin.py:190} INFO - [2025-03-21T21:22:38.360+0000] {dag.py:4180} INFO - Setting next_dagrun for dataset_alias_example_alias_producer to None, run_after=None
[2025-03-21T21:22:38.361+0000] {logging_mixin.py:190} INFO - [2025-03-21T21:22:38.361+0000] {dag.py:4180} INFO - Setting next_dagrun for dataset_s3_bucket_consumer to None, run_after=None
[2025-03-21T21:22:38.362+0000] {logging_mixin.py:190} INFO - [2025-03-21T21:22:38.361+0000] {dag.py:4180} INFO - Setting next_dagrun for dataset_s3_bucket_producer to None, run_after=None
[2025-03-21T21:22:38.381+0000] {processor.py:208} INFO - Processing /home/usmail/sys_fraud/sys_detection_frauds/lib/python3.12/site-packages/airflow/example_dags/example_dataset_alias.py took 0.122 seconds
[2025-03-21T21:23:41.623+0000] {processor.py:186} INFO - Started process (PID=3751696) to work on /home/usmail/sys_fraud/sys_detection_frauds/lib/python3.12/site-packages/airflow/example_dags/example_dataset_alias.py
[2025-03-21T21:23:41.632+0000] {processor.py:914} INFO - Processing file /home/usmail/sys_fraud/sys_detection_frauds/lib/python3.12/site-packages/airflow/example_dags/example_dataset_alias.py for tasks to queue
[2025-03-21T21:23:41.635+0000] {logging_mixin.py:190} INFO - [2025-03-21T21:23:41.635+0000] {dagbag.py:588} INFO - Filling up the DagBag from /home/usmail/sys_fraud/sys_detection_frauds/lib/python3.12/site-packages/airflow/example_dags/example_dataset_alias.py
[2025-03-21T21:23:41.671+0000] {processor.py:925} INFO - DAG(s) 'dataset_s3_bucket_consumer', 'dataset_s3_bucket_producer', 'dataset_alias_example_alias_consumer', 'dataset_alias_example_alias_producer' retrieved from /home/usmail/sys_fraud/sys_detection_frauds/lib/python3.12/site-packages/airflow/example_dags/example_dataset_alias.py
[2025-03-21T21:23:41.698+0000] {logging_mixin.py:190} INFO - [2025-03-21T21:23:41.698+0000] {dag.py:3239} INFO - Sync 4 DAGs
[2025-03-21T21:23:41.714+0000] {logging_mixin.py:190} INFO - [2025-03-21T21:23:41.713+0000] {dag.py:4180} INFO - Setting next_dagrun for dataset_alias_example_alias_consumer to None, run_after=None
[2025-03-21T21:23:41.715+0000] {logging_mixin.py:190} INFO - [2025-03-21T21:23:41.715+0000] {dag.py:4180} INFO - Setting next_dagrun for dataset_alias_example_alias_producer to None, run_after=None
[2025-03-21T21:23:41.716+0000] {logging_mixin.py:190} INFO - [2025-03-21T21:23:41.716+0000] {dag.py:4180} INFO - Setting next_dagrun for dataset_s3_bucket_consumer to None, run_after=None
[2025-03-21T21:23:41.717+0000] {logging_mixin.py:190} INFO - [2025-03-21T21:23:41.717+0000] {dag.py:4180} INFO - Setting next_dagrun for dataset_s3_bucket_producer to None, run_after=None
[2025-03-21T21:23:41.739+0000] {processor.py:208} INFO - Processing /home/usmail/sys_fraud/sys_detection_frauds/lib/python3.12/site-packages/airflow/example_dags/example_dataset_alias.py took 0.129 seconds
[2025-03-21T21:24:43.862+0000] {processor.py:186} INFO - Started process (PID=3752370) to work on /home/usmail/sys_fraud/sys_detection_frauds/lib/python3.12/site-packages/airflow/example_dags/example_dataset_alias.py
[2025-03-21T21:24:43.872+0000] {processor.py:914} INFO - Processing file /home/usmail/sys_fraud/sys_detection_frauds/lib/python3.12/site-packages/airflow/example_dags/example_dataset_alias.py for tasks to queue
[2025-03-21T21:24:43.875+0000] {logging_mixin.py:190} INFO - [2025-03-21T21:24:43.874+0000] {dagbag.py:588} INFO - Filling up the DagBag from /home/usmail/sys_fraud/sys_detection_frauds/lib/python3.12/site-packages/airflow/example_dags/example_dataset_alias.py
[2025-03-21T21:24:43.910+0000] {processor.py:925} INFO - DAG(s) 'dataset_alias_example_alias_consumer', 'dataset_s3_bucket_consumer', 'dataset_alias_example_alias_producer', 'dataset_s3_bucket_producer' retrieved from /home/usmail/sys_fraud/sys_detection_frauds/lib/python3.12/site-packages/airflow/example_dags/example_dataset_alias.py
[2025-03-21T21:24:43.933+0000] {logging_mixin.py:190} INFO - [2025-03-21T21:24:43.933+0000] {dag.py:3239} INFO - Sync 4 DAGs
[2025-03-21T21:24:43.948+0000] {logging_mixin.py:190} INFO - [2025-03-21T21:24:43.948+0000] {dag.py:4180} INFO - Setting next_dagrun for dataset_alias_example_alias_consumer to None, run_after=None
[2025-03-21T21:24:43.950+0000] {logging_mixin.py:190} INFO - [2025-03-21T21:24:43.950+0000] {dag.py:4180} INFO - Setting next_dagrun for dataset_alias_example_alias_producer to None, run_after=None
[2025-03-21T21:24:43.951+0000] {logging_mixin.py:190} INFO - [2025-03-21T21:24:43.950+0000] {dag.py:4180} INFO - Setting next_dagrun for dataset_s3_bucket_consumer to None, run_after=None
[2025-03-21T21:24:43.951+0000] {logging_mixin.py:190} INFO - [2025-03-21T21:24:43.951+0000] {dag.py:4180} INFO - Setting next_dagrun for dataset_s3_bucket_producer to None, run_after=None
[2025-03-21T21:24:43.991+0000] {processor.py:208} INFO - Processing /home/usmail/sys_fraud/sys_detection_frauds/lib/python3.12/site-packages/airflow/example_dags/example_dataset_alias.py took 0.141 seconds
[2025-03-21T21:25:47.821+0000] {processor.py:186} INFO - Started process (PID=3753055) to work on /home/usmail/sys_fraud/sys_detection_frauds/lib/python3.12/site-packages/airflow/example_dags/example_dataset_alias.py
[2025-03-21T21:25:47.830+0000] {processor.py:914} INFO - Processing file /home/usmail/sys_fraud/sys_detection_frauds/lib/python3.12/site-packages/airflow/example_dags/example_dataset_alias.py for tasks to queue
[2025-03-21T21:25:47.833+0000] {logging_mixin.py:190} INFO - [2025-03-21T21:25:47.833+0000] {dagbag.py:588} INFO - Filling up the DagBag from /home/usmail/sys_fraud/sys_detection_frauds/lib/python3.12/site-packages/airflow/example_dags/example_dataset_alias.py
[2025-03-21T21:25:47.869+0000] {processor.py:925} INFO - DAG(s) 'dataset_alias_example_alias_consumer', 'dataset_alias_example_alias_producer', 'dataset_s3_bucket_consumer', 'dataset_s3_bucket_producer' retrieved from /home/usmail/sys_fraud/sys_detection_frauds/lib/python3.12/site-packages/airflow/example_dags/example_dataset_alias.py
[2025-03-21T21:25:47.890+0000] {logging_mixin.py:190} INFO - [2025-03-21T21:25:47.890+0000] {dag.py:3239} INFO - Sync 4 DAGs
[2025-03-21T21:25:47.904+0000] {logging_mixin.py:190} INFO - [2025-03-21T21:25:47.904+0000] {dag.py:4180} INFO - Setting next_dagrun for dataset_alias_example_alias_consumer to None, run_after=None
[2025-03-21T21:25:47.906+0000] {logging_mixin.py:190} INFO - [2025-03-21T21:25:47.906+0000] {dag.py:4180} INFO - Setting next_dagrun for dataset_alias_example_alias_producer to None, run_after=None
[2025-03-21T21:25:47.907+0000] {logging_mixin.py:190} INFO - [2025-03-21T21:25:47.907+0000] {dag.py:4180} INFO - Setting next_dagrun for dataset_s3_bucket_consumer to None, run_after=None
[2025-03-21T21:25:47.907+0000] {logging_mixin.py:190} INFO - [2025-03-21T21:25:47.907+0000] {dag.py:4180} INFO - Setting next_dagrun for dataset_s3_bucket_producer to None, run_after=None
[2025-03-21T21:25:47.924+0000] {processor.py:208} INFO - Processing /home/usmail/sys_fraud/sys_detection_frauds/lib/python3.12/site-packages/airflow/example_dags/example_dataset_alias.py took 0.114 seconds
[2025-03-21T21:26:51.299+0000] {processor.py:186} INFO - Started process (PID=3753709) to work on /home/usmail/sys_fraud/sys_detection_frauds/lib/python3.12/site-packages/airflow/example_dags/example_dataset_alias.py
[2025-03-21T21:26:51.308+0000] {processor.py:914} INFO - Processing file /home/usmail/sys_fraud/sys_detection_frauds/lib/python3.12/site-packages/airflow/example_dags/example_dataset_alias.py for tasks to queue
[2025-03-21T21:26:51.311+0000] {logging_mixin.py:190} INFO - [2025-03-21T21:26:51.311+0000] {dagbag.py:588} INFO - Filling up the DagBag from /home/usmail/sys_fraud/sys_detection_frauds/lib/python3.12/site-packages/airflow/example_dags/example_dataset_alias.py
[2025-03-21T21:26:51.346+0000] {processor.py:925} INFO - DAG(s) 'dataset_s3_bucket_producer', 'dataset_alias_example_alias_producer', 'dataset_alias_example_alias_consumer', 'dataset_s3_bucket_consumer' retrieved from /home/usmail/sys_fraud/sys_detection_frauds/lib/python3.12/site-packages/airflow/example_dags/example_dataset_alias.py
[2025-03-21T21:26:51.366+0000] {logging_mixin.py:190} INFO - [2025-03-21T21:26:51.366+0000] {dag.py:3239} INFO - Sync 4 DAGs
[2025-03-21T21:26:51.382+0000] {logging_mixin.py:190} INFO - [2025-03-21T21:26:51.382+0000] {dag.py:4180} INFO - Setting next_dagrun for dataset_alias_example_alias_consumer to None, run_after=None
[2025-03-21T21:26:51.383+0000] {logging_mixin.py:190} INFO - [2025-03-21T21:26:51.383+0000] {dag.py:4180} INFO - Setting next_dagrun for dataset_alias_example_alias_producer to None, run_after=None
[2025-03-21T21:26:51.384+0000] {logging_mixin.py:190} INFO - [2025-03-21T21:26:51.384+0000] {dag.py:4180} INFO - Setting next_dagrun for dataset_s3_bucket_consumer to None, run_after=None
[2025-03-21T21:26:51.385+0000] {logging_mixin.py:190} INFO - [2025-03-21T21:26:51.385+0000] {dag.py:4180} INFO - Setting next_dagrun for dataset_s3_bucket_producer to None, run_after=None
[2025-03-21T21:26:51.422+0000] {processor.py:208} INFO - Processing /home/usmail/sys_fraud/sys_detection_frauds/lib/python3.12/site-packages/airflow/example_dags/example_dataset_alias.py took 0.136 seconds
[2025-03-21T21:27:53.591+0000] {processor.py:186} INFO - Started process (PID=3754362) to work on /home/usmail/sys_fraud/sys_detection_frauds/lib/python3.12/site-packages/airflow/example_dags/example_dataset_alias.py
[2025-03-21T21:27:53.600+0000] {processor.py:914} INFO - Processing file /home/usmail/sys_fraud/sys_detection_frauds/lib/python3.12/site-packages/airflow/example_dags/example_dataset_alias.py for tasks to queue
[2025-03-21T21:27:53.603+0000] {logging_mixin.py:190} INFO - [2025-03-21T21:27:53.603+0000] {dagbag.py:588} INFO - Filling up the DagBag from /home/usmail/sys_fraud/sys_detection_frauds/lib/python3.12/site-packages/airflow/example_dags/example_dataset_alias.py
[2025-03-21T21:27:53.638+0000] {processor.py:925} INFO - DAG(s) 'dataset_alias_example_alias_producer', 'dataset_alias_example_alias_consumer', 'dataset_s3_bucket_producer', 'dataset_s3_bucket_consumer' retrieved from /home/usmail/sys_fraud/sys_detection_frauds/lib/python3.12/site-packages/airflow/example_dags/example_dataset_alias.py
[2025-03-21T21:27:53.662+0000] {logging_mixin.py:190} INFO - [2025-03-21T21:27:53.662+0000] {dag.py:3239} INFO - Sync 4 DAGs
[2025-03-21T21:27:53.678+0000] {logging_mixin.py:190} INFO - [2025-03-21T21:27:53.677+0000] {dag.py:4180} INFO - Setting next_dagrun for dataset_alias_example_alias_consumer to None, run_after=None
[2025-03-21T21:27:53.679+0000] {logging_mixin.py:190} INFO - [2025-03-21T21:27:53.679+0000] {dag.py:4180} INFO - Setting next_dagrun for dataset_alias_example_alias_producer to None, run_after=None
[2025-03-21T21:27:53.680+0000] {logging_mixin.py:190} INFO - [2025-03-21T21:27:53.680+0000] {dag.py:4180} INFO - Setting next_dagrun for dataset_s3_bucket_consumer to None, run_after=None
[2025-03-21T21:27:53.681+0000] {logging_mixin.py:190} INFO - [2025-03-21T21:27:53.680+0000] {dag.py:4180} INFO - Setting next_dagrun for dataset_s3_bucket_producer to None, run_after=None
[2025-03-21T21:27:53.702+0000] {processor.py:208} INFO - Processing /home/usmail/sys_fraud/sys_detection_frauds/lib/python3.12/site-packages/airflow/example_dags/example_dataset_alias.py took 0.123 seconds
[2025-03-21T21:28:53.624+0000] {processor.py:186} INFO - Started process (PID=3754977) to work on /home/usmail/sys_fraud/sys_detection_frauds/lib/python3.12/site-packages/airflow/example_dags/example_dataset_alias.py
[2025-03-21T21:28:53.633+0000] {processor.py:914} INFO - Processing file /home/usmail/sys_fraud/sys_detection_frauds/lib/python3.12/site-packages/airflow/example_dags/example_dataset_alias.py for tasks to queue
[2025-03-21T21:28:53.637+0000] {logging_mixin.py:190} INFO - [2025-03-21T21:28:53.636+0000] {dagbag.py:588} INFO - Filling up the DagBag from /home/usmail/sys_fraud/sys_detection_frauds/lib/python3.12/site-packages/airflow/example_dags/example_dataset_alias.py
[2025-03-21T21:28:53.672+0000] {processor.py:925} INFO - DAG(s) 'dataset_alias_example_alias_consumer', 'dataset_s3_bucket_consumer', 'dataset_s3_bucket_producer', 'dataset_alias_example_alias_producer' retrieved from /home/usmail/sys_fraud/sys_detection_frauds/lib/python3.12/site-packages/airflow/example_dags/example_dataset_alias.py
[2025-03-21T21:28:53.696+0000] {logging_mixin.py:190} INFO - [2025-03-21T21:28:53.696+0000] {dag.py:3239} INFO - Sync 4 DAGs
[2025-03-21T21:28:53.711+0000] {logging_mixin.py:190} INFO - [2025-03-21T21:28:53.711+0000] {dag.py:4180} INFO - Setting next_dagrun for dataset_alias_example_alias_consumer to None, run_after=None
[2025-03-21T21:28:53.713+0000] {logging_mixin.py:190} INFO - [2025-03-21T21:28:53.712+0000] {dag.py:4180} INFO - Setting next_dagrun for dataset_alias_example_alias_producer to None, run_after=None
[2025-03-21T21:28:53.713+0000] {logging_mixin.py:190} INFO - [2025-03-21T21:28:53.713+0000] {dag.py:4180} INFO - Setting next_dagrun for dataset_s3_bucket_consumer to None, run_after=None
[2025-03-21T21:28:53.714+0000] {logging_mixin.py:190} INFO - [2025-03-21T21:28:53.714+0000] {dag.py:4180} INFO - Setting next_dagrun for dataset_s3_bucket_producer to None, run_after=None
[2025-03-21T21:28:53.746+0000] {processor.py:208} INFO - Processing /home/usmail/sys_fraud/sys_detection_frauds/lib/python3.12/site-packages/airflow/example_dags/example_dataset_alias.py took 0.135 seconds
[2025-03-21T21:29:57.558+0000] {processor.py:186} INFO - Started process (PID=3755664) to work on /home/usmail/sys_fraud/sys_detection_frauds/lib/python3.12/site-packages/airflow/example_dags/example_dataset_alias.py
[2025-03-21T21:29:57.568+0000] {processor.py:914} INFO - Processing file /home/usmail/sys_fraud/sys_detection_frauds/lib/python3.12/site-packages/airflow/example_dags/example_dataset_alias.py for tasks to queue
[2025-03-21T21:29:57.571+0000] {logging_mixin.py:190} INFO - [2025-03-21T21:29:57.571+0000] {dagbag.py:588} INFO - Filling up the DagBag from /home/usmail/sys_fraud/sys_detection_frauds/lib/python3.12/site-packages/airflow/example_dags/example_dataset_alias.py
[2025-03-21T21:29:57.606+0000] {processor.py:925} INFO - DAG(s) 'dataset_alias_example_alias_producer', 'dataset_s3_bucket_consumer', 'dataset_s3_bucket_producer', 'dataset_alias_example_alias_consumer' retrieved from /home/usmail/sys_fraud/sys_detection_frauds/lib/python3.12/site-packages/airflow/example_dags/example_dataset_alias.py
[2025-03-21T21:29:57.630+0000] {logging_mixin.py:190} INFO - [2025-03-21T21:29:57.630+0000] {dag.py:3239} INFO - Sync 4 DAGs
[2025-03-21T21:29:57.645+0000] {logging_mixin.py:190} INFO - [2025-03-21T21:29:57.644+0000] {dag.py:4180} INFO - Setting next_dagrun for dataset_alias_example_alias_consumer to None, run_after=None
[2025-03-21T21:29:57.646+0000] {logging_mixin.py:190} INFO - [2025-03-21T21:29:57.646+0000] {dag.py:4180} INFO - Setting next_dagrun for dataset_alias_example_alias_producer to None, run_after=None
[2025-03-21T21:29:57.647+0000] {logging_mixin.py:190} INFO - [2025-03-21T21:29:57.647+0000] {dag.py:4180} INFO - Setting next_dagrun for dataset_s3_bucket_consumer to None, run_after=None
[2025-03-21T21:29:57.647+0000] {logging_mixin.py:190} INFO - [2025-03-21T21:29:57.647+0000] {dag.py:4180} INFO - Setting next_dagrun for dataset_s3_bucket_producer to None, run_after=None
[2025-03-21T21:29:57.666+0000] {processor.py:208} INFO - Processing /home/usmail/sys_fraud/sys_detection_frauds/lib/python3.12/site-packages/airflow/example_dags/example_dataset_alias.py took 0.120 seconds
[2025-03-21T21:31:04.077+0000] {processor.py:186} INFO - Started process (PID=3756355) to work on /home/usmail/sys_fraud/sys_detection_frauds/lib/python3.12/site-packages/airflow/example_dags/example_dataset_alias.py
[2025-03-21T21:31:04.086+0000] {processor.py:914} INFO - Processing file /home/usmail/sys_fraud/sys_detection_frauds/lib/python3.12/site-packages/airflow/example_dags/example_dataset_alias.py for tasks to queue
[2025-03-21T21:31:04.089+0000] {logging_mixin.py:190} INFO - [2025-03-21T21:31:04.088+0000] {dagbag.py:588} INFO - Filling up the DagBag from /home/usmail/sys_fraud/sys_detection_frauds/lib/python3.12/site-packages/airflow/example_dags/example_dataset_alias.py
[2025-03-21T21:31:04.123+0000] {processor.py:925} INFO - DAG(s) 'dataset_alias_example_alias_consumer', 'dataset_alias_example_alias_producer', 'dataset_s3_bucket_consumer', 'dataset_s3_bucket_producer' retrieved from /home/usmail/sys_fraud/sys_detection_frauds/lib/python3.12/site-packages/airflow/example_dags/example_dataset_alias.py
[2025-03-21T21:31:04.148+0000] {logging_mixin.py:190} INFO - [2025-03-21T21:31:04.148+0000] {dag.py:3239} INFO - Sync 4 DAGs
[2025-03-21T21:31:04.164+0000] {logging_mixin.py:190} INFO - [2025-03-21T21:31:04.164+0000] {dag.py:4180} INFO - Setting next_dagrun for dataset_alias_example_alias_consumer to None, run_after=None
[2025-03-21T21:31:04.166+0000] {logging_mixin.py:190} INFO - [2025-03-21T21:31:04.166+0000] {dag.py:4180} INFO - Setting next_dagrun for dataset_alias_example_alias_producer to None, run_after=None
[2025-03-21T21:31:04.167+0000] {logging_mixin.py:190} INFO - [2025-03-21T21:31:04.167+0000] {dag.py:4180} INFO - Setting next_dagrun for dataset_s3_bucket_consumer to None, run_after=None
[2025-03-21T21:31:04.168+0000] {logging_mixin.py:190} INFO - [2025-03-21T21:31:04.167+0000] {dag.py:4180} INFO - Setting next_dagrun for dataset_s3_bucket_producer to None, run_after=None
[2025-03-21T21:31:04.184+0000] {processor.py:208} INFO - Processing /home/usmail/sys_fraud/sys_detection_frauds/lib/python3.12/site-packages/airflow/example_dags/example_dataset_alias.py took 0.120 seconds
[2025-03-21T21:32:09.919+0000] {processor.py:186} INFO - Started process (PID=3757051) to work on /home/usmail/sys_fraud/sys_detection_frauds/lib/python3.12/site-packages/airflow/example_dags/example_dataset_alias.py
[2025-03-21T21:32:09.929+0000] {processor.py:914} INFO - Processing file /home/usmail/sys_fraud/sys_detection_frauds/lib/python3.12/site-packages/airflow/example_dags/example_dataset_alias.py for tasks to queue
[2025-03-21T21:32:09.932+0000] {logging_mixin.py:190} INFO - [2025-03-21T21:32:09.932+0000] {dagbag.py:588} INFO - Filling up the DagBag from /home/usmail/sys_fraud/sys_detection_frauds/lib/python3.12/site-packages/airflow/example_dags/example_dataset_alias.py
[2025-03-21T21:32:09.968+0000] {processor.py:925} INFO - DAG(s) 'dataset_s3_bucket_consumer', 'dataset_s3_bucket_producer', 'dataset_alias_example_alias_producer', 'dataset_alias_example_alias_consumer' retrieved from /home/usmail/sys_fraud/sys_detection_frauds/lib/python3.12/site-packages/airflow/example_dags/example_dataset_alias.py
[2025-03-21T21:32:09.991+0000] {logging_mixin.py:190} INFO - [2025-03-21T21:32:09.991+0000] {dag.py:3239} INFO - Sync 4 DAGs
[2025-03-21T21:32:10.006+0000] {logging_mixin.py:190} INFO - [2025-03-21T21:32:10.006+0000] {dag.py:4180} INFO - Setting next_dagrun for dataset_alias_example_alias_consumer to None, run_after=None
[2025-03-21T21:32:10.007+0000] {logging_mixin.py:190} INFO - [2025-03-21T21:32:10.007+0000] {dag.py:4180} INFO - Setting next_dagrun for dataset_alias_example_alias_producer to None, run_after=None
[2025-03-21T21:32:10.008+0000] {logging_mixin.py:190} INFO - [2025-03-21T21:32:10.008+0000] {dag.py:4180} INFO - Setting next_dagrun for dataset_s3_bucket_consumer to None, run_after=None
[2025-03-21T21:32:10.009+0000] {logging_mixin.py:190} INFO - [2025-03-21T21:32:10.009+0000] {dag.py:4180} INFO - Setting next_dagrun for dataset_s3_bucket_producer to None, run_after=None
[2025-03-21T21:32:10.028+0000] {processor.py:208} INFO - Processing /home/usmail/sys_fraud/sys_detection_frauds/lib/python3.12/site-packages/airflow/example_dags/example_dataset_alias.py took 0.120 seconds
[2025-03-21T21:33:11.976+0000] {processor.py:186} INFO - Started process (PID=3757694) to work on /home/usmail/sys_fraud/sys_detection_frauds/lib/python3.12/site-packages/airflow/example_dags/example_dataset_alias.py
[2025-03-21T21:33:11.977+0000] {processor.py:914} INFO - Processing file /home/usmail/sys_fraud/sys_detection_frauds/lib/python3.12/site-packages/airflow/example_dags/example_dataset_alias.py for tasks to queue
[2025-03-21T21:33:11.981+0000] {logging_mixin.py:190} INFO - [2025-03-21T21:33:11.980+0000] {dagbag.py:588} INFO - Filling up the DagBag from /home/usmail/sys_fraud/sys_detection_frauds/lib/python3.12/site-packages/airflow/example_dags/example_dataset_alias.py
[2025-03-21T21:33:12.015+0000] {processor.py:925} INFO - DAG(s) 'dataset_s3_bucket_consumer', 'dataset_s3_bucket_producer', 'dataset_alias_example_alias_consumer', 'dataset_alias_example_alias_producer' retrieved from /home/usmail/sys_fraud/sys_detection_frauds/lib/python3.12/site-packages/airflow/example_dags/example_dataset_alias.py
[2025-03-21T21:33:12.035+0000] {logging_mixin.py:190} INFO - [2025-03-21T21:33:12.035+0000] {dag.py:3239} INFO - Sync 4 DAGs
[2025-03-21T21:33:12.049+0000] {logging_mixin.py:190} INFO - [2025-03-21T21:33:12.049+0000] {dag.py:4180} INFO - Setting next_dagrun for dataset_alias_example_alias_consumer to None, run_after=None
[2025-03-21T21:33:12.051+0000] {logging_mixin.py:190} INFO - [2025-03-21T21:33:12.051+0000] {dag.py:4180} INFO - Setting next_dagrun for dataset_alias_example_alias_producer to None, run_after=None
[2025-03-21T21:33:12.052+0000] {logging_mixin.py:190} INFO - [2025-03-21T21:33:12.051+0000] {dag.py:4180} INFO - Setting next_dagrun for dataset_s3_bucket_consumer to None, run_after=None
[2025-03-21T21:33:12.052+0000] {logging_mixin.py:190} INFO - [2025-03-21T21:33:12.052+0000] {dag.py:4180} INFO - Setting next_dagrun for dataset_s3_bucket_producer to None, run_after=None
[2025-03-21T21:33:12.073+0000] {processor.py:208} INFO - Processing /home/usmail/sys_fraud/sys_detection_frauds/lib/python3.12/site-packages/airflow/example_dags/example_dataset_alias.py took 0.110 seconds
[2025-03-21T22:20:07.492+0000] {processor.py:186} INFO - Started process (PID=3759086) to work on /home/usmail/sys_fraud/sys_detection_frauds/lib/python3.12/site-packages/airflow/example_dags/example_dataset_alias.py
[2025-03-21T22:20:07.501+0000] {processor.py:914} INFO - Processing file /home/usmail/sys_fraud/sys_detection_frauds/lib/python3.12/site-packages/airflow/example_dags/example_dataset_alias.py for tasks to queue
[2025-03-21T22:20:07.504+0000] {logging_mixin.py:190} INFO - [2025-03-21T22:20:07.504+0000] {dagbag.py:588} INFO - Filling up the DagBag from /home/usmail/sys_fraud/sys_detection_frauds/lib/python3.12/site-packages/airflow/example_dags/example_dataset_alias.py
[2025-03-21T22:20:07.541+0000] {processor.py:925} INFO - DAG(s) 'dataset_s3_bucket_consumer', 'dataset_s3_bucket_producer', 'dataset_alias_example_alias_producer', 'dataset_alias_example_alias_consumer' retrieved from /home/usmail/sys_fraud/sys_detection_frauds/lib/python3.12/site-packages/airflow/example_dags/example_dataset_alias.py
[2025-03-21T22:20:07.563+0000] {logging_mixin.py:190} INFO - [2025-03-21T22:20:07.563+0000] {dag.py:3239} INFO - Sync 4 DAGs
[2025-03-21T22:20:07.579+0000] {logging_mixin.py:190} INFO - [2025-03-21T22:20:07.578+0000] {dag.py:4180} INFO - Setting next_dagrun for dataset_alias_example_alias_consumer to None, run_after=None
[2025-03-21T22:20:07.580+0000] {logging_mixin.py:190} INFO - [2025-03-21T22:20:07.580+0000] {dag.py:4180} INFO - Setting next_dagrun for dataset_alias_example_alias_producer to None, run_after=None
[2025-03-21T22:20:07.581+0000] {logging_mixin.py:190} INFO - [2025-03-21T22:20:07.581+0000] {dag.py:4180} INFO - Setting next_dagrun for dataset_s3_bucket_consumer to None, run_after=None
[2025-03-21T22:20:07.582+0000] {logging_mixin.py:190} INFO - [2025-03-21T22:20:07.582+0000] {dag.py:4180} INFO - Setting next_dagrun for dataset_s3_bucket_producer to None, run_after=None
[2025-03-21T22:20:07.599+0000] {processor.py:208} INFO - Processing /home/usmail/sys_fraud/sys_detection_frauds/lib/python3.12/site-packages/airflow/example_dags/example_dataset_alias.py took 0.120 seconds
[2025-03-21T22:21:12.385+0000] {processor.py:186} INFO - Started process (PID=3760023) to work on /home/usmail/sys_fraud/sys_detection_frauds/lib/python3.12/site-packages/airflow/example_dags/example_dataset_alias.py
[2025-03-21T22:21:12.395+0000] {processor.py:914} INFO - Processing file /home/usmail/sys_fraud/sys_detection_frauds/lib/python3.12/site-packages/airflow/example_dags/example_dataset_alias.py for tasks to queue
[2025-03-21T22:21:12.397+0000] {logging_mixin.py:190} INFO - [2025-03-21T22:21:12.396+0000] {dagbag.py:588} INFO - Filling up the DagBag from /home/usmail/sys_fraud/sys_detection_frauds/lib/python3.12/site-packages/airflow/example_dags/example_dataset_alias.py
[2025-03-21T22:21:12.432+0000] {processor.py:925} INFO - DAG(s) 'dataset_alias_example_alias_consumer', 'dataset_s3_bucket_producer', 'dataset_alias_example_alias_producer', 'dataset_s3_bucket_consumer' retrieved from /home/usmail/sys_fraud/sys_detection_frauds/lib/python3.12/site-packages/airflow/example_dags/example_dataset_alias.py
[2025-03-21T22:21:12.458+0000] {logging_mixin.py:190} INFO - [2025-03-21T22:21:12.458+0000] {dag.py:3239} INFO - Sync 4 DAGs
[2025-03-21T22:21:12.478+0000] {logging_mixin.py:190} INFO - [2025-03-21T22:21:12.478+0000] {dag.py:4180} INFO - Setting next_dagrun for dataset_alias_example_alias_consumer to None, run_after=None
[2025-03-21T22:21:12.480+0000] {logging_mixin.py:190} INFO - [2025-03-21T22:21:12.480+0000] {dag.py:4180} INFO - Setting next_dagrun for dataset_alias_example_alias_producer to None, run_after=None
[2025-03-21T22:21:12.481+0000] {logging_mixin.py:190} INFO - [2025-03-21T22:21:12.481+0000] {dag.py:4180} INFO - Setting next_dagrun for dataset_s3_bucket_consumer to None, run_after=None
[2025-03-21T22:21:12.481+0000] {logging_mixin.py:190} INFO - [2025-03-21T22:21:12.481+0000] {dag.py:4180} INFO - Setting next_dagrun for dataset_s3_bucket_producer to None, run_after=None
[2025-03-21T22:21:12.513+0000] {processor.py:208} INFO - Processing /home/usmail/sys_fraud/sys_detection_frauds/lib/python3.12/site-packages/airflow/example_dags/example_dataset_alias.py took 0.139 seconds
[2025-03-21T22:22:13.645+0000] {processor.py:186} INFO - Started process (PID=3761062) to work on /home/usmail/sys_fraud/sys_detection_frauds/lib/python3.12/site-packages/airflow/example_dags/example_dataset_alias.py
[2025-03-21T22:22:13.654+0000] {processor.py:914} INFO - Processing file /home/usmail/sys_fraud/sys_detection_frauds/lib/python3.12/site-packages/airflow/example_dags/example_dataset_alias.py for tasks to queue
[2025-03-21T22:22:13.657+0000] {logging_mixin.py:190} INFO - [2025-03-21T22:22:13.656+0000] {dagbag.py:588} INFO - Filling up the DagBag from /home/usmail/sys_fraud/sys_detection_frauds/lib/python3.12/site-packages/airflow/example_dags/example_dataset_alias.py
[2025-03-21T22:22:13.684+0000] {processor.py:925} INFO - DAG(s) 'dataset_alias_example_alias_producer', 'dataset_s3_bucket_producer', 'dataset_alias_example_alias_consumer', 'dataset_s3_bucket_consumer' retrieved from /home/usmail/sys_fraud/sys_detection_frauds/lib/python3.12/site-packages/airflow/example_dags/example_dataset_alias.py
[2025-03-21T22:22:13.701+0000] {logging_mixin.py:190} INFO - [2025-03-21T22:22:13.701+0000] {dag.py:3239} INFO - Sync 4 DAGs
[2025-03-21T22:22:13.717+0000] {logging_mixin.py:190} INFO - [2025-03-21T22:22:13.717+0000] {dag.py:4180} INFO - Setting next_dagrun for dataset_alias_example_alias_consumer to None, run_after=None
[2025-03-21T22:22:13.719+0000] {logging_mixin.py:190} INFO - [2025-03-21T22:22:13.719+0000] {dag.py:4180} INFO - Setting next_dagrun for dataset_alias_example_alias_producer to None, run_after=None
[2025-03-21T22:22:13.720+0000] {logging_mixin.py:190} INFO - [2025-03-21T22:22:13.720+0000] {dag.py:4180} INFO - Setting next_dagrun for dataset_s3_bucket_consumer to None, run_after=None
[2025-03-21T22:22:13.721+0000] {logging_mixin.py:190} INFO - [2025-03-21T22:22:13.720+0000] {dag.py:4180} INFO - Setting next_dagrun for dataset_s3_bucket_producer to None, run_after=None
[2025-03-21T22:22:13.748+0000] {processor.py:208} INFO - Processing /home/usmail/sys_fraud/sys_detection_frauds/lib/python3.12/site-packages/airflow/example_dags/example_dataset_alias.py took 0.114 seconds
