[2025-03-21T20:50:21.073+0000] {processor.py:186} INFO - Started process (PID=3723523) to work on /home/usmail/sys_fraud/sys_detection_frauds/lib/python3.12/site-packages/airflow/example_dags/example_bash_operator.py
[2025-03-21T20:50:21.074+0000] {processor.py:914} INFO - Processing file /home/usmail/sys_fraud/sys_detection_frauds/lib/python3.12/site-packages/airflow/example_dags/example_bash_operator.py for tasks to queue
[2025-03-21T20:50:21.076+0000] {logging_mixin.py:190} INFO - [2025-03-21T20:50:21.075+0000] {dagbag.py:588} INFO - Filling up the DagBag from /home/usmail/sys_fraud/sys_detection_frauds/lib/python3.12/site-packages/airflow/example_dags/example_bash_operator.py
[2025-03-21T20:50:21.085+0000] {processor.py:925} INFO - DAG(s) 'example_bash_operator' retrieved from /home/usmail/sys_fraud/sys_detection_frauds/lib/python3.12/site-packages/airflow/example_dags/example_bash_operator.py
[2025-03-21T20:50:21.166+0000] {logging_mixin.py:190} INFO - [2025-03-21T20:50:21.165+0000] {override.py:1912} INFO - Created Permission View: can edit on DAG:example_bash_operator
[2025-03-21T20:50:21.173+0000] {logging_mixin.py:190} INFO - [2025-03-21T20:50:21.173+0000] {override.py:1912} INFO - Created Permission View: can read on DAG:example_bash_operator
[2025-03-21T20:50:21.179+0000] {logging_mixin.py:190} INFO - [2025-03-21T20:50:21.179+0000] {override.py:1912} INFO - Created Permission View: can delete on DAG:example_bash_operator
[2025-03-21T20:50:21.187+0000] {logging_mixin.py:190} INFO - [2025-03-21T20:50:21.187+0000] {override.py:1912} INFO - Created Permission View: can create on DAG Run:example_bash_operator
[2025-03-21T20:50:21.193+0000] {logging_mixin.py:190} INFO - [2025-03-21T20:50:21.193+0000] {override.py:1912} INFO - Created Permission View: menu access on DAG Run:example_bash_operator
[2025-03-21T20:50:21.198+0000] {logging_mixin.py:190} INFO - [2025-03-21T20:50:21.198+0000] {override.py:1912} INFO - Created Permission View: can read on DAG Run:example_bash_operator
[2025-03-21T20:50:21.203+0000] {logging_mixin.py:190} INFO - [2025-03-21T20:50:21.203+0000] {override.py:1912} INFO - Created Permission View: can delete on DAG Run:example_bash_operator
[2025-03-21T20:50:21.203+0000] {logging_mixin.py:190} INFO - [2025-03-21T20:50:21.203+0000] {dag.py:3239} INFO - Sync 1 DAGs
[2025-03-21T20:50:21.211+0000] {logging_mixin.py:190} INFO - [2025-03-21T20:50:21.211+0000] {dag.py:3262} INFO - Creating ORM DAG for example_bash_operator
[2025-03-21T20:50:21.216+0000] {logging_mixin.py:190} INFO - [2025-03-21T20:50:21.216+0000] {dag.py:4180} INFO - Setting next_dagrun for example_bash_operator to 2025-03-20 00:00:00+00:00, run_after=2025-03-21 00:00:00+00:00
[2025-03-21T20:50:21.229+0000] {processor.py:208} INFO - Processing /home/usmail/sys_fraud/sys_detection_frauds/lib/python3.12/site-packages/airflow/example_dags/example_bash_operator.py took 0.160 seconds
[2025-03-21T20:51:17.646+0000] {processor.py:186} INFO - Started process (PID=3724214) to work on /home/usmail/sys_fraud/sys_detection_frauds/lib/python3.12/site-packages/airflow/example_dags/example_bash_operator.py
[2025-03-21T20:51:17.654+0000] {processor.py:914} INFO - Processing file /home/usmail/sys_fraud/sys_detection_frauds/lib/python3.12/site-packages/airflow/example_dags/example_bash_operator.py for tasks to queue
[2025-03-21T20:51:17.659+0000] {logging_mixin.py:190} INFO - [2025-03-21T20:51:17.658+0000] {dagbag.py:588} INFO - Filling up the DagBag from /home/usmail/sys_fraud/sys_detection_frauds/lib/python3.12/site-packages/airflow/example_dags/example_bash_operator.py
[2025-03-21T20:51:17.672+0000] {processor.py:925} INFO - DAG(s) 'example_bash_operator' retrieved from /home/usmail/sys_fraud/sys_detection_frauds/lib/python3.12/site-packages/airflow/example_dags/example_bash_operator.py
[2025-03-21T20:51:17.684+0000] {logging_mixin.py:190} INFO - [2025-03-21T20:51:17.683+0000] {dag.py:3239} INFO - Sync 1 DAGs
[2025-03-21T20:51:17.695+0000] {logging_mixin.py:190} INFO - [2025-03-21T20:51:17.695+0000] {dag.py:4180} INFO - Setting next_dagrun for example_bash_operator to 2025-03-20 00:00:00+00:00, run_after=2025-03-21 00:00:00+00:00
[2025-03-21T20:51:17.707+0000] {processor.py:208} INFO - Processing /home/usmail/sys_fraud/sys_detection_frauds/lib/python3.12/site-packages/airflow/example_dags/example_bash_operator.py took 0.067 seconds
[2025-03-21T20:52:33.799+0000] {processor.py:186} INFO - Started process (PID=3725126) to work on /home/usmail/sys_fraud/sys_detection_frauds/lib/python3.12/site-packages/airflow/example_dags/example_bash_operator.py
[2025-03-21T20:52:33.800+0000] {processor.py:914} INFO - Processing file /home/usmail/sys_fraud/sys_detection_frauds/lib/python3.12/site-packages/airflow/example_dags/example_bash_operator.py for tasks to queue
[2025-03-21T20:52:33.801+0000] {logging_mixin.py:190} INFO - [2025-03-21T20:52:33.801+0000] {dagbag.py:588} INFO - Filling up the DagBag from /home/usmail/sys_fraud/sys_detection_frauds/lib/python3.12/site-packages/airflow/example_dags/example_bash_operator.py
[2025-03-21T20:52:33.809+0000] {processor.py:925} INFO - DAG(s) 'example_bash_operator' retrieved from /home/usmail/sys_fraud/sys_detection_frauds/lib/python3.12/site-packages/airflow/example_dags/example_bash_operator.py
[2025-03-21T20:52:33.822+0000] {logging_mixin.py:190} INFO - [2025-03-21T20:52:33.822+0000] {dag.py:3239} INFO - Sync 1 DAGs
[2025-03-21T20:52:33.835+0000] {logging_mixin.py:190} INFO - [2025-03-21T20:52:33.835+0000] {dag.py:4180} INFO - Setting next_dagrun for example_bash_operator to 2025-03-20 00:00:00+00:00, run_after=2025-03-21 00:00:00+00:00
[2025-03-21T20:52:33.848+0000] {processor.py:208} INFO - Processing /home/usmail/sys_fraud/sys_detection_frauds/lib/python3.12/site-packages/airflow/example_dags/example_bash_operator.py took 0.052 seconds
[2025-03-21T20:53:54.669+0000] {processor.py:186} INFO - Started process (PID=3726103) to work on /home/usmail/sys_fraud/sys_detection_frauds/lib/python3.12/site-packages/airflow/example_dags/example_bash_operator.py
[2025-03-21T20:53:54.679+0000] {processor.py:914} INFO - Processing file /home/usmail/sys_fraud/sys_detection_frauds/lib/python3.12/site-packages/airflow/example_dags/example_bash_operator.py for tasks to queue
[2025-03-21T20:53:54.682+0000] {logging_mixin.py:190} INFO - [2025-03-21T20:53:54.681+0000] {dagbag.py:588} INFO - Filling up the DagBag from /home/usmail/sys_fraud/sys_detection_frauds/lib/python3.12/site-packages/airflow/example_dags/example_bash_operator.py
[2025-03-21T20:53:54.695+0000] {processor.py:925} INFO - DAG(s) 'example_bash_operator' retrieved from /home/usmail/sys_fraud/sys_detection_frauds/lib/python3.12/site-packages/airflow/example_dags/example_bash_operator.py
[2025-03-21T20:53:54.706+0000] {logging_mixin.py:190} INFO - [2025-03-21T20:53:54.706+0000] {dag.py:3239} INFO - Sync 1 DAGs
[2025-03-21T20:53:54.806+0000] {logging_mixin.py:190} INFO - [2025-03-21T20:53:54.805+0000] {dag.py:4180} INFO - Setting next_dagrun for example_bash_operator to 2025-03-20 00:00:00+00:00, run_after=2025-03-21 00:00:00+00:00
[2025-03-21T20:53:54.818+0000] {processor.py:208} INFO - Processing /home/usmail/sys_fraud/sys_detection_frauds/lib/python3.12/site-packages/airflow/example_dags/example_bash_operator.py took 0.157 seconds
[2025-03-21T20:55:12.450+0000] {processor.py:186} INFO - Started process (PID=3727058) to work on /home/usmail/sys_fraud/sys_detection_frauds/lib/python3.12/site-packages/airflow/example_dags/example_bash_operator.py
[2025-03-21T20:55:12.460+0000] {processor.py:914} INFO - Processing file /home/usmail/sys_fraud/sys_detection_frauds/lib/python3.12/site-packages/airflow/example_dags/example_bash_operator.py for tasks to queue
[2025-03-21T20:55:12.463+0000] {logging_mixin.py:190} INFO - [2025-03-21T20:55:12.462+0000] {dagbag.py:588} INFO - Filling up the DagBag from /home/usmail/sys_fraud/sys_detection_frauds/lib/python3.12/site-packages/airflow/example_dags/example_bash_operator.py
[2025-03-21T20:55:12.475+0000] {processor.py:925} INFO - DAG(s) 'example_bash_operator' retrieved from /home/usmail/sys_fraud/sys_detection_frauds/lib/python3.12/site-packages/airflow/example_dags/example_bash_operator.py
[2025-03-21T20:55:12.488+0000] {logging_mixin.py:190} INFO - [2025-03-21T20:55:12.487+0000] {dag.py:3239} INFO - Sync 1 DAGs
[2025-03-21T20:55:12.500+0000] {logging_mixin.py:190} INFO - [2025-03-21T20:55:12.500+0000] {dag.py:4180} INFO - Setting next_dagrun for example_bash_operator to 2025-03-20 00:00:00+00:00, run_after=2025-03-21 00:00:00+00:00
[2025-03-21T20:55:12.526+0000] {processor.py:208} INFO - Processing /home/usmail/sys_fraud/sys_detection_frauds/lib/python3.12/site-packages/airflow/example_dags/example_bash_operator.py took 0.083 seconds
[2025-03-21T20:56:26.213+0000] {processor.py:186} INFO - Started process (PID=3728033) to work on /home/usmail/sys_fraud/sys_detection_frauds/lib/python3.12/site-packages/airflow/example_dags/example_bash_operator.py
[2025-03-21T20:56:26.222+0000] {processor.py:914} INFO - Processing file /home/usmail/sys_fraud/sys_detection_frauds/lib/python3.12/site-packages/airflow/example_dags/example_bash_operator.py for tasks to queue
[2025-03-21T20:56:26.225+0000] {logging_mixin.py:190} INFO - [2025-03-21T20:56:26.225+0000] {dagbag.py:588} INFO - Filling up the DagBag from /home/usmail/sys_fraud/sys_detection_frauds/lib/python3.12/site-packages/airflow/example_dags/example_bash_operator.py
[2025-03-21T20:56:26.235+0000] {processor.py:925} INFO - DAG(s) 'example_bash_operator' retrieved from /home/usmail/sys_fraud/sys_detection_frauds/lib/python3.12/site-packages/airflow/example_dags/example_bash_operator.py
[2025-03-21T20:56:26.247+0000] {logging_mixin.py:190} INFO - [2025-03-21T20:56:26.246+0000] {dag.py:3239} INFO - Sync 1 DAGs
[2025-03-21T20:56:26.259+0000] {logging_mixin.py:190} INFO - [2025-03-21T20:56:26.258+0000] {dag.py:4180} INFO - Setting next_dagrun for example_bash_operator to 2025-03-20 00:00:00+00:00, run_after=2025-03-21 00:00:00+00:00
[2025-03-21T20:56:26.283+0000] {processor.py:208} INFO - Processing /home/usmail/sys_fraud/sys_detection_frauds/lib/python3.12/site-packages/airflow/example_dags/example_bash_operator.py took 0.074 seconds
[2025-03-21T20:57:22.753+0000] {processor.py:186} INFO - Started process (PID=3728866) to work on /home/usmail/sys_fraud/sys_detection_frauds/lib/python3.12/site-packages/airflow/example_dags/example_bash_operator.py
[2025-03-21T20:57:22.762+0000] {processor.py:914} INFO - Processing file /home/usmail/sys_fraud/sys_detection_frauds/lib/python3.12/site-packages/airflow/example_dags/example_bash_operator.py for tasks to queue
[2025-03-21T20:57:22.765+0000] {logging_mixin.py:190} INFO - [2025-03-21T20:57:22.765+0000] {dagbag.py:588} INFO - Filling up the DagBag from /home/usmail/sys_fraud/sys_detection_frauds/lib/python3.12/site-packages/airflow/example_dags/example_bash_operator.py
[2025-03-21T20:57:22.779+0000] {processor.py:925} INFO - DAG(s) 'example_bash_operator' retrieved from /home/usmail/sys_fraud/sys_detection_frauds/lib/python3.12/site-packages/airflow/example_dags/example_bash_operator.py
[2025-03-21T20:57:22.791+0000] {logging_mixin.py:190} INFO - [2025-03-21T20:57:22.791+0000] {dag.py:3239} INFO - Sync 1 DAGs
[2025-03-21T20:57:22.802+0000] {logging_mixin.py:190} INFO - [2025-03-21T20:57:22.802+0000] {dag.py:4180} INFO - Setting next_dagrun for example_bash_operator to 2025-03-20 00:00:00+00:00, run_after=2025-03-21 00:00:00+00:00
[2025-03-21T20:57:22.832+0000] {processor.py:208} INFO - Processing /home/usmail/sys_fraud/sys_detection_frauds/lib/python3.12/site-packages/airflow/example_dags/example_bash_operator.py took 0.086 seconds
[2025-03-21T20:58:39.322+0000] {processor.py:186} INFO - Started process (PID=3729759) to work on /home/usmail/sys_fraud/sys_detection_frauds/lib/python3.12/site-packages/airflow/example_dags/example_bash_operator.py
[2025-03-21T20:58:39.330+0000] {processor.py:914} INFO - Processing file /home/usmail/sys_fraud/sys_detection_frauds/lib/python3.12/site-packages/airflow/example_dags/example_bash_operator.py for tasks to queue
[2025-03-21T20:58:39.331+0000] {logging_mixin.py:190} INFO - [2025-03-21T20:58:39.331+0000] {dagbag.py:588} INFO - Filling up the DagBag from /home/usmail/sys_fraud/sys_detection_frauds/lib/python3.12/site-packages/airflow/example_dags/example_bash_operator.py
[2025-03-21T20:58:39.340+0000] {processor.py:925} INFO - DAG(s) 'example_bash_operator' retrieved from /home/usmail/sys_fraud/sys_detection_frauds/lib/python3.12/site-packages/airflow/example_dags/example_bash_operator.py
[2025-03-21T20:58:39.353+0000] {logging_mixin.py:190} INFO - [2025-03-21T20:58:39.352+0000] {dag.py:3239} INFO - Sync 1 DAGs
[2025-03-21T20:58:39.365+0000] {logging_mixin.py:190} INFO - [2025-03-21T20:58:39.364+0000] {dag.py:4180} INFO - Setting next_dagrun for example_bash_operator to 2025-03-20 00:00:00+00:00, run_after=2025-03-21 00:00:00+00:00
[2025-03-21T20:58:39.376+0000] {processor.py:208} INFO - Processing /home/usmail/sys_fraud/sys_detection_frauds/lib/python3.12/site-packages/airflow/example_dags/example_bash_operator.py took 0.059 seconds
[2025-03-21T21:00:08.733+0000] {processor.py:186} INFO - Started process (PID=3730957) to work on /home/usmail/sys_fraud/sys_detection_frauds/lib/python3.12/site-packages/airflow/example_dags/example_bash_operator.py
[2025-03-21T21:00:08.734+0000] {processor.py:914} INFO - Processing file /home/usmail/sys_fraud/sys_detection_frauds/lib/python3.12/site-packages/airflow/example_dags/example_bash_operator.py for tasks to queue
[2025-03-21T21:00:08.735+0000] {logging_mixin.py:190} INFO - [2025-03-21T21:00:08.735+0000] {dagbag.py:588} INFO - Filling up the DagBag from /home/usmail/sys_fraud/sys_detection_frauds/lib/python3.12/site-packages/airflow/example_dags/example_bash_operator.py
[2025-03-21T21:00:08.744+0000] {processor.py:925} INFO - DAG(s) 'example_bash_operator' retrieved from /home/usmail/sys_fraud/sys_detection_frauds/lib/python3.12/site-packages/airflow/example_dags/example_bash_operator.py
[2025-03-21T21:00:08.758+0000] {logging_mixin.py:190} INFO - [2025-03-21T21:00:08.758+0000] {dag.py:3239} INFO - Sync 1 DAGs
[2025-03-21T21:00:08.771+0000] {logging_mixin.py:190} INFO - [2025-03-21T21:00:08.771+0000] {dag.py:4180} INFO - Setting next_dagrun for example_bash_operator to 2025-03-20 00:00:00+00:00, run_after=2025-03-21 00:00:00+00:00
[2025-03-21T21:00:08.784+0000] {processor.py:208} INFO - Processing /home/usmail/sys_fraud/sys_detection_frauds/lib/python3.12/site-packages/airflow/example_dags/example_bash_operator.py took 0.055 seconds
[2025-03-21T21:01:06.332+0000] {processor.py:186} INFO - Started process (PID=3731727) to work on /home/usmail/sys_fraud/sys_detection_frauds/lib/python3.12/site-packages/airflow/example_dags/example_bash_operator.py
[2025-03-21T21:01:06.341+0000] {processor.py:914} INFO - Processing file /home/usmail/sys_fraud/sys_detection_frauds/lib/python3.12/site-packages/airflow/example_dags/example_bash_operator.py for tasks to queue
[2025-03-21T21:01:06.342+0000] {logging_mixin.py:190} INFO - [2025-03-21T21:01:06.342+0000] {dagbag.py:588} INFO - Filling up the DagBag from /home/usmail/sys_fraud/sys_detection_frauds/lib/python3.12/site-packages/airflow/example_dags/example_bash_operator.py
[2025-03-21T21:01:06.350+0000] {processor.py:925} INFO - DAG(s) 'example_bash_operator' retrieved from /home/usmail/sys_fraud/sys_detection_frauds/lib/python3.12/site-packages/airflow/example_dags/example_bash_operator.py
[2025-03-21T21:01:06.362+0000] {logging_mixin.py:190} INFO - [2025-03-21T21:01:06.362+0000] {dag.py:3239} INFO - Sync 1 DAGs
[2025-03-21T21:01:06.373+0000] {logging_mixin.py:190} INFO - [2025-03-21T21:01:06.373+0000] {dag.py:4180} INFO - Setting next_dagrun for example_bash_operator to 2025-03-20 00:00:00+00:00, run_after=2025-03-21 00:00:00+00:00
[2025-03-21T21:01:06.392+0000] {processor.py:208} INFO - Processing /home/usmail/sys_fraud/sys_detection_frauds/lib/python3.12/site-packages/airflow/example_dags/example_bash_operator.py took 0.065 seconds
[2025-03-21T21:02:25.805+0000] {processor.py:186} INFO - Started process (PID=3732711) to work on /home/usmail/sys_fraud/sys_detection_frauds/lib/python3.12/site-packages/airflow/example_dags/example_bash_operator.py
[2025-03-21T21:02:25.813+0000] {processor.py:914} INFO - Processing file /home/usmail/sys_fraud/sys_detection_frauds/lib/python3.12/site-packages/airflow/example_dags/example_bash_operator.py for tasks to queue
[2025-03-21T21:02:25.816+0000] {logging_mixin.py:190} INFO - [2025-03-21T21:02:25.815+0000] {dagbag.py:588} INFO - Filling up the DagBag from /home/usmail/sys_fraud/sys_detection_frauds/lib/python3.12/site-packages/airflow/example_dags/example_bash_operator.py
[2025-03-21T21:02:25.824+0000] {processor.py:925} INFO - DAG(s) 'example_bash_operator' retrieved from /home/usmail/sys_fraud/sys_detection_frauds/lib/python3.12/site-packages/airflow/example_dags/example_bash_operator.py
[2025-03-21T21:02:25.836+0000] {logging_mixin.py:190} INFO - [2025-03-21T21:02:25.836+0000] {dag.py:3239} INFO - Sync 1 DAGs
[2025-03-21T21:02:25.847+0000] {logging_mixin.py:190} INFO - [2025-03-21T21:02:25.847+0000] {dag.py:4180} INFO - Setting next_dagrun for example_bash_operator to 2025-03-20 00:00:00+00:00, run_after=2025-03-21 00:00:00+00:00
[2025-03-21T21:02:25.871+0000] {processor.py:208} INFO - Processing /home/usmail/sys_fraud/sys_detection_frauds/lib/python3.12/site-packages/airflow/example_dags/example_bash_operator.py took 0.072 seconds
[2025-03-21T21:03:45.001+0000] {processor.py:186} INFO - Started process (PID=3733745) to work on /home/usmail/sys_fraud/sys_detection_frauds/lib/python3.12/site-packages/airflow/example_dags/example_bash_operator.py
[2025-03-21T21:03:45.009+0000] {processor.py:914} INFO - Processing file /home/usmail/sys_fraud/sys_detection_frauds/lib/python3.12/site-packages/airflow/example_dags/example_bash_operator.py for tasks to queue
[2025-03-21T21:03:45.011+0000] {logging_mixin.py:190} INFO - [2025-03-21T21:03:45.010+0000] {dagbag.py:588} INFO - Filling up the DagBag from /home/usmail/sys_fraud/sys_detection_frauds/lib/python3.12/site-packages/airflow/example_dags/example_bash_operator.py
[2025-03-21T21:03:45.019+0000] {processor.py:925} INFO - DAG(s) 'example_bash_operator' retrieved from /home/usmail/sys_fraud/sys_detection_frauds/lib/python3.12/site-packages/airflow/example_dags/example_bash_operator.py
[2025-03-21T21:03:45.032+0000] {logging_mixin.py:190} INFO - [2025-03-21T21:03:45.032+0000] {dag.py:3239} INFO - Sync 1 DAGs
[2025-03-21T21:03:45.120+0000] {logging_mixin.py:190} INFO - [2025-03-21T21:03:45.120+0000] {dag.py:4180} INFO - Setting next_dagrun for example_bash_operator to 2025-03-20 00:00:00+00:00, run_after=2025-03-21 00:00:00+00:00
[2025-03-21T21:03:45.143+0000] {processor.py:208} INFO - Processing /home/usmail/sys_fraud/sys_detection_frauds/lib/python3.12/site-packages/airflow/example_dags/example_bash_operator.py took 0.146 seconds
[2025-03-21T21:04:43.229+0000] {processor.py:186} INFO - Started process (PID=3734550) to work on /home/usmail/sys_fraud/sys_detection_frauds/lib/python3.12/site-packages/airflow/example_dags/example_bash_operator.py
[2025-03-21T21:04:43.238+0000] {processor.py:914} INFO - Processing file /home/usmail/sys_fraud/sys_detection_frauds/lib/python3.12/site-packages/airflow/example_dags/example_bash_operator.py for tasks to queue
[2025-03-21T21:04:43.241+0000] {logging_mixin.py:190} INFO - [2025-03-21T21:04:43.240+0000] {dagbag.py:588} INFO - Filling up the DagBag from /home/usmail/sys_fraud/sys_detection_frauds/lib/python3.12/site-packages/airflow/example_dags/example_bash_operator.py
[2025-03-21T21:04:43.252+0000] {processor.py:925} INFO - DAG(s) 'example_bash_operator' retrieved from /home/usmail/sys_fraud/sys_detection_frauds/lib/python3.12/site-packages/airflow/example_dags/example_bash_operator.py
[2025-03-21T21:04:43.263+0000] {logging_mixin.py:190} INFO - [2025-03-21T21:04:43.263+0000] {dag.py:3239} INFO - Sync 1 DAGs
[2025-03-21T21:04:43.275+0000] {logging_mixin.py:190} INFO - [2025-03-21T21:04:43.275+0000] {dag.py:4180} INFO - Setting next_dagrun for example_bash_operator to 2025-03-20 00:00:00+00:00, run_after=2025-03-21 00:00:00+00:00
[2025-03-21T21:04:43.287+0000] {processor.py:208} INFO - Processing /home/usmail/sys_fraud/sys_detection_frauds/lib/python3.12/site-packages/airflow/example_dags/example_bash_operator.py took 0.071 seconds
[2025-03-21T21:06:03.087+0000] {processor.py:186} INFO - Started process (PID=3735728) to work on /home/usmail/sys_fraud/sys_detection_frauds/lib/python3.12/site-packages/airflow/example_dags/example_bash_operator.py
[2025-03-21T21:06:03.096+0000] {processor.py:914} INFO - Processing file /home/usmail/sys_fraud/sys_detection_frauds/lib/python3.12/site-packages/airflow/example_dags/example_bash_operator.py for tasks to queue
[2025-03-21T21:06:03.100+0000] {logging_mixin.py:190} INFO - [2025-03-21T21:06:03.099+0000] {dagbag.py:588} INFO - Filling up the DagBag from /home/usmail/sys_fraud/sys_detection_frauds/lib/python3.12/site-packages/airflow/example_dags/example_bash_operator.py
[2025-03-21T21:06:03.113+0000] {processor.py:925} INFO - DAG(s) 'example_bash_operator' retrieved from /home/usmail/sys_fraud/sys_detection_frauds/lib/python3.12/site-packages/airflow/example_dags/example_bash_operator.py
[2025-03-21T21:06:03.125+0000] {logging_mixin.py:190} INFO - [2025-03-21T21:06:03.125+0000] {dag.py:3239} INFO - Sync 1 DAGs
[2025-03-21T21:06:03.137+0000] {logging_mixin.py:190} INFO - [2025-03-21T21:06:03.137+0000] {dag.py:4180} INFO - Setting next_dagrun for example_bash_operator to 2025-03-20 00:00:00+00:00, run_after=2025-03-21 00:00:00+00:00
[2025-03-21T21:06:03.157+0000] {processor.py:208} INFO - Processing /home/usmail/sys_fraud/sys_detection_frauds/lib/python3.12/site-packages/airflow/example_dags/example_bash_operator.py took 0.081 seconds
[2025-03-21T21:07:19.706+0000] {processor.py:186} INFO - Started process (PID=3737328) to work on /home/usmail/sys_fraud/sys_detection_frauds/lib/python3.12/site-packages/airflow/example_dags/example_bash_operator.py
[2025-03-21T21:07:19.715+0000] {processor.py:914} INFO - Processing file /home/usmail/sys_fraud/sys_detection_frauds/lib/python3.12/site-packages/airflow/example_dags/example_bash_operator.py for tasks to queue
[2025-03-21T21:07:19.718+0000] {logging_mixin.py:190} INFO - [2025-03-21T21:07:19.717+0000] {dagbag.py:588} INFO - Filling up the DagBag from /home/usmail/sys_fraud/sys_detection_frauds/lib/python3.12/site-packages/airflow/example_dags/example_bash_operator.py
[2025-03-21T21:07:19.726+0000] {processor.py:925} INFO - DAG(s) 'example_bash_operator' retrieved from /home/usmail/sys_fraud/sys_detection_frauds/lib/python3.12/site-packages/airflow/example_dags/example_bash_operator.py
[2025-03-21T21:07:19.741+0000] {logging_mixin.py:190} INFO - [2025-03-21T21:07:19.740+0000] {dag.py:3239} INFO - Sync 1 DAGs
[2025-03-21T21:07:19.755+0000] {logging_mixin.py:190} INFO - [2025-03-21T21:07:19.755+0000] {dag.py:4180} INFO - Setting next_dagrun for example_bash_operator to 2025-03-20 00:00:00+00:00, run_after=2025-03-21 00:00:00+00:00
[2025-03-21T21:07:19.768+0000] {processor.py:208} INFO - Processing /home/usmail/sys_fraud/sys_detection_frauds/lib/python3.12/site-packages/airflow/example_dags/example_bash_operator.py took 0.068 seconds
[2025-03-21T21:08:45.394+0000] {processor.py:186} INFO - Started process (PID=3738421) to work on /home/usmail/sys_fraud/sys_detection_frauds/lib/python3.12/site-packages/airflow/example_dags/example_bash_operator.py
[2025-03-21T21:08:45.404+0000] {processor.py:914} INFO - Processing file /home/usmail/sys_fraud/sys_detection_frauds/lib/python3.12/site-packages/airflow/example_dags/example_bash_operator.py for tasks to queue
[2025-03-21T21:08:45.408+0000] {logging_mixin.py:190} INFO - [2025-03-21T21:08:45.407+0000] {dagbag.py:588} INFO - Filling up the DagBag from /home/usmail/sys_fraud/sys_detection_frauds/lib/python3.12/site-packages/airflow/example_dags/example_bash_operator.py
[2025-03-21T21:08:45.430+0000] {processor.py:925} INFO - DAG(s) 'example_bash_operator' retrieved from /home/usmail/sys_fraud/sys_detection_frauds/lib/python3.12/site-packages/airflow/example_dags/example_bash_operator.py
[2025-03-21T21:08:45.460+0000] {logging_mixin.py:190} INFO - [2025-03-21T21:08:45.460+0000] {dag.py:3239} INFO - Sync 1 DAGs
[2025-03-21T21:08:45.476+0000] {logging_mixin.py:190} INFO - [2025-03-21T21:08:45.476+0000] {dag.py:4180} INFO - Setting next_dagrun for example_bash_operator to 2025-03-20 00:00:00+00:00, run_after=2025-03-21 00:00:00+00:00
[2025-03-21T21:08:45.509+0000] {processor.py:208} INFO - Processing /home/usmail/sys_fraud/sys_detection_frauds/lib/python3.12/site-packages/airflow/example_dags/example_bash_operator.py took 0.128 seconds
[2025-03-21T21:09:42.722+0000] {processor.py:186} INFO - Started process (PID=3739279) to work on /home/usmail/sys_fraud/sys_detection_frauds/lib/python3.12/site-packages/airflow/example_dags/example_bash_operator.py
[2025-03-21T21:09:42.731+0000] {processor.py:914} INFO - Processing file /home/usmail/sys_fraud/sys_detection_frauds/lib/python3.12/site-packages/airflow/example_dags/example_bash_operator.py for tasks to queue
[2025-03-21T21:09:42.732+0000] {logging_mixin.py:190} INFO - [2025-03-21T21:09:42.732+0000] {dagbag.py:588} INFO - Filling up the DagBag from /home/usmail/sys_fraud/sys_detection_frauds/lib/python3.12/site-packages/airflow/example_dags/example_bash_operator.py
[2025-03-21T21:09:42.749+0000] {processor.py:925} INFO - DAG(s) 'example_bash_operator' retrieved from /home/usmail/sys_fraud/sys_detection_frauds/lib/python3.12/site-packages/airflow/example_dags/example_bash_operator.py
[2025-03-21T21:09:42.782+0000] {logging_mixin.py:190} INFO - [2025-03-21T21:09:42.782+0000] {dag.py:3239} INFO - Sync 1 DAGs
[2025-03-21T21:09:42.800+0000] {logging_mixin.py:190} INFO - [2025-03-21T21:09:42.800+0000] {dag.py:4180} INFO - Setting next_dagrun for example_bash_operator to 2025-03-20 00:00:00+00:00, run_after=2025-03-21 00:00:00+00:00
[2025-03-21T21:09:42.815+0000] {processor.py:208} INFO - Processing /home/usmail/sys_fraud/sys_detection_frauds/lib/python3.12/site-packages/airflow/example_dags/example_bash_operator.py took 0.107 seconds
[2025-03-21T21:11:08.075+0000] {processor.py:186} INFO - Started process (PID=3741295) to work on /home/usmail/sys_fraud/sys_detection_frauds/lib/python3.12/site-packages/airflow/example_dags/example_bash_operator.py
[2025-03-21T21:11:08.076+0000] {processor.py:914} INFO - Processing file /home/usmail/sys_fraud/sys_detection_frauds/lib/python3.12/site-packages/airflow/example_dags/example_bash_operator.py for tasks to queue
[2025-03-21T21:11:08.077+0000] {logging_mixin.py:190} INFO - [2025-03-21T21:11:08.077+0000] {dagbag.py:588} INFO - Filling up the DagBag from /home/usmail/sys_fraud/sys_detection_frauds/lib/python3.12/site-packages/airflow/example_dags/example_bash_operator.py
[2025-03-21T21:11:08.087+0000] {processor.py:925} INFO - DAG(s) 'example_bash_operator' retrieved from /home/usmail/sys_fraud/sys_detection_frauds/lib/python3.12/site-packages/airflow/example_dags/example_bash_operator.py
[2025-03-21T21:11:08.104+0000] {logging_mixin.py:190} INFO - [2025-03-21T21:11:08.104+0000] {dag.py:3239} INFO - Sync 1 DAGs
[2025-03-21T21:11:08.120+0000] {logging_mixin.py:190} INFO - [2025-03-21T21:11:08.120+0000] {dag.py:4180} INFO - Setting next_dagrun for example_bash_operator to 2025-03-20 00:00:00+00:00, run_after=2025-03-21 00:00:00+00:00
[2025-03-21T21:11:08.135+0000] {processor.py:208} INFO - Processing /home/usmail/sys_fraud/sys_detection_frauds/lib/python3.12/site-packages/airflow/example_dags/example_bash_operator.py took 0.066 seconds
[2025-03-21T21:12:03.691+0000] {processor.py:186} INFO - Started process (PID=3742369) to work on /home/usmail/sys_fraud/sys_detection_frauds/lib/python3.12/site-packages/airflow/example_dags/example_bash_operator.py
[2025-03-21T21:12:03.699+0000] {processor.py:914} INFO - Processing file /home/usmail/sys_fraud/sys_detection_frauds/lib/python3.12/site-packages/airflow/example_dags/example_bash_operator.py for tasks to queue
[2025-03-21T21:12:03.701+0000] {logging_mixin.py:190} INFO - [2025-03-21T21:12:03.701+0000] {dagbag.py:588} INFO - Filling up the DagBag from /home/usmail/sys_fraud/sys_detection_frauds/lib/python3.12/site-packages/airflow/example_dags/example_bash_operator.py
[2025-03-21T21:12:03.711+0000] {processor.py:925} INFO - DAG(s) 'example_bash_operator' retrieved from /home/usmail/sys_fraud/sys_detection_frauds/lib/python3.12/site-packages/airflow/example_dags/example_bash_operator.py
[2025-03-21T21:12:03.727+0000] {logging_mixin.py:190} INFO - [2025-03-21T21:12:03.727+0000] {dag.py:3239} INFO - Sync 1 DAGs
[2025-03-21T21:12:03.744+0000] {logging_mixin.py:190} INFO - [2025-03-21T21:12:03.744+0000] {dag.py:4180} INFO - Setting next_dagrun for example_bash_operator to 2025-03-20 00:00:00+00:00, run_after=2025-03-21 00:00:00+00:00
[2025-03-21T21:12:03.764+0000] {processor.py:208} INFO - Processing /home/usmail/sys_fraud/sys_detection_frauds/lib/python3.12/site-packages/airflow/example_dags/example_bash_operator.py took 0.078 seconds
[2025-03-21T21:13:22.169+0000] {processor.py:186} INFO - Started process (PID=3743833) to work on /home/usmail/sys_fraud/sys_detection_frauds/lib/python3.12/site-packages/airflow/example_dags/example_bash_operator.py
[2025-03-21T21:13:22.178+0000] {processor.py:914} INFO - Processing file /home/usmail/sys_fraud/sys_detection_frauds/lib/python3.12/site-packages/airflow/example_dags/example_bash_operator.py for tasks to queue
[2025-03-21T21:13:22.180+0000] {logging_mixin.py:190} INFO - [2025-03-21T21:13:22.179+0000] {dagbag.py:588} INFO - Filling up the DagBag from /home/usmail/sys_fraud/sys_detection_frauds/lib/python3.12/site-packages/airflow/example_dags/example_bash_operator.py
[2025-03-21T21:13:22.190+0000] {processor.py:925} INFO - DAG(s) 'example_bash_operator' retrieved from /home/usmail/sys_fraud/sys_detection_frauds/lib/python3.12/site-packages/airflow/example_dags/example_bash_operator.py
[2025-03-21T21:13:22.206+0000] {logging_mixin.py:190} INFO - [2025-03-21T21:13:22.206+0000] {dag.py:3239} INFO - Sync 1 DAGs
[2025-03-21T21:13:22.224+0000] {logging_mixin.py:190} INFO - [2025-03-21T21:13:22.223+0000] {dag.py:4180} INFO - Setting next_dagrun for example_bash_operator to 2025-03-20 00:00:00+00:00, run_after=2025-03-21 00:00:00+00:00
[2025-03-21T21:13:22.240+0000] {processor.py:208} INFO - Processing /home/usmail/sys_fraud/sys_detection_frauds/lib/python3.12/site-packages/airflow/example_dags/example_bash_operator.py took 0.077 seconds
[2025-03-21T21:14:42.421+0000] {processor.py:186} INFO - Started process (PID=3745044) to work on /home/usmail/sys_fraud/sys_detection_frauds/lib/python3.12/site-packages/airflow/example_dags/example_bash_operator.py
[2025-03-21T21:14:42.430+0000] {processor.py:914} INFO - Processing file /home/usmail/sys_fraud/sys_detection_frauds/lib/python3.12/site-packages/airflow/example_dags/example_bash_operator.py for tasks to queue
[2025-03-21T21:14:42.435+0000] {logging_mixin.py:190} INFO - [2025-03-21T21:14:42.434+0000] {dagbag.py:588} INFO - Filling up the DagBag from /home/usmail/sys_fraud/sys_detection_frauds/lib/python3.12/site-packages/airflow/example_dags/example_bash_operator.py
[2025-03-21T21:14:42.461+0000] {processor.py:925} INFO - DAG(s) 'example_bash_operator' retrieved from /home/usmail/sys_fraud/sys_detection_frauds/lib/python3.12/site-packages/airflow/example_dags/example_bash_operator.py
[2025-03-21T21:14:42.483+0000] {logging_mixin.py:190} INFO - [2025-03-21T21:14:42.483+0000] {dag.py:3239} INFO - Sync 1 DAGs
[2025-03-21T21:14:42.499+0000] {logging_mixin.py:190} INFO - [2025-03-21T21:14:42.499+0000] {dag.py:4180} INFO - Setting next_dagrun for example_bash_operator to 2025-03-20 00:00:00+00:00, run_after=2025-03-21 00:00:00+00:00
[2025-03-21T21:14:42.521+0000] {processor.py:208} INFO - Processing /home/usmail/sys_fraud/sys_detection_frauds/lib/python3.12/site-packages/airflow/example_dags/example_bash_operator.py took 0.117 seconds
[2025-03-21T21:15:44.032+0000] {processor.py:186} INFO - Started process (PID=3745831) to work on /home/usmail/sys_fraud/sys_detection_frauds/lib/python3.12/site-packages/airflow/example_dags/example_bash_operator.py
[2025-03-21T21:15:44.041+0000] {processor.py:914} INFO - Processing file /home/usmail/sys_fraud/sys_detection_frauds/lib/python3.12/site-packages/airflow/example_dags/example_bash_operator.py for tasks to queue
[2025-03-21T21:15:44.042+0000] {logging_mixin.py:190} INFO - [2025-03-21T21:15:44.042+0000] {dagbag.py:588} INFO - Filling up the DagBag from /home/usmail/sys_fraud/sys_detection_frauds/lib/python3.12/site-packages/airflow/example_dags/example_bash_operator.py
[2025-03-21T21:15:44.053+0000] {processor.py:925} INFO - DAG(s) 'example_bash_operator' retrieved from /home/usmail/sys_fraud/sys_detection_frauds/lib/python3.12/site-packages/airflow/example_dags/example_bash_operator.py
[2025-03-21T21:15:44.072+0000] {logging_mixin.py:190} INFO - [2025-03-21T21:15:44.072+0000] {dag.py:3239} INFO - Sync 1 DAGs
[2025-03-21T21:15:44.092+0000] {logging_mixin.py:190} INFO - [2025-03-21T21:15:44.092+0000] {dag.py:4180} INFO - Setting next_dagrun for example_bash_operator to 2025-03-20 00:00:00+00:00, run_after=2025-03-21 00:00:00+00:00
[2025-03-21T21:15:44.109+0000] {processor.py:208} INFO - Processing /home/usmail/sys_fraud/sys_detection_frauds/lib/python3.12/site-packages/airflow/example_dags/example_bash_operator.py took 0.085 seconds
[2025-03-21T21:16:46.043+0000] {processor.py:186} INFO - Started process (PID=3746596) to work on /home/usmail/sys_fraud/sys_detection_frauds/lib/python3.12/site-packages/airflow/example_dags/example_bash_operator.py
[2025-03-21T21:16:46.052+0000] {processor.py:914} INFO - Processing file /home/usmail/sys_fraud/sys_detection_frauds/lib/python3.12/site-packages/airflow/example_dags/example_bash_operator.py for tasks to queue
[2025-03-21T21:16:46.056+0000] {logging_mixin.py:190} INFO - [2025-03-21T21:16:46.055+0000] {dagbag.py:588} INFO - Filling up the DagBag from /home/usmail/sys_fraud/sys_detection_frauds/lib/python3.12/site-packages/airflow/example_dags/example_bash_operator.py
[2025-03-21T21:16:46.077+0000] {processor.py:925} INFO - DAG(s) 'example_bash_operator' retrieved from /home/usmail/sys_fraud/sys_detection_frauds/lib/python3.12/site-packages/airflow/example_dags/example_bash_operator.py
[2025-03-21T21:16:46.108+0000] {logging_mixin.py:190} INFO - [2025-03-21T21:16:46.108+0000] {dag.py:3239} INFO - Sync 1 DAGs
[2025-03-21T21:16:46.126+0000] {logging_mixin.py:190} INFO - [2025-03-21T21:16:46.125+0000] {dag.py:4180} INFO - Setting next_dagrun for example_bash_operator to 2025-03-20 00:00:00+00:00, run_after=2025-03-21 00:00:00+00:00
[2025-03-21T21:16:46.143+0000] {processor.py:208} INFO - Processing /home/usmail/sys_fraud/sys_detection_frauds/lib/python3.12/site-packages/airflow/example_dags/example_bash_operator.py took 0.113 seconds
[2025-03-21T21:17:47.856+0000] {processor.py:186} INFO - Started process (PID=3747368) to work on /home/usmail/sys_fraud/sys_detection_frauds/lib/python3.12/site-packages/airflow/example_dags/example_bash_operator.py
[2025-03-21T21:17:47.858+0000] {processor.py:914} INFO - Processing file /home/usmail/sys_fraud/sys_detection_frauds/lib/python3.12/site-packages/airflow/example_dags/example_bash_operator.py for tasks to queue
[2025-03-21T21:17:47.860+0000] {logging_mixin.py:190} INFO - [2025-03-21T21:17:47.860+0000] {dagbag.py:588} INFO - Filling up the DagBag from /home/usmail/sys_fraud/sys_detection_frauds/lib/python3.12/site-packages/airflow/example_dags/example_bash_operator.py
[2025-03-21T21:17:47.881+0000] {processor.py:925} INFO - DAG(s) 'example_bash_operator' retrieved from /home/usmail/sys_fraud/sys_detection_frauds/lib/python3.12/site-packages/airflow/example_dags/example_bash_operator.py
[2025-03-21T21:17:47.906+0000] {logging_mixin.py:190} INFO - [2025-03-21T21:17:47.906+0000] {dag.py:3239} INFO - Sync 1 DAGs
[2025-03-21T21:17:47.924+0000] {logging_mixin.py:190} INFO - [2025-03-21T21:17:47.924+0000] {dag.py:4180} INFO - Setting next_dagrun for example_bash_operator to 2025-03-20 00:00:00+00:00, run_after=2025-03-21 00:00:00+00:00
[2025-03-21T21:17:47.940+0000] {processor.py:208} INFO - Processing /home/usmail/sys_fraud/sys_detection_frauds/lib/python3.12/site-packages/airflow/example_dags/example_bash_operator.py took 0.097 seconds
[2025-03-21T21:18:53.349+0000] {processor.py:186} INFO - Started process (PID=3748177) to work on /home/usmail/sys_fraud/sys_detection_frauds/lib/python3.12/site-packages/airflow/example_dags/example_bash_operator.py
[2025-03-21T21:18:53.359+0000] {processor.py:914} INFO - Processing file /home/usmail/sys_fraud/sys_detection_frauds/lib/python3.12/site-packages/airflow/example_dags/example_bash_operator.py for tasks to queue
[2025-03-21T21:18:53.362+0000] {logging_mixin.py:190} INFO - [2025-03-21T21:18:53.361+0000] {dagbag.py:588} INFO - Filling up the DagBag from /home/usmail/sys_fraud/sys_detection_frauds/lib/python3.12/site-packages/airflow/example_dags/example_bash_operator.py
[2025-03-21T21:18:53.383+0000] {processor.py:925} INFO - DAG(s) 'example_bash_operator' retrieved from /home/usmail/sys_fraud/sys_detection_frauds/lib/python3.12/site-packages/airflow/example_dags/example_bash_operator.py
[2025-03-21T21:18:53.417+0000] {logging_mixin.py:190} INFO - [2025-03-21T21:18:53.416+0000] {dag.py:3239} INFO - Sync 1 DAGs
[2025-03-21T21:18:53.433+0000] {logging_mixin.py:190} INFO - [2025-03-21T21:18:53.433+0000] {dag.py:4180} INFO - Setting next_dagrun for example_bash_operator to 2025-03-20 00:00:00+00:00, run_after=2025-03-21 00:00:00+00:00
[2025-03-21T21:18:53.450+0000] {processor.py:208} INFO - Processing /home/usmail/sys_fraud/sys_detection_frauds/lib/python3.12/site-packages/airflow/example_dags/example_bash_operator.py took 0.112 seconds
[2025-03-21T21:19:56.083+0000] {processor.py:186} INFO - Started process (PID=3748925) to work on /home/usmail/sys_fraud/sys_detection_frauds/lib/python3.12/site-packages/airflow/example_dags/example_bash_operator.py
[2025-03-21T21:19:56.092+0000] {processor.py:914} INFO - Processing file /home/usmail/sys_fraud/sys_detection_frauds/lib/python3.12/site-packages/airflow/example_dags/example_bash_operator.py for tasks to queue
[2025-03-21T21:19:56.095+0000] {logging_mixin.py:190} INFO - [2025-03-21T21:19:56.095+0000] {dagbag.py:588} INFO - Filling up the DagBag from /home/usmail/sys_fraud/sys_detection_frauds/lib/python3.12/site-packages/airflow/example_dags/example_bash_operator.py
[2025-03-21T21:19:56.116+0000] {processor.py:925} INFO - DAG(s) 'example_bash_operator' retrieved from /home/usmail/sys_fraud/sys_detection_frauds/lib/python3.12/site-packages/airflow/example_dags/example_bash_operator.py
[2025-03-21T21:19:56.148+0000] {logging_mixin.py:190} INFO - [2025-03-21T21:19:56.148+0000] {dag.py:3239} INFO - Sync 1 DAGs
[2025-03-21T21:19:56.167+0000] {logging_mixin.py:190} INFO - [2025-03-21T21:19:56.167+0000] {dag.py:4180} INFO - Setting next_dagrun for example_bash_operator to 2025-03-20 00:00:00+00:00, run_after=2025-03-21 00:00:00+00:00
[2025-03-21T21:19:56.200+0000] {processor.py:208} INFO - Processing /home/usmail/sys_fraud/sys_detection_frauds/lib/python3.12/site-packages/airflow/example_dags/example_bash_operator.py took 0.129 seconds
[2025-03-21T21:20:59.438+0000] {processor.py:186} INFO - Started process (PID=3749693) to work on /home/usmail/sys_fraud/sys_detection_frauds/lib/python3.12/site-packages/airflow/example_dags/example_bash_operator.py
[2025-03-21T21:20:59.448+0000] {processor.py:914} INFO - Processing file /home/usmail/sys_fraud/sys_detection_frauds/lib/python3.12/site-packages/airflow/example_dags/example_bash_operator.py for tasks to queue
[2025-03-21T21:20:59.452+0000] {logging_mixin.py:190} INFO - [2025-03-21T21:20:59.451+0000] {dagbag.py:588} INFO - Filling up the DagBag from /home/usmail/sys_fraud/sys_detection_frauds/lib/python3.12/site-packages/airflow/example_dags/example_bash_operator.py
[2025-03-21T21:20:59.475+0000] {processor.py:925} INFO - DAG(s) 'example_bash_operator' retrieved from /home/usmail/sys_fraud/sys_detection_frauds/lib/python3.12/site-packages/airflow/example_dags/example_bash_operator.py
[2025-03-21T21:20:59.500+0000] {logging_mixin.py:190} INFO - [2025-03-21T21:20:59.500+0000] {dag.py:3239} INFO - Sync 1 DAGs
[2025-03-21T21:20:59.517+0000] {logging_mixin.py:190} INFO - [2025-03-21T21:20:59.517+0000] {dag.py:4180} INFO - Setting next_dagrun for example_bash_operator to 2025-03-20 00:00:00+00:00, run_after=2025-03-21 00:00:00+00:00
[2025-03-21T21:20:59.534+0000] {processor.py:208} INFO - Processing /home/usmail/sys_fraud/sys_detection_frauds/lib/python3.12/site-packages/airflow/example_dags/example_bash_operator.py took 0.108 seconds
[2025-03-21T21:22:05.526+0000] {processor.py:186} INFO - Started process (PID=3750525) to work on /home/usmail/sys_fraud/sys_detection_frauds/lib/python3.12/site-packages/airflow/example_dags/example_bash_operator.py
[2025-03-21T21:22:05.535+0000] {processor.py:914} INFO - Processing file /home/usmail/sys_fraud/sys_detection_frauds/lib/python3.12/site-packages/airflow/example_dags/example_bash_operator.py for tasks to queue
[2025-03-21T21:22:05.538+0000] {logging_mixin.py:190} INFO - [2025-03-21T21:22:05.538+0000] {dagbag.py:588} INFO - Filling up the DagBag from /home/usmail/sys_fraud/sys_detection_frauds/lib/python3.12/site-packages/airflow/example_dags/example_bash_operator.py
[2025-03-21T21:22:05.559+0000] {processor.py:925} INFO - DAG(s) 'example_bash_operator' retrieved from /home/usmail/sys_fraud/sys_detection_frauds/lib/python3.12/site-packages/airflow/example_dags/example_bash_operator.py
[2025-03-21T21:22:05.591+0000] {logging_mixin.py:190} INFO - [2025-03-21T21:22:05.591+0000] {dag.py:3239} INFO - Sync 1 DAGs
[2025-03-21T21:22:05.608+0000] {logging_mixin.py:190} INFO - [2025-03-21T21:22:05.608+0000] {dag.py:4180} INFO - Setting next_dagrun for example_bash_operator to 2025-03-20 00:00:00+00:00, run_after=2025-03-21 00:00:00+00:00
[2025-03-21T21:22:05.624+0000] {processor.py:208} INFO - Processing /home/usmail/sys_fraud/sys_detection_frauds/lib/python3.12/site-packages/airflow/example_dags/example_bash_operator.py took 0.111 seconds
[2025-03-21T21:23:12.544+0000] {processor.py:186} INFO - Started process (PID=3751356) to work on /home/usmail/sys_fraud/sys_detection_frauds/lib/python3.12/site-packages/airflow/example_dags/example_bash_operator.py
[2025-03-21T21:23:12.553+0000] {processor.py:914} INFO - Processing file /home/usmail/sys_fraud/sys_detection_frauds/lib/python3.12/site-packages/airflow/example_dags/example_bash_operator.py for tasks to queue
[2025-03-21T21:23:12.556+0000] {logging_mixin.py:190} INFO - [2025-03-21T21:23:12.555+0000] {dagbag.py:588} INFO - Filling up the DagBag from /home/usmail/sys_fraud/sys_detection_frauds/lib/python3.12/site-packages/airflow/example_dags/example_bash_operator.py
[2025-03-21T21:23:12.577+0000] {processor.py:925} INFO - DAG(s) 'example_bash_operator' retrieved from /home/usmail/sys_fraud/sys_detection_frauds/lib/python3.12/site-packages/airflow/example_dags/example_bash_operator.py
[2025-03-21T21:23:12.610+0000] {logging_mixin.py:190} INFO - [2025-03-21T21:23:12.609+0000] {dag.py:3239} INFO - Sync 1 DAGs
[2025-03-21T21:23:12.627+0000] {logging_mixin.py:190} INFO - [2025-03-21T21:23:12.626+0000] {dag.py:4180} INFO - Setting next_dagrun for example_bash_operator to 2025-03-20 00:00:00+00:00, run_after=2025-03-21 00:00:00+00:00
[2025-03-21T21:23:12.643+0000] {processor.py:208} INFO - Processing /home/usmail/sys_fraud/sys_detection_frauds/lib/python3.12/site-packages/airflow/example_dags/example_bash_operator.py took 0.111 seconds
[2025-03-21T21:24:13.795+0000] {processor.py:186} INFO - Started process (PID=3752058) to work on /home/usmail/sys_fraud/sys_detection_frauds/lib/python3.12/site-packages/airflow/example_dags/example_bash_operator.py
[2025-03-21T21:24:13.804+0000] {processor.py:914} INFO - Processing file /home/usmail/sys_fraud/sys_detection_frauds/lib/python3.12/site-packages/airflow/example_dags/example_bash_operator.py for tasks to queue
[2025-03-21T21:24:13.807+0000] {logging_mixin.py:190} INFO - [2025-03-21T21:24:13.807+0000] {dagbag.py:588} INFO - Filling up the DagBag from /home/usmail/sys_fraud/sys_detection_frauds/lib/python3.12/site-packages/airflow/example_dags/example_bash_operator.py
[2025-03-21T21:24:13.828+0000] {processor.py:925} INFO - DAG(s) 'example_bash_operator' retrieved from /home/usmail/sys_fraud/sys_detection_frauds/lib/python3.12/site-packages/airflow/example_dags/example_bash_operator.py
[2025-03-21T21:24:13.861+0000] {logging_mixin.py:190} INFO - [2025-03-21T21:24:13.861+0000] {dag.py:3239} INFO - Sync 1 DAGs
[2025-03-21T21:24:13.879+0000] {logging_mixin.py:190} INFO - [2025-03-21T21:24:13.879+0000] {dag.py:4180} INFO - Setting next_dagrun for example_bash_operator to 2025-03-20 00:00:00+00:00, run_after=2025-03-21 00:00:00+00:00
[2025-03-21T21:24:13.894+0000] {processor.py:208} INFO - Processing /home/usmail/sys_fraud/sys_detection_frauds/lib/python3.12/site-packages/airflow/example_dags/example_bash_operator.py took 0.111 seconds
[2025-03-21T21:25:16.724+0000] {processor.py:186} INFO - Started process (PID=3752733) to work on /home/usmail/sys_fraud/sys_detection_frauds/lib/python3.12/site-packages/airflow/example_dags/example_bash_operator.py
[2025-03-21T21:25:16.733+0000] {processor.py:914} INFO - Processing file /home/usmail/sys_fraud/sys_detection_frauds/lib/python3.12/site-packages/airflow/example_dags/example_bash_operator.py for tasks to queue
[2025-03-21T21:25:16.736+0000] {logging_mixin.py:190} INFO - [2025-03-21T21:25:16.736+0000] {dagbag.py:588} INFO - Filling up the DagBag from /home/usmail/sys_fraud/sys_detection_frauds/lib/python3.12/site-packages/airflow/example_dags/example_bash_operator.py
[2025-03-21T21:25:16.758+0000] {processor.py:925} INFO - DAG(s) 'example_bash_operator' retrieved from /home/usmail/sys_fraud/sys_detection_frauds/lib/python3.12/site-packages/airflow/example_dags/example_bash_operator.py
[2025-03-21T21:25:16.791+0000] {logging_mixin.py:190} INFO - [2025-03-21T21:25:16.791+0000] {dag.py:3239} INFO - Sync 1 DAGs
[2025-03-21T21:25:16.808+0000] {logging_mixin.py:190} INFO - [2025-03-21T21:25:16.808+0000] {dag.py:4180} INFO - Setting next_dagrun for example_bash_operator to 2025-03-20 00:00:00+00:00, run_after=2025-03-21 00:00:00+00:00
[2025-03-21T21:25:16.848+0000] {processor.py:208} INFO - Processing /home/usmail/sys_fraud/sys_detection_frauds/lib/python3.12/site-packages/airflow/example_dags/example_bash_operator.py took 0.137 seconds
[2025-03-21T21:26:21.598+0000] {processor.py:186} INFO - Started process (PID=3753414) to work on /home/usmail/sys_fraud/sys_detection_frauds/lib/python3.12/site-packages/airflow/example_dags/example_bash_operator.py
[2025-03-21T21:26:21.607+0000] {processor.py:914} INFO - Processing file /home/usmail/sys_fraud/sys_detection_frauds/lib/python3.12/site-packages/airflow/example_dags/example_bash_operator.py for tasks to queue
[2025-03-21T21:26:21.611+0000] {logging_mixin.py:190} INFO - [2025-03-21T21:26:21.610+0000] {dagbag.py:588} INFO - Filling up the DagBag from /home/usmail/sys_fraud/sys_detection_frauds/lib/python3.12/site-packages/airflow/example_dags/example_bash_operator.py
[2025-03-21T21:26:21.631+0000] {processor.py:925} INFO - DAG(s) 'example_bash_operator' retrieved from /home/usmail/sys_fraud/sys_detection_frauds/lib/python3.12/site-packages/airflow/example_dags/example_bash_operator.py
[2025-03-21T21:26:21.664+0000] {logging_mixin.py:190} INFO - [2025-03-21T21:26:21.663+0000] {dag.py:3239} INFO - Sync 1 DAGs
[2025-03-21T21:26:21.681+0000] {logging_mixin.py:190} INFO - [2025-03-21T21:26:21.681+0000] {dag.py:4180} INFO - Setting next_dagrun for example_bash_operator to 2025-03-20 00:00:00+00:00, run_after=2025-03-21 00:00:00+00:00
[2025-03-21T21:26:21.698+0000] {processor.py:208} INFO - Processing /home/usmail/sys_fraud/sys_detection_frauds/lib/python3.12/site-packages/airflow/example_dags/example_bash_operator.py took 0.112 seconds
[2025-03-21T21:27:24.451+0000] {processor.py:186} INFO - Started process (PID=3754065) to work on /home/usmail/sys_fraud/sys_detection_frauds/lib/python3.12/site-packages/airflow/example_dags/example_bash_operator.py
[2025-03-21T21:27:24.460+0000] {processor.py:914} INFO - Processing file /home/usmail/sys_fraud/sys_detection_frauds/lib/python3.12/site-packages/airflow/example_dags/example_bash_operator.py for tasks to queue
[2025-03-21T21:27:24.463+0000] {logging_mixin.py:190} INFO - [2025-03-21T21:27:24.463+0000] {dagbag.py:588} INFO - Filling up the DagBag from /home/usmail/sys_fraud/sys_detection_frauds/lib/python3.12/site-packages/airflow/example_dags/example_bash_operator.py
[2025-03-21T21:27:24.484+0000] {processor.py:925} INFO - DAG(s) 'example_bash_operator' retrieved from /home/usmail/sys_fraud/sys_detection_frauds/lib/python3.12/site-packages/airflow/example_dags/example_bash_operator.py
[2025-03-21T21:27:24.515+0000] {logging_mixin.py:190} INFO - [2025-03-21T21:27:24.514+0000] {dag.py:3239} INFO - Sync 1 DAGs
[2025-03-21T21:27:24.531+0000] {logging_mixin.py:190} INFO - [2025-03-21T21:27:24.530+0000] {dag.py:4180} INFO - Setting next_dagrun for example_bash_operator to 2025-03-20 00:00:00+00:00, run_after=2025-03-21 00:00:00+00:00
[2025-03-21T21:27:24.546+0000] {processor.py:208} INFO - Processing /home/usmail/sys_fraud/sys_detection_frauds/lib/python3.12/site-packages/airflow/example_dags/example_bash_operator.py took 0.107 seconds
[2025-03-21T21:28:25.547+0000] {processor.py:186} INFO - Started process (PID=3754703) to work on /home/usmail/sys_fraud/sys_detection_frauds/lib/python3.12/site-packages/airflow/example_dags/example_bash_operator.py
[2025-03-21T21:28:25.556+0000] {processor.py:914} INFO - Processing file /home/usmail/sys_fraud/sys_detection_frauds/lib/python3.12/site-packages/airflow/example_dags/example_bash_operator.py for tasks to queue
[2025-03-21T21:28:25.559+0000] {logging_mixin.py:190} INFO - [2025-03-21T21:28:25.558+0000] {dagbag.py:588} INFO - Filling up the DagBag from /home/usmail/sys_fraud/sys_detection_frauds/lib/python3.12/site-packages/airflow/example_dags/example_bash_operator.py
[2025-03-21T21:28:25.573+0000] {processor.py:925} INFO - DAG(s) 'example_bash_operator' retrieved from /home/usmail/sys_fraud/sys_detection_frauds/lib/python3.12/site-packages/airflow/example_dags/example_bash_operator.py
[2025-03-21T21:28:25.602+0000] {logging_mixin.py:190} INFO - [2025-03-21T21:28:25.602+0000] {dag.py:3239} INFO - Sync 1 DAGs
[2025-03-21T21:28:25.622+0000] {logging_mixin.py:190} INFO - [2025-03-21T21:28:25.622+0000] {dag.py:4180} INFO - Setting next_dagrun for example_bash_operator to 2025-03-20 00:00:00+00:00, run_after=2025-03-21 00:00:00+00:00
[2025-03-21T21:28:25.647+0000] {processor.py:208} INFO - Processing /home/usmail/sys_fraud/sys_detection_frauds/lib/python3.12/site-packages/airflow/example_dags/example_bash_operator.py took 0.112 seconds
[2025-03-21T21:29:26.234+0000] {processor.py:186} INFO - Started process (PID=3755338) to work on /home/usmail/sys_fraud/sys_detection_frauds/lib/python3.12/site-packages/airflow/example_dags/example_bash_operator.py
[2025-03-21T21:29:26.243+0000] {processor.py:914} INFO - Processing file /home/usmail/sys_fraud/sys_detection_frauds/lib/python3.12/site-packages/airflow/example_dags/example_bash_operator.py for tasks to queue
[2025-03-21T21:29:26.247+0000] {logging_mixin.py:190} INFO - [2025-03-21T21:29:26.246+0000] {dagbag.py:588} INFO - Filling up the DagBag from /home/usmail/sys_fraud/sys_detection_frauds/lib/python3.12/site-packages/airflow/example_dags/example_bash_operator.py
[2025-03-21T21:29:26.268+0000] {processor.py:925} INFO - DAG(s) 'example_bash_operator' retrieved from /home/usmail/sys_fraud/sys_detection_frauds/lib/python3.12/site-packages/airflow/example_dags/example_bash_operator.py
[2025-03-21T21:29:26.300+0000] {logging_mixin.py:190} INFO - [2025-03-21T21:29:26.300+0000] {dag.py:3239} INFO - Sync 1 DAGs
[2025-03-21T21:29:26.318+0000] {logging_mixin.py:190} INFO - [2025-03-21T21:29:26.317+0000] {dag.py:4180} INFO - Setting next_dagrun for example_bash_operator to 2025-03-20 00:00:00+00:00, run_after=2025-03-21 00:00:00+00:00
[2025-03-21T21:29:26.333+0000] {processor.py:208} INFO - Processing /home/usmail/sys_fraud/sys_detection_frauds/lib/python3.12/site-packages/airflow/example_dags/example_bash_operator.py took 0.111 seconds
[2025-03-21T21:30:31.497+0000] {processor.py:186} INFO - Started process (PID=3756026) to work on /home/usmail/sys_fraud/sys_detection_frauds/lib/python3.12/site-packages/airflow/example_dags/example_bash_operator.py
[2025-03-21T21:30:31.506+0000] {processor.py:914} INFO - Processing file /home/usmail/sys_fraud/sys_detection_frauds/lib/python3.12/site-packages/airflow/example_dags/example_bash_operator.py for tasks to queue
[2025-03-21T21:30:31.510+0000] {logging_mixin.py:190} INFO - [2025-03-21T21:30:31.509+0000] {dagbag.py:588} INFO - Filling up the DagBag from /home/usmail/sys_fraud/sys_detection_frauds/lib/python3.12/site-packages/airflow/example_dags/example_bash_operator.py
[2025-03-21T21:30:31.531+0000] {processor.py:925} INFO - DAG(s) 'example_bash_operator' retrieved from /home/usmail/sys_fraud/sys_detection_frauds/lib/python3.12/site-packages/airflow/example_dags/example_bash_operator.py
[2025-03-21T21:30:31.562+0000] {logging_mixin.py:190} INFO - [2025-03-21T21:30:31.562+0000] {dag.py:3239} INFO - Sync 1 DAGs
[2025-03-21T21:30:31.579+0000] {logging_mixin.py:190} INFO - [2025-03-21T21:30:31.579+0000] {dag.py:4180} INFO - Setting next_dagrun for example_bash_operator to 2025-03-20 00:00:00+00:00, run_after=2025-03-21 00:00:00+00:00
[2025-03-21T21:30:31.601+0000] {processor.py:208} INFO - Processing /home/usmail/sys_fraud/sys_detection_frauds/lib/python3.12/site-packages/airflow/example_dags/example_bash_operator.py took 0.116 seconds
[2025-03-21T21:31:38.759+0000] {processor.py:186} INFO - Started process (PID=3756728) to work on /home/usmail/sys_fraud/sys_detection_frauds/lib/python3.12/site-packages/airflow/example_dags/example_bash_operator.py
[2025-03-21T21:31:38.769+0000] {processor.py:914} INFO - Processing file /home/usmail/sys_fraud/sys_detection_frauds/lib/python3.12/site-packages/airflow/example_dags/example_bash_operator.py for tasks to queue
[2025-03-21T21:31:38.772+0000] {logging_mixin.py:190} INFO - [2025-03-21T21:31:38.771+0000] {dagbag.py:588} INFO - Filling up the DagBag from /home/usmail/sys_fraud/sys_detection_frauds/lib/python3.12/site-packages/airflow/example_dags/example_bash_operator.py
[2025-03-21T21:31:38.794+0000] {processor.py:925} INFO - DAG(s) 'example_bash_operator' retrieved from /home/usmail/sys_fraud/sys_detection_frauds/lib/python3.12/site-packages/airflow/example_dags/example_bash_operator.py
[2025-03-21T21:31:38.825+0000] {logging_mixin.py:190} INFO - [2025-03-21T21:31:38.825+0000] {dag.py:3239} INFO - Sync 1 DAGs
[2025-03-21T21:31:38.842+0000] {logging_mixin.py:190} INFO - [2025-03-21T21:31:38.842+0000] {dag.py:4180} INFO - Setting next_dagrun for example_bash_operator to 2025-03-20 00:00:00+00:00, run_after=2025-03-21 00:00:00+00:00
[2025-03-21T21:31:38.877+0000] {processor.py:208} INFO - Processing /home/usmail/sys_fraud/sys_detection_frauds/lib/python3.12/site-packages/airflow/example_dags/example_bash_operator.py took 0.129 seconds
[2025-03-21T21:32:41.976+0000] {processor.py:186} INFO - Started process (PID=3757389) to work on /home/usmail/sys_fraud/sys_detection_frauds/lib/python3.12/site-packages/airflow/example_dags/example_bash_operator.py
[2025-03-21T21:32:41.985+0000] {processor.py:914} INFO - Processing file /home/usmail/sys_fraud/sys_detection_frauds/lib/python3.12/site-packages/airflow/example_dags/example_bash_operator.py for tasks to queue
[2025-03-21T21:32:41.988+0000] {logging_mixin.py:190} INFO - [2025-03-21T21:32:41.988+0000] {dagbag.py:588} INFO - Filling up the DagBag from /home/usmail/sys_fraud/sys_detection_frauds/lib/python3.12/site-packages/airflow/example_dags/example_bash_operator.py
[2025-03-21T21:32:42.009+0000] {processor.py:925} INFO - DAG(s) 'example_bash_operator' retrieved from /home/usmail/sys_fraud/sys_detection_frauds/lib/python3.12/site-packages/airflow/example_dags/example_bash_operator.py
[2025-03-21T21:32:42.040+0000] {logging_mixin.py:190} INFO - [2025-03-21T21:32:42.040+0000] {dag.py:3239} INFO - Sync 1 DAGs
[2025-03-21T21:32:42.058+0000] {logging_mixin.py:190} INFO - [2025-03-21T21:32:42.057+0000] {dag.py:4180} INFO - Setting next_dagrun for example_bash_operator to 2025-03-20 00:00:00+00:00, run_after=2025-03-21 00:00:00+00:00
[2025-03-21T21:32:42.092+0000] {processor.py:208} INFO - Processing /home/usmail/sys_fraud/sys_detection_frauds/lib/python3.12/site-packages/airflow/example_dags/example_bash_operator.py took 0.128 seconds
[2025-03-21T22:19:13.156+0000] {processor.py:186} INFO - Started process (PID=3758238) to work on /home/usmail/sys_fraud/sys_detection_frauds/lib/python3.12/site-packages/airflow/example_dags/example_bash_operator.py
[2025-03-21T22:19:13.165+0000] {processor.py:914} INFO - Processing file /home/usmail/sys_fraud/sys_detection_frauds/lib/python3.12/site-packages/airflow/example_dags/example_bash_operator.py for tasks to queue
[2025-03-21T22:19:13.170+0000] {logging_mixin.py:190} INFO - [2025-03-21T22:19:13.169+0000] {dagbag.py:588} INFO - Filling up the DagBag from /home/usmail/sys_fraud/sys_detection_frauds/lib/python3.12/site-packages/airflow/example_dags/example_bash_operator.py
[2025-03-21T22:19:13.196+0000] {processor.py:925} INFO - DAG(s) 'example_bash_operator' retrieved from /home/usmail/sys_fraud/sys_detection_frauds/lib/python3.12/site-packages/airflow/example_dags/example_bash_operator.py
[2025-03-21T22:19:13.218+0000] {logging_mixin.py:190} INFO - [2025-03-21T22:19:13.218+0000] {dag.py:3239} INFO - Sync 1 DAGs
[2025-03-21T22:19:13.234+0000] {logging_mixin.py:190} INFO - [2025-03-21T22:19:13.234+0000] {dag.py:4180} INFO - Setting next_dagrun for example_bash_operator to 2025-03-20 00:00:00+00:00, run_after=2025-03-21 00:00:00+00:00
[2025-03-21T22:19:13.261+0000] {processor.py:208} INFO - Processing /home/usmail/sys_fraud/sys_detection_frauds/lib/python3.12/site-packages/airflow/example_dags/example_bash_operator.py took 0.120 seconds
[2025-03-21T22:20:42.857+0000] {processor.py:186} INFO - Started process (PID=3759658) to work on /home/usmail/sys_fraud/sys_detection_frauds/lib/python3.12/site-packages/airflow/example_dags/example_bash_operator.py
[2025-03-21T22:20:42.866+0000] {processor.py:914} INFO - Processing file /home/usmail/sys_fraud/sys_detection_frauds/lib/python3.12/site-packages/airflow/example_dags/example_bash_operator.py for tasks to queue
[2025-03-21T22:20:42.869+0000] {logging_mixin.py:190} INFO - [2025-03-21T22:20:42.868+0000] {dagbag.py:588} INFO - Filling up the DagBag from /home/usmail/sys_fraud/sys_detection_frauds/lib/python3.12/site-packages/airflow/example_dags/example_bash_operator.py
[2025-03-21T22:20:42.890+0000] {processor.py:925} INFO - DAG(s) 'example_bash_operator' retrieved from /home/usmail/sys_fraud/sys_detection_frauds/lib/python3.12/site-packages/airflow/example_dags/example_bash_operator.py
[2025-03-21T22:20:42.920+0000] {logging_mixin.py:190} INFO - [2025-03-21T22:20:42.920+0000] {dag.py:3239} INFO - Sync 1 DAGs
[2025-03-21T22:20:42.937+0000] {logging_mixin.py:190} INFO - [2025-03-21T22:20:42.937+0000] {dag.py:4180} INFO - Setting next_dagrun for example_bash_operator to 2025-03-20 00:00:00+00:00, run_after=2025-03-21 00:00:00+00:00
[2025-03-21T22:20:42.970+0000] {processor.py:208} INFO - Processing /home/usmail/sys_fraud/sys_detection_frauds/lib/python3.12/site-packages/airflow/example_dags/example_bash_operator.py took 0.127 seconds
[2025-03-21T22:21:44.235+0000] {processor.py:186} INFO - Started process (PID=3760511) to work on /home/usmail/sys_fraud/sys_detection_frauds/lib/python3.12/site-packages/airflow/example_dags/example_bash_operator.py
[2025-03-21T22:21:44.244+0000] {processor.py:914} INFO - Processing file /home/usmail/sys_fraud/sys_detection_frauds/lib/python3.12/site-packages/airflow/example_dags/example_bash_operator.py for tasks to queue
[2025-03-21T22:21:44.246+0000] {logging_mixin.py:190} INFO - [2025-03-21T22:21:44.245+0000] {dagbag.py:588} INFO - Filling up the DagBag from /home/usmail/sys_fraud/sys_detection_frauds/lib/python3.12/site-packages/airflow/example_dags/example_bash_operator.py
[2025-03-21T22:21:44.270+0000] {processor.py:925} INFO - DAG(s) 'example_bash_operator' retrieved from /home/usmail/sys_fraud/sys_detection_frauds/lib/python3.12/site-packages/airflow/example_dags/example_bash_operator.py
[2025-03-21T22:21:44.303+0000] {logging_mixin.py:190} INFO - [2025-03-21T22:21:44.302+0000] {dag.py:3239} INFO - Sync 1 DAGs
[2025-03-21T22:21:44.322+0000] {logging_mixin.py:190} INFO - [2025-03-21T22:21:44.321+0000] {dag.py:4180} INFO - Setting next_dagrun for example_bash_operator to 2025-03-20 00:00:00+00:00, run_after=2025-03-21 00:00:00+00:00
[2025-03-21T22:21:44.342+0000] {processor.py:208} INFO - Processing /home/usmail/sys_fraud/sys_detection_frauds/lib/python3.12/site-packages/airflow/example_dags/example_bash_operator.py took 0.119 seconds
