[2025-03-21T20:50:23.181+0000] {processor.py:186} INFO - Started process (PID=3723538) to work on /home/usmail/sys_fraud/sys_detection_frauds/lib/python3.12/site-packages/airflow/example_dags/example_bash_decorator.py
[2025-03-21T20:50:23.181+0000] {processor.py:914} INFO - Processing file /home/usmail/sys_fraud/sys_detection_frauds/lib/python3.12/site-packages/airflow/example_dags/example_bash_decorator.py for tasks to queue
[2025-03-21T20:50:23.183+0000] {logging_mixin.py:190} INFO - [2025-03-21T20:50:23.182+0000] {dagbag.py:588} INFO - Filling up the DagBag from /home/usmail/sys_fraud/sys_detection_frauds/lib/python3.12/site-packages/airflow/example_dags/example_bash_decorator.py
[2025-03-21T20:50:23.192+0000] {processor.py:925} INFO - DAG(s) 'example_bash_decorator' retrieved from /home/usmail/sys_fraud/sys_detection_frauds/lib/python3.12/site-packages/airflow/example_dags/example_bash_decorator.py
[2025-03-21T20:50:23.268+0000] {logging_mixin.py:190} INFO - [2025-03-21T20:50:23.267+0000] {override.py:1912} INFO - Created Permission View: can edit on DAG:example_bash_decorator
[2025-03-21T20:50:23.281+0000] {logging_mixin.py:190} INFO - [2025-03-21T20:50:23.281+0000] {override.py:1912} INFO - Created Permission View: can read on DAG:example_bash_decorator
[2025-03-21T20:50:23.287+0000] {logging_mixin.py:190} INFO - [2025-03-21T20:50:23.287+0000] {override.py:1912} INFO - Created Permission View: can delete on DAG:example_bash_decorator
[2025-03-21T20:50:23.296+0000] {logging_mixin.py:190} INFO - [2025-03-21T20:50:23.296+0000] {override.py:1912} INFO - Created Permission View: can create on DAG Run:example_bash_decorator
[2025-03-21T20:50:23.301+0000] {logging_mixin.py:190} INFO - [2025-03-21T20:50:23.301+0000] {override.py:1912} INFO - Created Permission View: menu access on DAG Run:example_bash_decorator
[2025-03-21T20:50:23.307+0000] {logging_mixin.py:190} INFO - [2025-03-21T20:50:23.306+0000] {override.py:1912} INFO - Created Permission View: can read on DAG Run:example_bash_decorator
[2025-03-21T20:50:23.312+0000] {logging_mixin.py:190} INFO - [2025-03-21T20:50:23.312+0000] {override.py:1912} INFO - Created Permission View: can delete on DAG Run:example_bash_decorator
[2025-03-21T20:50:23.312+0000] {logging_mixin.py:190} INFO - [2025-03-21T20:50:23.312+0000] {dag.py:3239} INFO - Sync 1 DAGs
[2025-03-21T20:50:23.319+0000] {logging_mixin.py:190} INFO - [2025-03-21T20:50:23.319+0000] {dag.py:3262} INFO - Creating ORM DAG for example_bash_decorator
[2025-03-21T20:50:23.319+0000] {logging_mixin.py:190} INFO - [2025-03-21T20:50:23.319+0000] {dag.py:4180} INFO - Setting next_dagrun for example_bash_decorator to None, run_after=None
[2025-03-21T20:50:23.332+0000] {processor.py:208} INFO - Processing /home/usmail/sys_fraud/sys_detection_frauds/lib/python3.12/site-packages/airflow/example_dags/example_bash_decorator.py took 0.154 seconds
[2025-03-21T20:51:19.902+0000] {processor.py:186} INFO - Started process (PID=3724228) to work on /home/usmail/sys_fraud/sys_detection_frauds/lib/python3.12/site-packages/airflow/example_dags/example_bash_decorator.py
[2025-03-21T20:51:19.911+0000] {processor.py:914} INFO - Processing file /home/usmail/sys_fraud/sys_detection_frauds/lib/python3.12/site-packages/airflow/example_dags/example_bash_decorator.py for tasks to queue
[2025-03-21T20:51:19.912+0000] {logging_mixin.py:190} INFO - [2025-03-21T20:51:19.912+0000] {dagbag.py:588} INFO - Filling up the DagBag from /home/usmail/sys_fraud/sys_detection_frauds/lib/python3.12/site-packages/airflow/example_dags/example_bash_decorator.py
[2025-03-21T20:51:19.922+0000] {processor.py:925} INFO - DAG(s) 'example_bash_decorator' retrieved from /home/usmail/sys_fraud/sys_detection_frauds/lib/python3.12/site-packages/airflow/example_dags/example_bash_decorator.py
[2025-03-21T20:51:19.935+0000] {logging_mixin.py:190} INFO - [2025-03-21T20:51:19.935+0000] {dag.py:3239} INFO - Sync 1 DAGs
[2025-03-21T20:51:19.943+0000] {logging_mixin.py:190} INFO - [2025-03-21T20:51:19.943+0000] {dag.py:4180} INFO - Setting next_dagrun for example_bash_decorator to None, run_after=None
[2025-03-21T20:51:19.959+0000] {processor.py:208} INFO - Processing /home/usmail/sys_fraud/sys_detection_frauds/lib/python3.12/site-packages/airflow/example_dags/example_bash_decorator.py took 0.061 seconds
[2025-03-21T20:52:35.448+0000] {processor.py:186} INFO - Started process (PID=3725128) to work on /home/usmail/sys_fraud/sys_detection_frauds/lib/python3.12/site-packages/airflow/example_dags/example_bash_decorator.py
[2025-03-21T20:52:35.456+0000] {processor.py:914} INFO - Processing file /home/usmail/sys_fraud/sys_detection_frauds/lib/python3.12/site-packages/airflow/example_dags/example_bash_decorator.py for tasks to queue
[2025-03-21T20:52:35.457+0000] {logging_mixin.py:190} INFO - [2025-03-21T20:52:35.457+0000] {dagbag.py:588} INFO - Filling up the DagBag from /home/usmail/sys_fraud/sys_detection_frauds/lib/python3.12/site-packages/airflow/example_dags/example_bash_decorator.py
[2025-03-21T20:52:35.466+0000] {processor.py:925} INFO - DAG(s) 'example_bash_decorator' retrieved from /home/usmail/sys_fraud/sys_detection_frauds/lib/python3.12/site-packages/airflow/example_dags/example_bash_decorator.py
[2025-03-21T20:52:35.476+0000] {logging_mixin.py:190} INFO - [2025-03-21T20:52:35.476+0000] {dag.py:3239} INFO - Sync 1 DAGs
[2025-03-21T20:52:35.483+0000] {logging_mixin.py:190} INFO - [2025-03-21T20:52:35.483+0000] {dag.py:4180} INFO - Setting next_dagrun for example_bash_decorator to None, run_after=None
[2025-03-21T20:52:35.499+0000] {processor.py:208} INFO - Processing /home/usmail/sys_fraud/sys_detection_frauds/lib/python3.12/site-packages/airflow/example_dags/example_bash_decorator.py took 0.055 seconds
[2025-03-21T20:53:56.080+0000] {processor.py:186} INFO - Started process (PID=3726121) to work on /home/usmail/sys_fraud/sys_detection_frauds/lib/python3.12/site-packages/airflow/example_dags/example_bash_decorator.py
[2025-03-21T20:53:56.089+0000] {processor.py:914} INFO - Processing file /home/usmail/sys_fraud/sys_detection_frauds/lib/python3.12/site-packages/airflow/example_dags/example_bash_decorator.py for tasks to queue
[2025-03-21T20:53:56.091+0000] {logging_mixin.py:190} INFO - [2025-03-21T20:53:56.091+0000] {dagbag.py:588} INFO - Filling up the DagBag from /home/usmail/sys_fraud/sys_detection_frauds/lib/python3.12/site-packages/airflow/example_dags/example_bash_decorator.py
[2025-03-21T20:53:56.104+0000] {processor.py:925} INFO - DAG(s) 'example_bash_decorator' retrieved from /home/usmail/sys_fraud/sys_detection_frauds/lib/python3.12/site-packages/airflow/example_dags/example_bash_decorator.py
[2025-03-21T20:53:56.118+0000] {logging_mixin.py:190} INFO - [2025-03-21T20:53:56.118+0000] {dag.py:3239} INFO - Sync 1 DAGs
[2025-03-21T20:53:56.125+0000] {logging_mixin.py:190} INFO - [2025-03-21T20:53:56.125+0000] {dag.py:4180} INFO - Setting next_dagrun for example_bash_decorator to None, run_after=None
[2025-03-21T20:53:56.230+0000] {processor.py:208} INFO - Processing /home/usmail/sys_fraud/sys_detection_frauds/lib/python3.12/site-packages/airflow/example_dags/example_bash_decorator.py took 0.155 seconds
[2025-03-21T20:55:14.148+0000] {processor.py:186} INFO - Started process (PID=3727094) to work on /home/usmail/sys_fraud/sys_detection_frauds/lib/python3.12/site-packages/airflow/example_dags/example_bash_decorator.py
[2025-03-21T20:55:14.149+0000] {processor.py:914} INFO - Processing file /home/usmail/sys_fraud/sys_detection_frauds/lib/python3.12/site-packages/airflow/example_dags/example_bash_decorator.py for tasks to queue
[2025-03-21T20:55:14.151+0000] {logging_mixin.py:190} INFO - [2025-03-21T20:55:14.150+0000] {dagbag.py:588} INFO - Filling up the DagBag from /home/usmail/sys_fraud/sys_detection_frauds/lib/python3.12/site-packages/airflow/example_dags/example_bash_decorator.py
[2025-03-21T20:55:14.159+0000] {processor.py:925} INFO - DAG(s) 'example_bash_decorator' retrieved from /home/usmail/sys_fraud/sys_detection_frauds/lib/python3.12/site-packages/airflow/example_dags/example_bash_decorator.py
[2025-03-21T20:55:14.169+0000] {logging_mixin.py:190} INFO - [2025-03-21T20:55:14.168+0000] {dag.py:3239} INFO - Sync 1 DAGs
[2025-03-21T20:55:14.176+0000] {logging_mixin.py:190} INFO - [2025-03-21T20:55:14.176+0000] {dag.py:4180} INFO - Setting next_dagrun for example_bash_decorator to None, run_after=None
[2025-03-21T20:55:14.188+0000] {processor.py:208} INFO - Processing /home/usmail/sys_fraud/sys_detection_frauds/lib/python3.12/site-packages/airflow/example_dags/example_bash_decorator.py took 0.045 seconds
[2025-03-21T20:56:28.195+0000] {processor.py:186} INFO - Started process (PID=3728047) to work on /home/usmail/sys_fraud/sys_detection_frauds/lib/python3.12/site-packages/airflow/example_dags/example_bash_decorator.py
[2025-03-21T20:56:28.203+0000] {processor.py:914} INFO - Processing file /home/usmail/sys_fraud/sys_detection_frauds/lib/python3.12/site-packages/airflow/example_dags/example_bash_decorator.py for tasks to queue
[2025-03-21T20:56:28.205+0000] {logging_mixin.py:190} INFO - [2025-03-21T20:56:28.205+0000] {dagbag.py:588} INFO - Filling up the DagBag from /home/usmail/sys_fraud/sys_detection_frauds/lib/python3.12/site-packages/airflow/example_dags/example_bash_decorator.py
[2025-03-21T20:56:28.217+0000] {processor.py:925} INFO - DAG(s) 'example_bash_decorator' retrieved from /home/usmail/sys_fraud/sys_detection_frauds/lib/python3.12/site-packages/airflow/example_dags/example_bash_decorator.py
[2025-03-21T20:56:28.228+0000] {logging_mixin.py:190} INFO - [2025-03-21T20:56:28.227+0000] {dag.py:3239} INFO - Sync 1 DAGs
[2025-03-21T20:56:28.236+0000] {logging_mixin.py:190} INFO - [2025-03-21T20:56:28.236+0000] {dag.py:4180} INFO - Setting next_dagrun for example_bash_decorator to None, run_after=None
[2025-03-21T20:56:28.257+0000] {processor.py:208} INFO - Processing /home/usmail/sys_fraud/sys_detection_frauds/lib/python3.12/site-packages/airflow/example_dags/example_bash_decorator.py took 0.066 seconds
[2025-03-21T20:57:47.898+0000] {processor.py:186} INFO - Started process (PID=3729123) to work on /home/usmail/sys_fraud/sys_detection_frauds/lib/python3.12/site-packages/airflow/example_dags/example_bash_decorator.py
[2025-03-21T20:57:47.907+0000] {processor.py:914} INFO - Processing file /home/usmail/sys_fraud/sys_detection_frauds/lib/python3.12/site-packages/airflow/example_dags/example_bash_decorator.py for tasks to queue
[2025-03-21T20:57:47.910+0000] {logging_mixin.py:190} INFO - [2025-03-21T20:57:47.909+0000] {dagbag.py:588} INFO - Filling up the DagBag from /home/usmail/sys_fraud/sys_detection_frauds/lib/python3.12/site-packages/airflow/example_dags/example_bash_decorator.py
[2025-03-21T20:57:47.922+0000] {processor.py:925} INFO - DAG(s) 'example_bash_decorator' retrieved from /home/usmail/sys_fraud/sys_detection_frauds/lib/python3.12/site-packages/airflow/example_dags/example_bash_decorator.py
[2025-03-21T20:57:47.932+0000] {logging_mixin.py:190} INFO - [2025-03-21T20:57:47.932+0000] {dag.py:3239} INFO - Sync 1 DAGs
[2025-03-21T20:57:47.940+0000] {logging_mixin.py:190} INFO - [2025-03-21T20:57:47.940+0000] {dag.py:4180} INFO - Setting next_dagrun for example_bash_decorator to None, run_after=None
[2025-03-21T20:57:47.961+0000] {processor.py:208} INFO - Processing /home/usmail/sys_fraud/sys_detection_frauds/lib/python3.12/site-packages/airflow/example_dags/example_bash_decorator.py took 0.069 seconds
[2025-03-21T21:00:11.004+0000] {processor.py:186} INFO - Started process (PID=3731022) to work on /home/usmail/sys_fraud/sys_detection_frauds/lib/python3.12/site-packages/airflow/example_dags/example_bash_decorator.py
[2025-03-21T21:00:11.005+0000] {processor.py:914} INFO - Processing file /home/usmail/sys_fraud/sys_detection_frauds/lib/python3.12/site-packages/airflow/example_dags/example_bash_decorator.py for tasks to queue
[2025-03-21T21:00:11.006+0000] {logging_mixin.py:190} INFO - [2025-03-21T21:00:11.006+0000] {dagbag.py:588} INFO - Filling up the DagBag from /home/usmail/sys_fraud/sys_detection_frauds/lib/python3.12/site-packages/airflow/example_dags/example_bash_decorator.py
[2025-03-21T21:00:11.015+0000] {processor.py:925} INFO - DAG(s) 'example_bash_decorator' retrieved from /home/usmail/sys_fraud/sys_detection_frauds/lib/python3.12/site-packages/airflow/example_dags/example_bash_decorator.py
[2025-03-21T21:00:11.075+0000] {logging_mixin.py:190} INFO - [2025-03-21T21:00:11.075+0000] {dag.py:3239} INFO - Sync 1 DAGs
[2025-03-21T21:00:11.081+0000] {logging_mixin.py:190} INFO - [2025-03-21T21:00:11.081+0000] {dag.py:4180} INFO - Setting next_dagrun for example_bash_decorator to None, run_after=None
[2025-03-21T21:00:11.094+0000] {processor.py:208} INFO - Processing /home/usmail/sys_fraud/sys_detection_frauds/lib/python3.12/site-packages/airflow/example_dags/example_bash_decorator.py took 0.094 seconds
[2025-03-21T21:01:32.236+0000] {processor.py:186} INFO - Started process (PID=3732034) to work on /home/usmail/sys_fraud/sys_detection_frauds/lib/python3.12/site-packages/airflow/example_dags/example_bash_decorator.py
[2025-03-21T21:01:32.245+0000] {processor.py:914} INFO - Processing file /home/usmail/sys_fraud/sys_detection_frauds/lib/python3.12/site-packages/airflow/example_dags/example_bash_decorator.py for tasks to queue
[2025-03-21T21:01:32.248+0000] {logging_mixin.py:190} INFO - [2025-03-21T21:01:32.247+0000] {dagbag.py:588} INFO - Filling up the DagBag from /home/usmail/sys_fraud/sys_detection_frauds/lib/python3.12/site-packages/airflow/example_dags/example_bash_decorator.py
[2025-03-21T21:01:32.262+0000] {processor.py:925} INFO - DAG(s) 'example_bash_decorator' retrieved from /home/usmail/sys_fraud/sys_detection_frauds/lib/python3.12/site-packages/airflow/example_dags/example_bash_decorator.py
[2025-03-21T21:01:32.272+0000] {logging_mixin.py:190} INFO - [2025-03-21T21:01:32.271+0000] {dag.py:3239} INFO - Sync 1 DAGs
[2025-03-21T21:01:32.278+0000] {logging_mixin.py:190} INFO - [2025-03-21T21:01:32.278+0000] {dag.py:4180} INFO - Setting next_dagrun for example_bash_decorator to None, run_after=None
[2025-03-21T21:01:32.299+0000] {processor.py:208} INFO - Processing /home/usmail/sys_fraud/sys_detection_frauds/lib/python3.12/site-packages/airflow/example_dags/example_bash_decorator.py took 0.067 seconds
[2025-03-21T21:02:53.423+0000] {processor.py:186} INFO - Started process (PID=3733020) to work on /home/usmail/sys_fraud/sys_detection_frauds/lib/python3.12/site-packages/airflow/example_dags/example_bash_decorator.py
[2025-03-21T21:02:53.434+0000] {processor.py:914} INFO - Processing file /home/usmail/sys_fraud/sys_detection_frauds/lib/python3.12/site-packages/airflow/example_dags/example_bash_decorator.py for tasks to queue
[2025-03-21T21:02:53.436+0000] {logging_mixin.py:190} INFO - [2025-03-21T21:02:53.436+0000] {dagbag.py:588} INFO - Filling up the DagBag from /home/usmail/sys_fraud/sys_detection_frauds/lib/python3.12/site-packages/airflow/example_dags/example_bash_decorator.py
[2025-03-21T21:02:53.464+0000] {processor.py:925} INFO - DAG(s) 'example_bash_decorator' retrieved from /home/usmail/sys_fraud/sys_detection_frauds/lib/python3.12/site-packages/airflow/example_dags/example_bash_decorator.py
[2025-03-21T21:02:53.485+0000] {logging_mixin.py:190} INFO - [2025-03-21T21:02:53.484+0000] {dag.py:3239} INFO - Sync 1 DAGs
[2025-03-21T21:02:53.493+0000] {logging_mixin.py:190} INFO - [2025-03-21T21:02:53.493+0000] {dag.py:4180} INFO - Setting next_dagrun for example_bash_decorator to None, run_after=None
[2025-03-21T21:02:53.524+0000] {processor.py:208} INFO - Processing /home/usmail/sys_fraud/sys_detection_frauds/lib/python3.12/site-packages/airflow/example_dags/example_bash_decorator.py took 0.107 seconds
[2025-03-21T21:04:16.176+0000] {processor.py:186} INFO - Started process (PID=3734145) to work on /home/usmail/sys_fraud/sys_detection_frauds/lib/python3.12/site-packages/airflow/example_dags/example_bash_decorator.py
[2025-03-21T21:04:16.185+0000] {processor.py:914} INFO - Processing file /home/usmail/sys_fraud/sys_detection_frauds/lib/python3.12/site-packages/airflow/example_dags/example_bash_decorator.py for tasks to queue
[2025-03-21T21:04:16.186+0000] {logging_mixin.py:190} INFO - [2025-03-21T21:04:16.186+0000] {dagbag.py:588} INFO - Filling up the DagBag from /home/usmail/sys_fraud/sys_detection_frauds/lib/python3.12/site-packages/airflow/example_dags/example_bash_decorator.py
[2025-03-21T21:04:16.198+0000] {processor.py:925} INFO - DAG(s) 'example_bash_decorator' retrieved from /home/usmail/sys_fraud/sys_detection_frauds/lib/python3.12/site-packages/airflow/example_dags/example_bash_decorator.py
[2025-03-21T21:04:16.296+0000] {logging_mixin.py:190} INFO - [2025-03-21T21:04:16.295+0000] {dag.py:3239} INFO - Sync 1 DAGs
[2025-03-21T21:04:16.303+0000] {logging_mixin.py:190} INFO - [2025-03-21T21:04:16.303+0000] {dag.py:4180} INFO - Setting next_dagrun for example_bash_decorator to None, run_after=None
[2025-03-21T21:04:16.328+0000] {processor.py:208} INFO - Processing /home/usmail/sys_fraud/sys_detection_frauds/lib/python3.12/site-packages/airflow/example_dags/example_bash_decorator.py took 0.157 seconds
[2025-03-21T21:05:36.601+0000] {processor.py:186} INFO - Started process (PID=3735386) to work on /home/usmail/sys_fraud/sys_detection_frauds/lib/python3.12/site-packages/airflow/example_dags/example_bash_decorator.py
[2025-03-21T21:05:36.609+0000] {processor.py:914} INFO - Processing file /home/usmail/sys_fraud/sys_detection_frauds/lib/python3.12/site-packages/airflow/example_dags/example_bash_decorator.py for tasks to queue
[2025-03-21T21:05:36.610+0000] {logging_mixin.py:190} INFO - [2025-03-21T21:05:36.610+0000] {dagbag.py:588} INFO - Filling up the DagBag from /home/usmail/sys_fraud/sys_detection_frauds/lib/python3.12/site-packages/airflow/example_dags/example_bash_decorator.py
[2025-03-21T21:05:36.619+0000] {processor.py:925} INFO - DAG(s) 'example_bash_decorator' retrieved from /home/usmail/sys_fraud/sys_detection_frauds/lib/python3.12/site-packages/airflow/example_dags/example_bash_decorator.py
[2025-03-21T21:05:36.630+0000] {logging_mixin.py:190} INFO - [2025-03-21T21:05:36.630+0000] {dag.py:3239} INFO - Sync 1 DAGs
[2025-03-21T21:05:36.637+0000] {logging_mixin.py:190} INFO - [2025-03-21T21:05:36.637+0000] {dag.py:4180} INFO - Setting next_dagrun for example_bash_decorator to None, run_after=None
[2025-03-21T21:05:36.650+0000] {processor.py:208} INFO - Processing /home/usmail/sys_fraud/sys_detection_frauds/lib/python3.12/site-packages/airflow/example_dags/example_bash_decorator.py took 0.054 seconds
[2025-03-21T21:06:54.762+0000] {processor.py:186} INFO - Started process (PID=3737013) to work on /home/usmail/sys_fraud/sys_detection_frauds/lib/python3.12/site-packages/airflow/example_dags/example_bash_decorator.py
[2025-03-21T21:06:54.771+0000] {processor.py:914} INFO - Processing file /home/usmail/sys_fraud/sys_detection_frauds/lib/python3.12/site-packages/airflow/example_dags/example_bash_decorator.py for tasks to queue
[2025-03-21T21:06:54.774+0000] {logging_mixin.py:190} INFO - [2025-03-21T21:06:54.773+0000] {dagbag.py:588} INFO - Filling up the DagBag from /home/usmail/sys_fraud/sys_detection_frauds/lib/python3.12/site-packages/airflow/example_dags/example_bash_decorator.py
[2025-03-21T21:06:54.789+0000] {processor.py:925} INFO - DAG(s) 'example_bash_decorator' retrieved from /home/usmail/sys_fraud/sys_detection_frauds/lib/python3.12/site-packages/airflow/example_dags/example_bash_decorator.py
[2025-03-21T21:06:54.801+0000] {logging_mixin.py:190} INFO - [2025-03-21T21:06:54.801+0000] {dag.py:3239} INFO - Sync 1 DAGs
[2025-03-21T21:06:54.810+0000] {logging_mixin.py:190} INFO - [2025-03-21T21:06:54.810+0000] {dag.py:4180} INFO - Setting next_dagrun for example_bash_decorator to None, run_after=None
[2025-03-21T21:06:54.823+0000] {processor.py:208} INFO - Processing /home/usmail/sys_fraud/sys_detection_frauds/lib/python3.12/site-packages/airflow/example_dags/example_bash_decorator.py took 0.065 seconds
[2025-03-21T21:08:15.009+0000] {processor.py:186} INFO - Started process (PID=3738064) to work on /home/usmail/sys_fraud/sys_detection_frauds/lib/python3.12/site-packages/airflow/example_dags/example_bash_decorator.py
[2025-03-21T21:08:15.019+0000] {processor.py:914} INFO - Processing file /home/usmail/sys_fraud/sys_detection_frauds/lib/python3.12/site-packages/airflow/example_dags/example_bash_decorator.py for tasks to queue
[2025-03-21T21:08:15.023+0000] {logging_mixin.py:190} INFO - [2025-03-21T21:08:15.022+0000] {dagbag.py:588} INFO - Filling up the DagBag from /home/usmail/sys_fraud/sys_detection_frauds/lib/python3.12/site-packages/airflow/example_dags/example_bash_decorator.py
[2025-03-21T21:08:15.048+0000] {processor.py:925} INFO - DAG(s) 'example_bash_decorator' retrieved from /home/usmail/sys_fraud/sys_detection_frauds/lib/python3.12/site-packages/airflow/example_dags/example_bash_decorator.py
[2025-03-21T21:08:15.073+0000] {logging_mixin.py:190} INFO - [2025-03-21T21:08:15.073+0000] {dag.py:3239} INFO - Sync 1 DAGs
[2025-03-21T21:08:15.083+0000] {logging_mixin.py:190} INFO - [2025-03-21T21:08:15.083+0000] {dag.py:4180} INFO - Setting next_dagrun for example_bash_decorator to None, run_after=None
[2025-03-21T21:08:15.099+0000] {processor.py:208} INFO - Processing /home/usmail/sys_fraud/sys_detection_frauds/lib/python3.12/site-packages/airflow/example_dags/example_bash_decorator.py took 0.102 seconds
[2025-03-21T21:09:16.414+0000] {processor.py:186} INFO - Started process (PID=3738912) to work on /home/usmail/sys_fraud/sys_detection_frauds/lib/python3.12/site-packages/airflow/example_dags/example_bash_decorator.py
[2025-03-21T21:09:16.422+0000] {processor.py:914} INFO - Processing file /home/usmail/sys_fraud/sys_detection_frauds/lib/python3.12/site-packages/airflow/example_dags/example_bash_decorator.py for tasks to queue
[2025-03-21T21:09:16.424+0000] {logging_mixin.py:190} INFO - [2025-03-21T21:09:16.424+0000] {dagbag.py:588} INFO - Filling up the DagBag from /home/usmail/sys_fraud/sys_detection_frauds/lib/python3.12/site-packages/airflow/example_dags/example_bash_decorator.py
[2025-03-21T21:09:16.436+0000] {processor.py:925} INFO - DAG(s) 'example_bash_decorator' retrieved from /home/usmail/sys_fraud/sys_detection_frauds/lib/python3.12/site-packages/airflow/example_dags/example_bash_decorator.py
[2025-03-21T21:09:16.450+0000] {logging_mixin.py:190} INFO - [2025-03-21T21:09:16.450+0000] {dag.py:3239} INFO - Sync 1 DAGs
[2025-03-21T21:09:16.460+0000] {logging_mixin.py:190} INFO - [2025-03-21T21:09:16.459+0000] {dag.py:4180} INFO - Setting next_dagrun for example_bash_decorator to None, run_after=None
[2025-03-21T21:09:16.474+0000] {processor.py:208} INFO - Processing /home/usmail/sys_fraud/sys_detection_frauds/lib/python3.12/site-packages/airflow/example_dags/example_bash_decorator.py took 0.066 seconds
[2025-03-21T21:10:40.121+0000] {processor.py:186} INFO - Started process (PID=3740714) to work on /home/usmail/sys_fraud/sys_detection_frauds/lib/python3.12/site-packages/airflow/example_dags/example_bash_decorator.py
[2025-03-21T21:10:40.131+0000] {processor.py:914} INFO - Processing file /home/usmail/sys_fraud/sys_detection_frauds/lib/python3.12/site-packages/airflow/example_dags/example_bash_decorator.py for tasks to queue
[2025-03-21T21:10:40.135+0000] {logging_mixin.py:190} INFO - [2025-03-21T21:10:40.134+0000] {dagbag.py:588} INFO - Filling up the DagBag from /home/usmail/sys_fraud/sys_detection_frauds/lib/python3.12/site-packages/airflow/example_dags/example_bash_decorator.py
[2025-03-21T21:10:40.165+0000] {processor.py:925} INFO - DAG(s) 'example_bash_decorator' retrieved from /home/usmail/sys_fraud/sys_detection_frauds/lib/python3.12/site-packages/airflow/example_dags/example_bash_decorator.py
[2025-03-21T21:10:40.186+0000] {logging_mixin.py:190} INFO - [2025-03-21T21:10:40.186+0000] {dag.py:3239} INFO - Sync 1 DAGs
[2025-03-21T21:10:40.196+0000] {logging_mixin.py:190} INFO - [2025-03-21T21:10:40.196+0000] {dag.py:4180} INFO - Setting next_dagrun for example_bash_decorator to None, run_after=None
[2025-03-21T21:10:40.218+0000] {processor.py:208} INFO - Processing /home/usmail/sys_fraud/sys_detection_frauds/lib/python3.12/site-packages/airflow/example_dags/example_bash_decorator.py took 0.110 seconds
[2025-03-21T21:12:04.825+0000] {processor.py:186} INFO - Started process (PID=3742386) to work on /home/usmail/sys_fraud/sys_detection_frauds/lib/python3.12/site-packages/airflow/example_dags/example_bash_decorator.py
[2025-03-21T21:12:04.833+0000] {processor.py:914} INFO - Processing file /home/usmail/sys_fraud/sys_detection_frauds/lib/python3.12/site-packages/airflow/example_dags/example_bash_decorator.py for tasks to queue
[2025-03-21T21:12:04.835+0000] {logging_mixin.py:190} INFO - [2025-03-21T21:12:04.835+0000] {dagbag.py:588} INFO - Filling up the DagBag from /home/usmail/sys_fraud/sys_detection_frauds/lib/python3.12/site-packages/airflow/example_dags/example_bash_decorator.py
[2025-03-21T21:12:04.847+0000] {processor.py:925} INFO - DAG(s) 'example_bash_decorator' retrieved from /home/usmail/sys_fraud/sys_detection_frauds/lib/python3.12/site-packages/airflow/example_dags/example_bash_decorator.py
[2025-03-21T21:12:04.861+0000] {logging_mixin.py:190} INFO - [2025-03-21T21:12:04.861+0000] {dag.py:3239} INFO - Sync 1 DAGs
[2025-03-21T21:12:04.871+0000] {logging_mixin.py:190} INFO - [2025-03-21T21:12:04.871+0000] {dag.py:4180} INFO - Setting next_dagrun for example_bash_decorator to None, run_after=None
[2025-03-21T21:12:04.893+0000] {processor.py:208} INFO - Processing /home/usmail/sys_fraud/sys_detection_frauds/lib/python3.12/site-packages/airflow/example_dags/example_bash_decorator.py took 0.074 seconds
[2025-03-21T21:13:22.856+0000] {processor.py:186} INFO - Started process (PID=3743834) to work on /home/usmail/sys_fraud/sys_detection_frauds/lib/python3.12/site-packages/airflow/example_dags/example_bash_decorator.py
[2025-03-21T21:13:22.865+0000] {processor.py:914} INFO - Processing file /home/usmail/sys_fraud/sys_detection_frauds/lib/python3.12/site-packages/airflow/example_dags/example_bash_decorator.py for tasks to queue
[2025-03-21T21:13:22.866+0000] {logging_mixin.py:190} INFO - [2025-03-21T21:13:22.866+0000] {dagbag.py:588} INFO - Filling up the DagBag from /home/usmail/sys_fraud/sys_detection_frauds/lib/python3.12/site-packages/airflow/example_dags/example_bash_decorator.py
[2025-03-21T21:13:22.878+0000] {processor.py:925} INFO - DAG(s) 'example_bash_decorator' retrieved from /home/usmail/sys_fraud/sys_detection_frauds/lib/python3.12/site-packages/airflow/example_dags/example_bash_decorator.py
[2025-03-21T21:13:22.891+0000] {logging_mixin.py:190} INFO - [2025-03-21T21:13:22.891+0000] {dag.py:3239} INFO - Sync 1 DAGs
[2025-03-21T21:13:22.901+0000] {logging_mixin.py:190} INFO - [2025-03-21T21:13:22.901+0000] {dag.py:4180} INFO - Setting next_dagrun for example_bash_decorator to None, run_after=None
[2025-03-21T21:13:22.915+0000] {processor.py:208} INFO - Processing /home/usmail/sys_fraud/sys_detection_frauds/lib/python3.12/site-packages/airflow/example_dags/example_bash_decorator.py took 0.065 seconds
[2025-03-21T21:14:43.674+0000] {processor.py:186} INFO - Started process (PID=3745066) to work on /home/usmail/sys_fraud/sys_detection_frauds/lib/python3.12/site-packages/airflow/example_dags/example_bash_decorator.py
[2025-03-21T21:14:43.683+0000] {processor.py:914} INFO - Processing file /home/usmail/sys_fraud/sys_detection_frauds/lib/python3.12/site-packages/airflow/example_dags/example_bash_decorator.py for tasks to queue
[2025-03-21T21:14:43.686+0000] {logging_mixin.py:190} INFO - [2025-03-21T21:14:43.686+0000] {dagbag.py:588} INFO - Filling up the DagBag from /home/usmail/sys_fraud/sys_detection_frauds/lib/python3.12/site-packages/airflow/example_dags/example_bash_decorator.py
[2025-03-21T21:14:43.712+0000] {processor.py:925} INFO - DAG(s) 'example_bash_decorator' retrieved from /home/usmail/sys_fraud/sys_detection_frauds/lib/python3.12/site-packages/airflow/example_dags/example_bash_decorator.py
[2025-03-21T21:14:43.741+0000] {logging_mixin.py:190} INFO - [2025-03-21T21:14:43.740+0000] {dag.py:3239} INFO - Sync 1 DAGs
[2025-03-21T21:14:43.751+0000] {logging_mixin.py:190} INFO - [2025-03-21T21:14:43.751+0000] {dag.py:4180} INFO - Setting next_dagrun for example_bash_decorator to None, run_after=None
[2025-03-21T21:14:43.767+0000] {processor.py:208} INFO - Processing /home/usmail/sys_fraud/sys_detection_frauds/lib/python3.12/site-packages/airflow/example_dags/example_bash_decorator.py took 0.105 seconds
[2025-03-21T21:15:45.191+0000] {processor.py:186} INFO - Started process (PID=3745833) to work on /home/usmail/sys_fraud/sys_detection_frauds/lib/python3.12/site-packages/airflow/example_dags/example_bash_decorator.py
[2025-03-21T21:15:45.200+0000] {processor.py:914} INFO - Processing file /home/usmail/sys_fraud/sys_detection_frauds/lib/python3.12/site-packages/airflow/example_dags/example_bash_decorator.py for tasks to queue
[2025-03-21T21:15:45.203+0000] {logging_mixin.py:190} INFO - [2025-03-21T21:15:45.203+0000] {dagbag.py:588} INFO - Filling up the DagBag from /home/usmail/sys_fraud/sys_detection_frauds/lib/python3.12/site-packages/airflow/example_dags/example_bash_decorator.py
[2025-03-21T21:15:45.228+0000] {processor.py:925} INFO - DAG(s) 'example_bash_decorator' retrieved from /home/usmail/sys_fraud/sys_detection_frauds/lib/python3.12/site-packages/airflow/example_dags/example_bash_decorator.py
[2025-03-21T21:15:45.252+0000] {logging_mixin.py:190} INFO - [2025-03-21T21:15:45.252+0000] {dag.py:3239} INFO - Sync 1 DAGs
[2025-03-21T21:15:45.264+0000] {logging_mixin.py:190} INFO - [2025-03-21T21:15:45.264+0000] {dag.py:4180} INFO - Setting next_dagrun for example_bash_decorator to None, run_after=None
[2025-03-21T21:15:45.300+0000] {processor.py:208} INFO - Processing /home/usmail/sys_fraud/sys_detection_frauds/lib/python3.12/site-packages/airflow/example_dags/example_bash_decorator.py took 0.121 seconds
[2025-03-21T21:16:46.569+0000] {processor.py:186} INFO - Started process (PID=3746597) to work on /home/usmail/sys_fraud/sys_detection_frauds/lib/python3.12/site-packages/airflow/example_dags/example_bash_decorator.py
[2025-03-21T21:16:46.578+0000] {processor.py:914} INFO - Processing file /home/usmail/sys_fraud/sys_detection_frauds/lib/python3.12/site-packages/airflow/example_dags/example_bash_decorator.py for tasks to queue
[2025-03-21T21:16:46.582+0000] {logging_mixin.py:190} INFO - [2025-03-21T21:16:46.581+0000] {dagbag.py:588} INFO - Filling up the DagBag from /home/usmail/sys_fraud/sys_detection_frauds/lib/python3.12/site-packages/airflow/example_dags/example_bash_decorator.py
[2025-03-21T21:16:46.605+0000] {processor.py:925} INFO - DAG(s) 'example_bash_decorator' retrieved from /home/usmail/sys_fraud/sys_detection_frauds/lib/python3.12/site-packages/airflow/example_dags/example_bash_decorator.py
[2025-03-21T21:16:46.634+0000] {logging_mixin.py:190} INFO - [2025-03-21T21:16:46.634+0000] {dag.py:3239} INFO - Sync 1 DAGs
[2025-03-21T21:16:46.645+0000] {logging_mixin.py:190} INFO - [2025-03-21T21:16:46.645+0000] {dag.py:4180} INFO - Setting next_dagrun for example_bash_decorator to None, run_after=None
[2025-03-21T21:16:46.681+0000] {processor.py:208} INFO - Processing /home/usmail/sys_fraud/sys_detection_frauds/lib/python3.12/site-packages/airflow/example_dags/example_bash_decorator.py took 0.124 seconds
[2025-03-21T21:17:49.090+0000] {processor.py:186} INFO - Started process (PID=3747372) to work on /home/usmail/sys_fraud/sys_detection_frauds/lib/python3.12/site-packages/airflow/example_dags/example_bash_decorator.py
[2025-03-21T21:17:49.099+0000] {processor.py:914} INFO - Processing file /home/usmail/sys_fraud/sys_detection_frauds/lib/python3.12/site-packages/airflow/example_dags/example_bash_decorator.py for tasks to queue
[2025-03-21T21:17:49.101+0000] {logging_mixin.py:190} INFO - [2025-03-21T21:17:49.100+0000] {dagbag.py:588} INFO - Filling up the DagBag from /home/usmail/sys_fraud/sys_detection_frauds/lib/python3.12/site-packages/airflow/example_dags/example_bash_decorator.py
[2025-03-21T21:17:49.113+0000] {processor.py:925} INFO - DAG(s) 'example_bash_decorator' retrieved from /home/usmail/sys_fraud/sys_detection_frauds/lib/python3.12/site-packages/airflow/example_dags/example_bash_decorator.py
[2025-03-21T21:17:49.128+0000] {logging_mixin.py:190} INFO - [2025-03-21T21:17:49.127+0000] {dag.py:3239} INFO - Sync 1 DAGs
[2025-03-21T21:17:49.138+0000] {logging_mixin.py:190} INFO - [2025-03-21T21:17:49.138+0000] {dag.py:4180} INFO - Setting next_dagrun for example_bash_decorator to None, run_after=None
[2025-03-21T21:17:49.160+0000] {processor.py:208} INFO - Processing /home/usmail/sys_fraud/sys_detection_frauds/lib/python3.12/site-packages/airflow/example_dags/example_bash_decorator.py took 0.076 seconds
[2025-03-21T21:18:54.608+0000] {processor.py:186} INFO - Started process (PID=3748179) to work on /home/usmail/sys_fraud/sys_detection_frauds/lib/python3.12/site-packages/airflow/example_dags/example_bash_decorator.py
[2025-03-21T21:18:54.617+0000] {processor.py:914} INFO - Processing file /home/usmail/sys_fraud/sys_detection_frauds/lib/python3.12/site-packages/airflow/example_dags/example_bash_decorator.py for tasks to queue
[2025-03-21T21:18:54.621+0000] {logging_mixin.py:190} INFO - [2025-03-21T21:18:54.620+0000] {dagbag.py:588} INFO - Filling up the DagBag from /home/usmail/sys_fraud/sys_detection_frauds/lib/python3.12/site-packages/airflow/example_dags/example_bash_decorator.py
[2025-03-21T21:18:54.645+0000] {processor.py:925} INFO - DAG(s) 'example_bash_decorator' retrieved from /home/usmail/sys_fraud/sys_detection_frauds/lib/python3.12/site-packages/airflow/example_dags/example_bash_decorator.py
[2025-03-21T21:18:54.671+0000] {logging_mixin.py:190} INFO - [2025-03-21T21:18:54.671+0000] {dag.py:3239} INFO - Sync 1 DAGs
[2025-03-21T21:18:54.683+0000] {logging_mixin.py:190} INFO - [2025-03-21T21:18:54.683+0000] {dag.py:4180} INFO - Setting next_dagrun for example_bash_decorator to None, run_after=None
[2025-03-21T21:18:54.698+0000] {processor.py:208} INFO - Processing /home/usmail/sys_fraud/sys_detection_frauds/lib/python3.12/site-packages/airflow/example_dags/example_bash_decorator.py took 0.103 seconds
[2025-03-21T21:19:57.343+0000] {processor.py:186} INFO - Started process (PID=3748945) to work on /home/usmail/sys_fraud/sys_detection_frauds/lib/python3.12/site-packages/airflow/example_dags/example_bash_decorator.py
[2025-03-21T21:19:57.353+0000] {processor.py:914} INFO - Processing file /home/usmail/sys_fraud/sys_detection_frauds/lib/python3.12/site-packages/airflow/example_dags/example_bash_decorator.py for tasks to queue
[2025-03-21T21:19:57.356+0000] {logging_mixin.py:190} INFO - [2025-03-21T21:19:57.355+0000] {dagbag.py:588} INFO - Filling up the DagBag from /home/usmail/sys_fraud/sys_detection_frauds/lib/python3.12/site-packages/airflow/example_dags/example_bash_decorator.py
[2025-03-21T21:19:57.380+0000] {processor.py:925} INFO - DAG(s) 'example_bash_decorator' retrieved from /home/usmail/sys_fraud/sys_detection_frauds/lib/python3.12/site-packages/airflow/example_dags/example_bash_decorator.py
[2025-03-21T21:19:57.406+0000] {logging_mixin.py:190} INFO - [2025-03-21T21:19:57.406+0000] {dag.py:3239} INFO - Sync 1 DAGs
[2025-03-21T21:19:57.419+0000] {logging_mixin.py:190} INFO - [2025-03-21T21:19:57.419+0000] {dag.py:4180} INFO - Setting next_dagrun for example_bash_decorator to None, run_after=None
[2025-03-21T21:19:57.434+0000] {processor.py:208} INFO - Processing /home/usmail/sys_fraud/sys_detection_frauds/lib/python3.12/site-packages/airflow/example_dags/example_bash_decorator.py took 0.103 seconds
[2025-03-21T21:21:00.039+0000] {processor.py:186} INFO - Started process (PID=3749705) to work on /home/usmail/sys_fraud/sys_detection_frauds/lib/python3.12/site-packages/airflow/example_dags/example_bash_decorator.py
[2025-03-21T21:21:00.048+0000] {processor.py:914} INFO - Processing file /home/usmail/sys_fraud/sys_detection_frauds/lib/python3.12/site-packages/airflow/example_dags/example_bash_decorator.py for tasks to queue
[2025-03-21T21:21:00.051+0000] {logging_mixin.py:190} INFO - [2025-03-21T21:21:00.051+0000] {dagbag.py:588} INFO - Filling up the DagBag from /home/usmail/sys_fraud/sys_detection_frauds/lib/python3.12/site-packages/airflow/example_dags/example_bash_decorator.py
[2025-03-21T21:21:00.075+0000] {processor.py:925} INFO - DAG(s) 'example_bash_decorator' retrieved from /home/usmail/sys_fraud/sys_detection_frauds/lib/python3.12/site-packages/airflow/example_dags/example_bash_decorator.py
[2025-03-21T21:21:00.101+0000] {logging_mixin.py:190} INFO - [2025-03-21T21:21:00.101+0000] {dag.py:3239} INFO - Sync 1 DAGs
[2025-03-21T21:21:00.112+0000] {logging_mixin.py:190} INFO - [2025-03-21T21:21:00.112+0000] {dag.py:4180} INFO - Setting next_dagrun for example_bash_decorator to None, run_after=None
[2025-03-21T21:21:00.137+0000] {processor.py:208} INFO - Processing /home/usmail/sys_fraud/sys_detection_frauds/lib/python3.12/site-packages/airflow/example_dags/example_bash_decorator.py took 0.112 seconds
[2025-03-21T21:22:06.814+0000] {processor.py:186} INFO - Started process (PID=3750526) to work on /home/usmail/sys_fraud/sys_detection_frauds/lib/python3.12/site-packages/airflow/example_dags/example_bash_decorator.py
[2025-03-21T21:22:06.823+0000] {processor.py:914} INFO - Processing file /home/usmail/sys_fraud/sys_detection_frauds/lib/python3.12/site-packages/airflow/example_dags/example_bash_decorator.py for tasks to queue
[2025-03-21T21:22:06.826+0000] {logging_mixin.py:190} INFO - [2025-03-21T21:22:06.826+0000] {dagbag.py:588} INFO - Filling up the DagBag from /home/usmail/sys_fraud/sys_detection_frauds/lib/python3.12/site-packages/airflow/example_dags/example_bash_decorator.py
[2025-03-21T21:22:06.850+0000] {processor.py:925} INFO - DAG(s) 'example_bash_decorator' retrieved from /home/usmail/sys_fraud/sys_detection_frauds/lib/python3.12/site-packages/airflow/example_dags/example_bash_decorator.py
[2025-03-21T21:22:06.876+0000] {logging_mixin.py:190} INFO - [2025-03-21T21:22:06.876+0000] {dag.py:3239} INFO - Sync 1 DAGs
[2025-03-21T21:22:06.887+0000] {logging_mixin.py:190} INFO - [2025-03-21T21:22:06.887+0000] {dag.py:4180} INFO - Setting next_dagrun for example_bash_decorator to None, run_after=None
[2025-03-21T21:22:06.920+0000] {processor.py:208} INFO - Processing /home/usmail/sys_fraud/sys_detection_frauds/lib/python3.12/site-packages/airflow/example_dags/example_bash_decorator.py took 0.118 seconds
[2025-03-21T21:23:13.443+0000] {processor.py:186} INFO - Started process (PID=3751369) to work on /home/usmail/sys_fraud/sys_detection_frauds/lib/python3.12/site-packages/airflow/example_dags/example_bash_decorator.py
[2025-03-21T21:23:13.445+0000] {processor.py:914} INFO - Processing file /home/usmail/sys_fraud/sys_detection_frauds/lib/python3.12/site-packages/airflow/example_dags/example_bash_decorator.py for tasks to queue
[2025-03-21T21:23:13.448+0000] {logging_mixin.py:190} INFO - [2025-03-21T21:23:13.447+0000] {dagbag.py:588} INFO - Filling up the DagBag from /home/usmail/sys_fraud/sys_detection_frauds/lib/python3.12/site-packages/airflow/example_dags/example_bash_decorator.py
[2025-03-21T21:23:13.471+0000] {processor.py:925} INFO - DAG(s) 'example_bash_decorator' retrieved from /home/usmail/sys_fraud/sys_detection_frauds/lib/python3.12/site-packages/airflow/example_dags/example_bash_decorator.py
[2025-03-21T21:23:13.490+0000] {logging_mixin.py:190} INFO - [2025-03-21T21:23:13.490+0000] {dag.py:3239} INFO - Sync 1 DAGs
[2025-03-21T21:23:13.499+0000] {logging_mixin.py:190} INFO - [2025-03-21T21:23:13.499+0000] {dag.py:4180} INFO - Setting next_dagrun for example_bash_decorator to None, run_after=None
[2025-03-21T21:23:13.524+0000] {processor.py:208} INFO - Processing /home/usmail/sys_fraud/sys_detection_frauds/lib/python3.12/site-packages/airflow/example_dags/example_bash_decorator.py took 0.093 seconds
[2025-03-21T21:24:15.051+0000] {processor.py:186} INFO - Started process (PID=3752072) to work on /home/usmail/sys_fraud/sys_detection_frauds/lib/python3.12/site-packages/airflow/example_dags/example_bash_decorator.py
[2025-03-21T21:24:15.060+0000] {processor.py:914} INFO - Processing file /home/usmail/sys_fraud/sys_detection_frauds/lib/python3.12/site-packages/airflow/example_dags/example_bash_decorator.py for tasks to queue
[2025-03-21T21:24:15.063+0000] {logging_mixin.py:190} INFO - [2025-03-21T21:24:15.063+0000] {dagbag.py:588} INFO - Filling up the DagBag from /home/usmail/sys_fraud/sys_detection_frauds/lib/python3.12/site-packages/airflow/example_dags/example_bash_decorator.py
[2025-03-21T21:24:15.087+0000] {processor.py:925} INFO - DAG(s) 'example_bash_decorator' retrieved from /home/usmail/sys_fraud/sys_detection_frauds/lib/python3.12/site-packages/airflow/example_dags/example_bash_decorator.py
[2025-03-21T21:24:15.114+0000] {logging_mixin.py:190} INFO - [2025-03-21T21:24:15.114+0000] {dag.py:3239} INFO - Sync 1 DAGs
[2025-03-21T21:24:15.127+0000] {logging_mixin.py:190} INFO - [2025-03-21T21:24:15.126+0000] {dag.py:4180} INFO - Setting next_dagrun for example_bash_decorator to None, run_after=None
[2025-03-21T21:24:15.150+0000] {processor.py:208} INFO - Processing /home/usmail/sys_fraud/sys_detection_frauds/lib/python3.12/site-packages/airflow/example_dags/example_bash_decorator.py took 0.111 seconds
[2025-03-21T21:25:17.981+0000] {processor.py:186} INFO - Started process (PID=3752734) to work on /home/usmail/sys_fraud/sys_detection_frauds/lib/python3.12/site-packages/airflow/example_dags/example_bash_decorator.py
[2025-03-21T21:25:17.990+0000] {processor.py:914} INFO - Processing file /home/usmail/sys_fraud/sys_detection_frauds/lib/python3.12/site-packages/airflow/example_dags/example_bash_decorator.py for tasks to queue
[2025-03-21T21:25:17.993+0000] {logging_mixin.py:190} INFO - [2025-03-21T21:25:17.992+0000] {dagbag.py:588} INFO - Filling up the DagBag from /home/usmail/sys_fraud/sys_detection_frauds/lib/python3.12/site-packages/airflow/example_dags/example_bash_decorator.py
[2025-03-21T21:25:18.019+0000] {processor.py:925} INFO - DAG(s) 'example_bash_decorator' retrieved from /home/usmail/sys_fraud/sys_detection_frauds/lib/python3.12/site-packages/airflow/example_dags/example_bash_decorator.py
[2025-03-21T21:25:18.044+0000] {logging_mixin.py:190} INFO - [2025-03-21T21:25:18.044+0000] {dag.py:3239} INFO - Sync 1 DAGs
[2025-03-21T21:25:18.055+0000] {logging_mixin.py:190} INFO - [2025-03-21T21:25:18.055+0000] {dag.py:4180} INFO - Setting next_dagrun for example_bash_decorator to None, run_after=None
[2025-03-21T21:25:18.071+0000] {processor.py:208} INFO - Processing /home/usmail/sys_fraud/sys_detection_frauds/lib/python3.12/site-packages/airflow/example_dags/example_bash_decorator.py took 0.103 seconds
[2025-03-21T21:26:21.900+0000] {processor.py:186} INFO - Started process (PID=3753423) to work on /home/usmail/sys_fraud/sys_detection_frauds/lib/python3.12/site-packages/airflow/example_dags/example_bash_decorator.py
[2025-03-21T21:26:21.909+0000] {processor.py:914} INFO - Processing file /home/usmail/sys_fraud/sys_detection_frauds/lib/python3.12/site-packages/airflow/example_dags/example_bash_decorator.py for tasks to queue
[2025-03-21T21:26:21.912+0000] {logging_mixin.py:190} INFO - [2025-03-21T21:26:21.912+0000] {dagbag.py:588} INFO - Filling up the DagBag from /home/usmail/sys_fraud/sys_detection_frauds/lib/python3.12/site-packages/airflow/example_dags/example_bash_decorator.py
[2025-03-21T21:26:21.935+0000] {processor.py:925} INFO - DAG(s) 'example_bash_decorator' retrieved from /home/usmail/sys_fraud/sys_detection_frauds/lib/python3.12/site-packages/airflow/example_dags/example_bash_decorator.py
[2025-03-21T21:26:21.964+0000] {logging_mixin.py:190} INFO - [2025-03-21T21:26:21.963+0000] {dag.py:3239} INFO - Sync 1 DAGs
[2025-03-21T21:26:21.978+0000] {logging_mixin.py:190} INFO - [2025-03-21T21:26:21.978+0000] {dag.py:4180} INFO - Setting next_dagrun for example_bash_decorator to None, run_after=None
[2025-03-21T21:26:21.995+0000] {processor.py:208} INFO - Processing /home/usmail/sys_fraud/sys_detection_frauds/lib/python3.12/site-packages/airflow/example_dags/example_bash_decorator.py took 0.107 seconds
[2025-03-21T21:27:24.931+0000] {processor.py:186} INFO - Started process (PID=3754067) to work on /home/usmail/sys_fraud/sys_detection_frauds/lib/python3.12/site-packages/airflow/example_dags/example_bash_decorator.py
[2025-03-21T21:27:24.941+0000] {processor.py:914} INFO - Processing file /home/usmail/sys_fraud/sys_detection_frauds/lib/python3.12/site-packages/airflow/example_dags/example_bash_decorator.py for tasks to queue
[2025-03-21T21:27:24.944+0000] {logging_mixin.py:190} INFO - [2025-03-21T21:27:24.943+0000] {dagbag.py:588} INFO - Filling up the DagBag from /home/usmail/sys_fraud/sys_detection_frauds/lib/python3.12/site-packages/airflow/example_dags/example_bash_decorator.py
[2025-03-21T21:27:24.968+0000] {processor.py:925} INFO - DAG(s) 'example_bash_decorator' retrieved from /home/usmail/sys_fraud/sys_detection_frauds/lib/python3.12/site-packages/airflow/example_dags/example_bash_decorator.py
[2025-03-21T21:27:24.993+0000] {logging_mixin.py:190} INFO - [2025-03-21T21:27:24.993+0000] {dag.py:3239} INFO - Sync 1 DAGs
[2025-03-21T21:27:25.004+0000] {logging_mixin.py:190} INFO - [2025-03-21T21:27:25.004+0000] {dag.py:4180} INFO - Setting next_dagrun for example_bash_decorator to None, run_after=None
[2025-03-21T21:27:25.019+0000] {processor.py:208} INFO - Processing /home/usmail/sys_fraud/sys_detection_frauds/lib/python3.12/site-packages/airflow/example_dags/example_bash_decorator.py took 0.100 seconds
[2025-03-21T21:28:26.222+0000] {processor.py:186} INFO - Started process (PID=3754705) to work on /home/usmail/sys_fraud/sys_detection_frauds/lib/python3.12/site-packages/airflow/example_dags/example_bash_decorator.py
[2025-03-21T21:28:26.231+0000] {processor.py:914} INFO - Processing file /home/usmail/sys_fraud/sys_detection_frauds/lib/python3.12/site-packages/airflow/example_dags/example_bash_decorator.py for tasks to queue
[2025-03-21T21:28:26.234+0000] {logging_mixin.py:190} INFO - [2025-03-21T21:28:26.233+0000] {dagbag.py:588} INFO - Filling up the DagBag from /home/usmail/sys_fraud/sys_detection_frauds/lib/python3.12/site-packages/airflow/example_dags/example_bash_decorator.py
[2025-03-21T21:28:26.258+0000] {processor.py:925} INFO - DAG(s) 'example_bash_decorator' retrieved from /home/usmail/sys_fraud/sys_detection_frauds/lib/python3.12/site-packages/airflow/example_dags/example_bash_decorator.py
[2025-03-21T21:28:26.284+0000] {logging_mixin.py:190} INFO - [2025-03-21T21:28:26.283+0000] {dag.py:3239} INFO - Sync 1 DAGs
[2025-03-21T21:28:26.296+0000] {logging_mixin.py:190} INFO - [2025-03-21T21:28:26.296+0000] {dag.py:4180} INFO - Setting next_dagrun for example_bash_decorator to None, run_after=None
[2025-03-21T21:28:26.311+0000] {processor.py:208} INFO - Processing /home/usmail/sys_fraud/sys_detection_frauds/lib/python3.12/site-packages/airflow/example_dags/example_bash_decorator.py took 0.101 seconds
[2025-03-21T21:29:27.492+0000] {processor.py:186} INFO - Started process (PID=3755352) to work on /home/usmail/sys_fraud/sys_detection_frauds/lib/python3.12/site-packages/airflow/example_dags/example_bash_decorator.py
[2025-03-21T21:29:27.501+0000] {processor.py:914} INFO - Processing file /home/usmail/sys_fraud/sys_detection_frauds/lib/python3.12/site-packages/airflow/example_dags/example_bash_decorator.py for tasks to queue
[2025-03-21T21:29:27.504+0000] {logging_mixin.py:190} INFO - [2025-03-21T21:29:27.504+0000] {dagbag.py:588} INFO - Filling up the DagBag from /home/usmail/sys_fraud/sys_detection_frauds/lib/python3.12/site-packages/airflow/example_dags/example_bash_decorator.py
[2025-03-21T21:29:27.528+0000] {processor.py:925} INFO - DAG(s) 'example_bash_decorator' retrieved from /home/usmail/sys_fraud/sys_detection_frauds/lib/python3.12/site-packages/airflow/example_dags/example_bash_decorator.py
[2025-03-21T21:29:27.553+0000] {logging_mixin.py:190} INFO - [2025-03-21T21:29:27.553+0000] {dag.py:3239} INFO - Sync 1 DAGs
[2025-03-21T21:29:27.564+0000] {logging_mixin.py:190} INFO - [2025-03-21T21:29:27.563+0000] {dag.py:4180} INFO - Setting next_dagrun for example_bash_decorator to None, run_after=None
[2025-03-21T21:29:27.585+0000] {processor.py:208} INFO - Processing /home/usmail/sys_fraud/sys_detection_frauds/lib/python3.12/site-packages/airflow/example_dags/example_bash_decorator.py took 0.106 seconds
[2025-03-21T21:30:32.789+0000] {processor.py:186} INFO - Started process (PID=3756039) to work on /home/usmail/sys_fraud/sys_detection_frauds/lib/python3.12/site-packages/airflow/example_dags/example_bash_decorator.py
[2025-03-21T21:30:32.791+0000] {processor.py:914} INFO - Processing file /home/usmail/sys_fraud/sys_detection_frauds/lib/python3.12/site-packages/airflow/example_dags/example_bash_decorator.py for tasks to queue
[2025-03-21T21:30:32.794+0000] {logging_mixin.py:190} INFO - [2025-03-21T21:30:32.794+0000] {dagbag.py:588} INFO - Filling up the DagBag from /home/usmail/sys_fraud/sys_detection_frauds/lib/python3.12/site-packages/airflow/example_dags/example_bash_decorator.py
[2025-03-21T21:30:32.818+0000] {processor.py:925} INFO - DAG(s) 'example_bash_decorator' retrieved from /home/usmail/sys_fraud/sys_detection_frauds/lib/python3.12/site-packages/airflow/example_dags/example_bash_decorator.py
[2025-03-21T21:30:32.844+0000] {logging_mixin.py:190} INFO - [2025-03-21T21:30:32.844+0000] {dag.py:3239} INFO - Sync 1 DAGs
[2025-03-21T21:30:32.855+0000] {logging_mixin.py:190} INFO - [2025-03-21T21:30:32.855+0000] {dag.py:4180} INFO - Setting next_dagrun for example_bash_decorator to None, run_after=None
[2025-03-21T21:30:32.871+0000] {processor.py:208} INFO - Processing /home/usmail/sys_fraud/sys_detection_frauds/lib/python3.12/site-packages/airflow/example_dags/example_bash_decorator.py took 0.095 seconds
[2025-03-21T21:31:39.087+0000] {processor.py:186} INFO - Started process (PID=3756729) to work on /home/usmail/sys_fraud/sys_detection_frauds/lib/python3.12/site-packages/airflow/example_dags/example_bash_decorator.py
[2025-03-21T21:31:39.096+0000] {processor.py:914} INFO - Processing file /home/usmail/sys_fraud/sys_detection_frauds/lib/python3.12/site-packages/airflow/example_dags/example_bash_decorator.py for tasks to queue
[2025-03-21T21:31:39.099+0000] {logging_mixin.py:190} INFO - [2025-03-21T21:31:39.099+0000] {dagbag.py:588} INFO - Filling up the DagBag from /home/usmail/sys_fraud/sys_detection_frauds/lib/python3.12/site-packages/airflow/example_dags/example_bash_decorator.py
[2025-03-21T21:31:39.123+0000] {processor.py:925} INFO - DAG(s) 'example_bash_decorator' retrieved from /home/usmail/sys_fraud/sys_detection_frauds/lib/python3.12/site-packages/airflow/example_dags/example_bash_decorator.py
[2025-03-21T21:31:39.148+0000] {logging_mixin.py:190} INFO - [2025-03-21T21:31:39.147+0000] {dag.py:3239} INFO - Sync 1 DAGs
[2025-03-21T21:31:39.159+0000] {logging_mixin.py:190} INFO - [2025-03-21T21:31:39.159+0000] {dag.py:4180} INFO - Setting next_dagrun for example_bash_decorator to None, run_after=None
[2025-03-21T21:31:39.175+0000] {processor.py:208} INFO - Processing /home/usmail/sys_fraud/sys_detection_frauds/lib/python3.12/site-packages/airflow/example_dags/example_bash_decorator.py took 0.099 seconds
[2025-03-21T21:32:43.267+0000] {processor.py:186} INFO - Started process (PID=3757391) to work on /home/usmail/sys_fraud/sys_detection_frauds/lib/python3.12/site-packages/airflow/example_dags/example_bash_decorator.py
[2025-03-21T21:32:43.276+0000] {processor.py:914} INFO - Processing file /home/usmail/sys_fraud/sys_detection_frauds/lib/python3.12/site-packages/airflow/example_dags/example_bash_decorator.py for tasks to queue
[2025-03-21T21:32:43.279+0000] {logging_mixin.py:190} INFO - [2025-03-21T21:32:43.278+0000] {dagbag.py:588} INFO - Filling up the DagBag from /home/usmail/sys_fraud/sys_detection_frauds/lib/python3.12/site-packages/airflow/example_dags/example_bash_decorator.py
[2025-03-21T21:32:43.302+0000] {processor.py:925} INFO - DAG(s) 'example_bash_decorator' retrieved from /home/usmail/sys_fraud/sys_detection_frauds/lib/python3.12/site-packages/airflow/example_dags/example_bash_decorator.py
[2025-03-21T21:32:43.329+0000] {logging_mixin.py:190} INFO - [2025-03-21T21:32:43.329+0000] {dag.py:3239} INFO - Sync 1 DAGs
[2025-03-21T21:32:43.342+0000] {logging_mixin.py:190} INFO - [2025-03-21T21:32:43.341+0000] {dag.py:4180} INFO - Setting next_dagrun for example_bash_decorator to None, run_after=None
[2025-03-21T21:32:43.380+0000] {processor.py:208} INFO - Processing /home/usmail/sys_fraud/sys_detection_frauds/lib/python3.12/site-packages/airflow/example_dags/example_bash_decorator.py took 0.125 seconds
[2025-03-21T22:19:14.415+0000] {processor.py:186} INFO - Started process (PID=3758284) to work on /home/usmail/sys_fraud/sys_detection_frauds/lib/python3.12/site-packages/airflow/example_dags/example_bash_decorator.py
[2025-03-21T22:19:14.416+0000] {processor.py:914} INFO - Processing file /home/usmail/sys_fraud/sys_detection_frauds/lib/python3.12/site-packages/airflow/example_dags/example_bash_decorator.py for tasks to queue
[2025-03-21T22:19:14.420+0000] {logging_mixin.py:190} INFO - [2025-03-21T22:19:14.419+0000] {dagbag.py:588} INFO - Filling up the DagBag from /home/usmail/sys_fraud/sys_detection_frauds/lib/python3.12/site-packages/airflow/example_dags/example_bash_decorator.py
[2025-03-21T22:19:14.441+0000] {processor.py:925} INFO - DAG(s) 'example_bash_decorator' retrieved from /home/usmail/sys_fraud/sys_detection_frauds/lib/python3.12/site-packages/airflow/example_dags/example_bash_decorator.py
[2025-03-21T22:19:14.462+0000] {logging_mixin.py:190} INFO - [2025-03-21T22:19:14.461+0000] {dag.py:3239} INFO - Sync 1 DAGs
[2025-03-21T22:19:14.475+0000] {logging_mixin.py:190} INFO - [2025-03-21T22:19:14.475+0000] {dag.py:4180} INFO - Setting next_dagrun for example_bash_decorator to None, run_after=None
[2025-03-21T22:19:14.501+0000] {processor.py:208} INFO - Processing /home/usmail/sys_fraud/sys_detection_frauds/lib/python3.12/site-packages/airflow/example_dags/example_bash_decorator.py took 0.100 seconds
[2025-03-21T22:20:44.120+0000] {processor.py:186} INFO - Started process (PID=3759671) to work on /home/usmail/sys_fraud/sys_detection_frauds/lib/python3.12/site-packages/airflow/example_dags/example_bash_decorator.py
[2025-03-21T22:20:44.121+0000] {processor.py:914} INFO - Processing file /home/usmail/sys_fraud/sys_detection_frauds/lib/python3.12/site-packages/airflow/example_dags/example_bash_decorator.py for tasks to queue
[2025-03-21T22:20:44.125+0000] {logging_mixin.py:190} INFO - [2025-03-21T22:20:44.124+0000] {dagbag.py:588} INFO - Filling up the DagBag from /home/usmail/sys_fraud/sys_detection_frauds/lib/python3.12/site-packages/airflow/example_dags/example_bash_decorator.py
[2025-03-21T22:20:44.151+0000] {processor.py:925} INFO - DAG(s) 'example_bash_decorator' retrieved from /home/usmail/sys_fraud/sys_detection_frauds/lib/python3.12/site-packages/airflow/example_dags/example_bash_decorator.py
[2025-03-21T22:20:44.170+0000] {logging_mixin.py:190} INFO - [2025-03-21T22:20:44.170+0000] {dag.py:3239} INFO - Sync 1 DAGs
[2025-03-21T22:20:44.182+0000] {logging_mixin.py:190} INFO - [2025-03-21T22:20:44.182+0000] {dag.py:4180} INFO - Setting next_dagrun for example_bash_decorator to None, run_after=None
[2025-03-21T22:20:44.201+0000] {processor.py:208} INFO - Processing /home/usmail/sys_fraud/sys_detection_frauds/lib/python3.12/site-packages/airflow/example_dags/example_bash_decorator.py took 0.094 seconds
[2025-03-21T22:21:45.498+0000] {processor.py:186} INFO - Started process (PID=3760531) to work on /home/usmail/sys_fraud/sys_detection_frauds/lib/python3.12/site-packages/airflow/example_dags/example_bash_decorator.py
[2025-03-21T22:21:45.507+0000] {processor.py:914} INFO - Processing file /home/usmail/sys_fraud/sys_detection_frauds/lib/python3.12/site-packages/airflow/example_dags/example_bash_decorator.py for tasks to queue
[2025-03-21T22:21:45.509+0000] {logging_mixin.py:190} INFO - [2025-03-21T22:21:45.508+0000] {dagbag.py:588} INFO - Filling up the DagBag from /home/usmail/sys_fraud/sys_detection_frauds/lib/python3.12/site-packages/airflow/example_dags/example_bash_decorator.py
[2025-03-21T22:21:45.527+0000] {processor.py:925} INFO - DAG(s) 'example_bash_decorator' retrieved from /home/usmail/sys_fraud/sys_detection_frauds/lib/python3.12/site-packages/airflow/example_dags/example_bash_decorator.py
[2025-03-21T22:21:45.542+0000] {logging_mixin.py:190} INFO - [2025-03-21T22:21:45.542+0000] {dag.py:3239} INFO - Sync 1 DAGs
[2025-03-21T22:21:45.553+0000] {logging_mixin.py:190} INFO - [2025-03-21T22:21:45.552+0000] {dag.py:4180} INFO - Setting next_dagrun for example_bash_decorator to None, run_after=None
[2025-03-21T22:21:45.570+0000] {processor.py:208} INFO - Processing /home/usmail/sys_fraud/sys_detection_frauds/lib/python3.12/site-packages/airflow/example_dags/example_bash_decorator.py took 0.085 seconds
