[2025-03-21T20:49:57.646+0000] {processor.py:186} INFO - Started process (PID=3723249) to work on /home/usmail/sys_fraud/sys_detection_frauds/lib/python3.12/site-packages/airflow/example_dags/example_nested_branch_dag.py
[2025-03-21T20:49:57.647+0000] {processor.py:914} INFO - Processing file /home/usmail/sys_fraud/sys_detection_frauds/lib/python3.12/site-packages/airflow/example_dags/example_nested_branch_dag.py for tasks to queue
[2025-03-21T20:49:57.648+0000] {logging_mixin.py:190} INFO - [2025-03-21T20:49:57.648+0000] {dagbag.py:588} INFO - Filling up the DagBag from /home/usmail/sys_fraud/sys_detection_frauds/lib/python3.12/site-packages/airflow/example_dags/example_nested_branch_dag.py
[2025-03-21T20:49:57.656+0000] {processor.py:925} INFO - DAG(s) 'example_nested_branch_dag' retrieved from /home/usmail/sys_fraud/sys_detection_frauds/lib/python3.12/site-packages/airflow/example_dags/example_nested_branch_dag.py
[2025-03-21T20:49:57.747+0000] {logging_mixin.py:190} INFO - [2025-03-21T20:49:57.745+0000] {override.py:1912} INFO - Created Permission View: can edit on DAG:example_nested_branch_dag
[2025-03-21T20:49:57.756+0000] {logging_mixin.py:190} INFO - [2025-03-21T20:49:57.756+0000] {override.py:1912} INFO - Created Permission View: can read on DAG:example_nested_branch_dag
[2025-03-21T20:49:57.764+0000] {logging_mixin.py:190} INFO - [2025-03-21T20:49:57.764+0000] {override.py:1912} INFO - Created Permission View: can delete on DAG:example_nested_branch_dag
[2025-03-21T20:49:57.773+0000] {logging_mixin.py:190} INFO - [2025-03-21T20:49:57.773+0000] {override.py:1912} INFO - Created Permission View: can create on DAG Run:example_nested_branch_dag
[2025-03-21T20:49:57.779+0000] {logging_mixin.py:190} INFO - [2025-03-21T20:49:57.779+0000] {override.py:1912} INFO - Created Permission View: menu access on DAG Run:example_nested_branch_dag
[2025-03-21T20:49:57.785+0000] {logging_mixin.py:190} INFO - [2025-03-21T20:49:57.785+0000] {override.py:1912} INFO - Created Permission View: can read on DAG Run:example_nested_branch_dag
[2025-03-21T20:49:57.790+0000] {logging_mixin.py:190} INFO - [2025-03-21T20:49:57.790+0000] {override.py:1912} INFO - Created Permission View: can delete on DAG Run:example_nested_branch_dag
[2025-03-21T20:49:57.790+0000] {logging_mixin.py:190} INFO - [2025-03-21T20:49:57.790+0000] {dag.py:3239} INFO - Sync 1 DAGs
[2025-03-21T20:49:57.799+0000] {logging_mixin.py:190} INFO - [2025-03-21T20:49:57.798+0000] {dag.py:3262} INFO - Creating ORM DAG for example_nested_branch_dag
[2025-03-21T20:49:57.804+0000] {logging_mixin.py:190} INFO - [2025-03-21T20:49:57.804+0000] {dag.py:4180} INFO - Setting next_dagrun for example_nested_branch_dag to 2025-03-20 00:00:00+00:00, run_after=2025-03-21 00:00:00+00:00
[2025-03-21T20:49:57.816+0000] {processor.py:208} INFO - Processing /home/usmail/sys_fraud/sys_detection_frauds/lib/python3.12/site-packages/airflow/example_dags/example_nested_branch_dag.py took 0.176 seconds
[2025-03-21T20:50:58.291+0000] {processor.py:186} INFO - Started process (PID=3723963) to work on /home/usmail/sys_fraud/sys_detection_frauds/lib/python3.12/site-packages/airflow/example_dags/example_nested_branch_dag.py
[2025-03-21T20:50:58.300+0000] {processor.py:914} INFO - Processing file /home/usmail/sys_fraud/sys_detection_frauds/lib/python3.12/site-packages/airflow/example_dags/example_nested_branch_dag.py for tasks to queue
[2025-03-21T20:50:58.303+0000] {logging_mixin.py:190} INFO - [2025-03-21T20:50:58.302+0000] {dagbag.py:588} INFO - Filling up the DagBag from /home/usmail/sys_fraud/sys_detection_frauds/lib/python3.12/site-packages/airflow/example_dags/example_nested_branch_dag.py
[2025-03-21T20:50:58.316+0000] {processor.py:925} INFO - DAG(s) 'example_nested_branch_dag' retrieved from /home/usmail/sys_fraud/sys_detection_frauds/lib/python3.12/site-packages/airflow/example_dags/example_nested_branch_dag.py
[2025-03-21T20:50:58.325+0000] {logging_mixin.py:190} INFO - [2025-03-21T20:50:58.325+0000] {dag.py:3239} INFO - Sync 1 DAGs
[2025-03-21T20:50:58.336+0000] {logging_mixin.py:190} INFO - [2025-03-21T20:50:58.336+0000] {dag.py:4180} INFO - Setting next_dagrun for example_nested_branch_dag to 2025-03-20 00:00:00+00:00, run_after=2025-03-21 00:00:00+00:00
[2025-03-21T20:50:58.350+0000] {processor.py:208} INFO - Processing /home/usmail/sys_fraud/sys_detection_frauds/lib/python3.12/site-packages/airflow/example_dags/example_nested_branch_dag.py took 0.064 seconds
[2025-03-21T20:51:52.462+0000] {processor.py:186} INFO - Started process (PID=3724670) to work on /home/usmail/sys_fraud/sys_detection_frauds/lib/python3.12/site-packages/airflow/example_dags/example_nested_branch_dag.py
[2025-03-21T20:51:52.471+0000] {processor.py:914} INFO - Processing file /home/usmail/sys_fraud/sys_detection_frauds/lib/python3.12/site-packages/airflow/example_dags/example_nested_branch_dag.py for tasks to queue
[2025-03-21T20:51:52.472+0000] {logging_mixin.py:190} INFO - [2025-03-21T20:51:52.472+0000] {dagbag.py:588} INFO - Filling up the DagBag from /home/usmail/sys_fraud/sys_detection_frauds/lib/python3.12/site-packages/airflow/example_dags/example_nested_branch_dag.py
[2025-03-21T20:51:52.479+0000] {processor.py:925} INFO - DAG(s) 'example_nested_branch_dag' retrieved from /home/usmail/sys_fraud/sys_detection_frauds/lib/python3.12/site-packages/airflow/example_dags/example_nested_branch_dag.py
[2025-03-21T20:51:52.489+0000] {logging_mixin.py:190} INFO - [2025-03-21T20:51:52.489+0000] {dag.py:3239} INFO - Sync 1 DAGs
[2025-03-21T20:51:52.502+0000] {logging_mixin.py:190} INFO - [2025-03-21T20:51:52.502+0000] {dag.py:4180} INFO - Setting next_dagrun for example_nested_branch_dag to 2025-03-20 00:00:00+00:00, run_after=2025-03-21 00:00:00+00:00
[2025-03-21T20:51:52.543+0000] {processor.py:208} INFO - Processing /home/usmail/sys_fraud/sys_detection_frauds/lib/python3.12/site-packages/airflow/example_dags/example_nested_branch_dag.py took 0.084 seconds
[2025-03-21T20:52:48.976+0000] {processor.py:186} INFO - Started process (PID=3725281) to work on /home/usmail/sys_fraud/sys_detection_frauds/lib/python3.12/site-packages/airflow/example_dags/example_nested_branch_dag.py
[2025-03-21T20:52:48.984+0000] {processor.py:914} INFO - Processing file /home/usmail/sys_fraud/sys_detection_frauds/lib/python3.12/site-packages/airflow/example_dags/example_nested_branch_dag.py for tasks to queue
[2025-03-21T20:52:48.986+0000] {logging_mixin.py:190} INFO - [2025-03-21T20:52:48.985+0000] {dagbag.py:588} INFO - Filling up the DagBag from /home/usmail/sys_fraud/sys_detection_frauds/lib/python3.12/site-packages/airflow/example_dags/example_nested_branch_dag.py
[2025-03-21T20:52:48.993+0000] {processor.py:925} INFO - DAG(s) 'example_nested_branch_dag' retrieved from /home/usmail/sys_fraud/sys_detection_frauds/lib/python3.12/site-packages/airflow/example_dags/example_nested_branch_dag.py
[2025-03-21T20:52:49.004+0000] {logging_mixin.py:190} INFO - [2025-03-21T20:52:49.004+0000] {dag.py:3239} INFO - Sync 1 DAGs
[2025-03-21T20:52:49.016+0000] {logging_mixin.py:190} INFO - [2025-03-21T20:52:49.016+0000] {dag.py:4180} INFO - Setting next_dagrun for example_nested_branch_dag to 2025-03-20 00:00:00+00:00, run_after=2025-03-21 00:00:00+00:00
[2025-03-21T20:52:49.030+0000] {processor.py:208} INFO - Processing /home/usmail/sys_fraud/sys_detection_frauds/lib/python3.12/site-packages/airflow/example_dags/example_nested_branch_dag.py took 0.057 seconds
[2025-03-21T20:53:40.623+0000] {processor.py:186} INFO - Started process (PID=3725912) to work on /home/usmail/sys_fraud/sys_detection_frauds/lib/python3.12/site-packages/airflow/example_dags/example_nested_branch_dag.py
[2025-03-21T20:53:40.632+0000] {processor.py:914} INFO - Processing file /home/usmail/sys_fraud/sys_detection_frauds/lib/python3.12/site-packages/airflow/example_dags/example_nested_branch_dag.py for tasks to queue
[2025-03-21T20:53:40.635+0000] {logging_mixin.py:190} INFO - [2025-03-21T20:53:40.635+0000] {dagbag.py:588} INFO - Filling up the DagBag from /home/usmail/sys_fraud/sys_detection_frauds/lib/python3.12/site-packages/airflow/example_dags/example_nested_branch_dag.py
[2025-03-21T20:53:40.646+0000] {processor.py:925} INFO - DAG(s) 'example_nested_branch_dag' retrieved from /home/usmail/sys_fraud/sys_detection_frauds/lib/python3.12/site-packages/airflow/example_dags/example_nested_branch_dag.py
[2025-03-21T20:53:40.656+0000] {logging_mixin.py:190} INFO - [2025-03-21T20:53:40.656+0000] {dag.py:3239} INFO - Sync 1 DAGs
[2025-03-21T20:53:40.668+0000] {logging_mixin.py:190} INFO - [2025-03-21T20:53:40.668+0000] {dag.py:4180} INFO - Setting next_dagrun for example_nested_branch_dag to 2025-03-20 00:00:00+00:00, run_after=2025-03-21 00:00:00+00:00
[2025-03-21T20:53:40.682+0000] {processor.py:208} INFO - Processing /home/usmail/sys_fraud/sys_detection_frauds/lib/python3.12/site-packages/airflow/example_dags/example_nested_branch_dag.py took 0.065 seconds
[2025-03-21T20:54:35.228+0000] {processor.py:186} INFO - Started process (PID=3726585) to work on /home/usmail/sys_fraud/sys_detection_frauds/lib/python3.12/site-packages/airflow/example_dags/example_nested_branch_dag.py
[2025-03-21T20:54:35.236+0000] {processor.py:914} INFO - Processing file /home/usmail/sys_fraud/sys_detection_frauds/lib/python3.12/site-packages/airflow/example_dags/example_nested_branch_dag.py for tasks to queue
[2025-03-21T20:54:35.238+0000] {logging_mixin.py:190} INFO - [2025-03-21T20:54:35.238+0000] {dagbag.py:588} INFO - Filling up the DagBag from /home/usmail/sys_fraud/sys_detection_frauds/lib/python3.12/site-packages/airflow/example_dags/example_nested_branch_dag.py
[2025-03-21T20:54:35.329+0000] {processor.py:925} INFO - DAG(s) 'example_nested_branch_dag' retrieved from /home/usmail/sys_fraud/sys_detection_frauds/lib/python3.12/site-packages/airflow/example_dags/example_nested_branch_dag.py
[2025-03-21T20:54:35.336+0000] {logging_mixin.py:190} INFO - [2025-03-21T20:54:35.336+0000] {dag.py:3239} INFO - Sync 1 DAGs
[2025-03-21T20:54:35.346+0000] {logging_mixin.py:190} INFO - [2025-03-21T20:54:35.346+0000] {dag.py:4180} INFO - Setting next_dagrun for example_nested_branch_dag to 2025-03-20 00:00:00+00:00, run_after=2025-03-21 00:00:00+00:00
[2025-03-21T20:54:35.373+0000] {processor.py:208} INFO - Processing /home/usmail/sys_fraud/sys_detection_frauds/lib/python3.12/site-packages/airflow/example_dags/example_nested_branch_dag.py took 0.149 seconds
[2025-03-21T20:55:26.452+0000] {processor.py:186} INFO - Started process (PID=3727218) to work on /home/usmail/sys_fraud/sys_detection_frauds/lib/python3.12/site-packages/airflow/example_dags/example_nested_branch_dag.py
[2025-03-21T20:55:26.461+0000] {processor.py:914} INFO - Processing file /home/usmail/sys_fraud/sys_detection_frauds/lib/python3.12/site-packages/airflow/example_dags/example_nested_branch_dag.py for tasks to queue
[2025-03-21T20:55:26.464+0000] {logging_mixin.py:190} INFO - [2025-03-21T20:55:26.464+0000] {dagbag.py:588} INFO - Filling up the DagBag from /home/usmail/sys_fraud/sys_detection_frauds/lib/python3.12/site-packages/airflow/example_dags/example_nested_branch_dag.py
[2025-03-21T20:55:26.476+0000] {processor.py:925} INFO - DAG(s) 'example_nested_branch_dag' retrieved from /home/usmail/sys_fraud/sys_detection_frauds/lib/python3.12/site-packages/airflow/example_dags/example_nested_branch_dag.py
[2025-03-21T20:55:26.485+0000] {logging_mixin.py:190} INFO - [2025-03-21T20:55:26.485+0000] {dag.py:3239} INFO - Sync 1 DAGs
[2025-03-21T20:55:26.497+0000] {logging_mixin.py:190} INFO - [2025-03-21T20:55:26.496+0000] {dag.py:4180} INFO - Setting next_dagrun for example_nested_branch_dag to 2025-03-20 00:00:00+00:00, run_after=2025-03-21 00:00:00+00:00
[2025-03-21T20:55:26.509+0000] {processor.py:208} INFO - Processing /home/usmail/sys_fraud/sys_detection_frauds/lib/python3.12/site-packages/airflow/example_dags/example_nested_branch_dag.py took 0.064 seconds
[2025-03-21T20:56:17.067+0000] {processor.py:186} INFO - Started process (PID=3727913) to work on /home/usmail/sys_fraud/sys_detection_frauds/lib/python3.12/site-packages/airflow/example_dags/example_nested_branch_dag.py
[2025-03-21T20:56:17.068+0000] {processor.py:914} INFO - Processing file /home/usmail/sys_fraud/sys_detection_frauds/lib/python3.12/site-packages/airflow/example_dags/example_nested_branch_dag.py for tasks to queue
[2025-03-21T20:56:17.071+0000] {logging_mixin.py:190} INFO - [2025-03-21T20:56:17.070+0000] {dagbag.py:588} INFO - Filling up the DagBag from /home/usmail/sys_fraud/sys_detection_frauds/lib/python3.12/site-packages/airflow/example_dags/example_nested_branch_dag.py
[2025-03-21T20:56:17.080+0000] {processor.py:925} INFO - DAG(s) 'example_nested_branch_dag' retrieved from /home/usmail/sys_fraud/sys_detection_frauds/lib/python3.12/site-packages/airflow/example_dags/example_nested_branch_dag.py
[2025-03-21T20:56:17.089+0000] {logging_mixin.py:190} INFO - [2025-03-21T20:56:17.089+0000] {dag.py:3239} INFO - Sync 1 DAGs
[2025-03-21T20:56:17.102+0000] {logging_mixin.py:190} INFO - [2025-03-21T20:56:17.102+0000] {dag.py:4180} INFO - Setting next_dagrun for example_nested_branch_dag to 2025-03-20 00:00:00+00:00, run_after=2025-03-21 00:00:00+00:00
[2025-03-21T20:56:17.117+0000] {processor.py:208} INFO - Processing /home/usmail/sys_fraud/sys_detection_frauds/lib/python3.12/site-packages/airflow/example_dags/example_nested_branch_dag.py took 0.055 seconds
[2025-03-21T20:57:09.794+0000] {processor.py:186} INFO - Started process (PID=3728700) to work on /home/usmail/sys_fraud/sys_detection_frauds/lib/python3.12/site-packages/airflow/example_dags/example_nested_branch_dag.py
[2025-03-21T20:57:09.803+0000] {processor.py:914} INFO - Processing file /home/usmail/sys_fraud/sys_detection_frauds/lib/python3.12/site-packages/airflow/example_dags/example_nested_branch_dag.py for tasks to queue
[2025-03-21T20:57:09.807+0000] {logging_mixin.py:190} INFO - [2025-03-21T20:57:09.806+0000] {dagbag.py:588} INFO - Filling up the DagBag from /home/usmail/sys_fraud/sys_detection_frauds/lib/python3.12/site-packages/airflow/example_dags/example_nested_branch_dag.py
[2025-03-21T20:57:09.818+0000] {processor.py:925} INFO - DAG(s) 'example_nested_branch_dag' retrieved from /home/usmail/sys_fraud/sys_detection_frauds/lib/python3.12/site-packages/airflow/example_dags/example_nested_branch_dag.py
[2025-03-21T20:57:09.828+0000] {logging_mixin.py:190} INFO - [2025-03-21T20:57:09.828+0000] {dag.py:3239} INFO - Sync 1 DAGs
[2025-03-21T20:57:09.840+0000] {logging_mixin.py:190} INFO - [2025-03-21T20:57:09.840+0000] {dag.py:4180} INFO - Setting next_dagrun for example_nested_branch_dag to 2025-03-20 00:00:00+00:00, run_after=2025-03-21 00:00:00+00:00
[2025-03-21T20:57:09.863+0000] {processor.py:208} INFO - Processing /home/usmail/sys_fraud/sys_detection_frauds/lib/python3.12/site-packages/airflow/example_dags/example_nested_branch_dag.py took 0.076 seconds
[2025-03-21T20:58:01.601+0000] {processor.py:186} INFO - Started process (PID=3729273) to work on /home/usmail/sys_fraud/sys_detection_frauds/lib/python3.12/site-packages/airflow/example_dags/example_nested_branch_dag.py
[2025-03-21T20:58:01.610+0000] {processor.py:914} INFO - Processing file /home/usmail/sys_fraud/sys_detection_frauds/lib/python3.12/site-packages/airflow/example_dags/example_nested_branch_dag.py for tasks to queue
[2025-03-21T20:58:01.613+0000] {logging_mixin.py:190} INFO - [2025-03-21T20:58:01.612+0000] {dagbag.py:588} INFO - Filling up the DagBag from /home/usmail/sys_fraud/sys_detection_frauds/lib/python3.12/site-packages/airflow/example_dags/example_nested_branch_dag.py
[2025-03-21T20:58:01.623+0000] {processor.py:925} INFO - DAG(s) 'example_nested_branch_dag' retrieved from /home/usmail/sys_fraud/sys_detection_frauds/lib/python3.12/site-packages/airflow/example_dags/example_nested_branch_dag.py
[2025-03-21T20:58:01.632+0000] {logging_mixin.py:190} INFO - [2025-03-21T20:58:01.632+0000] {dag.py:3239} INFO - Sync 1 DAGs
[2025-03-21T20:58:01.645+0000] {logging_mixin.py:190} INFO - [2025-03-21T20:58:01.645+0000] {dag.py:4180} INFO - Setting next_dagrun for example_nested_branch_dag to 2025-03-20 00:00:00+00:00, run_after=2025-03-21 00:00:00+00:00
[2025-03-21T20:58:01.657+0000] {processor.py:208} INFO - Processing /home/usmail/sys_fraud/sys_detection_frauds/lib/python3.12/site-packages/airflow/example_dags/example_nested_branch_dag.py took 0.062 seconds
[2025-03-21T20:59:48.121+0000] {processor.py:186} INFO - Started process (PID=3730721) to work on /home/usmail/sys_fraud/sys_detection_frauds/lib/python3.12/site-packages/airflow/example_dags/example_nested_branch_dag.py
[2025-03-21T20:59:48.130+0000] {processor.py:914} INFO - Processing file /home/usmail/sys_fraud/sys_detection_frauds/lib/python3.12/site-packages/airflow/example_dags/example_nested_branch_dag.py for tasks to queue
[2025-03-21T20:59:48.133+0000] {logging_mixin.py:190} INFO - [2025-03-21T20:59:48.133+0000] {dagbag.py:588} INFO - Filling up the DagBag from /home/usmail/sys_fraud/sys_detection_frauds/lib/python3.12/site-packages/airflow/example_dags/example_nested_branch_dag.py
[2025-03-21T20:59:48.142+0000] {processor.py:925} INFO - DAG(s) 'example_nested_branch_dag' retrieved from /home/usmail/sys_fraud/sys_detection_frauds/lib/python3.12/site-packages/airflow/example_dags/example_nested_branch_dag.py
[2025-03-21T20:59:48.153+0000] {logging_mixin.py:190} INFO - [2025-03-21T20:59:48.153+0000] {dag.py:3239} INFO - Sync 1 DAGs
[2025-03-21T20:59:48.165+0000] {logging_mixin.py:190} INFO - [2025-03-21T20:59:48.165+0000] {dag.py:4180} INFO - Setting next_dagrun for example_nested_branch_dag to 2025-03-20 00:00:00+00:00, run_after=2025-03-21 00:00:00+00:00
[2025-03-21T20:59:48.178+0000] {processor.py:208} INFO - Processing /home/usmail/sys_fraud/sys_detection_frauds/lib/python3.12/site-packages/airflow/example_dags/example_nested_branch_dag.py took 0.062 seconds
[2025-03-21T21:00:46.798+0000] {processor.py:186} INFO - Started process (PID=3731459) to work on /home/usmail/sys_fraud/sys_detection_frauds/lib/python3.12/site-packages/airflow/example_dags/example_nested_branch_dag.py
[2025-03-21T21:00:46.807+0000] {processor.py:914} INFO - Processing file /home/usmail/sys_fraud/sys_detection_frauds/lib/python3.12/site-packages/airflow/example_dags/example_nested_branch_dag.py for tasks to queue
[2025-03-21T21:00:46.810+0000] {logging_mixin.py:190} INFO - [2025-03-21T21:00:46.809+0000] {dagbag.py:588} INFO - Filling up the DagBag from /home/usmail/sys_fraud/sys_detection_frauds/lib/python3.12/site-packages/airflow/example_dags/example_nested_branch_dag.py
[2025-03-21T21:00:46.821+0000] {processor.py:925} INFO - DAG(s) 'example_nested_branch_dag' retrieved from /home/usmail/sys_fraud/sys_detection_frauds/lib/python3.12/site-packages/airflow/example_dags/example_nested_branch_dag.py
[2025-03-21T21:00:46.830+0000] {logging_mixin.py:190} INFO - [2025-03-21T21:00:46.830+0000] {dag.py:3239} INFO - Sync 1 DAGs
[2025-03-21T21:00:46.843+0000] {logging_mixin.py:190} INFO - [2025-03-21T21:00:46.843+0000] {dag.py:4180} INFO - Setting next_dagrun for example_nested_branch_dag to 2025-03-20 00:00:00+00:00, run_after=2025-03-21 00:00:00+00:00
[2025-03-21T21:00:46.860+0000] {processor.py:208} INFO - Processing /home/usmail/sys_fraud/sys_detection_frauds/lib/python3.12/site-packages/airflow/example_dags/example_nested_branch_dag.py took 0.066 seconds
[2025-03-21T21:01:41.188+0000] {processor.py:186} INFO - Started process (PID=3732160) to work on /home/usmail/sys_fraud/sys_detection_frauds/lib/python3.12/site-packages/airflow/example_dags/example_nested_branch_dag.py
[2025-03-21T21:01:41.196+0000] {processor.py:914} INFO - Processing file /home/usmail/sys_fraud/sys_detection_frauds/lib/python3.12/site-packages/airflow/example_dags/example_nested_branch_dag.py for tasks to queue
[2025-03-21T21:01:41.199+0000] {logging_mixin.py:190} INFO - [2025-03-21T21:01:41.198+0000] {dagbag.py:588} INFO - Filling up the DagBag from /home/usmail/sys_fraud/sys_detection_frauds/lib/python3.12/site-packages/airflow/example_dags/example_nested_branch_dag.py
[2025-03-21T21:01:41.208+0000] {processor.py:925} INFO - DAG(s) 'example_nested_branch_dag' retrieved from /home/usmail/sys_fraud/sys_detection_frauds/lib/python3.12/site-packages/airflow/example_dags/example_nested_branch_dag.py
[2025-03-21T21:01:41.217+0000] {logging_mixin.py:190} INFO - [2025-03-21T21:01:41.217+0000] {dag.py:3239} INFO - Sync 1 DAGs
[2025-03-21T21:01:41.229+0000] {logging_mixin.py:190} INFO - [2025-03-21T21:01:41.229+0000] {dag.py:4180} INFO - Setting next_dagrun for example_nested_branch_dag to 2025-03-20 00:00:00+00:00, run_after=2025-03-21 00:00:00+00:00
[2025-03-21T21:01:41.249+0000] {processor.py:208} INFO - Processing /home/usmail/sys_fraud/sys_detection_frauds/lib/python3.12/site-packages/airflow/example_dags/example_nested_branch_dag.py took 0.066 seconds
[2025-03-21T21:02:37.806+0000] {processor.py:186} INFO - Started process (PID=3732828) to work on /home/usmail/sys_fraud/sys_detection_frauds/lib/python3.12/site-packages/airflow/example_dags/example_nested_branch_dag.py
[2025-03-21T21:02:37.815+0000] {processor.py:914} INFO - Processing file /home/usmail/sys_fraud/sys_detection_frauds/lib/python3.12/site-packages/airflow/example_dags/example_nested_branch_dag.py for tasks to queue
[2025-03-21T21:02:37.818+0000] {logging_mixin.py:190} INFO - [2025-03-21T21:02:37.818+0000] {dagbag.py:588} INFO - Filling up the DagBag from /home/usmail/sys_fraud/sys_detection_frauds/lib/python3.12/site-packages/airflow/example_dags/example_nested_branch_dag.py
[2025-03-21T21:02:37.830+0000] {processor.py:925} INFO - DAG(s) 'example_nested_branch_dag' retrieved from /home/usmail/sys_fraud/sys_detection_frauds/lib/python3.12/site-packages/airflow/example_dags/example_nested_branch_dag.py
[2025-03-21T21:02:37.840+0000] {logging_mixin.py:190} INFO - [2025-03-21T21:02:37.840+0000] {dag.py:3239} INFO - Sync 1 DAGs
[2025-03-21T21:02:37.851+0000] {logging_mixin.py:190} INFO - [2025-03-21T21:02:37.851+0000] {dag.py:4180} INFO - Setting next_dagrun for example_nested_branch_dag to 2025-03-20 00:00:00+00:00, run_after=2025-03-21 00:00:00+00:00
[2025-03-21T21:02:37.870+0000] {processor.py:208} INFO - Processing /home/usmail/sys_fraud/sys_detection_frauds/lib/python3.12/site-packages/airflow/example_dags/example_nested_branch_dag.py took 0.071 seconds
[2025-03-21T21:03:30.655+0000] {processor.py:186} INFO - Started process (PID=3733595) to work on /home/usmail/sys_fraud/sys_detection_frauds/lib/python3.12/site-packages/airflow/example_dags/example_nested_branch_dag.py
[2025-03-21T21:03:30.663+0000] {processor.py:914} INFO - Processing file /home/usmail/sys_fraud/sys_detection_frauds/lib/python3.12/site-packages/airflow/example_dags/example_nested_branch_dag.py for tasks to queue
[2025-03-21T21:03:30.666+0000] {logging_mixin.py:190} INFO - [2025-03-21T21:03:30.666+0000] {dagbag.py:588} INFO - Filling up the DagBag from /home/usmail/sys_fraud/sys_detection_frauds/lib/python3.12/site-packages/airflow/example_dags/example_nested_branch_dag.py
[2025-03-21T21:03:30.679+0000] {processor.py:925} INFO - DAG(s) 'example_nested_branch_dag' retrieved from /home/usmail/sys_fraud/sys_detection_frauds/lib/python3.12/site-packages/airflow/example_dags/example_nested_branch_dag.py
[2025-03-21T21:03:30.688+0000] {logging_mixin.py:190} INFO - [2025-03-21T21:03:30.688+0000] {dag.py:3239} INFO - Sync 1 DAGs
[2025-03-21T21:03:30.701+0000] {logging_mixin.py:190} INFO - [2025-03-21T21:03:30.701+0000] {dag.py:4180} INFO - Setting next_dagrun for example_nested_branch_dag to 2025-03-20 00:00:00+00:00, run_after=2025-03-21 00:00:00+00:00
[2025-03-21T21:03:30.713+0000] {processor.py:208} INFO - Processing /home/usmail/sys_fraud/sys_detection_frauds/lib/python3.12/site-packages/airflow/example_dags/example_nested_branch_dag.py took 0.063 seconds
[2025-03-21T21:04:27.735+0000] {processor.py:186} INFO - Started process (PID=3734319) to work on /home/usmail/sys_fraud/sys_detection_frauds/lib/python3.12/site-packages/airflow/example_dags/example_nested_branch_dag.py
[2025-03-21T21:04:27.743+0000] {processor.py:914} INFO - Processing file /home/usmail/sys_fraud/sys_detection_frauds/lib/python3.12/site-packages/airflow/example_dags/example_nested_branch_dag.py for tasks to queue
[2025-03-21T21:04:27.745+0000] {logging_mixin.py:190} INFO - [2025-03-21T21:04:27.745+0000] {dagbag.py:588} INFO - Filling up the DagBag from /home/usmail/sys_fraud/sys_detection_frauds/lib/python3.12/site-packages/airflow/example_dags/example_nested_branch_dag.py
[2025-03-21T21:04:27.755+0000] {processor.py:925} INFO - DAG(s) 'example_nested_branch_dag' retrieved from /home/usmail/sys_fraud/sys_detection_frauds/lib/python3.12/site-packages/airflow/example_dags/example_nested_branch_dag.py
[2025-03-21T21:04:27.767+0000] {logging_mixin.py:190} INFO - [2025-03-21T21:04:27.767+0000] {dag.py:3239} INFO - Sync 1 DAGs
[2025-03-21T21:04:27.781+0000] {logging_mixin.py:190} INFO - [2025-03-21T21:04:27.781+0000] {dag.py:4180} INFO - Setting next_dagrun for example_nested_branch_dag to 2025-03-20 00:00:00+00:00, run_after=2025-03-21 00:00:00+00:00
[2025-03-21T21:04:27.818+0000] {processor.py:208} INFO - Processing /home/usmail/sys_fraud/sys_detection_frauds/lib/python3.12/site-packages/airflow/example_dags/example_nested_branch_dag.py took 0.090 seconds
[2025-03-21T21:05:20.350+0000] {processor.py:186} INFO - Started process (PID=3735177) to work on /home/usmail/sys_fraud/sys_detection_frauds/lib/python3.12/site-packages/airflow/example_dags/example_nested_branch_dag.py
[2025-03-21T21:05:20.358+0000] {processor.py:914} INFO - Processing file /home/usmail/sys_fraud/sys_detection_frauds/lib/python3.12/site-packages/airflow/example_dags/example_nested_branch_dag.py for tasks to queue
[2025-03-21T21:05:20.362+0000] {logging_mixin.py:190} INFO - [2025-03-21T21:05:20.361+0000] {dagbag.py:588} INFO - Filling up the DagBag from /home/usmail/sys_fraud/sys_detection_frauds/lib/python3.12/site-packages/airflow/example_dags/example_nested_branch_dag.py
[2025-03-21T21:05:20.373+0000] {processor.py:925} INFO - DAG(s) 'example_nested_branch_dag' retrieved from /home/usmail/sys_fraud/sys_detection_frauds/lib/python3.12/site-packages/airflow/example_dags/example_nested_branch_dag.py
[2025-03-21T21:05:20.382+0000] {logging_mixin.py:190} INFO - [2025-03-21T21:05:20.382+0000] {dag.py:3239} INFO - Sync 1 DAGs
[2025-03-21T21:05:20.394+0000] {logging_mixin.py:190} INFO - [2025-03-21T21:05:20.394+0000] {dag.py:4180} INFO - Setting next_dagrun for example_nested_branch_dag to 2025-03-20 00:00:00+00:00, run_after=2025-03-21 00:00:00+00:00
[2025-03-21T21:05:20.418+0000] {processor.py:208} INFO - Processing /home/usmail/sys_fraud/sys_detection_frauds/lib/python3.12/site-packages/airflow/example_dags/example_nested_branch_dag.py took 0.073 seconds
[2025-03-21T21:06:14.522+0000] {processor.py:186} INFO - Started process (PID=3735845) to work on /home/usmail/sys_fraud/sys_detection_frauds/lib/python3.12/site-packages/airflow/example_dags/example_nested_branch_dag.py
[2025-03-21T21:06:14.522+0000] {processor.py:914} INFO - Processing file /home/usmail/sys_fraud/sys_detection_frauds/lib/python3.12/site-packages/airflow/example_dags/example_nested_branch_dag.py for tasks to queue
[2025-03-21T21:06:14.524+0000] {logging_mixin.py:190} INFO - [2025-03-21T21:06:14.524+0000] {dagbag.py:588} INFO - Filling up the DagBag from /home/usmail/sys_fraud/sys_detection_frauds/lib/python3.12/site-packages/airflow/example_dags/example_nested_branch_dag.py
[2025-03-21T21:06:14.531+0000] {processor.py:925} INFO - DAG(s) 'example_nested_branch_dag' retrieved from /home/usmail/sys_fraud/sys_detection_frauds/lib/python3.12/site-packages/airflow/example_dags/example_nested_branch_dag.py
[2025-03-21T21:06:14.541+0000] {logging_mixin.py:190} INFO - [2025-03-21T21:06:14.541+0000] {dag.py:3239} INFO - Sync 1 DAGs
[2025-03-21T21:06:14.553+0000] {logging_mixin.py:190} INFO - [2025-03-21T21:06:14.553+0000] {dag.py:4180} INFO - Setting next_dagrun for example_nested_branch_dag to 2025-03-20 00:00:00+00:00, run_after=2025-03-21 00:00:00+00:00
[2025-03-21T21:06:14.580+0000] {processor.py:208} INFO - Processing /home/usmail/sys_fraud/sys_detection_frauds/lib/python3.12/site-packages/airflow/example_dags/example_nested_branch_dag.py took 0.064 seconds
[2025-03-21T21:07:07.390+0000] {processor.py:186} INFO - Started process (PID=3737146) to work on /home/usmail/sys_fraud/sys_detection_frauds/lib/python3.12/site-packages/airflow/example_dags/example_nested_branch_dag.py
[2025-03-21T21:07:07.399+0000] {processor.py:914} INFO - Processing file /home/usmail/sys_fraud/sys_detection_frauds/lib/python3.12/site-packages/airflow/example_dags/example_nested_branch_dag.py for tasks to queue
[2025-03-21T21:07:07.400+0000] {logging_mixin.py:190} INFO - [2025-03-21T21:07:07.400+0000] {dagbag.py:588} INFO - Filling up the DagBag from /home/usmail/sys_fraud/sys_detection_frauds/lib/python3.12/site-packages/airflow/example_dags/example_nested_branch_dag.py
[2025-03-21T21:07:07.409+0000] {processor.py:925} INFO - DAG(s) 'example_nested_branch_dag' retrieved from /home/usmail/sys_fraud/sys_detection_frauds/lib/python3.12/site-packages/airflow/example_dags/example_nested_branch_dag.py
[2025-03-21T21:07:07.420+0000] {logging_mixin.py:190} INFO - [2025-03-21T21:07:07.420+0000] {dag.py:3239} INFO - Sync 1 DAGs
[2025-03-21T21:07:07.437+0000] {logging_mixin.py:190} INFO - [2025-03-21T21:07:07.437+0000] {dag.py:4180} INFO - Setting next_dagrun for example_nested_branch_dag to 2025-03-20 00:00:00+00:00, run_after=2025-03-21 00:00:00+00:00
[2025-03-21T21:07:07.455+0000] {processor.py:208} INFO - Processing /home/usmail/sys_fraud/sys_detection_frauds/lib/python3.12/site-packages/airflow/example_dags/example_nested_branch_dag.py took 0.070 seconds
[2025-03-21T21:08:01.493+0000] {processor.py:186} INFO - Started process (PID=3737839) to work on /home/usmail/sys_fraud/sys_detection_frauds/lib/python3.12/site-packages/airflow/example_dags/example_nested_branch_dag.py
[2025-03-21T21:08:01.502+0000] {processor.py:914} INFO - Processing file /home/usmail/sys_fraud/sys_detection_frauds/lib/python3.12/site-packages/airflow/example_dags/example_nested_branch_dag.py for tasks to queue
[2025-03-21T21:08:01.505+0000] {logging_mixin.py:190} INFO - [2025-03-21T21:08:01.505+0000] {dagbag.py:588} INFO - Filling up the DagBag from /home/usmail/sys_fraud/sys_detection_frauds/lib/python3.12/site-packages/airflow/example_dags/example_nested_branch_dag.py
[2025-03-21T21:08:01.516+0000] {processor.py:925} INFO - DAG(s) 'example_nested_branch_dag' retrieved from /home/usmail/sys_fraud/sys_detection_frauds/lib/python3.12/site-packages/airflow/example_dags/example_nested_branch_dag.py
[2025-03-21T21:08:01.533+0000] {logging_mixin.py:190} INFO - [2025-03-21T21:08:01.533+0000] {dag.py:3239} INFO - Sync 1 DAGs
[2025-03-21T21:08:01.559+0000] {logging_mixin.py:190} INFO - [2025-03-21T21:08:01.559+0000] {dag.py:4180} INFO - Setting next_dagrun for example_nested_branch_dag to 2025-03-20 00:00:00+00:00, run_after=2025-03-21 00:00:00+00:00
[2025-03-21T21:08:01.588+0000] {processor.py:208} INFO - Processing /home/usmail/sys_fraud/sys_detection_frauds/lib/python3.12/site-packages/airflow/example_dags/example_nested_branch_dag.py took 0.101 seconds
[2025-03-21T21:09:04.650+0000] {processor.py:186} INFO - Started process (PID=3738659) to work on /home/usmail/sys_fraud/sys_detection_frauds/lib/python3.12/site-packages/airflow/example_dags/example_nested_branch_dag.py
[2025-03-21T21:09:04.660+0000] {processor.py:914} INFO - Processing file /home/usmail/sys_fraud/sys_detection_frauds/lib/python3.12/site-packages/airflow/example_dags/example_nested_branch_dag.py for tasks to queue
[2025-03-21T21:09:04.663+0000] {logging_mixin.py:190} INFO - [2025-03-21T21:09:04.662+0000] {dagbag.py:588} INFO - Filling up the DagBag from /home/usmail/sys_fraud/sys_detection_frauds/lib/python3.12/site-packages/airflow/example_dags/example_nested_branch_dag.py
[2025-03-21T21:09:04.681+0000] {processor.py:925} INFO - DAG(s) 'example_nested_branch_dag' retrieved from /home/usmail/sys_fraud/sys_detection_frauds/lib/python3.12/site-packages/airflow/example_dags/example_nested_branch_dag.py
[2025-03-21T21:09:04.705+0000] {logging_mixin.py:190} INFO - [2025-03-21T21:09:04.705+0000] {dag.py:3239} INFO - Sync 1 DAGs
[2025-03-21T21:09:04.725+0000] {logging_mixin.py:190} INFO - [2025-03-21T21:09:04.725+0000] {dag.py:4180} INFO - Setting next_dagrun for example_nested_branch_dag to 2025-03-20 00:00:00+00:00, run_after=2025-03-21 00:00:00+00:00
[2025-03-21T21:09:04.742+0000] {processor.py:208} INFO - Processing /home/usmail/sys_fraud/sys_detection_frauds/lib/python3.12/site-packages/airflow/example_dags/example_nested_branch_dag.py took 0.103 seconds
[2025-03-21T21:10:00.868+0000] {processor.py:186} INFO - Started process (PID=3739489) to work on /home/usmail/sys_fraud/sys_detection_frauds/lib/python3.12/site-packages/airflow/example_dags/example_nested_branch_dag.py
[2025-03-21T21:10:00.869+0000] {processor.py:914} INFO - Processing file /home/usmail/sys_fraud/sys_detection_frauds/lib/python3.12/site-packages/airflow/example_dags/example_nested_branch_dag.py for tasks to queue
[2025-03-21T21:10:00.872+0000] {logging_mixin.py:190} INFO - [2025-03-21T21:10:00.872+0000] {dagbag.py:588} INFO - Filling up the DagBag from /home/usmail/sys_fraud/sys_detection_frauds/lib/python3.12/site-packages/airflow/example_dags/example_nested_branch_dag.py
[2025-03-21T21:10:00.892+0000] {processor.py:925} INFO - DAG(s) 'example_nested_branch_dag' retrieved from /home/usmail/sys_fraud/sys_detection_frauds/lib/python3.12/site-packages/airflow/example_dags/example_nested_branch_dag.py
[2025-03-21T21:10:00.912+0000] {logging_mixin.py:190} INFO - [2025-03-21T21:10:00.912+0000] {dag.py:3239} INFO - Sync 1 DAGs
[2025-03-21T21:10:00.930+0000] {logging_mixin.py:190} INFO - [2025-03-21T21:10:00.929+0000] {dag.py:4180} INFO - Setting next_dagrun for example_nested_branch_dag to 2025-03-20 00:00:00+00:00, run_after=2025-03-21 00:00:00+00:00
[2025-03-21T21:10:00.948+0000] {processor.py:208} INFO - Processing /home/usmail/sys_fraud/sys_detection_frauds/lib/python3.12/site-packages/airflow/example_dags/example_nested_branch_dag.py took 0.093 seconds
[2025-03-21T21:10:57.837+0000] {processor.py:186} INFO - Started process (PID=3741076) to work on /home/usmail/sys_fraud/sys_detection_frauds/lib/python3.12/site-packages/airflow/example_dags/example_nested_branch_dag.py
[2025-03-21T21:10:57.845+0000] {processor.py:914} INFO - Processing file /home/usmail/sys_fraud/sys_detection_frauds/lib/python3.12/site-packages/airflow/example_dags/example_nested_branch_dag.py for tasks to queue
[2025-03-21T21:10:57.847+0000] {logging_mixin.py:190} INFO - [2025-03-21T21:10:57.847+0000] {dagbag.py:588} INFO - Filling up the DagBag from /home/usmail/sys_fraud/sys_detection_frauds/lib/python3.12/site-packages/airflow/example_dags/example_nested_branch_dag.py
[2025-03-21T21:10:57.856+0000] {processor.py:925} INFO - DAG(s) 'example_nested_branch_dag' retrieved from /home/usmail/sys_fraud/sys_detection_frauds/lib/python3.12/site-packages/airflow/example_dags/example_nested_branch_dag.py
[2025-03-21T21:10:57.870+0000] {logging_mixin.py:190} INFO - [2025-03-21T21:10:57.870+0000] {dag.py:3239} INFO - Sync 1 DAGs
[2025-03-21T21:10:57.889+0000] {logging_mixin.py:190} INFO - [2025-03-21T21:10:57.889+0000] {dag.py:4180} INFO - Setting next_dagrun for example_nested_branch_dag to 2025-03-20 00:00:00+00:00, run_after=2025-03-21 00:00:00+00:00
[2025-03-21T21:10:57.909+0000] {processor.py:208} INFO - Processing /home/usmail/sys_fraud/sys_detection_frauds/lib/python3.12/site-packages/airflow/example_dags/example_nested_branch_dag.py took 0.078 seconds
[2025-03-21T21:11:54.664+0000] {processor.py:186} INFO - Started process (PID=3742186) to work on /home/usmail/sys_fraud/sys_detection_frauds/lib/python3.12/site-packages/airflow/example_dags/example_nested_branch_dag.py
[2025-03-21T21:11:54.673+0000] {processor.py:914} INFO - Processing file /home/usmail/sys_fraud/sys_detection_frauds/lib/python3.12/site-packages/airflow/example_dags/example_nested_branch_dag.py for tasks to queue
[2025-03-21T21:11:54.675+0000] {logging_mixin.py:190} INFO - [2025-03-21T21:11:54.674+0000] {dagbag.py:588} INFO - Filling up the DagBag from /home/usmail/sys_fraud/sys_detection_frauds/lib/python3.12/site-packages/airflow/example_dags/example_nested_branch_dag.py
[2025-03-21T21:11:54.684+0000] {processor.py:925} INFO - DAG(s) 'example_nested_branch_dag' retrieved from /home/usmail/sys_fraud/sys_detection_frauds/lib/python3.12/site-packages/airflow/example_dags/example_nested_branch_dag.py
[2025-03-21T21:11:54.697+0000] {logging_mixin.py:190} INFO - [2025-03-21T21:11:54.696+0000] {dag.py:3239} INFO - Sync 1 DAGs
[2025-03-21T21:11:54.714+0000] {logging_mixin.py:190} INFO - [2025-03-21T21:11:54.713+0000] {dag.py:4180} INFO - Setting next_dagrun for example_nested_branch_dag to 2025-03-20 00:00:00+00:00, run_after=2025-03-21 00:00:00+00:00
[2025-03-21T21:11:54.731+0000] {processor.py:208} INFO - Processing /home/usmail/sys_fraud/sys_detection_frauds/lib/python3.12/site-packages/airflow/example_dags/example_nested_branch_dag.py took 0.072 seconds
[2025-03-21T21:12:47.892+0000] {processor.py:186} INFO - Started process (PID=3743201) to work on /home/usmail/sys_fraud/sys_detection_frauds/lib/python3.12/site-packages/airflow/example_dags/example_nested_branch_dag.py
[2025-03-21T21:12:47.900+0000] {processor.py:914} INFO - Processing file /home/usmail/sys_fraud/sys_detection_frauds/lib/python3.12/site-packages/airflow/example_dags/example_nested_branch_dag.py for tasks to queue
[2025-03-21T21:12:47.902+0000] {logging_mixin.py:190} INFO - [2025-03-21T21:12:47.901+0000] {dagbag.py:588} INFO - Filling up the DagBag from /home/usmail/sys_fraud/sys_detection_frauds/lib/python3.12/site-packages/airflow/example_dags/example_nested_branch_dag.py
[2025-03-21T21:12:47.910+0000] {processor.py:925} INFO - DAG(s) 'example_nested_branch_dag' retrieved from /home/usmail/sys_fraud/sys_detection_frauds/lib/python3.12/site-packages/airflow/example_dags/example_nested_branch_dag.py
[2025-03-21T21:12:47.923+0000] {logging_mixin.py:190} INFO - [2025-03-21T21:12:47.923+0000] {dag.py:3239} INFO - Sync 1 DAGs
[2025-03-21T21:12:47.938+0000] {logging_mixin.py:190} INFO - [2025-03-21T21:12:47.938+0000] {dag.py:4180} INFO - Setting next_dagrun for example_nested_branch_dag to 2025-03-20 00:00:00+00:00, run_after=2025-03-21 00:00:00+00:00
[2025-03-21T21:12:47.954+0000] {processor.py:208} INFO - Processing /home/usmail/sys_fraud/sys_detection_frauds/lib/python3.12/site-packages/airflow/example_dags/example_nested_branch_dag.py took 0.068 seconds
[2025-03-21T21:13:39.503+0000] {processor.py:186} INFO - Started process (PID=3744140) to work on /home/usmail/sys_fraud/sys_detection_frauds/lib/python3.12/site-packages/airflow/example_dags/example_nested_branch_dag.py
[2025-03-21T21:13:39.511+0000] {processor.py:914} INFO - Processing file /home/usmail/sys_fraud/sys_detection_frauds/lib/python3.12/site-packages/airflow/example_dags/example_nested_branch_dag.py for tasks to queue
[2025-03-21T21:13:39.513+0000] {logging_mixin.py:190} INFO - [2025-03-21T21:13:39.513+0000] {dagbag.py:588} INFO - Filling up the DagBag from /home/usmail/sys_fraud/sys_detection_frauds/lib/python3.12/site-packages/airflow/example_dags/example_nested_branch_dag.py
[2025-03-21T21:13:39.522+0000] {processor.py:925} INFO - DAG(s) 'example_nested_branch_dag' retrieved from /home/usmail/sys_fraud/sys_detection_frauds/lib/python3.12/site-packages/airflow/example_dags/example_nested_branch_dag.py
[2025-03-21T21:13:39.535+0000] {logging_mixin.py:190} INFO - [2025-03-21T21:13:39.535+0000] {dag.py:3239} INFO - Sync 1 DAGs
[2025-03-21T21:13:39.551+0000] {logging_mixin.py:190} INFO - [2025-03-21T21:13:39.551+0000] {dag.py:4180} INFO - Setting next_dagrun for example_nested_branch_dag to 2025-03-20 00:00:00+00:00, run_after=2025-03-21 00:00:00+00:00
[2025-03-21T21:13:39.567+0000] {processor.py:208} INFO - Processing /home/usmail/sys_fraud/sys_detection_frauds/lib/python3.12/site-packages/airflow/example_dags/example_nested_branch_dag.py took 0.069 seconds
[2025-03-21T21:14:33.088+0000] {processor.py:186} INFO - Started process (PID=3744937) to work on /home/usmail/sys_fraud/sys_detection_frauds/lib/python3.12/site-packages/airflow/example_dags/example_nested_branch_dag.py
[2025-03-21T21:14:33.097+0000] {processor.py:914} INFO - Processing file /home/usmail/sys_fraud/sys_detection_frauds/lib/python3.12/site-packages/airflow/example_dags/example_nested_branch_dag.py for tasks to queue
[2025-03-21T21:14:33.099+0000] {logging_mixin.py:190} INFO - [2025-03-21T21:14:33.098+0000] {dagbag.py:588} INFO - Filling up the DagBag from /home/usmail/sys_fraud/sys_detection_frauds/lib/python3.12/site-packages/airflow/example_dags/example_nested_branch_dag.py
[2025-03-21T21:14:33.108+0000] {processor.py:925} INFO - DAG(s) 'example_nested_branch_dag' retrieved from /home/usmail/sys_fraud/sys_detection_frauds/lib/python3.12/site-packages/airflow/example_dags/example_nested_branch_dag.py
[2025-03-21T21:14:33.125+0000] {logging_mixin.py:190} INFO - [2025-03-21T21:14:33.124+0000] {dag.py:3239} INFO - Sync 1 DAGs
[2025-03-21T21:14:33.146+0000] {logging_mixin.py:190} INFO - [2025-03-21T21:14:33.145+0000] {dag.py:4180} INFO - Setting next_dagrun for example_nested_branch_dag to 2025-03-20 00:00:00+00:00, run_after=2025-03-21 00:00:00+00:00
[2025-03-21T21:14:33.162+0000] {processor.py:208} INFO - Processing /home/usmail/sys_fraud/sys_detection_frauds/lib/python3.12/site-packages/airflow/example_dags/example_nested_branch_dag.py took 0.080 seconds
[2025-03-21T21:15:34.758+0000] {processor.py:186} INFO - Started process (PID=3745691) to work on /home/usmail/sys_fraud/sys_detection_frauds/lib/python3.12/site-packages/airflow/example_dags/example_nested_branch_dag.py
[2025-03-21T21:15:34.767+0000] {processor.py:914} INFO - Processing file /home/usmail/sys_fraud/sys_detection_frauds/lib/python3.12/site-packages/airflow/example_dags/example_nested_branch_dag.py for tasks to queue
[2025-03-21T21:15:34.771+0000] {logging_mixin.py:190} INFO - [2025-03-21T21:15:34.770+0000] {dagbag.py:588} INFO - Filling up the DagBag from /home/usmail/sys_fraud/sys_detection_frauds/lib/python3.12/site-packages/airflow/example_dags/example_nested_branch_dag.py
[2025-03-21T21:15:34.790+0000] {processor.py:925} INFO - DAG(s) 'example_nested_branch_dag' retrieved from /home/usmail/sys_fraud/sys_detection_frauds/lib/python3.12/site-packages/airflow/example_dags/example_nested_branch_dag.py
[2025-03-21T21:15:34.817+0000] {logging_mixin.py:190} INFO - [2025-03-21T21:15:34.816+0000] {dag.py:3239} INFO - Sync 1 DAGs
[2025-03-21T21:15:34.836+0000] {logging_mixin.py:190} INFO - [2025-03-21T21:15:34.836+0000] {dag.py:4180} INFO - Setting next_dagrun for example_nested_branch_dag to 2025-03-20 00:00:00+00:00, run_after=2025-03-21 00:00:00+00:00
[2025-03-21T21:15:34.873+0000] {processor.py:208} INFO - Processing /home/usmail/sys_fraud/sys_detection_frauds/lib/python3.12/site-packages/airflow/example_dags/example_nested_branch_dag.py took 0.127 seconds
[2025-03-21T21:16:36.010+0000] {processor.py:186} INFO - Started process (PID=3746469) to work on /home/usmail/sys_fraud/sys_detection_frauds/lib/python3.12/site-packages/airflow/example_dags/example_nested_branch_dag.py
[2025-03-21T21:16:36.019+0000] {processor.py:914} INFO - Processing file /home/usmail/sys_fraud/sys_detection_frauds/lib/python3.12/site-packages/airflow/example_dags/example_nested_branch_dag.py for tasks to queue
[2025-03-21T21:16:36.023+0000] {logging_mixin.py:190} INFO - [2025-03-21T21:16:36.022+0000] {dagbag.py:588} INFO - Filling up the DagBag from /home/usmail/sys_fraud/sys_detection_frauds/lib/python3.12/site-packages/airflow/example_dags/example_nested_branch_dag.py
[2025-03-21T21:16:36.042+0000] {processor.py:925} INFO - DAG(s) 'example_nested_branch_dag' retrieved from /home/usmail/sys_fraud/sys_detection_frauds/lib/python3.12/site-packages/airflow/example_dags/example_nested_branch_dag.py
[2025-03-21T21:16:36.066+0000] {logging_mixin.py:190} INFO - [2025-03-21T21:16:36.066+0000] {dag.py:3239} INFO - Sync 1 DAGs
[2025-03-21T21:16:36.085+0000] {logging_mixin.py:190} INFO - [2025-03-21T21:16:36.085+0000] {dag.py:4180} INFO - Setting next_dagrun for example_nested_branch_dag to 2025-03-20 00:00:00+00:00, run_after=2025-03-21 00:00:00+00:00
[2025-03-21T21:16:36.102+0000] {processor.py:208} INFO - Processing /home/usmail/sys_fraud/sys_detection_frauds/lib/python3.12/site-packages/airflow/example_dags/example_nested_branch_dag.py took 0.105 seconds
[2025-03-21T21:17:37.499+0000] {processor.py:186} INFO - Started process (PID=3747240) to work on /home/usmail/sys_fraud/sys_detection_frauds/lib/python3.12/site-packages/airflow/example_dags/example_nested_branch_dag.py
[2025-03-21T21:17:37.508+0000] {processor.py:914} INFO - Processing file /home/usmail/sys_fraud/sys_detection_frauds/lib/python3.12/site-packages/airflow/example_dags/example_nested_branch_dag.py for tasks to queue
[2025-03-21T21:17:37.511+0000] {logging_mixin.py:190} INFO - [2025-03-21T21:17:37.511+0000] {dagbag.py:588} INFO - Filling up the DagBag from /home/usmail/sys_fraud/sys_detection_frauds/lib/python3.12/site-packages/airflow/example_dags/example_nested_branch_dag.py
[2025-03-21T21:17:37.530+0000] {processor.py:925} INFO - DAG(s) 'example_nested_branch_dag' retrieved from /home/usmail/sys_fraud/sys_detection_frauds/lib/python3.12/site-packages/airflow/example_dags/example_nested_branch_dag.py
[2025-03-21T21:17:37.558+0000] {logging_mixin.py:190} INFO - [2025-03-21T21:17:37.557+0000] {dag.py:3239} INFO - Sync 1 DAGs
[2025-03-21T21:17:37.577+0000] {logging_mixin.py:190} INFO - [2025-03-21T21:17:37.576+0000] {dag.py:4180} INFO - Setting next_dagrun for example_nested_branch_dag to 2025-03-20 00:00:00+00:00, run_after=2025-03-21 00:00:00+00:00
[2025-03-21T21:17:37.592+0000] {processor.py:208} INFO - Processing /home/usmail/sys_fraud/sys_detection_frauds/lib/python3.12/site-packages/airflow/example_dags/example_nested_branch_dag.py took 0.106 seconds
[2025-03-21T21:18:42.908+0000] {processor.py:186} INFO - Started process (PID=3748042) to work on /home/usmail/sys_fraud/sys_detection_frauds/lib/python3.12/site-packages/airflow/example_dags/example_nested_branch_dag.py
[2025-03-21T21:18:42.917+0000] {processor.py:914} INFO - Processing file /home/usmail/sys_fraud/sys_detection_frauds/lib/python3.12/site-packages/airflow/example_dags/example_nested_branch_dag.py for tasks to queue
[2025-03-21T21:18:42.920+0000] {logging_mixin.py:190} INFO - [2025-03-21T21:18:42.920+0000] {dagbag.py:588} INFO - Filling up the DagBag from /home/usmail/sys_fraud/sys_detection_frauds/lib/python3.12/site-packages/airflow/example_dags/example_nested_branch_dag.py
[2025-03-21T21:18:42.938+0000] {processor.py:925} INFO - DAG(s) 'example_nested_branch_dag' retrieved from /home/usmail/sys_fraud/sys_detection_frauds/lib/python3.12/site-packages/airflow/example_dags/example_nested_branch_dag.py
[2025-03-21T21:18:42.963+0000] {logging_mixin.py:190} INFO - [2025-03-21T21:18:42.963+0000] {dag.py:3239} INFO - Sync 1 DAGs
[2025-03-21T21:18:42.984+0000] {logging_mixin.py:190} INFO - [2025-03-21T21:18:42.984+0000] {dag.py:4180} INFO - Setting next_dagrun for example_nested_branch_dag to 2025-03-20 00:00:00+00:00, run_after=2025-03-21 00:00:00+00:00
[2025-03-21T21:18:43.005+0000] {processor.py:208} INFO - Processing /home/usmail/sys_fraud/sys_detection_frauds/lib/python3.12/site-packages/airflow/example_dags/example_nested_branch_dag.py took 0.109 seconds
[2025-03-21T21:19:45.819+0000] {processor.py:186} INFO - Started process (PID=3748803) to work on /home/usmail/sys_fraud/sys_detection_frauds/lib/python3.12/site-packages/airflow/example_dags/example_nested_branch_dag.py
[2025-03-21T21:19:45.828+0000] {processor.py:914} INFO - Processing file /home/usmail/sys_fraud/sys_detection_frauds/lib/python3.12/site-packages/airflow/example_dags/example_nested_branch_dag.py for tasks to queue
[2025-03-21T21:19:45.831+0000] {logging_mixin.py:190} INFO - [2025-03-21T21:19:45.831+0000] {dagbag.py:588} INFO - Filling up the DagBag from /home/usmail/sys_fraud/sys_detection_frauds/lib/python3.12/site-packages/airflow/example_dags/example_nested_branch_dag.py
[2025-03-21T21:19:45.850+0000] {processor.py:925} INFO - DAG(s) 'example_nested_branch_dag' retrieved from /home/usmail/sys_fraud/sys_detection_frauds/lib/python3.12/site-packages/airflow/example_dags/example_nested_branch_dag.py
[2025-03-21T21:19:45.876+0000] {logging_mixin.py:190} INFO - [2025-03-21T21:19:45.876+0000] {dag.py:3239} INFO - Sync 1 DAGs
[2025-03-21T21:19:45.895+0000] {logging_mixin.py:190} INFO - [2025-03-21T21:19:45.895+0000] {dag.py:4180} INFO - Setting next_dagrun for example_nested_branch_dag to 2025-03-20 00:00:00+00:00, run_after=2025-03-21 00:00:00+00:00
[2025-03-21T21:19:45.911+0000] {processor.py:208} INFO - Processing /home/usmail/sys_fraud/sys_detection_frauds/lib/python3.12/site-packages/airflow/example_dags/example_nested_branch_dag.py took 0.105 seconds
[2025-03-21T21:20:48.893+0000] {processor.py:186} INFO - Started process (PID=3749570) to work on /home/usmail/sys_fraud/sys_detection_frauds/lib/python3.12/site-packages/airflow/example_dags/example_nested_branch_dag.py
[2025-03-21T21:20:48.902+0000] {processor.py:914} INFO - Processing file /home/usmail/sys_fraud/sys_detection_frauds/lib/python3.12/site-packages/airflow/example_dags/example_nested_branch_dag.py for tasks to queue
[2025-03-21T21:20:48.905+0000] {logging_mixin.py:190} INFO - [2025-03-21T21:20:48.904+0000] {dagbag.py:588} INFO - Filling up the DagBag from /home/usmail/sys_fraud/sys_detection_frauds/lib/python3.12/site-packages/airflow/example_dags/example_nested_branch_dag.py
[2025-03-21T21:20:48.923+0000] {processor.py:925} INFO - DAG(s) 'example_nested_branch_dag' retrieved from /home/usmail/sys_fraud/sys_detection_frauds/lib/python3.12/site-packages/airflow/example_dags/example_nested_branch_dag.py
[2025-03-21T21:20:48.948+0000] {logging_mixin.py:190} INFO - [2025-03-21T21:20:48.948+0000] {dag.py:3239} INFO - Sync 1 DAGs
[2025-03-21T21:20:48.969+0000] {logging_mixin.py:190} INFO - [2025-03-21T21:20:48.969+0000] {dag.py:4180} INFO - Setting next_dagrun for example_nested_branch_dag to 2025-03-20 00:00:00+00:00, run_after=2025-03-21 00:00:00+00:00
[2025-03-21T21:20:49.000+0000] {processor.py:208} INFO - Processing /home/usmail/sys_fraud/sys_detection_frauds/lib/python3.12/site-packages/airflow/example_dags/example_nested_branch_dag.py took 0.120 seconds
[2025-03-21T21:21:54.962+0000] {processor.py:186} INFO - Started process (PID=3750390) to work on /home/usmail/sys_fraud/sys_detection_frauds/lib/python3.12/site-packages/airflow/example_dags/example_nested_branch_dag.py
[2025-03-21T21:21:54.971+0000] {processor.py:914} INFO - Processing file /home/usmail/sys_fraud/sys_detection_frauds/lib/python3.12/site-packages/airflow/example_dags/example_nested_branch_dag.py for tasks to queue
[2025-03-21T21:21:54.974+0000] {logging_mixin.py:190} INFO - [2025-03-21T21:21:54.973+0000] {dagbag.py:588} INFO - Filling up the DagBag from /home/usmail/sys_fraud/sys_detection_frauds/lib/python3.12/site-packages/airflow/example_dags/example_nested_branch_dag.py
[2025-03-21T21:21:54.995+0000] {processor.py:925} INFO - DAG(s) 'example_nested_branch_dag' retrieved from /home/usmail/sys_fraud/sys_detection_frauds/lib/python3.12/site-packages/airflow/example_dags/example_nested_branch_dag.py
[2025-03-21T21:21:55.020+0000] {logging_mixin.py:190} INFO - [2025-03-21T21:21:55.020+0000] {dag.py:3239} INFO - Sync 1 DAGs
[2025-03-21T21:21:55.038+0000] {logging_mixin.py:190} INFO - [2025-03-21T21:21:55.038+0000] {dag.py:4180} INFO - Setting next_dagrun for example_nested_branch_dag to 2025-03-20 00:00:00+00:00, run_after=2025-03-21 00:00:00+00:00
[2025-03-21T21:21:55.054+0000] {processor.py:208} INFO - Processing /home/usmail/sys_fraud/sys_detection_frauds/lib/python3.12/site-packages/airflow/example_dags/example_nested_branch_dag.py took 0.104 seconds
[2025-03-21T21:23:01.035+0000] {processor.py:186} INFO - Started process (PID=3751203) to work on /home/usmail/sys_fraud/sys_detection_frauds/lib/python3.12/site-packages/airflow/example_dags/example_nested_branch_dag.py
[2025-03-21T21:23:01.044+0000] {processor.py:914} INFO - Processing file /home/usmail/sys_fraud/sys_detection_frauds/lib/python3.12/site-packages/airflow/example_dags/example_nested_branch_dag.py for tasks to queue
[2025-03-21T21:23:01.047+0000] {logging_mixin.py:190} INFO - [2025-03-21T21:23:01.047+0000] {dagbag.py:588} INFO - Filling up the DagBag from /home/usmail/sys_fraud/sys_detection_frauds/lib/python3.12/site-packages/airflow/example_dags/example_nested_branch_dag.py
[2025-03-21T21:23:01.066+0000] {processor.py:925} INFO - DAG(s) 'example_nested_branch_dag' retrieved from /home/usmail/sys_fraud/sys_detection_frauds/lib/python3.12/site-packages/airflow/example_dags/example_nested_branch_dag.py
[2025-03-21T21:23:01.092+0000] {logging_mixin.py:190} INFO - [2025-03-21T21:23:01.092+0000] {dag.py:3239} INFO - Sync 1 DAGs
[2025-03-21T21:23:01.114+0000] {logging_mixin.py:190} INFO - [2025-03-21T21:23:01.114+0000] {dag.py:4180} INFO - Setting next_dagrun for example_nested_branch_dag to 2025-03-20 00:00:00+00:00, run_after=2025-03-21 00:00:00+00:00
[2025-03-21T21:23:01.139+0000] {processor.py:208} INFO - Processing /home/usmail/sys_fraud/sys_detection_frauds/lib/python3.12/site-packages/airflow/example_dags/example_nested_branch_dag.py took 0.116 seconds
[2025-03-21T21:24:02.453+0000] {processor.py:186} INFO - Started process (PID=3751930) to work on /home/usmail/sys_fraud/sys_detection_frauds/lib/python3.12/site-packages/airflow/example_dags/example_nested_branch_dag.py
[2025-03-21T21:24:02.462+0000] {processor.py:914} INFO - Processing file /home/usmail/sys_fraud/sys_detection_frauds/lib/python3.12/site-packages/airflow/example_dags/example_nested_branch_dag.py for tasks to queue
[2025-03-21T21:24:02.466+0000] {logging_mixin.py:190} INFO - [2025-03-21T21:24:02.465+0000] {dagbag.py:588} INFO - Filling up the DagBag from /home/usmail/sys_fraud/sys_detection_frauds/lib/python3.12/site-packages/airflow/example_dags/example_nested_branch_dag.py
[2025-03-21T21:24:02.484+0000] {processor.py:925} INFO - DAG(s) 'example_nested_branch_dag' retrieved from /home/usmail/sys_fraud/sys_detection_frauds/lib/python3.12/site-packages/airflow/example_dags/example_nested_branch_dag.py
[2025-03-21T21:24:02.509+0000] {logging_mixin.py:190} INFO - [2025-03-21T21:24:02.508+0000] {dag.py:3239} INFO - Sync 1 DAGs
[2025-03-21T21:24:02.528+0000] {logging_mixin.py:190} INFO - [2025-03-21T21:24:02.528+0000] {dag.py:4180} INFO - Setting next_dagrun for example_nested_branch_dag to 2025-03-20 00:00:00+00:00, run_after=2025-03-21 00:00:00+00:00
[2025-03-21T21:24:02.553+0000] {processor.py:208} INFO - Processing /home/usmail/sys_fraud/sys_detection_frauds/lib/python3.12/site-packages/airflow/example_dags/example_nested_branch_dag.py took 0.111 seconds
[2025-03-21T21:25:06.152+0000] {processor.py:186} INFO - Started process (PID=3752620) to work on /home/usmail/sys_fraud/sys_detection_frauds/lib/python3.12/site-packages/airflow/example_dags/example_nested_branch_dag.py
[2025-03-21T21:25:06.161+0000] {processor.py:914} INFO - Processing file /home/usmail/sys_fraud/sys_detection_frauds/lib/python3.12/site-packages/airflow/example_dags/example_nested_branch_dag.py for tasks to queue
[2025-03-21T21:25:06.164+0000] {logging_mixin.py:190} INFO - [2025-03-21T21:25:06.164+0000] {dagbag.py:588} INFO - Filling up the DagBag from /home/usmail/sys_fraud/sys_detection_frauds/lib/python3.12/site-packages/airflow/example_dags/example_nested_branch_dag.py
[2025-03-21T21:25:06.184+0000] {processor.py:925} INFO - DAG(s) 'example_nested_branch_dag' retrieved from /home/usmail/sys_fraud/sys_detection_frauds/lib/python3.12/site-packages/airflow/example_dags/example_nested_branch_dag.py
[2025-03-21T21:25:06.209+0000] {logging_mixin.py:190} INFO - [2025-03-21T21:25:06.209+0000] {dag.py:3239} INFO - Sync 1 DAGs
[2025-03-21T21:25:06.230+0000] {logging_mixin.py:190} INFO - [2025-03-21T21:25:06.230+0000] {dag.py:4180} INFO - Setting next_dagrun for example_nested_branch_dag to 2025-03-20 00:00:00+00:00, run_after=2025-03-21 00:00:00+00:00
[2025-03-21T21:25:06.269+0000] {processor.py:208} INFO - Processing /home/usmail/sys_fraud/sys_detection_frauds/lib/python3.12/site-packages/airflow/example_dags/example_nested_branch_dag.py took 0.129 seconds
[2025-03-21T21:26:11.354+0000] {processor.py:186} INFO - Started process (PID=3753309) to work on /home/usmail/sys_fraud/sys_detection_frauds/lib/python3.12/site-packages/airflow/example_dags/example_nested_branch_dag.py
[2025-03-21T21:26:11.363+0000] {processor.py:914} INFO - Processing file /home/usmail/sys_fraud/sys_detection_frauds/lib/python3.12/site-packages/airflow/example_dags/example_nested_branch_dag.py for tasks to queue
[2025-03-21T21:26:11.366+0000] {logging_mixin.py:190} INFO - [2025-03-21T21:26:11.366+0000] {dagbag.py:588} INFO - Filling up the DagBag from /home/usmail/sys_fraud/sys_detection_frauds/lib/python3.12/site-packages/airflow/example_dags/example_nested_branch_dag.py
[2025-03-21T21:26:11.385+0000] {processor.py:925} INFO - DAG(s) 'example_nested_branch_dag' retrieved from /home/usmail/sys_fraud/sys_detection_frauds/lib/python3.12/site-packages/airflow/example_dags/example_nested_branch_dag.py
[2025-03-21T21:26:11.412+0000] {logging_mixin.py:190} INFO - [2025-03-21T21:26:11.412+0000] {dag.py:3239} INFO - Sync 1 DAGs
[2025-03-21T21:26:11.433+0000] {logging_mixin.py:190} INFO - [2025-03-21T21:26:11.433+0000] {dag.py:4180} INFO - Setting next_dagrun for example_nested_branch_dag to 2025-03-20 00:00:00+00:00, run_after=2025-03-21 00:00:00+00:00
[2025-03-21T21:26:11.451+0000] {processor.py:208} INFO - Processing /home/usmail/sys_fraud/sys_detection_frauds/lib/python3.12/site-packages/airflow/example_dags/example_nested_branch_dag.py took 0.109 seconds
[2025-03-21T21:27:13.878+0000] {processor.py:186} INFO - Started process (PID=3753959) to work on /home/usmail/sys_fraud/sys_detection_frauds/lib/python3.12/site-packages/airflow/example_dags/example_nested_branch_dag.py
[2025-03-21T21:27:13.887+0000] {processor.py:914} INFO - Processing file /home/usmail/sys_fraud/sys_detection_frauds/lib/python3.12/site-packages/airflow/example_dags/example_nested_branch_dag.py for tasks to queue
[2025-03-21T21:27:13.890+0000] {logging_mixin.py:190} INFO - [2025-03-21T21:27:13.890+0000] {dagbag.py:588} INFO - Filling up the DagBag from /home/usmail/sys_fraud/sys_detection_frauds/lib/python3.12/site-packages/airflow/example_dags/example_nested_branch_dag.py
[2025-03-21T21:27:13.909+0000] {processor.py:925} INFO - DAG(s) 'example_nested_branch_dag' retrieved from /home/usmail/sys_fraud/sys_detection_frauds/lib/python3.12/site-packages/airflow/example_dags/example_nested_branch_dag.py
[2025-03-21T21:27:13.934+0000] {logging_mixin.py:190} INFO - [2025-03-21T21:27:13.934+0000] {dag.py:3239} INFO - Sync 1 DAGs
[2025-03-21T21:27:13.953+0000] {logging_mixin.py:190} INFO - [2025-03-21T21:27:13.953+0000] {dag.py:4180} INFO - Setting next_dagrun for example_nested_branch_dag to 2025-03-20 00:00:00+00:00, run_after=2025-03-21 00:00:00+00:00
[2025-03-21T21:27:13.984+0000] {processor.py:208} INFO - Processing /home/usmail/sys_fraud/sys_detection_frauds/lib/python3.12/site-packages/airflow/example_dags/example_nested_branch_dag.py took 0.120 seconds
[2025-03-21T21:28:15.938+0000] {processor.py:186} INFO - Started process (PID=3754595) to work on /home/usmail/sys_fraud/sys_detection_frauds/lib/python3.12/site-packages/airflow/example_dags/example_nested_branch_dag.py
[2025-03-21T21:28:15.947+0000] {processor.py:914} INFO - Processing file /home/usmail/sys_fraud/sys_detection_frauds/lib/python3.12/site-packages/airflow/example_dags/example_nested_branch_dag.py for tasks to queue
[2025-03-21T21:28:15.950+0000] {logging_mixin.py:190} INFO - [2025-03-21T21:28:15.949+0000] {dagbag.py:588} INFO - Filling up the DagBag from /home/usmail/sys_fraud/sys_detection_frauds/lib/python3.12/site-packages/airflow/example_dags/example_nested_branch_dag.py
[2025-03-21T21:28:15.969+0000] {processor.py:925} INFO - DAG(s) 'example_nested_branch_dag' retrieved from /home/usmail/sys_fraud/sys_detection_frauds/lib/python3.12/site-packages/airflow/example_dags/example_nested_branch_dag.py
[2025-03-21T21:28:15.994+0000] {logging_mixin.py:190} INFO - [2025-03-21T21:28:15.993+0000] {dag.py:3239} INFO - Sync 1 DAGs
[2025-03-21T21:28:16.014+0000] {logging_mixin.py:190} INFO - [2025-03-21T21:28:16.014+0000] {dag.py:4180} INFO - Setting next_dagrun for example_nested_branch_dag to 2025-03-20 00:00:00+00:00, run_after=2025-03-21 00:00:00+00:00
[2025-03-21T21:28:16.039+0000] {processor.py:208} INFO - Processing /home/usmail/sys_fraud/sys_detection_frauds/lib/python3.12/site-packages/airflow/example_dags/example_nested_branch_dag.py took 0.114 seconds
[2025-03-21T21:29:15.671+0000] {processor.py:186} INFO - Started process (PID=3755231) to work on /home/usmail/sys_fraud/sys_detection_frauds/lib/python3.12/site-packages/airflow/example_dags/example_nested_branch_dag.py
[2025-03-21T21:29:15.680+0000] {processor.py:914} INFO - Processing file /home/usmail/sys_fraud/sys_detection_frauds/lib/python3.12/site-packages/airflow/example_dags/example_nested_branch_dag.py for tasks to queue
[2025-03-21T21:29:15.683+0000] {logging_mixin.py:190} INFO - [2025-03-21T21:29:15.682+0000] {dagbag.py:588} INFO - Filling up the DagBag from /home/usmail/sys_fraud/sys_detection_frauds/lib/python3.12/site-packages/airflow/example_dags/example_nested_branch_dag.py
[2025-03-21T21:29:15.703+0000] {processor.py:925} INFO - DAG(s) 'example_nested_branch_dag' retrieved from /home/usmail/sys_fraud/sys_detection_frauds/lib/python3.12/site-packages/airflow/example_dags/example_nested_branch_dag.py
[2025-03-21T21:29:15.728+0000] {logging_mixin.py:190} INFO - [2025-03-21T21:29:15.728+0000] {dag.py:3239} INFO - Sync 1 DAGs
[2025-03-21T21:29:15.749+0000] {logging_mixin.py:190} INFO - [2025-03-21T21:29:15.749+0000] {dag.py:4180} INFO - Setting next_dagrun for example_nested_branch_dag to 2025-03-20 00:00:00+00:00, run_after=2025-03-21 00:00:00+00:00
[2025-03-21T21:29:15.765+0000] {processor.py:208} INFO - Processing /home/usmail/sys_fraud/sys_detection_frauds/lib/python3.12/site-packages/airflow/example_dags/example_nested_branch_dag.py took 0.106 seconds
[2025-03-21T21:30:20.945+0000] {processor.py:186} INFO - Started process (PID=3755907) to work on /home/usmail/sys_fraud/sys_detection_frauds/lib/python3.12/site-packages/airflow/example_dags/example_nested_branch_dag.py
[2025-03-21T21:30:20.946+0000] {processor.py:914} INFO - Processing file /home/usmail/sys_fraud/sys_detection_frauds/lib/python3.12/site-packages/airflow/example_dags/example_nested_branch_dag.py for tasks to queue
[2025-03-21T21:30:20.949+0000] {logging_mixin.py:190} INFO - [2025-03-21T21:30:20.948+0000] {dagbag.py:588} INFO - Filling up the DagBag from /home/usmail/sys_fraud/sys_detection_frauds/lib/python3.12/site-packages/airflow/example_dags/example_nested_branch_dag.py
[2025-03-21T21:30:20.968+0000] {processor.py:925} INFO - DAG(s) 'example_nested_branch_dag' retrieved from /home/usmail/sys_fraud/sys_detection_frauds/lib/python3.12/site-packages/airflow/example_dags/example_nested_branch_dag.py
[2025-03-21T21:30:20.993+0000] {logging_mixin.py:190} INFO - [2025-03-21T21:30:20.992+0000] {dag.py:3239} INFO - Sync 1 DAGs
[2025-03-21T21:30:21.011+0000] {logging_mixin.py:190} INFO - [2025-03-21T21:30:21.011+0000] {dag.py:4180} INFO - Setting next_dagrun for example_nested_branch_dag to 2025-03-20 00:00:00+00:00, run_after=2025-03-21 00:00:00+00:00
[2025-03-21T21:30:21.050+0000] {processor.py:208} INFO - Processing /home/usmail/sys_fraud/sys_detection_frauds/lib/python3.12/site-packages/airflow/example_dags/example_nested_branch_dag.py took 0.118 seconds
[2025-03-21T21:31:28.018+0000] {processor.py:186} INFO - Started process (PID=3756621) to work on /home/usmail/sys_fraud/sys_detection_frauds/lib/python3.12/site-packages/airflow/example_dags/example_nested_branch_dag.py
[2025-03-21T21:31:28.027+0000] {processor.py:914} INFO - Processing file /home/usmail/sys_fraud/sys_detection_frauds/lib/python3.12/site-packages/airflow/example_dags/example_nested_branch_dag.py for tasks to queue
[2025-03-21T21:31:28.030+0000] {logging_mixin.py:190} INFO - [2025-03-21T21:31:28.030+0000] {dagbag.py:588} INFO - Filling up the DagBag from /home/usmail/sys_fraud/sys_detection_frauds/lib/python3.12/site-packages/airflow/example_dags/example_nested_branch_dag.py
[2025-03-21T21:31:28.049+0000] {processor.py:925} INFO - DAG(s) 'example_nested_branch_dag' retrieved from /home/usmail/sys_fraud/sys_detection_frauds/lib/python3.12/site-packages/airflow/example_dags/example_nested_branch_dag.py
[2025-03-21T21:31:28.076+0000] {logging_mixin.py:190} INFO - [2025-03-21T21:31:28.076+0000] {dag.py:3239} INFO - Sync 1 DAGs
[2025-03-21T21:31:28.096+0000] {logging_mixin.py:190} INFO - [2025-03-21T21:31:28.096+0000] {dag.py:4180} INFO - Setting next_dagrun for example_nested_branch_dag to 2025-03-20 00:00:00+00:00, run_after=2025-03-21 00:00:00+00:00
[2025-03-21T21:31:28.111+0000] {processor.py:208} INFO - Processing /home/usmail/sys_fraud/sys_detection_frauds/lib/python3.12/site-packages/airflow/example_dags/example_nested_branch_dag.py took 0.105 seconds
[2025-03-21T21:32:32.692+0000] {processor.py:186} INFO - Started process (PID=3757288) to work on /home/usmail/sys_fraud/sys_detection_frauds/lib/python3.12/site-packages/airflow/example_dags/example_nested_branch_dag.py
[2025-03-21T21:32:32.692+0000] {processor.py:914} INFO - Processing file /home/usmail/sys_fraud/sys_detection_frauds/lib/python3.12/site-packages/airflow/example_dags/example_nested_branch_dag.py for tasks to queue
[2025-03-21T21:32:32.694+0000] {logging_mixin.py:190} INFO - [2025-03-21T21:32:32.694+0000] {dagbag.py:588} INFO - Filling up the DagBag from /home/usmail/sys_fraud/sys_detection_frauds/lib/python3.12/site-packages/airflow/example_dags/example_nested_branch_dag.py
[2025-03-21T21:32:32.703+0000] {processor.py:925} INFO - DAG(s) 'example_nested_branch_dag' retrieved from /home/usmail/sys_fraud/sys_detection_frauds/lib/python3.12/site-packages/airflow/example_dags/example_nested_branch_dag.py
[2025-03-21T21:32:32.715+0000] {logging_mixin.py:190} INFO - [2025-03-21T21:32:32.715+0000] {dag.py:3239} INFO - Sync 1 DAGs
[2025-03-21T21:32:32.732+0000] {logging_mixin.py:190} INFO - [2025-03-21T21:32:32.732+0000] {dag.py:4180} INFO - Setting next_dagrun for example_nested_branch_dag to 2025-03-20 00:00:00+00:00, run_after=2025-03-21 00:00:00+00:00
[2025-03-21T21:32:32.750+0000] {processor.py:208} INFO - Processing /home/usmail/sys_fraud/sys_detection_frauds/lib/python3.12/site-packages/airflow/example_dags/example_nested_branch_dag.py took 0.066 seconds
[2025-03-21T21:33:33.989+0000] {processor.py:186} INFO - Started process (PID=3757924) to work on /home/usmail/sys_fraud/sys_detection_frauds/lib/python3.12/site-packages/airflow/example_dags/example_nested_branch_dag.py
[2025-03-21T21:33:33.998+0000] {processor.py:914} INFO - Processing file /home/usmail/sys_fraud/sys_detection_frauds/lib/python3.12/site-packages/airflow/example_dags/example_nested_branch_dag.py for tasks to queue
[2025-03-21T21:33:34.001+0000] {logging_mixin.py:190} INFO - [2025-03-21T21:33:34.000+0000] {dagbag.py:588} INFO - Filling up the DagBag from /home/usmail/sys_fraud/sys_detection_frauds/lib/python3.12/site-packages/airflow/example_dags/example_nested_branch_dag.py
[2025-03-21T21:33:34.019+0000] {processor.py:925} INFO - DAG(s) 'example_nested_branch_dag' retrieved from /home/usmail/sys_fraud/sys_detection_frauds/lib/python3.12/site-packages/airflow/example_dags/example_nested_branch_dag.py
[2025-03-21T21:33:34.044+0000] {logging_mixin.py:190} INFO - [2025-03-21T21:33:34.044+0000] {dag.py:3239} INFO - Sync 1 DAGs
[2025-03-21T21:33:34.065+0000] {logging_mixin.py:190} INFO - [2025-03-21T21:33:34.065+0000] {dag.py:4180} INFO - Setting next_dagrun for example_nested_branch_dag to 2025-03-20 00:00:00+00:00, run_after=2025-03-21 00:00:00+00:00
[2025-03-21T21:33:34.097+0000] {processor.py:208} INFO - Processing /home/usmail/sys_fraud/sys_detection_frauds/lib/python3.12/site-packages/airflow/example_dags/example_nested_branch_dag.py took 0.120 seconds
[2025-03-21T22:19:50.912+0000] {processor.py:186} INFO - Started process (PID=3758873) to work on /home/usmail/sys_fraud/sys_detection_frauds/lib/python3.12/site-packages/airflow/example_dags/example_nested_branch_dag.py
[2025-03-21T22:19:50.913+0000] {processor.py:914} INFO - Processing file /home/usmail/sys_fraud/sys_detection_frauds/lib/python3.12/site-packages/airflow/example_dags/example_nested_branch_dag.py for tasks to queue
[2025-03-21T22:19:50.915+0000] {logging_mixin.py:190} INFO - [2025-03-21T22:19:50.915+0000] {dagbag.py:588} INFO - Filling up the DagBag from /home/usmail/sys_fraud/sys_detection_frauds/lib/python3.12/site-packages/airflow/example_dags/example_nested_branch_dag.py
[2025-03-21T22:19:50.929+0000] {processor.py:925} INFO - DAG(s) 'example_nested_branch_dag' retrieved from /home/usmail/sys_fraud/sys_detection_frauds/lib/python3.12/site-packages/airflow/example_dags/example_nested_branch_dag.py
[2025-03-21T22:19:50.946+0000] {logging_mixin.py:190} INFO - [2025-03-21T22:19:50.946+0000] {dag.py:3239} INFO - Sync 1 DAGs
[2025-03-21T22:19:50.971+0000] {logging_mixin.py:190} INFO - [2025-03-21T22:19:50.970+0000] {dag.py:4180} INFO - Setting next_dagrun for example_nested_branch_dag to 2025-03-20 00:00:00+00:00, run_after=2025-03-21 00:00:00+00:00
[2025-03-21T22:19:50.992+0000] {processor.py:208} INFO - Processing /home/usmail/sys_fraud/sys_detection_frauds/lib/python3.12/site-packages/airflow/example_dags/example_nested_branch_dag.py took 0.095 seconds
[2025-03-21T22:20:57.643+0000] {processor.py:186} INFO - Started process (PID=3759839) to work on /home/usmail/sys_fraud/sys_detection_frauds/lib/python3.12/site-packages/airflow/example_dags/example_nested_branch_dag.py
[2025-03-21T22:20:57.653+0000] {processor.py:914} INFO - Processing file /home/usmail/sys_fraud/sys_detection_frauds/lib/python3.12/site-packages/airflow/example_dags/example_nested_branch_dag.py for tasks to queue
[2025-03-21T22:20:57.655+0000] {logging_mixin.py:190} INFO - [2025-03-21T22:20:57.655+0000] {dagbag.py:588} INFO - Filling up the DagBag from /home/usmail/sys_fraud/sys_detection_frauds/lib/python3.12/site-packages/airflow/example_dags/example_nested_branch_dag.py
[2025-03-21T22:20:57.676+0000] {processor.py:925} INFO - DAG(s) 'example_nested_branch_dag' retrieved from /home/usmail/sys_fraud/sys_detection_frauds/lib/python3.12/site-packages/airflow/example_dags/example_nested_branch_dag.py
[2025-03-21T22:20:57.699+0000] {logging_mixin.py:190} INFO - [2025-03-21T22:20:57.699+0000] {dag.py:3239} INFO - Sync 1 DAGs
[2025-03-21T22:20:57.718+0000] {logging_mixin.py:190} INFO - [2025-03-21T22:20:57.718+0000] {dag.py:4180} INFO - Setting next_dagrun for example_nested_branch_dag to 2025-03-20 00:00:00+00:00, run_after=2025-03-21 00:00:00+00:00
[2025-03-21T22:20:57.746+0000] {processor.py:208} INFO - Processing /home/usmail/sys_fraud/sys_detection_frauds/lib/python3.12/site-packages/airflow/example_dags/example_nested_branch_dag.py took 0.115 seconds
[2025-03-21T22:21:58.785+0000] {processor.py:186} INFO - Started process (PID=3760713) to work on /home/usmail/sys_fraud/sys_detection_frauds/lib/python3.12/site-packages/airflow/example_dags/example_nested_branch_dag.py
[2025-03-21T22:21:58.795+0000] {processor.py:914} INFO - Processing file /home/usmail/sys_fraud/sys_detection_frauds/lib/python3.12/site-packages/airflow/example_dags/example_nested_branch_dag.py for tasks to queue
[2025-03-21T22:21:58.797+0000] {logging_mixin.py:190} INFO - [2025-03-21T22:21:58.796+0000] {dagbag.py:588} INFO - Filling up the DagBag from /home/usmail/sys_fraud/sys_detection_frauds/lib/python3.12/site-packages/airflow/example_dags/example_nested_branch_dag.py
[2025-03-21T22:21:58.817+0000] {processor.py:925} INFO - DAG(s) 'example_nested_branch_dag' retrieved from /home/usmail/sys_fraud/sys_detection_frauds/lib/python3.12/site-packages/airflow/example_dags/example_nested_branch_dag.py
[2025-03-21T22:21:58.844+0000] {logging_mixin.py:190} INFO - [2025-03-21T22:21:58.844+0000] {dag.py:3239} INFO - Sync 1 DAGs
[2025-03-21T22:21:58.863+0000] {logging_mixin.py:190} INFO - [2025-03-21T22:21:58.863+0000] {dag.py:4180} INFO - Setting next_dagrun for example_nested_branch_dag to 2025-03-20 00:00:00+00:00, run_after=2025-03-21 00:00:00+00:00
[2025-03-21T22:21:58.880+0000] {processor.py:208} INFO - Processing /home/usmail/sys_fraud/sys_detection_frauds/lib/python3.12/site-packages/airflow/example_dags/example_nested_branch_dag.py took 0.107 seconds
