[2025-03-21T20:50:12.174+0000] {processor.py:186} INFO - Started process (PID=3723433) to work on /home/usmail/sys_fraud/sys_detection_frauds/lib/python3.12/site-packages/airflow/example_dags/example_branch_operator.py
[2025-03-21T20:50:12.174+0000] {processor.py:914} INFO - Processing file /home/usmail/sys_fraud/sys_detection_frauds/lib/python3.12/site-packages/airflow/example_dags/example_branch_operator.py for tasks to queue
[2025-03-21T20:50:12.175+0000] {logging_mixin.py:190} INFO - [2025-03-21T20:50:12.175+0000] {dagbag.py:588} INFO - Filling up the DagBag from /home/usmail/sys_fraud/sys_detection_frauds/lib/python3.12/site-packages/airflow/example_dags/example_branch_operator.py
[2025-03-21T20:50:12.177+0000] {processor.py:927} WARNING - No viable dags retrieved from /home/usmail/sys_fraud/sys_detection_frauds/lib/python3.12/site-packages/airflow/example_dags/example_branch_operator.py
[2025-03-21T20:50:12.185+0000] {processor.py:208} INFO - Processing /home/usmail/sys_fraud/sys_detection_frauds/lib/python3.12/site-packages/airflow/example_dags/example_branch_operator.py took 0.015 seconds
[2025-03-21T20:51:11.009+0000] {processor.py:186} INFO - Started process (PID=3724150) to work on /home/usmail/sys_fraud/sys_detection_frauds/lib/python3.12/site-packages/airflow/example_dags/example_branch_operator.py
[2025-03-21T20:51:11.019+0000] {processor.py:914} INFO - Processing file /home/usmail/sys_fraud/sys_detection_frauds/lib/python3.12/site-packages/airflow/example_dags/example_branch_operator.py for tasks to queue
[2025-03-21T20:51:11.022+0000] {logging_mixin.py:190} INFO - [2025-03-21T20:51:11.021+0000] {dagbag.py:588} INFO - Filling up the DagBag from /home/usmail/sys_fraud/sys_detection_frauds/lib/python3.12/site-packages/airflow/example_dags/example_branch_operator.py
[2025-03-21T20:51:11.026+0000] {processor.py:927} WARNING - No viable dags retrieved from /home/usmail/sys_fraud/sys_detection_frauds/lib/python3.12/site-packages/airflow/example_dags/example_branch_operator.py
[2025-03-21T20:51:11.034+0000] {processor.py:208} INFO - Processing /home/usmail/sys_fraud/sys_detection_frauds/lib/python3.12/site-packages/airflow/example_dags/example_branch_operator.py took 0.032 seconds
[2025-03-21T20:52:05.029+0000] {processor.py:186} INFO - Started process (PID=3724808) to work on /home/usmail/sys_fraud/sys_detection_frauds/lib/python3.12/site-packages/airflow/example_dags/example_branch_operator.py
[2025-03-21T20:52:05.038+0000] {processor.py:914} INFO - Processing file /home/usmail/sys_fraud/sys_detection_frauds/lib/python3.12/site-packages/airflow/example_dags/example_branch_operator.py for tasks to queue
[2025-03-21T20:52:05.040+0000] {logging_mixin.py:190} INFO - [2025-03-21T20:52:05.039+0000] {dagbag.py:588} INFO - Filling up the DagBag from /home/usmail/sys_fraud/sys_detection_frauds/lib/python3.12/site-packages/airflow/example_dags/example_branch_operator.py
[2025-03-21T20:52:05.043+0000] {processor.py:927} WARNING - No viable dags retrieved from /home/usmail/sys_fraud/sys_detection_frauds/lib/python3.12/site-packages/airflow/example_dags/example_branch_operator.py
[2025-03-21T20:52:05.050+0000] {processor.py:208} INFO - Processing /home/usmail/sys_fraud/sys_detection_frauds/lib/python3.12/site-packages/airflow/example_dags/example_branch_operator.py took 0.026 seconds
[2025-03-21T20:53:00.605+0000] {processor.py:186} INFO - Started process (PID=3725400) to work on /home/usmail/sys_fraud/sys_detection_frauds/lib/python3.12/site-packages/airflow/example_dags/example_branch_operator.py
[2025-03-21T20:53:00.614+0000] {processor.py:914} INFO - Processing file /home/usmail/sys_fraud/sys_detection_frauds/lib/python3.12/site-packages/airflow/example_dags/example_branch_operator.py for tasks to queue
[2025-03-21T20:53:00.617+0000] {logging_mixin.py:190} INFO - [2025-03-21T20:53:00.616+0000] {dagbag.py:588} INFO - Filling up the DagBag from /home/usmail/sys_fraud/sys_detection_frauds/lib/python3.12/site-packages/airflow/example_dags/example_branch_operator.py
[2025-03-21T20:53:00.620+0000] {processor.py:927} WARNING - No viable dags retrieved from /home/usmail/sys_fraud/sys_detection_frauds/lib/python3.12/site-packages/airflow/example_dags/example_branch_operator.py
[2025-03-21T20:53:00.629+0000] {processor.py:208} INFO - Processing /home/usmail/sys_fraud/sys_detection_frauds/lib/python3.12/site-packages/airflow/example_dags/example_branch_operator.py took 0.029 seconds
[2025-03-21T20:54:20.650+0000] {processor.py:186} INFO - Started process (PID=3726418) to work on /home/usmail/sys_fraud/sys_detection_frauds/lib/python3.12/site-packages/airflow/example_dags/example_branch_operator.py
[2025-03-21T20:54:20.658+0000] {processor.py:914} INFO - Processing file /home/usmail/sys_fraud/sys_detection_frauds/lib/python3.12/site-packages/airflow/example_dags/example_branch_operator.py for tasks to queue
[2025-03-21T20:54:20.661+0000] {logging_mixin.py:190} INFO - [2025-03-21T20:54:20.661+0000] {dagbag.py:588} INFO - Filling up the DagBag from /home/usmail/sys_fraud/sys_detection_frauds/lib/python3.12/site-packages/airflow/example_dags/example_branch_operator.py
[2025-03-21T20:54:20.666+0000] {processor.py:927} WARNING - No viable dags retrieved from /home/usmail/sys_fraud/sys_detection_frauds/lib/python3.12/site-packages/airflow/example_dags/example_branch_operator.py
[2025-03-21T20:54:20.674+0000] {processor.py:208} INFO - Processing /home/usmail/sys_fraud/sys_detection_frauds/lib/python3.12/site-packages/airflow/example_dags/example_branch_operator.py took 0.029 seconds
[2025-03-21T20:55:36.977+0000] {processor.py:186} INFO - Started process (PID=3727356) to work on /home/usmail/sys_fraud/sys_detection_frauds/lib/python3.12/site-packages/airflow/example_dags/example_branch_operator.py
[2025-03-21T20:55:36.978+0000] {processor.py:914} INFO - Processing file /home/usmail/sys_fraud/sys_detection_frauds/lib/python3.12/site-packages/airflow/example_dags/example_branch_operator.py for tasks to queue
[2025-03-21T20:55:36.980+0000] {logging_mixin.py:190} INFO - [2025-03-21T20:55:36.979+0000] {dagbag.py:588} INFO - Filling up the DagBag from /home/usmail/sys_fraud/sys_detection_frauds/lib/python3.12/site-packages/airflow/example_dags/example_branch_operator.py
[2025-03-21T20:55:36.982+0000] {processor.py:927} WARNING - No viable dags retrieved from /home/usmail/sys_fraud/sys_detection_frauds/lib/python3.12/site-packages/airflow/example_dags/example_branch_operator.py
[2025-03-21T20:55:36.989+0000] {processor.py:208} INFO - Processing /home/usmail/sys_fraud/sys_detection_frauds/lib/python3.12/site-packages/airflow/example_dags/example_branch_operator.py took 0.016 seconds
[2025-03-21T20:56:54.110+0000] {processor.py:186} INFO - Started process (PID=3728462) to work on /home/usmail/sys_fraud/sys_detection_frauds/lib/python3.12/site-packages/airflow/example_dags/example_branch_operator.py
[2025-03-21T20:56:54.119+0000] {processor.py:914} INFO - Processing file /home/usmail/sys_fraud/sys_detection_frauds/lib/python3.12/site-packages/airflow/example_dags/example_branch_operator.py for tasks to queue
[2025-03-21T20:56:54.123+0000] {logging_mixin.py:190} INFO - [2025-03-21T20:56:54.122+0000] {dagbag.py:588} INFO - Filling up the DagBag from /home/usmail/sys_fraud/sys_detection_frauds/lib/python3.12/site-packages/airflow/example_dags/example_branch_operator.py
[2025-03-21T20:56:54.127+0000] {processor.py:927} WARNING - No viable dags retrieved from /home/usmail/sys_fraud/sys_detection_frauds/lib/python3.12/site-packages/airflow/example_dags/example_branch_operator.py
[2025-03-21T20:56:54.134+0000] {processor.py:208} INFO - Processing /home/usmail/sys_fraud/sys_detection_frauds/lib/python3.12/site-packages/airflow/example_dags/example_branch_operator.py took 0.030 seconds
[2025-03-21T20:58:10.602+0000] {processor.py:186} INFO - Started process (PID=3729345) to work on /home/usmail/sys_fraud/sys_detection_frauds/lib/python3.12/site-packages/airflow/example_dags/example_branch_operator.py
[2025-03-21T20:58:10.611+0000] {processor.py:914} INFO - Processing file /home/usmail/sys_fraud/sys_detection_frauds/lib/python3.12/site-packages/airflow/example_dags/example_branch_operator.py for tasks to queue
[2025-03-21T20:58:10.614+0000] {logging_mixin.py:190} INFO - [2025-03-21T20:58:10.614+0000] {dagbag.py:588} INFO - Filling up the DagBag from /home/usmail/sys_fraud/sys_detection_frauds/lib/python3.12/site-packages/airflow/example_dags/example_branch_operator.py
[2025-03-21T20:58:10.618+0000] {processor.py:927} WARNING - No viable dags retrieved from /home/usmail/sys_fraud/sys_detection_frauds/lib/python3.12/site-packages/airflow/example_dags/example_branch_operator.py
[2025-03-21T20:58:10.625+0000] {processor.py:208} INFO - Processing /home/usmail/sys_fraud/sys_detection_frauds/lib/python3.12/site-packages/airflow/example_dags/example_branch_operator.py took 0.029 seconds
[2025-03-21T21:00:01.482+0000] {processor.py:186} INFO - Started process (PID=3730877) to work on /home/usmail/sys_fraud/sys_detection_frauds/lib/python3.12/site-packages/airflow/example_dags/example_branch_operator.py
[2025-03-21T21:00:01.483+0000] {processor.py:914} INFO - Processing file /home/usmail/sys_fraud/sys_detection_frauds/lib/python3.12/site-packages/airflow/example_dags/example_branch_operator.py for tasks to queue
[2025-03-21T21:00:01.484+0000] {logging_mixin.py:190} INFO - [2025-03-21T21:00:01.484+0000] {dagbag.py:588} INFO - Filling up the DagBag from /home/usmail/sys_fraud/sys_detection_frauds/lib/python3.12/site-packages/airflow/example_dags/example_branch_operator.py
[2025-03-21T21:00:01.486+0000] {processor.py:927} WARNING - No viable dags retrieved from /home/usmail/sys_fraud/sys_detection_frauds/lib/python3.12/site-packages/airflow/example_dags/example_branch_operator.py
[2025-03-21T21:00:01.492+0000] {processor.py:208} INFO - Processing /home/usmail/sys_fraud/sys_detection_frauds/lib/python3.12/site-packages/airflow/example_dags/example_branch_operator.py took 0.016 seconds
[2025-03-21T21:00:58.848+0000] {processor.py:186} INFO - Started process (PID=3731635) to work on /home/usmail/sys_fraud/sys_detection_frauds/lib/python3.12/site-packages/airflow/example_dags/example_branch_operator.py
[2025-03-21T21:00:58.848+0000] {processor.py:914} INFO - Processing file /home/usmail/sys_fraud/sys_detection_frauds/lib/python3.12/site-packages/airflow/example_dags/example_branch_operator.py for tasks to queue
[2025-03-21T21:00:58.850+0000] {logging_mixin.py:190} INFO - [2025-03-21T21:00:58.849+0000] {dagbag.py:588} INFO - Filling up the DagBag from /home/usmail/sys_fraud/sys_detection_frauds/lib/python3.12/site-packages/airflow/example_dags/example_branch_operator.py
[2025-03-21T21:00:58.852+0000] {processor.py:927} WARNING - No viable dags retrieved from /home/usmail/sys_fraud/sys_detection_frauds/lib/python3.12/site-packages/airflow/example_dags/example_branch_operator.py
[2025-03-21T21:00:58.858+0000] {processor.py:208} INFO - Processing /home/usmail/sys_fraud/sys_detection_frauds/lib/python3.12/site-packages/airflow/example_dags/example_branch_operator.py took 0.014 seconds
[2025-03-21T21:01:54.902+0000] {processor.py:186} INFO - Started process (PID=3732320) to work on /home/usmail/sys_fraud/sys_detection_frauds/lib/python3.12/site-packages/airflow/example_dags/example_branch_operator.py
[2025-03-21T21:01:54.910+0000] {processor.py:914} INFO - Processing file /home/usmail/sys_fraud/sys_detection_frauds/lib/python3.12/site-packages/airflow/example_dags/example_branch_operator.py for tasks to queue
[2025-03-21T21:01:54.913+0000] {logging_mixin.py:190} INFO - [2025-03-21T21:01:54.912+0000] {dagbag.py:588} INFO - Filling up the DagBag from /home/usmail/sys_fraud/sys_detection_frauds/lib/python3.12/site-packages/airflow/example_dags/example_branch_operator.py
[2025-03-21T21:01:54.916+0000] {processor.py:927} WARNING - No viable dags retrieved from /home/usmail/sys_fraud/sys_detection_frauds/lib/python3.12/site-packages/airflow/example_dags/example_branch_operator.py
[2025-03-21T21:01:54.925+0000] {processor.py:208} INFO - Processing /home/usmail/sys_fraud/sys_detection_frauds/lib/python3.12/site-packages/airflow/example_dags/example_branch_operator.py took 0.026 seconds
[2025-03-21T21:02:50.226+0000] {processor.py:186} INFO - Started process (PID=3732994) to work on /home/usmail/sys_fraud/sys_detection_frauds/lib/python3.12/site-packages/airflow/example_dags/example_branch_operator.py
[2025-03-21T21:02:50.234+0000] {processor.py:914} INFO - Processing file /home/usmail/sys_fraud/sys_detection_frauds/lib/python3.12/site-packages/airflow/example_dags/example_branch_operator.py for tasks to queue
[2025-03-21T21:02:50.237+0000] {logging_mixin.py:190} INFO - [2025-03-21T21:02:50.236+0000] {dagbag.py:588} INFO - Filling up the DagBag from /home/usmail/sys_fraud/sys_detection_frauds/lib/python3.12/site-packages/airflow/example_dags/example_branch_operator.py
[2025-03-21T21:02:50.241+0000] {processor.py:927} WARNING - No viable dags retrieved from /home/usmail/sys_fraud/sys_detection_frauds/lib/python3.12/site-packages/airflow/example_dags/example_branch_operator.py
[2025-03-21T21:02:50.250+0000] {processor.py:208} INFO - Processing /home/usmail/sys_fraud/sys_detection_frauds/lib/python3.12/site-packages/airflow/example_dags/example_branch_operator.py took 0.028 seconds
[2025-03-21T21:04:12.786+0000] {processor.py:186} INFO - Started process (PID=3734071) to work on /home/usmail/sys_fraud/sys_detection_frauds/lib/python3.12/site-packages/airflow/example_dags/example_branch_operator.py
[2025-03-21T21:04:12.786+0000] {processor.py:914} INFO - Processing file /home/usmail/sys_fraud/sys_detection_frauds/lib/python3.12/site-packages/airflow/example_dags/example_branch_operator.py for tasks to queue
[2025-03-21T21:04:12.787+0000] {logging_mixin.py:190} INFO - [2025-03-21T21:04:12.787+0000] {dagbag.py:588} INFO - Filling up the DagBag from /home/usmail/sys_fraud/sys_detection_frauds/lib/python3.12/site-packages/airflow/example_dags/example_branch_operator.py
[2025-03-21T21:04:12.789+0000] {processor.py:927} WARNING - No viable dags retrieved from /home/usmail/sys_fraud/sys_detection_frauds/lib/python3.12/site-packages/airflow/example_dags/example_branch_operator.py
[2025-03-21T21:04:12.795+0000] {processor.py:208} INFO - Processing /home/usmail/sys_fraud/sys_detection_frauds/lib/python3.12/site-packages/airflow/example_dags/example_branch_operator.py took 0.012 seconds
[2025-03-21T21:05:07.630+0000] {processor.py:186} INFO - Started process (PID=3734948) to work on /home/usmail/sys_fraud/sys_detection_frauds/lib/python3.12/site-packages/airflow/example_dags/example_branch_operator.py
[2025-03-21T21:05:07.639+0000] {processor.py:914} INFO - Processing file /home/usmail/sys_fraud/sys_detection_frauds/lib/python3.12/site-packages/airflow/example_dags/example_branch_operator.py for tasks to queue
[2025-03-21T21:05:07.642+0000] {logging_mixin.py:190} INFO - [2025-03-21T21:05:07.642+0000] {dagbag.py:588} INFO - Filling up the DagBag from /home/usmail/sys_fraud/sys_detection_frauds/lib/python3.12/site-packages/airflow/example_dags/example_branch_operator.py
[2025-03-21T21:05:07.645+0000] {processor.py:927} WARNING - No viable dags retrieved from /home/usmail/sys_fraud/sys_detection_frauds/lib/python3.12/site-packages/airflow/example_dags/example_branch_operator.py
[2025-03-21T21:05:07.651+0000] {processor.py:208} INFO - Processing /home/usmail/sys_fraud/sys_detection_frauds/lib/python3.12/site-packages/airflow/example_dags/example_branch_operator.py took 0.025 seconds
[2025-03-21T21:06:25.968+0000] {processor.py:186} INFO - Started process (PID=3736506) to work on /home/usmail/sys_fraud/sys_detection_frauds/lib/python3.12/site-packages/airflow/example_dags/example_branch_operator.py
[2025-03-21T21:06:25.976+0000] {processor.py:914} INFO - Processing file /home/usmail/sys_fraud/sys_detection_frauds/lib/python3.12/site-packages/airflow/example_dags/example_branch_operator.py for tasks to queue
[2025-03-21T21:06:25.978+0000] {logging_mixin.py:190} INFO - [2025-03-21T21:06:25.978+0000] {dagbag.py:588} INFO - Filling up the DagBag from /home/usmail/sys_fraud/sys_detection_frauds/lib/python3.12/site-packages/airflow/example_dags/example_branch_operator.py
[2025-03-21T21:06:25.980+0000] {processor.py:927} WARNING - No viable dags retrieved from /home/usmail/sys_fraud/sys_detection_frauds/lib/python3.12/site-packages/airflow/example_dags/example_branch_operator.py
[2025-03-21T21:06:25.985+0000] {processor.py:208} INFO - Processing /home/usmail/sys_fraud/sys_detection_frauds/lib/python3.12/site-packages/airflow/example_dags/example_branch_operator.py took 0.022 seconds
[2025-03-21T21:07:42.049+0000] {processor.py:186} INFO - Started process (PID=3737606) to work on /home/usmail/sys_fraud/sys_detection_frauds/lib/python3.12/site-packages/airflow/example_dags/example_branch_operator.py
[2025-03-21T21:07:42.057+0000] {processor.py:914} INFO - Processing file /home/usmail/sys_fraud/sys_detection_frauds/lib/python3.12/site-packages/airflow/example_dags/example_branch_operator.py for tasks to queue
[2025-03-21T21:07:42.058+0000] {logging_mixin.py:190} INFO - [2025-03-21T21:07:42.058+0000] {dagbag.py:588} INFO - Filling up the DagBag from /home/usmail/sys_fraud/sys_detection_frauds/lib/python3.12/site-packages/airflow/example_dags/example_branch_operator.py
[2025-03-21T21:07:42.061+0000] {processor.py:927} WARNING - No viable dags retrieved from /home/usmail/sys_fraud/sys_detection_frauds/lib/python3.12/site-packages/airflow/example_dags/example_branch_operator.py
[2025-03-21T21:07:42.068+0000] {processor.py:208} INFO - Processing /home/usmail/sys_fraud/sys_detection_frauds/lib/python3.12/site-packages/airflow/example_dags/example_branch_operator.py took 0.024 seconds
[2025-03-21T21:08:37.995+0000] {processor.py:186} INFO - Started process (PID=3738329) to work on /home/usmail/sys_fraud/sys_detection_frauds/lib/python3.12/site-packages/airflow/example_dags/example_branch_operator.py
[2025-03-21T21:08:38.004+0000] {processor.py:914} INFO - Processing file /home/usmail/sys_fraud/sys_detection_frauds/lib/python3.12/site-packages/airflow/example_dags/example_branch_operator.py for tasks to queue
[2025-03-21T21:08:38.008+0000] {logging_mixin.py:190} INFO - [2025-03-21T21:08:38.007+0000] {dagbag.py:588} INFO - Filling up the DagBag from /home/usmail/sys_fraud/sys_detection_frauds/lib/python3.12/site-packages/airflow/example_dags/example_branch_operator.py
[2025-03-21T21:08:38.013+0000] {processor.py:927} WARNING - No viable dags retrieved from /home/usmail/sys_fraud/sys_detection_frauds/lib/python3.12/site-packages/airflow/example_dags/example_branch_operator.py
[2025-03-21T21:08:38.027+0000] {processor.py:208} INFO - Processing /home/usmail/sys_fraud/sys_detection_frauds/lib/python3.12/site-packages/airflow/example_dags/example_branch_operator.py took 0.043 seconds
[2025-03-21T21:09:36.542+0000] {processor.py:186} INFO - Started process (PID=3739207) to work on /home/usmail/sys_fraud/sys_detection_frauds/lib/python3.12/site-packages/airflow/example_dags/example_branch_operator.py
[2025-03-21T21:09:36.551+0000] {processor.py:914} INFO - Processing file /home/usmail/sys_fraud/sys_detection_frauds/lib/python3.12/site-packages/airflow/example_dags/example_branch_operator.py for tasks to queue
[2025-03-21T21:09:36.555+0000] {logging_mixin.py:190} INFO - [2025-03-21T21:09:36.554+0000] {dagbag.py:588} INFO - Filling up the DagBag from /home/usmail/sys_fraud/sys_detection_frauds/lib/python3.12/site-packages/airflow/example_dags/example_branch_operator.py
[2025-03-21T21:09:36.560+0000] {processor.py:927} WARNING - No viable dags retrieved from /home/usmail/sys_fraud/sys_detection_frauds/lib/python3.12/site-packages/airflow/example_dags/example_branch_operator.py
[2025-03-21T21:09:36.574+0000] {processor.py:208} INFO - Processing /home/usmail/sys_fraud/sys_detection_frauds/lib/python3.12/site-packages/airflow/example_dags/example_branch_operator.py took 0.044 seconds
[2025-03-21T21:10:33.736+0000] {processor.py:186} INFO - Started process (PID=3740601) to work on /home/usmail/sys_fraud/sys_detection_frauds/lib/python3.12/site-packages/airflow/example_dags/example_branch_operator.py
[2025-03-21T21:10:33.736+0000] {processor.py:914} INFO - Processing file /home/usmail/sys_fraud/sys_detection_frauds/lib/python3.12/site-packages/airflow/example_dags/example_branch_operator.py for tasks to queue
[2025-03-21T21:10:33.738+0000] {logging_mixin.py:190} INFO - [2025-03-21T21:10:33.738+0000] {dagbag.py:588} INFO - Filling up the DagBag from /home/usmail/sys_fraud/sys_detection_frauds/lib/python3.12/site-packages/airflow/example_dags/example_branch_operator.py
[2025-03-21T21:10:33.741+0000] {processor.py:927} WARNING - No viable dags retrieved from /home/usmail/sys_fraud/sys_detection_frauds/lib/python3.12/site-packages/airflow/example_dags/example_branch_operator.py
[2025-03-21T21:10:33.748+0000] {processor.py:208} INFO - Processing /home/usmail/sys_fraud/sys_detection_frauds/lib/python3.12/site-packages/airflow/example_dags/example_branch_operator.py took 0.019 seconds
[2025-03-21T21:11:32.819+0000] {processor.py:186} INFO - Started process (PID=3741755) to work on /home/usmail/sys_fraud/sys_detection_frauds/lib/python3.12/site-packages/airflow/example_dags/example_branch_operator.py
[2025-03-21T21:11:32.828+0000] {processor.py:914} INFO - Processing file /home/usmail/sys_fraud/sys_detection_frauds/lib/python3.12/site-packages/airflow/example_dags/example_branch_operator.py for tasks to queue
[2025-03-21T21:11:32.830+0000] {logging_mixin.py:190} INFO - [2025-03-21T21:11:32.829+0000] {dagbag.py:588} INFO - Filling up the DagBag from /home/usmail/sys_fraud/sys_detection_frauds/lib/python3.12/site-packages/airflow/example_dags/example_branch_operator.py
[2025-03-21T21:11:32.832+0000] {processor.py:927} WARNING - No viable dags retrieved from /home/usmail/sys_fraud/sys_detection_frauds/lib/python3.12/site-packages/airflow/example_dags/example_branch_operator.py
[2025-03-21T21:11:32.839+0000] {processor.py:208} INFO - Processing /home/usmail/sys_fraud/sys_detection_frauds/lib/python3.12/site-packages/airflow/example_dags/example_branch_operator.py took 0.026 seconds
[2025-03-21T21:12:27.321+0000] {processor.py:186} INFO - Started process (PID=3742807) to work on /home/usmail/sys_fraud/sys_detection_frauds/lib/python3.12/site-packages/airflow/example_dags/example_branch_operator.py
[2025-03-21T21:12:27.329+0000] {processor.py:914} INFO - Processing file /home/usmail/sys_fraud/sys_detection_frauds/lib/python3.12/site-packages/airflow/example_dags/example_branch_operator.py for tasks to queue
[2025-03-21T21:12:27.331+0000] {logging_mixin.py:190} INFO - [2025-03-21T21:12:27.331+0000] {dagbag.py:588} INFO - Filling up the DagBag from /home/usmail/sys_fraud/sys_detection_frauds/lib/python3.12/site-packages/airflow/example_dags/example_branch_operator.py
[2025-03-21T21:12:27.333+0000] {processor.py:927} WARNING - No viable dags retrieved from /home/usmail/sys_fraud/sys_detection_frauds/lib/python3.12/site-packages/airflow/example_dags/example_branch_operator.py
[2025-03-21T21:12:27.340+0000] {processor.py:208} INFO - Processing /home/usmail/sys_fraud/sys_detection_frauds/lib/python3.12/site-packages/airflow/example_dags/example_branch_operator.py took 0.025 seconds
[2025-03-21T21:13:18.744+0000] {processor.py:186} INFO - Started process (PID=3743742) to work on /home/usmail/sys_fraud/sys_detection_frauds/lib/python3.12/site-packages/airflow/example_dags/example_branch_operator.py
[2025-03-21T21:13:18.752+0000] {processor.py:914} INFO - Processing file /home/usmail/sys_fraud/sys_detection_frauds/lib/python3.12/site-packages/airflow/example_dags/example_branch_operator.py for tasks to queue
[2025-03-21T21:13:18.754+0000] {logging_mixin.py:190} INFO - [2025-03-21T21:13:18.753+0000] {dagbag.py:588} INFO - Filling up the DagBag from /home/usmail/sys_fraud/sys_detection_frauds/lib/python3.12/site-packages/airflow/example_dags/example_branch_operator.py
[2025-03-21T21:13:18.756+0000] {processor.py:927} WARNING - No viable dags retrieved from /home/usmail/sys_fraud/sys_detection_frauds/lib/python3.12/site-packages/airflow/example_dags/example_branch_operator.py
[2025-03-21T21:13:18.763+0000] {processor.py:208} INFO - Processing /home/usmail/sys_fraud/sys_detection_frauds/lib/python3.12/site-packages/airflow/example_dags/example_branch_operator.py took 0.025 seconds
[2025-03-21T21:14:39.931+0000] {processor.py:186} INFO - Started process (PID=3745010) to work on /home/usmail/sys_fraud/sys_detection_frauds/lib/python3.12/site-packages/airflow/example_dags/example_branch_operator.py
[2025-03-21T21:14:39.940+0000] {processor.py:914} INFO - Processing file /home/usmail/sys_fraud/sys_detection_frauds/lib/python3.12/site-packages/airflow/example_dags/example_branch_operator.py for tasks to queue
[2025-03-21T21:14:39.943+0000] {logging_mixin.py:190} INFO - [2025-03-21T21:14:39.942+0000] {dagbag.py:588} INFO - Filling up the DagBag from /home/usmail/sys_fraud/sys_detection_frauds/lib/python3.12/site-packages/airflow/example_dags/example_branch_operator.py
[2025-03-21T21:14:39.948+0000] {processor.py:927} WARNING - No viable dags retrieved from /home/usmail/sys_fraud/sys_detection_frauds/lib/python3.12/site-packages/airflow/example_dags/example_branch_operator.py
[2025-03-21T21:14:39.962+0000] {processor.py:208} INFO - Processing /home/usmail/sys_fraud/sys_detection_frauds/lib/python3.12/site-packages/airflow/example_dags/example_branch_operator.py took 0.042 seconds
[2025-03-21T21:15:41.241+0000] {processor.py:186} INFO - Started process (PID=3745781) to work on /home/usmail/sys_fraud/sys_detection_frauds/lib/python3.12/site-packages/airflow/example_dags/example_branch_operator.py
[2025-03-21T21:15:41.250+0000] {processor.py:914} INFO - Processing file /home/usmail/sys_fraud/sys_detection_frauds/lib/python3.12/site-packages/airflow/example_dags/example_branch_operator.py for tasks to queue
[2025-03-21T21:15:41.251+0000] {logging_mixin.py:190} INFO - [2025-03-21T21:15:41.251+0000] {dagbag.py:588} INFO - Filling up the DagBag from /home/usmail/sys_fraud/sys_detection_frauds/lib/python3.12/site-packages/airflow/example_dags/example_branch_operator.py
[2025-03-21T21:15:41.254+0000] {processor.py:927} WARNING - No viable dags retrieved from /home/usmail/sys_fraud/sys_detection_frauds/lib/python3.12/site-packages/airflow/example_dags/example_branch_operator.py
[2025-03-21T21:15:41.261+0000] {processor.py:208} INFO - Processing /home/usmail/sys_fraud/sys_detection_frauds/lib/python3.12/site-packages/airflow/example_dags/example_branch_operator.py took 0.025 seconds
[2025-03-21T21:16:42.489+0000] {processor.py:186} INFO - Started process (PID=3746543) to work on /home/usmail/sys_fraud/sys_detection_frauds/lib/python3.12/site-packages/airflow/example_dags/example_branch_operator.py
[2025-03-21T21:16:42.491+0000] {processor.py:914} INFO - Processing file /home/usmail/sys_fraud/sys_detection_frauds/lib/python3.12/site-packages/airflow/example_dags/example_branch_operator.py for tasks to queue
[2025-03-21T21:16:42.493+0000] {logging_mixin.py:190} INFO - [2025-03-21T21:16:42.492+0000] {dagbag.py:588} INFO - Filling up the DagBag from /home/usmail/sys_fraud/sys_detection_frauds/lib/python3.12/site-packages/airflow/example_dags/example_branch_operator.py
[2025-03-21T21:16:42.495+0000] {processor.py:927} WARNING - No viable dags retrieved from /home/usmail/sys_fraud/sys_detection_frauds/lib/python3.12/site-packages/airflow/example_dags/example_branch_operator.py
[2025-03-21T21:16:42.503+0000] {processor.py:208} INFO - Processing /home/usmail/sys_fraud/sys_detection_frauds/lib/python3.12/site-packages/airflow/example_dags/example_branch_operator.py took 0.021 seconds
[2025-03-21T21:17:44.263+0000] {processor.py:186} INFO - Started process (PID=3747334) to work on /home/usmail/sys_fraud/sys_detection_frauds/lib/python3.12/site-packages/airflow/example_dags/example_branch_operator.py
[2025-03-21T21:17:44.272+0000] {processor.py:914} INFO - Processing file /home/usmail/sys_fraud/sys_detection_frauds/lib/python3.12/site-packages/airflow/example_dags/example_branch_operator.py for tasks to queue
[2025-03-21T21:17:44.275+0000] {logging_mixin.py:190} INFO - [2025-03-21T21:17:44.274+0000] {dagbag.py:588} INFO - Filling up the DagBag from /home/usmail/sys_fraud/sys_detection_frauds/lib/python3.12/site-packages/airflow/example_dags/example_branch_operator.py
[2025-03-21T21:17:44.279+0000] {processor.py:927} WARNING - No viable dags retrieved from /home/usmail/sys_fraud/sys_detection_frauds/lib/python3.12/site-packages/airflow/example_dags/example_branch_operator.py
[2025-03-21T21:17:44.291+0000] {processor.py:208} INFO - Processing /home/usmail/sys_fraud/sys_detection_frauds/lib/python3.12/site-packages/airflow/example_dags/example_branch_operator.py took 0.038 seconds
[2025-03-21T21:18:50.712+0000] {processor.py:186} INFO - Started process (PID=3748139) to work on /home/usmail/sys_fraud/sys_detection_frauds/lib/python3.12/site-packages/airflow/example_dags/example_branch_operator.py
[2025-03-21T21:18:50.721+0000] {processor.py:914} INFO - Processing file /home/usmail/sys_fraud/sys_detection_frauds/lib/python3.12/site-packages/airflow/example_dags/example_branch_operator.py for tasks to queue
[2025-03-21T21:18:50.723+0000] {logging_mixin.py:190} INFO - [2025-03-21T21:18:50.723+0000] {dagbag.py:588} INFO - Filling up the DagBag from /home/usmail/sys_fraud/sys_detection_frauds/lib/python3.12/site-packages/airflow/example_dags/example_branch_operator.py
[2025-03-21T21:18:50.727+0000] {processor.py:927} WARNING - No viable dags retrieved from /home/usmail/sys_fraud/sys_detection_frauds/lib/python3.12/site-packages/airflow/example_dags/example_branch_operator.py
[2025-03-21T21:18:50.736+0000] {processor.py:208} INFO - Processing /home/usmail/sys_fraud/sys_detection_frauds/lib/python3.12/site-packages/airflow/example_dags/example_branch_operator.py took 0.036 seconds
[2025-03-21T21:19:53.614+0000] {processor.py:186} INFO - Started process (PID=3748899) to work on /home/usmail/sys_fraud/sys_detection_frauds/lib/python3.12/site-packages/airflow/example_dags/example_branch_operator.py
[2025-03-21T21:19:53.624+0000] {processor.py:914} INFO - Processing file /home/usmail/sys_fraud/sys_detection_frauds/lib/python3.12/site-packages/airflow/example_dags/example_branch_operator.py for tasks to queue
[2025-03-21T21:19:53.627+0000] {logging_mixin.py:190} INFO - [2025-03-21T21:19:53.627+0000] {dagbag.py:588} INFO - Filling up the DagBag from /home/usmail/sys_fraud/sys_detection_frauds/lib/python3.12/site-packages/airflow/example_dags/example_branch_operator.py
[2025-03-21T21:19:53.632+0000] {processor.py:927} WARNING - No viable dags retrieved from /home/usmail/sys_fraud/sys_detection_frauds/lib/python3.12/site-packages/airflow/example_dags/example_branch_operator.py
[2025-03-21T21:19:53.647+0000] {processor.py:208} INFO - Processing /home/usmail/sys_fraud/sys_detection_frauds/lib/python3.12/site-packages/airflow/example_dags/example_branch_operator.py took 0.044 seconds
[2025-03-21T21:20:56.570+0000] {processor.py:186} INFO - Started process (PID=3749659) to work on /home/usmail/sys_fraud/sys_detection_frauds/lib/python3.12/site-packages/airflow/example_dags/example_branch_operator.py
[2025-03-21T21:20:56.579+0000] {processor.py:914} INFO - Processing file /home/usmail/sys_fraud/sys_detection_frauds/lib/python3.12/site-packages/airflow/example_dags/example_branch_operator.py for tasks to queue
[2025-03-21T21:20:56.581+0000] {logging_mixin.py:190} INFO - [2025-03-21T21:20:56.581+0000] {dagbag.py:588} INFO - Filling up the DagBag from /home/usmail/sys_fraud/sys_detection_frauds/lib/python3.12/site-packages/airflow/example_dags/example_branch_operator.py
[2025-03-21T21:20:56.584+0000] {processor.py:927} WARNING - No viable dags retrieved from /home/usmail/sys_fraud/sys_detection_frauds/lib/python3.12/site-packages/airflow/example_dags/example_branch_operator.py
[2025-03-21T21:20:56.592+0000] {processor.py:208} INFO - Processing /home/usmail/sys_fraud/sys_detection_frauds/lib/python3.12/site-packages/airflow/example_dags/example_branch_operator.py took 0.031 seconds
[2025-03-21T21:22:02.239+0000] {processor.py:186} INFO - Started process (PID=3750471) to work on /home/usmail/sys_fraud/sys_detection_frauds/lib/python3.12/site-packages/airflow/example_dags/example_branch_operator.py
[2025-03-21T21:22:02.240+0000] {processor.py:914} INFO - Processing file /home/usmail/sys_fraud/sys_detection_frauds/lib/python3.12/site-packages/airflow/example_dags/example_branch_operator.py for tasks to queue
[2025-03-21T21:22:02.243+0000] {logging_mixin.py:190} INFO - [2025-03-21T21:22:02.243+0000] {dagbag.py:588} INFO - Filling up the DagBag from /home/usmail/sys_fraud/sys_detection_frauds/lib/python3.12/site-packages/airflow/example_dags/example_branch_operator.py
[2025-03-21T21:22:02.249+0000] {processor.py:927} WARNING - No viable dags retrieved from /home/usmail/sys_fraud/sys_detection_frauds/lib/python3.12/site-packages/airflow/example_dags/example_branch_operator.py
[2025-03-21T21:22:02.264+0000] {processor.py:208} INFO - Processing /home/usmail/sys_fraud/sys_detection_frauds/lib/python3.12/site-packages/airflow/example_dags/example_branch_operator.py took 0.037 seconds
[2025-03-21T21:23:09.445+0000] {processor.py:186} INFO - Started process (PID=3751313) to work on /home/usmail/sys_fraud/sys_detection_frauds/lib/python3.12/site-packages/airflow/example_dags/example_branch_operator.py
[2025-03-21T21:23:09.455+0000] {processor.py:914} INFO - Processing file /home/usmail/sys_fraud/sys_detection_frauds/lib/python3.12/site-packages/airflow/example_dags/example_branch_operator.py for tasks to queue
[2025-03-21T21:23:09.458+0000] {logging_mixin.py:190} INFO - [2025-03-21T21:23:09.458+0000] {dagbag.py:588} INFO - Filling up the DagBag from /home/usmail/sys_fraud/sys_detection_frauds/lib/python3.12/site-packages/airflow/example_dags/example_branch_operator.py
[2025-03-21T21:23:09.464+0000] {processor.py:927} WARNING - No viable dags retrieved from /home/usmail/sys_fraud/sys_detection_frauds/lib/python3.12/site-packages/airflow/example_dags/example_branch_operator.py
[2025-03-21T21:23:09.478+0000] {processor.py:208} INFO - Processing /home/usmail/sys_fraud/sys_detection_frauds/lib/python3.12/site-packages/airflow/example_dags/example_branch_operator.py took 0.045 seconds
[2025-03-21T21:24:10.999+0000] {processor.py:186} INFO - Started process (PID=3752023) to work on /home/usmail/sys_fraud/sys_detection_frauds/lib/python3.12/site-packages/airflow/example_dags/example_branch_operator.py
[2025-03-21T21:24:11.008+0000] {processor.py:914} INFO - Processing file /home/usmail/sys_fraud/sys_detection_frauds/lib/python3.12/site-packages/airflow/example_dags/example_branch_operator.py for tasks to queue
[2025-03-21T21:24:11.011+0000] {logging_mixin.py:190} INFO - [2025-03-21T21:24:11.011+0000] {dagbag.py:588} INFO - Filling up the DagBag from /home/usmail/sys_fraud/sys_detection_frauds/lib/python3.12/site-packages/airflow/example_dags/example_branch_operator.py
[2025-03-21T21:24:11.017+0000] {processor.py:927} WARNING - No viable dags retrieved from /home/usmail/sys_fraud/sys_detection_frauds/lib/python3.12/site-packages/airflow/example_dags/example_branch_operator.py
[2025-03-21T21:24:11.031+0000] {processor.py:208} INFO - Processing /home/usmail/sys_fraud/sys_detection_frauds/lib/python3.12/site-packages/airflow/example_dags/example_branch_operator.py took 0.044 seconds
[2025-03-21T21:25:13.556+0000] {processor.py:186} INFO - Started process (PID=3752686) to work on /home/usmail/sys_fraud/sys_detection_frauds/lib/python3.12/site-packages/airflow/example_dags/example_branch_operator.py
[2025-03-21T21:25:13.565+0000] {processor.py:914} INFO - Processing file /home/usmail/sys_fraud/sys_detection_frauds/lib/python3.12/site-packages/airflow/example_dags/example_branch_operator.py for tasks to queue
[2025-03-21T21:25:13.568+0000] {logging_mixin.py:190} INFO - [2025-03-21T21:25:13.568+0000] {dagbag.py:588} INFO - Filling up the DagBag from /home/usmail/sys_fraud/sys_detection_frauds/lib/python3.12/site-packages/airflow/example_dags/example_branch_operator.py
[2025-03-21T21:25:13.573+0000] {processor.py:927} WARNING - No viable dags retrieved from /home/usmail/sys_fraud/sys_detection_frauds/lib/python3.12/site-packages/airflow/example_dags/example_branch_operator.py
[2025-03-21T21:25:13.590+0000] {processor.py:208} INFO - Processing /home/usmail/sys_fraud/sys_detection_frauds/lib/python3.12/site-packages/airflow/example_dags/example_branch_operator.py took 0.047 seconds
[2025-03-21T21:26:19.155+0000] {processor.py:186} INFO - Started process (PID=3753381) to work on /home/usmail/sys_fraud/sys_detection_frauds/lib/python3.12/site-packages/airflow/example_dags/example_branch_operator.py
[2025-03-21T21:26:19.164+0000] {processor.py:914} INFO - Processing file /home/usmail/sys_fraud/sys_detection_frauds/lib/python3.12/site-packages/airflow/example_dags/example_branch_operator.py for tasks to queue
[2025-03-21T21:26:19.167+0000] {logging_mixin.py:190} INFO - [2025-03-21T21:26:19.166+0000] {dagbag.py:588} INFO - Filling up the DagBag from /home/usmail/sys_fraud/sys_detection_frauds/lib/python3.12/site-packages/airflow/example_dags/example_branch_operator.py
[2025-03-21T21:26:19.172+0000] {processor.py:927} WARNING - No viable dags retrieved from /home/usmail/sys_fraud/sys_detection_frauds/lib/python3.12/site-packages/airflow/example_dags/example_branch_operator.py
[2025-03-21T21:26:19.186+0000] {processor.py:208} INFO - Processing /home/usmail/sys_fraud/sys_detection_frauds/lib/python3.12/site-packages/airflow/example_dags/example_branch_operator.py took 0.043 seconds
[2025-03-21T21:27:21.715+0000] {processor.py:186} INFO - Started process (PID=3754032) to work on /home/usmail/sys_fraud/sys_detection_frauds/lib/python3.12/site-packages/airflow/example_dags/example_branch_operator.py
[2025-03-21T21:27:21.725+0000] {processor.py:914} INFO - Processing file /home/usmail/sys_fraud/sys_detection_frauds/lib/python3.12/site-packages/airflow/example_dags/example_branch_operator.py for tasks to queue
[2025-03-21T21:27:21.728+0000] {logging_mixin.py:190} INFO - [2025-03-21T21:27:21.727+0000] {dagbag.py:588} INFO - Filling up the DagBag from /home/usmail/sys_fraud/sys_detection_frauds/lib/python3.12/site-packages/airflow/example_dags/example_branch_operator.py
[2025-03-21T21:27:21.733+0000] {processor.py:927} WARNING - No viable dags retrieved from /home/usmail/sys_fraud/sys_detection_frauds/lib/python3.12/site-packages/airflow/example_dags/example_branch_operator.py
[2025-03-21T21:27:21.748+0000] {processor.py:208} INFO - Processing /home/usmail/sys_fraud/sys_detection_frauds/lib/python3.12/site-packages/airflow/example_dags/example_branch_operator.py took 0.044 seconds
[2025-03-21T21:28:21.875+0000] {processor.py:186} INFO - Started process (PID=3754656) to work on /home/usmail/sys_fraud/sys_detection_frauds/lib/python3.12/site-packages/airflow/example_dags/example_branch_operator.py
[2025-03-21T21:28:21.884+0000] {processor.py:914} INFO - Processing file /home/usmail/sys_fraud/sys_detection_frauds/lib/python3.12/site-packages/airflow/example_dags/example_branch_operator.py for tasks to queue
[2025-03-21T21:28:21.887+0000] {logging_mixin.py:190} INFO - [2025-03-21T21:28:21.886+0000] {dagbag.py:588} INFO - Filling up the DagBag from /home/usmail/sys_fraud/sys_detection_frauds/lib/python3.12/site-packages/airflow/example_dags/example_branch_operator.py
[2025-03-21T21:28:21.892+0000] {processor.py:927} WARNING - No viable dags retrieved from /home/usmail/sys_fraud/sys_detection_frauds/lib/python3.12/site-packages/airflow/example_dags/example_branch_operator.py
[2025-03-21T21:28:21.907+0000] {processor.py:208} INFO - Processing /home/usmail/sys_fraud/sys_detection_frauds/lib/python3.12/site-packages/airflow/example_dags/example_branch_operator.py took 0.043 seconds
[2025-03-21T21:29:22.648+0000] {processor.py:186} INFO - Started process (PID=3755304) to work on /home/usmail/sys_fraud/sys_detection_frauds/lib/python3.12/site-packages/airflow/example_dags/example_branch_operator.py
[2025-03-21T21:29:22.657+0000] {processor.py:914} INFO - Processing file /home/usmail/sys_fraud/sys_detection_frauds/lib/python3.12/site-packages/airflow/example_dags/example_branch_operator.py for tasks to queue
[2025-03-21T21:29:22.660+0000] {logging_mixin.py:190} INFO - [2025-03-21T21:29:22.660+0000] {dagbag.py:588} INFO - Filling up the DagBag from /home/usmail/sys_fraud/sys_detection_frauds/lib/python3.12/site-packages/airflow/example_dags/example_branch_operator.py
[2025-03-21T21:29:22.665+0000] {processor.py:927} WARNING - No viable dags retrieved from /home/usmail/sys_fraud/sys_detection_frauds/lib/python3.12/site-packages/airflow/example_dags/example_branch_operator.py
[2025-03-21T21:29:22.679+0000] {processor.py:208} INFO - Processing /home/usmail/sys_fraud/sys_detection_frauds/lib/python3.12/site-packages/airflow/example_dags/example_branch_operator.py took 0.042 seconds
[2025-03-21T21:30:28.692+0000] {processor.py:186} INFO - Started process (PID=3755992) to work on /home/usmail/sys_fraud/sys_detection_frauds/lib/python3.12/site-packages/airflow/example_dags/example_branch_operator.py
[2025-03-21T21:30:28.701+0000] {processor.py:914} INFO - Processing file /home/usmail/sys_fraud/sys_detection_frauds/lib/python3.12/site-packages/airflow/example_dags/example_branch_operator.py for tasks to queue
[2025-03-21T21:30:28.704+0000] {logging_mixin.py:190} INFO - [2025-03-21T21:30:28.704+0000] {dagbag.py:588} INFO - Filling up the DagBag from /home/usmail/sys_fraud/sys_detection_frauds/lib/python3.12/site-packages/airflow/example_dags/example_branch_operator.py
[2025-03-21T21:30:28.709+0000] {processor.py:927} WARNING - No viable dags retrieved from /home/usmail/sys_fraud/sys_detection_frauds/lib/python3.12/site-packages/airflow/example_dags/example_branch_operator.py
[2025-03-21T21:30:28.723+0000] {processor.py:208} INFO - Processing /home/usmail/sys_fraud/sys_detection_frauds/lib/python3.12/site-packages/airflow/example_dags/example_branch_operator.py took 0.043 seconds
[2025-03-21T21:31:35.092+0000] {processor.py:186} INFO - Started process (PID=3756683) to work on /home/usmail/sys_fraud/sys_detection_frauds/lib/python3.12/site-packages/airflow/example_dags/example_branch_operator.py
[2025-03-21T21:31:35.101+0000] {processor.py:914} INFO - Processing file /home/usmail/sys_fraud/sys_detection_frauds/lib/python3.12/site-packages/airflow/example_dags/example_branch_operator.py for tasks to queue
[2025-03-21T21:31:35.104+0000] {logging_mixin.py:190} INFO - [2025-03-21T21:31:35.103+0000] {dagbag.py:588} INFO - Filling up the DagBag from /home/usmail/sys_fraud/sys_detection_frauds/lib/python3.12/site-packages/airflow/example_dags/example_branch_operator.py
[2025-03-21T21:31:35.109+0000] {processor.py:927} WARNING - No viable dags retrieved from /home/usmail/sys_fraud/sys_detection_frauds/lib/python3.12/site-packages/airflow/example_dags/example_branch_operator.py
[2025-03-21T21:31:35.123+0000] {processor.py:208} INFO - Processing /home/usmail/sys_fraud/sys_detection_frauds/lib/python3.12/site-packages/airflow/example_dags/example_branch_operator.py took 0.043 seconds
[2025-03-21T21:32:40.253+0000] {processor.py:186} INFO - Started process (PID=3757373) to work on /home/usmail/sys_fraud/sys_detection_frauds/lib/python3.12/site-packages/airflow/example_dags/example_branch_operator.py
[2025-03-21T21:32:40.262+0000] {processor.py:914} INFO - Processing file /home/usmail/sys_fraud/sys_detection_frauds/lib/python3.12/site-packages/airflow/example_dags/example_branch_operator.py for tasks to queue
[2025-03-21T21:32:40.265+0000] {logging_mixin.py:190} INFO - [2025-03-21T21:32:40.265+0000] {dagbag.py:588} INFO - Filling up the DagBag from /home/usmail/sys_fraud/sys_detection_frauds/lib/python3.12/site-packages/airflow/example_dags/example_branch_operator.py
[2025-03-21T21:32:40.271+0000] {processor.py:927} WARNING - No viable dags retrieved from /home/usmail/sys_fraud/sys_detection_frauds/lib/python3.12/site-packages/airflow/example_dags/example_branch_operator.py
[2025-03-21T21:32:40.285+0000] {processor.py:208} INFO - Processing /home/usmail/sys_fraud/sys_detection_frauds/lib/python3.12/site-packages/airflow/example_dags/example_branch_operator.py took 0.044 seconds
[2025-03-21T22:19:10.040+0000] {processor.py:186} INFO - Started process (PID=3758203) to work on /home/usmail/sys_fraud/sys_detection_frauds/lib/python3.12/site-packages/airflow/example_dags/example_branch_operator.py
[2025-03-21T22:19:10.049+0000] {processor.py:914} INFO - Processing file /home/usmail/sys_fraud/sys_detection_frauds/lib/python3.12/site-packages/airflow/example_dags/example_branch_operator.py for tasks to queue
[2025-03-21T22:19:10.053+0000] {logging_mixin.py:190} INFO - [2025-03-21T22:19:10.052+0000] {dagbag.py:588} INFO - Filling up the DagBag from /home/usmail/sys_fraud/sys_detection_frauds/lib/python3.12/site-packages/airflow/example_dags/example_branch_operator.py
[2025-03-21T22:19:10.059+0000] {processor.py:927} WARNING - No viable dags retrieved from /home/usmail/sys_fraud/sys_detection_frauds/lib/python3.12/site-packages/airflow/example_dags/example_branch_operator.py
[2025-03-21T22:19:10.073+0000] {processor.py:208} INFO - Processing /home/usmail/sys_fraud/sys_detection_frauds/lib/python3.12/site-packages/airflow/example_dags/example_branch_operator.py took 0.045 seconds
[2025-03-21T22:20:40.173+0000] {processor.py:186} INFO - Started process (PID=3759641) to work on /home/usmail/sys_fraud/sys_detection_frauds/lib/python3.12/site-packages/airflow/example_dags/example_branch_operator.py
[2025-03-21T22:20:40.182+0000] {processor.py:914} INFO - Processing file /home/usmail/sys_fraud/sys_detection_frauds/lib/python3.12/site-packages/airflow/example_dags/example_branch_operator.py for tasks to queue
[2025-03-21T22:20:40.186+0000] {logging_mixin.py:190} INFO - [2025-03-21T22:20:40.185+0000] {dagbag.py:588} INFO - Filling up the DagBag from /home/usmail/sys_fraud/sys_detection_frauds/lib/python3.12/site-packages/airflow/example_dags/example_branch_operator.py
[2025-03-21T22:20:40.190+0000] {processor.py:927} WARNING - No viable dags retrieved from /home/usmail/sys_fraud/sys_detection_frauds/lib/python3.12/site-packages/airflow/example_dags/example_branch_operator.py
[2025-03-21T22:20:40.207+0000] {processor.py:208} INFO - Processing /home/usmail/sys_fraud/sys_detection_frauds/lib/python3.12/site-packages/airflow/example_dags/example_branch_operator.py took 0.046 seconds
[2025-03-21T22:21:42.538+0000] {processor.py:186} INFO - Started process (PID=3760473) to work on /home/usmail/sys_fraud/sys_detection_frauds/lib/python3.12/site-packages/airflow/example_dags/example_branch_operator.py
[2025-03-21T22:21:42.548+0000] {processor.py:914} INFO - Processing file /home/usmail/sys_fraud/sys_detection_frauds/lib/python3.12/site-packages/airflow/example_dags/example_branch_operator.py for tasks to queue
[2025-03-21T22:21:42.550+0000] {logging_mixin.py:190} INFO - [2025-03-21T22:21:42.549+0000] {dagbag.py:588} INFO - Filling up the DagBag from /home/usmail/sys_fraud/sys_detection_frauds/lib/python3.12/site-packages/airflow/example_dags/example_branch_operator.py
[2025-03-21T22:21:42.554+0000] {processor.py:927} WARNING - No viable dags retrieved from /home/usmail/sys_fraud/sys_detection_frauds/lib/python3.12/site-packages/airflow/example_dags/example_branch_operator.py
[2025-03-21T22:21:42.569+0000] {processor.py:208} INFO - Processing /home/usmail/sys_fraud/sys_detection_frauds/lib/python3.12/site-packages/airflow/example_dags/example_branch_operator.py took 0.042 seconds
