[2025-03-21T20:49:47.015+0000] {processor.py:186} INFO - Started process (PID=3723113) to work on /home/usmail/sys_fraud/sys_detection_frauds/lib/python3.12/site-packages/airflow/example_dags/example_setup_teardown.py
[2025-03-21T20:49:47.016+0000] {processor.py:914} INFO - Processing file /home/usmail/sys_fraud/sys_detection_frauds/lib/python3.12/site-packages/airflow/example_dags/example_setup_teardown.py for tasks to queue
[2025-03-21T20:49:47.019+0000] {logging_mixin.py:190} INFO - [2025-03-21T20:49:47.018+0000] {dagbag.py:588} INFO - Filling up the DagBag from /home/usmail/sys_fraud/sys_detection_frauds/lib/python3.12/site-packages/airflow/example_dags/example_setup_teardown.py
[2025-03-21T20:49:47.026+0000] {processor.py:925} INFO - DAG(s) 'example_setup_teardown' retrieved from /home/usmail/sys_fraud/sys_detection_frauds/lib/python3.12/site-packages/airflow/example_dags/example_setup_teardown.py
[2025-03-21T20:49:47.097+0000] {logging_mixin.py:190} INFO - [2025-03-21T20:49:47.097+0000] {override.py:1912} INFO - Created Permission View: can edit on DAG:example_setup_teardown
[2025-03-21T20:49:47.103+0000] {logging_mixin.py:190} INFO - [2025-03-21T20:49:47.103+0000] {override.py:1912} INFO - Created Permission View: can read on DAG:example_setup_teardown
[2025-03-21T20:49:47.108+0000] {logging_mixin.py:190} INFO - [2025-03-21T20:49:47.108+0000] {override.py:1912} INFO - Created Permission View: can delete on DAG:example_setup_teardown
[2025-03-21T20:49:47.116+0000] {logging_mixin.py:190} INFO - [2025-03-21T20:49:47.116+0000] {override.py:1912} INFO - Created Permission View: can create on DAG Run:example_setup_teardown
[2025-03-21T20:49:47.120+0000] {logging_mixin.py:190} INFO - [2025-03-21T20:49:47.120+0000] {override.py:1912} INFO - Created Permission View: menu access on DAG Run:example_setup_teardown
[2025-03-21T20:49:47.125+0000] {logging_mixin.py:190} INFO - [2025-03-21T20:49:47.125+0000] {override.py:1912} INFO - Created Permission View: can read on DAG Run:example_setup_teardown
[2025-03-21T20:49:47.130+0000] {logging_mixin.py:190} INFO - [2025-03-21T20:49:47.130+0000] {override.py:1912} INFO - Created Permission View: can delete on DAG Run:example_setup_teardown
[2025-03-21T20:49:47.130+0000] {logging_mixin.py:190} INFO - [2025-03-21T20:49:47.130+0000] {dag.py:3239} INFO - Sync 1 DAGs
[2025-03-21T20:49:47.137+0000] {logging_mixin.py:190} INFO - [2025-03-21T20:49:47.137+0000] {dag.py:3262} INFO - Creating ORM DAG for example_setup_teardown
[2025-03-21T20:49:47.137+0000] {logging_mixin.py:190} INFO - [2025-03-21T20:49:47.137+0000] {dag.py:4180} INFO - Setting next_dagrun for example_setup_teardown to None, run_after=None
[2025-03-21T20:49:47.148+0000] {processor.py:208} INFO - Processing /home/usmail/sys_fraud/sys_detection_frauds/lib/python3.12/site-packages/airflow/example_dags/example_setup_teardown.py took 0.137 seconds
[2025-03-21T20:50:46.846+0000] {processor.py:186} INFO - Started process (PID=3723826) to work on /home/usmail/sys_fraud/sys_detection_frauds/lib/python3.12/site-packages/airflow/example_dags/example_setup_teardown.py
[2025-03-21T20:50:46.854+0000] {processor.py:914} INFO - Processing file /home/usmail/sys_fraud/sys_detection_frauds/lib/python3.12/site-packages/airflow/example_dags/example_setup_teardown.py for tasks to queue
[2025-03-21T20:50:46.857+0000] {logging_mixin.py:190} INFO - [2025-03-21T20:50:46.856+0000] {dagbag.py:588} INFO - Filling up the DagBag from /home/usmail/sys_fraud/sys_detection_frauds/lib/python3.12/site-packages/airflow/example_dags/example_setup_teardown.py
[2025-03-21T20:50:46.865+0000] {processor.py:925} INFO - DAG(s) 'example_setup_teardown' retrieved from /home/usmail/sys_fraud/sys_detection_frauds/lib/python3.12/site-packages/airflow/example_dags/example_setup_teardown.py
[2025-03-21T20:50:46.873+0000] {logging_mixin.py:190} INFO - [2025-03-21T20:50:46.873+0000] {dag.py:3239} INFO - Sync 1 DAGs
[2025-03-21T20:50:46.880+0000] {logging_mixin.py:190} INFO - [2025-03-21T20:50:46.880+0000] {dag.py:4180} INFO - Setting next_dagrun for example_setup_teardown to None, run_after=None
[2025-03-21T20:50:46.915+0000] {processor.py:208} INFO - Processing /home/usmail/sys_fraud/sys_detection_frauds/lib/python3.12/site-packages/airflow/example_dags/example_setup_teardown.py took 0.073 seconds
[2025-03-21T20:51:41.310+0000] {processor.py:186} INFO - Started process (PID=3724507) to work on /home/usmail/sys_fraud/sys_detection_frauds/lib/python3.12/site-packages/airflow/example_dags/example_setup_teardown.py
[2025-03-21T20:51:41.319+0000] {processor.py:914} INFO - Processing file /home/usmail/sys_fraud/sys_detection_frauds/lib/python3.12/site-packages/airflow/example_dags/example_setup_teardown.py for tasks to queue
[2025-03-21T20:51:41.322+0000] {logging_mixin.py:190} INFO - [2025-03-21T20:51:41.322+0000] {dagbag.py:588} INFO - Filling up the DagBag from /home/usmail/sys_fraud/sys_detection_frauds/lib/python3.12/site-packages/airflow/example_dags/example_setup_teardown.py
[2025-03-21T20:51:41.332+0000] {processor.py:925} INFO - DAG(s) 'example_setup_teardown' retrieved from /home/usmail/sys_fraud/sys_detection_frauds/lib/python3.12/site-packages/airflow/example_dags/example_setup_teardown.py
[2025-03-21T20:51:41.341+0000] {logging_mixin.py:190} INFO - [2025-03-21T20:51:41.341+0000] {dag.py:3239} INFO - Sync 1 DAGs
[2025-03-21T20:51:41.347+0000] {logging_mixin.py:190} INFO - [2025-03-21T20:51:41.347+0000] {dag.py:4180} INFO - Setting next_dagrun for example_setup_teardown to None, run_after=None
[2025-03-21T20:51:41.368+0000] {processor.py:208} INFO - Processing /home/usmail/sys_fraud/sys_detection_frauds/lib/python3.12/site-packages/airflow/example_dags/example_setup_teardown.py took 0.067 seconds
[2025-03-21T20:52:37.742+0000] {processor.py:186} INFO - Started process (PID=3725171) to work on /home/usmail/sys_fraud/sys_detection_frauds/lib/python3.12/site-packages/airflow/example_dags/example_setup_teardown.py
[2025-03-21T20:52:37.752+0000] {processor.py:914} INFO - Processing file /home/usmail/sys_fraud/sys_detection_frauds/lib/python3.12/site-packages/airflow/example_dags/example_setup_teardown.py for tasks to queue
[2025-03-21T20:52:37.755+0000] {logging_mixin.py:190} INFO - [2025-03-21T20:52:37.754+0000] {dagbag.py:588} INFO - Filling up the DagBag from /home/usmail/sys_fraud/sys_detection_frauds/lib/python3.12/site-packages/airflow/example_dags/example_setup_teardown.py
[2025-03-21T20:52:37.765+0000] {processor.py:925} INFO - DAG(s) 'example_setup_teardown' retrieved from /home/usmail/sys_fraud/sys_detection_frauds/lib/python3.12/site-packages/airflow/example_dags/example_setup_teardown.py
[2025-03-21T20:52:37.776+0000] {logging_mixin.py:190} INFO - [2025-03-21T20:52:37.775+0000] {dag.py:3239} INFO - Sync 1 DAGs
[2025-03-21T20:52:37.784+0000] {logging_mixin.py:190} INFO - [2025-03-21T20:52:37.784+0000] {dag.py:4180} INFO - Setting next_dagrun for example_setup_teardown to None, run_after=None
[2025-03-21T20:52:37.819+0000] {processor.py:208} INFO - Processing /home/usmail/sys_fraud/sys_detection_frauds/lib/python3.12/site-packages/airflow/example_dags/example_setup_teardown.py took 0.084 seconds
[2025-03-21T20:53:30.316+0000] {processor.py:186} INFO - Started process (PID=3725750) to work on /home/usmail/sys_fraud/sys_detection_frauds/lib/python3.12/site-packages/airflow/example_dags/example_setup_teardown.py
[2025-03-21T20:53:30.325+0000] {processor.py:914} INFO - Processing file /home/usmail/sys_fraud/sys_detection_frauds/lib/python3.12/site-packages/airflow/example_dags/example_setup_teardown.py for tasks to queue
[2025-03-21T20:53:30.328+0000] {logging_mixin.py:190} INFO - [2025-03-21T20:53:30.327+0000] {dagbag.py:588} INFO - Filling up the DagBag from /home/usmail/sys_fraud/sys_detection_frauds/lib/python3.12/site-packages/airflow/example_dags/example_setup_teardown.py
[2025-03-21T20:53:30.335+0000] {processor.py:925} INFO - DAG(s) 'example_setup_teardown' retrieved from /home/usmail/sys_fraud/sys_detection_frauds/lib/python3.12/site-packages/airflow/example_dags/example_setup_teardown.py
[2025-03-21T20:53:30.345+0000] {logging_mixin.py:190} INFO - [2025-03-21T20:53:30.345+0000] {dag.py:3239} INFO - Sync 1 DAGs
[2025-03-21T20:53:30.353+0000] {logging_mixin.py:190} INFO - [2025-03-21T20:53:30.353+0000] {dag.py:4180} INFO - Setting next_dagrun for example_setup_teardown to None, run_after=None
[2025-03-21T20:53:30.368+0000] {processor.py:208} INFO - Processing /home/usmail/sys_fraud/sys_detection_frauds/lib/python3.12/site-packages/airflow/example_dags/example_setup_teardown.py took 0.057 seconds
[2025-03-21T20:54:24.001+0000] {processor.py:186} INFO - Started process (PID=3726479) to work on /home/usmail/sys_fraud/sys_detection_frauds/lib/python3.12/site-packages/airflow/example_dags/example_setup_teardown.py
[2025-03-21T20:54:24.010+0000] {processor.py:914} INFO - Processing file /home/usmail/sys_fraud/sys_detection_frauds/lib/python3.12/site-packages/airflow/example_dags/example_setup_teardown.py for tasks to queue
[2025-03-21T20:54:24.013+0000] {logging_mixin.py:190} INFO - [2025-03-21T20:54:24.012+0000] {dagbag.py:588} INFO - Filling up the DagBag from /home/usmail/sys_fraud/sys_detection_frauds/lib/python3.12/site-packages/airflow/example_dags/example_setup_teardown.py
[2025-03-21T20:54:24.022+0000] {processor.py:925} INFO - DAG(s) 'example_setup_teardown' retrieved from /home/usmail/sys_fraud/sys_detection_frauds/lib/python3.12/site-packages/airflow/example_dags/example_setup_teardown.py
[2025-03-21T20:54:24.109+0000] {logging_mixin.py:190} INFO - [2025-03-21T20:54:24.109+0000] {dag.py:3239} INFO - Sync 1 DAGs
[2025-03-21T20:54:24.115+0000] {logging_mixin.py:190} INFO - [2025-03-21T20:54:24.115+0000] {dag.py:4180} INFO - Setting next_dagrun for example_setup_teardown to None, run_after=None
[2025-03-21T20:54:24.139+0000] {processor.py:208} INFO - Processing /home/usmail/sys_fraud/sys_detection_frauds/lib/python3.12/site-packages/airflow/example_dags/example_setup_teardown.py took 0.145 seconds
[2025-03-21T20:55:16.461+0000] {processor.py:186} INFO - Started process (PID=3727108) to work on /home/usmail/sys_fraud/sys_detection_frauds/lib/python3.12/site-packages/airflow/example_dags/example_setup_teardown.py
[2025-03-21T20:55:16.470+0000] {processor.py:914} INFO - Processing file /home/usmail/sys_fraud/sys_detection_frauds/lib/python3.12/site-packages/airflow/example_dags/example_setup_teardown.py for tasks to queue
[2025-03-21T20:55:16.474+0000] {logging_mixin.py:190} INFO - [2025-03-21T20:55:16.473+0000] {dagbag.py:588} INFO - Filling up the DagBag from /home/usmail/sys_fraud/sys_detection_frauds/lib/python3.12/site-packages/airflow/example_dags/example_setup_teardown.py
[2025-03-21T20:55:16.483+0000] {processor.py:925} INFO - DAG(s) 'example_setup_teardown' retrieved from /home/usmail/sys_fraud/sys_detection_frauds/lib/python3.12/site-packages/airflow/example_dags/example_setup_teardown.py
[2025-03-21T20:55:16.493+0000] {logging_mixin.py:190} INFO - [2025-03-21T20:55:16.493+0000] {dag.py:3239} INFO - Sync 1 DAGs
[2025-03-21T20:55:16.501+0000] {logging_mixin.py:190} INFO - [2025-03-21T20:55:16.501+0000] {dag.py:4180} INFO - Setting next_dagrun for example_setup_teardown to None, run_after=None
[2025-03-21T20:55:16.515+0000] {processor.py:208} INFO - Processing /home/usmail/sys_fraud/sys_detection_frauds/lib/python3.12/site-packages/airflow/example_dags/example_setup_teardown.py took 0.058 seconds
[2025-03-21T20:56:05.605+0000] {processor.py:186} INFO - Started process (PID=3727749) to work on /home/usmail/sys_fraud/sys_detection_frauds/lib/python3.12/site-packages/airflow/example_dags/example_setup_teardown.py
[2025-03-21T20:56:05.614+0000] {processor.py:914} INFO - Processing file /home/usmail/sys_fraud/sys_detection_frauds/lib/python3.12/site-packages/airflow/example_dags/example_setup_teardown.py for tasks to queue
[2025-03-21T20:56:05.618+0000] {logging_mixin.py:190} INFO - [2025-03-21T20:56:05.617+0000] {dagbag.py:588} INFO - Filling up the DagBag from /home/usmail/sys_fraud/sys_detection_frauds/lib/python3.12/site-packages/airflow/example_dags/example_setup_teardown.py
[2025-03-21T20:56:05.627+0000] {processor.py:925} INFO - DAG(s) 'example_setup_teardown' retrieved from /home/usmail/sys_fraud/sys_detection_frauds/lib/python3.12/site-packages/airflow/example_dags/example_setup_teardown.py
[2025-03-21T20:56:05.635+0000] {logging_mixin.py:190} INFO - [2025-03-21T20:56:05.635+0000] {dag.py:3239} INFO - Sync 1 DAGs
[2025-03-21T20:56:05.642+0000] {logging_mixin.py:190} INFO - [2025-03-21T20:56:05.642+0000] {dag.py:4180} INFO - Setting next_dagrun for example_setup_teardown to None, run_after=None
[2025-03-21T20:56:05.655+0000] {processor.py:208} INFO - Processing /home/usmail/sys_fraud/sys_detection_frauds/lib/python3.12/site-packages/airflow/example_dags/example_setup_teardown.py took 0.053 seconds
[2025-03-21T20:56:59.647+0000] {processor.py:186} INFO - Started process (PID=3728550) to work on /home/usmail/sys_fraud/sys_detection_frauds/lib/python3.12/site-packages/airflow/example_dags/example_setup_teardown.py
[2025-03-21T20:56:59.656+0000] {processor.py:914} INFO - Processing file /home/usmail/sys_fraud/sys_detection_frauds/lib/python3.12/site-packages/airflow/example_dags/example_setup_teardown.py for tasks to queue
[2025-03-21T20:56:59.659+0000] {logging_mixin.py:190} INFO - [2025-03-21T20:56:59.659+0000] {dagbag.py:588} INFO - Filling up the DagBag from /home/usmail/sys_fraud/sys_detection_frauds/lib/python3.12/site-packages/airflow/example_dags/example_setup_teardown.py
[2025-03-21T20:56:59.669+0000] {processor.py:925} INFO - DAG(s) 'example_setup_teardown' retrieved from /home/usmail/sys_fraud/sys_detection_frauds/lib/python3.12/site-packages/airflow/example_dags/example_setup_teardown.py
[2025-03-21T20:56:59.678+0000] {logging_mixin.py:190} INFO - [2025-03-21T20:56:59.678+0000] {dag.py:3239} INFO - Sync 1 DAGs
[2025-03-21T20:56:59.685+0000] {logging_mixin.py:190} INFO - [2025-03-21T20:56:59.684+0000] {dag.py:4180} INFO - Setting next_dagrun for example_setup_teardown to None, run_after=None
[2025-03-21T20:56:59.704+0000] {processor.py:208} INFO - Processing /home/usmail/sys_fraud/sys_detection_frauds/lib/python3.12/site-packages/airflow/example_dags/example_setup_teardown.py took 0.061 seconds
[2025-03-21T20:57:50.308+0000] {processor.py:186} INFO - Started process (PID=3729139) to work on /home/usmail/sys_fraud/sys_detection_frauds/lib/python3.12/site-packages/airflow/example_dags/example_setup_teardown.py
[2025-03-21T20:57:50.310+0000] {processor.py:914} INFO - Processing file /home/usmail/sys_fraud/sys_detection_frauds/lib/python3.12/site-packages/airflow/example_dags/example_setup_teardown.py for tasks to queue
[2025-03-21T20:57:50.311+0000] {logging_mixin.py:190} INFO - [2025-03-21T20:57:50.311+0000] {dagbag.py:588} INFO - Filling up the DagBag from /home/usmail/sys_fraud/sys_detection_frauds/lib/python3.12/site-packages/airflow/example_dags/example_setup_teardown.py
[2025-03-21T20:57:50.319+0000] {processor.py:925} INFO - DAG(s) 'example_setup_teardown' retrieved from /home/usmail/sys_fraud/sys_detection_frauds/lib/python3.12/site-packages/airflow/example_dags/example_setup_teardown.py
[2025-03-21T20:57:50.328+0000] {logging_mixin.py:190} INFO - [2025-03-21T20:57:50.328+0000] {dag.py:3239} INFO - Sync 1 DAGs
[2025-03-21T20:57:50.337+0000] {logging_mixin.py:190} INFO - [2025-03-21T20:57:50.337+0000] {dag.py:4180} INFO - Setting next_dagrun for example_setup_teardown to None, run_after=None
[2025-03-21T20:57:50.353+0000] {processor.py:208} INFO - Processing /home/usmail/sys_fraud/sys_detection_frauds/lib/python3.12/site-packages/airflow/example_dags/example_setup_teardown.py took 0.049 seconds
[2025-03-21T20:58:43.320+0000] {processor.py:186} INFO - Started process (PID=3729813) to work on /home/usmail/sys_fraud/sys_detection_frauds/lib/python3.12/site-packages/airflow/example_dags/example_setup_teardown.py
[2025-03-21T20:58:43.329+0000] {processor.py:914} INFO - Processing file /home/usmail/sys_fraud/sys_detection_frauds/lib/python3.12/site-packages/airflow/example_dags/example_setup_teardown.py for tasks to queue
[2025-03-21T20:58:43.331+0000] {logging_mixin.py:190} INFO - [2025-03-21T20:58:43.331+0000] {dagbag.py:588} INFO - Filling up the DagBag from /home/usmail/sys_fraud/sys_detection_frauds/lib/python3.12/site-packages/airflow/example_dags/example_setup_teardown.py
[2025-03-21T20:58:43.338+0000] {processor.py:925} INFO - DAG(s) 'example_setup_teardown' retrieved from /home/usmail/sys_fraud/sys_detection_frauds/lib/python3.12/site-packages/airflow/example_dags/example_setup_teardown.py
[2025-03-21T20:58:43.348+0000] {logging_mixin.py:190} INFO - [2025-03-21T20:58:43.348+0000] {dag.py:3239} INFO - Sync 1 DAGs
[2025-03-21T20:58:43.356+0000] {logging_mixin.py:190} INFO - [2025-03-21T20:58:43.355+0000] {dag.py:4180} INFO - Setting next_dagrun for example_setup_teardown to None, run_after=None
[2025-03-21T20:58:43.391+0000] {processor.py:208} INFO - Processing /home/usmail/sys_fraud/sys_detection_frauds/lib/python3.12/site-packages/airflow/example_dags/example_setup_teardown.py took 0.076 seconds
[2025-03-21T20:59:37.831+0000] {processor.py:186} INFO - Started process (PID=3730592) to work on /home/usmail/sys_fraud/sys_detection_frauds/lib/python3.12/site-packages/airflow/example_dags/example_setup_teardown.py
[2025-03-21T20:59:37.839+0000] {processor.py:914} INFO - Processing file /home/usmail/sys_fraud/sys_detection_frauds/lib/python3.12/site-packages/airflow/example_dags/example_setup_teardown.py for tasks to queue
[2025-03-21T20:59:37.842+0000] {logging_mixin.py:190} INFO - [2025-03-21T20:59:37.842+0000] {dagbag.py:588} INFO - Filling up the DagBag from /home/usmail/sys_fraud/sys_detection_frauds/lib/python3.12/site-packages/airflow/example_dags/example_setup_teardown.py
[2025-03-21T20:59:37.851+0000] {processor.py:925} INFO - DAG(s) 'example_setup_teardown' retrieved from /home/usmail/sys_fraud/sys_detection_frauds/lib/python3.12/site-packages/airflow/example_dags/example_setup_teardown.py
[2025-03-21T20:59:37.861+0000] {logging_mixin.py:190} INFO - [2025-03-21T20:59:37.861+0000] {dag.py:3239} INFO - Sync 1 DAGs
[2025-03-21T20:59:37.868+0000] {logging_mixin.py:190} INFO - [2025-03-21T20:59:37.868+0000] {dag.py:4180} INFO - Setting next_dagrun for example_setup_teardown to None, run_after=None
[2025-03-21T20:59:37.880+0000] {processor.py:208} INFO - Processing /home/usmail/sys_fraud/sys_detection_frauds/lib/python3.12/site-packages/airflow/example_dags/example_setup_teardown.py took 0.054 seconds
[2025-03-21T21:00:35.622+0000] {processor.py:186} INFO - Started process (PID=3731322) to work on /home/usmail/sys_fraud/sys_detection_frauds/lib/python3.12/site-packages/airflow/example_dags/example_setup_teardown.py
[2025-03-21T21:00:35.631+0000] {processor.py:914} INFO - Processing file /home/usmail/sys_fraud/sys_detection_frauds/lib/python3.12/site-packages/airflow/example_dags/example_setup_teardown.py for tasks to queue
[2025-03-21T21:00:35.634+0000] {logging_mixin.py:190} INFO - [2025-03-21T21:00:35.633+0000] {dagbag.py:588} INFO - Filling up the DagBag from /home/usmail/sys_fraud/sys_detection_frauds/lib/python3.12/site-packages/airflow/example_dags/example_setup_teardown.py
[2025-03-21T21:00:35.643+0000] {processor.py:925} INFO - DAG(s) 'example_setup_teardown' retrieved from /home/usmail/sys_fraud/sys_detection_frauds/lib/python3.12/site-packages/airflow/example_dags/example_setup_teardown.py
[2025-03-21T21:00:35.651+0000] {logging_mixin.py:190} INFO - [2025-03-21T21:00:35.651+0000] {dag.py:3239} INFO - Sync 1 DAGs
[2025-03-21T21:00:35.658+0000] {logging_mixin.py:190} INFO - [2025-03-21T21:00:35.658+0000] {dag.py:4180} INFO - Setting next_dagrun for example_setup_teardown to None, run_after=None
[2025-03-21T21:00:35.678+0000] {processor.py:208} INFO - Processing /home/usmail/sys_fraud/sys_detection_frauds/lib/python3.12/site-packages/airflow/example_dags/example_setup_teardown.py took 0.061 seconds
[2025-03-21T21:01:29.749+0000] {processor.py:186} INFO - Started process (PID=3732019) to work on /home/usmail/sys_fraud/sys_detection_frauds/lib/python3.12/site-packages/airflow/example_dags/example_setup_teardown.py
[2025-03-21T21:01:29.757+0000] {processor.py:914} INFO - Processing file /home/usmail/sys_fraud/sys_detection_frauds/lib/python3.12/site-packages/airflow/example_dags/example_setup_teardown.py for tasks to queue
[2025-03-21T21:01:29.759+0000] {logging_mixin.py:190} INFO - [2025-03-21T21:01:29.759+0000] {dagbag.py:588} INFO - Filling up the DagBag from /home/usmail/sys_fraud/sys_detection_frauds/lib/python3.12/site-packages/airflow/example_dags/example_setup_teardown.py
[2025-03-21T21:01:29.765+0000] {processor.py:925} INFO - DAG(s) 'example_setup_teardown' retrieved from /home/usmail/sys_fraud/sys_detection_frauds/lib/python3.12/site-packages/airflow/example_dags/example_setup_teardown.py
[2025-03-21T21:01:29.780+0000] {logging_mixin.py:190} INFO - [2025-03-21T21:01:29.780+0000] {dag.py:3239} INFO - Sync 1 DAGs
[2025-03-21T21:01:29.793+0000] {logging_mixin.py:190} INFO - [2025-03-21T21:01:29.792+0000] {dag.py:4180} INFO - Setting next_dagrun for example_setup_teardown to None, run_after=None
[2025-03-21T21:01:29.827+0000] {processor.py:208} INFO - Processing /home/usmail/sys_fraud/sys_detection_frauds/lib/python3.12/site-packages/airflow/example_dags/example_setup_teardown.py took 0.081 seconds
[2025-03-21T21:02:27.509+0000] {processor.py:186} INFO - Started process (PID=3732724) to work on /home/usmail/sys_fraud/sys_detection_frauds/lib/python3.12/site-packages/airflow/example_dags/example_setup_teardown.py
[2025-03-21T21:02:27.517+0000] {processor.py:914} INFO - Processing file /home/usmail/sys_fraud/sys_detection_frauds/lib/python3.12/site-packages/airflow/example_dags/example_setup_teardown.py for tasks to queue
[2025-03-21T21:02:27.518+0000] {logging_mixin.py:190} INFO - [2025-03-21T21:02:27.518+0000] {dagbag.py:588} INFO - Filling up the DagBag from /home/usmail/sys_fraud/sys_detection_frauds/lib/python3.12/site-packages/airflow/example_dags/example_setup_teardown.py
[2025-03-21T21:02:27.525+0000] {processor.py:925} INFO - DAG(s) 'example_setup_teardown' retrieved from /home/usmail/sys_fraud/sys_detection_frauds/lib/python3.12/site-packages/airflow/example_dags/example_setup_teardown.py
[2025-03-21T21:02:27.534+0000] {logging_mixin.py:190} INFO - [2025-03-21T21:02:27.534+0000] {dag.py:3239} INFO - Sync 1 DAGs
[2025-03-21T21:02:27.541+0000] {logging_mixin.py:190} INFO - [2025-03-21T21:02:27.541+0000] {dag.py:4180} INFO - Setting next_dagrun for example_setup_teardown to None, run_after=None
[2025-03-21T21:02:27.566+0000] {processor.py:208} INFO - Processing /home/usmail/sys_fraud/sys_detection_frauds/lib/python3.12/site-packages/airflow/example_dags/example_setup_teardown.py took 0.060 seconds
[2025-03-21T21:03:19.502+0000] {processor.py:186} INFO - Started process (PID=3733436) to work on /home/usmail/sys_fraud/sys_detection_frauds/lib/python3.12/site-packages/airflow/example_dags/example_setup_teardown.py
[2025-03-21T21:03:19.511+0000] {processor.py:914} INFO - Processing file /home/usmail/sys_fraud/sys_detection_frauds/lib/python3.12/site-packages/airflow/example_dags/example_setup_teardown.py for tasks to queue
[2025-03-21T21:03:19.512+0000] {logging_mixin.py:190} INFO - [2025-03-21T21:03:19.512+0000] {dagbag.py:588} INFO - Filling up the DagBag from /home/usmail/sys_fraud/sys_detection_frauds/lib/python3.12/site-packages/airflow/example_dags/example_setup_teardown.py
[2025-03-21T21:03:19.518+0000] {processor.py:925} INFO - DAG(s) 'example_setup_teardown' retrieved from /home/usmail/sys_fraud/sys_detection_frauds/lib/python3.12/site-packages/airflow/example_dags/example_setup_teardown.py
[2025-03-21T21:03:19.527+0000] {logging_mixin.py:190} INFO - [2025-03-21T21:03:19.527+0000] {dag.py:3239} INFO - Sync 1 DAGs
[2025-03-21T21:03:19.534+0000] {logging_mixin.py:190} INFO - [2025-03-21T21:03:19.534+0000] {dag.py:4180} INFO - Setting next_dagrun for example_setup_teardown to None, run_after=None
[2025-03-21T21:03:19.545+0000] {processor.py:208} INFO - Processing /home/usmail/sys_fraud/sys_detection_frauds/lib/python3.12/site-packages/airflow/example_dags/example_setup_teardown.py took 0.048 seconds
[2025-03-21T21:04:16.773+0000] {processor.py:186} INFO - Started process (PID=3734146) to work on /home/usmail/sys_fraud/sys_detection_frauds/lib/python3.12/site-packages/airflow/example_dags/example_setup_teardown.py
[2025-03-21T21:04:16.782+0000] {processor.py:914} INFO - Processing file /home/usmail/sys_fraud/sys_detection_frauds/lib/python3.12/site-packages/airflow/example_dags/example_setup_teardown.py for tasks to queue
[2025-03-21T21:04:16.783+0000] {logging_mixin.py:190} INFO - [2025-03-21T21:04:16.783+0000] {dagbag.py:588} INFO - Filling up the DagBag from /home/usmail/sys_fraud/sys_detection_frauds/lib/python3.12/site-packages/airflow/example_dags/example_setup_teardown.py
[2025-03-21T21:04:16.788+0000] {processor.py:925} INFO - DAG(s) 'example_setup_teardown' retrieved from /home/usmail/sys_fraud/sys_detection_frauds/lib/python3.12/site-packages/airflow/example_dags/example_setup_teardown.py
[2025-03-21T21:04:16.880+0000] {logging_mixin.py:190} INFO - [2025-03-21T21:04:16.880+0000] {dag.py:3239} INFO - Sync 1 DAGs
[2025-03-21T21:04:16.887+0000] {logging_mixin.py:190} INFO - [2025-03-21T21:04:16.887+0000] {dag.py:4180} INFO - Setting next_dagrun for example_setup_teardown to None, run_after=None
[2025-03-21T21:04:16.915+0000] {processor.py:208} INFO - Processing /home/usmail/sys_fraud/sys_detection_frauds/lib/python3.12/site-packages/airflow/example_dags/example_setup_teardown.py took 0.146 seconds
[2025-03-21T21:05:11.246+0000] {processor.py:186} INFO - Started process (PID=3735034) to work on /home/usmail/sys_fraud/sys_detection_frauds/lib/python3.12/site-packages/airflow/example_dags/example_setup_teardown.py
[2025-03-21T21:05:11.247+0000] {processor.py:914} INFO - Processing file /home/usmail/sys_fraud/sys_detection_frauds/lib/python3.12/site-packages/airflow/example_dags/example_setup_teardown.py for tasks to queue
[2025-03-21T21:05:11.248+0000] {logging_mixin.py:190} INFO - [2025-03-21T21:05:11.248+0000] {dagbag.py:588} INFO - Filling up the DagBag from /home/usmail/sys_fraud/sys_detection_frauds/lib/python3.12/site-packages/airflow/example_dags/example_setup_teardown.py
[2025-03-21T21:05:11.255+0000] {processor.py:925} INFO - DAG(s) 'example_setup_teardown' retrieved from /home/usmail/sys_fraud/sys_detection_frauds/lib/python3.12/site-packages/airflow/example_dags/example_setup_teardown.py
[2025-03-21T21:05:11.264+0000] {logging_mixin.py:190} INFO - [2025-03-21T21:05:11.264+0000] {dag.py:3239} INFO - Sync 1 DAGs
[2025-03-21T21:05:11.273+0000] {logging_mixin.py:190} INFO - [2025-03-21T21:05:11.273+0000] {dag.py:4180} INFO - Setting next_dagrun for example_setup_teardown to None, run_after=None
[2025-03-21T21:05:11.287+0000] {processor.py:208} INFO - Processing /home/usmail/sys_fraud/sys_detection_frauds/lib/python3.12/site-packages/airflow/example_dags/example_setup_teardown.py took 0.047 seconds
[2025-03-21T21:06:04.645+0000] {processor.py:186} INFO - Started process (PID=3735742) to work on /home/usmail/sys_fraud/sys_detection_frauds/lib/python3.12/site-packages/airflow/example_dags/example_setup_teardown.py
[2025-03-21T21:06:04.654+0000] {processor.py:914} INFO - Processing file /home/usmail/sys_fraud/sys_detection_frauds/lib/python3.12/site-packages/airflow/example_dags/example_setup_teardown.py for tasks to queue
[2025-03-21T21:06:04.656+0000] {logging_mixin.py:190} INFO - [2025-03-21T21:06:04.656+0000] {dagbag.py:588} INFO - Filling up the DagBag from /home/usmail/sys_fraud/sys_detection_frauds/lib/python3.12/site-packages/airflow/example_dags/example_setup_teardown.py
[2025-03-21T21:06:04.662+0000] {processor.py:925} INFO - DAG(s) 'example_setup_teardown' retrieved from /home/usmail/sys_fraud/sys_detection_frauds/lib/python3.12/site-packages/airflow/example_dags/example_setup_teardown.py
[2025-03-21T21:06:04.672+0000] {logging_mixin.py:190} INFO - [2025-03-21T21:06:04.672+0000] {dag.py:3239} INFO - Sync 1 DAGs
[2025-03-21T21:06:04.679+0000] {logging_mixin.py:190} INFO - [2025-03-21T21:06:04.679+0000] {dag.py:4180} INFO - Setting next_dagrun for example_setup_teardown to None, run_after=None
[2025-03-21T21:06:04.704+0000] {processor.py:208} INFO - Processing /home/usmail/sys_fraud/sys_detection_frauds/lib/python3.12/site-packages/airflow/example_dags/example_setup_teardown.py took 0.066 seconds
[2025-03-21T21:06:57.045+0000] {processor.py:186} INFO - Started process (PID=3737044) to work on /home/usmail/sys_fraud/sys_detection_frauds/lib/python3.12/site-packages/airflow/example_dags/example_setup_teardown.py
[2025-03-21T21:06:57.053+0000] {processor.py:914} INFO - Processing file /home/usmail/sys_fraud/sys_detection_frauds/lib/python3.12/site-packages/airflow/example_dags/example_setup_teardown.py for tasks to queue
[2025-03-21T21:06:57.055+0000] {logging_mixin.py:190} INFO - [2025-03-21T21:06:57.055+0000] {dagbag.py:588} INFO - Filling up the DagBag from /home/usmail/sys_fraud/sys_detection_frauds/lib/python3.12/site-packages/airflow/example_dags/example_setup_teardown.py
[2025-03-21T21:06:57.060+0000] {processor.py:925} INFO - DAG(s) 'example_setup_teardown' retrieved from /home/usmail/sys_fraud/sys_detection_frauds/lib/python3.12/site-packages/airflow/example_dags/example_setup_teardown.py
[2025-03-21T21:06:57.071+0000] {logging_mixin.py:190} INFO - [2025-03-21T21:06:57.070+0000] {dag.py:3239} INFO - Sync 1 DAGs
[2025-03-21T21:06:57.078+0000] {logging_mixin.py:190} INFO - [2025-03-21T21:06:57.078+0000] {dag.py:4180} INFO - Setting next_dagrun for example_setup_teardown to None, run_after=None
[2025-03-21T21:06:57.091+0000] {processor.py:208} INFO - Processing /home/usmail/sys_fraud/sys_detection_frauds/lib/python3.12/site-packages/airflow/example_dags/example_setup_teardown.py took 0.052 seconds
[2025-03-21T21:07:50.526+0000] {processor.py:186} INFO - Started process (PID=3737714) to work on /home/usmail/sys_fraud/sys_detection_frauds/lib/python3.12/site-packages/airflow/example_dags/example_setup_teardown.py
[2025-03-21T21:07:50.534+0000] {processor.py:914} INFO - Processing file /home/usmail/sys_fraud/sys_detection_frauds/lib/python3.12/site-packages/airflow/example_dags/example_setup_teardown.py for tasks to queue
[2025-03-21T21:07:50.537+0000] {logging_mixin.py:190} INFO - [2025-03-21T21:07:50.537+0000] {dagbag.py:588} INFO - Filling up the DagBag from /home/usmail/sys_fraud/sys_detection_frauds/lib/python3.12/site-packages/airflow/example_dags/example_setup_teardown.py
[2025-03-21T21:07:50.546+0000] {processor.py:925} INFO - DAG(s) 'example_setup_teardown' retrieved from /home/usmail/sys_fraud/sys_detection_frauds/lib/python3.12/site-packages/airflow/example_dags/example_setup_teardown.py
[2025-03-21T21:07:50.555+0000] {logging_mixin.py:190} INFO - [2025-03-21T21:07:50.554+0000] {dag.py:3239} INFO - Sync 1 DAGs
[2025-03-21T21:07:50.562+0000] {logging_mixin.py:190} INFO - [2025-03-21T21:07:50.561+0000] {dag.py:4180} INFO - Setting next_dagrun for example_setup_teardown to None, run_after=None
[2025-03-21T21:07:50.577+0000] {processor.py:208} INFO - Processing /home/usmail/sys_fraud/sys_detection_frauds/lib/python3.12/site-packages/airflow/example_dags/example_setup_teardown.py took 0.062 seconds
[2025-03-21T21:08:53.523+0000] {processor.py:186} INFO - Started process (PID=3738493) to work on /home/usmail/sys_fraud/sys_detection_frauds/lib/python3.12/site-packages/airflow/example_dags/example_setup_teardown.py
[2025-03-21T21:08:53.532+0000] {processor.py:914} INFO - Processing file /home/usmail/sys_fraud/sys_detection_frauds/lib/python3.12/site-packages/airflow/example_dags/example_setup_teardown.py for tasks to queue
[2025-03-21T21:08:53.536+0000] {logging_mixin.py:190} INFO - [2025-03-21T21:08:53.535+0000] {dagbag.py:588} INFO - Filling up the DagBag from /home/usmail/sys_fraud/sys_detection_frauds/lib/python3.12/site-packages/airflow/example_dags/example_setup_teardown.py
[2025-03-21T21:08:53.549+0000] {processor.py:925} INFO - DAG(s) 'example_setup_teardown' retrieved from /home/usmail/sys_fraud/sys_detection_frauds/lib/python3.12/site-packages/airflow/example_dags/example_setup_teardown.py
[2025-03-21T21:08:53.573+0000] {logging_mixin.py:190} INFO - [2025-03-21T21:08:53.573+0000] {dag.py:3239} INFO - Sync 1 DAGs
[2025-03-21T21:08:53.590+0000] {logging_mixin.py:190} INFO - [2025-03-21T21:08:53.590+0000] {dag.py:4180} INFO - Setting next_dagrun for example_setup_teardown to None, run_after=None
[2025-03-21T21:08:53.608+0000] {processor.py:208} INFO - Processing /home/usmail/sys_fraud/sys_detection_frauds/lib/python3.12/site-packages/airflow/example_dags/example_setup_teardown.py took 0.096 seconds
[2025-03-21T21:09:50.204+0000] {processor.py:186} INFO - Started process (PID=3739355) to work on /home/usmail/sys_fraud/sys_detection_frauds/lib/python3.12/site-packages/airflow/example_dags/example_setup_teardown.py
[2025-03-21T21:09:50.213+0000] {processor.py:914} INFO - Processing file /home/usmail/sys_fraud/sys_detection_frauds/lib/python3.12/site-packages/airflow/example_dags/example_setup_teardown.py for tasks to queue
[2025-03-21T21:09:50.216+0000] {logging_mixin.py:190} INFO - [2025-03-21T21:09:50.215+0000] {dagbag.py:588} INFO - Filling up the DagBag from /home/usmail/sys_fraud/sys_detection_frauds/lib/python3.12/site-packages/airflow/example_dags/example_setup_teardown.py
[2025-03-21T21:09:50.230+0000] {processor.py:925} INFO - DAG(s) 'example_setup_teardown' retrieved from /home/usmail/sys_fraud/sys_detection_frauds/lib/python3.12/site-packages/airflow/example_dags/example_setup_teardown.py
[2025-03-21T21:09:50.253+0000] {logging_mixin.py:190} INFO - [2025-03-21T21:09:50.252+0000] {dag.py:3239} INFO - Sync 1 DAGs
[2025-03-21T21:09:50.266+0000] {logging_mixin.py:190} INFO - [2025-03-21T21:09:50.266+0000] {dag.py:4180} INFO - Setting next_dagrun for example_setup_teardown to None, run_after=None
[2025-03-21T21:09:50.295+0000] {processor.py:208} INFO - Processing /home/usmail/sys_fraud/sys_detection_frauds/lib/python3.12/site-packages/airflow/example_dags/example_setup_teardown.py took 0.103 seconds
[2025-03-21T21:10:47.780+0000] {processor.py:186} INFO - Started process (PID=3740890) to work on /home/usmail/sys_fraud/sys_detection_frauds/lib/python3.12/site-packages/airflow/example_dags/example_setup_teardown.py
[2025-03-21T21:10:47.789+0000] {processor.py:914} INFO - Processing file /home/usmail/sys_fraud/sys_detection_frauds/lib/python3.12/site-packages/airflow/example_dags/example_setup_teardown.py for tasks to queue
[2025-03-21T21:10:47.790+0000] {logging_mixin.py:190} INFO - [2025-03-21T21:10:47.790+0000] {dagbag.py:588} INFO - Filling up the DagBag from /home/usmail/sys_fraud/sys_detection_frauds/lib/python3.12/site-packages/airflow/example_dags/example_setup_teardown.py
[2025-03-21T21:10:47.797+0000] {processor.py:925} INFO - DAG(s) 'example_setup_teardown' retrieved from /home/usmail/sys_fraud/sys_detection_frauds/lib/python3.12/site-packages/airflow/example_dags/example_setup_teardown.py
[2025-03-21T21:10:47.810+0000] {logging_mixin.py:190} INFO - [2025-03-21T21:10:47.809+0000] {dag.py:3239} INFO - Sync 1 DAGs
[2025-03-21T21:10:47.820+0000] {logging_mixin.py:190} INFO - [2025-03-21T21:10:47.820+0000] {dag.py:4180} INFO - Setting next_dagrun for example_setup_teardown to None, run_after=None
[2025-03-21T21:10:47.840+0000] {processor.py:208} INFO - Processing /home/usmail/sys_fraud/sys_detection_frauds/lib/python3.12/site-packages/airflow/example_dags/example_setup_teardown.py took 0.066 seconds
[2025-03-21T21:11:44.249+0000] {processor.py:186} INFO - Started process (PID=3741950) to work on /home/usmail/sys_fraud/sys_detection_frauds/lib/python3.12/site-packages/airflow/example_dags/example_setup_teardown.py
[2025-03-21T21:11:44.250+0000] {processor.py:914} INFO - Processing file /home/usmail/sys_fraud/sys_detection_frauds/lib/python3.12/site-packages/airflow/example_dags/example_setup_teardown.py for tasks to queue
[2025-03-21T21:11:44.251+0000] {logging_mixin.py:190} INFO - [2025-03-21T21:11:44.251+0000] {dagbag.py:588} INFO - Filling up the DagBag from /home/usmail/sys_fraud/sys_detection_frauds/lib/python3.12/site-packages/airflow/example_dags/example_setup_teardown.py
[2025-03-21T21:11:44.257+0000] {processor.py:925} INFO - DAG(s) 'example_setup_teardown' retrieved from /home/usmail/sys_fraud/sys_detection_frauds/lib/python3.12/site-packages/airflow/example_dags/example_setup_teardown.py
[2025-03-21T21:11:44.269+0000] {logging_mixin.py:190} INFO - [2025-03-21T21:11:44.268+0000] {dag.py:3239} INFO - Sync 1 DAGs
[2025-03-21T21:11:44.278+0000] {logging_mixin.py:190} INFO - [2025-03-21T21:11:44.278+0000] {dag.py:4180} INFO - Setting next_dagrun for example_setup_teardown to None, run_after=None
[2025-03-21T21:11:44.301+0000] {processor.py:208} INFO - Processing /home/usmail/sys_fraud/sys_detection_frauds/lib/python3.12/site-packages/airflow/example_dags/example_setup_teardown.py took 0.058 seconds
[2025-03-21T21:12:37.610+0000] {processor.py:186} INFO - Started process (PID=3742999) to work on /home/usmail/sys_fraud/sys_detection_frauds/lib/python3.12/site-packages/airflow/example_dags/example_setup_teardown.py
[2025-03-21T21:12:37.619+0000] {processor.py:914} INFO - Processing file /home/usmail/sys_fraud/sys_detection_frauds/lib/python3.12/site-packages/airflow/example_dags/example_setup_teardown.py for tasks to queue
[2025-03-21T21:12:37.620+0000] {logging_mixin.py:190} INFO - [2025-03-21T21:12:37.620+0000] {dagbag.py:588} INFO - Filling up the DagBag from /home/usmail/sys_fraud/sys_detection_frauds/lib/python3.12/site-packages/airflow/example_dags/example_setup_teardown.py
[2025-03-21T21:12:37.626+0000] {processor.py:925} INFO - DAG(s) 'example_setup_teardown' retrieved from /home/usmail/sys_fraud/sys_detection_frauds/lib/python3.12/site-packages/airflow/example_dags/example_setup_teardown.py
[2025-03-21T21:12:37.638+0000] {logging_mixin.py:190} INFO - [2025-03-21T21:12:37.638+0000] {dag.py:3239} INFO - Sync 1 DAGs
[2025-03-21T21:12:37.648+0000] {logging_mixin.py:190} INFO - [2025-03-21T21:12:37.647+0000] {dag.py:4180} INFO - Setting next_dagrun for example_setup_teardown to None, run_after=None
[2025-03-21T21:12:37.663+0000] {processor.py:208} INFO - Processing /home/usmail/sys_fraud/sys_detection_frauds/lib/python3.12/site-packages/airflow/example_dags/example_setup_teardown.py took 0.058 seconds
[2025-03-21T21:13:28.896+0000] {processor.py:186} INFO - Started process (PID=3743933) to work on /home/usmail/sys_fraud/sys_detection_frauds/lib/python3.12/site-packages/airflow/example_dags/example_setup_teardown.py
[2025-03-21T21:13:28.905+0000] {processor.py:914} INFO - Processing file /home/usmail/sys_fraud/sys_detection_frauds/lib/python3.12/site-packages/airflow/example_dags/example_setup_teardown.py for tasks to queue
[2025-03-21T21:13:28.906+0000] {logging_mixin.py:190} INFO - [2025-03-21T21:13:28.906+0000] {dagbag.py:588} INFO - Filling up the DagBag from /home/usmail/sys_fraud/sys_detection_frauds/lib/python3.12/site-packages/airflow/example_dags/example_setup_teardown.py
[2025-03-21T21:13:28.913+0000] {processor.py:925} INFO - DAG(s) 'example_setup_teardown' retrieved from /home/usmail/sys_fraud/sys_detection_frauds/lib/python3.12/site-packages/airflow/example_dags/example_setup_teardown.py
[2025-03-21T21:13:28.926+0000] {logging_mixin.py:190} INFO - [2025-03-21T21:13:28.926+0000] {dag.py:3239} INFO - Sync 1 DAGs
[2025-03-21T21:13:28.936+0000] {logging_mixin.py:190} INFO - [2025-03-21T21:13:28.936+0000] {dag.py:4180} INFO - Setting next_dagrun for example_setup_teardown to None, run_after=None
[2025-03-21T21:13:28.965+0000] {processor.py:208} INFO - Processing /home/usmail/sys_fraud/sys_detection_frauds/lib/python3.12/site-packages/airflow/example_dags/example_setup_teardown.py took 0.074 seconds
[2025-03-21T21:14:21.288+0000] {processor.py:186} INFO - Started process (PID=3744788) to work on /home/usmail/sys_fraud/sys_detection_frauds/lib/python3.12/site-packages/airflow/example_dags/example_setup_teardown.py
[2025-03-21T21:14:21.297+0000] {processor.py:914} INFO - Processing file /home/usmail/sys_fraud/sys_detection_frauds/lib/python3.12/site-packages/airflow/example_dags/example_setup_teardown.py for tasks to queue
[2025-03-21T21:14:21.301+0000] {logging_mixin.py:190} INFO - [2025-03-21T21:14:21.300+0000] {dagbag.py:588} INFO - Filling up the DagBag from /home/usmail/sys_fraud/sys_detection_frauds/lib/python3.12/site-packages/airflow/example_dags/example_setup_teardown.py
[2025-03-21T21:14:21.313+0000] {processor.py:925} INFO - DAG(s) 'example_setup_teardown' retrieved from /home/usmail/sys_fraud/sys_detection_frauds/lib/python3.12/site-packages/airflow/example_dags/example_setup_teardown.py
[2025-03-21T21:14:21.337+0000] {logging_mixin.py:190} INFO - [2025-03-21T21:14:21.336+0000] {dag.py:3239} INFO - Sync 1 DAGs
[2025-03-21T21:14:21.354+0000] {logging_mixin.py:190} INFO - [2025-03-21T21:14:21.353+0000] {dag.py:4180} INFO - Setting next_dagrun for example_setup_teardown to None, run_after=None
[2025-03-21T21:14:21.380+0000] {processor.py:208} INFO - Processing /home/usmail/sys_fraud/sys_detection_frauds/lib/python3.12/site-packages/airflow/example_dags/example_setup_teardown.py took 0.103 seconds
[2025-03-21T21:15:22.922+0000] {processor.py:186} INFO - Started process (PID=3745561) to work on /home/usmail/sys_fraud/sys_detection_frauds/lib/python3.12/site-packages/airflow/example_dags/example_setup_teardown.py
[2025-03-21T21:15:22.932+0000] {processor.py:914} INFO - Processing file /home/usmail/sys_fraud/sys_detection_frauds/lib/python3.12/site-packages/airflow/example_dags/example_setup_teardown.py for tasks to queue
[2025-03-21T21:15:22.935+0000] {logging_mixin.py:190} INFO - [2025-03-21T21:15:22.934+0000] {dagbag.py:588} INFO - Filling up the DagBag from /home/usmail/sys_fraud/sys_detection_frauds/lib/python3.12/site-packages/airflow/example_dags/example_setup_teardown.py
[2025-03-21T21:15:22.947+0000] {processor.py:925} INFO - DAG(s) 'example_setup_teardown' retrieved from /home/usmail/sys_fraud/sys_detection_frauds/lib/python3.12/site-packages/airflow/example_dags/example_setup_teardown.py
[2025-03-21T21:15:22.971+0000] {logging_mixin.py:190} INFO - [2025-03-21T21:15:22.970+0000] {dag.py:3239} INFO - Sync 1 DAGs
[2025-03-21T21:15:22.985+0000] {logging_mixin.py:190} INFO - [2025-03-21T21:15:22.985+0000] {dag.py:4180} INFO - Setting next_dagrun for example_setup_teardown to None, run_after=None
[2025-03-21T21:15:23.014+0000] {processor.py:208} INFO - Processing /home/usmail/sys_fraud/sys_detection_frauds/lib/python3.12/site-packages/airflow/example_dags/example_setup_teardown.py took 0.103 seconds
[2025-03-21T21:16:23.443+0000] {processor.py:186} INFO - Started process (PID=3746325) to work on /home/usmail/sys_fraud/sys_detection_frauds/lib/python3.12/site-packages/airflow/example_dags/example_setup_teardown.py
[2025-03-21T21:16:23.452+0000] {processor.py:914} INFO - Processing file /home/usmail/sys_fraud/sys_detection_frauds/lib/python3.12/site-packages/airflow/example_dags/example_setup_teardown.py for tasks to queue
[2025-03-21T21:16:23.456+0000] {logging_mixin.py:190} INFO - [2025-03-21T21:16:23.455+0000] {dagbag.py:588} INFO - Filling up the DagBag from /home/usmail/sys_fraud/sys_detection_frauds/lib/python3.12/site-packages/airflow/example_dags/example_setup_teardown.py
[2025-03-21T21:16:23.469+0000] {processor.py:925} INFO - DAG(s) 'example_setup_teardown' retrieved from /home/usmail/sys_fraud/sys_detection_frauds/lib/python3.12/site-packages/airflow/example_dags/example_setup_teardown.py
[2025-03-21T21:16:23.493+0000] {logging_mixin.py:190} INFO - [2025-03-21T21:16:23.492+0000] {dag.py:3239} INFO - Sync 1 DAGs
[2025-03-21T21:16:23.509+0000] {logging_mixin.py:190} INFO - [2025-03-21T21:16:23.508+0000] {dag.py:4180} INFO - Setting next_dagrun for example_setup_teardown to None, run_after=None
[2025-03-21T21:16:23.526+0000] {processor.py:208} INFO - Processing /home/usmail/sys_fraud/sys_detection_frauds/lib/python3.12/site-packages/airflow/example_dags/example_setup_teardown.py took 0.095 seconds
[2025-03-21T21:17:25.688+0000] {processor.py:186} INFO - Started process (PID=3747103) to work on /home/usmail/sys_fraud/sys_detection_frauds/lib/python3.12/site-packages/airflow/example_dags/example_setup_teardown.py
[2025-03-21T21:17:25.698+0000] {processor.py:914} INFO - Processing file /home/usmail/sys_fraud/sys_detection_frauds/lib/python3.12/site-packages/airflow/example_dags/example_setup_teardown.py for tasks to queue
[2025-03-21T21:17:25.701+0000] {logging_mixin.py:190} INFO - [2025-03-21T21:17:25.700+0000] {dagbag.py:588} INFO - Filling up the DagBag from /home/usmail/sys_fraud/sys_detection_frauds/lib/python3.12/site-packages/airflow/example_dags/example_setup_teardown.py
[2025-03-21T21:17:25.714+0000] {processor.py:925} INFO - DAG(s) 'example_setup_teardown' retrieved from /home/usmail/sys_fraud/sys_detection_frauds/lib/python3.12/site-packages/airflow/example_dags/example_setup_teardown.py
[2025-03-21T21:17:25.738+0000] {logging_mixin.py:190} INFO - [2025-03-21T21:17:25.737+0000] {dag.py:3239} INFO - Sync 1 DAGs
[2025-03-21T21:17:25.754+0000] {logging_mixin.py:190} INFO - [2025-03-21T21:17:25.754+0000] {dag.py:4180} INFO - Setting next_dagrun for example_setup_teardown to None, run_after=None
[2025-03-21T21:17:25.772+0000] {processor.py:208} INFO - Processing /home/usmail/sys_fraud/sys_detection_frauds/lib/python3.12/site-packages/airflow/example_dags/example_setup_teardown.py took 0.098 seconds
[2025-03-21T21:18:31.106+0000] {processor.py:186} INFO - Started process (PID=3747905) to work on /home/usmail/sys_fraud/sys_detection_frauds/lib/python3.12/site-packages/airflow/example_dags/example_setup_teardown.py
[2025-03-21T21:18:31.116+0000] {processor.py:914} INFO - Processing file /home/usmail/sys_fraud/sys_detection_frauds/lib/python3.12/site-packages/airflow/example_dags/example_setup_teardown.py for tasks to queue
[2025-03-21T21:18:31.119+0000] {logging_mixin.py:190} INFO - [2025-03-21T21:18:31.118+0000] {dagbag.py:588} INFO - Filling up the DagBag from /home/usmail/sys_fraud/sys_detection_frauds/lib/python3.12/site-packages/airflow/example_dags/example_setup_teardown.py
[2025-03-21T21:18:31.132+0000] {processor.py:925} INFO - DAG(s) 'example_setup_teardown' retrieved from /home/usmail/sys_fraud/sys_detection_frauds/lib/python3.12/site-packages/airflow/example_dags/example_setup_teardown.py
[2025-03-21T21:18:31.157+0000] {logging_mixin.py:190} INFO - [2025-03-21T21:18:31.157+0000] {dag.py:3239} INFO - Sync 1 DAGs
[2025-03-21T21:18:31.173+0000] {logging_mixin.py:190} INFO - [2025-03-21T21:18:31.173+0000] {dag.py:4180} INFO - Setting next_dagrun for example_setup_teardown to None, run_after=None
[2025-03-21T21:18:31.190+0000] {processor.py:208} INFO - Processing /home/usmail/sys_fraud/sys_detection_frauds/lib/python3.12/site-packages/airflow/example_dags/example_setup_teardown.py took 0.096 seconds
[2025-03-21T21:19:33.989+0000] {processor.py:186} INFO - Started process (PID=3748669) to work on /home/usmail/sys_fraud/sys_detection_frauds/lib/python3.12/site-packages/airflow/example_dags/example_setup_teardown.py
[2025-03-21T21:19:33.998+0000] {processor.py:914} INFO - Processing file /home/usmail/sys_fraud/sys_detection_frauds/lib/python3.12/site-packages/airflow/example_dags/example_setup_teardown.py for tasks to queue
[2025-03-21T21:19:34.002+0000] {logging_mixin.py:190} INFO - [2025-03-21T21:19:34.001+0000] {dagbag.py:588} INFO - Filling up the DagBag from /home/usmail/sys_fraud/sys_detection_frauds/lib/python3.12/site-packages/airflow/example_dags/example_setup_teardown.py
[2025-03-21T21:19:34.018+0000] {processor.py:925} INFO - DAG(s) 'example_setup_teardown' retrieved from /home/usmail/sys_fraud/sys_detection_frauds/lib/python3.12/site-packages/airflow/example_dags/example_setup_teardown.py
[2025-03-21T21:19:34.042+0000] {logging_mixin.py:190} INFO - [2025-03-21T21:19:34.041+0000] {dag.py:3239} INFO - Sync 1 DAGs
[2025-03-21T21:19:34.056+0000] {logging_mixin.py:190} INFO - [2025-03-21T21:19:34.056+0000] {dag.py:4180} INFO - Setting next_dagrun for example_setup_teardown to None, run_after=None
[2025-03-21T21:19:34.091+0000] {processor.py:208} INFO - Processing /home/usmail/sys_fraud/sys_detection_frauds/lib/python3.12/site-packages/airflow/example_dags/example_setup_teardown.py took 0.113 seconds
[2025-03-21T21:20:37.069+0000] {processor.py:186} INFO - Started process (PID=3749427) to work on /home/usmail/sys_fraud/sys_detection_frauds/lib/python3.12/site-packages/airflow/example_dags/example_setup_teardown.py
[2025-03-21T21:20:37.078+0000] {processor.py:914} INFO - Processing file /home/usmail/sys_fraud/sys_detection_frauds/lib/python3.12/site-packages/airflow/example_dags/example_setup_teardown.py for tasks to queue
[2025-03-21T21:20:37.081+0000] {logging_mixin.py:190} INFO - [2025-03-21T21:20:37.081+0000] {dagbag.py:588} INFO - Filling up the DagBag from /home/usmail/sys_fraud/sys_detection_frauds/lib/python3.12/site-packages/airflow/example_dags/example_setup_teardown.py
[2025-03-21T21:20:37.095+0000] {processor.py:925} INFO - DAG(s) 'example_setup_teardown' retrieved from /home/usmail/sys_fraud/sys_detection_frauds/lib/python3.12/site-packages/airflow/example_dags/example_setup_teardown.py
[2025-03-21T21:20:37.119+0000] {logging_mixin.py:190} INFO - [2025-03-21T21:20:37.118+0000] {dag.py:3239} INFO - Sync 1 DAGs
[2025-03-21T21:20:37.135+0000] {logging_mixin.py:190} INFO - [2025-03-21T21:20:37.135+0000] {dag.py:4180} INFO - Setting next_dagrun for example_setup_teardown to None, run_after=None
[2025-03-21T21:20:37.168+0000] {processor.py:208} INFO - Processing /home/usmail/sys_fraud/sys_detection_frauds/lib/python3.12/site-packages/airflow/example_dags/example_setup_teardown.py took 0.111 seconds
[2025-03-21T21:21:42.228+0000] {processor.py:186} INFO - Started process (PID=3750221) to work on /home/usmail/sys_fraud/sys_detection_frauds/lib/python3.12/site-packages/airflow/example_dags/example_setup_teardown.py
[2025-03-21T21:21:42.237+0000] {processor.py:914} INFO - Processing file /home/usmail/sys_fraud/sys_detection_frauds/lib/python3.12/site-packages/airflow/example_dags/example_setup_teardown.py for tasks to queue
[2025-03-21T21:21:42.240+0000] {logging_mixin.py:190} INFO - [2025-03-21T21:21:42.240+0000] {dagbag.py:588} INFO - Filling up the DagBag from /home/usmail/sys_fraud/sys_detection_frauds/lib/python3.12/site-packages/airflow/example_dags/example_setup_teardown.py
[2025-03-21T21:21:42.254+0000] {processor.py:925} INFO - DAG(s) 'example_setup_teardown' retrieved from /home/usmail/sys_fraud/sys_detection_frauds/lib/python3.12/site-packages/airflow/example_dags/example_setup_teardown.py
[2025-03-21T21:21:42.278+0000] {logging_mixin.py:190} INFO - [2025-03-21T21:21:42.277+0000] {dag.py:3239} INFO - Sync 1 DAGs
[2025-03-21T21:21:42.295+0000] {logging_mixin.py:190} INFO - [2025-03-21T21:21:42.295+0000] {dag.py:4180} INFO - Setting next_dagrun for example_setup_teardown to None, run_after=None
[2025-03-21T21:21:42.322+0000] {processor.py:208} INFO - Processing /home/usmail/sys_fraud/sys_detection_frauds/lib/python3.12/site-packages/airflow/example_dags/example_setup_teardown.py took 0.107 seconds
[2025-03-21T21:22:49.516+0000] {processor.py:186} INFO - Started process (PID=3751063) to work on /home/usmail/sys_fraud/sys_detection_frauds/lib/python3.12/site-packages/airflow/example_dags/example_setup_teardown.py
[2025-03-21T21:22:49.526+0000] {processor.py:914} INFO - Processing file /home/usmail/sys_fraud/sys_detection_frauds/lib/python3.12/site-packages/airflow/example_dags/example_setup_teardown.py for tasks to queue
[2025-03-21T21:22:49.530+0000] {logging_mixin.py:190} INFO - [2025-03-21T21:22:49.529+0000] {dagbag.py:588} INFO - Filling up the DagBag from /home/usmail/sys_fraud/sys_detection_frauds/lib/python3.12/site-packages/airflow/example_dags/example_setup_teardown.py
[2025-03-21T21:22:49.548+0000] {processor.py:925} INFO - DAG(s) 'example_setup_teardown' retrieved from /home/usmail/sys_fraud/sys_detection_frauds/lib/python3.12/site-packages/airflow/example_dags/example_setup_teardown.py
[2025-03-21T21:22:49.571+0000] {logging_mixin.py:190} INFO - [2025-03-21T21:22:49.571+0000] {dag.py:3239} INFO - Sync 1 DAGs
[2025-03-21T21:22:49.584+0000] {logging_mixin.py:190} INFO - [2025-03-21T21:22:49.584+0000] {dag.py:4180} INFO - Setting next_dagrun for example_setup_teardown to None, run_after=None
[2025-03-21T21:22:49.605+0000] {processor.py:208} INFO - Processing /home/usmail/sys_fraud/sys_detection_frauds/lib/python3.12/site-packages/airflow/example_dags/example_setup_teardown.py took 0.101 seconds
[2025-03-21T21:23:50.611+0000] {processor.py:186} INFO - Started process (PID=3751813) to work on /home/usmail/sys_fraud/sys_detection_frauds/lib/python3.12/site-packages/airflow/example_dags/example_setup_teardown.py
[2025-03-21T21:23:50.620+0000] {processor.py:914} INFO - Processing file /home/usmail/sys_fraud/sys_detection_frauds/lib/python3.12/site-packages/airflow/example_dags/example_setup_teardown.py for tasks to queue
[2025-03-21T21:23:50.623+0000] {logging_mixin.py:190} INFO - [2025-03-21T21:23:50.623+0000] {dagbag.py:588} INFO - Filling up the DagBag from /home/usmail/sys_fraud/sys_detection_frauds/lib/python3.12/site-packages/airflow/example_dags/example_setup_teardown.py
[2025-03-21T21:23:50.637+0000] {processor.py:925} INFO - DAG(s) 'example_setup_teardown' retrieved from /home/usmail/sys_fraud/sys_detection_frauds/lib/python3.12/site-packages/airflow/example_dags/example_setup_teardown.py
[2025-03-21T21:23:50.663+0000] {logging_mixin.py:190} INFO - [2025-03-21T21:23:50.663+0000] {dag.py:3239} INFO - Sync 1 DAGs
[2025-03-21T21:23:50.678+0000] {logging_mixin.py:190} INFO - [2025-03-21T21:23:50.678+0000] {dag.py:4180} INFO - Setting next_dagrun for example_setup_teardown to None, run_after=None
[2025-03-21T21:23:50.709+0000] {processor.py:208} INFO - Processing /home/usmail/sys_fraud/sys_detection_frauds/lib/python3.12/site-packages/airflow/example_dags/example_setup_teardown.py took 0.109 seconds
[2025-03-21T21:24:54.319+0000] {processor.py:186} INFO - Started process (PID=3752480) to work on /home/usmail/sys_fraud/sys_detection_frauds/lib/python3.12/site-packages/airflow/example_dags/example_setup_teardown.py
[2025-03-21T21:24:54.321+0000] {processor.py:914} INFO - Processing file /home/usmail/sys_fraud/sys_detection_frauds/lib/python3.12/site-packages/airflow/example_dags/example_setup_teardown.py for tasks to queue
[2025-03-21T21:24:54.324+0000] {logging_mixin.py:190} INFO - [2025-03-21T21:24:54.323+0000] {dagbag.py:588} INFO - Filling up the DagBag from /home/usmail/sys_fraud/sys_detection_frauds/lib/python3.12/site-packages/airflow/example_dags/example_setup_teardown.py
[2025-03-21T21:24:54.337+0000] {processor.py:925} INFO - DAG(s) 'example_setup_teardown' retrieved from /home/usmail/sys_fraud/sys_detection_frauds/lib/python3.12/site-packages/airflow/example_dags/example_setup_teardown.py
[2025-03-21T21:24:54.361+0000] {logging_mixin.py:190} INFO - [2025-03-21T21:24:54.360+0000] {dag.py:3239} INFO - Sync 1 DAGs
[2025-03-21T21:24:54.378+0000] {logging_mixin.py:190} INFO - [2025-03-21T21:24:54.378+0000] {dag.py:4180} INFO - Setting next_dagrun for example_setup_teardown to None, run_after=None
[2025-03-21T21:24:54.400+0000] {processor.py:208} INFO - Processing /home/usmail/sys_fraud/sys_detection_frauds/lib/python3.12/site-packages/airflow/example_dags/example_setup_teardown.py took 0.093 seconds
[2025-03-21T21:25:59.529+0000] {processor.py:186} INFO - Started process (PID=3753183) to work on /home/usmail/sys_fraud/sys_detection_frauds/lib/python3.12/site-packages/airflow/example_dags/example_setup_teardown.py
[2025-03-21T21:25:59.538+0000] {processor.py:914} INFO - Processing file /home/usmail/sys_fraud/sys_detection_frauds/lib/python3.12/site-packages/airflow/example_dags/example_setup_teardown.py for tasks to queue
[2025-03-21T21:25:59.542+0000] {logging_mixin.py:190} INFO - [2025-03-21T21:25:59.541+0000] {dagbag.py:588} INFO - Filling up the DagBag from /home/usmail/sys_fraud/sys_detection_frauds/lib/python3.12/site-packages/airflow/example_dags/example_setup_teardown.py
[2025-03-21T21:25:59.555+0000] {processor.py:925} INFO - DAG(s) 'example_setup_teardown' retrieved from /home/usmail/sys_fraud/sys_detection_frauds/lib/python3.12/site-packages/airflow/example_dags/example_setup_teardown.py
[2025-03-21T21:25:59.580+0000] {logging_mixin.py:190} INFO - [2025-03-21T21:25:59.579+0000] {dag.py:3239} INFO - Sync 1 DAGs
[2025-03-21T21:25:59.595+0000] {logging_mixin.py:190} INFO - [2025-03-21T21:25:59.595+0000] {dag.py:4180} INFO - Setting next_dagrun for example_setup_teardown to None, run_after=None
[2025-03-21T21:25:59.614+0000] {processor.py:208} INFO - Processing /home/usmail/sys_fraud/sys_detection_frauds/lib/python3.12/site-packages/airflow/example_dags/example_setup_teardown.py took 0.097 seconds
[2025-03-21T21:27:02.036+0000] {processor.py:186} INFO - Started process (PID=3753838) to work on /home/usmail/sys_fraud/sys_detection_frauds/lib/python3.12/site-packages/airflow/example_dags/example_setup_teardown.py
[2025-03-21T21:27:02.045+0000] {processor.py:914} INFO - Processing file /home/usmail/sys_fraud/sys_detection_frauds/lib/python3.12/site-packages/airflow/example_dags/example_setup_teardown.py for tasks to queue
[2025-03-21T21:27:02.048+0000] {logging_mixin.py:190} INFO - [2025-03-21T21:27:02.047+0000] {dagbag.py:588} INFO - Filling up the DagBag from /home/usmail/sys_fraud/sys_detection_frauds/lib/python3.12/site-packages/airflow/example_dags/example_setup_teardown.py
[2025-03-21T21:27:02.061+0000] {processor.py:925} INFO - DAG(s) 'example_setup_teardown' retrieved from /home/usmail/sys_fraud/sys_detection_frauds/lib/python3.12/site-packages/airflow/example_dags/example_setup_teardown.py
[2025-03-21T21:27:02.085+0000] {logging_mixin.py:190} INFO - [2025-03-21T21:27:02.084+0000] {dag.py:3239} INFO - Sync 1 DAGs
[2025-03-21T21:27:02.103+0000] {logging_mixin.py:190} INFO - [2025-03-21T21:27:02.103+0000] {dag.py:4180} INFO - Setting next_dagrun for example_setup_teardown to None, run_after=None
[2025-03-21T21:27:02.134+0000] {processor.py:208} INFO - Processing /home/usmail/sys_fraud/sys_detection_frauds/lib/python3.12/site-packages/airflow/example_dags/example_setup_teardown.py took 0.111 seconds
[2025-03-21T21:28:04.403+0000] {processor.py:186} INFO - Started process (PID=3754486) to work on /home/usmail/sys_fraud/sys_detection_frauds/lib/python3.12/site-packages/airflow/example_dags/example_setup_teardown.py
[2025-03-21T21:28:04.413+0000] {processor.py:914} INFO - Processing file /home/usmail/sys_fraud/sys_detection_frauds/lib/python3.12/site-packages/airflow/example_dags/example_setup_teardown.py for tasks to queue
[2025-03-21T21:28:04.416+0000] {logging_mixin.py:190} INFO - [2025-03-21T21:28:04.415+0000] {dagbag.py:588} INFO - Filling up the DagBag from /home/usmail/sys_fraud/sys_detection_frauds/lib/python3.12/site-packages/airflow/example_dags/example_setup_teardown.py
[2025-03-21T21:28:04.430+0000] {processor.py:925} INFO - DAG(s) 'example_setup_teardown' retrieved from /home/usmail/sys_fraud/sys_detection_frauds/lib/python3.12/site-packages/airflow/example_dags/example_setup_teardown.py
[2025-03-21T21:28:04.452+0000] {logging_mixin.py:190} INFO - [2025-03-21T21:28:04.451+0000] {dag.py:3239} INFO - Sync 1 DAGs
[2025-03-21T21:28:04.464+0000] {logging_mixin.py:190} INFO - [2025-03-21T21:28:04.464+0000] {dag.py:4180} INFO - Setting next_dagrun for example_setup_teardown to None, run_after=None
[2025-03-21T21:28:04.505+0000] {processor.py:208} INFO - Processing /home/usmail/sys_fraud/sys_detection_frauds/lib/python3.12/site-packages/airflow/example_dags/example_setup_teardown.py took 0.114 seconds
[2025-03-21T21:29:05.000+0000] {processor.py:186} INFO - Started process (PID=3755121) to work on /home/usmail/sys_fraud/sys_detection_frauds/lib/python3.12/site-packages/airflow/example_dags/example_setup_teardown.py
[2025-03-21T21:29:05.009+0000] {processor.py:914} INFO - Processing file /home/usmail/sys_fraud/sys_detection_frauds/lib/python3.12/site-packages/airflow/example_dags/example_setup_teardown.py for tasks to queue
[2025-03-21T21:29:05.012+0000] {logging_mixin.py:190} INFO - [2025-03-21T21:29:05.012+0000] {dagbag.py:588} INFO - Filling up the DagBag from /home/usmail/sys_fraud/sys_detection_frauds/lib/python3.12/site-packages/airflow/example_dags/example_setup_teardown.py
[2025-03-21T21:29:05.025+0000] {processor.py:925} INFO - DAG(s) 'example_setup_teardown' retrieved from /home/usmail/sys_fraud/sys_detection_frauds/lib/python3.12/site-packages/airflow/example_dags/example_setup_teardown.py
[2025-03-21T21:29:05.049+0000] {logging_mixin.py:190} INFO - [2025-03-21T21:29:05.049+0000] {dag.py:3239} INFO - Sync 1 DAGs
[2025-03-21T21:29:05.065+0000] {logging_mixin.py:190} INFO - [2025-03-21T21:29:05.065+0000] {dag.py:4180} INFO - Setting next_dagrun for example_setup_teardown to None, run_after=None
[2025-03-21T21:29:05.100+0000] {processor.py:208} INFO - Processing /home/usmail/sys_fraud/sys_detection_frauds/lib/python3.12/site-packages/airflow/example_dags/example_setup_teardown.py took 0.112 seconds
[2025-03-21T21:30:08.293+0000] {processor.py:186} INFO - Started process (PID=3755779) to work on /home/usmail/sys_fraud/sys_detection_frauds/lib/python3.12/site-packages/airflow/example_dags/example_setup_teardown.py
[2025-03-21T21:30:08.302+0000] {processor.py:914} INFO - Processing file /home/usmail/sys_fraud/sys_detection_frauds/lib/python3.12/site-packages/airflow/example_dags/example_setup_teardown.py for tasks to queue
[2025-03-21T21:30:08.305+0000] {logging_mixin.py:190} INFO - [2025-03-21T21:30:08.305+0000] {dagbag.py:588} INFO - Filling up the DagBag from /home/usmail/sys_fraud/sys_detection_frauds/lib/python3.12/site-packages/airflow/example_dags/example_setup_teardown.py
[2025-03-21T21:30:08.319+0000] {processor.py:925} INFO - DAG(s) 'example_setup_teardown' retrieved from /home/usmail/sys_fraud/sys_detection_frauds/lib/python3.12/site-packages/airflow/example_dags/example_setup_teardown.py
[2025-03-21T21:30:08.342+0000] {logging_mixin.py:190} INFO - [2025-03-21T21:30:08.342+0000] {dag.py:3239} INFO - Sync 1 DAGs
[2025-03-21T21:30:08.359+0000] {logging_mixin.py:190} INFO - [2025-03-21T21:30:08.359+0000] {dag.py:4180} INFO - Setting next_dagrun for example_setup_teardown to None, run_after=None
[2025-03-21T21:30:08.391+0000] {processor.py:208} INFO - Processing /home/usmail/sys_fraud/sys_detection_frauds/lib/python3.12/site-packages/airflow/example_dags/example_setup_teardown.py took 0.109 seconds
[2025-03-21T21:31:15.658+0000] {processor.py:186} INFO - Started process (PID=3756485) to work on /home/usmail/sys_fraud/sys_detection_frauds/lib/python3.12/site-packages/airflow/example_dags/example_setup_teardown.py
[2025-03-21T21:31:15.667+0000] {processor.py:914} INFO - Processing file /home/usmail/sys_fraud/sys_detection_frauds/lib/python3.12/site-packages/airflow/example_dags/example_setup_teardown.py for tasks to queue
[2025-03-21T21:31:15.670+0000] {logging_mixin.py:190} INFO - [2025-03-21T21:31:15.670+0000] {dagbag.py:588} INFO - Filling up the DagBag from /home/usmail/sys_fraud/sys_detection_frauds/lib/python3.12/site-packages/airflow/example_dags/example_setup_teardown.py
[2025-03-21T21:31:15.683+0000] {processor.py:925} INFO - DAG(s) 'example_setup_teardown' retrieved from /home/usmail/sys_fraud/sys_detection_frauds/lib/python3.12/site-packages/airflow/example_dags/example_setup_teardown.py
[2025-03-21T21:31:15.708+0000] {logging_mixin.py:190} INFO - [2025-03-21T21:31:15.707+0000] {dag.py:3239} INFO - Sync 1 DAGs
[2025-03-21T21:31:15.725+0000] {logging_mixin.py:190} INFO - [2025-03-21T21:31:15.725+0000] {dag.py:4180} INFO - Setting next_dagrun for example_setup_teardown to None, run_after=None
[2025-03-21T21:31:15.747+0000] {processor.py:208} INFO - Processing /home/usmail/sys_fraud/sys_detection_frauds/lib/python3.12/site-packages/airflow/example_dags/example_setup_teardown.py took 0.102 seconds
[2025-03-21T21:32:21.000+0000] {processor.py:186} INFO - Started process (PID=3757176) to work on /home/usmail/sys_fraud/sys_detection_frauds/lib/python3.12/site-packages/airflow/example_dags/example_setup_teardown.py
[2025-03-21T21:32:21.002+0000] {processor.py:914} INFO - Processing file /home/usmail/sys_fraud/sys_detection_frauds/lib/python3.12/site-packages/airflow/example_dags/example_setup_teardown.py for tasks to queue
[2025-03-21T21:32:21.005+0000] {logging_mixin.py:190} INFO - [2025-03-21T21:32:21.005+0000] {dagbag.py:588} INFO - Filling up the DagBag from /home/usmail/sys_fraud/sys_detection_frauds/lib/python3.12/site-packages/airflow/example_dags/example_setup_teardown.py
[2025-03-21T21:32:21.020+0000] {processor.py:925} INFO - DAG(s) 'example_setup_teardown' retrieved from /home/usmail/sys_fraud/sys_detection_frauds/lib/python3.12/site-packages/airflow/example_dags/example_setup_teardown.py
[2025-03-21T21:32:21.044+0000] {logging_mixin.py:190} INFO - [2025-03-21T21:32:21.044+0000] {dag.py:3239} INFO - Sync 1 DAGs
[2025-03-21T21:32:21.057+0000] {logging_mixin.py:190} INFO - [2025-03-21T21:32:21.057+0000] {dag.py:4180} INFO - Setting next_dagrun for example_setup_teardown to None, run_after=None
[2025-03-21T21:32:21.073+0000] {processor.py:208} INFO - Processing /home/usmail/sys_fraud/sys_detection_frauds/lib/python3.12/site-packages/airflow/example_dags/example_setup_teardown.py took 0.087 seconds
[2025-03-21T21:33:22.578+0000] {processor.py:186} INFO - Started process (PID=3757821) to work on /home/usmail/sys_fraud/sys_detection_frauds/lib/python3.12/site-packages/airflow/example_dags/example_setup_teardown.py
[2025-03-21T21:33:22.587+0000] {processor.py:914} INFO - Processing file /home/usmail/sys_fraud/sys_detection_frauds/lib/python3.12/site-packages/airflow/example_dags/example_setup_teardown.py for tasks to queue
[2025-03-21T21:33:22.590+0000] {logging_mixin.py:190} INFO - [2025-03-21T21:33:22.590+0000] {dagbag.py:588} INFO - Filling up the DagBag from /home/usmail/sys_fraud/sys_detection_frauds/lib/python3.12/site-packages/airflow/example_dags/example_setup_teardown.py
[2025-03-21T21:33:22.603+0000] {processor.py:925} INFO - DAG(s) 'example_setup_teardown' retrieved from /home/usmail/sys_fraud/sys_detection_frauds/lib/python3.12/site-packages/airflow/example_dags/example_setup_teardown.py
[2025-03-21T21:33:22.625+0000] {logging_mixin.py:190} INFO - [2025-03-21T21:33:22.624+0000] {dag.py:3239} INFO - Sync 1 DAGs
[2025-03-21T21:33:22.637+0000] {logging_mixin.py:190} INFO - [2025-03-21T21:33:22.637+0000] {dag.py:4180} INFO - Setting next_dagrun for example_setup_teardown to None, run_after=None
[2025-03-21T21:33:22.674+0000] {processor.py:208} INFO - Processing /home/usmail/sys_fraud/sys_detection_frauds/lib/python3.12/site-packages/airflow/example_dags/example_setup_teardown.py took 0.107 seconds
[2025-03-21T22:19:39.521+0000] {processor.py:186} INFO - Started process (PID=3758703) to work on /home/usmail/sys_fraud/sys_detection_frauds/lib/python3.12/site-packages/airflow/example_dags/example_setup_teardown.py
[2025-03-21T22:19:39.531+0000] {processor.py:914} INFO - Processing file /home/usmail/sys_fraud/sys_detection_frauds/lib/python3.12/site-packages/airflow/example_dags/example_setup_teardown.py for tasks to queue
[2025-03-21T22:19:39.535+0000] {logging_mixin.py:190} INFO - [2025-03-21T22:19:39.535+0000] {dagbag.py:588} INFO - Filling up the DagBag from /home/usmail/sys_fraud/sys_detection_frauds/lib/python3.12/site-packages/airflow/example_dags/example_setup_teardown.py
[2025-03-21T22:19:39.551+0000] {processor.py:925} INFO - DAG(s) 'example_setup_teardown' retrieved from /home/usmail/sys_fraud/sys_detection_frauds/lib/python3.12/site-packages/airflow/example_dags/example_setup_teardown.py
[2025-03-21T22:19:39.573+0000] {logging_mixin.py:190} INFO - [2025-03-21T22:19:39.573+0000] {dag.py:3239} INFO - Sync 1 DAGs
[2025-03-21T22:19:39.585+0000] {logging_mixin.py:190} INFO - [2025-03-21T22:19:39.585+0000] {dag.py:4180} INFO - Setting next_dagrun for example_setup_teardown to None, run_after=None
[2025-03-21T22:19:39.605+0000] {processor.py:208} INFO - Processing /home/usmail/sys_fraud/sys_detection_frauds/lib/python3.12/site-packages/airflow/example_dags/example_setup_teardown.py took 0.097 seconds
[2025-03-21T22:20:36.623+0000] {processor.py:186} INFO - Started process (PID=3759595) to work on /home/usmail/sys_fraud/sys_detection_frauds/lib/python3.12/site-packages/airflow/example_dags/example_setup_teardown.py
[2025-03-21T22:20:36.633+0000] {processor.py:914} INFO - Processing file /home/usmail/sys_fraud/sys_detection_frauds/lib/python3.12/site-packages/airflow/example_dags/example_setup_teardown.py for tasks to queue
[2025-03-21T22:20:36.636+0000] {logging_mixin.py:190} INFO - [2025-03-21T22:20:36.635+0000] {dagbag.py:588} INFO - Filling up the DagBag from /home/usmail/sys_fraud/sys_detection_frauds/lib/python3.12/site-packages/airflow/example_dags/example_setup_teardown.py
[2025-03-21T22:20:36.649+0000] {processor.py:925} INFO - DAG(s) 'example_setup_teardown' retrieved from /home/usmail/sys_fraud/sys_detection_frauds/lib/python3.12/site-packages/airflow/example_dags/example_setup_teardown.py
[2025-03-21T22:20:36.674+0000] {logging_mixin.py:190} INFO - [2025-03-21T22:20:36.674+0000] {dag.py:3239} INFO - Sync 1 DAGs
[2025-03-21T22:20:36.691+0000] {logging_mixin.py:190} INFO - [2025-03-21T22:20:36.690+0000] {dag.py:4180} INFO - Setting next_dagrun for example_setup_teardown to None, run_after=None
[2025-03-21T22:20:36.716+0000] {processor.py:208} INFO - Processing /home/usmail/sys_fraud/sys_detection_frauds/lib/python3.12/site-packages/airflow/example_dags/example_setup_teardown.py took 0.105 seconds
[2025-03-21T22:21:38.895+0000] {processor.py:186} INFO - Started process (PID=3760398) to work on /home/usmail/sys_fraud/sys_detection_frauds/lib/python3.12/site-packages/airflow/example_dags/example_setup_teardown.py
[2025-03-21T22:21:38.904+0000] {processor.py:914} INFO - Processing file /home/usmail/sys_fraud/sys_detection_frauds/lib/python3.12/site-packages/airflow/example_dags/example_setup_teardown.py for tasks to queue
[2025-03-21T22:21:38.907+0000] {logging_mixin.py:190} INFO - [2025-03-21T22:21:38.906+0000] {dagbag.py:588} INFO - Filling up the DagBag from /home/usmail/sys_fraud/sys_detection_frauds/lib/python3.12/site-packages/airflow/example_dags/example_setup_teardown.py
[2025-03-21T22:21:38.922+0000] {processor.py:925} INFO - DAG(s) 'example_setup_teardown' retrieved from /home/usmail/sys_fraud/sys_detection_frauds/lib/python3.12/site-packages/airflow/example_dags/example_setup_teardown.py
[2025-03-21T22:21:38.941+0000] {logging_mixin.py:190} INFO - [2025-03-21T22:21:38.941+0000] {dag.py:3239} INFO - Sync 1 DAGs
[2025-03-21T22:21:38.955+0000] {logging_mixin.py:190} INFO - [2025-03-21T22:21:38.955+0000] {dag.py:4180} INFO - Setting next_dagrun for example_setup_teardown to None, run_after=None
[2025-03-21T22:21:38.974+0000] {processor.py:208} INFO - Processing /home/usmail/sys_fraud/sys_detection_frauds/lib/python3.12/site-packages/airflow/example_dags/example_setup_teardown.py took 0.092 seconds
