[2025-03-21T20:50:02.786+0000] {processor.py:186} INFO - Started process (PID=3723311) to work on /home/usmail/sys_fraud/sys_detection_frauds/lib/python3.12/site-packages/airflow/example_dags/example_params_trigger_ui.py
[2025-03-21T20:50:02.787+0000] {processor.py:914} INFO - Processing file /home/usmail/sys_fraud/sys_detection_frauds/lib/python3.12/site-packages/airflow/example_dags/example_params_trigger_ui.py for tasks to queue
[2025-03-21T20:50:02.789+0000] {logging_mixin.py:190} INFO - [2025-03-21T20:50:02.788+0000] {dagbag.py:588} INFO - Filling up the DagBag from /home/usmail/sys_fraud/sys_detection_frauds/lib/python3.12/site-packages/airflow/example_dags/example_params_trigger_ui.py
[2025-03-21T20:50:02.797+0000] {processor.py:925} INFO - DAG(s) 'example_params_trigger_ui' retrieved from /home/usmail/sys_fraud/sys_detection_frauds/lib/python3.12/site-packages/airflow/example_dags/example_params_trigger_ui.py
[2025-03-21T20:50:02.886+0000] {logging_mixin.py:190} INFO - [2025-03-21T20:50:02.885+0000] {override.py:1912} INFO - Created Permission View: can edit on DAG:example_params_trigger_ui
[2025-03-21T20:50:02.894+0000] {logging_mixin.py:190} INFO - [2025-03-21T20:50:02.894+0000] {override.py:1912} INFO - Created Permission View: can read on DAG:example_params_trigger_ui
[2025-03-21T20:50:02.899+0000] {logging_mixin.py:190} INFO - [2025-03-21T20:50:02.899+0000] {override.py:1912} INFO - Created Permission View: can delete on DAG:example_params_trigger_ui
[2025-03-21T20:50:02.912+0000] {logging_mixin.py:190} INFO - [2025-03-21T20:50:02.911+0000] {override.py:1912} INFO - Created Permission View: can create on DAG Run:example_params_trigger_ui
[2025-03-21T20:50:02.917+0000] {logging_mixin.py:190} INFO - [2025-03-21T20:50:02.917+0000] {override.py:1912} INFO - Created Permission View: menu access on DAG Run:example_params_trigger_ui
[2025-03-21T20:50:02.922+0000] {logging_mixin.py:190} INFO - [2025-03-21T20:50:02.922+0000] {override.py:1912} INFO - Created Permission View: can read on DAG Run:example_params_trigger_ui
[2025-03-21T20:50:02.927+0000] {logging_mixin.py:190} INFO - [2025-03-21T20:50:02.927+0000] {override.py:1912} INFO - Created Permission View: can delete on DAG Run:example_params_trigger_ui
[2025-03-21T20:50:02.927+0000] {logging_mixin.py:190} INFO - [2025-03-21T20:50:02.927+0000] {dag.py:3239} INFO - Sync 1 DAGs
[2025-03-21T20:50:02.934+0000] {logging_mixin.py:190} INFO - [2025-03-21T20:50:02.934+0000] {dag.py:3262} INFO - Creating ORM DAG for example_params_trigger_ui
[2025-03-21T20:50:02.934+0000] {logging_mixin.py:190} INFO - [2025-03-21T20:50:02.934+0000] {dag.py:4180} INFO - Setting next_dagrun for example_params_trigger_ui to None, run_after=None
[2025-03-21T20:50:02.946+0000] {processor.py:208} INFO - Processing /home/usmail/sys_fraud/sys_detection_frauds/lib/python3.12/site-packages/airflow/example_dags/example_params_trigger_ui.py took 0.168 seconds
[2025-03-21T20:51:03.424+0000] {processor.py:186} INFO - Started process (PID=3724022) to work on /home/usmail/sys_fraud/sys_detection_frauds/lib/python3.12/site-packages/airflow/example_dags/example_params_trigger_ui.py
[2025-03-21T20:51:03.433+0000] {processor.py:914} INFO - Processing file /home/usmail/sys_fraud/sys_detection_frauds/lib/python3.12/site-packages/airflow/example_dags/example_params_trigger_ui.py for tasks to queue
[2025-03-21T20:51:03.435+0000] {logging_mixin.py:190} INFO - [2025-03-21T20:51:03.434+0000] {dagbag.py:588} INFO - Filling up the DagBag from /home/usmail/sys_fraud/sys_detection_frauds/lib/python3.12/site-packages/airflow/example_dags/example_params_trigger_ui.py
[2025-03-21T20:51:03.442+0000] {processor.py:925} INFO - DAG(s) 'example_params_trigger_ui' retrieved from /home/usmail/sys_fraud/sys_detection_frauds/lib/python3.12/site-packages/airflow/example_dags/example_params_trigger_ui.py
[2025-03-21T20:51:03.466+0000] {logging_mixin.py:190} INFO - [2025-03-21T20:51:03.466+0000] {dag.py:3239} INFO - Sync 1 DAGs
[2025-03-21T20:51:03.474+0000] {logging_mixin.py:190} INFO - [2025-03-21T20:51:03.474+0000] {dag.py:4180} INFO - Setting next_dagrun for example_params_trigger_ui to None, run_after=None
[2025-03-21T20:51:03.488+0000] {processor.py:208} INFO - Processing /home/usmail/sys_fraud/sys_detection_frauds/lib/python3.12/site-packages/airflow/example_dags/example_params_trigger_ui.py took 0.067 seconds
[2025-03-21T20:51:57.161+0000] {processor.py:186} INFO - Started process (PID=3724741) to work on /home/usmail/sys_fraud/sys_detection_frauds/lib/python3.12/site-packages/airflow/example_dags/example_params_trigger_ui.py
[2025-03-21T20:51:57.169+0000] {processor.py:914} INFO - Processing file /home/usmail/sys_fraud/sys_detection_frauds/lib/python3.12/site-packages/airflow/example_dags/example_params_trigger_ui.py for tasks to queue
[2025-03-21T20:51:57.171+0000] {logging_mixin.py:190} INFO - [2025-03-21T20:51:57.170+0000] {dagbag.py:588} INFO - Filling up the DagBag from /home/usmail/sys_fraud/sys_detection_frauds/lib/python3.12/site-packages/airflow/example_dags/example_params_trigger_ui.py
[2025-03-21T20:51:57.177+0000] {processor.py:925} INFO - DAG(s) 'example_params_trigger_ui' retrieved from /home/usmail/sys_fraud/sys_detection_frauds/lib/python3.12/site-packages/airflow/example_dags/example_params_trigger_ui.py
[2025-03-21T20:51:57.200+0000] {logging_mixin.py:190} INFO - [2025-03-21T20:51:57.200+0000] {dag.py:3239} INFO - Sync 1 DAGs
[2025-03-21T20:51:57.207+0000] {logging_mixin.py:190} INFO - [2025-03-21T20:51:57.207+0000] {dag.py:4180} INFO - Setting next_dagrun for example_params_trigger_ui to None, run_after=None
[2025-03-21T20:51:57.238+0000] {processor.py:208} INFO - Processing /home/usmail/sys_fraud/sys_detection_frauds/lib/python3.12/site-packages/airflow/example_dags/example_params_trigger_ui.py took 0.081 seconds
[2025-03-21T20:52:53.715+0000] {processor.py:186} INFO - Started process (PID=3725327) to work on /home/usmail/sys_fraud/sys_detection_frauds/lib/python3.12/site-packages/airflow/example_dags/example_params_trigger_ui.py
[2025-03-21T20:52:53.724+0000] {processor.py:914} INFO - Processing file /home/usmail/sys_fraud/sys_detection_frauds/lib/python3.12/site-packages/airflow/example_dags/example_params_trigger_ui.py for tasks to queue
[2025-03-21T20:52:53.728+0000] {logging_mixin.py:190} INFO - [2025-03-21T20:52:53.727+0000] {dagbag.py:588} INFO - Filling up the DagBag from /home/usmail/sys_fraud/sys_detection_frauds/lib/python3.12/site-packages/airflow/example_dags/example_params_trigger_ui.py
[2025-03-21T20:52:53.739+0000] {processor.py:925} INFO - DAG(s) 'example_params_trigger_ui' retrieved from /home/usmail/sys_fraud/sys_detection_frauds/lib/python3.12/site-packages/airflow/example_dags/example_params_trigger_ui.py
[2025-03-21T20:52:53.760+0000] {logging_mixin.py:190} INFO - [2025-03-21T20:52:53.760+0000] {dag.py:3239} INFO - Sync 1 DAGs
[2025-03-21T20:52:53.768+0000] {logging_mixin.py:190} INFO - [2025-03-21T20:52:53.768+0000] {dag.py:4180} INFO - Setting next_dagrun for example_params_trigger_ui to None, run_after=None
[2025-03-21T20:52:53.793+0000] {processor.py:208} INFO - Processing /home/usmail/sys_fraud/sys_detection_frauds/lib/python3.12/site-packages/airflow/example_dags/example_params_trigger_ui.py took 0.083 seconds
[2025-03-21T20:53:45.783+0000] {processor.py:186} INFO - Started process (PID=3725984) to work on /home/usmail/sys_fraud/sys_detection_frauds/lib/python3.12/site-packages/airflow/example_dags/example_params_trigger_ui.py
[2025-03-21T20:53:45.792+0000] {processor.py:914} INFO - Processing file /home/usmail/sys_fraud/sys_detection_frauds/lib/python3.12/site-packages/airflow/example_dags/example_params_trigger_ui.py for tasks to queue
[2025-03-21T20:53:45.795+0000] {logging_mixin.py:190} INFO - [2025-03-21T20:53:45.795+0000] {dagbag.py:588} INFO - Filling up the DagBag from /home/usmail/sys_fraud/sys_detection_frauds/lib/python3.12/site-packages/airflow/example_dags/example_params_trigger_ui.py
[2025-03-21T20:53:45.806+0000] {processor.py:925} INFO - DAG(s) 'example_params_trigger_ui' retrieved from /home/usmail/sys_fraud/sys_detection_frauds/lib/python3.12/site-packages/airflow/example_dags/example_params_trigger_ui.py
[2025-03-21T20:53:45.829+0000] {logging_mixin.py:190} INFO - [2025-03-21T20:53:45.829+0000] {dag.py:3239} INFO - Sync 1 DAGs
[2025-03-21T20:53:45.836+0000] {logging_mixin.py:190} INFO - [2025-03-21T20:53:45.836+0000] {dag.py:4180} INFO - Setting next_dagrun for example_params_trigger_ui to None, run_after=None
[2025-03-21T20:53:45.859+0000] {processor.py:208} INFO - Processing /home/usmail/sys_fraud/sys_detection_frauds/lib/python3.12/site-packages/airflow/example_dags/example_params_trigger_ui.py took 0.083 seconds
[2025-03-21T20:54:40.451+0000] {processor.py:186} INFO - Started process (PID=3726668) to work on /home/usmail/sys_fraud/sys_detection_frauds/lib/python3.12/site-packages/airflow/example_dags/example_params_trigger_ui.py
[2025-03-21T20:54:40.460+0000] {processor.py:914} INFO - Processing file /home/usmail/sys_fraud/sys_detection_frauds/lib/python3.12/site-packages/airflow/example_dags/example_params_trigger_ui.py for tasks to queue
[2025-03-21T20:54:40.463+0000] {logging_mixin.py:190} INFO - [2025-03-21T20:54:40.462+0000] {dagbag.py:588} INFO - Filling up the DagBag from /home/usmail/sys_fraud/sys_detection_frauds/lib/python3.12/site-packages/airflow/example_dags/example_params_trigger_ui.py
[2025-03-21T20:54:40.473+0000] {processor.py:925} INFO - DAG(s) 'example_params_trigger_ui' retrieved from /home/usmail/sys_fraud/sys_detection_frauds/lib/python3.12/site-packages/airflow/example_dags/example_params_trigger_ui.py
[2025-03-21T20:54:40.496+0000] {logging_mixin.py:190} INFO - [2025-03-21T20:54:40.496+0000] {dag.py:3239} INFO - Sync 1 DAGs
[2025-03-21T20:54:40.503+0000] {logging_mixin.py:190} INFO - [2025-03-21T20:54:40.503+0000] {dag.py:4180} INFO - Setting next_dagrun for example_params_trigger_ui to None, run_after=None
[2025-03-21T20:54:40.520+0000] {processor.py:208} INFO - Processing /home/usmail/sys_fraud/sys_detection_frauds/lib/python3.12/site-packages/airflow/example_dags/example_params_trigger_ui.py took 0.073 seconds
[2025-03-21T20:55:30.689+0000] {processor.py:186} INFO - Started process (PID=3727280) to work on /home/usmail/sys_fraud/sys_detection_frauds/lib/python3.12/site-packages/airflow/example_dags/example_params_trigger_ui.py
[2025-03-21T20:55:30.698+0000] {processor.py:914} INFO - Processing file /home/usmail/sys_fraud/sys_detection_frauds/lib/python3.12/site-packages/airflow/example_dags/example_params_trigger_ui.py for tasks to queue
[2025-03-21T20:55:30.702+0000] {logging_mixin.py:190} INFO - [2025-03-21T20:55:30.701+0000] {dagbag.py:588} INFO - Filling up the DagBag from /home/usmail/sys_fraud/sys_detection_frauds/lib/python3.12/site-packages/airflow/example_dags/example_params_trigger_ui.py
[2025-03-21T20:55:30.714+0000] {processor.py:925} INFO - DAG(s) 'example_params_trigger_ui' retrieved from /home/usmail/sys_fraud/sys_detection_frauds/lib/python3.12/site-packages/airflow/example_dags/example_params_trigger_ui.py
[2025-03-21T20:55:30.735+0000] {logging_mixin.py:190} INFO - [2025-03-21T20:55:30.735+0000] {dag.py:3239} INFO - Sync 1 DAGs
[2025-03-21T20:55:30.742+0000] {logging_mixin.py:190} INFO - [2025-03-21T20:55:30.742+0000] {dag.py:4180} INFO - Setting next_dagrun for example_params_trigger_ui to None, run_after=None
[2025-03-21T20:55:30.761+0000] {processor.py:208} INFO - Processing /home/usmail/sys_fraud/sys_detection_frauds/lib/python3.12/site-packages/airflow/example_dags/example_params_trigger_ui.py took 0.079 seconds
[2025-03-21T20:56:22.222+0000] {processor.py:186} INFO - Started process (PID=3727987) to work on /home/usmail/sys_fraud/sys_detection_frauds/lib/python3.12/site-packages/airflow/example_dags/example_params_trigger_ui.py
[2025-03-21T20:56:22.223+0000] {processor.py:914} INFO - Processing file /home/usmail/sys_fraud/sys_detection_frauds/lib/python3.12/site-packages/airflow/example_dags/example_params_trigger_ui.py for tasks to queue
[2025-03-21T20:56:22.225+0000] {logging_mixin.py:190} INFO - [2025-03-21T20:56:22.224+0000] {dagbag.py:588} INFO - Filling up the DagBag from /home/usmail/sys_fraud/sys_detection_frauds/lib/python3.12/site-packages/airflow/example_dags/example_params_trigger_ui.py
[2025-03-21T20:56:22.232+0000] {processor.py:925} INFO - DAG(s) 'example_params_trigger_ui' retrieved from /home/usmail/sys_fraud/sys_detection_frauds/lib/python3.12/site-packages/airflow/example_dags/example_params_trigger_ui.py
[2025-03-21T20:56:22.254+0000] {logging_mixin.py:190} INFO - [2025-03-21T20:56:22.254+0000] {dag.py:3239} INFO - Sync 1 DAGs
[2025-03-21T20:56:22.262+0000] {logging_mixin.py:190} INFO - [2025-03-21T20:56:22.262+0000] {dag.py:4180} INFO - Setting next_dagrun for example_params_trigger_ui to None, run_after=None
[2025-03-21T20:56:22.276+0000] {processor.py:208} INFO - Processing /home/usmail/sys_fraud/sys_detection_frauds/lib/python3.12/site-packages/airflow/example_dags/example_params_trigger_ui.py took 0.060 seconds
[2025-03-21T20:57:14.715+0000] {processor.py:186} INFO - Started process (PID=3728775) to work on /home/usmail/sys_fraud/sys_detection_frauds/lib/python3.12/site-packages/airflow/example_dags/example_params_trigger_ui.py
[2025-03-21T20:57:14.723+0000] {processor.py:914} INFO - Processing file /home/usmail/sys_fraud/sys_detection_frauds/lib/python3.12/site-packages/airflow/example_dags/example_params_trigger_ui.py for tasks to queue
[2025-03-21T20:57:14.725+0000] {logging_mixin.py:190} INFO - [2025-03-21T20:57:14.724+0000] {dagbag.py:588} INFO - Filling up the DagBag from /home/usmail/sys_fraud/sys_detection_frauds/lib/python3.12/site-packages/airflow/example_dags/example_params_trigger_ui.py
[2025-03-21T20:57:14.731+0000] {processor.py:925} INFO - DAG(s) 'example_params_trigger_ui' retrieved from /home/usmail/sys_fraud/sys_detection_frauds/lib/python3.12/site-packages/airflow/example_dags/example_params_trigger_ui.py
[2025-03-21T20:57:14.756+0000] {logging_mixin.py:190} INFO - [2025-03-21T20:57:14.755+0000] {dag.py:3239} INFO - Sync 1 DAGs
[2025-03-21T20:57:14.763+0000] {logging_mixin.py:190} INFO - [2025-03-21T20:57:14.763+0000] {dag.py:4180} INFO - Setting next_dagrun for example_params_trigger_ui to None, run_after=None
[2025-03-21T20:57:14.777+0000] {processor.py:208} INFO - Processing /home/usmail/sys_fraud/sys_detection_frauds/lib/python3.12/site-packages/airflow/example_dags/example_params_trigger_ui.py took 0.067 seconds
[2025-03-21T20:58:07.347+0000] {processor.py:186} INFO - Started process (PID=3729327) to work on /home/usmail/sys_fraud/sys_detection_frauds/lib/python3.12/site-packages/airflow/example_dags/example_params_trigger_ui.py
[2025-03-21T20:58:07.356+0000] {processor.py:914} INFO - Processing file /home/usmail/sys_fraud/sys_detection_frauds/lib/python3.12/site-packages/airflow/example_dags/example_params_trigger_ui.py for tasks to queue
[2025-03-21T20:58:07.357+0000] {logging_mixin.py:190} INFO - [2025-03-21T20:58:07.357+0000] {dagbag.py:588} INFO - Filling up the DagBag from /home/usmail/sys_fraud/sys_detection_frauds/lib/python3.12/site-packages/airflow/example_dags/example_params_trigger_ui.py
[2025-03-21T20:58:07.365+0000] {processor.py:925} INFO - DAG(s) 'example_params_trigger_ui' retrieved from /home/usmail/sys_fraud/sys_detection_frauds/lib/python3.12/site-packages/airflow/example_dags/example_params_trigger_ui.py
[2025-03-21T20:58:07.387+0000] {logging_mixin.py:190} INFO - [2025-03-21T20:58:07.387+0000] {dag.py:3239} INFO - Sync 1 DAGs
[2025-03-21T20:58:07.394+0000] {logging_mixin.py:190} INFO - [2025-03-21T20:58:07.394+0000] {dag.py:4180} INFO - Setting next_dagrun for example_params_trigger_ui to None, run_after=None
[2025-03-21T20:58:07.422+0000] {processor.py:208} INFO - Processing /home/usmail/sys_fraud/sys_detection_frauds/lib/python3.12/site-packages/airflow/example_dags/example_params_trigger_ui.py took 0.082 seconds
[2025-03-21T20:59:53.269+0000] {processor.py:186} INFO - Started process (PID=3730789) to work on /home/usmail/sys_fraud/sys_detection_frauds/lib/python3.12/site-packages/airflow/example_dags/example_params_trigger_ui.py
[2025-03-21T20:59:53.278+0000] {processor.py:914} INFO - Processing file /home/usmail/sys_fraud/sys_detection_frauds/lib/python3.12/site-packages/airflow/example_dags/example_params_trigger_ui.py for tasks to queue
[2025-03-21T20:59:53.279+0000] {logging_mixin.py:190} INFO - [2025-03-21T20:59:53.279+0000] {dagbag.py:588} INFO - Filling up the DagBag from /home/usmail/sys_fraud/sys_detection_frauds/lib/python3.12/site-packages/airflow/example_dags/example_params_trigger_ui.py
[2025-03-21T20:59:53.292+0000] {processor.py:925} INFO - DAG(s) 'example_params_trigger_ui' retrieved from /home/usmail/sys_fraud/sys_detection_frauds/lib/python3.12/site-packages/airflow/example_dags/example_params_trigger_ui.py
[2025-03-21T20:59:53.314+0000] {logging_mixin.py:190} INFO - [2025-03-21T20:59:53.314+0000] {dag.py:3239} INFO - Sync 1 DAGs
[2025-03-21T20:59:53.324+0000] {logging_mixin.py:190} INFO - [2025-03-21T20:59:53.324+0000] {dag.py:4180} INFO - Setting next_dagrun for example_params_trigger_ui to None, run_after=None
[2025-03-21T20:59:53.337+0000] {processor.py:208} INFO - Processing /home/usmail/sys_fraud/sys_detection_frauds/lib/python3.12/site-packages/airflow/example_dags/example_params_trigger_ui.py took 0.071 seconds
[2025-03-21T21:00:51.996+0000] {processor.py:186} INFO - Started process (PID=3731516) to work on /home/usmail/sys_fraud/sys_detection_frauds/lib/python3.12/site-packages/airflow/example_dags/example_params_trigger_ui.py
[2025-03-21T21:00:52.005+0000] {processor.py:914} INFO - Processing file /home/usmail/sys_fraud/sys_detection_frauds/lib/python3.12/site-packages/airflow/example_dags/example_params_trigger_ui.py for tasks to queue
[2025-03-21T21:00:52.008+0000] {logging_mixin.py:190} INFO - [2025-03-21T21:00:52.008+0000] {dagbag.py:588} INFO - Filling up the DagBag from /home/usmail/sys_fraud/sys_detection_frauds/lib/python3.12/site-packages/airflow/example_dags/example_params_trigger_ui.py
[2025-03-21T21:00:52.020+0000] {processor.py:925} INFO - DAG(s) 'example_params_trigger_ui' retrieved from /home/usmail/sys_fraud/sys_detection_frauds/lib/python3.12/site-packages/airflow/example_dags/example_params_trigger_ui.py
[2025-03-21T21:00:52.042+0000] {logging_mixin.py:190} INFO - [2025-03-21T21:00:52.041+0000] {dag.py:3239} INFO - Sync 1 DAGs
[2025-03-21T21:00:52.050+0000] {logging_mixin.py:190} INFO - [2025-03-21T21:00:52.049+0000] {dag.py:4180} INFO - Setting next_dagrun for example_params_trigger_ui to None, run_after=None
[2025-03-21T21:00:52.070+0000] {processor.py:208} INFO - Processing /home/usmail/sys_fraud/sys_detection_frauds/lib/python3.12/site-packages/airflow/example_dags/example_params_trigger_ui.py took 0.079 seconds
[2025-03-21T21:01:46.342+0000] {processor.py:186} INFO - Started process (PID=3732216) to work on /home/usmail/sys_fraud/sys_detection_frauds/lib/python3.12/site-packages/airflow/example_dags/example_params_trigger_ui.py
[2025-03-21T21:01:46.350+0000] {processor.py:914} INFO - Processing file /home/usmail/sys_fraud/sys_detection_frauds/lib/python3.12/site-packages/airflow/example_dags/example_params_trigger_ui.py for tasks to queue
[2025-03-21T21:01:46.353+0000] {logging_mixin.py:190} INFO - [2025-03-21T21:01:46.353+0000] {dagbag.py:588} INFO - Filling up the DagBag from /home/usmail/sys_fraud/sys_detection_frauds/lib/python3.12/site-packages/airflow/example_dags/example_params_trigger_ui.py
[2025-03-21T21:01:46.364+0000] {processor.py:925} INFO - DAG(s) 'example_params_trigger_ui' retrieved from /home/usmail/sys_fraud/sys_detection_frauds/lib/python3.12/site-packages/airflow/example_dags/example_params_trigger_ui.py
[2025-03-21T21:01:46.385+0000] {logging_mixin.py:190} INFO - [2025-03-21T21:01:46.385+0000] {dag.py:3239} INFO - Sync 1 DAGs
[2025-03-21T21:01:46.392+0000] {logging_mixin.py:190} INFO - [2025-03-21T21:01:46.392+0000] {dag.py:4180} INFO - Setting next_dagrun for example_params_trigger_ui to None, run_after=None
[2025-03-21T21:01:46.404+0000] {processor.py:208} INFO - Processing /home/usmail/sys_fraud/sys_detection_frauds/lib/python3.12/site-packages/airflow/example_dags/example_params_trigger_ui.py took 0.068 seconds
[2025-03-21T21:02:42.943+0000] {processor.py:186} INFO - Started process (PID=3732891) to work on /home/usmail/sys_fraud/sys_detection_frauds/lib/python3.12/site-packages/airflow/example_dags/example_params_trigger_ui.py
[2025-03-21T21:02:42.952+0000] {processor.py:914} INFO - Processing file /home/usmail/sys_fraud/sys_detection_frauds/lib/python3.12/site-packages/airflow/example_dags/example_params_trigger_ui.py for tasks to queue
[2025-03-21T21:02:42.955+0000] {logging_mixin.py:190} INFO - [2025-03-21T21:02:42.955+0000] {dagbag.py:588} INFO - Filling up the DagBag from /home/usmail/sys_fraud/sys_detection_frauds/lib/python3.12/site-packages/airflow/example_dags/example_params_trigger_ui.py
[2025-03-21T21:02:42.966+0000] {processor.py:925} INFO - DAG(s) 'example_params_trigger_ui' retrieved from /home/usmail/sys_fraud/sys_detection_frauds/lib/python3.12/site-packages/airflow/example_dags/example_params_trigger_ui.py
[2025-03-21T21:02:42.988+0000] {logging_mixin.py:190} INFO - [2025-03-21T21:02:42.988+0000] {dag.py:3239} INFO - Sync 1 DAGs
[2025-03-21T21:02:42.995+0000] {logging_mixin.py:190} INFO - [2025-03-21T21:02:42.995+0000] {dag.py:4180} INFO - Setting next_dagrun for example_params_trigger_ui to None, run_after=None
[2025-03-21T21:02:43.009+0000] {processor.py:208} INFO - Processing /home/usmail/sys_fraud/sys_detection_frauds/lib/python3.12/site-packages/airflow/example_dags/example_params_trigger_ui.py took 0.070 seconds
[2025-03-21T21:03:35.722+0000] {processor.py:186} INFO - Started process (PID=3733653) to work on /home/usmail/sys_fraud/sys_detection_frauds/lib/python3.12/site-packages/airflow/example_dags/example_params_trigger_ui.py
[2025-03-21T21:03:35.731+0000] {processor.py:914} INFO - Processing file /home/usmail/sys_fraud/sys_detection_frauds/lib/python3.12/site-packages/airflow/example_dags/example_params_trigger_ui.py for tasks to queue
[2025-03-21T21:03:35.734+0000] {logging_mixin.py:190} INFO - [2025-03-21T21:03:35.733+0000] {dagbag.py:588} INFO - Filling up the DagBag from /home/usmail/sys_fraud/sys_detection_frauds/lib/python3.12/site-packages/airflow/example_dags/example_params_trigger_ui.py
[2025-03-21T21:03:35.743+0000] {processor.py:925} INFO - DAG(s) 'example_params_trigger_ui' retrieved from /home/usmail/sys_fraud/sys_detection_frauds/lib/python3.12/site-packages/airflow/example_dags/example_params_trigger_ui.py
[2025-03-21T21:03:35.767+0000] {logging_mixin.py:190} INFO - [2025-03-21T21:03:35.766+0000] {dag.py:3239} INFO - Sync 1 DAGs
[2025-03-21T21:03:35.774+0000] {logging_mixin.py:190} INFO - [2025-03-21T21:03:35.773+0000] {dag.py:4180} INFO - Setting next_dagrun for example_params_trigger_ui to None, run_after=None
[2025-03-21T21:03:35.868+0000] {processor.py:208} INFO - Processing /home/usmail/sys_fraud/sys_detection_frauds/lib/python3.12/site-packages/airflow/example_dags/example_params_trigger_ui.py took 0.153 seconds
[2025-03-21T21:04:31.945+0000] {processor.py:186} INFO - Started process (PID=3734381) to work on /home/usmail/sys_fraud/sys_detection_frauds/lib/python3.12/site-packages/airflow/example_dags/example_params_trigger_ui.py
[2025-03-21T21:04:31.954+0000] {processor.py:914} INFO - Processing file /home/usmail/sys_fraud/sys_detection_frauds/lib/python3.12/site-packages/airflow/example_dags/example_params_trigger_ui.py for tasks to queue
[2025-03-21T21:04:31.957+0000] {logging_mixin.py:190} INFO - [2025-03-21T21:04:31.956+0000] {dagbag.py:588} INFO - Filling up the DagBag from /home/usmail/sys_fraud/sys_detection_frauds/lib/python3.12/site-packages/airflow/example_dags/example_params_trigger_ui.py
[2025-03-21T21:04:31.968+0000] {processor.py:925} INFO - DAG(s) 'example_params_trigger_ui' retrieved from /home/usmail/sys_fraud/sys_detection_frauds/lib/python3.12/site-packages/airflow/example_dags/example_params_trigger_ui.py
[2025-03-21T21:04:31.988+0000] {logging_mixin.py:190} INFO - [2025-03-21T21:04:31.988+0000] {dag.py:3239} INFO - Sync 1 DAGs
[2025-03-21T21:04:31.995+0000] {logging_mixin.py:190} INFO - [2025-03-21T21:04:31.995+0000] {dag.py:4180} INFO - Setting next_dagrun for example_params_trigger_ui to None, run_after=None
[2025-03-21T21:04:32.010+0000] {processor.py:208} INFO - Processing /home/usmail/sys_fraud/sys_detection_frauds/lib/python3.12/site-packages/airflow/example_dags/example_params_trigger_ui.py took 0.075 seconds
[2025-03-21T21:05:25.382+0000] {processor.py:186} INFO - Started process (PID=3735244) to work on /home/usmail/sys_fraud/sys_detection_frauds/lib/python3.12/site-packages/airflow/example_dags/example_params_trigger_ui.py
[2025-03-21T21:05:25.391+0000] {processor.py:914} INFO - Processing file /home/usmail/sys_fraud/sys_detection_frauds/lib/python3.12/site-packages/airflow/example_dags/example_params_trigger_ui.py for tasks to queue
[2025-03-21T21:05:25.394+0000] {logging_mixin.py:190} INFO - [2025-03-21T21:05:25.393+0000] {dagbag.py:588} INFO - Filling up the DagBag from /home/usmail/sys_fraud/sys_detection_frauds/lib/python3.12/site-packages/airflow/example_dags/example_params_trigger_ui.py
[2025-03-21T21:05:25.405+0000] {processor.py:925} INFO - DAG(s) 'example_params_trigger_ui' retrieved from /home/usmail/sys_fraud/sys_detection_frauds/lib/python3.12/site-packages/airflow/example_dags/example_params_trigger_ui.py
[2025-03-21T21:05:25.427+0000] {logging_mixin.py:190} INFO - [2025-03-21T21:05:25.427+0000] {dag.py:3239} INFO - Sync 1 DAGs
[2025-03-21T21:05:25.434+0000] {logging_mixin.py:190} INFO - [2025-03-21T21:05:25.434+0000] {dag.py:4180} INFO - Setting next_dagrun for example_params_trigger_ui to None, run_after=None
[2025-03-21T21:05:25.454+0000] {processor.py:208} INFO - Processing /home/usmail/sys_fraud/sys_detection_frauds/lib/python3.12/site-packages/airflow/example_dags/example_params_trigger_ui.py took 0.076 seconds
[2025-03-21T21:06:18.539+0000] {processor.py:186} INFO - Started process (PID=3735906) to work on /home/usmail/sys_fraud/sys_detection_frauds/lib/python3.12/site-packages/airflow/example_dags/example_params_trigger_ui.py
[2025-03-21T21:06:18.549+0000] {processor.py:914} INFO - Processing file /home/usmail/sys_fraud/sys_detection_frauds/lib/python3.12/site-packages/airflow/example_dags/example_params_trigger_ui.py for tasks to queue
[2025-03-21T21:06:18.552+0000] {logging_mixin.py:190} INFO - [2025-03-21T21:06:18.551+0000] {dagbag.py:588} INFO - Filling up the DagBag from /home/usmail/sys_fraud/sys_detection_frauds/lib/python3.12/site-packages/airflow/example_dags/example_params_trigger_ui.py
[2025-03-21T21:06:18.568+0000] {processor.py:925} INFO - DAG(s) 'example_params_trigger_ui' retrieved from /home/usmail/sys_fraud/sys_detection_frauds/lib/python3.12/site-packages/airflow/example_dags/example_params_trigger_ui.py
[2025-03-21T21:06:18.594+0000] {logging_mixin.py:190} INFO - [2025-03-21T21:06:18.594+0000] {dag.py:3239} INFO - Sync 1 DAGs
[2025-03-21T21:06:18.602+0000] {logging_mixin.py:190} INFO - [2025-03-21T21:06:18.602+0000] {dag.py:4180} INFO - Setting next_dagrun for example_params_trigger_ui to None, run_after=None
[2025-03-21T21:06:18.615+0000] {processor.py:208} INFO - Processing /home/usmail/sys_fraud/sys_detection_frauds/lib/python3.12/site-packages/airflow/example_dags/example_params_trigger_ui.py took 0.087 seconds
[2025-03-21T21:07:12.353+0000] {processor.py:186} INFO - Started process (PID=3737193) to work on /home/usmail/sys_fraud/sys_detection_frauds/lib/python3.12/site-packages/airflow/example_dags/example_params_trigger_ui.py
[2025-03-21T21:07:12.362+0000] {processor.py:914} INFO - Processing file /home/usmail/sys_fraud/sys_detection_frauds/lib/python3.12/site-packages/airflow/example_dags/example_params_trigger_ui.py for tasks to queue
[2025-03-21T21:07:12.363+0000] {logging_mixin.py:190} INFO - [2025-03-21T21:07:12.363+0000] {dagbag.py:588} INFO - Filling up the DagBag from /home/usmail/sys_fraud/sys_detection_frauds/lib/python3.12/site-packages/airflow/example_dags/example_params_trigger_ui.py
[2025-03-21T21:07:12.372+0000] {processor.py:925} INFO - DAG(s) 'example_params_trigger_ui' retrieved from /home/usmail/sys_fraud/sys_detection_frauds/lib/python3.12/site-packages/airflow/example_dags/example_params_trigger_ui.py
[2025-03-21T21:07:12.397+0000] {logging_mixin.py:190} INFO - [2025-03-21T21:07:12.397+0000] {dag.py:3239} INFO - Sync 1 DAGs
[2025-03-21T21:07:12.406+0000] {logging_mixin.py:190} INFO - [2025-03-21T21:07:12.406+0000] {dag.py:4180} INFO - Setting next_dagrun for example_params_trigger_ui to None, run_after=None
[2025-03-21T21:07:12.426+0000] {processor.py:208} INFO - Processing /home/usmail/sys_fraud/sys_detection_frauds/lib/python3.12/site-packages/airflow/example_dags/example_params_trigger_ui.py took 0.078 seconds
[2025-03-21T21:08:06.758+0000] {processor.py:186} INFO - Started process (PID=3737908) to work on /home/usmail/sys_fraud/sys_detection_frauds/lib/python3.12/site-packages/airflow/example_dags/example_params_trigger_ui.py
[2025-03-21T21:08:06.766+0000] {processor.py:914} INFO - Processing file /home/usmail/sys_fraud/sys_detection_frauds/lib/python3.12/site-packages/airflow/example_dags/example_params_trigger_ui.py for tasks to queue
[2025-03-21T21:08:06.770+0000] {logging_mixin.py:190} INFO - [2025-03-21T21:08:06.769+0000] {dagbag.py:588} INFO - Filling up the DagBag from /home/usmail/sys_fraud/sys_detection_frauds/lib/python3.12/site-packages/airflow/example_dags/example_params_trigger_ui.py
[2025-03-21T21:08:06.787+0000] {processor.py:925} INFO - DAG(s) 'example_params_trigger_ui' retrieved from /home/usmail/sys_fraud/sys_detection_frauds/lib/python3.12/site-packages/airflow/example_dags/example_params_trigger_ui.py
[2025-03-21T21:08:06.834+0000] {logging_mixin.py:190} INFO - [2025-03-21T21:08:06.833+0000] {dag.py:3239} INFO - Sync 1 DAGs
[2025-03-21T21:08:06.843+0000] {logging_mixin.py:190} INFO - [2025-03-21T21:08:06.843+0000] {dag.py:4180} INFO - Setting next_dagrun for example_params_trigger_ui to None, run_after=None
[2025-03-21T21:08:06.887+0000] {processor.py:208} INFO - Processing /home/usmail/sys_fraud/sys_detection_frauds/lib/python3.12/site-packages/airflow/example_dags/example_params_trigger_ui.py took 0.142 seconds
[2025-03-21T21:09:09.354+0000] {processor.py:186} INFO - Started process (PID=3738765) to work on /home/usmail/sys_fraud/sys_detection_frauds/lib/python3.12/site-packages/airflow/example_dags/example_params_trigger_ui.py
[2025-03-21T21:09:09.362+0000] {processor.py:914} INFO - Processing file /home/usmail/sys_fraud/sys_detection_frauds/lib/python3.12/site-packages/airflow/example_dags/example_params_trigger_ui.py for tasks to queue
[2025-03-21T21:09:09.364+0000] {logging_mixin.py:190} INFO - [2025-03-21T21:09:09.364+0000] {dagbag.py:588} INFO - Filling up the DagBag from /home/usmail/sys_fraud/sys_detection_frauds/lib/python3.12/site-packages/airflow/example_dags/example_params_trigger_ui.py
[2025-03-21T21:09:09.375+0000] {processor.py:925} INFO - DAG(s) 'example_params_trigger_ui' retrieved from /home/usmail/sys_fraud/sys_detection_frauds/lib/python3.12/site-packages/airflow/example_dags/example_params_trigger_ui.py
[2025-03-21T21:09:09.407+0000] {logging_mixin.py:190} INFO - [2025-03-21T21:09:09.407+0000] {dag.py:3239} INFO - Sync 1 DAGs
[2025-03-21T21:09:09.422+0000] {logging_mixin.py:190} INFO - [2025-03-21T21:09:09.422+0000] {dag.py:4180} INFO - Setting next_dagrun for example_params_trigger_ui to None, run_after=None
[2025-03-21T21:09:09.442+0000] {processor.py:208} INFO - Processing /home/usmail/sys_fraud/sys_detection_frauds/lib/python3.12/site-packages/airflow/example_dags/example_params_trigger_ui.py took 0.094 seconds
[2025-03-21T21:10:05.898+0000] {processor.py:186} INFO - Started process (PID=3739551) to work on /home/usmail/sys_fraud/sys_detection_frauds/lib/python3.12/site-packages/airflow/example_dags/example_params_trigger_ui.py
[2025-03-21T21:10:05.907+0000] {processor.py:914} INFO - Processing file /home/usmail/sys_fraud/sys_detection_frauds/lib/python3.12/site-packages/airflow/example_dags/example_params_trigger_ui.py for tasks to queue
[2025-03-21T21:10:05.911+0000] {logging_mixin.py:190} INFO - [2025-03-21T21:10:05.910+0000] {dagbag.py:588} INFO - Filling up the DagBag from /home/usmail/sys_fraud/sys_detection_frauds/lib/python3.12/site-packages/airflow/example_dags/example_params_trigger_ui.py
[2025-03-21T21:10:05.931+0000] {processor.py:925} INFO - DAG(s) 'example_params_trigger_ui' retrieved from /home/usmail/sys_fraud/sys_detection_frauds/lib/python3.12/site-packages/airflow/example_dags/example_params_trigger_ui.py
[2025-03-21T21:10:05.970+0000] {logging_mixin.py:190} INFO - [2025-03-21T21:10:05.970+0000] {dag.py:3239} INFO - Sync 1 DAGs
[2025-03-21T21:10:05.980+0000] {logging_mixin.py:190} INFO - [2025-03-21T21:10:05.980+0000] {dag.py:4180} INFO - Setting next_dagrun for example_params_trigger_ui to None, run_after=None
[2025-03-21T21:10:06.005+0000] {processor.py:208} INFO - Processing /home/usmail/sys_fraud/sys_detection_frauds/lib/python3.12/site-packages/airflow/example_dags/example_params_trigger_ui.py took 0.120 seconds
[2025-03-21T21:11:02.968+0000] {processor.py:186} INFO - Started process (PID=3741179) to work on /home/usmail/sys_fraud/sys_detection_frauds/lib/python3.12/site-packages/airflow/example_dags/example_params_trigger_ui.py
[2025-03-21T21:11:02.977+0000] {processor.py:914} INFO - Processing file /home/usmail/sys_fraud/sys_detection_frauds/lib/python3.12/site-packages/airflow/example_dags/example_params_trigger_ui.py for tasks to queue
[2025-03-21T21:11:02.978+0000] {logging_mixin.py:190} INFO - [2025-03-21T21:11:02.978+0000] {dagbag.py:588} INFO - Filling up the DagBag from /home/usmail/sys_fraud/sys_detection_frauds/lib/python3.12/site-packages/airflow/example_dags/example_params_trigger_ui.py
[2025-03-21T21:11:02.990+0000] {processor.py:925} INFO - DAG(s) 'example_params_trigger_ui' retrieved from /home/usmail/sys_fraud/sys_detection_frauds/lib/python3.12/site-packages/airflow/example_dags/example_params_trigger_ui.py
[2025-03-21T21:11:03.024+0000] {logging_mixin.py:190} INFO - [2025-03-21T21:11:03.024+0000] {dag.py:3239} INFO - Sync 1 DAGs
[2025-03-21T21:11:03.034+0000] {logging_mixin.py:190} INFO - [2025-03-21T21:11:03.034+0000] {dag.py:4180} INFO - Setting next_dagrun for example_params_trigger_ui to None, run_after=None
[2025-03-21T21:11:03.050+0000] {processor.py:208} INFO - Processing /home/usmail/sys_fraud/sys_detection_frauds/lib/python3.12/site-packages/airflow/example_dags/example_params_trigger_ui.py took 0.088 seconds
[2025-03-21T21:11:58.764+0000] {processor.py:186} INFO - Started process (PID=3742269) to work on /home/usmail/sys_fraud/sys_detection_frauds/lib/python3.12/site-packages/airflow/example_dags/example_params_trigger_ui.py
[2025-03-21T21:11:58.772+0000] {processor.py:914} INFO - Processing file /home/usmail/sys_fraud/sys_detection_frauds/lib/python3.12/site-packages/airflow/example_dags/example_params_trigger_ui.py for tasks to queue
[2025-03-21T21:11:58.774+0000] {logging_mixin.py:190} INFO - [2025-03-21T21:11:58.773+0000] {dagbag.py:588} INFO - Filling up the DagBag from /home/usmail/sys_fraud/sys_detection_frauds/lib/python3.12/site-packages/airflow/example_dags/example_params_trigger_ui.py
[2025-03-21T21:11:58.783+0000] {processor.py:925} INFO - DAG(s) 'example_params_trigger_ui' retrieved from /home/usmail/sys_fraud/sys_detection_frauds/lib/python3.12/site-packages/airflow/example_dags/example_params_trigger_ui.py
[2025-03-21T21:11:58.812+0000] {logging_mixin.py:190} INFO - [2025-03-21T21:11:58.812+0000] {dag.py:3239} INFO - Sync 1 DAGs
[2025-03-21T21:11:58.823+0000] {logging_mixin.py:190} INFO - [2025-03-21T21:11:58.823+0000] {dag.py:4180} INFO - Setting next_dagrun for example_params_trigger_ui to None, run_after=None
[2025-03-21T21:11:58.839+0000] {processor.py:208} INFO - Processing /home/usmail/sys_fraud/sys_detection_frauds/lib/python3.12/site-packages/airflow/example_dags/example_params_trigger_ui.py took 0.081 seconds
[2025-03-21T21:12:51.893+0000] {processor.py:186} INFO - Started process (PID=3743265) to work on /home/usmail/sys_fraud/sys_detection_frauds/lib/python3.12/site-packages/airflow/example_dags/example_params_trigger_ui.py
[2025-03-21T21:12:51.894+0000] {processor.py:914} INFO - Processing file /home/usmail/sys_fraud/sys_detection_frauds/lib/python3.12/site-packages/airflow/example_dags/example_params_trigger_ui.py for tasks to queue
[2025-03-21T21:12:51.895+0000] {logging_mixin.py:190} INFO - [2025-03-21T21:12:51.895+0000] {dagbag.py:588} INFO - Filling up the DagBag from /home/usmail/sys_fraud/sys_detection_frauds/lib/python3.12/site-packages/airflow/example_dags/example_params_trigger_ui.py
[2025-03-21T21:12:51.904+0000] {processor.py:925} INFO - DAG(s) 'example_params_trigger_ui' retrieved from /home/usmail/sys_fraud/sys_detection_frauds/lib/python3.12/site-packages/airflow/example_dags/example_params_trigger_ui.py
[2025-03-21T21:12:51.933+0000] {logging_mixin.py:190} INFO - [2025-03-21T21:12:51.933+0000] {dag.py:3239} INFO - Sync 1 DAGs
[2025-03-21T21:12:51.943+0000] {logging_mixin.py:190} INFO - [2025-03-21T21:12:51.942+0000] {dag.py:4180} INFO - Setting next_dagrun for example_params_trigger_ui to None, run_after=None
[2025-03-21T21:12:51.962+0000] {processor.py:208} INFO - Processing /home/usmail/sys_fraud/sys_detection_frauds/lib/python3.12/site-packages/airflow/example_dags/example_params_trigger_ui.py took 0.075 seconds
[2025-03-21T21:13:44.570+0000] {processor.py:186} INFO - Started process (PID=3744231) to work on /home/usmail/sys_fraud/sys_detection_frauds/lib/python3.12/site-packages/airflow/example_dags/example_params_trigger_ui.py
[2025-03-21T21:13:44.579+0000] {processor.py:914} INFO - Processing file /home/usmail/sys_fraud/sys_detection_frauds/lib/python3.12/site-packages/airflow/example_dags/example_params_trigger_ui.py for tasks to queue
[2025-03-21T21:13:44.580+0000] {logging_mixin.py:190} INFO - [2025-03-21T21:13:44.580+0000] {dagbag.py:588} INFO - Filling up the DagBag from /home/usmail/sys_fraud/sys_detection_frauds/lib/python3.12/site-packages/airflow/example_dags/example_params_trigger_ui.py
[2025-03-21T21:13:44.589+0000] {processor.py:925} INFO - DAG(s) 'example_params_trigger_ui' retrieved from /home/usmail/sys_fraud/sys_detection_frauds/lib/python3.12/site-packages/airflow/example_dags/example_params_trigger_ui.py
[2025-03-21T21:13:44.619+0000] {logging_mixin.py:190} INFO - [2025-03-21T21:13:44.619+0000] {dag.py:3239} INFO - Sync 1 DAGs
[2025-03-21T21:13:44.633+0000] {logging_mixin.py:190} INFO - [2025-03-21T21:13:44.633+0000] {dag.py:4180} INFO - Setting next_dagrun for example_params_trigger_ui to None, run_after=None
[2025-03-21T21:13:44.652+0000] {processor.py:208} INFO - Processing /home/usmail/sys_fraud/sys_detection_frauds/lib/python3.12/site-packages/airflow/example_dags/example_params_trigger_ui.py took 0.088 seconds
[2025-03-21T21:14:38.396+0000] {processor.py:186} INFO - Started process (PID=3744995) to work on /home/usmail/sys_fraud/sys_detection_frauds/lib/python3.12/site-packages/airflow/example_dags/example_params_trigger_ui.py
[2025-03-21T21:14:38.405+0000] {processor.py:914} INFO - Processing file /home/usmail/sys_fraud/sys_detection_frauds/lib/python3.12/site-packages/airflow/example_dags/example_params_trigger_ui.py for tasks to queue
[2025-03-21T21:14:38.407+0000] {logging_mixin.py:190} INFO - [2025-03-21T21:14:38.406+0000] {dagbag.py:588} INFO - Filling up the DagBag from /home/usmail/sys_fraud/sys_detection_frauds/lib/python3.12/site-packages/airflow/example_dags/example_params_trigger_ui.py
[2025-03-21T21:14:38.420+0000] {processor.py:925} INFO - DAG(s) 'example_params_trigger_ui' retrieved from /home/usmail/sys_fraud/sys_detection_frauds/lib/python3.12/site-packages/airflow/example_dags/example_params_trigger_ui.py
[2025-03-21T21:14:38.453+0000] {logging_mixin.py:190} INFO - [2025-03-21T21:14:38.453+0000] {dag.py:3239} INFO - Sync 1 DAGs
[2025-03-21T21:14:38.463+0000] {logging_mixin.py:190} INFO - [2025-03-21T21:14:38.463+0000] {dag.py:4180} INFO - Setting next_dagrun for example_params_trigger_ui to None, run_after=None
[2025-03-21T21:14:38.492+0000] {processor.py:208} INFO - Processing /home/usmail/sys_fraud/sys_detection_frauds/lib/python3.12/site-packages/airflow/example_dags/example_params_trigger_ui.py took 0.105 seconds
[2025-03-21T21:15:40.044+0000] {processor.py:186} INFO - Started process (PID=3745768) to work on /home/usmail/sys_fraud/sys_detection_frauds/lib/python3.12/site-packages/airflow/example_dags/example_params_trigger_ui.py
[2025-03-21T21:15:40.053+0000] {processor.py:914} INFO - Processing file /home/usmail/sys_fraud/sys_detection_frauds/lib/python3.12/site-packages/airflow/example_dags/example_params_trigger_ui.py for tasks to queue
[2025-03-21T21:15:40.056+0000] {logging_mixin.py:190} INFO - [2025-03-21T21:15:40.055+0000] {dagbag.py:588} INFO - Filling up the DagBag from /home/usmail/sys_fraud/sys_detection_frauds/lib/python3.12/site-packages/airflow/example_dags/example_params_trigger_ui.py
[2025-03-21T21:15:40.073+0000] {processor.py:925} INFO - DAG(s) 'example_params_trigger_ui' retrieved from /home/usmail/sys_fraud/sys_detection_frauds/lib/python3.12/site-packages/airflow/example_dags/example_params_trigger_ui.py
[2025-03-21T21:15:40.109+0000] {logging_mixin.py:190} INFO - [2025-03-21T21:15:40.109+0000] {dag.py:3239} INFO - Sync 1 DAGs
[2025-03-21T21:15:40.118+0000] {logging_mixin.py:190} INFO - [2025-03-21T21:15:40.118+0000] {dag.py:4180} INFO - Setting next_dagrun for example_params_trigger_ui to None, run_after=None
[2025-03-21T21:15:40.136+0000] {processor.py:208} INFO - Processing /home/usmail/sys_fraud/sys_detection_frauds/lib/python3.12/site-packages/airflow/example_dags/example_params_trigger_ui.py took 0.104 seconds
[2025-03-21T21:16:41.287+0000] {processor.py:186} INFO - Started process (PID=3746539) to work on /home/usmail/sys_fraud/sys_detection_frauds/lib/python3.12/site-packages/airflow/example_dags/example_params_trigger_ui.py
[2025-03-21T21:16:41.296+0000] {processor.py:914} INFO - Processing file /home/usmail/sys_fraud/sys_detection_frauds/lib/python3.12/site-packages/airflow/example_dags/example_params_trigger_ui.py for tasks to queue
[2025-03-21T21:16:41.299+0000] {logging_mixin.py:190} INFO - [2025-03-21T21:16:41.299+0000] {dagbag.py:588} INFO - Filling up the DagBag from /home/usmail/sys_fraud/sys_detection_frauds/lib/python3.12/site-packages/airflow/example_dags/example_params_trigger_ui.py
[2025-03-21T21:16:41.317+0000] {processor.py:925} INFO - DAG(s) 'example_params_trigger_ui' retrieved from /home/usmail/sys_fraud/sys_detection_frauds/lib/python3.12/site-packages/airflow/example_dags/example_params_trigger_ui.py
[2025-03-21T21:16:41.372+0000] {logging_mixin.py:190} INFO - [2025-03-21T21:16:41.372+0000] {dag.py:3239} INFO - Sync 1 DAGs
[2025-03-21T21:16:41.381+0000] {logging_mixin.py:190} INFO - [2025-03-21T21:16:41.381+0000] {dag.py:4180} INFO - Setting next_dagrun for example_params_trigger_ui to None, run_after=None
[2025-03-21T21:16:41.414+0000] {processor.py:208} INFO - Processing /home/usmail/sys_fraud/sys_detection_frauds/lib/python3.12/site-packages/airflow/example_dags/example_params_trigger_ui.py took 0.139 seconds
[2025-03-21T21:17:42.617+0000] {processor.py:186} INFO - Started process (PID=3747298) to work on /home/usmail/sys_fraud/sys_detection_frauds/lib/python3.12/site-packages/airflow/example_dags/example_params_trigger_ui.py
[2025-03-21T21:17:42.626+0000] {processor.py:914} INFO - Processing file /home/usmail/sys_fraud/sys_detection_frauds/lib/python3.12/site-packages/airflow/example_dags/example_params_trigger_ui.py for tasks to queue
[2025-03-21T21:17:42.629+0000] {logging_mixin.py:190} INFO - [2025-03-21T21:17:42.628+0000] {dagbag.py:588} INFO - Filling up the DagBag from /home/usmail/sys_fraud/sys_detection_frauds/lib/python3.12/site-packages/airflow/example_dags/example_params_trigger_ui.py
[2025-03-21T21:17:42.647+0000] {processor.py:925} INFO - DAG(s) 'example_params_trigger_ui' retrieved from /home/usmail/sys_fraud/sys_detection_frauds/lib/python3.12/site-packages/airflow/example_dags/example_params_trigger_ui.py
[2025-03-21T21:17:42.692+0000] {logging_mixin.py:190} INFO - [2025-03-21T21:17:42.691+0000] {dag.py:3239} INFO - Sync 1 DAGs
[2025-03-21T21:17:42.701+0000] {logging_mixin.py:190} INFO - [2025-03-21T21:17:42.701+0000] {dag.py:4180} INFO - Setting next_dagrun for example_params_trigger_ui to None, run_after=None
[2025-03-21T21:17:42.716+0000] {processor.py:208} INFO - Processing /home/usmail/sys_fraud/sys_detection_frauds/lib/python3.12/site-packages/airflow/example_dags/example_params_trigger_ui.py took 0.112 seconds
[2025-03-21T21:18:48.202+0000] {processor.py:186} INFO - Started process (PID=3748108) to work on /home/usmail/sys_fraud/sys_detection_frauds/lib/python3.12/site-packages/airflow/example_dags/example_params_trigger_ui.py
[2025-03-21T21:18:48.211+0000] {processor.py:914} INFO - Processing file /home/usmail/sys_fraud/sys_detection_frauds/lib/python3.12/site-packages/airflow/example_dags/example_params_trigger_ui.py for tasks to queue
[2025-03-21T21:18:48.214+0000] {logging_mixin.py:190} INFO - [2025-03-21T21:18:48.213+0000] {dagbag.py:588} INFO - Filling up the DagBag from /home/usmail/sys_fraud/sys_detection_frauds/lib/python3.12/site-packages/airflow/example_dags/example_params_trigger_ui.py
[2025-03-21T21:18:48.233+0000] {processor.py:925} INFO - DAG(s) 'example_params_trigger_ui' retrieved from /home/usmail/sys_fraud/sys_detection_frauds/lib/python3.12/site-packages/airflow/example_dags/example_params_trigger_ui.py
[2025-03-21T21:18:48.280+0000] {logging_mixin.py:190} INFO - [2025-03-21T21:18:48.279+0000] {dag.py:3239} INFO - Sync 1 DAGs
[2025-03-21T21:18:48.289+0000] {logging_mixin.py:190} INFO - [2025-03-21T21:18:48.289+0000] {dag.py:4180} INFO - Setting next_dagrun for example_params_trigger_ui to None, run_after=None
[2025-03-21T21:18:48.317+0000] {processor.py:208} INFO - Processing /home/usmail/sys_fraud/sys_detection_frauds/lib/python3.12/site-packages/airflow/example_dags/example_params_trigger_ui.py took 0.129 seconds
[2025-03-21T21:19:51.101+0000] {processor.py:186} INFO - Started process (PID=3748855) to work on /home/usmail/sys_fraud/sys_detection_frauds/lib/python3.12/site-packages/airflow/example_dags/example_params_trigger_ui.py
[2025-03-21T21:19:51.110+0000] {processor.py:914} INFO - Processing file /home/usmail/sys_fraud/sys_detection_frauds/lib/python3.12/site-packages/airflow/example_dags/example_params_trigger_ui.py for tasks to queue
[2025-03-21T21:19:51.113+0000] {logging_mixin.py:190} INFO - [2025-03-21T21:19:51.113+0000] {dagbag.py:588} INFO - Filling up the DagBag from /home/usmail/sys_fraud/sys_detection_frauds/lib/python3.12/site-packages/airflow/example_dags/example_params_trigger_ui.py
[2025-03-21T21:19:51.131+0000] {processor.py:925} INFO - DAG(s) 'example_params_trigger_ui' retrieved from /home/usmail/sys_fraud/sys_detection_frauds/lib/python3.12/site-packages/airflow/example_dags/example_params_trigger_ui.py
[2025-03-21T21:19:51.179+0000] {logging_mixin.py:190} INFO - [2025-03-21T21:19:51.179+0000] {dag.py:3239} INFO - Sync 1 DAGs
[2025-03-21T21:19:51.189+0000] {logging_mixin.py:190} INFO - [2025-03-21T21:19:51.189+0000] {dag.py:4180} INFO - Setting next_dagrun for example_params_trigger_ui to None, run_after=None
[2025-03-21T21:19:51.226+0000] {processor.py:208} INFO - Processing /home/usmail/sys_fraud/sys_detection_frauds/lib/python3.12/site-packages/airflow/example_dags/example_params_trigger_ui.py took 0.137 seconds
[2025-03-21T21:20:54.169+0000] {processor.py:186} INFO - Started process (PID=3749635) to work on /home/usmail/sys_fraud/sys_detection_frauds/lib/python3.12/site-packages/airflow/example_dags/example_params_trigger_ui.py
[2025-03-21T21:20:54.178+0000] {processor.py:914} INFO - Processing file /home/usmail/sys_fraud/sys_detection_frauds/lib/python3.12/site-packages/airflow/example_dags/example_params_trigger_ui.py for tasks to queue
[2025-03-21T21:20:54.182+0000] {logging_mixin.py:190} INFO - [2025-03-21T21:20:54.181+0000] {dagbag.py:588} INFO - Filling up the DagBag from /home/usmail/sys_fraud/sys_detection_frauds/lib/python3.12/site-packages/airflow/example_dags/example_params_trigger_ui.py
[2025-03-21T21:20:54.200+0000] {processor.py:925} INFO - DAG(s) 'example_params_trigger_ui' retrieved from /home/usmail/sys_fraud/sys_detection_frauds/lib/python3.12/site-packages/airflow/example_dags/example_params_trigger_ui.py
[2025-03-21T21:20:54.249+0000] {logging_mixin.py:190} INFO - [2025-03-21T21:20:54.249+0000] {dag.py:3239} INFO - Sync 1 DAGs
[2025-03-21T21:20:54.259+0000] {logging_mixin.py:190} INFO - [2025-03-21T21:20:54.258+0000] {dag.py:4180} INFO - Setting next_dagrun for example_params_trigger_ui to None, run_after=None
[2025-03-21T21:20:54.274+0000] {processor.py:208} INFO - Processing /home/usmail/sys_fraud/sys_detection_frauds/lib/python3.12/site-packages/airflow/example_dags/example_params_trigger_ui.py took 0.117 seconds
[2025-03-21T21:22:00.242+0000] {processor.py:186} INFO - Started process (PID=3750458) to work on /home/usmail/sys_fraud/sys_detection_frauds/lib/python3.12/site-packages/airflow/example_dags/example_params_trigger_ui.py
[2025-03-21T21:22:00.251+0000] {processor.py:914} INFO - Processing file /home/usmail/sys_fraud/sys_detection_frauds/lib/python3.12/site-packages/airflow/example_dags/example_params_trigger_ui.py for tasks to queue
[2025-03-21T21:22:00.254+0000] {logging_mixin.py:190} INFO - [2025-03-21T21:22:00.254+0000] {dagbag.py:588} INFO - Filling up the DagBag from /home/usmail/sys_fraud/sys_detection_frauds/lib/python3.12/site-packages/airflow/example_dags/example_params_trigger_ui.py
[2025-03-21T21:22:00.273+0000] {processor.py:925} INFO - DAG(s) 'example_params_trigger_ui' retrieved from /home/usmail/sys_fraud/sys_detection_frauds/lib/python3.12/site-packages/airflow/example_dags/example_params_trigger_ui.py
[2025-03-21T21:22:00.313+0000] {logging_mixin.py:190} INFO - [2025-03-21T21:22:00.313+0000] {dag.py:3239} INFO - Sync 1 DAGs
[2025-03-21T21:22:00.322+0000] {logging_mixin.py:190} INFO - [2025-03-21T21:22:00.322+0000] {dag.py:4180} INFO - Setting next_dagrun for example_params_trigger_ui to None, run_after=None
[2025-03-21T21:22:00.338+0000] {processor.py:208} INFO - Processing /home/usmail/sys_fraud/sys_detection_frauds/lib/python3.12/site-packages/airflow/example_dags/example_params_trigger_ui.py took 0.109 seconds
[2025-03-21T21:23:06.905+0000] {processor.py:186} INFO - Started process (PID=3751298) to work on /home/usmail/sys_fraud/sys_detection_frauds/lib/python3.12/site-packages/airflow/example_dags/example_params_trigger_ui.py
[2025-03-21T21:23:06.914+0000] {processor.py:914} INFO - Processing file /home/usmail/sys_fraud/sys_detection_frauds/lib/python3.12/site-packages/airflow/example_dags/example_params_trigger_ui.py for tasks to queue
[2025-03-21T21:23:06.917+0000] {logging_mixin.py:190} INFO - [2025-03-21T21:23:06.917+0000] {dagbag.py:588} INFO - Filling up the DagBag from /home/usmail/sys_fraud/sys_detection_frauds/lib/python3.12/site-packages/airflow/example_dags/example_params_trigger_ui.py
[2025-03-21T21:23:06.935+0000] {processor.py:925} INFO - DAG(s) 'example_params_trigger_ui' retrieved from /home/usmail/sys_fraud/sys_detection_frauds/lib/python3.12/site-packages/airflow/example_dags/example_params_trigger_ui.py
[2025-03-21T21:23:06.981+0000] {logging_mixin.py:190} INFO - [2025-03-21T21:23:06.981+0000] {dag.py:3239} INFO - Sync 1 DAGs
[2025-03-21T21:23:06.991+0000] {logging_mixin.py:190} INFO - [2025-03-21T21:23:06.991+0000] {dag.py:4180} INFO - Setting next_dagrun for example_params_trigger_ui to None, run_after=None
[2025-03-21T21:23:07.007+0000] {processor.py:208} INFO - Processing /home/usmail/sys_fraud/sys_detection_frauds/lib/python3.12/site-packages/airflow/example_dags/example_params_trigger_ui.py took 0.114 seconds
[2025-03-21T21:24:08.518+0000] {processor.py:186} INFO - Started process (PID=3752007) to work on /home/usmail/sys_fraud/sys_detection_frauds/lib/python3.12/site-packages/airflow/example_dags/example_params_trigger_ui.py
[2025-03-21T21:24:08.527+0000] {processor.py:914} INFO - Processing file /home/usmail/sys_fraud/sys_detection_frauds/lib/python3.12/site-packages/airflow/example_dags/example_params_trigger_ui.py for tasks to queue
[2025-03-21T21:24:08.530+0000] {logging_mixin.py:190} INFO - [2025-03-21T21:24:08.529+0000] {dagbag.py:588} INFO - Filling up the DagBag from /home/usmail/sys_fraud/sys_detection_frauds/lib/python3.12/site-packages/airflow/example_dags/example_params_trigger_ui.py
[2025-03-21T21:24:08.548+0000] {processor.py:925} INFO - DAG(s) 'example_params_trigger_ui' retrieved from /home/usmail/sys_fraud/sys_detection_frauds/lib/python3.12/site-packages/airflow/example_dags/example_params_trigger_ui.py
[2025-03-21T21:24:08.596+0000] {logging_mixin.py:190} INFO - [2025-03-21T21:24:08.596+0000] {dag.py:3239} INFO - Sync 1 DAGs
[2025-03-21T21:24:08.605+0000] {logging_mixin.py:190} INFO - [2025-03-21T21:24:08.605+0000] {dag.py:4180} INFO - Setting next_dagrun for example_params_trigger_ui to None, run_after=None
[2025-03-21T21:24:08.627+0000] {processor.py:208} INFO - Processing /home/usmail/sys_fraud/sys_detection_frauds/lib/python3.12/site-packages/airflow/example_dags/example_params_trigger_ui.py took 0.121 seconds
[2025-03-21T21:25:11.436+0000] {processor.py:186} INFO - Started process (PID=3752672) to work on /home/usmail/sys_fraud/sys_detection_frauds/lib/python3.12/site-packages/airflow/example_dags/example_params_trigger_ui.py
[2025-03-21T21:25:11.445+0000] {processor.py:914} INFO - Processing file /home/usmail/sys_fraud/sys_detection_frauds/lib/python3.12/site-packages/airflow/example_dags/example_params_trigger_ui.py for tasks to queue
[2025-03-21T21:25:11.448+0000] {logging_mixin.py:190} INFO - [2025-03-21T21:25:11.448+0000] {dagbag.py:588} INFO - Filling up the DagBag from /home/usmail/sys_fraud/sys_detection_frauds/lib/python3.12/site-packages/airflow/example_dags/example_params_trigger_ui.py
[2025-03-21T21:25:11.467+0000] {processor.py:925} INFO - DAG(s) 'example_params_trigger_ui' retrieved from /home/usmail/sys_fraud/sys_detection_frauds/lib/python3.12/site-packages/airflow/example_dags/example_params_trigger_ui.py
[2025-03-21T21:25:11.508+0000] {logging_mixin.py:190} INFO - [2025-03-21T21:25:11.508+0000] {dag.py:3239} INFO - Sync 1 DAGs
[2025-03-21T21:25:11.517+0000] {logging_mixin.py:190} INFO - [2025-03-21T21:25:11.517+0000] {dag.py:4180} INFO - Setting next_dagrun for example_params_trigger_ui to None, run_after=None
[2025-03-21T21:25:11.534+0000] {processor.py:208} INFO - Processing /home/usmail/sys_fraud/sys_detection_frauds/lib/python3.12/site-packages/airflow/example_dags/example_params_trigger_ui.py took 0.111 seconds
[2025-03-21T21:26:16.631+0000] {processor.py:186} INFO - Started process (PID=3753367) to work on /home/usmail/sys_fraud/sys_detection_frauds/lib/python3.12/site-packages/airflow/example_dags/example_params_trigger_ui.py
[2025-03-21T21:26:16.641+0000] {processor.py:914} INFO - Processing file /home/usmail/sys_fraud/sys_detection_frauds/lib/python3.12/site-packages/airflow/example_dags/example_params_trigger_ui.py for tasks to queue
[2025-03-21T21:26:16.644+0000] {logging_mixin.py:190} INFO - [2025-03-21T21:26:16.643+0000] {dagbag.py:588} INFO - Filling up the DagBag from /home/usmail/sys_fraud/sys_detection_frauds/lib/python3.12/site-packages/airflow/example_dags/example_params_trigger_ui.py
[2025-03-21T21:26:16.661+0000] {processor.py:925} INFO - DAG(s) 'example_params_trigger_ui' retrieved from /home/usmail/sys_fraud/sys_detection_frauds/lib/python3.12/site-packages/airflow/example_dags/example_params_trigger_ui.py
[2025-03-21T21:26:16.710+0000] {logging_mixin.py:190} INFO - [2025-03-21T21:26:16.710+0000] {dag.py:3239} INFO - Sync 1 DAGs
[2025-03-21T21:26:16.719+0000] {logging_mixin.py:190} INFO - [2025-03-21T21:26:16.719+0000] {dag.py:4180} INFO - Setting next_dagrun for example_params_trigger_ui to None, run_after=None
[2025-03-21T21:26:16.755+0000] {processor.py:208} INFO - Processing /home/usmail/sys_fraud/sys_detection_frauds/lib/python3.12/site-packages/airflow/example_dags/example_params_trigger_ui.py took 0.136 seconds
[2025-03-21T21:27:19.164+0000] {processor.py:186} INFO - Started process (PID=3754006) to work on /home/usmail/sys_fraud/sys_detection_frauds/lib/python3.12/site-packages/airflow/example_dags/example_params_trigger_ui.py
[2025-03-21T21:27:19.173+0000] {processor.py:914} INFO - Processing file /home/usmail/sys_fraud/sys_detection_frauds/lib/python3.12/site-packages/airflow/example_dags/example_params_trigger_ui.py for tasks to queue
[2025-03-21T21:27:19.176+0000] {logging_mixin.py:190} INFO - [2025-03-21T21:27:19.176+0000] {dagbag.py:588} INFO - Filling up the DagBag from /home/usmail/sys_fraud/sys_detection_frauds/lib/python3.12/site-packages/airflow/example_dags/example_params_trigger_ui.py
[2025-03-21T21:27:19.194+0000] {processor.py:925} INFO - DAG(s) 'example_params_trigger_ui' retrieved from /home/usmail/sys_fraud/sys_detection_frauds/lib/python3.12/site-packages/airflow/example_dags/example_params_trigger_ui.py
[2025-03-21T21:27:19.242+0000] {logging_mixin.py:190} INFO - [2025-03-21T21:27:19.242+0000] {dag.py:3239} INFO - Sync 1 DAGs
[2025-03-21T21:27:19.252+0000] {logging_mixin.py:190} INFO - [2025-03-21T21:27:19.251+0000] {dag.py:4180} INFO - Setting next_dagrun for example_params_trigger_ui to None, run_after=None
[2025-03-21T21:27:19.282+0000] {processor.py:208} INFO - Processing /home/usmail/sys_fraud/sys_detection_frauds/lib/python3.12/site-packages/airflow/example_dags/example_params_trigger_ui.py took 0.130 seconds
[2025-03-21T21:28:21.223+0000] {processor.py:186} INFO - Started process (PID=3754654) to work on /home/usmail/sys_fraud/sys_detection_frauds/lib/python3.12/site-packages/airflow/example_dags/example_params_trigger_ui.py
[2025-03-21T21:28:21.232+0000] {processor.py:914} INFO - Processing file /home/usmail/sys_fraud/sys_detection_frauds/lib/python3.12/site-packages/airflow/example_dags/example_params_trigger_ui.py for tasks to queue
[2025-03-21T21:28:21.235+0000] {logging_mixin.py:190} INFO - [2025-03-21T21:28:21.234+0000] {dagbag.py:588} INFO - Filling up the DagBag from /home/usmail/sys_fraud/sys_detection_frauds/lib/python3.12/site-packages/airflow/example_dags/example_params_trigger_ui.py
[2025-03-21T21:28:21.252+0000] {processor.py:925} INFO - DAG(s) 'example_params_trigger_ui' retrieved from /home/usmail/sys_fraud/sys_detection_frauds/lib/python3.12/site-packages/airflow/example_dags/example_params_trigger_ui.py
[2025-03-21T21:28:21.300+0000] {logging_mixin.py:190} INFO - [2025-03-21T21:28:21.300+0000] {dag.py:3239} INFO - Sync 1 DAGs
[2025-03-21T21:28:21.310+0000] {logging_mixin.py:190} INFO - [2025-03-21T21:28:21.310+0000] {dag.py:4180} INFO - Setting next_dagrun for example_params_trigger_ui to None, run_after=None
[2025-03-21T21:28:21.328+0000] {processor.py:208} INFO - Processing /home/usmail/sys_fraud/sys_detection_frauds/lib/python3.12/site-packages/airflow/example_dags/example_params_trigger_ui.py took 0.118 seconds
[2025-03-21T21:29:21.005+0000] {processor.py:186} INFO - Started process (PID=3755290) to work on /home/usmail/sys_fraud/sys_detection_frauds/lib/python3.12/site-packages/airflow/example_dags/example_params_trigger_ui.py
[2025-03-21T21:29:21.015+0000] {processor.py:914} INFO - Processing file /home/usmail/sys_fraud/sys_detection_frauds/lib/python3.12/site-packages/airflow/example_dags/example_params_trigger_ui.py for tasks to queue
[2025-03-21T21:29:21.017+0000] {logging_mixin.py:190} INFO - [2025-03-21T21:29:21.017+0000] {dagbag.py:588} INFO - Filling up the DagBag from /home/usmail/sys_fraud/sys_detection_frauds/lib/python3.12/site-packages/airflow/example_dags/example_params_trigger_ui.py
[2025-03-21T21:29:21.035+0000] {processor.py:925} INFO - DAG(s) 'example_params_trigger_ui' retrieved from /home/usmail/sys_fraud/sys_detection_frauds/lib/python3.12/site-packages/airflow/example_dags/example_params_trigger_ui.py
[2025-03-21T21:29:21.083+0000] {logging_mixin.py:190} INFO - [2025-03-21T21:29:21.083+0000] {dag.py:3239} INFO - Sync 1 DAGs
[2025-03-21T21:29:21.092+0000] {logging_mixin.py:190} INFO - [2025-03-21T21:29:21.092+0000] {dag.py:4180} INFO - Setting next_dagrun for example_params_trigger_ui to None, run_after=None
[2025-03-21T21:29:21.110+0000] {processor.py:208} INFO - Processing /home/usmail/sys_fraud/sys_detection_frauds/lib/python3.12/site-packages/airflow/example_dags/example_params_trigger_ui.py took 0.116 seconds
[2025-03-21T21:30:26.207+0000] {processor.py:186} INFO - Started process (PID=3755978) to work on /home/usmail/sys_fraud/sys_detection_frauds/lib/python3.12/site-packages/airflow/example_dags/example_params_trigger_ui.py
[2025-03-21T21:30:26.216+0000] {processor.py:914} INFO - Processing file /home/usmail/sys_fraud/sys_detection_frauds/lib/python3.12/site-packages/airflow/example_dags/example_params_trigger_ui.py for tasks to queue
[2025-03-21T21:30:26.219+0000] {logging_mixin.py:190} INFO - [2025-03-21T21:30:26.218+0000] {dagbag.py:588} INFO - Filling up the DagBag from /home/usmail/sys_fraud/sys_detection_frauds/lib/python3.12/site-packages/airflow/example_dags/example_params_trigger_ui.py
[2025-03-21T21:30:26.236+0000] {processor.py:925} INFO - DAG(s) 'example_params_trigger_ui' retrieved from /home/usmail/sys_fraud/sys_detection_frauds/lib/python3.12/site-packages/airflow/example_dags/example_params_trigger_ui.py
[2025-03-21T21:30:26.279+0000] {logging_mixin.py:190} INFO - [2025-03-21T21:30:26.278+0000] {dag.py:3239} INFO - Sync 1 DAGs
[2025-03-21T21:30:26.288+0000] {logging_mixin.py:190} INFO - [2025-03-21T21:30:26.288+0000] {dag.py:4180} INFO - Setting next_dagrun for example_params_trigger_ui to None, run_after=None
[2025-03-21T21:30:26.318+0000] {processor.py:208} INFO - Processing /home/usmail/sys_fraud/sys_detection_frauds/lib/python3.12/site-packages/airflow/example_dags/example_params_trigger_ui.py took 0.123 seconds
[2025-03-21T21:31:32.644+0000] {processor.py:186} INFO - Started process (PID=3756651) to work on /home/usmail/sys_fraud/sys_detection_frauds/lib/python3.12/site-packages/airflow/example_dags/example_params_trigger_ui.py
[2025-03-21T21:31:32.646+0000] {processor.py:914} INFO - Processing file /home/usmail/sys_fraud/sys_detection_frauds/lib/python3.12/site-packages/airflow/example_dags/example_params_trigger_ui.py for tasks to queue
[2025-03-21T21:31:32.649+0000] {logging_mixin.py:190} INFO - [2025-03-21T21:31:32.648+0000] {dagbag.py:588} INFO - Filling up the DagBag from /home/usmail/sys_fraud/sys_detection_frauds/lib/python3.12/site-packages/airflow/example_dags/example_params_trigger_ui.py
[2025-03-21T21:31:32.667+0000] {processor.py:925} INFO - DAG(s) 'example_params_trigger_ui' retrieved from /home/usmail/sys_fraud/sys_detection_frauds/lib/python3.12/site-packages/airflow/example_dags/example_params_trigger_ui.py
[2025-03-21T21:31:32.713+0000] {logging_mixin.py:190} INFO - [2025-03-21T21:31:32.713+0000] {dag.py:3239} INFO - Sync 1 DAGs
[2025-03-21T21:31:32.722+0000] {logging_mixin.py:190} INFO - [2025-03-21T21:31:32.722+0000] {dag.py:4180} INFO - Setting next_dagrun for example_params_trigger_ui to None, run_after=None
[2025-03-21T21:31:32.738+0000] {processor.py:208} INFO - Processing /home/usmail/sys_fraud/sys_detection_frauds/lib/python3.12/site-packages/airflow/example_dags/example_params_trigger_ui.py took 0.106 seconds
[2025-03-21T21:32:37.978+0000] {processor.py:186} INFO - Started process (PID=3757345) to work on /home/usmail/sys_fraud/sys_detection_frauds/lib/python3.12/site-packages/airflow/example_dags/example_params_trigger_ui.py
[2025-03-21T21:32:37.988+0000] {processor.py:914} INFO - Processing file /home/usmail/sys_fraud/sys_detection_frauds/lib/python3.12/site-packages/airflow/example_dags/example_params_trigger_ui.py for tasks to queue
[2025-03-21T21:32:37.991+0000] {logging_mixin.py:190} INFO - [2025-03-21T21:32:37.990+0000] {dagbag.py:588} INFO - Filling up the DagBag from /home/usmail/sys_fraud/sys_detection_frauds/lib/python3.12/site-packages/airflow/example_dags/example_params_trigger_ui.py
[2025-03-21T21:32:38.009+0000] {processor.py:925} INFO - DAG(s) 'example_params_trigger_ui' retrieved from /home/usmail/sys_fraud/sys_detection_frauds/lib/python3.12/site-packages/airflow/example_dags/example_params_trigger_ui.py
[2025-03-21T21:32:38.057+0000] {logging_mixin.py:190} INFO - [2025-03-21T21:32:38.057+0000] {dag.py:3239} INFO - Sync 1 DAGs
[2025-03-21T21:32:38.067+0000] {logging_mixin.py:190} INFO - [2025-03-21T21:32:38.067+0000] {dag.py:4180} INFO - Setting next_dagrun for example_params_trigger_ui to None, run_after=None
[2025-03-21T21:32:38.083+0000] {processor.py:208} INFO - Processing /home/usmail/sys_fraud/sys_detection_frauds/lib/python3.12/site-packages/airflow/example_dags/example_params_trigger_ui.py took 0.117 seconds
[2025-03-21T21:33:39.547+0000] {processor.py:186} INFO - Started process (PID=3757985) to work on /home/usmail/sys_fraud/sys_detection_frauds/lib/python3.12/site-packages/airflow/example_dags/example_params_trigger_ui.py
[2025-03-21T21:33:39.557+0000] {processor.py:914} INFO - Processing file /home/usmail/sys_fraud/sys_detection_frauds/lib/python3.12/site-packages/airflow/example_dags/example_params_trigger_ui.py for tasks to queue
[2025-03-21T21:33:39.560+0000] {logging_mixin.py:190} INFO - [2025-03-21T21:33:39.559+0000] {dagbag.py:588} INFO - Filling up the DagBag from /home/usmail/sys_fraud/sys_detection_frauds/lib/python3.12/site-packages/airflow/example_dags/example_params_trigger_ui.py
[2025-03-21T21:33:39.577+0000] {processor.py:925} INFO - DAG(s) 'example_params_trigger_ui' retrieved from /home/usmail/sys_fraud/sys_detection_frauds/lib/python3.12/site-packages/airflow/example_dags/example_params_trigger_ui.py
[2025-03-21T21:33:39.625+0000] {logging_mixin.py:190} INFO - [2025-03-21T21:33:39.625+0000] {dag.py:3239} INFO - Sync 1 DAGs
[2025-03-21T21:33:39.634+0000] {logging_mixin.py:190} INFO - [2025-03-21T21:33:39.634+0000] {dag.py:4180} INFO - Setting next_dagrun for example_params_trigger_ui to None, run_after=None
[2025-03-21T21:33:39.651+0000] {processor.py:208} INFO - Processing /home/usmail/sys_fraud/sys_detection_frauds/lib/python3.12/site-packages/airflow/example_dags/example_params_trigger_ui.py took 0.115 seconds
[2025-03-21T22:19:57.130+0000] {processor.py:186} INFO - Started process (PID=3758957) to work on /home/usmail/sys_fraud/sys_detection_frauds/lib/python3.12/site-packages/airflow/example_dags/example_params_trigger_ui.py
[2025-03-21T22:19:57.139+0000] {processor.py:914} INFO - Processing file /home/usmail/sys_fraud/sys_detection_frauds/lib/python3.12/site-packages/airflow/example_dags/example_params_trigger_ui.py for tasks to queue
[2025-03-21T22:19:57.143+0000] {logging_mixin.py:190} INFO - [2025-03-21T22:19:57.142+0000] {dagbag.py:588} INFO - Filling up the DagBag from /home/usmail/sys_fraud/sys_detection_frauds/lib/python3.12/site-packages/airflow/example_dags/example_params_trigger_ui.py
[2025-03-21T22:19:57.165+0000] {processor.py:925} INFO - DAG(s) 'example_params_trigger_ui' retrieved from /home/usmail/sys_fraud/sys_detection_frauds/lib/python3.12/site-packages/airflow/example_dags/example_params_trigger_ui.py
[2025-03-21T22:19:57.206+0000] {logging_mixin.py:190} INFO - [2025-03-21T22:19:57.205+0000] {dag.py:3239} INFO - Sync 1 DAGs
[2025-03-21T22:19:57.215+0000] {logging_mixin.py:190} INFO - [2025-03-21T22:19:57.214+0000] {dag.py:4180} INFO - Setting next_dagrun for example_params_trigger_ui to None, run_after=None
[2025-03-21T22:19:57.231+0000] {processor.py:208} INFO - Processing /home/usmail/sys_fraud/sys_detection_frauds/lib/python3.12/site-packages/airflow/example_dags/example_params_trigger_ui.py took 0.113 seconds
[2025-03-21T22:21:02.121+0000] {processor.py:186} INFO - Started process (PID=3759899) to work on /home/usmail/sys_fraud/sys_detection_frauds/lib/python3.12/site-packages/airflow/example_dags/example_params_trigger_ui.py
[2025-03-21T22:21:02.130+0000] {processor.py:914} INFO - Processing file /home/usmail/sys_fraud/sys_detection_frauds/lib/python3.12/site-packages/airflow/example_dags/example_params_trigger_ui.py for tasks to queue
[2025-03-21T22:21:02.133+0000] {logging_mixin.py:190} INFO - [2025-03-21T22:21:02.133+0000] {dagbag.py:588} INFO - Filling up the DagBag from /home/usmail/sys_fraud/sys_detection_frauds/lib/python3.12/site-packages/airflow/example_dags/example_params_trigger_ui.py
[2025-03-21T22:21:02.151+0000] {processor.py:925} INFO - DAG(s) 'example_params_trigger_ui' retrieved from /home/usmail/sys_fraud/sys_detection_frauds/lib/python3.12/site-packages/airflow/example_dags/example_params_trigger_ui.py
[2025-03-21T22:21:02.203+0000] {logging_mixin.py:190} INFO - [2025-03-21T22:21:02.203+0000] {dag.py:3239} INFO - Sync 1 DAGs
[2025-03-21T22:21:02.216+0000] {logging_mixin.py:190} INFO - [2025-03-21T22:21:02.215+0000] {dag.py:4180} INFO - Setting next_dagrun for example_params_trigger_ui to None, run_after=None
[2025-03-21T22:21:02.237+0000] {processor.py:208} INFO - Processing /home/usmail/sys_fraud/sys_detection_frauds/lib/python3.12/site-packages/airflow/example_dags/example_params_trigger_ui.py took 0.130 seconds
[2025-03-21T22:22:04.067+0000] {processor.py:186} INFO - Started process (PID=3760773) to work on /home/usmail/sys_fraud/sys_detection_frauds/lib/python3.12/site-packages/airflow/example_dags/example_params_trigger_ui.py
[2025-03-21T22:22:04.076+0000] {processor.py:914} INFO - Processing file /home/usmail/sys_fraud/sys_detection_frauds/lib/python3.12/site-packages/airflow/example_dags/example_params_trigger_ui.py for tasks to queue
[2025-03-21T22:22:04.079+0000] {logging_mixin.py:190} INFO - [2025-03-21T22:22:04.078+0000] {dagbag.py:588} INFO - Filling up the DagBag from /home/usmail/sys_fraud/sys_detection_frauds/lib/python3.12/site-packages/airflow/example_dags/example_params_trigger_ui.py
[2025-03-21T22:22:04.103+0000] {processor.py:925} INFO - DAG(s) 'example_params_trigger_ui' retrieved from /home/usmail/sys_fraud/sys_detection_frauds/lib/python3.12/site-packages/airflow/example_dags/example_params_trigger_ui.py
[2025-03-21T22:22:04.143+0000] {logging_mixin.py:190} INFO - [2025-03-21T22:22:04.142+0000] {dag.py:3239} INFO - Sync 1 DAGs
[2025-03-21T22:22:04.154+0000] {logging_mixin.py:190} INFO - [2025-03-21T22:22:04.154+0000] {dag.py:4180} INFO - Setting next_dagrun for example_params_trigger_ui to None, run_after=None
[2025-03-21T22:22:04.182+0000] {processor.py:208} INFO - Processing /home/usmail/sys_fraud/sys_detection_frauds/lib/python3.12/site-packages/airflow/example_dags/example_params_trigger_ui.py took 0.128 seconds
