[2025-03-21T20:50:06.807+0000] {processor.py:186} INFO - Started process (PID=3723356) to work on /home/usmail/sys_fraud/sys_detection_frauds/lib/python3.12/site-packages/airflow/example_dags/example_complex.py
[2025-03-21T20:50:06.807+0000] {processor.py:914} INFO - Processing file /home/usmail/sys_fraud/sys_detection_frauds/lib/python3.12/site-packages/airflow/example_dags/example_complex.py for tasks to queue
[2025-03-21T20:50:06.808+0000] {logging_mixin.py:190} INFO - [2025-03-21T20:50:06.808+0000] {dagbag.py:588} INFO - Filling up the DagBag from /home/usmail/sys_fraud/sys_detection_frauds/lib/python3.12/site-packages/airflow/example_dags/example_complex.py
[2025-03-21T20:50:06.816+0000] {processor.py:925} INFO - DAG(s) 'example_complex' retrieved from /home/usmail/sys_fraud/sys_detection_frauds/lib/python3.12/site-packages/airflow/example_dags/example_complex.py
[2025-03-21T20:50:06.892+0000] {logging_mixin.py:190} INFO - [2025-03-21T20:50:06.891+0000] {override.py:1912} INFO - Created Permission View: can edit on DAG:example_complex
[2025-03-21T20:50:06.899+0000] {logging_mixin.py:190} INFO - [2025-03-21T20:50:06.899+0000] {override.py:1912} INFO - Created Permission View: can read on DAG:example_complex
[2025-03-21T20:50:06.906+0000] {logging_mixin.py:190} INFO - [2025-03-21T20:50:06.905+0000] {override.py:1912} INFO - Created Permission View: can delete on DAG:example_complex
[2025-03-21T20:50:06.914+0000] {logging_mixin.py:190} INFO - [2025-03-21T20:50:06.914+0000] {override.py:1912} INFO - Created Permission View: can create on DAG Run:example_complex
[2025-03-21T20:50:06.919+0000] {logging_mixin.py:190} INFO - [2025-03-21T20:50:06.919+0000] {override.py:1912} INFO - Created Permission View: menu access on DAG Run:example_complex
[2025-03-21T20:50:06.925+0000] {logging_mixin.py:190} INFO - [2025-03-21T20:50:06.925+0000] {override.py:1912} INFO - Created Permission View: can read on DAG Run:example_complex
[2025-03-21T20:50:06.930+0000] {logging_mixin.py:190} INFO - [2025-03-21T20:50:06.930+0000] {override.py:1912} INFO - Created Permission View: can delete on DAG Run:example_complex
[2025-03-21T20:50:06.931+0000] {logging_mixin.py:190} INFO - [2025-03-21T20:50:06.930+0000] {dag.py:3239} INFO - Sync 1 DAGs
[2025-03-21T20:50:06.939+0000] {logging_mixin.py:190} INFO - [2025-03-21T20:50:06.939+0000] {dag.py:3262} INFO - Creating ORM DAG for example_complex
[2025-03-21T20:50:06.939+0000] {logging_mixin.py:190} INFO - [2025-03-21T20:50:06.939+0000] {dag.py:4180} INFO - Setting next_dagrun for example_complex to None, run_after=None
[2025-03-21T20:50:06.952+0000] {processor.py:208} INFO - Processing /home/usmail/sys_fraud/sys_detection_frauds/lib/python3.12/site-packages/airflow/example_dags/example_complex.py took 0.151 seconds
[2025-03-21T20:51:07.433+0000] {processor.py:186} INFO - Started process (PID=3724082) to work on /home/usmail/sys_fraud/sys_detection_frauds/lib/python3.12/site-packages/airflow/example_dags/example_complex.py
[2025-03-21T20:51:07.442+0000] {processor.py:914} INFO - Processing file /home/usmail/sys_fraud/sys_detection_frauds/lib/python3.12/site-packages/airflow/example_dags/example_complex.py for tasks to queue
[2025-03-21T20:51:07.445+0000] {logging_mixin.py:190} INFO - [2025-03-21T20:51:07.445+0000] {dagbag.py:588} INFO - Filling up the DagBag from /home/usmail/sys_fraud/sys_detection_frauds/lib/python3.12/site-packages/airflow/example_dags/example_complex.py
[2025-03-21T20:51:07.456+0000] {processor.py:925} INFO - DAG(s) 'example_complex' retrieved from /home/usmail/sys_fraud/sys_detection_frauds/lib/python3.12/site-packages/airflow/example_dags/example_complex.py
[2025-03-21T20:51:07.470+0000] {logging_mixin.py:190} INFO - [2025-03-21T20:51:07.470+0000] {dag.py:3239} INFO - Sync 1 DAGs
[2025-03-21T20:51:07.477+0000] {logging_mixin.py:190} INFO - [2025-03-21T20:51:07.477+0000] {dag.py:4180} INFO - Setting next_dagrun for example_complex to None, run_after=None
[2025-03-21T20:51:07.489+0000] {processor.py:208} INFO - Processing /home/usmail/sys_fraud/sys_detection_frauds/lib/python3.12/site-packages/airflow/example_dags/example_complex.py took 0.063 seconds
[2025-03-21T20:52:01.044+0000] {processor.py:186} INFO - Started process (PID=3724786) to work on /home/usmail/sys_fraud/sys_detection_frauds/lib/python3.12/site-packages/airflow/example_dags/example_complex.py
[2025-03-21T20:52:01.045+0000] {processor.py:914} INFO - Processing file /home/usmail/sys_fraud/sys_detection_frauds/lib/python3.12/site-packages/airflow/example_dags/example_complex.py for tasks to queue
[2025-03-21T20:52:01.046+0000] {logging_mixin.py:190} INFO - [2025-03-21T20:52:01.046+0000] {dagbag.py:588} INFO - Filling up the DagBag from /home/usmail/sys_fraud/sys_detection_frauds/lib/python3.12/site-packages/airflow/example_dags/example_complex.py
[2025-03-21T20:52:01.054+0000] {processor.py:925} INFO - DAG(s) 'example_complex' retrieved from /home/usmail/sys_fraud/sys_detection_frauds/lib/python3.12/site-packages/airflow/example_dags/example_complex.py
[2025-03-21T20:52:01.073+0000] {logging_mixin.py:190} INFO - [2025-03-21T20:52:01.073+0000] {dag.py:3239} INFO - Sync 1 DAGs
[2025-03-21T20:52:01.082+0000] {logging_mixin.py:190} INFO - [2025-03-21T20:52:01.082+0000] {dag.py:4180} INFO - Setting next_dagrun for example_complex to None, run_after=None
[2025-03-21T20:52:01.096+0000] {processor.py:208} INFO - Processing /home/usmail/sys_fraud/sys_detection_frauds/lib/python3.12/site-packages/airflow/example_dags/example_complex.py took 0.055 seconds
[2025-03-21T20:52:56.852+0000] {processor.py:186} INFO - Started process (PID=3725371) to work on /home/usmail/sys_fraud/sys_detection_frauds/lib/python3.12/site-packages/airflow/example_dags/example_complex.py
[2025-03-21T20:52:56.862+0000] {processor.py:914} INFO - Processing file /home/usmail/sys_fraud/sys_detection_frauds/lib/python3.12/site-packages/airflow/example_dags/example_complex.py for tasks to queue
[2025-03-21T20:52:56.865+0000] {logging_mixin.py:190} INFO - [2025-03-21T20:52:56.864+0000] {dagbag.py:588} INFO - Filling up the DagBag from /home/usmail/sys_fraud/sys_detection_frauds/lib/python3.12/site-packages/airflow/example_dags/example_complex.py
[2025-03-21T20:52:56.876+0000] {processor.py:925} INFO - DAG(s) 'example_complex' retrieved from /home/usmail/sys_fraud/sys_detection_frauds/lib/python3.12/site-packages/airflow/example_dags/example_complex.py
[2025-03-21T20:52:56.891+0000] {logging_mixin.py:190} INFO - [2025-03-21T20:52:56.890+0000] {dag.py:3239} INFO - Sync 1 DAGs
[2025-03-21T20:52:56.897+0000] {logging_mixin.py:190} INFO - [2025-03-21T20:52:56.897+0000] {dag.py:4180} INFO - Setting next_dagrun for example_complex to None, run_after=None
[2025-03-21T20:52:56.922+0000] {processor.py:208} INFO - Processing /home/usmail/sys_fraud/sys_detection_frauds/lib/python3.12/site-packages/airflow/example_dags/example_complex.py took 0.077 seconds
[2025-03-21T20:53:49.823+0000] {processor.py:186} INFO - Started process (PID=3726043) to work on /home/usmail/sys_fraud/sys_detection_frauds/lib/python3.12/site-packages/airflow/example_dags/example_complex.py
[2025-03-21T20:53:49.831+0000] {processor.py:914} INFO - Processing file /home/usmail/sys_fraud/sys_detection_frauds/lib/python3.12/site-packages/airflow/example_dags/example_complex.py for tasks to queue
[2025-03-21T20:53:49.834+0000] {logging_mixin.py:190} INFO - [2025-03-21T20:53:49.834+0000] {dagbag.py:588} INFO - Filling up the DagBag from /home/usmail/sys_fraud/sys_detection_frauds/lib/python3.12/site-packages/airflow/example_dags/example_complex.py
[2025-03-21T20:53:49.846+0000] {processor.py:925} INFO - DAG(s) 'example_complex' retrieved from /home/usmail/sys_fraud/sys_detection_frauds/lib/python3.12/site-packages/airflow/example_dags/example_complex.py
[2025-03-21T20:53:49.861+0000] {logging_mixin.py:190} INFO - [2025-03-21T20:53:49.861+0000] {dag.py:3239} INFO - Sync 1 DAGs
[2025-03-21T20:53:49.868+0000] {logging_mixin.py:190} INFO - [2025-03-21T20:53:49.867+0000] {dag.py:4180} INFO - Setting next_dagrun for example_complex to None, run_after=None
[2025-03-21T20:53:49.879+0000] {processor.py:208} INFO - Processing /home/usmail/sys_fraud/sys_detection_frauds/lib/python3.12/site-packages/airflow/example_dags/example_complex.py took 0.061 seconds
[2025-03-21T20:54:44.392+0000] {processor.py:186} INFO - Started process (PID=3726743) to work on /home/usmail/sys_fraud/sys_detection_frauds/lib/python3.12/site-packages/airflow/example_dags/example_complex.py
[2025-03-21T20:54:44.402+0000] {processor.py:914} INFO - Processing file /home/usmail/sys_fraud/sys_detection_frauds/lib/python3.12/site-packages/airflow/example_dags/example_complex.py for tasks to queue
[2025-03-21T20:54:44.405+0000] {logging_mixin.py:190} INFO - [2025-03-21T20:54:44.404+0000] {dagbag.py:588} INFO - Filling up the DagBag from /home/usmail/sys_fraud/sys_detection_frauds/lib/python3.12/site-packages/airflow/example_dags/example_complex.py
[2025-03-21T20:54:44.417+0000] {processor.py:925} INFO - DAG(s) 'example_complex' retrieved from /home/usmail/sys_fraud/sys_detection_frauds/lib/python3.12/site-packages/airflow/example_dags/example_complex.py
[2025-03-21T20:54:44.434+0000] {logging_mixin.py:190} INFO - [2025-03-21T20:54:44.434+0000] {dag.py:3239} INFO - Sync 1 DAGs
[2025-03-21T20:54:44.441+0000] {logging_mixin.py:190} INFO - [2025-03-21T20:54:44.441+0000] {dag.py:4180} INFO - Setting next_dagrun for example_complex to None, run_after=None
[2025-03-21T20:54:44.457+0000] {processor.py:208} INFO - Processing /home/usmail/sys_fraud/sys_detection_frauds/lib/python3.12/site-packages/airflow/example_dags/example_complex.py took 0.073 seconds
[2025-03-21T20:55:34.688+0000] {processor.py:186} INFO - Started process (PID=3727340) to work on /home/usmail/sys_fraud/sys_detection_frauds/lib/python3.12/site-packages/airflow/example_dags/example_complex.py
[2025-03-21T20:55:34.697+0000] {processor.py:914} INFO - Processing file /home/usmail/sys_fraud/sys_detection_frauds/lib/python3.12/site-packages/airflow/example_dags/example_complex.py for tasks to queue
[2025-03-21T20:55:34.701+0000] {logging_mixin.py:190} INFO - [2025-03-21T20:55:34.700+0000] {dagbag.py:588} INFO - Filling up the DagBag from /home/usmail/sys_fraud/sys_detection_frauds/lib/python3.12/site-packages/airflow/example_dags/example_complex.py
[2025-03-21T20:55:34.713+0000] {processor.py:925} INFO - DAG(s) 'example_complex' retrieved from /home/usmail/sys_fraud/sys_detection_frauds/lib/python3.12/site-packages/airflow/example_dags/example_complex.py
[2025-03-21T20:55:34.728+0000] {logging_mixin.py:190} INFO - [2025-03-21T20:55:34.728+0000] {dag.py:3239} INFO - Sync 1 DAGs
[2025-03-21T20:55:34.735+0000] {logging_mixin.py:190} INFO - [2025-03-21T20:55:34.735+0000] {dag.py:4180} INFO - Setting next_dagrun for example_complex to None, run_after=None
[2025-03-21T20:55:34.748+0000] {processor.py:208} INFO - Processing /home/usmail/sys_fraud/sys_detection_frauds/lib/python3.12/site-packages/airflow/example_dags/example_complex.py took 0.066 seconds
[2025-03-21T20:56:51.810+0000] {processor.py:186} INFO - Started process (PID=3728428) to work on /home/usmail/sys_fraud/sys_detection_frauds/lib/python3.12/site-packages/airflow/example_dags/example_complex.py
[2025-03-21T20:56:51.819+0000] {processor.py:914} INFO - Processing file /home/usmail/sys_fraud/sys_detection_frauds/lib/python3.12/site-packages/airflow/example_dags/example_complex.py for tasks to queue
[2025-03-21T20:56:51.822+0000] {logging_mixin.py:190} INFO - [2025-03-21T20:56:51.821+0000] {dagbag.py:588} INFO - Filling up the DagBag from /home/usmail/sys_fraud/sys_detection_frauds/lib/python3.12/site-packages/airflow/example_dags/example_complex.py
[2025-03-21T20:56:51.833+0000] {processor.py:925} INFO - DAG(s) 'example_complex' retrieved from /home/usmail/sys_fraud/sys_detection_frauds/lib/python3.12/site-packages/airflow/example_dags/example_complex.py
[2025-03-21T20:56:51.847+0000] {logging_mixin.py:190} INFO - [2025-03-21T20:56:51.847+0000] {dag.py:3239} INFO - Sync 1 DAGs
[2025-03-21T20:56:51.855+0000] {logging_mixin.py:190} INFO - [2025-03-21T20:56:51.855+0000] {dag.py:4180} INFO - Setting next_dagrun for example_complex to None, run_after=None
[2025-03-21T20:56:51.867+0000] {processor.py:208} INFO - Processing /home/usmail/sys_fraud/sys_detection_frauds/lib/python3.12/site-packages/airflow/example_dags/example_complex.py took 0.062 seconds
[2025-03-21T20:57:45.626+0000] {processor.py:186} INFO - Started process (PID=3729109) to work on /home/usmail/sys_fraud/sys_detection_frauds/lib/python3.12/site-packages/airflow/example_dags/example_complex.py
[2025-03-21T20:57:45.635+0000] {processor.py:914} INFO - Processing file /home/usmail/sys_fraud/sys_detection_frauds/lib/python3.12/site-packages/airflow/example_dags/example_complex.py for tasks to queue
[2025-03-21T20:57:45.638+0000] {logging_mixin.py:190} INFO - [2025-03-21T20:57:45.637+0000] {dagbag.py:588} INFO - Filling up the DagBag from /home/usmail/sys_fraud/sys_detection_frauds/lib/python3.12/site-packages/airflow/example_dags/example_complex.py
[2025-03-21T20:57:45.646+0000] {processor.py:925} INFO - DAG(s) 'example_complex' retrieved from /home/usmail/sys_fraud/sys_detection_frauds/lib/python3.12/site-packages/airflow/example_dags/example_complex.py
[2025-03-21T20:57:45.664+0000] {logging_mixin.py:190} INFO - [2025-03-21T20:57:45.664+0000] {dag.py:3239} INFO - Sync 1 DAGs
[2025-03-21T20:57:45.674+0000] {logging_mixin.py:190} INFO - [2025-03-21T20:57:45.674+0000] {dag.py:4180} INFO - Setting next_dagrun for example_complex to None, run_after=None
[2025-03-21T20:57:45.697+0000] {processor.py:208} INFO - Processing /home/usmail/sys_fraud/sys_detection_frauds/lib/python3.12/site-packages/airflow/example_dags/example_complex.py took 0.076 seconds
[2025-03-21T20:59:57.274+0000] {processor.py:186} INFO - Started process (PID=3730835) to work on /home/usmail/sys_fraud/sys_detection_frauds/lib/python3.12/site-packages/airflow/example_dags/example_complex.py
[2025-03-21T20:59:57.276+0000] {processor.py:914} INFO - Processing file /home/usmail/sys_fraud/sys_detection_frauds/lib/python3.12/site-packages/airflow/example_dags/example_complex.py for tasks to queue
[2025-03-21T20:59:57.277+0000] {logging_mixin.py:190} INFO - [2025-03-21T20:59:57.277+0000] {dagbag.py:588} INFO - Filling up the DagBag from /home/usmail/sys_fraud/sys_detection_frauds/lib/python3.12/site-packages/airflow/example_dags/example_complex.py
[2025-03-21T20:59:57.286+0000] {processor.py:925} INFO - DAG(s) 'example_complex' retrieved from /home/usmail/sys_fraud/sys_detection_frauds/lib/python3.12/site-packages/airflow/example_dags/example_complex.py
[2025-03-21T20:59:57.303+0000] {logging_mixin.py:190} INFO - [2025-03-21T20:59:57.302+0000] {dag.py:3239} INFO - Sync 1 DAGs
[2025-03-21T20:59:57.311+0000] {logging_mixin.py:190} INFO - [2025-03-21T20:59:57.311+0000] {dag.py:4180} INFO - Setting next_dagrun for example_complex to None, run_after=None
[2025-03-21T20:59:57.327+0000] {processor.py:208} INFO - Processing /home/usmail/sys_fraud/sys_detection_frauds/lib/python3.12/site-packages/airflow/example_dags/example_complex.py took 0.056 seconds
[2025-03-21T21:00:55.992+0000] {processor.py:186} INFO - Started process (PID=3731579) to work on /home/usmail/sys_fraud/sys_detection_frauds/lib/python3.12/site-packages/airflow/example_dags/example_complex.py
[2025-03-21T21:00:56.001+0000] {processor.py:914} INFO - Processing file /home/usmail/sys_fraud/sys_detection_frauds/lib/python3.12/site-packages/airflow/example_dags/example_complex.py for tasks to queue
[2025-03-21T21:00:56.003+0000] {logging_mixin.py:190} INFO - [2025-03-21T21:00:56.003+0000] {dagbag.py:588} INFO - Filling up the DagBag from /home/usmail/sys_fraud/sys_detection_frauds/lib/python3.12/site-packages/airflow/example_dags/example_complex.py
[2025-03-21T21:00:56.015+0000] {processor.py:925} INFO - DAG(s) 'example_complex' retrieved from /home/usmail/sys_fraud/sys_detection_frauds/lib/python3.12/site-packages/airflow/example_dags/example_complex.py
[2025-03-21T21:00:56.029+0000] {logging_mixin.py:190} INFO - [2025-03-21T21:00:56.028+0000] {dag.py:3239} INFO - Sync 1 DAGs
[2025-03-21T21:00:56.035+0000] {logging_mixin.py:190} INFO - [2025-03-21T21:00:56.035+0000] {dag.py:4180} INFO - Setting next_dagrun for example_complex to None, run_after=None
[2025-03-21T21:00:56.060+0000] {processor.py:208} INFO - Processing /home/usmail/sys_fraud/sys_detection_frauds/lib/python3.12/site-packages/airflow/example_dags/example_complex.py took 0.072 seconds
[2025-03-21T21:01:50.341+0000] {processor.py:186} INFO - Started process (PID=3732275) to work on /home/usmail/sys_fraud/sys_detection_frauds/lib/python3.12/site-packages/airflow/example_dags/example_complex.py
[2025-03-21T21:01:50.349+0000] {processor.py:914} INFO - Processing file /home/usmail/sys_fraud/sys_detection_frauds/lib/python3.12/site-packages/airflow/example_dags/example_complex.py for tasks to queue
[2025-03-21T21:01:50.350+0000] {logging_mixin.py:190} INFO - [2025-03-21T21:01:50.350+0000] {dagbag.py:588} INFO - Filling up the DagBag from /home/usmail/sys_fraud/sys_detection_frauds/lib/python3.12/site-packages/airflow/example_dags/example_complex.py
[2025-03-21T21:01:50.358+0000] {processor.py:925} INFO - DAG(s) 'example_complex' retrieved from /home/usmail/sys_fraud/sys_detection_frauds/lib/python3.12/site-packages/airflow/example_dags/example_complex.py
[2025-03-21T21:01:50.372+0000] {logging_mixin.py:190} INFO - [2025-03-21T21:01:50.372+0000] {dag.py:3239} INFO - Sync 1 DAGs
[2025-03-21T21:01:50.379+0000] {logging_mixin.py:190} INFO - [2025-03-21T21:01:50.379+0000] {dag.py:4180} INFO - Setting next_dagrun for example_complex to None, run_after=None
[2025-03-21T21:01:50.396+0000] {processor.py:208} INFO - Processing /home/usmail/sys_fraud/sys_detection_frauds/lib/python3.12/site-packages/airflow/example_dags/example_complex.py took 0.060 seconds
[2025-03-21T21:02:46.942+0000] {processor.py:186} INFO - Started process (PID=3732949) to work on /home/usmail/sys_fraud/sys_detection_frauds/lib/python3.12/site-packages/airflow/example_dags/example_complex.py
[2025-03-21T21:02:46.951+0000] {processor.py:914} INFO - Processing file /home/usmail/sys_fraud/sys_detection_frauds/lib/python3.12/site-packages/airflow/example_dags/example_complex.py for tasks to queue
[2025-03-21T21:02:46.953+0000] {logging_mixin.py:190} INFO - [2025-03-21T21:02:46.953+0000] {dagbag.py:588} INFO - Filling up the DagBag from /home/usmail/sys_fraud/sys_detection_frauds/lib/python3.12/site-packages/airflow/example_dags/example_complex.py
[2025-03-21T21:02:46.964+0000] {processor.py:925} INFO - DAG(s) 'example_complex' retrieved from /home/usmail/sys_fraud/sys_detection_frauds/lib/python3.12/site-packages/airflow/example_dags/example_complex.py
[2025-03-21T21:02:46.979+0000] {logging_mixin.py:190} INFO - [2025-03-21T21:02:46.979+0000] {dag.py:3239} INFO - Sync 1 DAGs
[2025-03-21T21:02:46.986+0000] {logging_mixin.py:190} INFO - [2025-03-21T21:02:46.986+0000] {dag.py:4180} INFO - Setting next_dagrun for example_complex to None, run_after=None
[2025-03-21T21:02:47.004+0000] {processor.py:208} INFO - Processing /home/usmail/sys_fraud/sys_detection_frauds/lib/python3.12/site-packages/airflow/example_dags/example_complex.py took 0.066 seconds
[2025-03-21T21:03:39.667+0000] {processor.py:186} INFO - Started process (PID=3733680) to work on /home/usmail/sys_fraud/sys_detection_frauds/lib/python3.12/site-packages/airflow/example_dags/example_complex.py
[2025-03-21T21:03:39.676+0000] {processor.py:914} INFO - Processing file /home/usmail/sys_fraud/sys_detection_frauds/lib/python3.12/site-packages/airflow/example_dags/example_complex.py for tasks to queue
[2025-03-21T21:03:39.678+0000] {logging_mixin.py:190} INFO - [2025-03-21T21:03:39.678+0000] {dagbag.py:588} INFO - Filling up the DagBag from /home/usmail/sys_fraud/sys_detection_frauds/lib/python3.12/site-packages/airflow/example_dags/example_complex.py
[2025-03-21T21:03:39.688+0000] {processor.py:925} INFO - DAG(s) 'example_complex' retrieved from /home/usmail/sys_fraud/sys_detection_frauds/lib/python3.12/site-packages/airflow/example_dags/example_complex.py
[2025-03-21T21:03:39.703+0000] {logging_mixin.py:190} INFO - [2025-03-21T21:03:39.703+0000] {dag.py:3239} INFO - Sync 1 DAGs
[2025-03-21T21:03:39.711+0000] {logging_mixin.py:190} INFO - [2025-03-21T21:03:39.711+0000] {dag.py:4180} INFO - Setting next_dagrun for example_complex to None, run_after=None
[2025-03-21T21:03:39.817+0000] {processor.py:208} INFO - Processing /home/usmail/sys_fraud/sys_detection_frauds/lib/python3.12/site-packages/airflow/example_dags/example_complex.py took 0.155 seconds
[2025-03-21T21:04:35.635+0000] {processor.py:186} INFO - Started process (PID=3734447) to work on /home/usmail/sys_fraud/sys_detection_frauds/lib/python3.12/site-packages/airflow/example_dags/example_complex.py
[2025-03-21T21:04:35.643+0000] {processor.py:914} INFO - Processing file /home/usmail/sys_fraud/sys_detection_frauds/lib/python3.12/site-packages/airflow/example_dags/example_complex.py for tasks to queue
[2025-03-21T21:04:35.645+0000] {logging_mixin.py:190} INFO - [2025-03-21T21:04:35.644+0000] {dagbag.py:588} INFO - Filling up the DagBag from /home/usmail/sys_fraud/sys_detection_frauds/lib/python3.12/site-packages/airflow/example_dags/example_complex.py
[2025-03-21T21:04:35.653+0000] {processor.py:925} INFO - DAG(s) 'example_complex' retrieved from /home/usmail/sys_fraud/sys_detection_frauds/lib/python3.12/site-packages/airflow/example_dags/example_complex.py
[2025-03-21T21:04:35.670+0000] {logging_mixin.py:190} INFO - [2025-03-21T21:04:35.670+0000] {dag.py:3239} INFO - Sync 1 DAGs
[2025-03-21T21:04:35.679+0000] {logging_mixin.py:190} INFO - [2025-03-21T21:04:35.678+0000] {dag.py:4180} INFO - Setting next_dagrun for example_complex to None, run_after=None
[2025-03-21T21:04:35.700+0000] {processor.py:208} INFO - Processing /home/usmail/sys_fraud/sys_detection_frauds/lib/python3.12/site-packages/airflow/example_dags/example_complex.py took 0.069 seconds
[2025-03-21T21:05:29.397+0000] {processor.py:186} INFO - Started process (PID=3735300) to work on /home/usmail/sys_fraud/sys_detection_frauds/lib/python3.12/site-packages/airflow/example_dags/example_complex.py
[2025-03-21T21:05:29.406+0000] {processor.py:914} INFO - Processing file /home/usmail/sys_fraud/sys_detection_frauds/lib/python3.12/site-packages/airflow/example_dags/example_complex.py for tasks to queue
[2025-03-21T21:05:29.410+0000] {logging_mixin.py:190} INFO - [2025-03-21T21:05:29.410+0000] {dagbag.py:588} INFO - Filling up the DagBag from /home/usmail/sys_fraud/sys_detection_frauds/lib/python3.12/site-packages/airflow/example_dags/example_complex.py
[2025-03-21T21:05:29.421+0000] {processor.py:925} INFO - DAG(s) 'example_complex' retrieved from /home/usmail/sys_fraud/sys_detection_frauds/lib/python3.12/site-packages/airflow/example_dags/example_complex.py
[2025-03-21T21:05:29.435+0000] {logging_mixin.py:190} INFO - [2025-03-21T21:05:29.435+0000] {dag.py:3239} INFO - Sync 1 DAGs
[2025-03-21T21:05:29.442+0000] {logging_mixin.py:190} INFO - [2025-03-21T21:05:29.442+0000] {dag.py:4180} INFO - Setting next_dagrun for example_complex to None, run_after=None
[2025-03-21T21:05:29.455+0000] {processor.py:208} INFO - Processing /home/usmail/sys_fraud/sys_detection_frauds/lib/python3.12/site-packages/airflow/example_dags/example_complex.py took 0.068 seconds
[2025-03-21T21:06:22.227+0000] {processor.py:186} INFO - Started process (PID=3735958) to work on /home/usmail/sys_fraud/sys_detection_frauds/lib/python3.12/site-packages/airflow/example_dags/example_complex.py
[2025-03-21T21:06:22.236+0000] {processor.py:914} INFO - Processing file /home/usmail/sys_fraud/sys_detection_frauds/lib/python3.12/site-packages/airflow/example_dags/example_complex.py for tasks to queue
[2025-03-21T21:06:22.239+0000] {logging_mixin.py:190} INFO - [2025-03-21T21:06:22.238+0000] {dagbag.py:588} INFO - Filling up the DagBag from /home/usmail/sys_fraud/sys_detection_frauds/lib/python3.12/site-packages/airflow/example_dags/example_complex.py
[2025-03-21T21:06:22.251+0000] {processor.py:925} INFO - DAG(s) 'example_complex' retrieved from /home/usmail/sys_fraud/sys_detection_frauds/lib/python3.12/site-packages/airflow/example_dags/example_complex.py
[2025-03-21T21:06:22.265+0000] {logging_mixin.py:190} INFO - [2025-03-21T21:06:22.265+0000] {dag.py:3239} INFO - Sync 1 DAGs
[2025-03-21T21:06:22.273+0000] {logging_mixin.py:190} INFO - [2025-03-21T21:06:22.272+0000] {dag.py:4180} INFO - Setting next_dagrun for example_complex to None, run_after=None
[2025-03-21T21:06:22.285+0000] {processor.py:208} INFO - Processing /home/usmail/sys_fraud/sys_detection_frauds/lib/python3.12/site-packages/airflow/example_dags/example_complex.py took 0.068 seconds
[2025-03-21T21:07:15.226+0000] {processor.py:186} INFO - Started process (PID=3737262) to work on /home/usmail/sys_fraud/sys_detection_frauds/lib/python3.12/site-packages/airflow/example_dags/example_complex.py
[2025-03-21T21:07:15.227+0000] {processor.py:914} INFO - Processing file /home/usmail/sys_fraud/sys_detection_frauds/lib/python3.12/site-packages/airflow/example_dags/example_complex.py for tasks to queue
[2025-03-21T21:07:15.228+0000] {logging_mixin.py:190} INFO - [2025-03-21T21:07:15.228+0000] {dagbag.py:588} INFO - Filling up the DagBag from /home/usmail/sys_fraud/sys_detection_frauds/lib/python3.12/site-packages/airflow/example_dags/example_complex.py
[2025-03-21T21:07:15.237+0000] {processor.py:925} INFO - DAG(s) 'example_complex' retrieved from /home/usmail/sys_fraud/sys_detection_frauds/lib/python3.12/site-packages/airflow/example_dags/example_complex.py
[2025-03-21T21:07:15.254+0000] {logging_mixin.py:190} INFO - [2025-03-21T21:07:15.254+0000] {dag.py:3239} INFO - Sync 1 DAGs
[2025-03-21T21:07:15.262+0000] {logging_mixin.py:190} INFO - [2025-03-21T21:07:15.262+0000] {dag.py:4180} INFO - Setting next_dagrun for example_complex to None, run_after=None
[2025-03-21T21:07:15.281+0000] {processor.py:208} INFO - Processing /home/usmail/sys_fraud/sys_detection_frauds/lib/python3.12/site-packages/airflow/example_dags/example_complex.py took 0.059 seconds
[2025-03-21T21:08:11.719+0000] {processor.py:186} INFO - Started process (PID=3738007) to work on /home/usmail/sys_fraud/sys_detection_frauds/lib/python3.12/site-packages/airflow/example_dags/example_complex.py
[2025-03-21T21:08:11.720+0000] {processor.py:914} INFO - Processing file /home/usmail/sys_fraud/sys_detection_frauds/lib/python3.12/site-packages/airflow/example_dags/example_complex.py for tasks to queue
[2025-03-21T21:08:11.724+0000] {logging_mixin.py:190} INFO - [2025-03-21T21:08:11.723+0000] {dagbag.py:588} INFO - Filling up the DagBag from /home/usmail/sys_fraud/sys_detection_frauds/lib/python3.12/site-packages/airflow/example_dags/example_complex.py
[2025-03-21T21:08:11.745+0000] {processor.py:925} INFO - DAG(s) 'example_complex' retrieved from /home/usmail/sys_fraud/sys_detection_frauds/lib/python3.12/site-packages/airflow/example_dags/example_complex.py
[2025-03-21T21:08:11.774+0000] {logging_mixin.py:190} INFO - [2025-03-21T21:08:11.774+0000] {dag.py:3239} INFO - Sync 1 DAGs
[2025-03-21T21:08:11.785+0000] {logging_mixin.py:190} INFO - [2025-03-21T21:08:11.785+0000] {dag.py:4180} INFO - Setting next_dagrun for example_complex to None, run_after=None
[2025-03-21T21:08:11.802+0000] {processor.py:208} INFO - Processing /home/usmail/sys_fraud/sys_detection_frauds/lib/python3.12/site-packages/airflow/example_dags/example_complex.py took 0.096 seconds
[2025-03-21T21:09:13.935+0000] {processor.py:186} INFO - Started process (PID=3738851) to work on /home/usmail/sys_fraud/sys_detection_frauds/lib/python3.12/site-packages/airflow/example_dags/example_complex.py
[2025-03-21T21:09:13.936+0000] {processor.py:914} INFO - Processing file /home/usmail/sys_fraud/sys_detection_frauds/lib/python3.12/site-packages/airflow/example_dags/example_complex.py for tasks to queue
[2025-03-21T21:09:13.940+0000] {logging_mixin.py:190} INFO - [2025-03-21T21:09:13.939+0000] {dagbag.py:588} INFO - Filling up the DagBag from /home/usmail/sys_fraud/sys_detection_frauds/lib/python3.12/site-packages/airflow/example_dags/example_complex.py
[2025-03-21T21:09:13.960+0000] {processor.py:925} INFO - DAG(s) 'example_complex' retrieved from /home/usmail/sys_fraud/sys_detection_frauds/lib/python3.12/site-packages/airflow/example_dags/example_complex.py
[2025-03-21T21:09:13.992+0000] {logging_mixin.py:190} INFO - [2025-03-21T21:09:13.992+0000] {dag.py:3239} INFO - Sync 1 DAGs
[2025-03-21T21:09:14.004+0000] {logging_mixin.py:190} INFO - [2025-03-21T21:09:14.004+0000] {dag.py:4180} INFO - Setting next_dagrun for example_complex to None, run_after=None
[2025-03-21T21:09:14.021+0000] {processor.py:208} INFO - Processing /home/usmail/sys_fraud/sys_detection_frauds/lib/python3.12/site-packages/airflow/example_dags/example_complex.py took 0.098 seconds
[2025-03-21T21:10:29.735+0000] {processor.py:186} INFO - Started process (PID=3740352) to work on /home/usmail/sys_fraud/sys_detection_frauds/lib/python3.12/site-packages/airflow/example_dags/example_complex.py
[2025-03-21T21:10:29.744+0000] {processor.py:914} INFO - Processing file /home/usmail/sys_fraud/sys_detection_frauds/lib/python3.12/site-packages/airflow/example_dags/example_complex.py for tasks to queue
[2025-03-21T21:10:29.747+0000] {logging_mixin.py:190} INFO - [2025-03-21T21:10:29.746+0000] {dagbag.py:588} INFO - Filling up the DagBag from /home/usmail/sys_fraud/sys_detection_frauds/lib/python3.12/site-packages/airflow/example_dags/example_complex.py
[2025-03-21T21:10:29.762+0000] {processor.py:925} INFO - DAG(s) 'example_complex' retrieved from /home/usmail/sys_fraud/sys_detection_frauds/lib/python3.12/site-packages/airflow/example_dags/example_complex.py
[2025-03-21T21:10:29.798+0000] {logging_mixin.py:190} INFO - [2025-03-21T21:10:29.797+0000] {dag.py:3239} INFO - Sync 1 DAGs
[2025-03-21T21:10:29.808+0000] {logging_mixin.py:190} INFO - [2025-03-21T21:10:29.807+0000] {dag.py:4180} INFO - Setting next_dagrun for example_complex to None, run_after=None
[2025-03-21T21:10:29.841+0000] {processor.py:208} INFO - Processing /home/usmail/sys_fraud/sys_detection_frauds/lib/python3.12/site-packages/airflow/example_dags/example_complex.py took 0.117 seconds
[2025-03-21T21:11:28.351+0000] {processor.py:186} INFO - Started process (PID=3741663) to work on /home/usmail/sys_fraud/sys_detection_frauds/lib/python3.12/site-packages/airflow/example_dags/example_complex.py
[2025-03-21T21:11:28.360+0000] {processor.py:914} INFO - Processing file /home/usmail/sys_fraud/sys_detection_frauds/lib/python3.12/site-packages/airflow/example_dags/example_complex.py for tasks to queue
[2025-03-21T21:11:28.362+0000] {logging_mixin.py:190} INFO - [2025-03-21T21:11:28.361+0000] {dagbag.py:588} INFO - Filling up the DagBag from /home/usmail/sys_fraud/sys_detection_frauds/lib/python3.12/site-packages/airflow/example_dags/example_complex.py
[2025-03-21T21:11:28.372+0000] {processor.py:925} INFO - DAG(s) 'example_complex' retrieved from /home/usmail/sys_fraud/sys_detection_frauds/lib/python3.12/site-packages/airflow/example_dags/example_complex.py
[2025-03-21T21:11:28.391+0000] {logging_mixin.py:190} INFO - [2025-03-21T21:11:28.391+0000] {dag.py:3239} INFO - Sync 1 DAGs
[2025-03-21T21:11:28.402+0000] {logging_mixin.py:190} INFO - [2025-03-21T21:11:28.402+0000] {dag.py:4180} INFO - Setting next_dagrun for example_complex to None, run_after=None
[2025-03-21T21:11:28.433+0000] {processor.py:208} INFO - Processing /home/usmail/sys_fraud/sys_detection_frauds/lib/python3.12/site-packages/airflow/example_dags/example_complex.py took 0.087 seconds
[2025-03-21T21:12:23.441+0000] {processor.py:186} INFO - Started process (PID=3742762) to work on /home/usmail/sys_fraud/sys_detection_frauds/lib/python3.12/site-packages/airflow/example_dags/example_complex.py
[2025-03-21T21:12:23.450+0000] {processor.py:914} INFO - Processing file /home/usmail/sys_fraud/sys_detection_frauds/lib/python3.12/site-packages/airflow/example_dags/example_complex.py for tasks to queue
[2025-03-21T21:12:23.452+0000] {logging_mixin.py:190} INFO - [2025-03-21T21:12:23.451+0000] {dagbag.py:588} INFO - Filling up the DagBag from /home/usmail/sys_fraud/sys_detection_frauds/lib/python3.12/site-packages/airflow/example_dags/example_complex.py
[2025-03-21T21:12:23.461+0000] {processor.py:925} INFO - DAG(s) 'example_complex' retrieved from /home/usmail/sys_fraud/sys_detection_frauds/lib/python3.12/site-packages/airflow/example_dags/example_complex.py
[2025-03-21T21:12:23.481+0000] {logging_mixin.py:190} INFO - [2025-03-21T21:12:23.481+0000] {dag.py:3239} INFO - Sync 1 DAGs
[2025-03-21T21:12:23.491+0000] {logging_mixin.py:190} INFO - [2025-03-21T21:12:23.490+0000] {dag.py:4180} INFO - Setting next_dagrun for example_complex to None, run_after=None
[2025-03-21T21:12:23.506+0000] {processor.py:208} INFO - Processing /home/usmail/sys_fraud/sys_detection_frauds/lib/python3.12/site-packages/airflow/example_dags/example_complex.py took 0.071 seconds
[2025-03-21T21:13:17.010+0000] {processor.py:186} INFO - Started process (PID=3743731) to work on /home/usmail/sys_fraud/sys_detection_frauds/lib/python3.12/site-packages/airflow/example_dags/example_complex.py
[2025-03-21T21:13:17.018+0000] {processor.py:914} INFO - Processing file /home/usmail/sys_fraud/sys_detection_frauds/lib/python3.12/site-packages/airflow/example_dags/example_complex.py for tasks to queue
[2025-03-21T21:13:17.020+0000] {logging_mixin.py:190} INFO - [2025-03-21T21:13:17.020+0000] {dagbag.py:588} INFO - Filling up the DagBag from /home/usmail/sys_fraud/sys_detection_frauds/lib/python3.12/site-packages/airflow/example_dags/example_complex.py
[2025-03-21T21:13:17.029+0000] {processor.py:925} INFO - DAG(s) 'example_complex' retrieved from /home/usmail/sys_fraud/sys_detection_frauds/lib/python3.12/site-packages/airflow/example_dags/example_complex.py
[2025-03-21T21:13:17.049+0000] {logging_mixin.py:190} INFO - [2025-03-21T21:13:17.049+0000] {dag.py:3239} INFO - Sync 1 DAGs
[2025-03-21T21:13:17.060+0000] {logging_mixin.py:190} INFO - [2025-03-21T21:13:17.060+0000] {dag.py:4180} INFO - Setting next_dagrun for example_complex to None, run_after=None
[2025-03-21T21:13:17.085+0000] {processor.py:208} INFO - Processing /home/usmail/sys_fraud/sys_detection_frauds/lib/python3.12/site-packages/airflow/example_dags/example_complex.py took 0.081 seconds
[2025-03-21T21:14:09.149+0000] {processor.py:186} INFO - Started process (PID=3744628) to work on /home/usmail/sys_fraud/sys_detection_frauds/lib/python3.12/site-packages/airflow/example_dags/example_complex.py
[2025-03-21T21:14:09.150+0000] {processor.py:914} INFO - Processing file /home/usmail/sys_fraud/sys_detection_frauds/lib/python3.12/site-packages/airflow/example_dags/example_complex.py for tasks to queue
[2025-03-21T21:14:09.153+0000] {logging_mixin.py:190} INFO - [2025-03-21T21:14:09.152+0000] {dagbag.py:588} INFO - Filling up the DagBag from /home/usmail/sys_fraud/sys_detection_frauds/lib/python3.12/site-packages/airflow/example_dags/example_complex.py
[2025-03-21T21:14:09.172+0000] {processor.py:925} INFO - DAG(s) 'example_complex' retrieved from /home/usmail/sys_fraud/sys_detection_frauds/lib/python3.12/site-packages/airflow/example_dags/example_complex.py
[2025-03-21T21:14:09.207+0000] {logging_mixin.py:190} INFO - [2025-03-21T21:14:09.207+0000] {dag.py:3239} INFO - Sync 1 DAGs
[2025-03-21T21:14:09.217+0000] {logging_mixin.py:190} INFO - [2025-03-21T21:14:09.217+0000] {dag.py:4180} INFO - Setting next_dagrun for example_complex to None, run_after=None
[2025-03-21T21:14:09.240+0000] {processor.py:208} INFO - Processing /home/usmail/sys_fraud/sys_detection_frauds/lib/python3.12/site-packages/airflow/example_dags/example_complex.py took 0.103 seconds
[2025-03-21T21:15:06.940+0000] {processor.py:186} INFO - Started process (PID=3745359) to work on /home/usmail/sys_fraud/sys_detection_frauds/lib/python3.12/site-packages/airflow/example_dags/example_complex.py
[2025-03-21T21:15:06.950+0000] {processor.py:914} INFO - Processing file /home/usmail/sys_fraud/sys_detection_frauds/lib/python3.12/site-packages/airflow/example_dags/example_complex.py for tasks to queue
[2025-03-21T21:15:06.953+0000] {logging_mixin.py:190} INFO - [2025-03-21T21:15:06.952+0000] {dagbag.py:588} INFO - Filling up the DagBag from /home/usmail/sys_fraud/sys_detection_frauds/lib/python3.12/site-packages/airflow/example_dags/example_complex.py
[2025-03-21T21:15:06.972+0000] {processor.py:925} INFO - DAG(s) 'example_complex' retrieved from /home/usmail/sys_fraud/sys_detection_frauds/lib/python3.12/site-packages/airflow/example_dags/example_complex.py
[2025-03-21T21:15:07.010+0000] {logging_mixin.py:190} INFO - [2025-03-21T21:15:07.009+0000] {dag.py:3239} INFO - Sync 1 DAGs
[2025-03-21T21:15:07.020+0000] {logging_mixin.py:190} INFO - [2025-03-21T21:15:07.020+0000] {dag.py:4180} INFO - Setting next_dagrun for example_complex to None, run_after=None
[2025-03-21T21:15:07.037+0000] {processor.py:208} INFO - Processing /home/usmail/sys_fraud/sys_detection_frauds/lib/python3.12/site-packages/airflow/example_dags/example_complex.py took 0.108 seconds
[2025-03-21T21:16:06.247+0000] {processor.py:186} INFO - Started process (PID=3746091) to work on /home/usmail/sys_fraud/sys_detection_frauds/lib/python3.12/site-packages/airflow/example_dags/example_complex.py
[2025-03-21T21:16:06.256+0000] {processor.py:914} INFO - Processing file /home/usmail/sys_fraud/sys_detection_frauds/lib/python3.12/site-packages/airflow/example_dags/example_complex.py for tasks to queue
[2025-03-21T21:16:06.258+0000] {logging_mixin.py:190} INFO - [2025-03-21T21:16:06.258+0000] {dagbag.py:588} INFO - Filling up the DagBag from /home/usmail/sys_fraud/sys_detection_frauds/lib/python3.12/site-packages/airflow/example_dags/example_complex.py
[2025-03-21T21:16:06.270+0000] {processor.py:925} INFO - DAG(s) 'example_complex' retrieved from /home/usmail/sys_fraud/sys_detection_frauds/lib/python3.12/site-packages/airflow/example_dags/example_complex.py
[2025-03-21T21:16:06.291+0000] {logging_mixin.py:190} INFO - [2025-03-21T21:16:06.291+0000] {dag.py:3239} INFO - Sync 1 DAGs
[2025-03-21T21:16:06.302+0000] {logging_mixin.py:190} INFO - [2025-03-21T21:16:06.302+0000] {dag.py:4180} INFO - Setting next_dagrun for example_complex to None, run_after=None
[2025-03-21T21:16:06.330+0000] {processor.py:208} INFO - Processing /home/usmail/sys_fraud/sys_detection_frauds/lib/python3.12/site-packages/airflow/example_dags/example_complex.py took 0.093 seconds
[2025-03-21T21:17:08.738+0000] {processor.py:186} INFO - Started process (PID=3746892) to work on /home/usmail/sys_fraud/sys_detection_frauds/lib/python3.12/site-packages/airflow/example_dags/example_complex.py
[2025-03-21T21:17:08.747+0000] {processor.py:914} INFO - Processing file /home/usmail/sys_fraud/sys_detection_frauds/lib/python3.12/site-packages/airflow/example_dags/example_complex.py for tasks to queue
[2025-03-21T21:17:08.748+0000] {logging_mixin.py:190} INFO - [2025-03-21T21:17:08.748+0000] {dagbag.py:588} INFO - Filling up the DagBag from /home/usmail/sys_fraud/sys_detection_frauds/lib/python3.12/site-packages/airflow/example_dags/example_complex.py
[2025-03-21T21:17:08.758+0000] {processor.py:925} INFO - DAG(s) 'example_complex' retrieved from /home/usmail/sys_fraud/sys_detection_frauds/lib/python3.12/site-packages/airflow/example_dags/example_complex.py
[2025-03-21T21:17:08.779+0000] {logging_mixin.py:190} INFO - [2025-03-21T21:17:08.779+0000] {dag.py:3239} INFO - Sync 1 DAGs
[2025-03-21T21:17:08.791+0000] {logging_mixin.py:190} INFO - [2025-03-21T21:17:08.790+0000] {dag.py:4180} INFO - Setting next_dagrun for example_complex to None, run_after=None
[2025-03-21T21:17:08.809+0000] {processor.py:208} INFO - Processing /home/usmail/sys_fraud/sys_detection_frauds/lib/python3.12/site-packages/airflow/example_dags/example_complex.py took 0.076 seconds
[2025-03-21T21:18:12.760+0000] {processor.py:186} INFO - Started process (PID=3747674) to work on /home/usmail/sys_fraud/sys_detection_frauds/lib/python3.12/site-packages/airflow/example_dags/example_complex.py
[2025-03-21T21:18:12.769+0000] {processor.py:914} INFO - Processing file /home/usmail/sys_fraud/sys_detection_frauds/lib/python3.12/site-packages/airflow/example_dags/example_complex.py for tasks to queue
[2025-03-21T21:18:12.772+0000] {logging_mixin.py:190} INFO - [2025-03-21T21:18:12.772+0000] {dagbag.py:588} INFO - Filling up the DagBag from /home/usmail/sys_fraud/sys_detection_frauds/lib/python3.12/site-packages/airflow/example_dags/example_complex.py
[2025-03-21T21:18:12.792+0000] {processor.py:925} INFO - DAG(s) 'example_complex' retrieved from /home/usmail/sys_fraud/sys_detection_frauds/lib/python3.12/site-packages/airflow/example_dags/example_complex.py
[2025-03-21T21:18:12.829+0000] {logging_mixin.py:190} INFO - [2025-03-21T21:18:12.829+0000] {dag.py:3239} INFO - Sync 1 DAGs
[2025-03-21T21:18:12.839+0000] {logging_mixin.py:190} INFO - [2025-03-21T21:18:12.839+0000] {dag.py:4180} INFO - Setting next_dagrun for example_complex to None, run_after=None
[2025-03-21T21:18:12.873+0000] {processor.py:208} INFO - Processing /home/usmail/sys_fraud/sys_detection_frauds/lib/python3.12/site-packages/airflow/example_dags/example_complex.py took 0.125 seconds
[2025-03-21T21:19:17.750+0000] {processor.py:186} INFO - Started process (PID=3748457) to work on /home/usmail/sys_fraud/sys_detection_frauds/lib/python3.12/site-packages/airflow/example_dags/example_complex.py
[2025-03-21T21:19:17.759+0000] {processor.py:914} INFO - Processing file /home/usmail/sys_fraud/sys_detection_frauds/lib/python3.12/site-packages/airflow/example_dags/example_complex.py for tasks to queue
[2025-03-21T21:19:17.762+0000] {logging_mixin.py:190} INFO - [2025-03-21T21:19:17.761+0000] {dagbag.py:588} INFO - Filling up the DagBag from /home/usmail/sys_fraud/sys_detection_frauds/lib/python3.12/site-packages/airflow/example_dags/example_complex.py
[2025-03-21T21:19:17.782+0000] {processor.py:925} INFO - DAG(s) 'example_complex' retrieved from /home/usmail/sys_fraud/sys_detection_frauds/lib/python3.12/site-packages/airflow/example_dags/example_complex.py
[2025-03-21T21:19:17.820+0000] {logging_mixin.py:190} INFO - [2025-03-21T21:19:17.820+0000] {dag.py:3239} INFO - Sync 1 DAGs
[2025-03-21T21:19:17.830+0000] {logging_mixin.py:190} INFO - [2025-03-21T21:19:17.830+0000] {dag.py:4180} INFO - Setting next_dagrun for example_complex to None, run_after=None
[2025-03-21T21:19:17.848+0000] {processor.py:208} INFO - Processing /home/usmail/sys_fraud/sys_detection_frauds/lib/python3.12/site-packages/airflow/example_dags/example_complex.py took 0.111 seconds
[2025-03-21T21:20:20.108+0000] {processor.py:186} INFO - Started process (PID=3749212) to work on /home/usmail/sys_fraud/sys_detection_frauds/lib/python3.12/site-packages/airflow/example_dags/example_complex.py
[2025-03-21T21:20:20.117+0000] {processor.py:914} INFO - Processing file /home/usmail/sys_fraud/sys_detection_frauds/lib/python3.12/site-packages/airflow/example_dags/example_complex.py for tasks to queue
[2025-03-21T21:20:20.120+0000] {logging_mixin.py:190} INFO - [2025-03-21T21:20:20.119+0000] {dagbag.py:588} INFO - Filling up the DagBag from /home/usmail/sys_fraud/sys_detection_frauds/lib/python3.12/site-packages/airflow/example_dags/example_complex.py
[2025-03-21T21:20:20.140+0000] {processor.py:925} INFO - DAG(s) 'example_complex' retrieved from /home/usmail/sys_fraud/sys_detection_frauds/lib/python3.12/site-packages/airflow/example_dags/example_complex.py
[2025-03-21T21:20:20.184+0000] {logging_mixin.py:190} INFO - [2025-03-21T21:20:20.184+0000] {dag.py:3239} INFO - Sync 1 DAGs
[2025-03-21T21:20:20.194+0000] {logging_mixin.py:190} INFO - [2025-03-21T21:20:20.194+0000] {dag.py:4180} INFO - Setting next_dagrun for example_complex to None, run_after=None
[2025-03-21T21:20:20.212+0000] {processor.py:208} INFO - Processing /home/usmail/sys_fraud/sys_detection_frauds/lib/python3.12/site-packages/airflow/example_dags/example_complex.py took 0.116 seconds
[2025-03-21T21:21:23.945+0000] {processor.py:186} INFO - Started process (PID=3749985) to work on /home/usmail/sys_fraud/sys_detection_frauds/lib/python3.12/site-packages/airflow/example_dags/example_complex.py
[2025-03-21T21:21:23.954+0000] {processor.py:914} INFO - Processing file /home/usmail/sys_fraud/sys_detection_frauds/lib/python3.12/site-packages/airflow/example_dags/example_complex.py for tasks to queue
[2025-03-21T21:21:23.957+0000] {logging_mixin.py:190} INFO - [2025-03-21T21:21:23.957+0000] {dagbag.py:588} INFO - Filling up the DagBag from /home/usmail/sys_fraud/sys_detection_frauds/lib/python3.12/site-packages/airflow/example_dags/example_complex.py
[2025-03-21T21:21:23.976+0000] {processor.py:925} INFO - DAG(s) 'example_complex' retrieved from /home/usmail/sys_fraud/sys_detection_frauds/lib/python3.12/site-packages/airflow/example_dags/example_complex.py
[2025-03-21T21:21:24.014+0000] {logging_mixin.py:190} INFO - [2025-03-21T21:21:24.013+0000] {dag.py:3239} INFO - Sync 1 DAGs
[2025-03-21T21:21:24.024+0000] {logging_mixin.py:190} INFO - [2025-03-21T21:21:24.024+0000] {dag.py:4180} INFO - Setting next_dagrun for example_complex to None, run_after=None
[2025-03-21T21:21:24.046+0000] {processor.py:208} INFO - Processing /home/usmail/sys_fraud/sys_detection_frauds/lib/python3.12/site-packages/airflow/example_dags/example_complex.py took 0.112 seconds
[2025-03-21T21:22:31.406+0000] {processor.py:186} INFO - Started process (PID=3750844) to work on /home/usmail/sys_fraud/sys_detection_frauds/lib/python3.12/site-packages/airflow/example_dags/example_complex.py
[2025-03-21T21:22:31.416+0000] {processor.py:914} INFO - Processing file /home/usmail/sys_fraud/sys_detection_frauds/lib/python3.12/site-packages/airflow/example_dags/example_complex.py for tasks to queue
[2025-03-21T21:22:31.420+0000] {logging_mixin.py:190} INFO - [2025-03-21T21:22:31.419+0000] {dagbag.py:588} INFO - Filling up the DagBag from /home/usmail/sys_fraud/sys_detection_frauds/lib/python3.12/site-packages/airflow/example_dags/example_complex.py
[2025-03-21T21:22:31.440+0000] {processor.py:925} INFO - DAG(s) 'example_complex' retrieved from /home/usmail/sys_fraud/sys_detection_frauds/lib/python3.12/site-packages/airflow/example_dags/example_complex.py
[2025-03-21T21:22:31.475+0000] {logging_mixin.py:190} INFO - [2025-03-21T21:22:31.475+0000] {dag.py:3239} INFO - Sync 1 DAGs
[2025-03-21T21:22:31.485+0000] {logging_mixin.py:190} INFO - [2025-03-21T21:22:31.485+0000] {dag.py:4180} INFO - Setting next_dagrun for example_complex to None, run_after=None
[2025-03-21T21:22:31.521+0000] {processor.py:208} INFO - Processing /home/usmail/sys_fraud/sys_detection_frauds/lib/python3.12/site-packages/airflow/example_dags/example_complex.py took 0.127 seconds
[2025-03-21T21:23:35.479+0000] {processor.py:186} INFO - Started process (PID=3751624) to work on /home/usmail/sys_fraud/sys_detection_frauds/lib/python3.12/site-packages/airflow/example_dags/example_complex.py
[2025-03-21T21:23:35.488+0000] {processor.py:914} INFO - Processing file /home/usmail/sys_fraud/sys_detection_frauds/lib/python3.12/site-packages/airflow/example_dags/example_complex.py for tasks to queue
[2025-03-21T21:23:35.492+0000] {logging_mixin.py:190} INFO - [2025-03-21T21:23:35.491+0000] {dagbag.py:588} INFO - Filling up the DagBag from /home/usmail/sys_fraud/sys_detection_frauds/lib/python3.12/site-packages/airflow/example_dags/example_complex.py
[2025-03-21T21:23:35.511+0000] {processor.py:925} INFO - DAG(s) 'example_complex' retrieved from /home/usmail/sys_fraud/sys_detection_frauds/lib/python3.12/site-packages/airflow/example_dags/example_complex.py
[2025-03-21T21:23:35.547+0000] {logging_mixin.py:190} INFO - [2025-03-21T21:23:35.547+0000] {dag.py:3239} INFO - Sync 1 DAGs
[2025-03-21T21:23:35.557+0000] {logging_mixin.py:190} INFO - [2025-03-21T21:23:35.557+0000] {dag.py:4180} INFO - Setting next_dagrun for example_complex to None, run_after=None
[2025-03-21T21:23:35.575+0000] {processor.py:208} INFO - Processing /home/usmail/sys_fraud/sys_detection_frauds/lib/python3.12/site-packages/airflow/example_dags/example_complex.py took 0.108 seconds
[2025-03-21T21:24:37.302+0000] {processor.py:186} INFO - Started process (PID=3752292) to work on /home/usmail/sys_fraud/sys_detection_frauds/lib/python3.12/site-packages/airflow/example_dags/example_complex.py
[2025-03-21T21:24:37.311+0000] {processor.py:914} INFO - Processing file /home/usmail/sys_fraud/sys_detection_frauds/lib/python3.12/site-packages/airflow/example_dags/example_complex.py for tasks to queue
[2025-03-21T21:24:37.314+0000] {logging_mixin.py:190} INFO - [2025-03-21T21:24:37.313+0000] {dagbag.py:588} INFO - Filling up the DagBag from /home/usmail/sys_fraud/sys_detection_frauds/lib/python3.12/site-packages/airflow/example_dags/example_complex.py
[2025-03-21T21:24:37.333+0000] {processor.py:925} INFO - DAG(s) 'example_complex' retrieved from /home/usmail/sys_fraud/sys_detection_frauds/lib/python3.12/site-packages/airflow/example_dags/example_complex.py
[2025-03-21T21:24:37.371+0000] {logging_mixin.py:190} INFO - [2025-03-21T21:24:37.371+0000] {dag.py:3239} INFO - Sync 1 DAGs
[2025-03-21T21:24:37.382+0000] {logging_mixin.py:190} INFO - [2025-03-21T21:24:37.382+0000] {dag.py:4180} INFO - Setting next_dagrun for example_complex to None, run_after=None
[2025-03-21T21:24:37.398+0000] {processor.py:208} INFO - Processing /home/usmail/sys_fraud/sys_detection_frauds/lib/python3.12/site-packages/airflow/example_dags/example_complex.py took 0.109 seconds
[2025-03-21T21:25:41.201+0000] {processor.py:186} INFO - Started process (PID=3752998) to work on /home/usmail/sys_fraud/sys_detection_frauds/lib/python3.12/site-packages/airflow/example_dags/example_complex.py
[2025-03-21T21:25:41.210+0000] {processor.py:914} INFO - Processing file /home/usmail/sys_fraud/sys_detection_frauds/lib/python3.12/site-packages/airflow/example_dags/example_complex.py for tasks to queue
[2025-03-21T21:25:41.213+0000] {logging_mixin.py:190} INFO - [2025-03-21T21:25:41.212+0000] {dagbag.py:588} INFO - Filling up the DagBag from /home/usmail/sys_fraud/sys_detection_frauds/lib/python3.12/site-packages/airflow/example_dags/example_complex.py
[2025-03-21T21:25:41.232+0000] {processor.py:925} INFO - DAG(s) 'example_complex' retrieved from /home/usmail/sys_fraud/sys_detection_frauds/lib/python3.12/site-packages/airflow/example_dags/example_complex.py
[2025-03-21T21:25:41.270+0000] {logging_mixin.py:190} INFO - [2025-03-21T21:25:41.269+0000] {dag.py:3239} INFO - Sync 1 DAGs
[2025-03-21T21:25:41.280+0000] {logging_mixin.py:190} INFO - [2025-03-21T21:25:41.280+0000] {dag.py:4180} INFO - Setting next_dagrun for example_complex to None, run_after=None
[2025-03-21T21:25:41.300+0000] {processor.py:208} INFO - Processing /home/usmail/sys_fraud/sys_detection_frauds/lib/python3.12/site-packages/airflow/example_dags/example_complex.py took 0.111 seconds
[2025-03-21T21:26:44.114+0000] {processor.py:186} INFO - Started process (PID=3753637) to work on /home/usmail/sys_fraud/sys_detection_frauds/lib/python3.12/site-packages/airflow/example_dags/example_complex.py
[2025-03-21T21:26:44.123+0000] {processor.py:914} INFO - Processing file /home/usmail/sys_fraud/sys_detection_frauds/lib/python3.12/site-packages/airflow/example_dags/example_complex.py for tasks to queue
[2025-03-21T21:26:44.127+0000] {logging_mixin.py:190} INFO - [2025-03-21T21:26:44.126+0000] {dagbag.py:588} INFO - Filling up the DagBag from /home/usmail/sys_fraud/sys_detection_frauds/lib/python3.12/site-packages/airflow/example_dags/example_complex.py
[2025-03-21T21:26:44.146+0000] {processor.py:925} INFO - DAG(s) 'example_complex' retrieved from /home/usmail/sys_fraud/sys_detection_frauds/lib/python3.12/site-packages/airflow/example_dags/example_complex.py
[2025-03-21T21:26:44.183+0000] {logging_mixin.py:190} INFO - [2025-03-21T21:26:44.182+0000] {dag.py:3239} INFO - Sync 1 DAGs
[2025-03-21T21:26:44.193+0000] {logging_mixin.py:190} INFO - [2025-03-21T21:26:44.193+0000] {dag.py:4180} INFO - Setting next_dagrun for example_complex to None, run_after=None
[2025-03-21T21:26:44.208+0000] {processor.py:208} INFO - Processing /home/usmail/sys_fraud/sys_detection_frauds/lib/python3.12/site-packages/airflow/example_dags/example_complex.py took 0.106 seconds
[2025-03-21T21:27:47.732+0000] {processor.py:186} INFO - Started process (PID=3754306) to work on /home/usmail/sys_fraud/sys_detection_frauds/lib/python3.12/site-packages/airflow/example_dags/example_complex.py
[2025-03-21T21:27:47.741+0000] {processor.py:914} INFO - Processing file /home/usmail/sys_fraud/sys_detection_frauds/lib/python3.12/site-packages/airflow/example_dags/example_complex.py for tasks to queue
[2025-03-21T21:27:47.744+0000] {logging_mixin.py:190} INFO - [2025-03-21T21:27:47.744+0000] {dagbag.py:588} INFO - Filling up the DagBag from /home/usmail/sys_fraud/sys_detection_frauds/lib/python3.12/site-packages/airflow/example_dags/example_complex.py
[2025-03-21T21:27:47.765+0000] {processor.py:925} INFO - DAG(s) 'example_complex' retrieved from /home/usmail/sys_fraud/sys_detection_frauds/lib/python3.12/site-packages/airflow/example_dags/example_complex.py
[2025-03-21T21:27:47.801+0000] {logging_mixin.py:190} INFO - [2025-03-21T21:27:47.801+0000] {dag.py:3239} INFO - Sync 1 DAGs
[2025-03-21T21:27:47.811+0000] {logging_mixin.py:190} INFO - [2025-03-21T21:27:47.811+0000] {dag.py:4180} INFO - Setting next_dagrun for example_complex to None, run_after=None
[2025-03-21T21:27:47.827+0000] {processor.py:208} INFO - Processing /home/usmail/sys_fraud/sys_detection_frauds/lib/python3.12/site-packages/airflow/example_dags/example_complex.py took 0.106 seconds
[2025-03-21T21:28:47.186+0000] {processor.py:186} INFO - Started process (PID=3754917) to work on /home/usmail/sys_fraud/sys_detection_frauds/lib/python3.12/site-packages/airflow/example_dags/example_complex.py
[2025-03-21T21:28:47.196+0000] {processor.py:914} INFO - Processing file /home/usmail/sys_fraud/sys_detection_frauds/lib/python3.12/site-packages/airflow/example_dags/example_complex.py for tasks to queue
[2025-03-21T21:28:47.199+0000] {logging_mixin.py:190} INFO - [2025-03-21T21:28:47.198+0000] {dagbag.py:588} INFO - Filling up the DagBag from /home/usmail/sys_fraud/sys_detection_frauds/lib/python3.12/site-packages/airflow/example_dags/example_complex.py
[2025-03-21T21:28:47.219+0000] {processor.py:925} INFO - DAG(s) 'example_complex' retrieved from /home/usmail/sys_fraud/sys_detection_frauds/lib/python3.12/site-packages/airflow/example_dags/example_complex.py
[2025-03-21T21:28:47.258+0000] {logging_mixin.py:190} INFO - [2025-03-21T21:28:47.258+0000] {dag.py:3239} INFO - Sync 1 DAGs
[2025-03-21T21:28:47.268+0000] {logging_mixin.py:190} INFO - [2025-03-21T21:28:47.268+0000] {dag.py:4180} INFO - Setting next_dagrun for example_complex to None, run_after=None
[2025-03-21T21:28:47.292+0000] {processor.py:208} INFO - Processing /home/usmail/sys_fraud/sys_detection_frauds/lib/python3.12/site-packages/airflow/example_dags/example_complex.py took 0.118 seconds
[2025-03-21T21:29:51.036+0000] {processor.py:186} INFO - Started process (PID=3755597) to work on /home/usmail/sys_fraud/sys_detection_frauds/lib/python3.12/site-packages/airflow/example_dags/example_complex.py
[2025-03-21T21:29:51.045+0000] {processor.py:914} INFO - Processing file /home/usmail/sys_fraud/sys_detection_frauds/lib/python3.12/site-packages/airflow/example_dags/example_complex.py for tasks to queue
[2025-03-21T21:29:51.048+0000] {logging_mixin.py:190} INFO - [2025-03-21T21:29:51.048+0000] {dagbag.py:588} INFO - Filling up the DagBag from /home/usmail/sys_fraud/sys_detection_frauds/lib/python3.12/site-packages/airflow/example_dags/example_complex.py
[2025-03-21T21:29:51.068+0000] {processor.py:925} INFO - DAG(s) 'example_complex' retrieved from /home/usmail/sys_fraud/sys_detection_frauds/lib/python3.12/site-packages/airflow/example_dags/example_complex.py
[2025-03-21T21:29:51.105+0000] {logging_mixin.py:190} INFO - [2025-03-21T21:29:51.105+0000] {dag.py:3239} INFO - Sync 1 DAGs
[2025-03-21T21:29:51.116+0000] {logging_mixin.py:190} INFO - [2025-03-21T21:29:51.116+0000] {dag.py:4180} INFO - Setting next_dagrun for example_complex to None, run_after=None
[2025-03-21T21:29:51.154+0000] {processor.py:208} INFO - Processing /home/usmail/sys_fraud/sys_detection_frauds/lib/python3.12/site-packages/airflow/example_dags/example_complex.py took 0.131 seconds
[2025-03-21T21:30:57.571+0000] {processor.py:186} INFO - Started process (PID=3756294) to work on /home/usmail/sys_fraud/sys_detection_frauds/lib/python3.12/site-packages/airflow/example_dags/example_complex.py
[2025-03-21T21:30:57.580+0000] {processor.py:914} INFO - Processing file /home/usmail/sys_fraud/sys_detection_frauds/lib/python3.12/site-packages/airflow/example_dags/example_complex.py for tasks to queue
[2025-03-21T21:30:57.583+0000] {logging_mixin.py:190} INFO - [2025-03-21T21:30:57.582+0000] {dagbag.py:588} INFO - Filling up the DagBag from /home/usmail/sys_fraud/sys_detection_frauds/lib/python3.12/site-packages/airflow/example_dags/example_complex.py
[2025-03-21T21:30:57.603+0000] {processor.py:925} INFO - DAG(s) 'example_complex' retrieved from /home/usmail/sys_fraud/sys_detection_frauds/lib/python3.12/site-packages/airflow/example_dags/example_complex.py
[2025-03-21T21:30:57.639+0000] {logging_mixin.py:190} INFO - [2025-03-21T21:30:57.639+0000] {dag.py:3239} INFO - Sync 1 DAGs
[2025-03-21T21:30:57.649+0000] {logging_mixin.py:190} INFO - [2025-03-21T21:30:57.649+0000] {dag.py:4180} INFO - Setting next_dagrun for example_complex to None, run_after=None
[2025-03-21T21:30:57.670+0000] {processor.py:208} INFO - Processing /home/usmail/sys_fraud/sys_detection_frauds/lib/python3.12/site-packages/airflow/example_dags/example_complex.py took 0.111 seconds
[2025-03-21T21:32:03.333+0000] {processor.py:186} INFO - Started process (PID=3756972) to work on /home/usmail/sys_fraud/sys_detection_frauds/lib/python3.12/site-packages/airflow/example_dags/example_complex.py
[2025-03-21T21:32:03.342+0000] {processor.py:914} INFO - Processing file /home/usmail/sys_fraud/sys_detection_frauds/lib/python3.12/site-packages/airflow/example_dags/example_complex.py for tasks to queue
[2025-03-21T21:32:03.346+0000] {logging_mixin.py:190} INFO - [2025-03-21T21:32:03.346+0000] {dagbag.py:588} INFO - Filling up the DagBag from /home/usmail/sys_fraud/sys_detection_frauds/lib/python3.12/site-packages/airflow/example_dags/example_complex.py
[2025-03-21T21:32:03.366+0000] {processor.py:925} INFO - DAG(s) 'example_complex' retrieved from /home/usmail/sys_fraud/sys_detection_frauds/lib/python3.12/site-packages/airflow/example_dags/example_complex.py
[2025-03-21T21:32:03.404+0000] {logging_mixin.py:190} INFO - [2025-03-21T21:32:03.404+0000] {dag.py:3239} INFO - Sync 1 DAGs
[2025-03-21T21:32:03.416+0000] {logging_mixin.py:190} INFO - [2025-03-21T21:32:03.416+0000] {dag.py:4180} INFO - Setting next_dagrun for example_complex to None, run_after=None
[2025-03-21T21:32:03.446+0000] {processor.py:208} INFO - Processing /home/usmail/sys_fraud/sys_detection_frauds/lib/python3.12/site-packages/airflow/example_dags/example_complex.py took 0.124 seconds
[2025-03-21T21:33:05.580+0000] {processor.py:186} INFO - Started process (PID=3757634) to work on /home/usmail/sys_fraud/sys_detection_frauds/lib/python3.12/site-packages/airflow/example_dags/example_complex.py
[2025-03-21T21:33:05.590+0000] {processor.py:914} INFO - Processing file /home/usmail/sys_fraud/sys_detection_frauds/lib/python3.12/site-packages/airflow/example_dags/example_complex.py for tasks to queue
[2025-03-21T21:33:05.593+0000] {logging_mixin.py:190} INFO - [2025-03-21T21:33:05.592+0000] {dagbag.py:588} INFO - Filling up the DagBag from /home/usmail/sys_fraud/sys_detection_frauds/lib/python3.12/site-packages/airflow/example_dags/example_complex.py
[2025-03-21T21:33:05.613+0000] {processor.py:925} INFO - DAG(s) 'example_complex' retrieved from /home/usmail/sys_fraud/sys_detection_frauds/lib/python3.12/site-packages/airflow/example_dags/example_complex.py
[2025-03-21T21:33:05.650+0000] {logging_mixin.py:190} INFO - [2025-03-21T21:33:05.650+0000] {dag.py:3239} INFO - Sync 1 DAGs
[2025-03-21T21:33:05.660+0000] {logging_mixin.py:190} INFO - [2025-03-21T21:33:05.660+0000] {dag.py:4180} INFO - Setting next_dagrun for example_complex to None, run_after=None
[2025-03-21T21:33:05.703+0000] {processor.py:208} INFO - Processing /home/usmail/sys_fraud/sys_detection_frauds/lib/python3.12/site-packages/airflow/example_dags/example_complex.py took 0.135 seconds
[2025-03-21T22:20:00.797+0000] {processor.py:186} INFO - Started process (PID=3759013) to work on /home/usmail/sys_fraud/sys_detection_frauds/lib/python3.12/site-packages/airflow/example_dags/example_complex.py
[2025-03-21T22:20:00.806+0000] {processor.py:914} INFO - Processing file /home/usmail/sys_fraud/sys_detection_frauds/lib/python3.12/site-packages/airflow/example_dags/example_complex.py for tasks to queue
[2025-03-21T22:20:00.809+0000] {logging_mixin.py:190} INFO - [2025-03-21T22:20:00.808+0000] {dagbag.py:588} INFO - Filling up the DagBag from /home/usmail/sys_fraud/sys_detection_frauds/lib/python3.12/site-packages/airflow/example_dags/example_complex.py
[2025-03-21T22:20:00.829+0000] {processor.py:925} INFO - DAG(s) 'example_complex' retrieved from /home/usmail/sys_fraud/sys_detection_frauds/lib/python3.12/site-packages/airflow/example_dags/example_complex.py
[2025-03-21T22:20:00.874+0000] {logging_mixin.py:190} INFO - [2025-03-21T22:20:00.874+0000] {dag.py:3239} INFO - Sync 1 DAGs
[2025-03-21T22:20:00.886+0000] {logging_mixin.py:190} INFO - [2025-03-21T22:20:00.886+0000] {dag.py:4180} INFO - Setting next_dagrun for example_complex to None, run_after=None
[2025-03-21T22:20:00.906+0000] {processor.py:208} INFO - Processing /home/usmail/sys_fraud/sys_detection_frauds/lib/python3.12/site-packages/airflow/example_dags/example_complex.py took 0.117 seconds
[2025-03-21T22:21:05.814+0000] {processor.py:186} INFO - Started process (PID=3759950) to work on /home/usmail/sys_fraud/sys_detection_frauds/lib/python3.12/site-packages/airflow/example_dags/example_complex.py
[2025-03-21T22:21:05.823+0000] {processor.py:914} INFO - Processing file /home/usmail/sys_fraud/sys_detection_frauds/lib/python3.12/site-packages/airflow/example_dags/example_complex.py for tasks to queue
[2025-03-21T22:21:05.827+0000] {logging_mixin.py:190} INFO - [2025-03-21T22:21:05.826+0000] {dagbag.py:588} INFO - Filling up the DagBag from /home/usmail/sys_fraud/sys_detection_frauds/lib/python3.12/site-packages/airflow/example_dags/example_complex.py
[2025-03-21T22:21:05.853+0000] {processor.py:925} INFO - DAG(s) 'example_complex' retrieved from /home/usmail/sys_fraud/sys_detection_frauds/lib/python3.12/site-packages/airflow/example_dags/example_complex.py
[2025-03-21T22:21:05.883+0000] {logging_mixin.py:190} INFO - [2025-03-21T22:21:05.883+0000] {dag.py:3239} INFO - Sync 1 DAGs
[2025-03-21T22:21:05.895+0000] {logging_mixin.py:190} INFO - [2025-03-21T22:21:05.894+0000] {dag.py:4180} INFO - Setting next_dagrun for example_complex to None, run_after=None
[2025-03-21T22:21:05.914+0000] {processor.py:208} INFO - Processing /home/usmail/sys_fraud/sys_detection_frauds/lib/python3.12/site-packages/airflow/example_dags/example_complex.py took 0.114 seconds
[2025-03-21T22:22:07.836+0000] {processor.py:186} INFO - Started process (PID=3760972) to work on /home/usmail/sys_fraud/sys_detection_frauds/lib/python3.12/site-packages/airflow/example_dags/example_complex.py
[2025-03-21T22:22:07.845+0000] {processor.py:914} INFO - Processing file /home/usmail/sys_fraud/sys_detection_frauds/lib/python3.12/site-packages/airflow/example_dags/example_complex.py for tasks to queue
[2025-03-21T22:22:07.847+0000] {logging_mixin.py:190} INFO - [2025-03-21T22:22:07.847+0000] {dagbag.py:588} INFO - Filling up the DagBag from /home/usmail/sys_fraud/sys_detection_frauds/lib/python3.12/site-packages/airflow/example_dags/example_complex.py
[2025-03-21T22:22:07.872+0000] {processor.py:925} INFO - DAG(s) 'example_complex' retrieved from /home/usmail/sys_fraud/sys_detection_frauds/lib/python3.12/site-packages/airflow/example_dags/example_complex.py
[2025-03-21T22:22:07.903+0000] {logging_mixin.py:190} INFO - [2025-03-21T22:22:07.903+0000] {dag.py:3239} INFO - Sync 1 DAGs
[2025-03-21T22:22:07.914+0000] {logging_mixin.py:190} INFO - [2025-03-21T22:22:07.913+0000] {dag.py:4180} INFO - Setting next_dagrun for example_complex to None, run_after=None
[2025-03-21T22:22:07.929+0000] {processor.py:208} INFO - Processing /home/usmail/sys_fraud/sys_detection_frauds/lib/python3.12/site-packages/airflow/example_dags/example_complex.py took 0.105 seconds
