[2025-03-21T20:49:59.063+0000] {processor.py:186} INFO - Started process (PID=3723252) to work on /home/usmail/sys_fraud/sys_detection_frauds/lib/python3.12/site-packages/airflow/example_dags/example_inlet_event_extra.py
[2025-03-21T20:49:59.063+0000] {processor.py:914} INFO - Processing file /home/usmail/sys_fraud/sys_detection_frauds/lib/python3.12/site-packages/airflow/example_dags/example_inlet_event_extra.py for tasks to queue
[2025-03-21T20:49:59.065+0000] {logging_mixin.py:190} INFO - [2025-03-21T20:49:59.064+0000] {dagbag.py:588} INFO - Filling up the DagBag from /home/usmail/sys_fraud/sys_detection_frauds/lib/python3.12/site-packages/airflow/example_dags/example_inlet_event_extra.py
[2025-03-21T20:49:59.071+0000] {processor.py:925} INFO - DAG(s) 'read_dataset_event_from_classic', 'read_dataset_event' retrieved from /home/usmail/sys_fraud/sys_detection_frauds/lib/python3.12/site-packages/airflow/example_dags/example_inlet_event_extra.py
[2025-03-21T20:49:59.132+0000] {logging_mixin.py:190} INFO - [2025-03-21T20:49:59.132+0000] {override.py:1912} INFO - Created Permission View: can edit on DAG:read_dataset_event_from_classic
[2025-03-21T20:49:59.141+0000] {logging_mixin.py:190} INFO - [2025-03-21T20:49:59.141+0000] {override.py:1912} INFO - Created Permission View: can read on DAG:read_dataset_event_from_classic
[2025-03-21T20:49:59.149+0000] {logging_mixin.py:190} INFO - [2025-03-21T20:49:59.148+0000] {override.py:1912} INFO - Created Permission View: can delete on DAG:read_dataset_event_from_classic
[2025-03-21T20:49:59.157+0000] {logging_mixin.py:190} INFO - [2025-03-21T20:49:59.156+0000] {override.py:1912} INFO - Created Permission View: can create on DAG Run:read_dataset_event_from_classic
[2025-03-21T20:49:59.165+0000] {logging_mixin.py:190} INFO - [2025-03-21T20:49:59.164+0000] {override.py:1912} INFO - Created Permission View: menu access on DAG Run:read_dataset_event_from_classic
[2025-03-21T20:49:59.170+0000] {logging_mixin.py:190} INFO - [2025-03-21T20:49:59.170+0000] {override.py:1912} INFO - Created Permission View: can read on DAG Run:read_dataset_event_from_classic
[2025-03-21T20:49:59.176+0000] {logging_mixin.py:190} INFO - [2025-03-21T20:49:59.176+0000] {override.py:1912} INFO - Created Permission View: can delete on DAG Run:read_dataset_event_from_classic
[2025-03-21T20:49:59.189+0000] {logging_mixin.py:190} INFO - [2025-03-21T20:49:59.189+0000] {override.py:1912} INFO - Created Permission View: can edit on DAG:read_dataset_event
[2025-03-21T20:49:59.197+0000] {logging_mixin.py:190} INFO - [2025-03-21T20:49:59.197+0000] {override.py:1912} INFO - Created Permission View: can read on DAG:read_dataset_event
[2025-03-21T20:49:59.203+0000] {logging_mixin.py:190} INFO - [2025-03-21T20:49:59.202+0000] {override.py:1912} INFO - Created Permission View: can delete on DAG:read_dataset_event
[2025-03-21T20:49:59.212+0000] {logging_mixin.py:190} INFO - [2025-03-21T20:49:59.212+0000] {override.py:1912} INFO - Created Permission View: can create on DAG Run:read_dataset_event
[2025-03-21T20:49:59.217+0000] {logging_mixin.py:190} INFO - [2025-03-21T20:49:59.217+0000] {override.py:1912} INFO - Created Permission View: menu access on DAG Run:read_dataset_event
[2025-03-21T20:49:59.223+0000] {logging_mixin.py:190} INFO - [2025-03-21T20:49:59.222+0000] {override.py:1912} INFO - Created Permission View: can read on DAG Run:read_dataset_event
[2025-03-21T20:49:59.229+0000] {logging_mixin.py:190} INFO - [2025-03-21T20:49:59.229+0000] {override.py:1912} INFO - Created Permission View: can delete on DAG Run:read_dataset_event
[2025-03-21T20:49:59.229+0000] {logging_mixin.py:190} INFO - [2025-03-21T20:49:59.229+0000] {dag.py:3239} INFO - Sync 2 DAGs
[2025-03-21T20:49:59.236+0000] {logging_mixin.py:190} INFO - [2025-03-21T20:49:59.236+0000] {dag.py:3262} INFO - Creating ORM DAG for read_dataset_event_from_classic
[2025-03-21T20:49:59.236+0000] {logging_mixin.py:190} INFO - [2025-03-21T20:49:59.236+0000] {dag.py:3262} INFO - Creating ORM DAG for read_dataset_event
[2025-03-21T20:49:59.243+0000] {logging_mixin.py:190} INFO - [2025-03-21T20:49:59.242+0000] {dag.py:4180} INFO - Setting next_dagrun for read_dataset_event to 2025-03-20 00:00:00+00:00, run_after=2025-03-21 00:00:00+00:00
[2025-03-21T20:49:59.244+0000] {logging_mixin.py:190} INFO - [2025-03-21T20:49:59.244+0000] {dag.py:4180} INFO - Setting next_dagrun for read_dataset_event_from_classic to 2025-03-20 00:00:00+00:00, run_after=2025-03-21 00:00:00+00:00
[2025-03-21T20:49:59.256+0000] {processor.py:208} INFO - Processing /home/usmail/sys_fraud/sys_detection_frauds/lib/python3.12/site-packages/airflow/example_dags/example_inlet_event_extra.py took 0.197 seconds
[2025-03-21T20:51:00.580+0000] {processor.py:186} INFO - Started process (PID=3724004) to work on /home/usmail/sys_fraud/sys_detection_frauds/lib/python3.12/site-packages/airflow/example_dags/example_inlet_event_extra.py
[2025-03-21T20:51:00.589+0000] {processor.py:914} INFO - Processing file /home/usmail/sys_fraud/sys_detection_frauds/lib/python3.12/site-packages/airflow/example_dags/example_inlet_event_extra.py for tasks to queue
[2025-03-21T20:51:00.593+0000] {logging_mixin.py:190} INFO - [2025-03-21T20:51:00.592+0000] {dagbag.py:588} INFO - Filling up the DagBag from /home/usmail/sys_fraud/sys_detection_frauds/lib/python3.12/site-packages/airflow/example_dags/example_inlet_event_extra.py
[2025-03-21T20:51:00.606+0000] {processor.py:925} INFO - DAG(s) 'read_dataset_event_from_classic', 'read_dataset_event' retrieved from /home/usmail/sys_fraud/sys_detection_frauds/lib/python3.12/site-packages/airflow/example_dags/example_inlet_event_extra.py
[2025-03-21T20:51:00.615+0000] {logging_mixin.py:190} INFO - [2025-03-21T20:51:00.615+0000] {dag.py:3239} INFO - Sync 2 DAGs
[2025-03-21T20:51:00.627+0000] {logging_mixin.py:190} INFO - [2025-03-21T20:51:00.627+0000] {dag.py:4180} INFO - Setting next_dagrun for read_dataset_event to 2025-03-20 00:00:00+00:00, run_after=2025-03-21 00:00:00+00:00
[2025-03-21T20:51:00.629+0000] {logging_mixin.py:190} INFO - [2025-03-21T20:51:00.629+0000] {dag.py:4180} INFO - Setting next_dagrun for read_dataset_event_from_classic to 2025-03-20 00:00:00+00:00, run_after=2025-03-21 00:00:00+00:00
[2025-03-21T20:51:00.646+0000] {processor.py:208} INFO - Processing /home/usmail/sys_fraud/sys_detection_frauds/lib/python3.12/site-packages/airflow/example_dags/example_inlet_event_extra.py took 0.074 seconds
[2025-03-21T20:51:54.158+0000] {processor.py:186} INFO - Started process (PID=3724698) to work on /home/usmail/sys_fraud/sys_detection_frauds/lib/python3.12/site-packages/airflow/example_dags/example_inlet_event_extra.py
[2025-03-21T20:51:54.160+0000] {processor.py:914} INFO - Processing file /home/usmail/sys_fraud/sys_detection_frauds/lib/python3.12/site-packages/airflow/example_dags/example_inlet_event_extra.py for tasks to queue
[2025-03-21T20:51:54.162+0000] {logging_mixin.py:190} INFO - [2025-03-21T20:51:54.162+0000] {dagbag.py:588} INFO - Filling up the DagBag from /home/usmail/sys_fraud/sys_detection_frauds/lib/python3.12/site-packages/airflow/example_dags/example_inlet_event_extra.py
[2025-03-21T20:51:54.172+0000] {processor.py:925} INFO - DAG(s) 'read_dataset_event', 'read_dataset_event_from_classic' retrieved from /home/usmail/sys_fraud/sys_detection_frauds/lib/python3.12/site-packages/airflow/example_dags/example_inlet_event_extra.py
[2025-03-21T20:51:54.180+0000] {logging_mixin.py:190} INFO - [2025-03-21T20:51:54.180+0000] {dag.py:3239} INFO - Sync 2 DAGs
[2025-03-21T20:51:54.192+0000] {logging_mixin.py:190} INFO - [2025-03-21T20:51:54.192+0000] {dag.py:4180} INFO - Setting next_dagrun for read_dataset_event to 2025-03-20 00:00:00+00:00, run_after=2025-03-21 00:00:00+00:00
[2025-03-21T20:51:54.194+0000] {logging_mixin.py:190} INFO - [2025-03-21T20:51:54.194+0000] {dag.py:4180} INFO - Setting next_dagrun for read_dataset_event_from_classic to 2025-03-20 00:00:00+00:00, run_after=2025-03-21 00:00:00+00:00
[2025-03-21T20:51:54.222+0000] {processor.py:208} INFO - Processing /home/usmail/sys_fraud/sys_detection_frauds/lib/python3.12/site-packages/airflow/example_dags/example_inlet_event_extra.py took 0.070 seconds
[2025-03-21T20:52:50.299+0000] {processor.py:186} INFO - Started process (PID=3725294) to work on /home/usmail/sys_fraud/sys_detection_frauds/lib/python3.12/site-packages/airflow/example_dags/example_inlet_event_extra.py
[2025-03-21T20:52:50.308+0000] {processor.py:914} INFO - Processing file /home/usmail/sys_fraud/sys_detection_frauds/lib/python3.12/site-packages/airflow/example_dags/example_inlet_event_extra.py for tasks to queue
[2025-03-21T20:52:50.309+0000] {logging_mixin.py:190} INFO - [2025-03-21T20:52:50.309+0000] {dagbag.py:588} INFO - Filling up the DagBag from /home/usmail/sys_fraud/sys_detection_frauds/lib/python3.12/site-packages/airflow/example_dags/example_inlet_event_extra.py
[2025-03-21T20:52:50.319+0000] {processor.py:925} INFO - DAG(s) 'read_dataset_event', 'read_dataset_event_from_classic' retrieved from /home/usmail/sys_fraud/sys_detection_frauds/lib/python3.12/site-packages/airflow/example_dags/example_inlet_event_extra.py
[2025-03-21T20:52:50.329+0000] {logging_mixin.py:190} INFO - [2025-03-21T20:52:50.329+0000] {dag.py:3239} INFO - Sync 2 DAGs
[2025-03-21T20:52:50.342+0000] {logging_mixin.py:190} INFO - [2025-03-21T20:52:50.342+0000] {dag.py:4180} INFO - Setting next_dagrun for read_dataset_event to 2025-03-20 00:00:00+00:00, run_after=2025-03-21 00:00:00+00:00
[2025-03-21T20:52:50.345+0000] {logging_mixin.py:190} INFO - [2025-03-21T20:52:50.345+0000] {dag.py:4180} INFO - Setting next_dagrun for read_dataset_event_from_classic to 2025-03-20 00:00:00+00:00, run_after=2025-03-21 00:00:00+00:00
[2025-03-21T20:52:50.358+0000] {processor.py:208} INFO - Processing /home/usmail/sys_fraud/sys_detection_frauds/lib/python3.12/site-packages/airflow/example_dags/example_inlet_event_extra.py took 0.062 seconds
[2025-03-21T20:53:42.924+0000] {processor.py:186} INFO - Started process (PID=3725955) to work on /home/usmail/sys_fraud/sys_detection_frauds/lib/python3.12/site-packages/airflow/example_dags/example_inlet_event_extra.py
[2025-03-21T20:53:42.933+0000] {processor.py:914} INFO - Processing file /home/usmail/sys_fraud/sys_detection_frauds/lib/python3.12/site-packages/airflow/example_dags/example_inlet_event_extra.py for tasks to queue
[2025-03-21T20:53:42.937+0000] {logging_mixin.py:190} INFO - [2025-03-21T20:53:42.936+0000] {dagbag.py:588} INFO - Filling up the DagBag from /home/usmail/sys_fraud/sys_detection_frauds/lib/python3.12/site-packages/airflow/example_dags/example_inlet_event_extra.py
[2025-03-21T20:53:42.950+0000] {processor.py:925} INFO - DAG(s) 'read_dataset_event_from_classic', 'read_dataset_event' retrieved from /home/usmail/sys_fraud/sys_detection_frauds/lib/python3.12/site-packages/airflow/example_dags/example_inlet_event_extra.py
[2025-03-21T20:53:42.959+0000] {logging_mixin.py:190} INFO - [2025-03-21T20:53:42.959+0000] {dag.py:3239} INFO - Sync 2 DAGs
[2025-03-21T20:53:42.971+0000] {logging_mixin.py:190} INFO - [2025-03-21T20:53:42.971+0000] {dag.py:4180} INFO - Setting next_dagrun for read_dataset_event to 2025-03-20 00:00:00+00:00, run_after=2025-03-21 00:00:00+00:00
[2025-03-21T20:53:42.974+0000] {logging_mixin.py:190} INFO - [2025-03-21T20:53:42.974+0000] {dag.py:4180} INFO - Setting next_dagrun for read_dataset_event_from_classic to 2025-03-20 00:00:00+00:00, run_after=2025-03-21 00:00:00+00:00
[2025-03-21T20:53:42.985+0000] {processor.py:208} INFO - Processing /home/usmail/sys_fraud/sys_detection_frauds/lib/python3.12/site-packages/airflow/example_dags/example_inlet_event_extra.py took 0.068 seconds
[2025-03-21T20:54:37.385+0000] {processor.py:186} INFO - Started process (PID=3726597) to work on /home/usmail/sys_fraud/sys_detection_frauds/lib/python3.12/site-packages/airflow/example_dags/example_inlet_event_extra.py
[2025-03-21T20:54:37.394+0000] {processor.py:914} INFO - Processing file /home/usmail/sys_fraud/sys_detection_frauds/lib/python3.12/site-packages/airflow/example_dags/example_inlet_event_extra.py for tasks to queue
[2025-03-21T20:54:37.397+0000] {logging_mixin.py:190} INFO - [2025-03-21T20:54:37.397+0000] {dagbag.py:588} INFO - Filling up the DagBag from /home/usmail/sys_fraud/sys_detection_frauds/lib/python3.12/site-packages/airflow/example_dags/example_inlet_event_extra.py
[2025-03-21T20:54:37.489+0000] {processor.py:925} INFO - DAG(s) 'read_dataset_event', 'read_dataset_event_from_classic' retrieved from /home/usmail/sys_fraud/sys_detection_frauds/lib/python3.12/site-packages/airflow/example_dags/example_inlet_event_extra.py
[2025-03-21T20:54:37.497+0000] {logging_mixin.py:190} INFO - [2025-03-21T20:54:37.497+0000] {dag.py:3239} INFO - Sync 2 DAGs
[2025-03-21T20:54:37.507+0000] {logging_mixin.py:190} INFO - [2025-03-21T20:54:37.507+0000] {dag.py:4180} INFO - Setting next_dagrun for read_dataset_event to 2025-03-20 00:00:00+00:00, run_after=2025-03-21 00:00:00+00:00
[2025-03-21T20:54:37.510+0000] {logging_mixin.py:190} INFO - [2025-03-21T20:54:37.510+0000] {dag.py:4180} INFO - Setting next_dagrun for read_dataset_event_from_classic to 2025-03-20 00:00:00+00:00, run_after=2025-03-21 00:00:00+00:00
[2025-03-21T20:54:37.528+0000] {processor.py:208} INFO - Processing /home/usmail/sys_fraud/sys_detection_frauds/lib/python3.12/site-packages/airflow/example_dags/example_inlet_event_extra.py took 0.152 seconds
[2025-03-21T20:55:28.215+0000] {processor.py:186} INFO - Started process (PID=3727221) to work on /home/usmail/sys_fraud/sys_detection_frauds/lib/python3.12/site-packages/airflow/example_dags/example_inlet_event_extra.py
[2025-03-21T20:55:28.224+0000] {processor.py:914} INFO - Processing file /home/usmail/sys_fraud/sys_detection_frauds/lib/python3.12/site-packages/airflow/example_dags/example_inlet_event_extra.py for tasks to queue
[2025-03-21T20:55:28.228+0000] {logging_mixin.py:190} INFO - [2025-03-21T20:55:28.227+0000] {dagbag.py:588} INFO - Filling up the DagBag from /home/usmail/sys_fraud/sys_detection_frauds/lib/python3.12/site-packages/airflow/example_dags/example_inlet_event_extra.py
[2025-03-21T20:55:28.240+0000] {processor.py:925} INFO - DAG(s) 'read_dataset_event', 'read_dataset_event_from_classic' retrieved from /home/usmail/sys_fraud/sys_detection_frauds/lib/python3.12/site-packages/airflow/example_dags/example_inlet_event_extra.py
[2025-03-21T20:55:28.250+0000] {logging_mixin.py:190} INFO - [2025-03-21T20:55:28.250+0000] {dag.py:3239} INFO - Sync 2 DAGs
[2025-03-21T20:55:28.262+0000] {logging_mixin.py:190} INFO - [2025-03-21T20:55:28.262+0000] {dag.py:4180} INFO - Setting next_dagrun for read_dataset_event to 2025-03-20 00:00:00+00:00, run_after=2025-03-21 00:00:00+00:00
[2025-03-21T20:55:28.265+0000] {logging_mixin.py:190} INFO - [2025-03-21T20:55:28.265+0000] {dag.py:4180} INFO - Setting next_dagrun for read_dataset_event_from_classic to 2025-03-20 00:00:00+00:00, run_after=2025-03-21 00:00:00+00:00
[2025-03-21T20:55:28.276+0000] {processor.py:208} INFO - Processing /home/usmail/sys_fraud/sys_detection_frauds/lib/python3.12/site-packages/airflow/example_dags/example_inlet_event_extra.py took 0.066 seconds
[2025-03-21T20:56:19.046+0000] {processor.py:186} INFO - Started process (PID=3727929) to work on /home/usmail/sys_fraud/sys_detection_frauds/lib/python3.12/site-packages/airflow/example_dags/example_inlet_event_extra.py
[2025-03-21T20:56:19.054+0000] {processor.py:914} INFO - Processing file /home/usmail/sys_fraud/sys_detection_frauds/lib/python3.12/site-packages/airflow/example_dags/example_inlet_event_extra.py for tasks to queue
[2025-03-21T20:56:19.057+0000] {logging_mixin.py:190} INFO - [2025-03-21T20:56:19.056+0000] {dagbag.py:588} INFO - Filling up the DagBag from /home/usmail/sys_fraud/sys_detection_frauds/lib/python3.12/site-packages/airflow/example_dags/example_inlet_event_extra.py
[2025-03-21T20:56:19.070+0000] {processor.py:925} INFO - DAG(s) 'read_dataset_event', 'read_dataset_event_from_classic' retrieved from /home/usmail/sys_fraud/sys_detection_frauds/lib/python3.12/site-packages/airflow/example_dags/example_inlet_event_extra.py
[2025-03-21T20:56:19.079+0000] {logging_mixin.py:190} INFO - [2025-03-21T20:56:19.079+0000] {dag.py:3239} INFO - Sync 2 DAGs
[2025-03-21T20:56:19.091+0000] {logging_mixin.py:190} INFO - [2025-03-21T20:56:19.091+0000] {dag.py:4180} INFO - Setting next_dagrun for read_dataset_event to 2025-03-20 00:00:00+00:00, run_after=2025-03-21 00:00:00+00:00
[2025-03-21T20:56:19.095+0000] {logging_mixin.py:190} INFO - [2025-03-21T20:56:19.095+0000] {dag.py:4180} INFO - Setting next_dagrun for read_dataset_event_from_classic to 2025-03-20 00:00:00+00:00, run_after=2025-03-21 00:00:00+00:00
[2025-03-21T20:56:19.107+0000] {processor.py:208} INFO - Processing /home/usmail/sys_fraud/sys_detection_frauds/lib/python3.12/site-packages/airflow/example_dags/example_inlet_event_extra.py took 0.064 seconds
[2025-03-21T20:57:12.073+0000] {processor.py:186} INFO - Started process (PID=3728754) to work on /home/usmail/sys_fraud/sys_detection_frauds/lib/python3.12/site-packages/airflow/example_dags/example_inlet_event_extra.py
[2025-03-21T20:57:12.081+0000] {processor.py:914} INFO - Processing file /home/usmail/sys_fraud/sys_detection_frauds/lib/python3.12/site-packages/airflow/example_dags/example_inlet_event_extra.py for tasks to queue
[2025-03-21T20:57:12.082+0000] {logging_mixin.py:190} INFO - [2025-03-21T20:57:12.082+0000] {dagbag.py:588} INFO - Filling up the DagBag from /home/usmail/sys_fraud/sys_detection_frauds/lib/python3.12/site-packages/airflow/example_dags/example_inlet_event_extra.py
[2025-03-21T20:57:12.091+0000] {processor.py:925} INFO - DAG(s) 'read_dataset_event', 'read_dataset_event_from_classic' retrieved from /home/usmail/sys_fraud/sys_detection_frauds/lib/python3.12/site-packages/airflow/example_dags/example_inlet_event_extra.py
[2025-03-21T20:57:12.101+0000] {logging_mixin.py:190} INFO - [2025-03-21T20:57:12.101+0000] {dag.py:3239} INFO - Sync 2 DAGs
[2025-03-21T20:57:12.115+0000] {logging_mixin.py:190} INFO - [2025-03-21T20:57:12.115+0000] {dag.py:4180} INFO - Setting next_dagrun for read_dataset_event to 2025-03-20 00:00:00+00:00, run_after=2025-03-21 00:00:00+00:00
[2025-03-21T20:57:12.117+0000] {logging_mixin.py:190} INFO - [2025-03-21T20:57:12.117+0000] {dag.py:4180} INFO - Setting next_dagrun for read_dataset_event_from_classic to 2025-03-20 00:00:00+00:00, run_after=2025-03-21 00:00:00+00:00
[2025-03-21T20:57:12.129+0000] {processor.py:208} INFO - Processing /home/usmail/sys_fraud/sys_detection_frauds/lib/python3.12/site-packages/airflow/example_dags/example_inlet_event_extra.py took 0.060 seconds
[2025-03-21T20:58:03.892+0000] {processor.py:186} INFO - Started process (PID=3729284) to work on /home/usmail/sys_fraud/sys_detection_frauds/lib/python3.12/site-packages/airflow/example_dags/example_inlet_event_extra.py
[2025-03-21T20:58:03.901+0000] {processor.py:914} INFO - Processing file /home/usmail/sys_fraud/sys_detection_frauds/lib/python3.12/site-packages/airflow/example_dags/example_inlet_event_extra.py for tasks to queue
[2025-03-21T20:58:03.904+0000] {logging_mixin.py:190} INFO - [2025-03-21T20:58:03.904+0000] {dagbag.py:588} INFO - Filling up the DagBag from /home/usmail/sys_fraud/sys_detection_frauds/lib/python3.12/site-packages/airflow/example_dags/example_inlet_event_extra.py
[2025-03-21T20:58:03.915+0000] {processor.py:925} INFO - DAG(s) 'read_dataset_event', 'read_dataset_event_from_classic' retrieved from /home/usmail/sys_fraud/sys_detection_frauds/lib/python3.12/site-packages/airflow/example_dags/example_inlet_event_extra.py
[2025-03-21T20:58:03.926+0000] {logging_mixin.py:190} INFO - [2025-03-21T20:58:03.926+0000] {dag.py:3239} INFO - Sync 2 DAGs
[2025-03-21T20:58:03.940+0000] {logging_mixin.py:190} INFO - [2025-03-21T20:58:03.939+0000] {dag.py:4180} INFO - Setting next_dagrun for read_dataset_event to 2025-03-20 00:00:00+00:00, run_after=2025-03-21 00:00:00+00:00
[2025-03-21T20:58:03.942+0000] {logging_mixin.py:190} INFO - [2025-03-21T20:58:03.942+0000] {dag.py:4180} INFO - Setting next_dagrun for read_dataset_event_from_classic to 2025-03-20 00:00:00+00:00, run_after=2025-03-21 00:00:00+00:00
[2025-03-21T20:58:03.954+0000] {processor.py:208} INFO - Processing /home/usmail/sys_fraud/sys_detection_frauds/lib/python3.12/site-packages/airflow/example_dags/example_inlet_event_extra.py took 0.068 seconds
[2025-03-21T20:59:50.404+0000] {processor.py:186} INFO - Started process (PID=3730734) to work on /home/usmail/sys_fraud/sys_detection_frauds/lib/python3.12/site-packages/airflow/example_dags/example_inlet_event_extra.py
[2025-03-21T20:59:50.413+0000] {processor.py:914} INFO - Processing file /home/usmail/sys_fraud/sys_detection_frauds/lib/python3.12/site-packages/airflow/example_dags/example_inlet_event_extra.py for tasks to queue
[2025-03-21T20:59:50.416+0000] {logging_mixin.py:190} INFO - [2025-03-21T20:59:50.415+0000] {dagbag.py:588} INFO - Filling up the DagBag from /home/usmail/sys_fraud/sys_detection_frauds/lib/python3.12/site-packages/airflow/example_dags/example_inlet_event_extra.py
[2025-03-21T20:59:50.429+0000] {processor.py:925} INFO - DAG(s) 'read_dataset_event_from_classic', 'read_dataset_event' retrieved from /home/usmail/sys_fraud/sys_detection_frauds/lib/python3.12/site-packages/airflow/example_dags/example_inlet_event_extra.py
[2025-03-21T20:59:50.438+0000] {logging_mixin.py:190} INFO - [2025-03-21T20:59:50.438+0000] {dag.py:3239} INFO - Sync 2 DAGs
[2025-03-21T20:59:50.450+0000] {logging_mixin.py:190} INFO - [2025-03-21T20:59:50.450+0000] {dag.py:4180} INFO - Setting next_dagrun for read_dataset_event to 2025-03-20 00:00:00+00:00, run_after=2025-03-21 00:00:00+00:00
[2025-03-21T20:59:50.452+0000] {logging_mixin.py:190} INFO - [2025-03-21T20:59:50.452+0000] {dag.py:4180} INFO - Setting next_dagrun for read_dataset_event_from_classic to 2025-03-20 00:00:00+00:00, run_after=2025-03-21 00:00:00+00:00
[2025-03-21T20:59:50.463+0000] {processor.py:208} INFO - Processing /home/usmail/sys_fraud/sys_detection_frauds/lib/python3.12/site-packages/airflow/example_dags/example_inlet_event_extra.py took 0.064 seconds
[2025-03-21T21:00:48.562+0000] {processor.py:186} INFO - Started process (PID=3731491) to work on /home/usmail/sys_fraud/sys_detection_frauds/lib/python3.12/site-packages/airflow/example_dags/example_inlet_event_extra.py
[2025-03-21T21:00:48.571+0000] {processor.py:914} INFO - Processing file /home/usmail/sys_fraud/sys_detection_frauds/lib/python3.12/site-packages/airflow/example_dags/example_inlet_event_extra.py for tasks to queue
[2025-03-21T21:00:48.574+0000] {logging_mixin.py:190} INFO - [2025-03-21T21:00:48.574+0000] {dagbag.py:588} INFO - Filling up the DagBag from /home/usmail/sys_fraud/sys_detection_frauds/lib/python3.12/site-packages/airflow/example_dags/example_inlet_event_extra.py
[2025-03-21T21:00:48.588+0000] {processor.py:925} INFO - DAG(s) 'read_dataset_event', 'read_dataset_event_from_classic' retrieved from /home/usmail/sys_fraud/sys_detection_frauds/lib/python3.12/site-packages/airflow/example_dags/example_inlet_event_extra.py
[2025-03-21T21:00:48.601+0000] {logging_mixin.py:190} INFO - [2025-03-21T21:00:48.601+0000] {dag.py:3239} INFO - Sync 2 DAGs
[2025-03-21T21:00:48.619+0000] {logging_mixin.py:190} INFO - [2025-03-21T21:00:48.619+0000] {dag.py:4180} INFO - Setting next_dagrun for read_dataset_event to 2025-03-20 00:00:00+00:00, run_after=2025-03-21 00:00:00+00:00
[2025-03-21T21:00:48.622+0000] {logging_mixin.py:190} INFO - [2025-03-21T21:00:48.622+0000] {dag.py:4180} INFO - Setting next_dagrun for read_dataset_event_from_classic to 2025-03-20 00:00:00+00:00, run_after=2025-03-21 00:00:00+00:00
[2025-03-21T21:00:48.647+0000] {processor.py:208} INFO - Processing /home/usmail/sys_fraud/sys_detection_frauds/lib/python3.12/site-packages/airflow/example_dags/example_inlet_event_extra.py took 0.090 seconds
[2025-03-21T21:01:43.467+0000] {processor.py:186} INFO - Started process (PID=3732192) to work on /home/usmail/sys_fraud/sys_detection_frauds/lib/python3.12/site-packages/airflow/example_dags/example_inlet_event_extra.py
[2025-03-21T21:01:43.475+0000] {processor.py:914} INFO - Processing file /home/usmail/sys_fraud/sys_detection_frauds/lib/python3.12/site-packages/airflow/example_dags/example_inlet_event_extra.py for tasks to queue
[2025-03-21T21:01:43.477+0000] {logging_mixin.py:190} INFO - [2025-03-21T21:01:43.477+0000] {dagbag.py:588} INFO - Filling up the DagBag from /home/usmail/sys_fraud/sys_detection_frauds/lib/python3.12/site-packages/airflow/example_dags/example_inlet_event_extra.py
[2025-03-21T21:01:43.487+0000] {processor.py:925} INFO - DAG(s) 'read_dataset_event_from_classic', 'read_dataset_event' retrieved from /home/usmail/sys_fraud/sys_detection_frauds/lib/python3.12/site-packages/airflow/example_dags/example_inlet_event_extra.py
[2025-03-21T21:01:43.500+0000] {logging_mixin.py:190} INFO - [2025-03-21T21:01:43.500+0000] {dag.py:3239} INFO - Sync 2 DAGs
[2025-03-21T21:01:43.516+0000] {logging_mixin.py:190} INFO - [2025-03-21T21:01:43.515+0000] {dag.py:4180} INFO - Setting next_dagrun for read_dataset_event to 2025-03-20 00:00:00+00:00, run_after=2025-03-21 00:00:00+00:00
[2025-03-21T21:01:43.519+0000] {logging_mixin.py:190} INFO - [2025-03-21T21:01:43.519+0000] {dag.py:4180} INFO - Setting next_dagrun for read_dataset_event_from_classic to 2025-03-20 00:00:00+00:00, run_after=2025-03-21 00:00:00+00:00
[2025-03-21T21:01:43.539+0000] {processor.py:208} INFO - Processing /home/usmail/sys_fraud/sys_detection_frauds/lib/python3.12/site-packages/airflow/example_dags/example_inlet_event_extra.py took 0.077 seconds
[2025-03-21T21:02:40.096+0000] {processor.py:186} INFO - Started process (PID=3732863) to work on /home/usmail/sys_fraud/sys_detection_frauds/lib/python3.12/site-packages/airflow/example_dags/example_inlet_event_extra.py
[2025-03-21T21:02:40.105+0000] {processor.py:914} INFO - Processing file /home/usmail/sys_fraud/sys_detection_frauds/lib/python3.12/site-packages/airflow/example_dags/example_inlet_event_extra.py for tasks to queue
[2025-03-21T21:02:40.108+0000] {logging_mixin.py:190} INFO - [2025-03-21T21:02:40.108+0000] {dagbag.py:588} INFO - Filling up the DagBag from /home/usmail/sys_fraud/sys_detection_frauds/lib/python3.12/site-packages/airflow/example_dags/example_inlet_event_extra.py
[2025-03-21T21:02:40.118+0000] {processor.py:925} INFO - DAG(s) 'read_dataset_event_from_classic', 'read_dataset_event' retrieved from /home/usmail/sys_fraud/sys_detection_frauds/lib/python3.12/site-packages/airflow/example_dags/example_inlet_event_extra.py
[2025-03-21T21:02:40.129+0000] {logging_mixin.py:190} INFO - [2025-03-21T21:02:40.129+0000] {dag.py:3239} INFO - Sync 2 DAGs
[2025-03-21T21:02:40.143+0000] {logging_mixin.py:190} INFO - [2025-03-21T21:02:40.143+0000] {dag.py:4180} INFO - Setting next_dagrun for read_dataset_event to 2025-03-20 00:00:00+00:00, run_after=2025-03-21 00:00:00+00:00
[2025-03-21T21:02:40.145+0000] {logging_mixin.py:190} INFO - [2025-03-21T21:02:40.145+0000] {dag.py:4180} INFO - Setting next_dagrun for read_dataset_event_from_classic to 2025-03-20 00:00:00+00:00, run_after=2025-03-21 00:00:00+00:00
[2025-03-21T21:02:40.159+0000] {processor.py:208} INFO - Processing /home/usmail/sys_fraud/sys_detection_frauds/lib/python3.12/site-packages/airflow/example_dags/example_inlet_event_extra.py took 0.068 seconds
[2025-03-21T21:03:32.946+0000] {processor.py:186} INFO - Started process (PID=3733608) to work on /home/usmail/sys_fraud/sys_detection_frauds/lib/python3.12/site-packages/airflow/example_dags/example_inlet_event_extra.py
[2025-03-21T21:03:32.955+0000] {processor.py:914} INFO - Processing file /home/usmail/sys_fraud/sys_detection_frauds/lib/python3.12/site-packages/airflow/example_dags/example_inlet_event_extra.py for tasks to queue
[2025-03-21T21:03:32.958+0000] {logging_mixin.py:190} INFO - [2025-03-21T21:03:32.957+0000] {dagbag.py:588} INFO - Filling up the DagBag from /home/usmail/sys_fraud/sys_detection_frauds/lib/python3.12/site-packages/airflow/example_dags/example_inlet_event_extra.py
[2025-03-21T21:03:32.969+0000] {processor.py:925} INFO - DAG(s) 'read_dataset_event', 'read_dataset_event_from_classic' retrieved from /home/usmail/sys_fraud/sys_detection_frauds/lib/python3.12/site-packages/airflow/example_dags/example_inlet_event_extra.py
[2025-03-21T21:03:32.980+0000] {logging_mixin.py:190} INFO - [2025-03-21T21:03:32.980+0000] {dag.py:3239} INFO - Sync 2 DAGs
[2025-03-21T21:03:32.994+0000] {logging_mixin.py:190} INFO - [2025-03-21T21:03:32.993+0000] {dag.py:4180} INFO - Setting next_dagrun for read_dataset_event to 2025-03-20 00:00:00+00:00, run_after=2025-03-21 00:00:00+00:00
[2025-03-21T21:03:32.996+0000] {logging_mixin.py:190} INFO - [2025-03-21T21:03:32.996+0000] {dag.py:4180} INFO - Setting next_dagrun for read_dataset_event_from_classic to 2025-03-20 00:00:00+00:00, run_after=2025-03-21 00:00:00+00:00
[2025-03-21T21:03:33.085+0000] {processor.py:208} INFO - Processing /home/usmail/sys_fraud/sys_detection_frauds/lib/python3.12/site-packages/airflow/example_dags/example_inlet_event_extra.py took 0.147 seconds
[2025-03-21T21:04:30.003+0000] {processor.py:186} INFO - Started process (PID=3734349) to work on /home/usmail/sys_fraud/sys_detection_frauds/lib/python3.12/site-packages/airflow/example_dags/example_inlet_event_extra.py
[2025-03-21T21:04:30.011+0000] {processor.py:914} INFO - Processing file /home/usmail/sys_fraud/sys_detection_frauds/lib/python3.12/site-packages/airflow/example_dags/example_inlet_event_extra.py for tasks to queue
[2025-03-21T21:04:30.014+0000] {logging_mixin.py:190} INFO - [2025-03-21T21:04:30.013+0000] {dagbag.py:588} INFO - Filling up the DagBag from /home/usmail/sys_fraud/sys_detection_frauds/lib/python3.12/site-packages/airflow/example_dags/example_inlet_event_extra.py
[2025-03-21T21:04:30.023+0000] {processor.py:925} INFO - DAG(s) 'read_dataset_event', 'read_dataset_event_from_classic' retrieved from /home/usmail/sys_fraud/sys_detection_frauds/lib/python3.12/site-packages/airflow/example_dags/example_inlet_event_extra.py
[2025-03-21T21:04:30.036+0000] {logging_mixin.py:190} INFO - [2025-03-21T21:04:30.036+0000] {dag.py:3239} INFO - Sync 2 DAGs
[2025-03-21T21:04:30.054+0000] {logging_mixin.py:190} INFO - [2025-03-21T21:04:30.054+0000] {dag.py:4180} INFO - Setting next_dagrun for read_dataset_event to 2025-03-20 00:00:00+00:00, run_after=2025-03-21 00:00:00+00:00
[2025-03-21T21:04:30.057+0000] {logging_mixin.py:190} INFO - [2025-03-21T21:04:30.057+0000] {dag.py:4180} INFO - Setting next_dagrun for read_dataset_event_from_classic to 2025-03-20 00:00:00+00:00, run_after=2025-03-21 00:00:00+00:00
[2025-03-21T21:04:30.082+0000] {processor.py:208} INFO - Processing /home/usmail/sys_fraud/sys_detection_frauds/lib/python3.12/site-packages/airflow/example_dags/example_inlet_event_extra.py took 0.084 seconds
[2025-03-21T21:05:21.944+0000] {processor.py:186} INFO - Started process (PID=3735208) to work on /home/usmail/sys_fraud/sys_detection_frauds/lib/python3.12/site-packages/airflow/example_dags/example_inlet_event_extra.py
[2025-03-21T21:05:21.952+0000] {processor.py:914} INFO - Processing file /home/usmail/sys_fraud/sys_detection_frauds/lib/python3.12/site-packages/airflow/example_dags/example_inlet_event_extra.py for tasks to queue
[2025-03-21T21:05:21.955+0000] {logging_mixin.py:190} INFO - [2025-03-21T21:05:21.955+0000] {dagbag.py:588} INFO - Filling up the DagBag from /home/usmail/sys_fraud/sys_detection_frauds/lib/python3.12/site-packages/airflow/example_dags/example_inlet_event_extra.py
[2025-03-21T21:05:21.967+0000] {processor.py:925} INFO - DAG(s) 'read_dataset_event_from_classic', 'read_dataset_event' retrieved from /home/usmail/sys_fraud/sys_detection_frauds/lib/python3.12/site-packages/airflow/example_dags/example_inlet_event_extra.py
[2025-03-21T21:05:21.976+0000] {logging_mixin.py:190} INFO - [2025-03-21T21:05:21.976+0000] {dag.py:3239} INFO - Sync 2 DAGs
[2025-03-21T21:05:21.988+0000] {logging_mixin.py:190} INFO - [2025-03-21T21:05:21.988+0000] {dag.py:4180} INFO - Setting next_dagrun for read_dataset_event to 2025-03-20 00:00:00+00:00, run_after=2025-03-21 00:00:00+00:00
[2025-03-21T21:05:21.991+0000] {logging_mixin.py:190} INFO - [2025-03-21T21:05:21.991+0000] {dag.py:4180} INFO - Setting next_dagrun for read_dataset_event_from_classic to 2025-03-20 00:00:00+00:00, run_after=2025-03-21 00:00:00+00:00
[2025-03-21T21:05:22.003+0000] {processor.py:208} INFO - Processing /home/usmail/sys_fraud/sys_detection_frauds/lib/python3.12/site-packages/airflow/example_dags/example_inlet_event_extra.py took 0.064 seconds
[2025-03-21T21:06:16.815+0000] {processor.py:186} INFO - Started process (PID=3735860) to work on /home/usmail/sys_fraud/sys_detection_frauds/lib/python3.12/site-packages/airflow/example_dags/example_inlet_event_extra.py
[2025-03-21T21:06:16.823+0000] {processor.py:914} INFO - Processing file /home/usmail/sys_fraud/sys_detection_frauds/lib/python3.12/site-packages/airflow/example_dags/example_inlet_event_extra.py for tasks to queue
[2025-03-21T21:06:16.826+0000] {logging_mixin.py:190} INFO - [2025-03-21T21:06:16.826+0000] {dagbag.py:588} INFO - Filling up the DagBag from /home/usmail/sys_fraud/sys_detection_frauds/lib/python3.12/site-packages/airflow/example_dags/example_inlet_event_extra.py
[2025-03-21T21:06:16.838+0000] {processor.py:925} INFO - DAG(s) 'read_dataset_event_from_classic', 'read_dataset_event' retrieved from /home/usmail/sys_fraud/sys_detection_frauds/lib/python3.12/site-packages/airflow/example_dags/example_inlet_event_extra.py
[2025-03-21T21:06:16.848+0000] {logging_mixin.py:190} INFO - [2025-03-21T21:06:16.848+0000] {dag.py:3239} INFO - Sync 2 DAGs
[2025-03-21T21:06:16.864+0000] {logging_mixin.py:190} INFO - [2025-03-21T21:06:16.864+0000] {dag.py:4180} INFO - Setting next_dagrun for read_dataset_event to 2025-03-20 00:00:00+00:00, run_after=2025-03-21 00:00:00+00:00
[2025-03-21T21:06:16.867+0000] {logging_mixin.py:190} INFO - [2025-03-21T21:06:16.867+0000] {dag.py:4180} INFO - Setting next_dagrun for read_dataset_event_from_classic to 2025-03-20 00:00:00+00:00, run_after=2025-03-21 00:00:00+00:00
[2025-03-21T21:06:16.880+0000] {processor.py:208} INFO - Processing /home/usmail/sys_fraud/sys_detection_frauds/lib/python3.12/site-packages/airflow/example_dags/example_inlet_event_extra.py took 0.070 seconds
[2025-03-21T21:07:09.657+0000] {processor.py:186} INFO - Started process (PID=3737178) to work on /home/usmail/sys_fraud/sys_detection_frauds/lib/python3.12/site-packages/airflow/example_dags/example_inlet_event_extra.py
[2025-03-21T21:07:09.666+0000] {processor.py:914} INFO - Processing file /home/usmail/sys_fraud/sys_detection_frauds/lib/python3.12/site-packages/airflow/example_dags/example_inlet_event_extra.py for tasks to queue
[2025-03-21T21:07:09.667+0000] {logging_mixin.py:190} INFO - [2025-03-21T21:07:09.667+0000] {dagbag.py:588} INFO - Filling up the DagBag from /home/usmail/sys_fraud/sys_detection_frauds/lib/python3.12/site-packages/airflow/example_dags/example_inlet_event_extra.py
[2025-03-21T21:07:09.676+0000] {processor.py:925} INFO - DAG(s) 'read_dataset_event', 'read_dataset_event_from_classic' retrieved from /home/usmail/sys_fraud/sys_detection_frauds/lib/python3.12/site-packages/airflow/example_dags/example_inlet_event_extra.py
[2025-03-21T21:07:09.685+0000] {logging_mixin.py:190} INFO - [2025-03-21T21:07:09.685+0000] {dag.py:3239} INFO - Sync 2 DAGs
[2025-03-21T21:07:09.699+0000] {logging_mixin.py:190} INFO - [2025-03-21T21:07:09.699+0000] {dag.py:4180} INFO - Setting next_dagrun for read_dataset_event to 2025-03-20 00:00:00+00:00, run_after=2025-03-21 00:00:00+00:00
[2025-03-21T21:07:09.702+0000] {logging_mixin.py:190} INFO - [2025-03-21T21:07:09.701+0000] {dag.py:4180} INFO - Setting next_dagrun for read_dataset_event_from_classic to 2025-03-20 00:00:00+00:00, run_after=2025-03-21 00:00:00+00:00
[2025-03-21T21:07:09.714+0000] {processor.py:208} INFO - Processing /home/usmail/sys_fraud/sys_detection_frauds/lib/python3.12/site-packages/airflow/example_dags/example_inlet_event_extra.py took 0.062 seconds
[2025-03-21T21:08:03.472+0000] {processor.py:186} INFO - Started process (PID=3737874) to work on /home/usmail/sys_fraud/sys_detection_frauds/lib/python3.12/site-packages/airflow/example_dags/example_inlet_event_extra.py
[2025-03-21T21:08:03.473+0000] {processor.py:914} INFO - Processing file /home/usmail/sys_fraud/sys_detection_frauds/lib/python3.12/site-packages/airflow/example_dags/example_inlet_event_extra.py for tasks to queue
[2025-03-21T21:08:03.476+0000] {logging_mixin.py:190} INFO - [2025-03-21T21:08:03.475+0000] {dagbag.py:588} INFO - Filling up the DagBag from /home/usmail/sys_fraud/sys_detection_frauds/lib/python3.12/site-packages/airflow/example_dags/example_inlet_event_extra.py
[2025-03-21T21:08:03.496+0000] {processor.py:925} INFO - DAG(s) 'read_dataset_event', 'read_dataset_event_from_classic' retrieved from /home/usmail/sys_fraud/sys_detection_frauds/lib/python3.12/site-packages/airflow/example_dags/example_inlet_event_extra.py
[2025-03-21T21:08:03.521+0000] {logging_mixin.py:190} INFO - [2025-03-21T21:08:03.521+0000] {dag.py:3239} INFO - Sync 2 DAGs
[2025-03-21T21:08:03.548+0000] {logging_mixin.py:190} INFO - [2025-03-21T21:08:03.548+0000] {dag.py:4180} INFO - Setting next_dagrun for read_dataset_event to 2025-03-20 00:00:00+00:00, run_after=2025-03-21 00:00:00+00:00
[2025-03-21T21:08:03.554+0000] {logging_mixin.py:190} INFO - [2025-03-21T21:08:03.554+0000] {dag.py:4180} INFO - Setting next_dagrun for read_dataset_event_from_classic to 2025-03-20 00:00:00+00:00, run_after=2025-03-21 00:00:00+00:00
[2025-03-21T21:08:03.582+0000] {processor.py:208} INFO - Processing /home/usmail/sys_fraud/sys_detection_frauds/lib/python3.12/site-packages/airflow/example_dags/example_inlet_event_extra.py took 0.122 seconds
[2025-03-21T21:09:06.665+0000] {processor.py:186} INFO - Started process (PID=3738719) to work on /home/usmail/sys_fraud/sys_detection_frauds/lib/python3.12/site-packages/airflow/example_dags/example_inlet_event_extra.py
[2025-03-21T21:09:06.666+0000] {processor.py:914} INFO - Processing file /home/usmail/sys_fraud/sys_detection_frauds/lib/python3.12/site-packages/airflow/example_dags/example_inlet_event_extra.py for tasks to queue
[2025-03-21T21:09:06.668+0000] {logging_mixin.py:190} INFO - [2025-03-21T21:09:06.668+0000] {dagbag.py:588} INFO - Filling up the DagBag from /home/usmail/sys_fraud/sys_detection_frauds/lib/python3.12/site-packages/airflow/example_dags/example_inlet_event_extra.py
[2025-03-21T21:09:06.682+0000] {processor.py:925} INFO - DAG(s) 'read_dataset_event', 'read_dataset_event_from_classic' retrieved from /home/usmail/sys_fraud/sys_detection_frauds/lib/python3.12/site-packages/airflow/example_dags/example_inlet_event_extra.py
[2025-03-21T21:09:06.695+0000] {logging_mixin.py:190} INFO - [2025-03-21T21:09:06.694+0000] {dag.py:3239} INFO - Sync 2 DAGs
[2025-03-21T21:09:06.711+0000] {logging_mixin.py:190} INFO - [2025-03-21T21:09:06.711+0000] {dag.py:4180} INFO - Setting next_dagrun for read_dataset_event to 2025-03-20 00:00:00+00:00, run_after=2025-03-21 00:00:00+00:00
[2025-03-21T21:09:06.714+0000] {logging_mixin.py:190} INFO - [2025-03-21T21:09:06.714+0000] {dag.py:4180} INFO - Setting next_dagrun for read_dataset_event_from_classic to 2025-03-20 00:00:00+00:00, run_after=2025-03-21 00:00:00+00:00
[2025-03-21T21:09:06.729+0000] {processor.py:208} INFO - Processing /home/usmail/sys_fraud/sys_detection_frauds/lib/python3.12/site-packages/airflow/example_dags/example_inlet_event_extra.py took 0.075 seconds
[2025-03-21T21:10:02.279+0000] {processor.py:186} INFO - Started process (PID=3739510) to work on /home/usmail/sys_fraud/sys_detection_frauds/lib/python3.12/site-packages/airflow/example_dags/example_inlet_event_extra.py
[2025-03-21T21:10:02.281+0000] {processor.py:914} INFO - Processing file /home/usmail/sys_fraud/sys_detection_frauds/lib/python3.12/site-packages/airflow/example_dags/example_inlet_event_extra.py for tasks to queue
[2025-03-21T21:10:02.285+0000] {logging_mixin.py:190} INFO - [2025-03-21T21:10:02.285+0000] {dagbag.py:588} INFO - Filling up the DagBag from /home/usmail/sys_fraud/sys_detection_frauds/lib/python3.12/site-packages/airflow/example_dags/example_inlet_event_extra.py
[2025-03-21T21:10:02.305+0000] {processor.py:925} INFO - DAG(s) 'read_dataset_event', 'read_dataset_event_from_classic' retrieved from /home/usmail/sys_fraud/sys_detection_frauds/lib/python3.12/site-packages/airflow/example_dags/example_inlet_event_extra.py
[2025-03-21T21:10:02.322+0000] {logging_mixin.py:190} INFO - [2025-03-21T21:10:02.322+0000] {dag.py:3239} INFO - Sync 2 DAGs
[2025-03-21T21:10:02.338+0000] {logging_mixin.py:190} INFO - [2025-03-21T21:10:02.338+0000] {dag.py:4180} INFO - Setting next_dagrun for read_dataset_event to 2025-03-20 00:00:00+00:00, run_after=2025-03-21 00:00:00+00:00
[2025-03-21T21:10:02.341+0000] {logging_mixin.py:190} INFO - [2025-03-21T21:10:02.341+0000] {dag.py:4180} INFO - Setting next_dagrun for read_dataset_event_from_classic to 2025-03-20 00:00:00+00:00, run_after=2025-03-21 00:00:00+00:00
[2025-03-21T21:10:02.355+0000] {processor.py:208} INFO - Processing /home/usmail/sys_fraud/sys_detection_frauds/lib/python3.12/site-packages/airflow/example_dags/example_inlet_event_extra.py took 0.089 seconds
[2025-03-21T21:10:59.561+0000] {processor.py:186} INFO - Started process (PID=3741101) to work on /home/usmail/sys_fraud/sys_detection_frauds/lib/python3.12/site-packages/airflow/example_dags/example_inlet_event_extra.py
[2025-03-21T21:10:59.570+0000] {processor.py:914} INFO - Processing file /home/usmail/sys_fraud/sys_detection_frauds/lib/python3.12/site-packages/airflow/example_dags/example_inlet_event_extra.py for tasks to queue
[2025-03-21T21:10:59.571+0000] {logging_mixin.py:190} INFO - [2025-03-21T21:10:59.571+0000] {dagbag.py:588} INFO - Filling up the DagBag from /home/usmail/sys_fraud/sys_detection_frauds/lib/python3.12/site-packages/airflow/example_dags/example_inlet_event_extra.py
[2025-03-21T21:10:59.581+0000] {processor.py:925} INFO - DAG(s) 'read_dataset_event_from_classic', 'read_dataset_event' retrieved from /home/usmail/sys_fraud/sys_detection_frauds/lib/python3.12/site-packages/airflow/example_dags/example_inlet_event_extra.py
[2025-03-21T21:10:59.593+0000] {logging_mixin.py:190} INFO - [2025-03-21T21:10:59.593+0000] {dag.py:3239} INFO - Sync 2 DAGs
[2025-03-21T21:10:59.611+0000] {logging_mixin.py:190} INFO - [2025-03-21T21:10:59.610+0000] {dag.py:4180} INFO - Setting next_dagrun for read_dataset_event to 2025-03-20 00:00:00+00:00, run_after=2025-03-21 00:00:00+00:00
[2025-03-21T21:10:59.614+0000] {logging_mixin.py:190} INFO - [2025-03-21T21:10:59.614+0000] {dag.py:4180} INFO - Setting next_dagrun for read_dataset_event_from_classic to 2025-03-20 00:00:00+00:00, run_after=2025-03-21 00:00:00+00:00
[2025-03-21T21:10:59.630+0000] {processor.py:208} INFO - Processing /home/usmail/sys_fraud/sys_detection_frauds/lib/python3.12/site-packages/airflow/example_dags/example_inlet_event_extra.py took 0.074 seconds
[2025-03-21T21:11:56.280+0000] {processor.py:186} INFO - Started process (PID=3742226) to work on /home/usmail/sys_fraud/sys_detection_frauds/lib/python3.12/site-packages/airflow/example_dags/example_inlet_event_extra.py
[2025-03-21T21:11:56.289+0000] {processor.py:914} INFO - Processing file /home/usmail/sys_fraud/sys_detection_frauds/lib/python3.12/site-packages/airflow/example_dags/example_inlet_event_extra.py for tasks to queue
[2025-03-21T21:11:56.290+0000] {logging_mixin.py:190} INFO - [2025-03-21T21:11:56.290+0000] {dagbag.py:588} INFO - Filling up the DagBag from /home/usmail/sys_fraud/sys_detection_frauds/lib/python3.12/site-packages/airflow/example_dags/example_inlet_event_extra.py
[2025-03-21T21:11:56.300+0000] {processor.py:925} INFO - DAG(s) 'read_dataset_event_from_classic', 'read_dataset_event' retrieved from /home/usmail/sys_fraud/sys_detection_frauds/lib/python3.12/site-packages/airflow/example_dags/example_inlet_event_extra.py
[2025-03-21T21:11:56.313+0000] {logging_mixin.py:190} INFO - [2025-03-21T21:11:56.313+0000] {dag.py:3239} INFO - Sync 2 DAGs
[2025-03-21T21:11:56.333+0000] {logging_mixin.py:190} INFO - [2025-03-21T21:11:56.333+0000] {dag.py:4180} INFO - Setting next_dagrun for read_dataset_event to 2025-03-20 00:00:00+00:00, run_after=2025-03-21 00:00:00+00:00
[2025-03-21T21:11:56.336+0000] {logging_mixin.py:190} INFO - [2025-03-21T21:11:56.336+0000] {dag.py:4180} INFO - Setting next_dagrun for read_dataset_event_from_classic to 2025-03-20 00:00:00+00:00, run_after=2025-03-21 00:00:00+00:00
[2025-03-21T21:11:56.364+0000] {processor.py:208} INFO - Processing /home/usmail/sys_fraud/sys_detection_frauds/lib/python3.12/site-packages/airflow/example_dags/example_inlet_event_extra.py took 0.089 seconds
[2025-03-21T21:12:49.455+0000] {processor.py:186} INFO - Started process (PID=3743241) to work on /home/usmail/sys_fraud/sys_detection_frauds/lib/python3.12/site-packages/airflow/example_dags/example_inlet_event_extra.py
[2025-03-21T21:12:49.464+0000] {processor.py:914} INFO - Processing file /home/usmail/sys_fraud/sys_detection_frauds/lib/python3.12/site-packages/airflow/example_dags/example_inlet_event_extra.py for tasks to queue
[2025-03-21T21:12:49.465+0000] {logging_mixin.py:190} INFO - [2025-03-21T21:12:49.465+0000] {dagbag.py:588} INFO - Filling up the DagBag from /home/usmail/sys_fraud/sys_detection_frauds/lib/python3.12/site-packages/airflow/example_dags/example_inlet_event_extra.py
[2025-03-21T21:12:49.475+0000] {processor.py:925} INFO - DAG(s) 'read_dataset_event', 'read_dataset_event_from_classic' retrieved from /home/usmail/sys_fraud/sys_detection_frauds/lib/python3.12/site-packages/airflow/example_dags/example_inlet_event_extra.py
[2025-03-21T21:12:49.486+0000] {logging_mixin.py:190} INFO - [2025-03-21T21:12:49.486+0000] {dag.py:3239} INFO - Sync 2 DAGs
[2025-03-21T21:12:49.503+0000] {logging_mixin.py:190} INFO - [2025-03-21T21:12:49.502+0000] {dag.py:4180} INFO - Setting next_dagrun for read_dataset_event to 2025-03-20 00:00:00+00:00, run_after=2025-03-21 00:00:00+00:00
[2025-03-21T21:12:49.506+0000] {logging_mixin.py:190} INFO - [2025-03-21T21:12:49.506+0000] {dag.py:4180} INFO - Setting next_dagrun for read_dataset_event_from_classic to 2025-03-20 00:00:00+00:00, run_after=2025-03-21 00:00:00+00:00
[2025-03-21T21:12:49.519+0000] {processor.py:208} INFO - Processing /home/usmail/sys_fraud/sys_detection_frauds/lib/python3.12/site-packages/airflow/example_dags/example_inlet_event_extra.py took 0.069 seconds
[2025-03-21T21:13:41.789+0000] {processor.py:186} INFO - Started process (PID=3744172) to work on /home/usmail/sys_fraud/sys_detection_frauds/lib/python3.12/site-packages/airflow/example_dags/example_inlet_event_extra.py
[2025-03-21T21:13:41.791+0000] {processor.py:914} INFO - Processing file /home/usmail/sys_fraud/sys_detection_frauds/lib/python3.12/site-packages/airflow/example_dags/example_inlet_event_extra.py for tasks to queue
[2025-03-21T21:13:41.793+0000] {logging_mixin.py:190} INFO - [2025-03-21T21:13:41.793+0000] {dagbag.py:588} INFO - Filling up the DagBag from /home/usmail/sys_fraud/sys_detection_frauds/lib/python3.12/site-packages/airflow/example_dags/example_inlet_event_extra.py
[2025-03-21T21:13:41.806+0000] {processor.py:925} INFO - DAG(s) 'read_dataset_event_from_classic', 'read_dataset_event' retrieved from /home/usmail/sys_fraud/sys_detection_frauds/lib/python3.12/site-packages/airflow/example_dags/example_inlet_event_extra.py
[2025-03-21T21:13:41.821+0000] {logging_mixin.py:190} INFO - [2025-03-21T21:13:41.821+0000] {dag.py:3239} INFO - Sync 2 DAGs
[2025-03-21T21:13:41.841+0000] {logging_mixin.py:190} INFO - [2025-03-21T21:13:41.841+0000] {dag.py:4180} INFO - Setting next_dagrun for read_dataset_event to 2025-03-20 00:00:00+00:00, run_after=2025-03-21 00:00:00+00:00
[2025-03-21T21:13:41.845+0000] {logging_mixin.py:190} INFO - [2025-03-21T21:13:41.845+0000] {dag.py:4180} INFO - Setting next_dagrun for read_dataset_event_from_classic to 2025-03-20 00:00:00+00:00, run_after=2025-03-21 00:00:00+00:00
[2025-03-21T21:13:41.883+0000] {processor.py:208} INFO - Processing /home/usmail/sys_fraud/sys_detection_frauds/lib/python3.12/site-packages/airflow/example_dags/example_inlet_event_extra.py took 0.105 seconds
[2025-03-21T21:14:35.404+0000] {processor.py:186} INFO - Started process (PID=3744970) to work on /home/usmail/sys_fraud/sys_detection_frauds/lib/python3.12/site-packages/airflow/example_dags/example_inlet_event_extra.py
[2025-03-21T21:14:35.413+0000] {processor.py:914} INFO - Processing file /home/usmail/sys_fraud/sys_detection_frauds/lib/python3.12/site-packages/airflow/example_dags/example_inlet_event_extra.py for tasks to queue
[2025-03-21T21:14:35.417+0000] {logging_mixin.py:190} INFO - [2025-03-21T21:14:35.416+0000] {dagbag.py:588} INFO - Filling up the DagBag from /home/usmail/sys_fraud/sys_detection_frauds/lib/python3.12/site-packages/airflow/example_dags/example_inlet_event_extra.py
[2025-03-21T21:14:35.437+0000] {processor.py:925} INFO - DAG(s) 'read_dataset_event_from_classic', 'read_dataset_event' retrieved from /home/usmail/sys_fraud/sys_detection_frauds/lib/python3.12/site-packages/airflow/example_dags/example_inlet_event_extra.py
[2025-03-21T21:14:35.462+0000] {logging_mixin.py:190} INFO - [2025-03-21T21:14:35.462+0000] {dag.py:3239} INFO - Sync 2 DAGs
[2025-03-21T21:14:35.483+0000] {logging_mixin.py:190} INFO - [2025-03-21T21:14:35.483+0000] {dag.py:4180} INFO - Setting next_dagrun for read_dataset_event to 2025-03-20 00:00:00+00:00, run_after=2025-03-21 00:00:00+00:00
[2025-03-21T21:14:35.486+0000] {logging_mixin.py:190} INFO - [2025-03-21T21:14:35.486+0000] {dag.py:4180} INFO - Setting next_dagrun for read_dataset_event_from_classic to 2025-03-20 00:00:00+00:00, run_after=2025-03-21 00:00:00+00:00
[2025-03-21T21:14:35.504+0000] {processor.py:208} INFO - Processing /home/usmail/sys_fraud/sys_detection_frauds/lib/python3.12/site-packages/airflow/example_dags/example_inlet_event_extra.py took 0.112 seconds
[2025-03-21T21:15:37.167+0000] {processor.py:186} INFO - Started process (PID=3745740) to work on /home/usmail/sys_fraud/sys_detection_frauds/lib/python3.12/site-packages/airflow/example_dags/example_inlet_event_extra.py
[2025-03-21T21:15:37.176+0000] {processor.py:914} INFO - Processing file /home/usmail/sys_fraud/sys_detection_frauds/lib/python3.12/site-packages/airflow/example_dags/example_inlet_event_extra.py for tasks to queue
[2025-03-21T21:15:37.179+0000] {logging_mixin.py:190} INFO - [2025-03-21T21:15:37.178+0000] {dagbag.py:588} INFO - Filling up the DagBag from /home/usmail/sys_fraud/sys_detection_frauds/lib/python3.12/site-packages/airflow/example_dags/example_inlet_event_extra.py
[2025-03-21T21:15:37.199+0000] {processor.py:925} INFO - DAG(s) 'read_dataset_event_from_classic', 'read_dataset_event' retrieved from /home/usmail/sys_fraud/sys_detection_frauds/lib/python3.12/site-packages/airflow/example_dags/example_inlet_event_extra.py
[2025-03-21T21:15:37.224+0000] {logging_mixin.py:190} INFO - [2025-03-21T21:15:37.224+0000] {dag.py:3239} INFO - Sync 2 DAGs
[2025-03-21T21:15:37.246+0000] {logging_mixin.py:190} INFO - [2025-03-21T21:15:37.245+0000] {dag.py:4180} INFO - Setting next_dagrun for read_dataset_event to 2025-03-20 00:00:00+00:00, run_after=2025-03-21 00:00:00+00:00
[2025-03-21T21:15:37.249+0000] {logging_mixin.py:190} INFO - [2025-03-21T21:15:37.249+0000] {dag.py:4180} INFO - Setting next_dagrun for read_dataset_event_from_classic to 2025-03-20 00:00:00+00:00, run_after=2025-03-21 00:00:00+00:00
[2025-03-21T21:15:37.264+0000] {processor.py:208} INFO - Processing /home/usmail/sys_fraud/sys_detection_frauds/lib/python3.12/site-packages/airflow/example_dags/example_inlet_event_extra.py took 0.109 seconds
[2025-03-21T21:16:38.438+0000] {processor.py:186} INFO - Started process (PID=3746512) to work on /home/usmail/sys_fraud/sys_detection_frauds/lib/python3.12/site-packages/airflow/example_dags/example_inlet_event_extra.py
[2025-03-21T21:16:38.448+0000] {processor.py:914} INFO - Processing file /home/usmail/sys_fraud/sys_detection_frauds/lib/python3.12/site-packages/airflow/example_dags/example_inlet_event_extra.py for tasks to queue
[2025-03-21T21:16:38.451+0000] {logging_mixin.py:190} INFO - [2025-03-21T21:16:38.450+0000] {dagbag.py:588} INFO - Filling up the DagBag from /home/usmail/sys_fraud/sys_detection_frauds/lib/python3.12/site-packages/airflow/example_dags/example_inlet_event_extra.py
[2025-03-21T21:16:38.470+0000] {processor.py:925} INFO - DAG(s) 'read_dataset_event', 'read_dataset_event_from_classic' retrieved from /home/usmail/sys_fraud/sys_detection_frauds/lib/python3.12/site-packages/airflow/example_dags/example_inlet_event_extra.py
[2025-03-21T21:16:38.494+0000] {logging_mixin.py:190} INFO - [2025-03-21T21:16:38.494+0000] {dag.py:3239} INFO - Sync 2 DAGs
[2025-03-21T21:16:38.514+0000] {logging_mixin.py:190} INFO - [2025-03-21T21:16:38.514+0000] {dag.py:4180} INFO - Setting next_dagrun for read_dataset_event to 2025-03-20 00:00:00+00:00, run_after=2025-03-21 00:00:00+00:00
[2025-03-21T21:16:38.517+0000] {logging_mixin.py:190} INFO - [2025-03-21T21:16:38.517+0000] {dag.py:4180} INFO - Setting next_dagrun for read_dataset_event_from_classic to 2025-03-20 00:00:00+00:00, run_after=2025-03-21 00:00:00+00:00
[2025-03-21T21:16:38.531+0000] {processor.py:208} INFO - Processing /home/usmail/sys_fraud/sys_detection_frauds/lib/python3.12/site-packages/airflow/example_dags/example_inlet_event_extra.py took 0.105 seconds
[2025-03-21T21:17:38.985+0000] {processor.py:186} INFO - Started process (PID=3747255) to work on /home/usmail/sys_fraud/sys_detection_frauds/lib/python3.12/site-packages/airflow/example_dags/example_inlet_event_extra.py
[2025-03-21T21:17:38.994+0000] {processor.py:914} INFO - Processing file /home/usmail/sys_fraud/sys_detection_frauds/lib/python3.12/site-packages/airflow/example_dags/example_inlet_event_extra.py for tasks to queue
[2025-03-21T21:17:38.997+0000] {logging_mixin.py:190} INFO - [2025-03-21T21:17:38.997+0000] {dagbag.py:588} INFO - Filling up the DagBag from /home/usmail/sys_fraud/sys_detection_frauds/lib/python3.12/site-packages/airflow/example_dags/example_inlet_event_extra.py
[2025-03-21T21:17:39.017+0000] {processor.py:925} INFO - DAG(s) 'read_dataset_event_from_classic', 'read_dataset_event' retrieved from /home/usmail/sys_fraud/sys_detection_frauds/lib/python3.12/site-packages/airflow/example_dags/example_inlet_event_extra.py
[2025-03-21T21:17:39.043+0000] {logging_mixin.py:190} INFO - [2025-03-21T21:17:39.043+0000] {dag.py:3239} INFO - Sync 2 DAGs
[2025-03-21T21:17:39.065+0000] {logging_mixin.py:190} INFO - [2025-03-21T21:17:39.065+0000] {dag.py:4180} INFO - Setting next_dagrun for read_dataset_event to 2025-03-20 00:00:00+00:00, run_after=2025-03-21 00:00:00+00:00
[2025-03-21T21:17:39.068+0000] {logging_mixin.py:190} INFO - [2025-03-21T21:17:39.068+0000] {dag.py:4180} INFO - Setting next_dagrun for read_dataset_event_from_classic to 2025-03-20 00:00:00+00:00, run_after=2025-03-21 00:00:00+00:00
[2025-03-21T21:17:39.081+0000] {processor.py:208} INFO - Processing /home/usmail/sys_fraud/sys_detection_frauds/lib/python3.12/site-packages/airflow/example_dags/example_inlet_event_extra.py took 0.108 seconds
[2025-03-21T21:18:44.704+0000] {processor.py:186} INFO - Started process (PID=3748056) to work on /home/usmail/sys_fraud/sys_detection_frauds/lib/python3.12/site-packages/airflow/example_dags/example_inlet_event_extra.py
[2025-03-21T21:18:44.713+0000] {processor.py:914} INFO - Processing file /home/usmail/sys_fraud/sys_detection_frauds/lib/python3.12/site-packages/airflow/example_dags/example_inlet_event_extra.py for tasks to queue
[2025-03-21T21:18:44.716+0000] {logging_mixin.py:190} INFO - [2025-03-21T21:18:44.716+0000] {dagbag.py:588} INFO - Filling up the DagBag from /home/usmail/sys_fraud/sys_detection_frauds/lib/python3.12/site-packages/airflow/example_dags/example_inlet_event_extra.py
[2025-03-21T21:18:44.736+0000] {processor.py:925} INFO - DAG(s) 'read_dataset_event', 'read_dataset_event_from_classic' retrieved from /home/usmail/sys_fraud/sys_detection_frauds/lib/python3.12/site-packages/airflow/example_dags/example_inlet_event_extra.py
[2025-03-21T21:18:44.761+0000] {logging_mixin.py:190} INFO - [2025-03-21T21:18:44.761+0000] {dag.py:3239} INFO - Sync 2 DAGs
[2025-03-21T21:18:44.783+0000] {logging_mixin.py:190} INFO - [2025-03-21T21:18:44.783+0000] {dag.py:4180} INFO - Setting next_dagrun for read_dataset_event to 2025-03-20 00:00:00+00:00, run_after=2025-03-21 00:00:00+00:00
[2025-03-21T21:18:44.787+0000] {logging_mixin.py:190} INFO - [2025-03-21T21:18:44.786+0000] {dag.py:4180} INFO - Setting next_dagrun for read_dataset_event_from_classic to 2025-03-20 00:00:00+00:00, run_after=2025-03-21 00:00:00+00:00
[2025-03-21T21:18:44.802+0000] {processor.py:208} INFO - Processing /home/usmail/sys_fraud/sys_detection_frauds/lib/python3.12/site-packages/airflow/example_dags/example_inlet_event_extra.py took 0.110 seconds
[2025-03-21T21:19:48.232+0000] {processor.py:186} INFO - Started process (PID=3748833) to work on /home/usmail/sys_fraud/sys_detection_frauds/lib/python3.12/site-packages/airflow/example_dags/example_inlet_event_extra.py
[2025-03-21T21:19:48.241+0000] {processor.py:914} INFO - Processing file /home/usmail/sys_fraud/sys_detection_frauds/lib/python3.12/site-packages/airflow/example_dags/example_inlet_event_extra.py for tasks to queue
[2025-03-21T21:19:48.244+0000] {logging_mixin.py:190} INFO - [2025-03-21T21:19:48.244+0000] {dagbag.py:588} INFO - Filling up the DagBag from /home/usmail/sys_fraud/sys_detection_frauds/lib/python3.12/site-packages/airflow/example_dags/example_inlet_event_extra.py
[2025-03-21T21:19:48.264+0000] {processor.py:925} INFO - DAG(s) 'read_dataset_event_from_classic', 'read_dataset_event' retrieved from /home/usmail/sys_fraud/sys_detection_frauds/lib/python3.12/site-packages/airflow/example_dags/example_inlet_event_extra.py
[2025-03-21T21:19:48.288+0000] {logging_mixin.py:190} INFO - [2025-03-21T21:19:48.288+0000] {dag.py:3239} INFO - Sync 2 DAGs
[2025-03-21T21:19:48.310+0000] {logging_mixin.py:190} INFO - [2025-03-21T21:19:48.309+0000] {dag.py:4180} INFO - Setting next_dagrun for read_dataset_event to 2025-03-20 00:00:00+00:00, run_after=2025-03-21 00:00:00+00:00
[2025-03-21T21:19:48.313+0000] {logging_mixin.py:190} INFO - [2025-03-21T21:19:48.313+0000] {dag.py:4180} INFO - Setting next_dagrun for read_dataset_event_from_classic to 2025-03-20 00:00:00+00:00, run_after=2025-03-21 00:00:00+00:00
[2025-03-21T21:19:48.328+0000] {processor.py:208} INFO - Processing /home/usmail/sys_fraud/sys_detection_frauds/lib/python3.12/site-packages/airflow/example_dags/example_inlet_event_extra.py took 0.108 seconds
[2025-03-21T21:20:51.297+0000] {processor.py:186} INFO - Started process (PID=3749591) to work on /home/usmail/sys_fraud/sys_detection_frauds/lib/python3.12/site-packages/airflow/example_dags/example_inlet_event_extra.py
[2025-03-21T21:20:51.306+0000] {processor.py:914} INFO - Processing file /home/usmail/sys_fraud/sys_detection_frauds/lib/python3.12/site-packages/airflow/example_dags/example_inlet_event_extra.py for tasks to queue
[2025-03-21T21:20:51.307+0000] {logging_mixin.py:190} INFO - [2025-03-21T21:20:51.307+0000] {dagbag.py:588} INFO - Filling up the DagBag from /home/usmail/sys_fraud/sys_detection_frauds/lib/python3.12/site-packages/airflow/example_dags/example_inlet_event_extra.py
[2025-03-21T21:20:51.319+0000] {processor.py:925} INFO - DAG(s) 'read_dataset_event_from_classic', 'read_dataset_event' retrieved from /home/usmail/sys_fraud/sys_detection_frauds/lib/python3.12/site-packages/airflow/example_dags/example_inlet_event_extra.py
[2025-03-21T21:20:51.334+0000] {logging_mixin.py:190} INFO - [2025-03-21T21:20:51.333+0000] {dag.py:3239} INFO - Sync 2 DAGs
[2025-03-21T21:20:51.352+0000] {logging_mixin.py:190} INFO - [2025-03-21T21:20:51.352+0000] {dag.py:4180} INFO - Setting next_dagrun for read_dataset_event to 2025-03-20 00:00:00+00:00, run_after=2025-03-21 00:00:00+00:00
[2025-03-21T21:20:51.355+0000] {logging_mixin.py:190} INFO - [2025-03-21T21:20:51.355+0000] {dag.py:4180} INFO - Setting next_dagrun for read_dataset_event_from_classic to 2025-03-20 00:00:00+00:00, run_after=2025-03-21 00:00:00+00:00
[2025-03-21T21:20:51.372+0000] {processor.py:208} INFO - Processing /home/usmail/sys_fraud/sys_detection_frauds/lib/python3.12/site-packages/airflow/example_dags/example_inlet_event_extra.py took 0.084 seconds
[2025-03-21T21:21:57.383+0000] {processor.py:186} INFO - Started process (PID=3750415) to work on /home/usmail/sys_fraud/sys_detection_frauds/lib/python3.12/site-packages/airflow/example_dags/example_inlet_event_extra.py
[2025-03-21T21:21:57.392+0000] {processor.py:914} INFO - Processing file /home/usmail/sys_fraud/sys_detection_frauds/lib/python3.12/site-packages/airflow/example_dags/example_inlet_event_extra.py for tasks to queue
[2025-03-21T21:21:57.394+0000] {logging_mixin.py:190} INFO - [2025-03-21T21:21:57.393+0000] {dagbag.py:588} INFO - Filling up the DagBag from /home/usmail/sys_fraud/sys_detection_frauds/lib/python3.12/site-packages/airflow/example_dags/example_inlet_event_extra.py
[2025-03-21T21:21:57.405+0000] {processor.py:925} INFO - DAG(s) 'read_dataset_event', 'read_dataset_event_from_classic' retrieved from /home/usmail/sys_fraud/sys_detection_frauds/lib/python3.12/site-packages/airflow/example_dags/example_inlet_event_extra.py
[2025-03-21T21:21:57.420+0000] {logging_mixin.py:190} INFO - [2025-03-21T21:21:57.420+0000] {dag.py:3239} INFO - Sync 2 DAGs
[2025-03-21T21:21:57.438+0000] {logging_mixin.py:190} INFO - [2025-03-21T21:21:57.438+0000] {dag.py:4180} INFO - Setting next_dagrun for read_dataset_event to 2025-03-20 00:00:00+00:00, run_after=2025-03-21 00:00:00+00:00
[2025-03-21T21:21:57.443+0000] {logging_mixin.py:190} INFO - [2025-03-21T21:21:57.443+0000] {dag.py:4180} INFO - Setting next_dagrun for read_dataset_event_from_classic to 2025-03-20 00:00:00+00:00, run_after=2025-03-21 00:00:00+00:00
[2025-03-21T21:21:57.466+0000] {processor.py:208} INFO - Processing /home/usmail/sys_fraud/sys_detection_frauds/lib/python3.12/site-packages/airflow/example_dags/example_inlet_event_extra.py took 0.090 seconds
[2025-03-21T21:23:03.120+0000] {processor.py:186} INFO - Started process (PID=3751243) to work on /home/usmail/sys_fraud/sys_detection_frauds/lib/python3.12/site-packages/airflow/example_dags/example_inlet_event_extra.py
[2025-03-21T21:23:03.129+0000] {processor.py:914} INFO - Processing file /home/usmail/sys_fraud/sys_detection_frauds/lib/python3.12/site-packages/airflow/example_dags/example_inlet_event_extra.py for tasks to queue
[2025-03-21T21:23:03.132+0000] {logging_mixin.py:190} INFO - [2025-03-21T21:23:03.132+0000] {dagbag.py:588} INFO - Filling up the DagBag from /home/usmail/sys_fraud/sys_detection_frauds/lib/python3.12/site-packages/airflow/example_dags/example_inlet_event_extra.py
[2025-03-21T21:23:03.152+0000] {processor.py:925} INFO - DAG(s) 'read_dataset_event_from_classic', 'read_dataset_event' retrieved from /home/usmail/sys_fraud/sys_detection_frauds/lib/python3.12/site-packages/airflow/example_dags/example_inlet_event_extra.py
[2025-03-21T21:23:03.177+0000] {logging_mixin.py:190} INFO - [2025-03-21T21:23:03.177+0000] {dag.py:3239} INFO - Sync 2 DAGs
[2025-03-21T21:23:03.198+0000] {logging_mixin.py:190} INFO - [2025-03-21T21:23:03.197+0000] {dag.py:4180} INFO - Setting next_dagrun for read_dataset_event to 2025-03-20 00:00:00+00:00, run_after=2025-03-21 00:00:00+00:00
[2025-03-21T21:23:03.201+0000] {logging_mixin.py:190} INFO - [2025-03-21T21:23:03.201+0000] {dag.py:4180} INFO - Setting next_dagrun for read_dataset_event_from_classic to 2025-03-20 00:00:00+00:00, run_after=2025-03-21 00:00:00+00:00
[2025-03-21T21:23:03.215+0000] {processor.py:208} INFO - Processing /home/usmail/sys_fraud/sys_detection_frauds/lib/python3.12/site-packages/airflow/example_dags/example_inlet_event_extra.py took 0.108 seconds
[2025-03-21T21:24:04.903+0000] {processor.py:186} INFO - Started process (PID=3751963) to work on /home/usmail/sys_fraud/sys_detection_frauds/lib/python3.12/site-packages/airflow/example_dags/example_inlet_event_extra.py
[2025-03-21T21:24:04.905+0000] {processor.py:914} INFO - Processing file /home/usmail/sys_fraud/sys_detection_frauds/lib/python3.12/site-packages/airflow/example_dags/example_inlet_event_extra.py for tasks to queue
[2025-03-21T21:24:04.908+0000] {logging_mixin.py:190} INFO - [2025-03-21T21:24:04.907+0000] {dagbag.py:588} INFO - Filling up the DagBag from /home/usmail/sys_fraud/sys_detection_frauds/lib/python3.12/site-packages/airflow/example_dags/example_inlet_event_extra.py
[2025-03-21T21:24:04.927+0000] {processor.py:925} INFO - DAG(s) 'read_dataset_event', 'read_dataset_event_from_classic' retrieved from /home/usmail/sys_fraud/sys_detection_frauds/lib/python3.12/site-packages/airflow/example_dags/example_inlet_event_extra.py
[2025-03-21T21:24:04.953+0000] {logging_mixin.py:190} INFO - [2025-03-21T21:24:04.953+0000] {dag.py:3239} INFO - Sync 2 DAGs
[2025-03-21T21:24:04.972+0000] {logging_mixin.py:190} INFO - [2025-03-21T21:24:04.971+0000] {dag.py:4180} INFO - Setting next_dagrun for read_dataset_event to 2025-03-20 00:00:00+00:00, run_after=2025-03-21 00:00:00+00:00
[2025-03-21T21:24:04.975+0000] {logging_mixin.py:190} INFO - [2025-03-21T21:24:04.975+0000] {dag.py:4180} INFO - Setting next_dagrun for read_dataset_event_from_classic to 2025-03-20 00:00:00+00:00, run_after=2025-03-21 00:00:00+00:00
[2025-03-21T21:24:04.989+0000] {processor.py:208} INFO - Processing /home/usmail/sys_fraud/sys_detection_frauds/lib/python3.12/site-packages/airflow/example_dags/example_inlet_event_extra.py took 0.098 seconds
[2025-03-21T21:25:08.566+0000] {processor.py:186} INFO - Started process (PID=3752636) to work on /home/usmail/sys_fraud/sys_detection_frauds/lib/python3.12/site-packages/airflow/example_dags/example_inlet_event_extra.py
[2025-03-21T21:25:08.576+0000] {processor.py:914} INFO - Processing file /home/usmail/sys_fraud/sys_detection_frauds/lib/python3.12/site-packages/airflow/example_dags/example_inlet_event_extra.py for tasks to queue
[2025-03-21T21:25:08.579+0000] {logging_mixin.py:190} INFO - [2025-03-21T21:25:08.578+0000] {dagbag.py:588} INFO - Filling up the DagBag from /home/usmail/sys_fraud/sys_detection_frauds/lib/python3.12/site-packages/airflow/example_dags/example_inlet_event_extra.py
[2025-03-21T21:25:08.599+0000] {processor.py:925} INFO - DAG(s) 'read_dataset_event_from_classic', 'read_dataset_event' retrieved from /home/usmail/sys_fraud/sys_detection_frauds/lib/python3.12/site-packages/airflow/example_dags/example_inlet_event_extra.py
[2025-03-21T21:25:08.624+0000] {logging_mixin.py:190} INFO - [2025-03-21T21:25:08.624+0000] {dag.py:3239} INFO - Sync 2 DAGs
[2025-03-21T21:25:08.645+0000] {logging_mixin.py:190} INFO - [2025-03-21T21:25:08.645+0000] {dag.py:4180} INFO - Setting next_dagrun for read_dataset_event to 2025-03-20 00:00:00+00:00, run_after=2025-03-21 00:00:00+00:00
[2025-03-21T21:25:08.648+0000] {logging_mixin.py:190} INFO - [2025-03-21T21:25:08.648+0000] {dag.py:4180} INFO - Setting next_dagrun for read_dataset_event_from_classic to 2025-03-20 00:00:00+00:00, run_after=2025-03-21 00:00:00+00:00
[2025-03-21T21:25:08.662+0000] {processor.py:208} INFO - Processing /home/usmail/sys_fraud/sys_detection_frauds/lib/python3.12/site-packages/airflow/example_dags/example_inlet_event_extra.py took 0.109 seconds
[2025-03-21T21:26:13.434+0000] {processor.py:186} INFO - Started process (PID=3753319) to work on /home/usmail/sys_fraud/sys_detection_frauds/lib/python3.12/site-packages/airflow/example_dags/example_inlet_event_extra.py
[2025-03-21T21:26:13.443+0000] {processor.py:914} INFO - Processing file /home/usmail/sys_fraud/sys_detection_frauds/lib/python3.12/site-packages/airflow/example_dags/example_inlet_event_extra.py for tasks to queue
[2025-03-21T21:26:13.447+0000] {logging_mixin.py:190} INFO - [2025-03-21T21:26:13.446+0000] {dagbag.py:588} INFO - Filling up the DagBag from /home/usmail/sys_fraud/sys_detection_frauds/lib/python3.12/site-packages/airflow/example_dags/example_inlet_event_extra.py
[2025-03-21T21:26:13.469+0000] {processor.py:925} INFO - DAG(s) 'read_dataset_event', 'read_dataset_event_from_classic' retrieved from /home/usmail/sys_fraud/sys_detection_frauds/lib/python3.12/site-packages/airflow/example_dags/example_inlet_event_extra.py
[2025-03-21T21:26:13.490+0000] {logging_mixin.py:190} INFO - [2025-03-21T21:26:13.490+0000] {dag.py:3239} INFO - Sync 2 DAGs
[2025-03-21T21:26:13.508+0000] {logging_mixin.py:190} INFO - [2025-03-21T21:26:13.507+0000] {dag.py:4180} INFO - Setting next_dagrun for read_dataset_event to 2025-03-20 00:00:00+00:00, run_after=2025-03-21 00:00:00+00:00
[2025-03-21T21:26:13.511+0000] {logging_mixin.py:190} INFO - [2025-03-21T21:26:13.511+0000] {dag.py:4180} INFO - Setting next_dagrun for read_dataset_event_from_classic to 2025-03-20 00:00:00+00:00, run_after=2025-03-21 00:00:00+00:00
[2025-03-21T21:26:13.526+0000] {processor.py:208} INFO - Processing /home/usmail/sys_fraud/sys_detection_frauds/lib/python3.12/site-packages/airflow/example_dags/example_inlet_event_extra.py took 0.105 seconds
[2025-03-21T21:27:15.931+0000] {processor.py:186} INFO - Started process (PID=3753974) to work on /home/usmail/sys_fraud/sys_detection_frauds/lib/python3.12/site-packages/airflow/example_dags/example_inlet_event_extra.py
[2025-03-21T21:27:15.940+0000] {processor.py:914} INFO - Processing file /home/usmail/sys_fraud/sys_detection_frauds/lib/python3.12/site-packages/airflow/example_dags/example_inlet_event_extra.py for tasks to queue
[2025-03-21T21:27:15.943+0000] {logging_mixin.py:190} INFO - [2025-03-21T21:27:15.943+0000] {dagbag.py:588} INFO - Filling up the DagBag from /home/usmail/sys_fraud/sys_detection_frauds/lib/python3.12/site-packages/airflow/example_dags/example_inlet_event_extra.py
[2025-03-21T21:27:15.963+0000] {processor.py:925} INFO - DAG(s) 'read_dataset_event_from_classic', 'read_dataset_event' retrieved from /home/usmail/sys_fraud/sys_detection_frauds/lib/python3.12/site-packages/airflow/example_dags/example_inlet_event_extra.py
[2025-03-21T21:27:15.988+0000] {logging_mixin.py:190} INFO - [2025-03-21T21:27:15.988+0000] {dag.py:3239} INFO - Sync 2 DAGs
[2025-03-21T21:27:16.009+0000] {logging_mixin.py:190} INFO - [2025-03-21T21:27:16.009+0000] {dag.py:4180} INFO - Setting next_dagrun for read_dataset_event to 2025-03-20 00:00:00+00:00, run_after=2025-03-21 00:00:00+00:00
[2025-03-21T21:27:16.012+0000] {logging_mixin.py:190} INFO - [2025-03-21T21:27:16.012+0000] {dag.py:4180} INFO - Setting next_dagrun for read_dataset_event_from_classic to 2025-03-20 00:00:00+00:00, run_after=2025-03-21 00:00:00+00:00
[2025-03-21T21:27:16.026+0000] {processor.py:208} INFO - Processing /home/usmail/sys_fraud/sys_detection_frauds/lib/python3.12/site-packages/airflow/example_dags/example_inlet_event_extra.py took 0.107 seconds
[2025-03-21T21:28:18.370+0000] {processor.py:186} INFO - Started process (PID=3754625) to work on /home/usmail/sys_fraud/sys_detection_frauds/lib/python3.12/site-packages/airflow/example_dags/example_inlet_event_extra.py
[2025-03-21T21:28:18.379+0000] {processor.py:914} INFO - Processing file /home/usmail/sys_fraud/sys_detection_frauds/lib/python3.12/site-packages/airflow/example_dags/example_inlet_event_extra.py for tasks to queue
[2025-03-21T21:28:18.381+0000] {logging_mixin.py:190} INFO - [2025-03-21T21:28:18.380+0000] {dagbag.py:588} INFO - Filling up the DagBag from /home/usmail/sys_fraud/sys_detection_frauds/lib/python3.12/site-packages/airflow/example_dags/example_inlet_event_extra.py
[2025-03-21T21:28:18.394+0000] {processor.py:925} INFO - DAG(s) 'read_dataset_event', 'read_dataset_event_from_classic' retrieved from /home/usmail/sys_fraud/sys_detection_frauds/lib/python3.12/site-packages/airflow/example_dags/example_inlet_event_extra.py
[2025-03-21T21:28:18.419+0000] {logging_mixin.py:190} INFO - [2025-03-21T21:28:18.418+0000] {dag.py:3239} INFO - Sync 2 DAGs
[2025-03-21T21:28:18.442+0000] {logging_mixin.py:190} INFO - [2025-03-21T21:28:18.442+0000] {dag.py:4180} INFO - Setting next_dagrun for read_dataset_event to 2025-03-20 00:00:00+00:00, run_after=2025-03-21 00:00:00+00:00
[2025-03-21T21:28:18.445+0000] {logging_mixin.py:190} INFO - [2025-03-21T21:28:18.445+0000] {dag.py:4180} INFO - Setting next_dagrun for read_dataset_event_from_classic to 2025-03-20 00:00:00+00:00, run_after=2025-03-21 00:00:00+00:00
[2025-03-21T21:28:18.459+0000] {processor.py:208} INFO - Processing /home/usmail/sys_fraud/sys_detection_frauds/lib/python3.12/site-packages/airflow/example_dags/example_inlet_event_extra.py took 0.097 seconds
[2025-03-21T21:29:17.327+0000] {processor.py:186} INFO - Started process (PID=3755245) to work on /home/usmail/sys_fraud/sys_detection_frauds/lib/python3.12/site-packages/airflow/example_dags/example_inlet_event_extra.py
[2025-03-21T21:29:17.336+0000] {processor.py:914} INFO - Processing file /home/usmail/sys_fraud/sys_detection_frauds/lib/python3.12/site-packages/airflow/example_dags/example_inlet_event_extra.py for tasks to queue
[2025-03-21T21:29:17.339+0000] {logging_mixin.py:190} INFO - [2025-03-21T21:29:17.339+0000] {dagbag.py:588} INFO - Filling up the DagBag from /home/usmail/sys_fraud/sys_detection_frauds/lib/python3.12/site-packages/airflow/example_dags/example_inlet_event_extra.py
[2025-03-21T21:29:17.360+0000] {processor.py:925} INFO - DAG(s) 'read_dataset_event_from_classic', 'read_dataset_event' retrieved from /home/usmail/sys_fraud/sys_detection_frauds/lib/python3.12/site-packages/airflow/example_dags/example_inlet_event_extra.py
[2025-03-21T21:29:17.385+0000] {logging_mixin.py:190} INFO - [2025-03-21T21:29:17.384+0000] {dag.py:3239} INFO - Sync 2 DAGs
[2025-03-21T21:29:17.406+0000] {logging_mixin.py:190} INFO - [2025-03-21T21:29:17.406+0000] {dag.py:4180} INFO - Setting next_dagrun for read_dataset_event to 2025-03-20 00:00:00+00:00, run_after=2025-03-21 00:00:00+00:00
[2025-03-21T21:29:17.410+0000] {logging_mixin.py:190} INFO - [2025-03-21T21:29:17.410+0000] {dag.py:4180} INFO - Setting next_dagrun for read_dataset_event_from_classic to 2025-03-20 00:00:00+00:00, run_after=2025-03-21 00:00:00+00:00
[2025-03-21T21:29:17.432+0000] {processor.py:208} INFO - Processing /home/usmail/sys_fraud/sys_detection_frauds/lib/python3.12/site-packages/airflow/example_dags/example_inlet_event_extra.py took 0.117 seconds
[2025-03-21T21:30:23.384+0000] {processor.py:186} INFO - Started process (PID=3755938) to work on /home/usmail/sys_fraud/sys_detection_frauds/lib/python3.12/site-packages/airflow/example_dags/example_inlet_event_extra.py
[2025-03-21T21:30:23.393+0000] {processor.py:914} INFO - Processing file /home/usmail/sys_fraud/sys_detection_frauds/lib/python3.12/site-packages/airflow/example_dags/example_inlet_event_extra.py for tasks to queue
[2025-03-21T21:30:23.396+0000] {logging_mixin.py:190} INFO - [2025-03-21T21:30:23.396+0000] {dagbag.py:588} INFO - Filling up the DagBag from /home/usmail/sys_fraud/sys_detection_frauds/lib/python3.12/site-packages/airflow/example_dags/example_inlet_event_extra.py
[2025-03-21T21:30:23.417+0000] {processor.py:925} INFO - DAG(s) 'read_dataset_event_from_classic', 'read_dataset_event' retrieved from /home/usmail/sys_fraud/sys_detection_frauds/lib/python3.12/site-packages/airflow/example_dags/example_inlet_event_extra.py
[2025-03-21T21:30:23.442+0000] {logging_mixin.py:190} INFO - [2025-03-21T21:30:23.442+0000] {dag.py:3239} INFO - Sync 2 DAGs
[2025-03-21T21:30:23.463+0000] {logging_mixin.py:190} INFO - [2025-03-21T21:30:23.463+0000] {dag.py:4180} INFO - Setting next_dagrun for read_dataset_event to 2025-03-20 00:00:00+00:00, run_after=2025-03-21 00:00:00+00:00
[2025-03-21T21:30:23.466+0000] {logging_mixin.py:190} INFO - [2025-03-21T21:30:23.466+0000] {dag.py:4180} INFO - Setting next_dagrun for read_dataset_event_from_classic to 2025-03-20 00:00:00+00:00, run_after=2025-03-21 00:00:00+00:00
[2025-03-21T21:30:23.480+0000] {processor.py:208} INFO - Processing /home/usmail/sys_fraud/sys_detection_frauds/lib/python3.12/site-packages/airflow/example_dags/example_inlet_event_extra.py took 0.108 seconds
[2025-03-21T21:31:29.814+0000] {processor.py:186} INFO - Started process (PID=3756636) to work on /home/usmail/sys_fraud/sys_detection_frauds/lib/python3.12/site-packages/airflow/example_dags/example_inlet_event_extra.py
[2025-03-21T21:31:29.823+0000] {processor.py:914} INFO - Processing file /home/usmail/sys_fraud/sys_detection_frauds/lib/python3.12/site-packages/airflow/example_dags/example_inlet_event_extra.py for tasks to queue
[2025-03-21T21:31:29.826+0000] {logging_mixin.py:190} INFO - [2025-03-21T21:31:29.826+0000] {dagbag.py:588} INFO - Filling up the DagBag from /home/usmail/sys_fraud/sys_detection_frauds/lib/python3.12/site-packages/airflow/example_dags/example_inlet_event_extra.py
[2025-03-21T21:31:29.846+0000] {processor.py:925} INFO - DAG(s) 'read_dataset_event_from_classic', 'read_dataset_event' retrieved from /home/usmail/sys_fraud/sys_detection_frauds/lib/python3.12/site-packages/airflow/example_dags/example_inlet_event_extra.py
[2025-03-21T21:31:29.873+0000] {logging_mixin.py:190} INFO - [2025-03-21T21:31:29.872+0000] {dag.py:3239} INFO - Sync 2 DAGs
[2025-03-21T21:31:29.893+0000] {logging_mixin.py:190} INFO - [2025-03-21T21:31:29.893+0000] {dag.py:4180} INFO - Setting next_dagrun for read_dataset_event to 2025-03-20 00:00:00+00:00, run_after=2025-03-21 00:00:00+00:00
[2025-03-21T21:31:29.896+0000] {logging_mixin.py:190} INFO - [2025-03-21T21:31:29.896+0000] {dag.py:4180} INFO - Setting next_dagrun for read_dataset_event_from_classic to 2025-03-20 00:00:00+00:00, run_after=2025-03-21 00:00:00+00:00
[2025-03-21T21:31:29.910+0000] {processor.py:208} INFO - Processing /home/usmail/sys_fraud/sys_detection_frauds/lib/python3.12/site-packages/airflow/example_dags/example_inlet_event_extra.py took 0.108 seconds
[2025-03-21T21:32:34.996+0000] {processor.py:186} INFO - Started process (PID=3757320) to work on /home/usmail/sys_fraud/sys_detection_frauds/lib/python3.12/site-packages/airflow/example_dags/example_inlet_event_extra.py
[2025-03-21T21:32:35.005+0000] {processor.py:914} INFO - Processing file /home/usmail/sys_fraud/sys_detection_frauds/lib/python3.12/site-packages/airflow/example_dags/example_inlet_event_extra.py for tasks to queue
[2025-03-21T21:32:35.009+0000] {logging_mixin.py:190} INFO - [2025-03-21T21:32:35.008+0000] {dagbag.py:588} INFO - Filling up the DagBag from /home/usmail/sys_fraud/sys_detection_frauds/lib/python3.12/site-packages/airflow/example_dags/example_inlet_event_extra.py
[2025-03-21T21:32:35.029+0000] {processor.py:925} INFO - DAG(s) 'read_dataset_event_from_classic', 'read_dataset_event' retrieved from /home/usmail/sys_fraud/sys_detection_frauds/lib/python3.12/site-packages/airflow/example_dags/example_inlet_event_extra.py
[2025-03-21T21:32:35.053+0000] {logging_mixin.py:190} INFO - [2025-03-21T21:32:35.053+0000] {dag.py:3239} INFO - Sync 2 DAGs
[2025-03-21T21:32:35.076+0000] {logging_mixin.py:190} INFO - [2025-03-21T21:32:35.076+0000] {dag.py:4180} INFO - Setting next_dagrun for read_dataset_event to 2025-03-20 00:00:00+00:00, run_after=2025-03-21 00:00:00+00:00
[2025-03-21T21:32:35.079+0000] {logging_mixin.py:190} INFO - [2025-03-21T21:32:35.079+0000] {dag.py:4180} INFO - Setting next_dagrun for read_dataset_event_from_classic to 2025-03-20 00:00:00+00:00, run_after=2025-03-21 00:00:00+00:00
[2025-03-21T21:32:35.094+0000] {processor.py:208} INFO - Processing /home/usmail/sys_fraud/sys_detection_frauds/lib/python3.12/site-packages/airflow/example_dags/example_inlet_event_extra.py took 0.110 seconds
[2025-03-21T21:33:35.775+0000] {processor.py:186} INFO - Started process (PID=3757958) to work on /home/usmail/sys_fraud/sys_detection_frauds/lib/python3.12/site-packages/airflow/example_dags/example_inlet_event_extra.py
[2025-03-21T21:33:35.785+0000] {processor.py:914} INFO - Processing file /home/usmail/sys_fraud/sys_detection_frauds/lib/python3.12/site-packages/airflow/example_dags/example_inlet_event_extra.py for tasks to queue
[2025-03-21T21:33:35.789+0000] {logging_mixin.py:190} INFO - [2025-03-21T21:33:35.788+0000] {dagbag.py:588} INFO - Filling up the DagBag from /home/usmail/sys_fraud/sys_detection_frauds/lib/python3.12/site-packages/airflow/example_dags/example_inlet_event_extra.py
[2025-03-21T21:33:35.809+0000] {processor.py:925} INFO - DAG(s) 'read_dataset_event_from_classic', 'read_dataset_event' retrieved from /home/usmail/sys_fraud/sys_detection_frauds/lib/python3.12/site-packages/airflow/example_dags/example_inlet_event_extra.py
[2025-03-21T21:33:35.830+0000] {logging_mixin.py:190} INFO - [2025-03-21T21:33:35.829+0000] {dag.py:3239} INFO - Sync 2 DAGs
[2025-03-21T21:33:35.846+0000] {logging_mixin.py:190} INFO - [2025-03-21T21:33:35.846+0000] {dag.py:4180} INFO - Setting next_dagrun for read_dataset_event to 2025-03-20 00:00:00+00:00, run_after=2025-03-21 00:00:00+00:00
[2025-03-21T21:33:35.849+0000] {logging_mixin.py:190} INFO - [2025-03-21T21:33:35.849+0000] {dag.py:4180} INFO - Setting next_dagrun for read_dataset_event_from_classic to 2025-03-20 00:00:00+00:00, run_after=2025-03-21 00:00:00+00:00
[2025-03-21T21:33:35.865+0000] {processor.py:208} INFO - Processing /home/usmail/sys_fraud/sys_detection_frauds/lib/python3.12/site-packages/airflow/example_dags/example_inlet_event_extra.py took 0.101 seconds
[2025-03-21T22:19:53.328+0000] {processor.py:186} INFO - Started process (PID=3758901) to work on /home/usmail/sys_fraud/sys_detection_frauds/lib/python3.12/site-packages/airflow/example_dags/example_inlet_event_extra.py
[2025-03-21T22:19:53.338+0000] {processor.py:914} INFO - Processing file /home/usmail/sys_fraud/sys_detection_frauds/lib/python3.12/site-packages/airflow/example_dags/example_inlet_event_extra.py for tasks to queue
[2025-03-21T22:19:53.341+0000] {logging_mixin.py:190} INFO - [2025-03-21T22:19:53.340+0000] {dagbag.py:588} INFO - Filling up the DagBag from /home/usmail/sys_fraud/sys_detection_frauds/lib/python3.12/site-packages/airflow/example_dags/example_inlet_event_extra.py
[2025-03-21T22:19:53.362+0000] {processor.py:925} INFO - DAG(s) 'read_dataset_event_from_classic', 'read_dataset_event' retrieved from /home/usmail/sys_fraud/sys_detection_frauds/lib/python3.12/site-packages/airflow/example_dags/example_inlet_event_extra.py
[2025-03-21T22:19:53.386+0000] {logging_mixin.py:190} INFO - [2025-03-21T22:19:53.386+0000] {dag.py:3239} INFO - Sync 2 DAGs
[2025-03-21T22:19:53.413+0000] {logging_mixin.py:190} INFO - [2025-03-21T22:19:53.413+0000] {dag.py:4180} INFO - Setting next_dagrun for read_dataset_event to 2025-03-20 00:00:00+00:00, run_after=2025-03-21 00:00:00+00:00
[2025-03-21T22:19:53.417+0000] {logging_mixin.py:190} INFO - [2025-03-21T22:19:53.417+0000] {dag.py:4180} INFO - Setting next_dagrun for read_dataset_event_from_classic to 2025-03-20 00:00:00+00:00, run_after=2025-03-21 00:00:00+00:00
[2025-03-21T22:19:53.436+0000] {processor.py:208} INFO - Processing /home/usmail/sys_fraud/sys_detection_frauds/lib/python3.12/site-packages/airflow/example_dags/example_inlet_event_extra.py took 0.120 seconds
[2025-03-21T22:21:00.056+0000] {processor.py:186} INFO - Started process (PID=3759884) to work on /home/usmail/sys_fraud/sys_detection_frauds/lib/python3.12/site-packages/airflow/example_dags/example_inlet_event_extra.py
[2025-03-21T22:21:00.065+0000] {processor.py:914} INFO - Processing file /home/usmail/sys_fraud/sys_detection_frauds/lib/python3.12/site-packages/airflow/example_dags/example_inlet_event_extra.py for tasks to queue
[2025-03-21T22:21:00.070+0000] {logging_mixin.py:190} INFO - [2025-03-21T22:21:00.069+0000] {dagbag.py:588} INFO - Filling up the DagBag from /home/usmail/sys_fraud/sys_detection_frauds/lib/python3.12/site-packages/airflow/example_dags/example_inlet_event_extra.py
[2025-03-21T22:21:00.099+0000] {processor.py:925} INFO - DAG(s) 'read_dataset_event', 'read_dataset_event_from_classic' retrieved from /home/usmail/sys_fraud/sys_detection_frauds/lib/python3.12/site-packages/airflow/example_dags/example_inlet_event_extra.py
[2025-03-21T22:21:00.119+0000] {logging_mixin.py:190} INFO - [2025-03-21T22:21:00.119+0000] {dag.py:3239} INFO - Sync 2 DAGs
[2025-03-21T22:21:00.138+0000] {logging_mixin.py:190} INFO - [2025-03-21T22:21:00.138+0000] {dag.py:4180} INFO - Setting next_dagrun for read_dataset_event to 2025-03-20 00:00:00+00:00, run_after=2025-03-21 00:00:00+00:00
[2025-03-21T22:21:00.142+0000] {logging_mixin.py:190} INFO - [2025-03-21T22:21:00.141+0000] {dag.py:4180} INFO - Setting next_dagrun for read_dataset_event_from_classic to 2025-03-20 00:00:00+00:00, run_after=2025-03-21 00:00:00+00:00
[2025-03-21T22:21:00.172+0000] {processor.py:208} INFO - Processing /home/usmail/sys_fraud/sys_detection_frauds/lib/python3.12/site-packages/airflow/example_dags/example_inlet_event_extra.py took 0.131 seconds
[2025-03-21T22:22:01.231+0000] {processor.py:186} INFO - Started process (PID=3760743) to work on /home/usmail/sys_fraud/sys_detection_frauds/lib/python3.12/site-packages/airflow/example_dags/example_inlet_event_extra.py
[2025-03-21T22:22:01.233+0000] {processor.py:914} INFO - Processing file /home/usmail/sys_fraud/sys_detection_frauds/lib/python3.12/site-packages/airflow/example_dags/example_inlet_event_extra.py for tasks to queue
[2025-03-21T22:22:01.235+0000] {logging_mixin.py:190} INFO - [2025-03-21T22:22:01.235+0000] {dagbag.py:588} INFO - Filling up the DagBag from /home/usmail/sys_fraud/sys_detection_frauds/lib/python3.12/site-packages/airflow/example_dags/example_inlet_event_extra.py
[2025-03-21T22:22:01.258+0000] {processor.py:925} INFO - DAG(s) 'read_dataset_event', 'read_dataset_event_from_classic' retrieved from /home/usmail/sys_fraud/sys_detection_frauds/lib/python3.12/site-packages/airflow/example_dags/example_inlet_event_extra.py
[2025-03-21T22:22:01.291+0000] {logging_mixin.py:190} INFO - [2025-03-21T22:22:01.291+0000] {dag.py:3239} INFO - Sync 2 DAGs
[2025-03-21T22:22:01.331+0000] {logging_mixin.py:190} INFO - [2025-03-21T22:22:01.331+0000] {dag.py:4180} INFO - Setting next_dagrun for read_dataset_event to 2025-03-20 00:00:00+00:00, run_after=2025-03-21 00:00:00+00:00
[2025-03-21T22:22:01.338+0000] {logging_mixin.py:190} INFO - [2025-03-21T22:22:01.338+0000] {dag.py:4180} INFO - Setting next_dagrun for read_dataset_event_from_classic to 2025-03-20 00:00:00+00:00, run_after=2025-03-21 00:00:00+00:00
[2025-03-21T22:22:01.374+0000] {processor.py:208} INFO - Processing /home/usmail/sys_fraud/sys_detection_frauds/lib/python3.12/site-packages/airflow/example_dags/example_inlet_event_extra.py took 0.157 seconds
