[2025-03-21T20:50:04.301+0000] {processor.py:186} INFO - Started process (PID=3723325) to work on /home/usmail/sys_fraud/sys_detection_frauds/lib/python3.12/site-packages/airflow/example_dags/example_branch_python_dop_operator_3.py
[2025-03-21T20:50:04.301+0000] {processor.py:914} INFO - Processing file /home/usmail/sys_fraud/sys_detection_frauds/lib/python3.12/site-packages/airflow/example_dags/example_branch_python_dop_operator_3.py for tasks to queue
[2025-03-21T20:50:04.303+0000] {logging_mixin.py:190} INFO - [2025-03-21T20:50:04.303+0000] {dagbag.py:588} INFO - Filling up the DagBag from /home/usmail/sys_fraud/sys_detection_frauds/lib/python3.12/site-packages/airflow/example_dags/example_branch_python_dop_operator_3.py
[2025-03-21T20:50:04.312+0000] {processor.py:925} INFO - DAG(s) 'example_branch_dop_operator_v3' retrieved from /home/usmail/sys_fraud/sys_detection_frauds/lib/python3.12/site-packages/airflow/example_dags/example_branch_python_dop_operator_3.py
[2025-03-21T20:50:04.391+0000] {logging_mixin.py:190} INFO - [2025-03-21T20:50:04.391+0000] {override.py:1912} INFO - Created Permission View: can edit on DAG:example_branch_dop_operator_v3
[2025-03-21T20:50:04.399+0000] {logging_mixin.py:190} INFO - [2025-03-21T20:50:04.399+0000] {override.py:1912} INFO - Created Permission View: can read on DAG:example_branch_dop_operator_v3
[2025-03-21T20:50:04.405+0000] {logging_mixin.py:190} INFO - [2025-03-21T20:50:04.405+0000] {override.py:1912} INFO - Created Permission View: can delete on DAG:example_branch_dop_operator_v3
[2025-03-21T20:50:04.414+0000] {logging_mixin.py:190} INFO - [2025-03-21T20:50:04.414+0000] {override.py:1912} INFO - Created Permission View: can create on DAG Run:example_branch_dop_operator_v3
[2025-03-21T20:50:04.420+0000] {logging_mixin.py:190} INFO - [2025-03-21T20:50:04.420+0000] {override.py:1912} INFO - Created Permission View: menu access on DAG Run:example_branch_dop_operator_v3
[2025-03-21T20:50:04.426+0000] {logging_mixin.py:190} INFO - [2025-03-21T20:50:04.426+0000] {override.py:1912} INFO - Created Permission View: can read on DAG Run:example_branch_dop_operator_v3
[2025-03-21T20:50:04.432+0000] {logging_mixin.py:190} INFO - [2025-03-21T20:50:04.431+0000] {override.py:1912} INFO - Created Permission View: can delete on DAG Run:example_branch_dop_operator_v3
[2025-03-21T20:50:04.432+0000] {logging_mixin.py:190} INFO - [2025-03-21T20:50:04.432+0000] {dag.py:3239} INFO - Sync 1 DAGs
[2025-03-21T20:50:04.440+0000] {logging_mixin.py:190} INFO - [2025-03-21T20:50:04.440+0000] {dag.py:3262} INFO - Creating ORM DAG for example_branch_dop_operator_v3
[2025-03-21T20:50:04.447+0000] {logging_mixin.py:190} INFO - [2025-03-21T20:50:04.447+0000] {dag.py:4180} INFO - Setting next_dagrun for example_branch_dop_operator_v3 to 2025-03-21 20:49:00+00:00, run_after=2025-03-21 20:50:00+00:00
[2025-03-21T20:50:04.462+0000] {processor.py:208} INFO - Processing /home/usmail/sys_fraud/sys_detection_frauds/lib/python3.12/site-packages/airflow/example_dags/example_branch_python_dop_operator_3.py took 0.164 seconds
[2025-03-21T20:51:05.239+0000] {processor.py:186} INFO - Started process (PID=3724037) to work on /home/usmail/sys_fraud/sys_detection_frauds/lib/python3.12/site-packages/airflow/example_dags/example_branch_python_dop_operator_3.py
[2025-03-21T20:51:05.240+0000] {processor.py:914} INFO - Processing file /home/usmail/sys_fraud/sys_detection_frauds/lib/python3.12/site-packages/airflow/example_dags/example_branch_python_dop_operator_3.py for tasks to queue
[2025-03-21T20:51:05.241+0000] {logging_mixin.py:190} INFO - [2025-03-21T20:51:05.241+0000] {dagbag.py:588} INFO - Filling up the DagBag from /home/usmail/sys_fraud/sys_detection_frauds/lib/python3.12/site-packages/airflow/example_dags/example_branch_python_dop_operator_3.py
[2025-03-21T20:51:05.247+0000] {processor.py:925} INFO - DAG(s) 'example_branch_dop_operator_v3' retrieved from /home/usmail/sys_fraud/sys_detection_frauds/lib/python3.12/site-packages/airflow/example_dags/example_branch_python_dop_operator_3.py
[2025-03-21T20:51:05.255+0000] {logging_mixin.py:190} INFO - [2025-03-21T20:51:05.255+0000] {dag.py:3239} INFO - Sync 1 DAGs
[2025-03-21T20:51:05.268+0000] {logging_mixin.py:190} INFO - [2025-03-21T20:51:05.268+0000] {dag.py:4180} INFO - Setting next_dagrun for example_branch_dop_operator_v3 to 2025-03-21 20:50:00+00:00, run_after=2025-03-21 20:51:00+00:00
[2025-03-21T20:51:05.284+0000] {processor.py:208} INFO - Processing /home/usmail/sys_fraud/sys_detection_frauds/lib/python3.12/site-packages/airflow/example_dags/example_branch_python_dop_operator_3.py took 0.048 seconds
[2025-03-21T20:51:58.770+0000] {processor.py:186} INFO - Started process (PID=3724745) to work on /home/usmail/sys_fraud/sys_detection_frauds/lib/python3.12/site-packages/airflow/example_dags/example_branch_python_dop_operator_3.py
[2025-03-21T20:51:58.778+0000] {processor.py:914} INFO - Processing file /home/usmail/sys_fraud/sys_detection_frauds/lib/python3.12/site-packages/airflow/example_dags/example_branch_python_dop_operator_3.py for tasks to queue
[2025-03-21T20:51:58.780+0000] {logging_mixin.py:190} INFO - [2025-03-21T20:51:58.780+0000] {dagbag.py:588} INFO - Filling up the DagBag from /home/usmail/sys_fraud/sys_detection_frauds/lib/python3.12/site-packages/airflow/example_dags/example_branch_python_dop_operator_3.py
[2025-03-21T20:51:58.787+0000] {processor.py:925} INFO - DAG(s) 'example_branch_dop_operator_v3' retrieved from /home/usmail/sys_fraud/sys_detection_frauds/lib/python3.12/site-packages/airflow/example_dags/example_branch_python_dop_operator_3.py
[2025-03-21T20:51:58.796+0000] {logging_mixin.py:190} INFO - [2025-03-21T20:51:58.796+0000] {dag.py:3239} INFO - Sync 1 DAGs
[2025-03-21T20:51:58.810+0000] {logging_mixin.py:190} INFO - [2025-03-21T20:51:58.810+0000] {dag.py:4180} INFO - Setting next_dagrun for example_branch_dop_operator_v3 to 2025-03-21 20:50:00+00:00, run_after=2025-03-21 20:51:00+00:00
[2025-03-21T20:51:58.838+0000] {processor.py:208} INFO - Processing /home/usmail/sys_fraud/sys_detection_frauds/lib/python3.12/site-packages/airflow/example_dags/example_branch_python_dop_operator_3.py took 0.074 seconds
[2025-03-21T20:52:54.768+0000] {processor.py:186} INFO - Started process (PID=3725340) to work on /home/usmail/sys_fraud/sys_detection_frauds/lib/python3.12/site-packages/airflow/example_dags/example_branch_python_dop_operator_3.py
[2025-03-21T20:52:54.777+0000] {processor.py:914} INFO - Processing file /home/usmail/sys_fraud/sys_detection_frauds/lib/python3.12/site-packages/airflow/example_dags/example_branch_python_dop_operator_3.py for tasks to queue
[2025-03-21T20:52:54.779+0000] {logging_mixin.py:190} INFO - [2025-03-21T20:52:54.779+0000] {dagbag.py:588} INFO - Filling up the DagBag from /home/usmail/sys_fraud/sys_detection_frauds/lib/python3.12/site-packages/airflow/example_dags/example_branch_python_dop_operator_3.py
[2025-03-21T20:52:54.789+0000] {processor.py:925} INFO - DAG(s) 'example_branch_dop_operator_v3' retrieved from /home/usmail/sys_fraud/sys_detection_frauds/lib/python3.12/site-packages/airflow/example_dags/example_branch_python_dop_operator_3.py
[2025-03-21T20:52:54.797+0000] {logging_mixin.py:190} INFO - [2025-03-21T20:52:54.797+0000] {dag.py:3239} INFO - Sync 1 DAGs
[2025-03-21T20:52:54.812+0000] {logging_mixin.py:190} INFO - [2025-03-21T20:52:54.812+0000] {dag.py:4180} INFO - Setting next_dagrun for example_branch_dop_operator_v3 to 2025-03-21 20:51:00+00:00, run_after=2025-03-21 20:52:00+00:00
[2025-03-21T20:52:54.826+0000] {processor.py:208} INFO - Processing /home/usmail/sys_fraud/sys_detection_frauds/lib/python3.12/site-packages/airflow/example_dags/example_branch_python_dop_operator_3.py took 0.065 seconds
[2025-03-21T20:53:47.528+0000] {processor.py:186} INFO - Started process (PID=3726019) to work on /home/usmail/sys_fraud/sys_detection_frauds/lib/python3.12/site-packages/airflow/example_dags/example_branch_python_dop_operator_3.py
[2025-03-21T20:53:47.538+0000] {processor.py:914} INFO - Processing file /home/usmail/sys_fraud/sys_detection_frauds/lib/python3.12/site-packages/airflow/example_dags/example_branch_python_dop_operator_3.py for tasks to queue
[2025-03-21T20:53:47.541+0000] {logging_mixin.py:190} INFO - [2025-03-21T20:53:47.540+0000] {dagbag.py:588} INFO - Filling up the DagBag from /home/usmail/sys_fraud/sys_detection_frauds/lib/python3.12/site-packages/airflow/example_dags/example_branch_python_dop_operator_3.py
[2025-03-21T20:53:47.552+0000] {processor.py:925} INFO - DAG(s) 'example_branch_dop_operator_v3' retrieved from /home/usmail/sys_fraud/sys_detection_frauds/lib/python3.12/site-packages/airflow/example_dags/example_branch_python_dop_operator_3.py
[2025-03-21T20:53:47.560+0000] {logging_mixin.py:190} INFO - [2025-03-21T20:53:47.560+0000] {dag.py:3239} INFO - Sync 1 DAGs
[2025-03-21T20:53:47.573+0000] {logging_mixin.py:190} INFO - [2025-03-21T20:53:47.573+0000] {dag.py:4180} INFO - Setting next_dagrun for example_branch_dop_operator_v3 to 2025-03-21 20:52:00+00:00, run_after=2025-03-21 20:53:00+00:00
[2025-03-21T20:53:47.589+0000] {processor.py:208} INFO - Processing /home/usmail/sys_fraud/sys_detection_frauds/lib/python3.12/site-packages/airflow/example_dags/example_branch_python_dop_operator_3.py took 0.068 seconds
[2025-03-21T20:54:42.282+0000] {processor.py:186} INFO - Started process (PID=3726696) to work on /home/usmail/sys_fraud/sys_detection_frauds/lib/python3.12/site-packages/airflow/example_dags/example_branch_python_dop_operator_3.py
[2025-03-21T20:54:42.291+0000] {processor.py:914} INFO - Processing file /home/usmail/sys_fraud/sys_detection_frauds/lib/python3.12/site-packages/airflow/example_dags/example_branch_python_dop_operator_3.py for tasks to queue
[2025-03-21T20:54:42.294+0000] {logging_mixin.py:190} INFO - [2025-03-21T20:54:42.294+0000] {dagbag.py:588} INFO - Filling up the DagBag from /home/usmail/sys_fraud/sys_detection_frauds/lib/python3.12/site-packages/airflow/example_dags/example_branch_python_dop_operator_3.py
[2025-03-21T20:54:42.306+0000] {processor.py:925} INFO - DAG(s) 'example_branch_dop_operator_v3' retrieved from /home/usmail/sys_fraud/sys_detection_frauds/lib/python3.12/site-packages/airflow/example_dags/example_branch_python_dop_operator_3.py
[2025-03-21T20:54:42.314+0000] {logging_mixin.py:190} INFO - [2025-03-21T20:54:42.314+0000] {dag.py:3239} INFO - Sync 1 DAGs
[2025-03-21T20:54:42.327+0000] {logging_mixin.py:190} INFO - [2025-03-21T20:54:42.327+0000] {dag.py:4180} INFO - Setting next_dagrun for example_branch_dop_operator_v3 to 2025-03-21 20:53:00+00:00, run_after=2025-03-21 20:54:00+00:00
[2025-03-21T20:54:42.341+0000] {processor.py:208} INFO - Processing /home/usmail/sys_fraud/sys_detection_frauds/lib/python3.12/site-packages/airflow/example_dags/example_branch_python_dop_operator_3.py took 0.064 seconds
[2025-03-21T20:55:32.966+0000] {processor.py:186} INFO - Started process (PID=3727305) to work on /home/usmail/sys_fraud/sys_detection_frauds/lib/python3.12/site-packages/airflow/example_dags/example_branch_python_dop_operator_3.py
[2025-03-21T20:55:32.975+0000] {processor.py:914} INFO - Processing file /home/usmail/sys_fraud/sys_detection_frauds/lib/python3.12/site-packages/airflow/example_dags/example_branch_python_dop_operator_3.py for tasks to queue
[2025-03-21T20:55:32.977+0000] {logging_mixin.py:190} INFO - [2025-03-21T20:55:32.976+0000] {dagbag.py:588} INFO - Filling up the DagBag from /home/usmail/sys_fraud/sys_detection_frauds/lib/python3.12/site-packages/airflow/example_dags/example_branch_python_dop_operator_3.py
[2025-03-21T20:55:32.987+0000] {processor.py:925} INFO - DAG(s) 'example_branch_dop_operator_v3' retrieved from /home/usmail/sys_fraud/sys_detection_frauds/lib/python3.12/site-packages/airflow/example_dags/example_branch_python_dop_operator_3.py
[2025-03-21T20:55:32.996+0000] {logging_mixin.py:190} INFO - [2025-03-21T20:55:32.996+0000] {dag.py:3239} INFO - Sync 1 DAGs
[2025-03-21T20:55:33.010+0000] {logging_mixin.py:190} INFO - [2025-03-21T20:55:33.010+0000] {dag.py:4180} INFO - Setting next_dagrun for example_branch_dop_operator_v3 to 2025-03-21 20:54:00+00:00, run_after=2025-03-21 20:55:00+00:00
[2025-03-21T20:55:33.032+0000] {processor.py:208} INFO - Processing /home/usmail/sys_fraud/sys_detection_frauds/lib/python3.12/site-packages/airflow/example_dags/example_branch_python_dop_operator_3.py took 0.071 seconds
[2025-03-21T20:56:24.145+0000] {processor.py:186} INFO - Started process (PID=3728001) to work on /home/usmail/sys_fraud/sys_detection_frauds/lib/python3.12/site-packages/airflow/example_dags/example_branch_python_dop_operator_3.py
[2025-03-21T20:56:24.154+0000] {processor.py:914} INFO - Processing file /home/usmail/sys_fraud/sys_detection_frauds/lib/python3.12/site-packages/airflow/example_dags/example_branch_python_dop_operator_3.py for tasks to queue
[2025-03-21T20:56:24.158+0000] {logging_mixin.py:190} INFO - [2025-03-21T20:56:24.157+0000] {dagbag.py:588} INFO - Filling up the DagBag from /home/usmail/sys_fraud/sys_detection_frauds/lib/python3.12/site-packages/airflow/example_dags/example_branch_python_dop_operator_3.py
[2025-03-21T20:56:24.168+0000] {processor.py:925} INFO - DAG(s) 'example_branch_dop_operator_v3' retrieved from /home/usmail/sys_fraud/sys_detection_frauds/lib/python3.12/site-packages/airflow/example_dags/example_branch_python_dop_operator_3.py
[2025-03-21T20:56:24.176+0000] {logging_mixin.py:190} INFO - [2025-03-21T20:56:24.176+0000] {dag.py:3239} INFO - Sync 1 DAGs
[2025-03-21T20:56:24.189+0000] {logging_mixin.py:190} INFO - [2025-03-21T20:56:24.189+0000] {dag.py:4180} INFO - Setting next_dagrun for example_branch_dop_operator_v3 to 2025-03-21 20:55:00+00:00, run_after=2025-03-21 20:56:00+00:00
[2025-03-21T20:56:24.214+0000] {processor.py:208} INFO - Processing /home/usmail/sys_fraud/sys_detection_frauds/lib/python3.12/site-packages/airflow/example_dags/example_branch_python_dop_operator_3.py took 0.073 seconds
[2025-03-21T20:57:16.981+0000] {processor.py:186} INFO - Started process (PID=3728806) to work on /home/usmail/sys_fraud/sys_detection_frauds/lib/python3.12/site-packages/airflow/example_dags/example_branch_python_dop_operator_3.py
[2025-03-21T20:57:16.982+0000] {processor.py:914} INFO - Processing file /home/usmail/sys_fraud/sys_detection_frauds/lib/python3.12/site-packages/airflow/example_dags/example_branch_python_dop_operator_3.py for tasks to queue
[2025-03-21T20:57:16.985+0000] {logging_mixin.py:190} INFO - [2025-03-21T20:57:16.984+0000] {dagbag.py:588} INFO - Filling up the DagBag from /home/usmail/sys_fraud/sys_detection_frauds/lib/python3.12/site-packages/airflow/example_dags/example_branch_python_dop_operator_3.py
[2025-03-21T20:57:16.991+0000] {processor.py:925} INFO - DAG(s) 'example_branch_dop_operator_v3' retrieved from /home/usmail/sys_fraud/sys_detection_frauds/lib/python3.12/site-packages/airflow/example_dags/example_branch_python_dop_operator_3.py
[2025-03-21T20:57:17.003+0000] {logging_mixin.py:190} INFO - [2025-03-21T20:57:17.002+0000] {dag.py:3239} INFO - Sync 1 DAGs
[2025-03-21T20:57:17.019+0000] {logging_mixin.py:190} INFO - [2025-03-21T20:57:17.019+0000] {dag.py:4180} INFO - Setting next_dagrun for example_branch_dop_operator_v3 to 2025-03-21 20:56:00+00:00, run_after=2025-03-21 20:57:00+00:00
[2025-03-21T20:57:17.034+0000] {processor.py:208} INFO - Processing /home/usmail/sys_fraud/sys_detection_frauds/lib/python3.12/site-packages/airflow/example_dags/example_branch_python_dop_operator_3.py took 0.058 seconds
[2025-03-21T20:58:09.054+0000] {processor.py:186} INFO - Started process (PID=3729342) to work on /home/usmail/sys_fraud/sys_detection_frauds/lib/python3.12/site-packages/airflow/example_dags/example_branch_python_dop_operator_3.py
[2025-03-21T20:58:09.064+0000] {processor.py:914} INFO - Processing file /home/usmail/sys_fraud/sys_detection_frauds/lib/python3.12/site-packages/airflow/example_dags/example_branch_python_dop_operator_3.py for tasks to queue
[2025-03-21T20:58:09.067+0000] {logging_mixin.py:190} INFO - [2025-03-21T20:58:09.067+0000] {dagbag.py:588} INFO - Filling up the DagBag from /home/usmail/sys_fraud/sys_detection_frauds/lib/python3.12/site-packages/airflow/example_dags/example_branch_python_dop_operator_3.py
[2025-03-21T20:58:09.079+0000] {processor.py:925} INFO - DAG(s) 'example_branch_dop_operator_v3' retrieved from /home/usmail/sys_fraud/sys_detection_frauds/lib/python3.12/site-packages/airflow/example_dags/example_branch_python_dop_operator_3.py
[2025-03-21T20:58:09.088+0000] {logging_mixin.py:190} INFO - [2025-03-21T20:58:09.088+0000] {dag.py:3239} INFO - Sync 1 DAGs
[2025-03-21T20:58:09.103+0000] {logging_mixin.py:190} INFO - [2025-03-21T20:58:09.103+0000] {dag.py:4180} INFO - Setting next_dagrun for example_branch_dop_operator_v3 to 2025-03-21 20:57:00+00:00, run_after=2025-03-21 20:58:00+00:00
[2025-03-21T20:58:09.118+0000] {processor.py:208} INFO - Processing /home/usmail/sys_fraud/sys_detection_frauds/lib/python3.12/site-packages/airflow/example_dags/example_branch_python_dop_operator_3.py took 0.072 seconds
[2025-03-21T20:59:55.553+0000] {processor.py:186} INFO - Started process (PID=3730803) to work on /home/usmail/sys_fraud/sys_detection_frauds/lib/python3.12/site-packages/airflow/example_dags/example_branch_python_dop_operator_3.py
[2025-03-21T20:59:55.562+0000] {processor.py:914} INFO - Processing file /home/usmail/sys_fraud/sys_detection_frauds/lib/python3.12/site-packages/airflow/example_dags/example_branch_python_dop_operator_3.py for tasks to queue
[2025-03-21T20:59:55.564+0000] {logging_mixin.py:190} INFO - [2025-03-21T20:59:55.564+0000] {dagbag.py:588} INFO - Filling up the DagBag from /home/usmail/sys_fraud/sys_detection_frauds/lib/python3.12/site-packages/airflow/example_dags/example_branch_python_dop_operator_3.py
[2025-03-21T20:59:55.575+0000] {processor.py:925} INFO - DAG(s) 'example_branch_dop_operator_v3' retrieved from /home/usmail/sys_fraud/sys_detection_frauds/lib/python3.12/site-packages/airflow/example_dags/example_branch_python_dop_operator_3.py
[2025-03-21T20:59:55.583+0000] {logging_mixin.py:190} INFO - [2025-03-21T20:59:55.583+0000] {dag.py:3239} INFO - Sync 1 DAGs
[2025-03-21T20:59:55.599+0000] {logging_mixin.py:190} INFO - [2025-03-21T20:59:55.598+0000] {dag.py:4180} INFO - Setting next_dagrun for example_branch_dop_operator_v3 to 2025-03-21 20:58:00+00:00, run_after=2025-03-21 20:59:00+00:00
[2025-03-21T20:59:55.613+0000] {processor.py:208} INFO - Processing /home/usmail/sys_fraud/sys_detection_frauds/lib/python3.12/site-packages/airflow/example_dags/example_branch_python_dop_operator_3.py took 0.065 seconds
[2025-03-21T21:00:53.719+0000] {processor.py:186} INFO - Started process (PID=3731547) to work on /home/usmail/sys_fraud/sys_detection_frauds/lib/python3.12/site-packages/airflow/example_dags/example_branch_python_dop_operator_3.py
[2025-03-21T21:00:53.728+0000] {processor.py:914} INFO - Processing file /home/usmail/sys_fraud/sys_detection_frauds/lib/python3.12/site-packages/airflow/example_dags/example_branch_python_dop_operator_3.py for tasks to queue
[2025-03-21T21:00:53.730+0000] {logging_mixin.py:190} INFO - [2025-03-21T21:00:53.729+0000] {dagbag.py:588} INFO - Filling up the DagBag from /home/usmail/sys_fraud/sys_detection_frauds/lib/python3.12/site-packages/airflow/example_dags/example_branch_python_dop_operator_3.py
[2025-03-21T21:00:53.740+0000] {processor.py:925} INFO - DAG(s) 'example_branch_dop_operator_v3' retrieved from /home/usmail/sys_fraud/sys_detection_frauds/lib/python3.12/site-packages/airflow/example_dags/example_branch_python_dop_operator_3.py
[2025-03-21T21:00:53.749+0000] {logging_mixin.py:190} INFO - [2025-03-21T21:00:53.749+0000] {dag.py:3239} INFO - Sync 1 DAGs
[2025-03-21T21:00:53.764+0000] {logging_mixin.py:190} INFO - [2025-03-21T21:00:53.763+0000] {dag.py:4180} INFO - Setting next_dagrun for example_branch_dop_operator_v3 to 2025-03-21 20:59:00+00:00, run_after=2025-03-21 21:00:00+00:00
[2025-03-21T21:00:53.784+0000] {processor.py:208} INFO - Processing /home/usmail/sys_fraud/sys_detection_frauds/lib/python3.12/site-packages/airflow/example_dags/example_branch_python_dop_operator_3.py took 0.076 seconds
[2025-03-21T21:01:48.276+0000] {processor.py:186} INFO - Started process (PID=3732231) to work on /home/usmail/sys_fraud/sys_detection_frauds/lib/python3.12/site-packages/airflow/example_dags/example_branch_python_dop_operator_3.py
[2025-03-21T21:01:48.285+0000] {processor.py:914} INFO - Processing file /home/usmail/sys_fraud/sys_detection_frauds/lib/python3.12/site-packages/airflow/example_dags/example_branch_python_dop_operator_3.py for tasks to queue
[2025-03-21T21:01:48.288+0000] {logging_mixin.py:190} INFO - [2025-03-21T21:01:48.287+0000] {dagbag.py:588} INFO - Filling up the DagBag from /home/usmail/sys_fraud/sys_detection_frauds/lib/python3.12/site-packages/airflow/example_dags/example_branch_python_dop_operator_3.py
[2025-03-21T21:01:48.300+0000] {processor.py:925} INFO - DAG(s) 'example_branch_dop_operator_v3' retrieved from /home/usmail/sys_fraud/sys_detection_frauds/lib/python3.12/site-packages/airflow/example_dags/example_branch_python_dop_operator_3.py
[2025-03-21T21:01:48.308+0000] {logging_mixin.py:190} INFO - [2025-03-21T21:01:48.308+0000] {dag.py:3239} INFO - Sync 1 DAGs
[2025-03-21T21:01:48.321+0000] {logging_mixin.py:190} INFO - [2025-03-21T21:01:48.320+0000] {dag.py:4180} INFO - Setting next_dagrun for example_branch_dop_operator_v3 to 2025-03-21 21:00:00+00:00, run_after=2025-03-21 21:01:00+00:00
[2025-03-21T21:01:48.340+0000] {processor.py:208} INFO - Processing /home/usmail/sys_fraud/sys_detection_frauds/lib/python3.12/site-packages/airflow/example_dags/example_branch_python_dop_operator_3.py took 0.073 seconds
[2025-03-21T21:02:45.230+0000] {processor.py:186} INFO - Started process (PID=3732935) to work on /home/usmail/sys_fraud/sys_detection_frauds/lib/python3.12/site-packages/airflow/example_dags/example_branch_python_dop_operator_3.py
[2025-03-21T21:02:45.238+0000] {processor.py:914} INFO - Processing file /home/usmail/sys_fraud/sys_detection_frauds/lib/python3.12/site-packages/airflow/example_dags/example_branch_python_dop_operator_3.py for tasks to queue
[2025-03-21T21:02:45.239+0000] {logging_mixin.py:190} INFO - [2025-03-21T21:02:45.239+0000] {dagbag.py:588} INFO - Filling up the DagBag from /home/usmail/sys_fraud/sys_detection_frauds/lib/python3.12/site-packages/airflow/example_dags/example_branch_python_dop_operator_3.py
[2025-03-21T21:02:45.247+0000] {processor.py:925} INFO - DAG(s) 'example_branch_dop_operator_v3' retrieved from /home/usmail/sys_fraud/sys_detection_frauds/lib/python3.12/site-packages/airflow/example_dags/example_branch_python_dop_operator_3.py
[2025-03-21T21:02:45.255+0000] {logging_mixin.py:190} INFO - [2025-03-21T21:02:45.255+0000] {dag.py:3239} INFO - Sync 1 DAGs
[2025-03-21T21:02:45.268+0000] {logging_mixin.py:190} INFO - [2025-03-21T21:02:45.268+0000] {dag.py:4180} INFO - Setting next_dagrun for example_branch_dop_operator_v3 to 2025-03-21 21:01:00+00:00, run_after=2025-03-21 21:02:00+00:00
[2025-03-21T21:02:45.289+0000] {processor.py:208} INFO - Processing /home/usmail/sys_fraud/sys_detection_frauds/lib/python3.12/site-packages/airflow/example_dags/example_branch_python_dop_operator_3.py took 0.067 seconds
[2025-03-21T21:03:38.219+0000] {processor.py:186} INFO - Started process (PID=3733666) to work on /home/usmail/sys_fraud/sys_detection_frauds/lib/python3.12/site-packages/airflow/example_dags/example_branch_python_dop_operator_3.py
[2025-03-21T21:03:38.228+0000] {processor.py:914} INFO - Processing file /home/usmail/sys_fraud/sys_detection_frauds/lib/python3.12/site-packages/airflow/example_dags/example_branch_python_dop_operator_3.py for tasks to queue
[2025-03-21T21:03:38.231+0000] {logging_mixin.py:190} INFO - [2025-03-21T21:03:38.231+0000] {dagbag.py:588} INFO - Filling up the DagBag from /home/usmail/sys_fraud/sys_detection_frauds/lib/python3.12/site-packages/airflow/example_dags/example_branch_python_dop_operator_3.py
[2025-03-21T21:03:38.242+0000] {processor.py:925} INFO - DAG(s) 'example_branch_dop_operator_v3' retrieved from /home/usmail/sys_fraud/sys_detection_frauds/lib/python3.12/site-packages/airflow/example_dags/example_branch_python_dop_operator_3.py
[2025-03-21T21:03:38.253+0000] {logging_mixin.py:190} INFO - [2025-03-21T21:03:38.252+0000] {dag.py:3239} INFO - Sync 1 DAGs
[2025-03-21T21:03:38.267+0000] {logging_mixin.py:190} INFO - [2025-03-21T21:03:38.267+0000] {dag.py:4180} INFO - Setting next_dagrun for example_branch_dop_operator_v3 to 2025-03-21 21:02:00+00:00, run_after=2025-03-21 21:03:00+00:00
[2025-03-21T21:03:38.372+0000] {processor.py:208} INFO - Processing /home/usmail/sys_fraud/sys_detection_frauds/lib/python3.12/site-packages/airflow/example_dags/example_branch_python_dop_operator_3.py took 0.160 seconds
[2025-03-21T21:04:33.740+0000] {processor.py:186} INFO - Started process (PID=3734414) to work on /home/usmail/sys_fraud/sys_detection_frauds/lib/python3.12/site-packages/airflow/example_dags/example_branch_python_dop_operator_3.py
[2025-03-21T21:04:33.741+0000] {processor.py:914} INFO - Processing file /home/usmail/sys_fraud/sys_detection_frauds/lib/python3.12/site-packages/airflow/example_dags/example_branch_python_dop_operator_3.py for tasks to queue
[2025-03-21T21:04:33.742+0000] {logging_mixin.py:190} INFO - [2025-03-21T21:04:33.741+0000] {dagbag.py:588} INFO - Filling up the DagBag from /home/usmail/sys_fraud/sys_detection_frauds/lib/python3.12/site-packages/airflow/example_dags/example_branch_python_dop_operator_3.py
[2025-03-21T21:04:33.748+0000] {processor.py:925} INFO - DAG(s) 'example_branch_dop_operator_v3' retrieved from /home/usmail/sys_fraud/sys_detection_frauds/lib/python3.12/site-packages/airflow/example_dags/example_branch_python_dop_operator_3.py
[2025-03-21T21:04:33.756+0000] {logging_mixin.py:190} INFO - [2025-03-21T21:04:33.756+0000] {dag.py:3239} INFO - Sync 1 DAGs
[2025-03-21T21:04:33.769+0000] {logging_mixin.py:190} INFO - [2025-03-21T21:04:33.769+0000] {dag.py:4180} INFO - Setting next_dagrun for example_branch_dop_operator_v3 to 2025-03-21 21:03:00+00:00, run_after=2025-03-21 21:04:00+00:00
[2025-03-21T21:04:33.786+0000] {processor.py:208} INFO - Processing /home/usmail/sys_fraud/sys_detection_frauds/lib/python3.12/site-packages/airflow/example_dags/example_branch_python_dop_operator_3.py took 0.051 seconds
[2025-03-21T21:05:27.093+0000] {processor.py:186} INFO - Started process (PID=3735265) to work on /home/usmail/sys_fraud/sys_detection_frauds/lib/python3.12/site-packages/airflow/example_dags/example_branch_python_dop_operator_3.py
[2025-03-21T21:05:27.101+0000] {processor.py:914} INFO - Processing file /home/usmail/sys_fraud/sys_detection_frauds/lib/python3.12/site-packages/airflow/example_dags/example_branch_python_dop_operator_3.py for tasks to queue
[2025-03-21T21:05:27.103+0000] {logging_mixin.py:190} INFO - [2025-03-21T21:05:27.102+0000] {dagbag.py:588} INFO - Filling up the DagBag from /home/usmail/sys_fraud/sys_detection_frauds/lib/python3.12/site-packages/airflow/example_dags/example_branch_python_dop_operator_3.py
[2025-03-21T21:05:27.110+0000] {processor.py:925} INFO - DAG(s) 'example_branch_dop_operator_v3' retrieved from /home/usmail/sys_fraud/sys_detection_frauds/lib/python3.12/site-packages/airflow/example_dags/example_branch_python_dop_operator_3.py
[2025-03-21T21:05:27.118+0000] {logging_mixin.py:190} INFO - [2025-03-21T21:05:27.118+0000] {dag.py:3239} INFO - Sync 1 DAGs
[2025-03-21T21:05:27.131+0000] {logging_mixin.py:190} INFO - [2025-03-21T21:05:27.131+0000] {dag.py:4180} INFO - Setting next_dagrun for example_branch_dop_operator_v3 to 2025-03-21 21:04:00+00:00, run_after=2025-03-21 21:05:00+00:00
[2025-03-21T21:05:27.143+0000] {processor.py:208} INFO - Processing /home/usmail/sys_fraud/sys_detection_frauds/lib/python3.12/site-packages/airflow/example_dags/example_branch_python_dop_operator_3.py took 0.054 seconds
[2025-03-21T21:06:20.842+0000] {processor.py:186} INFO - Started process (PID=3735918) to work on /home/usmail/sys_fraud/sys_detection_frauds/lib/python3.12/site-packages/airflow/example_dags/example_branch_python_dop_operator_3.py
[2025-03-21T21:06:20.851+0000] {processor.py:914} INFO - Processing file /home/usmail/sys_fraud/sys_detection_frauds/lib/python3.12/site-packages/airflow/example_dags/example_branch_python_dop_operator_3.py for tasks to queue
[2025-03-21T21:06:20.854+0000] {logging_mixin.py:190} INFO - [2025-03-21T21:06:20.853+0000] {dagbag.py:588} INFO - Filling up the DagBag from /home/usmail/sys_fraud/sys_detection_frauds/lib/python3.12/site-packages/airflow/example_dags/example_branch_python_dop_operator_3.py
[2025-03-21T21:06:20.865+0000] {processor.py:925} INFO - DAG(s) 'example_branch_dop_operator_v3' retrieved from /home/usmail/sys_fraud/sys_detection_frauds/lib/python3.12/site-packages/airflow/example_dags/example_branch_python_dop_operator_3.py
[2025-03-21T21:06:20.873+0000] {logging_mixin.py:190} INFO - [2025-03-21T21:06:20.873+0000] {dag.py:3239} INFO - Sync 1 DAGs
[2025-03-21T21:06:20.886+0000] {logging_mixin.py:190} INFO - [2025-03-21T21:06:20.886+0000] {dag.py:4180} INFO - Setting next_dagrun for example_branch_dop_operator_v3 to 2025-03-21 21:05:00+00:00, run_after=2025-03-21 21:06:00+00:00
[2025-03-21T21:06:20.899+0000] {processor.py:208} INFO - Processing /home/usmail/sys_fraud/sys_detection_frauds/lib/python3.12/site-packages/airflow/example_dags/example_branch_python_dop_operator_3.py took 0.062 seconds
[2025-03-21T21:07:13.933+0000] {processor.py:186} INFO - Started process (PID=3737231) to work on /home/usmail/sys_fraud/sys_detection_frauds/lib/python3.12/site-packages/airflow/example_dags/example_branch_python_dop_operator_3.py
[2025-03-21T21:07:13.941+0000] {processor.py:914} INFO - Processing file /home/usmail/sys_fraud/sys_detection_frauds/lib/python3.12/site-packages/airflow/example_dags/example_branch_python_dop_operator_3.py for tasks to queue
[2025-03-21T21:07:13.943+0000] {logging_mixin.py:190} INFO - [2025-03-21T21:07:13.942+0000] {dagbag.py:588} INFO - Filling up the DagBag from /home/usmail/sys_fraud/sys_detection_frauds/lib/python3.12/site-packages/airflow/example_dags/example_branch_python_dop_operator_3.py
[2025-03-21T21:07:13.950+0000] {processor.py:925} INFO - DAG(s) 'example_branch_dop_operator_v3' retrieved from /home/usmail/sys_fraud/sys_detection_frauds/lib/python3.12/site-packages/airflow/example_dags/example_branch_python_dop_operator_3.py
[2025-03-21T21:07:13.961+0000] {logging_mixin.py:190} INFO - [2025-03-21T21:07:13.960+0000] {dag.py:3239} INFO - Sync 1 DAGs
[2025-03-21T21:07:13.981+0000] {logging_mixin.py:190} INFO - [2025-03-21T21:07:13.981+0000] {dag.py:4180} INFO - Setting next_dagrun for example_branch_dop_operator_v3 to 2025-03-21 21:06:00+00:00, run_after=2025-03-21 21:07:00+00:00
[2025-03-21T21:07:14.009+0000] {processor.py:208} INFO - Processing /home/usmail/sys_fraud/sys_detection_frauds/lib/python3.12/site-packages/airflow/example_dags/example_branch_python_dop_operator_3.py took 0.082 seconds
[2025-03-21T21:08:09.284+0000] {processor.py:186} INFO - Started process (PID=3737990) to work on /home/usmail/sys_fraud/sys_detection_frauds/lib/python3.12/site-packages/airflow/example_dags/example_branch_python_dop_operator_3.py
[2025-03-21T21:08:09.285+0000] {processor.py:914} INFO - Processing file /home/usmail/sys_fraud/sys_detection_frauds/lib/python3.12/site-packages/airflow/example_dags/example_branch_python_dop_operator_3.py for tasks to queue
[2025-03-21T21:08:09.287+0000] {logging_mixin.py:190} INFO - [2025-03-21T21:08:09.287+0000] {dagbag.py:588} INFO - Filling up the DagBag from /home/usmail/sys_fraud/sys_detection_frauds/lib/python3.12/site-packages/airflow/example_dags/example_branch_python_dop_operator_3.py
[2025-03-21T21:08:09.298+0000] {processor.py:925} INFO - DAG(s) 'example_branch_dop_operator_v3' retrieved from /home/usmail/sys_fraud/sys_detection_frauds/lib/python3.12/site-packages/airflow/example_dags/example_branch_python_dop_operator_3.py
[2025-03-21T21:08:09.314+0000] {logging_mixin.py:190} INFO - [2025-03-21T21:08:09.314+0000] {dag.py:3239} INFO - Sync 1 DAGs
[2025-03-21T21:08:09.342+0000] {logging_mixin.py:190} INFO - [2025-03-21T21:08:09.342+0000] {dag.py:4180} INFO - Setting next_dagrun for example_branch_dop_operator_v3 to 2025-03-21 21:07:00+00:00, run_after=2025-03-21 21:08:00+00:00
[2025-03-21T21:08:09.366+0000] {processor.py:208} INFO - Processing /home/usmail/sys_fraud/sys_detection_frauds/lib/python3.12/site-packages/airflow/example_dags/example_branch_python_dop_operator_3.py took 0.089 seconds
[2025-03-21T21:09:11.649+0000] {processor.py:186} INFO - Started process (PID=3738825) to work on /home/usmail/sys_fraud/sys_detection_frauds/lib/python3.12/site-packages/airflow/example_dags/example_branch_python_dop_operator_3.py
[2025-03-21T21:09:11.658+0000] {processor.py:914} INFO - Processing file /home/usmail/sys_fraud/sys_detection_frauds/lib/python3.12/site-packages/airflow/example_dags/example_branch_python_dop_operator_3.py for tasks to queue
[2025-03-21T21:09:11.659+0000] {logging_mixin.py:190} INFO - [2025-03-21T21:09:11.659+0000] {dagbag.py:588} INFO - Filling up the DagBag from /home/usmail/sys_fraud/sys_detection_frauds/lib/python3.12/site-packages/airflow/example_dags/example_branch_python_dop_operator_3.py
[2025-03-21T21:09:11.668+0000] {processor.py:925} INFO - DAG(s) 'example_branch_dop_operator_v3' retrieved from /home/usmail/sys_fraud/sys_detection_frauds/lib/python3.12/site-packages/airflow/example_dags/example_branch_python_dop_operator_3.py
[2025-03-21T21:09:11.678+0000] {logging_mixin.py:190} INFO - [2025-03-21T21:09:11.678+0000] {dag.py:3239} INFO - Sync 1 DAGs
[2025-03-21T21:09:11.697+0000] {logging_mixin.py:190} INFO - [2025-03-21T21:09:11.697+0000] {dag.py:4180} INFO - Setting next_dagrun for example_branch_dop_operator_v3 to 2025-03-21 21:08:00+00:00, run_after=2025-03-21 21:09:00+00:00
[2025-03-21T21:09:11.725+0000] {processor.py:208} INFO - Processing /home/usmail/sys_fraud/sys_detection_frauds/lib/python3.12/site-packages/airflow/example_dags/example_branch_python_dop_operator_3.py took 0.081 seconds
[2025-03-21T21:10:07.376+0000] {processor.py:186} INFO - Started process (PID=3739566) to work on /home/usmail/sys_fraud/sys_detection_frauds/lib/python3.12/site-packages/airflow/example_dags/example_branch_python_dop_operator_3.py
[2025-03-21T21:10:07.385+0000] {processor.py:914} INFO - Processing file /home/usmail/sys_fraud/sys_detection_frauds/lib/python3.12/site-packages/airflow/example_dags/example_branch_python_dop_operator_3.py for tasks to queue
[2025-03-21T21:10:07.388+0000] {logging_mixin.py:190} INFO - [2025-03-21T21:10:07.388+0000] {dagbag.py:588} INFO - Filling up the DagBag from /home/usmail/sys_fraud/sys_detection_frauds/lib/python3.12/site-packages/airflow/example_dags/example_branch_python_dop_operator_3.py
[2025-03-21T21:10:07.408+0000] {processor.py:925} INFO - DAG(s) 'example_branch_dop_operator_v3' retrieved from /home/usmail/sys_fraud/sys_detection_frauds/lib/python3.12/site-packages/airflow/example_dags/example_branch_python_dop_operator_3.py
[2025-03-21T21:10:07.431+0000] {logging_mixin.py:190} INFO - [2025-03-21T21:10:07.431+0000] {dag.py:3239} INFO - Sync 1 DAGs
[2025-03-21T21:10:07.453+0000] {logging_mixin.py:190} INFO - [2025-03-21T21:10:07.453+0000] {dag.py:4180} INFO - Setting next_dagrun for example_branch_dop_operator_v3 to 2025-03-21 21:09:00+00:00, run_after=2025-03-21 21:10:00+00:00
[2025-03-21T21:10:07.476+0000] {processor.py:208} INFO - Processing /home/usmail/sys_fraud/sys_detection_frauds/lib/python3.12/site-packages/airflow/example_dags/example_branch_python_dop_operator_3.py took 0.114 seconds
[2025-03-21T21:11:04.712+0000] {processor.py:186} INFO - Started process (PID=3741218) to work on /home/usmail/sys_fraud/sys_detection_frauds/lib/python3.12/site-packages/airflow/example_dags/example_branch_python_dop_operator_3.py
[2025-03-21T21:11:04.713+0000] {processor.py:914} INFO - Processing file /home/usmail/sys_fraud/sys_detection_frauds/lib/python3.12/site-packages/airflow/example_dags/example_branch_python_dop_operator_3.py for tasks to queue
[2025-03-21T21:11:04.714+0000] {logging_mixin.py:190} INFO - [2025-03-21T21:11:04.714+0000] {dagbag.py:588} INFO - Filling up the DagBag from /home/usmail/sys_fraud/sys_detection_frauds/lib/python3.12/site-packages/airflow/example_dags/example_branch_python_dop_operator_3.py
[2025-03-21T21:11:04.726+0000] {processor.py:925} INFO - DAG(s) 'example_branch_dop_operator_v3' retrieved from /home/usmail/sys_fraud/sys_detection_frauds/lib/python3.12/site-packages/airflow/example_dags/example_branch_python_dop_operator_3.py
[2025-03-21T21:11:04.742+0000] {logging_mixin.py:190} INFO - [2025-03-21T21:11:04.741+0000] {dag.py:3239} INFO - Sync 1 DAGs
[2025-03-21T21:11:04.767+0000] {logging_mixin.py:190} INFO - [2025-03-21T21:11:04.767+0000] {dag.py:4180} INFO - Setting next_dagrun for example_branch_dop_operator_v3 to 2025-03-21 21:10:00+00:00, run_after=2025-03-21 21:11:00+00:00
[2025-03-21T21:11:04.790+0000] {processor.py:208} INFO - Processing /home/usmail/sys_fraud/sys_detection_frauds/lib/python3.12/site-packages/airflow/example_dags/example_branch_python_dop_operator_3.py took 0.083 seconds
[2025-03-21T21:12:00.281+0000] {processor.py:186} INFO - Started process (PID=3742298) to work on /home/usmail/sys_fraud/sys_detection_frauds/lib/python3.12/site-packages/airflow/example_dags/example_branch_python_dop_operator_3.py
[2025-03-21T21:12:00.289+0000] {processor.py:914} INFO - Processing file /home/usmail/sys_fraud/sys_detection_frauds/lib/python3.12/site-packages/airflow/example_dags/example_branch_python_dop_operator_3.py for tasks to queue
[2025-03-21T21:12:00.291+0000] {logging_mixin.py:190} INFO - [2025-03-21T21:12:00.291+0000] {dagbag.py:588} INFO - Filling up the DagBag from /home/usmail/sys_fraud/sys_detection_frauds/lib/python3.12/site-packages/airflow/example_dags/example_branch_python_dop_operator_3.py
[2025-03-21T21:12:00.299+0000] {processor.py:925} INFO - DAG(s) 'example_branch_dop_operator_v3' retrieved from /home/usmail/sys_fraud/sys_detection_frauds/lib/python3.12/site-packages/airflow/example_dags/example_branch_python_dop_operator_3.py
[2025-03-21T21:12:00.310+0000] {logging_mixin.py:190} INFO - [2025-03-21T21:12:00.310+0000] {dag.py:3239} INFO - Sync 1 DAGs
[2025-03-21T21:12:00.330+0000] {logging_mixin.py:190} INFO - [2025-03-21T21:12:00.329+0000] {dag.py:4180} INFO - Setting next_dagrun for example_branch_dop_operator_v3 to 2025-03-21 21:11:00+00:00, run_after=2025-03-21 21:12:00+00:00
[2025-03-21T21:12:00.355+0000] {processor.py:208} INFO - Processing /home/usmail/sys_fraud/sys_detection_frauds/lib/python3.12/site-packages/airflow/example_dags/example_branch_python_dop_operator_3.py took 0.080 seconds
[2025-03-21T21:12:54.082+0000] {processor.py:186} INFO - Started process (PID=3743319) to work on /home/usmail/sys_fraud/sys_detection_frauds/lib/python3.12/site-packages/airflow/example_dags/example_branch_python_dop_operator_3.py
[2025-03-21T21:12:54.090+0000] {processor.py:914} INFO - Processing file /home/usmail/sys_fraud/sys_detection_frauds/lib/python3.12/site-packages/airflow/example_dags/example_branch_python_dop_operator_3.py for tasks to queue
[2025-03-21T21:12:54.092+0000] {logging_mixin.py:190} INFO - [2025-03-21T21:12:54.092+0000] {dagbag.py:588} INFO - Filling up the DagBag from /home/usmail/sys_fraud/sys_detection_frauds/lib/python3.12/site-packages/airflow/example_dags/example_branch_python_dop_operator_3.py
[2025-03-21T21:12:54.100+0000] {processor.py:925} INFO - DAG(s) 'example_branch_dop_operator_v3' retrieved from /home/usmail/sys_fraud/sys_detection_frauds/lib/python3.12/site-packages/airflow/example_dags/example_branch_python_dop_operator_3.py
[2025-03-21T21:12:54.111+0000] {logging_mixin.py:190} INFO - [2025-03-21T21:12:54.111+0000] {dag.py:3239} INFO - Sync 1 DAGs
[2025-03-21T21:12:54.130+0000] {logging_mixin.py:190} INFO - [2025-03-21T21:12:54.130+0000] {dag.py:4180} INFO - Setting next_dagrun for example_branch_dop_operator_v3 to 2025-03-21 21:11:00+00:00, run_after=2025-03-21 21:12:00+00:00
[2025-03-21T21:12:54.147+0000] {processor.py:208} INFO - Processing /home/usmail/sys_fraud/sys_detection_frauds/lib/python3.12/site-packages/airflow/example_dags/example_branch_python_dop_operator_3.py took 0.070 seconds
[2025-03-21T21:14:06.847+0000] {processor.py:186} INFO - Started process (PID=3744592) to work on /home/usmail/sys_fraud/sys_detection_frauds/lib/python3.12/site-packages/airflow/example_dags/example_branch_python_dop_operator_3.py
[2025-03-21T21:14:06.856+0000] {processor.py:914} INFO - Processing file /home/usmail/sys_fraud/sys_detection_frauds/lib/python3.12/site-packages/airflow/example_dags/example_branch_python_dop_operator_3.py for tasks to queue
[2025-03-21T21:14:06.858+0000] {logging_mixin.py:190} INFO - [2025-03-21T21:14:06.858+0000] {dagbag.py:588} INFO - Filling up the DagBag from /home/usmail/sys_fraud/sys_detection_frauds/lib/python3.12/site-packages/airflow/example_dags/example_branch_python_dop_operator_3.py
[2025-03-21T21:14:06.868+0000] {processor.py:925} INFO - DAG(s) 'example_branch_dop_operator_v3' retrieved from /home/usmail/sys_fraud/sys_detection_frauds/lib/python3.12/site-packages/airflow/example_dags/example_branch_python_dop_operator_3.py
[2025-03-21T21:14:06.883+0000] {logging_mixin.py:190} INFO - [2025-03-21T21:14:06.882+0000] {dag.py:3239} INFO - Sync 1 DAGs
[2025-03-21T21:14:06.908+0000] {logging_mixin.py:190} INFO - [2025-03-21T21:14:06.908+0000] {dag.py:4180} INFO - Setting next_dagrun for example_branch_dop_operator_v3 to 2025-03-21 21:13:00+00:00, run_after=2025-03-21 21:14:00+00:00
[2025-03-21T21:14:06.939+0000] {processor.py:208} INFO - Processing /home/usmail/sys_fraud/sys_detection_frauds/lib/python3.12/site-packages/airflow/example_dags/example_branch_python_dop_operator_3.py took 0.098 seconds
[2025-03-21T21:15:04.537+0000] {processor.py:186} INFO - Started process (PID=3745328) to work on /home/usmail/sys_fraud/sys_detection_frauds/lib/python3.12/site-packages/airflow/example_dags/example_branch_python_dop_operator_3.py
[2025-03-21T21:15:04.546+0000] {processor.py:914} INFO - Processing file /home/usmail/sys_fraud/sys_detection_frauds/lib/python3.12/site-packages/airflow/example_dags/example_branch_python_dop_operator_3.py for tasks to queue
[2025-03-21T21:15:04.549+0000] {logging_mixin.py:190} INFO - [2025-03-21T21:15:04.548+0000] {dagbag.py:588} INFO - Filling up the DagBag from /home/usmail/sys_fraud/sys_detection_frauds/lib/python3.12/site-packages/airflow/example_dags/example_branch_python_dop_operator_3.py
[2025-03-21T21:15:04.567+0000] {processor.py:925} INFO - DAG(s) 'example_branch_dop_operator_v3' retrieved from /home/usmail/sys_fraud/sys_detection_frauds/lib/python3.12/site-packages/airflow/example_dags/example_branch_python_dop_operator_3.py
[2025-03-21T21:15:04.589+0000] {logging_mixin.py:190} INFO - [2025-03-21T21:15:04.588+0000] {dag.py:3239} INFO - Sync 1 DAGs
[2025-03-21T21:15:04.611+0000] {logging_mixin.py:190} INFO - [2025-03-21T21:15:04.611+0000] {dag.py:4180} INFO - Setting next_dagrun for example_branch_dop_operator_v3 to 2025-03-21 21:14:00+00:00, run_after=2025-03-21 21:15:00+00:00
[2025-03-21T21:15:04.637+0000] {processor.py:208} INFO - Processing /home/usmail/sys_fraud/sys_detection_frauds/lib/python3.12/site-packages/airflow/example_dags/example_branch_python_dop_operator_3.py took 0.112 seconds
[2025-03-21T21:16:04.174+0000] {processor.py:186} INFO - Started process (PID=3746066) to work on /home/usmail/sys_fraud/sys_detection_frauds/lib/python3.12/site-packages/airflow/example_dags/example_branch_python_dop_operator_3.py
[2025-03-21T21:16:04.184+0000] {processor.py:914} INFO - Processing file /home/usmail/sys_fraud/sys_detection_frauds/lib/python3.12/site-packages/airflow/example_dags/example_branch_python_dop_operator_3.py for tasks to queue
[2025-03-21T21:16:04.187+0000] {logging_mixin.py:190} INFO - [2025-03-21T21:16:04.187+0000] {dagbag.py:588} INFO - Filling up the DagBag from /home/usmail/sys_fraud/sys_detection_frauds/lib/python3.12/site-packages/airflow/example_dags/example_branch_python_dop_operator_3.py
[2025-03-21T21:16:04.205+0000] {processor.py:925} INFO - DAG(s) 'example_branch_dop_operator_v3' retrieved from /home/usmail/sys_fraud/sys_detection_frauds/lib/python3.12/site-packages/airflow/example_dags/example_branch_python_dop_operator_3.py
[2025-03-21T21:16:04.227+0000] {logging_mixin.py:190} INFO - [2025-03-21T21:16:04.227+0000] {dag.py:3239} INFO - Sync 1 DAGs
[2025-03-21T21:16:04.253+0000] {logging_mixin.py:190} INFO - [2025-03-21T21:16:04.253+0000] {dag.py:4180} INFO - Setting next_dagrun for example_branch_dop_operator_v3 to 2025-03-21 21:15:00+00:00, run_after=2025-03-21 21:16:00+00:00
[2025-03-21T21:16:04.269+0000] {processor.py:208} INFO - Processing /home/usmail/sys_fraud/sys_detection_frauds/lib/python3.12/site-packages/airflow/example_dags/example_branch_python_dop_operator_3.py took 0.108 seconds
[2025-03-21T21:17:06.560+0000] {processor.py:186} INFO - Started process (PID=3746851) to work on /home/usmail/sys_fraud/sys_detection_frauds/lib/python3.12/site-packages/airflow/example_dags/example_branch_python_dop_operator_3.py
[2025-03-21T21:17:06.570+0000] {processor.py:914} INFO - Processing file /home/usmail/sys_fraud/sys_detection_frauds/lib/python3.12/site-packages/airflow/example_dags/example_branch_python_dop_operator_3.py for tasks to queue
[2025-03-21T21:17:06.573+0000] {logging_mixin.py:190} INFO - [2025-03-21T21:17:06.572+0000] {dagbag.py:588} INFO - Filling up the DagBag from /home/usmail/sys_fraud/sys_detection_frauds/lib/python3.12/site-packages/airflow/example_dags/example_branch_python_dop_operator_3.py
[2025-03-21T21:17:06.590+0000] {processor.py:925} INFO - DAG(s) 'example_branch_dop_operator_v3' retrieved from /home/usmail/sys_fraud/sys_detection_frauds/lib/python3.12/site-packages/airflow/example_dags/example_branch_python_dop_operator_3.py
[2025-03-21T21:17:06.611+0000] {logging_mixin.py:190} INFO - [2025-03-21T21:17:06.611+0000] {dag.py:3239} INFO - Sync 1 DAGs
[2025-03-21T21:17:06.637+0000] {logging_mixin.py:190} INFO - [2025-03-21T21:17:06.637+0000] {dag.py:4180} INFO - Setting next_dagrun for example_branch_dop_operator_v3 to 2025-03-21 21:16:00+00:00, run_after=2025-03-21 21:17:00+00:00
[2025-03-21T21:17:06.654+0000] {processor.py:208} INFO - Processing /home/usmail/sys_fraud/sys_detection_frauds/lib/python3.12/site-packages/airflow/example_dags/example_branch_python_dop_operator_3.py took 0.106 seconds
[2025-03-21T21:18:10.225+0000] {processor.py:186} INFO - Started process (PID=3747650) to work on /home/usmail/sys_fraud/sys_detection_frauds/lib/python3.12/site-packages/airflow/example_dags/example_branch_python_dop_operator_3.py
[2025-03-21T21:18:10.235+0000] {processor.py:914} INFO - Processing file /home/usmail/sys_fraud/sys_detection_frauds/lib/python3.12/site-packages/airflow/example_dags/example_branch_python_dop_operator_3.py for tasks to queue
[2025-03-21T21:18:10.238+0000] {logging_mixin.py:190} INFO - [2025-03-21T21:18:10.237+0000] {dagbag.py:588} INFO - Filling up the DagBag from /home/usmail/sys_fraud/sys_detection_frauds/lib/python3.12/site-packages/airflow/example_dags/example_branch_python_dop_operator_3.py
[2025-03-21T21:18:10.255+0000] {processor.py:925} INFO - DAG(s) 'example_branch_dop_operator_v3' retrieved from /home/usmail/sys_fraud/sys_detection_frauds/lib/python3.12/site-packages/airflow/example_dags/example_branch_python_dop_operator_3.py
[2025-03-21T21:18:10.277+0000] {logging_mixin.py:190} INFO - [2025-03-21T21:18:10.277+0000] {dag.py:3239} INFO - Sync 1 DAGs
[2025-03-21T21:18:10.302+0000] {logging_mixin.py:190} INFO - [2025-03-21T21:18:10.302+0000] {dag.py:4180} INFO - Setting next_dagrun for example_branch_dop_operator_v3 to 2025-03-21 21:17:00+00:00, run_after=2025-03-21 21:18:00+00:00
[2025-03-21T21:18:10.338+0000] {processor.py:208} INFO - Processing /home/usmail/sys_fraud/sys_detection_frauds/lib/python3.12/site-packages/airflow/example_dags/example_branch_python_dop_operator_3.py took 0.125 seconds
[2025-03-21T21:19:15.223+0000] {processor.py:186} INFO - Started process (PID=3748426) to work on /home/usmail/sys_fraud/sys_detection_frauds/lib/python3.12/site-packages/airflow/example_dags/example_branch_python_dop_operator_3.py
[2025-03-21T21:19:15.232+0000] {processor.py:914} INFO - Processing file /home/usmail/sys_fraud/sys_detection_frauds/lib/python3.12/site-packages/airflow/example_dags/example_branch_python_dop_operator_3.py for tasks to queue
[2025-03-21T21:19:15.236+0000] {logging_mixin.py:190} INFO - [2025-03-21T21:19:15.235+0000] {dagbag.py:588} INFO - Filling up the DagBag from /home/usmail/sys_fraud/sys_detection_frauds/lib/python3.12/site-packages/airflow/example_dags/example_branch_python_dop_operator_3.py
[2025-03-21T21:19:15.252+0000] {processor.py:925} INFO - DAG(s) 'example_branch_dop_operator_v3' retrieved from /home/usmail/sys_fraud/sys_detection_frauds/lib/python3.12/site-packages/airflow/example_dags/example_branch_python_dop_operator_3.py
[2025-03-21T21:19:15.275+0000] {logging_mixin.py:190} INFO - [2025-03-21T21:19:15.274+0000] {dag.py:3239} INFO - Sync 1 DAGs
[2025-03-21T21:19:15.299+0000] {logging_mixin.py:190} INFO - [2025-03-21T21:19:15.299+0000] {dag.py:4180} INFO - Setting next_dagrun for example_branch_dop_operator_v3 to 2025-03-21 21:18:00+00:00, run_after=2025-03-21 21:19:00+00:00
[2025-03-21T21:19:15.341+0000] {processor.py:208} INFO - Processing /home/usmail/sys_fraud/sys_detection_frauds/lib/python3.12/site-packages/airflow/example_dags/example_branch_python_dop_operator_3.py took 0.130 seconds
[2025-03-21T21:20:17.863+0000] {processor.py:186} INFO - Started process (PID=3749198) to work on /home/usmail/sys_fraud/sys_detection_frauds/lib/python3.12/site-packages/airflow/example_dags/example_branch_python_dop_operator_3.py
[2025-03-21T21:20:17.872+0000] {processor.py:914} INFO - Processing file /home/usmail/sys_fraud/sys_detection_frauds/lib/python3.12/site-packages/airflow/example_dags/example_branch_python_dop_operator_3.py for tasks to queue
[2025-03-21T21:20:17.875+0000] {logging_mixin.py:190} INFO - [2025-03-21T21:20:17.875+0000] {dagbag.py:588} INFO - Filling up the DagBag from /home/usmail/sys_fraud/sys_detection_frauds/lib/python3.12/site-packages/airflow/example_dags/example_branch_python_dop_operator_3.py
[2025-03-21T21:20:17.892+0000] {processor.py:925} INFO - DAG(s) 'example_branch_dop_operator_v3' retrieved from /home/usmail/sys_fraud/sys_detection_frauds/lib/python3.12/site-packages/airflow/example_dags/example_branch_python_dop_operator_3.py
[2025-03-21T21:20:17.914+0000] {logging_mixin.py:190} INFO - [2025-03-21T21:20:17.914+0000] {dag.py:3239} INFO - Sync 1 DAGs
[2025-03-21T21:20:17.939+0000] {logging_mixin.py:190} INFO - [2025-03-21T21:20:17.939+0000] {dag.py:4180} INFO - Setting next_dagrun for example_branch_dop_operator_v3 to 2025-03-21 21:19:00+00:00, run_after=2025-03-21 21:20:00+00:00
[2025-03-21T21:20:17.972+0000] {processor.py:208} INFO - Processing /home/usmail/sys_fraud/sys_detection_frauds/lib/python3.12/site-packages/airflow/example_dags/example_branch_python_dop_operator_3.py took 0.121 seconds
[2025-03-21T21:21:21.544+0000] {processor.py:186} INFO - Started process (PID=3749960) to work on /home/usmail/sys_fraud/sys_detection_frauds/lib/python3.12/site-packages/airflow/example_dags/example_branch_python_dop_operator_3.py
[2025-03-21T21:21:21.553+0000] {processor.py:914} INFO - Processing file /home/usmail/sys_fraud/sys_detection_frauds/lib/python3.12/site-packages/airflow/example_dags/example_branch_python_dop_operator_3.py for tasks to queue
[2025-03-21T21:21:21.556+0000] {logging_mixin.py:190} INFO - [2025-03-21T21:21:21.555+0000] {dagbag.py:588} INFO - Filling up the DagBag from /home/usmail/sys_fraud/sys_detection_frauds/lib/python3.12/site-packages/airflow/example_dags/example_branch_python_dop_operator_3.py
[2025-03-21T21:21:21.572+0000] {processor.py:925} INFO - DAG(s) 'example_branch_dop_operator_v3' retrieved from /home/usmail/sys_fraud/sys_detection_frauds/lib/python3.12/site-packages/airflow/example_dags/example_branch_python_dop_operator_3.py
[2025-03-21T21:21:21.595+0000] {logging_mixin.py:190} INFO - [2025-03-21T21:21:21.594+0000] {dag.py:3239} INFO - Sync 1 DAGs
[2025-03-21T21:21:21.620+0000] {logging_mixin.py:190} INFO - [2025-03-21T21:21:21.620+0000] {dag.py:4180} INFO - Setting next_dagrun for example_branch_dop_operator_v3 to 2025-03-21 21:20:00+00:00, run_after=2025-03-21 21:21:00+00:00
[2025-03-21T21:21:21.636+0000] {processor.py:208} INFO - Processing /home/usmail/sys_fraud/sys_detection_frauds/lib/python3.12/site-packages/airflow/example_dags/example_branch_python_dop_operator_3.py took 0.105 seconds
[2025-03-21T21:22:28.994+0000] {processor.py:186} INFO - Started process (PID=3750801) to work on /home/usmail/sys_fraud/sys_detection_frauds/lib/python3.12/site-packages/airflow/example_dags/example_branch_python_dop_operator_3.py
[2025-03-21T21:22:29.004+0000] {processor.py:914} INFO - Processing file /home/usmail/sys_fraud/sys_detection_frauds/lib/python3.12/site-packages/airflow/example_dags/example_branch_python_dop_operator_3.py for tasks to queue
[2025-03-21T21:22:29.007+0000] {logging_mixin.py:190} INFO - [2025-03-21T21:22:29.007+0000] {dagbag.py:588} INFO - Filling up the DagBag from /home/usmail/sys_fraud/sys_detection_frauds/lib/python3.12/site-packages/airflow/example_dags/example_branch_python_dop_operator_3.py
[2025-03-21T21:22:29.025+0000] {processor.py:925} INFO - DAG(s) 'example_branch_dop_operator_v3' retrieved from /home/usmail/sys_fraud/sys_detection_frauds/lib/python3.12/site-packages/airflow/example_dags/example_branch_python_dop_operator_3.py
[2025-03-21T21:22:29.047+0000] {logging_mixin.py:190} INFO - [2025-03-21T21:22:29.046+0000] {dag.py:3239} INFO - Sync 1 DAGs
[2025-03-21T21:22:29.072+0000] {logging_mixin.py:190} INFO - [2025-03-21T21:22:29.072+0000] {dag.py:4180} INFO - Setting next_dagrun for example_branch_dop_operator_v3 to 2025-03-21 21:21:00+00:00, run_after=2025-03-21 21:22:00+00:00
[2025-03-21T21:22:29.097+0000] {processor.py:208} INFO - Processing /home/usmail/sys_fraud/sys_detection_frauds/lib/python3.12/site-packages/airflow/example_dags/example_branch_python_dop_operator_3.py took 0.114 seconds
[2025-03-21T21:23:33.319+0000] {processor.py:186} INFO - Started process (PID=3751609) to work on /home/usmail/sys_fraud/sys_detection_frauds/lib/python3.12/site-packages/airflow/example_dags/example_branch_python_dop_operator_3.py
[2025-03-21T21:23:33.328+0000] {processor.py:914} INFO - Processing file /home/usmail/sys_fraud/sys_detection_frauds/lib/python3.12/site-packages/airflow/example_dags/example_branch_python_dop_operator_3.py for tasks to queue
[2025-03-21T21:23:33.331+0000] {logging_mixin.py:190} INFO - [2025-03-21T21:23:33.331+0000] {dagbag.py:588} INFO - Filling up the DagBag from /home/usmail/sys_fraud/sys_detection_frauds/lib/python3.12/site-packages/airflow/example_dags/example_branch_python_dop_operator_3.py
[2025-03-21T21:23:33.348+0000] {processor.py:925} INFO - DAG(s) 'example_branch_dop_operator_v3' retrieved from /home/usmail/sys_fraud/sys_detection_frauds/lib/python3.12/site-packages/airflow/example_dags/example_branch_python_dop_operator_3.py
[2025-03-21T21:23:33.371+0000] {logging_mixin.py:190} INFO - [2025-03-21T21:23:33.370+0000] {dag.py:3239} INFO - Sync 1 DAGs
[2025-03-21T21:23:33.395+0000] {logging_mixin.py:190} INFO - [2025-03-21T21:23:33.394+0000] {dag.py:4180} INFO - Setting next_dagrun for example_branch_dop_operator_v3 to 2025-03-21 21:22:00+00:00, run_after=2025-03-21 21:23:00+00:00
[2025-03-21T21:23:33.434+0000] {processor.py:208} INFO - Processing /home/usmail/sys_fraud/sys_detection_frauds/lib/python3.12/site-packages/airflow/example_dags/example_branch_python_dop_operator_3.py took 0.127 seconds
[2025-03-21T21:24:35.456+0000] {processor.py:186} INFO - Started process (PID=3752277) to work on /home/usmail/sys_fraud/sys_detection_frauds/lib/python3.12/site-packages/airflow/example_dags/example_branch_python_dop_operator_3.py
[2025-03-21T21:24:35.466+0000] {processor.py:914} INFO - Processing file /home/usmail/sys_fraud/sys_detection_frauds/lib/python3.12/site-packages/airflow/example_dags/example_branch_python_dop_operator_3.py for tasks to queue
[2025-03-21T21:24:35.469+0000] {logging_mixin.py:190} INFO - [2025-03-21T21:24:35.468+0000] {dagbag.py:588} INFO - Filling up the DagBag from /home/usmail/sys_fraud/sys_detection_frauds/lib/python3.12/site-packages/airflow/example_dags/example_branch_python_dop_operator_3.py
[2025-03-21T21:24:35.485+0000] {processor.py:925} INFO - DAG(s) 'example_branch_dop_operator_v3' retrieved from /home/usmail/sys_fraud/sys_detection_frauds/lib/python3.12/site-packages/airflow/example_dags/example_branch_python_dop_operator_3.py
[2025-03-21T21:24:35.507+0000] {logging_mixin.py:190} INFO - [2025-03-21T21:24:35.506+0000] {dag.py:3239} INFO - Sync 1 DAGs
[2025-03-21T21:24:35.529+0000] {logging_mixin.py:190} INFO - [2025-03-21T21:24:35.529+0000] {dag.py:4180} INFO - Setting next_dagrun for example_branch_dop_operator_v3 to 2025-03-21 21:23:00+00:00, run_after=2025-03-21 21:24:00+00:00
[2025-03-21T21:24:35.554+0000] {processor.py:208} INFO - Processing /home/usmail/sys_fraud/sys_detection_frauds/lib/python3.12/site-packages/airflow/example_dags/example_branch_python_dop_operator_3.py took 0.110 seconds
[2025-03-21T21:25:38.663+0000] {processor.py:186} INFO - Started process (PID=3752956) to work on /home/usmail/sys_fraud/sys_detection_frauds/lib/python3.12/site-packages/airflow/example_dags/example_branch_python_dop_operator_3.py
[2025-03-21T21:25:38.672+0000] {processor.py:914} INFO - Processing file /home/usmail/sys_fraud/sys_detection_frauds/lib/python3.12/site-packages/airflow/example_dags/example_branch_python_dop_operator_3.py for tasks to queue
[2025-03-21T21:25:38.677+0000] {logging_mixin.py:190} INFO - [2025-03-21T21:25:38.676+0000] {dagbag.py:588} INFO - Filling up the DagBag from /home/usmail/sys_fraud/sys_detection_frauds/lib/python3.12/site-packages/airflow/example_dags/example_branch_python_dop_operator_3.py
[2025-03-21T21:25:38.694+0000] {processor.py:925} INFO - DAG(s) 'example_branch_dop_operator_v3' retrieved from /home/usmail/sys_fraud/sys_detection_frauds/lib/python3.12/site-packages/airflow/example_dags/example_branch_python_dop_operator_3.py
[2025-03-21T21:25:38.715+0000] {logging_mixin.py:190} INFO - [2025-03-21T21:25:38.715+0000] {dag.py:3239} INFO - Sync 1 DAGs
[2025-03-21T21:25:38.739+0000] {logging_mixin.py:190} INFO - [2025-03-21T21:25:38.739+0000] {dag.py:4180} INFO - Setting next_dagrun for example_branch_dop_operator_v3 to 2025-03-21 21:24:00+00:00, run_after=2025-03-21 21:25:00+00:00
[2025-03-21T21:25:38.755+0000] {processor.py:208} INFO - Processing /home/usmail/sys_fraud/sys_detection_frauds/lib/python3.12/site-packages/airflow/example_dags/example_branch_python_dop_operator_3.py took 0.105 seconds
[2025-03-21T21:26:42.548+0000] {processor.py:186} INFO - Started process (PID=3753635) to work on /home/usmail/sys_fraud/sys_detection_frauds/lib/python3.12/site-packages/airflow/example_dags/example_branch_python_dop_operator_3.py
[2025-03-21T21:26:42.557+0000] {processor.py:914} INFO - Processing file /home/usmail/sys_fraud/sys_detection_frauds/lib/python3.12/site-packages/airflow/example_dags/example_branch_python_dop_operator_3.py for tasks to queue
[2025-03-21T21:26:42.560+0000] {logging_mixin.py:190} INFO - [2025-03-21T21:26:42.560+0000] {dagbag.py:588} INFO - Filling up the DagBag from /home/usmail/sys_fraud/sys_detection_frauds/lib/python3.12/site-packages/airflow/example_dags/example_branch_python_dop_operator_3.py
[2025-03-21T21:26:42.577+0000] {processor.py:925} INFO - DAG(s) 'example_branch_dop_operator_v3' retrieved from /home/usmail/sys_fraud/sys_detection_frauds/lib/python3.12/site-packages/airflow/example_dags/example_branch_python_dop_operator_3.py
[2025-03-21T21:26:42.599+0000] {logging_mixin.py:190} INFO - [2025-03-21T21:26:42.598+0000] {dag.py:3239} INFO - Sync 1 DAGs
[2025-03-21T21:26:42.623+0000] {logging_mixin.py:190} INFO - [2025-03-21T21:26:42.623+0000] {dag.py:4180} INFO - Setting next_dagrun for example_branch_dop_operator_v3 to 2025-03-21 21:25:00+00:00, run_after=2025-03-21 21:26:00+00:00
[2025-03-21T21:26:42.639+0000] {processor.py:208} INFO - Processing /home/usmail/sys_fraud/sys_detection_frauds/lib/python3.12/site-packages/airflow/example_dags/example_branch_python_dop_operator_3.py took 0.102 seconds
[2025-03-21T21:27:45.300+0000] {processor.py:186} INFO - Started process (PID=3754275) to work on /home/usmail/sys_fraud/sys_detection_frauds/lib/python3.12/site-packages/airflow/example_dags/example_branch_python_dop_operator_3.py
[2025-03-21T21:27:45.301+0000] {processor.py:914} INFO - Processing file /home/usmail/sys_fraud/sys_detection_frauds/lib/python3.12/site-packages/airflow/example_dags/example_branch_python_dop_operator_3.py for tasks to queue
[2025-03-21T21:27:45.304+0000] {logging_mixin.py:190} INFO - [2025-03-21T21:27:45.304+0000] {dagbag.py:588} INFO - Filling up the DagBag from /home/usmail/sys_fraud/sys_detection_frauds/lib/python3.12/site-packages/airflow/example_dags/example_branch_python_dop_operator_3.py
[2025-03-21T21:27:45.322+0000] {processor.py:925} INFO - DAG(s) 'example_branch_dop_operator_v3' retrieved from /home/usmail/sys_fraud/sys_detection_frauds/lib/python3.12/site-packages/airflow/example_dags/example_branch_python_dop_operator_3.py
[2025-03-21T21:27:45.343+0000] {logging_mixin.py:190} INFO - [2025-03-21T21:27:45.343+0000] {dag.py:3239} INFO - Sync 1 DAGs
[2025-03-21T21:27:45.366+0000] {logging_mixin.py:190} INFO - [2025-03-21T21:27:45.366+0000] {dag.py:4180} INFO - Setting next_dagrun for example_branch_dop_operator_v3 to 2025-03-21 21:26:00+00:00, run_after=2025-03-21 21:27:00+00:00
[2025-03-21T21:27:45.404+0000] {processor.py:208} INFO - Processing /home/usmail/sys_fraud/sys_detection_frauds/lib/python3.12/site-packages/airflow/example_dags/example_branch_python_dop_operator_3.py took 0.116 seconds
[2025-03-21T21:28:45.698+0000] {processor.py:186} INFO - Started process (PID=3754915) to work on /home/usmail/sys_fraud/sys_detection_frauds/lib/python3.12/site-packages/airflow/example_dags/example_branch_python_dop_operator_3.py
[2025-03-21T21:28:45.707+0000] {processor.py:914} INFO - Processing file /home/usmail/sys_fraud/sys_detection_frauds/lib/python3.12/site-packages/airflow/example_dags/example_branch_python_dop_operator_3.py for tasks to queue
[2025-03-21T21:28:45.710+0000] {logging_mixin.py:190} INFO - [2025-03-21T21:28:45.710+0000] {dagbag.py:588} INFO - Filling up the DagBag from /home/usmail/sys_fraud/sys_detection_frauds/lib/python3.12/site-packages/airflow/example_dags/example_branch_python_dop_operator_3.py
[2025-03-21T21:28:45.727+0000] {processor.py:925} INFO - DAG(s) 'example_branch_dop_operator_v3' retrieved from /home/usmail/sys_fraud/sys_detection_frauds/lib/python3.12/site-packages/airflow/example_dags/example_branch_python_dop_operator_3.py
[2025-03-21T21:28:45.749+0000] {logging_mixin.py:190} INFO - [2025-03-21T21:28:45.749+0000] {dag.py:3239} INFO - Sync 1 DAGs
[2025-03-21T21:28:45.774+0000] {logging_mixin.py:190} INFO - [2025-03-21T21:28:45.774+0000] {dag.py:4180} INFO - Setting next_dagrun for example_branch_dop_operator_v3 to 2025-03-21 21:27:00+00:00, run_after=2025-03-21 21:28:00+00:00
[2025-03-21T21:28:45.790+0000] {processor.py:208} INFO - Processing /home/usmail/sys_fraud/sys_detection_frauds/lib/python3.12/site-packages/airflow/example_dags/example_branch_python_dop_operator_3.py took 0.105 seconds
[2025-03-21T21:29:49.288+0000] {processor.py:186} INFO - Started process (PID=3755577) to work on /home/usmail/sys_fraud/sys_detection_frauds/lib/python3.12/site-packages/airflow/example_dags/example_branch_python_dop_operator_3.py
[2025-03-21T21:29:49.294+0000] {processor.py:914} INFO - Processing file /home/usmail/sys_fraud/sys_detection_frauds/lib/python3.12/site-packages/airflow/example_dags/example_branch_python_dop_operator_3.py for tasks to queue
[2025-03-21T21:29:49.297+0000] {logging_mixin.py:190} INFO - [2025-03-21T21:29:49.297+0000] {dagbag.py:588} INFO - Filling up the DagBag from /home/usmail/sys_fraud/sys_detection_frauds/lib/python3.12/site-packages/airflow/example_dags/example_branch_python_dop_operator_3.py
[2025-03-21T21:29:49.314+0000] {processor.py:925} INFO - DAG(s) 'example_branch_dop_operator_v3' retrieved from /home/usmail/sys_fraud/sys_detection_frauds/lib/python3.12/site-packages/airflow/example_dags/example_branch_python_dop_operator_3.py
[2025-03-21T21:29:49.336+0000] {logging_mixin.py:190} INFO - [2025-03-21T21:29:49.336+0000] {dag.py:3239} INFO - Sync 1 DAGs
[2025-03-21T21:29:49.361+0000] {logging_mixin.py:190} INFO - [2025-03-21T21:29:49.360+0000] {dag.py:4180} INFO - Setting next_dagrun for example_branch_dop_operator_v3 to 2025-03-21 21:28:00+00:00, run_after=2025-03-21 21:29:00+00:00
[2025-03-21T21:29:49.376+0000] {processor.py:208} INFO - Processing /home/usmail/sys_fraud/sys_detection_frauds/lib/python3.12/site-packages/airflow/example_dags/example_branch_python_dop_operator_3.py took 0.101 seconds
[2025-03-21T21:30:55.061+0000] {processor.py:186} INFO - Started process (PID=3756262) to work on /home/usmail/sys_fraud/sys_detection_frauds/lib/python3.12/site-packages/airflow/example_dags/example_branch_python_dop_operator_3.py
[2025-03-21T21:30:55.070+0000] {processor.py:914} INFO - Processing file /home/usmail/sys_fraud/sys_detection_frauds/lib/python3.12/site-packages/airflow/example_dags/example_branch_python_dop_operator_3.py for tasks to queue
[2025-03-21T21:30:55.073+0000] {logging_mixin.py:190} INFO - [2025-03-21T21:30:55.073+0000] {dagbag.py:588} INFO - Filling up the DagBag from /home/usmail/sys_fraud/sys_detection_frauds/lib/python3.12/site-packages/airflow/example_dags/example_branch_python_dop_operator_3.py
[2025-03-21T21:30:55.090+0000] {processor.py:925} INFO - DAG(s) 'example_branch_dop_operator_v3' retrieved from /home/usmail/sys_fraud/sys_detection_frauds/lib/python3.12/site-packages/airflow/example_dags/example_branch_python_dop_operator_3.py
[2025-03-21T21:30:55.112+0000] {logging_mixin.py:190} INFO - [2025-03-21T21:30:55.112+0000] {dag.py:3239} INFO - Sync 1 DAGs
[2025-03-21T21:30:55.138+0000] {logging_mixin.py:190} INFO - [2025-03-21T21:30:55.138+0000] {dag.py:4180} INFO - Setting next_dagrun for example_branch_dop_operator_v3 to 2025-03-21 21:29:00+00:00, run_after=2025-03-21 21:30:00+00:00
[2025-03-21T21:30:55.158+0000] {processor.py:208} INFO - Processing /home/usmail/sys_fraud/sys_detection_frauds/lib/python3.12/site-packages/airflow/example_dags/example_branch_python_dop_operator_3.py took 0.109 seconds
[2025-03-21T21:32:00.815+0000] {processor.py:186} INFO - Started process (PID=3756958) to work on /home/usmail/sys_fraud/sys_detection_frauds/lib/python3.12/site-packages/airflow/example_dags/example_branch_python_dop_operator_3.py
[2025-03-21T21:32:00.820+0000] {processor.py:914} INFO - Processing file /home/usmail/sys_fraud/sys_detection_frauds/lib/python3.12/site-packages/airflow/example_dags/example_branch_python_dop_operator_3.py for tasks to queue
[2025-03-21T21:32:00.823+0000] {logging_mixin.py:190} INFO - [2025-03-21T21:32:00.823+0000] {dagbag.py:588} INFO - Filling up the DagBag from /home/usmail/sys_fraud/sys_detection_frauds/lib/python3.12/site-packages/airflow/example_dags/example_branch_python_dop_operator_3.py
[2025-03-21T21:32:00.840+0000] {processor.py:925} INFO - DAG(s) 'example_branch_dop_operator_v3' retrieved from /home/usmail/sys_fraud/sys_detection_frauds/lib/python3.12/site-packages/airflow/example_dags/example_branch_python_dop_operator_3.py
[2025-03-21T21:32:00.862+0000] {logging_mixin.py:190} INFO - [2025-03-21T21:32:00.862+0000] {dag.py:3239} INFO - Sync 1 DAGs
[2025-03-21T21:32:00.886+0000] {logging_mixin.py:190} INFO - [2025-03-21T21:32:00.886+0000] {dag.py:4180} INFO - Setting next_dagrun for example_branch_dop_operator_v3 to 2025-03-21 21:31:00+00:00, run_after=2025-03-21 21:32:00+00:00
[2025-03-21T21:32:00.902+0000] {processor.py:208} INFO - Processing /home/usmail/sys_fraud/sys_detection_frauds/lib/python3.12/site-packages/airflow/example_dags/example_branch_python_dop_operator_3.py took 0.099 seconds
[2025-03-21T21:33:03.029+0000] {processor.py:186} INFO - Started process (PID=3757601) to work on /home/usmail/sys_fraud/sys_detection_frauds/lib/python3.12/site-packages/airflow/example_dags/example_branch_python_dop_operator_3.py
[2025-03-21T21:33:03.039+0000] {processor.py:914} INFO - Processing file /home/usmail/sys_fraud/sys_detection_frauds/lib/python3.12/site-packages/airflow/example_dags/example_branch_python_dop_operator_3.py for tasks to queue
[2025-03-21T21:33:03.042+0000] {logging_mixin.py:190} INFO - [2025-03-21T21:33:03.041+0000] {dagbag.py:588} INFO - Filling up the DagBag from /home/usmail/sys_fraud/sys_detection_frauds/lib/python3.12/site-packages/airflow/example_dags/example_branch_python_dop_operator_3.py
[2025-03-21T21:33:03.058+0000] {processor.py:925} INFO - DAG(s) 'example_branch_dop_operator_v3' retrieved from /home/usmail/sys_fraud/sys_detection_frauds/lib/python3.12/site-packages/airflow/example_dags/example_branch_python_dop_operator_3.py
[2025-03-21T21:33:03.082+0000] {logging_mixin.py:190} INFO - [2025-03-21T21:33:03.081+0000] {dag.py:3239} INFO - Sync 1 DAGs
[2025-03-21T21:33:03.105+0000] {logging_mixin.py:190} INFO - [2025-03-21T21:33:03.105+0000] {dag.py:4180} INFO - Setting next_dagrun for example_branch_dop_operator_v3 to 2025-03-21 21:32:00+00:00, run_after=2025-03-21 21:33:00+00:00
[2025-03-21T21:33:03.135+0000] {processor.py:208} INFO - Processing /home/usmail/sys_fraud/sys_detection_frauds/lib/python3.12/site-packages/airflow/example_dags/example_branch_python_dop_operator_3.py took 0.117 seconds
[2025-03-21T22:19:58.387+0000] {processor.py:186} INFO - Started process (PID=3758958) to work on /home/usmail/sys_fraud/sys_detection_frauds/lib/python3.12/site-packages/airflow/example_dags/example_branch_python_dop_operator_3.py
[2025-03-21T22:19:58.396+0000] {processor.py:914} INFO - Processing file /home/usmail/sys_fraud/sys_detection_frauds/lib/python3.12/site-packages/airflow/example_dags/example_branch_python_dop_operator_3.py for tasks to queue
[2025-03-21T22:19:58.399+0000] {logging_mixin.py:190} INFO - [2025-03-21T22:19:58.399+0000] {dagbag.py:588} INFO - Filling up the DagBag from /home/usmail/sys_fraud/sys_detection_frauds/lib/python3.12/site-packages/airflow/example_dags/example_branch_python_dop_operator_3.py
[2025-03-21T22:19:58.420+0000] {processor.py:925} INFO - DAG(s) 'example_branch_dop_operator_v3' retrieved from /home/usmail/sys_fraud/sys_detection_frauds/lib/python3.12/site-packages/airflow/example_dags/example_branch_python_dop_operator_3.py
[2025-03-21T22:19:58.443+0000] {logging_mixin.py:190} INFO - [2025-03-21T22:19:58.443+0000] {dag.py:3239} INFO - Sync 1 DAGs
[2025-03-21T22:19:58.470+0000] {logging_mixin.py:190} INFO - [2025-03-21T22:19:58.470+0000] {dag.py:4180} INFO - Setting next_dagrun for example_branch_dop_operator_v3 to 2025-03-21 22:18:00+00:00, run_after=2025-03-21 22:19:00+00:00
[2025-03-21T22:19:58.487+0000] {processor.py:208} INFO - Processing /home/usmail/sys_fraud/sys_detection_frauds/lib/python3.12/site-packages/airflow/example_dags/example_branch_python_dop_operator_3.py took 0.113 seconds
[2025-03-21T22:21:03.394+0000] {processor.py:186} INFO - Started process (PID=3759912) to work on /home/usmail/sys_fraud/sys_detection_frauds/lib/python3.12/site-packages/airflow/example_dags/example_branch_python_dop_operator_3.py
[2025-03-21T22:21:03.403+0000] {processor.py:914} INFO - Processing file /home/usmail/sys_fraud/sys_detection_frauds/lib/python3.12/site-packages/airflow/example_dags/example_branch_python_dop_operator_3.py for tasks to queue
[2025-03-21T22:21:03.406+0000] {logging_mixin.py:190} INFO - [2025-03-21T22:21:03.405+0000] {dagbag.py:588} INFO - Filling up the DagBag from /home/usmail/sys_fraud/sys_detection_frauds/lib/python3.12/site-packages/airflow/example_dags/example_branch_python_dop_operator_3.py
[2025-03-21T22:21:03.423+0000] {processor.py:925} INFO - DAG(s) 'example_branch_dop_operator_v3' retrieved from /home/usmail/sys_fraud/sys_detection_frauds/lib/python3.12/site-packages/airflow/example_dags/example_branch_python_dop_operator_3.py
[2025-03-21T22:21:03.445+0000] {logging_mixin.py:190} INFO - [2025-03-21T22:21:03.444+0000] {dag.py:3239} INFO - Sync 1 DAGs
[2025-03-21T22:21:03.468+0000] {logging_mixin.py:190} INFO - [2025-03-21T22:21:03.468+0000] {dag.py:4180} INFO - Setting next_dagrun for example_branch_dop_operator_v3 to 2025-03-21 22:20:00+00:00, run_after=2025-03-21 22:21:00+00:00
[2025-03-21T22:21:03.484+0000] {processor.py:208} INFO - Processing /home/usmail/sys_fraud/sys_detection_frauds/lib/python3.12/site-packages/airflow/example_dags/example_branch_python_dop_operator_3.py took 0.106 seconds
[2025-03-21T22:22:05.334+0000] {processor.py:186} INFO - Started process (PID=3760786) to work on /home/usmail/sys_fraud/sys_detection_frauds/lib/python3.12/site-packages/airflow/example_dags/example_branch_python_dop_operator_3.py
[2025-03-21T22:22:05.343+0000] {processor.py:914} INFO - Processing file /home/usmail/sys_fraud/sys_detection_frauds/lib/python3.12/site-packages/airflow/example_dags/example_branch_python_dop_operator_3.py for tasks to queue
[2025-03-21T22:22:05.345+0000] {logging_mixin.py:190} INFO - [2025-03-21T22:22:05.345+0000] {dagbag.py:588} INFO - Filling up the DagBag from /home/usmail/sys_fraud/sys_detection_frauds/lib/python3.12/site-packages/airflow/example_dags/example_branch_python_dop_operator_3.py
[2025-03-21T22:22:05.361+0000] {processor.py:925} INFO - DAG(s) 'example_branch_dop_operator_v3' retrieved from /home/usmail/sys_fraud/sys_detection_frauds/lib/python3.12/site-packages/airflow/example_dags/example_branch_python_dop_operator_3.py
[2025-03-21T22:22:05.384+0000] {logging_mixin.py:190} INFO - [2025-03-21T22:22:05.384+0000] {dag.py:3239} INFO - Sync 1 DAGs
[2025-03-21T22:22:05.412+0000] {logging_mixin.py:190} INFO - [2025-03-21T22:22:05.411+0000] {dag.py:4180} INFO - Setting next_dagrun for example_branch_dop_operator_v3 to 2025-03-21 22:21:00+00:00, run_after=2025-03-21 22:22:00+00:00
[2025-03-21T22:22:05.431+0000] {processor.py:208} INFO - Processing /home/usmail/sys_fraud/sys_detection_frauds/lib/python3.12/site-packages/airflow/example_dags/example_branch_python_dop_operator_3.py took 0.109 seconds
