[2025-03-21T20:50:14.558+0000] {processor.py:186} INFO - Started process (PID=3723448) to work on /home/usmail/sys_fraud/sys_detection_frauds/lib/python3.12/site-packages/airflow/example_dags/example_dag_decorator.py
[2025-03-21T20:50:14.558+0000] {processor.py:914} INFO - Processing file /home/usmail/sys_fraud/sys_detection_frauds/lib/python3.12/site-packages/airflow/example_dags/example_dag_decorator.py for tasks to queue
[2025-03-21T20:50:14.560+0000] {logging_mixin.py:190} INFO - [2025-03-21T20:50:14.560+0000] {dagbag.py:588} INFO - Filling up the DagBag from /home/usmail/sys_fraud/sys_detection_frauds/lib/python3.12/site-packages/airflow/example_dags/example_dag_decorator.py
[2025-03-21T20:50:14.612+0000] {processor.py:925} INFO - DAG(s) 'example_dag_decorator' retrieved from /home/usmail/sys_fraud/sys_detection_frauds/lib/python3.12/site-packages/airflow/example_dags/example_dag_decorator.py
[2025-03-21T20:50:14.707+0000] {logging_mixin.py:190} INFO - [2025-03-21T20:50:14.705+0000] {override.py:1912} INFO - Created Permission View: can edit on DAG:example_dag_decorator
[2025-03-21T20:50:14.726+0000] {logging_mixin.py:190} INFO - [2025-03-21T20:50:14.725+0000] {override.py:1912} INFO - Created Permission View: can read on DAG:example_dag_decorator
[2025-03-21T20:50:14.732+0000] {logging_mixin.py:190} INFO - [2025-03-21T20:50:14.732+0000] {override.py:1912} INFO - Created Permission View: can delete on DAG:example_dag_decorator
[2025-03-21T20:50:14.747+0000] {logging_mixin.py:190} INFO - [2025-03-21T20:50:14.746+0000] {override.py:1912} INFO - Created Permission View: can create on DAG Run:example_dag_decorator
[2025-03-21T20:50:14.752+0000] {logging_mixin.py:190} INFO - [2025-03-21T20:50:14.752+0000] {override.py:1912} INFO - Created Permission View: menu access on DAG Run:example_dag_decorator
[2025-03-21T20:50:14.758+0000] {logging_mixin.py:190} INFO - [2025-03-21T20:50:14.758+0000] {override.py:1912} INFO - Created Permission View: can read on DAG Run:example_dag_decorator
[2025-03-21T20:50:14.763+0000] {logging_mixin.py:190} INFO - [2025-03-21T20:50:14.763+0000] {override.py:1912} INFO - Created Permission View: can delete on DAG Run:example_dag_decorator
[2025-03-21T20:50:14.763+0000] {logging_mixin.py:190} INFO - [2025-03-21T20:50:14.763+0000] {dag.py:3239} INFO - Sync 1 DAGs
[2025-03-21T20:50:14.770+0000] {logging_mixin.py:190} INFO - [2025-03-21T20:50:14.769+0000] {dag.py:3262} INFO - Creating ORM DAG for example_dag_decorator
[2025-03-21T20:50:14.770+0000] {logging_mixin.py:190} INFO - [2025-03-21T20:50:14.770+0000] {dag.py:4180} INFO - Setting next_dagrun for example_dag_decorator to None, run_after=None
[2025-03-21T20:50:14.782+0000] {processor.py:208} INFO - Processing /home/usmail/sys_fraud/sys_detection_frauds/lib/python3.12/site-packages/airflow/example_dags/example_dag_decorator.py took 0.228 seconds
[2025-03-21T20:51:12.572+0000] {processor.py:186} INFO - Started process (PID=3724167) to work on /home/usmail/sys_fraud/sys_detection_frauds/lib/python3.12/site-packages/airflow/example_dags/example_dag_decorator.py
[2025-03-21T20:51:12.581+0000] {processor.py:914} INFO - Processing file /home/usmail/sys_fraud/sys_detection_frauds/lib/python3.12/site-packages/airflow/example_dags/example_dag_decorator.py for tasks to queue
[2025-03-21T20:51:12.582+0000] {logging_mixin.py:190} INFO - [2025-03-21T20:51:12.582+0000] {dagbag.py:588} INFO - Filling up the DagBag from /home/usmail/sys_fraud/sys_detection_frauds/lib/python3.12/site-packages/airflow/example_dags/example_dag_decorator.py
[2025-03-21T20:51:12.642+0000] {processor.py:925} INFO - DAG(s) 'example_dag_decorator' retrieved from /home/usmail/sys_fraud/sys_detection_frauds/lib/python3.12/site-packages/airflow/example_dags/example_dag_decorator.py
[2025-03-21T20:51:12.777+0000] {logging_mixin.py:190} INFO - [2025-03-21T20:51:12.777+0000] {dag.py:3239} INFO - Sync 1 DAGs
[2025-03-21T20:51:12.782+0000] {logging_mixin.py:190} INFO - [2025-03-21T20:51:12.782+0000] {dag.py:4180} INFO - Setting next_dagrun for example_dag_decorator to None, run_after=None
[2025-03-21T20:51:12.808+0000] {processor.py:208} INFO - Processing /home/usmail/sys_fraud/sys_detection_frauds/lib/python3.12/site-packages/airflow/example_dags/example_dag_decorator.py took 0.240 seconds
[2025-03-21T20:52:07.332+0000] {processor.py:186} INFO - Started process (PID=3724851) to work on /home/usmail/sys_fraud/sys_detection_frauds/lib/python3.12/site-packages/airflow/example_dags/example_dag_decorator.py
[2025-03-21T20:52:07.332+0000] {processor.py:914} INFO - Processing file /home/usmail/sys_fraud/sys_detection_frauds/lib/python3.12/site-packages/airflow/example_dags/example_dag_decorator.py for tasks to queue
[2025-03-21T20:52:07.334+0000] {logging_mixin.py:190} INFO - [2025-03-21T20:52:07.333+0000] {dagbag.py:588} INFO - Filling up the DagBag from /home/usmail/sys_fraud/sys_detection_frauds/lib/python3.12/site-packages/airflow/example_dags/example_dag_decorator.py
[2025-03-21T20:52:07.395+0000] {processor.py:925} INFO - DAG(s) 'example_dag_decorator' retrieved from /home/usmail/sys_fraud/sys_detection_frauds/lib/python3.12/site-packages/airflow/example_dags/example_dag_decorator.py
[2025-03-21T20:52:07.561+0000] {logging_mixin.py:190} INFO - [2025-03-21T20:52:07.561+0000] {dag.py:3239} INFO - Sync 1 DAGs
[2025-03-21T20:52:07.569+0000] {logging_mixin.py:190} INFO - [2025-03-21T20:52:07.569+0000] {dag.py:4180} INFO - Setting next_dagrun for example_dag_decorator to None, run_after=None
[2025-03-21T20:52:07.603+0000] {processor.py:208} INFO - Processing /home/usmail/sys_fraud/sys_detection_frauds/lib/python3.12/site-packages/airflow/example_dags/example_dag_decorator.py took 0.275 seconds
[2025-03-21T20:53:24.939+0000] {processor.py:186} INFO - Started process (PID=3725704) to work on /home/usmail/sys_fraud/sys_detection_frauds/lib/python3.12/site-packages/airflow/example_dags/example_dag_decorator.py
[2025-03-21T20:53:24.947+0000] {processor.py:914} INFO - Processing file /home/usmail/sys_fraud/sys_detection_frauds/lib/python3.12/site-packages/airflow/example_dags/example_dag_decorator.py for tasks to queue
[2025-03-21T20:53:24.948+0000] {logging_mixin.py:190} INFO - [2025-03-21T20:53:24.948+0000] {dagbag.py:588} INFO - Filling up the DagBag from /home/usmail/sys_fraud/sys_detection_frauds/lib/python3.12/site-packages/airflow/example_dags/example_dag_decorator.py
[2025-03-21T20:53:25.077+0000] {processor.py:925} INFO - DAG(s) 'example_dag_decorator' retrieved from /home/usmail/sys_fraud/sys_detection_frauds/lib/python3.12/site-packages/airflow/example_dags/example_dag_decorator.py
[2025-03-21T20:53:25.129+0000] {logging_mixin.py:190} INFO - [2025-03-21T20:53:25.129+0000] {dag.py:3239} INFO - Sync 1 DAGs
[2025-03-21T20:53:25.135+0000] {logging_mixin.py:190} INFO - [2025-03-21T20:53:25.134+0000] {dag.py:4180} INFO - Setting next_dagrun for example_dag_decorator to None, run_after=None
[2025-03-21T20:53:25.154+0000] {processor.py:208} INFO - Processing /home/usmail/sys_fraud/sys_detection_frauds/lib/python3.12/site-packages/airflow/example_dags/example_dag_decorator.py took 0.221 seconds
[2025-03-21T20:54:22.156+0000] {processor.py:186} INFO - Started process (PID=3726437) to work on /home/usmail/sys_fraud/sys_detection_frauds/lib/python3.12/site-packages/airflow/example_dags/example_dag_decorator.py
[2025-03-21T20:54:22.165+0000] {processor.py:914} INFO - Processing file /home/usmail/sys_fraud/sys_detection_frauds/lib/python3.12/site-packages/airflow/example_dags/example_dag_decorator.py for tasks to queue
[2025-03-21T20:54:22.167+0000] {logging_mixin.py:190} INFO - [2025-03-21T20:54:22.167+0000] {dagbag.py:588} INFO - Filling up the DagBag from /home/usmail/sys_fraud/sys_detection_frauds/lib/python3.12/site-packages/airflow/example_dags/example_dag_decorator.py
[2025-03-21T20:54:22.304+0000] {processor.py:925} INFO - DAG(s) 'example_dag_decorator' retrieved from /home/usmail/sys_fraud/sys_detection_frauds/lib/python3.12/site-packages/airflow/example_dags/example_dag_decorator.py
[2025-03-21T20:54:22.357+0000] {logging_mixin.py:190} INFO - [2025-03-21T20:54:22.357+0000] {dag.py:3239} INFO - Sync 1 DAGs
[2025-03-21T20:54:22.363+0000] {logging_mixin.py:190} INFO - [2025-03-21T20:54:22.363+0000] {dag.py:4180} INFO - Setting next_dagrun for example_dag_decorator to None, run_after=None
[2025-03-21T20:54:22.374+0000] {processor.py:208} INFO - Processing /home/usmail/sys_fraud/sys_detection_frauds/lib/python3.12/site-packages/airflow/example_dags/example_dag_decorator.py took 0.224 seconds
[2025-03-21T20:55:38.373+0000] {processor.py:186} INFO - Started process (PID=3727369) to work on /home/usmail/sys_fraud/sys_detection_frauds/lib/python3.12/site-packages/airflow/example_dags/example_dag_decorator.py
[2025-03-21T20:55:38.382+0000] {processor.py:914} INFO - Processing file /home/usmail/sys_fraud/sys_detection_frauds/lib/python3.12/site-packages/airflow/example_dags/example_dag_decorator.py for tasks to queue
[2025-03-21T20:55:38.385+0000] {logging_mixin.py:190} INFO - [2025-03-21T20:55:38.384+0000] {dagbag.py:588} INFO - Filling up the DagBag from /home/usmail/sys_fraud/sys_detection_frauds/lib/python3.12/site-packages/airflow/example_dags/example_dag_decorator.py
[2025-03-21T20:55:38.440+0000] {processor.py:925} INFO - DAG(s) 'example_dag_decorator' retrieved from /home/usmail/sys_fraud/sys_detection_frauds/lib/python3.12/site-packages/airflow/example_dags/example_dag_decorator.py
[2025-03-21T20:55:38.494+0000] {logging_mixin.py:190} INFO - [2025-03-21T20:55:38.494+0000] {dag.py:3239} INFO - Sync 1 DAGs
[2025-03-21T20:55:38.500+0000] {logging_mixin.py:190} INFO - [2025-03-21T20:55:38.500+0000] {dag.py:4180} INFO - Setting next_dagrun for example_dag_decorator to None, run_after=None
[2025-03-21T20:55:38.527+0000] {processor.py:208} INFO - Processing /home/usmail/sys_fraud/sys_detection_frauds/lib/python3.12/site-packages/airflow/example_dags/example_dag_decorator.py took 0.162 seconds
[2025-03-21T20:56:56.389+0000] {processor.py:186} INFO - Started process (PID=3728507) to work on /home/usmail/sys_fraud/sys_detection_frauds/lib/python3.12/site-packages/airflow/example_dags/example_dag_decorator.py
[2025-03-21T20:56:56.397+0000] {processor.py:914} INFO - Processing file /home/usmail/sys_fraud/sys_detection_frauds/lib/python3.12/site-packages/airflow/example_dags/example_dag_decorator.py for tasks to queue
[2025-03-21T20:56:56.401+0000] {logging_mixin.py:190} INFO - [2025-03-21T20:56:56.400+0000] {dagbag.py:588} INFO - Filling up the DagBag from /home/usmail/sys_fraud/sys_detection_frauds/lib/python3.12/site-packages/airflow/example_dags/example_dag_decorator.py
[2025-03-21T20:56:56.455+0000] {processor.py:925} INFO - DAG(s) 'example_dag_decorator' retrieved from /home/usmail/sys_fraud/sys_detection_frauds/lib/python3.12/site-packages/airflow/example_dags/example_dag_decorator.py
[2025-03-21T20:56:56.506+0000] {logging_mixin.py:190} INFO - [2025-03-21T20:56:56.506+0000] {dag.py:3239} INFO - Sync 1 DAGs
[2025-03-21T20:56:56.512+0000] {logging_mixin.py:190} INFO - [2025-03-21T20:56:56.512+0000] {dag.py:4180} INFO - Setting next_dagrun for example_dag_decorator to None, run_after=None
[2025-03-21T20:56:56.526+0000] {processor.py:208} INFO - Processing /home/usmail/sys_fraud/sys_detection_frauds/lib/python3.12/site-packages/airflow/example_dags/example_dag_decorator.py took 0.142 seconds
[2025-03-21T20:58:12.895+0000] {processor.py:186} INFO - Started process (PID=3729396) to work on /home/usmail/sys_fraud/sys_detection_frauds/lib/python3.12/site-packages/airflow/example_dags/example_dag_decorator.py
[2025-03-21T20:58:12.896+0000] {processor.py:914} INFO - Processing file /home/usmail/sys_fraud/sys_detection_frauds/lib/python3.12/site-packages/airflow/example_dags/example_dag_decorator.py for tasks to queue
[2025-03-21T20:58:12.898+0000] {logging_mixin.py:190} INFO - [2025-03-21T20:58:12.897+0000] {dagbag.py:588} INFO - Filling up the DagBag from /home/usmail/sys_fraud/sys_detection_frauds/lib/python3.12/site-packages/airflow/example_dags/example_dag_decorator.py
[2025-03-21T20:58:12.949+0000] {processor.py:925} INFO - DAG(s) 'example_dag_decorator' retrieved from /home/usmail/sys_fraud/sys_detection_frauds/lib/python3.12/site-packages/airflow/example_dags/example_dag_decorator.py
[2025-03-21T20:58:13.007+0000] {logging_mixin.py:190} INFO - [2025-03-21T20:58:13.007+0000] {dag.py:3239} INFO - Sync 1 DAGs
[2025-03-21T20:58:13.013+0000] {logging_mixin.py:190} INFO - [2025-03-21T20:58:13.013+0000] {dag.py:4180} INFO - Setting next_dagrun for example_dag_decorator to None, run_after=None
[2025-03-21T20:58:13.038+0000] {processor.py:208} INFO - Processing /home/usmail/sys_fraud/sys_detection_frauds/lib/python3.12/site-packages/airflow/example_dags/example_dag_decorator.py took 0.147 seconds
[2025-03-21T21:00:03.593+0000] {processor.py:186} INFO - Started process (PID=3730910) to work on /home/usmail/sys_fraud/sys_detection_frauds/lib/python3.12/site-packages/airflow/example_dags/example_dag_decorator.py
[2025-03-21T21:00:03.602+0000] {processor.py:914} INFO - Processing file /home/usmail/sys_fraud/sys_detection_frauds/lib/python3.12/site-packages/airflow/example_dags/example_dag_decorator.py for tasks to queue
[2025-03-21T21:00:03.605+0000] {logging_mixin.py:190} INFO - [2025-03-21T21:00:03.605+0000] {dagbag.py:588} INFO - Filling up the DagBag from /home/usmail/sys_fraud/sys_detection_frauds/lib/python3.12/site-packages/airflow/example_dags/example_dag_decorator.py
[2025-03-21T21:00:03.660+0000] {processor.py:925} INFO - DAG(s) 'example_dag_decorator' retrieved from /home/usmail/sys_fraud/sys_detection_frauds/lib/python3.12/site-packages/airflow/example_dags/example_dag_decorator.py
[2025-03-21T21:00:03.717+0000] {logging_mixin.py:190} INFO - [2025-03-21T21:00:03.717+0000] {dag.py:3239} INFO - Sync 1 DAGs
[2025-03-21T21:00:03.805+0000] {logging_mixin.py:190} INFO - [2025-03-21T21:00:03.805+0000] {dag.py:4180} INFO - Setting next_dagrun for example_dag_decorator to None, run_after=None
[2025-03-21T21:00:03.825+0000] {processor.py:208} INFO - Processing /home/usmail/sys_fraud/sys_detection_frauds/lib/python3.12/site-packages/airflow/example_dags/example_dag_decorator.py took 0.239 seconds
[2025-03-21T21:01:01.180+0000] {processor.py:186} INFO - Started process (PID=3731660) to work on /home/usmail/sys_fraud/sys_detection_frauds/lib/python3.12/site-packages/airflow/example_dags/example_dag_decorator.py
[2025-03-21T21:01:01.189+0000] {processor.py:914} INFO - Processing file /home/usmail/sys_fraud/sys_detection_frauds/lib/python3.12/site-packages/airflow/example_dags/example_dag_decorator.py for tasks to queue
[2025-03-21T21:01:01.192+0000] {logging_mixin.py:190} INFO - [2025-03-21T21:01:01.191+0000] {dagbag.py:588} INFO - Filling up the DagBag from /home/usmail/sys_fraud/sys_detection_frauds/lib/python3.12/site-packages/airflow/example_dags/example_dag_decorator.py
[2025-03-21T21:01:01.245+0000] {processor.py:925} INFO - DAG(s) 'example_dag_decorator' retrieved from /home/usmail/sys_fraud/sys_detection_frauds/lib/python3.12/site-packages/airflow/example_dags/example_dag_decorator.py
[2025-03-21T21:01:01.377+0000] {logging_mixin.py:190} INFO - [2025-03-21T21:01:01.377+0000] {dag.py:3239} INFO - Sync 1 DAGs
[2025-03-21T21:01:01.383+0000] {logging_mixin.py:190} INFO - [2025-03-21T21:01:01.383+0000] {dag.py:4180} INFO - Setting next_dagrun for example_dag_decorator to None, run_after=None
[2025-03-21T21:01:01.405+0000] {processor.py:208} INFO - Processing /home/usmail/sys_fraud/sys_detection_frauds/lib/python3.12/site-packages/airflow/example_dags/example_dag_decorator.py took 0.231 seconds
[2025-03-21T21:01:56.656+0000] {processor.py:186} INFO - Started process (PID=3732344) to work on /home/usmail/sys_fraud/sys_detection_frauds/lib/python3.12/site-packages/airflow/example_dags/example_dag_decorator.py
[2025-03-21T21:01:56.665+0000] {processor.py:914} INFO - Processing file /home/usmail/sys_fraud/sys_detection_frauds/lib/python3.12/site-packages/airflow/example_dags/example_dag_decorator.py for tasks to queue
[2025-03-21T21:01:56.668+0000] {logging_mixin.py:190} INFO - [2025-03-21T21:01:56.667+0000] {dagbag.py:588} INFO - Filling up the DagBag from /home/usmail/sys_fraud/sys_detection_frauds/lib/python3.12/site-packages/airflow/example_dags/example_dag_decorator.py
[2025-03-21T21:01:56.720+0000] {processor.py:925} INFO - DAG(s) 'example_dag_decorator' retrieved from /home/usmail/sys_fraud/sys_detection_frauds/lib/python3.12/site-packages/airflow/example_dags/example_dag_decorator.py
[2025-03-21T21:01:56.863+0000] {logging_mixin.py:190} INFO - [2025-03-21T21:01:56.863+0000] {dag.py:3239} INFO - Sync 1 DAGs
[2025-03-21T21:01:56.870+0000] {logging_mixin.py:190} INFO - [2025-03-21T21:01:56.870+0000] {dag.py:4180} INFO - Setting next_dagrun for example_dag_decorator to None, run_after=None
[2025-03-21T21:01:56.891+0000] {processor.py:208} INFO - Processing /home/usmail/sys_fraud/sys_detection_frauds/lib/python3.12/site-packages/airflow/example_dags/example_dag_decorator.py took 0.239 seconds
[2025-03-21T21:02:52.087+0000] {processor.py:186} INFO - Started process (PID=3733006) to work on /home/usmail/sys_fraud/sys_detection_frauds/lib/python3.12/site-packages/airflow/example_dags/example_dag_decorator.py
[2025-03-21T21:02:52.095+0000] {processor.py:914} INFO - Processing file /home/usmail/sys_fraud/sys_detection_frauds/lib/python3.12/site-packages/airflow/example_dags/example_dag_decorator.py for tasks to queue
[2025-03-21T21:02:52.097+0000] {logging_mixin.py:190} INFO - [2025-03-21T21:02:52.096+0000] {dagbag.py:588} INFO - Filling up the DagBag from /home/usmail/sys_fraud/sys_detection_frauds/lib/python3.12/site-packages/airflow/example_dags/example_dag_decorator.py
[2025-03-21T21:02:52.240+0000] {processor.py:925} INFO - DAG(s) 'example_dag_decorator' retrieved from /home/usmail/sys_fraud/sys_detection_frauds/lib/python3.12/site-packages/airflow/example_dags/example_dag_decorator.py
[2025-03-21T21:02:52.290+0000] {logging_mixin.py:190} INFO - [2025-03-21T21:02:52.290+0000] {dag.py:3239} INFO - Sync 1 DAGs
[2025-03-21T21:02:52.295+0000] {logging_mixin.py:190} INFO - [2025-03-21T21:02:52.295+0000] {dag.py:4180} INFO - Setting next_dagrun for example_dag_decorator to None, run_after=None
[2025-03-21T21:02:52.316+0000] {processor.py:208} INFO - Processing /home/usmail/sys_fraud/sys_detection_frauds/lib/python3.12/site-packages/airflow/example_dags/example_dag_decorator.py took 0.236 seconds
[2025-03-21T21:04:14.812+0000] {processor.py:186} INFO - Started process (PID=3734115) to work on /home/usmail/sys_fraud/sys_detection_frauds/lib/python3.12/site-packages/airflow/example_dags/example_dag_decorator.py
[2025-03-21T21:04:14.821+0000] {processor.py:914} INFO - Processing file /home/usmail/sys_fraud/sys_detection_frauds/lib/python3.12/site-packages/airflow/example_dags/example_dag_decorator.py for tasks to queue
[2025-03-21T21:04:14.822+0000] {logging_mixin.py:190} INFO - [2025-03-21T21:04:14.822+0000] {dagbag.py:588} INFO - Filling up the DagBag from /home/usmail/sys_fraud/sys_detection_frauds/lib/python3.12/site-packages/airflow/example_dags/example_dag_decorator.py
[2025-03-21T21:04:14.964+0000] {processor.py:925} INFO - DAG(s) 'example_dag_decorator' retrieved from /home/usmail/sys_fraud/sys_detection_frauds/lib/python3.12/site-packages/airflow/example_dags/example_dag_decorator.py
[2025-03-21T21:04:14.976+0000] {logging_mixin.py:190} INFO - [2025-03-21T21:04:14.976+0000] {dag.py:3239} INFO - Sync 1 DAGs
[2025-03-21T21:04:14.987+0000] {logging_mixin.py:190} INFO - [2025-03-21T21:04:14.987+0000] {dag.py:4180} INFO - Setting next_dagrun for example_dag_decorator to None, run_after=None
[2025-03-21T21:04:15.016+0000] {processor.py:208} INFO - Processing /home/usmail/sys_fraud/sys_detection_frauds/lib/python3.12/site-packages/airflow/example_dags/example_dag_decorator.py took 0.207 seconds
[2025-03-21T21:05:09.908+0000] {processor.py:186} INFO - Started process (PID=3734980) to work on /home/usmail/sys_fraud/sys_detection_frauds/lib/python3.12/site-packages/airflow/example_dags/example_dag_decorator.py
[2025-03-21T21:05:09.917+0000] {processor.py:914} INFO - Processing file /home/usmail/sys_fraud/sys_detection_frauds/lib/python3.12/site-packages/airflow/example_dags/example_dag_decorator.py for tasks to queue
[2025-03-21T21:05:09.919+0000] {logging_mixin.py:190} INFO - [2025-03-21T21:05:09.918+0000] {dagbag.py:588} INFO - Filling up the DagBag from /home/usmail/sys_fraud/sys_detection_frauds/lib/python3.12/site-packages/airflow/example_dags/example_dag_decorator.py
[2025-03-21T21:05:09.999+0000] {processor.py:925} INFO - DAG(s) 'example_dag_decorator' retrieved from /home/usmail/sys_fraud/sys_detection_frauds/lib/python3.12/site-packages/airflow/example_dags/example_dag_decorator.py
[2025-03-21T21:05:10.072+0000] {logging_mixin.py:190} INFO - [2025-03-21T21:05:10.072+0000] {dag.py:3239} INFO - Sync 1 DAGs
[2025-03-21T21:05:10.082+0000] {logging_mixin.py:190} INFO - [2025-03-21T21:05:10.081+0000] {dag.py:4180} INFO - Setting next_dagrun for example_dag_decorator to None, run_after=None
[2025-03-21T21:05:10.113+0000] {processor.py:208} INFO - Processing /home/usmail/sys_fraud/sys_detection_frauds/lib/python3.12/site-packages/airflow/example_dags/example_dag_decorator.py took 0.211 seconds
[2025-03-21T21:06:28.248+0000] {processor.py:186} INFO - Started process (PID=3736566) to work on /home/usmail/sys_fraud/sys_detection_frauds/lib/python3.12/site-packages/airflow/example_dags/example_dag_decorator.py
[2025-03-21T21:06:28.256+0000] {processor.py:914} INFO - Processing file /home/usmail/sys_fraud/sys_detection_frauds/lib/python3.12/site-packages/airflow/example_dags/example_dag_decorator.py for tasks to queue
[2025-03-21T21:06:28.259+0000] {logging_mixin.py:190} INFO - [2025-03-21T21:06:28.259+0000] {dagbag.py:588} INFO - Filling up the DagBag from /home/usmail/sys_fraud/sys_detection_frauds/lib/python3.12/site-packages/airflow/example_dags/example_dag_decorator.py
[2025-03-21T21:06:28.311+0000] {processor.py:925} INFO - DAG(s) 'example_dag_decorator' retrieved from /home/usmail/sys_fraud/sys_detection_frauds/lib/python3.12/site-packages/airflow/example_dags/example_dag_decorator.py
[2025-03-21T21:06:28.370+0000] {logging_mixin.py:190} INFO - [2025-03-21T21:06:28.370+0000] {dag.py:3239} INFO - Sync 1 DAGs
[2025-03-21T21:06:28.377+0000] {logging_mixin.py:190} INFO - [2025-03-21T21:06:28.376+0000] {dag.py:4180} INFO - Setting next_dagrun for example_dag_decorator to None, run_after=None
[2025-03-21T21:06:28.400+0000] {processor.py:208} INFO - Processing /home/usmail/sys_fraud/sys_detection_frauds/lib/python3.12/site-packages/airflow/example_dags/example_dag_decorator.py took 0.157 seconds
[2025-03-21T21:07:44.317+0000] {processor.py:186} INFO - Started process (PID=3737647) to work on /home/usmail/sys_fraud/sys_detection_frauds/lib/python3.12/site-packages/airflow/example_dags/example_dag_decorator.py
[2025-03-21T21:07:44.326+0000] {processor.py:914} INFO - Processing file /home/usmail/sys_fraud/sys_detection_frauds/lib/python3.12/site-packages/airflow/example_dags/example_dag_decorator.py for tasks to queue
[2025-03-21T21:07:44.328+0000] {logging_mixin.py:190} INFO - [2025-03-21T21:07:44.327+0000] {dagbag.py:588} INFO - Filling up the DagBag from /home/usmail/sys_fraud/sys_detection_frauds/lib/python3.12/site-packages/airflow/example_dags/example_dag_decorator.py
[2025-03-21T21:07:44.408+0000] {processor.py:925} INFO - DAG(s) 'example_dag_decorator' retrieved from /home/usmail/sys_fraud/sys_detection_frauds/lib/python3.12/site-packages/airflow/example_dags/example_dag_decorator.py
[2025-03-21T21:07:44.490+0000] {logging_mixin.py:190} INFO - [2025-03-21T21:07:44.490+0000] {dag.py:3239} INFO - Sync 1 DAGs
[2025-03-21T21:07:44.496+0000] {logging_mixin.py:190} INFO - [2025-03-21T21:07:44.496+0000] {dag.py:4180} INFO - Setting next_dagrun for example_dag_decorator to None, run_after=None
[2025-03-21T21:07:44.519+0000] {processor.py:208} INFO - Processing /home/usmail/sys_fraud/sys_detection_frauds/lib/python3.12/site-packages/airflow/example_dags/example_dag_decorator.py took 0.206 seconds
[2025-03-21T21:08:40.430+0000] {processor.py:186} INFO - Started process (PID=3738363) to work on /home/usmail/sys_fraud/sys_detection_frauds/lib/python3.12/site-packages/airflow/example_dags/example_dag_decorator.py
[2025-03-21T21:08:40.434+0000] {processor.py:914} INFO - Processing file /home/usmail/sys_fraud/sys_detection_frauds/lib/python3.12/site-packages/airflow/example_dags/example_dag_decorator.py for tasks to queue
[2025-03-21T21:08:40.437+0000] {logging_mixin.py:190} INFO - [2025-03-21T21:08:40.436+0000] {dagbag.py:588} INFO - Filling up the DagBag from /home/usmail/sys_fraud/sys_detection_frauds/lib/python3.12/site-packages/airflow/example_dags/example_dag_decorator.py
[2025-03-21T21:08:40.528+0000] {processor.py:925} INFO - DAG(s) 'example_dag_decorator' retrieved from /home/usmail/sys_fraud/sys_detection_frauds/lib/python3.12/site-packages/airflow/example_dags/example_dag_decorator.py
[2025-03-21T21:08:40.605+0000] {logging_mixin.py:190} INFO - [2025-03-21T21:08:40.605+0000] {dag.py:3239} INFO - Sync 1 DAGs
[2025-03-21T21:08:40.615+0000] {logging_mixin.py:190} INFO - [2025-03-21T21:08:40.614+0000] {dag.py:4180} INFO - Setting next_dagrun for example_dag_decorator to None, run_after=None
[2025-03-21T21:08:40.639+0000] {processor.py:208} INFO - Processing /home/usmail/sys_fraud/sys_detection_frauds/lib/python3.12/site-packages/airflow/example_dags/example_dag_decorator.py took 0.223 seconds
[2025-03-21T21:09:38.225+0000] {processor.py:186} INFO - Started process (PID=3739221) to work on /home/usmail/sys_fraud/sys_detection_frauds/lib/python3.12/site-packages/airflow/example_dags/example_dag_decorator.py
[2025-03-21T21:09:38.234+0000] {processor.py:914} INFO - Processing file /home/usmail/sys_fraud/sys_detection_frauds/lib/python3.12/site-packages/airflow/example_dags/example_dag_decorator.py for tasks to queue
[2025-03-21T21:09:38.237+0000] {logging_mixin.py:190} INFO - [2025-03-21T21:09:38.237+0000] {dagbag.py:588} INFO - Filling up the DagBag from /home/usmail/sys_fraud/sys_detection_frauds/lib/python3.12/site-packages/airflow/example_dags/example_dag_decorator.py
[2025-03-21T21:09:38.330+0000] {processor.py:925} INFO - DAG(s) 'example_dag_decorator' retrieved from /home/usmail/sys_fraud/sys_detection_frauds/lib/python3.12/site-packages/airflow/example_dags/example_dag_decorator.py
[2025-03-21T21:09:38.342+0000] {logging_mixin.py:190} INFO - [2025-03-21T21:09:38.342+0000] {dag.py:3239} INFO - Sync 1 DAGs
[2025-03-21T21:09:38.351+0000] {logging_mixin.py:190} INFO - [2025-03-21T21:09:38.351+0000] {dag.py:4180} INFO - Setting next_dagrun for example_dag_decorator to None, run_after=None
[2025-03-21T21:09:38.380+0000] {processor.py:208} INFO - Processing /home/usmail/sys_fraud/sys_detection_frauds/lib/python3.12/site-packages/airflow/example_dags/example_dag_decorator.py took 0.167 seconds
[2025-03-21T21:10:36.033+0000] {processor.py:186} INFO - Started process (PID=3740662) to work on /home/usmail/sys_fraud/sys_detection_frauds/lib/python3.12/site-packages/airflow/example_dags/example_dag_decorator.py
[2025-03-21T21:10:36.035+0000] {processor.py:914} INFO - Processing file /home/usmail/sys_fraud/sys_detection_frauds/lib/python3.12/site-packages/airflow/example_dags/example_dag_decorator.py for tasks to queue
[2025-03-21T21:10:36.038+0000] {logging_mixin.py:190} INFO - [2025-03-21T21:10:36.037+0000] {dagbag.py:588} INFO - Filling up the DagBag from /home/usmail/sys_fraud/sys_detection_frauds/lib/python3.12/site-packages/airflow/example_dags/example_dag_decorator.py
[2025-03-21T21:10:36.128+0000] {processor.py:925} INFO - DAG(s) 'example_dag_decorator' retrieved from /home/usmail/sys_fraud/sys_detection_frauds/lib/python3.12/site-packages/airflow/example_dags/example_dag_decorator.py
[2025-03-21T21:10:36.142+0000] {logging_mixin.py:190} INFO - [2025-03-21T21:10:36.142+0000] {dag.py:3239} INFO - Sync 1 DAGs
[2025-03-21T21:10:36.151+0000] {logging_mixin.py:190} INFO - [2025-03-21T21:10:36.151+0000] {dag.py:4180} INFO - Setting next_dagrun for example_dag_decorator to None, run_after=None
[2025-03-21T21:10:36.171+0000] {processor.py:208} INFO - Processing /home/usmail/sys_fraud/sys_detection_frauds/lib/python3.12/site-packages/airflow/example_dags/example_dag_decorator.py took 0.150 seconds
[2025-03-21T21:11:34.444+0000] {processor.py:186} INFO - Started process (PID=3741768) to work on /home/usmail/sys_fraud/sys_detection_frauds/lib/python3.12/site-packages/airflow/example_dags/example_dag_decorator.py
[2025-03-21T21:11:34.453+0000] {processor.py:914} INFO - Processing file /home/usmail/sys_fraud/sys_detection_frauds/lib/python3.12/site-packages/airflow/example_dags/example_dag_decorator.py for tasks to queue
[2025-03-21T21:11:34.455+0000] {logging_mixin.py:190} INFO - [2025-03-21T21:11:34.454+0000] {dagbag.py:588} INFO - Filling up the DagBag from /home/usmail/sys_fraud/sys_detection_frauds/lib/python3.12/site-packages/airflow/example_dags/example_dag_decorator.py
[2025-03-21T21:11:34.527+0000] {processor.py:925} INFO - DAG(s) 'example_dag_decorator' retrieved from /home/usmail/sys_fraud/sys_detection_frauds/lib/python3.12/site-packages/airflow/example_dags/example_dag_decorator.py
[2025-03-21T21:11:34.541+0000] {logging_mixin.py:190} INFO - [2025-03-21T21:11:34.541+0000] {dag.py:3239} INFO - Sync 1 DAGs
[2025-03-21T21:11:34.553+0000] {logging_mixin.py:190} INFO - [2025-03-21T21:11:34.552+0000] {dag.py:4180} INFO - Setting next_dagrun for example_dag_decorator to None, run_after=None
[2025-03-21T21:11:34.577+0000] {processor.py:208} INFO - Processing /home/usmail/sys_fraud/sys_detection_frauds/lib/python3.12/site-packages/airflow/example_dags/example_dag_decorator.py took 0.139 seconds
[2025-03-21T21:12:29.176+0000] {processor.py:186} INFO - Started process (PID=3742872) to work on /home/usmail/sys_fraud/sys_detection_frauds/lib/python3.12/site-packages/airflow/example_dags/example_dag_decorator.py
[2025-03-21T21:12:29.184+0000] {processor.py:914} INFO - Processing file /home/usmail/sys_fraud/sys_detection_frauds/lib/python3.12/site-packages/airflow/example_dags/example_dag_decorator.py for tasks to queue
[2025-03-21T21:12:29.186+0000] {logging_mixin.py:190} INFO - [2025-03-21T21:12:29.186+0000] {dagbag.py:588} INFO - Filling up the DagBag from /home/usmail/sys_fraud/sys_detection_frauds/lib/python3.12/site-packages/airflow/example_dags/example_dag_decorator.py
[2025-03-21T21:12:29.250+0000] {processor.py:925} INFO - DAG(s) 'example_dag_decorator' retrieved from /home/usmail/sys_fraud/sys_detection_frauds/lib/python3.12/site-packages/airflow/example_dags/example_dag_decorator.py
[2025-03-21T21:12:29.320+0000] {logging_mixin.py:190} INFO - [2025-03-21T21:12:29.320+0000] {dag.py:3239} INFO - Sync 1 DAGs
[2025-03-21T21:12:29.328+0000] {logging_mixin.py:190} INFO - [2025-03-21T21:12:29.328+0000] {dag.py:4180} INFO - Setting next_dagrun for example_dag_decorator to None, run_after=None
[2025-03-21T21:12:29.353+0000] {processor.py:208} INFO - Processing /home/usmail/sys_fraud/sys_detection_frauds/lib/python3.12/site-packages/airflow/example_dags/example_dag_decorator.py took 0.182 seconds
[2025-03-21T21:13:46.839+0000] {processor.py:186} INFO - Started process (PID=3744267) to work on /home/usmail/sys_fraud/sys_detection_frauds/lib/python3.12/site-packages/airflow/example_dags/example_dag_decorator.py
[2025-03-21T21:13:46.847+0000] {processor.py:914} INFO - Processing file /home/usmail/sys_fraud/sys_detection_frauds/lib/python3.12/site-packages/airflow/example_dags/example_dag_decorator.py for tasks to queue
[2025-03-21T21:13:46.849+0000] {logging_mixin.py:190} INFO - [2025-03-21T21:13:46.849+0000] {dagbag.py:588} INFO - Filling up the DagBag from /home/usmail/sys_fraud/sys_detection_frauds/lib/python3.12/site-packages/airflow/example_dags/example_dag_decorator.py
[2025-03-21T21:13:46.916+0000] {processor.py:925} INFO - DAG(s) 'example_dag_decorator' retrieved from /home/usmail/sys_fraud/sys_detection_frauds/lib/python3.12/site-packages/airflow/example_dags/example_dag_decorator.py
[2025-03-21T21:13:46.988+0000] {logging_mixin.py:190} INFO - [2025-03-21T21:13:46.988+0000] {dag.py:3239} INFO - Sync 1 DAGs
[2025-03-21T21:13:46.996+0000] {logging_mixin.py:190} INFO - [2025-03-21T21:13:46.996+0000] {dag.py:4180} INFO - Setting next_dagrun for example_dag_decorator to None, run_after=None
[2025-03-21T21:13:47.022+0000] {processor.py:208} INFO - Processing /home/usmail/sys_fraud/sys_detection_frauds/lib/python3.12/site-packages/airflow/example_dags/example_dag_decorator.py took 0.189 seconds
[2025-03-21T21:15:10.377+0000] {processor.py:186} INFO - Started process (PID=3745385) to work on /home/usmail/sys_fraud/sys_detection_frauds/lib/python3.12/site-packages/airflow/example_dags/example_dag_decorator.py
[2025-03-21T21:15:10.386+0000] {processor.py:914} INFO - Processing file /home/usmail/sys_fraud/sys_detection_frauds/lib/python3.12/site-packages/airflow/example_dags/example_dag_decorator.py for tasks to queue
[2025-03-21T21:15:10.389+0000] {logging_mixin.py:190} INFO - [2025-03-21T21:15:10.388+0000] {dagbag.py:588} INFO - Filling up the DagBag from /home/usmail/sys_fraud/sys_detection_frauds/lib/python3.12/site-packages/airflow/example_dags/example_dag_decorator.py
[2025-03-21T21:15:10.484+0000] {processor.py:925} INFO - DAG(s) 'example_dag_decorator' retrieved from /home/usmail/sys_fraud/sys_detection_frauds/lib/python3.12/site-packages/airflow/example_dags/example_dag_decorator.py
[2025-03-21T21:15:10.556+0000] {logging_mixin.py:190} INFO - [2025-03-21T21:15:10.555+0000] {dag.py:3239} INFO - Sync 1 DAGs
[2025-03-21T21:15:10.564+0000] {logging_mixin.py:190} INFO - [2025-03-21T21:15:10.564+0000] {dag.py:4180} INFO - Setting next_dagrun for example_dag_decorator to None, run_after=None
[2025-03-21T21:15:10.585+0000] {processor.py:208} INFO - Processing /home/usmail/sys_fraud/sys_detection_frauds/lib/python3.12/site-packages/airflow/example_dags/example_dag_decorator.py took 0.220 seconds
[2025-03-21T21:16:10.254+0000] {processor.py:186} INFO - Started process (PID=3746137) to work on /home/usmail/sys_fraud/sys_detection_frauds/lib/python3.12/site-packages/airflow/example_dags/example_dag_decorator.py
[2025-03-21T21:16:10.263+0000] {processor.py:914} INFO - Processing file /home/usmail/sys_fraud/sys_detection_frauds/lib/python3.12/site-packages/airflow/example_dags/example_dag_decorator.py for tasks to queue
[2025-03-21T21:16:10.266+0000] {logging_mixin.py:190} INFO - [2025-03-21T21:16:10.266+0000] {dagbag.py:588} INFO - Filling up the DagBag from /home/usmail/sys_fraud/sys_detection_frauds/lib/python3.12/site-packages/airflow/example_dags/example_dag_decorator.py
[2025-03-21T21:16:10.361+0000] {processor.py:925} INFO - DAG(s) 'example_dag_decorator' retrieved from /home/usmail/sys_fraud/sys_detection_frauds/lib/python3.12/site-packages/airflow/example_dags/example_dag_decorator.py
[2025-03-21T21:16:10.436+0000] {logging_mixin.py:190} INFO - [2025-03-21T21:16:10.436+0000] {dag.py:3239} INFO - Sync 1 DAGs
[2025-03-21T21:16:10.443+0000] {logging_mixin.py:190} INFO - [2025-03-21T21:16:10.443+0000] {dag.py:4180} INFO - Setting next_dagrun for example_dag_decorator to None, run_after=None
[2025-03-21T21:16:10.472+0000] {processor.py:208} INFO - Processing /home/usmail/sys_fraud/sys_detection_frauds/lib/python3.12/site-packages/airflow/example_dags/example_dag_decorator.py took 0.230 seconds
[2025-03-21T21:17:12.757+0000] {processor.py:186} INFO - Started process (PID=3746921) to work on /home/usmail/sys_fraud/sys_detection_frauds/lib/python3.12/site-packages/airflow/example_dags/example_dag_decorator.py
[2025-03-21T21:17:12.767+0000] {processor.py:914} INFO - Processing file /home/usmail/sys_fraud/sys_detection_frauds/lib/python3.12/site-packages/airflow/example_dags/example_dag_decorator.py for tasks to queue
[2025-03-21T21:17:12.770+0000] {logging_mixin.py:190} INFO - [2025-03-21T21:17:12.769+0000] {dagbag.py:588} INFO - Filling up the DagBag from /home/usmail/sys_fraud/sys_detection_frauds/lib/python3.12/site-packages/airflow/example_dags/example_dag_decorator.py
[2025-03-21T21:17:12.864+0000] {processor.py:925} INFO - DAG(s) 'example_dag_decorator' retrieved from /home/usmail/sys_fraud/sys_detection_frauds/lib/python3.12/site-packages/airflow/example_dags/example_dag_decorator.py
[2025-03-21T21:17:12.936+0000] {logging_mixin.py:190} INFO - [2025-03-21T21:17:12.936+0000] {dag.py:3239} INFO - Sync 1 DAGs
[2025-03-21T21:17:12.943+0000] {logging_mixin.py:190} INFO - [2025-03-21T21:17:12.943+0000] {dag.py:4180} INFO - Setting next_dagrun for example_dag_decorator to None, run_after=None
[2025-03-21T21:17:12.967+0000] {processor.py:208} INFO - Processing /home/usmail/sys_fraud/sys_detection_frauds/lib/python3.12/site-packages/airflow/example_dags/example_dag_decorator.py took 0.222 seconds
[2025-03-21T21:18:16.789+0000] {processor.py:186} INFO - Started process (PID=3747730) to work on /home/usmail/sys_fraud/sys_detection_frauds/lib/python3.12/site-packages/airflow/example_dags/example_dag_decorator.py
[2025-03-21T21:18:16.798+0000] {processor.py:914} INFO - Processing file /home/usmail/sys_fraud/sys_detection_frauds/lib/python3.12/site-packages/airflow/example_dags/example_dag_decorator.py for tasks to queue
[2025-03-21T21:18:16.801+0000] {logging_mixin.py:190} INFO - [2025-03-21T21:18:16.801+0000] {dagbag.py:588} INFO - Filling up the DagBag from /home/usmail/sys_fraud/sys_detection_frauds/lib/python3.12/site-packages/airflow/example_dags/example_dag_decorator.py
[2025-03-21T21:18:16.895+0000] {processor.py:925} INFO - DAG(s) 'example_dag_decorator' retrieved from /home/usmail/sys_fraud/sys_detection_frauds/lib/python3.12/site-packages/airflow/example_dags/example_dag_decorator.py
[2025-03-21T21:18:16.908+0000] {logging_mixin.py:190} INFO - [2025-03-21T21:18:16.908+0000] {dag.py:3239} INFO - Sync 1 DAGs
[2025-03-21T21:18:16.918+0000] {logging_mixin.py:190} INFO - [2025-03-21T21:18:16.918+0000] {dag.py:4180} INFO - Setting next_dagrun for example_dag_decorator to None, run_after=None
[2025-03-21T21:18:16.941+0000] {processor.py:208} INFO - Processing /home/usmail/sys_fraud/sys_detection_frauds/lib/python3.12/site-packages/airflow/example_dags/example_dag_decorator.py took 0.165 seconds
[2025-03-21T21:19:21.110+0000] {processor.py:186} INFO - Started process (PID=3748495) to work on /home/usmail/sys_fraud/sys_detection_frauds/lib/python3.12/site-packages/airflow/example_dags/example_dag_decorator.py
[2025-03-21T21:19:21.120+0000] {processor.py:914} INFO - Processing file /home/usmail/sys_fraud/sys_detection_frauds/lib/python3.12/site-packages/airflow/example_dags/example_dag_decorator.py for tasks to queue
[2025-03-21T21:19:21.124+0000] {logging_mixin.py:190} INFO - [2025-03-21T21:19:21.123+0000] {dagbag.py:588} INFO - Filling up the DagBag from /home/usmail/sys_fraud/sys_detection_frauds/lib/python3.12/site-packages/airflow/example_dags/example_dag_decorator.py
[2025-03-21T21:19:21.217+0000] {processor.py:925} INFO - DAG(s) 'example_dag_decorator' retrieved from /home/usmail/sys_fraud/sys_detection_frauds/lib/python3.12/site-packages/airflow/example_dags/example_dag_decorator.py
[2025-03-21T21:19:21.289+0000] {logging_mixin.py:190} INFO - [2025-03-21T21:19:21.289+0000] {dag.py:3239} INFO - Sync 1 DAGs
[2025-03-21T21:19:21.298+0000] {logging_mixin.py:190} INFO - [2025-03-21T21:19:21.297+0000] {dag.py:4180} INFO - Setting next_dagrun for example_dag_decorator to None, run_after=None
[2025-03-21T21:19:21.324+0000] {processor.py:208} INFO - Processing /home/usmail/sys_fraud/sys_detection_frauds/lib/python3.12/site-packages/airflow/example_dags/example_dag_decorator.py took 0.226 seconds
[2025-03-21T21:20:25.068+0000] {processor.py:186} INFO - Started process (PID=3749273) to work on /home/usmail/sys_fraud/sys_detection_frauds/lib/python3.12/site-packages/airflow/example_dags/example_dag_decorator.py
[2025-03-21T21:20:25.077+0000] {processor.py:914} INFO - Processing file /home/usmail/sys_fraud/sys_detection_frauds/lib/python3.12/site-packages/airflow/example_dags/example_dag_decorator.py for tasks to queue
[2025-03-21T21:20:25.080+0000] {logging_mixin.py:190} INFO - [2025-03-21T21:20:25.080+0000] {dagbag.py:588} INFO - Filling up the DagBag from /home/usmail/sys_fraud/sys_detection_frauds/lib/python3.12/site-packages/airflow/example_dags/example_dag_decorator.py
[2025-03-21T21:20:25.174+0000] {processor.py:925} INFO - DAG(s) 'example_dag_decorator' retrieved from /home/usmail/sys_fraud/sys_detection_frauds/lib/python3.12/site-packages/airflow/example_dags/example_dag_decorator.py
[2025-03-21T21:20:25.248+0000] {logging_mixin.py:190} INFO - [2025-03-21T21:20:25.248+0000] {dag.py:3239} INFO - Sync 1 DAGs
[2025-03-21T21:20:25.257+0000] {logging_mixin.py:190} INFO - [2025-03-21T21:20:25.256+0000] {dag.py:4180} INFO - Setting next_dagrun for example_dag_decorator to None, run_after=None
[2025-03-21T21:20:25.287+0000] {processor.py:208} INFO - Processing /home/usmail/sys_fraud/sys_detection_frauds/lib/python3.12/site-packages/airflow/example_dags/example_dag_decorator.py took 0.231 seconds
[2025-03-21T21:21:27.970+0000] {processor.py:186} INFO - Started process (PID=3750042) to work on /home/usmail/sys_fraud/sys_detection_frauds/lib/python3.12/site-packages/airflow/example_dags/example_dag_decorator.py
[2025-03-21T21:21:27.971+0000] {processor.py:914} INFO - Processing file /home/usmail/sys_fraud/sys_detection_frauds/lib/python3.12/site-packages/airflow/example_dags/example_dag_decorator.py for tasks to queue
[2025-03-21T21:21:27.974+0000] {logging_mixin.py:190} INFO - [2025-03-21T21:21:27.974+0000] {dagbag.py:588} INFO - Filling up the DagBag from /home/usmail/sys_fraud/sys_detection_frauds/lib/python3.12/site-packages/airflow/example_dags/example_dag_decorator.py
[2025-03-21T21:21:28.064+0000] {processor.py:925} INFO - DAG(s) 'example_dag_decorator' retrieved from /home/usmail/sys_fraud/sys_detection_frauds/lib/python3.12/site-packages/airflow/example_dags/example_dag_decorator.py
[2025-03-21T21:21:28.078+0000] {logging_mixin.py:190} INFO - [2025-03-21T21:21:28.078+0000] {dag.py:3239} INFO - Sync 1 DAGs
[2025-03-21T21:21:28.087+0000] {logging_mixin.py:190} INFO - [2025-03-21T21:21:28.087+0000] {dag.py:4180} INFO - Setting next_dagrun for example_dag_decorator to None, run_after=None
[2025-03-21T21:21:28.114+0000] {processor.py:208} INFO - Processing /home/usmail/sys_fraud/sys_detection_frauds/lib/python3.12/site-packages/airflow/example_dags/example_dag_decorator.py took 0.155 seconds
[2025-03-21T21:22:35.748+0000] {processor.py:186} INFO - Started process (PID=3750883) to work on /home/usmail/sys_fraud/sys_detection_frauds/lib/python3.12/site-packages/airflow/example_dags/example_dag_decorator.py
[2025-03-21T21:22:35.757+0000] {processor.py:914} INFO - Processing file /home/usmail/sys_fraud/sys_detection_frauds/lib/python3.12/site-packages/airflow/example_dags/example_dag_decorator.py for tasks to queue
[2025-03-21T21:22:35.760+0000] {logging_mixin.py:190} INFO - [2025-03-21T21:22:35.760+0000] {dagbag.py:588} INFO - Filling up the DagBag from /home/usmail/sys_fraud/sys_detection_frauds/lib/python3.12/site-packages/airflow/example_dags/example_dag_decorator.py
[2025-03-21T21:22:35.853+0000] {processor.py:925} INFO - DAG(s) 'example_dag_decorator' retrieved from /home/usmail/sys_fraud/sys_detection_frauds/lib/python3.12/site-packages/airflow/example_dags/example_dag_decorator.py
[2025-03-21T21:22:35.929+0000] {logging_mixin.py:190} INFO - [2025-03-21T21:22:35.929+0000] {dag.py:3239} INFO - Sync 1 DAGs
[2025-03-21T21:22:35.937+0000] {logging_mixin.py:190} INFO - [2025-03-21T21:22:35.936+0000] {dag.py:4180} INFO - Setting next_dagrun for example_dag_decorator to None, run_after=None
[2025-03-21T21:22:35.971+0000] {processor.py:208} INFO - Processing /home/usmail/sys_fraud/sys_detection_frauds/lib/python3.12/site-packages/airflow/example_dags/example_dag_decorator.py took 0.238 seconds
[2025-03-21T21:23:39.478+0000] {processor.py:186} INFO - Started process (PID=3751681) to work on /home/usmail/sys_fraud/sys_detection_frauds/lib/python3.12/site-packages/airflow/example_dags/example_dag_decorator.py
[2025-03-21T21:23:39.488+0000] {processor.py:914} INFO - Processing file /home/usmail/sys_fraud/sys_detection_frauds/lib/python3.12/site-packages/airflow/example_dags/example_dag_decorator.py for tasks to queue
[2025-03-21T21:23:39.491+0000] {logging_mixin.py:190} INFO - [2025-03-21T21:23:39.490+0000] {dagbag.py:588} INFO - Filling up the DagBag from /home/usmail/sys_fraud/sys_detection_frauds/lib/python3.12/site-packages/airflow/example_dags/example_dag_decorator.py
[2025-03-21T21:23:39.584+0000] {processor.py:925} INFO - DAG(s) 'example_dag_decorator' retrieved from /home/usmail/sys_fraud/sys_detection_frauds/lib/python3.12/site-packages/airflow/example_dags/example_dag_decorator.py
[2025-03-21T21:23:39.658+0000] {logging_mixin.py:190} INFO - [2025-03-21T21:23:39.657+0000] {dag.py:3239} INFO - Sync 1 DAGs
[2025-03-21T21:23:39.666+0000] {logging_mixin.py:190} INFO - [2025-03-21T21:23:39.666+0000] {dag.py:4180} INFO - Setting next_dagrun for example_dag_decorator to None, run_after=None
[2025-03-21T21:23:39.695+0000] {processor.py:208} INFO - Processing /home/usmail/sys_fraud/sys_detection_frauds/lib/python3.12/site-packages/airflow/example_dags/example_dag_decorator.py took 0.229 seconds
[2025-03-21T21:24:41.600+0000] {processor.py:186} INFO - Started process (PID=3752339) to work on /home/usmail/sys_fraud/sys_detection_frauds/lib/python3.12/site-packages/airflow/example_dags/example_dag_decorator.py
[2025-03-21T21:24:41.610+0000] {processor.py:914} INFO - Processing file /home/usmail/sys_fraud/sys_detection_frauds/lib/python3.12/site-packages/airflow/example_dags/example_dag_decorator.py for tasks to queue
[2025-03-21T21:24:41.613+0000] {logging_mixin.py:190} INFO - [2025-03-21T21:24:41.613+0000] {dagbag.py:588} INFO - Filling up the DagBag from /home/usmail/sys_fraud/sys_detection_frauds/lib/python3.12/site-packages/airflow/example_dags/example_dag_decorator.py
[2025-03-21T21:24:41.707+0000] {processor.py:925} INFO - DAG(s) 'example_dag_decorator' retrieved from /home/usmail/sys_fraud/sys_detection_frauds/lib/python3.12/site-packages/airflow/example_dags/example_dag_decorator.py
[2025-03-21T21:24:41.778+0000] {logging_mixin.py:190} INFO - [2025-03-21T21:24:41.778+0000] {dag.py:3239} INFO - Sync 1 DAGs
[2025-03-21T21:24:41.786+0000] {logging_mixin.py:190} INFO - [2025-03-21T21:24:41.786+0000] {dag.py:4180} INFO - Setting next_dagrun for example_dag_decorator to None, run_after=None
[2025-03-21T21:24:41.811+0000] {processor.py:208} INFO - Processing /home/usmail/sys_fraud/sys_detection_frauds/lib/python3.12/site-packages/airflow/example_dags/example_dag_decorator.py took 0.222 seconds
[2025-03-21T21:25:45.198+0000] {processor.py:186} INFO - Started process (PID=3753042) to work on /home/usmail/sys_fraud/sys_detection_frauds/lib/python3.12/site-packages/airflow/example_dags/example_dag_decorator.py
[2025-03-21T21:25:45.208+0000] {processor.py:914} INFO - Processing file /home/usmail/sys_fraud/sys_detection_frauds/lib/python3.12/site-packages/airflow/example_dags/example_dag_decorator.py for tasks to queue
[2025-03-21T21:25:45.211+0000] {logging_mixin.py:190} INFO - [2025-03-21T21:25:45.210+0000] {dagbag.py:588} INFO - Filling up the DagBag from /home/usmail/sys_fraud/sys_detection_frauds/lib/python3.12/site-packages/airflow/example_dags/example_dag_decorator.py
[2025-03-21T21:25:45.304+0000] {processor.py:925} INFO - DAG(s) 'example_dag_decorator' retrieved from /home/usmail/sys_fraud/sys_detection_frauds/lib/python3.12/site-packages/airflow/example_dags/example_dag_decorator.py
[2025-03-21T21:25:45.375+0000] {logging_mixin.py:190} INFO - [2025-03-21T21:25:45.375+0000] {dag.py:3239} INFO - Sync 1 DAGs
[2025-03-21T21:25:45.383+0000] {logging_mixin.py:190} INFO - [2025-03-21T21:25:45.382+0000] {dag.py:4180} INFO - Setting next_dagrun for example_dag_decorator to None, run_after=None
[2025-03-21T21:25:45.414+0000] {processor.py:208} INFO - Processing /home/usmail/sys_fraud/sys_detection_frauds/lib/python3.12/site-packages/airflow/example_dags/example_dag_decorator.py took 0.227 seconds
[2025-03-21T21:26:49.060+0000] {processor.py:186} INFO - Started process (PID=3753694) to work on /home/usmail/sys_fraud/sys_detection_frauds/lib/python3.12/site-packages/airflow/example_dags/example_dag_decorator.py
[2025-03-21T21:26:49.069+0000] {processor.py:914} INFO - Processing file /home/usmail/sys_fraud/sys_detection_frauds/lib/python3.12/site-packages/airflow/example_dags/example_dag_decorator.py for tasks to queue
[2025-03-21T21:26:49.073+0000] {logging_mixin.py:190} INFO - [2025-03-21T21:26:49.072+0000] {dagbag.py:588} INFO - Filling up the DagBag from /home/usmail/sys_fraud/sys_detection_frauds/lib/python3.12/site-packages/airflow/example_dags/example_dag_decorator.py
[2025-03-21T21:26:49.165+0000] {processor.py:925} INFO - DAG(s) 'example_dag_decorator' retrieved from /home/usmail/sys_fraud/sys_detection_frauds/lib/python3.12/site-packages/airflow/example_dags/example_dag_decorator.py
[2025-03-21T21:26:49.238+0000] {logging_mixin.py:190} INFO - [2025-03-21T21:26:49.238+0000] {dag.py:3239} INFO - Sync 1 DAGs
[2025-03-21T21:26:49.246+0000] {logging_mixin.py:190} INFO - [2025-03-21T21:26:49.246+0000] {dag.py:4180} INFO - Setting next_dagrun for example_dag_decorator to None, run_after=None
[2025-03-21T21:26:49.270+0000] {processor.py:208} INFO - Processing /home/usmail/sys_fraud/sys_detection_frauds/lib/python3.12/site-packages/airflow/example_dags/example_dag_decorator.py took 0.222 seconds
[2025-03-21T21:27:50.987+0000] {processor.py:186} INFO - Started process (PID=3754333) to work on /home/usmail/sys_fraud/sys_detection_frauds/lib/python3.12/site-packages/airflow/example_dags/example_dag_decorator.py
[2025-03-21T21:27:50.988+0000] {processor.py:914} INFO - Processing file /home/usmail/sys_fraud/sys_detection_frauds/lib/python3.12/site-packages/airflow/example_dags/example_dag_decorator.py for tasks to queue
[2025-03-21T21:27:50.991+0000] {logging_mixin.py:190} INFO - [2025-03-21T21:27:50.991+0000] {dagbag.py:588} INFO - Filling up the DagBag from /home/usmail/sys_fraud/sys_detection_frauds/lib/python3.12/site-packages/airflow/example_dags/example_dag_decorator.py
[2025-03-21T21:27:51.068+0000] {processor.py:925} INFO - DAG(s) 'example_dag_decorator' retrieved from /home/usmail/sys_fraud/sys_detection_frauds/lib/python3.12/site-packages/airflow/example_dags/example_dag_decorator.py
[2025-03-21T21:27:51.139+0000] {logging_mixin.py:190} INFO - [2025-03-21T21:27:51.139+0000] {dag.py:3239} INFO - Sync 1 DAGs
[2025-03-21T21:27:51.148+0000] {logging_mixin.py:190} INFO - [2025-03-21T21:27:51.147+0000] {dag.py:4180} INFO - Setting next_dagrun for example_dag_decorator to None, run_after=None
[2025-03-21T21:27:51.194+0000] {processor.py:208} INFO - Processing /home/usmail/sys_fraud/sys_detection_frauds/lib/python3.12/site-packages/airflow/example_dags/example_dag_decorator.py took 0.219 seconds
[2025-03-21T21:28:52.030+0000] {processor.py:186} INFO - Started process (PID=3754975) to work on /home/usmail/sys_fraud/sys_detection_frauds/lib/python3.12/site-packages/airflow/example_dags/example_dag_decorator.py
[2025-03-21T21:28:52.039+0000] {processor.py:914} INFO - Processing file /home/usmail/sys_fraud/sys_detection_frauds/lib/python3.12/site-packages/airflow/example_dags/example_dag_decorator.py for tasks to queue
[2025-03-21T21:28:52.042+0000] {logging_mixin.py:190} INFO - [2025-03-21T21:28:52.042+0000] {dagbag.py:588} INFO - Filling up the DagBag from /home/usmail/sys_fraud/sys_detection_frauds/lib/python3.12/site-packages/airflow/example_dags/example_dag_decorator.py
[2025-03-21T21:28:52.135+0000] {processor.py:925} INFO - DAG(s) 'example_dag_decorator' retrieved from /home/usmail/sys_fraud/sys_detection_frauds/lib/python3.12/site-packages/airflow/example_dags/example_dag_decorator.py
[2025-03-21T21:28:52.206+0000] {logging_mixin.py:190} INFO - [2025-03-21T21:28:52.206+0000] {dag.py:3239} INFO - Sync 1 DAGs
[2025-03-21T21:28:52.213+0000] {logging_mixin.py:190} INFO - [2025-03-21T21:28:52.213+0000] {dag.py:4180} INFO - Setting next_dagrun for example_dag_decorator to None, run_after=None
[2025-03-21T21:28:52.238+0000] {processor.py:208} INFO - Processing /home/usmail/sys_fraud/sys_detection_frauds/lib/python3.12/site-packages/airflow/example_dags/example_dag_decorator.py took 0.221 seconds
[2025-03-21T21:29:55.034+0000] {processor.py:186} INFO - Started process (PID=3755623) to work on /home/usmail/sys_fraud/sys_detection_frauds/lib/python3.12/site-packages/airflow/example_dags/example_dag_decorator.py
[2025-03-21T21:29:55.043+0000] {processor.py:914} INFO - Processing file /home/usmail/sys_fraud/sys_detection_frauds/lib/python3.12/site-packages/airflow/example_dags/example_dag_decorator.py for tasks to queue
[2025-03-21T21:29:55.046+0000] {logging_mixin.py:190} INFO - [2025-03-21T21:29:55.045+0000] {dagbag.py:588} INFO - Filling up the DagBag from /home/usmail/sys_fraud/sys_detection_frauds/lib/python3.12/site-packages/airflow/example_dags/example_dag_decorator.py
[2025-03-21T21:29:55.140+0000] {processor.py:925} INFO - DAG(s) 'example_dag_decorator' retrieved from /home/usmail/sys_fraud/sys_detection_frauds/lib/python3.12/site-packages/airflow/example_dags/example_dag_decorator.py
[2025-03-21T21:29:55.212+0000] {logging_mixin.py:190} INFO - [2025-03-21T21:29:55.211+0000] {dag.py:3239} INFO - Sync 1 DAGs
[2025-03-21T21:29:55.219+0000] {logging_mixin.py:190} INFO - [2025-03-21T21:29:55.219+0000] {dag.py:4180} INFO - Setting next_dagrun for example_dag_decorator to None, run_after=None
[2025-03-21T21:29:55.246+0000] {processor.py:208} INFO - Processing /home/usmail/sys_fraud/sys_detection_frauds/lib/python3.12/site-packages/airflow/example_dags/example_dag_decorator.py took 0.224 seconds
[2025-03-21T21:31:01.557+0000] {processor.py:186} INFO - Started process (PID=3756323) to work on /home/usmail/sys_fraud/sys_detection_frauds/lib/python3.12/site-packages/airflow/example_dags/example_dag_decorator.py
[2025-03-21T21:31:01.566+0000] {processor.py:914} INFO - Processing file /home/usmail/sys_fraud/sys_detection_frauds/lib/python3.12/site-packages/airflow/example_dags/example_dag_decorator.py for tasks to queue
[2025-03-21T21:31:01.570+0000] {logging_mixin.py:190} INFO - [2025-03-21T21:31:01.569+0000] {dagbag.py:588} INFO - Filling up the DagBag from /home/usmail/sys_fraud/sys_detection_frauds/lib/python3.12/site-packages/airflow/example_dags/example_dag_decorator.py
[2025-03-21T21:31:01.662+0000] {processor.py:925} INFO - DAG(s) 'example_dag_decorator' retrieved from /home/usmail/sys_fraud/sys_detection_frauds/lib/python3.12/site-packages/airflow/example_dags/example_dag_decorator.py
[2025-03-21T21:31:01.734+0000] {logging_mixin.py:190} INFO - [2025-03-21T21:31:01.734+0000] {dag.py:3239} INFO - Sync 1 DAGs
[2025-03-21T21:31:01.741+0000] {logging_mixin.py:190} INFO - [2025-03-21T21:31:01.741+0000] {dag.py:4180} INFO - Setting next_dagrun for example_dag_decorator to None, run_after=None
[2025-03-21T21:31:01.772+0000] {processor.py:208} INFO - Processing /home/usmail/sys_fraud/sys_detection_frauds/lib/python3.12/site-packages/airflow/example_dags/example_dag_decorator.py took 0.227 seconds
[2025-03-21T21:32:07.519+0000] {processor.py:186} INFO - Started process (PID=3757018) to work on /home/usmail/sys_fraud/sys_detection_frauds/lib/python3.12/site-packages/airflow/example_dags/example_dag_decorator.py
[2025-03-21T21:32:07.529+0000] {processor.py:914} INFO - Processing file /home/usmail/sys_fraud/sys_detection_frauds/lib/python3.12/site-packages/airflow/example_dags/example_dag_decorator.py for tasks to queue
[2025-03-21T21:32:07.531+0000] {logging_mixin.py:190} INFO - [2025-03-21T21:32:07.531+0000] {dagbag.py:588} INFO - Filling up the DagBag from /home/usmail/sys_fraud/sys_detection_frauds/lib/python3.12/site-packages/airflow/example_dags/example_dag_decorator.py
[2025-03-21T21:32:07.622+0000] {processor.py:925} INFO - DAG(s) 'example_dag_decorator' retrieved from /home/usmail/sys_fraud/sys_detection_frauds/lib/python3.12/site-packages/airflow/example_dags/example_dag_decorator.py
[2025-03-21T21:32:07.693+0000] {logging_mixin.py:190} INFO - [2025-03-21T21:32:07.692+0000] {dag.py:3239} INFO - Sync 1 DAGs
[2025-03-21T21:32:07.701+0000] {logging_mixin.py:190} INFO - [2025-03-21T21:32:07.701+0000] {dag.py:4180} INFO - Setting next_dagrun for example_dag_decorator to None, run_after=None
[2025-03-21T21:32:07.724+0000] {processor.py:208} INFO - Processing /home/usmail/sys_fraud/sys_detection_frauds/lib/python3.12/site-packages/airflow/example_dags/example_dag_decorator.py took 0.216 seconds
[2025-03-21T21:33:09.620+0000] {processor.py:186} INFO - Started process (PID=3757661) to work on /home/usmail/sys_fraud/sys_detection_frauds/lib/python3.12/site-packages/airflow/example_dags/example_dag_decorator.py
[2025-03-21T21:33:09.629+0000] {processor.py:914} INFO - Processing file /home/usmail/sys_fraud/sys_detection_frauds/lib/python3.12/site-packages/airflow/example_dags/example_dag_decorator.py for tasks to queue
[2025-03-21T21:33:09.632+0000] {logging_mixin.py:190} INFO - [2025-03-21T21:33:09.632+0000] {dagbag.py:588} INFO - Filling up the DagBag from /home/usmail/sys_fraud/sys_detection_frauds/lib/python3.12/site-packages/airflow/example_dags/example_dag_decorator.py
[2025-03-21T21:33:09.731+0000] {processor.py:925} INFO - DAG(s) 'example_dag_decorator' retrieved from /home/usmail/sys_fraud/sys_detection_frauds/lib/python3.12/site-packages/airflow/example_dags/example_dag_decorator.py
[2025-03-21T21:33:09.744+0000] {logging_mixin.py:190} INFO - [2025-03-21T21:33:09.744+0000] {dag.py:3239} INFO - Sync 1 DAGs
[2025-03-21T21:33:09.753+0000] {logging_mixin.py:190} INFO - [2025-03-21T21:33:09.753+0000] {dag.py:4180} INFO - Setting next_dagrun for example_dag_decorator to None, run_after=None
[2025-03-21T21:33:09.777+0000] {processor.py:208} INFO - Processing /home/usmail/sys_fraud/sys_detection_frauds/lib/python3.12/site-packages/airflow/example_dags/example_dag_decorator.py took 0.170 seconds
[2025-03-21T22:20:04.876+0000] {processor.py:186} INFO - Started process (PID=3759071) to work on /home/usmail/sys_fraud/sys_detection_frauds/lib/python3.12/site-packages/airflow/example_dags/example_dag_decorator.py
[2025-03-21T22:20:04.885+0000] {processor.py:914} INFO - Processing file /home/usmail/sys_fraud/sys_detection_frauds/lib/python3.12/site-packages/airflow/example_dags/example_dag_decorator.py for tasks to queue
[2025-03-21T22:20:04.889+0000] {logging_mixin.py:190} INFO - [2025-03-21T22:20:04.888+0000] {dagbag.py:588} INFO - Filling up the DagBag from /home/usmail/sys_fraud/sys_detection_frauds/lib/python3.12/site-packages/airflow/example_dags/example_dag_decorator.py
[2025-03-21T22:20:04.987+0000] {processor.py:925} INFO - DAG(s) 'example_dag_decorator' retrieved from /home/usmail/sys_fraud/sys_detection_frauds/lib/python3.12/site-packages/airflow/example_dags/example_dag_decorator.py
[2025-03-21T22:20:05.067+0000] {logging_mixin.py:190} INFO - [2025-03-21T22:20:05.067+0000] {dag.py:3239} INFO - Sync 1 DAGs
[2025-03-21T22:20:05.075+0000] {logging_mixin.py:190} INFO - [2025-03-21T22:20:05.075+0000] {dag.py:4180} INFO - Setting next_dagrun for example_dag_decorator to None, run_after=None
[2025-03-21T22:20:05.099+0000] {processor.py:208} INFO - Processing /home/usmail/sys_fraud/sys_detection_frauds/lib/python3.12/site-packages/airflow/example_dags/example_dag_decorator.py took 0.236 seconds
[2025-03-21T22:21:10.627+0000] {processor.py:186} INFO - Started process (PID=3760020) to work on /home/usmail/sys_fraud/sys_detection_frauds/lib/python3.12/site-packages/airflow/example_dags/example_dag_decorator.py
[2025-03-21T22:21:10.628+0000] {processor.py:914} INFO - Processing file /home/usmail/sys_fraud/sys_detection_frauds/lib/python3.12/site-packages/airflow/example_dags/example_dag_decorator.py for tasks to queue
[2025-03-21T22:21:10.630+0000] {logging_mixin.py:190} INFO - [2025-03-21T22:21:10.629+0000] {dagbag.py:588} INFO - Filling up the DagBag from /home/usmail/sys_fraud/sys_detection_frauds/lib/python3.12/site-packages/airflow/example_dags/example_dag_decorator.py
[2025-03-21T22:21:10.717+0000] {processor.py:925} INFO - DAG(s) 'example_dag_decorator' retrieved from /home/usmail/sys_fraud/sys_detection_frauds/lib/python3.12/site-packages/airflow/example_dags/example_dag_decorator.py
[2025-03-21T22:21:10.788+0000] {logging_mixin.py:190} INFO - [2025-03-21T22:21:10.788+0000] {dag.py:3239} INFO - Sync 1 DAGs
[2025-03-21T22:21:10.797+0000] {logging_mixin.py:190} INFO - [2025-03-21T22:21:10.797+0000] {dag.py:4180} INFO - Setting next_dagrun for example_dag_decorator to None, run_after=None
[2025-03-21T22:21:10.820+0000] {processor.py:208} INFO - Processing /home/usmail/sys_fraud/sys_detection_frauds/lib/python3.12/site-packages/airflow/example_dags/example_dag_decorator.py took 0.206 seconds
[2025-03-21T22:22:11.676+0000] {processor.py:186} INFO - Started process (PID=3761035) to work on /home/usmail/sys_fraud/sys_detection_frauds/lib/python3.12/site-packages/airflow/example_dags/example_dag_decorator.py
[2025-03-21T22:22:11.684+0000] {processor.py:914} INFO - Processing file /home/usmail/sys_fraud/sys_detection_frauds/lib/python3.12/site-packages/airflow/example_dags/example_dag_decorator.py for tasks to queue
[2025-03-21T22:22:11.686+0000] {logging_mixin.py:190} INFO - [2025-03-21T22:22:11.685+0000] {dagbag.py:588} INFO - Filling up the DagBag from /home/usmail/sys_fraud/sys_detection_frauds/lib/python3.12/site-packages/airflow/example_dags/example_dag_decorator.py
[2025-03-21T22:22:11.773+0000] {processor.py:925} INFO - DAG(s) 'example_dag_decorator' retrieved from /home/usmail/sys_fraud/sys_detection_frauds/lib/python3.12/site-packages/airflow/example_dags/example_dag_decorator.py
[2025-03-21T22:22:11.877+0000] {logging_mixin.py:190} INFO - [2025-03-21T22:22:11.876+0000] {dag.py:3239} INFO - Sync 1 DAGs
[2025-03-21T22:22:11.891+0000] {logging_mixin.py:190} INFO - [2025-03-21T22:22:11.891+0000] {dag.py:4180} INFO - Setting next_dagrun for example_dag_decorator to None, run_after=None
[2025-03-21T22:22:11.925+0000] {processor.py:208} INFO - Processing /home/usmail/sys_fraud/sys_detection_frauds/lib/python3.12/site-packages/airflow/example_dags/example_dag_decorator.py took 0.256 seconds
