[2025-03-21T20:49:48.271+0000] {processor.py:186} INFO - Started process (PID=3723115) to work on /home/usmail/sys_fraud/sys_detection_frauds/lib/python3.12/site-packages/airflow/example_dags/example_skip_dag.py
[2025-03-21T20:49:48.272+0000] {processor.py:914} INFO - Processing file /home/usmail/sys_fraud/sys_detection_frauds/lib/python3.12/site-packages/airflow/example_dags/example_skip_dag.py for tasks to queue
[2025-03-21T20:49:48.275+0000] {logging_mixin.py:190} INFO - [2025-03-21T20:49:48.274+0000] {dagbag.py:588} INFO - Filling up the DagBag from /home/usmail/sys_fraud/sys_detection_frauds/lib/python3.12/site-packages/airflow/example_dags/example_skip_dag.py
[2025-03-21T20:49:48.282+0000] {processor.py:925} INFO - DAG(s) 'example_skip_dag' retrieved from /home/usmail/sys_fraud/sys_detection_frauds/lib/python3.12/site-packages/airflow/example_dags/example_skip_dag.py
[2025-03-21T20:49:48.352+0000] {logging_mixin.py:190} INFO - [2025-03-21T20:49:48.351+0000] {override.py:1912} INFO - Created Permission View: can edit on DAG:example_skip_dag
[2025-03-21T20:49:48.359+0000] {logging_mixin.py:190} INFO - [2025-03-21T20:49:48.359+0000] {override.py:1912} INFO - Created Permission View: can read on DAG:example_skip_dag
[2025-03-21T20:49:48.364+0000] {logging_mixin.py:190} INFO - [2025-03-21T20:49:48.364+0000] {override.py:1912} INFO - Created Permission View: can delete on DAG:example_skip_dag
[2025-03-21T20:49:48.372+0000] {logging_mixin.py:190} INFO - [2025-03-21T20:49:48.372+0000] {override.py:1912} INFO - Created Permission View: can create on DAG Run:example_skip_dag
[2025-03-21T20:49:48.377+0000] {logging_mixin.py:190} INFO - [2025-03-21T20:49:48.377+0000] {override.py:1912} INFO - Created Permission View: menu access on DAG Run:example_skip_dag
[2025-03-21T20:49:48.383+0000] {logging_mixin.py:190} INFO - [2025-03-21T20:49:48.382+0000] {override.py:1912} INFO - Created Permission View: can read on DAG Run:example_skip_dag
[2025-03-21T20:49:48.388+0000] {logging_mixin.py:190} INFO - [2025-03-21T20:49:48.388+0000] {override.py:1912} INFO - Created Permission View: can delete on DAG Run:example_skip_dag
[2025-03-21T20:49:48.388+0000] {logging_mixin.py:190} INFO - [2025-03-21T20:49:48.388+0000] {dag.py:3239} INFO - Sync 1 DAGs
[2025-03-21T20:49:48.396+0000] {logging_mixin.py:190} INFO - [2025-03-21T20:49:48.395+0000] {dag.py:3262} INFO - Creating ORM DAG for example_skip_dag
[2025-03-21T20:49:48.401+0000] {logging_mixin.py:190} INFO - [2025-03-21T20:49:48.401+0000] {dag.py:4180} INFO - Setting next_dagrun for example_skip_dag to 2025-03-20 00:00:00+00:00, run_after=2025-03-21 00:00:00+00:00
[2025-03-21T20:49:48.413+0000] {processor.py:208} INFO - Processing /home/usmail/sys_fraud/sys_detection_frauds/lib/python3.12/site-packages/airflow/example_dags/example_skip_dag.py took 0.150 seconds
[2025-03-21T20:50:47.979+0000] {processor.py:186} INFO - Started process (PID=3723840) to work on /home/usmail/sys_fraud/sys_detection_frauds/lib/python3.12/site-packages/airflow/example_dags/example_skip_dag.py
[2025-03-21T20:50:47.987+0000] {processor.py:914} INFO - Processing file /home/usmail/sys_fraud/sys_detection_frauds/lib/python3.12/site-packages/airflow/example_dags/example_skip_dag.py for tasks to queue
[2025-03-21T20:50:47.991+0000] {logging_mixin.py:190} INFO - [2025-03-21T20:50:47.990+0000] {dagbag.py:588} INFO - Filling up the DagBag from /home/usmail/sys_fraud/sys_detection_frauds/lib/python3.12/site-packages/airflow/example_dags/example_skip_dag.py
[2025-03-21T20:50:48.000+0000] {processor.py:925} INFO - DAG(s) 'example_skip_dag' retrieved from /home/usmail/sys_fraud/sys_detection_frauds/lib/python3.12/site-packages/airflow/example_dags/example_skip_dag.py
[2025-03-21T20:50:48.010+0000] {logging_mixin.py:190} INFO - [2025-03-21T20:50:48.010+0000] {dag.py:3239} INFO - Sync 1 DAGs
[2025-03-21T20:50:48.021+0000] {logging_mixin.py:190} INFO - [2025-03-21T20:50:48.021+0000] {dag.py:4180} INFO - Setting next_dagrun for example_skip_dag to 2025-03-20 00:00:00+00:00, run_after=2025-03-21 00:00:00+00:00
[2025-03-21T20:50:48.033+0000] {processor.py:208} INFO - Processing /home/usmail/sys_fraud/sys_detection_frauds/lib/python3.12/site-packages/airflow/example_dags/example_skip_dag.py took 0.058 seconds
[2025-03-21T20:51:42.160+0000] {processor.py:186} INFO - Started process (PID=3724511) to work on /home/usmail/sys_fraud/sys_detection_frauds/lib/python3.12/site-packages/airflow/example_dags/example_skip_dag.py
[2025-03-21T20:51:42.161+0000] {processor.py:914} INFO - Processing file /home/usmail/sys_fraud/sys_detection_frauds/lib/python3.12/site-packages/airflow/example_dags/example_skip_dag.py for tasks to queue
[2025-03-21T20:51:42.162+0000] {logging_mixin.py:190} INFO - [2025-03-21T20:51:42.162+0000] {dagbag.py:588} INFO - Filling up the DagBag from /home/usmail/sys_fraud/sys_detection_frauds/lib/python3.12/site-packages/airflow/example_dags/example_skip_dag.py
[2025-03-21T20:51:42.166+0000] {processor.py:925} INFO - DAG(s) 'example_skip_dag' retrieved from /home/usmail/sys_fraud/sys_detection_frauds/lib/python3.12/site-packages/airflow/example_dags/example_skip_dag.py
[2025-03-21T20:51:42.175+0000] {logging_mixin.py:190} INFO - [2025-03-21T20:51:42.175+0000] {dag.py:3239} INFO - Sync 1 DAGs
[2025-03-21T20:51:42.186+0000] {logging_mixin.py:190} INFO - [2025-03-21T20:51:42.186+0000] {dag.py:4180} INFO - Setting next_dagrun for example_skip_dag to 2025-03-20 00:00:00+00:00, run_after=2025-03-21 00:00:00+00:00
[2025-03-21T20:51:42.198+0000] {processor.py:208} INFO - Processing /home/usmail/sys_fraud/sys_detection_frauds/lib/python3.12/site-packages/airflow/example_dags/example_skip_dag.py took 0.041 seconds
[2025-03-21T20:52:38.875+0000] {processor.py:186} INFO - Started process (PID=3725174) to work on /home/usmail/sys_fraud/sys_detection_frauds/lib/python3.12/site-packages/airflow/example_dags/example_skip_dag.py
[2025-03-21T20:52:38.884+0000] {processor.py:914} INFO - Processing file /home/usmail/sys_fraud/sys_detection_frauds/lib/python3.12/site-packages/airflow/example_dags/example_skip_dag.py for tasks to queue
[2025-03-21T20:52:38.888+0000] {logging_mixin.py:190} INFO - [2025-03-21T20:52:38.887+0000] {dagbag.py:588} INFO - Filling up the DagBag from /home/usmail/sys_fraud/sys_detection_frauds/lib/python3.12/site-packages/airflow/example_dags/example_skip_dag.py
[2025-03-21T20:52:38.893+0000] {processor.py:925} INFO - DAG(s) 'example_skip_dag' retrieved from /home/usmail/sys_fraud/sys_detection_frauds/lib/python3.12/site-packages/airflow/example_dags/example_skip_dag.py
[2025-03-21T20:52:38.902+0000] {logging_mixin.py:190} INFO - [2025-03-21T20:52:38.902+0000] {dag.py:3239} INFO - Sync 1 DAGs
[2025-03-21T20:52:38.913+0000] {logging_mixin.py:190} INFO - [2025-03-21T20:52:38.913+0000] {dag.py:4180} INFO - Setting next_dagrun for example_skip_dag to 2025-03-20 00:00:00+00:00, run_after=2025-03-21 00:00:00+00:00
[2025-03-21T20:52:38.929+0000] {processor.py:208} INFO - Processing /home/usmail/sys_fraud/sys_detection_frauds/lib/python3.12/site-packages/airflow/example_dags/example_skip_dag.py took 0.059 seconds
[2025-03-21T20:53:31.466+0000] {processor.py:186} INFO - Started process (PID=3725773) to work on /home/usmail/sys_fraud/sys_detection_frauds/lib/python3.12/site-packages/airflow/example_dags/example_skip_dag.py
[2025-03-21T20:53:31.475+0000] {processor.py:914} INFO - Processing file /home/usmail/sys_fraud/sys_detection_frauds/lib/python3.12/site-packages/airflow/example_dags/example_skip_dag.py for tasks to queue
[2025-03-21T20:53:31.477+0000] {logging_mixin.py:190} INFO - [2025-03-21T20:53:31.476+0000] {dagbag.py:588} INFO - Filling up the DagBag from /home/usmail/sys_fraud/sys_detection_frauds/lib/python3.12/site-packages/airflow/example_dags/example_skip_dag.py
[2025-03-21T20:53:31.485+0000] {processor.py:925} INFO - DAG(s) 'example_skip_dag' retrieved from /home/usmail/sys_fraud/sys_detection_frauds/lib/python3.12/site-packages/airflow/example_dags/example_skip_dag.py
[2025-03-21T20:53:31.495+0000] {logging_mixin.py:190} INFO - [2025-03-21T20:53:31.495+0000] {dag.py:3239} INFO - Sync 1 DAGs
[2025-03-21T20:53:31.505+0000] {logging_mixin.py:190} INFO - [2025-03-21T20:53:31.505+0000] {dag.py:4180} INFO - Setting next_dagrun for example_skip_dag to 2025-03-20 00:00:00+00:00, run_after=2025-03-21 00:00:00+00:00
[2025-03-21T20:53:31.523+0000] {processor.py:208} INFO - Processing /home/usmail/sys_fraud/sys_detection_frauds/lib/python3.12/site-packages/airflow/example_dags/example_skip_dag.py took 0.062 seconds
[2025-03-21T20:54:25.247+0000] {processor.py:186} INFO - Started process (PID=3726486) to work on /home/usmail/sys_fraud/sys_detection_frauds/lib/python3.12/site-packages/airflow/example_dags/example_skip_dag.py
[2025-03-21T20:54:25.255+0000] {processor.py:914} INFO - Processing file /home/usmail/sys_fraud/sys_detection_frauds/lib/python3.12/site-packages/airflow/example_dags/example_skip_dag.py for tasks to queue
[2025-03-21T20:54:25.257+0000] {logging_mixin.py:190} INFO - [2025-03-21T20:54:25.257+0000] {dagbag.py:588} INFO - Filling up the DagBag from /home/usmail/sys_fraud/sys_detection_frauds/lib/python3.12/site-packages/airflow/example_dags/example_skip_dag.py
[2025-03-21T20:54:25.264+0000] {processor.py:925} INFO - DAG(s) 'example_skip_dag' retrieved from /home/usmail/sys_fraud/sys_detection_frauds/lib/python3.12/site-packages/airflow/example_dags/example_skip_dag.py
[2025-03-21T20:54:25.367+0000] {logging_mixin.py:190} INFO - [2025-03-21T20:54:25.367+0000] {dag.py:3239} INFO - Sync 1 DAGs
[2025-03-21T20:54:25.378+0000] {logging_mixin.py:190} INFO - [2025-03-21T20:54:25.378+0000] {dag.py:4180} INFO - Setting next_dagrun for example_skip_dag to 2025-03-20 00:00:00+00:00, run_after=2025-03-21 00:00:00+00:00
[2025-03-21T20:54:25.399+0000] {processor.py:208} INFO - Processing /home/usmail/sys_fraud/sys_detection_frauds/lib/python3.12/site-packages/airflow/example_dags/example_skip_dag.py took 0.156 seconds
[2025-03-21T20:55:17.614+0000] {processor.py:186} INFO - Started process (PID=3727109) to work on /home/usmail/sys_fraud/sys_detection_frauds/lib/python3.12/site-packages/airflow/example_dags/example_skip_dag.py
[2025-03-21T20:55:17.623+0000] {processor.py:914} INFO - Processing file /home/usmail/sys_fraud/sys_detection_frauds/lib/python3.12/site-packages/airflow/example_dags/example_skip_dag.py for tasks to queue
[2025-03-21T20:55:17.627+0000] {logging_mixin.py:190} INFO - [2025-03-21T20:55:17.626+0000] {dagbag.py:588} INFO - Filling up the DagBag from /home/usmail/sys_fraud/sys_detection_frauds/lib/python3.12/site-packages/airflow/example_dags/example_skip_dag.py
[2025-03-21T20:55:17.636+0000] {processor.py:925} INFO - DAG(s) 'example_skip_dag' retrieved from /home/usmail/sys_fraud/sys_detection_frauds/lib/python3.12/site-packages/airflow/example_dags/example_skip_dag.py
[2025-03-21T20:55:17.645+0000] {logging_mixin.py:190} INFO - [2025-03-21T20:55:17.645+0000] {dag.py:3239} INFO - Sync 1 DAGs
[2025-03-21T20:55:17.657+0000] {logging_mixin.py:190} INFO - [2025-03-21T20:55:17.657+0000] {dag.py:4180} INFO - Setting next_dagrun for example_skip_dag to 2025-03-20 00:00:00+00:00, run_after=2025-03-21 00:00:00+00:00
[2025-03-21T20:55:17.670+0000] {processor.py:208} INFO - Processing /home/usmail/sys_fraud/sys_detection_frauds/lib/python3.12/site-packages/airflow/example_dags/example_skip_dag.py took 0.063 seconds
[2025-03-21T20:56:06.757+0000] {processor.py:186} INFO - Started process (PID=3727750) to work on /home/usmail/sys_fraud/sys_detection_frauds/lib/python3.12/site-packages/airflow/example_dags/example_skip_dag.py
[2025-03-21T20:56:06.766+0000] {processor.py:914} INFO - Processing file /home/usmail/sys_fraud/sys_detection_frauds/lib/python3.12/site-packages/airflow/example_dags/example_skip_dag.py for tasks to queue
[2025-03-21T20:56:06.769+0000] {logging_mixin.py:190} INFO - [2025-03-21T20:56:06.769+0000] {dagbag.py:588} INFO - Filling up the DagBag from /home/usmail/sys_fraud/sys_detection_frauds/lib/python3.12/site-packages/airflow/example_dags/example_skip_dag.py
[2025-03-21T20:56:06.779+0000] {processor.py:925} INFO - DAG(s) 'example_skip_dag' retrieved from /home/usmail/sys_fraud/sys_detection_frauds/lib/python3.12/site-packages/airflow/example_dags/example_skip_dag.py
[2025-03-21T20:56:06.790+0000] {logging_mixin.py:190} INFO - [2025-03-21T20:56:06.790+0000] {dag.py:3239} INFO - Sync 1 DAGs
[2025-03-21T20:56:06.807+0000] {logging_mixin.py:190} INFO - [2025-03-21T20:56:06.807+0000] {dag.py:4180} INFO - Setting next_dagrun for example_skip_dag to 2025-03-20 00:00:00+00:00, run_after=2025-03-21 00:00:00+00:00
[2025-03-21T20:56:06.832+0000] {processor.py:208} INFO - Processing /home/usmail/sys_fraud/sys_detection_frauds/lib/python3.12/site-packages/airflow/example_dags/example_skip_dag.py took 0.080 seconds
[2025-03-21T20:57:00.785+0000] {processor.py:186} INFO - Started process (PID=3728590) to work on /home/usmail/sys_fraud/sys_detection_frauds/lib/python3.12/site-packages/airflow/example_dags/example_skip_dag.py
[2025-03-21T20:57:00.792+0000] {processor.py:914} INFO - Processing file /home/usmail/sys_fraud/sys_detection_frauds/lib/python3.12/site-packages/airflow/example_dags/example_skip_dag.py for tasks to queue
[2025-03-21T20:57:00.794+0000] {logging_mixin.py:190} INFO - [2025-03-21T20:57:00.793+0000] {dagbag.py:588} INFO - Filling up the DagBag from /home/usmail/sys_fraud/sys_detection_frauds/lib/python3.12/site-packages/airflow/example_dags/example_skip_dag.py
[2025-03-21T20:57:00.802+0000] {processor.py:925} INFO - DAG(s) 'example_skip_dag' retrieved from /home/usmail/sys_fraud/sys_detection_frauds/lib/python3.12/site-packages/airflow/example_dags/example_skip_dag.py
[2025-03-21T20:57:00.812+0000] {logging_mixin.py:190} INFO - [2025-03-21T20:57:00.812+0000] {dag.py:3239} INFO - Sync 1 DAGs
[2025-03-21T20:57:00.823+0000] {logging_mixin.py:190} INFO - [2025-03-21T20:57:00.823+0000] {dag.py:4180} INFO - Setting next_dagrun for example_skip_dag to 2025-03-20 00:00:00+00:00, run_after=2025-03-21 00:00:00+00:00
[2025-03-21T20:57:00.835+0000] {processor.py:208} INFO - Processing /home/usmail/sys_fraud/sys_detection_frauds/lib/python3.12/site-packages/airflow/example_dags/example_skip_dag.py took 0.054 seconds
[2025-03-21T20:57:51.449+0000] {processor.py:186} INFO - Started process (PID=3729168) to work on /home/usmail/sys_fraud/sys_detection_frauds/lib/python3.12/site-packages/airflow/example_dags/example_skip_dag.py
[2025-03-21T20:57:51.457+0000] {processor.py:914} INFO - Processing file /home/usmail/sys_fraud/sys_detection_frauds/lib/python3.12/site-packages/airflow/example_dags/example_skip_dag.py for tasks to queue
[2025-03-21T20:57:51.459+0000] {logging_mixin.py:190} INFO - [2025-03-21T20:57:51.458+0000] {dagbag.py:588} INFO - Filling up the DagBag from /home/usmail/sys_fraud/sys_detection_frauds/lib/python3.12/site-packages/airflow/example_dags/example_skip_dag.py
[2025-03-21T20:57:51.463+0000] {processor.py:925} INFO - DAG(s) 'example_skip_dag' retrieved from /home/usmail/sys_fraud/sys_detection_frauds/lib/python3.12/site-packages/airflow/example_dags/example_skip_dag.py
[2025-03-21T20:57:51.473+0000] {logging_mixin.py:190} INFO - [2025-03-21T20:57:51.472+0000] {dag.py:3239} INFO - Sync 1 DAGs
[2025-03-21T20:57:51.484+0000] {logging_mixin.py:190} INFO - [2025-03-21T20:57:51.484+0000] {dag.py:4180} INFO - Setting next_dagrun for example_skip_dag to 2025-03-20 00:00:00+00:00, run_after=2025-03-21 00:00:00+00:00
[2025-03-21T20:57:51.497+0000] {processor.py:208} INFO - Processing /home/usmail/sys_fraud/sys_detection_frauds/lib/python3.12/site-packages/airflow/example_dags/example_skip_dag.py took 0.052 seconds
[2025-03-21T20:58:44.448+0000] {processor.py:186} INFO - Started process (PID=3729845) to work on /home/usmail/sys_fraud/sys_detection_frauds/lib/python3.12/site-packages/airflow/example_dags/example_skip_dag.py
[2025-03-21T20:58:44.456+0000] {processor.py:914} INFO - Processing file /home/usmail/sys_fraud/sys_detection_frauds/lib/python3.12/site-packages/airflow/example_dags/example_skip_dag.py for tasks to queue
[2025-03-21T20:58:44.458+0000] {logging_mixin.py:190} INFO - [2025-03-21T20:58:44.458+0000] {dagbag.py:588} INFO - Filling up the DagBag from /home/usmail/sys_fraud/sys_detection_frauds/lib/python3.12/site-packages/airflow/example_dags/example_skip_dag.py
[2025-03-21T20:58:44.465+0000] {processor.py:925} INFO - DAG(s) 'example_skip_dag' retrieved from /home/usmail/sys_fraud/sys_detection_frauds/lib/python3.12/site-packages/airflow/example_dags/example_skip_dag.py
[2025-03-21T20:58:44.475+0000] {logging_mixin.py:190} INFO - [2025-03-21T20:58:44.475+0000] {dag.py:3239} INFO - Sync 1 DAGs
[2025-03-21T20:58:44.489+0000] {logging_mixin.py:190} INFO - [2025-03-21T20:58:44.489+0000] {dag.py:4180} INFO - Setting next_dagrun for example_skip_dag to 2025-03-20 00:00:00+00:00, run_after=2025-03-21 00:00:00+00:00
[2025-03-21T20:58:44.505+0000] {processor.py:208} INFO - Processing /home/usmail/sys_fraud/sys_detection_frauds/lib/python3.12/site-packages/airflow/example_dags/example_skip_dag.py took 0.060 seconds
[2025-03-21T20:59:38.975+0000] {processor.py:186} INFO - Started process (PID=3730605) to work on /home/usmail/sys_fraud/sys_detection_frauds/lib/python3.12/site-packages/airflow/example_dags/example_skip_dag.py
[2025-03-21T20:59:38.983+0000] {processor.py:914} INFO - Processing file /home/usmail/sys_fraud/sys_detection_frauds/lib/python3.12/site-packages/airflow/example_dags/example_skip_dag.py for tasks to queue
[2025-03-21T20:59:38.985+0000] {logging_mixin.py:190} INFO - [2025-03-21T20:59:38.985+0000] {dagbag.py:588} INFO - Filling up the DagBag from /home/usmail/sys_fraud/sys_detection_frauds/lib/python3.12/site-packages/airflow/example_dags/example_skip_dag.py
[2025-03-21T20:59:38.992+0000] {processor.py:925} INFO - DAG(s) 'example_skip_dag' retrieved from /home/usmail/sys_fraud/sys_detection_frauds/lib/python3.12/site-packages/airflow/example_dags/example_skip_dag.py
[2025-03-21T20:59:39.005+0000] {logging_mixin.py:190} INFO - [2025-03-21T20:59:39.005+0000] {dag.py:3239} INFO - Sync 1 DAGs
[2025-03-21T20:59:39.019+0000] {logging_mixin.py:190} INFO - [2025-03-21T20:59:39.019+0000] {dag.py:4180} INFO - Setting next_dagrun for example_skip_dag to 2025-03-20 00:00:00+00:00, run_after=2025-03-21 00:00:00+00:00
[2025-03-21T20:59:39.044+0000] {processor.py:208} INFO - Processing /home/usmail/sys_fraud/sys_detection_frauds/lib/python3.12/site-packages/airflow/example_dags/example_skip_dag.py took 0.077 seconds
[2025-03-21T21:00:36.773+0000] {processor.py:186} INFO - Started process (PID=3731334) to work on /home/usmail/sys_fraud/sys_detection_frauds/lib/python3.12/site-packages/airflow/example_dags/example_skip_dag.py
[2025-03-21T21:00:36.781+0000] {processor.py:914} INFO - Processing file /home/usmail/sys_fraud/sys_detection_frauds/lib/python3.12/site-packages/airflow/example_dags/example_skip_dag.py for tasks to queue
[2025-03-21T21:00:36.785+0000] {logging_mixin.py:190} INFO - [2025-03-21T21:00:36.785+0000] {dagbag.py:588} INFO - Filling up the DagBag from /home/usmail/sys_fraud/sys_detection_frauds/lib/python3.12/site-packages/airflow/example_dags/example_skip_dag.py
[2025-03-21T21:00:36.793+0000] {processor.py:925} INFO - DAG(s) 'example_skip_dag' retrieved from /home/usmail/sys_fraud/sys_detection_frauds/lib/python3.12/site-packages/airflow/example_dags/example_skip_dag.py
[2025-03-21T21:00:36.803+0000] {logging_mixin.py:190} INFO - [2025-03-21T21:00:36.803+0000] {dag.py:3239} INFO - Sync 1 DAGs
[2025-03-21T21:00:36.815+0000] {logging_mixin.py:190} INFO - [2025-03-21T21:00:36.815+0000] {dag.py:4180} INFO - Setting next_dagrun for example_skip_dag to 2025-03-20 00:00:00+00:00, run_after=2025-03-21 00:00:00+00:00
[2025-03-21T21:00:36.828+0000] {processor.py:208} INFO - Processing /home/usmail/sys_fraud/sys_detection_frauds/lib/python3.12/site-packages/airflow/example_dags/example_skip_dag.py took 0.061 seconds
[2025-03-21T21:01:30.896+0000] {processor.py:186} INFO - Started process (PID=3732032) to work on /home/usmail/sys_fraud/sys_detection_frauds/lib/python3.12/site-packages/airflow/example_dags/example_skip_dag.py
[2025-03-21T21:01:30.897+0000] {processor.py:914} INFO - Processing file /home/usmail/sys_fraud/sys_detection_frauds/lib/python3.12/site-packages/airflow/example_dags/example_skip_dag.py for tasks to queue
[2025-03-21T21:01:30.898+0000] {logging_mixin.py:190} INFO - [2025-03-21T21:01:30.898+0000] {dagbag.py:588} INFO - Filling up the DagBag from /home/usmail/sys_fraud/sys_detection_frauds/lib/python3.12/site-packages/airflow/example_dags/example_skip_dag.py
[2025-03-21T21:01:30.903+0000] {processor.py:925} INFO - DAG(s) 'example_skip_dag' retrieved from /home/usmail/sys_fraud/sys_detection_frauds/lib/python3.12/site-packages/airflow/example_dags/example_skip_dag.py
[2025-03-21T21:01:30.914+0000] {logging_mixin.py:190} INFO - [2025-03-21T21:01:30.914+0000] {dag.py:3239} INFO - Sync 1 DAGs
[2025-03-21T21:01:30.928+0000] {logging_mixin.py:190} INFO - [2025-03-21T21:01:30.927+0000] {dag.py:4180} INFO - Setting next_dagrun for example_skip_dag to 2025-03-20 00:00:00+00:00, run_after=2025-03-21 00:00:00+00:00
[2025-03-21T21:01:30.942+0000] {processor.py:208} INFO - Processing /home/usmail/sys_fraud/sys_detection_frauds/lib/python3.12/site-packages/airflow/example_dags/example_skip_dag.py took 0.051 seconds
[2025-03-21T21:02:28.664+0000] {processor.py:186} INFO - Started process (PID=3732739) to work on /home/usmail/sys_fraud/sys_detection_frauds/lib/python3.12/site-packages/airflow/example_dags/example_skip_dag.py
[2025-03-21T21:02:28.673+0000] {processor.py:914} INFO - Processing file /home/usmail/sys_fraud/sys_detection_frauds/lib/python3.12/site-packages/airflow/example_dags/example_skip_dag.py for tasks to queue
[2025-03-21T21:02:28.677+0000] {logging_mixin.py:190} INFO - [2025-03-21T21:02:28.676+0000] {dagbag.py:588} INFO - Filling up the DagBag from /home/usmail/sys_fraud/sys_detection_frauds/lib/python3.12/site-packages/airflow/example_dags/example_skip_dag.py
[2025-03-21T21:02:28.685+0000] {processor.py:925} INFO - DAG(s) 'example_skip_dag' retrieved from /home/usmail/sys_fraud/sys_detection_frauds/lib/python3.12/site-packages/airflow/example_dags/example_skip_dag.py
[2025-03-21T21:02:28.694+0000] {logging_mixin.py:190} INFO - [2025-03-21T21:02:28.694+0000] {dag.py:3239} INFO - Sync 1 DAGs
[2025-03-21T21:02:28.705+0000] {logging_mixin.py:190} INFO - [2025-03-21T21:02:28.705+0000] {dag.py:4180} INFO - Setting next_dagrun for example_skip_dag to 2025-03-20 00:00:00+00:00, run_after=2025-03-21 00:00:00+00:00
[2025-03-21T21:02:28.723+0000] {processor.py:208} INFO - Processing /home/usmail/sys_fraud/sys_detection_frauds/lib/python3.12/site-packages/airflow/example_dags/example_skip_dag.py took 0.067 seconds
[2025-03-21T21:03:20.647+0000] {processor.py:186} INFO - Started process (PID=3733474) to work on /home/usmail/sys_fraud/sys_detection_frauds/lib/python3.12/site-packages/airflow/example_dags/example_skip_dag.py
[2025-03-21T21:03:20.655+0000] {processor.py:914} INFO - Processing file /home/usmail/sys_fraud/sys_detection_frauds/lib/python3.12/site-packages/airflow/example_dags/example_skip_dag.py for tasks to queue
[2025-03-21T21:03:20.657+0000] {logging_mixin.py:190} INFO - [2025-03-21T21:03:20.656+0000] {dagbag.py:588} INFO - Filling up the DagBag from /home/usmail/sys_fraud/sys_detection_frauds/lib/python3.12/site-packages/airflow/example_dags/example_skip_dag.py
[2025-03-21T21:03:20.661+0000] {processor.py:925} INFO - DAG(s) 'example_skip_dag' retrieved from /home/usmail/sys_fraud/sys_detection_frauds/lib/python3.12/site-packages/airflow/example_dags/example_skip_dag.py
[2025-03-21T21:03:20.673+0000] {logging_mixin.py:190} INFO - [2025-03-21T21:03:20.672+0000] {dag.py:3239} INFO - Sync 1 DAGs
[2025-03-21T21:03:20.685+0000] {logging_mixin.py:190} INFO - [2025-03-21T21:03:20.684+0000] {dag.py:4180} INFO - Setting next_dagrun for example_skip_dag to 2025-03-20 00:00:00+00:00, run_after=2025-03-21 00:00:00+00:00
[2025-03-21T21:03:20.710+0000] {processor.py:208} INFO - Processing /home/usmail/sys_fraud/sys_detection_frauds/lib/python3.12/site-packages/airflow/example_dags/example_skip_dag.py took 0.067 seconds
[2025-03-21T21:04:18.016+0000] {processor.py:186} INFO - Started process (PID=3734172) to work on /home/usmail/sys_fraud/sys_detection_frauds/lib/python3.12/site-packages/airflow/example_dags/example_skip_dag.py
[2025-03-21T21:04:18.025+0000] {processor.py:914} INFO - Processing file /home/usmail/sys_fraud/sys_detection_frauds/lib/python3.12/site-packages/airflow/example_dags/example_skip_dag.py for tasks to queue
[2025-03-21T21:04:18.028+0000] {logging_mixin.py:190} INFO - [2025-03-21T21:04:18.028+0000] {dagbag.py:588} INFO - Filling up the DagBag from /home/usmail/sys_fraud/sys_detection_frauds/lib/python3.12/site-packages/airflow/example_dags/example_skip_dag.py
[2025-03-21T21:04:18.034+0000] {processor.py:925} INFO - DAG(s) 'example_skip_dag' retrieved from /home/usmail/sys_fraud/sys_detection_frauds/lib/python3.12/site-packages/airflow/example_dags/example_skip_dag.py
[2025-03-21T21:04:18.157+0000] {logging_mixin.py:190} INFO - [2025-03-21T21:04:18.157+0000] {dag.py:3239} INFO - Sync 1 DAGs
[2025-03-21T21:04:18.169+0000] {logging_mixin.py:190} INFO - [2025-03-21T21:04:18.169+0000] {dag.py:4180} INFO - Setting next_dagrun for example_skip_dag to 2025-03-20 00:00:00+00:00, run_after=2025-03-21 00:00:00+00:00
[2025-03-21T21:04:18.192+0000] {processor.py:208} INFO - Processing /home/usmail/sys_fraud/sys_detection_frauds/lib/python3.12/site-packages/airflow/example_dags/example_skip_dag.py took 0.178 seconds
[2025-03-21T21:05:11.631+0000] {processor.py:186} INFO - Started process (PID=3735035) to work on /home/usmail/sys_fraud/sys_detection_frauds/lib/python3.12/site-packages/airflow/example_dags/example_skip_dag.py
[2025-03-21T21:05:11.633+0000] {processor.py:914} INFO - Processing file /home/usmail/sys_fraud/sys_detection_frauds/lib/python3.12/site-packages/airflow/example_dags/example_skip_dag.py for tasks to queue
[2025-03-21T21:05:11.635+0000] {logging_mixin.py:190} INFO - [2025-03-21T21:05:11.635+0000] {dagbag.py:588} INFO - Filling up the DagBag from /home/usmail/sys_fraud/sys_detection_frauds/lib/python3.12/site-packages/airflow/example_dags/example_skip_dag.py
[2025-03-21T21:05:11.643+0000] {processor.py:925} INFO - DAG(s) 'example_skip_dag' retrieved from /home/usmail/sys_fraud/sys_detection_frauds/lib/python3.12/site-packages/airflow/example_dags/example_skip_dag.py
[2025-03-21T21:05:11.653+0000] {logging_mixin.py:190} INFO - [2025-03-21T21:05:11.653+0000] {dag.py:3239} INFO - Sync 1 DAGs
[2025-03-21T21:05:11.669+0000] {logging_mixin.py:190} INFO - [2025-03-21T21:05:11.669+0000] {dag.py:4180} INFO - Setting next_dagrun for example_skip_dag to 2025-03-20 00:00:00+00:00, run_after=2025-03-21 00:00:00+00:00
[2025-03-21T21:05:11.694+0000] {processor.py:208} INFO - Processing /home/usmail/sys_fraud/sys_detection_frauds/lib/python3.12/site-packages/airflow/example_dags/example_skip_dag.py took 0.069 seconds
[2025-03-21T21:06:05.785+0000] {processor.py:186} INFO - Started process (PID=3735753) to work on /home/usmail/sys_fraud/sys_detection_frauds/lib/python3.12/site-packages/airflow/example_dags/example_skip_dag.py
[2025-03-21T21:06:05.793+0000] {processor.py:914} INFO - Processing file /home/usmail/sys_fraud/sys_detection_frauds/lib/python3.12/site-packages/airflow/example_dags/example_skip_dag.py for tasks to queue
[2025-03-21T21:06:05.795+0000] {logging_mixin.py:190} INFO - [2025-03-21T21:06:05.795+0000] {dagbag.py:588} INFO - Filling up the DagBag from /home/usmail/sys_fraud/sys_detection_frauds/lib/python3.12/site-packages/airflow/example_dags/example_skip_dag.py
[2025-03-21T21:06:05.803+0000] {processor.py:925} INFO - DAG(s) 'example_skip_dag' retrieved from /home/usmail/sys_fraud/sys_detection_frauds/lib/python3.12/site-packages/airflow/example_dags/example_skip_dag.py
[2025-03-21T21:06:05.815+0000] {logging_mixin.py:190} INFO - [2025-03-21T21:06:05.815+0000] {dag.py:3239} INFO - Sync 1 DAGs
[2025-03-21T21:06:05.828+0000] {logging_mixin.py:190} INFO - [2025-03-21T21:06:05.828+0000] {dag.py:4180} INFO - Setting next_dagrun for example_skip_dag to 2025-03-20 00:00:00+00:00, run_after=2025-03-21 00:00:00+00:00
[2025-03-21T21:06:05.851+0000] {processor.py:208} INFO - Processing /home/usmail/sys_fraud/sys_detection_frauds/lib/python3.12/site-packages/airflow/example_dags/example_skip_dag.py took 0.071 seconds
[2025-03-21T21:06:58.191+0000] {processor.py:186} INFO - Started process (PID=3737063) to work on /home/usmail/sys_fraud/sys_detection_frauds/lib/python3.12/site-packages/airflow/example_dags/example_skip_dag.py
[2025-03-21T21:06:58.193+0000] {processor.py:914} INFO - Processing file /home/usmail/sys_fraud/sys_detection_frauds/lib/python3.12/site-packages/airflow/example_dags/example_skip_dag.py for tasks to queue
[2025-03-21T21:06:58.195+0000] {logging_mixin.py:190} INFO - [2025-03-21T21:06:58.195+0000] {dagbag.py:588} INFO - Filling up the DagBag from /home/usmail/sys_fraud/sys_detection_frauds/lib/python3.12/site-packages/airflow/example_dags/example_skip_dag.py
[2025-03-21T21:06:58.200+0000] {processor.py:925} INFO - DAG(s) 'example_skip_dag' retrieved from /home/usmail/sys_fraud/sys_detection_frauds/lib/python3.12/site-packages/airflow/example_dags/example_skip_dag.py
[2025-03-21T21:06:58.209+0000] {logging_mixin.py:190} INFO - [2025-03-21T21:06:58.209+0000] {dag.py:3239} INFO - Sync 1 DAGs
[2025-03-21T21:06:58.221+0000] {logging_mixin.py:190} INFO - [2025-03-21T21:06:58.221+0000] {dag.py:4180} INFO - Setting next_dagrun for example_skip_dag to 2025-03-20 00:00:00+00:00, run_after=2025-03-21 00:00:00+00:00
[2025-03-21T21:06:58.248+0000] {processor.py:208} INFO - Processing /home/usmail/sys_fraud/sys_detection_frauds/lib/python3.12/site-packages/airflow/example_dags/example_skip_dag.py took 0.068 seconds
[2025-03-21T21:07:51.203+0000] {processor.py:186} INFO - Started process (PID=3737715) to work on /home/usmail/sys_fraud/sys_detection_frauds/lib/python3.12/site-packages/airflow/example_dags/example_skip_dag.py
[2025-03-21T21:07:51.212+0000] {processor.py:914} INFO - Processing file /home/usmail/sys_fraud/sys_detection_frauds/lib/python3.12/site-packages/airflow/example_dags/example_skip_dag.py for tasks to queue
[2025-03-21T21:07:51.215+0000] {logging_mixin.py:190} INFO - [2025-03-21T21:07:51.214+0000] {dagbag.py:588} INFO - Filling up the DagBag from /home/usmail/sys_fraud/sys_detection_frauds/lib/python3.12/site-packages/airflow/example_dags/example_skip_dag.py
[2025-03-21T21:07:51.223+0000] {processor.py:925} INFO - DAG(s) 'example_skip_dag' retrieved from /home/usmail/sys_fraud/sys_detection_frauds/lib/python3.12/site-packages/airflow/example_dags/example_skip_dag.py
[2025-03-21T21:07:51.232+0000] {logging_mixin.py:190} INFO - [2025-03-21T21:07:51.232+0000] {dag.py:3239} INFO - Sync 1 DAGs
[2025-03-21T21:07:51.244+0000] {logging_mixin.py:190} INFO - [2025-03-21T21:07:51.244+0000] {dag.py:4180} INFO - Setting next_dagrun for example_skip_dag to 2025-03-20 00:00:00+00:00, run_after=2025-03-21 00:00:00+00:00
[2025-03-21T21:07:51.256+0000] {processor.py:208} INFO - Processing /home/usmail/sys_fraud/sys_detection_frauds/lib/python3.12/site-packages/airflow/example_dags/example_skip_dag.py took 0.058 seconds
[2025-03-21T21:08:54.387+0000] {processor.py:186} INFO - Started process (PID=3738510) to work on /home/usmail/sys_fraud/sys_detection_frauds/lib/python3.12/site-packages/airflow/example_dags/example_skip_dag.py
[2025-03-21T21:08:54.396+0000] {processor.py:914} INFO - Processing file /home/usmail/sys_fraud/sys_detection_frauds/lib/python3.12/site-packages/airflow/example_dags/example_skip_dag.py for tasks to queue
[2025-03-21T21:08:54.399+0000] {logging_mixin.py:190} INFO - [2025-03-21T21:08:54.398+0000] {dagbag.py:588} INFO - Filling up the DagBag from /home/usmail/sys_fraud/sys_detection_frauds/lib/python3.12/site-packages/airflow/example_dags/example_skip_dag.py
[2025-03-21T21:08:54.413+0000] {processor.py:925} INFO - DAG(s) 'example_skip_dag' retrieved from /home/usmail/sys_fraud/sys_detection_frauds/lib/python3.12/site-packages/airflow/example_dags/example_skip_dag.py
[2025-03-21T21:08:54.439+0000] {logging_mixin.py:190} INFO - [2025-03-21T21:08:54.438+0000] {dag.py:3239} INFO - Sync 1 DAGs
[2025-03-21T21:08:54.458+0000] {logging_mixin.py:190} INFO - [2025-03-21T21:08:54.458+0000] {dag.py:4180} INFO - Setting next_dagrun for example_skip_dag to 2025-03-20 00:00:00+00:00, run_after=2025-03-21 00:00:00+00:00
[2025-03-21T21:08:54.475+0000] {processor.py:208} INFO - Processing /home/usmail/sys_fraud/sys_detection_frauds/lib/python3.12/site-packages/airflow/example_dags/example_skip_dag.py took 0.100 seconds
[2025-03-21T21:09:50.643+0000] {processor.py:186} INFO - Started process (PID=3739386) to work on /home/usmail/sys_fraud/sys_detection_frauds/lib/python3.12/site-packages/airflow/example_dags/example_skip_dag.py
[2025-03-21T21:09:50.645+0000] {processor.py:914} INFO - Processing file /home/usmail/sys_fraud/sys_detection_frauds/lib/python3.12/site-packages/airflow/example_dags/example_skip_dag.py for tasks to queue
[2025-03-21T21:09:50.649+0000] {logging_mixin.py:190} INFO - [2025-03-21T21:09:50.648+0000] {dagbag.py:588} INFO - Filling up the DagBag from /home/usmail/sys_fraud/sys_detection_frauds/lib/python3.12/site-packages/airflow/example_dags/example_skip_dag.py
[2025-03-21T21:09:50.663+0000] {processor.py:925} INFO - DAG(s) 'example_skip_dag' retrieved from /home/usmail/sys_fraud/sys_detection_frauds/lib/python3.12/site-packages/airflow/example_dags/example_skip_dag.py
[2025-03-21T21:09:50.691+0000] {logging_mixin.py:190} INFO - [2025-03-21T21:09:50.690+0000] {dag.py:3239} INFO - Sync 1 DAGs
[2025-03-21T21:09:50.711+0000] {logging_mixin.py:190} INFO - [2025-03-21T21:09:50.710+0000] {dag.py:4180} INFO - Setting next_dagrun for example_skip_dag to 2025-03-20 00:00:00+00:00, run_after=2025-03-21 00:00:00+00:00
[2025-03-21T21:09:50.727+0000] {processor.py:208} INFO - Processing /home/usmail/sys_fraud/sys_detection_frauds/lib/python3.12/site-packages/airflow/example_dags/example_skip_dag.py took 0.096 seconds
[2025-03-21T21:10:48.122+0000] {processor.py:186} INFO - Started process (PID=3740891) to work on /home/usmail/sys_fraud/sys_detection_frauds/lib/python3.12/site-packages/airflow/example_dags/example_skip_dag.py
[2025-03-21T21:10:48.130+0000] {processor.py:914} INFO - Processing file /home/usmail/sys_fraud/sys_detection_frauds/lib/python3.12/site-packages/airflow/example_dags/example_skip_dag.py for tasks to queue
[2025-03-21T21:10:48.132+0000] {logging_mixin.py:190} INFO - [2025-03-21T21:10:48.132+0000] {dagbag.py:588} INFO - Filling up the DagBag from /home/usmail/sys_fraud/sys_detection_frauds/lib/python3.12/site-packages/airflow/example_dags/example_skip_dag.py
[2025-03-21T21:10:48.138+0000] {processor.py:925} INFO - DAG(s) 'example_skip_dag' retrieved from /home/usmail/sys_fraud/sys_detection_frauds/lib/python3.12/site-packages/airflow/example_dags/example_skip_dag.py
[2025-03-21T21:10:48.151+0000] {logging_mixin.py:190} INFO - [2025-03-21T21:10:48.150+0000] {dag.py:3239} INFO - Sync 1 DAGs
[2025-03-21T21:10:48.166+0000] {logging_mixin.py:190} INFO - [2025-03-21T21:10:48.166+0000] {dag.py:4180} INFO - Setting next_dagrun for example_skip_dag to 2025-03-20 00:00:00+00:00, run_after=2025-03-21 00:00:00+00:00
[2025-03-21T21:10:48.181+0000] {processor.py:208} INFO - Processing /home/usmail/sys_fraud/sys_detection_frauds/lib/python3.12/site-packages/airflow/example_dags/example_skip_dag.py took 0.065 seconds
[2025-03-21T21:11:44.849+0000] {processor.py:186} INFO - Started process (PID=3741968) to work on /home/usmail/sys_fraud/sys_detection_frauds/lib/python3.12/site-packages/airflow/example_dags/example_skip_dag.py
[2025-03-21T21:11:44.857+0000] {processor.py:914} INFO - Processing file /home/usmail/sys_fraud/sys_detection_frauds/lib/python3.12/site-packages/airflow/example_dags/example_skip_dag.py for tasks to queue
[2025-03-21T21:11:44.859+0000] {logging_mixin.py:190} INFO - [2025-03-21T21:11:44.859+0000] {dagbag.py:588} INFO - Filling up the DagBag from /home/usmail/sys_fraud/sys_detection_frauds/lib/python3.12/site-packages/airflow/example_dags/example_skip_dag.py
[2025-03-21T21:11:44.865+0000] {processor.py:925} INFO - DAG(s) 'example_skip_dag' retrieved from /home/usmail/sys_fraud/sys_detection_frauds/lib/python3.12/site-packages/airflow/example_dags/example_skip_dag.py
[2025-03-21T21:11:44.878+0000] {logging_mixin.py:190} INFO - [2025-03-21T21:11:44.877+0000] {dag.py:3239} INFO - Sync 1 DAGs
[2025-03-21T21:11:44.893+0000] {logging_mixin.py:190} INFO - [2025-03-21T21:11:44.893+0000] {dag.py:4180} INFO - Setting next_dagrun for example_skip_dag to 2025-03-20 00:00:00+00:00, run_after=2025-03-21 00:00:00+00:00
[2025-03-21T21:11:44.911+0000] {processor.py:208} INFO - Processing /home/usmail/sys_fraud/sys_detection_frauds/lib/python3.12/site-packages/airflow/example_dags/example_skip_dag.py took 0.068 seconds
[2025-03-21T21:12:38.176+0000] {processor.py:186} INFO - Started process (PID=3743024) to work on /home/usmail/sys_fraud/sys_detection_frauds/lib/python3.12/site-packages/airflow/example_dags/example_skip_dag.py
[2025-03-21T21:12:38.185+0000] {processor.py:914} INFO - Processing file /home/usmail/sys_fraud/sys_detection_frauds/lib/python3.12/site-packages/airflow/example_dags/example_skip_dag.py for tasks to queue
[2025-03-21T21:12:38.186+0000] {logging_mixin.py:190} INFO - [2025-03-21T21:12:38.186+0000] {dagbag.py:588} INFO - Filling up the DagBag from /home/usmail/sys_fraud/sys_detection_frauds/lib/python3.12/site-packages/airflow/example_dags/example_skip_dag.py
[2025-03-21T21:12:38.193+0000] {processor.py:925} INFO - DAG(s) 'example_skip_dag' retrieved from /home/usmail/sys_fraud/sys_detection_frauds/lib/python3.12/site-packages/airflow/example_dags/example_skip_dag.py
[2025-03-21T21:12:38.205+0000] {logging_mixin.py:190} INFO - [2025-03-21T21:12:38.205+0000] {dag.py:3239} INFO - Sync 1 DAGs
[2025-03-21T21:12:38.221+0000] {logging_mixin.py:190} INFO - [2025-03-21T21:12:38.221+0000] {dag.py:4180} INFO - Setting next_dagrun for example_skip_dag to 2025-03-20 00:00:00+00:00, run_after=2025-03-21 00:00:00+00:00
[2025-03-21T21:12:38.253+0000] {processor.py:208} INFO - Processing /home/usmail/sys_fraud/sys_detection_frauds/lib/python3.12/site-packages/airflow/example_dags/example_skip_dag.py took 0.083 seconds
[2025-03-21T21:13:30.032+0000] {processor.py:186} INFO - Started process (PID=3743984) to work on /home/usmail/sys_fraud/sys_detection_frauds/lib/python3.12/site-packages/airflow/example_dags/example_skip_dag.py
[2025-03-21T21:13:30.040+0000] {processor.py:914} INFO - Processing file /home/usmail/sys_fraud/sys_detection_frauds/lib/python3.12/site-packages/airflow/example_dags/example_skip_dag.py for tasks to queue
[2025-03-21T21:13:30.042+0000] {logging_mixin.py:190} INFO - [2025-03-21T21:13:30.042+0000] {dagbag.py:588} INFO - Filling up the DagBag from /home/usmail/sys_fraud/sys_detection_frauds/lib/python3.12/site-packages/airflow/example_dags/example_skip_dag.py
[2025-03-21T21:13:30.048+0000] {processor.py:925} INFO - DAG(s) 'example_skip_dag' retrieved from /home/usmail/sys_fraud/sys_detection_frauds/lib/python3.12/site-packages/airflow/example_dags/example_skip_dag.py
[2025-03-21T21:13:30.060+0000] {logging_mixin.py:190} INFO - [2025-03-21T21:13:30.060+0000] {dag.py:3239} INFO - Sync 1 DAGs
[2025-03-21T21:13:30.076+0000] {logging_mixin.py:190} INFO - [2025-03-21T21:13:30.076+0000] {dag.py:4180} INFO - Setting next_dagrun for example_skip_dag to 2025-03-20 00:00:00+00:00, run_after=2025-03-21 00:00:00+00:00
[2025-03-21T21:13:30.092+0000] {processor.py:208} INFO - Processing /home/usmail/sys_fraud/sys_detection_frauds/lib/python3.12/site-packages/airflow/example_dags/example_skip_dag.py took 0.066 seconds
[2025-03-21T21:14:22.538+0000] {processor.py:186} INFO - Started process (PID=3744799) to work on /home/usmail/sys_fraud/sys_detection_frauds/lib/python3.12/site-packages/airflow/example_dags/example_skip_dag.py
[2025-03-21T21:14:22.539+0000] {processor.py:914} INFO - Processing file /home/usmail/sys_fraud/sys_detection_frauds/lib/python3.12/site-packages/airflow/example_dags/example_skip_dag.py for tasks to queue
[2025-03-21T21:14:22.541+0000] {logging_mixin.py:190} INFO - [2025-03-21T21:14:22.541+0000] {dagbag.py:588} INFO - Filling up the DagBag from /home/usmail/sys_fraud/sys_detection_frauds/lib/python3.12/site-packages/airflow/example_dags/example_skip_dag.py
[2025-03-21T21:14:22.550+0000] {processor.py:925} INFO - DAG(s) 'example_skip_dag' retrieved from /home/usmail/sys_fraud/sys_detection_frauds/lib/python3.12/site-packages/airflow/example_dags/example_skip_dag.py
[2025-03-21T21:14:22.564+0000] {logging_mixin.py:190} INFO - [2025-03-21T21:14:22.564+0000] {dag.py:3239} INFO - Sync 1 DAGs
[2025-03-21T21:14:22.581+0000] {logging_mixin.py:190} INFO - [2025-03-21T21:14:22.581+0000] {dag.py:4180} INFO - Setting next_dagrun for example_skip_dag to 2025-03-20 00:00:00+00:00, run_after=2025-03-21 00:00:00+00:00
[2025-03-21T21:14:22.599+0000] {processor.py:208} INFO - Processing /home/usmail/sys_fraud/sys_detection_frauds/lib/python3.12/site-packages/airflow/example_dags/example_skip_dag.py took 0.073 seconds
[2025-03-21T21:15:24.201+0000] {processor.py:186} INFO - Started process (PID=3745563) to work on /home/usmail/sys_fraud/sys_detection_frauds/lib/python3.12/site-packages/airflow/example_dags/example_skip_dag.py
[2025-03-21T21:15:24.210+0000] {processor.py:914} INFO - Processing file /home/usmail/sys_fraud/sys_detection_frauds/lib/python3.12/site-packages/airflow/example_dags/example_skip_dag.py for tasks to queue
[2025-03-21T21:15:24.213+0000] {logging_mixin.py:190} INFO - [2025-03-21T21:15:24.213+0000] {dagbag.py:588} INFO - Filling up the DagBag from /home/usmail/sys_fraud/sys_detection_frauds/lib/python3.12/site-packages/airflow/example_dags/example_skip_dag.py
[2025-03-21T21:15:24.226+0000] {processor.py:925} INFO - DAG(s) 'example_skip_dag' retrieved from /home/usmail/sys_fraud/sys_detection_frauds/lib/python3.12/site-packages/airflow/example_dags/example_skip_dag.py
[2025-03-21T21:15:24.251+0000] {logging_mixin.py:190} INFO - [2025-03-21T21:15:24.251+0000] {dag.py:3239} INFO - Sync 1 DAGs
[2025-03-21T21:15:24.273+0000] {logging_mixin.py:190} INFO - [2025-03-21T21:15:24.273+0000] {dag.py:4180} INFO - Setting next_dagrun for example_skip_dag to 2025-03-20 00:00:00+00:00, run_after=2025-03-21 00:00:00+00:00
[2025-03-21T21:15:24.290+0000] {processor.py:208} INFO - Processing /home/usmail/sys_fraud/sys_detection_frauds/lib/python3.12/site-packages/airflow/example_dags/example_skip_dag.py took 0.102 seconds
[2025-03-21T21:16:24.592+0000] {processor.py:186} INFO - Started process (PID=3746327) to work on /home/usmail/sys_fraud/sys_detection_frauds/lib/python3.12/site-packages/airflow/example_dags/example_skip_dag.py
[2025-03-21T21:16:24.602+0000] {processor.py:914} INFO - Processing file /home/usmail/sys_fraud/sys_detection_frauds/lib/python3.12/site-packages/airflow/example_dags/example_skip_dag.py for tasks to queue
[2025-03-21T21:16:24.605+0000] {logging_mixin.py:190} INFO - [2025-03-21T21:16:24.605+0000] {dagbag.py:588} INFO - Filling up the DagBag from /home/usmail/sys_fraud/sys_detection_frauds/lib/python3.12/site-packages/airflow/example_dags/example_skip_dag.py
[2025-03-21T21:16:24.618+0000] {processor.py:925} INFO - DAG(s) 'example_skip_dag' retrieved from /home/usmail/sys_fraud/sys_detection_frauds/lib/python3.12/site-packages/airflow/example_dags/example_skip_dag.py
[2025-03-21T21:16:24.644+0000] {logging_mixin.py:190} INFO - [2025-03-21T21:16:24.643+0000] {dag.py:3239} INFO - Sync 1 DAGs
[2025-03-21T21:16:24.667+0000] {logging_mixin.py:190} INFO - [2025-03-21T21:16:24.666+0000] {dag.py:4180} INFO - Setting next_dagrun for example_skip_dag to 2025-03-20 00:00:00+00:00, run_after=2025-03-21 00:00:00+00:00
[2025-03-21T21:16:24.683+0000] {processor.py:208} INFO - Processing /home/usmail/sys_fraud/sys_detection_frauds/lib/python3.12/site-packages/airflow/example_dags/example_skip_dag.py took 0.103 seconds
[2025-03-21T21:17:26.941+0000] {processor.py:186} INFO - Started process (PID=3747116) to work on /home/usmail/sys_fraud/sys_detection_frauds/lib/python3.12/site-packages/airflow/example_dags/example_skip_dag.py
[2025-03-21T21:17:26.950+0000] {processor.py:914} INFO - Processing file /home/usmail/sys_fraud/sys_detection_frauds/lib/python3.12/site-packages/airflow/example_dags/example_skip_dag.py for tasks to queue
[2025-03-21T21:17:26.953+0000] {logging_mixin.py:190} INFO - [2025-03-21T21:17:26.953+0000] {dagbag.py:588} INFO - Filling up the DagBag from /home/usmail/sys_fraud/sys_detection_frauds/lib/python3.12/site-packages/airflow/example_dags/example_skip_dag.py
[2025-03-21T21:17:26.965+0000] {processor.py:925} INFO - DAG(s) 'example_skip_dag' retrieved from /home/usmail/sys_fraud/sys_detection_frauds/lib/python3.12/site-packages/airflow/example_dags/example_skip_dag.py
[2025-03-21T21:17:26.991+0000] {logging_mixin.py:190} INFO - [2025-03-21T21:17:26.990+0000] {dag.py:3239} INFO - Sync 1 DAGs
[2025-03-21T21:17:27.015+0000] {logging_mixin.py:190} INFO - [2025-03-21T21:17:27.015+0000] {dag.py:4180} INFO - Setting next_dagrun for example_skip_dag to 2025-03-20 00:00:00+00:00, run_after=2025-03-21 00:00:00+00:00
[2025-03-21T21:17:27.043+0000] {processor.py:208} INFO - Processing /home/usmail/sys_fraud/sys_detection_frauds/lib/python3.12/site-packages/airflow/example_dags/example_skip_dag.py took 0.114 seconds
[2025-03-21T21:18:32.366+0000] {processor.py:186} INFO - Started process (PID=3747916) to work on /home/usmail/sys_fraud/sys_detection_frauds/lib/python3.12/site-packages/airflow/example_dags/example_skip_dag.py
[2025-03-21T21:18:32.376+0000] {processor.py:914} INFO - Processing file /home/usmail/sys_fraud/sys_detection_frauds/lib/python3.12/site-packages/airflow/example_dags/example_skip_dag.py for tasks to queue
[2025-03-21T21:18:32.379+0000] {logging_mixin.py:190} INFO - [2025-03-21T21:18:32.379+0000] {dagbag.py:588} INFO - Filling up the DagBag from /home/usmail/sys_fraud/sys_detection_frauds/lib/python3.12/site-packages/airflow/example_dags/example_skip_dag.py
[2025-03-21T21:18:32.392+0000] {processor.py:925} INFO - DAG(s) 'example_skip_dag' retrieved from /home/usmail/sys_fraud/sys_detection_frauds/lib/python3.12/site-packages/airflow/example_dags/example_skip_dag.py
[2025-03-21T21:18:32.419+0000] {logging_mixin.py:190} INFO - [2025-03-21T21:18:32.419+0000] {dag.py:3239} INFO - Sync 1 DAGs
[2025-03-21T21:18:32.441+0000] {logging_mixin.py:190} INFO - [2025-03-21T21:18:32.441+0000] {dag.py:4180} INFO - Setting next_dagrun for example_skip_dag to 2025-03-20 00:00:00+00:00, run_after=2025-03-21 00:00:00+00:00
[2025-03-21T21:18:32.483+0000] {processor.py:208} INFO - Processing /home/usmail/sys_fraud/sys_detection_frauds/lib/python3.12/site-packages/airflow/example_dags/example_skip_dag.py took 0.129 seconds
[2025-03-21T21:19:35.266+0000] {processor.py:186} INFO - Started process (PID=3748682) to work on /home/usmail/sys_fraud/sys_detection_frauds/lib/python3.12/site-packages/airflow/example_dags/example_skip_dag.py
[2025-03-21T21:19:35.275+0000] {processor.py:914} INFO - Processing file /home/usmail/sys_fraud/sys_detection_frauds/lib/python3.12/site-packages/airflow/example_dags/example_skip_dag.py for tasks to queue
[2025-03-21T21:19:35.278+0000] {logging_mixin.py:190} INFO - [2025-03-21T21:19:35.278+0000] {dagbag.py:588} INFO - Filling up the DagBag from /home/usmail/sys_fraud/sys_detection_frauds/lib/python3.12/site-packages/airflow/example_dags/example_skip_dag.py
[2025-03-21T21:19:35.290+0000] {processor.py:925} INFO - DAG(s) 'example_skip_dag' retrieved from /home/usmail/sys_fraud/sys_detection_frauds/lib/python3.12/site-packages/airflow/example_dags/example_skip_dag.py
[2025-03-21T21:19:35.315+0000] {logging_mixin.py:190} INFO - [2025-03-21T21:19:35.315+0000] {dag.py:3239} INFO - Sync 1 DAGs
[2025-03-21T21:19:35.340+0000] {logging_mixin.py:190} INFO - [2025-03-21T21:19:35.339+0000] {dag.py:4180} INFO - Setting next_dagrun for example_skip_dag to 2025-03-20 00:00:00+00:00, run_after=2025-03-21 00:00:00+00:00
[2025-03-21T21:19:35.355+0000] {processor.py:208} INFO - Processing /home/usmail/sys_fraud/sys_detection_frauds/lib/python3.12/site-packages/airflow/example_dags/example_skip_dag.py took 0.101 seconds
[2025-03-21T21:20:38.341+0000] {processor.py:186} INFO - Started process (PID=3749446) to work on /home/usmail/sys_fraud/sys_detection_frauds/lib/python3.12/site-packages/airflow/example_dags/example_skip_dag.py
[2025-03-21T21:20:38.351+0000] {processor.py:914} INFO - Processing file /home/usmail/sys_fraud/sys_detection_frauds/lib/python3.12/site-packages/airflow/example_dags/example_skip_dag.py for tasks to queue
[2025-03-21T21:20:38.354+0000] {logging_mixin.py:190} INFO - [2025-03-21T21:20:38.354+0000] {dagbag.py:588} INFO - Filling up the DagBag from /home/usmail/sys_fraud/sys_detection_frauds/lib/python3.12/site-packages/airflow/example_dags/example_skip_dag.py
[2025-03-21T21:20:38.367+0000] {processor.py:925} INFO - DAG(s) 'example_skip_dag' retrieved from /home/usmail/sys_fraud/sys_detection_frauds/lib/python3.12/site-packages/airflow/example_dags/example_skip_dag.py
[2025-03-21T21:20:38.393+0000] {logging_mixin.py:190} INFO - [2025-03-21T21:20:38.392+0000] {dag.py:3239} INFO - Sync 1 DAGs
[2025-03-21T21:20:38.417+0000] {logging_mixin.py:190} INFO - [2025-03-21T21:20:38.417+0000] {dag.py:4180} INFO - Setting next_dagrun for example_skip_dag to 2025-03-20 00:00:00+00:00, run_after=2025-03-21 00:00:00+00:00
[2025-03-21T21:20:38.444+0000] {processor.py:208} INFO - Processing /home/usmail/sys_fraud/sys_detection_frauds/lib/python3.12/site-packages/airflow/example_dags/example_skip_dag.py took 0.115 seconds
[2025-03-21T21:21:43.487+0000] {processor.py:186} INFO - Started process (PID=3750243) to work on /home/usmail/sys_fraud/sys_detection_frauds/lib/python3.12/site-packages/airflow/example_dags/example_skip_dag.py
[2025-03-21T21:21:43.496+0000] {processor.py:914} INFO - Processing file /home/usmail/sys_fraud/sys_detection_frauds/lib/python3.12/site-packages/airflow/example_dags/example_skip_dag.py for tasks to queue
[2025-03-21T21:21:43.498+0000] {logging_mixin.py:190} INFO - [2025-03-21T21:21:43.498+0000] {dagbag.py:588} INFO - Filling up the DagBag from /home/usmail/sys_fraud/sys_detection_frauds/lib/python3.12/site-packages/airflow/example_dags/example_skip_dag.py
[2025-03-21T21:21:43.510+0000] {processor.py:925} INFO - DAG(s) 'example_skip_dag' retrieved from /home/usmail/sys_fraud/sys_detection_frauds/lib/python3.12/site-packages/airflow/example_dags/example_skip_dag.py
[2025-03-21T21:21:43.532+0000] {logging_mixin.py:190} INFO - [2025-03-21T21:21:43.532+0000] {dag.py:3239} INFO - Sync 1 DAGs
[2025-03-21T21:21:43.559+0000] {logging_mixin.py:190} INFO - [2025-03-21T21:21:43.558+0000] {dag.py:4180} INFO - Setting next_dagrun for example_skip_dag to 2025-03-20 00:00:00+00:00, run_after=2025-03-21 00:00:00+00:00
[2025-03-21T21:21:43.587+0000] {processor.py:208} INFO - Processing /home/usmail/sys_fraud/sys_detection_frauds/lib/python3.12/site-packages/airflow/example_dags/example_skip_dag.py took 0.106 seconds
[2025-03-21T21:22:50.761+0000] {processor.py:186} INFO - Started process (PID=3751086) to work on /home/usmail/sys_fraud/sys_detection_frauds/lib/python3.12/site-packages/airflow/example_dags/example_skip_dag.py
[2025-03-21T21:22:50.770+0000] {processor.py:914} INFO - Processing file /home/usmail/sys_fraud/sys_detection_frauds/lib/python3.12/site-packages/airflow/example_dags/example_skip_dag.py for tasks to queue
[2025-03-21T21:22:50.772+0000] {logging_mixin.py:190} INFO - [2025-03-21T21:22:50.772+0000] {dagbag.py:588} INFO - Filling up the DagBag from /home/usmail/sys_fraud/sys_detection_frauds/lib/python3.12/site-packages/airflow/example_dags/example_skip_dag.py
[2025-03-21T21:22:50.785+0000] {processor.py:925} INFO - DAG(s) 'example_skip_dag' retrieved from /home/usmail/sys_fraud/sys_detection_frauds/lib/python3.12/site-packages/airflow/example_dags/example_skip_dag.py
[2025-03-21T21:22:50.811+0000] {logging_mixin.py:190} INFO - [2025-03-21T21:22:50.810+0000] {dag.py:3239} INFO - Sync 1 DAGs
[2025-03-21T21:22:50.833+0000] {logging_mixin.py:190} INFO - [2025-03-21T21:22:50.833+0000] {dag.py:4180} INFO - Setting next_dagrun for example_skip_dag to 2025-03-20 00:00:00+00:00, run_after=2025-03-21 00:00:00+00:00
[2025-03-21T21:22:50.868+0000] {processor.py:208} INFO - Processing /home/usmail/sys_fraud/sys_detection_frauds/lib/python3.12/site-packages/airflow/example_dags/example_skip_dag.py took 0.113 seconds
[2025-03-21T21:23:51.874+0000] {processor.py:186} INFO - Started process (PID=3751815) to work on /home/usmail/sys_fraud/sys_detection_frauds/lib/python3.12/site-packages/airflow/example_dags/example_skip_dag.py
[2025-03-21T21:23:51.883+0000] {processor.py:914} INFO - Processing file /home/usmail/sys_fraud/sys_detection_frauds/lib/python3.12/site-packages/airflow/example_dags/example_skip_dag.py for tasks to queue
[2025-03-21T21:23:51.888+0000] {logging_mixin.py:190} INFO - [2025-03-21T21:23:51.887+0000] {dagbag.py:588} INFO - Filling up the DagBag from /home/usmail/sys_fraud/sys_detection_frauds/lib/python3.12/site-packages/airflow/example_dags/example_skip_dag.py
[2025-03-21T21:23:51.905+0000] {processor.py:925} INFO - DAG(s) 'example_skip_dag' retrieved from /home/usmail/sys_fraud/sys_detection_frauds/lib/python3.12/site-packages/airflow/example_dags/example_skip_dag.py
[2025-03-21T21:23:51.928+0000] {logging_mixin.py:190} INFO - [2025-03-21T21:23:51.928+0000] {dag.py:3239} INFO - Sync 1 DAGs
[2025-03-21T21:23:51.944+0000] {logging_mixin.py:190} INFO - [2025-03-21T21:23:51.944+0000] {dag.py:4180} INFO - Setting next_dagrun for example_skip_dag to 2025-03-20 00:00:00+00:00, run_after=2025-03-21 00:00:00+00:00
[2025-03-21T21:23:51.960+0000] {processor.py:208} INFO - Processing /home/usmail/sys_fraud/sys_detection_frauds/lib/python3.12/site-packages/airflow/example_dags/example_skip_dag.py took 0.098 seconds
[2025-03-21T21:24:55.483+0000] {processor.py:186} INFO - Started process (PID=3752482) to work on /home/usmail/sys_fraud/sys_detection_frauds/lib/python3.12/site-packages/airflow/example_dags/example_skip_dag.py
[2025-03-21T21:24:55.492+0000] {processor.py:914} INFO - Processing file /home/usmail/sys_fraud/sys_detection_frauds/lib/python3.12/site-packages/airflow/example_dags/example_skip_dag.py for tasks to queue
[2025-03-21T21:24:55.495+0000] {logging_mixin.py:190} INFO - [2025-03-21T21:24:55.495+0000] {dagbag.py:588} INFO - Filling up the DagBag from /home/usmail/sys_fraud/sys_detection_frauds/lib/python3.12/site-packages/airflow/example_dags/example_skip_dag.py
[2025-03-21T21:24:55.507+0000] {processor.py:925} INFO - DAG(s) 'example_skip_dag' retrieved from /home/usmail/sys_fraud/sys_detection_frauds/lib/python3.12/site-packages/airflow/example_dags/example_skip_dag.py
[2025-03-21T21:24:55.532+0000] {logging_mixin.py:190} INFO - [2025-03-21T21:24:55.532+0000] {dag.py:3239} INFO - Sync 1 DAGs
[2025-03-21T21:24:55.555+0000] {logging_mixin.py:190} INFO - [2025-03-21T21:24:55.554+0000] {dag.py:4180} INFO - Setting next_dagrun for example_skip_dag to 2025-03-20 00:00:00+00:00, run_after=2025-03-21 00:00:00+00:00
[2025-03-21T21:24:55.595+0000] {processor.py:208} INFO - Processing /home/usmail/sys_fraud/sys_detection_frauds/lib/python3.12/site-packages/airflow/example_dags/example_skip_dag.py took 0.125 seconds
[2025-03-21T21:26:00.787+0000] {processor.py:186} INFO - Started process (PID=3753202) to work on /home/usmail/sys_fraud/sys_detection_frauds/lib/python3.12/site-packages/airflow/example_dags/example_skip_dag.py
[2025-03-21T21:26:00.796+0000] {processor.py:914} INFO - Processing file /home/usmail/sys_fraud/sys_detection_frauds/lib/python3.12/site-packages/airflow/example_dags/example_skip_dag.py for tasks to queue
[2025-03-21T21:26:00.799+0000] {logging_mixin.py:190} INFO - [2025-03-21T21:26:00.799+0000] {dagbag.py:588} INFO - Filling up the DagBag from /home/usmail/sys_fraud/sys_detection_frauds/lib/python3.12/site-packages/airflow/example_dags/example_skip_dag.py
[2025-03-21T21:26:00.811+0000] {processor.py:925} INFO - DAG(s) 'example_skip_dag' retrieved from /home/usmail/sys_fraud/sys_detection_frauds/lib/python3.12/site-packages/airflow/example_dags/example_skip_dag.py
[2025-03-21T21:26:00.837+0000] {logging_mixin.py:190} INFO - [2025-03-21T21:26:00.837+0000] {dag.py:3239} INFO - Sync 1 DAGs
[2025-03-21T21:26:00.861+0000] {logging_mixin.py:190} INFO - [2025-03-21T21:26:00.861+0000] {dag.py:4180} INFO - Setting next_dagrun for example_skip_dag to 2025-03-20 00:00:00+00:00, run_after=2025-03-21 00:00:00+00:00
[2025-03-21T21:26:00.889+0000] {processor.py:208} INFO - Processing /home/usmail/sys_fraud/sys_detection_frauds/lib/python3.12/site-packages/airflow/example_dags/example_skip_dag.py took 0.116 seconds
[2025-03-21T21:27:03.292+0000] {processor.py:186} INFO - Started process (PID=3753850) to work on /home/usmail/sys_fraud/sys_detection_frauds/lib/python3.12/site-packages/airflow/example_dags/example_skip_dag.py
[2025-03-21T21:27:03.301+0000] {processor.py:914} INFO - Processing file /home/usmail/sys_fraud/sys_detection_frauds/lib/python3.12/site-packages/airflow/example_dags/example_skip_dag.py for tasks to queue
[2025-03-21T21:27:03.305+0000] {logging_mixin.py:190} INFO - [2025-03-21T21:27:03.304+0000] {dagbag.py:588} INFO - Filling up the DagBag from /home/usmail/sys_fraud/sys_detection_frauds/lib/python3.12/site-packages/airflow/example_dags/example_skip_dag.py
[2025-03-21T21:27:03.317+0000] {processor.py:925} INFO - DAG(s) 'example_skip_dag' retrieved from /home/usmail/sys_fraud/sys_detection_frauds/lib/python3.12/site-packages/airflow/example_dags/example_skip_dag.py
[2025-03-21T21:27:03.343+0000] {logging_mixin.py:190} INFO - [2025-03-21T21:27:03.342+0000] {dag.py:3239} INFO - Sync 1 DAGs
[2025-03-21T21:27:03.367+0000] {logging_mixin.py:190} INFO - [2025-03-21T21:27:03.367+0000] {dag.py:4180} INFO - Setting next_dagrun for example_skip_dag to 2025-03-20 00:00:00+00:00, run_after=2025-03-21 00:00:00+00:00
[2025-03-21T21:27:03.396+0000] {processor.py:208} INFO - Processing /home/usmail/sys_fraud/sys_detection_frauds/lib/python3.12/site-packages/airflow/example_dags/example_skip_dag.py took 0.116 seconds
[2025-03-21T21:28:05.660+0000] {processor.py:186} INFO - Started process (PID=3754488) to work on /home/usmail/sys_fraud/sys_detection_frauds/lib/python3.12/site-packages/airflow/example_dags/example_skip_dag.py
[2025-03-21T21:28:05.669+0000] {processor.py:914} INFO - Processing file /home/usmail/sys_fraud/sys_detection_frauds/lib/python3.12/site-packages/airflow/example_dags/example_skip_dag.py for tasks to queue
[2025-03-21T21:28:05.672+0000] {logging_mixin.py:190} INFO - [2025-03-21T21:28:05.672+0000] {dagbag.py:588} INFO - Filling up the DagBag from /home/usmail/sys_fraud/sys_detection_frauds/lib/python3.12/site-packages/airflow/example_dags/example_skip_dag.py
[2025-03-21T21:28:05.684+0000] {processor.py:925} INFO - DAG(s) 'example_skip_dag' retrieved from /home/usmail/sys_fraud/sys_detection_frauds/lib/python3.12/site-packages/airflow/example_dags/example_skip_dag.py
[2025-03-21T21:28:05.710+0000] {logging_mixin.py:190} INFO - [2025-03-21T21:28:05.710+0000] {dag.py:3239} INFO - Sync 1 DAGs
[2025-03-21T21:28:05.734+0000] {logging_mixin.py:190} INFO - [2025-03-21T21:28:05.734+0000] {dag.py:4180} INFO - Setting next_dagrun for example_skip_dag to 2025-03-20 00:00:00+00:00, run_after=2025-03-21 00:00:00+00:00
[2025-03-21T21:28:05.766+0000] {processor.py:208} INFO - Processing /home/usmail/sys_fraud/sys_detection_frauds/lib/python3.12/site-packages/airflow/example_dags/example_skip_dag.py took 0.119 seconds
[2025-03-21T21:29:06.257+0000] {processor.py:186} INFO - Started process (PID=3755133) to work on /home/usmail/sys_fraud/sys_detection_frauds/lib/python3.12/site-packages/airflow/example_dags/example_skip_dag.py
[2025-03-21T21:29:06.267+0000] {processor.py:914} INFO - Processing file /home/usmail/sys_fraud/sys_detection_frauds/lib/python3.12/site-packages/airflow/example_dags/example_skip_dag.py for tasks to queue
[2025-03-21T21:29:06.270+0000] {logging_mixin.py:190} INFO - [2025-03-21T21:29:06.269+0000] {dagbag.py:588} INFO - Filling up the DagBag from /home/usmail/sys_fraud/sys_detection_frauds/lib/python3.12/site-packages/airflow/example_dags/example_skip_dag.py
[2025-03-21T21:29:06.282+0000] {processor.py:925} INFO - DAG(s) 'example_skip_dag' retrieved from /home/usmail/sys_fraud/sys_detection_frauds/lib/python3.12/site-packages/airflow/example_dags/example_skip_dag.py
[2025-03-21T21:29:06.307+0000] {logging_mixin.py:190} INFO - [2025-03-21T21:29:06.307+0000] {dag.py:3239} INFO - Sync 1 DAGs
[2025-03-21T21:29:06.331+0000] {logging_mixin.py:190} INFO - [2025-03-21T21:29:06.331+0000] {dag.py:4180} INFO - Setting next_dagrun for example_skip_dag to 2025-03-20 00:00:00+00:00, run_after=2025-03-21 00:00:00+00:00
[2025-03-21T21:29:06.347+0000] {processor.py:208} INFO - Processing /home/usmail/sys_fraud/sys_detection_frauds/lib/python3.12/site-packages/airflow/example_dags/example_skip_dag.py took 0.102 seconds
[2025-03-21T21:30:09.563+0000] {processor.py:186} INFO - Started process (PID=3755781) to work on /home/usmail/sys_fraud/sys_detection_frauds/lib/python3.12/site-packages/airflow/example_dags/example_skip_dag.py
[2025-03-21T21:30:09.572+0000] {processor.py:914} INFO - Processing file /home/usmail/sys_fraud/sys_detection_frauds/lib/python3.12/site-packages/airflow/example_dags/example_skip_dag.py for tasks to queue
[2025-03-21T21:30:09.576+0000] {logging_mixin.py:190} INFO - [2025-03-21T21:30:09.575+0000] {dagbag.py:588} INFO - Filling up the DagBag from /home/usmail/sys_fraud/sys_detection_frauds/lib/python3.12/site-packages/airflow/example_dags/example_skip_dag.py
[2025-03-21T21:30:09.588+0000] {processor.py:925} INFO - DAG(s) 'example_skip_dag' retrieved from /home/usmail/sys_fraud/sys_detection_frauds/lib/python3.12/site-packages/airflow/example_dags/example_skip_dag.py
[2025-03-21T21:30:09.612+0000] {logging_mixin.py:190} INFO - [2025-03-21T21:30:09.612+0000] {dag.py:3239} INFO - Sync 1 DAGs
[2025-03-21T21:30:09.630+0000] {logging_mixin.py:190} INFO - [2025-03-21T21:30:09.630+0000] {dag.py:4180} INFO - Setting next_dagrun for example_skip_dag to 2025-03-20 00:00:00+00:00, run_after=2025-03-21 00:00:00+00:00
[2025-03-21T21:30:09.645+0000] {processor.py:208} INFO - Processing /home/usmail/sys_fraud/sys_detection_frauds/lib/python3.12/site-packages/airflow/example_dags/example_skip_dag.py took 0.094 seconds
[2025-03-21T21:31:16.917+0000] {processor.py:186} INFO - Started process (PID=3756486) to work on /home/usmail/sys_fraud/sys_detection_frauds/lib/python3.12/site-packages/airflow/example_dags/example_skip_dag.py
[2025-03-21T21:31:16.926+0000] {processor.py:914} INFO - Processing file /home/usmail/sys_fraud/sys_detection_frauds/lib/python3.12/site-packages/airflow/example_dags/example_skip_dag.py for tasks to queue
[2025-03-21T21:31:16.929+0000] {logging_mixin.py:190} INFO - [2025-03-21T21:31:16.928+0000] {dagbag.py:588} INFO - Filling up the DagBag from /home/usmail/sys_fraud/sys_detection_frauds/lib/python3.12/site-packages/airflow/example_dags/example_skip_dag.py
[2025-03-21T21:31:16.941+0000] {processor.py:925} INFO - DAG(s) 'example_skip_dag' retrieved from /home/usmail/sys_fraud/sys_detection_frauds/lib/python3.12/site-packages/airflow/example_dags/example_skip_dag.py
[2025-03-21T21:31:16.967+0000] {logging_mixin.py:190} INFO - [2025-03-21T21:31:16.967+0000] {dag.py:3239} INFO - Sync 1 DAGs
[2025-03-21T21:31:16.990+0000] {logging_mixin.py:190} INFO - [2025-03-21T21:31:16.990+0000] {dag.py:4180} INFO - Setting next_dagrun for example_skip_dag to 2025-03-20 00:00:00+00:00, run_after=2025-03-21 00:00:00+00:00
[2025-03-21T21:31:17.020+0000] {processor.py:208} INFO - Processing /home/usmail/sys_fraud/sys_detection_frauds/lib/python3.12/site-packages/airflow/example_dags/example_skip_dag.py took 0.116 seconds
[2025-03-21T21:32:21.336+0000] {processor.py:186} INFO - Started process (PID=3757182) to work on /home/usmail/sys_fraud/sys_detection_frauds/lib/python3.12/site-packages/airflow/example_dags/example_skip_dag.py
[2025-03-21T21:32:21.345+0000] {processor.py:914} INFO - Processing file /home/usmail/sys_fraud/sys_detection_frauds/lib/python3.12/site-packages/airflow/example_dags/example_skip_dag.py for tasks to queue
[2025-03-21T21:32:21.349+0000] {logging_mixin.py:190} INFO - [2025-03-21T21:32:21.348+0000] {dagbag.py:588} INFO - Filling up the DagBag from /home/usmail/sys_fraud/sys_detection_frauds/lib/python3.12/site-packages/airflow/example_dags/example_skip_dag.py
[2025-03-21T21:32:21.361+0000] {processor.py:925} INFO - DAG(s) 'example_skip_dag' retrieved from /home/usmail/sys_fraud/sys_detection_frauds/lib/python3.12/site-packages/airflow/example_dags/example_skip_dag.py
[2025-03-21T21:32:21.387+0000] {logging_mixin.py:190} INFO - [2025-03-21T21:32:21.387+0000] {dag.py:3239} INFO - Sync 1 DAGs
[2025-03-21T21:32:21.411+0000] {logging_mixin.py:190} INFO - [2025-03-21T21:32:21.411+0000] {dag.py:4180} INFO - Setting next_dagrun for example_skip_dag to 2025-03-20 00:00:00+00:00, run_after=2025-03-21 00:00:00+00:00
[2025-03-21T21:32:21.428+0000] {processor.py:208} INFO - Processing /home/usmail/sys_fraud/sys_detection_frauds/lib/python3.12/site-packages/airflow/example_dags/example_skip_dag.py took 0.104 seconds
[2025-03-21T21:33:22.856+0000] {processor.py:186} INFO - Started process (PID=3757822) to work on /home/usmail/sys_fraud/sys_detection_frauds/lib/python3.12/site-packages/airflow/example_dags/example_skip_dag.py
[2025-03-21T21:33:22.866+0000] {processor.py:914} INFO - Processing file /home/usmail/sys_fraud/sys_detection_frauds/lib/python3.12/site-packages/airflow/example_dags/example_skip_dag.py for tasks to queue
[2025-03-21T21:33:22.869+0000] {logging_mixin.py:190} INFO - [2025-03-21T21:33:22.869+0000] {dagbag.py:588} INFO - Filling up the DagBag from /home/usmail/sys_fraud/sys_detection_frauds/lib/python3.12/site-packages/airflow/example_dags/example_skip_dag.py
[2025-03-21T21:33:22.881+0000] {processor.py:925} INFO - DAG(s) 'example_skip_dag' retrieved from /home/usmail/sys_fraud/sys_detection_frauds/lib/python3.12/site-packages/airflow/example_dags/example_skip_dag.py
[2025-03-21T21:33:22.907+0000] {logging_mixin.py:190} INFO - [2025-03-21T21:33:22.906+0000] {dag.py:3239} INFO - Sync 1 DAGs
[2025-03-21T21:33:22.930+0000] {logging_mixin.py:190} INFO - [2025-03-21T21:33:22.930+0000] {dag.py:4180} INFO - Setting next_dagrun for example_skip_dag to 2025-03-20 00:00:00+00:00, run_after=2025-03-21 00:00:00+00:00
[2025-03-21T21:33:22.953+0000] {processor.py:208} INFO - Processing /home/usmail/sys_fraud/sys_detection_frauds/lib/python3.12/site-packages/airflow/example_dags/example_skip_dag.py took 0.109 seconds
[2025-03-21T22:19:40.632+0000] {processor.py:186} INFO - Started process (PID=3758719) to work on /home/usmail/sys_fraud/sys_detection_frauds/lib/python3.12/site-packages/airflow/example_dags/example_skip_dag.py
[2025-03-21T22:19:40.642+0000] {processor.py:914} INFO - Processing file /home/usmail/sys_fraud/sys_detection_frauds/lib/python3.12/site-packages/airflow/example_dags/example_skip_dag.py for tasks to queue
[2025-03-21T22:19:40.645+0000] {logging_mixin.py:190} INFO - [2025-03-21T22:19:40.644+0000] {dagbag.py:588} INFO - Filling up the DagBag from /home/usmail/sys_fraud/sys_detection_frauds/lib/python3.12/site-packages/airflow/example_dags/example_skip_dag.py
[2025-03-21T22:19:40.658+0000] {processor.py:925} INFO - DAG(s) 'example_skip_dag' retrieved from /home/usmail/sys_fraud/sys_detection_frauds/lib/python3.12/site-packages/airflow/example_dags/example_skip_dag.py
[2025-03-21T22:19:40.684+0000] {logging_mixin.py:190} INFO - [2025-03-21T22:19:40.683+0000] {dag.py:3239} INFO - Sync 1 DAGs
[2025-03-21T22:19:40.704+0000] {logging_mixin.py:190} INFO - [2025-03-21T22:19:40.704+0000] {dag.py:4180} INFO - Setting next_dagrun for example_skip_dag to 2025-03-20 00:00:00+00:00, run_after=2025-03-21 00:00:00+00:00
[2025-03-21T22:19:40.719+0000] {processor.py:208} INFO - Processing /home/usmail/sys_fraud/sys_detection_frauds/lib/python3.12/site-packages/airflow/example_dags/example_skip_dag.py took 0.099 seconds
[2025-03-21T22:20:37.891+0000] {processor.py:186} INFO - Started process (PID=3759608) to work on /home/usmail/sys_fraud/sys_detection_frauds/lib/python3.12/site-packages/airflow/example_dags/example_skip_dag.py
[2025-03-21T22:20:37.900+0000] {processor.py:914} INFO - Processing file /home/usmail/sys_fraud/sys_detection_frauds/lib/python3.12/site-packages/airflow/example_dags/example_skip_dag.py for tasks to queue
[2025-03-21T22:20:37.904+0000] {logging_mixin.py:190} INFO - [2025-03-21T22:20:37.903+0000] {dagbag.py:588} INFO - Filling up the DagBag from /home/usmail/sys_fraud/sys_detection_frauds/lib/python3.12/site-packages/airflow/example_dags/example_skip_dag.py
[2025-03-21T22:20:37.917+0000] {processor.py:925} INFO - DAG(s) 'example_skip_dag' retrieved from /home/usmail/sys_fraud/sys_detection_frauds/lib/python3.12/site-packages/airflow/example_dags/example_skip_dag.py
[2025-03-21T22:20:37.941+0000] {logging_mixin.py:190} INFO - [2025-03-21T22:20:37.941+0000] {dag.py:3239} INFO - Sync 1 DAGs
[2025-03-21T22:20:37.960+0000] {logging_mixin.py:190} INFO - [2025-03-21T22:20:37.960+0000] {dag.py:4180} INFO - Setting next_dagrun for example_skip_dag to 2025-03-20 00:00:00+00:00, run_after=2025-03-21 00:00:00+00:00
[2025-03-21T22:20:37.993+0000] {processor.py:208} INFO - Processing /home/usmail/sys_fraud/sys_detection_frauds/lib/python3.12/site-packages/airflow/example_dags/example_skip_dag.py took 0.117 seconds
[2025-03-21T22:21:40.041+0000] {processor.py:186} INFO - Started process (PID=3760428) to work on /home/usmail/sys_fraud/sys_detection_frauds/lib/python3.12/site-packages/airflow/example_dags/example_skip_dag.py
[2025-03-21T22:21:40.050+0000] {processor.py:914} INFO - Processing file /home/usmail/sys_fraud/sys_detection_frauds/lib/python3.12/site-packages/airflow/example_dags/example_skip_dag.py for tasks to queue
[2025-03-21T22:21:40.052+0000] {logging_mixin.py:190} INFO - [2025-03-21T22:21:40.052+0000] {dagbag.py:588} INFO - Filling up the DagBag from /home/usmail/sys_fraud/sys_detection_frauds/lib/python3.12/site-packages/airflow/example_dags/example_skip_dag.py
[2025-03-21T22:21:40.066+0000] {processor.py:925} INFO - DAG(s) 'example_skip_dag' retrieved from /home/usmail/sys_fraud/sys_detection_frauds/lib/python3.12/site-packages/airflow/example_dags/example_skip_dag.py
[2025-03-21T22:21:40.091+0000] {logging_mixin.py:190} INFO - [2025-03-21T22:21:40.091+0000] {dag.py:3239} INFO - Sync 1 DAGs
[2025-03-21T22:21:40.114+0000] {logging_mixin.py:190} INFO - [2025-03-21T22:21:40.114+0000] {dag.py:4180} INFO - Setting next_dagrun for example_skip_dag to 2025-03-20 00:00:00+00:00, run_after=2025-03-21 00:00:00+00:00
[2025-03-21T22:21:40.130+0000] {processor.py:208} INFO - Processing /home/usmail/sys_fraud/sys_detection_frauds/lib/python3.12/site-packages/airflow/example_dags/example_skip_dag.py took 0.100 seconds
