[2025-03-21T20:49:32.860+0000] {processor.py:186} INFO - Started process (PID=3722908) to work on /home/usmail/sys_fraud/sys_detection_frauds/lib/python3.12/site-packages/airflow/example_dags/example_xcom.py
[2025-03-21T20:49:32.861+0000] {processor.py:914} INFO - Processing file /home/usmail/sys_fraud/sys_detection_frauds/lib/python3.12/site-packages/airflow/example_dags/example_xcom.py for tasks to queue
[2025-03-21T20:49:32.864+0000] {logging_mixin.py:190} INFO - [2025-03-21T20:49:32.863+0000] {dagbag.py:588} INFO - Filling up the DagBag from /home/usmail/sys_fraud/sys_detection_frauds/lib/python3.12/site-packages/airflow/example_dags/example_xcom.py
[2025-03-21T20:49:32.872+0000] {processor.py:925} INFO - DAG(s) 'example_xcom' retrieved from /home/usmail/sys_fraud/sys_detection_frauds/lib/python3.12/site-packages/airflow/example_dags/example_xcom.py
[2025-03-21T20:49:32.947+0000] {logging_mixin.py:190} INFO - [2025-03-21T20:49:32.947+0000] {override.py:1912} INFO - Created Permission View: can edit on DAG:example_xcom
[2025-03-21T20:49:32.954+0000] {logging_mixin.py:190} INFO - [2025-03-21T20:49:32.954+0000] {override.py:1912} INFO - Created Permission View: can read on DAG:example_xcom
[2025-03-21T20:49:32.959+0000] {logging_mixin.py:190} INFO - [2025-03-21T20:49:32.959+0000] {override.py:1912} INFO - Created Permission View: can delete on DAG:example_xcom
[2025-03-21T20:49:32.967+0000] {logging_mixin.py:190} INFO - [2025-03-21T20:49:32.967+0000] {override.py:1912} INFO - Created Permission View: can create on DAG Run:example_xcom
[2025-03-21T20:49:32.972+0000] {logging_mixin.py:190} INFO - [2025-03-21T20:49:32.972+0000] {override.py:1912} INFO - Created Permission View: menu access on DAG Run:example_xcom
[2025-03-21T20:49:32.977+0000] {logging_mixin.py:190} INFO - [2025-03-21T20:49:32.977+0000] {override.py:1912} INFO - Created Permission View: can read on DAG Run:example_xcom
[2025-03-21T20:49:32.982+0000] {logging_mixin.py:190} INFO - [2025-03-21T20:49:32.982+0000] {override.py:1912} INFO - Created Permission View: can delete on DAG Run:example_xcom
[2025-03-21T20:49:32.982+0000] {logging_mixin.py:190} INFO - [2025-03-21T20:49:32.982+0000] {dag.py:3239} INFO - Sync 1 DAGs
[2025-03-21T20:49:32.989+0000] {logging_mixin.py:190} INFO - [2025-03-21T20:49:32.988+0000] {dag.py:3262} INFO - Creating ORM DAG for example_xcom
[2025-03-21T20:49:32.994+0000] {logging_mixin.py:190} INFO - [2025-03-21T20:49:32.994+0000] {dag.py:4180} INFO - Setting next_dagrun for example_xcom to 2021-01-01 00:00:00+00:00, run_after=2021-01-01 00:00:00+00:00
[2025-03-21T20:49:33.005+0000] {processor.py:208} INFO - Processing /home/usmail/sys_fraud/sys_detection_frauds/lib/python3.12/site-packages/airflow/example_dags/example_xcom.py took 0.153 seconds
[2025-03-21T20:50:33.647+0000] {processor.py:186} INFO - Started process (PID=3723649) to work on /home/usmail/sys_fraud/sys_detection_frauds/lib/python3.12/site-packages/airflow/example_dags/example_xcom.py
[2025-03-21T20:50:33.656+0000] {processor.py:914} INFO - Processing file /home/usmail/sys_fraud/sys_detection_frauds/lib/python3.12/site-packages/airflow/example_dags/example_xcom.py for tasks to queue
[2025-03-21T20:50:33.657+0000] {logging_mixin.py:190} INFO - [2025-03-21T20:50:33.657+0000] {dagbag.py:588} INFO - Filling up the DagBag from /home/usmail/sys_fraud/sys_detection_frauds/lib/python3.12/site-packages/airflow/example_dags/example_xcom.py
[2025-03-21T20:50:33.663+0000] {processor.py:925} INFO - DAG(s) 'example_xcom' retrieved from /home/usmail/sys_fraud/sys_detection_frauds/lib/python3.12/site-packages/airflow/example_dags/example_xcom.py
[2025-03-21T20:50:33.673+0000] {logging_mixin.py:190} INFO - [2025-03-21T20:50:33.672+0000] {dag.py:3239} INFO - Sync 1 DAGs
[2025-03-21T20:50:33.685+0000] {logging_mixin.py:190} INFO - [2025-03-21T20:50:33.684+0000] {dag.py:4180} INFO - Setting next_dagrun for example_xcom to 2021-01-01 00:00:00+00:00, run_after=2021-01-01 00:00:00+00:00
[2025-03-21T20:50:33.698+0000] {processor.py:208} INFO - Processing /home/usmail/sys_fraud/sys_detection_frauds/lib/python3.12/site-packages/airflow/example_dags/example_xcom.py took 0.055 seconds
[2025-03-21T20:51:29.015+0000] {processor.py:186} INFO - Started process (PID=3724334) to work on /home/usmail/sys_fraud/sys_detection_frauds/lib/python3.12/site-packages/airflow/example_dags/example_xcom.py
[2025-03-21T20:51:29.024+0000] {processor.py:914} INFO - Processing file /home/usmail/sys_fraud/sys_detection_frauds/lib/python3.12/site-packages/airflow/example_dags/example_xcom.py for tasks to queue
[2025-03-21T20:51:29.028+0000] {logging_mixin.py:190} INFO - [2025-03-21T20:51:29.027+0000] {dagbag.py:588} INFO - Filling up the DagBag from /home/usmail/sys_fraud/sys_detection_frauds/lib/python3.12/site-packages/airflow/example_dags/example_xcom.py
[2025-03-21T20:51:29.038+0000] {processor.py:925} INFO - DAG(s) 'example_xcom' retrieved from /home/usmail/sys_fraud/sys_detection_frauds/lib/python3.12/site-packages/airflow/example_dags/example_xcom.py
[2025-03-21T20:51:29.047+0000] {logging_mixin.py:190} INFO - [2025-03-21T20:51:29.047+0000] {dag.py:3239} INFO - Sync 1 DAGs
[2025-03-21T20:51:29.058+0000] {logging_mixin.py:190} INFO - [2025-03-21T20:51:29.057+0000] {dag.py:4180} INFO - Setting next_dagrun for example_xcom to 2021-01-01 00:00:00+00:00, run_after=2021-01-01 00:00:00+00:00
[2025-03-21T20:51:29.078+0000] {processor.py:208} INFO - Processing /home/usmail/sys_fraud/sys_detection_frauds/lib/python3.12/site-packages/airflow/example_dags/example_xcom.py took 0.067 seconds
[2025-03-21T20:52:19.485+0000] {processor.py:186} INFO - Started process (PID=3724974) to work on /home/usmail/sys_fraud/sys_detection_frauds/lib/python3.12/site-packages/airflow/example_dags/example_xcom.py
[2025-03-21T20:52:19.485+0000] {processor.py:914} INFO - Processing file /home/usmail/sys_fraud/sys_detection_frauds/lib/python3.12/site-packages/airflow/example_dags/example_xcom.py for tasks to queue
[2025-03-21T20:52:19.487+0000] {logging_mixin.py:190} INFO - [2025-03-21T20:52:19.486+0000] {dagbag.py:588} INFO - Filling up the DagBag from /home/usmail/sys_fraud/sys_detection_frauds/lib/python3.12/site-packages/airflow/example_dags/example_xcom.py
[2025-03-21T20:52:19.494+0000] {processor.py:925} INFO - DAG(s) 'example_xcom' retrieved from /home/usmail/sys_fraud/sys_detection_frauds/lib/python3.12/site-packages/airflow/example_dags/example_xcom.py
[2025-03-21T20:52:19.502+0000] {logging_mixin.py:190} INFO - [2025-03-21T20:52:19.502+0000] {dag.py:3239} INFO - Sync 1 DAGs
[2025-03-21T20:52:19.512+0000] {logging_mixin.py:190} INFO - [2025-03-21T20:52:19.512+0000] {dag.py:4180} INFO - Setting next_dagrun for example_xcom to 2021-01-01 00:00:00+00:00, run_after=2021-01-01 00:00:00+00:00
[2025-03-21T20:52:19.525+0000] {processor.py:208} INFO - Processing /home/usmail/sys_fraud/sys_detection_frauds/lib/python3.12/site-packages/airflow/example_dags/example_xcom.py took 0.044 seconds
[2025-03-21T20:53:12.080+0000] {processor.py:186} INFO - Started process (PID=3725581) to work on /home/usmail/sys_fraud/sys_detection_frauds/lib/python3.12/site-packages/airflow/example_dags/example_xcom.py
[2025-03-21T20:53:12.088+0000] {processor.py:914} INFO - Processing file /home/usmail/sys_fraud/sys_detection_frauds/lib/python3.12/site-packages/airflow/example_dags/example_xcom.py for tasks to queue
[2025-03-21T20:53:12.091+0000] {logging_mixin.py:190} INFO - [2025-03-21T20:53:12.091+0000] {dagbag.py:588} INFO - Filling up the DagBag from /home/usmail/sys_fraud/sys_detection_frauds/lib/python3.12/site-packages/airflow/example_dags/example_xcom.py
[2025-03-21T20:53:12.099+0000] {processor.py:925} INFO - DAG(s) 'example_xcom' retrieved from /home/usmail/sys_fraud/sys_detection_frauds/lib/python3.12/site-packages/airflow/example_dags/example_xcom.py
[2025-03-21T20:53:12.108+0000] {logging_mixin.py:190} INFO - [2025-03-21T20:53:12.108+0000] {dag.py:3239} INFO - Sync 1 DAGs
[2025-03-21T20:53:12.119+0000] {logging_mixin.py:190} INFO - [2025-03-21T20:53:12.119+0000] {dag.py:4180} INFO - Setting next_dagrun for example_xcom to 2021-01-01 00:00:00+00:00, run_after=2021-01-01 00:00:00+00:00
[2025-03-21T20:53:12.148+0000] {processor.py:208} INFO - Processing /home/usmail/sys_fraud/sys_detection_frauds/lib/python3.12/site-packages/airflow/example_dags/example_xcom.py took 0.073 seconds
[2025-03-21T20:54:06.356+0000] {processor.py:186} INFO - Started process (PID=3726225) to work on /home/usmail/sys_fraud/sys_detection_frauds/lib/python3.12/site-packages/airflow/example_dags/example_xcom.py
[2025-03-21T20:54:06.366+0000] {processor.py:914} INFO - Processing file /home/usmail/sys_fraud/sys_detection_frauds/lib/python3.12/site-packages/airflow/example_dags/example_xcom.py for tasks to queue
[2025-03-21T20:54:06.369+0000] {logging_mixin.py:190} INFO - [2025-03-21T20:54:06.369+0000] {dagbag.py:588} INFO - Filling up the DagBag from /home/usmail/sys_fraud/sys_detection_frauds/lib/python3.12/site-packages/airflow/example_dags/example_xcom.py
[2025-03-21T20:54:06.382+0000] {processor.py:925} INFO - DAG(s) 'example_xcom' retrieved from /home/usmail/sys_fraud/sys_detection_frauds/lib/python3.12/site-packages/airflow/example_dags/example_xcom.py
[2025-03-21T20:54:06.391+0000] {logging_mixin.py:190} INFO - [2025-03-21T20:54:06.391+0000] {dag.py:3239} INFO - Sync 1 DAGs
[2025-03-21T20:54:06.477+0000] {logging_mixin.py:190} INFO - [2025-03-21T20:54:06.476+0000] {dag.py:4180} INFO - Setting next_dagrun for example_xcom to 2021-01-01 00:00:00+00:00, run_after=2021-01-01 00:00:00+00:00
[2025-03-21T20:54:06.497+0000] {processor.py:208} INFO - Processing /home/usmail/sys_fraud/sys_detection_frauds/lib/python3.12/site-packages/airflow/example_dags/example_xcom.py took 0.146 seconds
[2025-03-21T20:54:57.781+0000] {processor.py:186} INFO - Started process (PID=3726884) to work on /home/usmail/sys_fraud/sys_detection_frauds/lib/python3.12/site-packages/airflow/example_dags/example_xcom.py
[2025-03-21T20:54:57.790+0000] {processor.py:914} INFO - Processing file /home/usmail/sys_fraud/sys_detection_frauds/lib/python3.12/site-packages/airflow/example_dags/example_xcom.py for tasks to queue
[2025-03-21T20:54:57.794+0000] {logging_mixin.py:190} INFO - [2025-03-21T20:54:57.793+0000] {dagbag.py:588} INFO - Filling up the DagBag from /home/usmail/sys_fraud/sys_detection_frauds/lib/python3.12/site-packages/airflow/example_dags/example_xcom.py
[2025-03-21T20:54:57.801+0000] {processor.py:925} INFO - DAG(s) 'example_xcom' retrieved from /home/usmail/sys_fraud/sys_detection_frauds/lib/python3.12/site-packages/airflow/example_dags/example_xcom.py
[2025-03-21T20:54:57.810+0000] {logging_mixin.py:190} INFO - [2025-03-21T20:54:57.810+0000] {dag.py:3239} INFO - Sync 1 DAGs
[2025-03-21T20:54:57.822+0000] {logging_mixin.py:190} INFO - [2025-03-21T20:54:57.822+0000] {dag.py:4180} INFO - Setting next_dagrun for example_xcom to 2021-01-01 00:00:00+00:00, run_after=2021-01-01 00:00:00+00:00
[2025-03-21T20:54:57.836+0000] {processor.py:208} INFO - Processing /home/usmail/sys_fraud/sys_detection_frauds/lib/python3.12/site-packages/airflow/example_dags/example_xcom.py took 0.061 seconds
[2025-03-21T20:55:48.624+0000] {processor.py:186} INFO - Started process (PID=3727488) to work on /home/usmail/sys_fraud/sys_detection_frauds/lib/python3.12/site-packages/airflow/example_dags/example_xcom.py
[2025-03-21T20:55:48.634+0000] {processor.py:914} INFO - Processing file /home/usmail/sys_fraud/sys_detection_frauds/lib/python3.12/site-packages/airflow/example_dags/example_xcom.py for tasks to queue
[2025-03-21T20:55:48.637+0000] {logging_mixin.py:190} INFO - [2025-03-21T20:55:48.637+0000] {dagbag.py:588} INFO - Filling up the DagBag from /home/usmail/sys_fraud/sys_detection_frauds/lib/python3.12/site-packages/airflow/example_dags/example_xcom.py
[2025-03-21T20:55:48.648+0000] {processor.py:925} INFO - DAG(s) 'example_xcom' retrieved from /home/usmail/sys_fraud/sys_detection_frauds/lib/python3.12/site-packages/airflow/example_dags/example_xcom.py
[2025-03-21T20:55:48.656+0000] {logging_mixin.py:190} INFO - [2025-03-21T20:55:48.656+0000] {dag.py:3239} INFO - Sync 1 DAGs
[2025-03-21T20:55:48.668+0000] {logging_mixin.py:190} INFO - [2025-03-21T20:55:48.667+0000] {dag.py:4180} INFO - Setting next_dagrun for example_xcom to 2021-01-01 00:00:00+00:00, run_after=2021-01-01 00:00:00+00:00
[2025-03-21T20:55:48.692+0000] {processor.py:208} INFO - Processing /home/usmail/sys_fraud/sys_detection_frauds/lib/python3.12/site-packages/airflow/example_dags/example_xcom.py took 0.075 seconds
[2025-03-21T20:56:38.797+0000] {processor.py:186} INFO - Started process (PID=3728167) to work on /home/usmail/sys_fraud/sys_detection_frauds/lib/python3.12/site-packages/airflow/example_dags/example_xcom.py
[2025-03-21T20:56:38.806+0000] {processor.py:914} INFO - Processing file /home/usmail/sys_fraud/sys_detection_frauds/lib/python3.12/site-packages/airflow/example_dags/example_xcom.py for tasks to queue
[2025-03-21T20:56:38.810+0000] {logging_mixin.py:190} INFO - [2025-03-21T20:56:38.809+0000] {dagbag.py:588} INFO - Filling up the DagBag from /home/usmail/sys_fraud/sys_detection_frauds/lib/python3.12/site-packages/airflow/example_dags/example_xcom.py
[2025-03-21T20:56:38.820+0000] {processor.py:925} INFO - DAG(s) 'example_xcom' retrieved from /home/usmail/sys_fraud/sys_detection_frauds/lib/python3.12/site-packages/airflow/example_dags/example_xcom.py
[2025-03-21T20:56:38.828+0000] {logging_mixin.py:190} INFO - [2025-03-21T20:56:38.828+0000] {dag.py:3239} INFO - Sync 1 DAGs
[2025-03-21T20:56:38.840+0000] {logging_mixin.py:190} INFO - [2025-03-21T20:56:38.840+0000] {dag.py:4180} INFO - Setting next_dagrun for example_xcom to 2021-01-01 00:00:00+00:00, run_after=2021-01-01 00:00:00+00:00
[2025-03-21T20:56:38.852+0000] {processor.py:208} INFO - Processing /home/usmail/sys_fraud/sys_detection_frauds/lib/python3.12/site-packages/airflow/example_dags/example_xcom.py took 0.060 seconds
[2025-03-21T20:57:33.049+0000] {processor.py:186} INFO - Started process (PID=3728973) to work on /home/usmail/sys_fraud/sys_detection_frauds/lib/python3.12/site-packages/airflow/example_dags/example_xcom.py
[2025-03-21T20:57:33.058+0000] {processor.py:914} INFO - Processing file /home/usmail/sys_fraud/sys_detection_frauds/lib/python3.12/site-packages/airflow/example_dags/example_xcom.py for tasks to queue
[2025-03-21T20:57:33.062+0000] {logging_mixin.py:190} INFO - [2025-03-21T20:57:33.061+0000] {dagbag.py:588} INFO - Filling up the DagBag from /home/usmail/sys_fraud/sys_detection_frauds/lib/python3.12/site-packages/airflow/example_dags/example_xcom.py
[2025-03-21T20:57:33.072+0000] {processor.py:925} INFO - DAG(s) 'example_xcom' retrieved from /home/usmail/sys_fraud/sys_detection_frauds/lib/python3.12/site-packages/airflow/example_dags/example_xcom.py
[2025-03-21T20:57:33.083+0000] {logging_mixin.py:190} INFO - [2025-03-21T20:57:33.083+0000] {dag.py:3239} INFO - Sync 1 DAGs
[2025-03-21T20:57:33.095+0000] {logging_mixin.py:190} INFO - [2025-03-21T20:57:33.095+0000] {dag.py:4180} INFO - Setting next_dagrun for example_xcom to 2021-01-01 00:00:00+00:00, run_after=2021-01-01 00:00:00+00:00
[2025-03-21T20:57:33.109+0000] {processor.py:208} INFO - Processing /home/usmail/sys_fraud/sys_detection_frauds/lib/python3.12/site-packages/airflow/example_dags/example_xcom.py took 0.064 seconds
[2025-03-21T20:58:24.192+0000] {processor.py:186} INFO - Started process (PID=3729517) to work on /home/usmail/sys_fraud/sys_detection_frauds/lib/python3.12/site-packages/airflow/example_dags/example_xcom.py
[2025-03-21T20:58:24.200+0000] {processor.py:914} INFO - Processing file /home/usmail/sys_fraud/sys_detection_frauds/lib/python3.12/site-packages/airflow/example_dags/example_xcom.py for tasks to queue
[2025-03-21T20:58:24.203+0000] {logging_mixin.py:190} INFO - [2025-03-21T20:58:24.202+0000] {dagbag.py:588} INFO - Filling up the DagBag from /home/usmail/sys_fraud/sys_detection_frauds/lib/python3.12/site-packages/airflow/example_dags/example_xcom.py
[2025-03-21T20:58:24.210+0000] {processor.py:925} INFO - DAG(s) 'example_xcom' retrieved from /home/usmail/sys_fraud/sys_detection_frauds/lib/python3.12/site-packages/airflow/example_dags/example_xcom.py
[2025-03-21T20:58:24.221+0000] {logging_mixin.py:190} INFO - [2025-03-21T20:58:24.220+0000] {dag.py:3239} INFO - Sync 1 DAGs
[2025-03-21T20:58:24.232+0000] {logging_mixin.py:190} INFO - [2025-03-21T20:58:24.232+0000] {dag.py:4180} INFO - Setting next_dagrun for example_xcom to 2021-01-01 00:00:00+00:00, run_after=2021-01-01 00:00:00+00:00
[2025-03-21T20:58:24.244+0000] {processor.py:208} INFO - Processing /home/usmail/sys_fraud/sys_detection_frauds/lib/python3.12/site-packages/airflow/example_dags/example_xcom.py took 0.056 seconds
[2025-03-21T20:59:26.381+0000] {processor.py:186} INFO - Started process (PID=3730407) to work on /home/usmail/sys_fraud/sys_detection_frauds/lib/python3.12/site-packages/airflow/example_dags/example_xcom.py
[2025-03-21T20:59:26.390+0000] {processor.py:914} INFO - Processing file /home/usmail/sys_fraud/sys_detection_frauds/lib/python3.12/site-packages/airflow/example_dags/example_xcom.py for tasks to queue
[2025-03-21T20:59:26.394+0000] {logging_mixin.py:190} INFO - [2025-03-21T20:59:26.393+0000] {dagbag.py:588} INFO - Filling up the DagBag from /home/usmail/sys_fraud/sys_detection_frauds/lib/python3.12/site-packages/airflow/example_dags/example_xcom.py
[2025-03-21T20:59:26.404+0000] {processor.py:925} INFO - DAG(s) 'example_xcom' retrieved from /home/usmail/sys_fraud/sys_detection_frauds/lib/python3.12/site-packages/airflow/example_dags/example_xcom.py
[2025-03-21T20:59:26.420+0000] {logging_mixin.py:190} INFO - [2025-03-21T20:59:26.420+0000] {dag.py:3239} INFO - Sync 1 DAGs
[2025-03-21T20:59:26.432+0000] {logging_mixin.py:190} INFO - [2025-03-21T20:59:26.432+0000] {dag.py:4180} INFO - Setting next_dagrun for example_xcom to 2021-01-01 00:00:00+00:00, run_after=2021-01-01 00:00:00+00:00
[2025-03-21T20:59:26.445+0000] {processor.py:208} INFO - Processing /home/usmail/sys_fraud/sys_detection_frauds/lib/python3.12/site-packages/airflow/example_dags/example_xcom.py took 0.070 seconds
[2025-03-21T21:00:22.500+0000] {processor.py:186} INFO - Started process (PID=3731177) to work on /home/usmail/sys_fraud/sys_detection_frauds/lib/python3.12/site-packages/airflow/example_dags/example_xcom.py
[2025-03-21T21:00:22.509+0000] {processor.py:914} INFO - Processing file /home/usmail/sys_fraud/sys_detection_frauds/lib/python3.12/site-packages/airflow/example_dags/example_xcom.py for tasks to queue
[2025-03-21T21:00:22.512+0000] {logging_mixin.py:190} INFO - [2025-03-21T21:00:22.512+0000] {dagbag.py:588} INFO - Filling up the DagBag from /home/usmail/sys_fraud/sys_detection_frauds/lib/python3.12/site-packages/airflow/example_dags/example_xcom.py
[2025-03-21T21:00:22.521+0000] {processor.py:925} INFO - DAG(s) 'example_xcom' retrieved from /home/usmail/sys_fraud/sys_detection_frauds/lib/python3.12/site-packages/airflow/example_dags/example_xcom.py
[2025-03-21T21:00:22.532+0000] {logging_mixin.py:190} INFO - [2025-03-21T21:00:22.532+0000] {dag.py:3239} INFO - Sync 1 DAGs
[2025-03-21T21:00:22.543+0000] {logging_mixin.py:190} INFO - [2025-03-21T21:00:22.543+0000] {dag.py:4180} INFO - Setting next_dagrun for example_xcom to 2021-01-01 00:00:00+00:00, run_after=2021-01-01 00:00:00+00:00
[2025-03-21T21:00:22.567+0000] {processor.py:208} INFO - Processing /home/usmail/sys_fraud/sys_detection_frauds/lib/python3.12/site-packages/airflow/example_dags/example_xcom.py took 0.072 seconds
[2025-03-21T21:01:17.089+0000] {processor.py:186} INFO - Started process (PID=3731854) to work on /home/usmail/sys_fraud/sys_detection_frauds/lib/python3.12/site-packages/airflow/example_dags/example_xcom.py
[2025-03-21T21:01:17.098+0000] {processor.py:914} INFO - Processing file /home/usmail/sys_fraud/sys_detection_frauds/lib/python3.12/site-packages/airflow/example_dags/example_xcom.py for tasks to queue
[2025-03-21T21:01:17.099+0000] {logging_mixin.py:190} INFO - [2025-03-21T21:01:17.099+0000] {dagbag.py:588} INFO - Filling up the DagBag from /home/usmail/sys_fraud/sys_detection_frauds/lib/python3.12/site-packages/airflow/example_dags/example_xcom.py
[2025-03-21T21:01:17.105+0000] {processor.py:925} INFO - DAG(s) 'example_xcom' retrieved from /home/usmail/sys_fraud/sys_detection_frauds/lib/python3.12/site-packages/airflow/example_dags/example_xcom.py
[2025-03-21T21:01:17.114+0000] {logging_mixin.py:190} INFO - [2025-03-21T21:01:17.114+0000] {dag.py:3239} INFO - Sync 1 DAGs
[2025-03-21T21:01:17.125+0000] {logging_mixin.py:190} INFO - [2025-03-21T21:01:17.125+0000] {dag.py:4180} INFO - Setting next_dagrun for example_xcom to 2021-01-01 00:00:00+00:00, run_after=2021-01-01 00:00:00+00:00
[2025-03-21T21:01:17.152+0000] {processor.py:208} INFO - Processing /home/usmail/sys_fraud/sys_detection_frauds/lib/python3.12/site-packages/airflow/example_dags/example_xcom.py took 0.066 seconds
[2025-03-21T21:02:10.877+0000] {processor.py:186} INFO - Started process (PID=3732528) to work on /home/usmail/sys_fraud/sys_detection_frauds/lib/python3.12/site-packages/airflow/example_dags/example_xcom.py
[2025-03-21T21:02:10.878+0000] {processor.py:914} INFO - Processing file /home/usmail/sys_fraud/sys_detection_frauds/lib/python3.12/site-packages/airflow/example_dags/example_xcom.py for tasks to queue
[2025-03-21T21:02:10.882+0000] {logging_mixin.py:190} INFO - [2025-03-21T21:02:10.882+0000] {dagbag.py:588} INFO - Filling up the DagBag from /home/usmail/sys_fraud/sys_detection_frauds/lib/python3.12/site-packages/airflow/example_dags/example_xcom.py
[2025-03-21T21:02:10.894+0000] {processor.py:925} INFO - DAG(s) 'example_xcom' retrieved from /home/usmail/sys_fraud/sys_detection_frauds/lib/python3.12/site-packages/airflow/example_dags/example_xcom.py
[2025-03-21T21:02:10.905+0000] {logging_mixin.py:190} INFO - [2025-03-21T21:02:10.905+0000] {dag.py:3239} INFO - Sync 1 DAGs
[2025-03-21T21:02:10.917+0000] {logging_mixin.py:190} INFO - [2025-03-21T21:02:10.917+0000] {dag.py:4180} INFO - Setting next_dagrun for example_xcom to 2021-01-01 00:00:00+00:00, run_after=2021-01-01 00:00:00+00:00
[2025-03-21T21:02:10.929+0000] {processor.py:208} INFO - Processing /home/usmail/sys_fraud/sys_detection_frauds/lib/python3.12/site-packages/airflow/example_dags/example_xcom.py took 0.061 seconds
[2025-03-21T21:03:05.216+0000] {processor.py:186} INFO - Started process (PID=3733183) to work on /home/usmail/sys_fraud/sys_detection_frauds/lib/python3.12/site-packages/airflow/example_dags/example_xcom.py
[2025-03-21T21:03:05.224+0000] {processor.py:914} INFO - Processing file /home/usmail/sys_fraud/sys_detection_frauds/lib/python3.12/site-packages/airflow/example_dags/example_xcom.py for tasks to queue
[2025-03-21T21:03:05.226+0000] {logging_mixin.py:190} INFO - [2025-03-21T21:03:05.226+0000] {dagbag.py:588} INFO - Filling up the DagBag from /home/usmail/sys_fraud/sys_detection_frauds/lib/python3.12/site-packages/airflow/example_dags/example_xcom.py
[2025-03-21T21:03:05.231+0000] {processor.py:925} INFO - DAG(s) 'example_xcom' retrieved from /home/usmail/sys_fraud/sys_detection_frauds/lib/python3.12/site-packages/airflow/example_dags/example_xcom.py
[2025-03-21T21:03:05.241+0000] {logging_mixin.py:190} INFO - [2025-03-21T21:03:05.240+0000] {dag.py:3239} INFO - Sync 1 DAGs
[2025-03-21T21:03:05.252+0000] {logging_mixin.py:190} INFO - [2025-03-21T21:03:05.252+0000] {dag.py:4180} INFO - Setting next_dagrun for example_xcom to 2021-01-01 00:00:00+00:00, run_after=2021-01-01 00:00:00+00:00
[2025-03-21T21:03:05.274+0000] {processor.py:208} INFO - Processing /home/usmail/sys_fraud/sys_detection_frauds/lib/python3.12/site-packages/airflow/example_dags/example_xcom.py took 0.061 seconds
[2025-03-21T21:03:59.136+0000] {processor.py:186} INFO - Started process (PID=3733882) to work on /home/usmail/sys_fraud/sys_detection_frauds/lib/python3.12/site-packages/airflow/example_dags/example_xcom.py
[2025-03-21T21:03:59.145+0000] {processor.py:914} INFO - Processing file /home/usmail/sys_fraud/sys_detection_frauds/lib/python3.12/site-packages/airflow/example_dags/example_xcom.py for tasks to queue
[2025-03-21T21:03:59.148+0000] {logging_mixin.py:190} INFO - [2025-03-21T21:03:59.147+0000] {dagbag.py:588} INFO - Filling up the DagBag from /home/usmail/sys_fraud/sys_detection_frauds/lib/python3.12/site-packages/airflow/example_dags/example_xcom.py
[2025-03-21T21:03:59.155+0000] {processor.py:925} INFO - DAG(s) 'example_xcom' retrieved from /home/usmail/sys_fraud/sys_detection_frauds/lib/python3.12/site-packages/airflow/example_dags/example_xcom.py
[2025-03-21T21:03:59.166+0000] {logging_mixin.py:190} INFO - [2025-03-21T21:03:59.166+0000] {dag.py:3239} INFO - Sync 1 DAGs
[2025-03-21T21:03:59.272+0000] {logging_mixin.py:190} INFO - [2025-03-21T21:03:59.272+0000] {dag.py:4180} INFO - Setting next_dagrun for example_xcom to 2021-01-01 00:00:00+00:00, run_after=2021-01-01 00:00:00+00:00
[2025-03-21T21:03:59.299+0000] {processor.py:208} INFO - Processing /home/usmail/sys_fraud/sys_detection_frauds/lib/python3.12/site-packages/airflow/example_dags/example_xcom.py took 0.166 seconds
[2025-03-21T21:04:56.228+0000] {processor.py:186} INFO - Started process (PID=3734705) to work on /home/usmail/sys_fraud/sys_detection_frauds/lib/python3.12/site-packages/airflow/example_dags/example_xcom.py
[2025-03-21T21:04:56.230+0000] {processor.py:914} INFO - Processing file /home/usmail/sys_fraud/sys_detection_frauds/lib/python3.12/site-packages/airflow/example_dags/example_xcom.py for tasks to queue
[2025-03-21T21:04:56.232+0000] {logging_mixin.py:190} INFO - [2025-03-21T21:04:56.232+0000] {dagbag.py:588} INFO - Filling up the DagBag from /home/usmail/sys_fraud/sys_detection_frauds/lib/python3.12/site-packages/airflow/example_dags/example_xcom.py
[2025-03-21T21:04:56.244+0000] {processor.py:925} INFO - DAG(s) 'example_xcom' retrieved from /home/usmail/sys_fraud/sys_detection_frauds/lib/python3.12/site-packages/airflow/example_dags/example_xcom.py
[2025-03-21T21:04:56.259+0000] {logging_mixin.py:190} INFO - [2025-03-21T21:04:56.259+0000] {dag.py:3239} INFO - Sync 1 DAGs
[2025-03-21T21:04:56.284+0000] {logging_mixin.py:190} INFO - [2025-03-21T21:04:56.283+0000] {dag.py:4180} INFO - Setting next_dagrun for example_xcom to 2021-01-01 00:00:00+00:00, run_after=2021-01-01 00:00:00+00:00
[2025-03-21T21:04:56.307+0000] {processor.py:208} INFO - Processing /home/usmail/sys_fraud/sys_detection_frauds/lib/python3.12/site-packages/airflow/example_dags/example_xcom.py took 0.087 seconds
[2025-03-21T21:05:48.854+0000] {processor.py:186} INFO - Started process (PID=3735543) to work on /home/usmail/sys_fraud/sys_detection_frauds/lib/python3.12/site-packages/airflow/example_dags/example_xcom.py
[2025-03-21T21:05:48.863+0000] {processor.py:914} INFO - Processing file /home/usmail/sys_fraud/sys_detection_frauds/lib/python3.12/site-packages/airflow/example_dags/example_xcom.py for tasks to queue
[2025-03-21T21:05:48.864+0000] {logging_mixin.py:190} INFO - [2025-03-21T21:05:48.864+0000] {dagbag.py:588} INFO - Filling up the DagBag from /home/usmail/sys_fraud/sys_detection_frauds/lib/python3.12/site-packages/airflow/example_dags/example_xcom.py
[2025-03-21T21:05:48.873+0000] {processor.py:925} INFO - DAG(s) 'example_xcom' retrieved from /home/usmail/sys_fraud/sys_detection_frauds/lib/python3.12/site-packages/airflow/example_dags/example_xcom.py
[2025-03-21T21:05:48.884+0000] {logging_mixin.py:190} INFO - [2025-03-21T21:05:48.884+0000] {dag.py:3239} INFO - Sync 1 DAGs
[2025-03-21T21:05:48.900+0000] {logging_mixin.py:190} INFO - [2025-03-21T21:05:48.900+0000] {dag.py:4180} INFO - Setting next_dagrun for example_xcom to 2021-01-01 00:00:00+00:00, run_after=2021-01-01 00:00:00+00:00
[2025-03-21T21:05:48.927+0000] {processor.py:208} INFO - Processing /home/usmail/sys_fraud/sys_detection_frauds/lib/python3.12/site-packages/airflow/example_dags/example_xcom.py took 0.080 seconds
[2025-03-21T21:06:42.375+0000] {processor.py:186} INFO - Started process (PID=3736878) to work on /home/usmail/sys_fraud/sys_detection_frauds/lib/python3.12/site-packages/airflow/example_dags/example_xcom.py
[2025-03-21T21:06:42.376+0000] {processor.py:914} INFO - Processing file /home/usmail/sys_fraud/sys_detection_frauds/lib/python3.12/site-packages/airflow/example_dags/example_xcom.py for tasks to queue
[2025-03-21T21:06:42.378+0000] {logging_mixin.py:190} INFO - [2025-03-21T21:06:42.378+0000] {dagbag.py:588} INFO - Filling up the DagBag from /home/usmail/sys_fraud/sys_detection_frauds/lib/python3.12/site-packages/airflow/example_dags/example_xcom.py
[2025-03-21T21:06:42.385+0000] {processor.py:925} INFO - DAG(s) 'example_xcom' retrieved from /home/usmail/sys_fraud/sys_detection_frauds/lib/python3.12/site-packages/airflow/example_dags/example_xcom.py
[2025-03-21T21:06:42.394+0000] {logging_mixin.py:190} INFO - [2025-03-21T21:06:42.394+0000] {dag.py:3239} INFO - Sync 1 DAGs
[2025-03-21T21:06:42.413+0000] {logging_mixin.py:190} INFO - [2025-03-21T21:06:42.413+0000] {dag.py:4180} INFO - Setting next_dagrun for example_xcom to 2021-01-01 00:00:00+00:00, run_after=2021-01-01 00:00:00+00:00
[2025-03-21T21:06:42.428+0000] {processor.py:208} INFO - Processing /home/usmail/sys_fraud/sys_detection_frauds/lib/python3.12/site-packages/airflow/example_dags/example_xcom.py took 0.059 seconds
[2025-03-21T21:07:32.890+0000] {processor.py:186} INFO - Started process (PID=3737509) to work on /home/usmail/sys_fraud/sys_detection_frauds/lib/python3.12/site-packages/airflow/example_dags/example_xcom.py
[2025-03-21T21:07:32.895+0000] {processor.py:914} INFO - Processing file /home/usmail/sys_fraud/sys_detection_frauds/lib/python3.12/site-packages/airflow/example_dags/example_xcom.py for tasks to queue
[2025-03-21T21:07:32.899+0000] {logging_mixin.py:190} INFO - [2025-03-21T21:07:32.899+0000] {dagbag.py:588} INFO - Filling up the DagBag from /home/usmail/sys_fraud/sys_detection_frauds/lib/python3.12/site-packages/airflow/example_dags/example_xcom.py
[2025-03-21T21:07:32.908+0000] {processor.py:925} INFO - DAG(s) 'example_xcom' retrieved from /home/usmail/sys_fraud/sys_detection_frauds/lib/python3.12/site-packages/airflow/example_dags/example_xcom.py
[2025-03-21T21:07:32.921+0000] {logging_mixin.py:190} INFO - [2025-03-21T21:07:32.921+0000] {dag.py:3239} INFO - Sync 1 DAGs
[2025-03-21T21:07:32.935+0000] {logging_mixin.py:190} INFO - [2025-03-21T21:07:32.935+0000] {dag.py:4180} INFO - Setting next_dagrun for example_xcom to 2021-01-01 00:00:00+00:00, run_after=2021-01-01 00:00:00+00:00
[2025-03-21T21:07:32.951+0000] {processor.py:208} INFO - Processing /home/usmail/sys_fraud/sys_detection_frauds/lib/python3.12/site-packages/airflow/example_dags/example_xcom.py took 0.068 seconds
[2025-03-21T21:08:26.416+0000] {processor.py:186} INFO - Started process (PID=3738223) to work on /home/usmail/sys_fraud/sys_detection_frauds/lib/python3.12/site-packages/airflow/example_dags/example_xcom.py
[2025-03-21T21:08:26.418+0000] {processor.py:914} INFO - Processing file /home/usmail/sys_fraud/sys_detection_frauds/lib/python3.12/site-packages/airflow/example_dags/example_xcom.py for tasks to queue
[2025-03-21T21:08:26.421+0000] {logging_mixin.py:190} INFO - [2025-03-21T21:08:26.420+0000] {dagbag.py:588} INFO - Filling up the DagBag from /home/usmail/sys_fraud/sys_detection_frauds/lib/python3.12/site-packages/airflow/example_dags/example_xcom.py
[2025-03-21T21:08:26.436+0000] {processor.py:925} INFO - DAG(s) 'example_xcom' retrieved from /home/usmail/sys_fraud/sys_detection_frauds/lib/python3.12/site-packages/airflow/example_dags/example_xcom.py
[2025-03-21T21:08:26.460+0000] {logging_mixin.py:190} INFO - [2025-03-21T21:08:26.460+0000] {dag.py:3239} INFO - Sync 1 DAGs
[2025-03-21T21:08:26.478+0000] {logging_mixin.py:190} INFO - [2025-03-21T21:08:26.478+0000] {dag.py:4180} INFO - Setting next_dagrun for example_xcom to 2021-01-01 00:00:00+00:00, run_after=2021-01-01 00:00:00+00:00
[2025-03-21T21:08:26.494+0000] {processor.py:208} INFO - Processing /home/usmail/sys_fraud/sys_detection_frauds/lib/python3.12/site-packages/airflow/example_dags/example_xcom.py took 0.093 seconds
[2025-03-21T21:09:24.837+0000] {processor.py:186} INFO - Started process (PID=3739043) to work on /home/usmail/sys_fraud/sys_detection_frauds/lib/python3.12/site-packages/airflow/example_dags/example_xcom.py
[2025-03-21T21:09:24.845+0000] {processor.py:914} INFO - Processing file /home/usmail/sys_fraud/sys_detection_frauds/lib/python3.12/site-packages/airflow/example_dags/example_xcom.py for tasks to queue
[2025-03-21T21:09:24.847+0000] {logging_mixin.py:190} INFO - [2025-03-21T21:09:24.847+0000] {dagbag.py:588} INFO - Filling up the DagBag from /home/usmail/sys_fraud/sys_detection_frauds/lib/python3.12/site-packages/airflow/example_dags/example_xcom.py
[2025-03-21T21:09:24.855+0000] {processor.py:925} INFO - DAG(s) 'example_xcom' retrieved from /home/usmail/sys_fraud/sys_detection_frauds/lib/python3.12/site-packages/airflow/example_dags/example_xcom.py
[2025-03-21T21:09:24.869+0000] {logging_mixin.py:190} INFO - [2025-03-21T21:09:24.869+0000] {dag.py:3239} INFO - Sync 1 DAGs
[2025-03-21T21:09:24.887+0000] {logging_mixin.py:190} INFO - [2025-03-21T21:09:24.887+0000] {dag.py:4180} INFO - Setting next_dagrun for example_xcom to 2021-01-01 00:00:00+00:00, run_after=2021-01-01 00:00:00+00:00
[2025-03-21T21:09:24.907+0000] {processor.py:208} INFO - Processing /home/usmail/sys_fraud/sys_detection_frauds/lib/python3.12/site-packages/airflow/example_dags/example_xcom.py took 0.076 seconds
[2025-03-21T21:10:19.049+0000] {processor.py:186} INFO - Started process (PID=3739685) to work on /home/usmail/sys_fraud/sys_detection_frauds/lib/python3.12/site-packages/airflow/example_dags/example_xcom.py
[2025-03-21T21:10:19.058+0000] {processor.py:914} INFO - Processing file /home/usmail/sys_fraud/sys_detection_frauds/lib/python3.12/site-packages/airflow/example_dags/example_xcom.py for tasks to queue
[2025-03-21T21:10:19.061+0000] {logging_mixin.py:190} INFO - [2025-03-21T21:10:19.060+0000] {dagbag.py:588} INFO - Filling up the DagBag from /home/usmail/sys_fraud/sys_detection_frauds/lib/python3.12/site-packages/airflow/example_dags/example_xcom.py
[2025-03-21T21:10:19.078+0000] {processor.py:925} INFO - DAG(s) 'example_xcom' retrieved from /home/usmail/sys_fraud/sys_detection_frauds/lib/python3.12/site-packages/airflow/example_dags/example_xcom.py
[2025-03-21T21:10:19.099+0000] {logging_mixin.py:190} INFO - [2025-03-21T21:10:19.098+0000] {dag.py:3239} INFO - Sync 1 DAGs
[2025-03-21T21:10:19.115+0000] {logging_mixin.py:190} INFO - [2025-03-21T21:10:19.115+0000] {dag.py:4180} INFO - Setting next_dagrun for example_xcom to 2021-01-01 00:00:00+00:00, run_after=2021-01-01 00:00:00+00:00
[2025-03-21T21:10:19.134+0000] {processor.py:208} INFO - Processing /home/usmail/sys_fraud/sys_detection_frauds/lib/python3.12/site-packages/airflow/example_dags/example_xcom.py took 0.098 seconds
[2025-03-21T21:11:18.032+0000] {processor.py:186} INFO - Started process (PID=3741459) to work on /home/usmail/sys_fraud/sys_detection_frauds/lib/python3.12/site-packages/airflow/example_dags/example_xcom.py
[2025-03-21T21:11:18.033+0000] {processor.py:914} INFO - Processing file /home/usmail/sys_fraud/sys_detection_frauds/lib/python3.12/site-packages/airflow/example_dags/example_xcom.py for tasks to queue
[2025-03-21T21:11:18.036+0000] {logging_mixin.py:190} INFO - [2025-03-21T21:11:18.035+0000] {dagbag.py:588} INFO - Filling up the DagBag from /home/usmail/sys_fraud/sys_detection_frauds/lib/python3.12/site-packages/airflow/example_dags/example_xcom.py
[2025-03-21T21:11:18.047+0000] {processor.py:925} INFO - DAG(s) 'example_xcom' retrieved from /home/usmail/sys_fraud/sys_detection_frauds/lib/python3.12/site-packages/airflow/example_dags/example_xcom.py
[2025-03-21T21:11:18.066+0000] {logging_mixin.py:190} INFO - [2025-03-21T21:11:18.065+0000] {dag.py:3239} INFO - Sync 1 DAGs
[2025-03-21T21:11:18.091+0000] {logging_mixin.py:190} INFO - [2025-03-21T21:11:18.091+0000] {dag.py:4180} INFO - Setting next_dagrun for example_xcom to 2021-01-01 00:00:00+00:00, run_after=2021-01-01 00:00:00+00:00
[2025-03-21T21:11:18.119+0000] {processor.py:208} INFO - Processing /home/usmail/sys_fraud/sys_detection_frauds/lib/python3.12/site-packages/airflow/example_dags/example_xcom.py took 0.096 seconds
[2025-03-21T21:12:14.291+0000] {processor.py:186} INFO - Started process (PID=3742584) to work on /home/usmail/sys_fraud/sys_detection_frauds/lib/python3.12/site-packages/airflow/example_dags/example_xcom.py
[2025-03-21T21:12:14.300+0000] {processor.py:914} INFO - Processing file /home/usmail/sys_fraud/sys_detection_frauds/lib/python3.12/site-packages/airflow/example_dags/example_xcom.py for tasks to queue
[2025-03-21T21:12:14.301+0000] {logging_mixin.py:190} INFO - [2025-03-21T21:12:14.301+0000] {dagbag.py:588} INFO - Filling up the DagBag from /home/usmail/sys_fraud/sys_detection_frauds/lib/python3.12/site-packages/airflow/example_dags/example_xcom.py
[2025-03-21T21:12:14.308+0000] {processor.py:925} INFO - DAG(s) 'example_xcom' retrieved from /home/usmail/sys_fraud/sys_detection_frauds/lib/python3.12/site-packages/airflow/example_dags/example_xcom.py
[2025-03-21T21:12:14.320+0000] {logging_mixin.py:190} INFO - [2025-03-21T21:12:14.320+0000] {dag.py:3239} INFO - Sync 1 DAGs
[2025-03-21T21:12:14.337+0000] {logging_mixin.py:190} INFO - [2025-03-21T21:12:14.336+0000] {dag.py:4180} INFO - Setting next_dagrun for example_xcom to 2021-01-01 00:00:00+00:00, run_after=2021-01-01 00:00:00+00:00
[2025-03-21T21:12:14.369+0000] {processor.py:208} INFO - Processing /home/usmail/sys_fraud/sys_detection_frauds/lib/python3.12/site-packages/airflow/example_dags/example_xcom.py took 0.084 seconds
[2025-03-21T21:13:06.710+0000] {processor.py:186} INFO - Started process (PID=3743541) to work on /home/usmail/sys_fraud/sys_detection_frauds/lib/python3.12/site-packages/airflow/example_dags/example_xcom.py
[2025-03-21T21:13:06.718+0000] {processor.py:914} INFO - Processing file /home/usmail/sys_fraud/sys_detection_frauds/lib/python3.12/site-packages/airflow/example_dags/example_xcom.py for tasks to queue
[2025-03-21T21:13:06.720+0000] {logging_mixin.py:190} INFO - [2025-03-21T21:13:06.719+0000] {dagbag.py:588} INFO - Filling up the DagBag from /home/usmail/sys_fraud/sys_detection_frauds/lib/python3.12/site-packages/airflow/example_dags/example_xcom.py
[2025-03-21T21:13:06.727+0000] {processor.py:925} INFO - DAG(s) 'example_xcom' retrieved from /home/usmail/sys_fraud/sys_detection_frauds/lib/python3.12/site-packages/airflow/example_dags/example_xcom.py
[2025-03-21T21:13:06.738+0000] {logging_mixin.py:190} INFO - [2025-03-21T21:13:06.738+0000] {dag.py:3239} INFO - Sync 1 DAGs
[2025-03-21T21:13:06.753+0000] {logging_mixin.py:190} INFO - [2025-03-21T21:13:06.753+0000] {dag.py:4180} INFO - Setting next_dagrun for example_xcom to 2021-01-01 00:00:00+00:00, run_after=2021-01-01 00:00:00+00:00
[2025-03-21T21:13:06.770+0000] {processor.py:208} INFO - Processing /home/usmail/sys_fraud/sys_detection_frauds/lib/python3.12/site-packages/airflow/example_dags/example_xcom.py took 0.066 seconds
[2025-03-21T21:13:55.780+0000] {processor.py:186} INFO - Started process (PID=3744421) to work on /home/usmail/sys_fraud/sys_detection_frauds/lib/python3.12/site-packages/airflow/example_dags/example_xcom.py
[2025-03-21T21:13:55.781+0000] {processor.py:914} INFO - Processing file /home/usmail/sys_fraud/sys_detection_frauds/lib/python3.12/site-packages/airflow/example_dags/example_xcom.py for tasks to queue
[2025-03-21T21:13:55.783+0000] {logging_mixin.py:190} INFO - [2025-03-21T21:13:55.783+0000] {dagbag.py:588} INFO - Filling up the DagBag from /home/usmail/sys_fraud/sys_detection_frauds/lib/python3.12/site-packages/airflow/example_dags/example_xcom.py
[2025-03-21T21:13:55.791+0000] {processor.py:925} INFO - DAG(s) 'example_xcom' retrieved from /home/usmail/sys_fraud/sys_detection_frauds/lib/python3.12/site-packages/airflow/example_dags/example_xcom.py
[2025-03-21T21:13:55.808+0000] {logging_mixin.py:190} INFO - [2025-03-21T21:13:55.807+0000] {dag.py:3239} INFO - Sync 1 DAGs
[2025-03-21T21:13:55.829+0000] {logging_mixin.py:190} INFO - [2025-03-21T21:13:55.829+0000] {dag.py:4180} INFO - Setting next_dagrun for example_xcom to 2021-01-01 00:00:00+00:00, run_after=2021-01-01 00:00:00+00:00
[2025-03-21T21:13:55.855+0000] {processor.py:208} INFO - Processing /home/usmail/sys_fraud/sys_detection_frauds/lib/python3.12/site-packages/airflow/example_dags/example_xcom.py took 0.081 seconds
[2025-03-21T21:14:54.097+0000] {processor.py:186} INFO - Started process (PID=3745199) to work on /home/usmail/sys_fraud/sys_detection_frauds/lib/python3.12/site-packages/airflow/example_dags/example_xcom.py
[2025-03-21T21:14:54.106+0000] {processor.py:914} INFO - Processing file /home/usmail/sys_fraud/sys_detection_frauds/lib/python3.12/site-packages/airflow/example_dags/example_xcom.py for tasks to queue
[2025-03-21T21:14:54.110+0000] {logging_mixin.py:190} INFO - [2025-03-21T21:14:54.109+0000] {dagbag.py:588} INFO - Filling up the DagBag from /home/usmail/sys_fraud/sys_detection_frauds/lib/python3.12/site-packages/airflow/example_dags/example_xcom.py
[2025-03-21T21:14:54.125+0000] {processor.py:925} INFO - DAG(s) 'example_xcom' retrieved from /home/usmail/sys_fraud/sys_detection_frauds/lib/python3.12/site-packages/airflow/example_dags/example_xcom.py
[2025-03-21T21:14:54.150+0000] {logging_mixin.py:190} INFO - [2025-03-21T21:14:54.149+0000] {dag.py:3239} INFO - Sync 1 DAGs
[2025-03-21T21:14:54.171+0000] {logging_mixin.py:190} INFO - [2025-03-21T21:14:54.170+0000] {dag.py:4180} INFO - Setting next_dagrun for example_xcom to 2021-01-01 00:00:00+00:00, run_after=2021-01-01 00:00:00+00:00
[2025-03-21T21:14:54.195+0000] {processor.py:208} INFO - Processing /home/usmail/sys_fraud/sys_detection_frauds/lib/python3.12/site-packages/airflow/example_dags/example_xcom.py took 0.111 seconds
[2025-03-21T21:15:53.910+0000] {processor.py:186} INFO - Started process (PID=3745941) to work on /home/usmail/sys_fraud/sys_detection_frauds/lib/python3.12/site-packages/airflow/example_dags/example_xcom.py
[2025-03-21T21:15:53.920+0000] {processor.py:914} INFO - Processing file /home/usmail/sys_fraud/sys_detection_frauds/lib/python3.12/site-packages/airflow/example_dags/example_xcom.py for tasks to queue
[2025-03-21T21:15:53.923+0000] {logging_mixin.py:190} INFO - [2025-03-21T21:15:53.922+0000] {dagbag.py:588} INFO - Filling up the DagBag from /home/usmail/sys_fraud/sys_detection_frauds/lib/python3.12/site-packages/airflow/example_dags/example_xcom.py
[2025-03-21T21:15:53.938+0000] {processor.py:925} INFO - DAG(s) 'example_xcom' retrieved from /home/usmail/sys_fraud/sys_detection_frauds/lib/python3.12/site-packages/airflow/example_dags/example_xcom.py
[2025-03-21T21:15:53.962+0000] {logging_mixin.py:190} INFO - [2025-03-21T21:15:53.962+0000] {dag.py:3239} INFO - Sync 1 DAGs
[2025-03-21T21:15:53.983+0000] {logging_mixin.py:190} INFO - [2025-03-21T21:15:53.983+0000] {dag.py:4180} INFO - Setting next_dagrun for example_xcom to 2021-01-01 00:00:00+00:00, run_after=2021-01-01 00:00:00+00:00
[2025-03-21T21:15:53.998+0000] {processor.py:208} INFO - Processing /home/usmail/sys_fraud/sys_detection_frauds/lib/python3.12/site-packages/airflow/example_dags/example_xcom.py took 0.100 seconds
[2025-03-21T21:16:56.834+0000] {processor.py:186} INFO - Started process (PID=3746721) to work on /home/usmail/sys_fraud/sys_detection_frauds/lib/python3.12/site-packages/airflow/example_dags/example_xcom.py
[2025-03-21T21:16:56.843+0000] {processor.py:914} INFO - Processing file /home/usmail/sys_fraud/sys_detection_frauds/lib/python3.12/site-packages/airflow/example_dags/example_xcom.py for tasks to queue
[2025-03-21T21:16:56.846+0000] {logging_mixin.py:190} INFO - [2025-03-21T21:16:56.846+0000] {dagbag.py:588} INFO - Filling up the DagBag from /home/usmail/sys_fraud/sys_detection_frauds/lib/python3.12/site-packages/airflow/example_dags/example_xcom.py
[2025-03-21T21:16:56.861+0000] {processor.py:925} INFO - DAG(s) 'example_xcom' retrieved from /home/usmail/sys_fraud/sys_detection_frauds/lib/python3.12/site-packages/airflow/example_dags/example_xcom.py
[2025-03-21T21:16:56.886+0000] {logging_mixin.py:190} INFO - [2025-03-21T21:16:56.885+0000] {dag.py:3239} INFO - Sync 1 DAGs
[2025-03-21T21:16:56.908+0000] {logging_mixin.py:190} INFO - [2025-03-21T21:16:56.908+0000] {dag.py:4180} INFO - Setting next_dagrun for example_xcom to 2021-01-01 00:00:00+00:00, run_after=2021-01-01 00:00:00+00:00
[2025-03-21T21:16:56.943+0000] {processor.py:208} INFO - Processing /home/usmail/sys_fraud/sys_detection_frauds/lib/python3.12/site-packages/airflow/example_dags/example_xcom.py took 0.120 seconds
[2025-03-21T21:17:59.138+0000] {processor.py:186} INFO - Started process (PID=3747499) to work on /home/usmail/sys_fraud/sys_detection_frauds/lib/python3.12/site-packages/airflow/example_dags/example_xcom.py
[2025-03-21T21:17:59.147+0000] {processor.py:914} INFO - Processing file /home/usmail/sys_fraud/sys_detection_frauds/lib/python3.12/site-packages/airflow/example_dags/example_xcom.py for tasks to queue
[2025-03-21T21:17:59.150+0000] {logging_mixin.py:190} INFO - [2025-03-21T21:17:59.150+0000] {dagbag.py:588} INFO - Filling up the DagBag from /home/usmail/sys_fraud/sys_detection_frauds/lib/python3.12/site-packages/airflow/example_dags/example_xcom.py
[2025-03-21T21:17:59.165+0000] {processor.py:925} INFO - DAG(s) 'example_xcom' retrieved from /home/usmail/sys_fraud/sys_detection_frauds/lib/python3.12/site-packages/airflow/example_dags/example_xcom.py
[2025-03-21T21:17:59.189+0000] {logging_mixin.py:190} INFO - [2025-03-21T21:17:59.189+0000] {dag.py:3239} INFO - Sync 1 DAGs
[2025-03-21T21:17:59.211+0000] {logging_mixin.py:190} INFO - [2025-03-21T21:17:59.210+0000] {dag.py:4180} INFO - Setting next_dagrun for example_xcom to 2021-01-01 00:00:00+00:00, run_after=2021-01-01 00:00:00+00:00
[2025-03-21T21:17:59.243+0000] {processor.py:208} INFO - Processing /home/usmail/sys_fraud/sys_detection_frauds/lib/python3.12/site-packages/airflow/example_dags/example_xcom.py took 0.114 seconds
[2025-03-21T21:19:04.771+0000] {processor.py:186} INFO - Started process (PID=3748299) to work on /home/usmail/sys_fraud/sys_detection_frauds/lib/python3.12/site-packages/airflow/example_dags/example_xcom.py
[2025-03-21T21:19:04.780+0000] {processor.py:914} INFO - Processing file /home/usmail/sys_fraud/sys_detection_frauds/lib/python3.12/site-packages/airflow/example_dags/example_xcom.py for tasks to queue
[2025-03-21T21:19:04.784+0000] {logging_mixin.py:190} INFO - [2025-03-21T21:19:04.784+0000] {dagbag.py:588} INFO - Filling up the DagBag from /home/usmail/sys_fraud/sys_detection_frauds/lib/python3.12/site-packages/airflow/example_dags/example_xcom.py
[2025-03-21T21:19:04.799+0000] {processor.py:925} INFO - DAG(s) 'example_xcom' retrieved from /home/usmail/sys_fraud/sys_detection_frauds/lib/python3.12/site-packages/airflow/example_dags/example_xcom.py
[2025-03-21T21:19:04.825+0000] {logging_mixin.py:190} INFO - [2025-03-21T21:19:04.824+0000] {dag.py:3239} INFO - Sync 1 DAGs
[2025-03-21T21:19:04.846+0000] {logging_mixin.py:190} INFO - [2025-03-21T21:19:04.846+0000] {dag.py:4180} INFO - Setting next_dagrun for example_xcom to 2021-01-01 00:00:00+00:00, run_after=2021-01-01 00:00:00+00:00
[2025-03-21T21:19:04.888+0000] {processor.py:208} INFO - Processing /home/usmail/sys_fraud/sys_detection_frauds/lib/python3.12/site-packages/airflow/example_dags/example_xcom.py took 0.129 seconds
[2025-03-21T21:20:07.608+0000] {processor.py:186} INFO - Started process (PID=3749072) to work on /home/usmail/sys_fraud/sys_detection_frauds/lib/python3.12/site-packages/airflow/example_dags/example_xcom.py
[2025-03-21T21:20:07.617+0000] {processor.py:914} INFO - Processing file /home/usmail/sys_fraud/sys_detection_frauds/lib/python3.12/site-packages/airflow/example_dags/example_xcom.py for tasks to queue
[2025-03-21T21:20:07.620+0000] {logging_mixin.py:190} INFO - [2025-03-21T21:20:07.620+0000] {dagbag.py:588} INFO - Filling up the DagBag from /home/usmail/sys_fraud/sys_detection_frauds/lib/python3.12/site-packages/airflow/example_dags/example_xcom.py
[2025-03-21T21:20:07.635+0000] {processor.py:925} INFO - DAG(s) 'example_xcom' retrieved from /home/usmail/sys_fraud/sys_detection_frauds/lib/python3.12/site-packages/airflow/example_dags/example_xcom.py
[2025-03-21T21:20:07.659+0000] {logging_mixin.py:190} INFO - [2025-03-21T21:20:07.659+0000] {dag.py:3239} INFO - Sync 1 DAGs
[2025-03-21T21:20:07.682+0000] {logging_mixin.py:190} INFO - [2025-03-21T21:20:07.682+0000] {dag.py:4180} INFO - Setting next_dagrun for example_xcom to 2021-01-01 00:00:00+00:00, run_after=2021-01-01 00:00:00+00:00
[2025-03-21T21:20:07.712+0000] {processor.py:208} INFO - Processing /home/usmail/sys_fraud/sys_detection_frauds/lib/python3.12/site-packages/airflow/example_dags/example_xcom.py took 0.115 seconds
[2025-03-21T21:21:11.155+0000] {processor.py:186} INFO - Started process (PID=3749834) to work on /home/usmail/sys_fraud/sys_detection_frauds/lib/python3.12/site-packages/airflow/example_dags/example_xcom.py
[2025-03-21T21:21:11.164+0000] {processor.py:914} INFO - Processing file /home/usmail/sys_fraud/sys_detection_frauds/lib/python3.12/site-packages/airflow/example_dags/example_xcom.py for tasks to queue
[2025-03-21T21:21:11.167+0000] {logging_mixin.py:190} INFO - [2025-03-21T21:21:11.166+0000] {dagbag.py:588} INFO - Filling up the DagBag from /home/usmail/sys_fraud/sys_detection_frauds/lib/python3.12/site-packages/airflow/example_dags/example_xcom.py
[2025-03-21T21:21:11.182+0000] {processor.py:925} INFO - DAG(s) 'example_xcom' retrieved from /home/usmail/sys_fraud/sys_detection_frauds/lib/python3.12/site-packages/airflow/example_dags/example_xcom.py
[2025-03-21T21:21:11.207+0000] {logging_mixin.py:190} INFO - [2025-03-21T21:21:11.207+0000] {dag.py:3239} INFO - Sync 1 DAGs
[2025-03-21T21:21:11.230+0000] {logging_mixin.py:190} INFO - [2025-03-21T21:21:11.229+0000] {dag.py:4180} INFO - Setting next_dagrun for example_xcom to 2021-01-01 00:00:00+00:00, run_after=2021-01-01 00:00:00+00:00
[2025-03-21T21:21:11.261+0000] {processor.py:208} INFO - Processing /home/usmail/sys_fraud/sys_detection_frauds/lib/python3.12/site-packages/airflow/example_dags/example_xcom.py took 0.119 seconds
[2025-03-21T21:22:18.732+0000] {processor.py:186} INFO - Started process (PID=3750673) to work on /home/usmail/sys_fraud/sys_detection_frauds/lib/python3.12/site-packages/airflow/example_dags/example_xcom.py
[2025-03-21T21:22:18.741+0000] {processor.py:914} INFO - Processing file /home/usmail/sys_fraud/sys_detection_frauds/lib/python3.12/site-packages/airflow/example_dags/example_xcom.py for tasks to queue
[2025-03-21T21:22:18.745+0000] {logging_mixin.py:190} INFO - [2025-03-21T21:22:18.744+0000] {dagbag.py:588} INFO - Filling up the DagBag from /home/usmail/sys_fraud/sys_detection_frauds/lib/python3.12/site-packages/airflow/example_dags/example_xcom.py
[2025-03-21T21:22:18.759+0000] {processor.py:925} INFO - DAG(s) 'example_xcom' retrieved from /home/usmail/sys_fraud/sys_detection_frauds/lib/python3.12/site-packages/airflow/example_dags/example_xcom.py
[2025-03-21T21:22:18.784+0000] {logging_mixin.py:190} INFO - [2025-03-21T21:22:18.784+0000] {dag.py:3239} INFO - Sync 1 DAGs
[2025-03-21T21:22:18.808+0000] {logging_mixin.py:190} INFO - [2025-03-21T21:22:18.808+0000] {dag.py:4180} INFO - Setting next_dagrun for example_xcom to 2021-01-01 00:00:00+00:00, run_after=2021-01-01 00:00:00+00:00
[2025-03-21T21:22:18.824+0000] {processor.py:208} INFO - Processing /home/usmail/sys_fraud/sys_detection_frauds/lib/python3.12/site-packages/airflow/example_dags/example_xcom.py took 0.105 seconds
[2025-03-21T21:23:23.215+0000] {processor.py:186} INFO - Started process (PID=3751485) to work on /home/usmail/sys_fraud/sys_detection_frauds/lib/python3.12/site-packages/airflow/example_dags/example_xcom.py
[2025-03-21T21:23:23.216+0000] {processor.py:914} INFO - Processing file /home/usmail/sys_fraud/sys_detection_frauds/lib/python3.12/site-packages/airflow/example_dags/example_xcom.py for tasks to queue
[2025-03-21T21:23:23.219+0000] {logging_mixin.py:190} INFO - [2025-03-21T21:23:23.219+0000] {dagbag.py:588} INFO - Filling up the DagBag from /home/usmail/sys_fraud/sys_detection_frauds/lib/python3.12/site-packages/airflow/example_dags/example_xcom.py
[2025-03-21T21:23:23.234+0000] {processor.py:925} INFO - DAG(s) 'example_xcom' retrieved from /home/usmail/sys_fraud/sys_detection_frauds/lib/python3.12/site-packages/airflow/example_dags/example_xcom.py
[2025-03-21T21:23:23.259+0000] {logging_mixin.py:190} INFO - [2025-03-21T21:23:23.258+0000] {dag.py:3239} INFO - Sync 1 DAGs
[2025-03-21T21:23:23.280+0000] {logging_mixin.py:190} INFO - [2025-03-21T21:23:23.280+0000] {dag.py:4180} INFO - Setting next_dagrun for example_xcom to 2021-01-01 00:00:00+00:00, run_after=2021-01-01 00:00:00+00:00
[2025-03-21T21:23:23.297+0000] {processor.py:208} INFO - Processing /home/usmail/sys_fraud/sys_detection_frauds/lib/python3.12/site-packages/airflow/example_dags/example_xcom.py took 0.094 seconds
[2025-03-21T21:24:25.376+0000] {processor.py:186} INFO - Started process (PID=3752173) to work on /home/usmail/sys_fraud/sys_detection_frauds/lib/python3.12/site-packages/airflow/example_dags/example_xcom.py
[2025-03-21T21:24:25.377+0000] {processor.py:914} INFO - Processing file /home/usmail/sys_fraud/sys_detection_frauds/lib/python3.12/site-packages/airflow/example_dags/example_xcom.py for tasks to queue
[2025-03-21T21:24:25.380+0000] {logging_mixin.py:190} INFO - [2025-03-21T21:24:25.380+0000] {dagbag.py:588} INFO - Filling up the DagBag from /home/usmail/sys_fraud/sys_detection_frauds/lib/python3.12/site-packages/airflow/example_dags/example_xcom.py
[2025-03-21T21:24:25.395+0000] {processor.py:925} INFO - DAG(s) 'example_xcom' retrieved from /home/usmail/sys_fraud/sys_detection_frauds/lib/python3.12/site-packages/airflow/example_dags/example_xcom.py
[2025-03-21T21:24:25.421+0000] {logging_mixin.py:190} INFO - [2025-03-21T21:24:25.420+0000] {dag.py:3239} INFO - Sync 1 DAGs
[2025-03-21T21:24:25.441+0000] {logging_mixin.py:190} INFO - [2025-03-21T21:24:25.441+0000] {dag.py:4180} INFO - Setting next_dagrun for example_xcom to 2021-01-01 00:00:00+00:00, run_after=2021-01-01 00:00:00+00:00
[2025-03-21T21:24:25.456+0000] {processor.py:208} INFO - Processing /home/usmail/sys_fraud/sys_detection_frauds/lib/python3.12/site-packages/airflow/example_dags/example_xcom.py took 0.093 seconds
[2025-03-21T21:25:27.183+0000] {processor.py:186} INFO - Started process (PID=3752849) to work on /home/usmail/sys_fraud/sys_detection_frauds/lib/python3.12/site-packages/airflow/example_dags/example_xcom.py
[2025-03-21T21:25:27.192+0000] {processor.py:914} INFO - Processing file /home/usmail/sys_fraud/sys_detection_frauds/lib/python3.12/site-packages/airflow/example_dags/example_xcom.py for tasks to queue
[2025-03-21T21:25:27.195+0000] {logging_mixin.py:190} INFO - [2025-03-21T21:25:27.195+0000] {dagbag.py:588} INFO - Filling up the DagBag from /home/usmail/sys_fraud/sys_detection_frauds/lib/python3.12/site-packages/airflow/example_dags/example_xcom.py
[2025-03-21T21:25:27.210+0000] {processor.py:925} INFO - DAG(s) 'example_xcom' retrieved from /home/usmail/sys_fraud/sys_detection_frauds/lib/python3.12/site-packages/airflow/example_dags/example_xcom.py
[2025-03-21T21:25:27.234+0000] {logging_mixin.py:190} INFO - [2025-03-21T21:25:27.234+0000] {dag.py:3239} INFO - Sync 1 DAGs
[2025-03-21T21:25:27.257+0000] {logging_mixin.py:190} INFO - [2025-03-21T21:25:27.257+0000] {dag.py:4180} INFO - Setting next_dagrun for example_xcom to 2021-01-01 00:00:00+00:00, run_after=2021-01-01 00:00:00+00:00
[2025-03-21T21:25:27.275+0000] {processor.py:208} INFO - Processing /home/usmail/sys_fraud/sys_detection_frauds/lib/python3.12/site-packages/airflow/example_dags/example_xcom.py took 0.105 seconds
[2025-03-21T21:26:32.339+0000] {processor.py:186} INFO - Started process (PID=3753529) to work on /home/usmail/sys_fraud/sys_detection_frauds/lib/python3.12/site-packages/airflow/example_dags/example_xcom.py
[2025-03-21T21:26:32.348+0000] {processor.py:914} INFO - Processing file /home/usmail/sys_fraud/sys_detection_frauds/lib/python3.12/site-packages/airflow/example_dags/example_xcom.py for tasks to queue
[2025-03-21T21:26:32.351+0000] {logging_mixin.py:190} INFO - [2025-03-21T21:26:32.351+0000] {dagbag.py:588} INFO - Filling up the DagBag from /home/usmail/sys_fraud/sys_detection_frauds/lib/python3.12/site-packages/airflow/example_dags/example_xcom.py
[2025-03-21T21:26:32.366+0000] {processor.py:925} INFO - DAG(s) 'example_xcom' retrieved from /home/usmail/sys_fraud/sys_detection_frauds/lib/python3.12/site-packages/airflow/example_dags/example_xcom.py
[2025-03-21T21:26:32.386+0000] {logging_mixin.py:190} INFO - [2025-03-21T21:26:32.385+0000] {dag.py:3239} INFO - Sync 1 DAGs
[2025-03-21T21:26:32.402+0000] {logging_mixin.py:190} INFO - [2025-03-21T21:26:32.402+0000] {dag.py:4180} INFO - Setting next_dagrun for example_xcom to 2021-01-01 00:00:00+00:00, run_after=2021-01-01 00:00:00+00:00
[2025-03-21T21:26:32.421+0000] {processor.py:208} INFO - Processing /home/usmail/sys_fraud/sys_detection_frauds/lib/python3.12/site-packages/airflow/example_dags/example_xcom.py took 0.094 seconds
[2025-03-21T21:27:35.194+0000] {processor.py:186} INFO - Started process (PID=3754173) to work on /home/usmail/sys_fraud/sys_detection_frauds/lib/python3.12/site-packages/airflow/example_dags/example_xcom.py
[2025-03-21T21:27:35.203+0000] {processor.py:914} INFO - Processing file /home/usmail/sys_fraud/sys_detection_frauds/lib/python3.12/site-packages/airflow/example_dags/example_xcom.py for tasks to queue
[2025-03-21T21:27:35.206+0000] {logging_mixin.py:190} INFO - [2025-03-21T21:27:35.205+0000] {dagbag.py:588} INFO - Filling up the DagBag from /home/usmail/sys_fraud/sys_detection_frauds/lib/python3.12/site-packages/airflow/example_dags/example_xcom.py
[2025-03-21T21:27:35.221+0000] {processor.py:925} INFO - DAG(s) 'example_xcom' retrieved from /home/usmail/sys_fraud/sys_detection_frauds/lib/python3.12/site-packages/airflow/example_dags/example_xcom.py
[2025-03-21T21:27:35.246+0000] {logging_mixin.py:190} INFO - [2025-03-21T21:27:35.246+0000] {dag.py:3239} INFO - Sync 1 DAGs
[2025-03-21T21:27:35.267+0000] {logging_mixin.py:190} INFO - [2025-03-21T21:27:35.267+0000] {dag.py:4180} INFO - Setting next_dagrun for example_xcom to 2021-01-01 00:00:00+00:00, run_after=2021-01-01 00:00:00+00:00
[2025-03-21T21:27:35.305+0000] {processor.py:208} INFO - Processing /home/usmail/sys_fraud/sys_detection_frauds/lib/python3.12/site-packages/airflow/example_dags/example_xcom.py took 0.123 seconds
[2025-03-21T21:28:35.473+0000] {processor.py:186} INFO - Started process (PID=3754808) to work on /home/usmail/sys_fraud/sys_detection_frauds/lib/python3.12/site-packages/airflow/example_dags/example_xcom.py
[2025-03-21T21:28:35.482+0000] {processor.py:914} INFO - Processing file /home/usmail/sys_fraud/sys_detection_frauds/lib/python3.12/site-packages/airflow/example_dags/example_xcom.py for tasks to queue
[2025-03-21T21:28:35.486+0000] {logging_mixin.py:190} INFO - [2025-03-21T21:28:35.485+0000] {dagbag.py:588} INFO - Filling up the DagBag from /home/usmail/sys_fraud/sys_detection_frauds/lib/python3.12/site-packages/airflow/example_dags/example_xcom.py
[2025-03-21T21:28:35.501+0000] {processor.py:925} INFO - DAG(s) 'example_xcom' retrieved from /home/usmail/sys_fraud/sys_detection_frauds/lib/python3.12/site-packages/airflow/example_dags/example_xcom.py
[2025-03-21T21:28:35.525+0000] {logging_mixin.py:190} INFO - [2025-03-21T21:28:35.525+0000] {dag.py:3239} INFO - Sync 1 DAGs
[2025-03-21T21:28:35.547+0000] {logging_mixin.py:190} INFO - [2025-03-21T21:28:35.547+0000] {dag.py:4180} INFO - Setting next_dagrun for example_xcom to 2021-01-01 00:00:00+00:00, run_after=2021-01-01 00:00:00+00:00
[2025-03-21T21:28:35.573+0000] {processor.py:208} INFO - Processing /home/usmail/sys_fraud/sys_detection_frauds/lib/python3.12/site-packages/airflow/example_dags/example_xcom.py took 0.112 seconds
[2025-03-21T21:29:39.032+0000] {processor.py:186} INFO - Started process (PID=3755472) to work on /home/usmail/sys_fraud/sys_detection_frauds/lib/python3.12/site-packages/airflow/example_dags/example_xcom.py
[2025-03-21T21:29:39.033+0000] {processor.py:914} INFO - Processing file /home/usmail/sys_fraud/sys_detection_frauds/lib/python3.12/site-packages/airflow/example_dags/example_xcom.py for tasks to queue
[2025-03-21T21:29:39.036+0000] {logging_mixin.py:190} INFO - [2025-03-21T21:29:39.035+0000] {dagbag.py:588} INFO - Filling up the DagBag from /home/usmail/sys_fraud/sys_detection_frauds/lib/python3.12/site-packages/airflow/example_dags/example_xcom.py
[2025-03-21T21:29:39.050+0000] {processor.py:925} INFO - DAG(s) 'example_xcom' retrieved from /home/usmail/sys_fraud/sys_detection_frauds/lib/python3.12/site-packages/airflow/example_dags/example_xcom.py
[2025-03-21T21:29:39.074+0000] {logging_mixin.py:190} INFO - [2025-03-21T21:29:39.074+0000] {dag.py:3239} INFO - Sync 1 DAGs
[2025-03-21T21:29:39.094+0000] {logging_mixin.py:190} INFO - [2025-03-21T21:29:39.093+0000] {dag.py:4180} INFO - Setting next_dagrun for example_xcom to 2021-01-01 00:00:00+00:00, run_after=2021-01-01 00:00:00+00:00
[2025-03-21T21:29:39.119+0000] {processor.py:208} INFO - Processing /home/usmail/sys_fraud/sys_detection_frauds/lib/python3.12/site-packages/airflow/example_dags/example_xcom.py took 0.100 seconds
[2025-03-21T21:30:43.645+0000] {processor.py:186} INFO - Started process (PID=3756145) to work on /home/usmail/sys_fraud/sys_detection_frauds/lib/python3.12/site-packages/airflow/example_dags/example_xcom.py
[2025-03-21T21:30:43.654+0000] {processor.py:914} INFO - Processing file /home/usmail/sys_fraud/sys_detection_frauds/lib/python3.12/site-packages/airflow/example_dags/example_xcom.py for tasks to queue
[2025-03-21T21:30:43.657+0000] {logging_mixin.py:190} INFO - [2025-03-21T21:30:43.656+0000] {dagbag.py:588} INFO - Filling up the DagBag from /home/usmail/sys_fraud/sys_detection_frauds/lib/python3.12/site-packages/airflow/example_dags/example_xcom.py
[2025-03-21T21:30:43.676+0000] {processor.py:925} INFO - DAG(s) 'example_xcom' retrieved from /home/usmail/sys_fraud/sys_detection_frauds/lib/python3.12/site-packages/airflow/example_dags/example_xcom.py
[2025-03-21T21:30:43.700+0000] {logging_mixin.py:190} INFO - [2025-03-21T21:30:43.699+0000] {dag.py:3239} INFO - Sync 1 DAGs
[2025-03-21T21:30:43.721+0000] {logging_mixin.py:190} INFO - [2025-03-21T21:30:43.720+0000] {dag.py:4180} INFO - Setting next_dagrun for example_xcom to 2021-01-01 00:00:00+00:00, run_after=2021-01-01 00:00:00+00:00
[2025-03-21T21:30:43.743+0000] {processor.py:208} INFO - Processing /home/usmail/sys_fraud/sys_detection_frauds/lib/python3.12/site-packages/airflow/example_dags/example_xcom.py took 0.111 seconds
[2025-03-21T21:31:49.445+0000] {processor.py:186} INFO - Started process (PID=3756838) to work on /home/usmail/sys_fraud/sys_detection_frauds/lib/python3.12/site-packages/airflow/example_dags/example_xcom.py
[2025-03-21T21:31:49.454+0000] {processor.py:914} INFO - Processing file /home/usmail/sys_fraud/sys_detection_frauds/lib/python3.12/site-packages/airflow/example_dags/example_xcom.py for tasks to queue
[2025-03-21T21:31:49.457+0000] {logging_mixin.py:190} INFO - [2025-03-21T21:31:49.456+0000] {dagbag.py:588} INFO - Filling up the DagBag from /home/usmail/sys_fraud/sys_detection_frauds/lib/python3.12/site-packages/airflow/example_dags/example_xcom.py
[2025-03-21T21:31:49.471+0000] {processor.py:925} INFO - DAG(s) 'example_xcom' retrieved from /home/usmail/sys_fraud/sys_detection_frauds/lib/python3.12/site-packages/airflow/example_dags/example_xcom.py
[2025-03-21T21:31:49.497+0000] {logging_mixin.py:190} INFO - [2025-03-21T21:31:49.496+0000] {dag.py:3239} INFO - Sync 1 DAGs
[2025-03-21T21:31:49.518+0000] {logging_mixin.py:190} INFO - [2025-03-21T21:31:49.518+0000] {dag.py:4180} INFO - Setting next_dagrun for example_xcom to 2021-01-01 00:00:00+00:00, run_after=2021-01-01 00:00:00+00:00
[2025-03-21T21:31:49.551+0000] {processor.py:208} INFO - Processing /home/usmail/sys_fraud/sys_detection_frauds/lib/python3.12/site-packages/airflow/example_dags/example_xcom.py took 0.117 seconds
[2025-03-21T21:32:52.564+0000] {processor.py:186} INFO - Started process (PID=3757494) to work on /home/usmail/sys_fraud/sys_detection_frauds/lib/python3.12/site-packages/airflow/example_dags/example_xcom.py
[2025-03-21T21:32:52.573+0000] {processor.py:914} INFO - Processing file /home/usmail/sys_fraud/sys_detection_frauds/lib/python3.12/site-packages/airflow/example_dags/example_xcom.py for tasks to queue
[2025-03-21T21:32:52.576+0000] {logging_mixin.py:190} INFO - [2025-03-21T21:32:52.576+0000] {dagbag.py:588} INFO - Filling up the DagBag from /home/usmail/sys_fraud/sys_detection_frauds/lib/python3.12/site-packages/airflow/example_dags/example_xcom.py
[2025-03-21T21:32:52.591+0000] {processor.py:925} INFO - DAG(s) 'example_xcom' retrieved from /home/usmail/sys_fraud/sys_detection_frauds/lib/python3.12/site-packages/airflow/example_dags/example_xcom.py
[2025-03-21T21:32:52.616+0000] {logging_mixin.py:190} INFO - [2025-03-21T21:32:52.616+0000] {dag.py:3239} INFO - Sync 1 DAGs
[2025-03-21T21:32:52.638+0000] {logging_mixin.py:190} INFO - [2025-03-21T21:32:52.637+0000] {dag.py:4180} INFO - Setting next_dagrun for example_xcom to 2021-01-01 00:00:00+00:00, run_after=2021-01-01 00:00:00+00:00
[2025-03-21T21:32:52.652+0000] {processor.py:208} INFO - Processing /home/usmail/sys_fraud/sys_detection_frauds/lib/python3.12/site-packages/airflow/example_dags/example_xcom.py took 0.100 seconds
[2025-03-21T22:19:26.795+0000] {processor.py:186} INFO - Started process (PID=3758541) to work on /home/usmail/sys_fraud/sys_detection_frauds/lib/python3.12/site-packages/airflow/example_dags/example_xcom.py
[2025-03-21T22:19:26.805+0000] {processor.py:914} INFO - Processing file /home/usmail/sys_fraud/sys_detection_frauds/lib/python3.12/site-packages/airflow/example_dags/example_xcom.py for tasks to queue
[2025-03-21T22:19:26.808+0000] {logging_mixin.py:190} INFO - [2025-03-21T22:19:26.808+0000] {dagbag.py:588} INFO - Filling up the DagBag from /home/usmail/sys_fraud/sys_detection_frauds/lib/python3.12/site-packages/airflow/example_dags/example_xcom.py
[2025-03-21T22:19:26.823+0000] {processor.py:925} INFO - DAG(s) 'example_xcom' retrieved from /home/usmail/sys_fraud/sys_detection_frauds/lib/python3.12/site-packages/airflow/example_dags/example_xcom.py
[2025-03-21T22:19:26.848+0000] {logging_mixin.py:190} INFO - [2025-03-21T22:19:26.848+0000] {dag.py:3239} INFO - Sync 1 DAGs
[2025-03-21T22:19:26.870+0000] {logging_mixin.py:190} INFO - [2025-03-21T22:19:26.870+0000] {dag.py:4180} INFO - Setting next_dagrun for example_xcom to 2021-01-01 00:00:00+00:00, run_after=2021-01-01 00:00:00+00:00
[2025-03-21T22:19:26.885+0000] {processor.py:208} INFO - Processing /home/usmail/sys_fraud/sys_detection_frauds/lib/python3.12/site-packages/airflow/example_dags/example_xcom.py took 0.103 seconds
[2025-03-21T22:20:22.482+0000] {processor.py:186} INFO - Started process (PID=3759445) to work on /home/usmail/sys_fraud/sys_detection_frauds/lib/python3.12/site-packages/airflow/example_dags/example_xcom.py
[2025-03-21T22:20:22.483+0000] {processor.py:914} INFO - Processing file /home/usmail/sys_fraud/sys_detection_frauds/lib/python3.12/site-packages/airflow/example_dags/example_xcom.py for tasks to queue
[2025-03-21T22:20:22.485+0000] {logging_mixin.py:190} INFO - [2025-03-21T22:20:22.485+0000] {dagbag.py:588} INFO - Filling up the DagBag from /home/usmail/sys_fraud/sys_detection_frauds/lib/python3.12/site-packages/airflow/example_dags/example_xcom.py
[2025-03-21T22:20:22.494+0000] {processor.py:925} INFO - DAG(s) 'example_xcom' retrieved from /home/usmail/sys_fraud/sys_detection_frauds/lib/python3.12/site-packages/airflow/example_dags/example_xcom.py
[2025-03-21T22:20:22.509+0000] {logging_mixin.py:190} INFO - [2025-03-21T22:20:22.508+0000] {dag.py:3239} INFO - Sync 1 DAGs
[2025-03-21T22:20:22.528+0000] {logging_mixin.py:190} INFO - [2025-03-21T22:20:22.528+0000] {dag.py:4180} INFO - Setting next_dagrun for example_xcom to 2021-01-01 00:00:00+00:00, run_after=2021-01-01 00:00:00+00:00
[2025-03-21T22:20:22.546+0000] {processor.py:208} INFO - Processing /home/usmail/sys_fraud/sys_detection_frauds/lib/python3.12/site-packages/airflow/example_dags/example_xcom.py took 0.072 seconds
[2025-03-21T22:21:25.036+0000] {processor.py:186} INFO - Started process (PID=3760219) to work on /home/usmail/sys_fraud/sys_detection_frauds/lib/python3.12/site-packages/airflow/example_dags/example_xcom.py
[2025-03-21T22:21:25.045+0000] {processor.py:914} INFO - Processing file /home/usmail/sys_fraud/sys_detection_frauds/lib/python3.12/site-packages/airflow/example_dags/example_xcom.py for tasks to queue
[2025-03-21T22:21:25.047+0000] {logging_mixin.py:190} INFO - [2025-03-21T22:21:25.046+0000] {dagbag.py:588} INFO - Filling up the DagBag from /home/usmail/sys_fraud/sys_detection_frauds/lib/python3.12/site-packages/airflow/example_dags/example_xcom.py
[2025-03-21T22:21:25.060+0000] {processor.py:925} INFO - DAG(s) 'example_xcom' retrieved from /home/usmail/sys_fraud/sys_detection_frauds/lib/python3.12/site-packages/airflow/example_dags/example_xcom.py
[2025-03-21T22:21:25.078+0000] {logging_mixin.py:190} INFO - [2025-03-21T22:21:25.078+0000] {dag.py:3239} INFO - Sync 1 DAGs
[2025-03-21T22:21:25.098+0000] {logging_mixin.py:190} INFO - [2025-03-21T22:21:25.098+0000] {dag.py:4180} INFO - Setting next_dagrun for example_xcom to 2021-01-01 00:00:00+00:00, run_after=2021-01-01 00:00:00+00:00
[2025-03-21T22:21:25.123+0000] {processor.py:208} INFO - Processing /home/usmail/sys_fraud/sys_detection_frauds/lib/python3.12/site-packages/airflow/example_dags/example_xcom.py took 0.097 seconds
[2025-03-21T22:22:26.105+0000] {processor.py:186} INFO - Started process (PID=3761277) to work on /home/usmail/sys_fraud/sys_detection_frauds/lib/python3.12/site-packages/airflow/example_dags/example_xcom.py
[2025-03-21T22:22:26.114+0000] {processor.py:914} INFO - Processing file /home/usmail/sys_fraud/sys_detection_frauds/lib/python3.12/site-packages/airflow/example_dags/example_xcom.py for tasks to queue
[2025-03-21T22:22:26.116+0000] {logging_mixin.py:190} INFO - [2025-03-21T22:22:26.115+0000] {dagbag.py:588} INFO - Filling up the DagBag from /home/usmail/sys_fraud/sys_detection_frauds/lib/python3.12/site-packages/airflow/example_dags/example_xcom.py
[2025-03-21T22:22:26.130+0000] {processor.py:925} INFO - DAG(s) 'example_xcom' retrieved from /home/usmail/sys_fraud/sys_detection_frauds/lib/python3.12/site-packages/airflow/example_dags/example_xcom.py
[2025-03-21T22:22:26.157+0000] {logging_mixin.py:190} INFO - [2025-03-21T22:22:26.157+0000] {dag.py:3239} INFO - Sync 1 DAGs
[2025-03-21T22:22:26.178+0000] {logging_mixin.py:190} INFO - [2025-03-21T22:22:26.177+0000] {dag.py:4180} INFO - Setting next_dagrun for example_xcom to 2021-01-01 00:00:00+00:00, run_after=2021-01-01 00:00:00+00:00
[2025-03-21T22:22:26.193+0000] {processor.py:208} INFO - Processing /home/usmail/sys_fraud/sys_detection_frauds/lib/python3.12/site-packages/airflow/example_dags/example_xcom.py took 0.101 seconds
