[2025-03-21T20:50:19.837+0000] {processor.py:186} INFO - Started process (PID=3723522) to work on /home/usmail/sys_fraud/sys_detection_frauds/lib/python3.12/site-packages/airflow/example_dags/example_branch_day_of_week_operator.py
[2025-03-21T20:50:19.838+0000] {processor.py:914} INFO - Processing file /home/usmail/sys_fraud/sys_detection_frauds/lib/python3.12/site-packages/airflow/example_dags/example_branch_day_of_week_operator.py for tasks to queue
[2025-03-21T20:50:19.839+0000] {logging_mixin.py:190} INFO - [2025-03-21T20:50:19.839+0000] {dagbag.py:588} INFO - Filling up the DagBag from /home/usmail/sys_fraud/sys_detection_frauds/lib/python3.12/site-packages/airflow/example_dags/example_branch_day_of_week_operator.py
[2025-03-21T20:50:19.846+0000] {processor.py:925} INFO - DAG(s) 'example_weekday_branch_operator' retrieved from /home/usmail/sys_fraud/sys_detection_frauds/lib/python3.12/site-packages/airflow/example_dags/example_branch_day_of_week_operator.py
[2025-03-21T20:50:19.934+0000] {logging_mixin.py:190} INFO - [2025-03-21T20:50:19.933+0000] {override.py:1912} INFO - Created Permission View: can edit on DAG:example_weekday_branch_operator
[2025-03-21T20:50:19.943+0000] {logging_mixin.py:190} INFO - [2025-03-21T20:50:19.943+0000] {override.py:1912} INFO - Created Permission View: can read on DAG:example_weekday_branch_operator
[2025-03-21T20:50:19.949+0000] {logging_mixin.py:190} INFO - [2025-03-21T20:50:19.948+0000] {override.py:1912} INFO - Created Permission View: can delete on DAG:example_weekday_branch_operator
[2025-03-21T20:50:19.957+0000] {logging_mixin.py:190} INFO - [2025-03-21T20:50:19.957+0000] {override.py:1912} INFO - Created Permission View: can create on DAG Run:example_weekday_branch_operator
[2025-03-21T20:50:19.965+0000] {logging_mixin.py:190} INFO - [2025-03-21T20:50:19.964+0000] {override.py:1912} INFO - Created Permission View: menu access on DAG Run:example_weekday_branch_operator
[2025-03-21T20:50:19.971+0000] {logging_mixin.py:190} INFO - [2025-03-21T20:50:19.971+0000] {override.py:1912} INFO - Created Permission View: can read on DAG Run:example_weekday_branch_operator
[2025-03-21T20:50:19.977+0000] {logging_mixin.py:190} INFO - [2025-03-21T20:50:19.977+0000] {override.py:1912} INFO - Created Permission View: can delete on DAG Run:example_weekday_branch_operator
[2025-03-21T20:50:19.978+0000] {logging_mixin.py:190} INFO - [2025-03-21T20:50:19.977+0000] {dag.py:3239} INFO - Sync 1 DAGs
[2025-03-21T20:50:19.985+0000] {logging_mixin.py:190} INFO - [2025-03-21T20:50:19.985+0000] {dag.py:3262} INFO - Creating ORM DAG for example_weekday_branch_operator
[2025-03-21T20:50:19.993+0000] {logging_mixin.py:190} INFO - [2025-03-21T20:50:19.993+0000] {dag.py:4180} INFO - Setting next_dagrun for example_weekday_branch_operator to 2025-03-20 00:00:00+00:00, run_after=2025-03-21 00:00:00+00:00
[2025-03-21T20:50:20.008+0000] {processor.py:208} INFO - Processing /home/usmail/sys_fraud/sys_detection_frauds/lib/python3.12/site-packages/airflow/example_dags/example_branch_day_of_week_operator.py took 0.174 seconds
[2025-03-21T20:51:16.515+0000] {processor.py:186} INFO - Started process (PID=3724213) to work on /home/usmail/sys_fraud/sys_detection_frauds/lib/python3.12/site-packages/airflow/example_dags/example_branch_day_of_week_operator.py
[2025-03-21T20:51:16.516+0000] {processor.py:914} INFO - Processing file /home/usmail/sys_fraud/sys_detection_frauds/lib/python3.12/site-packages/airflow/example_dags/example_branch_day_of_week_operator.py for tasks to queue
[2025-03-21T20:51:16.518+0000] {logging_mixin.py:190} INFO - [2025-03-21T20:51:16.518+0000] {dagbag.py:588} INFO - Filling up the DagBag from /home/usmail/sys_fraud/sys_detection_frauds/lib/python3.12/site-packages/airflow/example_dags/example_branch_day_of_week_operator.py
[2025-03-21T20:51:16.526+0000] {processor.py:925} INFO - DAG(s) 'example_weekday_branch_operator' retrieved from /home/usmail/sys_fraud/sys_detection_frauds/lib/python3.12/site-packages/airflow/example_dags/example_branch_day_of_week_operator.py
[2025-03-21T20:51:16.536+0000] {logging_mixin.py:190} INFO - [2025-03-21T20:51:16.536+0000] {dag.py:3239} INFO - Sync 1 DAGs
[2025-03-21T20:51:16.551+0000] {logging_mixin.py:190} INFO - [2025-03-21T20:51:16.551+0000] {dag.py:4180} INFO - Setting next_dagrun for example_weekday_branch_operator to 2025-03-20 00:00:00+00:00, run_after=2025-03-21 00:00:00+00:00
[2025-03-21T20:51:16.578+0000] {processor.py:208} INFO - Processing /home/usmail/sys_fraud/sys_detection_frauds/lib/python3.12/site-packages/airflow/example_dags/example_branch_day_of_week_operator.py took 0.072 seconds
[2025-03-21T20:52:33.221+0000] {processor.py:186} INFO - Started process (PID=3725113) to work on /home/usmail/sys_fraud/sys_detection_frauds/lib/python3.12/site-packages/airflow/example_dags/example_branch_day_of_week_operator.py
[2025-03-21T20:52:33.231+0000] {processor.py:914} INFO - Processing file /home/usmail/sys_fraud/sys_detection_frauds/lib/python3.12/site-packages/airflow/example_dags/example_branch_day_of_week_operator.py for tasks to queue
[2025-03-21T20:52:33.234+0000] {logging_mixin.py:190} INFO - [2025-03-21T20:52:33.233+0000] {dagbag.py:588} INFO - Filling up the DagBag from /home/usmail/sys_fraud/sys_detection_frauds/lib/python3.12/site-packages/airflow/example_dags/example_branch_day_of_week_operator.py
[2025-03-21T20:52:33.245+0000] {processor.py:925} INFO - DAG(s) 'example_weekday_branch_operator' retrieved from /home/usmail/sys_fraud/sys_detection_frauds/lib/python3.12/site-packages/airflow/example_dags/example_branch_day_of_week_operator.py
[2025-03-21T20:52:33.253+0000] {logging_mixin.py:190} INFO - [2025-03-21T20:52:33.253+0000] {dag.py:3239} INFO - Sync 1 DAGs
[2025-03-21T20:52:33.264+0000] {logging_mixin.py:190} INFO - [2025-03-21T20:52:33.264+0000] {dag.py:4180} INFO - Setting next_dagrun for example_weekday_branch_operator to 2025-03-20 00:00:00+00:00, run_after=2025-03-21 00:00:00+00:00
[2025-03-21T20:52:33.292+0000] {processor.py:208} INFO - Processing /home/usmail/sys_fraud/sys_detection_frauds/lib/python3.12/site-packages/airflow/example_dags/example_branch_day_of_week_operator.py took 0.079 seconds
[2025-03-21T20:53:53.417+0000] {processor.py:186} INFO - Started process (PID=3726092) to work on /home/usmail/sys_fraud/sys_detection_frauds/lib/python3.12/site-packages/airflow/example_dags/example_branch_day_of_week_operator.py
[2025-03-21T20:53:53.426+0000] {processor.py:914} INFO - Processing file /home/usmail/sys_fraud/sys_detection_frauds/lib/python3.12/site-packages/airflow/example_dags/example_branch_day_of_week_operator.py for tasks to queue
[2025-03-21T20:53:53.428+0000] {logging_mixin.py:190} INFO - [2025-03-21T20:53:53.427+0000] {dagbag.py:588} INFO - Filling up the DagBag from /home/usmail/sys_fraud/sys_detection_frauds/lib/python3.12/site-packages/airflow/example_dags/example_branch_day_of_week_operator.py
[2025-03-21T20:53:53.435+0000] {processor.py:925} INFO - DAG(s) 'example_weekday_branch_operator' retrieved from /home/usmail/sys_fraud/sys_detection_frauds/lib/python3.12/site-packages/airflow/example_dags/example_branch_day_of_week_operator.py
[2025-03-21T20:53:53.443+0000] {logging_mixin.py:190} INFO - [2025-03-21T20:53:53.443+0000] {dag.py:3239} INFO - Sync 1 DAGs
[2025-03-21T20:53:53.454+0000] {logging_mixin.py:190} INFO - [2025-03-21T20:53:53.454+0000] {dag.py:4180} INFO - Setting next_dagrun for example_weekday_branch_operator to 2025-03-20 00:00:00+00:00, run_after=2025-03-21 00:00:00+00:00
[2025-03-21T20:53:53.550+0000] {processor.py:208} INFO - Processing /home/usmail/sys_fraud/sys_detection_frauds/lib/python3.12/site-packages/airflow/example_dags/example_branch_day_of_week_operator.py took 0.137 seconds
[2025-03-21T20:55:11.307+0000] {processor.py:186} INFO - Started process (PID=3727045) to work on /home/usmail/sys_fraud/sys_detection_frauds/lib/python3.12/site-packages/airflow/example_dags/example_branch_day_of_week_operator.py
[2025-03-21T20:55:11.316+0000] {processor.py:914} INFO - Processing file /home/usmail/sys_fraud/sys_detection_frauds/lib/python3.12/site-packages/airflow/example_dags/example_branch_day_of_week_operator.py for tasks to queue
[2025-03-21T20:55:11.318+0000] {logging_mixin.py:190} INFO - [2025-03-21T20:55:11.318+0000] {dagbag.py:588} INFO - Filling up the DagBag from /home/usmail/sys_fraud/sys_detection_frauds/lib/python3.12/site-packages/airflow/example_dags/example_branch_day_of_week_operator.py
[2025-03-21T20:55:11.328+0000] {processor.py:925} INFO - DAG(s) 'example_weekday_branch_operator' retrieved from /home/usmail/sys_fraud/sys_detection_frauds/lib/python3.12/site-packages/airflow/example_dags/example_branch_day_of_week_operator.py
[2025-03-21T20:55:11.337+0000] {logging_mixin.py:190} INFO - [2025-03-21T20:55:11.336+0000] {dag.py:3239} INFO - Sync 1 DAGs
[2025-03-21T20:55:11.350+0000] {logging_mixin.py:190} INFO - [2025-03-21T20:55:11.350+0000] {dag.py:4180} INFO - Setting next_dagrun for example_weekday_branch_operator to 2025-03-20 00:00:00+00:00, run_after=2025-03-21 00:00:00+00:00
[2025-03-21T20:55:11.372+0000] {processor.py:208} INFO - Processing /home/usmail/sys_fraud/sys_detection_frauds/lib/python3.12/site-packages/airflow/example_dags/example_branch_day_of_week_operator.py took 0.073 seconds
[2025-03-21T20:56:25.289+0000] {processor.py:186} INFO - Started process (PID=3728021) to work on /home/usmail/sys_fraud/sys_detection_frauds/lib/python3.12/site-packages/airflow/example_dags/example_branch_day_of_week_operator.py
[2025-03-21T20:56:25.298+0000] {processor.py:914} INFO - Processing file /home/usmail/sys_fraud/sys_detection_frauds/lib/python3.12/site-packages/airflow/example_dags/example_branch_day_of_week_operator.py for tasks to queue
[2025-03-21T20:56:25.300+0000] {logging_mixin.py:190} INFO - [2025-03-21T20:56:25.299+0000] {dagbag.py:588} INFO - Filling up the DagBag from /home/usmail/sys_fraud/sys_detection_frauds/lib/python3.12/site-packages/airflow/example_dags/example_branch_day_of_week_operator.py
[2025-03-21T20:56:25.310+0000] {processor.py:925} INFO - DAG(s) 'example_weekday_branch_operator' retrieved from /home/usmail/sys_fraud/sys_detection_frauds/lib/python3.12/site-packages/airflow/example_dags/example_branch_day_of_week_operator.py
[2025-03-21T20:56:25.325+0000] {logging_mixin.py:190} INFO - [2025-03-21T20:56:25.325+0000] {dag.py:3239} INFO - Sync 1 DAGs
[2025-03-21T20:56:25.343+0000] {logging_mixin.py:190} INFO - [2025-03-21T20:56:25.342+0000] {dag.py:4180} INFO - Setting next_dagrun for example_weekday_branch_operator to 2025-03-20 00:00:00+00:00, run_after=2025-03-21 00:00:00+00:00
[2025-03-21T20:56:25.362+0000] {processor.py:208} INFO - Processing /home/usmail/sys_fraud/sys_detection_frauds/lib/python3.12/site-packages/airflow/example_dags/example_branch_day_of_week_operator.py took 0.080 seconds
[2025-03-21T20:57:22.142+0000] {processor.py:186} INFO - Started process (PID=3728854) to work on /home/usmail/sys_fraud/sys_detection_frauds/lib/python3.12/site-packages/airflow/example_dags/example_branch_day_of_week_operator.py
[2025-03-21T20:57:22.143+0000] {processor.py:914} INFO - Processing file /home/usmail/sys_fraud/sys_detection_frauds/lib/python3.12/site-packages/airflow/example_dags/example_branch_day_of_week_operator.py for tasks to queue
[2025-03-21T20:57:22.144+0000] {logging_mixin.py:190} INFO - [2025-03-21T20:57:22.144+0000] {dagbag.py:588} INFO - Filling up the DagBag from /home/usmail/sys_fraud/sys_detection_frauds/lib/python3.12/site-packages/airflow/example_dags/example_branch_day_of_week_operator.py
[2025-03-21T20:57:22.150+0000] {processor.py:925} INFO - DAG(s) 'example_weekday_branch_operator' retrieved from /home/usmail/sys_fraud/sys_detection_frauds/lib/python3.12/site-packages/airflow/example_dags/example_branch_day_of_week_operator.py
[2025-03-21T20:57:22.158+0000] {logging_mixin.py:190} INFO - [2025-03-21T20:57:22.158+0000] {dag.py:3239} INFO - Sync 1 DAGs
[2025-03-21T20:57:22.169+0000] {logging_mixin.py:190} INFO - [2025-03-21T20:57:22.169+0000] {dag.py:4180} INFO - Setting next_dagrun for example_weekday_branch_operator to 2025-03-20 00:00:00+00:00, run_after=2025-03-21 00:00:00+00:00
[2025-03-21T20:57:22.180+0000] {processor.py:208} INFO - Processing /home/usmail/sys_fraud/sys_detection_frauds/lib/python3.12/site-packages/airflow/example_dags/example_branch_day_of_week_operator.py took 0.043 seconds
[2025-03-21T20:58:38.193+0000] {processor.py:186} INFO - Started process (PID=3729736) to work on /home/usmail/sys_fraud/sys_detection_frauds/lib/python3.12/site-packages/airflow/example_dags/example_branch_day_of_week_operator.py
[2025-03-21T20:58:38.202+0000] {processor.py:914} INFO - Processing file /home/usmail/sys_fraud/sys_detection_frauds/lib/python3.12/site-packages/airflow/example_dags/example_branch_day_of_week_operator.py for tasks to queue
[2025-03-21T20:58:38.203+0000] {logging_mixin.py:190} INFO - [2025-03-21T20:58:38.203+0000] {dagbag.py:588} INFO - Filling up the DagBag from /home/usmail/sys_fraud/sys_detection_frauds/lib/python3.12/site-packages/airflow/example_dags/example_branch_day_of_week_operator.py
[2025-03-21T20:58:38.209+0000] {processor.py:925} INFO - DAG(s) 'example_weekday_branch_operator' retrieved from /home/usmail/sys_fraud/sys_detection_frauds/lib/python3.12/site-packages/airflow/example_dags/example_branch_day_of_week_operator.py
[2025-03-21T20:58:38.218+0000] {logging_mixin.py:190} INFO - [2025-03-21T20:58:38.218+0000] {dag.py:3239} INFO - Sync 1 DAGs
[2025-03-21T20:58:38.234+0000] {logging_mixin.py:190} INFO - [2025-03-21T20:58:38.234+0000] {dag.py:4180} INFO - Setting next_dagrun for example_weekday_branch_operator to 2025-03-20 00:00:00+00:00, run_after=2025-03-21 00:00:00+00:00
[2025-03-21T20:58:38.253+0000] {processor.py:208} INFO - Processing /home/usmail/sys_fraud/sys_detection_frauds/lib/python3.12/site-packages/airflow/example_dags/example_branch_day_of_week_operator.py took 0.063 seconds
[2025-03-21T21:00:07.594+0000] {processor.py:186} INFO - Started process (PID=3730954) to work on /home/usmail/sys_fraud/sys_detection_frauds/lib/python3.12/site-packages/airflow/example_dags/example_branch_day_of_week_operator.py
[2025-03-21T21:00:07.604+0000] {processor.py:914} INFO - Processing file /home/usmail/sys_fraud/sys_detection_frauds/lib/python3.12/site-packages/airflow/example_dags/example_branch_day_of_week_operator.py for tasks to queue
[2025-03-21T21:00:07.608+0000] {logging_mixin.py:190} INFO - [2025-03-21T21:00:07.607+0000] {dagbag.py:588} INFO - Filling up the DagBag from /home/usmail/sys_fraud/sys_detection_frauds/lib/python3.12/site-packages/airflow/example_dags/example_branch_day_of_week_operator.py
[2025-03-21T21:00:07.618+0000] {processor.py:925} INFO - DAG(s) 'example_weekday_branch_operator' retrieved from /home/usmail/sys_fraud/sys_detection_frauds/lib/python3.12/site-packages/airflow/example_dags/example_branch_day_of_week_operator.py
[2025-03-21T21:00:07.628+0000] {logging_mixin.py:190} INFO - [2025-03-21T21:00:07.628+0000] {dag.py:3239} INFO - Sync 1 DAGs
[2025-03-21T21:00:07.645+0000] {logging_mixin.py:190} INFO - [2025-03-21T21:00:07.645+0000] {dag.py:4180} INFO - Setting next_dagrun for example_weekday_branch_operator to 2025-03-20 00:00:00+00:00, run_after=2025-03-21 00:00:00+00:00
[2025-03-21T21:00:07.660+0000] {processor.py:208} INFO - Processing /home/usmail/sys_fraud/sys_detection_frauds/lib/python3.12/site-packages/airflow/example_dags/example_branch_day_of_week_operator.py took 0.073 seconds
[2025-03-21T21:01:05.190+0000] {processor.py:186} INFO - Started process (PID=3731714) to work on /home/usmail/sys_fraud/sys_detection_frauds/lib/python3.12/site-packages/airflow/example_dags/example_branch_day_of_week_operator.py
[2025-03-21T21:01:05.199+0000] {processor.py:914} INFO - Processing file /home/usmail/sys_fraud/sys_detection_frauds/lib/python3.12/site-packages/airflow/example_dags/example_branch_day_of_week_operator.py for tasks to queue
[2025-03-21T21:01:05.202+0000] {logging_mixin.py:190} INFO - [2025-03-21T21:01:05.201+0000] {dagbag.py:588} INFO - Filling up the DagBag from /home/usmail/sys_fraud/sys_detection_frauds/lib/python3.12/site-packages/airflow/example_dags/example_branch_day_of_week_operator.py
[2025-03-21T21:01:05.209+0000] {processor.py:925} INFO - DAG(s) 'example_weekday_branch_operator' retrieved from /home/usmail/sys_fraud/sys_detection_frauds/lib/python3.12/site-packages/airflow/example_dags/example_branch_day_of_week_operator.py
[2025-03-21T21:01:05.220+0000] {logging_mixin.py:190} INFO - [2025-03-21T21:01:05.220+0000] {dag.py:3239} INFO - Sync 1 DAGs
[2025-03-21T21:01:05.232+0000] {logging_mixin.py:190} INFO - [2025-03-21T21:01:05.232+0000] {dag.py:4180} INFO - Setting next_dagrun for example_weekday_branch_operator to 2025-03-20 00:00:00+00:00, run_after=2025-03-21 00:00:00+00:00
[2025-03-21T21:01:05.254+0000] {processor.py:208} INFO - Processing /home/usmail/sys_fraud/sys_detection_frauds/lib/python3.12/site-packages/airflow/example_dags/example_branch_day_of_week_operator.py took 0.068 seconds
[2025-03-21T21:02:24.657+0000] {processor.py:186} INFO - Started process (PID=3732710) to work on /home/usmail/sys_fraud/sys_detection_frauds/lib/python3.12/site-packages/airflow/example_dags/example_branch_day_of_week_operator.py
[2025-03-21T21:02:24.666+0000] {processor.py:914} INFO - Processing file /home/usmail/sys_fraud/sys_detection_frauds/lib/python3.12/site-packages/airflow/example_dags/example_branch_day_of_week_operator.py for tasks to queue
[2025-03-21T21:02:24.668+0000] {logging_mixin.py:190} INFO - [2025-03-21T21:02:24.668+0000] {dagbag.py:588} INFO - Filling up the DagBag from /home/usmail/sys_fraud/sys_detection_frauds/lib/python3.12/site-packages/airflow/example_dags/example_branch_day_of_week_operator.py
[2025-03-21T21:02:24.677+0000] {processor.py:925} INFO - DAG(s) 'example_weekday_branch_operator' retrieved from /home/usmail/sys_fraud/sys_detection_frauds/lib/python3.12/site-packages/airflow/example_dags/example_branch_day_of_week_operator.py
[2025-03-21T21:02:24.686+0000] {logging_mixin.py:190} INFO - [2025-03-21T21:02:24.686+0000] {dag.py:3239} INFO - Sync 1 DAGs
[2025-03-21T21:02:24.697+0000] {logging_mixin.py:190} INFO - [2025-03-21T21:02:24.697+0000] {dag.py:4180} INFO - Setting next_dagrun for example_weekday_branch_operator to 2025-03-20 00:00:00+00:00, run_after=2025-03-21 00:00:00+00:00
[2025-03-21T21:02:24.709+0000] {processor.py:208} INFO - Processing /home/usmail/sys_fraud/sys_detection_frauds/lib/python3.12/site-packages/airflow/example_dags/example_branch_day_of_week_operator.py took 0.060 seconds
[2025-03-21T21:03:43.737+0000] {processor.py:186} INFO - Started process (PID=3733727) to work on /home/usmail/sys_fraud/sys_detection_frauds/lib/python3.12/site-packages/airflow/example_dags/example_branch_day_of_week_operator.py
[2025-03-21T21:03:43.738+0000] {processor.py:914} INFO - Processing file /home/usmail/sys_fraud/sys_detection_frauds/lib/python3.12/site-packages/airflow/example_dags/example_branch_day_of_week_operator.py for tasks to queue
[2025-03-21T21:03:43.740+0000] {logging_mixin.py:190} INFO - [2025-03-21T21:03:43.739+0000] {dagbag.py:588} INFO - Filling up the DagBag from /home/usmail/sys_fraud/sys_detection_frauds/lib/python3.12/site-packages/airflow/example_dags/example_branch_day_of_week_operator.py
[2025-03-21T21:03:43.747+0000] {processor.py:925} INFO - DAG(s) 'example_weekday_branch_operator' retrieved from /home/usmail/sys_fraud/sys_detection_frauds/lib/python3.12/site-packages/airflow/example_dags/example_branch_day_of_week_operator.py
[2025-03-21T21:03:43.755+0000] {logging_mixin.py:190} INFO - [2025-03-21T21:03:43.755+0000] {dag.py:3239} INFO - Sync 1 DAGs
[2025-03-21T21:03:43.843+0000] {logging_mixin.py:190} INFO - [2025-03-21T21:03:43.842+0000] {dag.py:4180} INFO - Setting next_dagrun for example_weekday_branch_operator to 2025-03-20 00:00:00+00:00, run_after=2025-03-21 00:00:00+00:00
[2025-03-21T21:03:43.854+0000] {processor.py:208} INFO - Processing /home/usmail/sys_fraud/sys_detection_frauds/lib/python3.12/site-packages/airflow/example_dags/example_branch_day_of_week_operator.py took 0.123 seconds
[2025-03-21T21:04:42.067+0000] {processor.py:186} INFO - Started process (PID=3734538) to work on /home/usmail/sys_fraud/sys_detection_frauds/lib/python3.12/site-packages/airflow/example_dags/example_branch_day_of_week_operator.py
[2025-03-21T21:04:42.075+0000] {processor.py:914} INFO - Processing file /home/usmail/sys_fraud/sys_detection_frauds/lib/python3.12/site-packages/airflow/example_dags/example_branch_day_of_week_operator.py for tasks to queue
[2025-03-21T21:04:42.077+0000] {logging_mixin.py:190} INFO - [2025-03-21T21:04:42.076+0000] {dagbag.py:588} INFO - Filling up the DagBag from /home/usmail/sys_fraud/sys_detection_frauds/lib/python3.12/site-packages/airflow/example_dags/example_branch_day_of_week_operator.py
[2025-03-21T21:04:42.084+0000] {processor.py:925} INFO - DAG(s) 'example_weekday_branch_operator' retrieved from /home/usmail/sys_fraud/sys_detection_frauds/lib/python3.12/site-packages/airflow/example_dags/example_branch_day_of_week_operator.py
[2025-03-21T21:04:42.093+0000] {logging_mixin.py:190} INFO - [2025-03-21T21:04:42.093+0000] {dag.py:3239} INFO - Sync 1 DAGs
[2025-03-21T21:04:42.105+0000] {logging_mixin.py:190} INFO - [2025-03-21T21:04:42.104+0000] {dag.py:4180} INFO - Setting next_dagrun for example_weekday_branch_operator to 2025-03-20 00:00:00+00:00, run_after=2025-03-21 00:00:00+00:00
[2025-03-21T21:04:42.117+0000] {processor.py:208} INFO - Processing /home/usmail/sys_fraud/sys_detection_frauds/lib/python3.12/site-packages/airflow/example_dags/example_branch_day_of_week_operator.py took 0.055 seconds
[2025-03-21T21:06:01.940+0000] {processor.py:186} INFO - Started process (PID=3735727) to work on /home/usmail/sys_fraud/sys_detection_frauds/lib/python3.12/site-packages/airflow/example_dags/example_branch_day_of_week_operator.py
[2025-03-21T21:06:01.949+0000] {processor.py:914} INFO - Processing file /home/usmail/sys_fraud/sys_detection_frauds/lib/python3.12/site-packages/airflow/example_dags/example_branch_day_of_week_operator.py for tasks to queue
[2025-03-21T21:06:01.952+0000] {logging_mixin.py:190} INFO - [2025-03-21T21:06:01.951+0000] {dagbag.py:588} INFO - Filling up the DagBag from /home/usmail/sys_fraud/sys_detection_frauds/lib/python3.12/site-packages/airflow/example_dags/example_branch_day_of_week_operator.py
[2025-03-21T21:06:01.962+0000] {processor.py:925} INFO - DAG(s) 'example_weekday_branch_operator' retrieved from /home/usmail/sys_fraud/sys_detection_frauds/lib/python3.12/site-packages/airflow/example_dags/example_branch_day_of_week_operator.py
[2025-03-21T21:06:01.970+0000] {logging_mixin.py:190} INFO - [2025-03-21T21:06:01.970+0000] {dag.py:3239} INFO - Sync 1 DAGs
[2025-03-21T21:06:01.982+0000] {logging_mixin.py:190} INFO - [2025-03-21T21:06:01.981+0000] {dag.py:4180} INFO - Setting next_dagrun for example_weekday_branch_operator to 2025-03-20 00:00:00+00:00, run_after=2025-03-21 00:00:00+00:00
[2025-03-21T21:06:01.994+0000] {processor.py:208} INFO - Processing /home/usmail/sys_fraud/sys_detection_frauds/lib/python3.12/site-packages/airflow/example_dags/example_branch_day_of_week_operator.py took 0.065 seconds
[2025-03-21T21:07:18.568+0000] {processor.py:186} INFO - Started process (PID=3737315) to work on /home/usmail/sys_fraud/sys_detection_frauds/lib/python3.12/site-packages/airflow/example_dags/example_branch_day_of_week_operator.py
[2025-03-21T21:07:18.568+0000] {processor.py:914} INFO - Processing file /home/usmail/sys_fraud/sys_detection_frauds/lib/python3.12/site-packages/airflow/example_dags/example_branch_day_of_week_operator.py for tasks to queue
[2025-03-21T21:07:18.570+0000] {logging_mixin.py:190} INFO - [2025-03-21T21:07:18.569+0000] {dagbag.py:588} INFO - Filling up the DagBag from /home/usmail/sys_fraud/sys_detection_frauds/lib/python3.12/site-packages/airflow/example_dags/example_branch_day_of_week_operator.py
[2025-03-21T21:07:18.575+0000] {processor.py:925} INFO - DAG(s) 'example_weekday_branch_operator' retrieved from /home/usmail/sys_fraud/sys_detection_frauds/lib/python3.12/site-packages/airflow/example_dags/example_branch_day_of_week_operator.py
[2025-03-21T21:07:18.585+0000] {logging_mixin.py:190} INFO - [2025-03-21T21:07:18.584+0000] {dag.py:3239} INFO - Sync 1 DAGs
[2025-03-21T21:07:18.597+0000] {logging_mixin.py:190} INFO - [2025-03-21T21:07:18.597+0000] {dag.py:4180} INFO - Setting next_dagrun for example_weekday_branch_operator to 2025-03-20 00:00:00+00:00, run_after=2025-03-21 00:00:00+00:00
[2025-03-21T21:07:18.610+0000] {processor.py:208} INFO - Processing /home/usmail/sys_fraud/sys_detection_frauds/lib/python3.12/site-packages/airflow/example_dags/example_branch_day_of_week_operator.py took 0.047 seconds
[2025-03-21T21:08:44.247+0000] {processor.py:186} INFO - Started process (PID=3738407) to work on /home/usmail/sys_fraud/sys_detection_frauds/lib/python3.12/site-packages/airflow/example_dags/example_branch_day_of_week_operator.py
[2025-03-21T21:08:44.249+0000] {processor.py:914} INFO - Processing file /home/usmail/sys_fraud/sys_detection_frauds/lib/python3.12/site-packages/airflow/example_dags/example_branch_day_of_week_operator.py for tasks to queue
[2025-03-21T21:08:44.251+0000] {logging_mixin.py:190} INFO - [2025-03-21T21:08:44.251+0000] {dagbag.py:588} INFO - Filling up the DagBag from /home/usmail/sys_fraud/sys_detection_frauds/lib/python3.12/site-packages/airflow/example_dags/example_branch_day_of_week_operator.py
[2025-03-21T21:08:44.267+0000] {processor.py:925} INFO - DAG(s) 'example_weekday_branch_operator' retrieved from /home/usmail/sys_fraud/sys_detection_frauds/lib/python3.12/site-packages/airflow/example_dags/example_branch_day_of_week_operator.py
[2025-03-21T21:08:44.294+0000] {logging_mixin.py:190} INFO - [2025-03-21T21:08:44.294+0000] {dag.py:3239} INFO - Sync 1 DAGs
[2025-03-21T21:08:44.313+0000] {logging_mixin.py:190} INFO - [2025-03-21T21:08:44.313+0000] {dag.py:4180} INFO - Setting next_dagrun for example_weekday_branch_operator to 2025-03-20 00:00:00+00:00, run_after=2025-03-21 00:00:00+00:00
[2025-03-21T21:08:44.328+0000] {processor.py:208} INFO - Processing /home/usmail/sys_fraud/sys_detection_frauds/lib/python3.12/site-packages/airflow/example_dags/example_branch_day_of_week_operator.py took 0.092 seconds
[2025-03-21T21:09:41.463+0000] {processor.py:186} INFO - Started process (PID=3739266) to work on /home/usmail/sys_fraud/sys_detection_frauds/lib/python3.12/site-packages/airflow/example_dags/example_branch_day_of_week_operator.py
[2025-03-21T21:09:41.464+0000] {processor.py:914} INFO - Processing file /home/usmail/sys_fraud/sys_detection_frauds/lib/python3.12/site-packages/airflow/example_dags/example_branch_day_of_week_operator.py for tasks to queue
[2025-03-21T21:09:41.468+0000] {logging_mixin.py:190} INFO - [2025-03-21T21:09:41.467+0000] {dagbag.py:588} INFO - Filling up the DagBag from /home/usmail/sys_fraud/sys_detection_frauds/lib/python3.12/site-packages/airflow/example_dags/example_branch_day_of_week_operator.py
[2025-03-21T21:09:41.489+0000] {processor.py:925} INFO - DAG(s) 'example_weekday_branch_operator' retrieved from /home/usmail/sys_fraud/sys_detection_frauds/lib/python3.12/site-packages/airflow/example_dags/example_branch_day_of_week_operator.py
[2025-03-21T21:09:41.514+0000] {logging_mixin.py:190} INFO - [2025-03-21T21:09:41.514+0000] {dag.py:3239} INFO - Sync 1 DAGs
[2025-03-21T21:09:41.539+0000] {logging_mixin.py:190} INFO - [2025-03-21T21:09:41.538+0000] {dag.py:4180} INFO - Setting next_dagrun for example_weekday_branch_operator to 2025-03-20 00:00:00+00:00, run_after=2025-03-21 00:00:00+00:00
[2025-03-21T21:09:41.581+0000] {processor.py:208} INFO - Processing /home/usmail/sys_fraud/sys_detection_frauds/lib/python3.12/site-packages/airflow/example_dags/example_branch_day_of_week_operator.py took 0.132 seconds
[2025-03-21T21:11:06.849+0000] {processor.py:186} INFO - Started process (PID=3741255) to work on /home/usmail/sys_fraud/sys_detection_frauds/lib/python3.12/site-packages/airflow/example_dags/example_branch_day_of_week_operator.py
[2025-03-21T21:11:06.859+0000] {processor.py:914} INFO - Processing file /home/usmail/sys_fraud/sys_detection_frauds/lib/python3.12/site-packages/airflow/example_dags/example_branch_day_of_week_operator.py for tasks to queue
[2025-03-21T21:11:06.862+0000] {logging_mixin.py:190} INFO - [2025-03-21T21:11:06.861+0000] {dagbag.py:588} INFO - Filling up the DagBag from /home/usmail/sys_fraud/sys_detection_frauds/lib/python3.12/site-packages/airflow/example_dags/example_branch_day_of_week_operator.py
[2025-03-21T21:11:06.877+0000] {processor.py:925} INFO - DAG(s) 'example_weekday_branch_operator' retrieved from /home/usmail/sys_fraud/sys_detection_frauds/lib/python3.12/site-packages/airflow/example_dags/example_branch_day_of_week_operator.py
[2025-03-21T21:11:06.901+0000] {logging_mixin.py:190} INFO - [2025-03-21T21:11:06.901+0000] {dag.py:3239} INFO - Sync 1 DAGs
[2025-03-21T21:11:06.921+0000] {logging_mixin.py:190} INFO - [2025-03-21T21:11:06.921+0000] {dag.py:4180} INFO - Setting next_dagrun for example_weekday_branch_operator to 2025-03-20 00:00:00+00:00, run_after=2025-03-21 00:00:00+00:00
[2025-03-21T21:11:06.936+0000] {processor.py:208} INFO - Processing /home/usmail/sys_fraud/sys_detection_frauds/lib/python3.12/site-packages/airflow/example_dags/example_branch_day_of_week_operator.py took 0.099 seconds
[2025-03-21T21:12:02.554+0000] {processor.py:186} INFO - Started process (PID=3742333) to work on /home/usmail/sys_fraud/sys_detection_frauds/lib/python3.12/site-packages/airflow/example_dags/example_branch_day_of_week_operator.py
[2025-03-21T21:12:02.563+0000] {processor.py:914} INFO - Processing file /home/usmail/sys_fraud/sys_detection_frauds/lib/python3.12/site-packages/airflow/example_dags/example_branch_day_of_week_operator.py for tasks to queue
[2025-03-21T21:12:02.564+0000] {logging_mixin.py:190} INFO - [2025-03-21T21:12:02.564+0000] {dagbag.py:588} INFO - Filling up the DagBag from /home/usmail/sys_fraud/sys_detection_frauds/lib/python3.12/site-packages/airflow/example_dags/example_branch_day_of_week_operator.py
[2025-03-21T21:12:02.572+0000] {processor.py:925} INFO - DAG(s) 'example_weekday_branch_operator' retrieved from /home/usmail/sys_fraud/sys_detection_frauds/lib/python3.12/site-packages/airflow/example_dags/example_branch_day_of_week_operator.py
[2025-03-21T21:12:02.583+0000] {logging_mixin.py:190} INFO - [2025-03-21T21:12:02.583+0000] {dag.py:3239} INFO - Sync 1 DAGs
[2025-03-21T21:12:02.600+0000] {logging_mixin.py:190} INFO - [2025-03-21T21:12:02.600+0000] {dag.py:4180} INFO - Setting next_dagrun for example_weekday_branch_operator to 2025-03-20 00:00:00+00:00, run_after=2025-03-21 00:00:00+00:00
[2025-03-21T21:12:02.615+0000] {processor.py:208} INFO - Processing /home/usmail/sys_fraud/sys_detection_frauds/lib/python3.12/site-packages/airflow/example_dags/example_branch_day_of_week_operator.py took 0.066 seconds
[2025-03-21T21:13:21.040+0000] {processor.py:186} INFO - Started process (PID=3743832) to work on /home/usmail/sys_fraud/sys_detection_frauds/lib/python3.12/site-packages/airflow/example_dags/example_branch_day_of_week_operator.py
[2025-03-21T21:13:21.041+0000] {processor.py:914} INFO - Processing file /home/usmail/sys_fraud/sys_detection_frauds/lib/python3.12/site-packages/airflow/example_dags/example_branch_day_of_week_operator.py for tasks to queue
[2025-03-21T21:13:21.043+0000] {logging_mixin.py:190} INFO - [2025-03-21T21:13:21.043+0000] {dagbag.py:588} INFO - Filling up the DagBag from /home/usmail/sys_fraud/sys_detection_frauds/lib/python3.12/site-packages/airflow/example_dags/example_branch_day_of_week_operator.py
[2025-03-21T21:13:21.052+0000] {processor.py:925} INFO - DAG(s) 'example_weekday_branch_operator' retrieved from /home/usmail/sys_fraud/sys_detection_frauds/lib/python3.12/site-packages/airflow/example_dags/example_branch_day_of_week_operator.py
[2025-03-21T21:13:21.063+0000] {logging_mixin.py:190} INFO - [2025-03-21T21:13:21.063+0000] {dag.py:3239} INFO - Sync 1 DAGs
[2025-03-21T21:13:21.080+0000] {logging_mixin.py:190} INFO - [2025-03-21T21:13:21.080+0000] {dag.py:4180} INFO - Setting next_dagrun for example_weekday_branch_operator to 2025-03-20 00:00:00+00:00, run_after=2025-03-21 00:00:00+00:00
[2025-03-21T21:13:21.111+0000] {processor.py:208} INFO - Processing /home/usmail/sys_fraud/sys_detection_frauds/lib/python3.12/site-packages/airflow/example_dags/example_branch_day_of_week_operator.py took 0.078 seconds
[2025-03-21T21:14:41.138+0000] {processor.py:186} INFO - Started process (PID=3745031) to work on /home/usmail/sys_fraud/sys_detection_frauds/lib/python3.12/site-packages/airflow/example_dags/example_branch_day_of_week_operator.py
[2025-03-21T21:14:41.147+0000] {processor.py:914} INFO - Processing file /home/usmail/sys_fraud/sys_detection_frauds/lib/python3.12/site-packages/airflow/example_dags/example_branch_day_of_week_operator.py for tasks to queue
[2025-03-21T21:14:41.150+0000] {logging_mixin.py:190} INFO - [2025-03-21T21:14:41.149+0000] {dagbag.py:588} INFO - Filling up the DagBag from /home/usmail/sys_fraud/sys_detection_frauds/lib/python3.12/site-packages/airflow/example_dags/example_branch_day_of_week_operator.py
[2025-03-21T21:14:41.166+0000] {processor.py:925} INFO - DAG(s) 'example_weekday_branch_operator' retrieved from /home/usmail/sys_fraud/sys_detection_frauds/lib/python3.12/site-packages/airflow/example_dags/example_branch_day_of_week_operator.py
[2025-03-21T21:14:41.190+0000] {logging_mixin.py:190} INFO - [2025-03-21T21:14:41.190+0000] {dag.py:3239} INFO - Sync 1 DAGs
[2025-03-21T21:14:41.213+0000] {logging_mixin.py:190} INFO - [2025-03-21T21:14:41.213+0000] {dag.py:4180} INFO - Setting next_dagrun for example_weekday_branch_operator to 2025-03-20 00:00:00+00:00, run_after=2025-03-21 00:00:00+00:00
[2025-03-21T21:14:41.232+0000] {processor.py:208} INFO - Processing /home/usmail/sys_fraud/sys_detection_frauds/lib/python3.12/site-packages/airflow/example_dags/example_branch_day_of_week_operator.py took 0.107 seconds
[2025-03-21T21:15:43.510+0000] {processor.py:186} INFO - Started process (PID=3745819) to work on /home/usmail/sys_fraud/sys_detection_frauds/lib/python3.12/site-packages/airflow/example_dags/example_branch_day_of_week_operator.py
[2025-03-21T21:15:43.519+0000] {processor.py:914} INFO - Processing file /home/usmail/sys_fraud/sys_detection_frauds/lib/python3.12/site-packages/airflow/example_dags/example_branch_day_of_week_operator.py for tasks to queue
[2025-03-21T21:15:43.521+0000] {logging_mixin.py:190} INFO - [2025-03-21T21:15:43.521+0000] {dagbag.py:588} INFO - Filling up the DagBag from /home/usmail/sys_fraud/sys_detection_frauds/lib/python3.12/site-packages/airflow/example_dags/example_branch_day_of_week_operator.py
[2025-03-21T21:15:43.528+0000] {processor.py:925} INFO - DAG(s) 'example_weekday_branch_operator' retrieved from /home/usmail/sys_fraud/sys_detection_frauds/lib/python3.12/site-packages/airflow/example_dags/example_branch_day_of_week_operator.py
[2025-03-21T21:15:43.541+0000] {logging_mixin.py:190} INFO - [2025-03-21T21:15:43.540+0000] {dag.py:3239} INFO - Sync 1 DAGs
[2025-03-21T21:15:43.565+0000] {logging_mixin.py:190} INFO - [2025-03-21T21:15:43.564+0000] {dag.py:4180} INFO - Setting next_dagrun for example_weekday_branch_operator to 2025-03-20 00:00:00+00:00, run_after=2025-03-21 00:00:00+00:00
[2025-03-21T21:15:43.582+0000] {processor.py:208} INFO - Processing /home/usmail/sys_fraud/sys_detection_frauds/lib/python3.12/site-packages/airflow/example_dags/example_branch_day_of_week_operator.py took 0.078 seconds
[2025-03-21T21:16:44.897+0000] {processor.py:186} INFO - Started process (PID=3746583) to work on /home/usmail/sys_fraud/sys_detection_frauds/lib/python3.12/site-packages/airflow/example_dags/example_branch_day_of_week_operator.py
[2025-03-21T21:16:44.899+0000] {processor.py:914} INFO - Processing file /home/usmail/sys_fraud/sys_detection_frauds/lib/python3.12/site-packages/airflow/example_dags/example_branch_day_of_week_operator.py for tasks to queue
[2025-03-21T21:16:44.902+0000] {logging_mixin.py:190} INFO - [2025-03-21T21:16:44.902+0000] {dagbag.py:588} INFO - Filling up the DagBag from /home/usmail/sys_fraud/sys_detection_frauds/lib/python3.12/site-packages/airflow/example_dags/example_branch_day_of_week_operator.py
[2025-03-21T21:16:44.917+0000] {processor.py:925} INFO - DAG(s) 'example_weekday_branch_operator' retrieved from /home/usmail/sys_fraud/sys_detection_frauds/lib/python3.12/site-packages/airflow/example_dags/example_branch_day_of_week_operator.py
[2025-03-21T21:16:44.941+0000] {logging_mixin.py:190} INFO - [2025-03-21T21:16:44.940+0000] {dag.py:3239} INFO - Sync 1 DAGs
[2025-03-21T21:16:44.961+0000] {logging_mixin.py:190} INFO - [2025-03-21T21:16:44.960+0000] {dag.py:4180} INFO - Setting next_dagrun for example_weekday_branch_operator to 2025-03-20 00:00:00+00:00, run_after=2025-03-21 00:00:00+00:00
[2025-03-21T21:16:44.978+0000] {processor.py:208} INFO - Processing /home/usmail/sys_fraud/sys_detection_frauds/lib/python3.12/site-packages/airflow/example_dags/example_branch_day_of_week_operator.py took 0.092 seconds
[2025-03-21T21:17:46.696+0000] {processor.py:186} INFO - Started process (PID=3747355) to work on /home/usmail/sys_fraud/sys_detection_frauds/lib/python3.12/site-packages/airflow/example_dags/example_branch_day_of_week_operator.py
[2025-03-21T21:17:46.705+0000] {processor.py:914} INFO - Processing file /home/usmail/sys_fraud/sys_detection_frauds/lib/python3.12/site-packages/airflow/example_dags/example_branch_day_of_week_operator.py for tasks to queue
[2025-03-21T21:17:46.707+0000] {logging_mixin.py:190} INFO - [2025-03-21T21:17:46.706+0000] {dagbag.py:588} INFO - Filling up the DagBag from /home/usmail/sys_fraud/sys_detection_frauds/lib/python3.12/site-packages/airflow/example_dags/example_branch_day_of_week_operator.py
[2025-03-21T21:17:46.717+0000] {processor.py:925} INFO - DAG(s) 'example_weekday_branch_operator' retrieved from /home/usmail/sys_fraud/sys_detection_frauds/lib/python3.12/site-packages/airflow/example_dags/example_branch_day_of_week_operator.py
[2025-03-21T21:17:46.736+0000] {logging_mixin.py:190} INFO - [2025-03-21T21:17:46.735+0000] {dag.py:3239} INFO - Sync 1 DAGs
[2025-03-21T21:17:46.752+0000] {logging_mixin.py:190} INFO - [2025-03-21T21:17:46.752+0000] {dag.py:4180} INFO - Setting next_dagrun for example_weekday_branch_operator to 2025-03-20 00:00:00+00:00, run_after=2025-03-21 00:00:00+00:00
[2025-03-21T21:17:46.768+0000] {processor.py:208} INFO - Processing /home/usmail/sys_fraud/sys_detection_frauds/lib/python3.12/site-packages/airflow/example_dags/example_branch_day_of_week_operator.py took 0.078 seconds
[2025-03-21T21:18:52.181+0000] {processor.py:186} INFO - Started process (PID=3748164) to work on /home/usmail/sys_fraud/sys_detection_frauds/lib/python3.12/site-packages/airflow/example_dags/example_branch_day_of_week_operator.py
[2025-03-21T21:18:52.189+0000] {processor.py:914} INFO - Processing file /home/usmail/sys_fraud/sys_detection_frauds/lib/python3.12/site-packages/airflow/example_dags/example_branch_day_of_week_operator.py for tasks to queue
[2025-03-21T21:18:52.191+0000] {logging_mixin.py:190} INFO - [2025-03-21T21:18:52.190+0000] {dagbag.py:588} INFO - Filling up the DagBag from /home/usmail/sys_fraud/sys_detection_frauds/lib/python3.12/site-packages/airflow/example_dags/example_branch_day_of_week_operator.py
[2025-03-21T21:18:52.198+0000] {processor.py:925} INFO - DAG(s) 'example_weekday_branch_operator' retrieved from /home/usmail/sys_fraud/sys_detection_frauds/lib/python3.12/site-packages/airflow/example_dags/example_branch_day_of_week_operator.py
[2025-03-21T21:18:52.212+0000] {logging_mixin.py:190} INFO - [2025-03-21T21:18:52.211+0000] {dag.py:3239} INFO - Sync 1 DAGs
[2025-03-21T21:18:52.231+0000] {logging_mixin.py:190} INFO - [2025-03-21T21:18:52.230+0000] {dag.py:4180} INFO - Setting next_dagrun for example_weekday_branch_operator to 2025-03-20 00:00:00+00:00, run_after=2025-03-21 00:00:00+00:00
[2025-03-21T21:18:52.247+0000] {processor.py:208} INFO - Processing /home/usmail/sys_fraud/sys_detection_frauds/lib/python3.12/site-packages/airflow/example_dags/example_branch_day_of_week_operator.py took 0.072 seconds
[2025-03-21T21:19:55.100+0000] {processor.py:186} INFO - Started process (PID=3748912) to work on /home/usmail/sys_fraud/sys_detection_frauds/lib/python3.12/site-packages/airflow/example_dags/example_branch_day_of_week_operator.py
[2025-03-21T21:19:55.110+0000] {processor.py:914} INFO - Processing file /home/usmail/sys_fraud/sys_detection_frauds/lib/python3.12/site-packages/airflow/example_dags/example_branch_day_of_week_operator.py for tasks to queue
[2025-03-21T21:19:55.113+0000] {logging_mixin.py:190} INFO - [2025-03-21T21:19:55.113+0000] {dagbag.py:588} INFO - Filling up the DagBag from /home/usmail/sys_fraud/sys_detection_frauds/lib/python3.12/site-packages/airflow/example_dags/example_branch_day_of_week_operator.py
[2025-03-21T21:19:55.129+0000] {processor.py:925} INFO - DAG(s) 'example_weekday_branch_operator' retrieved from /home/usmail/sys_fraud/sys_detection_frauds/lib/python3.12/site-packages/airflow/example_dags/example_branch_day_of_week_operator.py
[2025-03-21T21:19:55.153+0000] {logging_mixin.py:190} INFO - [2025-03-21T21:19:55.152+0000] {dag.py:3239} INFO - Sync 1 DAGs
[2025-03-21T21:19:55.176+0000] {logging_mixin.py:190} INFO - [2025-03-21T21:19:55.176+0000] {dag.py:4180} INFO - Setting next_dagrun for example_weekday_branch_operator to 2025-03-20 00:00:00+00:00, run_after=2025-03-21 00:00:00+00:00
[2025-03-21T21:19:55.192+0000] {processor.py:208} INFO - Processing /home/usmail/sys_fraud/sys_detection_frauds/lib/python3.12/site-packages/airflow/example_dags/example_branch_day_of_week_operator.py took 0.103 seconds
[2025-03-21T21:20:58.169+0000] {processor.py:186} INFO - Started process (PID=3749673) to work on /home/usmail/sys_fraud/sys_detection_frauds/lib/python3.12/site-packages/airflow/example_dags/example_branch_day_of_week_operator.py
[2025-03-21T21:20:58.179+0000] {processor.py:914} INFO - Processing file /home/usmail/sys_fraud/sys_detection_frauds/lib/python3.12/site-packages/airflow/example_dags/example_branch_day_of_week_operator.py for tasks to queue
[2025-03-21T21:20:58.182+0000] {logging_mixin.py:190} INFO - [2025-03-21T21:20:58.182+0000] {dagbag.py:588} INFO - Filling up the DagBag from /home/usmail/sys_fraud/sys_detection_frauds/lib/python3.12/site-packages/airflow/example_dags/example_branch_day_of_week_operator.py
[2025-03-21T21:20:58.198+0000] {processor.py:925} INFO - DAG(s) 'example_weekday_branch_operator' retrieved from /home/usmail/sys_fraud/sys_detection_frauds/lib/python3.12/site-packages/airflow/example_dags/example_branch_day_of_week_operator.py
[2025-03-21T21:20:58.224+0000] {logging_mixin.py:190} INFO - [2025-03-21T21:20:58.224+0000] {dag.py:3239} INFO - Sync 1 DAGs
[2025-03-21T21:20:58.246+0000] {logging_mixin.py:190} INFO - [2025-03-21T21:20:58.246+0000] {dag.py:4180} INFO - Setting next_dagrun for example_weekday_branch_operator to 2025-03-20 00:00:00+00:00, run_after=2025-03-21 00:00:00+00:00
[2025-03-21T21:20:58.274+0000] {processor.py:208} INFO - Processing /home/usmail/sys_fraud/sys_detection_frauds/lib/python3.12/site-packages/airflow/example_dags/example_branch_day_of_week_operator.py took 0.117 seconds
[2025-03-21T21:22:04.647+0000] {processor.py:186} INFO - Started process (PID=3750496) to work on /home/usmail/sys_fraud/sys_detection_frauds/lib/python3.12/site-packages/airflow/example_dags/example_branch_day_of_week_operator.py
[2025-03-21T21:22:04.656+0000] {processor.py:914} INFO - Processing file /home/usmail/sys_fraud/sys_detection_frauds/lib/python3.12/site-packages/airflow/example_dags/example_branch_day_of_week_operator.py for tasks to queue
[2025-03-21T21:22:04.659+0000] {logging_mixin.py:190} INFO - [2025-03-21T21:22:04.658+0000] {dagbag.py:588} INFO - Filling up the DagBag from /home/usmail/sys_fraud/sys_detection_frauds/lib/python3.12/site-packages/airflow/example_dags/example_branch_day_of_week_operator.py
[2025-03-21T21:22:04.674+0000] {processor.py:925} INFO - DAG(s) 'example_weekday_branch_operator' retrieved from /home/usmail/sys_fraud/sys_detection_frauds/lib/python3.12/site-packages/airflow/example_dags/example_branch_day_of_week_operator.py
[2025-03-21T21:22:04.698+0000] {logging_mixin.py:190} INFO - [2025-03-21T21:22:04.697+0000] {dag.py:3239} INFO - Sync 1 DAGs
[2025-03-21T21:22:04.721+0000] {logging_mixin.py:190} INFO - [2025-03-21T21:22:04.721+0000] {dag.py:4180} INFO - Setting next_dagrun for example_weekday_branch_operator to 2025-03-20 00:00:00+00:00, run_after=2025-03-21 00:00:00+00:00
[2025-03-21T21:22:04.752+0000] {processor.py:208} INFO - Processing /home/usmail/sys_fraud/sys_detection_frauds/lib/python3.12/site-packages/airflow/example_dags/example_branch_day_of_week_operator.py took 0.117 seconds
[2025-03-21T21:23:11.297+0000] {processor.py:186} INFO - Started process (PID=3751328) to work on /home/usmail/sys_fraud/sys_detection_frauds/lib/python3.12/site-packages/airflow/example_dags/example_branch_day_of_week_operator.py
[2025-03-21T21:23:11.307+0000] {processor.py:914} INFO - Processing file /home/usmail/sys_fraud/sys_detection_frauds/lib/python3.12/site-packages/airflow/example_dags/example_branch_day_of_week_operator.py for tasks to queue
[2025-03-21T21:23:11.310+0000] {logging_mixin.py:190} INFO - [2025-03-21T21:23:11.310+0000] {dagbag.py:588} INFO - Filling up the DagBag from /home/usmail/sys_fraud/sys_detection_frauds/lib/python3.12/site-packages/airflow/example_dags/example_branch_day_of_week_operator.py
[2025-03-21T21:23:11.325+0000] {processor.py:925} INFO - DAG(s) 'example_weekday_branch_operator' retrieved from /home/usmail/sys_fraud/sys_detection_frauds/lib/python3.12/site-packages/airflow/example_dags/example_branch_day_of_week_operator.py
[2025-03-21T21:23:11.350+0000] {logging_mixin.py:190} INFO - [2025-03-21T21:23:11.349+0000] {dag.py:3239} INFO - Sync 1 DAGs
[2025-03-21T21:23:11.373+0000] {logging_mixin.py:190} INFO - [2025-03-21T21:23:11.373+0000] {dag.py:4180} INFO - Setting next_dagrun for example_weekday_branch_operator to 2025-03-20 00:00:00+00:00, run_after=2025-03-21 00:00:00+00:00
[2025-03-21T21:23:11.389+0000] {processor.py:208} INFO - Processing /home/usmail/sys_fraud/sys_detection_frauds/lib/python3.12/site-packages/airflow/example_dags/example_branch_day_of_week_operator.py took 0.104 seconds
[2025-03-21T21:24:12.540+0000] {processor.py:186} INFO - Started process (PID=3752037) to work on /home/usmail/sys_fraud/sys_detection_frauds/lib/python3.12/site-packages/airflow/example_dags/example_branch_day_of_week_operator.py
[2025-03-21T21:24:12.549+0000] {processor.py:914} INFO - Processing file /home/usmail/sys_fraud/sys_detection_frauds/lib/python3.12/site-packages/airflow/example_dags/example_branch_day_of_week_operator.py for tasks to queue
[2025-03-21T21:24:12.553+0000] {logging_mixin.py:190} INFO - [2025-03-21T21:24:12.552+0000] {dagbag.py:588} INFO - Filling up the DagBag from /home/usmail/sys_fraud/sys_detection_frauds/lib/python3.12/site-packages/airflow/example_dags/example_branch_day_of_week_operator.py
[2025-03-21T21:24:12.568+0000] {processor.py:925} INFO - DAG(s) 'example_weekday_branch_operator' retrieved from /home/usmail/sys_fraud/sys_detection_frauds/lib/python3.12/site-packages/airflow/example_dags/example_branch_day_of_week_operator.py
[2025-03-21T21:24:12.592+0000] {logging_mixin.py:190} INFO - [2025-03-21T21:24:12.592+0000] {dag.py:3239} INFO - Sync 1 DAGs
[2025-03-21T21:24:12.615+0000] {logging_mixin.py:190} INFO - [2025-03-21T21:24:12.614+0000] {dag.py:4180} INFO - Setting next_dagrun for example_weekday_branch_operator to 2025-03-20 00:00:00+00:00, run_after=2025-03-21 00:00:00+00:00
[2025-03-21T21:24:12.629+0000] {processor.py:208} INFO - Processing /home/usmail/sys_fraud/sys_detection_frauds/lib/python3.12/site-packages/airflow/example_dags/example_branch_day_of_week_operator.py took 0.101 seconds
[2025-03-21T21:25:15.466+0000] {processor.py:186} INFO - Started process (PID=3752721) to work on /home/usmail/sys_fraud/sys_detection_frauds/lib/python3.12/site-packages/airflow/example_dags/example_branch_day_of_week_operator.py
[2025-03-21T21:25:15.475+0000] {processor.py:914} INFO - Processing file /home/usmail/sys_fraud/sys_detection_frauds/lib/python3.12/site-packages/airflow/example_dags/example_branch_day_of_week_operator.py for tasks to queue
[2025-03-21T21:25:15.479+0000] {logging_mixin.py:190} INFO - [2025-03-21T21:25:15.478+0000] {dagbag.py:588} INFO - Filling up the DagBag from /home/usmail/sys_fraud/sys_detection_frauds/lib/python3.12/site-packages/airflow/example_dags/example_branch_day_of_week_operator.py
[2025-03-21T21:25:15.494+0000] {processor.py:925} INFO - DAG(s) 'example_weekday_branch_operator' retrieved from /home/usmail/sys_fraud/sys_detection_frauds/lib/python3.12/site-packages/airflow/example_dags/example_branch_day_of_week_operator.py
[2025-03-21T21:25:15.518+0000] {logging_mixin.py:190} INFO - [2025-03-21T21:25:15.518+0000] {dag.py:3239} INFO - Sync 1 DAGs
[2025-03-21T21:25:15.538+0000] {logging_mixin.py:190} INFO - [2025-03-21T21:25:15.538+0000] {dag.py:4180} INFO - Setting next_dagrun for example_weekday_branch_operator to 2025-03-20 00:00:00+00:00, run_after=2025-03-21 00:00:00+00:00
[2025-03-21T21:25:15.575+0000] {processor.py:208} INFO - Processing /home/usmail/sys_fraud/sys_detection_frauds/lib/python3.12/site-packages/airflow/example_dags/example_branch_day_of_week_operator.py took 0.120 seconds
[2025-03-21T21:26:20.751+0000] {processor.py:186} INFO - Started process (PID=3753412) to work on /home/usmail/sys_fraud/sys_detection_frauds/lib/python3.12/site-packages/airflow/example_dags/example_branch_day_of_week_operator.py
[2025-03-21T21:26:20.759+0000] {processor.py:914} INFO - Processing file /home/usmail/sys_fraud/sys_detection_frauds/lib/python3.12/site-packages/airflow/example_dags/example_branch_day_of_week_operator.py for tasks to queue
[2025-03-21T21:26:20.762+0000] {logging_mixin.py:190} INFO - [2025-03-21T21:26:20.761+0000] {dagbag.py:588} INFO - Filling up the DagBag from /home/usmail/sys_fraud/sys_detection_frauds/lib/python3.12/site-packages/airflow/example_dags/example_branch_day_of_week_operator.py
[2025-03-21T21:26:20.772+0000] {processor.py:925} INFO - DAG(s) 'example_weekday_branch_operator' retrieved from /home/usmail/sys_fraud/sys_detection_frauds/lib/python3.12/site-packages/airflow/example_dags/example_branch_day_of_week_operator.py
[2025-03-21T21:26:20.796+0000] {logging_mixin.py:190} INFO - [2025-03-21T21:26:20.796+0000] {dag.py:3239} INFO - Sync 1 DAGs
[2025-03-21T21:26:20.821+0000] {logging_mixin.py:190} INFO - [2025-03-21T21:26:20.821+0000] {dag.py:4180} INFO - Setting next_dagrun for example_weekday_branch_operator to 2025-03-20 00:00:00+00:00, run_after=2025-03-21 00:00:00+00:00
[2025-03-21T21:26:20.838+0000] {processor.py:208} INFO - Processing /home/usmail/sys_fraud/sys_detection_frauds/lib/python3.12/site-packages/airflow/example_dags/example_branch_day_of_week_operator.py took 0.095 seconds
[2025-03-21T21:27:24.134+0000] {processor.py:186} INFO - Started process (PID=3754064) to work on /home/usmail/sys_fraud/sys_detection_frauds/lib/python3.12/site-packages/airflow/example_dags/example_branch_day_of_week_operator.py
[2025-03-21T21:27:24.143+0000] {processor.py:914} INFO - Processing file /home/usmail/sys_fraud/sys_detection_frauds/lib/python3.12/site-packages/airflow/example_dags/example_branch_day_of_week_operator.py for tasks to queue
[2025-03-21T21:27:24.146+0000] {logging_mixin.py:190} INFO - [2025-03-21T21:27:24.146+0000] {dagbag.py:588} INFO - Filling up the DagBag from /home/usmail/sys_fraud/sys_detection_frauds/lib/python3.12/site-packages/airflow/example_dags/example_branch_day_of_week_operator.py
[2025-03-21T21:27:24.163+0000] {processor.py:925} INFO - DAG(s) 'example_weekday_branch_operator' retrieved from /home/usmail/sys_fraud/sys_detection_frauds/lib/python3.12/site-packages/airflow/example_dags/example_branch_day_of_week_operator.py
[2025-03-21T21:27:24.189+0000] {logging_mixin.py:190} INFO - [2025-03-21T21:27:24.189+0000] {dag.py:3239} INFO - Sync 1 DAGs
[2025-03-21T21:27:24.211+0000] {logging_mixin.py:190} INFO - [2025-03-21T21:27:24.211+0000] {dag.py:4180} INFO - Setting next_dagrun for example_weekday_branch_operator to 2025-03-20 00:00:00+00:00, run_after=2025-03-21 00:00:00+00:00
[2025-03-21T21:27:24.227+0000] {processor.py:208} INFO - Processing /home/usmail/sys_fraud/sys_detection_frauds/lib/python3.12/site-packages/airflow/example_dags/example_branch_day_of_week_operator.py took 0.106 seconds
[2025-03-21T21:28:24.293+0000] {processor.py:186} INFO - Started process (PID=3754689) to work on /home/usmail/sys_fraud/sys_detection_frauds/lib/python3.12/site-packages/airflow/example_dags/example_branch_day_of_week_operator.py
[2025-03-21T21:28:24.303+0000] {processor.py:914} INFO - Processing file /home/usmail/sys_fraud/sys_detection_frauds/lib/python3.12/site-packages/airflow/example_dags/example_branch_day_of_week_operator.py for tasks to queue
[2025-03-21T21:28:24.306+0000] {logging_mixin.py:190} INFO - [2025-03-21T21:28:24.305+0000] {dagbag.py:588} INFO - Filling up the DagBag from /home/usmail/sys_fraud/sys_detection_frauds/lib/python3.12/site-packages/airflow/example_dags/example_branch_day_of_week_operator.py
[2025-03-21T21:28:24.323+0000] {processor.py:925} INFO - DAG(s) 'example_weekday_branch_operator' retrieved from /home/usmail/sys_fraud/sys_detection_frauds/lib/python3.12/site-packages/airflow/example_dags/example_branch_day_of_week_operator.py
[2025-03-21T21:28:24.346+0000] {logging_mixin.py:190} INFO - [2025-03-21T21:28:24.346+0000] {dag.py:3239} INFO - Sync 1 DAGs
[2025-03-21T21:28:24.369+0000] {logging_mixin.py:190} INFO - [2025-03-21T21:28:24.368+0000] {dag.py:4180} INFO - Setting next_dagrun for example_weekday_branch_operator to 2025-03-20 00:00:00+00:00, run_after=2025-03-21 00:00:00+00:00
[2025-03-21T21:28:24.384+0000] {processor.py:208} INFO - Processing /home/usmail/sys_fraud/sys_detection_frauds/lib/python3.12/site-packages/airflow/example_dags/example_branch_day_of_week_operator.py took 0.102 seconds
[2025-03-21T21:29:24.975+0000] {processor.py:186} INFO - Started process (PID=3755336) to work on /home/usmail/sys_fraud/sys_detection_frauds/lib/python3.12/site-packages/airflow/example_dags/example_branch_day_of_week_operator.py
[2025-03-21T21:29:24.984+0000] {processor.py:914} INFO - Processing file /home/usmail/sys_fraud/sys_detection_frauds/lib/python3.12/site-packages/airflow/example_dags/example_branch_day_of_week_operator.py for tasks to queue
[2025-03-21T21:29:24.987+0000] {logging_mixin.py:190} INFO - [2025-03-21T21:29:24.986+0000] {dagbag.py:588} INFO - Filling up the DagBag from /home/usmail/sys_fraud/sys_detection_frauds/lib/python3.12/site-packages/airflow/example_dags/example_branch_day_of_week_operator.py
[2025-03-21T21:29:25.002+0000] {processor.py:925} INFO - DAG(s) 'example_weekday_branch_operator' retrieved from /home/usmail/sys_fraud/sys_detection_frauds/lib/python3.12/site-packages/airflow/example_dags/example_branch_day_of_week_operator.py
[2025-03-21T21:29:25.026+0000] {logging_mixin.py:190} INFO - [2025-03-21T21:29:25.026+0000] {dag.py:3239} INFO - Sync 1 DAGs
[2025-03-21T21:29:25.049+0000] {logging_mixin.py:190} INFO - [2025-03-21T21:29:25.049+0000] {dag.py:4180} INFO - Setting next_dagrun for example_weekday_branch_operator to 2025-03-20 00:00:00+00:00, run_after=2025-03-21 00:00:00+00:00
[2025-03-21T21:29:25.071+0000] {processor.py:208} INFO - Processing /home/usmail/sys_fraud/sys_detection_frauds/lib/python3.12/site-packages/airflow/example_dags/example_branch_day_of_week_operator.py took 0.109 seconds
[2025-03-21T21:30:30.994+0000] {processor.py:186} INFO - Started process (PID=3756007) to work on /home/usmail/sys_fraud/sys_detection_frauds/lib/python3.12/site-packages/airflow/example_dags/example_branch_day_of_week_operator.py
[2025-03-21T21:30:31.003+0000] {processor.py:914} INFO - Processing file /home/usmail/sys_fraud/sys_detection_frauds/lib/python3.12/site-packages/airflow/example_dags/example_branch_day_of_week_operator.py for tasks to queue
[2025-03-21T21:30:31.007+0000] {logging_mixin.py:190} INFO - [2025-03-21T21:30:31.006+0000] {dagbag.py:588} INFO - Filling up the DagBag from /home/usmail/sys_fraud/sys_detection_frauds/lib/python3.12/site-packages/airflow/example_dags/example_branch_day_of_week_operator.py
[2025-03-21T21:30:31.026+0000] {processor.py:925} INFO - DAG(s) 'example_weekday_branch_operator' retrieved from /home/usmail/sys_fraud/sys_detection_frauds/lib/python3.12/site-packages/airflow/example_dags/example_branch_day_of_week_operator.py
[2025-03-21T21:30:31.052+0000] {logging_mixin.py:190} INFO - [2025-03-21T21:30:31.052+0000] {dag.py:3239} INFO - Sync 1 DAGs
[2025-03-21T21:30:31.073+0000] {logging_mixin.py:190} INFO - [2025-03-21T21:30:31.072+0000] {dag.py:4180} INFO - Setting next_dagrun for example_weekday_branch_operator to 2025-03-20 00:00:00+00:00, run_after=2025-03-21 00:00:00+00:00
[2025-03-21T21:30:31.088+0000] {processor.py:208} INFO - Processing /home/usmail/sys_fraud/sys_detection_frauds/lib/python3.12/site-packages/airflow/example_dags/example_branch_day_of_week_operator.py took 0.106 seconds
[2025-03-21T21:31:37.506+0000] {processor.py:186} INFO - Started process (PID=3756697) to work on /home/usmail/sys_fraud/sys_detection_frauds/lib/python3.12/site-packages/airflow/example_dags/example_branch_day_of_week_operator.py
[2025-03-21T21:31:37.516+0000] {processor.py:914} INFO - Processing file /home/usmail/sys_fraud/sys_detection_frauds/lib/python3.12/site-packages/airflow/example_dags/example_branch_day_of_week_operator.py for tasks to queue
[2025-03-21T21:31:37.519+0000] {logging_mixin.py:190} INFO - [2025-03-21T21:31:37.518+0000] {dagbag.py:588} INFO - Filling up the DagBag from /home/usmail/sys_fraud/sys_detection_frauds/lib/python3.12/site-packages/airflow/example_dags/example_branch_day_of_week_operator.py
[2025-03-21T21:31:37.533+0000] {processor.py:925} INFO - DAG(s) 'example_weekday_branch_operator' retrieved from /home/usmail/sys_fraud/sys_detection_frauds/lib/python3.12/site-packages/airflow/example_dags/example_branch_day_of_week_operator.py
[2025-03-21T21:31:37.558+0000] {logging_mixin.py:190} INFO - [2025-03-21T21:31:37.557+0000] {dag.py:3239} INFO - Sync 1 DAGs
[2025-03-21T21:31:37.581+0000] {logging_mixin.py:190} INFO - [2025-03-21T21:31:37.581+0000] {dag.py:4180} INFO - Setting next_dagrun for example_weekday_branch_operator to 2025-03-20 00:00:00+00:00, run_after=2025-03-21 00:00:00+00:00
[2025-03-21T21:31:37.618+0000] {processor.py:208} INFO - Processing /home/usmail/sys_fraud/sys_detection_frauds/lib/python3.12/site-packages/airflow/example_dags/example_branch_day_of_week_operator.py took 0.124 seconds
[2025-03-21T21:32:41.699+0000] {processor.py:186} INFO - Started process (PID=3757388) to work on /home/usmail/sys_fraud/sys_detection_frauds/lib/python3.12/site-packages/airflow/example_dags/example_branch_day_of_week_operator.py
[2025-03-21T21:32:41.709+0000] {processor.py:914} INFO - Processing file /home/usmail/sys_fraud/sys_detection_frauds/lib/python3.12/site-packages/airflow/example_dags/example_branch_day_of_week_operator.py for tasks to queue
[2025-03-21T21:32:41.712+0000] {logging_mixin.py:190} INFO - [2025-03-21T21:32:41.711+0000] {dagbag.py:588} INFO - Filling up the DagBag from /home/usmail/sys_fraud/sys_detection_frauds/lib/python3.12/site-packages/airflow/example_dags/example_branch_day_of_week_operator.py
[2025-03-21T21:32:41.727+0000] {processor.py:925} INFO - DAG(s) 'example_weekday_branch_operator' retrieved from /home/usmail/sys_fraud/sys_detection_frauds/lib/python3.12/site-packages/airflow/example_dags/example_branch_day_of_week_operator.py
[2025-03-21T21:32:41.751+0000] {logging_mixin.py:190} INFO - [2025-03-21T21:32:41.751+0000] {dag.py:3239} INFO - Sync 1 DAGs
[2025-03-21T21:32:41.775+0000] {logging_mixin.py:190} INFO - [2025-03-21T21:32:41.775+0000] {dag.py:4180} INFO - Setting next_dagrun for example_weekday_branch_operator to 2025-03-20 00:00:00+00:00, run_after=2025-03-21 00:00:00+00:00
[2025-03-21T21:32:41.793+0000] {processor.py:208} INFO - Processing /home/usmail/sys_fraud/sys_detection_frauds/lib/python3.12/site-packages/airflow/example_dags/example_branch_day_of_week_operator.py took 0.104 seconds
[2025-03-21T22:19:11.892+0000] {processor.py:186} INFO - Started process (PID=3758216) to work on /home/usmail/sys_fraud/sys_detection_frauds/lib/python3.12/site-packages/airflow/example_dags/example_branch_day_of_week_operator.py
[2025-03-21T22:19:11.902+0000] {processor.py:914} INFO - Processing file /home/usmail/sys_fraud/sys_detection_frauds/lib/python3.12/site-packages/airflow/example_dags/example_branch_day_of_week_operator.py for tasks to queue
[2025-03-21T22:19:11.905+0000] {logging_mixin.py:190} INFO - [2025-03-21T22:19:11.904+0000] {dagbag.py:588} INFO - Filling up the DagBag from /home/usmail/sys_fraud/sys_detection_frauds/lib/python3.12/site-packages/airflow/example_dags/example_branch_day_of_week_operator.py
[2025-03-21T22:19:11.920+0000] {processor.py:925} INFO - DAG(s) 'example_weekday_branch_operator' retrieved from /home/usmail/sys_fraud/sys_detection_frauds/lib/python3.12/site-packages/airflow/example_dags/example_branch_day_of_week_operator.py
[2025-03-21T22:19:11.944+0000] {logging_mixin.py:190} INFO - [2025-03-21T22:19:11.944+0000] {dag.py:3239} INFO - Sync 1 DAGs
[2025-03-21T22:19:11.967+0000] {logging_mixin.py:190} INFO - [2025-03-21T22:19:11.967+0000] {dag.py:4180} INFO - Setting next_dagrun for example_weekday_branch_operator to 2025-03-20 00:00:00+00:00, run_after=2025-03-21 00:00:00+00:00
[2025-03-21T22:19:11.993+0000] {processor.py:208} INFO - Processing /home/usmail/sys_fraud/sys_detection_frauds/lib/python3.12/site-packages/airflow/example_dags/example_branch_day_of_week_operator.py took 0.113 seconds
[2025-03-21T22:20:41.595+0000] {processor.py:186} INFO - Started process (PID=3759645) to work on /home/usmail/sys_fraud/sys_detection_frauds/lib/python3.12/site-packages/airflow/example_dags/example_branch_day_of_week_operator.py
[2025-03-21T22:20:41.604+0000] {processor.py:914} INFO - Processing file /home/usmail/sys_fraud/sys_detection_frauds/lib/python3.12/site-packages/airflow/example_dags/example_branch_day_of_week_operator.py for tasks to queue
[2025-03-21T22:20:41.607+0000] {logging_mixin.py:190} INFO - [2025-03-21T22:20:41.606+0000] {dagbag.py:588} INFO - Filling up the DagBag from /home/usmail/sys_fraud/sys_detection_frauds/lib/python3.12/site-packages/airflow/example_dags/example_branch_day_of_week_operator.py
[2025-03-21T22:20:41.623+0000] {processor.py:925} INFO - DAG(s) 'example_weekday_branch_operator' retrieved from /home/usmail/sys_fraud/sys_detection_frauds/lib/python3.12/site-packages/airflow/example_dags/example_branch_day_of_week_operator.py
[2025-03-21T22:20:41.646+0000] {logging_mixin.py:190} INFO - [2025-03-21T22:20:41.646+0000] {dag.py:3239} INFO - Sync 1 DAGs
[2025-03-21T22:20:41.672+0000] {logging_mixin.py:190} INFO - [2025-03-21T22:20:41.672+0000] {dag.py:4180} INFO - Setting next_dagrun for example_weekday_branch_operator to 2025-03-20 00:00:00+00:00, run_after=2025-03-21 00:00:00+00:00
[2025-03-21T22:20:41.710+0000] {processor.py:208} INFO - Processing /home/usmail/sys_fraud/sys_detection_frauds/lib/python3.12/site-packages/airflow/example_dags/example_branch_day_of_week_operator.py took 0.127 seconds
[2025-03-21T22:21:43.074+0000] {processor.py:186} INFO - Started process (PID=3760475) to work on /home/usmail/sys_fraud/sys_detection_frauds/lib/python3.12/site-packages/airflow/example_dags/example_branch_day_of_week_operator.py
[2025-03-21T22:21:43.075+0000] {processor.py:914} INFO - Processing file /home/usmail/sys_fraud/sys_detection_frauds/lib/python3.12/site-packages/airflow/example_dags/example_branch_day_of_week_operator.py for tasks to queue
[2025-03-21T22:21:43.077+0000] {logging_mixin.py:190} INFO - [2025-03-21T22:21:43.076+0000] {dagbag.py:588} INFO - Filling up the DagBag from /home/usmail/sys_fraud/sys_detection_frauds/lib/python3.12/site-packages/airflow/example_dags/example_branch_day_of_week_operator.py
[2025-03-21T22:21:43.092+0000] {processor.py:925} INFO - DAG(s) 'example_weekday_branch_operator' retrieved from /home/usmail/sys_fraud/sys_detection_frauds/lib/python3.12/site-packages/airflow/example_dags/example_branch_day_of_week_operator.py
[2025-03-21T22:21:43.115+0000] {logging_mixin.py:190} INFO - [2025-03-21T22:21:43.115+0000] {dag.py:3239} INFO - Sync 1 DAGs
[2025-03-21T22:21:43.135+0000] {logging_mixin.py:190} INFO - [2025-03-21T22:21:43.135+0000] {dag.py:4180} INFO - Setting next_dagrun for example_weekday_branch_operator to 2025-03-20 00:00:00+00:00, run_after=2025-03-21 00:00:00+00:00
[2025-03-21T22:21:43.151+0000] {processor.py:208} INFO - Processing /home/usmail/sys_fraud/sys_detection_frauds/lib/python3.12/site-packages/airflow/example_dags/example_branch_day_of_week_operator.py took 0.090 seconds
