[2025-03-21T20:50:01.547+0000] {processor.py:186} INFO - Started process (PID=3723309) to work on /home/usmail/sys_fraud/sys_detection_frauds/lib/python3.12/site-packages/airflow/example_dags/example_params_ui_tutorial.py
[2025-03-21T20:50:01.548+0000] {processor.py:914} INFO - Processing file /home/usmail/sys_fraud/sys_detection_frauds/lib/python3.12/site-packages/airflow/example_dags/example_params_ui_tutorial.py for tasks to queue
[2025-03-21T20:50:01.551+0000] {logging_mixin.py:190} INFO - [2025-03-21T20:50:01.550+0000] {dagbag.py:588} INFO - Filling up the DagBag from /home/usmail/sys_fraud/sys_detection_frauds/lib/python3.12/site-packages/airflow/example_dags/example_params_ui_tutorial.py
[2025-03-21T20:50:01.559+0000] {processor.py:925} INFO - DAG(s) 'example_params_ui_tutorial' retrieved from /home/usmail/sys_fraud/sys_detection_frauds/lib/python3.12/site-packages/airflow/example_dags/example_params_ui_tutorial.py
[2025-03-21T20:50:01.630+0000] {logging_mixin.py:190} INFO - [2025-03-21T20:50:01.630+0000] {override.py:1912} INFO - Created Permission View: can edit on DAG:example_params_ui_tutorial
[2025-03-21T20:50:01.637+0000] {logging_mixin.py:190} INFO - [2025-03-21T20:50:01.637+0000] {override.py:1912} INFO - Created Permission View: can read on DAG:example_params_ui_tutorial
[2025-03-21T20:50:01.642+0000] {logging_mixin.py:190} INFO - [2025-03-21T20:50:01.642+0000] {override.py:1912} INFO - Created Permission View: can delete on DAG:example_params_ui_tutorial
[2025-03-21T20:50:01.651+0000] {logging_mixin.py:190} INFO - [2025-03-21T20:50:01.650+0000] {override.py:1912} INFO - Created Permission View: can create on DAG Run:example_params_ui_tutorial
[2025-03-21T20:50:01.656+0000] {logging_mixin.py:190} INFO - [2025-03-21T20:50:01.656+0000] {override.py:1912} INFO - Created Permission View: menu access on DAG Run:example_params_ui_tutorial
[2025-03-21T20:50:01.661+0000] {logging_mixin.py:190} INFO - [2025-03-21T20:50:01.661+0000] {override.py:1912} INFO - Created Permission View: can read on DAG Run:example_params_ui_tutorial
[2025-03-21T20:50:01.666+0000] {logging_mixin.py:190} INFO - [2025-03-21T20:50:01.665+0000] {override.py:1912} INFO - Created Permission View: can delete on DAG Run:example_params_ui_tutorial
[2025-03-21T20:50:01.666+0000] {logging_mixin.py:190} INFO - [2025-03-21T20:50:01.666+0000] {dag.py:3239} INFO - Sync 1 DAGs
[2025-03-21T20:50:01.673+0000] {logging_mixin.py:190} INFO - [2025-03-21T20:50:01.672+0000] {dag.py:3262} INFO - Creating ORM DAG for example_params_ui_tutorial
[2025-03-21T20:50:01.673+0000] {logging_mixin.py:190} INFO - [2025-03-21T20:50:01.673+0000] {dag.py:4180} INFO - Setting next_dagrun for example_params_ui_tutorial to None, run_after=None
[2025-03-21T20:50:01.685+0000] {processor.py:208} INFO - Processing /home/usmail/sys_fraud/sys_detection_frauds/lib/python3.12/site-packages/airflow/example_dags/example_params_ui_tutorial.py took 0.143 seconds
[2025-03-21T20:51:02.277+0000] {processor.py:186} INFO - Started process (PID=3724020) to work on /home/usmail/sys_fraud/sys_detection_frauds/lib/python3.12/site-packages/airflow/example_dags/example_params_ui_tutorial.py
[2025-03-21T20:51:02.286+0000] {processor.py:914} INFO - Processing file /home/usmail/sys_fraud/sys_detection_frauds/lib/python3.12/site-packages/airflow/example_dags/example_params_ui_tutorial.py for tasks to queue
[2025-03-21T20:51:02.290+0000] {logging_mixin.py:190} INFO - [2025-03-21T20:51:02.289+0000] {dagbag.py:588} INFO - Filling up the DagBag from /home/usmail/sys_fraud/sys_detection_frauds/lib/python3.12/site-packages/airflow/example_dags/example_params_ui_tutorial.py
[2025-03-21T20:51:02.301+0000] {processor.py:925} INFO - DAG(s) 'example_params_ui_tutorial' retrieved from /home/usmail/sys_fraud/sys_detection_frauds/lib/python3.12/site-packages/airflow/example_dags/example_params_ui_tutorial.py
[2025-03-21T20:51:02.322+0000] {logging_mixin.py:190} INFO - [2025-03-21T20:51:02.322+0000] {dag.py:3239} INFO - Sync 1 DAGs
[2025-03-21T20:51:02.329+0000] {logging_mixin.py:190} INFO - [2025-03-21T20:51:02.329+0000] {dag.py:4180} INFO - Setting next_dagrun for example_params_ui_tutorial to None, run_after=None
[2025-03-21T20:51:02.341+0000] {processor.py:208} INFO - Processing /home/usmail/sys_fraud/sys_detection_frauds/lib/python3.12/site-packages/airflow/example_dags/example_params_ui_tutorial.py took 0.070 seconds
[2025-03-21T20:51:56.017+0000] {processor.py:186} INFO - Started process (PID=3724729) to work on /home/usmail/sys_fraud/sys_detection_frauds/lib/python3.12/site-packages/airflow/example_dags/example_params_ui_tutorial.py
[2025-03-21T20:51:56.017+0000] {processor.py:914} INFO - Processing file /home/usmail/sys_fraud/sys_detection_frauds/lib/python3.12/site-packages/airflow/example_dags/example_params_ui_tutorial.py for tasks to queue
[2025-03-21T20:51:56.019+0000] {logging_mixin.py:190} INFO - [2025-03-21T20:51:56.019+0000] {dagbag.py:588} INFO - Filling up the DagBag from /home/usmail/sys_fraud/sys_detection_frauds/lib/python3.12/site-packages/airflow/example_dags/example_params_ui_tutorial.py
[2025-03-21T20:51:56.025+0000] {processor.py:925} INFO - DAG(s) 'example_params_ui_tutorial' retrieved from /home/usmail/sys_fraud/sys_detection_frauds/lib/python3.12/site-packages/airflow/example_dags/example_params_ui_tutorial.py
[2025-03-21T20:51:56.048+0000] {logging_mixin.py:190} INFO - [2025-03-21T20:51:56.047+0000] {dag.py:3239} INFO - Sync 1 DAGs
[2025-03-21T20:51:56.055+0000] {logging_mixin.py:190} INFO - [2025-03-21T20:51:56.055+0000] {dag.py:4180} INFO - Setting next_dagrun for example_params_ui_tutorial to None, run_after=None
[2025-03-21T20:51:56.068+0000] {processor.py:208} INFO - Processing /home/usmail/sys_fraud/sys_detection_frauds/lib/python3.12/site-packages/airflow/example_dags/example_params_ui_tutorial.py took 0.055 seconds
[2025-03-21T20:52:52.583+0000] {processor.py:186} INFO - Started process (PID=3725325) to work on /home/usmail/sys_fraud/sys_detection_frauds/lib/python3.12/site-packages/airflow/example_dags/example_params_ui_tutorial.py
[2025-03-21T20:52:52.585+0000] {processor.py:914} INFO - Processing file /home/usmail/sys_fraud/sys_detection_frauds/lib/python3.12/site-packages/airflow/example_dags/example_params_ui_tutorial.py for tasks to queue
[2025-03-21T20:52:52.586+0000] {logging_mixin.py:190} INFO - [2025-03-21T20:52:52.586+0000] {dagbag.py:588} INFO - Filling up the DagBag from /home/usmail/sys_fraud/sys_detection_frauds/lib/python3.12/site-packages/airflow/example_dags/example_params_ui_tutorial.py
[2025-03-21T20:52:52.592+0000] {processor.py:925} INFO - DAG(s) 'example_params_ui_tutorial' retrieved from /home/usmail/sys_fraud/sys_detection_frauds/lib/python3.12/site-packages/airflow/example_dags/example_params_ui_tutorial.py
[2025-03-21T20:52:52.617+0000] {logging_mixin.py:190} INFO - [2025-03-21T20:52:52.617+0000] {dag.py:3239} INFO - Sync 1 DAGs
[2025-03-21T20:52:52.625+0000] {logging_mixin.py:190} INFO - [2025-03-21T20:52:52.624+0000] {dag.py:4180} INFO - Setting next_dagrun for example_params_ui_tutorial to None, run_after=None
[2025-03-21T20:52:52.638+0000] {processor.py:208} INFO - Processing /home/usmail/sys_fraud/sys_detection_frauds/lib/python3.12/site-packages/airflow/example_dags/example_params_ui_tutorial.py took 0.058 seconds
[2025-03-21T20:53:45.196+0000] {processor.py:186} INFO - Started process (PID=3725980) to work on /home/usmail/sys_fraud/sys_detection_frauds/lib/python3.12/site-packages/airflow/example_dags/example_params_ui_tutorial.py
[2025-03-21T20:53:45.204+0000] {processor.py:914} INFO - Processing file /home/usmail/sys_fraud/sys_detection_frauds/lib/python3.12/site-packages/airflow/example_dags/example_params_ui_tutorial.py for tasks to queue
[2025-03-21T20:53:45.206+0000] {logging_mixin.py:190} INFO - [2025-03-21T20:53:45.205+0000] {dagbag.py:588} INFO - Filling up the DagBag from /home/usmail/sys_fraud/sys_detection_frauds/lib/python3.12/site-packages/airflow/example_dags/example_params_ui_tutorial.py
[2025-03-21T20:53:45.213+0000] {processor.py:925} INFO - DAG(s) 'example_params_ui_tutorial' retrieved from /home/usmail/sys_fraud/sys_detection_frauds/lib/python3.12/site-packages/airflow/example_dags/example_params_ui_tutorial.py
[2025-03-21T20:53:45.236+0000] {logging_mixin.py:190} INFO - [2025-03-21T20:53:45.235+0000] {dag.py:3239} INFO - Sync 1 DAGs
[2025-03-21T20:53:45.242+0000] {logging_mixin.py:190} INFO - [2025-03-21T20:53:45.242+0000] {dag.py:4180} INFO - Setting next_dagrun for example_params_ui_tutorial to None, run_after=None
[2025-03-21T20:53:45.260+0000] {processor.py:208} INFO - Processing /home/usmail/sys_fraud/sys_detection_frauds/lib/python3.12/site-packages/airflow/example_dags/example_params_ui_tutorial.py took 0.067 seconds
[2025-03-21T20:54:39.299+0000] {processor.py:186} INFO - Started process (PID=3726644) to work on /home/usmail/sys_fraud/sys_detection_frauds/lib/python3.12/site-packages/airflow/example_dags/example_params_ui_tutorial.py
[2025-03-21T20:54:39.307+0000] {processor.py:914} INFO - Processing file /home/usmail/sys_fraud/sys_detection_frauds/lib/python3.12/site-packages/airflow/example_dags/example_params_ui_tutorial.py for tasks to queue
[2025-03-21T20:54:39.308+0000] {logging_mixin.py:190} INFO - [2025-03-21T20:54:39.308+0000] {dagbag.py:588} INFO - Filling up the DagBag from /home/usmail/sys_fraud/sys_detection_frauds/lib/python3.12/site-packages/airflow/example_dags/example_params_ui_tutorial.py
[2025-03-21T20:54:39.314+0000] {processor.py:925} INFO - DAG(s) 'example_params_ui_tutorial' retrieved from /home/usmail/sys_fraud/sys_detection_frauds/lib/python3.12/site-packages/airflow/example_dags/example_params_ui_tutorial.py
[2025-03-21T20:54:39.337+0000] {logging_mixin.py:190} INFO - [2025-03-21T20:54:39.337+0000] {dag.py:3239} INFO - Sync 1 DAGs
[2025-03-21T20:54:39.348+0000] {logging_mixin.py:190} INFO - [2025-03-21T20:54:39.347+0000] {dag.py:4180} INFO - Setting next_dagrun for example_params_ui_tutorial to None, run_after=None
[2025-03-21T20:54:39.363+0000] {processor.py:208} INFO - Processing /home/usmail/sys_fraud/sys_detection_frauds/lib/python3.12/site-packages/airflow/example_dags/example_params_ui_tutorial.py took 0.068 seconds
[2025-03-21T20:55:29.533+0000] {processor.py:186} INFO - Started process (PID=3727263) to work on /home/usmail/sys_fraud/sys_detection_frauds/lib/python3.12/site-packages/airflow/example_dags/example_params_ui_tutorial.py
[2025-03-21T20:55:29.543+0000] {processor.py:914} INFO - Processing file /home/usmail/sys_fraud/sys_detection_frauds/lib/python3.12/site-packages/airflow/example_dags/example_params_ui_tutorial.py for tasks to queue
[2025-03-21T20:55:29.546+0000] {logging_mixin.py:190} INFO - [2025-03-21T20:55:29.545+0000] {dagbag.py:588} INFO - Filling up the DagBag from /home/usmail/sys_fraud/sys_detection_frauds/lib/python3.12/site-packages/airflow/example_dags/example_params_ui_tutorial.py
[2025-03-21T20:55:29.556+0000] {processor.py:925} INFO - DAG(s) 'example_params_ui_tutorial' retrieved from /home/usmail/sys_fraud/sys_detection_frauds/lib/python3.12/site-packages/airflow/example_dags/example_params_ui_tutorial.py
[2025-03-21T20:55:29.578+0000] {logging_mixin.py:190} INFO - [2025-03-21T20:55:29.577+0000] {dag.py:3239} INFO - Sync 1 DAGs
[2025-03-21T20:55:29.585+0000] {logging_mixin.py:190} INFO - [2025-03-21T20:55:29.585+0000] {dag.py:4180} INFO - Setting next_dagrun for example_params_ui_tutorial to None, run_after=None
[2025-03-21T20:55:29.596+0000] {processor.py:208} INFO - Processing /home/usmail/sys_fraud/sys_detection_frauds/lib/python3.12/site-packages/airflow/example_dags/example_params_ui_tutorial.py took 0.071 seconds
[2025-03-21T20:56:21.070+0000] {processor.py:186} INFO - Started process (PID=3727975) to work on /home/usmail/sys_fraud/sys_detection_frauds/lib/python3.12/site-packages/airflow/example_dags/example_params_ui_tutorial.py
[2025-03-21T20:56:21.079+0000] {processor.py:914} INFO - Processing file /home/usmail/sys_fraud/sys_detection_frauds/lib/python3.12/site-packages/airflow/example_dags/example_params_ui_tutorial.py for tasks to queue
[2025-03-21T20:56:21.080+0000] {logging_mixin.py:190} INFO - [2025-03-21T20:56:21.080+0000] {dagbag.py:588} INFO - Filling up the DagBag from /home/usmail/sys_fraud/sys_detection_frauds/lib/python3.12/site-packages/airflow/example_dags/example_params_ui_tutorial.py
[2025-03-21T20:56:21.086+0000] {processor.py:925} INFO - DAG(s) 'example_params_ui_tutorial' retrieved from /home/usmail/sys_fraud/sys_detection_frauds/lib/python3.12/site-packages/airflow/example_dags/example_params_ui_tutorial.py
[2025-03-21T20:56:21.109+0000] {logging_mixin.py:190} INFO - [2025-03-21T20:56:21.109+0000] {dag.py:3239} INFO - Sync 1 DAGs
[2025-03-21T20:56:21.116+0000] {logging_mixin.py:190} INFO - [2025-03-21T20:56:21.116+0000] {dag.py:4180} INFO - Setting next_dagrun for example_params_ui_tutorial to None, run_after=None
[2025-03-21T20:56:21.130+0000] {processor.py:208} INFO - Processing /home/usmail/sys_fraud/sys_detection_frauds/lib/python3.12/site-packages/airflow/example_dags/example_params_ui_tutorial.py took 0.064 seconds
[2025-03-21T20:57:13.582+0000] {processor.py:186} INFO - Started process (PID=3728760) to work on /home/usmail/sys_fraud/sys_detection_frauds/lib/python3.12/site-packages/airflow/example_dags/example_params_ui_tutorial.py
[2025-03-21T20:57:13.590+0000] {processor.py:914} INFO - Processing file /home/usmail/sys_fraud/sys_detection_frauds/lib/python3.12/site-packages/airflow/example_dags/example_params_ui_tutorial.py for tasks to queue
[2025-03-21T20:57:13.593+0000] {logging_mixin.py:190} INFO - [2025-03-21T20:57:13.592+0000] {dagbag.py:588} INFO - Filling up the DagBag from /home/usmail/sys_fraud/sys_detection_frauds/lib/python3.12/site-packages/airflow/example_dags/example_params_ui_tutorial.py
[2025-03-21T20:57:13.599+0000] {processor.py:925} INFO - DAG(s) 'example_params_ui_tutorial' retrieved from /home/usmail/sys_fraud/sys_detection_frauds/lib/python3.12/site-packages/airflow/example_dags/example_params_ui_tutorial.py
[2025-03-21T20:57:13.629+0000] {logging_mixin.py:190} INFO - [2025-03-21T20:57:13.629+0000] {dag.py:3239} INFO - Sync 1 DAGs
[2025-03-21T20:57:13.638+0000] {logging_mixin.py:190} INFO - [2025-03-21T20:57:13.638+0000] {dag.py:4180} INFO - Setting next_dagrun for example_params_ui_tutorial to None, run_after=None
[2025-03-21T20:57:13.662+0000] {processor.py:208} INFO - Processing /home/usmail/sys_fraud/sys_detection_frauds/lib/python3.12/site-packages/airflow/example_dags/example_params_ui_tutorial.py took 0.084 seconds
[2025-03-21T20:58:06.197+0000] {processor.py:186} INFO - Started process (PID=3729315) to work on /home/usmail/sys_fraud/sys_detection_frauds/lib/python3.12/site-packages/airflow/example_dags/example_params_ui_tutorial.py
[2025-03-21T20:58:06.206+0000] {processor.py:914} INFO - Processing file /home/usmail/sys_fraud/sys_detection_frauds/lib/python3.12/site-packages/airflow/example_dags/example_params_ui_tutorial.py for tasks to queue
[2025-03-21T20:58:06.207+0000] {logging_mixin.py:190} INFO - [2025-03-21T20:58:06.207+0000] {dagbag.py:588} INFO - Filling up the DagBag from /home/usmail/sys_fraud/sys_detection_frauds/lib/python3.12/site-packages/airflow/example_dags/example_params_ui_tutorial.py
[2025-03-21T20:58:06.214+0000] {processor.py:925} INFO - DAG(s) 'example_params_ui_tutorial' retrieved from /home/usmail/sys_fraud/sys_detection_frauds/lib/python3.12/site-packages/airflow/example_dags/example_params_ui_tutorial.py
[2025-03-21T20:58:06.238+0000] {logging_mixin.py:190} INFO - [2025-03-21T20:58:06.237+0000] {dag.py:3239} INFO - Sync 1 DAGs
[2025-03-21T20:58:06.245+0000] {logging_mixin.py:190} INFO - [2025-03-21T20:58:06.244+0000] {dag.py:4180} INFO - Setting next_dagrun for example_params_ui_tutorial to None, run_after=None
[2025-03-21T20:58:06.268+0000] {processor.py:208} INFO - Processing /home/usmail/sys_fraud/sys_detection_frauds/lib/python3.12/site-packages/airflow/example_dags/example_params_ui_tutorial.py took 0.075 seconds
[2025-03-21T20:59:52.117+0000] {processor.py:186} INFO - Started process (PID=3730765) to work on /home/usmail/sys_fraud/sys_detection_frauds/lib/python3.12/site-packages/airflow/example_dags/example_params_ui_tutorial.py
[2025-03-21T20:59:52.118+0000] {processor.py:914} INFO - Processing file /home/usmail/sys_fraud/sys_detection_frauds/lib/python3.12/site-packages/airflow/example_dags/example_params_ui_tutorial.py for tasks to queue
[2025-03-21T20:59:52.120+0000] {logging_mixin.py:190} INFO - [2025-03-21T20:59:52.119+0000] {dagbag.py:588} INFO - Filling up the DagBag from /home/usmail/sys_fraud/sys_detection_frauds/lib/python3.12/site-packages/airflow/example_dags/example_params_ui_tutorial.py
[2025-03-21T20:59:52.130+0000] {processor.py:925} INFO - DAG(s) 'example_params_ui_tutorial' retrieved from /home/usmail/sys_fraud/sys_detection_frauds/lib/python3.12/site-packages/airflow/example_dags/example_params_ui_tutorial.py
[2025-03-21T20:59:52.156+0000] {logging_mixin.py:190} INFO - [2025-03-21T20:59:52.156+0000] {dag.py:3239} INFO - Sync 1 DAGs
[2025-03-21T20:59:52.165+0000] {logging_mixin.py:190} INFO - [2025-03-21T20:59:52.165+0000] {dag.py:4180} INFO - Setting next_dagrun for example_params_ui_tutorial to None, run_after=None
[2025-03-21T20:59:52.181+0000] {processor.py:208} INFO - Processing /home/usmail/sys_fraud/sys_detection_frauds/lib/python3.12/site-packages/airflow/example_dags/example_params_ui_tutorial.py took 0.066 seconds
[2025-03-21T21:00:50.855+0000] {processor.py:186} INFO - Started process (PID=3731515) to work on /home/usmail/sys_fraud/sys_detection_frauds/lib/python3.12/site-packages/airflow/example_dags/example_params_ui_tutorial.py
[2025-03-21T21:00:50.864+0000] {processor.py:914} INFO - Processing file /home/usmail/sys_fraud/sys_detection_frauds/lib/python3.12/site-packages/airflow/example_dags/example_params_ui_tutorial.py for tasks to queue
[2025-03-21T21:00:50.867+0000] {logging_mixin.py:190} INFO - [2025-03-21T21:00:50.867+0000] {dagbag.py:588} INFO - Filling up the DagBag from /home/usmail/sys_fraud/sys_detection_frauds/lib/python3.12/site-packages/airflow/example_dags/example_params_ui_tutorial.py
[2025-03-21T21:00:50.875+0000] {processor.py:925} INFO - DAG(s) 'example_params_ui_tutorial' retrieved from /home/usmail/sys_fraud/sys_detection_frauds/lib/python3.12/site-packages/airflow/example_dags/example_params_ui_tutorial.py
[2025-03-21T21:00:50.902+0000] {logging_mixin.py:190} INFO - [2025-03-21T21:00:50.902+0000] {dag.py:3239} INFO - Sync 1 DAGs
[2025-03-21T21:00:50.910+0000] {logging_mixin.py:190} INFO - [2025-03-21T21:00:50.909+0000] {dag.py:4180} INFO - Setting next_dagrun for example_params_ui_tutorial to None, run_after=None
[2025-03-21T21:00:50.924+0000] {processor.py:208} INFO - Processing /home/usmail/sys_fraud/sys_detection_frauds/lib/python3.12/site-packages/airflow/example_dags/example_params_ui_tutorial.py took 0.073 seconds
[2025-03-21T21:01:45.187+0000] {processor.py:186} INFO - Started process (PID=3732215) to work on /home/usmail/sys_fraud/sys_detection_frauds/lib/python3.12/site-packages/airflow/example_dags/example_params_ui_tutorial.py
[2025-03-21T21:01:45.195+0000] {processor.py:914} INFO - Processing file /home/usmail/sys_fraud/sys_detection_frauds/lib/python3.12/site-packages/airflow/example_dags/example_params_ui_tutorial.py for tasks to queue
[2025-03-21T21:01:45.198+0000] {logging_mixin.py:190} INFO - [2025-03-21T21:01:45.197+0000] {dagbag.py:588} INFO - Filling up the DagBag from /home/usmail/sys_fraud/sys_detection_frauds/lib/python3.12/site-packages/airflow/example_dags/example_params_ui_tutorial.py
[2025-03-21T21:01:45.204+0000] {processor.py:925} INFO - DAG(s) 'example_params_ui_tutorial' retrieved from /home/usmail/sys_fraud/sys_detection_frauds/lib/python3.12/site-packages/airflow/example_dags/example_params_ui_tutorial.py
[2025-03-21T21:01:45.230+0000] {logging_mixin.py:190} INFO - [2025-03-21T21:01:45.230+0000] {dag.py:3239} INFO - Sync 1 DAGs
[2025-03-21T21:01:45.237+0000] {logging_mixin.py:190} INFO - [2025-03-21T21:01:45.237+0000] {dag.py:4180} INFO - Setting next_dagrun for example_params_ui_tutorial to None, run_after=None
[2025-03-21T21:01:45.260+0000] {processor.py:208} INFO - Processing /home/usmail/sys_fraud/sys_detection_frauds/lib/python3.12/site-packages/airflow/example_dags/example_params_ui_tutorial.py took 0.077 seconds
[2025-03-21T21:02:41.797+0000] {processor.py:186} INFO - Started process (PID=3732878) to work on /home/usmail/sys_fraud/sys_detection_frauds/lib/python3.12/site-packages/airflow/example_dags/example_params_ui_tutorial.py
[2025-03-21T21:02:41.805+0000] {processor.py:914} INFO - Processing file /home/usmail/sys_fraud/sys_detection_frauds/lib/python3.12/site-packages/airflow/example_dags/example_params_ui_tutorial.py for tasks to queue
[2025-03-21T21:02:41.807+0000] {logging_mixin.py:190} INFO - [2025-03-21T21:02:41.807+0000] {dagbag.py:588} INFO - Filling up the DagBag from /home/usmail/sys_fraud/sys_detection_frauds/lib/python3.12/site-packages/airflow/example_dags/example_params_ui_tutorial.py
[2025-03-21T21:02:41.814+0000] {processor.py:925} INFO - DAG(s) 'example_params_ui_tutorial' retrieved from /home/usmail/sys_fraud/sys_detection_frauds/lib/python3.12/site-packages/airflow/example_dags/example_params_ui_tutorial.py
[2025-03-21T21:02:41.839+0000] {logging_mixin.py:190} INFO - [2025-03-21T21:02:41.839+0000] {dag.py:3239} INFO - Sync 1 DAGs
[2025-03-21T21:02:41.847+0000] {logging_mixin.py:190} INFO - [2025-03-21T21:02:41.847+0000] {dag.py:4180} INFO - Setting next_dagrun for example_params_ui_tutorial to None, run_after=None
[2025-03-21T21:02:41.871+0000] {processor.py:208} INFO - Processing /home/usmail/sys_fraud/sys_detection_frauds/lib/python3.12/site-packages/airflow/example_dags/example_params_ui_tutorial.py took 0.078 seconds
[2025-03-21T21:03:34.575+0000] {processor.py:186} INFO - Started process (PID=3733622) to work on /home/usmail/sys_fraud/sys_detection_frauds/lib/python3.12/site-packages/airflow/example_dags/example_params_ui_tutorial.py
[2025-03-21T21:03:34.584+0000] {processor.py:914} INFO - Processing file /home/usmail/sys_fraud/sys_detection_frauds/lib/python3.12/site-packages/airflow/example_dags/example_params_ui_tutorial.py for tasks to queue
[2025-03-21T21:03:34.587+0000] {logging_mixin.py:190} INFO - [2025-03-21T21:03:34.587+0000] {dagbag.py:588} INFO - Filling up the DagBag from /home/usmail/sys_fraud/sys_detection_frauds/lib/python3.12/site-packages/airflow/example_dags/example_params_ui_tutorial.py
[2025-03-21T21:03:34.595+0000] {processor.py:925} INFO - DAG(s) 'example_params_ui_tutorial' retrieved from /home/usmail/sys_fraud/sys_detection_frauds/lib/python3.12/site-packages/airflow/example_dags/example_params_ui_tutorial.py
[2025-03-21T21:03:34.621+0000] {logging_mixin.py:190} INFO - [2025-03-21T21:03:34.621+0000] {dag.py:3239} INFO - Sync 1 DAGs
[2025-03-21T21:03:34.628+0000] {logging_mixin.py:190} INFO - [2025-03-21T21:03:34.628+0000] {dag.py:4180} INFO - Setting next_dagrun for example_params_ui_tutorial to None, run_after=None
[2025-03-21T21:03:34.654+0000] {processor.py:208} INFO - Processing /home/usmail/sys_fraud/sys_detection_frauds/lib/python3.12/site-packages/airflow/example_dags/example_params_ui_tutorial.py took 0.082 seconds
[2025-03-21T21:04:30.791+0000] {processor.py:186} INFO - Started process (PID=3734380) to work on /home/usmail/sys_fraud/sys_detection_frauds/lib/python3.12/site-packages/airflow/example_dags/example_params_ui_tutorial.py
[2025-03-21T21:04:30.800+0000] {processor.py:914} INFO - Processing file /home/usmail/sys_fraud/sys_detection_frauds/lib/python3.12/site-packages/airflow/example_dags/example_params_ui_tutorial.py for tasks to queue
[2025-03-21T21:04:30.801+0000] {logging_mixin.py:190} INFO - [2025-03-21T21:04:30.801+0000] {dagbag.py:588} INFO - Filling up the DagBag from /home/usmail/sys_fraud/sys_detection_frauds/lib/python3.12/site-packages/airflow/example_dags/example_params_ui_tutorial.py
[2025-03-21T21:04:30.807+0000] {processor.py:925} INFO - DAG(s) 'example_params_ui_tutorial' retrieved from /home/usmail/sys_fraud/sys_detection_frauds/lib/python3.12/site-packages/airflow/example_dags/example_params_ui_tutorial.py
[2025-03-21T21:04:30.836+0000] {logging_mixin.py:190} INFO - [2025-03-21T21:04:30.836+0000] {dag.py:3239} INFO - Sync 1 DAGs
[2025-03-21T21:04:30.846+0000] {logging_mixin.py:190} INFO - [2025-03-21T21:04:30.846+0000] {dag.py:4180} INFO - Setting next_dagrun for example_params_ui_tutorial to None, run_after=None
[2025-03-21T21:04:30.864+0000] {processor.py:208} INFO - Processing /home/usmail/sys_fraud/sys_detection_frauds/lib/python3.12/site-packages/airflow/example_dags/example_params_ui_tutorial.py took 0.076 seconds
[2025-03-21T21:05:24.237+0000] {processor.py:186} INFO - Started process (PID=3735231) to work on /home/usmail/sys_fraud/sys_detection_frauds/lib/python3.12/site-packages/airflow/example_dags/example_params_ui_tutorial.py
[2025-03-21T21:05:24.246+0000] {processor.py:914} INFO - Processing file /home/usmail/sys_fraud/sys_detection_frauds/lib/python3.12/site-packages/airflow/example_dags/example_params_ui_tutorial.py for tasks to queue
[2025-03-21T21:05:24.249+0000] {logging_mixin.py:190} INFO - [2025-03-21T21:05:24.249+0000] {dagbag.py:588} INFO - Filling up the DagBag from /home/usmail/sys_fraud/sys_detection_frauds/lib/python3.12/site-packages/airflow/example_dags/example_params_ui_tutorial.py
[2025-03-21T21:05:24.259+0000] {processor.py:925} INFO - DAG(s) 'example_params_ui_tutorial' retrieved from /home/usmail/sys_fraud/sys_detection_frauds/lib/python3.12/site-packages/airflow/example_dags/example_params_ui_tutorial.py
[2025-03-21T21:05:24.281+0000] {logging_mixin.py:190} INFO - [2025-03-21T21:05:24.280+0000] {dag.py:3239} INFO - Sync 1 DAGs
[2025-03-21T21:05:24.288+0000] {logging_mixin.py:190} INFO - [2025-03-21T21:05:24.287+0000] {dag.py:4180} INFO - Setting next_dagrun for example_params_ui_tutorial to None, run_after=None
[2025-03-21T21:05:24.300+0000] {processor.py:208} INFO - Processing /home/usmail/sys_fraud/sys_detection_frauds/lib/python3.12/site-packages/airflow/example_dags/example_params_ui_tutorial.py took 0.071 seconds
[2025-03-21T21:06:18.307+0000] {processor.py:186} INFO - Started process (PID=3735904) to work on /home/usmail/sys_fraud/sys_detection_frauds/lib/python3.12/site-packages/airflow/example_dags/example_params_ui_tutorial.py
[2025-03-21T21:06:18.315+0000] {processor.py:914} INFO - Processing file /home/usmail/sys_fraud/sys_detection_frauds/lib/python3.12/site-packages/airflow/example_dags/example_params_ui_tutorial.py for tasks to queue
[2025-03-21T21:06:18.317+0000] {logging_mixin.py:190} INFO - [2025-03-21T21:06:18.316+0000] {dagbag.py:588} INFO - Filling up the DagBag from /home/usmail/sys_fraud/sys_detection_frauds/lib/python3.12/site-packages/airflow/example_dags/example_params_ui_tutorial.py
[2025-03-21T21:06:18.324+0000] {processor.py:925} INFO - DAG(s) 'example_params_ui_tutorial' retrieved from /home/usmail/sys_fraud/sys_detection_frauds/lib/python3.12/site-packages/airflow/example_dags/example_params_ui_tutorial.py
[2025-03-21T21:06:18.352+0000] {logging_mixin.py:190} INFO - [2025-03-21T21:06:18.352+0000] {dag.py:3239} INFO - Sync 1 DAGs
[2025-03-21T21:06:18.363+0000] {logging_mixin.py:190} INFO - [2025-03-21T21:06:18.363+0000] {dag.py:4180} INFO - Setting next_dagrun for example_params_ui_tutorial to None, run_after=None
[2025-03-21T21:06:18.381+0000] {processor.py:208} INFO - Processing /home/usmail/sys_fraud/sys_detection_frauds/lib/python3.12/site-packages/airflow/example_dags/example_params_ui_tutorial.py took 0.081 seconds
[2025-03-21T21:07:11.225+0000] {processor.py:186} INFO - Started process (PID=3737192) to work on /home/usmail/sys_fraud/sys_detection_frauds/lib/python3.12/site-packages/airflow/example_dags/example_params_ui_tutorial.py
[2025-03-21T21:07:11.233+0000] {processor.py:914} INFO - Processing file /home/usmail/sys_fraud/sys_detection_frauds/lib/python3.12/site-packages/airflow/example_dags/example_params_ui_tutorial.py for tasks to queue
[2025-03-21T21:07:11.235+0000] {logging_mixin.py:190} INFO - [2025-03-21T21:07:11.234+0000] {dagbag.py:588} INFO - Filling up the DagBag from /home/usmail/sys_fraud/sys_detection_frauds/lib/python3.12/site-packages/airflow/example_dags/example_params_ui_tutorial.py
[2025-03-21T21:07:11.241+0000] {processor.py:925} INFO - DAG(s) 'example_params_ui_tutorial' retrieved from /home/usmail/sys_fraud/sys_detection_frauds/lib/python3.12/site-packages/airflow/example_dags/example_params_ui_tutorial.py
[2025-03-21T21:07:11.266+0000] {logging_mixin.py:190} INFO - [2025-03-21T21:07:11.266+0000] {dag.py:3239} INFO - Sync 1 DAGs
[2025-03-21T21:07:11.276+0000] {logging_mixin.py:190} INFO - [2025-03-21T21:07:11.276+0000] {dag.py:4180} INFO - Setting next_dagrun for example_params_ui_tutorial to None, run_after=None
[2025-03-21T21:07:11.298+0000] {processor.py:208} INFO - Processing /home/usmail/sys_fraud/sys_detection_frauds/lib/python3.12/site-packages/airflow/example_dags/example_params_ui_tutorial.py took 0.078 seconds
[2025-03-21T21:08:05.695+0000] {processor.py:186} INFO - Started process (PID=3737894) to work on /home/usmail/sys_fraud/sys_detection_frauds/lib/python3.12/site-packages/airflow/example_dags/example_params_ui_tutorial.py
[2025-03-21T21:08:05.704+0000] {processor.py:914} INFO - Processing file /home/usmail/sys_fraud/sys_detection_frauds/lib/python3.12/site-packages/airflow/example_dags/example_params_ui_tutorial.py for tasks to queue
[2025-03-21T21:08:05.707+0000] {logging_mixin.py:190} INFO - [2025-03-21T21:08:05.707+0000] {dagbag.py:588} INFO - Filling up the DagBag from /home/usmail/sys_fraud/sys_detection_frauds/lib/python3.12/site-packages/airflow/example_dags/example_params_ui_tutorial.py
[2025-03-21T21:08:05.722+0000] {processor.py:925} INFO - DAG(s) 'example_params_ui_tutorial' retrieved from /home/usmail/sys_fraud/sys_detection_frauds/lib/python3.12/site-packages/airflow/example_dags/example_params_ui_tutorial.py
[2025-03-21T21:08:05.772+0000] {logging_mixin.py:190} INFO - [2025-03-21T21:08:05.772+0000] {dag.py:3239} INFO - Sync 1 DAGs
[2025-03-21T21:08:05.782+0000] {logging_mixin.py:190} INFO - [2025-03-21T21:08:05.782+0000] {dag.py:4180} INFO - Setting next_dagrun for example_params_ui_tutorial to None, run_after=None
[2025-03-21T21:08:05.824+0000] {processor.py:208} INFO - Processing /home/usmail/sys_fraud/sys_detection_frauds/lib/python3.12/site-packages/airflow/example_dags/example_params_ui_tutorial.py took 0.142 seconds
[2025-03-21T21:09:08.927+0000] {processor.py:186} INFO - Started process (PID=3738750) to work on /home/usmail/sys_fraud/sys_detection_frauds/lib/python3.12/site-packages/airflow/example_dags/example_params_ui_tutorial.py
[2025-03-21T21:09:08.928+0000] {processor.py:914} INFO - Processing file /home/usmail/sys_fraud/sys_detection_frauds/lib/python3.12/site-packages/airflow/example_dags/example_params_ui_tutorial.py for tasks to queue
[2025-03-21T21:09:08.929+0000] {logging_mixin.py:190} INFO - [2025-03-21T21:09:08.929+0000] {dagbag.py:588} INFO - Filling up the DagBag from /home/usmail/sys_fraud/sys_detection_frauds/lib/python3.12/site-packages/airflow/example_dags/example_params_ui_tutorial.py
[2025-03-21T21:09:08.938+0000] {processor.py:925} INFO - DAG(s) 'example_params_ui_tutorial' retrieved from /home/usmail/sys_fraud/sys_detection_frauds/lib/python3.12/site-packages/airflow/example_dags/example_params_ui_tutorial.py
[2025-03-21T21:09:08.977+0000] {logging_mixin.py:190} INFO - [2025-03-21T21:09:08.977+0000] {dag.py:3239} INFO - Sync 1 DAGs
[2025-03-21T21:09:08.994+0000] {logging_mixin.py:190} INFO - [2025-03-21T21:09:08.994+0000] {dag.py:4180} INFO - Setting next_dagrun for example_params_ui_tutorial to None, run_after=None
[2025-03-21T21:09:09.044+0000] {processor.py:208} INFO - Processing /home/usmail/sys_fraud/sys_detection_frauds/lib/python3.12/site-packages/airflow/example_dags/example_params_ui_tutorial.py took 0.124 seconds
[2025-03-21T21:10:04.695+0000] {processor.py:186} INFO - Started process (PID=3739522) to work on /home/usmail/sys_fraud/sys_detection_frauds/lib/python3.12/site-packages/airflow/example_dags/example_params_ui_tutorial.py
[2025-03-21T21:10:04.705+0000] {processor.py:914} INFO - Processing file /home/usmail/sys_fraud/sys_detection_frauds/lib/python3.12/site-packages/airflow/example_dags/example_params_ui_tutorial.py for tasks to queue
[2025-03-21T21:10:04.709+0000] {logging_mixin.py:190} INFO - [2025-03-21T21:10:04.708+0000] {dagbag.py:588} INFO - Filling up the DagBag from /home/usmail/sys_fraud/sys_detection_frauds/lib/python3.12/site-packages/airflow/example_dags/example_params_ui_tutorial.py
[2025-03-21T21:10:04.725+0000] {processor.py:925} INFO - DAG(s) 'example_params_ui_tutorial' retrieved from /home/usmail/sys_fraud/sys_detection_frauds/lib/python3.12/site-packages/airflow/example_dags/example_params_ui_tutorial.py
[2025-03-21T21:10:04.767+0000] {logging_mixin.py:190} INFO - [2025-03-21T21:10:04.767+0000] {dag.py:3239} INFO - Sync 1 DAGs
[2025-03-21T21:10:04.776+0000] {logging_mixin.py:190} INFO - [2025-03-21T21:10:04.776+0000] {dag.py:4180} INFO - Setting next_dagrun for example_params_ui_tutorial to None, run_after=None
[2025-03-21T21:10:04.803+0000] {processor.py:208} INFO - Processing /home/usmail/sys_fraud/sys_detection_frauds/lib/python3.12/site-packages/airflow/example_dags/example_params_ui_tutorial.py took 0.119 seconds
[2025-03-21T21:11:01.831+0000] {processor.py:186} INFO - Started process (PID=3741156) to work on /home/usmail/sys_fraud/sys_detection_frauds/lib/python3.12/site-packages/airflow/example_dags/example_params_ui_tutorial.py
[2025-03-21T21:11:01.840+0000] {processor.py:914} INFO - Processing file /home/usmail/sys_fraud/sys_detection_frauds/lib/python3.12/site-packages/airflow/example_dags/example_params_ui_tutorial.py for tasks to queue
[2025-03-21T21:11:01.842+0000] {logging_mixin.py:190} INFO - [2025-03-21T21:11:01.842+0000] {dagbag.py:588} INFO - Filling up the DagBag from /home/usmail/sys_fraud/sys_detection_frauds/lib/python3.12/site-packages/airflow/example_dags/example_params_ui_tutorial.py
[2025-03-21T21:11:01.849+0000] {processor.py:925} INFO - DAG(s) 'example_params_ui_tutorial' retrieved from /home/usmail/sys_fraud/sys_detection_frauds/lib/python3.12/site-packages/airflow/example_dags/example_params_ui_tutorial.py
[2025-03-21T21:11:01.882+0000] {logging_mixin.py:190} INFO - [2025-03-21T21:11:01.882+0000] {dag.py:3239} INFO - Sync 1 DAGs
[2025-03-21T21:11:01.892+0000] {logging_mixin.py:190} INFO - [2025-03-21T21:11:01.892+0000] {dag.py:4180} INFO - Setting next_dagrun for example_params_ui_tutorial to None, run_after=None
[2025-03-21T21:11:01.907+0000] {processor.py:208} INFO - Processing /home/usmail/sys_fraud/sys_detection_frauds/lib/python3.12/site-packages/airflow/example_dags/example_params_ui_tutorial.py took 0.084 seconds
[2025-03-21T21:11:57.627+0000] {processor.py:186} INFO - Started process (PID=3742239) to work on /home/usmail/sys_fraud/sys_detection_frauds/lib/python3.12/site-packages/airflow/example_dags/example_params_ui_tutorial.py
[2025-03-21T21:11:57.635+0000] {processor.py:914} INFO - Processing file /home/usmail/sys_fraud/sys_detection_frauds/lib/python3.12/site-packages/airflow/example_dags/example_params_ui_tutorial.py for tasks to queue
[2025-03-21T21:11:57.637+0000] {logging_mixin.py:190} INFO - [2025-03-21T21:11:57.637+0000] {dagbag.py:588} INFO - Filling up the DagBag from /home/usmail/sys_fraud/sys_detection_frauds/lib/python3.12/site-packages/airflow/example_dags/example_params_ui_tutorial.py
[2025-03-21T21:11:57.644+0000] {processor.py:925} INFO - DAG(s) 'example_params_ui_tutorial' retrieved from /home/usmail/sys_fraud/sys_detection_frauds/lib/python3.12/site-packages/airflow/example_dags/example_params_ui_tutorial.py
[2025-03-21T21:11:57.676+0000] {logging_mixin.py:190} INFO - [2025-03-21T21:11:57.675+0000] {dag.py:3239} INFO - Sync 1 DAGs
[2025-03-21T21:11:57.686+0000] {logging_mixin.py:190} INFO - [2025-03-21T21:11:57.686+0000] {dag.py:4180} INFO - Setting next_dagrun for example_params_ui_tutorial to None, run_after=None
[2025-03-21T21:11:57.702+0000] {processor.py:208} INFO - Processing /home/usmail/sys_fraud/sys_detection_frauds/lib/python3.12/site-packages/airflow/example_dags/example_params_ui_tutorial.py took 0.080 seconds
[2025-03-21T21:12:51.720+0000] {processor.py:186} INFO - Started process (PID=3743264) to work on /home/usmail/sys_fraud/sys_detection_frauds/lib/python3.12/site-packages/airflow/example_dags/example_params_ui_tutorial.py
[2025-03-21T21:12:51.729+0000] {processor.py:914} INFO - Processing file /home/usmail/sys_fraud/sys_detection_frauds/lib/python3.12/site-packages/airflow/example_dags/example_params_ui_tutorial.py for tasks to queue
[2025-03-21T21:12:51.731+0000] {logging_mixin.py:190} INFO - [2025-03-21T21:12:51.731+0000] {dagbag.py:588} INFO - Filling up the DagBag from /home/usmail/sys_fraud/sys_detection_frauds/lib/python3.12/site-packages/airflow/example_dags/example_params_ui_tutorial.py
[2025-03-21T21:12:51.741+0000] {processor.py:925} INFO - DAG(s) 'example_params_ui_tutorial' retrieved from /home/usmail/sys_fraud/sys_detection_frauds/lib/python3.12/site-packages/airflow/example_dags/example_params_ui_tutorial.py
[2025-03-21T21:12:51.773+0000] {logging_mixin.py:190} INFO - [2025-03-21T21:12:51.773+0000] {dag.py:3239} INFO - Sync 1 DAGs
[2025-03-21T21:12:51.783+0000] {logging_mixin.py:190} INFO - [2025-03-21T21:12:51.783+0000] {dag.py:4180} INFO - Setting next_dagrun for example_params_ui_tutorial to None, run_after=None
[2025-03-21T21:12:51.799+0000] {processor.py:208} INFO - Processing /home/usmail/sys_fraud/sys_detection_frauds/lib/python3.12/site-packages/airflow/example_dags/example_params_ui_tutorial.py took 0.084 seconds
[2025-03-21T21:13:43.430+0000] {processor.py:186} INFO - Started process (PID=3744201) to work on /home/usmail/sys_fraud/sys_detection_frauds/lib/python3.12/site-packages/airflow/example_dags/example_params_ui_tutorial.py
[2025-03-21T21:13:43.430+0000] {processor.py:914} INFO - Processing file /home/usmail/sys_fraud/sys_detection_frauds/lib/python3.12/site-packages/airflow/example_dags/example_params_ui_tutorial.py for tasks to queue
[2025-03-21T21:13:43.432+0000] {logging_mixin.py:190} INFO - [2025-03-21T21:13:43.432+0000] {dagbag.py:588} INFO - Filling up the DagBag from /home/usmail/sys_fraud/sys_detection_frauds/lib/python3.12/site-packages/airflow/example_dags/example_params_ui_tutorial.py
[2025-03-21T21:13:43.440+0000] {processor.py:925} INFO - DAG(s) 'example_params_ui_tutorial' retrieved from /home/usmail/sys_fraud/sys_detection_frauds/lib/python3.12/site-packages/airflow/example_dags/example_params_ui_tutorial.py
[2025-03-21T21:13:43.474+0000] {logging_mixin.py:190} INFO - [2025-03-21T21:13:43.474+0000] {dag.py:3239} INFO - Sync 1 DAGs
[2025-03-21T21:13:43.485+0000] {logging_mixin.py:190} INFO - [2025-03-21T21:13:43.484+0000] {dag.py:4180} INFO - Setting next_dagrun for example_params_ui_tutorial to None, run_after=None
[2025-03-21T21:13:43.502+0000] {processor.py:208} INFO - Processing /home/usmail/sys_fraud/sys_detection_frauds/lib/python3.12/site-packages/airflow/example_dags/example_params_ui_tutorial.py took 0.078 seconds
[2025-03-21T21:14:37.140+0000] {processor.py:186} INFO - Started process (PID=3744972) to work on /home/usmail/sys_fraud/sys_detection_frauds/lib/python3.12/site-packages/airflow/example_dags/example_params_ui_tutorial.py
[2025-03-21T21:14:37.141+0000] {processor.py:914} INFO - Processing file /home/usmail/sys_fraud/sys_detection_frauds/lib/python3.12/site-packages/airflow/example_dags/example_params_ui_tutorial.py for tasks to queue
[2025-03-21T21:14:37.144+0000] {logging_mixin.py:190} INFO - [2025-03-21T21:14:37.143+0000] {dagbag.py:588} INFO - Filling up the DagBag from /home/usmail/sys_fraud/sys_detection_frauds/lib/python3.12/site-packages/airflow/example_dags/example_params_ui_tutorial.py
[2025-03-21T21:14:37.158+0000] {processor.py:925} INFO - DAG(s) 'example_params_ui_tutorial' retrieved from /home/usmail/sys_fraud/sys_detection_frauds/lib/python3.12/site-packages/airflow/example_dags/example_params_ui_tutorial.py
[2025-03-21T21:14:37.213+0000] {logging_mixin.py:190} INFO - [2025-03-21T21:14:37.213+0000] {dag.py:3239} INFO - Sync 1 DAGs
[2025-03-21T21:14:37.223+0000] {logging_mixin.py:190} INFO - [2025-03-21T21:14:37.223+0000] {dag.py:4180} INFO - Setting next_dagrun for example_params_ui_tutorial to None, run_after=None
[2025-03-21T21:14:37.239+0000] {processor.py:208} INFO - Processing /home/usmail/sys_fraud/sys_detection_frauds/lib/python3.12/site-packages/airflow/example_dags/example_params_ui_tutorial.py took 0.111 seconds
[2025-03-21T21:15:38.757+0000] {processor.py:186} INFO - Started process (PID=3745753) to work on /home/usmail/sys_fraud/sys_detection_frauds/lib/python3.12/site-packages/airflow/example_dags/example_params_ui_tutorial.py
[2025-03-21T21:15:38.766+0000] {processor.py:914} INFO - Processing file /home/usmail/sys_fraud/sys_detection_frauds/lib/python3.12/site-packages/airflow/example_dags/example_params_ui_tutorial.py for tasks to queue
[2025-03-21T21:15:38.769+0000] {logging_mixin.py:190} INFO - [2025-03-21T21:15:38.769+0000] {dagbag.py:588} INFO - Filling up the DagBag from /home/usmail/sys_fraud/sys_detection_frauds/lib/python3.12/site-packages/airflow/example_dags/example_params_ui_tutorial.py
[2025-03-21T21:15:38.785+0000] {processor.py:925} INFO - DAG(s) 'example_params_ui_tutorial' retrieved from /home/usmail/sys_fraud/sys_detection_frauds/lib/python3.12/site-packages/airflow/example_dags/example_params_ui_tutorial.py
[2025-03-21T21:15:38.834+0000] {logging_mixin.py:190} INFO - [2025-03-21T21:15:38.834+0000] {dag.py:3239} INFO - Sync 1 DAGs
[2025-03-21T21:15:38.844+0000] {logging_mixin.py:190} INFO - [2025-03-21T21:15:38.844+0000] {dag.py:4180} INFO - Setting next_dagrun for example_params_ui_tutorial to None, run_after=None
[2025-03-21T21:15:38.861+0000] {processor.py:208} INFO - Processing /home/usmail/sys_fraud/sys_detection_frauds/lib/python3.12/site-packages/airflow/example_dags/example_params_ui_tutorial.py took 0.116 seconds
[2025-03-21T21:16:40.847+0000] {processor.py:186} INFO - Started process (PID=3746527) to work on /home/usmail/sys_fraud/sys_detection_frauds/lib/python3.12/site-packages/airflow/example_dags/example_params_ui_tutorial.py
[2025-03-21T21:16:40.856+0000] {processor.py:914} INFO - Processing file /home/usmail/sys_fraud/sys_detection_frauds/lib/python3.12/site-packages/airflow/example_dags/example_params_ui_tutorial.py for tasks to queue
[2025-03-21T21:16:40.860+0000] {logging_mixin.py:190} INFO - [2025-03-21T21:16:40.859+0000] {dagbag.py:588} INFO - Filling up the DagBag from /home/usmail/sys_fraud/sys_detection_frauds/lib/python3.12/site-packages/airflow/example_dags/example_params_ui_tutorial.py
[2025-03-21T21:16:40.875+0000] {processor.py:925} INFO - DAG(s) 'example_params_ui_tutorial' retrieved from /home/usmail/sys_fraud/sys_detection_frauds/lib/python3.12/site-packages/airflow/example_dags/example_params_ui_tutorial.py
[2025-03-21T21:16:40.925+0000] {logging_mixin.py:190} INFO - [2025-03-21T21:16:40.924+0000] {dag.py:3239} INFO - Sync 1 DAGs
[2025-03-21T21:16:40.934+0000] {logging_mixin.py:190} INFO - [2025-03-21T21:16:40.934+0000] {dag.py:4180} INFO - Setting next_dagrun for example_params_ui_tutorial to None, run_after=None
[2025-03-21T21:16:40.959+0000] {processor.py:208} INFO - Processing /home/usmail/sys_fraud/sys_detection_frauds/lib/python3.12/site-packages/airflow/example_dags/example_params_ui_tutorial.py took 0.124 seconds
[2025-03-21T21:17:41.524+0000] {processor.py:186} INFO - Started process (PID=3747296) to work on /home/usmail/sys_fraud/sys_detection_frauds/lib/python3.12/site-packages/airflow/example_dags/example_params_ui_tutorial.py
[2025-03-21T21:17:41.533+0000] {processor.py:914} INFO - Processing file /home/usmail/sys_fraud/sys_detection_frauds/lib/python3.12/site-packages/airflow/example_dags/example_params_ui_tutorial.py for tasks to queue
[2025-03-21T21:17:41.536+0000] {logging_mixin.py:190} INFO - [2025-03-21T21:17:41.535+0000] {dagbag.py:588} INFO - Filling up the DagBag from /home/usmail/sys_fraud/sys_detection_frauds/lib/python3.12/site-packages/airflow/example_dags/example_params_ui_tutorial.py
[2025-03-21T21:17:41.551+0000] {processor.py:925} INFO - DAG(s) 'example_params_ui_tutorial' retrieved from /home/usmail/sys_fraud/sys_detection_frauds/lib/python3.12/site-packages/airflow/example_dags/example_params_ui_tutorial.py
[2025-03-21T21:17:41.602+0000] {logging_mixin.py:190} INFO - [2025-03-21T21:17:41.602+0000] {dag.py:3239} INFO - Sync 1 DAGs
[2025-03-21T21:17:41.612+0000] {logging_mixin.py:190} INFO - [2025-03-21T21:17:41.612+0000] {dag.py:4180} INFO - Setting next_dagrun for example_params_ui_tutorial to None, run_after=None
[2025-03-21T21:17:41.647+0000] {processor.py:208} INFO - Processing /home/usmail/sys_fraud/sys_detection_frauds/lib/python3.12/site-packages/airflow/example_dags/example_params_ui_tutorial.py took 0.135 seconds
[2025-03-21T21:18:46.897+0000] {processor.py:186} INFO - Started process (PID=3748098) to work on /home/usmail/sys_fraud/sys_detection_frauds/lib/python3.12/site-packages/airflow/example_dags/example_params_ui_tutorial.py
[2025-03-21T21:18:46.906+0000] {processor.py:914} INFO - Processing file /home/usmail/sys_fraud/sys_detection_frauds/lib/python3.12/site-packages/airflow/example_dags/example_params_ui_tutorial.py for tasks to queue
[2025-03-21T21:18:46.908+0000] {logging_mixin.py:190} INFO - [2025-03-21T21:18:46.908+0000] {dagbag.py:588} INFO - Filling up the DagBag from /home/usmail/sys_fraud/sys_detection_frauds/lib/python3.12/site-packages/airflow/example_dags/example_params_ui_tutorial.py
[2025-03-21T21:18:46.921+0000] {processor.py:925} INFO - DAG(s) 'example_params_ui_tutorial' retrieved from /home/usmail/sys_fraud/sys_detection_frauds/lib/python3.12/site-packages/airflow/example_dags/example_params_ui_tutorial.py
[2025-03-21T21:18:46.971+0000] {logging_mixin.py:190} INFO - [2025-03-21T21:18:46.971+0000] {dag.py:3239} INFO - Sync 1 DAGs
[2025-03-21T21:18:46.982+0000] {logging_mixin.py:190} INFO - [2025-03-21T21:18:46.981+0000] {dag.py:4180} INFO - Setting next_dagrun for example_params_ui_tutorial to None, run_after=None
[2025-03-21T21:18:46.997+0000] {processor.py:208} INFO - Processing /home/usmail/sys_fraud/sys_detection_frauds/lib/python3.12/site-packages/airflow/example_dags/example_params_ui_tutorial.py took 0.107 seconds
[2025-03-21T21:19:49.820+0000] {processor.py:186} INFO - Started process (PID=3748854) to work on /home/usmail/sys_fraud/sys_detection_frauds/lib/python3.12/site-packages/airflow/example_dags/example_params_ui_tutorial.py
[2025-03-21T21:19:49.829+0000] {processor.py:914} INFO - Processing file /home/usmail/sys_fraud/sys_detection_frauds/lib/python3.12/site-packages/airflow/example_dags/example_params_ui_tutorial.py for tasks to queue
[2025-03-21T21:19:49.832+0000] {logging_mixin.py:190} INFO - [2025-03-21T21:19:49.832+0000] {dagbag.py:588} INFO - Filling up the DagBag from /home/usmail/sys_fraud/sys_detection_frauds/lib/python3.12/site-packages/airflow/example_dags/example_params_ui_tutorial.py
[2025-03-21T21:19:49.847+0000] {processor.py:925} INFO - DAG(s) 'example_params_ui_tutorial' retrieved from /home/usmail/sys_fraud/sys_detection_frauds/lib/python3.12/site-packages/airflow/example_dags/example_params_ui_tutorial.py
[2025-03-21T21:19:49.897+0000] {logging_mixin.py:190} INFO - [2025-03-21T21:19:49.897+0000] {dag.py:3239} INFO - Sync 1 DAGs
[2025-03-21T21:19:49.907+0000] {logging_mixin.py:190} INFO - [2025-03-21T21:19:49.907+0000] {dag.py:4180} INFO - Setting next_dagrun for example_params_ui_tutorial to None, run_after=None
[2025-03-21T21:19:49.945+0000] {processor.py:208} INFO - Processing /home/usmail/sys_fraud/sys_detection_frauds/lib/python3.12/site-packages/airflow/example_dags/example_params_ui_tutorial.py took 0.137 seconds
[2025-03-21T21:20:52.895+0000] {processor.py:186} INFO - Started process (PID=3749605) to work on /home/usmail/sys_fraud/sys_detection_frauds/lib/python3.12/site-packages/airflow/example_dags/example_params_ui_tutorial.py
[2025-03-21T21:20:52.904+0000] {processor.py:914} INFO - Processing file /home/usmail/sys_fraud/sys_detection_frauds/lib/python3.12/site-packages/airflow/example_dags/example_params_ui_tutorial.py for tasks to queue
[2025-03-21T21:20:52.907+0000] {logging_mixin.py:190} INFO - [2025-03-21T21:20:52.906+0000] {dagbag.py:588} INFO - Filling up the DagBag from /home/usmail/sys_fraud/sys_detection_frauds/lib/python3.12/site-packages/airflow/example_dags/example_params_ui_tutorial.py
[2025-03-21T21:20:52.921+0000] {processor.py:925} INFO - DAG(s) 'example_params_ui_tutorial' retrieved from /home/usmail/sys_fraud/sys_detection_frauds/lib/python3.12/site-packages/airflow/example_dags/example_params_ui_tutorial.py
[2025-03-21T21:20:52.971+0000] {logging_mixin.py:190} INFO - [2025-03-21T21:20:52.971+0000] {dag.py:3239} INFO - Sync 1 DAGs
[2025-03-21T21:20:52.981+0000] {logging_mixin.py:190} INFO - [2025-03-21T21:20:52.981+0000] {dag.py:4180} INFO - Setting next_dagrun for example_params_ui_tutorial to None, run_after=None
[2025-03-21T21:20:53.005+0000] {processor.py:208} INFO - Processing /home/usmail/sys_fraud/sys_detection_frauds/lib/python3.12/site-packages/airflow/example_dags/example_params_ui_tutorial.py took 0.122 seconds
[2025-03-21T21:21:59.753+0000] {processor.py:186} INFO - Started process (PID=3750440) to work on /home/usmail/sys_fraud/sys_detection_frauds/lib/python3.12/site-packages/airflow/example_dags/example_params_ui_tutorial.py
[2025-03-21T21:21:59.754+0000] {processor.py:914} INFO - Processing file /home/usmail/sys_fraud/sys_detection_frauds/lib/python3.12/site-packages/airflow/example_dags/example_params_ui_tutorial.py for tasks to queue
[2025-03-21T21:21:59.757+0000] {logging_mixin.py:190} INFO - [2025-03-21T21:21:59.757+0000] {dagbag.py:588} INFO - Filling up the DagBag from /home/usmail/sys_fraud/sys_detection_frauds/lib/python3.12/site-packages/airflow/example_dags/example_params_ui_tutorial.py
[2025-03-21T21:21:59.772+0000] {processor.py:925} INFO - DAG(s) 'example_params_ui_tutorial' retrieved from /home/usmail/sys_fraud/sys_detection_frauds/lib/python3.12/site-packages/airflow/example_dags/example_params_ui_tutorial.py
[2025-03-21T21:21:59.822+0000] {logging_mixin.py:190} INFO - [2025-03-21T21:21:59.822+0000] {dag.py:3239} INFO - Sync 1 DAGs
[2025-03-21T21:21:59.831+0000] {logging_mixin.py:190} INFO - [2025-03-21T21:21:59.831+0000] {dag.py:4180} INFO - Setting next_dagrun for example_params_ui_tutorial to None, run_after=None
[2025-03-21T21:21:59.850+0000] {processor.py:208} INFO - Processing /home/usmail/sys_fraud/sys_detection_frauds/lib/python3.12/site-packages/airflow/example_dags/example_params_ui_tutorial.py took 0.109 seconds
[2025-03-21T21:23:05.649+0000] {processor.py:186} INFO - Started process (PID=3751257) to work on /home/usmail/sys_fraud/sys_detection_frauds/lib/python3.12/site-packages/airflow/example_dags/example_params_ui_tutorial.py
[2025-03-21T21:23:05.659+0000] {processor.py:914} INFO - Processing file /home/usmail/sys_fraud/sys_detection_frauds/lib/python3.12/site-packages/airflow/example_dags/example_params_ui_tutorial.py for tasks to queue
[2025-03-21T21:23:05.662+0000] {logging_mixin.py:190} INFO - [2025-03-21T21:23:05.661+0000] {dagbag.py:588} INFO - Filling up the DagBag from /home/usmail/sys_fraud/sys_detection_frauds/lib/python3.12/site-packages/airflow/example_dags/example_params_ui_tutorial.py
[2025-03-21T21:23:05.677+0000] {processor.py:925} INFO - DAG(s) 'example_params_ui_tutorial' retrieved from /home/usmail/sys_fraud/sys_detection_frauds/lib/python3.12/site-packages/airflow/example_dags/example_params_ui_tutorial.py
[2025-03-21T21:23:05.742+0000] {logging_mixin.py:190} INFO - [2025-03-21T21:23:05.742+0000] {dag.py:3239} INFO - Sync 1 DAGs
[2025-03-21T21:23:05.752+0000] {logging_mixin.py:190} INFO - [2025-03-21T21:23:05.752+0000] {dag.py:4180} INFO - Setting next_dagrun for example_params_ui_tutorial to None, run_after=None
[2025-03-21T21:23:05.768+0000] {processor.py:208} INFO - Processing /home/usmail/sys_fraud/sys_detection_frauds/lib/python3.12/site-packages/airflow/example_dags/example_params_ui_tutorial.py took 0.131 seconds
[2025-03-21T21:24:07.262+0000] {processor.py:186} INFO - Started process (PID=3751976) to work on /home/usmail/sys_fraud/sys_detection_frauds/lib/python3.12/site-packages/airflow/example_dags/example_params_ui_tutorial.py
[2025-03-21T21:24:07.271+0000] {processor.py:914} INFO - Processing file /home/usmail/sys_fraud/sys_detection_frauds/lib/python3.12/site-packages/airflow/example_dags/example_params_ui_tutorial.py for tasks to queue
[2025-03-21T21:24:07.276+0000] {logging_mixin.py:190} INFO - [2025-03-21T21:24:07.275+0000] {dagbag.py:588} INFO - Filling up the DagBag from /home/usmail/sys_fraud/sys_detection_frauds/lib/python3.12/site-packages/airflow/example_dags/example_params_ui_tutorial.py
[2025-03-21T21:24:07.297+0000] {processor.py:925} INFO - DAG(s) 'example_params_ui_tutorial' retrieved from /home/usmail/sys_fraud/sys_detection_frauds/lib/python3.12/site-packages/airflow/example_dags/example_params_ui_tutorial.py
[2025-03-21T21:24:07.349+0000] {logging_mixin.py:190} INFO - [2025-03-21T21:24:07.348+0000] {dag.py:3239} INFO - Sync 1 DAGs
[2025-03-21T21:24:07.358+0000] {logging_mixin.py:190} INFO - [2025-03-21T21:24:07.358+0000] {dag.py:4180} INFO - Setting next_dagrun for example_params_ui_tutorial to None, run_after=None
[2025-03-21T21:24:07.375+0000] {processor.py:208} INFO - Processing /home/usmail/sys_fraud/sys_detection_frauds/lib/python3.12/site-packages/airflow/example_dags/example_params_ui_tutorial.py took 0.124 seconds
[2025-03-21T21:25:10.176+0000] {processor.py:186} INFO - Started process (PID=3752669) to work on /home/usmail/sys_fraud/sys_detection_frauds/lib/python3.12/site-packages/airflow/example_dags/example_params_ui_tutorial.py
[2025-03-21T21:25:10.185+0000] {processor.py:914} INFO - Processing file /home/usmail/sys_fraud/sys_detection_frauds/lib/python3.12/site-packages/airflow/example_dags/example_params_ui_tutorial.py for tasks to queue
[2025-03-21T21:25:10.188+0000] {logging_mixin.py:190} INFO - [2025-03-21T21:25:10.188+0000] {dagbag.py:588} INFO - Filling up the DagBag from /home/usmail/sys_fraud/sys_detection_frauds/lib/python3.12/site-packages/airflow/example_dags/example_params_ui_tutorial.py
[2025-03-21T21:25:10.202+0000] {processor.py:925} INFO - DAG(s) 'example_params_ui_tutorial' retrieved from /home/usmail/sys_fraud/sys_detection_frauds/lib/python3.12/site-packages/airflow/example_dags/example_params_ui_tutorial.py
[2025-03-21T21:25:10.255+0000] {logging_mixin.py:190} INFO - [2025-03-21T21:25:10.255+0000] {dag.py:3239} INFO - Sync 1 DAGs
[2025-03-21T21:25:10.264+0000] {logging_mixin.py:190} INFO - [2025-03-21T21:25:10.264+0000] {dag.py:4180} INFO - Setting next_dagrun for example_params_ui_tutorial to None, run_after=None
[2025-03-21T21:25:10.292+0000] {processor.py:208} INFO - Processing /home/usmail/sys_fraud/sys_detection_frauds/lib/python3.12/site-packages/airflow/example_dags/example_params_ui_tutorial.py took 0.128 seconds
[2025-03-21T21:26:15.953+0000] {processor.py:186} INFO - Started process (PID=3753366) to work on /home/usmail/sys_fraud/sys_detection_frauds/lib/python3.12/site-packages/airflow/example_dags/example_params_ui_tutorial.py
[2025-03-21T21:26:15.955+0000] {processor.py:914} INFO - Processing file /home/usmail/sys_fraud/sys_detection_frauds/lib/python3.12/site-packages/airflow/example_dags/example_params_ui_tutorial.py for tasks to queue
[2025-03-21T21:26:15.958+0000] {logging_mixin.py:190} INFO - [2025-03-21T21:26:15.957+0000] {dagbag.py:588} INFO - Filling up the DagBag from /home/usmail/sys_fraud/sys_detection_frauds/lib/python3.12/site-packages/airflow/example_dags/example_params_ui_tutorial.py
[2025-03-21T21:26:15.974+0000] {processor.py:925} INFO - DAG(s) 'example_params_ui_tutorial' retrieved from /home/usmail/sys_fraud/sys_detection_frauds/lib/python3.12/site-packages/airflow/example_dags/example_params_ui_tutorial.py
[2025-03-21T21:26:16.019+0000] {logging_mixin.py:190} INFO - [2025-03-21T21:26:16.018+0000] {dag.py:3239} INFO - Sync 1 DAGs
[2025-03-21T21:26:16.028+0000] {logging_mixin.py:190} INFO - [2025-03-21T21:26:16.028+0000] {dag.py:4180} INFO - Setting next_dagrun for example_params_ui_tutorial to None, run_after=None
[2025-03-21T21:26:16.043+0000] {processor.py:208} INFO - Processing /home/usmail/sys_fraud/sys_detection_frauds/lib/python3.12/site-packages/airflow/example_dags/example_params_ui_tutorial.py took 0.102 seconds
[2025-03-21T21:27:18.347+0000] {processor.py:186} INFO - Started process (PID=3754005) to work on /home/usmail/sys_fraud/sys_detection_frauds/lib/python3.12/site-packages/airflow/example_dags/example_params_ui_tutorial.py
[2025-03-21T21:27:18.356+0000] {processor.py:914} INFO - Processing file /home/usmail/sys_fraud/sys_detection_frauds/lib/python3.12/site-packages/airflow/example_dags/example_params_ui_tutorial.py for tasks to queue
[2025-03-21T21:27:18.360+0000] {logging_mixin.py:190} INFO - [2025-03-21T21:27:18.359+0000] {dagbag.py:588} INFO - Filling up the DagBag from /home/usmail/sys_fraud/sys_detection_frauds/lib/python3.12/site-packages/airflow/example_dags/example_params_ui_tutorial.py
[2025-03-21T21:27:18.375+0000] {processor.py:925} INFO - DAG(s) 'example_params_ui_tutorial' retrieved from /home/usmail/sys_fraud/sys_detection_frauds/lib/python3.12/site-packages/airflow/example_dags/example_params_ui_tutorial.py
[2025-03-21T21:27:18.429+0000] {logging_mixin.py:190} INFO - [2025-03-21T21:27:18.428+0000] {dag.py:3239} INFO - Sync 1 DAGs
[2025-03-21T21:27:18.438+0000] {logging_mixin.py:190} INFO - [2025-03-21T21:27:18.438+0000] {dag.py:4180} INFO - Setting next_dagrun for example_params_ui_tutorial to None, run_after=None
[2025-03-21T21:27:18.453+0000] {processor.py:208} INFO - Processing /home/usmail/sys_fraud/sys_detection_frauds/lib/python3.12/site-packages/airflow/example_dags/example_params_ui_tutorial.py took 0.119 seconds
[2025-03-21T21:28:20.892+0000] {processor.py:186} INFO - Started process (PID=3754653) to work on /home/usmail/sys_fraud/sys_detection_frauds/lib/python3.12/site-packages/airflow/example_dags/example_params_ui_tutorial.py
[2025-03-21T21:28:20.901+0000] {processor.py:914} INFO - Processing file /home/usmail/sys_fraud/sys_detection_frauds/lib/python3.12/site-packages/airflow/example_dags/example_params_ui_tutorial.py for tasks to queue
[2025-03-21T21:28:20.904+0000] {logging_mixin.py:190} INFO - [2025-03-21T21:28:20.903+0000] {dagbag.py:588} INFO - Filling up the DagBag from /home/usmail/sys_fraud/sys_detection_frauds/lib/python3.12/site-packages/airflow/example_dags/example_params_ui_tutorial.py
[2025-03-21T21:28:20.918+0000] {processor.py:925} INFO - DAG(s) 'example_params_ui_tutorial' retrieved from /home/usmail/sys_fraud/sys_detection_frauds/lib/python3.12/site-packages/airflow/example_dags/example_params_ui_tutorial.py
[2025-03-21T21:28:20.969+0000] {logging_mixin.py:190} INFO - [2025-03-21T21:28:20.968+0000] {dag.py:3239} INFO - Sync 1 DAGs
[2025-03-21T21:28:20.979+0000] {logging_mixin.py:190} INFO - [2025-03-21T21:28:20.979+0000] {dag.py:4180} INFO - Setting next_dagrun for example_params_ui_tutorial to None, run_after=None
[2025-03-21T21:28:21.002+0000] {processor.py:208} INFO - Processing /home/usmail/sys_fraud/sys_detection_frauds/lib/python3.12/site-packages/airflow/example_dags/example_params_ui_tutorial.py took 0.123 seconds
[2025-03-21T21:29:19.702+0000] {processor.py:186} INFO - Started process (PID=3755268) to work on /home/usmail/sys_fraud/sys_detection_frauds/lib/python3.12/site-packages/airflow/example_dags/example_params_ui_tutorial.py
[2025-03-21T21:29:19.711+0000] {processor.py:914} INFO - Processing file /home/usmail/sys_fraud/sys_detection_frauds/lib/python3.12/site-packages/airflow/example_dags/example_params_ui_tutorial.py for tasks to queue
[2025-03-21T21:29:19.714+0000] {logging_mixin.py:190} INFO - [2025-03-21T21:29:19.713+0000] {dagbag.py:588} INFO - Filling up the DagBag from /home/usmail/sys_fraud/sys_detection_frauds/lib/python3.12/site-packages/airflow/example_dags/example_params_ui_tutorial.py
[2025-03-21T21:29:19.729+0000] {processor.py:925} INFO - DAG(s) 'example_params_ui_tutorial' retrieved from /home/usmail/sys_fraud/sys_detection_frauds/lib/python3.12/site-packages/airflow/example_dags/example_params_ui_tutorial.py
[2025-03-21T21:29:19.779+0000] {logging_mixin.py:190} INFO - [2025-03-21T21:29:19.779+0000] {dag.py:3239} INFO - Sync 1 DAGs
[2025-03-21T21:29:19.790+0000] {logging_mixin.py:190} INFO - [2025-03-21T21:29:19.789+0000] {dag.py:4180} INFO - Setting next_dagrun for example_params_ui_tutorial to None, run_after=None
[2025-03-21T21:29:19.813+0000] {processor.py:208} INFO - Processing /home/usmail/sys_fraud/sys_detection_frauds/lib/python3.12/site-packages/airflow/example_dags/example_params_ui_tutorial.py took 0.116 seconds
[2025-03-21T21:30:25.912+0000] {processor.py:186} INFO - Started process (PID=3755952) to work on /home/usmail/sys_fraud/sys_detection_frauds/lib/python3.12/site-packages/airflow/example_dags/example_params_ui_tutorial.py
[2025-03-21T21:30:25.921+0000] {processor.py:914} INFO - Processing file /home/usmail/sys_fraud/sys_detection_frauds/lib/python3.12/site-packages/airflow/example_dags/example_params_ui_tutorial.py for tasks to queue
[2025-03-21T21:30:25.924+0000] {logging_mixin.py:190} INFO - [2025-03-21T21:30:25.923+0000] {dagbag.py:588} INFO - Filling up the DagBag from /home/usmail/sys_fraud/sys_detection_frauds/lib/python3.12/site-packages/airflow/example_dags/example_params_ui_tutorial.py
[2025-03-21T21:30:25.944+0000] {processor.py:925} INFO - DAG(s) 'example_params_ui_tutorial' retrieved from /home/usmail/sys_fraud/sys_detection_frauds/lib/python3.12/site-packages/airflow/example_dags/example_params_ui_tutorial.py
[2025-03-21T21:30:25.994+0000] {logging_mixin.py:190} INFO - [2025-03-21T21:30:25.994+0000] {dag.py:3239} INFO - Sync 1 DAGs
[2025-03-21T21:30:26.004+0000] {logging_mixin.py:190} INFO - [2025-03-21T21:30:26.004+0000] {dag.py:4180} INFO - Setting next_dagrun for example_params_ui_tutorial to None, run_after=None
[2025-03-21T21:30:26.022+0000] {processor.py:208} INFO - Processing /home/usmail/sys_fraud/sys_detection_frauds/lib/python3.12/site-packages/airflow/example_dags/example_params_ui_tutorial.py took 0.122 seconds
[2025-03-21T21:31:31.386+0000] {processor.py:186} INFO - Started process (PID=3756638) to work on /home/usmail/sys_fraud/sys_detection_frauds/lib/python3.12/site-packages/airflow/example_dags/example_params_ui_tutorial.py
[2025-03-21T21:31:31.395+0000] {processor.py:914} INFO - Processing file /home/usmail/sys_fraud/sys_detection_frauds/lib/python3.12/site-packages/airflow/example_dags/example_params_ui_tutorial.py for tasks to queue
[2025-03-21T21:31:31.398+0000] {logging_mixin.py:190} INFO - [2025-03-21T21:31:31.397+0000] {dagbag.py:588} INFO - Filling up the DagBag from /home/usmail/sys_fraud/sys_detection_frauds/lib/python3.12/site-packages/airflow/example_dags/example_params_ui_tutorial.py
[2025-03-21T21:31:31.413+0000] {processor.py:925} INFO - DAG(s) 'example_params_ui_tutorial' retrieved from /home/usmail/sys_fraud/sys_detection_frauds/lib/python3.12/site-packages/airflow/example_dags/example_params_ui_tutorial.py
[2025-03-21T21:31:31.466+0000] {logging_mixin.py:190} INFO - [2025-03-21T21:31:31.466+0000] {dag.py:3239} INFO - Sync 1 DAGs
[2025-03-21T21:31:31.475+0000] {logging_mixin.py:190} INFO - [2025-03-21T21:31:31.475+0000] {dag.py:4180} INFO - Setting next_dagrun for example_params_ui_tutorial to None, run_after=None
[2025-03-21T21:31:31.491+0000] {processor.py:208} INFO - Processing /home/usmail/sys_fraud/sys_detection_frauds/lib/python3.12/site-packages/airflow/example_dags/example_params_ui_tutorial.py took 0.117 seconds
[2025-03-21T21:32:36.700+0000] {processor.py:186} INFO - Started process (PID=3757334) to work on /home/usmail/sys_fraud/sys_detection_frauds/lib/python3.12/site-packages/airflow/example_dags/example_params_ui_tutorial.py
[2025-03-21T21:32:36.709+0000] {processor.py:914} INFO - Processing file /home/usmail/sys_fraud/sys_detection_frauds/lib/python3.12/site-packages/airflow/example_dags/example_params_ui_tutorial.py for tasks to queue
[2025-03-21T21:32:36.712+0000] {logging_mixin.py:190} INFO - [2025-03-21T21:32:36.711+0000] {dagbag.py:588} INFO - Filling up the DagBag from /home/usmail/sys_fraud/sys_detection_frauds/lib/python3.12/site-packages/airflow/example_dags/example_params_ui_tutorial.py
[2025-03-21T21:32:36.726+0000] {processor.py:925} INFO - DAG(s) 'example_params_ui_tutorial' retrieved from /home/usmail/sys_fraud/sys_detection_frauds/lib/python3.12/site-packages/airflow/example_dags/example_params_ui_tutorial.py
[2025-03-21T21:32:36.778+0000] {logging_mixin.py:190} INFO - [2025-03-21T21:32:36.778+0000] {dag.py:3239} INFO - Sync 1 DAGs
[2025-03-21T21:32:36.789+0000] {logging_mixin.py:190} INFO - [2025-03-21T21:32:36.789+0000] {dag.py:4180} INFO - Setting next_dagrun for example_params_ui_tutorial to None, run_after=None
[2025-03-21T21:32:36.805+0000] {processor.py:208} INFO - Processing /home/usmail/sys_fraud/sys_detection_frauds/lib/python3.12/site-packages/airflow/example_dags/example_params_ui_tutorial.py took 0.118 seconds
[2025-03-21T21:33:38.291+0000] {processor.py:186} INFO - Started process (PID=3757972) to work on /home/usmail/sys_fraud/sys_detection_frauds/lib/python3.12/site-packages/airflow/example_dags/example_params_ui_tutorial.py
[2025-03-21T21:33:38.300+0000] {processor.py:914} INFO - Processing file /home/usmail/sys_fraud/sys_detection_frauds/lib/python3.12/site-packages/airflow/example_dags/example_params_ui_tutorial.py for tasks to queue
[2025-03-21T21:33:38.303+0000] {logging_mixin.py:190} INFO - [2025-03-21T21:33:38.302+0000] {dagbag.py:588} INFO - Filling up the DagBag from /home/usmail/sys_fraud/sys_detection_frauds/lib/python3.12/site-packages/airflow/example_dags/example_params_ui_tutorial.py
[2025-03-21T21:33:38.317+0000] {processor.py:925} INFO - DAG(s) 'example_params_ui_tutorial' retrieved from /home/usmail/sys_fraud/sys_detection_frauds/lib/python3.12/site-packages/airflow/example_dags/example_params_ui_tutorial.py
[2025-03-21T21:33:38.369+0000] {logging_mixin.py:190} INFO - [2025-03-21T21:33:38.369+0000] {dag.py:3239} INFO - Sync 1 DAGs
[2025-03-21T21:33:38.379+0000] {logging_mixin.py:190} INFO - [2025-03-21T21:33:38.378+0000] {dag.py:4180} INFO - Setting next_dagrun for example_params_ui_tutorial to None, run_after=None
[2025-03-21T21:33:38.399+0000] {processor.py:208} INFO - Processing /home/usmail/sys_fraud/sys_detection_frauds/lib/python3.12/site-packages/airflow/example_dags/example_params_ui_tutorial.py took 0.120 seconds
[2025-03-21T22:19:55.874+0000] {processor.py:186} INFO - Started process (PID=3758943) to work on /home/usmail/sys_fraud/sys_detection_frauds/lib/python3.12/site-packages/airflow/example_dags/example_params_ui_tutorial.py
[2025-03-21T22:19:55.884+0000] {processor.py:914} INFO - Processing file /home/usmail/sys_fraud/sys_detection_frauds/lib/python3.12/site-packages/airflow/example_dags/example_params_ui_tutorial.py for tasks to queue
[2025-03-21T22:19:55.889+0000] {logging_mixin.py:190} INFO - [2025-03-21T22:19:55.888+0000] {dagbag.py:588} INFO - Filling up the DagBag from /home/usmail/sys_fraud/sys_detection_frauds/lib/python3.12/site-packages/airflow/example_dags/example_params_ui_tutorial.py
[2025-03-21T22:19:55.909+0000] {processor.py:925} INFO - DAG(s) 'example_params_ui_tutorial' retrieved from /home/usmail/sys_fraud/sys_detection_frauds/lib/python3.12/site-packages/airflow/example_dags/example_params_ui_tutorial.py
[2025-03-21T22:19:55.957+0000] {logging_mixin.py:190} INFO - [2025-03-21T22:19:55.957+0000] {dag.py:3239} INFO - Sync 1 DAGs
[2025-03-21T22:19:55.967+0000] {logging_mixin.py:190} INFO - [2025-03-21T22:19:55.966+0000] {dag.py:4180} INFO - Setting next_dagrun for example_params_ui_tutorial to None, run_after=None
[2025-03-21T22:19:55.988+0000] {processor.py:208} INFO - Processing /home/usmail/sys_fraud/sys_detection_frauds/lib/python3.12/site-packages/airflow/example_dags/example_params_ui_tutorial.py took 0.129 seconds
[2025-03-21T22:21:01.644+0000] {processor.py:186} INFO - Started process (PID=3759897) to work on /home/usmail/sys_fraud/sys_detection_frauds/lib/python3.12/site-packages/airflow/example_dags/example_params_ui_tutorial.py
[2025-03-21T22:21:01.654+0000] {processor.py:914} INFO - Processing file /home/usmail/sys_fraud/sys_detection_frauds/lib/python3.12/site-packages/airflow/example_dags/example_params_ui_tutorial.py for tasks to queue
[2025-03-21T22:21:01.657+0000] {logging_mixin.py:190} INFO - [2025-03-21T22:21:01.656+0000] {dagbag.py:588} INFO - Filling up the DagBag from /home/usmail/sys_fraud/sys_detection_frauds/lib/python3.12/site-packages/airflow/example_dags/example_params_ui_tutorial.py
[2025-03-21T22:21:01.671+0000] {processor.py:925} INFO - DAG(s) 'example_params_ui_tutorial' retrieved from /home/usmail/sys_fraud/sys_detection_frauds/lib/python3.12/site-packages/airflow/example_dags/example_params_ui_tutorial.py
[2025-03-21T22:21:01.731+0000] {logging_mixin.py:190} INFO - [2025-03-21T22:21:01.730+0000] {dag.py:3239} INFO - Sync 1 DAGs
[2025-03-21T22:21:01.746+0000] {logging_mixin.py:190} INFO - [2025-03-21T22:21:01.746+0000] {dag.py:4180} INFO - Setting next_dagrun for example_params_ui_tutorial to None, run_after=None
[2025-03-21T22:21:01.770+0000] {processor.py:208} INFO - Processing /home/usmail/sys_fraud/sys_detection_frauds/lib/python3.12/site-packages/airflow/example_dags/example_params_ui_tutorial.py took 0.139 seconds
[2025-03-21T22:22:03.376+0000] {processor.py:186} INFO - Started process (PID=3760772) to work on /home/usmail/sys_fraud/sys_detection_frauds/lib/python3.12/site-packages/airflow/example_dags/example_params_ui_tutorial.py
[2025-03-21T22:22:03.385+0000] {processor.py:914} INFO - Processing file /home/usmail/sys_fraud/sys_detection_frauds/lib/python3.12/site-packages/airflow/example_dags/example_params_ui_tutorial.py for tasks to queue
[2025-03-21T22:22:03.387+0000] {logging_mixin.py:190} INFO - [2025-03-21T22:22:03.387+0000] {dagbag.py:588} INFO - Filling up the DagBag from /home/usmail/sys_fraud/sys_detection_frauds/lib/python3.12/site-packages/airflow/example_dags/example_params_ui_tutorial.py
[2025-03-21T22:22:03.404+0000] {processor.py:925} INFO - DAG(s) 'example_params_ui_tutorial' retrieved from /home/usmail/sys_fraud/sys_detection_frauds/lib/python3.12/site-packages/airflow/example_dags/example_params_ui_tutorial.py
[2025-03-21T22:22:03.443+0000] {logging_mixin.py:190} INFO - [2025-03-21T22:22:03.442+0000] {dag.py:3239} INFO - Sync 1 DAGs
[2025-03-21T22:22:03.455+0000] {logging_mixin.py:190} INFO - [2025-03-21T22:22:03.455+0000] {dag.py:4180} INFO - Setting next_dagrun for example_params_ui_tutorial to None, run_after=None
[2025-03-21T22:22:03.488+0000] {processor.py:208} INFO - Processing /home/usmail/sys_fraud/sys_detection_frauds/lib/python3.12/site-packages/airflow/example_dags/example_params_ui_tutorial.py took 0.125 seconds
