[2025-03-21T20:50:08.033+0000] {processor.py:186} INFO - Started process (PID=3723369) to work on /home/usmail/sys_fraud/sys_detection_frauds/lib/python3.12/site-packages/airflow/example_dags/example_branch_operator_decorator.py
[2025-03-21T20:50:08.034+0000] {processor.py:914} INFO - Processing file /home/usmail/sys_fraud/sys_detection_frauds/lib/python3.12/site-packages/airflow/example_dags/example_branch_operator_decorator.py for tasks to queue
[2025-03-21T20:50:08.035+0000] {logging_mixin.py:190} INFO - [2025-03-21T20:50:08.035+0000] {dagbag.py:588} INFO - Filling up the DagBag from /home/usmail/sys_fraud/sys_detection_frauds/lib/python3.12/site-packages/airflow/example_dags/example_branch_operator_decorator.py
[2025-03-21T20:50:08.037+0000] {processor.py:927} WARNING - No viable dags retrieved from /home/usmail/sys_fraud/sys_detection_frauds/lib/python3.12/site-packages/airflow/example_dags/example_branch_operator_decorator.py
[2025-03-21T20:50:08.044+0000] {processor.py:208} INFO - Processing /home/usmail/sys_fraud/sys_detection_frauds/lib/python3.12/site-packages/airflow/example_dags/example_branch_operator_decorator.py took 0.014 seconds
[2025-03-21T20:51:08.565+0000] {processor.py:186} INFO - Started process (PID=3724104) to work on /home/usmail/sys_fraud/sys_detection_frauds/lib/python3.12/site-packages/airflow/example_dags/example_branch_operator_decorator.py
[2025-03-21T20:51:08.574+0000] {processor.py:914} INFO - Processing file /home/usmail/sys_fraud/sys_detection_frauds/lib/python3.12/site-packages/airflow/example_dags/example_branch_operator_decorator.py for tasks to queue
[2025-03-21T20:51:08.577+0000] {logging_mixin.py:190} INFO - [2025-03-21T20:51:08.577+0000] {dagbag.py:588} INFO - Filling up the DagBag from /home/usmail/sys_fraud/sys_detection_frauds/lib/python3.12/site-packages/airflow/example_dags/example_branch_operator_decorator.py
[2025-03-21T20:51:08.581+0000] {processor.py:927} WARNING - No viable dags retrieved from /home/usmail/sys_fraud/sys_detection_frauds/lib/python3.12/site-packages/airflow/example_dags/example_branch_operator_decorator.py
[2025-03-21T20:51:08.590+0000] {processor.py:208} INFO - Processing /home/usmail/sys_fraud/sys_detection_frauds/lib/python3.12/site-packages/airflow/example_dags/example_branch_operator_decorator.py took 0.030 seconds
[2025-03-21T20:52:02.173+0000] {processor.py:186} INFO - Started process (PID=3724788) to work on /home/usmail/sys_fraud/sys_detection_frauds/lib/python3.12/site-packages/airflow/example_dags/example_branch_operator_decorator.py
[2025-03-21T20:52:02.181+0000] {processor.py:914} INFO - Processing file /home/usmail/sys_fraud/sys_detection_frauds/lib/python3.12/site-packages/airflow/example_dags/example_branch_operator_decorator.py for tasks to queue
[2025-03-21T20:52:02.183+0000] {logging_mixin.py:190} INFO - [2025-03-21T20:52:02.182+0000] {dagbag.py:588} INFO - Filling up the DagBag from /home/usmail/sys_fraud/sys_detection_frauds/lib/python3.12/site-packages/airflow/example_dags/example_branch_operator_decorator.py
[2025-03-21T20:52:02.184+0000] {processor.py:927} WARNING - No viable dags retrieved from /home/usmail/sys_fraud/sys_detection_frauds/lib/python3.12/site-packages/airflow/example_dags/example_branch_operator_decorator.py
[2025-03-21T20:52:02.190+0000] {processor.py:208} INFO - Processing /home/usmail/sys_fraud/sys_detection_frauds/lib/python3.12/site-packages/airflow/example_dags/example_branch_operator_decorator.py took 0.021 seconds
[2025-03-21T20:52:57.985+0000] {processor.py:186} INFO - Started process (PID=3725384) to work on /home/usmail/sys_fraud/sys_detection_frauds/lib/python3.12/site-packages/airflow/example_dags/example_branch_operator_decorator.py
[2025-03-21T20:52:57.993+0000] {processor.py:914} INFO - Processing file /home/usmail/sys_fraud/sys_detection_frauds/lib/python3.12/site-packages/airflow/example_dags/example_branch_operator_decorator.py for tasks to queue
[2025-03-21T20:52:57.995+0000] {logging_mixin.py:190} INFO - [2025-03-21T20:52:57.994+0000] {dagbag.py:588} INFO - Filling up the DagBag from /home/usmail/sys_fraud/sys_detection_frauds/lib/python3.12/site-packages/airflow/example_dags/example_branch_operator_decorator.py
[2025-03-21T20:52:57.997+0000] {processor.py:927} WARNING - No viable dags retrieved from /home/usmail/sys_fraud/sys_detection_frauds/lib/python3.12/site-packages/airflow/example_dags/example_branch_operator_decorator.py
[2025-03-21T20:52:58.004+0000] {processor.py:208} INFO - Processing /home/usmail/sys_fraud/sys_detection_frauds/lib/python3.12/site-packages/airflow/example_dags/example_branch_operator_decorator.py took 0.022 seconds
[2025-03-21T20:53:50.912+0000] {processor.py:186} INFO - Started process (PID=3726060) to work on /home/usmail/sys_fraud/sys_detection_frauds/lib/python3.12/site-packages/airflow/example_dags/example_branch_operator_decorator.py
[2025-03-21T20:53:50.921+0000] {processor.py:914} INFO - Processing file /home/usmail/sys_fraud/sys_detection_frauds/lib/python3.12/site-packages/airflow/example_dags/example_branch_operator_decorator.py for tasks to queue
[2025-03-21T20:53:50.922+0000] {logging_mixin.py:190} INFO - [2025-03-21T20:53:50.922+0000] {dagbag.py:588} INFO - Filling up the DagBag from /home/usmail/sys_fraud/sys_detection_frauds/lib/python3.12/site-packages/airflow/example_dags/example_branch_operator_decorator.py
[2025-03-21T20:53:50.924+0000] {processor.py:927} WARNING - No viable dags retrieved from /home/usmail/sys_fraud/sys_detection_frauds/lib/python3.12/site-packages/airflow/example_dags/example_branch_operator_decorator.py
[2025-03-21T20:53:50.932+0000] {processor.py:208} INFO - Processing /home/usmail/sys_fraud/sys_detection_frauds/lib/python3.12/site-packages/airflow/example_dags/example_branch_operator_decorator.py took 0.023 seconds
[2025-03-21T20:54:45.531+0000] {processor.py:186} INFO - Started process (PID=3726749) to work on /home/usmail/sys_fraud/sys_detection_frauds/lib/python3.12/site-packages/airflow/example_dags/example_branch_operator_decorator.py
[2025-03-21T20:54:45.539+0000] {processor.py:914} INFO - Processing file /home/usmail/sys_fraud/sys_detection_frauds/lib/python3.12/site-packages/airflow/example_dags/example_branch_operator_decorator.py for tasks to queue
[2025-03-21T20:54:45.541+0000] {logging_mixin.py:190} INFO - [2025-03-21T20:54:45.540+0000] {dagbag.py:588} INFO - Filling up the DagBag from /home/usmail/sys_fraud/sys_detection_frauds/lib/python3.12/site-packages/airflow/example_dags/example_branch_operator_decorator.py
[2025-03-21T20:54:45.543+0000] {processor.py:927} WARNING - No viable dags retrieved from /home/usmail/sys_fraud/sys_detection_frauds/lib/python3.12/site-packages/airflow/example_dags/example_branch_operator_decorator.py
[2025-03-21T20:54:45.548+0000] {processor.py:208} INFO - Processing /home/usmail/sys_fraud/sys_detection_frauds/lib/python3.12/site-packages/airflow/example_dags/example_branch_operator_decorator.py took 0.021 seconds
[2025-03-21T20:55:59.892+0000] {processor.py:186} INFO - Started process (PID=3727674) to work on /home/usmail/sys_fraud/sys_detection_frauds/lib/python3.12/site-packages/airflow/example_dags/example_branch_operator_decorator.py
[2025-03-21T20:55:59.902+0000] {processor.py:914} INFO - Processing file /home/usmail/sys_fraud/sys_detection_frauds/lib/python3.12/site-packages/airflow/example_dags/example_branch_operator_decorator.py for tasks to queue
[2025-03-21T20:55:59.905+0000] {logging_mixin.py:190} INFO - [2025-03-21T20:55:59.904+0000] {dagbag.py:588} INFO - Filling up the DagBag from /home/usmail/sys_fraud/sys_detection_frauds/lib/python3.12/site-packages/airflow/example_dags/example_branch_operator_decorator.py
[2025-03-21T20:55:59.908+0000] {processor.py:927} WARNING - No viable dags retrieved from /home/usmail/sys_fraud/sys_detection_frauds/lib/python3.12/site-packages/airflow/example_dags/example_branch_operator_decorator.py
[2025-03-21T20:55:59.916+0000] {processor.py:208} INFO - Processing /home/usmail/sys_fraud/sys_detection_frauds/lib/python3.12/site-packages/airflow/example_dags/example_branch_operator_decorator.py took 0.030 seconds
[2025-03-21T20:57:17.580+0000] {processor.py:186} INFO - Started process (PID=3728807) to work on /home/usmail/sys_fraud/sys_detection_frauds/lib/python3.12/site-packages/airflow/example_dags/example_branch_operator_decorator.py
[2025-03-21T20:57:17.588+0000] {processor.py:914} INFO - Processing file /home/usmail/sys_fraud/sys_detection_frauds/lib/python3.12/site-packages/airflow/example_dags/example_branch_operator_decorator.py for tasks to queue
[2025-03-21T20:57:17.590+0000] {logging_mixin.py:190} INFO - [2025-03-21T20:57:17.590+0000] {dagbag.py:588} INFO - Filling up the DagBag from /home/usmail/sys_fraud/sys_detection_frauds/lib/python3.12/site-packages/airflow/example_dags/example_branch_operator_decorator.py
[2025-03-21T20:57:17.592+0000] {processor.py:927} WARNING - No viable dags retrieved from /home/usmail/sys_fraud/sys_detection_frauds/lib/python3.12/site-packages/airflow/example_dags/example_branch_operator_decorator.py
[2025-03-21T20:57:17.600+0000] {processor.py:208} INFO - Processing /home/usmail/sys_fraud/sys_detection_frauds/lib/python3.12/site-packages/airflow/example_dags/example_branch_operator_decorator.py took 0.024 seconds
[2025-03-21T20:58:10.206+0000] {processor.py:186} INFO - Started process (PID=3729344) to work on /home/usmail/sys_fraud/sys_detection_frauds/lib/python3.12/site-packages/airflow/example_dags/example_branch_operator_decorator.py
[2025-03-21T20:58:10.208+0000] {processor.py:914} INFO - Processing file /home/usmail/sys_fraud/sys_detection_frauds/lib/python3.12/site-packages/airflow/example_dags/example_branch_operator_decorator.py for tasks to queue
[2025-03-21T20:58:10.210+0000] {logging_mixin.py:190} INFO - [2025-03-21T20:58:10.210+0000] {dagbag.py:588} INFO - Filling up the DagBag from /home/usmail/sys_fraud/sys_detection_frauds/lib/python3.12/site-packages/airflow/example_dags/example_branch_operator_decorator.py
[2025-03-21T20:58:10.213+0000] {processor.py:927} WARNING - No viable dags retrieved from /home/usmail/sys_fraud/sys_detection_frauds/lib/python3.12/site-packages/airflow/example_dags/example_branch_operator_decorator.py
[2025-03-21T20:58:10.220+0000] {processor.py:208} INFO - Processing /home/usmail/sys_fraud/sys_detection_frauds/lib/python3.12/site-packages/airflow/example_dags/example_branch_operator_decorator.py took 0.019 seconds
[2025-03-21T20:59:58.432+0000] {processor.py:186} INFO - Started process (PID=3730847) to work on /home/usmail/sys_fraud/sys_detection_frauds/lib/python3.12/site-packages/airflow/example_dags/example_branch_operator_decorator.py
[2025-03-21T20:59:58.433+0000] {processor.py:914} INFO - Processing file /home/usmail/sys_fraud/sys_detection_frauds/lib/python3.12/site-packages/airflow/example_dags/example_branch_operator_decorator.py for tasks to queue
[2025-03-21T20:59:58.434+0000] {logging_mixin.py:190} INFO - [2025-03-21T20:59:58.434+0000] {dagbag.py:588} INFO - Filling up the DagBag from /home/usmail/sys_fraud/sys_detection_frauds/lib/python3.12/site-packages/airflow/example_dags/example_branch_operator_decorator.py
[2025-03-21T20:59:58.436+0000] {processor.py:927} WARNING - No viable dags retrieved from /home/usmail/sys_fraud/sys_detection_frauds/lib/python3.12/site-packages/airflow/example_dags/example_branch_operator_decorator.py
[2025-03-21T20:59:58.443+0000] {processor.py:208} INFO - Processing /home/usmail/sys_fraud/sys_detection_frauds/lib/python3.12/site-packages/airflow/example_dags/example_branch_operator_decorator.py took 0.014 seconds
[2025-03-21T21:00:57.143+0000] {processor.py:186} INFO - Started process (PID=3731597) to work on /home/usmail/sys_fraud/sys_detection_frauds/lib/python3.12/site-packages/airflow/example_dags/example_branch_operator_decorator.py
[2025-03-21T21:00:57.152+0000] {processor.py:914} INFO - Processing file /home/usmail/sys_fraud/sys_detection_frauds/lib/python3.12/site-packages/airflow/example_dags/example_branch_operator_decorator.py for tasks to queue
[2025-03-21T21:00:57.155+0000] {logging_mixin.py:190} INFO - [2025-03-21T21:00:57.155+0000] {dagbag.py:588} INFO - Filling up the DagBag from /home/usmail/sys_fraud/sys_detection_frauds/lib/python3.12/site-packages/airflow/example_dags/example_branch_operator_decorator.py
[2025-03-21T21:00:57.160+0000] {processor.py:927} WARNING - No viable dags retrieved from /home/usmail/sys_fraud/sys_detection_frauds/lib/python3.12/site-packages/airflow/example_dags/example_branch_operator_decorator.py
[2025-03-21T21:00:57.168+0000] {processor.py:208} INFO - Processing /home/usmail/sys_fraud/sys_detection_frauds/lib/python3.12/site-packages/airflow/example_dags/example_branch_operator_decorator.py took 0.029 seconds
[2025-03-21T21:01:51.488+0000] {processor.py:186} INFO - Started process (PID=3732287) to work on /home/usmail/sys_fraud/sys_detection_frauds/lib/python3.12/site-packages/airflow/example_dags/example_branch_operator_decorator.py
[2025-03-21T21:01:51.496+0000] {processor.py:914} INFO - Processing file /home/usmail/sys_fraud/sys_detection_frauds/lib/python3.12/site-packages/airflow/example_dags/example_branch_operator_decorator.py for tasks to queue
[2025-03-21T21:01:51.498+0000] {logging_mixin.py:190} INFO - [2025-03-21T21:01:51.497+0000] {dagbag.py:588} INFO - Filling up the DagBag from /home/usmail/sys_fraud/sys_detection_frauds/lib/python3.12/site-packages/airflow/example_dags/example_branch_operator_decorator.py
[2025-03-21T21:01:51.500+0000] {processor.py:927} WARNING - No viable dags retrieved from /home/usmail/sys_fraud/sys_detection_frauds/lib/python3.12/site-packages/airflow/example_dags/example_branch_operator_decorator.py
[2025-03-21T21:01:51.508+0000] {processor.py:208} INFO - Processing /home/usmail/sys_fraud/sys_detection_frauds/lib/python3.12/site-packages/airflow/example_dags/example_branch_operator_decorator.py took 0.024 seconds
[2025-03-21T21:02:47.788+0000] {processor.py:186} INFO - Started process (PID=3732950) to work on /home/usmail/sys_fraud/sys_detection_frauds/lib/python3.12/site-packages/airflow/example_dags/example_branch_operator_decorator.py
[2025-03-21T21:02:47.796+0000] {processor.py:914} INFO - Processing file /home/usmail/sys_fraud/sys_detection_frauds/lib/python3.12/site-packages/airflow/example_dags/example_branch_operator_decorator.py for tasks to queue
[2025-03-21T21:02:47.797+0000] {logging_mixin.py:190} INFO - [2025-03-21T21:02:47.797+0000] {dagbag.py:588} INFO - Filling up the DagBag from /home/usmail/sys_fraud/sys_detection_frauds/lib/python3.12/site-packages/airflow/example_dags/example_branch_operator_decorator.py
[2025-03-21T21:02:47.799+0000] {processor.py:927} WARNING - No viable dags retrieved from /home/usmail/sys_fraud/sys_detection_frauds/lib/python3.12/site-packages/airflow/example_dags/example_branch_operator_decorator.py
[2025-03-21T21:02:47.805+0000] {processor.py:208} INFO - Processing /home/usmail/sys_fraud/sys_detection_frauds/lib/python3.12/site-packages/airflow/example_dags/example_branch_operator_decorator.py took 0.020 seconds
[2025-03-21T21:03:40.918+0000] {processor.py:186} INFO - Started process (PID=3733699) to work on /home/usmail/sys_fraud/sys_detection_frauds/lib/python3.12/site-packages/airflow/example_dags/example_branch_operator_decorator.py
[2025-03-21T21:03:40.927+0000] {processor.py:914} INFO - Processing file /home/usmail/sys_fraud/sys_detection_frauds/lib/python3.12/site-packages/airflow/example_dags/example_branch_operator_decorator.py for tasks to queue
[2025-03-21T21:03:40.930+0000] {logging_mixin.py:190} INFO - [2025-03-21T21:03:40.929+0000] {dagbag.py:588} INFO - Filling up the DagBag from /home/usmail/sys_fraud/sys_detection_frauds/lib/python3.12/site-packages/airflow/example_dags/example_branch_operator_decorator.py
[2025-03-21T21:03:40.934+0000] {processor.py:927} WARNING - No viable dags retrieved from /home/usmail/sys_fraud/sys_detection_frauds/lib/python3.12/site-packages/airflow/example_dags/example_branch_operator_decorator.py
[2025-03-21T21:03:40.942+0000] {processor.py:208} INFO - Processing /home/usmail/sys_fraud/sys_detection_frauds/lib/python3.12/site-packages/airflow/example_dags/example_branch_operator_decorator.py took 0.031 seconds
[2025-03-21T21:04:36.779+0000] {processor.py:186} INFO - Started process (PID=3734461) to work on /home/usmail/sys_fraud/sys_detection_frauds/lib/python3.12/site-packages/airflow/example_dags/example_branch_operator_decorator.py
[2025-03-21T21:04:36.779+0000] {processor.py:914} INFO - Processing file /home/usmail/sys_fraud/sys_detection_frauds/lib/python3.12/site-packages/airflow/example_dags/example_branch_operator_decorator.py for tasks to queue
[2025-03-21T21:04:36.780+0000] {logging_mixin.py:190} INFO - [2025-03-21T21:04:36.780+0000] {dagbag.py:588} INFO - Filling up the DagBag from /home/usmail/sys_fraud/sys_detection_frauds/lib/python3.12/site-packages/airflow/example_dags/example_branch_operator_decorator.py
[2025-03-21T21:04:36.783+0000] {processor.py:927} WARNING - No viable dags retrieved from /home/usmail/sys_fraud/sys_detection_frauds/lib/python3.12/site-packages/airflow/example_dags/example_branch_operator_decorator.py
[2025-03-21T21:04:36.794+0000] {processor.py:208} INFO - Processing /home/usmail/sys_fraud/sys_detection_frauds/lib/python3.12/site-packages/airflow/example_dags/example_branch_operator_decorator.py took 0.024 seconds
[2025-03-21T21:05:30.534+0000] {processor.py:186} INFO - Started process (PID=3735301) to work on /home/usmail/sys_fraud/sys_detection_frauds/lib/python3.12/site-packages/airflow/example_dags/example_branch_operator_decorator.py
[2025-03-21T21:05:30.542+0000] {processor.py:914} INFO - Processing file /home/usmail/sys_fraud/sys_detection_frauds/lib/python3.12/site-packages/airflow/example_dags/example_branch_operator_decorator.py for tasks to queue
[2025-03-21T21:05:30.545+0000] {logging_mixin.py:190} INFO - [2025-03-21T21:05:30.544+0000] {dagbag.py:588} INFO - Filling up the DagBag from /home/usmail/sys_fraud/sys_detection_frauds/lib/python3.12/site-packages/airflow/example_dags/example_branch_operator_decorator.py
[2025-03-21T21:05:30.548+0000] {processor.py:927} WARNING - No viable dags retrieved from /home/usmail/sys_fraud/sys_detection_frauds/lib/python3.12/site-packages/airflow/example_dags/example_branch_operator_decorator.py
[2025-03-21T21:05:30.555+0000] {processor.py:208} INFO - Processing /home/usmail/sys_fraud/sys_detection_frauds/lib/python3.12/site-packages/airflow/example_dags/example_branch_operator_decorator.py took 0.027 seconds
[2025-03-21T21:06:23.380+0000] {processor.py:186} INFO - Started process (PID=3735975) to work on /home/usmail/sys_fraud/sys_detection_frauds/lib/python3.12/site-packages/airflow/example_dags/example_branch_operator_decorator.py
[2025-03-21T21:06:23.389+0000] {processor.py:914} INFO - Processing file /home/usmail/sys_fraud/sys_detection_frauds/lib/python3.12/site-packages/airflow/example_dags/example_branch_operator_decorator.py for tasks to queue
[2025-03-21T21:06:23.391+0000] {logging_mixin.py:190} INFO - [2025-03-21T21:06:23.390+0000] {dagbag.py:588} INFO - Filling up the DagBag from /home/usmail/sys_fraud/sys_detection_frauds/lib/python3.12/site-packages/airflow/example_dags/example_branch_operator_decorator.py
[2025-03-21T21:06:23.393+0000] {processor.py:927} WARNING - No viable dags retrieved from /home/usmail/sys_fraud/sys_detection_frauds/lib/python3.12/site-packages/airflow/example_dags/example_branch_operator_decorator.py
[2025-03-21T21:06:23.399+0000] {processor.py:208} INFO - Processing /home/usmail/sys_fraud/sys_detection_frauds/lib/python3.12/site-packages/airflow/example_dags/example_branch_operator_decorator.py took 0.028 seconds
[2025-03-21T21:07:16.362+0000] {processor.py:186} INFO - Started process (PID=3737267) to work on /home/usmail/sys_fraud/sys_detection_frauds/lib/python3.12/site-packages/airflow/example_dags/example_branch_operator_decorator.py
[2025-03-21T21:07:16.363+0000] {processor.py:914} INFO - Processing file /home/usmail/sys_fraud/sys_detection_frauds/lib/python3.12/site-packages/airflow/example_dags/example_branch_operator_decorator.py for tasks to queue
[2025-03-21T21:07:16.365+0000] {logging_mixin.py:190} INFO - [2025-03-21T21:07:16.365+0000] {dagbag.py:588} INFO - Filling up the DagBag from /home/usmail/sys_fraud/sys_detection_frauds/lib/python3.12/site-packages/airflow/example_dags/example_branch_operator_decorator.py
[2025-03-21T21:07:16.367+0000] {processor.py:927} WARNING - No viable dags retrieved from /home/usmail/sys_fraud/sys_detection_frauds/lib/python3.12/site-packages/airflow/example_dags/example_branch_operator_decorator.py
[2025-03-21T21:07:16.373+0000] {processor.py:208} INFO - Processing /home/usmail/sys_fraud/sys_detection_frauds/lib/python3.12/site-packages/airflow/example_dags/example_branch_operator_decorator.py took 0.015 seconds
[2025-03-21T21:08:12.045+0000] {processor.py:186} INFO - Started process (PID=3738019) to work on /home/usmail/sys_fraud/sys_detection_frauds/lib/python3.12/site-packages/airflow/example_dags/example_branch_operator_decorator.py
[2025-03-21T21:08:12.055+0000] {processor.py:914} INFO - Processing file /home/usmail/sys_fraud/sys_detection_frauds/lib/python3.12/site-packages/airflow/example_dags/example_branch_operator_decorator.py for tasks to queue
[2025-03-21T21:08:12.059+0000] {logging_mixin.py:190} INFO - [2025-03-21T21:08:12.058+0000] {dagbag.py:588} INFO - Filling up the DagBag from /home/usmail/sys_fraud/sys_detection_frauds/lib/python3.12/site-packages/airflow/example_dags/example_branch_operator_decorator.py
[2025-03-21T21:08:12.065+0000] {processor.py:927} WARNING - No viable dags retrieved from /home/usmail/sys_fraud/sys_detection_frauds/lib/python3.12/site-packages/airflow/example_dags/example_branch_operator_decorator.py
[2025-03-21T21:08:12.081+0000] {processor.py:208} INFO - Processing /home/usmail/sys_fraud/sys_detection_frauds/lib/python3.12/site-packages/airflow/example_dags/example_branch_operator_decorator.py took 0.049 seconds
[2025-03-21T21:09:14.520+0000] {processor.py:186} INFO - Started process (PID=3738869) to work on /home/usmail/sys_fraud/sys_detection_frauds/lib/python3.12/site-packages/airflow/example_dags/example_branch_operator_decorator.py
[2025-03-21T21:09:14.529+0000] {processor.py:914} INFO - Processing file /home/usmail/sys_fraud/sys_detection_frauds/lib/python3.12/site-packages/airflow/example_dags/example_branch_operator_decorator.py for tasks to queue
[2025-03-21T21:09:14.531+0000] {logging_mixin.py:190} INFO - [2025-03-21T21:09:14.531+0000] {dagbag.py:588} INFO - Filling up the DagBag from /home/usmail/sys_fraud/sys_detection_frauds/lib/python3.12/site-packages/airflow/example_dags/example_branch_operator_decorator.py
[2025-03-21T21:09:14.536+0000] {processor.py:927} WARNING - No viable dags retrieved from /home/usmail/sys_fraud/sys_detection_frauds/lib/python3.12/site-packages/airflow/example_dags/example_branch_operator_decorator.py
[2025-03-21T21:09:14.551+0000] {processor.py:208} INFO - Processing /home/usmail/sys_fraud/sys_detection_frauds/lib/python3.12/site-packages/airflow/example_dags/example_branch_operator_decorator.py took 0.038 seconds
[2025-03-21T21:10:30.990+0000] {processor.py:186} INFO - Started process (PID=3740375) to work on /home/usmail/sys_fraud/sys_detection_frauds/lib/python3.12/site-packages/airflow/example_dags/example_branch_operator_decorator.py
[2025-03-21T21:10:30.992+0000] {processor.py:914} INFO - Processing file /home/usmail/sys_fraud/sys_detection_frauds/lib/python3.12/site-packages/airflow/example_dags/example_branch_operator_decorator.py for tasks to queue
[2025-03-21T21:10:30.995+0000] {logging_mixin.py:190} INFO - [2025-03-21T21:10:30.994+0000] {dagbag.py:588} INFO - Filling up the DagBag from /home/usmail/sys_fraud/sys_detection_frauds/lib/python3.12/site-packages/airflow/example_dags/example_branch_operator_decorator.py
[2025-03-21T21:10:31.000+0000] {processor.py:927} WARNING - No viable dags retrieved from /home/usmail/sys_fraud/sys_detection_frauds/lib/python3.12/site-packages/airflow/example_dags/example_branch_operator_decorator.py
[2025-03-21T21:10:31.014+0000] {processor.py:208} INFO - Processing /home/usmail/sys_fraud/sys_detection_frauds/lib/python3.12/site-packages/airflow/example_dags/example_branch_operator_decorator.py took 0.035 seconds
[2025-03-21T21:11:29.288+0000] {processor.py:186} INFO - Started process (PID=3741678) to work on /home/usmail/sys_fraud/sys_detection_frauds/lib/python3.12/site-packages/airflow/example_dags/example_branch_operator_decorator.py
[2025-03-21T21:11:29.297+0000] {processor.py:914} INFO - Processing file /home/usmail/sys_fraud/sys_detection_frauds/lib/python3.12/site-packages/airflow/example_dags/example_branch_operator_decorator.py for tasks to queue
[2025-03-21T21:11:29.298+0000] {logging_mixin.py:190} INFO - [2025-03-21T21:11:29.298+0000] {dagbag.py:588} INFO - Filling up the DagBag from /home/usmail/sys_fraud/sys_detection_frauds/lib/python3.12/site-packages/airflow/example_dags/example_branch_operator_decorator.py
[2025-03-21T21:11:29.301+0000] {processor.py:927} WARNING - No viable dags retrieved from /home/usmail/sys_fraud/sys_detection_frauds/lib/python3.12/site-packages/airflow/example_dags/example_branch_operator_decorator.py
[2025-03-21T21:11:29.308+0000] {processor.py:208} INFO - Processing /home/usmail/sys_fraud/sys_detection_frauds/lib/python3.12/site-packages/airflow/example_dags/example_branch_operator_decorator.py took 0.026 seconds
[2025-03-21T21:12:23.799+0000] {processor.py:186} INFO - Started process (PID=3742775) to work on /home/usmail/sys_fraud/sys_detection_frauds/lib/python3.12/site-packages/airflow/example_dags/example_branch_operator_decorator.py
[2025-03-21T21:12:23.807+0000] {processor.py:914} INFO - Processing file /home/usmail/sys_fraud/sys_detection_frauds/lib/python3.12/site-packages/airflow/example_dags/example_branch_operator_decorator.py for tasks to queue
[2025-03-21T21:12:23.809+0000] {logging_mixin.py:190} INFO - [2025-03-21T21:12:23.809+0000] {dagbag.py:588} INFO - Filling up the DagBag from /home/usmail/sys_fraud/sys_detection_frauds/lib/python3.12/site-packages/airflow/example_dags/example_branch_operator_decorator.py
[2025-03-21T21:12:23.811+0000] {processor.py:927} WARNING - No viable dags retrieved from /home/usmail/sys_fraud/sys_detection_frauds/lib/python3.12/site-packages/airflow/example_dags/example_branch_operator_decorator.py
[2025-03-21T21:12:23.818+0000] {processor.py:208} INFO - Processing /home/usmail/sys_fraud/sys_detection_frauds/lib/python3.12/site-packages/airflow/example_dags/example_branch_operator_decorator.py took 0.025 seconds
[2025-03-21T21:13:17.212+0000] {processor.py:186} INFO - Started process (PID=3743732) to work on /home/usmail/sys_fraud/sys_detection_frauds/lib/python3.12/site-packages/airflow/example_dags/example_branch_operator_decorator.py
[2025-03-21T21:13:17.220+0000] {processor.py:914} INFO - Processing file /home/usmail/sys_fraud/sys_detection_frauds/lib/python3.12/site-packages/airflow/example_dags/example_branch_operator_decorator.py for tasks to queue
[2025-03-21T21:13:17.222+0000] {logging_mixin.py:190} INFO - [2025-03-21T21:13:17.222+0000] {dagbag.py:588} INFO - Filling up the DagBag from /home/usmail/sys_fraud/sys_detection_frauds/lib/python3.12/site-packages/airflow/example_dags/example_branch_operator_decorator.py
[2025-03-21T21:13:17.224+0000] {processor.py:927} WARNING - No viable dags retrieved from /home/usmail/sys_fraud/sys_detection_frauds/lib/python3.12/site-packages/airflow/example_dags/example_branch_operator_decorator.py
[2025-03-21T21:13:17.232+0000] {processor.py:208} INFO - Processing /home/usmail/sys_fraud/sys_detection_frauds/lib/python3.12/site-packages/airflow/example_dags/example_branch_operator_decorator.py took 0.025 seconds
[2025-03-21T21:14:09.607+0000] {processor.py:186} INFO - Started process (PID=3744629) to work on /home/usmail/sys_fraud/sys_detection_frauds/lib/python3.12/site-packages/airflow/example_dags/example_branch_operator_decorator.py
[2025-03-21T21:14:09.616+0000] {processor.py:914} INFO - Processing file /home/usmail/sys_fraud/sys_detection_frauds/lib/python3.12/site-packages/airflow/example_dags/example_branch_operator_decorator.py for tasks to queue
[2025-03-21T21:14:09.619+0000] {logging_mixin.py:190} INFO - [2025-03-21T21:14:09.619+0000] {dagbag.py:588} INFO - Filling up the DagBag from /home/usmail/sys_fraud/sys_detection_frauds/lib/python3.12/site-packages/airflow/example_dags/example_branch_operator_decorator.py
[2025-03-21T21:14:09.625+0000] {processor.py:927} WARNING - No viable dags retrieved from /home/usmail/sys_fraud/sys_detection_frauds/lib/python3.12/site-packages/airflow/example_dags/example_branch_operator_decorator.py
[2025-03-21T21:14:09.639+0000] {processor.py:208} INFO - Processing /home/usmail/sys_fraud/sys_detection_frauds/lib/python3.12/site-packages/airflow/example_dags/example_branch_operator_decorator.py took 0.044 seconds
[2025-03-21T21:15:07.283+0000] {processor.py:186} INFO - Started process (PID=3745360) to work on /home/usmail/sys_fraud/sys_detection_frauds/lib/python3.12/site-packages/airflow/example_dags/example_branch_operator_decorator.py
[2025-03-21T21:15:07.292+0000] {processor.py:914} INFO - Processing file /home/usmail/sys_fraud/sys_detection_frauds/lib/python3.12/site-packages/airflow/example_dags/example_branch_operator_decorator.py for tasks to queue
[2025-03-21T21:15:07.295+0000] {logging_mixin.py:190} INFO - [2025-03-21T21:15:07.294+0000] {dagbag.py:588} INFO - Filling up the DagBag from /home/usmail/sys_fraud/sys_detection_frauds/lib/python3.12/site-packages/airflow/example_dags/example_branch_operator_decorator.py
[2025-03-21T21:15:07.300+0000] {processor.py:927} WARNING - No viable dags retrieved from /home/usmail/sys_fraud/sys_detection_frauds/lib/python3.12/site-packages/airflow/example_dags/example_branch_operator_decorator.py
[2025-03-21T21:15:07.315+0000] {processor.py:208} INFO - Processing /home/usmail/sys_fraud/sys_detection_frauds/lib/python3.12/site-packages/airflow/example_dags/example_branch_operator_decorator.py took 0.044 seconds
[2025-03-21T21:16:07.393+0000] {processor.py:186} INFO - Started process (PID=3746122) to work on /home/usmail/sys_fraud/sys_detection_frauds/lib/python3.12/site-packages/airflow/example_dags/example_branch_operator_decorator.py
[2025-03-21T21:16:07.402+0000] {processor.py:914} INFO - Processing file /home/usmail/sys_fraud/sys_detection_frauds/lib/python3.12/site-packages/airflow/example_dags/example_branch_operator_decorator.py for tasks to queue
[2025-03-21T21:16:07.405+0000] {logging_mixin.py:190} INFO - [2025-03-21T21:16:07.405+0000] {dagbag.py:588} INFO - Filling up the DagBag from /home/usmail/sys_fraud/sys_detection_frauds/lib/python3.12/site-packages/airflow/example_dags/example_branch_operator_decorator.py
[2025-03-21T21:16:07.411+0000] {processor.py:927} WARNING - No viable dags retrieved from /home/usmail/sys_fraud/sys_detection_frauds/lib/python3.12/site-packages/airflow/example_dags/example_branch_operator_decorator.py
[2025-03-21T21:16:07.427+0000] {processor.py:208} INFO - Processing /home/usmail/sys_fraud/sys_detection_frauds/lib/python3.12/site-packages/airflow/example_dags/example_branch_operator_decorator.py took 0.045 seconds
[2025-03-21T21:17:09.899+0000] {processor.py:186} INFO - Started process (PID=3746894) to work on /home/usmail/sys_fraud/sys_detection_frauds/lib/python3.12/site-packages/airflow/example_dags/example_branch_operator_decorator.py
[2025-03-21T21:17:09.908+0000] {processor.py:914} INFO - Processing file /home/usmail/sys_fraud/sys_detection_frauds/lib/python3.12/site-packages/airflow/example_dags/example_branch_operator_decorator.py for tasks to queue
[2025-03-21T21:17:09.911+0000] {logging_mixin.py:190} INFO - [2025-03-21T21:17:09.910+0000] {dagbag.py:588} INFO - Filling up the DagBag from /home/usmail/sys_fraud/sys_detection_frauds/lib/python3.12/site-packages/airflow/example_dags/example_branch_operator_decorator.py
[2025-03-21T21:17:09.916+0000] {processor.py:927} WARNING - No viable dags retrieved from /home/usmail/sys_fraud/sys_detection_frauds/lib/python3.12/site-packages/airflow/example_dags/example_branch_operator_decorator.py
[2025-03-21T21:17:09.930+0000] {processor.py:208} INFO - Processing /home/usmail/sys_fraud/sys_detection_frauds/lib/python3.12/site-packages/airflow/example_dags/example_branch_operator_decorator.py took 0.044 seconds
[2025-03-21T21:18:13.142+0000] {processor.py:186} INFO - Started process (PID=3747675) to work on /home/usmail/sys_fraud/sys_detection_frauds/lib/python3.12/site-packages/airflow/example_dags/example_branch_operator_decorator.py
[2025-03-21T21:18:13.151+0000] {processor.py:914} INFO - Processing file /home/usmail/sys_fraud/sys_detection_frauds/lib/python3.12/site-packages/airflow/example_dags/example_branch_operator_decorator.py for tasks to queue
[2025-03-21T21:18:13.154+0000] {logging_mixin.py:190} INFO - [2025-03-21T21:18:13.154+0000] {dagbag.py:588} INFO - Filling up the DagBag from /home/usmail/sys_fraud/sys_detection_frauds/lib/python3.12/site-packages/airflow/example_dags/example_branch_operator_decorator.py
[2025-03-21T21:18:13.160+0000] {processor.py:927} WARNING - No viable dags retrieved from /home/usmail/sys_fraud/sys_detection_frauds/lib/python3.12/site-packages/airflow/example_dags/example_branch_operator_decorator.py
[2025-03-21T21:18:13.174+0000] {processor.py:208} INFO - Processing /home/usmail/sys_fraud/sys_detection_frauds/lib/python3.12/site-packages/airflow/example_dags/example_branch_operator_decorator.py took 0.045 seconds
[2025-03-21T21:19:18.170+0000] {processor.py:186} INFO - Started process (PID=3748468) to work on /home/usmail/sys_fraud/sys_detection_frauds/lib/python3.12/site-packages/airflow/example_dags/example_branch_operator_decorator.py
[2025-03-21T21:19:18.179+0000] {processor.py:914} INFO - Processing file /home/usmail/sys_fraud/sys_detection_frauds/lib/python3.12/site-packages/airflow/example_dags/example_branch_operator_decorator.py for tasks to queue
[2025-03-21T21:19:18.180+0000] {logging_mixin.py:190} INFO - [2025-03-21T21:19:18.180+0000] {dagbag.py:588} INFO - Filling up the DagBag from /home/usmail/sys_fraud/sys_detection_frauds/lib/python3.12/site-packages/airflow/example_dags/example_branch_operator_decorator.py
[2025-03-21T21:19:18.183+0000] {processor.py:927} WARNING - No viable dags retrieved from /home/usmail/sys_fraud/sys_detection_frauds/lib/python3.12/site-packages/airflow/example_dags/example_branch_operator_decorator.py
[2025-03-21T21:19:18.191+0000] {processor.py:208} INFO - Processing /home/usmail/sys_fraud/sys_detection_frauds/lib/python3.12/site-packages/airflow/example_dags/example_branch_operator_decorator.py took 0.027 seconds
[2025-03-21T21:20:21.374+0000] {processor.py:186} INFO - Started process (PID=3749229) to work on /home/usmail/sys_fraud/sys_detection_frauds/lib/python3.12/site-packages/airflow/example_dags/example_branch_operator_decorator.py
[2025-03-21T21:20:21.383+0000] {processor.py:914} INFO - Processing file /home/usmail/sys_fraud/sys_detection_frauds/lib/python3.12/site-packages/airflow/example_dags/example_branch_operator_decorator.py for tasks to queue
[2025-03-21T21:20:21.386+0000] {logging_mixin.py:190} INFO - [2025-03-21T21:20:21.385+0000] {dagbag.py:588} INFO - Filling up the DagBag from /home/usmail/sys_fraud/sys_detection_frauds/lib/python3.12/site-packages/airflow/example_dags/example_branch_operator_decorator.py
[2025-03-21T21:20:21.391+0000] {processor.py:927} WARNING - No viable dags retrieved from /home/usmail/sys_fraud/sys_detection_frauds/lib/python3.12/site-packages/airflow/example_dags/example_branch_operator_decorator.py
[2025-03-21T21:20:21.405+0000] {processor.py:208} INFO - Processing /home/usmail/sys_fraud/sys_detection_frauds/lib/python3.12/site-packages/airflow/example_dags/example_branch_operator_decorator.py took 0.043 seconds
[2025-03-21T21:21:24.279+0000] {processor.py:186} INFO - Started process (PID=3750016) to work on /home/usmail/sys_fraud/sys_detection_frauds/lib/python3.12/site-packages/airflow/example_dags/example_branch_operator_decorator.py
[2025-03-21T21:21:24.288+0000] {processor.py:914} INFO - Processing file /home/usmail/sys_fraud/sys_detection_frauds/lib/python3.12/site-packages/airflow/example_dags/example_branch_operator_decorator.py for tasks to queue
[2025-03-21T21:21:24.292+0000] {logging_mixin.py:190} INFO - [2025-03-21T21:21:24.291+0000] {dagbag.py:588} INFO - Filling up the DagBag from /home/usmail/sys_fraud/sys_detection_frauds/lib/python3.12/site-packages/airflow/example_dags/example_branch_operator_decorator.py
[2025-03-21T21:21:24.296+0000] {processor.py:927} WARNING - No viable dags retrieved from /home/usmail/sys_fraud/sys_detection_frauds/lib/python3.12/site-packages/airflow/example_dags/example_branch_operator_decorator.py
[2025-03-21T21:21:24.311+0000] {processor.py:208} INFO - Processing /home/usmail/sys_fraud/sys_detection_frauds/lib/python3.12/site-packages/airflow/example_dags/example_branch_operator_decorator.py took 0.043 seconds
[2025-03-21T21:22:32.049+0000] {processor.py:186} INFO - Started process (PID=3750857) to work on /home/usmail/sys_fraud/sys_detection_frauds/lib/python3.12/site-packages/airflow/example_dags/example_branch_operator_decorator.py
[2025-03-21T21:22:32.058+0000] {processor.py:914} INFO - Processing file /home/usmail/sys_fraud/sys_detection_frauds/lib/python3.12/site-packages/airflow/example_dags/example_branch_operator_decorator.py for tasks to queue
[2025-03-21T21:22:32.061+0000] {logging_mixin.py:190} INFO - [2025-03-21T21:22:32.061+0000] {dagbag.py:588} INFO - Filling up the DagBag from /home/usmail/sys_fraud/sys_detection_frauds/lib/python3.12/site-packages/airflow/example_dags/example_branch_operator_decorator.py
[2025-03-21T21:22:32.066+0000] {processor.py:927} WARNING - No viable dags retrieved from /home/usmail/sys_fraud/sys_detection_frauds/lib/python3.12/site-packages/airflow/example_dags/example_branch_operator_decorator.py
[2025-03-21T21:22:32.080+0000] {processor.py:208} INFO - Processing /home/usmail/sys_fraud/sys_detection_frauds/lib/python3.12/site-packages/airflow/example_dags/example_branch_operator_decorator.py took 0.043 seconds
[2025-03-21T21:23:36.737+0000] {processor.py:186} INFO - Started process (PID=3751636) to work on /home/usmail/sys_fraud/sys_detection_frauds/lib/python3.12/site-packages/airflow/example_dags/example_branch_operator_decorator.py
[2025-03-21T21:23:36.747+0000] {processor.py:914} INFO - Processing file /home/usmail/sys_fraud/sys_detection_frauds/lib/python3.12/site-packages/airflow/example_dags/example_branch_operator_decorator.py for tasks to queue
[2025-03-21T21:23:36.750+0000] {logging_mixin.py:190} INFO - [2025-03-21T21:23:36.749+0000] {dagbag.py:588} INFO - Filling up the DagBag from /home/usmail/sys_fraud/sys_detection_frauds/lib/python3.12/site-packages/airflow/example_dags/example_branch_operator_decorator.py
[2025-03-21T21:23:36.755+0000] {processor.py:927} WARNING - No viable dags retrieved from /home/usmail/sys_fraud/sys_detection_frauds/lib/python3.12/site-packages/airflow/example_dags/example_branch_operator_decorator.py
[2025-03-21T21:23:36.769+0000] {processor.py:208} INFO - Processing /home/usmail/sys_fraud/sys_detection_frauds/lib/python3.12/site-packages/airflow/example_dags/example_branch_operator_decorator.py took 0.044 seconds
[2025-03-21T21:24:38.587+0000] {processor.py:186} INFO - Started process (PID=3752311) to work on /home/usmail/sys_fraud/sys_detection_frauds/lib/python3.12/site-packages/airflow/example_dags/example_branch_operator_decorator.py
[2025-03-21T21:24:38.596+0000] {processor.py:914} INFO - Processing file /home/usmail/sys_fraud/sys_detection_frauds/lib/python3.12/site-packages/airflow/example_dags/example_branch_operator_decorator.py for tasks to queue
[2025-03-21T21:24:38.599+0000] {logging_mixin.py:190} INFO - [2025-03-21T21:24:38.599+0000] {dagbag.py:588} INFO - Filling up the DagBag from /home/usmail/sys_fraud/sys_detection_frauds/lib/python3.12/site-packages/airflow/example_dags/example_branch_operator_decorator.py
[2025-03-21T21:24:38.604+0000] {processor.py:927} WARNING - No viable dags retrieved from /home/usmail/sys_fraud/sys_detection_frauds/lib/python3.12/site-packages/airflow/example_dags/example_branch_operator_decorator.py
[2025-03-21T21:24:38.618+0000] {processor.py:208} INFO - Processing /home/usmail/sys_fraud/sys_detection_frauds/lib/python3.12/site-packages/airflow/example_dags/example_branch_operator_decorator.py took 0.043 seconds
[2025-03-21T21:25:42.469+0000] {processor.py:186} INFO - Started process (PID=3752999) to work on /home/usmail/sys_fraud/sys_detection_frauds/lib/python3.12/site-packages/airflow/example_dags/example_branch_operator_decorator.py
[2025-03-21T21:25:42.478+0000] {processor.py:914} INFO - Processing file /home/usmail/sys_fraud/sys_detection_frauds/lib/python3.12/site-packages/airflow/example_dags/example_branch_operator_decorator.py for tasks to queue
[2025-03-21T21:25:42.480+0000] {logging_mixin.py:190} INFO - [2025-03-21T21:25:42.479+0000] {dagbag.py:588} INFO - Filling up the DagBag from /home/usmail/sys_fraud/sys_detection_frauds/lib/python3.12/site-packages/airflow/example_dags/example_branch_operator_decorator.py
[2025-03-21T21:25:42.483+0000] {processor.py:927} WARNING - No viable dags retrieved from /home/usmail/sys_fraud/sys_detection_frauds/lib/python3.12/site-packages/airflow/example_dags/example_branch_operator_decorator.py
[2025-03-21T21:25:42.497+0000] {processor.py:208} INFO - Processing /home/usmail/sys_fraud/sys_detection_frauds/lib/python3.12/site-packages/airflow/example_dags/example_branch_operator_decorator.py took 0.038 seconds
[2025-03-21T21:26:45.376+0000] {processor.py:186} INFO - Started process (PID=3753651) to work on /home/usmail/sys_fraud/sys_detection_frauds/lib/python3.12/site-packages/airflow/example_dags/example_branch_operator_decorator.py
[2025-03-21T21:26:45.386+0000] {processor.py:914} INFO - Processing file /home/usmail/sys_fraud/sys_detection_frauds/lib/python3.12/site-packages/airflow/example_dags/example_branch_operator_decorator.py for tasks to queue
[2025-03-21T21:26:45.389+0000] {logging_mixin.py:190} INFO - [2025-03-21T21:26:45.388+0000] {dagbag.py:588} INFO - Filling up the DagBag from /home/usmail/sys_fraud/sys_detection_frauds/lib/python3.12/site-packages/airflow/example_dags/example_branch_operator_decorator.py
[2025-03-21T21:26:45.393+0000] {processor.py:927} WARNING - No viable dags retrieved from /home/usmail/sys_fraud/sys_detection_frauds/lib/python3.12/site-packages/airflow/example_dags/example_branch_operator_decorator.py
[2025-03-21T21:26:45.408+0000] {processor.py:208} INFO - Processing /home/usmail/sys_fraud/sys_detection_frauds/lib/python3.12/site-packages/airflow/example_dags/example_branch_operator_decorator.py took 0.044 seconds
[2025-03-21T21:27:48.990+0000] {processor.py:186} INFO - Started process (PID=3754318) to work on /home/usmail/sys_fraud/sys_detection_frauds/lib/python3.12/site-packages/airflow/example_dags/example_branch_operator_decorator.py
[2025-03-21T21:27:49.000+0000] {processor.py:914} INFO - Processing file /home/usmail/sys_fraud/sys_detection_frauds/lib/python3.12/site-packages/airflow/example_dags/example_branch_operator_decorator.py for tasks to queue
[2025-03-21T21:27:49.003+0000] {logging_mixin.py:190} INFO - [2025-03-21T21:27:49.002+0000] {dagbag.py:588} INFO - Filling up the DagBag from /home/usmail/sys_fraud/sys_detection_frauds/lib/python3.12/site-packages/airflow/example_dags/example_branch_operator_decorator.py
[2025-03-21T21:27:49.008+0000] {processor.py:927} WARNING - No viable dags retrieved from /home/usmail/sys_fraud/sys_detection_frauds/lib/python3.12/site-packages/airflow/example_dags/example_branch_operator_decorator.py
[2025-03-21T21:27:49.022+0000] {processor.py:208} INFO - Processing /home/usmail/sys_fraud/sys_detection_frauds/lib/python3.12/site-packages/airflow/example_dags/example_branch_operator_decorator.py took 0.044 seconds
[2025-03-21T21:28:48.466+0000] {processor.py:186} INFO - Started process (PID=3754929) to work on /home/usmail/sys_fraud/sys_detection_frauds/lib/python3.12/site-packages/airflow/example_dags/example_branch_operator_decorator.py
[2025-03-21T21:28:48.475+0000] {processor.py:914} INFO - Processing file /home/usmail/sys_fraud/sys_detection_frauds/lib/python3.12/site-packages/airflow/example_dags/example_branch_operator_decorator.py for tasks to queue
[2025-03-21T21:28:48.478+0000] {logging_mixin.py:190} INFO - [2025-03-21T21:28:48.478+0000] {dagbag.py:588} INFO - Filling up the DagBag from /home/usmail/sys_fraud/sys_detection_frauds/lib/python3.12/site-packages/airflow/example_dags/example_branch_operator_decorator.py
[2025-03-21T21:28:48.483+0000] {processor.py:927} WARNING - No viable dags retrieved from /home/usmail/sys_fraud/sys_detection_frauds/lib/python3.12/site-packages/airflow/example_dags/example_branch_operator_decorator.py
[2025-03-21T21:28:48.498+0000] {processor.py:208} INFO - Processing /home/usmail/sys_fraud/sys_detection_frauds/lib/python3.12/site-packages/airflow/example_dags/example_branch_operator_decorator.py took 0.044 seconds
[2025-03-21T21:29:52.291+0000] {processor.py:186} INFO - Started process (PID=3755611) to work on /home/usmail/sys_fraud/sys_detection_frauds/lib/python3.12/site-packages/airflow/example_dags/example_branch_operator_decorator.py
[2025-03-21T21:29:52.300+0000] {processor.py:914} INFO - Processing file /home/usmail/sys_fraud/sys_detection_frauds/lib/python3.12/site-packages/airflow/example_dags/example_branch_operator_decorator.py for tasks to queue
[2025-03-21T21:29:52.304+0000] {logging_mixin.py:190} INFO - [2025-03-21T21:29:52.303+0000] {dagbag.py:588} INFO - Filling up the DagBag from /home/usmail/sys_fraud/sys_detection_frauds/lib/python3.12/site-packages/airflow/example_dags/example_branch_operator_decorator.py
[2025-03-21T21:29:52.308+0000] {processor.py:927} WARNING - No viable dags retrieved from /home/usmail/sys_fraud/sys_detection_frauds/lib/python3.12/site-packages/airflow/example_dags/example_branch_operator_decorator.py
[2025-03-21T21:29:52.323+0000] {processor.py:208} INFO - Processing /home/usmail/sys_fraud/sys_detection_frauds/lib/python3.12/site-packages/airflow/example_dags/example_branch_operator_decorator.py took 0.043 seconds
[2025-03-21T21:30:57.861+0000] {processor.py:186} INFO - Started process (PID=3756295) to work on /home/usmail/sys_fraud/sys_detection_frauds/lib/python3.12/site-packages/airflow/example_dags/example_branch_operator_decorator.py
[2025-03-21T21:30:57.871+0000] {processor.py:914} INFO - Processing file /home/usmail/sys_fraud/sys_detection_frauds/lib/python3.12/site-packages/airflow/example_dags/example_branch_operator_decorator.py for tasks to queue
[2025-03-21T21:30:57.874+0000] {logging_mixin.py:190} INFO - [2025-03-21T21:30:57.873+0000] {dagbag.py:588} INFO - Filling up the DagBag from /home/usmail/sys_fraud/sys_detection_frauds/lib/python3.12/site-packages/airflow/example_dags/example_branch_operator_decorator.py
[2025-03-21T21:30:57.878+0000] {processor.py:927} WARNING - No viable dags retrieved from /home/usmail/sys_fraud/sys_detection_frauds/lib/python3.12/site-packages/airflow/example_dags/example_branch_operator_decorator.py
[2025-03-21T21:30:57.893+0000] {processor.py:208} INFO - Processing /home/usmail/sys_fraud/sys_detection_frauds/lib/python3.12/site-packages/airflow/example_dags/example_branch_operator_decorator.py took 0.044 seconds
[2025-03-21T21:32:04.590+0000] {processor.py:186} INFO - Started process (PID=3757003) to work on /home/usmail/sys_fraud/sys_detection_frauds/lib/python3.12/site-packages/airflow/example_dags/example_branch_operator_decorator.py
[2025-03-21T21:32:04.599+0000] {processor.py:914} INFO - Processing file /home/usmail/sys_fraud/sys_detection_frauds/lib/python3.12/site-packages/airflow/example_dags/example_branch_operator_decorator.py for tasks to queue
[2025-03-21T21:32:04.602+0000] {logging_mixin.py:190} INFO - [2025-03-21T21:32:04.601+0000] {dagbag.py:588} INFO - Filling up the DagBag from /home/usmail/sys_fraud/sys_detection_frauds/lib/python3.12/site-packages/airflow/example_dags/example_branch_operator_decorator.py
[2025-03-21T21:32:04.607+0000] {processor.py:927} WARNING - No viable dags retrieved from /home/usmail/sys_fraud/sys_detection_frauds/lib/python3.12/site-packages/airflow/example_dags/example_branch_operator_decorator.py
[2025-03-21T21:32:04.621+0000] {processor.py:208} INFO - Processing /home/usmail/sys_fraud/sys_detection_frauds/lib/python3.12/site-packages/airflow/example_dags/example_branch_operator_decorator.py took 0.043 seconds
[2025-03-21T21:33:06.839+0000] {processor.py:186} INFO - Started process (PID=3757647) to work on /home/usmail/sys_fraud/sys_detection_frauds/lib/python3.12/site-packages/airflow/example_dags/example_branch_operator_decorator.py
[2025-03-21T21:33:06.848+0000] {processor.py:914} INFO - Processing file /home/usmail/sys_fraud/sys_detection_frauds/lib/python3.12/site-packages/airflow/example_dags/example_branch_operator_decorator.py for tasks to queue
[2025-03-21T21:33:06.852+0000] {logging_mixin.py:190} INFO - [2025-03-21T21:33:06.851+0000] {dagbag.py:588} INFO - Filling up the DagBag from /home/usmail/sys_fraud/sys_detection_frauds/lib/python3.12/site-packages/airflow/example_dags/example_branch_operator_decorator.py
[2025-03-21T21:33:06.857+0000] {processor.py:927} WARNING - No viable dags retrieved from /home/usmail/sys_fraud/sys_detection_frauds/lib/python3.12/site-packages/airflow/example_dags/example_branch_operator_decorator.py
[2025-03-21T21:33:06.871+0000] {processor.py:208} INFO - Processing /home/usmail/sys_fraud/sys_detection_frauds/lib/python3.12/site-packages/airflow/example_dags/example_branch_operator_decorator.py took 0.044 seconds
[2025-03-21T22:20:01.172+0000] {processor.py:186} INFO - Started process (PID=3759015) to work on /home/usmail/sys_fraud/sys_detection_frauds/lib/python3.12/site-packages/airflow/example_dags/example_branch_operator_decorator.py
[2025-03-21T22:20:01.181+0000] {processor.py:914} INFO - Processing file /home/usmail/sys_fraud/sys_detection_frauds/lib/python3.12/site-packages/airflow/example_dags/example_branch_operator_decorator.py for tasks to queue
[2025-03-21T22:20:01.187+0000] {logging_mixin.py:190} INFO - [2025-03-21T22:20:01.186+0000] {dagbag.py:588} INFO - Filling up the DagBag from /home/usmail/sys_fraud/sys_detection_frauds/lib/python3.12/site-packages/airflow/example_dags/example_branch_operator_decorator.py
[2025-03-21T22:20:01.193+0000] {processor.py:927} WARNING - No viable dags retrieved from /home/usmail/sys_fraud/sys_detection_frauds/lib/python3.12/site-packages/airflow/example_dags/example_branch_operator_decorator.py
[2025-03-21T22:20:01.216+0000] {processor.py:208} INFO - Processing /home/usmail/sys_fraud/sys_detection_frauds/lib/python3.12/site-packages/airflow/example_dags/example_branch_operator_decorator.py took 0.061 seconds
[2025-03-21T22:21:06.920+0000] {processor.py:186} INFO - Started process (PID=3759962) to work on /home/usmail/sys_fraud/sys_detection_frauds/lib/python3.12/site-packages/airflow/example_dags/example_branch_operator_decorator.py
[2025-03-21T22:21:06.929+0000] {processor.py:914} INFO - Processing file /home/usmail/sys_fraud/sys_detection_frauds/lib/python3.12/site-packages/airflow/example_dags/example_branch_operator_decorator.py for tasks to queue
[2025-03-21T22:21:06.933+0000] {logging_mixin.py:190} INFO - [2025-03-21T22:21:06.932+0000] {dagbag.py:588} INFO - Filling up the DagBag from /home/usmail/sys_fraud/sys_detection_frauds/lib/python3.12/site-packages/airflow/example_dags/example_branch_operator_decorator.py
[2025-03-21T22:21:06.937+0000] {processor.py:927} WARNING - No viable dags retrieved from /home/usmail/sys_fraud/sys_detection_frauds/lib/python3.12/site-packages/airflow/example_dags/example_branch_operator_decorator.py
[2025-03-21T22:21:06.954+0000] {processor.py:208} INFO - Processing /home/usmail/sys_fraud/sys_detection_frauds/lib/python3.12/site-packages/airflow/example_dags/example_branch_operator_decorator.py took 0.049 seconds
[2025-03-21T22:22:09.078+0000] {processor.py:186} INFO - Started process (PID=3760998) to work on /home/usmail/sys_fraud/sys_detection_frauds/lib/python3.12/site-packages/airflow/example_dags/example_branch_operator_decorator.py
[2025-03-21T22:22:09.083+0000] {processor.py:914} INFO - Processing file /home/usmail/sys_fraud/sys_detection_frauds/lib/python3.12/site-packages/airflow/example_dags/example_branch_operator_decorator.py for tasks to queue
[2025-03-21T22:22:09.084+0000] {logging_mixin.py:190} INFO - [2025-03-21T22:22:09.084+0000] {dagbag.py:588} INFO - Filling up the DagBag from /home/usmail/sys_fraud/sys_detection_frauds/lib/python3.12/site-packages/airflow/example_dags/example_branch_operator_decorator.py
[2025-03-21T22:22:09.088+0000] {processor.py:927} WARNING - No viable dags retrieved from /home/usmail/sys_fraud/sys_detection_frauds/lib/python3.12/site-packages/airflow/example_dags/example_branch_operator_decorator.py
[2025-03-21T22:22:09.099+0000] {processor.py:208} INFO - Processing /home/usmail/sys_fraud/sys_detection_frauds/lib/python3.12/site-packages/airflow/example_dags/example_branch_operator_decorator.py took 0.029 seconds
