[2025-03-21T20:49:45.780+0000] {processor.py:186} INFO - Started process (PID=3723085) to work on /home/usmail/sys_fraud/sys_detection_frauds/lib/python3.12/site-packages/airflow/example_dags/example_task_group.py
[2025-03-21T20:49:45.780+0000] {processor.py:914} INFO - Processing file /home/usmail/sys_fraud/sys_detection_frauds/lib/python3.12/site-packages/airflow/example_dags/example_task_group.py for tasks to queue
[2025-03-21T20:49:45.782+0000] {logging_mixin.py:190} INFO - [2025-03-21T20:49:45.781+0000] {dagbag.py:588} INFO - Filling up the DagBag from /home/usmail/sys_fraud/sys_detection_frauds/lib/python3.12/site-packages/airflow/example_dags/example_task_group.py
[2025-03-21T20:49:45.788+0000] {processor.py:925} INFO - DAG(s) 'example_task_group' retrieved from /home/usmail/sys_fraud/sys_detection_frauds/lib/python3.12/site-packages/airflow/example_dags/example_task_group.py
[2025-03-21T20:49:45.876+0000] {logging_mixin.py:190} INFO - [2025-03-21T20:49:45.875+0000] {override.py:1912} INFO - Created Permission View: can edit on DAG:example_task_group
[2025-03-21T20:49:45.884+0000] {logging_mixin.py:190} INFO - [2025-03-21T20:49:45.884+0000] {override.py:1912} INFO - Created Permission View: can read on DAG:example_task_group
[2025-03-21T20:49:45.890+0000] {logging_mixin.py:190} INFO - [2025-03-21T20:49:45.889+0000] {override.py:1912} INFO - Created Permission View: can delete on DAG:example_task_group
[2025-03-21T20:49:45.899+0000] {logging_mixin.py:190} INFO - [2025-03-21T20:49:45.899+0000] {override.py:1912} INFO - Created Permission View: can create on DAG Run:example_task_group
[2025-03-21T20:49:45.905+0000] {logging_mixin.py:190} INFO - [2025-03-21T20:49:45.904+0000] {override.py:1912} INFO - Created Permission View: menu access on DAG Run:example_task_group
[2025-03-21T20:49:45.912+0000] {logging_mixin.py:190} INFO - [2025-03-21T20:49:45.912+0000] {override.py:1912} INFO - Created Permission View: can read on DAG Run:example_task_group
[2025-03-21T20:49:45.920+0000] {logging_mixin.py:190} INFO - [2025-03-21T20:49:45.920+0000] {override.py:1912} INFO - Created Permission View: can delete on DAG Run:example_task_group
[2025-03-21T20:49:45.921+0000] {logging_mixin.py:190} INFO - [2025-03-21T20:49:45.920+0000] {dag.py:3239} INFO - Sync 1 DAGs
[2025-03-21T20:49:45.931+0000] {logging_mixin.py:190} INFO - [2025-03-21T20:49:45.931+0000] {dag.py:3262} INFO - Creating ORM DAG for example_task_group
[2025-03-21T20:49:45.932+0000] {logging_mixin.py:190} INFO - [2025-03-21T20:49:45.931+0000] {dag.py:4180} INFO - Setting next_dagrun for example_task_group to None, run_after=None
[2025-03-21T20:49:45.946+0000] {processor.py:208} INFO - Processing /home/usmail/sys_fraud/sys_detection_frauds/lib/python3.12/site-packages/airflow/example_dags/example_task_group.py took 0.170 seconds
[2025-03-21T20:50:45.695+0000] {processor.py:186} INFO - Started process (PID=3723814) to work on /home/usmail/sys_fraud/sys_detection_frauds/lib/python3.12/site-packages/airflow/example_dags/example_task_group.py
[2025-03-21T20:50:45.704+0000] {processor.py:914} INFO - Processing file /home/usmail/sys_fraud/sys_detection_frauds/lib/python3.12/site-packages/airflow/example_dags/example_task_group.py for tasks to queue
[2025-03-21T20:50:45.707+0000] {logging_mixin.py:190} INFO - [2025-03-21T20:50:45.706+0000] {dagbag.py:588} INFO - Filling up the DagBag from /home/usmail/sys_fraud/sys_detection_frauds/lib/python3.12/site-packages/airflow/example_dags/example_task_group.py
[2025-03-21T20:50:45.717+0000] {processor.py:925} INFO - DAG(s) 'example_task_group' retrieved from /home/usmail/sys_fraud/sys_detection_frauds/lib/python3.12/site-packages/airflow/example_dags/example_task_group.py
[2025-03-21T20:50:45.726+0000] {logging_mixin.py:190} INFO - [2025-03-21T20:50:45.726+0000] {dag.py:3239} INFO - Sync 1 DAGs
[2025-03-21T20:50:45.732+0000] {logging_mixin.py:190} INFO - [2025-03-21T20:50:45.732+0000] {dag.py:4180} INFO - Setting next_dagrun for example_task_group to None, run_after=None
[2025-03-21T20:50:45.744+0000] {processor.py:208} INFO - Processing /home/usmail/sys_fraud/sys_detection_frauds/lib/python3.12/site-packages/airflow/example_dags/example_task_group.py took 0.053 seconds
[2025-03-21T20:51:40.154+0000] {processor.py:186} INFO - Started process (PID=3724467) to work on /home/usmail/sys_fraud/sys_detection_frauds/lib/python3.12/site-packages/airflow/example_dags/example_task_group.py
[2025-03-21T20:51:40.163+0000] {processor.py:914} INFO - Processing file /home/usmail/sys_fraud/sys_detection_frauds/lib/python3.12/site-packages/airflow/example_dags/example_task_group.py for tasks to queue
[2025-03-21T20:51:40.166+0000] {logging_mixin.py:190} INFO - [2025-03-21T20:51:40.165+0000] {dagbag.py:588} INFO - Filling up the DagBag from /home/usmail/sys_fraud/sys_detection_frauds/lib/python3.12/site-packages/airflow/example_dags/example_task_group.py
[2025-03-21T20:51:40.176+0000] {processor.py:925} INFO - DAG(s) 'example_task_group' retrieved from /home/usmail/sys_fraud/sys_detection_frauds/lib/python3.12/site-packages/airflow/example_dags/example_task_group.py
[2025-03-21T20:51:40.185+0000] {logging_mixin.py:190} INFO - [2025-03-21T20:51:40.185+0000] {dag.py:3239} INFO - Sync 1 DAGs
[2025-03-21T20:51:40.192+0000] {logging_mixin.py:190} INFO - [2025-03-21T20:51:40.192+0000] {dag.py:4180} INFO - Setting next_dagrun for example_task_group to None, run_after=None
[2025-03-21T20:51:40.204+0000] {processor.py:208} INFO - Processing /home/usmail/sys_fraud/sys_detection_frauds/lib/python3.12/site-packages/airflow/example_dags/example_task_group.py took 0.056 seconds
[2025-03-21T20:52:32.074+0000] {processor.py:186} INFO - Started process (PID=3725111) to work on /home/usmail/sys_fraud/sys_detection_frauds/lib/python3.12/site-packages/airflow/example_dags/example_task_group.py
[2025-03-21T20:52:32.083+0000] {processor.py:914} INFO - Processing file /home/usmail/sys_fraud/sys_detection_frauds/lib/python3.12/site-packages/airflow/example_dags/example_task_group.py for tasks to queue
[2025-03-21T20:52:32.086+0000] {logging_mixin.py:190} INFO - [2025-03-21T20:52:32.085+0000] {dagbag.py:588} INFO - Filling up the DagBag from /home/usmail/sys_fraud/sys_detection_frauds/lib/python3.12/site-packages/airflow/example_dags/example_task_group.py
[2025-03-21T20:52:32.092+0000] {processor.py:925} INFO - DAG(s) 'example_task_group' retrieved from /home/usmail/sys_fraud/sys_detection_frauds/lib/python3.12/site-packages/airflow/example_dags/example_task_group.py
[2025-03-21T20:52:32.102+0000] {logging_mixin.py:190} INFO - [2025-03-21T20:52:32.102+0000] {dag.py:3239} INFO - Sync 1 DAGs
[2025-03-21T20:52:32.109+0000] {logging_mixin.py:190} INFO - [2025-03-21T20:52:32.109+0000] {dag.py:4180} INFO - Setting next_dagrun for example_task_group to None, run_after=None
[2025-03-21T20:52:32.140+0000] {processor.py:208} INFO - Processing /home/usmail/sys_fraud/sys_detection_frauds/lib/python3.12/site-packages/airflow/example_dags/example_task_group.py took 0.070 seconds
[2025-03-21T20:53:23.848+0000] {processor.py:186} INFO - Started process (PID=3725691) to work on /home/usmail/sys_fraud/sys_detection_frauds/lib/python3.12/site-packages/airflow/example_dags/example_task_group.py
[2025-03-21T20:53:23.857+0000] {processor.py:914} INFO - Processing file /home/usmail/sys_fraud/sys_detection_frauds/lib/python3.12/site-packages/airflow/example_dags/example_task_group.py for tasks to queue
[2025-03-21T20:53:23.858+0000] {logging_mixin.py:190} INFO - [2025-03-21T20:53:23.858+0000] {dagbag.py:588} INFO - Filling up the DagBag from /home/usmail/sys_fraud/sys_detection_frauds/lib/python3.12/site-packages/airflow/example_dags/example_task_group.py
[2025-03-21T20:53:23.863+0000] {processor.py:925} INFO - DAG(s) 'example_task_group' retrieved from /home/usmail/sys_fraud/sys_detection_frauds/lib/python3.12/site-packages/airflow/example_dags/example_task_group.py
[2025-03-21T20:53:23.872+0000] {logging_mixin.py:190} INFO - [2025-03-21T20:53:23.872+0000] {dag.py:3239} INFO - Sync 1 DAGs
[2025-03-21T20:53:23.879+0000] {logging_mixin.py:190} INFO - [2025-03-21T20:53:23.879+0000] {dag.py:4180} INFO - Setting next_dagrun for example_task_group to None, run_after=None
[2025-03-21T20:53:23.891+0000] {processor.py:208} INFO - Processing /home/usmail/sys_fraud/sys_detection_frauds/lib/python3.12/site-packages/airflow/example_dags/example_task_group.py took 0.046 seconds
[2025-03-21T20:54:18.159+0000] {processor.py:186} INFO - Started process (PID=3726396) to work on /home/usmail/sys_fraud/sys_detection_frauds/lib/python3.12/site-packages/airflow/example_dags/example_task_group.py
[2025-03-21T20:54:18.167+0000] {processor.py:914} INFO - Processing file /home/usmail/sys_fraud/sys_detection_frauds/lib/python3.12/site-packages/airflow/example_dags/example_task_group.py for tasks to queue
[2025-03-21T20:54:18.170+0000] {logging_mixin.py:190} INFO - [2025-03-21T20:54:18.170+0000] {dagbag.py:588} INFO - Filling up the DagBag from /home/usmail/sys_fraud/sys_detection_frauds/lib/python3.12/site-packages/airflow/example_dags/example_task_group.py
[2025-03-21T20:54:18.180+0000] {processor.py:925} INFO - DAG(s) 'example_task_group' retrieved from /home/usmail/sys_fraud/sys_detection_frauds/lib/python3.12/site-packages/airflow/example_dags/example_task_group.py
[2025-03-21T20:54:18.190+0000] {logging_mixin.py:190} INFO - [2025-03-21T20:54:18.189+0000] {dag.py:3239} INFO - Sync 1 DAGs
[2025-03-21T20:54:18.269+0000] {logging_mixin.py:190} INFO - [2025-03-21T20:54:18.268+0000] {dag.py:4180} INFO - Setting next_dagrun for example_task_group to None, run_after=None
[2025-03-21T20:54:18.291+0000] {processor.py:208} INFO - Processing /home/usmail/sys_fraud/sys_detection_frauds/lib/python3.12/site-packages/airflow/example_dags/example_task_group.py took 0.137 seconds
[2025-03-21T20:55:10.156+0000] {processor.py:186} INFO - Started process (PID=3727039) to work on /home/usmail/sys_fraud/sys_detection_frauds/lib/python3.12/site-packages/airflow/example_dags/example_task_group.py
[2025-03-21T20:55:10.157+0000] {processor.py:914} INFO - Processing file /home/usmail/sys_fraud/sys_detection_frauds/lib/python3.12/site-packages/airflow/example_dags/example_task_group.py for tasks to queue
[2025-03-21T20:55:10.159+0000] {logging_mixin.py:190} INFO - [2025-03-21T20:55:10.159+0000] {dagbag.py:588} INFO - Filling up the DagBag from /home/usmail/sys_fraud/sys_detection_frauds/lib/python3.12/site-packages/airflow/example_dags/example_task_group.py
[2025-03-21T20:55:10.166+0000] {processor.py:925} INFO - DAG(s) 'example_task_group' retrieved from /home/usmail/sys_fraud/sys_detection_frauds/lib/python3.12/site-packages/airflow/example_dags/example_task_group.py
[2025-03-21T20:55:10.175+0000] {logging_mixin.py:190} INFO - [2025-03-21T20:55:10.175+0000] {dag.py:3239} INFO - Sync 1 DAGs
[2025-03-21T20:55:10.183+0000] {logging_mixin.py:190} INFO - [2025-03-21T20:55:10.183+0000] {dag.py:4180} INFO - Setting next_dagrun for example_task_group to None, run_after=None
[2025-03-21T20:55:10.197+0000] {processor.py:208} INFO - Processing /home/usmail/sys_fraud/sys_detection_frauds/lib/python3.12/site-packages/airflow/example_dags/example_task_group.py took 0.048 seconds
[2025-03-21T20:56:05.034+0000] {processor.py:186} INFO - Started process (PID=3727748) to work on /home/usmail/sys_fraud/sys_detection_frauds/lib/python3.12/site-packages/airflow/example_dags/example_task_group.py
[2025-03-21T20:56:05.043+0000] {processor.py:914} INFO - Processing file /home/usmail/sys_fraud/sys_detection_frauds/lib/python3.12/site-packages/airflow/example_dags/example_task_group.py for tasks to queue
[2025-03-21T20:56:05.047+0000] {logging_mixin.py:190} INFO - [2025-03-21T20:56:05.046+0000] {dagbag.py:588} INFO - Filling up the DagBag from /home/usmail/sys_fraud/sys_detection_frauds/lib/python3.12/site-packages/airflow/example_dags/example_task_group.py
[2025-03-21T20:56:05.056+0000] {processor.py:925} INFO - DAG(s) 'example_task_group' retrieved from /home/usmail/sys_fraud/sys_detection_frauds/lib/python3.12/site-packages/airflow/example_dags/example_task_group.py
[2025-03-21T20:56:05.065+0000] {logging_mixin.py:190} INFO - [2025-03-21T20:56:05.065+0000] {dag.py:3239} INFO - Sync 1 DAGs
[2025-03-21T20:56:05.072+0000] {logging_mixin.py:190} INFO - [2025-03-21T20:56:05.072+0000] {dag.py:4180} INFO - Setting next_dagrun for example_task_group to None, run_after=None
[2025-03-21T20:56:05.098+0000] {processor.py:208} INFO - Processing /home/usmail/sys_fraud/sys_detection_frauds/lib/python3.12/site-packages/airflow/example_dags/example_task_group.py took 0.070 seconds
[2025-03-21T20:56:58.503+0000] {processor.py:186} INFO - Started process (PID=3728546) to work on /home/usmail/sys_fraud/sys_detection_frauds/lib/python3.12/site-packages/airflow/example_dags/example_task_group.py
[2025-03-21T20:56:58.512+0000] {processor.py:914} INFO - Processing file /home/usmail/sys_fraud/sys_detection_frauds/lib/python3.12/site-packages/airflow/example_dags/example_task_group.py for tasks to queue
[2025-03-21T20:56:58.516+0000] {logging_mixin.py:190} INFO - [2025-03-21T20:56:58.515+0000] {dagbag.py:588} INFO - Filling up the DagBag from /home/usmail/sys_fraud/sys_detection_frauds/lib/python3.12/site-packages/airflow/example_dags/example_task_group.py
[2025-03-21T20:56:58.526+0000] {processor.py:925} INFO - DAG(s) 'example_task_group' retrieved from /home/usmail/sys_fraud/sys_detection_frauds/lib/python3.12/site-packages/airflow/example_dags/example_task_group.py
[2025-03-21T20:56:58.535+0000] {logging_mixin.py:190} INFO - [2025-03-21T20:56:58.535+0000] {dag.py:3239} INFO - Sync 1 DAGs
[2025-03-21T20:56:58.543+0000] {logging_mixin.py:190} INFO - [2025-03-21T20:56:58.543+0000] {dag.py:4180} INFO - Setting next_dagrun for example_task_group to None, run_after=None
[2025-03-21T20:56:58.556+0000] {processor.py:208} INFO - Processing /home/usmail/sys_fraud/sys_detection_frauds/lib/python3.12/site-packages/airflow/example_dags/example_task_group.py took 0.059 seconds
[2025-03-21T20:57:49.634+0000] {processor.py:186} INFO - Started process (PID=3729138) to work on /home/usmail/sys_fraud/sys_detection_frauds/lib/python3.12/site-packages/airflow/example_dags/example_task_group.py
[2025-03-21T20:57:49.643+0000] {processor.py:914} INFO - Processing file /home/usmail/sys_fraud/sys_detection_frauds/lib/python3.12/site-packages/airflow/example_dags/example_task_group.py for tasks to queue
[2025-03-21T20:57:49.644+0000] {logging_mixin.py:190} INFO - [2025-03-21T20:57:49.644+0000] {dagbag.py:588} INFO - Filling up the DagBag from /home/usmail/sys_fraud/sys_detection_frauds/lib/python3.12/site-packages/airflow/example_dags/example_task_group.py
[2025-03-21T20:57:49.650+0000] {processor.py:925} INFO - DAG(s) 'example_task_group' retrieved from /home/usmail/sys_fraud/sys_detection_frauds/lib/python3.12/site-packages/airflow/example_dags/example_task_group.py
[2025-03-21T20:57:49.660+0000] {logging_mixin.py:190} INFO - [2025-03-21T20:57:49.660+0000] {dag.py:3239} INFO - Sync 1 DAGs
[2025-03-21T20:57:49.667+0000] {logging_mixin.py:190} INFO - [2025-03-21T20:57:49.667+0000] {dag.py:4180} INFO - Setting next_dagrun for example_task_group to None, run_after=None
[2025-03-21T20:57:49.692+0000] {processor.py:208} INFO - Processing /home/usmail/sys_fraud/sys_detection_frauds/lib/python3.12/site-packages/airflow/example_dags/example_task_group.py took 0.063 seconds
[2025-03-21T20:58:42.179+0000] {processor.py:186} INFO - Started process (PID=3729807) to work on /home/usmail/sys_fraud/sys_detection_frauds/lib/python3.12/site-packages/airflow/example_dags/example_task_group.py
[2025-03-21T20:58:42.188+0000] {processor.py:914} INFO - Processing file /home/usmail/sys_fraud/sys_detection_frauds/lib/python3.12/site-packages/airflow/example_dags/example_task_group.py for tasks to queue
[2025-03-21T20:58:42.191+0000] {logging_mixin.py:190} INFO - [2025-03-21T20:58:42.190+0000] {dagbag.py:588} INFO - Filling up the DagBag from /home/usmail/sys_fraud/sys_detection_frauds/lib/python3.12/site-packages/airflow/example_dags/example_task_group.py
[2025-03-21T20:58:42.200+0000] {processor.py:925} INFO - DAG(s) 'example_task_group' retrieved from /home/usmail/sys_fraud/sys_detection_frauds/lib/python3.12/site-packages/airflow/example_dags/example_task_group.py
[2025-03-21T20:58:42.209+0000] {logging_mixin.py:190} INFO - [2025-03-21T20:58:42.209+0000] {dag.py:3239} INFO - Sync 1 DAGs
[2025-03-21T20:58:42.218+0000] {logging_mixin.py:190} INFO - [2025-03-21T20:58:42.218+0000] {dag.py:4180} INFO - Setting next_dagrun for example_task_group to None, run_after=None
[2025-03-21T20:58:42.232+0000] {processor.py:208} INFO - Processing /home/usmail/sys_fraud/sys_detection_frauds/lib/python3.12/site-packages/airflow/example_dags/example_task_group.py took 0.061 seconds
[2025-03-21T20:59:36.675+0000] {processor.py:186} INFO - Started process (PID=3730573) to work on /home/usmail/sys_fraud/sys_detection_frauds/lib/python3.12/site-packages/airflow/example_dags/example_task_group.py
[2025-03-21T20:59:36.684+0000] {processor.py:914} INFO - Processing file /home/usmail/sys_fraud/sys_detection_frauds/lib/python3.12/site-packages/airflow/example_dags/example_task_group.py for tasks to queue
[2025-03-21T20:59:36.687+0000] {logging_mixin.py:190} INFO - [2025-03-21T20:59:36.686+0000] {dagbag.py:588} INFO - Filling up the DagBag from /home/usmail/sys_fraud/sys_detection_frauds/lib/python3.12/site-packages/airflow/example_dags/example_task_group.py
[2025-03-21T20:59:36.697+0000] {processor.py:925} INFO - DAG(s) 'example_task_group' retrieved from /home/usmail/sys_fraud/sys_detection_frauds/lib/python3.12/site-packages/airflow/example_dags/example_task_group.py
[2025-03-21T20:59:36.710+0000] {logging_mixin.py:190} INFO - [2025-03-21T20:59:36.709+0000] {dag.py:3239} INFO - Sync 1 DAGs
[2025-03-21T20:59:36.717+0000] {logging_mixin.py:190} INFO - [2025-03-21T20:59:36.717+0000] {dag.py:4180} INFO - Setting next_dagrun for example_task_group to None, run_after=None
[2025-03-21T20:59:36.737+0000] {processor.py:208} INFO - Processing /home/usmail/sys_fraud/sys_detection_frauds/lib/python3.12/site-packages/airflow/example_dags/example_task_group.py took 0.068 seconds
[2025-03-21T21:00:34.484+0000] {processor.py:186} INFO - Started process (PID=3731321) to work on /home/usmail/sys_fraud/sys_detection_frauds/lib/python3.12/site-packages/airflow/example_dags/example_task_group.py
[2025-03-21T21:00:34.493+0000] {processor.py:914} INFO - Processing file /home/usmail/sys_fraud/sys_detection_frauds/lib/python3.12/site-packages/airflow/example_dags/example_task_group.py for tasks to queue
[2025-03-21T21:00:34.494+0000] {logging_mixin.py:190} INFO - [2025-03-21T21:00:34.494+0000] {dagbag.py:588} INFO - Filling up the DagBag from /home/usmail/sys_fraud/sys_detection_frauds/lib/python3.12/site-packages/airflow/example_dags/example_task_group.py
[2025-03-21T21:00:34.504+0000] {processor.py:925} INFO - DAG(s) 'example_task_group' retrieved from /home/usmail/sys_fraud/sys_detection_frauds/lib/python3.12/site-packages/airflow/example_dags/example_task_group.py
[2025-03-21T21:00:34.513+0000] {logging_mixin.py:190} INFO - [2025-03-21T21:00:34.513+0000] {dag.py:3239} INFO - Sync 1 DAGs
[2025-03-21T21:00:34.520+0000] {logging_mixin.py:190} INFO - [2025-03-21T21:00:34.520+0000] {dag.py:4180} INFO - Setting next_dagrun for example_task_group to None, run_after=None
[2025-03-21T21:00:34.531+0000] {processor.py:208} INFO - Processing /home/usmail/sys_fraud/sys_detection_frauds/lib/python3.12/site-packages/airflow/example_dags/example_task_group.py took 0.051 seconds
[2025-03-21T21:01:29.138+0000] {processor.py:186} INFO - Started process (PID=3732008) to work on /home/usmail/sys_fraud/sys_detection_frauds/lib/python3.12/site-packages/airflow/example_dags/example_task_group.py
[2025-03-21T21:01:29.147+0000] {processor.py:914} INFO - Processing file /home/usmail/sys_fraud/sys_detection_frauds/lib/python3.12/site-packages/airflow/example_dags/example_task_group.py for tasks to queue
[2025-03-21T21:01:29.150+0000] {logging_mixin.py:190} INFO - [2025-03-21T21:01:29.150+0000] {dagbag.py:588} INFO - Filling up the DagBag from /home/usmail/sys_fraud/sys_detection_frauds/lib/python3.12/site-packages/airflow/example_dags/example_task_group.py
[2025-03-21T21:01:29.160+0000] {processor.py:925} INFO - DAG(s) 'example_task_group' retrieved from /home/usmail/sys_fraud/sys_detection_frauds/lib/python3.12/site-packages/airflow/example_dags/example_task_group.py
[2025-03-21T21:01:29.169+0000] {logging_mixin.py:190} INFO - [2025-03-21T21:01:29.169+0000] {dag.py:3239} INFO - Sync 1 DAGs
[2025-03-21T21:01:29.175+0000] {logging_mixin.py:190} INFO - [2025-03-21T21:01:29.175+0000] {dag.py:4180} INFO - Setting next_dagrun for example_task_group to None, run_after=None
[2025-03-21T21:01:29.192+0000] {processor.py:208} INFO - Processing /home/usmail/sys_fraud/sys_detection_frauds/lib/python3.12/site-packages/airflow/example_dags/example_task_group.py took 0.062 seconds
[2025-03-21T21:02:22.362+0000] {processor.py:186} INFO - Started process (PID=3732676) to work on /home/usmail/sys_fraud/sys_detection_frauds/lib/python3.12/site-packages/airflow/example_dags/example_task_group.py
[2025-03-21T21:02:22.370+0000] {processor.py:914} INFO - Processing file /home/usmail/sys_fraud/sys_detection_frauds/lib/python3.12/site-packages/airflow/example_dags/example_task_group.py for tasks to queue
[2025-03-21T21:02:22.372+0000] {logging_mixin.py:190} INFO - [2025-03-21T21:02:22.372+0000] {dagbag.py:588} INFO - Filling up the DagBag from /home/usmail/sys_fraud/sys_detection_frauds/lib/python3.12/site-packages/airflow/example_dags/example_task_group.py
[2025-03-21T21:02:22.379+0000] {processor.py:925} INFO - DAG(s) 'example_task_group' retrieved from /home/usmail/sys_fraud/sys_detection_frauds/lib/python3.12/site-packages/airflow/example_dags/example_task_group.py
[2025-03-21T21:02:22.390+0000] {logging_mixin.py:190} INFO - [2025-03-21T21:02:22.390+0000] {dag.py:3239} INFO - Sync 1 DAGs
[2025-03-21T21:02:22.398+0000] {logging_mixin.py:190} INFO - [2025-03-21T21:02:22.398+0000] {dag.py:4180} INFO - Setting next_dagrun for example_task_group to None, run_after=None
[2025-03-21T21:02:22.413+0000] {processor.py:208} INFO - Processing /home/usmail/sys_fraud/sys_detection_frauds/lib/python3.12/site-packages/airflow/example_dags/example_task_group.py took 0.057 seconds
[2025-03-21T21:03:16.619+0000] {processor.py:186} INFO - Started process (PID=3733374) to work on /home/usmail/sys_fraud/sys_detection_frauds/lib/python3.12/site-packages/airflow/example_dags/example_task_group.py
[2025-03-21T21:03:16.628+0000] {processor.py:914} INFO - Processing file /home/usmail/sys_fraud/sys_detection_frauds/lib/python3.12/site-packages/airflow/example_dags/example_task_group.py for tasks to queue
[2025-03-21T21:03:16.631+0000] {logging_mixin.py:190} INFO - [2025-03-21T21:03:16.630+0000] {dagbag.py:588} INFO - Filling up the DagBag from /home/usmail/sys_fraud/sys_detection_frauds/lib/python3.12/site-packages/airflow/example_dags/example_task_group.py
[2025-03-21T21:03:16.641+0000] {processor.py:925} INFO - DAG(s) 'example_task_group' retrieved from /home/usmail/sys_fraud/sys_detection_frauds/lib/python3.12/site-packages/airflow/example_dags/example_task_group.py
[2025-03-21T21:03:16.650+0000] {logging_mixin.py:190} INFO - [2025-03-21T21:03:16.650+0000] {dag.py:3239} INFO - Sync 1 DAGs
[2025-03-21T21:03:16.657+0000] {logging_mixin.py:190} INFO - [2025-03-21T21:03:16.657+0000] {dag.py:4180} INFO - Setting next_dagrun for example_task_group to None, run_after=None
[2025-03-21T21:03:16.671+0000] {processor.py:208} INFO - Processing /home/usmail/sys_fraud/sys_detection_frauds/lib/python3.12/site-packages/airflow/example_dags/example_task_group.py took 0.059 seconds
[2025-03-21T21:04:11.546+0000] {processor.py:186} INFO - Started process (PID=3734046) to work on /home/usmail/sys_fraud/sys_detection_frauds/lib/python3.12/site-packages/airflow/example_dags/example_task_group.py
[2025-03-21T21:04:11.554+0000] {processor.py:914} INFO - Processing file /home/usmail/sys_fraud/sys_detection_frauds/lib/python3.12/site-packages/airflow/example_dags/example_task_group.py for tasks to queue
[2025-03-21T21:04:11.557+0000] {logging_mixin.py:190} INFO - [2025-03-21T21:04:11.557+0000] {dagbag.py:588} INFO - Filling up the DagBag from /home/usmail/sys_fraud/sys_detection_frauds/lib/python3.12/site-packages/airflow/example_dags/example_task_group.py
[2025-03-21T21:04:11.568+0000] {processor.py:925} INFO - DAG(s) 'example_task_group' retrieved from /home/usmail/sys_fraud/sys_detection_frauds/lib/python3.12/site-packages/airflow/example_dags/example_task_group.py
[2025-03-21T21:04:11.577+0000] {logging_mixin.py:190} INFO - [2025-03-21T21:04:11.577+0000] {dag.py:3239} INFO - Sync 1 DAGs
[2025-03-21T21:04:11.655+0000] {logging_mixin.py:190} INFO - [2025-03-21T21:04:11.655+0000] {dag.py:4180} INFO - Setting next_dagrun for example_task_group to None, run_after=None
[2025-03-21T21:04:11.680+0000] {processor.py:208} INFO - Processing /home/usmail/sys_fraud/sys_detection_frauds/lib/python3.12/site-packages/airflow/example_dags/example_task_group.py took 0.138 seconds
[2025-03-21T21:05:06.494+0000] {processor.py:186} INFO - Started process (PID=3734934) to work on /home/usmail/sys_fraud/sys_detection_frauds/lib/python3.12/site-packages/airflow/example_dags/example_task_group.py
[2025-03-21T21:05:06.494+0000] {processor.py:914} INFO - Processing file /home/usmail/sys_fraud/sys_detection_frauds/lib/python3.12/site-packages/airflow/example_dags/example_task_group.py for tasks to queue
[2025-03-21T21:05:06.496+0000] {logging_mixin.py:190} INFO - [2025-03-21T21:05:06.495+0000] {dagbag.py:588} INFO - Filling up the DagBag from /home/usmail/sys_fraud/sys_detection_frauds/lib/python3.12/site-packages/airflow/example_dags/example_task_group.py
[2025-03-21T21:05:06.501+0000] {processor.py:925} INFO - DAG(s) 'example_task_group' retrieved from /home/usmail/sys_fraud/sys_detection_frauds/lib/python3.12/site-packages/airflow/example_dags/example_task_group.py
[2025-03-21T21:05:06.512+0000] {logging_mixin.py:190} INFO - [2025-03-21T21:05:06.511+0000] {dag.py:3239} INFO - Sync 1 DAGs
[2025-03-21T21:05:06.521+0000] {logging_mixin.py:190} INFO - [2025-03-21T21:05:06.520+0000] {dag.py:4180} INFO - Setting next_dagrun for example_task_group to None, run_after=None
[2025-03-21T21:05:06.534+0000] {processor.py:208} INFO - Processing /home/usmail/sys_fraud/sys_detection_frauds/lib/python3.12/site-packages/airflow/example_dags/example_task_group.py took 0.045 seconds
[2025-03-21T21:06:01.448+0000] {processor.py:186} INFO - Started process (PID=3735698) to work on /home/usmail/sys_fraud/sys_detection_frauds/lib/python3.12/site-packages/airflow/example_dags/example_task_group.py
[2025-03-21T21:06:01.457+0000] {processor.py:914} INFO - Processing file /home/usmail/sys_fraud/sys_detection_frauds/lib/python3.12/site-packages/airflow/example_dags/example_task_group.py for tasks to queue
[2025-03-21T21:06:01.460+0000] {logging_mixin.py:190} INFO - [2025-03-21T21:06:01.460+0000] {dagbag.py:588} INFO - Filling up the DagBag from /home/usmail/sys_fraud/sys_detection_frauds/lib/python3.12/site-packages/airflow/example_dags/example_task_group.py
[2025-03-21T21:06:01.469+0000] {processor.py:925} INFO - DAG(s) 'example_task_group' retrieved from /home/usmail/sys_fraud/sys_detection_frauds/lib/python3.12/site-packages/airflow/example_dags/example_task_group.py
[2025-03-21T21:06:01.478+0000] {logging_mixin.py:190} INFO - [2025-03-21T21:06:01.478+0000] {dag.py:3239} INFO - Sync 1 DAGs
[2025-03-21T21:06:01.486+0000] {logging_mixin.py:190} INFO - [2025-03-21T21:06:01.486+0000] {dag.py:4180} INFO - Setting next_dagrun for example_task_group to None, run_after=None
[2025-03-21T21:06:01.506+0000] {processor.py:208} INFO - Processing /home/usmail/sys_fraud/sys_detection_frauds/lib/python3.12/site-packages/airflow/example_dags/example_task_group.py took 0.065 seconds
[2025-03-21T21:06:55.907+0000] {processor.py:186} INFO - Started process (PID=3737033) to work on /home/usmail/sys_fraud/sys_detection_frauds/lib/python3.12/site-packages/airflow/example_dags/example_task_group.py
[2025-03-21T21:06:55.908+0000] {processor.py:914} INFO - Processing file /home/usmail/sys_fraud/sys_detection_frauds/lib/python3.12/site-packages/airflow/example_dags/example_task_group.py for tasks to queue
[2025-03-21T21:06:55.909+0000] {logging_mixin.py:190} INFO - [2025-03-21T21:06:55.909+0000] {dagbag.py:588} INFO - Filling up the DagBag from /home/usmail/sys_fraud/sys_detection_frauds/lib/python3.12/site-packages/airflow/example_dags/example_task_group.py
[2025-03-21T21:06:55.915+0000] {processor.py:925} INFO - DAG(s) 'example_task_group' retrieved from /home/usmail/sys_fraud/sys_detection_frauds/lib/python3.12/site-packages/airflow/example_dags/example_task_group.py
[2025-03-21T21:06:55.926+0000] {logging_mixin.py:190} INFO - [2025-03-21T21:06:55.926+0000] {dag.py:3239} INFO - Sync 1 DAGs
[2025-03-21T21:06:55.934+0000] {logging_mixin.py:190} INFO - [2025-03-21T21:06:55.934+0000] {dag.py:4180} INFO - Setting next_dagrun for example_task_group to None, run_after=None
[2025-03-21T21:06:55.949+0000] {processor.py:208} INFO - Processing /home/usmail/sys_fraud/sys_detection_frauds/lib/python3.12/site-packages/airflow/example_dags/example_task_group.py took 0.049 seconds
[2025-03-21T21:07:49.490+0000] {processor.py:186} INFO - Started process (PID=3737713) to work on /home/usmail/sys_fraud/sys_detection_frauds/lib/python3.12/site-packages/airflow/example_dags/example_task_group.py
[2025-03-21T21:07:49.499+0000] {processor.py:914} INFO - Processing file /home/usmail/sys_fraud/sys_detection_frauds/lib/python3.12/site-packages/airflow/example_dags/example_task_group.py for tasks to queue
[2025-03-21T21:07:49.502+0000] {logging_mixin.py:190} INFO - [2025-03-21T21:07:49.501+0000] {dagbag.py:588} INFO - Filling up the DagBag from /home/usmail/sys_fraud/sys_detection_frauds/lib/python3.12/site-packages/airflow/example_dags/example_task_group.py
[2025-03-21T21:07:49.511+0000] {processor.py:925} INFO - DAG(s) 'example_task_group' retrieved from /home/usmail/sys_fraud/sys_detection_frauds/lib/python3.12/site-packages/airflow/example_dags/example_task_group.py
[2025-03-21T21:07:49.520+0000] {logging_mixin.py:190} INFO - [2025-03-21T21:07:49.520+0000] {dag.py:3239} INFO - Sync 1 DAGs
[2025-03-21T21:07:49.528+0000] {logging_mixin.py:190} INFO - [2025-03-21T21:07:49.527+0000] {dag.py:4180} INFO - Setting next_dagrun for example_task_group to None, run_after=None
[2025-03-21T21:07:49.549+0000] {processor.py:208} INFO - Processing /home/usmail/sys_fraud/sys_detection_frauds/lib/python3.12/site-packages/airflow/example_dags/example_task_group.py took 0.069 seconds
[2025-03-21T21:08:52.669+0000] {processor.py:186} INFO - Started process (PID=3738479) to work on /home/usmail/sys_fraud/sys_detection_frauds/lib/python3.12/site-packages/airflow/example_dags/example_task_group.py
[2025-03-21T21:08:52.671+0000] {processor.py:914} INFO - Processing file /home/usmail/sys_fraud/sys_detection_frauds/lib/python3.12/site-packages/airflow/example_dags/example_task_group.py for tasks to queue
[2025-03-21T21:08:52.675+0000] {logging_mixin.py:190} INFO - [2025-03-21T21:08:52.674+0000] {dagbag.py:588} INFO - Filling up the DagBag from /home/usmail/sys_fraud/sys_detection_frauds/lib/python3.12/site-packages/airflow/example_dags/example_task_group.py
[2025-03-21T21:08:52.689+0000] {processor.py:925} INFO - DAG(s) 'example_task_group' retrieved from /home/usmail/sys_fraud/sys_detection_frauds/lib/python3.12/site-packages/airflow/example_dags/example_task_group.py
[2025-03-21T21:08:52.714+0000] {logging_mixin.py:190} INFO - [2025-03-21T21:08:52.713+0000] {dag.py:3239} INFO - Sync 1 DAGs
[2025-03-21T21:08:52.729+0000] {logging_mixin.py:190} INFO - [2025-03-21T21:08:52.728+0000] {dag.py:4180} INFO - Setting next_dagrun for example_task_group to None, run_after=None
[2025-03-21T21:08:52.745+0000] {processor.py:208} INFO - Processing /home/usmail/sys_fraud/sys_detection_frauds/lib/python3.12/site-packages/airflow/example_dags/example_task_group.py took 0.089 seconds
[2025-03-21T21:09:49.048+0000] {processor.py:186} INFO - Started process (PID=3739353) to work on /home/usmail/sys_fraud/sys_detection_frauds/lib/python3.12/site-packages/airflow/example_dags/example_task_group.py
[2025-03-21T21:09:49.049+0000] {processor.py:914} INFO - Processing file /home/usmail/sys_fraud/sys_detection_frauds/lib/python3.12/site-packages/airflow/example_dags/example_task_group.py for tasks to queue
[2025-03-21T21:09:49.052+0000] {logging_mixin.py:190} INFO - [2025-03-21T21:09:49.052+0000] {dagbag.py:588} INFO - Filling up the DagBag from /home/usmail/sys_fraud/sys_detection_frauds/lib/python3.12/site-packages/airflow/example_dags/example_task_group.py
[2025-03-21T21:09:49.067+0000] {processor.py:925} INFO - DAG(s) 'example_task_group' retrieved from /home/usmail/sys_fraud/sys_detection_frauds/lib/python3.12/site-packages/airflow/example_dags/example_task_group.py
[2025-03-21T21:09:49.092+0000] {logging_mixin.py:190} INFO - [2025-03-21T21:09:49.092+0000] {dag.py:3239} INFO - Sync 1 DAGs
[2025-03-21T21:09:49.105+0000] {logging_mixin.py:190} INFO - [2025-03-21T21:09:49.105+0000] {dag.py:4180} INFO - Setting next_dagrun for example_task_group to None, run_after=None
[2025-03-21T21:09:49.124+0000] {processor.py:208} INFO - Processing /home/usmail/sys_fraud/sys_detection_frauds/lib/python3.12/site-packages/airflow/example_dags/example_task_group.py took 0.089 seconds
[2025-03-21T21:10:46.643+0000] {processor.py:186} INFO - Started process (PID=3740833) to work on /home/usmail/sys_fraud/sys_detection_frauds/lib/python3.12/site-packages/airflow/example_dags/example_task_group.py
[2025-03-21T21:10:46.652+0000] {processor.py:914} INFO - Processing file /home/usmail/sys_fraud/sys_detection_frauds/lib/python3.12/site-packages/airflow/example_dags/example_task_group.py for tasks to queue
[2025-03-21T21:10:46.654+0000] {logging_mixin.py:190} INFO - [2025-03-21T21:10:46.654+0000] {dagbag.py:588} INFO - Filling up the DagBag from /home/usmail/sys_fraud/sys_detection_frauds/lib/python3.12/site-packages/airflow/example_dags/example_task_group.py
[2025-03-21T21:10:46.667+0000] {processor.py:925} INFO - DAG(s) 'example_task_group' retrieved from /home/usmail/sys_fraud/sys_detection_frauds/lib/python3.12/site-packages/airflow/example_dags/example_task_group.py
[2025-03-21T21:10:46.691+0000] {logging_mixin.py:190} INFO - [2025-03-21T21:10:46.691+0000] {dag.py:3239} INFO - Sync 1 DAGs
[2025-03-21T21:10:46.703+0000] {logging_mixin.py:190} INFO - [2025-03-21T21:10:46.702+0000] {dag.py:4180} INFO - Setting next_dagrun for example_task_group to None, run_after=None
[2025-03-21T21:10:46.725+0000] {processor.py:208} INFO - Processing /home/usmail/sys_fraud/sys_detection_frauds/lib/python3.12/site-packages/airflow/example_dags/example_task_group.py took 0.092 seconds
[2025-03-21T21:11:43.111+0000] {processor.py:186} INFO - Started process (PID=3741932) to work on /home/usmail/sys_fraud/sys_detection_frauds/lib/python3.12/site-packages/airflow/example_dags/example_task_group.py
[2025-03-21T21:11:43.120+0000] {processor.py:914} INFO - Processing file /home/usmail/sys_fraud/sys_detection_frauds/lib/python3.12/site-packages/airflow/example_dags/example_task_group.py for tasks to queue
[2025-03-21T21:11:43.122+0000] {logging_mixin.py:190} INFO - [2025-03-21T21:11:43.121+0000] {dagbag.py:588} INFO - Filling up the DagBag from /home/usmail/sys_fraud/sys_detection_frauds/lib/python3.12/site-packages/airflow/example_dags/example_task_group.py
[2025-03-21T21:11:43.130+0000] {processor.py:925} INFO - DAG(s) 'example_task_group' retrieved from /home/usmail/sys_fraud/sys_detection_frauds/lib/python3.12/site-packages/airflow/example_dags/example_task_group.py
[2025-03-21T21:11:43.143+0000] {logging_mixin.py:190} INFO - [2025-03-21T21:11:43.143+0000] {dag.py:3239} INFO - Sync 1 DAGs
[2025-03-21T21:11:43.154+0000] {logging_mixin.py:190} INFO - [2025-03-21T21:11:43.154+0000] {dag.py:4180} INFO - Setting next_dagrun for example_task_group to None, run_after=None
[2025-03-21T21:11:43.172+0000] {processor.py:208} INFO - Processing /home/usmail/sys_fraud/sys_detection_frauds/lib/python3.12/site-packages/airflow/example_dags/example_task_group.py took 0.066 seconds
[2025-03-21T21:12:36.468+0000] {processor.py:186} INFO - Started process (PID=3742998) to work on /home/usmail/sys_fraud/sys_detection_frauds/lib/python3.12/site-packages/airflow/example_dags/example_task_group.py
[2025-03-21T21:12:36.476+0000] {processor.py:914} INFO - Processing file /home/usmail/sys_fraud/sys_detection_frauds/lib/python3.12/site-packages/airflow/example_dags/example_task_group.py for tasks to queue
[2025-03-21T21:12:36.478+0000] {logging_mixin.py:190} INFO - [2025-03-21T21:12:36.478+0000] {dagbag.py:588} INFO - Filling up the DagBag from /home/usmail/sys_fraud/sys_detection_frauds/lib/python3.12/site-packages/airflow/example_dags/example_task_group.py
[2025-03-21T21:12:36.485+0000] {processor.py:925} INFO - DAG(s) 'example_task_group' retrieved from /home/usmail/sys_fraud/sys_detection_frauds/lib/python3.12/site-packages/airflow/example_dags/example_task_group.py
[2025-03-21T21:12:36.497+0000] {logging_mixin.py:190} INFO - [2025-03-21T21:12:36.497+0000] {dag.py:3239} INFO - Sync 1 DAGs
[2025-03-21T21:12:36.506+0000] {logging_mixin.py:190} INFO - [2025-03-21T21:12:36.506+0000] {dag.py:4180} INFO - Setting next_dagrun for example_task_group to None, run_after=None
[2025-03-21T21:12:36.534+0000] {processor.py:208} INFO - Processing /home/usmail/sys_fraud/sys_detection_frauds/lib/python3.12/site-packages/airflow/example_dags/example_task_group.py took 0.072 seconds
[2025-03-21T21:13:28.002+0000] {processor.py:186} INFO - Started process (PID=3743931) to work on /home/usmail/sys_fraud/sys_detection_frauds/lib/python3.12/site-packages/airflow/example_dags/example_task_group.py
[2025-03-21T21:13:28.010+0000] {processor.py:914} INFO - Processing file /home/usmail/sys_fraud/sys_detection_frauds/lib/python3.12/site-packages/airflow/example_dags/example_task_group.py for tasks to queue
[2025-03-21T21:13:28.012+0000] {logging_mixin.py:190} INFO - [2025-03-21T21:13:28.012+0000] {dagbag.py:588} INFO - Filling up the DagBag from /home/usmail/sys_fraud/sys_detection_frauds/lib/python3.12/site-packages/airflow/example_dags/example_task_group.py
[2025-03-21T21:13:28.019+0000] {processor.py:925} INFO - DAG(s) 'example_task_group' retrieved from /home/usmail/sys_fraud/sys_detection_frauds/lib/python3.12/site-packages/airflow/example_dags/example_task_group.py
[2025-03-21T21:13:28.032+0000] {logging_mixin.py:190} INFO - [2025-03-21T21:13:28.032+0000] {dag.py:3239} INFO - Sync 1 DAGs
[2025-03-21T21:13:28.042+0000] {logging_mixin.py:190} INFO - [2025-03-21T21:13:28.042+0000] {dag.py:4180} INFO - Setting next_dagrun for example_task_group to None, run_after=None
[2025-03-21T21:13:28.058+0000] {processor.py:208} INFO - Processing /home/usmail/sys_fraud/sys_detection_frauds/lib/python3.12/site-packages/airflow/example_dags/example_task_group.py took 0.062 seconds
[2025-03-21T21:14:20.004+0000] {processor.py:186} INFO - Started process (PID=3744775) to work on /home/usmail/sys_fraud/sys_detection_frauds/lib/python3.12/site-packages/airflow/example_dags/example_task_group.py
[2025-03-21T21:14:20.013+0000] {processor.py:914} INFO - Processing file /home/usmail/sys_fraud/sys_detection_frauds/lib/python3.12/site-packages/airflow/example_dags/example_task_group.py for tasks to queue
[2025-03-21T21:14:20.017+0000] {logging_mixin.py:190} INFO - [2025-03-21T21:14:20.016+0000] {dagbag.py:588} INFO - Filling up the DagBag from /home/usmail/sys_fraud/sys_detection_frauds/lib/python3.12/site-packages/airflow/example_dags/example_task_group.py
[2025-03-21T21:14:20.031+0000] {processor.py:925} INFO - DAG(s) 'example_task_group' retrieved from /home/usmail/sys_fraud/sys_detection_frauds/lib/python3.12/site-packages/airflow/example_dags/example_task_group.py
[2025-03-21T21:14:20.056+0000] {logging_mixin.py:190} INFO - [2025-03-21T21:14:20.056+0000] {dag.py:3239} INFO - Sync 1 DAGs
[2025-03-21T21:14:20.071+0000] {logging_mixin.py:190} INFO - [2025-03-21T21:14:20.071+0000] {dag.py:4180} INFO - Setting next_dagrun for example_task_group to None, run_after=None
[2025-03-21T21:14:20.105+0000] {processor.py:208} INFO - Processing /home/usmail/sys_fraud/sys_detection_frauds/lib/python3.12/site-packages/airflow/example_dags/example_task_group.py took 0.113 seconds
[2025-03-21T21:15:22.001+0000] {processor.py:186} INFO - Started process (PID=3745549) to work on /home/usmail/sys_fraud/sys_detection_frauds/lib/python3.12/site-packages/airflow/example_dags/example_task_group.py
[2025-03-21T21:15:22.011+0000] {processor.py:914} INFO - Processing file /home/usmail/sys_fraud/sys_detection_frauds/lib/python3.12/site-packages/airflow/example_dags/example_task_group.py for tasks to queue
[2025-03-21T21:15:22.014+0000] {logging_mixin.py:190} INFO - [2025-03-21T21:15:22.014+0000] {dagbag.py:588} INFO - Filling up the DagBag from /home/usmail/sys_fraud/sys_detection_frauds/lib/python3.12/site-packages/airflow/example_dags/example_task_group.py
[2025-03-21T21:15:22.028+0000] {processor.py:925} INFO - DAG(s) 'example_task_group' retrieved from /home/usmail/sys_fraud/sys_detection_frauds/lib/python3.12/site-packages/airflow/example_dags/example_task_group.py
[2025-03-21T21:15:22.053+0000] {logging_mixin.py:190} INFO - [2025-03-21T21:15:22.053+0000] {dag.py:3239} INFO - Sync 1 DAGs
[2025-03-21T21:15:22.070+0000] {logging_mixin.py:190} INFO - [2025-03-21T21:15:22.069+0000] {dag.py:4180} INFO - Setting next_dagrun for example_task_group to None, run_after=None
[2025-03-21T21:15:22.091+0000] {processor.py:208} INFO - Processing /home/usmail/sys_fraud/sys_detection_frauds/lib/python3.12/site-packages/airflow/example_dags/example_task_group.py took 0.101 seconds
[2025-03-21T21:16:22.180+0000] {processor.py:186} INFO - Started process (PID=3746295) to work on /home/usmail/sys_fraud/sys_detection_frauds/lib/python3.12/site-packages/airflow/example_dags/example_task_group.py
[2025-03-21T21:16:22.190+0000] {processor.py:914} INFO - Processing file /home/usmail/sys_fraud/sys_detection_frauds/lib/python3.12/site-packages/airflow/example_dags/example_task_group.py for tasks to queue
[2025-03-21T21:16:22.193+0000] {logging_mixin.py:190} INFO - [2025-03-21T21:16:22.192+0000] {dagbag.py:588} INFO - Filling up the DagBag from /home/usmail/sys_fraud/sys_detection_frauds/lib/python3.12/site-packages/airflow/example_dags/example_task_group.py
[2025-03-21T21:16:22.207+0000] {processor.py:925} INFO - DAG(s) 'example_task_group' retrieved from /home/usmail/sys_fraud/sys_detection_frauds/lib/python3.12/site-packages/airflow/example_dags/example_task_group.py
[2025-03-21T21:16:22.232+0000] {logging_mixin.py:190} INFO - [2025-03-21T21:16:22.232+0000] {dag.py:3239} INFO - Sync 1 DAGs
[2025-03-21T21:16:22.248+0000] {logging_mixin.py:190} INFO - [2025-03-21T21:16:22.248+0000] {dag.py:4180} INFO - Setting next_dagrun for example_task_group to None, run_after=None
[2025-03-21T21:16:22.267+0000] {processor.py:208} INFO - Processing /home/usmail/sys_fraud/sys_detection_frauds/lib/python3.12/site-packages/airflow/example_dags/example_task_group.py took 0.098 seconds
[2025-03-21T21:17:24.431+0000] {processor.py:186} INFO - Started process (PID=3747101) to work on /home/usmail/sys_fraud/sys_detection_frauds/lib/python3.12/site-packages/airflow/example_dags/example_task_group.py
[2025-03-21T21:17:24.440+0000] {processor.py:914} INFO - Processing file /home/usmail/sys_fraud/sys_detection_frauds/lib/python3.12/site-packages/airflow/example_dags/example_task_group.py for tasks to queue
[2025-03-21T21:17:24.443+0000] {logging_mixin.py:190} INFO - [2025-03-21T21:17:24.442+0000] {dagbag.py:588} INFO - Filling up the DagBag from /home/usmail/sys_fraud/sys_detection_frauds/lib/python3.12/site-packages/airflow/example_dags/example_task_group.py
[2025-03-21T21:17:24.456+0000] {processor.py:925} INFO - DAG(s) 'example_task_group' retrieved from /home/usmail/sys_fraud/sys_detection_frauds/lib/python3.12/site-packages/airflow/example_dags/example_task_group.py
[2025-03-21T21:17:24.480+0000] {logging_mixin.py:190} INFO - [2025-03-21T21:17:24.480+0000] {dag.py:3239} INFO - Sync 1 DAGs
[2025-03-21T21:17:24.492+0000] {logging_mixin.py:190} INFO - [2025-03-21T21:17:24.492+0000] {dag.py:4180} INFO - Setting next_dagrun for example_task_group to None, run_after=None
[2025-03-21T21:17:24.514+0000] {processor.py:208} INFO - Processing /home/usmail/sys_fraud/sys_detection_frauds/lib/python3.12/site-packages/airflow/example_dags/example_task_group.py took 0.095 seconds
[2025-03-21T21:18:30.803+0000] {processor.py:186} INFO - Started process (PID=3747904) to work on /home/usmail/sys_fraud/sys_detection_frauds/lib/python3.12/site-packages/airflow/example_dags/example_task_group.py
[2025-03-21T21:18:30.812+0000] {processor.py:914} INFO - Processing file /home/usmail/sys_fraud/sys_detection_frauds/lib/python3.12/site-packages/airflow/example_dags/example_task_group.py for tasks to queue
[2025-03-21T21:18:30.815+0000] {logging_mixin.py:190} INFO - [2025-03-21T21:18:30.814+0000] {dagbag.py:588} INFO - Filling up the DagBag from /home/usmail/sys_fraud/sys_detection_frauds/lib/python3.12/site-packages/airflow/example_dags/example_task_group.py
[2025-03-21T21:18:30.829+0000] {processor.py:925} INFO - DAG(s) 'example_task_group' retrieved from /home/usmail/sys_fraud/sys_detection_frauds/lib/python3.12/site-packages/airflow/example_dags/example_task_group.py
[2025-03-21T21:18:30.855+0000] {logging_mixin.py:190} INFO - [2025-03-21T21:18:30.854+0000] {dag.py:3239} INFO - Sync 1 DAGs
[2025-03-21T21:18:30.869+0000] {logging_mixin.py:190} INFO - [2025-03-21T21:18:30.868+0000] {dag.py:4180} INFO - Setting next_dagrun for example_task_group to None, run_after=None
[2025-03-21T21:18:30.894+0000] {processor.py:208} INFO - Processing /home/usmail/sys_fraud/sys_detection_frauds/lib/python3.12/site-packages/airflow/example_dags/example_task_group.py took 0.104 seconds
[2025-03-21T21:19:32.786+0000] {processor.py:186} INFO - Started process (PID=3748658) to work on /home/usmail/sys_fraud/sys_detection_frauds/lib/python3.12/site-packages/airflow/example_dags/example_task_group.py
[2025-03-21T21:19:32.795+0000] {processor.py:914} INFO - Processing file /home/usmail/sys_fraud/sys_detection_frauds/lib/python3.12/site-packages/airflow/example_dags/example_task_group.py for tasks to queue
[2025-03-21T21:19:32.798+0000] {logging_mixin.py:190} INFO - [2025-03-21T21:19:32.798+0000] {dagbag.py:588} INFO - Filling up the DagBag from /home/usmail/sys_fraud/sys_detection_frauds/lib/python3.12/site-packages/airflow/example_dags/example_task_group.py
[2025-03-21T21:19:32.812+0000] {processor.py:925} INFO - DAG(s) 'example_task_group' retrieved from /home/usmail/sys_fraud/sys_detection_frauds/lib/python3.12/site-packages/airflow/example_dags/example_task_group.py
[2025-03-21T21:19:32.837+0000] {logging_mixin.py:190} INFO - [2025-03-21T21:19:32.836+0000] {dag.py:3239} INFO - Sync 1 DAGs
[2025-03-21T21:19:32.853+0000] {logging_mixin.py:190} INFO - [2025-03-21T21:19:32.852+0000] {dag.py:4180} INFO - Setting next_dagrun for example_task_group to None, run_after=None
[2025-03-21T21:19:32.886+0000] {processor.py:208} INFO - Processing /home/usmail/sys_fraud/sys_detection_frauds/lib/python3.12/site-packages/airflow/example_dags/example_task_group.py took 0.112 seconds
[2025-03-21T21:20:36.725+0000] {processor.py:186} INFO - Started process (PID=3749414) to work on /home/usmail/sys_fraud/sys_detection_frauds/lib/python3.12/site-packages/airflow/example_dags/example_task_group.py
[2025-03-21T21:20:36.734+0000] {processor.py:914} INFO - Processing file /home/usmail/sys_fraud/sys_detection_frauds/lib/python3.12/site-packages/airflow/example_dags/example_task_group.py for tasks to queue
[2025-03-21T21:20:36.737+0000] {logging_mixin.py:190} INFO - [2025-03-21T21:20:36.737+0000] {dagbag.py:588} INFO - Filling up the DagBag from /home/usmail/sys_fraud/sys_detection_frauds/lib/python3.12/site-packages/airflow/example_dags/example_task_group.py
[2025-03-21T21:20:36.752+0000] {processor.py:925} INFO - DAG(s) 'example_task_group' retrieved from /home/usmail/sys_fraud/sys_detection_frauds/lib/python3.12/site-packages/airflow/example_dags/example_task_group.py
[2025-03-21T21:20:36.778+0000] {logging_mixin.py:190} INFO - [2025-03-21T21:20:36.777+0000] {dag.py:3239} INFO - Sync 1 DAGs
[2025-03-21T21:20:36.794+0000] {logging_mixin.py:190} INFO - [2025-03-21T21:20:36.794+0000] {dag.py:4180} INFO - Setting next_dagrun for example_task_group to None, run_after=None
[2025-03-21T21:20:36.811+0000] {processor.py:208} INFO - Processing /home/usmail/sys_fraud/sys_detection_frauds/lib/python3.12/site-packages/airflow/example_dags/example_task_group.py took 0.098 seconds
[2025-03-21T21:21:40.967+0000] {processor.py:186} INFO - Started process (PID=3750220) to work on /home/usmail/sys_fraud/sys_detection_frauds/lib/python3.12/site-packages/airflow/example_dags/example_task_group.py
[2025-03-21T21:21:40.976+0000] {processor.py:914} INFO - Processing file /home/usmail/sys_fraud/sys_detection_frauds/lib/python3.12/site-packages/airflow/example_dags/example_task_group.py for tasks to queue
[2025-03-21T21:21:40.979+0000] {logging_mixin.py:190} INFO - [2025-03-21T21:21:40.979+0000] {dagbag.py:588} INFO - Filling up the DagBag from /home/usmail/sys_fraud/sys_detection_frauds/lib/python3.12/site-packages/airflow/example_dags/example_task_group.py
[2025-03-21T21:21:40.993+0000] {processor.py:925} INFO - DAG(s) 'example_task_group' retrieved from /home/usmail/sys_fraud/sys_detection_frauds/lib/python3.12/site-packages/airflow/example_dags/example_task_group.py
[2025-03-21T21:21:41.018+0000] {logging_mixin.py:190} INFO - [2025-03-21T21:21:41.018+0000] {dag.py:3239} INFO - Sync 1 DAGs
[2025-03-21T21:21:41.034+0000] {logging_mixin.py:190} INFO - [2025-03-21T21:21:41.034+0000] {dag.py:4180} INFO - Setting next_dagrun for example_task_group to None, run_after=None
[2025-03-21T21:21:41.056+0000] {processor.py:208} INFO - Processing /home/usmail/sys_fraud/sys_detection_frauds/lib/python3.12/site-packages/airflow/example_dags/example_task_group.py took 0.101 seconds
[2025-03-21T21:22:48.742+0000] {processor.py:186} INFO - Started process (PID=3751061) to work on /home/usmail/sys_fraud/sys_detection_frauds/lib/python3.12/site-packages/airflow/example_dags/example_task_group.py
[2025-03-21T21:22:48.751+0000] {processor.py:914} INFO - Processing file /home/usmail/sys_fraud/sys_detection_frauds/lib/python3.12/site-packages/airflow/example_dags/example_task_group.py for tasks to queue
[2025-03-21T21:22:48.754+0000] {logging_mixin.py:190} INFO - [2025-03-21T21:22:48.754+0000] {dagbag.py:588} INFO - Filling up the DagBag from /home/usmail/sys_fraud/sys_detection_frauds/lib/python3.12/site-packages/airflow/example_dags/example_task_group.py
[2025-03-21T21:22:48.769+0000] {processor.py:925} INFO - DAG(s) 'example_task_group' retrieved from /home/usmail/sys_fraud/sys_detection_frauds/lib/python3.12/site-packages/airflow/example_dags/example_task_group.py
[2025-03-21T21:22:48.794+0000] {logging_mixin.py:190} INFO - [2025-03-21T21:22:48.794+0000] {dag.py:3239} INFO - Sync 1 DAGs
[2025-03-21T21:22:48.810+0000] {logging_mixin.py:190} INFO - [2025-03-21T21:22:48.810+0000] {dag.py:4180} INFO - Setting next_dagrun for example_task_group to None, run_after=None
[2025-03-21T21:22:48.857+0000] {processor.py:208} INFO - Processing /home/usmail/sys_fraud/sys_detection_frauds/lib/python3.12/site-packages/airflow/example_dags/example_task_group.py took 0.128 seconds
[2025-03-21T21:23:50.140+0000] {processor.py:186} INFO - Started process (PID=3751812) to work on /home/usmail/sys_fraud/sys_detection_frauds/lib/python3.12/site-packages/airflow/example_dags/example_task_group.py
[2025-03-21T21:23:50.149+0000] {processor.py:914} INFO - Processing file /home/usmail/sys_fraud/sys_detection_frauds/lib/python3.12/site-packages/airflow/example_dags/example_task_group.py for tasks to queue
[2025-03-21T21:23:50.152+0000] {logging_mixin.py:190} INFO - [2025-03-21T21:23:50.151+0000] {dagbag.py:588} INFO - Filling up the DagBag from /home/usmail/sys_fraud/sys_detection_frauds/lib/python3.12/site-packages/airflow/example_dags/example_task_group.py
[2025-03-21T21:23:50.166+0000] {processor.py:925} INFO - DAG(s) 'example_task_group' retrieved from /home/usmail/sys_fraud/sys_detection_frauds/lib/python3.12/site-packages/airflow/example_dags/example_task_group.py
[2025-03-21T21:23:50.191+0000] {logging_mixin.py:190} INFO - [2025-03-21T21:23:50.190+0000] {dag.py:3239} INFO - Sync 1 DAGs
[2025-03-21T21:23:50.206+0000] {logging_mixin.py:190} INFO - [2025-03-21T21:23:50.205+0000] {dag.py:4180} INFO - Setting next_dagrun for example_task_group to None, run_after=None
[2025-03-21T21:23:50.239+0000] {processor.py:208} INFO - Processing /home/usmail/sys_fraud/sys_detection_frauds/lib/python3.12/site-packages/airflow/example_dags/example_task_group.py took 0.112 seconds
[2025-03-21T21:24:53.039+0000] {processor.py:186} INFO - Started process (PID=3752450) to work on /home/usmail/sys_fraud/sys_detection_frauds/lib/python3.12/site-packages/airflow/example_dags/example_task_group.py
[2025-03-21T21:24:53.048+0000] {processor.py:914} INFO - Processing file /home/usmail/sys_fraud/sys_detection_frauds/lib/python3.12/site-packages/airflow/example_dags/example_task_group.py for tasks to queue
[2025-03-21T21:24:53.052+0000] {logging_mixin.py:190} INFO - [2025-03-21T21:24:53.051+0000] {dagbag.py:588} INFO - Filling up the DagBag from /home/usmail/sys_fraud/sys_detection_frauds/lib/python3.12/site-packages/airflow/example_dags/example_task_group.py
[2025-03-21T21:24:53.065+0000] {processor.py:925} INFO - DAG(s) 'example_task_group' retrieved from /home/usmail/sys_fraud/sys_detection_frauds/lib/python3.12/site-packages/airflow/example_dags/example_task_group.py
[2025-03-21T21:24:53.090+0000] {logging_mixin.py:190} INFO - [2025-03-21T21:24:53.090+0000] {dag.py:3239} INFO - Sync 1 DAGs
[2025-03-21T21:24:53.107+0000] {logging_mixin.py:190} INFO - [2025-03-21T21:24:53.106+0000] {dag.py:4180} INFO - Setting next_dagrun for example_task_group to None, run_after=None
[2025-03-21T21:24:53.123+0000] {processor.py:208} INFO - Processing /home/usmail/sys_fraud/sys_detection_frauds/lib/python3.12/site-packages/airflow/example_dags/example_task_group.py took 0.097 seconds
[2025-03-21T21:25:58.273+0000] {processor.py:186} INFO - Started process (PID=3753170) to work on /home/usmail/sys_fraud/sys_detection_frauds/lib/python3.12/site-packages/airflow/example_dags/example_task_group.py
[2025-03-21T21:25:58.282+0000] {processor.py:914} INFO - Processing file /home/usmail/sys_fraud/sys_detection_frauds/lib/python3.12/site-packages/airflow/example_dags/example_task_group.py for tasks to queue
[2025-03-21T21:25:58.285+0000] {logging_mixin.py:190} INFO - [2025-03-21T21:25:58.284+0000] {dagbag.py:588} INFO - Filling up the DagBag from /home/usmail/sys_fraud/sys_detection_frauds/lib/python3.12/site-packages/airflow/example_dags/example_task_group.py
[2025-03-21T21:25:58.299+0000] {processor.py:925} INFO - DAG(s) 'example_task_group' retrieved from /home/usmail/sys_fraud/sys_detection_frauds/lib/python3.12/site-packages/airflow/example_dags/example_task_group.py
[2025-03-21T21:25:58.324+0000] {logging_mixin.py:190} INFO - [2025-03-21T21:25:58.324+0000] {dag.py:3239} INFO - Sync 1 DAGs
[2025-03-21T21:25:58.340+0000] {logging_mixin.py:190} INFO - [2025-03-21T21:25:58.340+0000] {dag.py:4180} INFO - Setting next_dagrun for example_task_group to None, run_after=None
[2025-03-21T21:25:58.372+0000] {processor.py:208} INFO - Processing /home/usmail/sys_fraud/sys_detection_frauds/lib/python3.12/site-packages/airflow/example_dags/example_task_group.py took 0.112 seconds
[2025-03-21T21:27:00.889+0000] {processor.py:186} INFO - Started process (PID=3753820) to work on /home/usmail/sys_fraud/sys_detection_frauds/lib/python3.12/site-packages/airflow/example_dags/example_task_group.py
[2025-03-21T21:27:00.891+0000] {processor.py:914} INFO - Processing file /home/usmail/sys_fraud/sys_detection_frauds/lib/python3.12/site-packages/airflow/example_dags/example_task_group.py for tasks to queue
[2025-03-21T21:27:00.894+0000] {logging_mixin.py:190} INFO - [2025-03-21T21:27:00.893+0000] {dagbag.py:588} INFO - Filling up the DagBag from /home/usmail/sys_fraud/sys_detection_frauds/lib/python3.12/site-packages/airflow/example_dags/example_task_group.py
[2025-03-21T21:27:00.908+0000] {processor.py:925} INFO - DAG(s) 'example_task_group' retrieved from /home/usmail/sys_fraud/sys_detection_frauds/lib/python3.12/site-packages/airflow/example_dags/example_task_group.py
[2025-03-21T21:27:00.933+0000] {logging_mixin.py:190} INFO - [2025-03-21T21:27:00.933+0000] {dag.py:3239} INFO - Sync 1 DAGs
[2025-03-21T21:27:00.947+0000] {logging_mixin.py:190} INFO - [2025-03-21T21:27:00.947+0000] {dag.py:4180} INFO - Setting next_dagrun for example_task_group to None, run_after=None
[2025-03-21T21:27:00.964+0000] {processor.py:208} INFO - Processing /home/usmail/sys_fraud/sys_detection_frauds/lib/python3.12/site-packages/airflow/example_dags/example_task_group.py took 0.087 seconds
[2025-03-21T21:28:03.150+0000] {processor.py:186} INFO - Started process (PID=3754474) to work on /home/usmail/sys_fraud/sys_detection_frauds/lib/python3.12/site-packages/airflow/example_dags/example_task_group.py
[2025-03-21T21:28:03.159+0000] {processor.py:914} INFO - Processing file /home/usmail/sys_fraud/sys_detection_frauds/lib/python3.12/site-packages/airflow/example_dags/example_task_group.py for tasks to queue
[2025-03-21T21:28:03.162+0000] {logging_mixin.py:190} INFO - [2025-03-21T21:28:03.162+0000] {dagbag.py:588} INFO - Filling up the DagBag from /home/usmail/sys_fraud/sys_detection_frauds/lib/python3.12/site-packages/airflow/example_dags/example_task_group.py
[2025-03-21T21:28:03.176+0000] {processor.py:925} INFO - DAG(s) 'example_task_group' retrieved from /home/usmail/sys_fraud/sys_detection_frauds/lib/python3.12/site-packages/airflow/example_dags/example_task_group.py
[2025-03-21T21:28:03.202+0000] {logging_mixin.py:190} INFO - [2025-03-21T21:28:03.202+0000] {dag.py:3239} INFO - Sync 1 DAGs
[2025-03-21T21:28:03.217+0000] {logging_mixin.py:190} INFO - [2025-03-21T21:28:03.217+0000] {dag.py:4180} INFO - Setting next_dagrun for example_task_group to None, run_after=None
[2025-03-21T21:28:03.234+0000] {processor.py:208} INFO - Processing /home/usmail/sys_fraud/sys_detection_frauds/lib/python3.12/site-packages/airflow/example_dags/example_task_group.py took 0.097 seconds
[2025-03-21T21:29:03.851+0000] {processor.py:186} INFO - Started process (PID=3755090) to work on /home/usmail/sys_fraud/sys_detection_frauds/lib/python3.12/site-packages/airflow/example_dags/example_task_group.py
[2025-03-21T21:29:03.860+0000] {processor.py:914} INFO - Processing file /home/usmail/sys_fraud/sys_detection_frauds/lib/python3.12/site-packages/airflow/example_dags/example_task_group.py for tasks to queue
[2025-03-21T21:29:03.863+0000] {logging_mixin.py:190} INFO - [2025-03-21T21:29:03.863+0000] {dagbag.py:588} INFO - Filling up the DagBag from /home/usmail/sys_fraud/sys_detection_frauds/lib/python3.12/site-packages/airflow/example_dags/example_task_group.py
[2025-03-21T21:29:03.877+0000] {processor.py:925} INFO - DAG(s) 'example_task_group' retrieved from /home/usmail/sys_fraud/sys_detection_frauds/lib/python3.12/site-packages/airflow/example_dags/example_task_group.py
[2025-03-21T21:29:03.902+0000] {logging_mixin.py:190} INFO - [2025-03-21T21:29:03.901+0000] {dag.py:3239} INFO - Sync 1 DAGs
[2025-03-21T21:29:03.917+0000] {logging_mixin.py:190} INFO - [2025-03-21T21:29:03.917+0000] {dag.py:4180} INFO - Setting next_dagrun for example_task_group to None, run_after=None
[2025-03-21T21:29:03.933+0000] {processor.py:208} INFO - Processing /home/usmail/sys_fraud/sys_detection_frauds/lib/python3.12/site-packages/airflow/example_dags/example_task_group.py took 0.094 seconds
[2025-03-21T21:30:08.000+0000] {processor.py:186} INFO - Started process (PID=3755778) to work on /home/usmail/sys_fraud/sys_detection_frauds/lib/python3.12/site-packages/airflow/example_dags/example_task_group.py
[2025-03-21T21:30:08.009+0000] {processor.py:914} INFO - Processing file /home/usmail/sys_fraud/sys_detection_frauds/lib/python3.12/site-packages/airflow/example_dags/example_task_group.py for tasks to queue
[2025-03-21T21:30:08.012+0000] {logging_mixin.py:190} INFO - [2025-03-21T21:30:08.011+0000] {dagbag.py:588} INFO - Filling up the DagBag from /home/usmail/sys_fraud/sys_detection_frauds/lib/python3.12/site-packages/airflow/example_dags/example_task_group.py
[2025-03-21T21:30:08.026+0000] {processor.py:925} INFO - DAG(s) 'example_task_group' retrieved from /home/usmail/sys_fraud/sys_detection_frauds/lib/python3.12/site-packages/airflow/example_dags/example_task_group.py
[2025-03-21T21:30:08.051+0000] {logging_mixin.py:190} INFO - [2025-03-21T21:30:08.051+0000] {dag.py:3239} INFO - Sync 1 DAGs
[2025-03-21T21:30:08.064+0000] {logging_mixin.py:190} INFO - [2025-03-21T21:30:08.063+0000] {dag.py:4180} INFO - Setting next_dagrun for example_task_group to None, run_after=None
[2025-03-21T21:30:08.092+0000] {processor.py:208} INFO - Processing /home/usmail/sys_fraud/sys_detection_frauds/lib/python3.12/site-packages/airflow/example_dags/example_task_group.py took 0.104 seconds
[2025-03-21T21:31:14.403+0000] {processor.py:186} INFO - Started process (PID=3756471) to work on /home/usmail/sys_fraud/sys_detection_frauds/lib/python3.12/site-packages/airflow/example_dags/example_task_group.py
[2025-03-21T21:31:14.412+0000] {processor.py:914} INFO - Processing file /home/usmail/sys_fraud/sys_detection_frauds/lib/python3.12/site-packages/airflow/example_dags/example_task_group.py for tasks to queue
[2025-03-21T21:31:14.415+0000] {logging_mixin.py:190} INFO - [2025-03-21T21:31:14.415+0000] {dagbag.py:588} INFO - Filling up the DagBag from /home/usmail/sys_fraud/sys_detection_frauds/lib/python3.12/site-packages/airflow/example_dags/example_task_group.py
[2025-03-21T21:31:14.429+0000] {processor.py:925} INFO - DAG(s) 'example_task_group' retrieved from /home/usmail/sys_fraud/sys_detection_frauds/lib/python3.12/site-packages/airflow/example_dags/example_task_group.py
[2025-03-21T21:31:14.455+0000] {logging_mixin.py:190} INFO - [2025-03-21T21:31:14.454+0000] {dag.py:3239} INFO - Sync 1 DAGs
[2025-03-21T21:31:14.471+0000] {logging_mixin.py:190} INFO - [2025-03-21T21:31:14.470+0000] {dag.py:4180} INFO - Setting next_dagrun for example_task_group to None, run_after=None
[2025-03-21T21:31:14.502+0000] {processor.py:208} INFO - Processing /home/usmail/sys_fraud/sys_detection_frauds/lib/python3.12/site-packages/airflow/example_dags/example_task_group.py took 0.112 seconds
[2025-03-21T21:32:20.667+0000] {processor.py:186} INFO - Started process (PID=3757168) to work on /home/usmail/sys_fraud/sys_detection_frauds/lib/python3.12/site-packages/airflow/example_dags/example_task_group.py
[2025-03-21T21:32:20.676+0000] {processor.py:914} INFO - Processing file /home/usmail/sys_fraud/sys_detection_frauds/lib/python3.12/site-packages/airflow/example_dags/example_task_group.py for tasks to queue
[2025-03-21T21:32:20.679+0000] {logging_mixin.py:190} INFO - [2025-03-21T21:32:20.678+0000] {dagbag.py:588} INFO - Filling up the DagBag from /home/usmail/sys_fraud/sys_detection_frauds/lib/python3.12/site-packages/airflow/example_dags/example_task_group.py
[2025-03-21T21:32:20.692+0000] {processor.py:925} INFO - DAG(s) 'example_task_group' retrieved from /home/usmail/sys_fraud/sys_detection_frauds/lib/python3.12/site-packages/airflow/example_dags/example_task_group.py
[2025-03-21T21:32:20.718+0000] {logging_mixin.py:190} INFO - [2025-03-21T21:32:20.717+0000] {dag.py:3239} INFO - Sync 1 DAGs
[2025-03-21T21:32:20.733+0000] {logging_mixin.py:190} INFO - [2025-03-21T21:32:20.733+0000] {dag.py:4180} INFO - Setting next_dagrun for example_task_group to None, run_after=None
[2025-03-21T21:32:20.750+0000] {processor.py:208} INFO - Processing /home/usmail/sys_fraud/sys_detection_frauds/lib/python3.12/site-packages/airflow/example_dags/example_task_group.py took 0.095 seconds
[2025-03-21T21:33:21.321+0000] {processor.py:186} INFO - Started process (PID=3757809) to work on /home/usmail/sys_fraud/sys_detection_frauds/lib/python3.12/site-packages/airflow/example_dags/example_task_group.py
[2025-03-21T21:33:21.330+0000] {processor.py:914} INFO - Processing file /home/usmail/sys_fraud/sys_detection_frauds/lib/python3.12/site-packages/airflow/example_dags/example_task_group.py for tasks to queue
[2025-03-21T21:33:21.334+0000] {logging_mixin.py:190} INFO - [2025-03-21T21:33:21.333+0000] {dagbag.py:588} INFO - Filling up the DagBag from /home/usmail/sys_fraud/sys_detection_frauds/lib/python3.12/site-packages/airflow/example_dags/example_task_group.py
[2025-03-21T21:33:21.347+0000] {processor.py:925} INFO - DAG(s) 'example_task_group' retrieved from /home/usmail/sys_fraud/sys_detection_frauds/lib/python3.12/site-packages/airflow/example_dags/example_task_group.py
[2025-03-21T21:33:21.373+0000] {logging_mixin.py:190} INFO - [2025-03-21T21:33:21.372+0000] {dag.py:3239} INFO - Sync 1 DAGs
[2025-03-21T21:33:21.388+0000] {logging_mixin.py:190} INFO - [2025-03-21T21:33:21.388+0000] {dag.py:4180} INFO - Setting next_dagrun for example_task_group to None, run_after=None
[2025-03-21T21:33:21.424+0000] {processor.py:208} INFO - Processing /home/usmail/sys_fraud/sys_detection_frauds/lib/python3.12/site-packages/airflow/example_dags/example_task_group.py took 0.115 seconds
[2025-03-21T22:19:39.212+0000] {processor.py:186} INFO - Started process (PID=3758702) to work on /home/usmail/sys_fraud/sys_detection_frauds/lib/python3.12/site-packages/airflow/example_dags/example_task_group.py
[2025-03-21T22:19:39.222+0000] {processor.py:914} INFO - Processing file /home/usmail/sys_fraud/sys_detection_frauds/lib/python3.12/site-packages/airflow/example_dags/example_task_group.py for tasks to queue
[2025-03-21T22:19:39.225+0000] {logging_mixin.py:190} INFO - [2025-03-21T22:19:39.224+0000] {dagbag.py:588} INFO - Filling up the DagBag from /home/usmail/sys_fraud/sys_detection_frauds/lib/python3.12/site-packages/airflow/example_dags/example_task_group.py
[2025-03-21T22:19:39.239+0000] {processor.py:925} INFO - DAG(s) 'example_task_group' retrieved from /home/usmail/sys_fraud/sys_detection_frauds/lib/python3.12/site-packages/airflow/example_dags/example_task_group.py
[2025-03-21T22:19:39.265+0000] {logging_mixin.py:190} INFO - [2025-03-21T22:19:39.265+0000] {dag.py:3239} INFO - Sync 1 DAGs
[2025-03-21T22:19:39.280+0000] {logging_mixin.py:190} INFO - [2025-03-21T22:19:39.280+0000] {dag.py:4180} INFO - Setting next_dagrun for example_task_group to None, run_after=None
[2025-03-21T22:19:39.302+0000] {processor.py:208} INFO - Processing /home/usmail/sys_fraud/sys_detection_frauds/lib/python3.12/site-packages/airflow/example_dags/example_task_group.py took 0.103 seconds
[2025-03-21T22:20:35.334+0000] {processor.py:186} INFO - Started process (PID=3759586) to work on /home/usmail/sys_fraud/sys_detection_frauds/lib/python3.12/site-packages/airflow/example_dags/example_task_group.py
[2025-03-21T22:20:35.343+0000] {processor.py:914} INFO - Processing file /home/usmail/sys_fraud/sys_detection_frauds/lib/python3.12/site-packages/airflow/example_dags/example_task_group.py for tasks to queue
[2025-03-21T22:20:35.347+0000] {logging_mixin.py:190} INFO - [2025-03-21T22:20:35.346+0000] {dagbag.py:588} INFO - Filling up the DagBag from /home/usmail/sys_fraud/sys_detection_frauds/lib/python3.12/site-packages/airflow/example_dags/example_task_group.py
[2025-03-21T22:20:35.361+0000] {processor.py:925} INFO - DAG(s) 'example_task_group' retrieved from /home/usmail/sys_fraud/sys_detection_frauds/lib/python3.12/site-packages/airflow/example_dags/example_task_group.py
[2025-03-21T22:20:35.388+0000] {logging_mixin.py:190} INFO - [2025-03-21T22:20:35.388+0000] {dag.py:3239} INFO - Sync 1 DAGs
[2025-03-21T22:20:35.403+0000] {logging_mixin.py:190} INFO - [2025-03-21T22:20:35.402+0000] {dag.py:4180} INFO - Setting next_dagrun for example_task_group to None, run_after=None
[2025-03-21T22:20:35.418+0000] {processor.py:208} INFO - Processing /home/usmail/sys_fraud/sys_detection_frauds/lib/python3.12/site-packages/airflow/example_dags/example_task_group.py took 0.097 seconds
[2025-03-21T22:21:37.610+0000] {processor.py:186} INFO - Started process (PID=3760377) to work on /home/usmail/sys_fraud/sys_detection_frauds/lib/python3.12/site-packages/airflow/example_dags/example_task_group.py
[2025-03-21T22:21:37.620+0000] {processor.py:914} INFO - Processing file /home/usmail/sys_fraud/sys_detection_frauds/lib/python3.12/site-packages/airflow/example_dags/example_task_group.py for tasks to queue
[2025-03-21T22:21:37.622+0000] {logging_mixin.py:190} INFO - [2025-03-21T22:21:37.621+0000] {dagbag.py:588} INFO - Filling up the DagBag from /home/usmail/sys_fraud/sys_detection_frauds/lib/python3.12/site-packages/airflow/example_dags/example_task_group.py
[2025-03-21T22:21:37.639+0000] {processor.py:925} INFO - DAG(s) 'example_task_group' retrieved from /home/usmail/sys_fraud/sys_detection_frauds/lib/python3.12/site-packages/airflow/example_dags/example_task_group.py
[2025-03-21T22:21:37.665+0000] {logging_mixin.py:190} INFO - [2025-03-21T22:21:37.665+0000] {dag.py:3239} INFO - Sync 1 DAGs
[2025-03-21T22:21:37.677+0000] {logging_mixin.py:190} INFO - [2025-03-21T22:21:37.677+0000] {dag.py:4180} INFO - Setting next_dagrun for example_task_group to None, run_after=None
[2025-03-21T22:21:37.698+0000] {processor.py:208} INFO - Processing /home/usmail/sys_fraud/sys_detection_frauds/lib/python3.12/site-packages/airflow/example_dags/example_task_group.py took 0.103 seconds
