[2025-03-21T20:49:37.585+0000] {processor.py:186} INFO - Started process (PID=3722965) to work on /home/usmail/sys_fraud/sys_detection_frauds/lib/python3.12/site-packages/airflow/example_dags/example_xcomargs.py
[2025-03-21T20:49:37.586+0000] {processor.py:914} INFO - Processing file /home/usmail/sys_fraud/sys_detection_frauds/lib/python3.12/site-packages/airflow/example_dags/example_xcomargs.py for tasks to queue
[2025-03-21T20:49:37.589+0000] {logging_mixin.py:190} INFO - [2025-03-21T20:49:37.589+0000] {dagbag.py:588} INFO - Filling up the DagBag from /home/usmail/sys_fraud/sys_detection_frauds/lib/python3.12/site-packages/airflow/example_dags/example_xcomargs.py
[2025-03-21T20:49:37.597+0000] {processor.py:925} INFO - DAG(s) 'example_xcom_args_with_operators', 'example_xcom_args' retrieved from /home/usmail/sys_fraud/sys_detection_frauds/lib/python3.12/site-packages/airflow/example_dags/example_xcomargs.py
[2025-03-21T20:49:37.670+0000] {logging_mixin.py:190} INFO - [2025-03-21T20:49:37.670+0000] {override.py:1912} INFO - Created Permission View: can edit on DAG:example_xcom_args_with_operators
[2025-03-21T20:49:37.678+0000] {logging_mixin.py:190} INFO - [2025-03-21T20:49:37.678+0000] {override.py:1912} INFO - Created Permission View: can read on DAG:example_xcom_args_with_operators
[2025-03-21T20:49:37.683+0000] {logging_mixin.py:190} INFO - [2025-03-21T20:49:37.683+0000] {override.py:1912} INFO - Created Permission View: can delete on DAG:example_xcom_args_with_operators
[2025-03-21T20:49:37.691+0000] {logging_mixin.py:190} INFO - [2025-03-21T20:49:37.690+0000] {override.py:1912} INFO - Created Permission View: can create on DAG Run:example_xcom_args_with_operators
[2025-03-21T20:49:37.696+0000] {logging_mixin.py:190} INFO - [2025-03-21T20:49:37.696+0000] {override.py:1912} INFO - Created Permission View: menu access on DAG Run:example_xcom_args_with_operators
[2025-03-21T20:49:37.701+0000] {logging_mixin.py:190} INFO - [2025-03-21T20:49:37.701+0000] {override.py:1912} INFO - Created Permission View: can read on DAG Run:example_xcom_args_with_operators
[2025-03-21T20:49:37.706+0000] {logging_mixin.py:190} INFO - [2025-03-21T20:49:37.706+0000] {override.py:1912} INFO - Created Permission View: can delete on DAG Run:example_xcom_args_with_operators
[2025-03-21T20:49:37.718+0000] {logging_mixin.py:190} INFO - [2025-03-21T20:49:37.718+0000] {override.py:1912} INFO - Created Permission View: can edit on DAG:example_xcom_args
[2025-03-21T20:49:37.723+0000] {logging_mixin.py:190} INFO - [2025-03-21T20:49:37.723+0000] {override.py:1912} INFO - Created Permission View: can read on DAG:example_xcom_args
[2025-03-21T20:49:37.729+0000] {logging_mixin.py:190} INFO - [2025-03-21T20:49:37.728+0000] {override.py:1912} INFO - Created Permission View: can delete on DAG:example_xcom_args
[2025-03-21T20:49:37.737+0000] {logging_mixin.py:190} INFO - [2025-03-21T20:49:37.737+0000] {override.py:1912} INFO - Created Permission View: can create on DAG Run:example_xcom_args
[2025-03-21T20:49:37.743+0000] {logging_mixin.py:190} INFO - [2025-03-21T20:49:37.742+0000] {override.py:1912} INFO - Created Permission View: menu access on DAG Run:example_xcom_args
[2025-03-21T20:49:37.748+0000] {logging_mixin.py:190} INFO - [2025-03-21T20:49:37.748+0000] {override.py:1912} INFO - Created Permission View: can read on DAG Run:example_xcom_args
[2025-03-21T20:49:37.753+0000] {logging_mixin.py:190} INFO - [2025-03-21T20:49:37.753+0000] {override.py:1912} INFO - Created Permission View: can delete on DAG Run:example_xcom_args
[2025-03-21T20:49:37.753+0000] {logging_mixin.py:190} INFO - [2025-03-21T20:49:37.753+0000] {dag.py:3239} INFO - Sync 2 DAGs
[2025-03-21T20:49:37.760+0000] {logging_mixin.py:190} INFO - [2025-03-21T20:49:37.760+0000] {dag.py:3262} INFO - Creating ORM DAG for example_xcom_args_with_operators
[2025-03-21T20:49:37.760+0000] {logging_mixin.py:190} INFO - [2025-03-21T20:49:37.760+0000] {dag.py:3262} INFO - Creating ORM DAG for example_xcom_args
[2025-03-21T20:49:37.761+0000] {logging_mixin.py:190} INFO - [2025-03-21T20:49:37.761+0000] {dag.py:4180} INFO - Setting next_dagrun for example_xcom_args to None, run_after=None
[2025-03-21T20:49:37.761+0000] {logging_mixin.py:190} INFO - [2025-03-21T20:49:37.761+0000] {dag.py:4180} INFO - Setting next_dagrun for example_xcom_args_with_operators to None, run_after=None
[2025-03-21T20:49:37.773+0000] {processor.py:208} INFO - Processing /home/usmail/sys_fraud/sys_detection_frauds/lib/python3.12/site-packages/airflow/example_dags/example_xcomargs.py took 0.195 seconds
[2025-03-21T20:50:37.709+0000] {processor.py:186} INFO - Started process (PID=3723702) to work on /home/usmail/sys_fraud/sys_detection_frauds/lib/python3.12/site-packages/airflow/example_dags/example_xcomargs.py
[2025-03-21T20:50:37.718+0000] {processor.py:914} INFO - Processing file /home/usmail/sys_fraud/sys_detection_frauds/lib/python3.12/site-packages/airflow/example_dags/example_xcomargs.py for tasks to queue
[2025-03-21T20:50:37.721+0000] {logging_mixin.py:190} INFO - [2025-03-21T20:50:37.720+0000] {dagbag.py:588} INFO - Filling up the DagBag from /home/usmail/sys_fraud/sys_detection_frauds/lib/python3.12/site-packages/airflow/example_dags/example_xcomargs.py
[2025-03-21T20:50:37.731+0000] {processor.py:925} INFO - DAG(s) 'example_xcom_args', 'example_xcom_args_with_operators' retrieved from /home/usmail/sys_fraud/sys_detection_frauds/lib/python3.12/site-packages/airflow/example_dags/example_xcomargs.py
[2025-03-21T20:50:37.742+0000] {logging_mixin.py:190} INFO - [2025-03-21T20:50:37.742+0000] {dag.py:3239} INFO - Sync 2 DAGs
[2025-03-21T20:50:37.748+0000] {logging_mixin.py:190} INFO - [2025-03-21T20:50:37.748+0000] {dag.py:4180} INFO - Setting next_dagrun for example_xcom_args to None, run_after=None
[2025-03-21T20:50:37.750+0000] {logging_mixin.py:190} INFO - [2025-03-21T20:50:37.750+0000] {dag.py:4180} INFO - Setting next_dagrun for example_xcom_args_with_operators to None, run_after=None
[2025-03-21T20:50:37.761+0000] {processor.py:208} INFO - Processing /home/usmail/sys_fraud/sys_detection_frauds/lib/python3.12/site-packages/airflow/example_dags/example_xcomargs.py took 0.060 seconds
[2025-03-21T20:51:33.035+0000] {processor.py:186} INFO - Started process (PID=3724379) to work on /home/usmail/sys_fraud/sys_detection_frauds/lib/python3.12/site-packages/airflow/example_dags/example_xcomargs.py
[2025-03-21T20:51:33.045+0000] {processor.py:914} INFO - Processing file /home/usmail/sys_fraud/sys_detection_frauds/lib/python3.12/site-packages/airflow/example_dags/example_xcomargs.py for tasks to queue
[2025-03-21T20:51:33.048+0000] {logging_mixin.py:190} INFO - [2025-03-21T20:51:33.048+0000] {dagbag.py:588} INFO - Filling up the DagBag from /home/usmail/sys_fraud/sys_detection_frauds/lib/python3.12/site-packages/airflow/example_dags/example_xcomargs.py
[2025-03-21T20:51:33.059+0000] {processor.py:925} INFO - DAG(s) 'example_xcom_args_with_operators', 'example_xcom_args' retrieved from /home/usmail/sys_fraud/sys_detection_frauds/lib/python3.12/site-packages/airflow/example_dags/example_xcomargs.py
[2025-03-21T20:51:33.070+0000] {logging_mixin.py:190} INFO - [2025-03-21T20:51:33.069+0000] {dag.py:3239} INFO - Sync 2 DAGs
[2025-03-21T20:51:33.077+0000] {logging_mixin.py:190} INFO - [2025-03-21T20:51:33.077+0000] {dag.py:4180} INFO - Setting next_dagrun for example_xcom_args to None, run_after=None
[2025-03-21T20:51:33.079+0000] {logging_mixin.py:190} INFO - [2025-03-21T20:51:33.079+0000] {dag.py:4180} INFO - Setting next_dagrun for example_xcom_args_with_operators to None, run_after=None
[2025-03-21T20:51:33.097+0000] {processor.py:208} INFO - Processing /home/usmail/sys_fraud/sys_detection_frauds/lib/python3.12/site-packages/airflow/example_dags/example_xcomargs.py took 0.067 seconds
[2025-03-21T20:52:23.497+0000] {processor.py:186} INFO - Started process (PID=3725021) to work on /home/usmail/sys_fraud/sys_detection_frauds/lib/python3.12/site-packages/airflow/example_dags/example_xcomargs.py
[2025-03-21T20:52:23.506+0000] {processor.py:914} INFO - Processing file /home/usmail/sys_fraud/sys_detection_frauds/lib/python3.12/site-packages/airflow/example_dags/example_xcomargs.py for tasks to queue
[2025-03-21T20:52:23.510+0000] {logging_mixin.py:190} INFO - [2025-03-21T20:52:23.509+0000] {dagbag.py:588} INFO - Filling up the DagBag from /home/usmail/sys_fraud/sys_detection_frauds/lib/python3.12/site-packages/airflow/example_dags/example_xcomargs.py
[2025-03-21T20:52:23.520+0000] {processor.py:925} INFO - DAG(s) 'example_xcom_args_with_operators', 'example_xcom_args' retrieved from /home/usmail/sys_fraud/sys_detection_frauds/lib/python3.12/site-packages/airflow/example_dags/example_xcomargs.py
[2025-03-21T20:52:23.530+0000] {logging_mixin.py:190} INFO - [2025-03-21T20:52:23.530+0000] {dag.py:3239} INFO - Sync 2 DAGs
[2025-03-21T20:52:23.537+0000] {logging_mixin.py:190} INFO - [2025-03-21T20:52:23.536+0000] {dag.py:4180} INFO - Setting next_dagrun for example_xcom_args to None, run_after=None
[2025-03-21T20:52:23.538+0000] {logging_mixin.py:190} INFO - [2025-03-21T20:52:23.538+0000] {dag.py:4180} INFO - Setting next_dagrun for example_xcom_args_with_operators to None, run_after=None
[2025-03-21T20:52:23.568+0000] {processor.py:208} INFO - Processing /home/usmail/sys_fraud/sys_detection_frauds/lib/python3.12/site-packages/airflow/example_dags/example_xcomargs.py took 0.080 seconds
[2025-03-21T20:53:15.917+0000] {processor.py:186} INFO - Started process (PID=3725600) to work on /home/usmail/sys_fraud/sys_detection_frauds/lib/python3.12/site-packages/airflow/example_dags/example_xcomargs.py
[2025-03-21T20:53:15.926+0000] {processor.py:914} INFO - Processing file /home/usmail/sys_fraud/sys_detection_frauds/lib/python3.12/site-packages/airflow/example_dags/example_xcomargs.py for tasks to queue
[2025-03-21T20:53:15.930+0000] {logging_mixin.py:190} INFO - [2025-03-21T20:53:15.929+0000] {dagbag.py:588} INFO - Filling up the DagBag from /home/usmail/sys_fraud/sys_detection_frauds/lib/python3.12/site-packages/airflow/example_dags/example_xcomargs.py
[2025-03-21T20:53:15.940+0000] {processor.py:925} INFO - DAG(s) 'example_xcom_args', 'example_xcom_args_with_operators' retrieved from /home/usmail/sys_fraud/sys_detection_frauds/lib/python3.12/site-packages/airflow/example_dags/example_xcomargs.py
[2025-03-21T20:53:15.950+0000] {logging_mixin.py:190} INFO - [2025-03-21T20:53:15.950+0000] {dag.py:3239} INFO - Sync 2 DAGs
[2025-03-21T20:53:15.958+0000] {logging_mixin.py:190} INFO - [2025-03-21T20:53:15.958+0000] {dag.py:4180} INFO - Setting next_dagrun for example_xcom_args to None, run_after=None
[2025-03-21T20:53:15.960+0000] {logging_mixin.py:190} INFO - [2025-03-21T20:53:15.960+0000] {dag.py:4180} INFO - Setting next_dagrun for example_xcom_args_with_operators to None, run_after=None
[2025-03-21T20:53:15.971+0000] {processor.py:208} INFO - Processing /home/usmail/sys_fraud/sys_detection_frauds/lib/python3.12/site-packages/airflow/example_dags/example_xcomargs.py took 0.058 seconds
[2025-03-21T20:54:10.412+0000] {processor.py:186} INFO - Started process (PID=3726285) to work on /home/usmail/sys_fraud/sys_detection_frauds/lib/python3.12/site-packages/airflow/example_dags/example_xcomargs.py
[2025-03-21T20:54:10.420+0000] {processor.py:914} INFO - Processing file /home/usmail/sys_fraud/sys_detection_frauds/lib/python3.12/site-packages/airflow/example_dags/example_xcomargs.py for tasks to queue
[2025-03-21T20:54:10.422+0000] {logging_mixin.py:190} INFO - [2025-03-21T20:54:10.422+0000] {dagbag.py:588} INFO - Filling up the DagBag from /home/usmail/sys_fraud/sys_detection_frauds/lib/python3.12/site-packages/airflow/example_dags/example_xcomargs.py
[2025-03-21T20:54:10.428+0000] {processor.py:925} INFO - DAG(s) 'example_xcom_args', 'example_xcom_args_with_operators' retrieved from /home/usmail/sys_fraud/sys_detection_frauds/lib/python3.12/site-packages/airflow/example_dags/example_xcomargs.py
[2025-03-21T20:54:10.439+0000] {logging_mixin.py:190} INFO - [2025-03-21T20:54:10.439+0000] {dag.py:3239} INFO - Sync 2 DAGs
[2025-03-21T20:54:10.529+0000] {logging_mixin.py:190} INFO - [2025-03-21T20:54:10.529+0000] {dag.py:4180} INFO - Setting next_dagrun for example_xcom_args to None, run_after=None
[2025-03-21T20:54:10.531+0000] {logging_mixin.py:190} INFO - [2025-03-21T20:54:10.531+0000] {dag.py:4180} INFO - Setting next_dagrun for example_xcom_args_with_operators to None, run_after=None
[2025-03-21T20:54:10.553+0000] {processor.py:208} INFO - Processing /home/usmail/sys_fraud/sys_detection_frauds/lib/python3.12/site-packages/airflow/example_dags/example_xcomargs.py took 0.145 seconds
[2025-03-21T20:55:02.136+0000] {processor.py:186} INFO - Started process (PID=3726942) to work on /home/usmail/sys_fraud/sys_detection_frauds/lib/python3.12/site-packages/airflow/example_dags/example_xcomargs.py
[2025-03-21T20:55:02.144+0000] {processor.py:914} INFO - Processing file /home/usmail/sys_fraud/sys_detection_frauds/lib/python3.12/site-packages/airflow/example_dags/example_xcomargs.py for tasks to queue
[2025-03-21T20:55:02.146+0000] {logging_mixin.py:190} INFO - [2025-03-21T20:55:02.146+0000] {dagbag.py:588} INFO - Filling up the DagBag from /home/usmail/sys_fraud/sys_detection_frauds/lib/python3.12/site-packages/airflow/example_dags/example_xcomargs.py
[2025-03-21T20:55:02.155+0000] {processor.py:925} INFO - DAG(s) 'example_xcom_args', 'example_xcom_args_with_operators' retrieved from /home/usmail/sys_fraud/sys_detection_frauds/lib/python3.12/site-packages/airflow/example_dags/example_xcomargs.py
[2025-03-21T20:55:02.165+0000] {logging_mixin.py:190} INFO - [2025-03-21T20:55:02.165+0000] {dag.py:3239} INFO - Sync 2 DAGs
[2025-03-21T20:55:02.173+0000] {logging_mixin.py:190} INFO - [2025-03-21T20:55:02.173+0000] {dag.py:4180} INFO - Setting next_dagrun for example_xcom_args to None, run_after=None
[2025-03-21T20:55:02.175+0000] {logging_mixin.py:190} INFO - [2025-03-21T20:55:02.174+0000] {dag.py:4180} INFO - Setting next_dagrun for example_xcom_args_with_operators to None, run_after=None
[2025-03-21T20:55:02.186+0000] {processor.py:208} INFO - Processing /home/usmail/sys_fraud/sys_detection_frauds/lib/python3.12/site-packages/airflow/example_dags/example_xcomargs.py took 0.055 seconds
[2025-03-21T20:55:52.464+0000] {processor.py:186} INFO - Started process (PID=3727553) to work on /home/usmail/sys_fraud/sys_detection_frauds/lib/python3.12/site-packages/airflow/example_dags/example_xcomargs.py
[2025-03-21T20:55:52.473+0000] {processor.py:914} INFO - Processing file /home/usmail/sys_fraud/sys_detection_frauds/lib/python3.12/site-packages/airflow/example_dags/example_xcomargs.py for tasks to queue
[2025-03-21T20:55:52.476+0000] {logging_mixin.py:190} INFO - [2025-03-21T20:55:52.475+0000] {dagbag.py:588} INFO - Filling up the DagBag from /home/usmail/sys_fraud/sys_detection_frauds/lib/python3.12/site-packages/airflow/example_dags/example_xcomargs.py
[2025-03-21T20:55:52.485+0000] {processor.py:925} INFO - DAG(s) 'example_xcom_args_with_operators', 'example_xcom_args' retrieved from /home/usmail/sys_fraud/sys_detection_frauds/lib/python3.12/site-packages/airflow/example_dags/example_xcomargs.py
[2025-03-21T20:55:52.495+0000] {logging_mixin.py:190} INFO - [2025-03-21T20:55:52.495+0000] {dag.py:3239} INFO - Sync 2 DAGs
[2025-03-21T20:55:52.502+0000] {logging_mixin.py:190} INFO - [2025-03-21T20:55:52.502+0000] {dag.py:4180} INFO - Setting next_dagrun for example_xcom_args to None, run_after=None
[2025-03-21T20:55:52.505+0000] {logging_mixin.py:190} INFO - [2025-03-21T20:55:52.505+0000] {dag.py:4180} INFO - Setting next_dagrun for example_xcom_args_with_operators to None, run_after=None
[2025-03-21T20:55:52.527+0000] {processor.py:208} INFO - Processing /home/usmail/sys_fraud/sys_detection_frauds/lib/python3.12/site-packages/airflow/example_dags/example_xcomargs.py took 0.068 seconds
[2025-03-21T20:56:42.202+0000] {processor.py:186} INFO - Started process (PID=3728251) to work on /home/usmail/sys_fraud/sys_detection_frauds/lib/python3.12/site-packages/airflow/example_dags/example_xcomargs.py
[2025-03-21T20:56:42.211+0000] {processor.py:914} INFO - Processing file /home/usmail/sys_fraud/sys_detection_frauds/lib/python3.12/site-packages/airflow/example_dags/example_xcomargs.py for tasks to queue
[2025-03-21T20:56:42.215+0000] {logging_mixin.py:190} INFO - [2025-03-21T20:56:42.214+0000] {dagbag.py:588} INFO - Filling up the DagBag from /home/usmail/sys_fraud/sys_detection_frauds/lib/python3.12/site-packages/airflow/example_dags/example_xcomargs.py
[2025-03-21T20:56:42.225+0000] {processor.py:925} INFO - DAG(s) 'example_xcom_args_with_operators', 'example_xcom_args' retrieved from /home/usmail/sys_fraud/sys_detection_frauds/lib/python3.12/site-packages/airflow/example_dags/example_xcomargs.py
[2025-03-21T20:56:42.235+0000] {logging_mixin.py:190} INFO - [2025-03-21T20:56:42.235+0000] {dag.py:3239} INFO - Sync 2 DAGs
[2025-03-21T20:56:42.242+0000] {logging_mixin.py:190} INFO - [2025-03-21T20:56:42.242+0000] {dag.py:4180} INFO - Setting next_dagrun for example_xcom_args to None, run_after=None
[2025-03-21T20:56:42.244+0000] {logging_mixin.py:190} INFO - [2025-03-21T20:56:42.243+0000] {dag.py:4180} INFO - Setting next_dagrun for example_xcom_args_with_operators to None, run_after=None
[2025-03-21T20:56:42.270+0000] {processor.py:208} INFO - Processing /home/usmail/sys_fraud/sys_detection_frauds/lib/python3.12/site-packages/airflow/example_dags/example_xcomargs.py took 0.076 seconds
[2025-03-21T20:57:37.626+0000] {processor.py:186} INFO - Started process (PID=3729015) to work on /home/usmail/sys_fraud/sys_detection_frauds/lib/python3.12/site-packages/airflow/example_dags/example_xcomargs.py
[2025-03-21T20:57:37.628+0000] {processor.py:914} INFO - Processing file /home/usmail/sys_fraud/sys_detection_frauds/lib/python3.12/site-packages/airflow/example_dags/example_xcomargs.py for tasks to queue
[2025-03-21T20:57:37.631+0000] {logging_mixin.py:190} INFO - [2025-03-21T20:57:37.631+0000] {dagbag.py:588} INFO - Filling up the DagBag from /home/usmail/sys_fraud/sys_detection_frauds/lib/python3.12/site-packages/airflow/example_dags/example_xcomargs.py
[2025-03-21T20:57:37.638+0000] {processor.py:925} INFO - DAG(s) 'example_xcom_args', 'example_xcom_args_with_operators' retrieved from /home/usmail/sys_fraud/sys_detection_frauds/lib/python3.12/site-packages/airflow/example_dags/example_xcomargs.py
[2025-03-21T20:57:37.652+0000] {logging_mixin.py:190} INFO - [2025-03-21T20:57:37.652+0000] {dag.py:3239} INFO - Sync 2 DAGs
[2025-03-21T20:57:37.662+0000] {logging_mixin.py:190} INFO - [2025-03-21T20:57:37.661+0000] {dag.py:4180} INFO - Setting next_dagrun for example_xcom_args to None, run_after=None
[2025-03-21T20:57:37.666+0000] {logging_mixin.py:190} INFO - [2025-03-21T20:57:37.666+0000] {dag.py:4180} INFO - Setting next_dagrun for example_xcom_args_with_operators to None, run_after=None
[2025-03-21T20:57:37.691+0000] {processor.py:208} INFO - Processing /home/usmail/sys_fraud/sys_detection_frauds/lib/python3.12/site-packages/airflow/example_dags/example_xcomargs.py took 0.070 seconds
[2025-03-21T20:58:27.879+0000] {processor.py:186} INFO - Started process (PID=3729594) to work on /home/usmail/sys_fraud/sys_detection_frauds/lib/python3.12/site-packages/airflow/example_dags/example_xcomargs.py
[2025-03-21T20:58:27.880+0000] {processor.py:914} INFO - Processing file /home/usmail/sys_fraud/sys_detection_frauds/lib/python3.12/site-packages/airflow/example_dags/example_xcomargs.py for tasks to queue
[2025-03-21T20:58:27.882+0000] {logging_mixin.py:190} INFO - [2025-03-21T20:58:27.882+0000] {dagbag.py:588} INFO - Filling up the DagBag from /home/usmail/sys_fraud/sys_detection_frauds/lib/python3.12/site-packages/airflow/example_dags/example_xcomargs.py
[2025-03-21T20:58:27.889+0000] {processor.py:925} INFO - DAG(s) 'example_xcom_args_with_operators', 'example_xcom_args' retrieved from /home/usmail/sys_fraud/sys_detection_frauds/lib/python3.12/site-packages/airflow/example_dags/example_xcomargs.py
[2025-03-21T20:58:27.903+0000] {logging_mixin.py:190} INFO - [2025-03-21T20:58:27.903+0000] {dag.py:3239} INFO - Sync 2 DAGs
[2025-03-21T20:58:27.914+0000] {logging_mixin.py:190} INFO - [2025-03-21T20:58:27.914+0000] {dag.py:4180} INFO - Setting next_dagrun for example_xcom_args to None, run_after=None
[2025-03-21T20:58:27.916+0000] {logging_mixin.py:190} INFO - [2025-03-21T20:58:27.916+0000] {dag.py:4180} INFO - Setting next_dagrun for example_xcom_args_with_operators to None, run_after=None
[2025-03-21T20:58:27.932+0000] {processor.py:208} INFO - Processing /home/usmail/sys_fraud/sys_detection_frauds/lib/python3.12/site-packages/airflow/example_dags/example_xcomargs.py took 0.059 seconds
[2025-03-21T20:59:30.923+0000] {processor.py:186} INFO - Started process (PID=3730496) to work on /home/usmail/sys_fraud/sys_detection_frauds/lib/python3.12/site-packages/airflow/example_dags/example_xcomargs.py
[2025-03-21T20:59:30.932+0000] {processor.py:914} INFO - Processing file /home/usmail/sys_fraud/sys_detection_frauds/lib/python3.12/site-packages/airflow/example_dags/example_xcomargs.py for tasks to queue
[2025-03-21T20:59:30.933+0000] {logging_mixin.py:190} INFO - [2025-03-21T20:59:30.933+0000] {dagbag.py:588} INFO - Filling up the DagBag from /home/usmail/sys_fraud/sys_detection_frauds/lib/python3.12/site-packages/airflow/example_dags/example_xcomargs.py
[2025-03-21T20:59:30.939+0000] {processor.py:925} INFO - DAG(s) 'example_xcom_args', 'example_xcom_args_with_operators' retrieved from /home/usmail/sys_fraud/sys_detection_frauds/lib/python3.12/site-packages/airflow/example_dags/example_xcomargs.py
[2025-03-21T20:59:30.953+0000] {logging_mixin.py:190} INFO - [2025-03-21T20:59:30.953+0000] {dag.py:3239} INFO - Sync 2 DAGs
[2025-03-21T20:59:30.962+0000] {logging_mixin.py:190} INFO - [2025-03-21T20:59:30.962+0000] {dag.py:4180} INFO - Setting next_dagrun for example_xcom_args to None, run_after=None
[2025-03-21T20:59:30.966+0000] {logging_mixin.py:190} INFO - [2025-03-21T20:59:30.965+0000] {dag.py:4180} INFO - Setting next_dagrun for example_xcom_args_with_operators to None, run_after=None
[2025-03-21T20:59:30.983+0000] {processor.py:208} INFO - Processing /home/usmail/sys_fraud/sys_detection_frauds/lib/python3.12/site-packages/airflow/example_dags/example_xcomargs.py took 0.063 seconds
[2025-03-21T21:00:26.511+0000] {processor.py:186} INFO - Started process (PID=3731206) to work on /home/usmail/sys_fraud/sys_detection_frauds/lib/python3.12/site-packages/airflow/example_dags/example_xcomargs.py
[2025-03-21T21:00:26.520+0000] {processor.py:914} INFO - Processing file /home/usmail/sys_fraud/sys_detection_frauds/lib/python3.12/site-packages/airflow/example_dags/example_xcomargs.py for tasks to queue
[2025-03-21T21:00:26.522+0000] {logging_mixin.py:190} INFO - [2025-03-21T21:00:26.522+0000] {dagbag.py:588} INFO - Filling up the DagBag from /home/usmail/sys_fraud/sys_detection_frauds/lib/python3.12/site-packages/airflow/example_dags/example_xcomargs.py
[2025-03-21T21:00:26.530+0000] {processor.py:925} INFO - DAG(s) 'example_xcom_args_with_operators', 'example_xcom_args' retrieved from /home/usmail/sys_fraud/sys_detection_frauds/lib/python3.12/site-packages/airflow/example_dags/example_xcomargs.py
[2025-03-21T21:00:26.540+0000] {logging_mixin.py:190} INFO - [2025-03-21T21:00:26.540+0000] {dag.py:3239} INFO - Sync 2 DAGs
[2025-03-21T21:00:26.548+0000] {logging_mixin.py:190} INFO - [2025-03-21T21:00:26.547+0000] {dag.py:4180} INFO - Setting next_dagrun for example_xcom_args to None, run_after=None
[2025-03-21T21:00:26.549+0000] {logging_mixin.py:190} INFO - [2025-03-21T21:00:26.549+0000] {dag.py:4180} INFO - Setting next_dagrun for example_xcom_args_with_operators to None, run_after=None
[2025-03-21T21:00:26.560+0000] {processor.py:208} INFO - Processing /home/usmail/sys_fraud/sys_detection_frauds/lib/python3.12/site-packages/airflow/example_dags/example_xcomargs.py took 0.053 seconds
[2025-03-21T21:01:20.616+0000] {processor.py:186} INFO - Started process (PID=3731908) to work on /home/usmail/sys_fraud/sys_detection_frauds/lib/python3.12/site-packages/airflow/example_dags/example_xcomargs.py
[2025-03-21T21:01:20.624+0000] {processor.py:914} INFO - Processing file /home/usmail/sys_fraud/sys_detection_frauds/lib/python3.12/site-packages/airflow/example_dags/example_xcomargs.py for tasks to queue
[2025-03-21T21:01:20.628+0000] {logging_mixin.py:190} INFO - [2025-03-21T21:01:20.627+0000] {dagbag.py:588} INFO - Filling up the DagBag from /home/usmail/sys_fraud/sys_detection_frauds/lib/python3.12/site-packages/airflow/example_dags/example_xcomargs.py
[2025-03-21T21:01:20.637+0000] {processor.py:925} INFO - DAG(s) 'example_xcom_args', 'example_xcom_args_with_operators' retrieved from /home/usmail/sys_fraud/sys_detection_frauds/lib/python3.12/site-packages/airflow/example_dags/example_xcomargs.py
[2025-03-21T21:01:20.647+0000] {logging_mixin.py:190} INFO - [2025-03-21T21:01:20.647+0000] {dag.py:3239} INFO - Sync 2 DAGs
[2025-03-21T21:01:20.654+0000] {logging_mixin.py:190} INFO - [2025-03-21T21:01:20.654+0000] {dag.py:4180} INFO - Setting next_dagrun for example_xcom_args to None, run_after=None
[2025-03-21T21:01:20.656+0000] {logging_mixin.py:190} INFO - [2025-03-21T21:01:20.655+0000] {dag.py:4180} INFO - Setting next_dagrun for example_xcom_args_with_operators to None, run_after=None
[2025-03-21T21:01:20.669+0000] {processor.py:208} INFO - Processing /home/usmail/sys_fraud/sys_detection_frauds/lib/python3.12/site-packages/airflow/example_dags/example_xcomargs.py took 0.056 seconds
[2025-03-21T21:02:15.452+0000] {processor.py:186} INFO - Started process (PID=3732579) to work on /home/usmail/sys_fraud/sys_detection_frauds/lib/python3.12/site-packages/airflow/example_dags/example_xcomargs.py
[2025-03-21T21:02:15.453+0000] {processor.py:914} INFO - Processing file /home/usmail/sys_fraud/sys_detection_frauds/lib/python3.12/site-packages/airflow/example_dags/example_xcomargs.py for tasks to queue
[2025-03-21T21:02:15.455+0000] {logging_mixin.py:190} INFO - [2025-03-21T21:02:15.455+0000] {dagbag.py:588} INFO - Filling up the DagBag from /home/usmail/sys_fraud/sys_detection_frauds/lib/python3.12/site-packages/airflow/example_dags/example_xcomargs.py
[2025-03-21T21:02:15.463+0000] {processor.py:925} INFO - DAG(s) 'example_xcom_args', 'example_xcom_args_with_operators' retrieved from /home/usmail/sys_fraud/sys_detection_frauds/lib/python3.12/site-packages/airflow/example_dags/example_xcomargs.py
[2025-03-21T21:02:15.474+0000] {logging_mixin.py:190} INFO - [2025-03-21T21:02:15.474+0000] {dag.py:3239} INFO - Sync 2 DAGs
[2025-03-21T21:02:15.483+0000] {logging_mixin.py:190} INFO - [2025-03-21T21:02:15.482+0000] {dag.py:4180} INFO - Setting next_dagrun for example_xcom_args to None, run_after=None
[2025-03-21T21:02:15.486+0000] {logging_mixin.py:190} INFO - [2025-03-21T21:02:15.486+0000] {dag.py:4180} INFO - Setting next_dagrun for example_xcom_args_with_operators to None, run_after=None
[2025-03-21T21:02:15.509+0000] {processor.py:208} INFO - Processing /home/usmail/sys_fraud/sys_detection_frauds/lib/python3.12/site-packages/airflow/example_dags/example_xcomargs.py took 0.060 seconds
[2025-03-21T21:03:08.902+0000] {processor.py:186} INFO - Started process (PID=3733227) to work on /home/usmail/sys_fraud/sys_detection_frauds/lib/python3.12/site-packages/airflow/example_dags/example_xcomargs.py
[2025-03-21T21:03:08.911+0000] {processor.py:914} INFO - Processing file /home/usmail/sys_fraud/sys_detection_frauds/lib/python3.12/site-packages/airflow/example_dags/example_xcomargs.py for tasks to queue
[2025-03-21T21:03:08.915+0000] {logging_mixin.py:190} INFO - [2025-03-21T21:03:08.914+0000] {dagbag.py:588} INFO - Filling up the DagBag from /home/usmail/sys_fraud/sys_detection_frauds/lib/python3.12/site-packages/airflow/example_dags/example_xcomargs.py
[2025-03-21T21:03:08.925+0000] {processor.py:925} INFO - DAG(s) 'example_xcom_args_with_operators', 'example_xcom_args' retrieved from /home/usmail/sys_fraud/sys_detection_frauds/lib/python3.12/site-packages/airflow/example_dags/example_xcomargs.py
[2025-03-21T21:03:08.934+0000] {logging_mixin.py:190} INFO - [2025-03-21T21:03:08.934+0000] {dag.py:3239} INFO - Sync 2 DAGs
[2025-03-21T21:03:08.941+0000] {logging_mixin.py:190} INFO - [2025-03-21T21:03:08.941+0000] {dag.py:4180} INFO - Setting next_dagrun for example_xcom_args to None, run_after=None
[2025-03-21T21:03:08.943+0000] {logging_mixin.py:190} INFO - [2025-03-21T21:03:08.943+0000] {dag.py:4180} INFO - Setting next_dagrun for example_xcom_args_with_operators to None, run_after=None
[2025-03-21T21:03:08.953+0000] {processor.py:208} INFO - Processing /home/usmail/sys_fraud/sys_detection_frauds/lib/python3.12/site-packages/airflow/example_dags/example_xcomargs.py took 0.056 seconds
[2025-03-21T21:04:02.531+0000] {processor.py:186} INFO - Started process (PID=3733926) to work on /home/usmail/sys_fraud/sys_detection_frauds/lib/python3.12/site-packages/airflow/example_dags/example_xcomargs.py
[2025-03-21T21:04:02.540+0000] {processor.py:914} INFO - Processing file /home/usmail/sys_fraud/sys_detection_frauds/lib/python3.12/site-packages/airflow/example_dags/example_xcomargs.py for tasks to queue
[2025-03-21T21:04:02.542+0000] {logging_mixin.py:190} INFO - [2025-03-21T21:04:02.541+0000] {dagbag.py:588} INFO - Filling up the DagBag from /home/usmail/sys_fraud/sys_detection_frauds/lib/python3.12/site-packages/airflow/example_dags/example_xcomargs.py
[2025-03-21T21:04:02.550+0000] {processor.py:925} INFO - DAG(s) 'example_xcom_args_with_operators', 'example_xcom_args' retrieved from /home/usmail/sys_fraud/sys_detection_frauds/lib/python3.12/site-packages/airflow/example_dags/example_xcomargs.py
[2025-03-21T21:04:02.562+0000] {logging_mixin.py:190} INFO - [2025-03-21T21:04:02.562+0000] {dag.py:3239} INFO - Sync 2 DAGs
[2025-03-21T21:04:02.673+0000] {logging_mixin.py:190} INFO - [2025-03-21T21:04:02.673+0000] {dag.py:4180} INFO - Setting next_dagrun for example_xcom_args to None, run_after=None
[2025-03-21T21:04:02.677+0000] {logging_mixin.py:190} INFO - [2025-03-21T21:04:02.676+0000] {dag.py:4180} INFO - Setting next_dagrun for example_xcom_args_with_operators to None, run_after=None
[2025-03-21T21:04:02.706+0000] {processor.py:208} INFO - Processing /home/usmail/sys_fraud/sys_detection_frauds/lib/python3.12/site-packages/airflow/example_dags/example_xcomargs.py took 0.178 seconds
[2025-03-21T21:05:00.796+0000] {processor.py:186} INFO - Started process (PID=3734796) to work on /home/usmail/sys_fraud/sys_detection_frauds/lib/python3.12/site-packages/airflow/example_dags/example_xcomargs.py
[2025-03-21T21:05:00.797+0000] {processor.py:914} INFO - Processing file /home/usmail/sys_fraud/sys_detection_frauds/lib/python3.12/site-packages/airflow/example_dags/example_xcomargs.py for tasks to queue
[2025-03-21T21:05:00.799+0000] {logging_mixin.py:190} INFO - [2025-03-21T21:05:00.798+0000] {dagbag.py:588} INFO - Filling up the DagBag from /home/usmail/sys_fraud/sys_detection_frauds/lib/python3.12/site-packages/airflow/example_dags/example_xcomargs.py
[2025-03-21T21:05:00.805+0000] {processor.py:925} INFO - DAG(s) 'example_xcom_args_with_operators', 'example_xcom_args' retrieved from /home/usmail/sys_fraud/sys_detection_frauds/lib/python3.12/site-packages/airflow/example_dags/example_xcomargs.py
[2025-03-21T21:05:00.816+0000] {logging_mixin.py:190} INFO - [2025-03-21T21:05:00.816+0000] {dag.py:3239} INFO - Sync 2 DAGs
[2025-03-21T21:05:00.826+0000] {logging_mixin.py:190} INFO - [2025-03-21T21:05:00.825+0000] {dag.py:4180} INFO - Setting next_dagrun for example_xcom_args to None, run_after=None
[2025-03-21T21:05:00.827+0000] {logging_mixin.py:190} INFO - [2025-03-21T21:05:00.827+0000] {dag.py:4180} INFO - Setting next_dagrun for example_xcom_args_with_operators to None, run_after=None
[2025-03-21T21:05:00.840+0000] {processor.py:208} INFO - Processing /home/usmail/sys_fraud/sys_detection_frauds/lib/python3.12/site-packages/airflow/example_dags/example_xcomargs.py took 0.052 seconds
[2025-03-21T21:05:52.850+0000] {processor.py:186} INFO - Started process (PID=3735594) to work on /home/usmail/sys_fraud/sys_detection_frauds/lib/python3.12/site-packages/airflow/example_dags/example_xcomargs.py
[2025-03-21T21:05:52.859+0000] {processor.py:914} INFO - Processing file /home/usmail/sys_fraud/sys_detection_frauds/lib/python3.12/site-packages/airflow/example_dags/example_xcomargs.py for tasks to queue
[2025-03-21T21:05:52.862+0000] {logging_mixin.py:190} INFO - [2025-03-21T21:05:52.861+0000] {dagbag.py:588} INFO - Filling up the DagBag from /home/usmail/sys_fraud/sys_detection_frauds/lib/python3.12/site-packages/airflow/example_dags/example_xcomargs.py
[2025-03-21T21:05:52.871+0000] {processor.py:925} INFO - DAG(s) 'example_xcom_args', 'example_xcom_args_with_operators' retrieved from /home/usmail/sys_fraud/sys_detection_frauds/lib/python3.12/site-packages/airflow/example_dags/example_xcomargs.py
[2025-03-21T21:05:52.881+0000] {logging_mixin.py:190} INFO - [2025-03-21T21:05:52.881+0000] {dag.py:3239} INFO - Sync 2 DAGs
[2025-03-21T21:05:52.889+0000] {logging_mixin.py:190} INFO - [2025-03-21T21:05:52.889+0000] {dag.py:4180} INFO - Setting next_dagrun for example_xcom_args to None, run_after=None
[2025-03-21T21:05:52.891+0000] {logging_mixin.py:190} INFO - [2025-03-21T21:05:52.891+0000] {dag.py:4180} INFO - Setting next_dagrun for example_xcom_args_with_operators to None, run_after=None
[2025-03-21T21:05:52.902+0000] {processor.py:208} INFO - Processing /home/usmail/sys_fraud/sys_detection_frauds/lib/python3.12/site-packages/airflow/example_dags/example_xcomargs.py took 0.057 seconds
[2025-03-21T21:06:46.747+0000] {processor.py:186} INFO - Started process (PID=3736915) to work on /home/usmail/sys_fraud/sys_detection_frauds/lib/python3.12/site-packages/airflow/example_dags/example_xcomargs.py
[2025-03-21T21:06:46.755+0000] {processor.py:914} INFO - Processing file /home/usmail/sys_fraud/sys_detection_frauds/lib/python3.12/site-packages/airflow/example_dags/example_xcomargs.py for tasks to queue
[2025-03-21T21:06:46.756+0000] {logging_mixin.py:190} INFO - [2025-03-21T21:06:46.756+0000] {dagbag.py:588} INFO - Filling up the DagBag from /home/usmail/sys_fraud/sys_detection_frauds/lib/python3.12/site-packages/airflow/example_dags/example_xcomargs.py
[2025-03-21T21:06:46.764+0000] {processor.py:925} INFO - DAG(s) 'example_xcom_args', 'example_xcom_args_with_operators' retrieved from /home/usmail/sys_fraud/sys_detection_frauds/lib/python3.12/site-packages/airflow/example_dags/example_xcomargs.py
[2025-03-21T21:06:46.775+0000] {logging_mixin.py:190} INFO - [2025-03-21T21:06:46.775+0000] {dag.py:3239} INFO - Sync 2 DAGs
[2025-03-21T21:06:46.785+0000] {logging_mixin.py:190} INFO - [2025-03-21T21:06:46.784+0000] {dag.py:4180} INFO - Setting next_dagrun for example_xcom_args to None, run_after=None
[2025-03-21T21:06:46.787+0000] {logging_mixin.py:190} INFO - [2025-03-21T21:06:46.787+0000] {dag.py:4180} INFO - Setting next_dagrun for example_xcom_args_with_operators to None, run_after=None
[2025-03-21T21:06:46.801+0000] {processor.py:208} INFO - Processing /home/usmail/sys_fraud/sys_detection_frauds/lib/python3.12/site-packages/airflow/example_dags/example_xcomargs.py took 0.060 seconds
[2025-03-21T21:07:35.747+0000] {processor.py:186} INFO - Started process (PID=3737538) to work on /home/usmail/sys_fraud/sys_detection_frauds/lib/python3.12/site-packages/airflow/example_dags/example_xcomargs.py
[2025-03-21T21:07:35.756+0000] {processor.py:914} INFO - Processing file /home/usmail/sys_fraud/sys_detection_frauds/lib/python3.12/site-packages/airflow/example_dags/example_xcomargs.py for tasks to queue
[2025-03-21T21:07:35.758+0000] {logging_mixin.py:190} INFO - [2025-03-21T21:07:35.757+0000] {dagbag.py:588} INFO - Filling up the DagBag from /home/usmail/sys_fraud/sys_detection_frauds/lib/python3.12/site-packages/airflow/example_dags/example_xcomargs.py
[2025-03-21T21:07:35.767+0000] {processor.py:925} INFO - DAG(s) 'example_xcom_args', 'example_xcom_args_with_operators' retrieved from /home/usmail/sys_fraud/sys_detection_frauds/lib/python3.12/site-packages/airflow/example_dags/example_xcomargs.py
[2025-03-21T21:07:35.781+0000] {logging_mixin.py:190} INFO - [2025-03-21T21:07:35.780+0000] {dag.py:3239} INFO - Sync 2 DAGs
[2025-03-21T21:07:35.790+0000] {logging_mixin.py:190} INFO - [2025-03-21T21:07:35.790+0000] {dag.py:4180} INFO - Setting next_dagrun for example_xcom_args to None, run_after=None
[2025-03-21T21:07:35.792+0000] {logging_mixin.py:190} INFO - [2025-03-21T21:07:35.792+0000] {dag.py:4180} INFO - Setting next_dagrun for example_xcom_args_with_operators to None, run_after=None
[2025-03-21T21:07:35.806+0000] {processor.py:208} INFO - Processing /home/usmail/sys_fraud/sys_detection_frauds/lib/python3.12/site-packages/airflow/example_dags/example_xcomargs.py took 0.067 seconds
[2025-03-21T21:08:31.119+0000] {processor.py:186} INFO - Started process (PID=3738268) to work on /home/usmail/sys_fraud/sys_detection_frauds/lib/python3.12/site-packages/airflow/example_dags/example_xcomargs.py
[2025-03-21T21:08:31.128+0000] {processor.py:914} INFO - Processing file /home/usmail/sys_fraud/sys_detection_frauds/lib/python3.12/site-packages/airflow/example_dags/example_xcomargs.py for tasks to queue
[2025-03-21T21:08:31.131+0000] {logging_mixin.py:190} INFO - [2025-03-21T21:08:31.131+0000] {dagbag.py:588} INFO - Filling up the DagBag from /home/usmail/sys_fraud/sys_detection_frauds/lib/python3.12/site-packages/airflow/example_dags/example_xcomargs.py
[2025-03-21T21:08:31.147+0000] {processor.py:925} INFO - DAG(s) 'example_xcom_args', 'example_xcom_args_with_operators' retrieved from /home/usmail/sys_fraud/sys_detection_frauds/lib/python3.12/site-packages/airflow/example_dags/example_xcomargs.py
[2025-03-21T21:08:31.174+0000] {logging_mixin.py:190} INFO - [2025-03-21T21:08:31.174+0000] {dag.py:3239} INFO - Sync 2 DAGs
[2025-03-21T21:08:31.189+0000] {logging_mixin.py:190} INFO - [2025-03-21T21:08:31.189+0000] {dag.py:4180} INFO - Setting next_dagrun for example_xcom_args to None, run_after=None
[2025-03-21T21:08:31.191+0000] {logging_mixin.py:190} INFO - [2025-03-21T21:08:31.191+0000] {dag.py:4180} INFO - Setting next_dagrun for example_xcom_args_with_operators to None, run_after=None
[2025-03-21T21:08:31.206+0000] {processor.py:208} INFO - Processing /home/usmail/sys_fraud/sys_detection_frauds/lib/python3.12/site-packages/airflow/example_dags/example_xcomargs.py took 0.099 seconds
[2025-03-21T21:09:28.798+0000] {processor.py:186} INFO - Started process (PID=3739107) to work on /home/usmail/sys_fraud/sys_detection_frauds/lib/python3.12/site-packages/airflow/example_dags/example_xcomargs.py
[2025-03-21T21:09:28.807+0000] {processor.py:914} INFO - Processing file /home/usmail/sys_fraud/sys_detection_frauds/lib/python3.12/site-packages/airflow/example_dags/example_xcomargs.py for tasks to queue
[2025-03-21T21:09:28.809+0000] {logging_mixin.py:190} INFO - [2025-03-21T21:09:28.808+0000] {dagbag.py:588} INFO - Filling up the DagBag from /home/usmail/sys_fraud/sys_detection_frauds/lib/python3.12/site-packages/airflow/example_dags/example_xcomargs.py
[2025-03-21T21:09:28.820+0000] {processor.py:925} INFO - DAG(s) 'example_xcom_args_with_operators', 'example_xcom_args' retrieved from /home/usmail/sys_fraud/sys_detection_frauds/lib/python3.12/site-packages/airflow/example_dags/example_xcomargs.py
[2025-03-21T21:09:28.834+0000] {logging_mixin.py:190} INFO - [2025-03-21T21:09:28.834+0000] {dag.py:3239} INFO - Sync 2 DAGs
[2025-03-21T21:09:28.845+0000] {logging_mixin.py:190} INFO - [2025-03-21T21:09:28.845+0000] {dag.py:4180} INFO - Setting next_dagrun for example_xcom_args to None, run_after=None
[2025-03-21T21:09:28.847+0000] {logging_mixin.py:190} INFO - [2025-03-21T21:09:28.847+0000] {dag.py:4180} INFO - Setting next_dagrun for example_xcom_args_with_operators to None, run_after=None
[2025-03-21T21:09:28.865+0000] {processor.py:208} INFO - Processing /home/usmail/sys_fraud/sys_detection_frauds/lib/python3.12/site-packages/airflow/example_dags/example_xcomargs.py took 0.080 seconds
[2025-03-21T21:10:22.642+0000] {processor.py:186} INFO - Started process (PID=3739730) to work on /home/usmail/sys_fraud/sys_detection_frauds/lib/python3.12/site-packages/airflow/example_dags/example_xcomargs.py
[2025-03-21T21:10:22.651+0000] {processor.py:914} INFO - Processing file /home/usmail/sys_fraud/sys_detection_frauds/lib/python3.12/site-packages/airflow/example_dags/example_xcomargs.py for tasks to queue
[2025-03-21T21:10:22.654+0000] {logging_mixin.py:190} INFO - [2025-03-21T21:10:22.654+0000] {dagbag.py:588} INFO - Filling up the DagBag from /home/usmail/sys_fraud/sys_detection_frauds/lib/python3.12/site-packages/airflow/example_dags/example_xcomargs.py
[2025-03-21T21:10:22.670+0000] {processor.py:925} INFO - DAG(s) 'example_xcom_args_with_operators', 'example_xcom_args' retrieved from /home/usmail/sys_fraud/sys_detection_frauds/lib/python3.12/site-packages/airflow/example_dags/example_xcomargs.py
[2025-03-21T21:10:22.697+0000] {logging_mixin.py:190} INFO - [2025-03-21T21:10:22.697+0000] {dag.py:3239} INFO - Sync 2 DAGs
[2025-03-21T21:10:22.711+0000] {logging_mixin.py:190} INFO - [2025-03-21T21:10:22.711+0000] {dag.py:4180} INFO - Setting next_dagrun for example_xcom_args to None, run_after=None
[2025-03-21T21:10:22.714+0000] {logging_mixin.py:190} INFO - [2025-03-21T21:10:22.713+0000] {dag.py:4180} INFO - Setting next_dagrun for example_xcom_args_with_operators to None, run_after=None
[2025-03-21T21:10:22.736+0000] {processor.py:208} INFO - Processing /home/usmail/sys_fraud/sys_detection_frauds/lib/python3.12/site-packages/airflow/example_dags/example_xcomargs.py took 0.105 seconds
[2025-03-21T21:11:22.427+0000] {processor.py:186} INFO - Started process (PID=3741564) to work on /home/usmail/sys_fraud/sys_detection_frauds/lib/python3.12/site-packages/airflow/example_dags/example_xcomargs.py
[2025-03-21T21:11:22.428+0000] {processor.py:914} INFO - Processing file /home/usmail/sys_fraud/sys_detection_frauds/lib/python3.12/site-packages/airflow/example_dags/example_xcomargs.py for tasks to queue
[2025-03-21T21:11:22.430+0000] {logging_mixin.py:190} INFO - [2025-03-21T21:11:22.430+0000] {dagbag.py:588} INFO - Filling up the DagBag from /home/usmail/sys_fraud/sys_detection_frauds/lib/python3.12/site-packages/airflow/example_dags/example_xcomargs.py
[2025-03-21T21:11:22.440+0000] {processor.py:925} INFO - DAG(s) 'example_xcom_args', 'example_xcom_args_with_operators' retrieved from /home/usmail/sys_fraud/sys_detection_frauds/lib/python3.12/site-packages/airflow/example_dags/example_xcomargs.py
[2025-03-21T21:11:22.454+0000] {logging_mixin.py:190} INFO - [2025-03-21T21:11:22.453+0000] {dag.py:3239} INFO - Sync 2 DAGs
[2025-03-21T21:11:22.463+0000] {logging_mixin.py:190} INFO - [2025-03-21T21:11:22.463+0000] {dag.py:4180} INFO - Setting next_dagrun for example_xcom_args to None, run_after=None
[2025-03-21T21:11:22.466+0000] {logging_mixin.py:190} INFO - [2025-03-21T21:11:22.466+0000] {dag.py:4180} INFO - Setting next_dagrun for example_xcom_args_with_operators to None, run_after=None
[2025-03-21T21:11:22.480+0000] {processor.py:208} INFO - Processing /home/usmail/sys_fraud/sys_detection_frauds/lib/python3.12/site-packages/airflow/example_dags/example_xcomargs.py took 0.062 seconds
[2025-03-21T21:12:17.906+0000] {processor.py:186} INFO - Started process (PID=3742650) to work on /home/usmail/sys_fraud/sys_detection_frauds/lib/python3.12/site-packages/airflow/example_dags/example_xcomargs.py
[2025-03-21T21:12:17.907+0000] {processor.py:914} INFO - Processing file /home/usmail/sys_fraud/sys_detection_frauds/lib/python3.12/site-packages/airflow/example_dags/example_xcomargs.py for tasks to queue
[2025-03-21T21:12:17.909+0000] {logging_mixin.py:190} INFO - [2025-03-21T21:12:17.908+0000] {dagbag.py:588} INFO - Filling up the DagBag from /home/usmail/sys_fraud/sys_detection_frauds/lib/python3.12/site-packages/airflow/example_dags/example_xcomargs.py
[2025-03-21T21:12:17.918+0000] {processor.py:925} INFO - DAG(s) 'example_xcom_args', 'example_xcom_args_with_operators' retrieved from /home/usmail/sys_fraud/sys_detection_frauds/lib/python3.12/site-packages/airflow/example_dags/example_xcomargs.py
[2025-03-21T21:12:17.934+0000] {logging_mixin.py:190} INFO - [2025-03-21T21:12:17.934+0000] {dag.py:3239} INFO - Sync 2 DAGs
[2025-03-21T21:12:17.947+0000] {logging_mixin.py:190} INFO - [2025-03-21T21:12:17.946+0000] {dag.py:4180} INFO - Setting next_dagrun for example_xcom_args to None, run_after=None
[2025-03-21T21:12:17.949+0000] {logging_mixin.py:190} INFO - [2025-03-21T21:12:17.949+0000] {dag.py:4180} INFO - Setting next_dagrun for example_xcom_args_with_operators to None, run_after=None
[2025-03-21T21:12:17.964+0000] {processor.py:208} INFO - Processing /home/usmail/sys_fraud/sys_detection_frauds/lib/python3.12/site-packages/airflow/example_dags/example_xcomargs.py took 0.066 seconds
[2025-03-21T21:13:09.226+0000] {processor.py:186} INFO - Started process (PID=3743594) to work on /home/usmail/sys_fraud/sys_detection_frauds/lib/python3.12/site-packages/airflow/example_dags/example_xcomargs.py
[2025-03-21T21:13:09.235+0000] {processor.py:914} INFO - Processing file /home/usmail/sys_fraud/sys_detection_frauds/lib/python3.12/site-packages/airflow/example_dags/example_xcomargs.py for tasks to queue
[2025-03-21T21:13:09.236+0000] {logging_mixin.py:190} INFO - [2025-03-21T21:13:09.236+0000] {dagbag.py:588} INFO - Filling up the DagBag from /home/usmail/sys_fraud/sys_detection_frauds/lib/python3.12/site-packages/airflow/example_dags/example_xcomargs.py
[2025-03-21T21:13:09.244+0000] {processor.py:925} INFO - DAG(s) 'example_xcom_args_with_operators', 'example_xcom_args' retrieved from /home/usmail/sys_fraud/sys_detection_frauds/lib/python3.12/site-packages/airflow/example_dags/example_xcomargs.py
[2025-03-21T21:13:09.258+0000] {logging_mixin.py:190} INFO - [2025-03-21T21:13:09.258+0000] {dag.py:3239} INFO - Sync 2 DAGs
[2025-03-21T21:13:09.267+0000] {logging_mixin.py:190} INFO - [2025-03-21T21:13:09.267+0000] {dag.py:4180} INFO - Setting next_dagrun for example_xcom_args to None, run_after=None
[2025-03-21T21:13:09.270+0000] {logging_mixin.py:190} INFO - [2025-03-21T21:13:09.270+0000] {dag.py:4180} INFO - Setting next_dagrun for example_xcom_args_with_operators to None, run_after=None
[2025-03-21T21:13:09.284+0000] {processor.py:208} INFO - Processing /home/usmail/sys_fraud/sys_detection_frauds/lib/python3.12/site-packages/airflow/example_dags/example_xcomargs.py took 0.064 seconds
[2025-03-21T21:14:00.311+0000] {processor.py:186} INFO - Started process (PID=3744511) to work on /home/usmail/sys_fraud/sys_detection_frauds/lib/python3.12/site-packages/airflow/example_dags/example_xcomargs.py
[2025-03-21T21:14:00.319+0000] {processor.py:914} INFO - Processing file /home/usmail/sys_fraud/sys_detection_frauds/lib/python3.12/site-packages/airflow/example_dags/example_xcomargs.py for tasks to queue
[2025-03-21T21:14:00.321+0000] {logging_mixin.py:190} INFO - [2025-03-21T21:14:00.321+0000] {dagbag.py:588} INFO - Filling up the DagBag from /home/usmail/sys_fraud/sys_detection_frauds/lib/python3.12/site-packages/airflow/example_dags/example_xcomargs.py
[2025-03-21T21:14:00.328+0000] {processor.py:925} INFO - DAG(s) 'example_xcom_args_with_operators', 'example_xcom_args' retrieved from /home/usmail/sys_fraud/sys_detection_frauds/lib/python3.12/site-packages/airflow/example_dags/example_xcomargs.py
[2025-03-21T21:14:00.342+0000] {logging_mixin.py:190} INFO - [2025-03-21T21:14:00.341+0000] {dag.py:3239} INFO - Sync 2 DAGs
[2025-03-21T21:14:00.351+0000] {logging_mixin.py:190} INFO - [2025-03-21T21:14:00.351+0000] {dag.py:4180} INFO - Setting next_dagrun for example_xcom_args to None, run_after=None
[2025-03-21T21:14:00.354+0000] {logging_mixin.py:190} INFO - [2025-03-21T21:14:00.354+0000] {dag.py:4180} INFO - Setting next_dagrun for example_xcom_args_with_operators to None, run_after=None
[2025-03-21T21:14:00.367+0000] {processor.py:208} INFO - Processing /home/usmail/sys_fraud/sys_detection_frauds/lib/python3.12/site-packages/airflow/example_dags/example_xcomargs.py took 0.062 seconds
[2025-03-21T21:14:58.122+0000] {processor.py:186} INFO - Started process (PID=3745245) to work on /home/usmail/sys_fraud/sys_detection_frauds/lib/python3.12/site-packages/airflow/example_dags/example_xcomargs.py
[2025-03-21T21:14:58.131+0000] {processor.py:914} INFO - Processing file /home/usmail/sys_fraud/sys_detection_frauds/lib/python3.12/site-packages/airflow/example_dags/example_xcomargs.py for tasks to queue
[2025-03-21T21:14:58.134+0000] {logging_mixin.py:190} INFO - [2025-03-21T21:14:58.134+0000] {dagbag.py:588} INFO - Filling up the DagBag from /home/usmail/sys_fraud/sys_detection_frauds/lib/python3.12/site-packages/airflow/example_dags/example_xcomargs.py
[2025-03-21T21:14:58.150+0000] {processor.py:925} INFO - DAG(s) 'example_xcom_args_with_operators', 'example_xcom_args' retrieved from /home/usmail/sys_fraud/sys_detection_frauds/lib/python3.12/site-packages/airflow/example_dags/example_xcomargs.py
[2025-03-21T21:14:58.178+0000] {logging_mixin.py:190} INFO - [2025-03-21T21:14:58.178+0000] {dag.py:3239} INFO - Sync 2 DAGs
[2025-03-21T21:14:58.192+0000] {logging_mixin.py:190} INFO - [2025-03-21T21:14:58.192+0000] {dag.py:4180} INFO - Setting next_dagrun for example_xcom_args to None, run_after=None
[2025-03-21T21:14:58.195+0000] {logging_mixin.py:190} INFO - [2025-03-21T21:14:58.195+0000] {dag.py:4180} INFO - Setting next_dagrun for example_xcom_args_with_operators to None, run_after=None
[2025-03-21T21:14:58.210+0000] {processor.py:208} INFO - Processing /home/usmail/sys_fraud/sys_detection_frauds/lib/python3.12/site-packages/airflow/example_dags/example_xcomargs.py took 0.100 seconds
[2025-03-21T21:15:57.273+0000] {processor.py:186} INFO - Started process (PID=3745996) to work on /home/usmail/sys_fraud/sys_detection_frauds/lib/python3.12/site-packages/airflow/example_dags/example_xcomargs.py
[2025-03-21T21:15:57.282+0000] {processor.py:914} INFO - Processing file /home/usmail/sys_fraud/sys_detection_frauds/lib/python3.12/site-packages/airflow/example_dags/example_xcomargs.py for tasks to queue
[2025-03-21T21:15:57.285+0000] {logging_mixin.py:190} INFO - [2025-03-21T21:15:57.284+0000] {dagbag.py:588} INFO - Filling up the DagBag from /home/usmail/sys_fraud/sys_detection_frauds/lib/python3.12/site-packages/airflow/example_dags/example_xcomargs.py
[2025-03-21T21:15:57.300+0000] {processor.py:925} INFO - DAG(s) 'example_xcom_args', 'example_xcom_args_with_operators' retrieved from /home/usmail/sys_fraud/sys_detection_frauds/lib/python3.12/site-packages/airflow/example_dags/example_xcomargs.py
[2025-03-21T21:15:57.328+0000] {logging_mixin.py:190} INFO - [2025-03-21T21:15:57.327+0000] {dag.py:3239} INFO - Sync 2 DAGs
[2025-03-21T21:15:57.342+0000] {logging_mixin.py:190} INFO - [2025-03-21T21:15:57.342+0000] {dag.py:4180} INFO - Setting next_dagrun for example_xcom_args to None, run_after=None
[2025-03-21T21:15:57.345+0000] {logging_mixin.py:190} INFO - [2025-03-21T21:15:57.344+0000] {dag.py:4180} INFO - Setting next_dagrun for example_xcom_args_with_operators to None, run_after=None
[2025-03-21T21:15:57.358+0000] {processor.py:208} INFO - Processing /home/usmail/sys_fraud/sys_detection_frauds/lib/python3.12/site-packages/airflow/example_dags/example_xcomargs.py took 0.098 seconds
[2025-03-21T21:17:00.723+0000] {processor.py:186} INFO - Started process (PID=3746778) to work on /home/usmail/sys_fraud/sys_detection_frauds/lib/python3.12/site-packages/airflow/example_dags/example_xcomargs.py
[2025-03-21T21:17:00.733+0000] {processor.py:914} INFO - Processing file /home/usmail/sys_fraud/sys_detection_frauds/lib/python3.12/site-packages/airflow/example_dags/example_xcomargs.py for tasks to queue
[2025-03-21T21:17:00.736+0000] {logging_mixin.py:190} INFO - [2025-03-21T21:17:00.735+0000] {dagbag.py:588} INFO - Filling up the DagBag from /home/usmail/sys_fraud/sys_detection_frauds/lib/python3.12/site-packages/airflow/example_dags/example_xcomargs.py
[2025-03-21T21:17:00.752+0000] {processor.py:925} INFO - DAG(s) 'example_xcom_args_with_operators', 'example_xcom_args' retrieved from /home/usmail/sys_fraud/sys_detection_frauds/lib/python3.12/site-packages/airflow/example_dags/example_xcomargs.py
[2025-03-21T21:17:00.780+0000] {logging_mixin.py:190} INFO - [2025-03-21T21:17:00.780+0000] {dag.py:3239} INFO - Sync 2 DAGs
[2025-03-21T21:17:00.795+0000] {logging_mixin.py:190} INFO - [2025-03-21T21:17:00.795+0000] {dag.py:4180} INFO - Setting next_dagrun for example_xcom_args to None, run_after=None
[2025-03-21T21:17:00.798+0000] {logging_mixin.py:190} INFO - [2025-03-21T21:17:00.798+0000] {dag.py:4180} INFO - Setting next_dagrun for example_xcom_args_with_operators to None, run_after=None
[2025-03-21T21:17:00.812+0000] {processor.py:208} INFO - Processing /home/usmail/sys_fraud/sys_detection_frauds/lib/python3.12/site-packages/airflow/example_dags/example_xcomargs.py took 0.100 seconds
[2025-03-21T21:18:03.562+0000] {processor.py:186} INFO - Started process (PID=3747553) to work on /home/usmail/sys_fraud/sys_detection_frauds/lib/python3.12/site-packages/airflow/example_dags/example_xcomargs.py
[2025-03-21T21:18:03.571+0000] {processor.py:914} INFO - Processing file /home/usmail/sys_fraud/sys_detection_frauds/lib/python3.12/site-packages/airflow/example_dags/example_xcomargs.py for tasks to queue
[2025-03-21T21:18:03.574+0000] {logging_mixin.py:190} INFO - [2025-03-21T21:18:03.574+0000] {dagbag.py:588} INFO - Filling up the DagBag from /home/usmail/sys_fraud/sys_detection_frauds/lib/python3.12/site-packages/airflow/example_dags/example_xcomargs.py
[2025-03-21T21:18:03.591+0000] {processor.py:925} INFO - DAG(s) 'example_xcom_args', 'example_xcom_args_with_operators' retrieved from /home/usmail/sys_fraud/sys_detection_frauds/lib/python3.12/site-packages/airflow/example_dags/example_xcomargs.py
[2025-03-21T21:18:03.618+0000] {logging_mixin.py:190} INFO - [2025-03-21T21:18:03.618+0000] {dag.py:3239} INFO - Sync 2 DAGs
[2025-03-21T21:18:03.633+0000] {logging_mixin.py:190} INFO - [2025-03-21T21:18:03.633+0000] {dag.py:4180} INFO - Setting next_dagrun for example_xcom_args to None, run_after=None
[2025-03-21T21:18:03.636+0000] {logging_mixin.py:190} INFO - [2025-03-21T21:18:03.636+0000] {dag.py:4180} INFO - Setting next_dagrun for example_xcom_args_with_operators to None, run_after=None
[2025-03-21T21:18:03.654+0000] {processor.py:208} INFO - Processing /home/usmail/sys_fraud/sys_detection_frauds/lib/python3.12/site-packages/airflow/example_dags/example_xcomargs.py took 0.104 seconds
[2025-03-21T21:19:08.892+0000] {processor.py:186} INFO - Started process (PID=3748351) to work on /home/usmail/sys_fraud/sys_detection_frauds/lib/python3.12/site-packages/airflow/example_dags/example_xcomargs.py
[2025-03-21T21:19:08.894+0000] {processor.py:914} INFO - Processing file /home/usmail/sys_fraud/sys_detection_frauds/lib/python3.12/site-packages/airflow/example_dags/example_xcomargs.py for tasks to queue
[2025-03-21T21:19:08.897+0000] {logging_mixin.py:190} INFO - [2025-03-21T21:19:08.896+0000] {dagbag.py:588} INFO - Filling up the DagBag from /home/usmail/sys_fraud/sys_detection_frauds/lib/python3.12/site-packages/airflow/example_dags/example_xcomargs.py
[2025-03-21T21:19:08.913+0000] {processor.py:925} INFO - DAG(s) 'example_xcom_args', 'example_xcom_args_with_operators' retrieved from /home/usmail/sys_fraud/sys_detection_frauds/lib/python3.12/site-packages/airflow/example_dags/example_xcomargs.py
[2025-03-21T21:19:08.939+0000] {logging_mixin.py:190} INFO - [2025-03-21T21:19:08.939+0000] {dag.py:3239} INFO - Sync 2 DAGs
[2025-03-21T21:19:08.952+0000] {logging_mixin.py:190} INFO - [2025-03-21T21:19:08.952+0000] {dag.py:4180} INFO - Setting next_dagrun for example_xcom_args to None, run_after=None
[2025-03-21T21:19:08.954+0000] {logging_mixin.py:190} INFO - [2025-03-21T21:19:08.954+0000] {dag.py:4180} INFO - Setting next_dagrun for example_xcom_args_with_operators to None, run_after=None
[2025-03-21T21:19:08.968+0000] {processor.py:208} INFO - Processing /home/usmail/sys_fraud/sys_detection_frauds/lib/python3.12/site-packages/airflow/example_dags/example_xcomargs.py took 0.087 seconds
[2025-03-21T21:20:12.135+0000] {processor.py:186} INFO - Started process (PID=3749109) to work on /home/usmail/sys_fraud/sys_detection_frauds/lib/python3.12/site-packages/airflow/example_dags/example_xcomargs.py
[2025-03-21T21:20:12.145+0000] {processor.py:914} INFO - Processing file /home/usmail/sys_fraud/sys_detection_frauds/lib/python3.12/site-packages/airflow/example_dags/example_xcomargs.py for tasks to queue
[2025-03-21T21:20:12.148+0000] {logging_mixin.py:190} INFO - [2025-03-21T21:20:12.147+0000] {dagbag.py:588} INFO - Filling up the DagBag from /home/usmail/sys_fraud/sys_detection_frauds/lib/python3.12/site-packages/airflow/example_dags/example_xcomargs.py
[2025-03-21T21:20:12.163+0000] {processor.py:925} INFO - DAG(s) 'example_xcom_args_with_operators', 'example_xcom_args' retrieved from /home/usmail/sys_fraud/sys_detection_frauds/lib/python3.12/site-packages/airflow/example_dags/example_xcomargs.py
[2025-03-21T21:20:12.191+0000] {logging_mixin.py:190} INFO - [2025-03-21T21:20:12.191+0000] {dag.py:3239} INFO - Sync 2 DAGs
[2025-03-21T21:20:12.205+0000] {logging_mixin.py:190} INFO - [2025-03-21T21:20:12.205+0000] {dag.py:4180} INFO - Setting next_dagrun for example_xcom_args to None, run_after=None
[2025-03-21T21:20:12.209+0000] {logging_mixin.py:190} INFO - [2025-03-21T21:20:12.208+0000] {dag.py:4180} INFO - Setting next_dagrun for example_xcom_args_with_operators to None, run_after=None
[2025-03-21T21:20:12.234+0000] {processor.py:208} INFO - Processing /home/usmail/sys_fraud/sys_detection_frauds/lib/python3.12/site-packages/airflow/example_dags/example_xcomargs.py took 0.111 seconds
[2025-03-21T21:21:15.170+0000] {processor.py:186} INFO - Started process (PID=3749891) to work on /home/usmail/sys_fraud/sys_detection_frauds/lib/python3.12/site-packages/airflow/example_dags/example_xcomargs.py
[2025-03-21T21:21:15.179+0000] {processor.py:914} INFO - Processing file /home/usmail/sys_fraud/sys_detection_frauds/lib/python3.12/site-packages/airflow/example_dags/example_xcomargs.py for tasks to queue
[2025-03-21T21:21:15.182+0000] {logging_mixin.py:190} INFO - [2025-03-21T21:21:15.181+0000] {dagbag.py:588} INFO - Filling up the DagBag from /home/usmail/sys_fraud/sys_detection_frauds/lib/python3.12/site-packages/airflow/example_dags/example_xcomargs.py
[2025-03-21T21:21:15.198+0000] {processor.py:925} INFO - DAG(s) 'example_xcom_args_with_operators', 'example_xcom_args' retrieved from /home/usmail/sys_fraud/sys_detection_frauds/lib/python3.12/site-packages/airflow/example_dags/example_xcomargs.py
[2025-03-21T21:21:15.225+0000] {logging_mixin.py:190} INFO - [2025-03-21T21:21:15.225+0000] {dag.py:3239} INFO - Sync 2 DAGs
[2025-03-21T21:21:15.239+0000] {logging_mixin.py:190} INFO - [2025-03-21T21:21:15.239+0000] {dag.py:4180} INFO - Setting next_dagrun for example_xcom_args to None, run_after=None
[2025-03-21T21:21:15.243+0000] {logging_mixin.py:190} INFO - [2025-03-21T21:21:15.242+0000] {dag.py:4180} INFO - Setting next_dagrun for example_xcom_args_with_operators to None, run_after=None
[2025-03-21T21:21:15.256+0000] {processor.py:208} INFO - Processing /home/usmail/sys_fraud/sys_detection_frauds/lib/python3.12/site-packages/airflow/example_dags/example_xcomargs.py took 0.099 seconds
[2025-03-21T21:22:22.760+0000] {processor.py:186} INFO - Started process (PID=3750731) to work on /home/usmail/sys_fraud/sys_detection_frauds/lib/python3.12/site-packages/airflow/example_dags/example_xcomargs.py
[2025-03-21T21:22:22.770+0000] {processor.py:914} INFO - Processing file /home/usmail/sys_fraud/sys_detection_frauds/lib/python3.12/site-packages/airflow/example_dags/example_xcomargs.py for tasks to queue
[2025-03-21T21:22:22.773+0000] {logging_mixin.py:190} INFO - [2025-03-21T21:22:22.773+0000] {dagbag.py:588} INFO - Filling up the DagBag from /home/usmail/sys_fraud/sys_detection_frauds/lib/python3.12/site-packages/airflow/example_dags/example_xcomargs.py
[2025-03-21T21:22:22.790+0000] {processor.py:925} INFO - DAG(s) 'example_xcom_args', 'example_xcom_args_with_operators' retrieved from /home/usmail/sys_fraud/sys_detection_frauds/lib/python3.12/site-packages/airflow/example_dags/example_xcomargs.py
[2025-03-21T21:22:22.818+0000] {logging_mixin.py:190} INFO - [2025-03-21T21:22:22.817+0000] {dag.py:3239} INFO - Sync 2 DAGs
[2025-03-21T21:22:22.832+0000] {logging_mixin.py:190} INFO - [2025-03-21T21:22:22.831+0000] {dag.py:4180} INFO - Setting next_dagrun for example_xcom_args to None, run_after=None
[2025-03-21T21:22:22.835+0000] {logging_mixin.py:190} INFO - [2025-03-21T21:22:22.834+0000] {dag.py:4180} INFO - Setting next_dagrun for example_xcom_args_with_operators to None, run_after=None
[2025-03-21T21:22:22.858+0000] {processor.py:208} INFO - Processing /home/usmail/sys_fraud/sys_detection_frauds/lib/python3.12/site-packages/airflow/example_dags/example_xcomargs.py took 0.110 seconds
[2025-03-21T21:23:27.445+0000] {processor.py:186} INFO - Started process (PID=3751551) to work on /home/usmail/sys_fraud/sys_detection_frauds/lib/python3.12/site-packages/airflow/example_dags/example_xcomargs.py
[2025-03-21T21:23:27.454+0000] {processor.py:914} INFO - Processing file /home/usmail/sys_fraud/sys_detection_frauds/lib/python3.12/site-packages/airflow/example_dags/example_xcomargs.py for tasks to queue
[2025-03-21T21:23:27.458+0000] {logging_mixin.py:190} INFO - [2025-03-21T21:23:27.457+0000] {dagbag.py:588} INFO - Filling up the DagBag from /home/usmail/sys_fraud/sys_detection_frauds/lib/python3.12/site-packages/airflow/example_dags/example_xcomargs.py
[2025-03-21T21:23:27.475+0000] {processor.py:925} INFO - DAG(s) 'example_xcom_args', 'example_xcom_args_with_operators' retrieved from /home/usmail/sys_fraud/sys_detection_frauds/lib/python3.12/site-packages/airflow/example_dags/example_xcomargs.py
[2025-03-21T21:23:27.500+0000] {logging_mixin.py:190} INFO - [2025-03-21T21:23:27.499+0000] {dag.py:3239} INFO - Sync 2 DAGs
[2025-03-21T21:23:27.510+0000] {logging_mixin.py:190} INFO - [2025-03-21T21:23:27.510+0000] {dag.py:4180} INFO - Setting next_dagrun for example_xcom_args to None, run_after=None
[2025-03-21T21:23:27.512+0000] {logging_mixin.py:190} INFO - [2025-03-21T21:23:27.512+0000] {dag.py:4180} INFO - Setting next_dagrun for example_xcom_args_with_operators to None, run_after=None
[2025-03-21T21:23:27.538+0000] {processor.py:208} INFO - Processing /home/usmail/sys_fraud/sys_detection_frauds/lib/python3.12/site-packages/airflow/example_dags/example_xcomargs.py took 0.105 seconds
[2025-03-21T21:24:29.282+0000] {processor.py:186} INFO - Started process (PID=3752219) to work on /home/usmail/sys_fraud/sys_detection_frauds/lib/python3.12/site-packages/airflow/example_dags/example_xcomargs.py
[2025-03-21T21:24:29.284+0000] {processor.py:914} INFO - Processing file /home/usmail/sys_fraud/sys_detection_frauds/lib/python3.12/site-packages/airflow/example_dags/example_xcomargs.py for tasks to queue
[2025-03-21T21:24:29.288+0000] {logging_mixin.py:190} INFO - [2025-03-21T21:24:29.287+0000] {dagbag.py:588} INFO - Filling up the DagBag from /home/usmail/sys_fraud/sys_detection_frauds/lib/python3.12/site-packages/airflow/example_dags/example_xcomargs.py
[2025-03-21T21:24:29.303+0000] {processor.py:925} INFO - DAG(s) 'example_xcom_args_with_operators', 'example_xcom_args' retrieved from /home/usmail/sys_fraud/sys_detection_frauds/lib/python3.12/site-packages/airflow/example_dags/example_xcomargs.py
[2025-03-21T21:24:29.330+0000] {logging_mixin.py:190} INFO - [2025-03-21T21:24:29.330+0000] {dag.py:3239} INFO - Sync 2 DAGs
[2025-03-21T21:24:29.344+0000] {logging_mixin.py:190} INFO - [2025-03-21T21:24:29.344+0000] {dag.py:4180} INFO - Setting next_dagrun for example_xcom_args to None, run_after=None
[2025-03-21T21:24:29.347+0000] {logging_mixin.py:190} INFO - [2025-03-21T21:24:29.347+0000] {dag.py:4180} INFO - Setting next_dagrun for example_xcom_args_with_operators to None, run_after=None
[2025-03-21T21:24:29.361+0000] {processor.py:208} INFO - Processing /home/usmail/sys_fraud/sys_detection_frauds/lib/python3.12/site-packages/airflow/example_dags/example_xcomargs.py took 0.092 seconds
[2025-03-21T21:25:32.234+0000] {processor.py:186} INFO - Started process (PID=3752894) to work on /home/usmail/sys_fraud/sys_detection_frauds/lib/python3.12/site-packages/airflow/example_dags/example_xcomargs.py
[2025-03-21T21:25:32.244+0000] {processor.py:914} INFO - Processing file /home/usmail/sys_fraud/sys_detection_frauds/lib/python3.12/site-packages/airflow/example_dags/example_xcomargs.py for tasks to queue
[2025-03-21T21:25:32.247+0000] {logging_mixin.py:190} INFO - [2025-03-21T21:25:32.247+0000] {dagbag.py:588} INFO - Filling up the DagBag from /home/usmail/sys_fraud/sys_detection_frauds/lib/python3.12/site-packages/airflow/example_dags/example_xcomargs.py
[2025-03-21T21:25:32.263+0000] {processor.py:925} INFO - DAG(s) 'example_xcom_args', 'example_xcom_args_with_operators' retrieved from /home/usmail/sys_fraud/sys_detection_frauds/lib/python3.12/site-packages/airflow/example_dags/example_xcomargs.py
[2025-03-21T21:25:32.291+0000] {logging_mixin.py:190} INFO - [2025-03-21T21:25:32.291+0000] {dag.py:3239} INFO - Sync 2 DAGs
[2025-03-21T21:25:32.305+0000] {logging_mixin.py:190} INFO - [2025-03-21T21:25:32.305+0000] {dag.py:4180} INFO - Setting next_dagrun for example_xcom_args to None, run_after=None
[2025-03-21T21:25:32.308+0000] {logging_mixin.py:190} INFO - [2025-03-21T21:25:32.308+0000] {dag.py:4180} INFO - Setting next_dagrun for example_xcom_args_with_operators to None, run_after=None
[2025-03-21T21:25:32.333+0000] {processor.py:208} INFO - Processing /home/usmail/sys_fraud/sys_detection_frauds/lib/python3.12/site-packages/airflow/example_dags/example_xcomargs.py took 0.111 seconds
[2025-03-21T21:26:36.037+0000] {processor.py:186} INFO - Started process (PID=3753562) to work on /home/usmail/sys_fraud/sys_detection_frauds/lib/python3.12/site-packages/airflow/example_dags/example_xcomargs.py
[2025-03-21T21:26:36.046+0000] {processor.py:914} INFO - Processing file /home/usmail/sys_fraud/sys_detection_frauds/lib/python3.12/site-packages/airflow/example_dags/example_xcomargs.py for tasks to queue
[2025-03-21T21:26:36.049+0000] {logging_mixin.py:190} INFO - [2025-03-21T21:26:36.048+0000] {dagbag.py:588} INFO - Filling up the DagBag from /home/usmail/sys_fraud/sys_detection_frauds/lib/python3.12/site-packages/airflow/example_dags/example_xcomargs.py
[2025-03-21T21:26:36.064+0000] {processor.py:925} INFO - DAG(s) 'example_xcom_args_with_operators', 'example_xcom_args' retrieved from /home/usmail/sys_fraud/sys_detection_frauds/lib/python3.12/site-packages/airflow/example_dags/example_xcomargs.py
[2025-03-21T21:26:36.086+0000] {logging_mixin.py:190} INFO - [2025-03-21T21:26:36.085+0000] {dag.py:3239} INFO - Sync 2 DAGs
[2025-03-21T21:26:36.097+0000] {logging_mixin.py:190} INFO - [2025-03-21T21:26:36.097+0000] {dag.py:4180} INFO - Setting next_dagrun for example_xcom_args to None, run_after=None
[2025-03-21T21:26:36.100+0000] {logging_mixin.py:190} INFO - [2025-03-21T21:26:36.099+0000] {dag.py:4180} INFO - Setting next_dagrun for example_xcom_args_with_operators to None, run_after=None
[2025-03-21T21:26:36.133+0000] {processor.py:208} INFO - Processing /home/usmail/sys_fraud/sys_detection_frauds/lib/python3.12/site-packages/airflow/example_dags/example_xcomargs.py took 0.108 seconds
[2025-03-21T21:27:39.390+0000] {processor.py:186} INFO - Started process (PID=3754214) to work on /home/usmail/sys_fraud/sys_detection_frauds/lib/python3.12/site-packages/airflow/example_dags/example_xcomargs.py
[2025-03-21T21:27:39.399+0000] {processor.py:914} INFO - Processing file /home/usmail/sys_fraud/sys_detection_frauds/lib/python3.12/site-packages/airflow/example_dags/example_xcomargs.py for tasks to queue
[2025-03-21T21:27:39.402+0000] {logging_mixin.py:190} INFO - [2025-03-21T21:27:39.401+0000] {dagbag.py:588} INFO - Filling up the DagBag from /home/usmail/sys_fraud/sys_detection_frauds/lib/python3.12/site-packages/airflow/example_dags/example_xcomargs.py
[2025-03-21T21:27:39.419+0000] {processor.py:925} INFO - DAG(s) 'example_xcom_args', 'example_xcom_args_with_operators' retrieved from /home/usmail/sys_fraud/sys_detection_frauds/lib/python3.12/site-packages/airflow/example_dags/example_xcomargs.py
[2025-03-21T21:27:39.447+0000] {logging_mixin.py:190} INFO - [2025-03-21T21:27:39.446+0000] {dag.py:3239} INFO - Sync 2 DAGs
[2025-03-21T21:27:39.461+0000] {logging_mixin.py:190} INFO - [2025-03-21T21:27:39.461+0000] {dag.py:4180} INFO - Setting next_dagrun for example_xcom_args to None, run_after=None
[2025-03-21T21:27:39.464+0000] {logging_mixin.py:190} INFO - [2025-03-21T21:27:39.463+0000] {dag.py:4180} INFO - Setting next_dagrun for example_xcom_args_with_operators to None, run_after=None
[2025-03-21T21:27:39.478+0000] {processor.py:208} INFO - Processing /home/usmail/sys_fraud/sys_detection_frauds/lib/python3.12/site-packages/airflow/example_dags/example_xcomargs.py took 0.101 seconds
[2025-03-21T21:28:39.286+0000] {processor.py:186} INFO - Started process (PID=3754844) to work on /home/usmail/sys_fraud/sys_detection_frauds/lib/python3.12/site-packages/airflow/example_dags/example_xcomargs.py
[2025-03-21T21:28:39.295+0000] {processor.py:914} INFO - Processing file /home/usmail/sys_fraud/sys_detection_frauds/lib/python3.12/site-packages/airflow/example_dags/example_xcomargs.py for tasks to queue
[2025-03-21T21:28:39.298+0000] {logging_mixin.py:190} INFO - [2025-03-21T21:28:39.297+0000] {dagbag.py:588} INFO - Filling up the DagBag from /home/usmail/sys_fraud/sys_detection_frauds/lib/python3.12/site-packages/airflow/example_dags/example_xcomargs.py
[2025-03-21T21:28:39.313+0000] {processor.py:925} INFO - DAG(s) 'example_xcom_args', 'example_xcom_args_with_operators' retrieved from /home/usmail/sys_fraud/sys_detection_frauds/lib/python3.12/site-packages/airflow/example_dags/example_xcomargs.py
[2025-03-21T21:28:39.341+0000] {logging_mixin.py:190} INFO - [2025-03-21T21:28:39.341+0000] {dag.py:3239} INFO - Sync 2 DAGs
[2025-03-21T21:28:39.355+0000] {logging_mixin.py:190} INFO - [2025-03-21T21:28:39.355+0000] {dag.py:4180} INFO - Setting next_dagrun for example_xcom_args to None, run_after=None
[2025-03-21T21:28:39.358+0000] {logging_mixin.py:190} INFO - [2025-03-21T21:28:39.357+0000] {dag.py:4180} INFO - Setting next_dagrun for example_xcom_args_with_operators to None, run_after=None
[2025-03-21T21:28:39.381+0000] {processor.py:208} INFO - Processing /home/usmail/sys_fraud/sys_detection_frauds/lib/python3.12/site-packages/airflow/example_dags/example_xcomargs.py took 0.109 seconds
[2025-03-21T21:29:42.978+0000] {processor.py:186} INFO - Started process (PID=3755520) to work on /home/usmail/sys_fraud/sys_detection_frauds/lib/python3.12/site-packages/airflow/example_dags/example_xcomargs.py
[2025-03-21T21:29:42.987+0000] {processor.py:914} INFO - Processing file /home/usmail/sys_fraud/sys_detection_frauds/lib/python3.12/site-packages/airflow/example_dags/example_xcomargs.py for tasks to queue
[2025-03-21T21:29:42.990+0000] {logging_mixin.py:190} INFO - [2025-03-21T21:29:42.990+0000] {dagbag.py:588} INFO - Filling up the DagBag from /home/usmail/sys_fraud/sys_detection_frauds/lib/python3.12/site-packages/airflow/example_dags/example_xcomargs.py
[2025-03-21T21:29:43.006+0000] {processor.py:925} INFO - DAG(s) 'example_xcom_args', 'example_xcom_args_with_operators' retrieved from /home/usmail/sys_fraud/sys_detection_frauds/lib/python3.12/site-packages/airflow/example_dags/example_xcomargs.py
[2025-03-21T21:29:43.033+0000] {logging_mixin.py:190} INFO - [2025-03-21T21:29:43.032+0000] {dag.py:3239} INFO - Sync 2 DAGs
[2025-03-21T21:29:43.047+0000] {logging_mixin.py:190} INFO - [2025-03-21T21:29:43.046+0000] {dag.py:4180} INFO - Setting next_dagrun for example_xcom_args to None, run_after=None
[2025-03-21T21:29:43.049+0000] {logging_mixin.py:190} INFO - [2025-03-21T21:29:43.049+0000] {dag.py:4180} INFO - Setting next_dagrun for example_xcom_args_with_operators to None, run_after=None
[2025-03-21T21:29:43.077+0000] {processor.py:208} INFO - Processing /home/usmail/sys_fraud/sys_detection_frauds/lib/python3.12/site-packages/airflow/example_dags/example_xcomargs.py took 0.111 seconds
[2025-03-21T21:30:48.696+0000] {processor.py:186} INFO - Started process (PID=3756202) to work on /home/usmail/sys_fraud/sys_detection_frauds/lib/python3.12/site-packages/airflow/example_dags/example_xcomargs.py
[2025-03-21T21:30:48.705+0000] {processor.py:914} INFO - Processing file /home/usmail/sys_fraud/sys_detection_frauds/lib/python3.12/site-packages/airflow/example_dags/example_xcomargs.py for tasks to queue
[2025-03-21T21:30:48.708+0000] {logging_mixin.py:190} INFO - [2025-03-21T21:30:48.708+0000] {dagbag.py:588} INFO - Filling up the DagBag from /home/usmail/sys_fraud/sys_detection_frauds/lib/python3.12/site-packages/airflow/example_dags/example_xcomargs.py
[2025-03-21T21:30:48.724+0000] {processor.py:925} INFO - DAG(s) 'example_xcom_args', 'example_xcom_args_with_operators' retrieved from /home/usmail/sys_fraud/sys_detection_frauds/lib/python3.12/site-packages/airflow/example_dags/example_xcomargs.py
[2025-03-21T21:30:48.751+0000] {logging_mixin.py:190} INFO - [2025-03-21T21:30:48.751+0000] {dag.py:3239} INFO - Sync 2 DAGs
[2025-03-21T21:30:48.766+0000] {logging_mixin.py:190} INFO - [2025-03-21T21:30:48.765+0000] {dag.py:4180} INFO - Setting next_dagrun for example_xcom_args to None, run_after=None
[2025-03-21T21:30:48.769+0000] {logging_mixin.py:190} INFO - [2025-03-21T21:30:48.768+0000] {dag.py:4180} INFO - Setting next_dagrun for example_xcom_args_with_operators to None, run_after=None
[2025-03-21T21:30:48.787+0000] {processor.py:208} INFO - Processing /home/usmail/sys_fraud/sys_detection_frauds/lib/python3.12/site-packages/airflow/example_dags/example_xcomargs.py took 0.103 seconds
[2025-03-21T21:31:54.324+0000] {processor.py:186} INFO - Started process (PID=3756897) to work on /home/usmail/sys_fraud/sys_detection_frauds/lib/python3.12/site-packages/airflow/example_dags/example_xcomargs.py
[2025-03-21T21:31:54.333+0000] {processor.py:914} INFO - Processing file /home/usmail/sys_fraud/sys_detection_frauds/lib/python3.12/site-packages/airflow/example_dags/example_xcomargs.py for tasks to queue
[2025-03-21T21:31:54.336+0000] {logging_mixin.py:190} INFO - [2025-03-21T21:31:54.336+0000] {dagbag.py:588} INFO - Filling up the DagBag from /home/usmail/sys_fraud/sys_detection_frauds/lib/python3.12/site-packages/airflow/example_dags/example_xcomargs.py
[2025-03-21T21:31:54.352+0000] {processor.py:925} INFO - DAG(s) 'example_xcom_args_with_operators', 'example_xcom_args' retrieved from /home/usmail/sys_fraud/sys_detection_frauds/lib/python3.12/site-packages/airflow/example_dags/example_xcomargs.py
[2025-03-21T21:31:54.379+0000] {logging_mixin.py:190} INFO - [2025-03-21T21:31:54.378+0000] {dag.py:3239} INFO - Sync 2 DAGs
[2025-03-21T21:31:54.392+0000] {logging_mixin.py:190} INFO - [2025-03-21T21:31:54.391+0000] {dag.py:4180} INFO - Setting next_dagrun for example_xcom_args to None, run_after=None
[2025-03-21T21:31:54.394+0000] {logging_mixin.py:190} INFO - [2025-03-21T21:31:54.394+0000] {dag.py:4180} INFO - Setting next_dagrun for example_xcom_args_with_operators to None, run_after=None
[2025-03-21T21:31:54.428+0000] {processor.py:208} INFO - Processing /home/usmail/sys_fraud/sys_detection_frauds/lib/python3.12/site-packages/airflow/example_dags/example_xcomargs.py took 0.116 seconds
[2025-03-21T21:32:56.696+0000] {processor.py:186} INFO - Started process (PID=3757540) to work on /home/usmail/sys_fraud/sys_detection_frauds/lib/python3.12/site-packages/airflow/example_dags/example_xcomargs.py
[2025-03-21T21:32:56.705+0000] {processor.py:914} INFO - Processing file /home/usmail/sys_fraud/sys_detection_frauds/lib/python3.12/site-packages/airflow/example_dags/example_xcomargs.py for tasks to queue
[2025-03-21T21:32:56.708+0000] {logging_mixin.py:190} INFO - [2025-03-21T21:32:56.708+0000] {dagbag.py:588} INFO - Filling up the DagBag from /home/usmail/sys_fraud/sys_detection_frauds/lib/python3.12/site-packages/airflow/example_dags/example_xcomargs.py
[2025-03-21T21:32:56.724+0000] {processor.py:925} INFO - DAG(s) 'example_xcom_args_with_operators', 'example_xcom_args' retrieved from /home/usmail/sys_fraud/sys_detection_frauds/lib/python3.12/site-packages/airflow/example_dags/example_xcomargs.py
[2025-03-21T21:32:56.753+0000] {logging_mixin.py:190} INFO - [2025-03-21T21:32:56.752+0000] {dag.py:3239} INFO - Sync 2 DAGs
[2025-03-21T21:32:56.767+0000] {logging_mixin.py:190} INFO - [2025-03-21T21:32:56.767+0000] {dag.py:4180} INFO - Setting next_dagrun for example_xcom_args to None, run_after=None
[2025-03-21T21:32:56.770+0000] {logging_mixin.py:190} INFO - [2025-03-21T21:32:56.770+0000] {dag.py:4180} INFO - Setting next_dagrun for example_xcom_args_with_operators to None, run_after=None
[2025-03-21T21:32:56.784+0000] {processor.py:208} INFO - Processing /home/usmail/sys_fraud/sys_detection_frauds/lib/python3.12/site-packages/airflow/example_dags/example_xcomargs.py took 0.100 seconds
[2025-03-21T22:19:30.372+0000] {processor.py:186} INFO - Started process (PID=3758596) to work on /home/usmail/sys_fraud/sys_detection_frauds/lib/python3.12/site-packages/airflow/example_dags/example_xcomargs.py
[2025-03-21T22:19:30.374+0000] {processor.py:914} INFO - Processing file /home/usmail/sys_fraud/sys_detection_frauds/lib/python3.12/site-packages/airflow/example_dags/example_xcomargs.py for tasks to queue
[2025-03-21T22:19:30.378+0000] {logging_mixin.py:190} INFO - [2025-03-21T22:19:30.377+0000] {dagbag.py:588} INFO - Filling up the DagBag from /home/usmail/sys_fraud/sys_detection_frauds/lib/python3.12/site-packages/airflow/example_dags/example_xcomargs.py
[2025-03-21T22:19:30.397+0000] {processor.py:925} INFO - DAG(s) 'example_xcom_args_with_operators', 'example_xcom_args' retrieved from /home/usmail/sys_fraud/sys_detection_frauds/lib/python3.12/site-packages/airflow/example_dags/example_xcomargs.py
[2025-03-21T22:19:30.427+0000] {logging_mixin.py:190} INFO - [2025-03-21T22:19:30.427+0000] {dag.py:3239} INFO - Sync 2 DAGs
[2025-03-21T22:19:30.442+0000] {logging_mixin.py:190} INFO - [2025-03-21T22:19:30.441+0000] {dag.py:4180} INFO - Setting next_dagrun for example_xcom_args to None, run_after=None
[2025-03-21T22:19:30.446+0000] {logging_mixin.py:190} INFO - [2025-03-21T22:19:30.445+0000] {dag.py:4180} INFO - Setting next_dagrun for example_xcom_args_with_operators to None, run_after=None
[2025-03-21T22:19:30.465+0000] {processor.py:208} INFO - Processing /home/usmail/sys_fraud/sys_detection_frauds/lib/python3.12/site-packages/airflow/example_dags/example_xcomargs.py took 0.107 seconds
[2025-03-21T22:20:27.437+0000] {processor.py:186} INFO - Started process (PID=3759507) to work on /home/usmail/sys_fraud/sys_detection_frauds/lib/python3.12/site-packages/airflow/example_dags/example_xcomargs.py
[2025-03-21T22:20:27.446+0000] {processor.py:914} INFO - Processing file /home/usmail/sys_fraud/sys_detection_frauds/lib/python3.12/site-packages/airflow/example_dags/example_xcomargs.py for tasks to queue
[2025-03-21T22:20:27.450+0000] {logging_mixin.py:190} INFO - [2025-03-21T22:20:27.449+0000] {dagbag.py:588} INFO - Filling up the DagBag from /home/usmail/sys_fraud/sys_detection_frauds/lib/python3.12/site-packages/airflow/example_dags/example_xcomargs.py
[2025-03-21T22:20:27.471+0000] {processor.py:925} INFO - DAG(s) 'example_xcom_args', 'example_xcom_args_with_operators' retrieved from /home/usmail/sys_fraud/sys_detection_frauds/lib/python3.12/site-packages/airflow/example_dags/example_xcomargs.py
[2025-03-21T22:20:27.498+0000] {logging_mixin.py:190} INFO - [2025-03-21T22:20:27.498+0000] {dag.py:3239} INFO - Sync 2 DAGs
[2025-03-21T22:20:27.509+0000] {logging_mixin.py:190} INFO - [2025-03-21T22:20:27.509+0000] {dag.py:4180} INFO - Setting next_dagrun for example_xcom_args to None, run_after=None
[2025-03-21T22:20:27.513+0000] {logging_mixin.py:190} INFO - [2025-03-21T22:20:27.513+0000] {dag.py:4180} INFO - Setting next_dagrun for example_xcom_args_with_operators to None, run_after=None
[2025-03-21T22:20:27.533+0000] {processor.py:208} INFO - Processing /home/usmail/sys_fraud/sys_detection_frauds/lib/python3.12/site-packages/airflow/example_dags/example_xcomargs.py took 0.109 seconds
[2025-03-21T22:21:29.676+0000] {processor.py:186} INFO - Started process (PID=3760262) to work on /home/usmail/sys_fraud/sys_detection_frauds/lib/python3.12/site-packages/airflow/example_dags/example_xcomargs.py
[2025-03-21T22:21:29.685+0000] {processor.py:914} INFO - Processing file /home/usmail/sys_fraud/sys_detection_frauds/lib/python3.12/site-packages/airflow/example_dags/example_xcomargs.py for tasks to queue
[2025-03-21T22:21:29.687+0000] {logging_mixin.py:190} INFO - [2025-03-21T22:21:29.687+0000] {dagbag.py:588} INFO - Filling up the DagBag from /home/usmail/sys_fraud/sys_detection_frauds/lib/python3.12/site-packages/airflow/example_dags/example_xcomargs.py
[2025-03-21T22:21:29.705+0000] {processor.py:925} INFO - DAG(s) 'example_xcom_args_with_operators', 'example_xcom_args' retrieved from /home/usmail/sys_fraud/sys_detection_frauds/lib/python3.12/site-packages/airflow/example_dags/example_xcomargs.py
[2025-03-21T22:21:29.734+0000] {logging_mixin.py:190} INFO - [2025-03-21T22:21:29.734+0000] {dag.py:3239} INFO - Sync 2 DAGs
[2025-03-21T22:21:29.749+0000] {logging_mixin.py:190} INFO - [2025-03-21T22:21:29.749+0000] {dag.py:4180} INFO - Setting next_dagrun for example_xcom_args to None, run_after=None
[2025-03-21T22:21:29.752+0000] {logging_mixin.py:190} INFO - [2025-03-21T22:21:29.752+0000] {dag.py:4180} INFO - Setting next_dagrun for example_xcom_args_with_operators to None, run_after=None
[2025-03-21T22:21:29.776+0000] {processor.py:208} INFO - Processing /home/usmail/sys_fraud/sys_detection_frauds/lib/python3.12/site-packages/airflow/example_dags/example_xcomargs.py took 0.113 seconds
[2025-03-21T22:22:30.103+0000] {processor.py:186} INFO - Started process (PID=3761367) to work on /home/usmail/sys_fraud/sys_detection_frauds/lib/python3.12/site-packages/airflow/example_dags/example_xcomargs.py
[2025-03-21T22:22:30.113+0000] {processor.py:914} INFO - Processing file /home/usmail/sys_fraud/sys_detection_frauds/lib/python3.12/site-packages/airflow/example_dags/example_xcomargs.py for tasks to queue
[2025-03-21T22:22:30.115+0000] {logging_mixin.py:190} INFO - [2025-03-21T22:22:30.114+0000] {dagbag.py:588} INFO - Filling up the DagBag from /home/usmail/sys_fraud/sys_detection_frauds/lib/python3.12/site-packages/airflow/example_dags/example_xcomargs.py
[2025-03-21T22:22:30.132+0000] {processor.py:925} INFO - DAG(s) 'example_xcom_args', 'example_xcom_args_with_operators' retrieved from /home/usmail/sys_fraud/sys_detection_frauds/lib/python3.12/site-packages/airflow/example_dags/example_xcomargs.py
[2025-03-21T22:22:30.158+0000] {logging_mixin.py:190} INFO - [2025-03-21T22:22:30.158+0000] {dag.py:3239} INFO - Sync 2 DAGs
[2025-03-21T22:22:30.171+0000] {logging_mixin.py:190} INFO - [2025-03-21T22:22:30.171+0000] {dag.py:4180} INFO - Setting next_dagrun for example_xcom_args to None, run_after=None
[2025-03-21T22:22:30.174+0000] {logging_mixin.py:190} INFO - [2025-03-21T22:22:30.174+0000] {dag.py:4180} INFO - Setting next_dagrun for example_xcom_args_with_operators to None, run_after=None
[2025-03-21T22:22:30.200+0000] {processor.py:208} INFO - Processing /home/usmail/sys_fraud/sys_detection_frauds/lib/python3.12/site-packages/airflow/example_dags/example_xcomargs.py took 0.109 seconds
