[2025-03-21T20:49:48.553+0000] {processor.py:186} INFO - Started process (PID=3723116) to work on /home/usmail/sys_fraud/sys_detection_frauds/lib/python3.12/site-packages/airflow/example_dags/example_sensors.py
[2025-03-21T20:49:48.554+0000] {processor.py:914} INFO - Processing file /home/usmail/sys_fraud/sys_detection_frauds/lib/python3.12/site-packages/airflow/example_dags/example_sensors.py for tasks to queue
[2025-03-21T20:49:48.556+0000] {logging_mixin.py:190} INFO - [2025-03-21T20:49:48.555+0000] {dagbag.py:588} INFO - Filling up the DagBag from /home/usmail/sys_fraud/sys_detection_frauds/lib/python3.12/site-packages/airflow/example_dags/example_sensors.py
[2025-03-21T20:49:48.563+0000] {processor.py:925} INFO - DAG(s) 'example_sensors' retrieved from /home/usmail/sys_fraud/sys_detection_frauds/lib/python3.12/site-packages/airflow/example_dags/example_sensors.py
[2025-03-21T20:49:48.653+0000] {logging_mixin.py:190} INFO - [2025-03-21T20:49:48.652+0000] {override.py:1912} INFO - Created Permission View: can edit on DAG:example_sensors
[2025-03-21T20:49:48.668+0000] {logging_mixin.py:190} INFO - [2025-03-21T20:49:48.667+0000] {override.py:1912} INFO - Created Permission View: can read on DAG:example_sensors
[2025-03-21T20:49:48.675+0000] {logging_mixin.py:190} INFO - [2025-03-21T20:49:48.675+0000] {override.py:1912} INFO - Created Permission View: can delete on DAG:example_sensors
[2025-03-21T20:49:48.684+0000] {logging_mixin.py:190} INFO - [2025-03-21T20:49:48.684+0000] {override.py:1912} INFO - Created Permission View: can create on DAG Run:example_sensors
[2025-03-21T20:49:48.690+0000] {logging_mixin.py:190} INFO - [2025-03-21T20:49:48.690+0000] {override.py:1912} INFO - Created Permission View: menu access on DAG Run:example_sensors
[2025-03-21T20:49:48.695+0000] {logging_mixin.py:190} INFO - [2025-03-21T20:49:48.695+0000] {override.py:1912} INFO - Created Permission View: can read on DAG Run:example_sensors
[2025-03-21T20:49:48.700+0000] {logging_mixin.py:190} INFO - [2025-03-21T20:49:48.700+0000] {override.py:1912} INFO - Created Permission View: can delete on DAG Run:example_sensors
[2025-03-21T20:49:48.700+0000] {logging_mixin.py:190} INFO - [2025-03-21T20:49:48.700+0000] {dag.py:3239} INFO - Sync 1 DAGs
[2025-03-21T20:49:48.707+0000] {logging_mixin.py:190} INFO - [2025-03-21T20:49:48.707+0000] {dag.py:3262} INFO - Creating ORM DAG for example_sensors
[2025-03-21T20:49:48.708+0000] {logging_mixin.py:190} INFO - [2025-03-21T20:49:48.707+0000] {dag.py:4180} INFO - Setting next_dagrun for example_sensors to None, run_after=None
[2025-03-21T20:49:48.719+0000] {processor.py:208} INFO - Processing /home/usmail/sys_fraud/sys_detection_frauds/lib/python3.12/site-packages/airflow/example_dags/example_sensors.py took 0.171 seconds
[2025-03-21T20:50:49.128+0000] {processor.py:186} INFO - Started process (PID=3723841) to work on /home/usmail/sys_fraud/sys_detection_frauds/lib/python3.12/site-packages/airflow/example_dags/example_sensors.py
[2025-03-21T20:50:49.136+0000] {processor.py:914} INFO - Processing file /home/usmail/sys_fraud/sys_detection_frauds/lib/python3.12/site-packages/airflow/example_dags/example_sensors.py for tasks to queue
[2025-03-21T20:50:49.139+0000] {logging_mixin.py:190} INFO - [2025-03-21T20:50:49.138+0000] {dagbag.py:588} INFO - Filling up the DagBag from /home/usmail/sys_fraud/sys_detection_frauds/lib/python3.12/site-packages/airflow/example_dags/example_sensors.py
[2025-03-21T20:50:49.151+0000] {processor.py:925} INFO - DAG(s) 'example_sensors' retrieved from /home/usmail/sys_fraud/sys_detection_frauds/lib/python3.12/site-packages/airflow/example_dags/example_sensors.py
[2025-03-21T20:50:49.162+0000] {logging_mixin.py:190} INFO - [2025-03-21T20:50:49.162+0000] {dag.py:3239} INFO - Sync 1 DAGs
[2025-03-21T20:50:49.168+0000] {logging_mixin.py:190} INFO - [2025-03-21T20:50:49.168+0000] {dag.py:4180} INFO - Setting next_dagrun for example_sensors to None, run_after=None
[2025-03-21T20:50:49.186+0000] {processor.py:208} INFO - Processing /home/usmail/sys_fraud/sys_detection_frauds/lib/python3.12/site-packages/airflow/example_dags/example_sensors.py took 0.063 seconds
[2025-03-21T20:51:43.301+0000] {processor.py:186} INFO - Started process (PID=3724525) to work on /home/usmail/sys_fraud/sys_detection_frauds/lib/python3.12/site-packages/airflow/example_dags/example_sensors.py
[2025-03-21T20:51:43.302+0000] {processor.py:914} INFO - Processing file /home/usmail/sys_fraud/sys_detection_frauds/lib/python3.12/site-packages/airflow/example_dags/example_sensors.py for tasks to queue
[2025-03-21T20:51:43.303+0000] {logging_mixin.py:190} INFO - [2025-03-21T20:51:43.303+0000] {dagbag.py:588} INFO - Filling up the DagBag from /home/usmail/sys_fraud/sys_detection_frauds/lib/python3.12/site-packages/airflow/example_dags/example_sensors.py
[2025-03-21T20:51:43.309+0000] {processor.py:925} INFO - DAG(s) 'example_sensors' retrieved from /home/usmail/sys_fraud/sys_detection_frauds/lib/python3.12/site-packages/airflow/example_dags/example_sensors.py
[2025-03-21T20:51:43.323+0000] {logging_mixin.py:190} INFO - [2025-03-21T20:51:43.323+0000] {dag.py:3239} INFO - Sync 1 DAGs
[2025-03-21T20:51:43.331+0000] {logging_mixin.py:190} INFO - [2025-03-21T20:51:43.331+0000] {dag.py:4180} INFO - Setting next_dagrun for example_sensors to None, run_after=None
[2025-03-21T20:51:43.348+0000] {processor.py:208} INFO - Processing /home/usmail/sys_fraud/sys_detection_frauds/lib/python3.12/site-packages/airflow/example_dags/example_sensors.py took 0.050 seconds
[2025-03-21T20:52:39.628+0000] {processor.py:186} INFO - Started process (PID=3725187) to work on /home/usmail/sys_fraud/sys_detection_frauds/lib/python3.12/site-packages/airflow/example_dags/example_sensors.py
[2025-03-21T20:52:39.636+0000] {processor.py:914} INFO - Processing file /home/usmail/sys_fraud/sys_detection_frauds/lib/python3.12/site-packages/airflow/example_dags/example_sensors.py for tasks to queue
[2025-03-21T20:52:39.638+0000] {logging_mixin.py:190} INFO - [2025-03-21T20:52:39.637+0000] {dagbag.py:588} INFO - Filling up the DagBag from /home/usmail/sys_fraud/sys_detection_frauds/lib/python3.12/site-packages/airflow/example_dags/example_sensors.py
[2025-03-21T20:52:39.646+0000] {processor.py:925} INFO - DAG(s) 'example_sensors' retrieved from /home/usmail/sys_fraud/sys_detection_frauds/lib/python3.12/site-packages/airflow/example_dags/example_sensors.py
[2025-03-21T20:52:39.661+0000] {logging_mixin.py:190} INFO - [2025-03-21T20:52:39.660+0000] {dag.py:3239} INFO - Sync 1 DAGs
[2025-03-21T20:52:39.671+0000] {logging_mixin.py:190} INFO - [2025-03-21T20:52:39.670+0000] {dag.py:4180} INFO - Setting next_dagrun for example_sensors to None, run_after=None
[2025-03-21T20:52:39.686+0000] {processor.py:208} INFO - Processing /home/usmail/sys_fraud/sys_detection_frauds/lib/python3.12/site-packages/airflow/example_dags/example_sensors.py took 0.061 seconds
[2025-03-21T20:53:32.614+0000] {processor.py:186} INFO - Started process (PID=3725817) to work on /home/usmail/sys_fraud/sys_detection_frauds/lib/python3.12/site-packages/airflow/example_dags/example_sensors.py
[2025-03-21T20:53:32.615+0000] {processor.py:914} INFO - Processing file /home/usmail/sys_fraud/sys_detection_frauds/lib/python3.12/site-packages/airflow/example_dags/example_sensors.py for tasks to queue
[2025-03-21T20:53:32.618+0000] {logging_mixin.py:190} INFO - [2025-03-21T20:53:32.617+0000] {dagbag.py:588} INFO - Filling up the DagBag from /home/usmail/sys_fraud/sys_detection_frauds/lib/python3.12/site-packages/airflow/example_dags/example_sensors.py
[2025-03-21T20:53:32.626+0000] {processor.py:925} INFO - DAG(s) 'example_sensors' retrieved from /home/usmail/sys_fraud/sys_detection_frauds/lib/python3.12/site-packages/airflow/example_dags/example_sensors.py
[2025-03-21T20:53:32.637+0000] {logging_mixin.py:190} INFO - [2025-03-21T20:53:32.637+0000] {dag.py:3239} INFO - Sync 1 DAGs
[2025-03-21T20:53:32.644+0000] {logging_mixin.py:190} INFO - [2025-03-21T20:53:32.644+0000] {dag.py:4180} INFO - Setting next_dagrun for example_sensors to None, run_after=None
[2025-03-21T20:53:32.656+0000] {processor.py:208} INFO - Processing /home/usmail/sys_fraud/sys_detection_frauds/lib/python3.12/site-packages/airflow/example_dags/example_sensors.py took 0.050 seconds
[2025-03-21T20:54:25.877+0000] {processor.py:186} INFO - Started process (PID=3726497) to work on /home/usmail/sys_fraud/sys_detection_frauds/lib/python3.12/site-packages/airflow/example_dags/example_sensors.py
[2025-03-21T20:54:25.885+0000] {processor.py:914} INFO - Processing file /home/usmail/sys_fraud/sys_detection_frauds/lib/python3.12/site-packages/airflow/example_dags/example_sensors.py for tasks to queue
[2025-03-21T20:54:25.889+0000] {logging_mixin.py:190} INFO - [2025-03-21T20:54:25.889+0000] {dagbag.py:588} INFO - Filling up the DagBag from /home/usmail/sys_fraud/sys_detection_frauds/lib/python3.12/site-packages/airflow/example_dags/example_sensors.py
[2025-03-21T20:54:25.899+0000] {processor.py:925} INFO - DAG(s) 'example_sensors' retrieved from /home/usmail/sys_fraud/sys_detection_frauds/lib/python3.12/site-packages/airflow/example_dags/example_sensors.py
[2025-03-21T20:54:26.012+0000] {logging_mixin.py:190} INFO - [2025-03-21T20:54:26.012+0000] {dag.py:3239} INFO - Sync 1 DAGs
[2025-03-21T20:54:26.018+0000] {logging_mixin.py:190} INFO - [2025-03-21T20:54:26.018+0000] {dag.py:4180} INFO - Setting next_dagrun for example_sensors to None, run_after=None
[2025-03-21T20:54:26.041+0000] {processor.py:208} INFO - Processing /home/usmail/sys_fraud/sys_detection_frauds/lib/python3.12/site-packages/airflow/example_dags/example_sensors.py took 0.167 seconds
[2025-03-21T20:55:18.067+0000] {processor.py:186} INFO - Started process (PID=3727111) to work on /home/usmail/sys_fraud/sys_detection_frauds/lib/python3.12/site-packages/airflow/example_dags/example_sensors.py
[2025-03-21T20:55:18.076+0000] {processor.py:914} INFO - Processing file /home/usmail/sys_fraud/sys_detection_frauds/lib/python3.12/site-packages/airflow/example_dags/example_sensors.py for tasks to queue
[2025-03-21T20:55:18.080+0000] {logging_mixin.py:190} INFO - [2025-03-21T20:55:18.079+0000] {dagbag.py:588} INFO - Filling up the DagBag from /home/usmail/sys_fraud/sys_detection_frauds/lib/python3.12/site-packages/airflow/example_dags/example_sensors.py
[2025-03-21T20:55:18.093+0000] {processor.py:925} INFO - DAG(s) 'example_sensors' retrieved from /home/usmail/sys_fraud/sys_detection_frauds/lib/python3.12/site-packages/airflow/example_dags/example_sensors.py
[2025-03-21T20:55:18.105+0000] {logging_mixin.py:190} INFO - [2025-03-21T20:55:18.105+0000] {dag.py:3239} INFO - Sync 1 DAGs
[2025-03-21T20:55:18.112+0000] {logging_mixin.py:190} INFO - [2025-03-21T20:55:18.112+0000] {dag.py:4180} INFO - Setting next_dagrun for example_sensors to None, run_after=None
[2025-03-21T20:55:18.128+0000] {processor.py:208} INFO - Processing /home/usmail/sys_fraud/sys_detection_frauds/lib/python3.12/site-packages/airflow/example_dags/example_sensors.py took 0.070 seconds
[2025-03-21T20:56:07.898+0000] {processor.py:186} INFO - Started process (PID=3727773) to work on /home/usmail/sys_fraud/sys_detection_frauds/lib/python3.12/site-packages/airflow/example_dags/example_sensors.py
[2025-03-21T20:56:07.899+0000] {processor.py:914} INFO - Processing file /home/usmail/sys_fraud/sys_detection_frauds/lib/python3.12/site-packages/airflow/example_dags/example_sensors.py for tasks to queue
[2025-03-21T20:56:07.902+0000] {logging_mixin.py:190} INFO - [2025-03-21T20:56:07.901+0000] {dagbag.py:588} INFO - Filling up the DagBag from /home/usmail/sys_fraud/sys_detection_frauds/lib/python3.12/site-packages/airflow/example_dags/example_sensors.py
[2025-03-21T20:56:07.909+0000] {processor.py:925} INFO - DAG(s) 'example_sensors' retrieved from /home/usmail/sys_fraud/sys_detection_frauds/lib/python3.12/site-packages/airflow/example_dags/example_sensors.py
[2025-03-21T20:56:07.920+0000] {logging_mixin.py:190} INFO - [2025-03-21T20:56:07.920+0000] {dag.py:3239} INFO - Sync 1 DAGs
[2025-03-21T20:56:07.927+0000] {logging_mixin.py:190} INFO - [2025-03-21T20:56:07.927+0000] {dag.py:4180} INFO - Setting next_dagrun for example_sensors to None, run_after=None
[2025-03-21T20:56:07.941+0000] {processor.py:208} INFO - Processing /home/usmail/sys_fraud/sys_detection_frauds/lib/python3.12/site-packages/airflow/example_dags/example_sensors.py took 0.049 seconds
[2025-03-21T20:57:01.926+0000] {processor.py:186} INFO - Started process (PID=3728614) to work on /home/usmail/sys_fraud/sys_detection_frauds/lib/python3.12/site-packages/airflow/example_dags/example_sensors.py
[2025-03-21T20:57:01.934+0000] {processor.py:914} INFO - Processing file /home/usmail/sys_fraud/sys_detection_frauds/lib/python3.12/site-packages/airflow/example_dags/example_sensors.py for tasks to queue
[2025-03-21T20:57:01.936+0000] {logging_mixin.py:190} INFO - [2025-03-21T20:57:01.936+0000] {dagbag.py:588} INFO - Filling up the DagBag from /home/usmail/sys_fraud/sys_detection_frauds/lib/python3.12/site-packages/airflow/example_dags/example_sensors.py
[2025-03-21T20:57:01.946+0000] {processor.py:925} INFO - DAG(s) 'example_sensors' retrieved from /home/usmail/sys_fraud/sys_detection_frauds/lib/python3.12/site-packages/airflow/example_dags/example_sensors.py
[2025-03-21T20:57:01.959+0000] {logging_mixin.py:190} INFO - [2025-03-21T20:57:01.959+0000] {dag.py:3239} INFO - Sync 1 DAGs
[2025-03-21T20:57:01.966+0000] {logging_mixin.py:190} INFO - [2025-03-21T20:57:01.966+0000] {dag.py:4180} INFO - Setting next_dagrun for example_sensors to None, run_after=None
[2025-03-21T20:57:01.983+0000] {processor.py:208} INFO - Processing /home/usmail/sys_fraud/sys_detection_frauds/lib/python3.12/site-packages/airflow/example_dags/example_sensors.py took 0.061 seconds
[2025-03-21T20:57:52.592+0000] {processor.py:186} INFO - Started process (PID=3729170) to work on /home/usmail/sys_fraud/sys_detection_frauds/lib/python3.12/site-packages/airflow/example_dags/example_sensors.py
[2025-03-21T20:57:52.593+0000] {processor.py:914} INFO - Processing file /home/usmail/sys_fraud/sys_detection_frauds/lib/python3.12/site-packages/airflow/example_dags/example_sensors.py for tasks to queue
[2025-03-21T20:57:52.595+0000] {logging_mixin.py:190} INFO - [2025-03-21T20:57:52.594+0000] {dagbag.py:588} INFO - Filling up the DagBag from /home/usmail/sys_fraud/sys_detection_frauds/lib/python3.12/site-packages/airflow/example_dags/example_sensors.py
[2025-03-21T20:57:52.602+0000] {processor.py:925} INFO - DAG(s) 'example_sensors' retrieved from /home/usmail/sys_fraud/sys_detection_frauds/lib/python3.12/site-packages/airflow/example_dags/example_sensors.py
[2025-03-21T20:57:52.614+0000] {logging_mixin.py:190} INFO - [2025-03-21T20:57:52.614+0000] {dag.py:3239} INFO - Sync 1 DAGs
[2025-03-21T20:57:52.623+0000] {logging_mixin.py:190} INFO - [2025-03-21T20:57:52.622+0000] {dag.py:4180} INFO - Setting next_dagrun for example_sensors to None, run_after=None
[2025-03-21T20:57:52.639+0000] {processor.py:208} INFO - Processing /home/usmail/sys_fraud/sys_detection_frauds/lib/python3.12/site-packages/airflow/example_dags/example_sensors.py took 0.050 seconds
[2025-03-21T20:58:45.056+0000] {processor.py:186} INFO - Started process (PID=3729846) to work on /home/usmail/sys_fraud/sys_detection_frauds/lib/python3.12/site-packages/airflow/example_dags/example_sensors.py
[2025-03-21T20:58:45.057+0000] {processor.py:914} INFO - Processing file /home/usmail/sys_fraud/sys_detection_frauds/lib/python3.12/site-packages/airflow/example_dags/example_sensors.py for tasks to queue
[2025-03-21T20:58:45.059+0000] {logging_mixin.py:190} INFO - [2025-03-21T20:58:45.059+0000] {dagbag.py:588} INFO - Filling up the DagBag from /home/usmail/sys_fraud/sys_detection_frauds/lib/python3.12/site-packages/airflow/example_dags/example_sensors.py
[2025-03-21T20:58:45.068+0000] {processor.py:925} INFO - DAG(s) 'example_sensors' retrieved from /home/usmail/sys_fraud/sys_detection_frauds/lib/python3.12/site-packages/airflow/example_dags/example_sensors.py
[2025-03-21T20:58:45.079+0000] {logging_mixin.py:190} INFO - [2025-03-21T20:58:45.079+0000] {dag.py:3239} INFO - Sync 1 DAGs
[2025-03-21T20:58:45.087+0000] {logging_mixin.py:190} INFO - [2025-03-21T20:58:45.087+0000] {dag.py:4180} INFO - Setting next_dagrun for example_sensors to None, run_after=None
[2025-03-21T20:58:45.109+0000] {processor.py:208} INFO - Processing /home/usmail/sys_fraud/sys_detection_frauds/lib/python3.12/site-packages/airflow/example_dags/example_sensors.py took 0.058 seconds
[2025-03-21T20:59:40.102+0000] {processor.py:186} INFO - Started process (PID=3730606) to work on /home/usmail/sys_fraud/sys_detection_frauds/lib/python3.12/site-packages/airflow/example_dags/example_sensors.py
[2025-03-21T20:59:40.111+0000] {processor.py:914} INFO - Processing file /home/usmail/sys_fraud/sys_detection_frauds/lib/python3.12/site-packages/airflow/example_dags/example_sensors.py for tasks to queue
[2025-03-21T20:59:40.112+0000] {logging_mixin.py:190} INFO - [2025-03-21T20:59:40.112+0000] {dagbag.py:588} INFO - Filling up the DagBag from /home/usmail/sys_fraud/sys_detection_frauds/lib/python3.12/site-packages/airflow/example_dags/example_sensors.py
[2025-03-21T20:59:40.120+0000] {processor.py:925} INFO - DAG(s) 'example_sensors' retrieved from /home/usmail/sys_fraud/sys_detection_frauds/lib/python3.12/site-packages/airflow/example_dags/example_sensors.py
[2025-03-21T20:59:40.136+0000] {logging_mixin.py:190} INFO - [2025-03-21T20:59:40.136+0000] {dag.py:3239} INFO - Sync 1 DAGs
[2025-03-21T20:59:40.147+0000] {logging_mixin.py:190} INFO - [2025-03-21T20:59:40.147+0000] {dag.py:4180} INFO - Setting next_dagrun for example_sensors to None, run_after=None
[2025-03-21T20:59:40.177+0000] {processor.py:208} INFO - Processing /home/usmail/sys_fraud/sys_detection_frauds/lib/python3.12/site-packages/airflow/example_dags/example_sensors.py took 0.079 seconds
[2025-03-21T21:00:37.264+0000] {processor.py:186} INFO - Started process (PID=3731335) to work on /home/usmail/sys_fraud/sys_detection_frauds/lib/python3.12/site-packages/airflow/example_dags/example_sensors.py
[2025-03-21T21:00:37.273+0000] {processor.py:914} INFO - Processing file /home/usmail/sys_fraud/sys_detection_frauds/lib/python3.12/site-packages/airflow/example_dags/example_sensors.py for tasks to queue
[2025-03-21T21:00:37.275+0000] {logging_mixin.py:190} INFO - [2025-03-21T21:00:37.274+0000] {dagbag.py:588} INFO - Filling up the DagBag from /home/usmail/sys_fraud/sys_detection_frauds/lib/python3.12/site-packages/airflow/example_dags/example_sensors.py
[2025-03-21T21:00:37.285+0000] {processor.py:925} INFO - DAG(s) 'example_sensors' retrieved from /home/usmail/sys_fraud/sys_detection_frauds/lib/python3.12/site-packages/airflow/example_dags/example_sensors.py
[2025-03-21T21:00:37.299+0000] {logging_mixin.py:190} INFO - [2025-03-21T21:00:37.299+0000] {dag.py:3239} INFO - Sync 1 DAGs
[2025-03-21T21:00:37.306+0000] {logging_mixin.py:190} INFO - [2025-03-21T21:00:37.306+0000] {dag.py:4180} INFO - Setting next_dagrun for example_sensors to None, run_after=None
[2025-03-21T21:00:37.325+0000] {processor.py:208} INFO - Processing /home/usmail/sys_fraud/sys_detection_frauds/lib/python3.12/site-packages/airflow/example_dags/example_sensors.py took 0.066 seconds
[2025-03-21T21:01:32.045+0000] {processor.py:186} INFO - Started process (PID=3732033) to work on /home/usmail/sys_fraud/sys_detection_frauds/lib/python3.12/site-packages/airflow/example_dags/example_sensors.py
[2025-03-21T21:01:32.054+0000] {processor.py:914} INFO - Processing file /home/usmail/sys_fraud/sys_detection_frauds/lib/python3.12/site-packages/airflow/example_dags/example_sensors.py for tasks to queue
[2025-03-21T21:01:32.057+0000] {logging_mixin.py:190} INFO - [2025-03-21T21:01:32.056+0000] {dagbag.py:588} INFO - Filling up the DagBag from /home/usmail/sys_fraud/sys_detection_frauds/lib/python3.12/site-packages/airflow/example_dags/example_sensors.py
[2025-03-21T21:01:32.069+0000] {processor.py:925} INFO - DAG(s) 'example_sensors' retrieved from /home/usmail/sys_fraud/sys_detection_frauds/lib/python3.12/site-packages/airflow/example_dags/example_sensors.py
[2025-03-21T21:01:32.080+0000] {logging_mixin.py:190} INFO - [2025-03-21T21:01:32.080+0000] {dag.py:3239} INFO - Sync 1 DAGs
[2025-03-21T21:01:32.087+0000] {logging_mixin.py:190} INFO - [2025-03-21T21:01:32.087+0000] {dag.py:4180} INFO - Setting next_dagrun for example_sensors to None, run_after=None
[2025-03-21T21:01:32.099+0000] {processor.py:208} INFO - Processing /home/usmail/sys_fraud/sys_detection_frauds/lib/python3.12/site-packages/airflow/example_dags/example_sensors.py took 0.058 seconds
[2025-03-21T21:02:28.869+0000] {processor.py:186} INFO - Started process (PID=3732740) to work on /home/usmail/sys_fraud/sys_detection_frauds/lib/python3.12/site-packages/airflow/example_dags/example_sensors.py
[2025-03-21T21:02:28.878+0000] {processor.py:914} INFO - Processing file /home/usmail/sys_fraud/sys_detection_frauds/lib/python3.12/site-packages/airflow/example_dags/example_sensors.py for tasks to queue
[2025-03-21T21:02:28.881+0000] {logging_mixin.py:190} INFO - [2025-03-21T21:02:28.881+0000] {dagbag.py:588} INFO - Filling up the DagBag from /home/usmail/sys_fraud/sys_detection_frauds/lib/python3.12/site-packages/airflow/example_dags/example_sensors.py
[2025-03-21T21:02:28.892+0000] {processor.py:925} INFO - DAG(s) 'example_sensors' retrieved from /home/usmail/sys_fraud/sys_detection_frauds/lib/python3.12/site-packages/airflow/example_dags/example_sensors.py
[2025-03-21T21:02:28.906+0000] {logging_mixin.py:190} INFO - [2025-03-21T21:02:28.906+0000] {dag.py:3239} INFO - Sync 1 DAGs
[2025-03-21T21:02:28.913+0000] {logging_mixin.py:190} INFO - [2025-03-21T21:02:28.912+0000] {dag.py:4180} INFO - Setting next_dagrun for example_sensors to None, run_after=None
[2025-03-21T21:02:28.931+0000] {processor.py:208} INFO - Processing /home/usmail/sys_fraud/sys_detection_frauds/lib/python3.12/site-packages/airflow/example_dags/example_sensors.py took 0.069 seconds
[2025-03-21T21:03:21.776+0000] {processor.py:186} INFO - Started process (PID=3733489) to work on /home/usmail/sys_fraud/sys_detection_frauds/lib/python3.12/site-packages/airflow/example_dags/example_sensors.py
[2025-03-21T21:03:21.785+0000] {processor.py:914} INFO - Processing file /home/usmail/sys_fraud/sys_detection_frauds/lib/python3.12/site-packages/airflow/example_dags/example_sensors.py for tasks to queue
[2025-03-21T21:03:21.787+0000] {logging_mixin.py:190} INFO - [2025-03-21T21:03:21.786+0000] {dagbag.py:588} INFO - Filling up the DagBag from /home/usmail/sys_fraud/sys_detection_frauds/lib/python3.12/site-packages/airflow/example_dags/example_sensors.py
[2025-03-21T21:03:21.794+0000] {processor.py:925} INFO - DAG(s) 'example_sensors' retrieved from /home/usmail/sys_fraud/sys_detection_frauds/lib/python3.12/site-packages/airflow/example_dags/example_sensors.py
[2025-03-21T21:03:21.808+0000] {logging_mixin.py:190} INFO - [2025-03-21T21:03:21.808+0000] {dag.py:3239} INFO - Sync 1 DAGs
[2025-03-21T21:03:21.816+0000] {logging_mixin.py:190} INFO - [2025-03-21T21:03:21.816+0000] {dag.py:4180} INFO - Setting next_dagrun for example_sensors to None, run_after=None
[2025-03-21T21:03:21.828+0000] {processor.py:208} INFO - Processing /home/usmail/sys_fraud/sys_detection_frauds/lib/python3.12/site-packages/airflow/example_dags/example_sensors.py took 0.056 seconds
[2025-03-21T21:04:18.486+0000] {processor.py:186} INFO - Started process (PID=3734185) to work on /home/usmail/sys_fraud/sys_detection_frauds/lib/python3.12/site-packages/airflow/example_dags/example_sensors.py
[2025-03-21T21:04:18.494+0000] {processor.py:914} INFO - Processing file /home/usmail/sys_fraud/sys_detection_frauds/lib/python3.12/site-packages/airflow/example_dags/example_sensors.py for tasks to queue
[2025-03-21T21:04:18.495+0000] {logging_mixin.py:190} INFO - [2025-03-21T21:04:18.495+0000] {dagbag.py:588} INFO - Filling up the DagBag from /home/usmail/sys_fraud/sys_detection_frauds/lib/python3.12/site-packages/airflow/example_dags/example_sensors.py
[2025-03-21T21:04:18.601+0000] {processor.py:925} INFO - DAG(s) 'example_sensors' retrieved from /home/usmail/sys_fraud/sys_detection_frauds/lib/python3.12/site-packages/airflow/example_dags/example_sensors.py
[2025-03-21T21:04:18.613+0000] {logging_mixin.py:190} INFO - [2025-03-21T21:04:18.613+0000] {dag.py:3239} INFO - Sync 1 DAGs
[2025-03-21T21:04:18.619+0000] {logging_mixin.py:190} INFO - [2025-03-21T21:04:18.619+0000] {dag.py:4180} INFO - Setting next_dagrun for example_sensors to None, run_after=None
[2025-03-21T21:04:18.647+0000] {processor.py:208} INFO - Processing /home/usmail/sys_fraud/sys_detection_frauds/lib/python3.12/site-packages/airflow/example_dags/example_sensors.py took 0.165 seconds
[2025-03-21T21:05:12.771+0000] {processor.py:186} INFO - Started process (PID=3735048) to work on /home/usmail/sys_fraud/sys_detection_frauds/lib/python3.12/site-packages/airflow/example_dags/example_sensors.py
[2025-03-21T21:05:12.772+0000] {processor.py:914} INFO - Processing file /home/usmail/sys_fraud/sys_detection_frauds/lib/python3.12/site-packages/airflow/example_dags/example_sensors.py for tasks to queue
[2025-03-21T21:05:12.773+0000] {logging_mixin.py:190} INFO - [2025-03-21T21:05:12.773+0000] {dagbag.py:588} INFO - Filling up the DagBag from /home/usmail/sys_fraud/sys_detection_frauds/lib/python3.12/site-packages/airflow/example_dags/example_sensors.py
[2025-03-21T21:05:12.781+0000] {processor.py:925} INFO - DAG(s) 'example_sensors' retrieved from /home/usmail/sys_fraud/sys_detection_frauds/lib/python3.12/site-packages/airflow/example_dags/example_sensors.py
[2025-03-21T21:05:12.795+0000] {logging_mixin.py:190} INFO - [2025-03-21T21:05:12.795+0000] {dag.py:3239} INFO - Sync 1 DAGs
[2025-03-21T21:05:12.804+0000] {logging_mixin.py:190} INFO - [2025-03-21T21:05:12.804+0000] {dag.py:4180} INFO - Setting next_dagrun for example_sensors to None, run_after=None
[2025-03-21T21:05:12.819+0000] {processor.py:208} INFO - Processing /home/usmail/sys_fraud/sys_detection_frauds/lib/python3.12/site-packages/airflow/example_dags/example_sensors.py took 0.054 seconds
[2025-03-21T21:06:06.915+0000] {processor.py:186} INFO - Started process (PID=3735771) to work on /home/usmail/sys_fraud/sys_detection_frauds/lib/python3.12/site-packages/airflow/example_dags/example_sensors.py
[2025-03-21T21:06:06.923+0000] {processor.py:914} INFO - Processing file /home/usmail/sys_fraud/sys_detection_frauds/lib/python3.12/site-packages/airflow/example_dags/example_sensors.py for tasks to queue
[2025-03-21T21:06:06.925+0000] {logging_mixin.py:190} INFO - [2025-03-21T21:06:06.925+0000] {dagbag.py:588} INFO - Filling up the DagBag from /home/usmail/sys_fraud/sys_detection_frauds/lib/python3.12/site-packages/airflow/example_dags/example_sensors.py
[2025-03-21T21:06:06.935+0000] {processor.py:925} INFO - DAG(s) 'example_sensors' retrieved from /home/usmail/sys_fraud/sys_detection_frauds/lib/python3.12/site-packages/airflow/example_dags/example_sensors.py
[2025-03-21T21:06:06.947+0000] {logging_mixin.py:190} INFO - [2025-03-21T21:06:06.947+0000] {dag.py:3239} INFO - Sync 1 DAGs
[2025-03-21T21:06:06.955+0000] {logging_mixin.py:190} INFO - [2025-03-21T21:06:06.955+0000] {dag.py:4180} INFO - Setting next_dagrun for example_sensors to None, run_after=None
[2025-03-21T21:06:06.970+0000] {processor.py:208} INFO - Processing /home/usmail/sys_fraud/sys_detection_frauds/lib/python3.12/site-packages/airflow/example_dags/example_sensors.py took 0.060 seconds
[2025-03-21T21:06:59.336+0000] {processor.py:186} INFO - Started process (PID=3737073) to work on /home/usmail/sys_fraud/sys_detection_frauds/lib/python3.12/site-packages/airflow/example_dags/example_sensors.py
[2025-03-21T21:06:59.344+0000] {processor.py:914} INFO - Processing file /home/usmail/sys_fraud/sys_detection_frauds/lib/python3.12/site-packages/airflow/example_dags/example_sensors.py for tasks to queue
[2025-03-21T21:06:59.347+0000] {logging_mixin.py:190} INFO - [2025-03-21T21:06:59.347+0000] {dagbag.py:588} INFO - Filling up the DagBag from /home/usmail/sys_fraud/sys_detection_frauds/lib/python3.12/site-packages/airflow/example_dags/example_sensors.py
[2025-03-21T21:06:59.357+0000] {processor.py:925} INFO - DAG(s) 'example_sensors' retrieved from /home/usmail/sys_fraud/sys_detection_frauds/lib/python3.12/site-packages/airflow/example_dags/example_sensors.py
[2025-03-21T21:06:59.370+0000] {logging_mixin.py:190} INFO - [2025-03-21T21:06:59.370+0000] {dag.py:3239} INFO - Sync 1 DAGs
[2025-03-21T21:06:59.378+0000] {logging_mixin.py:190} INFO - [2025-03-21T21:06:59.378+0000] {dag.py:4180} INFO - Setting next_dagrun for example_sensors to None, run_after=None
[2025-03-21T21:06:59.394+0000] {processor.py:208} INFO - Processing /home/usmail/sys_fraud/sys_detection_frauds/lib/python3.12/site-packages/airflow/example_dags/example_sensors.py took 0.064 seconds
[2025-03-21T21:07:52.344+0000] {processor.py:186} INFO - Started process (PID=3737729) to work on /home/usmail/sys_fraud/sys_detection_frauds/lib/python3.12/site-packages/airflow/example_dags/example_sensors.py
[2025-03-21T21:07:52.353+0000] {processor.py:914} INFO - Processing file /home/usmail/sys_fraud/sys_detection_frauds/lib/python3.12/site-packages/airflow/example_dags/example_sensors.py for tasks to queue
[2025-03-21T21:07:52.354+0000] {logging_mixin.py:190} INFO - [2025-03-21T21:07:52.354+0000] {dagbag.py:588} INFO - Filling up the DagBag from /home/usmail/sys_fraud/sys_detection_frauds/lib/python3.12/site-packages/airflow/example_dags/example_sensors.py
[2025-03-21T21:07:52.362+0000] {processor.py:925} INFO - DAG(s) 'example_sensors' retrieved from /home/usmail/sys_fraud/sys_detection_frauds/lib/python3.12/site-packages/airflow/example_dags/example_sensors.py
[2025-03-21T21:07:52.377+0000] {logging_mixin.py:190} INFO - [2025-03-21T21:07:52.376+0000] {dag.py:3239} INFO - Sync 1 DAGs
[2025-03-21T21:07:52.387+0000] {logging_mixin.py:190} INFO - [2025-03-21T21:07:52.387+0000] {dag.py:4180} INFO - Setting next_dagrun for example_sensors to None, run_after=None
[2025-03-21T21:07:52.402+0000] {processor.py:208} INFO - Processing /home/usmail/sys_fraud/sys_detection_frauds/lib/python3.12/site-packages/airflow/example_dags/example_sensors.py took 0.063 seconds
[2025-03-21T21:08:55.647+0000] {processor.py:186} INFO - Started process (PID=3738543) to work on /home/usmail/sys_fraud/sys_detection_frauds/lib/python3.12/site-packages/airflow/example_dags/example_sensors.py
[2025-03-21T21:08:55.657+0000] {processor.py:914} INFO - Processing file /home/usmail/sys_fraud/sys_detection_frauds/lib/python3.12/site-packages/airflow/example_dags/example_sensors.py for tasks to queue
[2025-03-21T21:08:55.660+0000] {logging_mixin.py:190} INFO - [2025-03-21T21:08:55.659+0000] {dagbag.py:588} INFO - Filling up the DagBag from /home/usmail/sys_fraud/sys_detection_frauds/lib/python3.12/site-packages/airflow/example_dags/example_sensors.py
[2025-03-21T21:08:55.677+0000] {processor.py:925} INFO - DAG(s) 'example_sensors' retrieved from /home/usmail/sys_fraud/sys_detection_frauds/lib/python3.12/site-packages/airflow/example_dags/example_sensors.py
[2025-03-21T21:08:55.708+0000] {logging_mixin.py:190} INFO - [2025-03-21T21:08:55.708+0000] {dag.py:3239} INFO - Sync 1 DAGs
[2025-03-21T21:08:55.720+0000] {logging_mixin.py:190} INFO - [2025-03-21T21:08:55.720+0000] {dag.py:4180} INFO - Setting next_dagrun for example_sensors to None, run_after=None
[2025-03-21T21:08:55.735+0000] {processor.py:208} INFO - Processing /home/usmail/sys_fraud/sys_detection_frauds/lib/python3.12/site-packages/airflow/example_dags/example_sensors.py took 0.100 seconds
[2025-03-21T21:09:51.909+0000] {processor.py:186} INFO - Started process (PID=3739387) to work on /home/usmail/sys_fraud/sys_detection_frauds/lib/python3.12/site-packages/airflow/example_dags/example_sensors.py
[2025-03-21T21:09:51.918+0000] {processor.py:914} INFO - Processing file /home/usmail/sys_fraud/sys_detection_frauds/lib/python3.12/site-packages/airflow/example_dags/example_sensors.py for tasks to queue
[2025-03-21T21:09:51.922+0000] {logging_mixin.py:190} INFO - [2025-03-21T21:09:51.921+0000] {dagbag.py:588} INFO - Filling up the DagBag from /home/usmail/sys_fraud/sys_detection_frauds/lib/python3.12/site-packages/airflow/example_dags/example_sensors.py
[2025-03-21T21:09:51.941+0000] {processor.py:925} INFO - DAG(s) 'example_sensors' retrieved from /home/usmail/sys_fraud/sys_detection_frauds/lib/python3.12/site-packages/airflow/example_dags/example_sensors.py
[2025-03-21T21:09:51.972+0000] {logging_mixin.py:190} INFO - [2025-03-21T21:09:51.972+0000] {dag.py:3239} INFO - Sync 1 DAGs
[2025-03-21T21:09:51.984+0000] {logging_mixin.py:190} INFO - [2025-03-21T21:09:51.984+0000] {dag.py:4180} INFO - Setting next_dagrun for example_sensors to None, run_after=None
[2025-03-21T21:09:52.013+0000] {processor.py:208} INFO - Processing /home/usmail/sys_fraud/sys_detection_frauds/lib/python3.12/site-packages/airflow/example_dags/example_sensors.py took 0.111 seconds
[2025-03-21T21:10:49.264+0000] {processor.py:186} INFO - Started process (PID=3740893) to work on /home/usmail/sys_fraud/sys_detection_frauds/lib/python3.12/site-packages/airflow/example_dags/example_sensors.py
[2025-03-21T21:10:49.272+0000] {processor.py:914} INFO - Processing file /home/usmail/sys_fraud/sys_detection_frauds/lib/python3.12/site-packages/airflow/example_dags/example_sensors.py for tasks to queue
[2025-03-21T21:10:49.274+0000] {logging_mixin.py:190} INFO - [2025-03-21T21:10:49.274+0000] {dagbag.py:588} INFO - Filling up the DagBag from /home/usmail/sys_fraud/sys_detection_frauds/lib/python3.12/site-packages/airflow/example_dags/example_sensors.py
[2025-03-21T21:10:49.283+0000] {processor.py:925} INFO - DAG(s) 'example_sensors' retrieved from /home/usmail/sys_fraud/sys_detection_frauds/lib/python3.12/site-packages/airflow/example_dags/example_sensors.py
[2025-03-21T21:10:49.300+0000] {logging_mixin.py:190} INFO - [2025-03-21T21:10:49.300+0000] {dag.py:3239} INFO - Sync 1 DAGs
[2025-03-21T21:10:49.310+0000] {logging_mixin.py:190} INFO - [2025-03-21T21:10:49.310+0000] {dag.py:4180} INFO - Setting next_dagrun for example_sensors to None, run_after=None
[2025-03-21T21:10:49.327+0000] {processor.py:208} INFO - Processing /home/usmail/sys_fraud/sys_detection_frauds/lib/python3.12/site-packages/airflow/example_dags/example_sensors.py took 0.069 seconds
[2025-03-21T21:11:45.996+0000] {processor.py:186} INFO - Started process (PID=3741982) to work on /home/usmail/sys_fraud/sys_detection_frauds/lib/python3.12/site-packages/airflow/example_dags/example_sensors.py
[2025-03-21T21:11:45.999+0000] {processor.py:914} INFO - Processing file /home/usmail/sys_fraud/sys_detection_frauds/lib/python3.12/site-packages/airflow/example_dags/example_sensors.py for tasks to queue
[2025-03-21T21:11:46.001+0000] {logging_mixin.py:190} INFO - [2025-03-21T21:11:46.000+0000] {dagbag.py:588} INFO - Filling up the DagBag from /home/usmail/sys_fraud/sys_detection_frauds/lib/python3.12/site-packages/airflow/example_dags/example_sensors.py
[2025-03-21T21:11:46.011+0000] {processor.py:925} INFO - DAG(s) 'example_sensors' retrieved from /home/usmail/sys_fraud/sys_detection_frauds/lib/python3.12/site-packages/airflow/example_dags/example_sensors.py
[2025-03-21T21:11:46.030+0000] {logging_mixin.py:190} INFO - [2025-03-21T21:11:46.030+0000] {dag.py:3239} INFO - Sync 1 DAGs
[2025-03-21T21:11:46.043+0000] {logging_mixin.py:190} INFO - [2025-03-21T21:11:46.043+0000] {dag.py:4180} INFO - Setting next_dagrun for example_sensors to None, run_after=None
[2025-03-21T21:11:46.068+0000] {processor.py:208} INFO - Processing /home/usmail/sys_fraud/sys_detection_frauds/lib/python3.12/site-packages/airflow/example_dags/example_sensors.py took 0.078 seconds
[2025-03-21T21:12:38.948+0000] {processor.py:186} INFO - Started process (PID=3743053) to work on /home/usmail/sys_fraud/sys_detection_frauds/lib/python3.12/site-packages/airflow/example_dags/example_sensors.py
[2025-03-21T21:12:38.956+0000] {processor.py:914} INFO - Processing file /home/usmail/sys_fraud/sys_detection_frauds/lib/python3.12/site-packages/airflow/example_dags/example_sensors.py for tasks to queue
[2025-03-21T21:12:38.958+0000] {logging_mixin.py:190} INFO - [2025-03-21T21:12:38.957+0000] {dagbag.py:588} INFO - Filling up the DagBag from /home/usmail/sys_fraud/sys_detection_frauds/lib/python3.12/site-packages/airflow/example_dags/example_sensors.py
[2025-03-21T21:12:38.966+0000] {processor.py:925} INFO - DAG(s) 'example_sensors' retrieved from /home/usmail/sys_fraud/sys_detection_frauds/lib/python3.12/site-packages/airflow/example_dags/example_sensors.py
[2025-03-21T21:12:38.981+0000] {logging_mixin.py:190} INFO - [2025-03-21T21:12:38.981+0000] {dag.py:3239} INFO - Sync 1 DAGs
[2025-03-21T21:12:38.991+0000] {logging_mixin.py:190} INFO - [2025-03-21T21:12:38.991+0000] {dag.py:4180} INFO - Setting next_dagrun for example_sensors to None, run_after=None
[2025-03-21T21:12:39.013+0000] {processor.py:208} INFO - Processing /home/usmail/sys_fraud/sys_detection_frauds/lib/python3.12/site-packages/airflow/example_dags/example_sensors.py took 0.071 seconds
[2025-03-21T21:13:31.165+0000] {processor.py:186} INFO - Started process (PID=3743996) to work on /home/usmail/sys_fraud/sys_detection_frauds/lib/python3.12/site-packages/airflow/example_dags/example_sensors.py
[2025-03-21T21:13:31.174+0000] {processor.py:914} INFO - Processing file /home/usmail/sys_fraud/sys_detection_frauds/lib/python3.12/site-packages/airflow/example_dags/example_sensors.py for tasks to queue
[2025-03-21T21:13:31.177+0000] {logging_mixin.py:190} INFO - [2025-03-21T21:13:31.176+0000] {dagbag.py:588} INFO - Filling up the DagBag from /home/usmail/sys_fraud/sys_detection_frauds/lib/python3.12/site-packages/airflow/example_dags/example_sensors.py
[2025-03-21T21:13:31.190+0000] {processor.py:925} INFO - DAG(s) 'example_sensors' retrieved from /home/usmail/sys_fraud/sys_detection_frauds/lib/python3.12/site-packages/airflow/example_dags/example_sensors.py
[2025-03-21T21:13:31.218+0000] {logging_mixin.py:190} INFO - [2025-03-21T21:13:31.218+0000] {dag.py:3239} INFO - Sync 1 DAGs
[2025-03-21T21:13:31.233+0000] {logging_mixin.py:190} INFO - [2025-03-21T21:13:31.233+0000] {dag.py:4180} INFO - Setting next_dagrun for example_sensors to None, run_after=None
[2025-03-21T21:13:31.274+0000] {processor.py:208} INFO - Processing /home/usmail/sys_fraud/sys_detection_frauds/lib/python3.12/site-packages/airflow/example_dags/example_sensors.py took 0.114 seconds
[2025-03-21T21:14:23.684+0000] {processor.py:186} INFO - Started process (PID=3744812) to work on /home/usmail/sys_fraud/sys_detection_frauds/lib/python3.12/site-packages/airflow/example_dags/example_sensors.py
[2025-03-21T21:14:23.693+0000] {processor.py:914} INFO - Processing file /home/usmail/sys_fraud/sys_detection_frauds/lib/python3.12/site-packages/airflow/example_dags/example_sensors.py for tasks to queue
[2025-03-21T21:14:23.696+0000] {logging_mixin.py:190} INFO - [2025-03-21T21:14:23.695+0000] {dagbag.py:588} INFO - Filling up the DagBag from /home/usmail/sys_fraud/sys_detection_frauds/lib/python3.12/site-packages/airflow/example_dags/example_sensors.py
[2025-03-21T21:14:23.713+0000] {processor.py:925} INFO - DAG(s) 'example_sensors' retrieved from /home/usmail/sys_fraud/sys_detection_frauds/lib/python3.12/site-packages/airflow/example_dags/example_sensors.py
[2025-03-21T21:14:23.745+0000] {logging_mixin.py:190} INFO - [2025-03-21T21:14:23.745+0000] {dag.py:3239} INFO - Sync 1 DAGs
[2025-03-21T21:14:23.758+0000] {logging_mixin.py:190} INFO - [2025-03-21T21:14:23.758+0000] {dag.py:4180} INFO - Setting next_dagrun for example_sensors to None, run_after=None
[2025-03-21T21:14:23.782+0000] {processor.py:208} INFO - Processing /home/usmail/sys_fraud/sys_detection_frauds/lib/python3.12/site-packages/airflow/example_dags/example_sensors.py took 0.110 seconds
[2025-03-21T21:15:25.459+0000] {processor.py:186} INFO - Started process (PID=3745586) to work on /home/usmail/sys_fraud/sys_detection_frauds/lib/python3.12/site-packages/airflow/example_dags/example_sensors.py
[2025-03-21T21:15:25.468+0000] {processor.py:914} INFO - Processing file /home/usmail/sys_fraud/sys_detection_frauds/lib/python3.12/site-packages/airflow/example_dags/example_sensors.py for tasks to queue
[2025-03-21T21:15:25.471+0000] {logging_mixin.py:190} INFO - [2025-03-21T21:15:25.471+0000] {dagbag.py:588} INFO - Filling up the DagBag from /home/usmail/sys_fraud/sys_detection_frauds/lib/python3.12/site-packages/airflow/example_dags/example_sensors.py
[2025-03-21T21:15:25.488+0000] {processor.py:925} INFO - DAG(s) 'example_sensors' retrieved from /home/usmail/sys_fraud/sys_detection_frauds/lib/python3.12/site-packages/airflow/example_dags/example_sensors.py
[2025-03-21T21:15:25.520+0000] {logging_mixin.py:190} INFO - [2025-03-21T21:15:25.519+0000] {dag.py:3239} INFO - Sync 1 DAGs
[2025-03-21T21:15:25.531+0000] {logging_mixin.py:190} INFO - [2025-03-21T21:15:25.531+0000] {dag.py:4180} INFO - Setting next_dagrun for example_sensors to None, run_after=None
[2025-03-21T21:15:25.552+0000] {processor.py:208} INFO - Processing /home/usmail/sys_fraud/sys_detection_frauds/lib/python3.12/site-packages/airflow/example_dags/example_sensors.py took 0.105 seconds
[2025-03-21T21:16:25.783+0000] {processor.py:186} INFO - Started process (PID=3746340) to work on /home/usmail/sys_fraud/sys_detection_frauds/lib/python3.12/site-packages/airflow/example_dags/example_sensors.py
[2025-03-21T21:16:25.792+0000] {processor.py:914} INFO - Processing file /home/usmail/sys_fraud/sys_detection_frauds/lib/python3.12/site-packages/airflow/example_dags/example_sensors.py for tasks to queue
[2025-03-21T21:16:25.796+0000] {logging_mixin.py:190} INFO - [2025-03-21T21:16:25.795+0000] {dagbag.py:588} INFO - Filling up the DagBag from /home/usmail/sys_fraud/sys_detection_frauds/lib/python3.12/site-packages/airflow/example_dags/example_sensors.py
[2025-03-21T21:16:25.815+0000] {processor.py:925} INFO - DAG(s) 'example_sensors' retrieved from /home/usmail/sys_fraud/sys_detection_frauds/lib/python3.12/site-packages/airflow/example_dags/example_sensors.py
[2025-03-21T21:16:25.846+0000] {logging_mixin.py:190} INFO - [2025-03-21T21:16:25.846+0000] {dag.py:3239} INFO - Sync 1 DAGs
[2025-03-21T21:16:25.858+0000] {logging_mixin.py:190} INFO - [2025-03-21T21:16:25.858+0000] {dag.py:4180} INFO - Setting next_dagrun for example_sensors to None, run_after=None
[2025-03-21T21:16:25.873+0000] {processor.py:208} INFO - Processing /home/usmail/sys_fraud/sys_detection_frauds/lib/python3.12/site-packages/airflow/example_dags/example_sensors.py took 0.103 seconds
[2025-03-21T21:17:27.356+0000] {processor.py:186} INFO - Started process (PID=3747117) to work on /home/usmail/sys_fraud/sys_detection_frauds/lib/python3.12/site-packages/airflow/example_dags/example_sensors.py
[2025-03-21T21:17:27.365+0000] {processor.py:914} INFO - Processing file /home/usmail/sys_fraud/sys_detection_frauds/lib/python3.12/site-packages/airflow/example_dags/example_sensors.py for tasks to queue
[2025-03-21T21:17:27.368+0000] {logging_mixin.py:190} INFO - [2025-03-21T21:17:27.368+0000] {dagbag.py:588} INFO - Filling up the DagBag from /home/usmail/sys_fraud/sys_detection_frauds/lib/python3.12/site-packages/airflow/example_dags/example_sensors.py
[2025-03-21T21:17:27.386+0000] {processor.py:925} INFO - DAG(s) 'example_sensors' retrieved from /home/usmail/sys_fraud/sys_detection_frauds/lib/python3.12/site-packages/airflow/example_dags/example_sensors.py
[2025-03-21T21:17:27.419+0000] {logging_mixin.py:190} INFO - [2025-03-21T21:17:27.419+0000] {dag.py:3239} INFO - Sync 1 DAGs
[2025-03-21T21:17:27.431+0000] {logging_mixin.py:190} INFO - [2025-03-21T21:17:27.431+0000] {dag.py:4180} INFO - Setting next_dagrun for example_sensors to None, run_after=None
[2025-03-21T21:17:27.447+0000] {processor.py:208} INFO - Processing /home/usmail/sys_fraud/sys_detection_frauds/lib/python3.12/site-packages/airflow/example_dags/example_sensors.py took 0.103 seconds
[2025-03-21T21:18:33.626+0000] {processor.py:186} INFO - Started process (PID=3747929) to work on /home/usmail/sys_fraud/sys_detection_frauds/lib/python3.12/site-packages/airflow/example_dags/example_sensors.py
[2025-03-21T21:18:33.636+0000] {processor.py:914} INFO - Processing file /home/usmail/sys_fraud/sys_detection_frauds/lib/python3.12/site-packages/airflow/example_dags/example_sensors.py for tasks to queue
[2025-03-21T21:18:33.638+0000] {logging_mixin.py:190} INFO - [2025-03-21T21:18:33.638+0000] {dagbag.py:588} INFO - Filling up the DagBag from /home/usmail/sys_fraud/sys_detection_frauds/lib/python3.12/site-packages/airflow/example_dags/example_sensors.py
[2025-03-21T21:18:33.655+0000] {processor.py:925} INFO - DAG(s) 'example_sensors' retrieved from /home/usmail/sys_fraud/sys_detection_frauds/lib/python3.12/site-packages/airflow/example_dags/example_sensors.py
[2025-03-21T21:18:33.687+0000] {logging_mixin.py:190} INFO - [2025-03-21T21:18:33.687+0000] {dag.py:3239} INFO - Sync 1 DAGs
[2025-03-21T21:18:33.699+0000] {logging_mixin.py:190} INFO - [2025-03-21T21:18:33.699+0000] {dag.py:4180} INFO - Setting next_dagrun for example_sensors to None, run_after=None
[2025-03-21T21:18:33.715+0000] {processor.py:208} INFO - Processing /home/usmail/sys_fraud/sys_detection_frauds/lib/python3.12/site-packages/airflow/example_dags/example_sensors.py took 0.101 seconds
[2025-03-21T21:19:35.747+0000] {processor.py:186} INFO - Started process (PID=3748683) to work on /home/usmail/sys_fraud/sys_detection_frauds/lib/python3.12/site-packages/airflow/example_dags/example_sensors.py
[2025-03-21T21:19:35.756+0000] {processor.py:914} INFO - Processing file /home/usmail/sys_fraud/sys_detection_frauds/lib/python3.12/site-packages/airflow/example_dags/example_sensors.py for tasks to queue
[2025-03-21T21:19:35.759+0000] {logging_mixin.py:190} INFO - [2025-03-21T21:19:35.759+0000] {dagbag.py:588} INFO - Filling up the DagBag from /home/usmail/sys_fraud/sys_detection_frauds/lib/python3.12/site-packages/airflow/example_dags/example_sensors.py
[2025-03-21T21:19:35.776+0000] {processor.py:925} INFO - DAG(s) 'example_sensors' retrieved from /home/usmail/sys_fraud/sys_detection_frauds/lib/python3.12/site-packages/airflow/example_dags/example_sensors.py
[2025-03-21T21:19:35.808+0000] {logging_mixin.py:190} INFO - [2025-03-21T21:19:35.808+0000] {dag.py:3239} INFO - Sync 1 DAGs
[2025-03-21T21:19:35.820+0000] {logging_mixin.py:190} INFO - [2025-03-21T21:19:35.820+0000] {dag.py:4180} INFO - Setting next_dagrun for example_sensors to None, run_after=None
[2025-03-21T21:19:35.845+0000] {processor.py:208} INFO - Processing /home/usmail/sys_fraud/sys_detection_frauds/lib/python3.12/site-packages/airflow/example_dags/example_sensors.py took 0.109 seconds
[2025-03-21T21:20:39.598+0000] {processor.py:186} INFO - Started process (PID=3749460) to work on /home/usmail/sys_fraud/sys_detection_frauds/lib/python3.12/site-packages/airflow/example_dags/example_sensors.py
[2025-03-21T21:20:39.607+0000] {processor.py:914} INFO - Processing file /home/usmail/sys_fraud/sys_detection_frauds/lib/python3.12/site-packages/airflow/example_dags/example_sensors.py for tasks to queue
[2025-03-21T21:20:39.611+0000] {logging_mixin.py:190} INFO - [2025-03-21T21:20:39.610+0000] {dagbag.py:588} INFO - Filling up the DagBag from /home/usmail/sys_fraud/sys_detection_frauds/lib/python3.12/site-packages/airflow/example_dags/example_sensors.py
[2025-03-21T21:20:39.628+0000] {processor.py:925} INFO - DAG(s) 'example_sensors' retrieved from /home/usmail/sys_fraud/sys_detection_frauds/lib/python3.12/site-packages/airflow/example_dags/example_sensors.py
[2025-03-21T21:20:39.660+0000] {logging_mixin.py:190} INFO - [2025-03-21T21:20:39.659+0000] {dag.py:3239} INFO - Sync 1 DAGs
[2025-03-21T21:20:39.672+0000] {logging_mixin.py:190} INFO - [2025-03-21T21:20:39.672+0000] {dag.py:4180} INFO - Setting next_dagrun for example_sensors to None, run_after=None
[2025-03-21T21:20:39.690+0000] {processor.py:208} INFO - Processing /home/usmail/sys_fraud/sys_detection_frauds/lib/python3.12/site-packages/airflow/example_dags/example_sensors.py took 0.104 seconds
[2025-03-21T21:21:44.749+0000] {processor.py:186} INFO - Started process (PID=3750275) to work on /home/usmail/sys_fraud/sys_detection_frauds/lib/python3.12/site-packages/airflow/example_dags/example_sensors.py
[2025-03-21T21:21:44.758+0000] {processor.py:914} INFO - Processing file /home/usmail/sys_fraud/sys_detection_frauds/lib/python3.12/site-packages/airflow/example_dags/example_sensors.py for tasks to queue
[2025-03-21T21:21:44.762+0000] {logging_mixin.py:190} INFO - [2025-03-21T21:21:44.761+0000] {dagbag.py:588} INFO - Filling up the DagBag from /home/usmail/sys_fraud/sys_detection_frauds/lib/python3.12/site-packages/airflow/example_dags/example_sensors.py
[2025-03-21T21:21:44.778+0000] {processor.py:925} INFO - DAG(s) 'example_sensors' retrieved from /home/usmail/sys_fraud/sys_detection_frauds/lib/python3.12/site-packages/airflow/example_dags/example_sensors.py
[2025-03-21T21:21:44.809+0000] {logging_mixin.py:190} INFO - [2025-03-21T21:21:44.809+0000] {dag.py:3239} INFO - Sync 1 DAGs
[2025-03-21T21:21:44.820+0000] {logging_mixin.py:190} INFO - [2025-03-21T21:21:44.820+0000] {dag.py:4180} INFO - Setting next_dagrun for example_sensors to None, run_after=None
[2025-03-21T21:21:44.836+0000] {processor.py:208} INFO - Processing /home/usmail/sys_fraud/sys_detection_frauds/lib/python3.12/site-packages/airflow/example_dags/example_sensors.py took 0.098 seconds
[2025-03-21T21:22:52.010+0000] {processor.py:186} INFO - Started process (PID=3751104) to work on /home/usmail/sys_fraud/sys_detection_frauds/lib/python3.12/site-packages/airflow/example_dags/example_sensors.py
[2025-03-21T21:22:52.019+0000] {processor.py:914} INFO - Processing file /home/usmail/sys_fraud/sys_detection_frauds/lib/python3.12/site-packages/airflow/example_dags/example_sensors.py for tasks to queue
[2025-03-21T21:22:52.023+0000] {logging_mixin.py:190} INFO - [2025-03-21T21:22:52.022+0000] {dagbag.py:588} INFO - Filling up the DagBag from /home/usmail/sys_fraud/sys_detection_frauds/lib/python3.12/site-packages/airflow/example_dags/example_sensors.py
[2025-03-21T21:22:52.040+0000] {processor.py:925} INFO - DAG(s) 'example_sensors' retrieved from /home/usmail/sys_fraud/sys_detection_frauds/lib/python3.12/site-packages/airflow/example_dags/example_sensors.py
[2025-03-21T21:22:52.071+0000] {logging_mixin.py:190} INFO - [2025-03-21T21:22:52.071+0000] {dag.py:3239} INFO - Sync 1 DAGs
[2025-03-21T21:22:52.084+0000] {logging_mixin.py:190} INFO - [2025-03-21T21:22:52.084+0000] {dag.py:4180} INFO - Setting next_dagrun for example_sensors to None, run_after=None
[2025-03-21T21:22:52.100+0000] {processor.py:208} INFO - Processing /home/usmail/sys_fraud/sys_detection_frauds/lib/python3.12/site-packages/airflow/example_dags/example_sensors.py took 0.101 seconds
[2025-03-21T21:23:53.130+0000] {processor.py:186} INFO - Started process (PID=3751845) to work on /home/usmail/sys_fraud/sys_detection_frauds/lib/python3.12/site-packages/airflow/example_dags/example_sensors.py
[2025-03-21T21:23:53.139+0000] {processor.py:914} INFO - Processing file /home/usmail/sys_fraud/sys_detection_frauds/lib/python3.12/site-packages/airflow/example_dags/example_sensors.py for tasks to queue
[2025-03-21T21:23:53.143+0000] {logging_mixin.py:190} INFO - [2025-03-21T21:23:53.142+0000] {dagbag.py:588} INFO - Filling up the DagBag from /home/usmail/sys_fraud/sys_detection_frauds/lib/python3.12/site-packages/airflow/example_dags/example_sensors.py
[2025-03-21T21:23:53.160+0000] {processor.py:925} INFO - DAG(s) 'example_sensors' retrieved from /home/usmail/sys_fraud/sys_detection_frauds/lib/python3.12/site-packages/airflow/example_dags/example_sensors.py
[2025-03-21T21:23:53.192+0000] {logging_mixin.py:190} INFO - [2025-03-21T21:23:53.192+0000] {dag.py:3239} INFO - Sync 1 DAGs
[2025-03-21T21:23:53.205+0000] {logging_mixin.py:190} INFO - [2025-03-21T21:23:53.204+0000] {dag.py:4180} INFO - Setting next_dagrun for example_sensors to None, run_after=None
[2025-03-21T21:23:53.233+0000] {processor.py:208} INFO - Processing /home/usmail/sys_fraud/sys_detection_frauds/lib/python3.12/site-packages/airflow/example_dags/example_sensors.py took 0.114 seconds
[2025-03-21T21:24:56.738+0000] {processor.py:186} INFO - Started process (PID=3752507) to work on /home/usmail/sys_fraud/sys_detection_frauds/lib/python3.12/site-packages/airflow/example_dags/example_sensors.py
[2025-03-21T21:24:56.748+0000] {processor.py:914} INFO - Processing file /home/usmail/sys_fraud/sys_detection_frauds/lib/python3.12/site-packages/airflow/example_dags/example_sensors.py for tasks to queue
[2025-03-21T21:24:56.751+0000] {logging_mixin.py:190} INFO - [2025-03-21T21:24:56.750+0000] {dagbag.py:588} INFO - Filling up the DagBag from /home/usmail/sys_fraud/sys_detection_frauds/lib/python3.12/site-packages/airflow/example_dags/example_sensors.py
[2025-03-21T21:24:56.768+0000] {processor.py:925} INFO - DAG(s) 'example_sensors' retrieved from /home/usmail/sys_fraud/sys_detection_frauds/lib/python3.12/site-packages/airflow/example_dags/example_sensors.py
[2025-03-21T21:24:56.800+0000] {logging_mixin.py:190} INFO - [2025-03-21T21:24:56.800+0000] {dag.py:3239} INFO - Sync 1 DAGs
[2025-03-21T21:24:56.812+0000] {logging_mixin.py:190} INFO - [2025-03-21T21:24:56.812+0000] {dag.py:4180} INFO - Setting next_dagrun for example_sensors to None, run_after=None
[2025-03-21T21:24:56.827+0000] {processor.py:208} INFO - Processing /home/usmail/sys_fraud/sys_detection_frauds/lib/python3.12/site-packages/airflow/example_dags/example_sensors.py took 0.101 seconds
[2025-03-21T21:26:02.072+0000] {processor.py:186} INFO - Started process (PID=3753216) to work on /home/usmail/sys_fraud/sys_detection_frauds/lib/python3.12/site-packages/airflow/example_dags/example_sensors.py
[2025-03-21T21:26:02.081+0000] {processor.py:914} INFO - Processing file /home/usmail/sys_fraud/sys_detection_frauds/lib/python3.12/site-packages/airflow/example_dags/example_sensors.py for tasks to queue
[2025-03-21T21:26:02.084+0000] {logging_mixin.py:190} INFO - [2025-03-21T21:26:02.084+0000] {dagbag.py:588} INFO - Filling up the DagBag from /home/usmail/sys_fraud/sys_detection_frauds/lib/python3.12/site-packages/airflow/example_dags/example_sensors.py
[2025-03-21T21:26:02.101+0000] {processor.py:925} INFO - DAG(s) 'example_sensors' retrieved from /home/usmail/sys_fraud/sys_detection_frauds/lib/python3.12/site-packages/airflow/example_dags/example_sensors.py
[2025-03-21T21:26:02.134+0000] {logging_mixin.py:190} INFO - [2025-03-21T21:26:02.134+0000] {dag.py:3239} INFO - Sync 1 DAGs
[2025-03-21T21:26:02.146+0000] {logging_mixin.py:190} INFO - [2025-03-21T21:26:02.146+0000] {dag.py:4180} INFO - Setting next_dagrun for example_sensors to None, run_after=None
[2025-03-21T21:26:02.175+0000] {processor.py:208} INFO - Processing /home/usmail/sys_fraud/sys_detection_frauds/lib/python3.12/site-packages/airflow/example_dags/example_sensors.py took 0.115 seconds
[2025-03-21T21:27:03.633+0000] {processor.py:186} INFO - Started process (PID=3753851) to work on /home/usmail/sys_fraud/sys_detection_frauds/lib/python3.12/site-packages/airflow/example_dags/example_sensors.py
[2025-03-21T21:27:03.642+0000] {processor.py:914} INFO - Processing file /home/usmail/sys_fraud/sys_detection_frauds/lib/python3.12/site-packages/airflow/example_dags/example_sensors.py for tasks to queue
[2025-03-21T21:27:03.645+0000] {logging_mixin.py:190} INFO - [2025-03-21T21:27:03.644+0000] {dagbag.py:588} INFO - Filling up the DagBag from /home/usmail/sys_fraud/sys_detection_frauds/lib/python3.12/site-packages/airflow/example_dags/example_sensors.py
[2025-03-21T21:27:03.663+0000] {processor.py:925} INFO - DAG(s) 'example_sensors' retrieved from /home/usmail/sys_fraud/sys_detection_frauds/lib/python3.12/site-packages/airflow/example_dags/example_sensors.py
[2025-03-21T21:27:03.695+0000] {logging_mixin.py:190} INFO - [2025-03-21T21:27:03.695+0000] {dag.py:3239} INFO - Sync 1 DAGs
[2025-03-21T21:27:03.708+0000] {logging_mixin.py:190} INFO - [2025-03-21T21:27:03.707+0000] {dag.py:4180} INFO - Setting next_dagrun for example_sensors to None, run_after=None
[2025-03-21T21:27:03.728+0000] {processor.py:208} INFO - Processing /home/usmail/sys_fraud/sys_detection_frauds/lib/python3.12/site-packages/airflow/example_dags/example_sensors.py took 0.107 seconds
[2025-03-21T21:28:06.336+0000] {processor.py:186} INFO - Started process (PID=3754489) to work on /home/usmail/sys_fraud/sys_detection_frauds/lib/python3.12/site-packages/airflow/example_dags/example_sensors.py
[2025-03-21T21:28:06.344+0000] {processor.py:914} INFO - Processing file /home/usmail/sys_fraud/sys_detection_frauds/lib/python3.12/site-packages/airflow/example_dags/example_sensors.py for tasks to queue
[2025-03-21T21:28:06.347+0000] {logging_mixin.py:190} INFO - [2025-03-21T21:28:06.347+0000] {dagbag.py:588} INFO - Filling up the DagBag from /home/usmail/sys_fraud/sys_detection_frauds/lib/python3.12/site-packages/airflow/example_dags/example_sensors.py
[2025-03-21T21:28:06.365+0000] {processor.py:925} INFO - DAG(s) 'example_sensors' retrieved from /home/usmail/sys_fraud/sys_detection_frauds/lib/python3.12/site-packages/airflow/example_dags/example_sensors.py
[2025-03-21T21:28:06.396+0000] {logging_mixin.py:190} INFO - [2025-03-21T21:28:06.396+0000] {dag.py:3239} INFO - Sync 1 DAGs
[2025-03-21T21:28:06.411+0000] {logging_mixin.py:190} INFO - [2025-03-21T21:28:06.411+0000] {dag.py:4180} INFO - Setting next_dagrun for example_sensors to None, run_after=None
[2025-03-21T21:28:06.448+0000] {processor.py:208} INFO - Processing /home/usmail/sys_fraud/sys_detection_frauds/lib/python3.12/site-packages/airflow/example_dags/example_sensors.py took 0.123 seconds
[2025-03-21T21:29:07.050+0000] {processor.py:186} INFO - Started process (PID=3755134) to work on /home/usmail/sys_fraud/sys_detection_frauds/lib/python3.12/site-packages/airflow/example_dags/example_sensors.py
[2025-03-21T21:29:07.060+0000] {processor.py:914} INFO - Processing file /home/usmail/sys_fraud/sys_detection_frauds/lib/python3.12/site-packages/airflow/example_dags/example_sensors.py for tasks to queue
[2025-03-21T21:29:07.063+0000] {logging_mixin.py:190} INFO - [2025-03-21T21:29:07.063+0000] {dagbag.py:588} INFO - Filling up the DagBag from /home/usmail/sys_fraud/sys_detection_frauds/lib/python3.12/site-packages/airflow/example_dags/example_sensors.py
[2025-03-21T21:29:07.080+0000] {processor.py:925} INFO - DAG(s) 'example_sensors' retrieved from /home/usmail/sys_fraud/sys_detection_frauds/lib/python3.12/site-packages/airflow/example_dags/example_sensors.py
[2025-03-21T21:29:07.111+0000] {logging_mixin.py:190} INFO - [2025-03-21T21:29:07.111+0000] {dag.py:3239} INFO - Sync 1 DAGs
[2025-03-21T21:29:07.122+0000] {logging_mixin.py:190} INFO - [2025-03-21T21:29:07.122+0000] {dag.py:4180} INFO - Setting next_dagrun for example_sensors to None, run_after=None
[2025-03-21T21:29:07.140+0000] {processor.py:208} INFO - Processing /home/usmail/sys_fraud/sys_detection_frauds/lib/python3.12/site-packages/airflow/example_dags/example_sensors.py took 0.102 seconds
[2025-03-21T21:30:10.711+0000] {processor.py:186} INFO - Started process (PID=3755798) to work on /home/usmail/sys_fraud/sys_detection_frauds/lib/python3.12/site-packages/airflow/example_dags/example_sensors.py
[2025-03-21T21:30:10.713+0000] {processor.py:914} INFO - Processing file /home/usmail/sys_fraud/sys_detection_frauds/lib/python3.12/site-packages/airflow/example_dags/example_sensors.py for tasks to queue
[2025-03-21T21:30:10.716+0000] {logging_mixin.py:190} INFO - [2025-03-21T21:30:10.715+0000] {dagbag.py:588} INFO - Filling up the DagBag from /home/usmail/sys_fraud/sys_detection_frauds/lib/python3.12/site-packages/airflow/example_dags/example_sensors.py
[2025-03-21T21:30:10.733+0000] {processor.py:925} INFO - DAG(s) 'example_sensors' retrieved from /home/usmail/sys_fraud/sys_detection_frauds/lib/python3.12/site-packages/airflow/example_dags/example_sensors.py
[2025-03-21T21:30:10.765+0000] {logging_mixin.py:190} INFO - [2025-03-21T21:30:10.764+0000] {dag.py:3239} INFO - Sync 1 DAGs
[2025-03-21T21:30:10.776+0000] {logging_mixin.py:190} INFO - [2025-03-21T21:30:10.776+0000] {dag.py:4180} INFO - Setting next_dagrun for example_sensors to None, run_after=None
[2025-03-21T21:30:10.806+0000] {processor.py:208} INFO - Processing /home/usmail/sys_fraud/sys_detection_frauds/lib/python3.12/site-packages/airflow/example_dags/example_sensors.py took 0.106 seconds
[2025-03-21T21:31:18.172+0000] {processor.py:186} INFO - Started process (PID=3756516) to work on /home/usmail/sys_fraud/sys_detection_frauds/lib/python3.12/site-packages/airflow/example_dags/example_sensors.py
[2025-03-21T21:31:18.181+0000] {processor.py:914} INFO - Processing file /home/usmail/sys_fraud/sys_detection_frauds/lib/python3.12/site-packages/airflow/example_dags/example_sensors.py for tasks to queue
[2025-03-21T21:31:18.184+0000] {logging_mixin.py:190} INFO - [2025-03-21T21:31:18.183+0000] {dagbag.py:588} INFO - Filling up the DagBag from /home/usmail/sys_fraud/sys_detection_frauds/lib/python3.12/site-packages/airflow/example_dags/example_sensors.py
[2025-03-21T21:31:18.202+0000] {processor.py:925} INFO - DAG(s) 'example_sensors' retrieved from /home/usmail/sys_fraud/sys_detection_frauds/lib/python3.12/site-packages/airflow/example_dags/example_sensors.py
[2025-03-21T21:31:18.233+0000] {logging_mixin.py:190} INFO - [2025-03-21T21:31:18.233+0000] {dag.py:3239} INFO - Sync 1 DAGs
[2025-03-21T21:31:18.246+0000] {logging_mixin.py:190} INFO - [2025-03-21T21:31:18.245+0000] {dag.py:4180} INFO - Setting next_dagrun for example_sensors to None, run_after=None
[2025-03-21T21:31:18.270+0000] {processor.py:208} INFO - Processing /home/usmail/sys_fraud/sys_detection_frauds/lib/python3.12/site-packages/airflow/example_dags/example_sensors.py took 0.109 seconds
[2025-03-21T21:32:22.597+0000] {processor.py:186} INFO - Started process (PID=3757183) to work on /home/usmail/sys_fraud/sys_detection_frauds/lib/python3.12/site-packages/airflow/example_dags/example_sensors.py
[2025-03-21T21:32:22.606+0000] {processor.py:914} INFO - Processing file /home/usmail/sys_fraud/sys_detection_frauds/lib/python3.12/site-packages/airflow/example_dags/example_sensors.py for tasks to queue
[2025-03-21T21:32:22.609+0000] {logging_mixin.py:190} INFO - [2025-03-21T21:32:22.608+0000] {dagbag.py:588} INFO - Filling up the DagBag from /home/usmail/sys_fraud/sys_detection_frauds/lib/python3.12/site-packages/airflow/example_dags/example_sensors.py
[2025-03-21T21:32:22.627+0000] {processor.py:925} INFO - DAG(s) 'example_sensors' retrieved from /home/usmail/sys_fraud/sys_detection_frauds/lib/python3.12/site-packages/airflow/example_dags/example_sensors.py
[2025-03-21T21:32:22.659+0000] {logging_mixin.py:190} INFO - [2025-03-21T21:32:22.658+0000] {dag.py:3239} INFO - Sync 1 DAGs
[2025-03-21T21:32:22.670+0000] {logging_mixin.py:190} INFO - [2025-03-21T21:32:22.670+0000] {dag.py:4180} INFO - Setting next_dagrun for example_sensors to None, run_after=None
[2025-03-21T21:32:22.706+0000] {processor.py:208} INFO - Processing /home/usmail/sys_fraud/sys_detection_frauds/lib/python3.12/site-packages/airflow/example_dags/example_sensors.py took 0.121 seconds
[2025-03-21T21:33:24.123+0000] {processor.py:186} INFO - Started process (PID=3757823) to work on /home/usmail/sys_fraud/sys_detection_frauds/lib/python3.12/site-packages/airflow/example_dags/example_sensors.py
[2025-03-21T21:33:24.132+0000] {processor.py:914} INFO - Processing file /home/usmail/sys_fraud/sys_detection_frauds/lib/python3.12/site-packages/airflow/example_dags/example_sensors.py for tasks to queue
[2025-03-21T21:33:24.135+0000] {logging_mixin.py:190} INFO - [2025-03-21T21:33:24.135+0000] {dagbag.py:588} INFO - Filling up the DagBag from /home/usmail/sys_fraud/sys_detection_frauds/lib/python3.12/site-packages/airflow/example_dags/example_sensors.py
[2025-03-21T21:33:24.152+0000] {processor.py:925} INFO - DAG(s) 'example_sensors' retrieved from /home/usmail/sys_fraud/sys_detection_frauds/lib/python3.12/site-packages/airflow/example_dags/example_sensors.py
[2025-03-21T21:33:24.183+0000] {logging_mixin.py:190} INFO - [2025-03-21T21:33:24.182+0000] {dag.py:3239} INFO - Sync 1 DAGs
[2025-03-21T21:33:24.194+0000] {logging_mixin.py:190} INFO - [2025-03-21T21:33:24.194+0000] {dag.py:4180} INFO - Setting next_dagrun for example_sensors to None, run_after=None
[2025-03-21T21:33:24.235+0000] {processor.py:208} INFO - Processing /home/usmail/sys_fraud/sys_detection_frauds/lib/python3.12/site-packages/airflow/example_dags/example_sensors.py took 0.125 seconds
[2025-03-21T22:19:41.899+0000] {processor.py:186} INFO - Started process (PID=3758722) to work on /home/usmail/sys_fraud/sys_detection_frauds/lib/python3.12/site-packages/airflow/example_dags/example_sensors.py
[2025-03-21T22:19:41.908+0000] {processor.py:914} INFO - Processing file /home/usmail/sys_fraud/sys_detection_frauds/lib/python3.12/site-packages/airflow/example_dags/example_sensors.py for tasks to queue
[2025-03-21T22:19:41.912+0000] {logging_mixin.py:190} INFO - [2025-03-21T22:19:41.912+0000] {dagbag.py:588} INFO - Filling up the DagBag from /home/usmail/sys_fraud/sys_detection_frauds/lib/python3.12/site-packages/airflow/example_dags/example_sensors.py
[2025-03-21T22:19:41.931+0000] {processor.py:925} INFO - DAG(s) 'example_sensors' retrieved from /home/usmail/sys_fraud/sys_detection_frauds/lib/python3.12/site-packages/airflow/example_dags/example_sensors.py
[2025-03-21T22:19:41.959+0000] {logging_mixin.py:190} INFO - [2025-03-21T22:19:41.959+0000] {dag.py:3239} INFO - Sync 1 DAGs
[2025-03-21T22:19:41.971+0000] {logging_mixin.py:190} INFO - [2025-03-21T22:19:41.971+0000] {dag.py:4180} INFO - Setting next_dagrun for example_sensors to None, run_after=None
[2025-03-21T22:19:41.988+0000] {processor.py:208} INFO - Processing /home/usmail/sys_fraud/sys_detection_frauds/lib/python3.12/site-packages/airflow/example_dags/example_sensors.py took 0.101 seconds
[2025-03-21T22:20:48.936+0000] {processor.py:186} INFO - Started process (PID=3759729) to work on /home/usmail/sys_fraud/sys_detection_frauds/lib/python3.12/site-packages/airflow/example_dags/example_sensors.py
[2025-03-21T22:20:48.944+0000] {processor.py:914} INFO - Processing file /home/usmail/sys_fraud/sys_detection_frauds/lib/python3.12/site-packages/airflow/example_dags/example_sensors.py for tasks to queue
[2025-03-21T22:20:48.946+0000] {logging_mixin.py:190} INFO - [2025-03-21T22:20:48.946+0000] {dagbag.py:588} INFO - Filling up the DagBag from /home/usmail/sys_fraud/sys_detection_frauds/lib/python3.12/site-packages/airflow/example_dags/example_sensors.py
[2025-03-21T22:20:48.955+0000] {processor.py:925} INFO - DAG(s) 'example_sensors' retrieved from /home/usmail/sys_fraud/sys_detection_frauds/lib/python3.12/site-packages/airflow/example_dags/example_sensors.py
[2025-03-21T22:20:48.972+0000] {logging_mixin.py:190} INFO - [2025-03-21T22:20:48.972+0000] {dag.py:3239} INFO - Sync 1 DAGs
[2025-03-21T22:20:48.981+0000] {logging_mixin.py:190} INFO - [2025-03-21T22:20:48.981+0000] {dag.py:4180} INFO - Setting next_dagrun for example_sensors to None, run_after=None
[2025-03-21T22:20:49.002+0000] {processor.py:208} INFO - Processing /home/usmail/sys_fraud/sys_detection_frauds/lib/python3.12/site-packages/airflow/example_dags/example_sensors.py took 0.072 seconds
[2025-03-21T22:21:49.620+0000] {processor.py:186} INFO - Started process (PID=3760583) to work on /home/usmail/sys_fraud/sys_detection_frauds/lib/python3.12/site-packages/airflow/example_dags/example_sensors.py
[2025-03-21T22:21:49.629+0000] {processor.py:914} INFO - Processing file /home/usmail/sys_fraud/sys_detection_frauds/lib/python3.12/site-packages/airflow/example_dags/example_sensors.py for tasks to queue
[2025-03-21T22:21:49.631+0000] {logging_mixin.py:190} INFO - [2025-03-21T22:21:49.630+0000] {dagbag.py:588} INFO - Filling up the DagBag from /home/usmail/sys_fraud/sys_detection_frauds/lib/python3.12/site-packages/airflow/example_dags/example_sensors.py
[2025-03-21T22:21:49.650+0000] {processor.py:925} INFO - DAG(s) 'example_sensors' retrieved from /home/usmail/sys_fraud/sys_detection_frauds/lib/python3.12/site-packages/airflow/example_dags/example_sensors.py
[2025-03-21T22:21:49.682+0000] {logging_mixin.py:190} INFO - [2025-03-21T22:21:49.682+0000] {dag.py:3239} INFO - Sync 1 DAGs
[2025-03-21T22:21:49.694+0000] {logging_mixin.py:190} INFO - [2025-03-21T22:21:49.694+0000] {dag.py:4180} INFO - Setting next_dagrun for example_sensors to None, run_after=None
[2025-03-21T22:21:49.709+0000] {processor.py:208} INFO - Processing /home/usmail/sys_fraud/sys_detection_frauds/lib/python3.12/site-packages/airflow/example_dags/example_sensors.py took 0.102 seconds
