[2025-03-21T20:50:18.611+0000] {processor.py:186} INFO - Started process (PID=3723492) to work on /home/usmail/sys_fraud/sys_detection_frauds/lib/python3.12/site-packages/airflow/example_dags/example_dynamic_task_mapping.py
[2025-03-21T20:50:18.612+0000] {processor.py:914} INFO - Processing file /home/usmail/sys_fraud/sys_detection_frauds/lib/python3.12/site-packages/airflow/example_dags/example_dynamic_task_mapping.py for tasks to queue
[2025-03-21T20:50:18.614+0000] {logging_mixin.py:190} INFO - [2025-03-21T20:50:18.614+0000] {dagbag.py:588} INFO - Filling up the DagBag from /home/usmail/sys_fraud/sys_detection_frauds/lib/python3.12/site-packages/airflow/example_dags/example_dynamic_task_mapping.py
[2025-03-21T20:50:18.622+0000] {processor.py:925} INFO - DAG(s) 'example_dynamic_task_mapping' retrieved from /home/usmail/sys_fraud/sys_detection_frauds/lib/python3.12/site-packages/airflow/example_dags/example_dynamic_task_mapping.py
[2025-03-21T20:50:18.689+0000] {logging_mixin.py:190} INFO - [2025-03-21T20:50:18.689+0000] {override.py:1912} INFO - Created Permission View: can edit on DAG:example_dynamic_task_mapping
[2025-03-21T20:50:18.698+0000] {logging_mixin.py:190} INFO - [2025-03-21T20:50:18.697+0000] {override.py:1912} INFO - Created Permission View: can read on DAG:example_dynamic_task_mapping
[2025-03-21T20:50:18.703+0000] {logging_mixin.py:190} INFO - [2025-03-21T20:50:18.703+0000] {override.py:1912} INFO - Created Permission View: can delete on DAG:example_dynamic_task_mapping
[2025-03-21T20:50:18.712+0000] {logging_mixin.py:190} INFO - [2025-03-21T20:50:18.712+0000] {override.py:1912} INFO - Created Permission View: can create on DAG Run:example_dynamic_task_mapping
[2025-03-21T20:50:18.719+0000] {logging_mixin.py:190} INFO - [2025-03-21T20:50:18.719+0000] {override.py:1912} INFO - Created Permission View: menu access on DAG Run:example_dynamic_task_mapping
[2025-03-21T20:50:18.727+0000] {logging_mixin.py:190} INFO - [2025-03-21T20:50:18.727+0000] {override.py:1912} INFO - Created Permission View: can read on DAG Run:example_dynamic_task_mapping
[2025-03-21T20:50:18.735+0000] {logging_mixin.py:190} INFO - [2025-03-21T20:50:18.734+0000] {override.py:1912} INFO - Created Permission View: can delete on DAG Run:example_dynamic_task_mapping
[2025-03-21T20:50:18.735+0000] {logging_mixin.py:190} INFO - [2025-03-21T20:50:18.735+0000] {dag.py:3239} INFO - Sync 1 DAGs
[2025-03-21T20:50:18.745+0000] {logging_mixin.py:190} INFO - [2025-03-21T20:50:18.745+0000] {dag.py:3262} INFO - Creating ORM DAG for example_dynamic_task_mapping
[2025-03-21T20:50:18.745+0000] {logging_mixin.py:190} INFO - [2025-03-21T20:50:18.745+0000] {dag.py:4180} INFO - Setting next_dagrun for example_dynamic_task_mapping to None, run_after=None
[2025-03-21T20:50:18.760+0000] {processor.py:208} INFO - Processing /home/usmail/sys_fraud/sys_detection_frauds/lib/python3.12/site-packages/airflow/example_dags/example_dynamic_task_mapping.py took 0.156 seconds
[2025-03-21T20:51:15.377+0000] {processor.py:186} INFO - Started process (PID=3724182) to work on /home/usmail/sys_fraud/sys_detection_frauds/lib/python3.12/site-packages/airflow/example_dags/example_dynamic_task_mapping.py
[2025-03-21T20:51:15.386+0000] {processor.py:914} INFO - Processing file /home/usmail/sys_fraud/sys_detection_frauds/lib/python3.12/site-packages/airflow/example_dags/example_dynamic_task_mapping.py for tasks to queue
[2025-03-21T20:51:15.389+0000] {logging_mixin.py:190} INFO - [2025-03-21T20:51:15.389+0000] {dagbag.py:588} INFO - Filling up the DagBag from /home/usmail/sys_fraud/sys_detection_frauds/lib/python3.12/site-packages/airflow/example_dags/example_dynamic_task_mapping.py
[2025-03-21T20:51:15.395+0000] {processor.py:925} INFO - DAG(s) 'example_dynamic_task_mapping' retrieved from /home/usmail/sys_fraud/sys_detection_frauds/lib/python3.12/site-packages/airflow/example_dags/example_dynamic_task_mapping.py
[2025-03-21T20:51:15.404+0000] {logging_mixin.py:190} INFO - [2025-03-21T20:51:15.404+0000] {dag.py:3239} INFO - Sync 1 DAGs
[2025-03-21T20:51:15.413+0000] {logging_mixin.py:190} INFO - [2025-03-21T20:51:15.413+0000] {dag.py:4180} INFO - Setting next_dagrun for example_dynamic_task_mapping to None, run_after=None
[2025-03-21T20:51:15.425+0000] {processor.py:208} INFO - Processing /home/usmail/sys_fraud/sys_detection_frauds/lib/python3.12/site-packages/airflow/example_dags/example_dynamic_task_mapping.py took 0.051 seconds
[2025-03-21T20:52:09.313+0000] {processor.py:186} INFO - Started process (PID=3724867) to work on /home/usmail/sys_fraud/sys_detection_frauds/lib/python3.12/site-packages/airflow/example_dags/example_dynamic_task_mapping.py
[2025-03-21T20:52:09.314+0000] {processor.py:914} INFO - Processing file /home/usmail/sys_fraud/sys_detection_frauds/lib/python3.12/site-packages/airflow/example_dags/example_dynamic_task_mapping.py for tasks to queue
[2025-03-21T20:52:09.315+0000] {logging_mixin.py:190} INFO - [2025-03-21T20:52:09.314+0000] {dagbag.py:588} INFO - Filling up the DagBag from /home/usmail/sys_fraud/sys_detection_frauds/lib/python3.12/site-packages/airflow/example_dags/example_dynamic_task_mapping.py
[2025-03-21T20:52:09.322+0000] {processor.py:925} INFO - DAG(s) 'example_dynamic_task_mapping' retrieved from /home/usmail/sys_fraud/sys_detection_frauds/lib/python3.12/site-packages/airflow/example_dags/example_dynamic_task_mapping.py
[2025-03-21T20:52:09.330+0000] {logging_mixin.py:190} INFO - [2025-03-21T20:52:09.330+0000] {dag.py:3239} INFO - Sync 1 DAGs
[2025-03-21T20:52:09.339+0000] {logging_mixin.py:190} INFO - [2025-03-21T20:52:09.339+0000] {dag.py:4180} INFO - Setting next_dagrun for example_dynamic_task_mapping to None, run_after=None
[2025-03-21T20:52:09.352+0000] {processor.py:208} INFO - Processing /home/usmail/sys_fraud/sys_detection_frauds/lib/python3.12/site-packages/airflow/example_dags/example_dynamic_task_mapping.py took 0.042 seconds
[2025-03-21T20:53:28.384+0000] {processor.py:186} INFO - Started process (PID=3725748) to work on /home/usmail/sys_fraud/sys_detection_frauds/lib/python3.12/site-packages/airflow/example_dags/example_dynamic_task_mapping.py
[2025-03-21T20:53:28.393+0000] {processor.py:914} INFO - Processing file /home/usmail/sys_fraud/sys_detection_frauds/lib/python3.12/site-packages/airflow/example_dags/example_dynamic_task_mapping.py for tasks to queue
[2025-03-21T20:53:28.396+0000] {logging_mixin.py:190} INFO - [2025-03-21T20:53:28.396+0000] {dagbag.py:588} INFO - Filling up the DagBag from /home/usmail/sys_fraud/sys_detection_frauds/lib/python3.12/site-packages/airflow/example_dags/example_dynamic_task_mapping.py
[2025-03-21T20:53:28.405+0000] {processor.py:925} INFO - DAG(s) 'example_dynamic_task_mapping' retrieved from /home/usmail/sys_fraud/sys_detection_frauds/lib/python3.12/site-packages/airflow/example_dags/example_dynamic_task_mapping.py
[2025-03-21T20:53:28.415+0000] {logging_mixin.py:190} INFO - [2025-03-21T20:53:28.415+0000] {dag.py:3239} INFO - Sync 1 DAGs
[2025-03-21T20:53:28.422+0000] {logging_mixin.py:190} INFO - [2025-03-21T20:53:28.422+0000] {dag.py:4180} INFO - Setting next_dagrun for example_dynamic_task_mapping to None, run_after=None
[2025-03-21T20:53:28.438+0000] {processor.py:208} INFO - Processing /home/usmail/sys_fraud/sys_detection_frauds/lib/python3.12/site-packages/airflow/example_dags/example_dynamic_task_mapping.py took 0.059 seconds
[2025-03-21T20:54:48.378+0000] {processor.py:186} INFO - Started process (PID=3726794) to work on /home/usmail/sys_fraud/sys_detection_frauds/lib/python3.12/site-packages/airflow/example_dags/example_dynamic_task_mapping.py
[2025-03-21T20:54:48.387+0000] {processor.py:914} INFO - Processing file /home/usmail/sys_fraud/sys_detection_frauds/lib/python3.12/site-packages/airflow/example_dags/example_dynamic_task_mapping.py for tasks to queue
[2025-03-21T20:54:48.389+0000] {logging_mixin.py:190} INFO - [2025-03-21T20:54:48.389+0000] {dagbag.py:588} INFO - Filling up the DagBag from /home/usmail/sys_fraud/sys_detection_frauds/lib/python3.12/site-packages/airflow/example_dags/example_dynamic_task_mapping.py
[2025-03-21T20:54:48.397+0000] {processor.py:925} INFO - DAG(s) 'example_dynamic_task_mapping' retrieved from /home/usmail/sys_fraud/sys_detection_frauds/lib/python3.12/site-packages/airflow/example_dags/example_dynamic_task_mapping.py
[2025-03-21T20:54:48.409+0000] {logging_mixin.py:190} INFO - [2025-03-21T20:54:48.409+0000] {dag.py:3239} INFO - Sync 1 DAGs
[2025-03-21T20:54:48.418+0000] {logging_mixin.py:190} INFO - [2025-03-21T20:54:48.418+0000] {dag.py:4180} INFO - Setting next_dagrun for example_dynamic_task_mapping to None, run_after=None
[2025-03-21T20:54:48.438+0000] {processor.py:208} INFO - Processing /home/usmail/sys_fraud/sys_detection_frauds/lib/python3.12/site-packages/airflow/example_dags/example_dynamic_task_mapping.py took 0.064 seconds
[2025-03-21T20:56:02.743+0000] {processor.py:186} INFO - Started process (PID=3727689) to work on /home/usmail/sys_fraud/sys_detection_frauds/lib/python3.12/site-packages/airflow/example_dags/example_dynamic_task_mapping.py
[2025-03-21T20:56:02.752+0000] {processor.py:914} INFO - Processing file /home/usmail/sys_fraud/sys_detection_frauds/lib/python3.12/site-packages/airflow/example_dags/example_dynamic_task_mapping.py for tasks to queue
[2025-03-21T20:56:02.753+0000] {logging_mixin.py:190} INFO - [2025-03-21T20:56:02.753+0000] {dagbag.py:588} INFO - Filling up the DagBag from /home/usmail/sys_fraud/sys_detection_frauds/lib/python3.12/site-packages/airflow/example_dags/example_dynamic_task_mapping.py
[2025-03-21T20:56:02.761+0000] {processor.py:925} INFO - DAG(s) 'example_dynamic_task_mapping' retrieved from /home/usmail/sys_fraud/sys_detection_frauds/lib/python3.12/site-packages/airflow/example_dags/example_dynamic_task_mapping.py
[2025-03-21T20:56:02.770+0000] {logging_mixin.py:190} INFO - [2025-03-21T20:56:02.770+0000] {dag.py:3239} INFO - Sync 1 DAGs
[2025-03-21T20:56:02.776+0000] {logging_mixin.py:190} INFO - [2025-03-21T20:56:02.776+0000] {dag.py:4180} INFO - Setting next_dagrun for example_dynamic_task_mapping to None, run_after=None
[2025-03-21T20:56:02.801+0000] {processor.py:208} INFO - Processing /home/usmail/sys_fraud/sys_detection_frauds/lib/python3.12/site-packages/airflow/example_dags/example_dynamic_task_mapping.py took 0.062 seconds
[2025-03-21T20:57:21.010+0000] {processor.py:186} INFO - Started process (PID=3728853) to work on /home/usmail/sys_fraud/sys_detection_frauds/lib/python3.12/site-packages/airflow/example_dags/example_dynamic_task_mapping.py
[2025-03-21T20:57:21.019+0000] {processor.py:914} INFO - Processing file /home/usmail/sys_fraud/sys_detection_frauds/lib/python3.12/site-packages/airflow/example_dags/example_dynamic_task_mapping.py for tasks to queue
[2025-03-21T20:57:21.022+0000] {logging_mixin.py:190} INFO - [2025-03-21T20:57:21.022+0000] {dagbag.py:588} INFO - Filling up the DagBag from /home/usmail/sys_fraud/sys_detection_frauds/lib/python3.12/site-packages/airflow/example_dags/example_dynamic_task_mapping.py
[2025-03-21T20:57:21.032+0000] {processor.py:925} INFO - DAG(s) 'example_dynamic_task_mapping' retrieved from /home/usmail/sys_fraud/sys_detection_frauds/lib/python3.12/site-packages/airflow/example_dags/example_dynamic_task_mapping.py
[2025-03-21T20:57:21.041+0000] {logging_mixin.py:190} INFO - [2025-03-21T20:57:21.040+0000] {dag.py:3239} INFO - Sync 1 DAGs
[2025-03-21T20:57:21.048+0000] {logging_mixin.py:190} INFO - [2025-03-21T20:57:21.047+0000] {dag.py:4180} INFO - Setting next_dagrun for example_dynamic_task_mapping to None, run_after=None
[2025-03-21T20:57:21.059+0000] {processor.py:208} INFO - Processing /home/usmail/sys_fraud/sys_detection_frauds/lib/python3.12/site-packages/airflow/example_dags/example_dynamic_task_mapping.py took 0.054 seconds
[2025-03-21T20:58:37.055+0000] {processor.py:186} INFO - Started process (PID=3729720) to work on /home/usmail/sys_fraud/sys_detection_frauds/lib/python3.12/site-packages/airflow/example_dags/example_dynamic_task_mapping.py
[2025-03-21T20:58:37.064+0000] {processor.py:914} INFO - Processing file /home/usmail/sys_fraud/sys_detection_frauds/lib/python3.12/site-packages/airflow/example_dags/example_dynamic_task_mapping.py for tasks to queue
[2025-03-21T20:58:37.067+0000] {logging_mixin.py:190} INFO - [2025-03-21T20:58:37.067+0000] {dagbag.py:588} INFO - Filling up the DagBag from /home/usmail/sys_fraud/sys_detection_frauds/lib/python3.12/site-packages/airflow/example_dags/example_dynamic_task_mapping.py
[2025-03-21T20:58:37.077+0000] {processor.py:925} INFO - DAG(s) 'example_dynamic_task_mapping' retrieved from /home/usmail/sys_fraud/sys_detection_frauds/lib/python3.12/site-packages/airflow/example_dags/example_dynamic_task_mapping.py
[2025-03-21T20:58:37.085+0000] {logging_mixin.py:190} INFO - [2025-03-21T20:58:37.085+0000] {dag.py:3239} INFO - Sync 1 DAGs
[2025-03-21T20:58:37.092+0000] {logging_mixin.py:190} INFO - [2025-03-21T20:58:37.092+0000] {dag.py:4180} INFO - Setting next_dagrun for example_dynamic_task_mapping to None, run_after=None
[2025-03-21T20:58:37.104+0000] {processor.py:208} INFO - Processing /home/usmail/sys_fraud/sys_detection_frauds/lib/python3.12/site-packages/airflow/example_dags/example_dynamic_task_mapping.py took 0.054 seconds
[2025-03-21T21:00:06.817+0000] {processor.py:186} INFO - Started process (PID=3730924) to work on /home/usmail/sys_fraud/sys_detection_frauds/lib/python3.12/site-packages/airflow/example_dags/example_dynamic_task_mapping.py
[2025-03-21T21:00:06.826+0000] {processor.py:914} INFO - Processing file /home/usmail/sys_fraud/sys_detection_frauds/lib/python3.12/site-packages/airflow/example_dags/example_dynamic_task_mapping.py for tasks to queue
[2025-03-21T21:00:06.830+0000] {logging_mixin.py:190} INFO - [2025-03-21T21:00:06.829+0000] {dagbag.py:588} INFO - Filling up the DagBag from /home/usmail/sys_fraud/sys_detection_frauds/lib/python3.12/site-packages/airflow/example_dags/example_dynamic_task_mapping.py
[2025-03-21T21:00:06.836+0000] {processor.py:925} INFO - DAG(s) 'example_dynamic_task_mapping' retrieved from /home/usmail/sys_fraud/sys_detection_frauds/lib/python3.12/site-packages/airflow/example_dags/example_dynamic_task_mapping.py
[2025-03-21T21:00:06.846+0000] {logging_mixin.py:190} INFO - [2025-03-21T21:00:06.846+0000] {dag.py:3239} INFO - Sync 1 DAGs
[2025-03-21T21:00:06.854+0000] {logging_mixin.py:190} INFO - [2025-03-21T21:00:06.853+0000] {dag.py:4180} INFO - Setting next_dagrun for example_dynamic_task_mapping to None, run_after=None
[2025-03-21T21:00:06.873+0000] {processor.py:208} INFO - Processing /home/usmail/sys_fraud/sys_detection_frauds/lib/python3.12/site-packages/airflow/example_dags/example_dynamic_task_mapping.py took 0.061 seconds
[2025-03-21T21:01:04.036+0000] {processor.py:186} INFO - Started process (PID=3731704) to work on /home/usmail/sys_fraud/sys_detection_frauds/lib/python3.12/site-packages/airflow/example_dags/example_dynamic_task_mapping.py
[2025-03-21T21:01:04.044+0000] {processor.py:914} INFO - Processing file /home/usmail/sys_fraud/sys_detection_frauds/lib/python3.12/site-packages/airflow/example_dags/example_dynamic_task_mapping.py for tasks to queue
[2025-03-21T21:01:04.046+0000] {logging_mixin.py:190} INFO - [2025-03-21T21:01:04.046+0000] {dagbag.py:588} INFO - Filling up the DagBag from /home/usmail/sys_fraud/sys_detection_frauds/lib/python3.12/site-packages/airflow/example_dags/example_dynamic_task_mapping.py
[2025-03-21T21:01:04.051+0000] {processor.py:925} INFO - DAG(s) 'example_dynamic_task_mapping' retrieved from /home/usmail/sys_fraud/sys_detection_frauds/lib/python3.12/site-packages/airflow/example_dags/example_dynamic_task_mapping.py
[2025-03-21T21:01:04.061+0000] {logging_mixin.py:190} INFO - [2025-03-21T21:01:04.061+0000] {dag.py:3239} INFO - Sync 1 DAGs
[2025-03-21T21:01:04.068+0000] {logging_mixin.py:190} INFO - [2025-03-21T21:01:04.068+0000] {dag.py:4180} INFO - Setting next_dagrun for example_dynamic_task_mapping to None, run_after=None
[2025-03-21T21:01:04.091+0000] {processor.py:208} INFO - Processing /home/usmail/sys_fraud/sys_detection_frauds/lib/python3.12/site-packages/airflow/example_dags/example_dynamic_task_mapping.py took 0.058 seconds
[2025-03-21T21:02:23.501+0000] {processor.py:186} INFO - Started process (PID=3732678) to work on /home/usmail/sys_fraud/sys_detection_frauds/lib/python3.12/site-packages/airflow/example_dags/example_dynamic_task_mapping.py
[2025-03-21T21:02:23.509+0000] {processor.py:914} INFO - Processing file /home/usmail/sys_fraud/sys_detection_frauds/lib/python3.12/site-packages/airflow/example_dags/example_dynamic_task_mapping.py for tasks to queue
[2025-03-21T21:02:23.512+0000] {logging_mixin.py:190} INFO - [2025-03-21T21:02:23.512+0000] {dagbag.py:588} INFO - Filling up the DagBag from /home/usmail/sys_fraud/sys_detection_frauds/lib/python3.12/site-packages/airflow/example_dags/example_dynamic_task_mapping.py
[2025-03-21T21:02:23.521+0000] {processor.py:925} INFO - DAG(s) 'example_dynamic_task_mapping' retrieved from /home/usmail/sys_fraud/sys_detection_frauds/lib/python3.12/site-packages/airflow/example_dags/example_dynamic_task_mapping.py
[2025-03-21T21:02:23.530+0000] {logging_mixin.py:190} INFO - [2025-03-21T21:02:23.529+0000] {dag.py:3239} INFO - Sync 1 DAGs
[2025-03-21T21:02:23.537+0000] {logging_mixin.py:190} INFO - [2025-03-21T21:02:23.537+0000] {dag.py:4180} INFO - Setting next_dagrun for example_dynamic_task_mapping to None, run_after=None
[2025-03-21T21:02:23.556+0000] {processor.py:208} INFO - Processing /home/usmail/sys_fraud/sys_detection_frauds/lib/python3.12/site-packages/airflow/example_dags/example_dynamic_task_mapping.py took 0.060 seconds
[2025-03-21T21:03:19.129+0000] {processor.py:186} INFO - Started process (PID=3733435) to work on /home/usmail/sys_fraud/sys_detection_frauds/lib/python3.12/site-packages/airflow/example_dags/example_dynamic_task_mapping.py
[2025-03-21T21:03:19.138+0000] {processor.py:914} INFO - Processing file /home/usmail/sys_fraud/sys_detection_frauds/lib/python3.12/site-packages/airflow/example_dags/example_dynamic_task_mapping.py for tasks to queue
[2025-03-21T21:03:19.141+0000] {logging_mixin.py:190} INFO - [2025-03-21T21:03:19.140+0000] {dagbag.py:588} INFO - Filling up the DagBag from /home/usmail/sys_fraud/sys_detection_frauds/lib/python3.12/site-packages/airflow/example_dags/example_dynamic_task_mapping.py
[2025-03-21T21:03:19.151+0000] {processor.py:925} INFO - DAG(s) 'example_dynamic_task_mapping' retrieved from /home/usmail/sys_fraud/sys_detection_frauds/lib/python3.12/site-packages/airflow/example_dags/example_dynamic_task_mapping.py
[2025-03-21T21:03:19.159+0000] {logging_mixin.py:190} INFO - [2025-03-21T21:03:19.159+0000] {dag.py:3239} INFO - Sync 1 DAGs
[2025-03-21T21:03:19.167+0000] {logging_mixin.py:190} INFO - [2025-03-21T21:03:19.167+0000] {dag.py:4180} INFO - Setting next_dagrun for example_dynamic_task_mapping to None, run_after=None
[2025-03-21T21:03:19.186+0000] {processor.py:208} INFO - Processing /home/usmail/sys_fraud/sys_detection_frauds/lib/python3.12/site-packages/airflow/example_dags/example_dynamic_task_mapping.py took 0.063 seconds
[2025-03-21T21:04:40.944+0000] {processor.py:186} INFO - Started process (PID=3734518) to work on /home/usmail/sys_fraud/sys_detection_frauds/lib/python3.12/site-packages/airflow/example_dags/example_dynamic_task_mapping.py
[2025-03-21T21:04:40.945+0000] {processor.py:914} INFO - Processing file /home/usmail/sys_fraud/sys_detection_frauds/lib/python3.12/site-packages/airflow/example_dags/example_dynamic_task_mapping.py for tasks to queue
[2025-03-21T21:04:40.947+0000] {logging_mixin.py:190} INFO - [2025-03-21T21:04:40.947+0000] {dagbag.py:588} INFO - Filling up the DagBag from /home/usmail/sys_fraud/sys_detection_frauds/lib/python3.12/site-packages/airflow/example_dags/example_dynamic_task_mapping.py
[2025-03-21T21:04:40.953+0000] {processor.py:925} INFO - DAG(s) 'example_dynamic_task_mapping' retrieved from /home/usmail/sys_fraud/sys_detection_frauds/lib/python3.12/site-packages/airflow/example_dags/example_dynamic_task_mapping.py
[2025-03-21T21:04:40.962+0000] {logging_mixin.py:190} INFO - [2025-03-21T21:04:40.961+0000] {dag.py:3239} INFO - Sync 1 DAGs
[2025-03-21T21:04:40.969+0000] {logging_mixin.py:190} INFO - [2025-03-21T21:04:40.969+0000] {dag.py:4180} INFO - Setting next_dagrun for example_dynamic_task_mapping to None, run_after=None
[2025-03-21T21:04:40.994+0000] {processor.py:208} INFO - Processing /home/usmail/sys_fraud/sys_detection_frauds/lib/python3.12/site-packages/airflow/example_dags/example_dynamic_task_mapping.py took 0.061 seconds
[2025-03-21T21:05:35.471+0000] {processor.py:186} INFO - Started process (PID=3735367) to work on /home/usmail/sys_fraud/sys_detection_frauds/lib/python3.12/site-packages/airflow/example_dags/example_dynamic_task_mapping.py
[2025-03-21T21:05:35.480+0000] {processor.py:914} INFO - Processing file /home/usmail/sys_fraud/sys_detection_frauds/lib/python3.12/site-packages/airflow/example_dags/example_dynamic_task_mapping.py for tasks to queue
[2025-03-21T21:05:35.481+0000] {logging_mixin.py:190} INFO - [2025-03-21T21:05:35.481+0000] {dagbag.py:588} INFO - Filling up the DagBag from /home/usmail/sys_fraud/sys_detection_frauds/lib/python3.12/site-packages/airflow/example_dags/example_dynamic_task_mapping.py
[2025-03-21T21:05:35.486+0000] {processor.py:925} INFO - DAG(s) 'example_dynamic_task_mapping' retrieved from /home/usmail/sys_fraud/sys_detection_frauds/lib/python3.12/site-packages/airflow/example_dags/example_dynamic_task_mapping.py
[2025-03-21T21:05:35.495+0000] {logging_mixin.py:190} INFO - [2025-03-21T21:05:35.494+0000] {dag.py:3239} INFO - Sync 1 DAGs
[2025-03-21T21:05:35.502+0000] {logging_mixin.py:190} INFO - [2025-03-21T21:05:35.502+0000] {dag.py:4180} INFO - Setting next_dagrun for example_dynamic_task_mapping to None, run_after=None
[2025-03-21T21:05:35.514+0000] {processor.py:208} INFO - Processing /home/usmail/sys_fraud/sys_detection_frauds/lib/python3.12/site-packages/airflow/example_dags/example_dynamic_task_mapping.py took 0.047 seconds
[2025-03-21T21:06:53.662+0000] {processor.py:186} INFO - Started process (PID=3737000) to work on /home/usmail/sys_fraud/sys_detection_frauds/lib/python3.12/site-packages/airflow/example_dags/example_dynamic_task_mapping.py
[2025-03-21T21:06:53.671+0000] {processor.py:914} INFO - Processing file /home/usmail/sys_fraud/sys_detection_frauds/lib/python3.12/site-packages/airflow/example_dags/example_dynamic_task_mapping.py for tasks to queue
[2025-03-21T21:06:53.673+0000] {logging_mixin.py:190} INFO - [2025-03-21T21:06:53.672+0000] {dagbag.py:588} INFO - Filling up the DagBag from /home/usmail/sys_fraud/sys_detection_frauds/lib/python3.12/site-packages/airflow/example_dags/example_dynamic_task_mapping.py
[2025-03-21T21:06:53.682+0000] {processor.py:925} INFO - DAG(s) 'example_dynamic_task_mapping' retrieved from /home/usmail/sys_fraud/sys_detection_frauds/lib/python3.12/site-packages/airflow/example_dags/example_dynamic_task_mapping.py
[2025-03-21T21:06:53.690+0000] {logging_mixin.py:190} INFO - [2025-03-21T21:06:53.690+0000] {dag.py:3239} INFO - Sync 1 DAGs
[2025-03-21T21:06:53.698+0000] {logging_mixin.py:190} INFO - [2025-03-21T21:06:53.698+0000] {dag.py:4180} INFO - Setting next_dagrun for example_dynamic_task_mapping to None, run_after=None
[2025-03-21T21:06:53.716+0000] {processor.py:208} INFO - Processing /home/usmail/sys_fraud/sys_detection_frauds/lib/python3.12/site-packages/airflow/example_dags/example_dynamic_task_mapping.py took 0.060 seconds
[2025-03-21T21:08:13.740+0000] {processor.py:186} INFO - Started process (PID=3738043) to work on /home/usmail/sys_fraud/sys_detection_frauds/lib/python3.12/site-packages/airflow/example_dags/example_dynamic_task_mapping.py
[2025-03-21T21:08:13.750+0000] {processor.py:914} INFO - Processing file /home/usmail/sys_fraud/sys_detection_frauds/lib/python3.12/site-packages/airflow/example_dags/example_dynamic_task_mapping.py for tasks to queue
[2025-03-21T21:08:13.753+0000] {logging_mixin.py:190} INFO - [2025-03-21T21:08:13.753+0000] {dagbag.py:588} INFO - Filling up the DagBag from /home/usmail/sys_fraud/sys_detection_frauds/lib/python3.12/site-packages/airflow/example_dags/example_dynamic_task_mapping.py
[2025-03-21T21:08:13.769+0000] {processor.py:925} INFO - DAG(s) 'example_dynamic_task_mapping' retrieved from /home/usmail/sys_fraud/sys_detection_frauds/lib/python3.12/site-packages/airflow/example_dags/example_dynamic_task_mapping.py
[2025-03-21T21:08:13.793+0000] {logging_mixin.py:190} INFO - [2025-03-21T21:08:13.793+0000] {dag.py:3239} INFO - Sync 1 DAGs
[2025-03-21T21:08:13.805+0000] {logging_mixin.py:190} INFO - [2025-03-21T21:08:13.805+0000] {dag.py:4180} INFO - Setting next_dagrun for example_dynamic_task_mapping to None, run_after=None
[2025-03-21T21:08:13.833+0000] {processor.py:208} INFO - Processing /home/usmail/sys_fraud/sys_detection_frauds/lib/python3.12/site-packages/airflow/example_dags/example_dynamic_task_mapping.py took 0.106 seconds
[2025-03-21T21:09:16.130+0000] {processor.py:186} INFO - Started process (PID=3738911) to work on /home/usmail/sys_fraud/sys_detection_frauds/lib/python3.12/site-packages/airflow/example_dags/example_dynamic_task_mapping.py
[2025-03-21T21:09:16.139+0000] {processor.py:914} INFO - Processing file /home/usmail/sys_fraud/sys_detection_frauds/lib/python3.12/site-packages/airflow/example_dags/example_dynamic_task_mapping.py for tasks to queue
[2025-03-21T21:09:16.140+0000] {logging_mixin.py:190} INFO - [2025-03-21T21:09:16.140+0000] {dagbag.py:588} INFO - Filling up the DagBag from /home/usmail/sys_fraud/sys_detection_frauds/lib/python3.12/site-packages/airflow/example_dags/example_dynamic_task_mapping.py
[2025-03-21T21:09:16.146+0000] {processor.py:925} INFO - DAG(s) 'example_dynamic_task_mapping' retrieved from /home/usmail/sys_fraud/sys_detection_frauds/lib/python3.12/site-packages/airflow/example_dags/example_dynamic_task_mapping.py
[2025-03-21T21:09:16.157+0000] {logging_mixin.py:190} INFO - [2025-03-21T21:09:16.157+0000] {dag.py:3239} INFO - Sync 1 DAGs
[2025-03-21T21:09:16.167+0000] {logging_mixin.py:190} INFO - [2025-03-21T21:09:16.167+0000] {dag.py:4180} INFO - Setting next_dagrun for example_dynamic_task_mapping to None, run_after=None
[2025-03-21T21:09:16.182+0000] {processor.py:208} INFO - Processing /home/usmail/sys_fraud/sys_detection_frauds/lib/python3.12/site-packages/airflow/example_dags/example_dynamic_task_mapping.py took 0.057 seconds
[2025-03-21T21:10:38.974+0000] {processor.py:186} INFO - Started process (PID=3740705) to work on /home/usmail/sys_fraud/sys_detection_frauds/lib/python3.12/site-packages/airflow/example_dags/example_dynamic_task_mapping.py
[2025-03-21T21:10:38.976+0000] {processor.py:914} INFO - Processing file /home/usmail/sys_fraud/sys_detection_frauds/lib/python3.12/site-packages/airflow/example_dags/example_dynamic_task_mapping.py for tasks to queue
[2025-03-21T21:10:38.979+0000] {logging_mixin.py:190} INFO - [2025-03-21T21:10:38.978+0000] {dagbag.py:588} INFO - Filling up the DagBag from /home/usmail/sys_fraud/sys_detection_frauds/lib/python3.12/site-packages/airflow/example_dags/example_dynamic_task_mapping.py
[2025-03-21T21:10:38.994+0000] {processor.py:925} INFO - DAG(s) 'example_dynamic_task_mapping' retrieved from /home/usmail/sys_fraud/sys_detection_frauds/lib/python3.12/site-packages/airflow/example_dags/example_dynamic_task_mapping.py
[2025-03-21T21:10:39.016+0000] {logging_mixin.py:190} INFO - [2025-03-21T21:10:39.016+0000] {dag.py:3239} INFO - Sync 1 DAGs
[2025-03-21T21:10:39.031+0000] {logging_mixin.py:190} INFO - [2025-03-21T21:10:39.030+0000] {dag.py:4180} INFO - Setting next_dagrun for example_dynamic_task_mapping to None, run_after=None
[2025-03-21T21:10:39.047+0000] {processor.py:208} INFO - Processing /home/usmail/sys_fraud/sys_detection_frauds/lib/python3.12/site-packages/airflow/example_dags/example_dynamic_task_mapping.py took 0.087 seconds
[2025-03-21T21:11:37.351+0000] {processor.py:186} INFO - Started process (PID=3741819) to work on /home/usmail/sys_fraud/sys_detection_frauds/lib/python3.12/site-packages/airflow/example_dags/example_dynamic_task_mapping.py
[2025-03-21T21:11:37.360+0000] {processor.py:914} INFO - Processing file /home/usmail/sys_fraud/sys_detection_frauds/lib/python3.12/site-packages/airflow/example_dags/example_dynamic_task_mapping.py for tasks to queue
[2025-03-21T21:11:37.361+0000] {logging_mixin.py:190} INFO - [2025-03-21T21:11:37.361+0000] {dagbag.py:588} INFO - Filling up the DagBag from /home/usmail/sys_fraud/sys_detection_frauds/lib/python3.12/site-packages/airflow/example_dags/example_dynamic_task_mapping.py
[2025-03-21T21:11:37.368+0000] {processor.py:925} INFO - DAG(s) 'example_dynamic_task_mapping' retrieved from /home/usmail/sys_fraud/sys_detection_frauds/lib/python3.12/site-packages/airflow/example_dags/example_dynamic_task_mapping.py
[2025-03-21T21:11:37.379+0000] {logging_mixin.py:190} INFO - [2025-03-21T21:11:37.379+0000] {dag.py:3239} INFO - Sync 1 DAGs
[2025-03-21T21:11:37.389+0000] {logging_mixin.py:190} INFO - [2025-03-21T21:11:37.389+0000] {dag.py:4180} INFO - Setting next_dagrun for example_dynamic_task_mapping to None, run_after=None
[2025-03-21T21:11:37.406+0000] {processor.py:208} INFO - Processing /home/usmail/sys_fraud/sys_detection_frauds/lib/python3.12/site-packages/airflow/example_dags/example_dynamic_task_mapping.py took 0.060 seconds
[2025-03-21T21:12:57.032+0000] {processor.py:186} INFO - Started process (PID=3743362) to work on /home/usmail/sys_fraud/sys_detection_frauds/lib/python3.12/site-packages/airflow/example_dags/example_dynamic_task_mapping.py
[2025-03-21T21:12:57.040+0000] {processor.py:914} INFO - Processing file /home/usmail/sys_fraud/sys_detection_frauds/lib/python3.12/site-packages/airflow/example_dags/example_dynamic_task_mapping.py for tasks to queue
[2025-03-21T21:12:57.041+0000] {logging_mixin.py:190} INFO - [2025-03-21T21:12:57.041+0000] {dagbag.py:588} INFO - Filling up the DagBag from /home/usmail/sys_fraud/sys_detection_frauds/lib/python3.12/site-packages/airflow/example_dags/example_dynamic_task_mapping.py
[2025-03-21T21:12:57.048+0000] {processor.py:925} INFO - DAG(s) 'example_dynamic_task_mapping' retrieved from /home/usmail/sys_fraud/sys_detection_frauds/lib/python3.12/site-packages/airflow/example_dags/example_dynamic_task_mapping.py
[2025-03-21T21:12:57.058+0000] {logging_mixin.py:190} INFO - [2025-03-21T21:12:57.058+0000] {dag.py:3239} INFO - Sync 1 DAGs
[2025-03-21T21:12:57.067+0000] {logging_mixin.py:190} INFO - [2025-03-21T21:12:57.067+0000] {dag.py:4180} INFO - Setting next_dagrun for example_dynamic_task_mapping to None, run_after=None
[2025-03-21T21:12:57.092+0000] {processor.py:208} INFO - Processing /home/usmail/sys_fraud/sys_detection_frauds/lib/python3.12/site-packages/airflow/example_dags/example_dynamic_task_mapping.py took 0.066 seconds
[2025-03-21T21:14:14.713+0000] {processor.py:186} INFO - Started process (PID=3744700) to work on /home/usmail/sys_fraud/sys_detection_frauds/lib/python3.12/site-packages/airflow/example_dags/example_dynamic_task_mapping.py
[2025-03-21T21:14:14.723+0000] {processor.py:914} INFO - Processing file /home/usmail/sys_fraud/sys_detection_frauds/lib/python3.12/site-packages/airflow/example_dags/example_dynamic_task_mapping.py for tasks to queue
[2025-03-21T21:14:14.726+0000] {logging_mixin.py:190} INFO - [2025-03-21T21:14:14.726+0000] {dagbag.py:588} INFO - Filling up the DagBag from /home/usmail/sys_fraud/sys_detection_frauds/lib/python3.12/site-packages/airflow/example_dags/example_dynamic_task_mapping.py
[2025-03-21T21:14:14.739+0000] {processor.py:925} INFO - DAG(s) 'example_dynamic_task_mapping' retrieved from /home/usmail/sys_fraud/sys_detection_frauds/lib/python3.12/site-packages/airflow/example_dags/example_dynamic_task_mapping.py
[2025-03-21T21:14:14.762+0000] {logging_mixin.py:190} INFO - [2025-03-21T21:14:14.762+0000] {dag.py:3239} INFO - Sync 1 DAGs
[2025-03-21T21:14:14.780+0000] {logging_mixin.py:190} INFO - [2025-03-21T21:14:14.780+0000] {dag.py:4180} INFO - Setting next_dagrun for example_dynamic_task_mapping to None, run_after=None
[2025-03-21T21:14:14.800+0000] {processor.py:208} INFO - Processing /home/usmail/sys_fraud/sys_detection_frauds/lib/python3.12/site-packages/airflow/example_dags/example_dynamic_task_mapping.py took 0.099 seconds
[2025-03-21T21:15:13.744+0000] {processor.py:186} INFO - Started process (PID=3745430) to work on /home/usmail/sys_fraud/sys_detection_frauds/lib/python3.12/site-packages/airflow/example_dags/example_dynamic_task_mapping.py
[2025-03-21T21:15:13.753+0000] {processor.py:914} INFO - Processing file /home/usmail/sys_fraud/sys_detection_frauds/lib/python3.12/site-packages/airflow/example_dags/example_dynamic_task_mapping.py for tasks to queue
[2025-03-21T21:15:13.756+0000] {logging_mixin.py:190} INFO - [2025-03-21T21:15:13.756+0000] {dagbag.py:588} INFO - Filling up the DagBag from /home/usmail/sys_fraud/sys_detection_frauds/lib/python3.12/site-packages/airflow/example_dags/example_dynamic_task_mapping.py
[2025-03-21T21:15:13.769+0000] {processor.py:925} INFO - DAG(s) 'example_dynamic_task_mapping' retrieved from /home/usmail/sys_fraud/sys_detection_frauds/lib/python3.12/site-packages/airflow/example_dags/example_dynamic_task_mapping.py
[2025-03-21T21:15:13.792+0000] {logging_mixin.py:190} INFO - [2025-03-21T21:15:13.792+0000] {dag.py:3239} INFO - Sync 1 DAGs
[2025-03-21T21:15:13.809+0000] {logging_mixin.py:190} INFO - [2025-03-21T21:15:13.809+0000] {dag.py:4180} INFO - Setting next_dagrun for example_dynamic_task_mapping to None, run_after=None
[2025-03-21T21:15:13.828+0000] {processor.py:208} INFO - Processing /home/usmail/sys_fraud/sys_detection_frauds/lib/python3.12/site-packages/airflow/example_dags/example_dynamic_task_mapping.py took 0.096 seconds
[2025-03-21T21:16:13.177+0000] {processor.py:186} INFO - Started process (PID=3746192) to work on /home/usmail/sys_fraud/sys_detection_frauds/lib/python3.12/site-packages/airflow/example_dags/example_dynamic_task_mapping.py
[2025-03-21T21:16:13.186+0000] {processor.py:914} INFO - Processing file /home/usmail/sys_fraud/sys_detection_frauds/lib/python3.12/site-packages/airflow/example_dags/example_dynamic_task_mapping.py for tasks to queue
[2025-03-21T21:16:13.189+0000] {logging_mixin.py:190} INFO - [2025-03-21T21:16:13.188+0000] {dagbag.py:588} INFO - Filling up the DagBag from /home/usmail/sys_fraud/sys_detection_frauds/lib/python3.12/site-packages/airflow/example_dags/example_dynamic_task_mapping.py
[2025-03-21T21:16:13.201+0000] {processor.py:925} INFO - DAG(s) 'example_dynamic_task_mapping' retrieved from /home/usmail/sys_fraud/sys_detection_frauds/lib/python3.12/site-packages/airflow/example_dags/example_dynamic_task_mapping.py
[2025-03-21T21:16:13.224+0000] {logging_mixin.py:190} INFO - [2025-03-21T21:16:13.224+0000] {dag.py:3239} INFO - Sync 1 DAGs
[2025-03-21T21:16:13.241+0000] {logging_mixin.py:190} INFO - [2025-03-21T21:16:13.241+0000] {dag.py:4180} INFO - Setting next_dagrun for example_dynamic_task_mapping to None, run_after=None
[2025-03-21T21:16:13.258+0000] {processor.py:208} INFO - Processing /home/usmail/sys_fraud/sys_detection_frauds/lib/python3.12/site-packages/airflow/example_dags/example_dynamic_task_mapping.py took 0.094 seconds
[2025-03-21T21:17:16.664+0000] {processor.py:186} INFO - Started process (PID=3746979) to work on /home/usmail/sys_fraud/sys_detection_frauds/lib/python3.12/site-packages/airflow/example_dags/example_dynamic_task_mapping.py
[2025-03-21T21:17:16.673+0000] {processor.py:914} INFO - Processing file /home/usmail/sys_fraud/sys_detection_frauds/lib/python3.12/site-packages/airflow/example_dags/example_dynamic_task_mapping.py for tasks to queue
[2025-03-21T21:17:16.677+0000] {logging_mixin.py:190} INFO - [2025-03-21T21:17:16.676+0000] {dagbag.py:588} INFO - Filling up the DagBag from /home/usmail/sys_fraud/sys_detection_frauds/lib/python3.12/site-packages/airflow/example_dags/example_dynamic_task_mapping.py
[2025-03-21T21:17:16.690+0000] {processor.py:925} INFO - DAG(s) 'example_dynamic_task_mapping' retrieved from /home/usmail/sys_fraud/sys_detection_frauds/lib/python3.12/site-packages/airflow/example_dags/example_dynamic_task_mapping.py
[2025-03-21T21:17:16.712+0000] {logging_mixin.py:190} INFO - [2025-03-21T21:17:16.712+0000] {dag.py:3239} INFO - Sync 1 DAGs
[2025-03-21T21:17:16.731+0000] {logging_mixin.py:190} INFO - [2025-03-21T21:17:16.731+0000] {dag.py:4180} INFO - Setting next_dagrun for example_dynamic_task_mapping to None, run_after=None
[2025-03-21T21:17:16.750+0000] {processor.py:208} INFO - Processing /home/usmail/sys_fraud/sys_detection_frauds/lib/python3.12/site-packages/airflow/example_dags/example_dynamic_task_mapping.py took 0.099 seconds
[2025-03-21T21:18:19.584+0000] {processor.py:186} INFO - Started process (PID=3747746) to work on /home/usmail/sys_fraud/sys_detection_frauds/lib/python3.12/site-packages/airflow/example_dags/example_dynamic_task_mapping.py
[2025-03-21T21:18:19.593+0000] {processor.py:914} INFO - Processing file /home/usmail/sys_fraud/sys_detection_frauds/lib/python3.12/site-packages/airflow/example_dags/example_dynamic_task_mapping.py for tasks to queue
[2025-03-21T21:18:19.596+0000] {logging_mixin.py:190} INFO - [2025-03-21T21:18:19.596+0000] {dagbag.py:588} INFO - Filling up the DagBag from /home/usmail/sys_fraud/sys_detection_frauds/lib/python3.12/site-packages/airflow/example_dags/example_dynamic_task_mapping.py
[2025-03-21T21:18:19.609+0000] {processor.py:925} INFO - DAG(s) 'example_dynamic_task_mapping' retrieved from /home/usmail/sys_fraud/sys_detection_frauds/lib/python3.12/site-packages/airflow/example_dags/example_dynamic_task_mapping.py
[2025-03-21T21:18:19.631+0000] {logging_mixin.py:190} INFO - [2025-03-21T21:18:19.631+0000] {dag.py:3239} INFO - Sync 1 DAGs
[2025-03-21T21:18:19.649+0000] {logging_mixin.py:190} INFO - [2025-03-21T21:18:19.648+0000] {dag.py:4180} INFO - Setting next_dagrun for example_dynamic_task_mapping to None, run_after=None
[2025-03-21T21:18:19.688+0000] {processor.py:208} INFO - Processing /home/usmail/sys_fraud/sys_detection_frauds/lib/python3.12/site-packages/airflow/example_dags/example_dynamic_task_mapping.py took 0.116 seconds
[2025-03-21T21:19:24.618+0000] {processor.py:186} INFO - Started process (PID=3748551) to work on /home/usmail/sys_fraud/sys_detection_frauds/lib/python3.12/site-packages/airflow/example_dags/example_dynamic_task_mapping.py
[2025-03-21T21:19:24.628+0000] {processor.py:914} INFO - Processing file /home/usmail/sys_fraud/sys_detection_frauds/lib/python3.12/site-packages/airflow/example_dags/example_dynamic_task_mapping.py for tasks to queue
[2025-03-21T21:19:24.631+0000] {logging_mixin.py:190} INFO - [2025-03-21T21:19:24.630+0000] {dagbag.py:588} INFO - Filling up the DagBag from /home/usmail/sys_fraud/sys_detection_frauds/lib/python3.12/site-packages/airflow/example_dags/example_dynamic_task_mapping.py
[2025-03-21T21:19:24.644+0000] {processor.py:925} INFO - DAG(s) 'example_dynamic_task_mapping' retrieved from /home/usmail/sys_fraud/sys_detection_frauds/lib/python3.12/site-packages/airflow/example_dags/example_dynamic_task_mapping.py
[2025-03-21T21:19:24.666+0000] {logging_mixin.py:190} INFO - [2025-03-21T21:19:24.666+0000] {dag.py:3239} INFO - Sync 1 DAGs
[2025-03-21T21:19:24.684+0000] {logging_mixin.py:190} INFO - [2025-03-21T21:19:24.684+0000] {dag.py:4180} INFO - Setting next_dagrun for example_dynamic_task_mapping to None, run_after=None
[2025-03-21T21:19:24.716+0000] {processor.py:208} INFO - Processing /home/usmail/sys_fraud/sys_detection_frauds/lib/python3.12/site-packages/airflow/example_dags/example_dynamic_task_mapping.py took 0.109 seconds
[2025-03-21T21:20:28.122+0000] {processor.py:186} INFO - Started process (PID=3749317) to work on /home/usmail/sys_fraud/sys_detection_frauds/lib/python3.12/site-packages/airflow/example_dags/example_dynamic_task_mapping.py
[2025-03-21T21:20:28.132+0000] {processor.py:914} INFO - Processing file /home/usmail/sys_fraud/sys_detection_frauds/lib/python3.12/site-packages/airflow/example_dags/example_dynamic_task_mapping.py for tasks to queue
[2025-03-21T21:20:28.135+0000] {logging_mixin.py:190} INFO - [2025-03-21T21:20:28.134+0000] {dagbag.py:588} INFO - Filling up the DagBag from /home/usmail/sys_fraud/sys_detection_frauds/lib/python3.12/site-packages/airflow/example_dags/example_dynamic_task_mapping.py
[2025-03-21T21:20:28.148+0000] {processor.py:925} INFO - DAG(s) 'example_dynamic_task_mapping' retrieved from /home/usmail/sys_fraud/sys_detection_frauds/lib/python3.12/site-packages/airflow/example_dags/example_dynamic_task_mapping.py
[2025-03-21T21:20:28.170+0000] {logging_mixin.py:190} INFO - [2025-03-21T21:20:28.169+0000] {dag.py:3239} INFO - Sync 1 DAGs
[2025-03-21T21:20:28.187+0000] {logging_mixin.py:190} INFO - [2025-03-21T21:20:28.187+0000] {dag.py:4180} INFO - Setting next_dagrun for example_dynamic_task_mapping to None, run_after=None
[2025-03-21T21:20:28.217+0000] {processor.py:208} INFO - Processing /home/usmail/sys_fraud/sys_detection_frauds/lib/python3.12/site-packages/airflow/example_dags/example_dynamic_task_mapping.py took 0.107 seconds
[2025-03-21T21:21:31.704+0000] {processor.py:186} INFO - Started process (PID=3750088) to work on /home/usmail/sys_fraud/sys_detection_frauds/lib/python3.12/site-packages/airflow/example_dags/example_dynamic_task_mapping.py
[2025-03-21T21:21:31.714+0000] {processor.py:914} INFO - Processing file /home/usmail/sys_fraud/sys_detection_frauds/lib/python3.12/site-packages/airflow/example_dags/example_dynamic_task_mapping.py for tasks to queue
[2025-03-21T21:21:31.717+0000] {logging_mixin.py:190} INFO - [2025-03-21T21:21:31.716+0000] {dagbag.py:588} INFO - Filling up the DagBag from /home/usmail/sys_fraud/sys_detection_frauds/lib/python3.12/site-packages/airflow/example_dags/example_dynamic_task_mapping.py
[2025-03-21T21:21:31.730+0000] {processor.py:925} INFO - DAG(s) 'example_dynamic_task_mapping' retrieved from /home/usmail/sys_fraud/sys_detection_frauds/lib/python3.12/site-packages/airflow/example_dags/example_dynamic_task_mapping.py
[2025-03-21T21:21:31.752+0000] {logging_mixin.py:190} INFO - [2025-03-21T21:21:31.751+0000] {dag.py:3239} INFO - Sync 1 DAGs
[2025-03-21T21:21:31.771+0000] {logging_mixin.py:190} INFO - [2025-03-21T21:21:31.770+0000] {dag.py:4180} INFO - Setting next_dagrun for example_dynamic_task_mapping to None, run_after=None
[2025-03-21T21:21:31.788+0000] {processor.py:208} INFO - Processing /home/usmail/sys_fraud/sys_detection_frauds/lib/python3.12/site-packages/airflow/example_dags/example_dynamic_task_mapping.py took 0.096 seconds
[2025-03-21T21:22:39.257+0000] {processor.py:186} INFO - Started process (PID=3750928) to work on /home/usmail/sys_fraud/sys_detection_frauds/lib/python3.12/site-packages/airflow/example_dags/example_dynamic_task_mapping.py
[2025-03-21T21:22:39.266+0000] {processor.py:914} INFO - Processing file /home/usmail/sys_fraud/sys_detection_frauds/lib/python3.12/site-packages/airflow/example_dags/example_dynamic_task_mapping.py for tasks to queue
[2025-03-21T21:22:39.269+0000] {logging_mixin.py:190} INFO - [2025-03-21T21:22:39.268+0000] {dagbag.py:588} INFO - Filling up the DagBag from /home/usmail/sys_fraud/sys_detection_frauds/lib/python3.12/site-packages/airflow/example_dags/example_dynamic_task_mapping.py
[2025-03-21T21:22:39.281+0000] {processor.py:925} INFO - DAG(s) 'example_dynamic_task_mapping' retrieved from /home/usmail/sys_fraud/sys_detection_frauds/lib/python3.12/site-packages/airflow/example_dags/example_dynamic_task_mapping.py
[2025-03-21T21:22:39.303+0000] {logging_mixin.py:190} INFO - [2025-03-21T21:22:39.303+0000] {dag.py:3239} INFO - Sync 1 DAGs
[2025-03-21T21:22:39.320+0000] {logging_mixin.py:190} INFO - [2025-03-21T21:22:39.320+0000] {dag.py:4180} INFO - Setting next_dagrun for example_dynamic_task_mapping to None, run_after=None
[2025-03-21T21:22:39.351+0000] {processor.py:208} INFO - Processing /home/usmail/sys_fraud/sys_detection_frauds/lib/python3.12/site-packages/airflow/example_dags/example_dynamic_task_mapping.py took 0.107 seconds
[2025-03-21T21:23:42.877+0000] {processor.py:186} INFO - Started process (PID=3751726) to work on /home/usmail/sys_fraud/sys_detection_frauds/lib/python3.12/site-packages/airflow/example_dags/example_dynamic_task_mapping.py
[2025-03-21T21:23:42.886+0000] {processor.py:914} INFO - Processing file /home/usmail/sys_fraud/sys_detection_frauds/lib/python3.12/site-packages/airflow/example_dags/example_dynamic_task_mapping.py for tasks to queue
[2025-03-21T21:23:42.889+0000] {logging_mixin.py:190} INFO - [2025-03-21T21:23:42.889+0000] {dagbag.py:588} INFO - Filling up the DagBag from /home/usmail/sys_fraud/sys_detection_frauds/lib/python3.12/site-packages/airflow/example_dags/example_dynamic_task_mapping.py
[2025-03-21T21:23:42.903+0000] {processor.py:925} INFO - DAG(s) 'example_dynamic_task_mapping' retrieved from /home/usmail/sys_fraud/sys_detection_frauds/lib/python3.12/site-packages/airflow/example_dags/example_dynamic_task_mapping.py
[2025-03-21T21:23:42.925+0000] {logging_mixin.py:190} INFO - [2025-03-21T21:23:42.924+0000] {dag.py:3239} INFO - Sync 1 DAGs
[2025-03-21T21:23:42.941+0000] {logging_mixin.py:190} INFO - [2025-03-21T21:23:42.941+0000] {dag.py:4180} INFO - Setting next_dagrun for example_dynamic_task_mapping to None, run_after=None
[2025-03-21T21:23:42.957+0000] {processor.py:208} INFO - Processing /home/usmail/sys_fraud/sys_detection_frauds/lib/python3.12/site-packages/airflow/example_dags/example_dynamic_task_mapping.py took 0.093 seconds
[2025-03-21T21:24:45.116+0000] {processor.py:186} INFO - Started process (PID=3752373) to work on /home/usmail/sys_fraud/sys_detection_frauds/lib/python3.12/site-packages/airflow/example_dags/example_dynamic_task_mapping.py
[2025-03-21T21:24:45.118+0000] {processor.py:914} INFO - Processing file /home/usmail/sys_fraud/sys_detection_frauds/lib/python3.12/site-packages/airflow/example_dags/example_dynamic_task_mapping.py for tasks to queue
[2025-03-21T21:24:45.121+0000] {logging_mixin.py:190} INFO - [2025-03-21T21:24:45.120+0000] {dagbag.py:588} INFO - Filling up the DagBag from /home/usmail/sys_fraud/sys_detection_frauds/lib/python3.12/site-packages/airflow/example_dags/example_dynamic_task_mapping.py
[2025-03-21T21:24:45.134+0000] {processor.py:925} INFO - DAG(s) 'example_dynamic_task_mapping' retrieved from /home/usmail/sys_fraud/sys_detection_frauds/lib/python3.12/site-packages/airflow/example_dags/example_dynamic_task_mapping.py
[2025-03-21T21:24:45.156+0000] {logging_mixin.py:190} INFO - [2025-03-21T21:24:45.155+0000] {dag.py:3239} INFO - Sync 1 DAGs
[2025-03-21T21:24:45.172+0000] {logging_mixin.py:190} INFO - [2025-03-21T21:24:45.171+0000] {dag.py:4180} INFO - Setting next_dagrun for example_dynamic_task_mapping to None, run_after=None
[2025-03-21T21:24:45.190+0000] {processor.py:208} INFO - Processing /home/usmail/sys_fraud/sys_detection_frauds/lib/python3.12/site-packages/airflow/example_dags/example_dynamic_task_mapping.py took 0.086 seconds
[2025-03-21T21:25:49.077+0000] {processor.py:186} INFO - Started process (PID=3753066) to work on /home/usmail/sys_fraud/sys_detection_frauds/lib/python3.12/site-packages/airflow/example_dags/example_dynamic_task_mapping.py
[2025-03-21T21:25:49.086+0000] {processor.py:914} INFO - Processing file /home/usmail/sys_fraud/sys_detection_frauds/lib/python3.12/site-packages/airflow/example_dags/example_dynamic_task_mapping.py for tasks to queue
[2025-03-21T21:25:49.089+0000] {logging_mixin.py:190} INFO - [2025-03-21T21:25:49.089+0000] {dagbag.py:588} INFO - Filling up the DagBag from /home/usmail/sys_fraud/sys_detection_frauds/lib/python3.12/site-packages/airflow/example_dags/example_dynamic_task_mapping.py
[2025-03-21T21:25:49.102+0000] {processor.py:925} INFO - DAG(s) 'example_dynamic_task_mapping' retrieved from /home/usmail/sys_fraud/sys_detection_frauds/lib/python3.12/site-packages/airflow/example_dags/example_dynamic_task_mapping.py
[2025-03-21T21:25:49.123+0000] {logging_mixin.py:190} INFO - [2025-03-21T21:25:49.123+0000] {dag.py:3239} INFO - Sync 1 DAGs
[2025-03-21T21:25:49.140+0000] {logging_mixin.py:190} INFO - [2025-03-21T21:25:49.140+0000] {dag.py:4180} INFO - Setting next_dagrun for example_dynamic_task_mapping to None, run_after=None
[2025-03-21T21:25:49.156+0000] {processor.py:208} INFO - Processing /home/usmail/sys_fraud/sys_detection_frauds/lib/python3.12/site-packages/airflow/example_dags/example_dynamic_task_mapping.py took 0.091 seconds
[2025-03-21T21:26:52.541+0000] {processor.py:186} INFO - Started process (PID=3753739) to work on /home/usmail/sys_fraud/sys_detection_frauds/lib/python3.12/site-packages/airflow/example_dags/example_dynamic_task_mapping.py
[2025-03-21T21:26:52.551+0000] {processor.py:914} INFO - Processing file /home/usmail/sys_fraud/sys_detection_frauds/lib/python3.12/site-packages/airflow/example_dags/example_dynamic_task_mapping.py for tasks to queue
[2025-03-21T21:26:52.555+0000] {logging_mixin.py:190} INFO - [2025-03-21T21:26:52.554+0000] {dagbag.py:588} INFO - Filling up the DagBag from /home/usmail/sys_fraud/sys_detection_frauds/lib/python3.12/site-packages/airflow/example_dags/example_dynamic_task_mapping.py
[2025-03-21T21:26:52.570+0000] {processor.py:925} INFO - DAG(s) 'example_dynamic_task_mapping' retrieved from /home/usmail/sys_fraud/sys_detection_frauds/lib/python3.12/site-packages/airflow/example_dags/example_dynamic_task_mapping.py
[2025-03-21T21:26:52.591+0000] {logging_mixin.py:190} INFO - [2025-03-21T21:26:52.591+0000] {dag.py:3239} INFO - Sync 1 DAGs
[2025-03-21T21:26:52.605+0000] {logging_mixin.py:190} INFO - [2025-03-21T21:26:52.605+0000] {dag.py:4180} INFO - Setting next_dagrun for example_dynamic_task_mapping to None, run_after=None
[2025-03-21T21:26:52.622+0000] {processor.py:208} INFO - Processing /home/usmail/sys_fraud/sys_detection_frauds/lib/python3.12/site-packages/airflow/example_dags/example_dynamic_task_mapping.py took 0.092 seconds
[2025-03-21T21:27:54.847+0000] {processor.py:186} INFO - Started process (PID=3754376) to work on /home/usmail/sys_fraud/sys_detection_frauds/lib/python3.12/site-packages/airflow/example_dags/example_dynamic_task_mapping.py
[2025-03-21T21:27:54.856+0000] {processor.py:914} INFO - Processing file /home/usmail/sys_fraud/sys_detection_frauds/lib/python3.12/site-packages/airflow/example_dags/example_dynamic_task_mapping.py for tasks to queue
[2025-03-21T21:27:54.859+0000] {logging_mixin.py:190} INFO - [2025-03-21T21:27:54.859+0000] {dagbag.py:588} INFO - Filling up the DagBag from /home/usmail/sys_fraud/sys_detection_frauds/lib/python3.12/site-packages/airflow/example_dags/example_dynamic_task_mapping.py
[2025-03-21T21:27:54.873+0000] {processor.py:925} INFO - DAG(s) 'example_dynamic_task_mapping' retrieved from /home/usmail/sys_fraud/sys_detection_frauds/lib/python3.12/site-packages/airflow/example_dags/example_dynamic_task_mapping.py
[2025-03-21T21:27:54.895+0000] {logging_mixin.py:190} INFO - [2025-03-21T21:27:54.894+0000] {dag.py:3239} INFO - Sync 1 DAGs
[2025-03-21T21:27:54.910+0000] {logging_mixin.py:190} INFO - [2025-03-21T21:27:54.909+0000] {dag.py:4180} INFO - Setting next_dagrun for example_dynamic_task_mapping to None, run_after=None
[2025-03-21T21:27:54.944+0000] {processor.py:208} INFO - Processing /home/usmail/sys_fraud/sys_detection_frauds/lib/python3.12/site-packages/airflow/example_dags/example_dynamic_task_mapping.py took 0.108 seconds
[2025-03-21T21:28:54.882+0000] {processor.py:186} INFO - Started process (PID=3755009) to work on /home/usmail/sys_fraud/sys_detection_frauds/lib/python3.12/site-packages/airflow/example_dags/example_dynamic_task_mapping.py
[2025-03-21T21:28:54.891+0000] {processor.py:914} INFO - Processing file /home/usmail/sys_fraud/sys_detection_frauds/lib/python3.12/site-packages/airflow/example_dags/example_dynamic_task_mapping.py for tasks to queue
[2025-03-21T21:28:54.895+0000] {logging_mixin.py:190} INFO - [2025-03-21T21:28:54.894+0000] {dagbag.py:588} INFO - Filling up the DagBag from /home/usmail/sys_fraud/sys_detection_frauds/lib/python3.12/site-packages/airflow/example_dags/example_dynamic_task_mapping.py
[2025-03-21T21:28:54.908+0000] {processor.py:925} INFO - DAG(s) 'example_dynamic_task_mapping' retrieved from /home/usmail/sys_fraud/sys_detection_frauds/lib/python3.12/site-packages/airflow/example_dags/example_dynamic_task_mapping.py
[2025-03-21T21:28:54.930+0000] {logging_mixin.py:190} INFO - [2025-03-21T21:28:54.929+0000] {dag.py:3239} INFO - Sync 1 DAGs
[2025-03-21T21:28:54.947+0000] {logging_mixin.py:190} INFO - [2025-03-21T21:28:54.947+0000] {dag.py:4180} INFO - Setting next_dagrun for example_dynamic_task_mapping to None, run_after=None
[2025-03-21T21:28:54.965+0000] {processor.py:208} INFO - Processing /home/usmail/sys_fraud/sys_detection_frauds/lib/python3.12/site-packages/airflow/example_dags/example_dynamic_task_mapping.py took 0.095 seconds
[2025-03-21T21:29:58.287+0000] {processor.py:186} INFO - Started process (PID=3755665) to work on /home/usmail/sys_fraud/sys_detection_frauds/lib/python3.12/site-packages/airflow/example_dags/example_dynamic_task_mapping.py
[2025-03-21T21:29:58.296+0000] {processor.py:914} INFO - Processing file /home/usmail/sys_fraud/sys_detection_frauds/lib/python3.12/site-packages/airflow/example_dags/example_dynamic_task_mapping.py for tasks to queue
[2025-03-21T21:29:58.299+0000] {logging_mixin.py:190} INFO - [2025-03-21T21:29:58.299+0000] {dagbag.py:588} INFO - Filling up the DagBag from /home/usmail/sys_fraud/sys_detection_frauds/lib/python3.12/site-packages/airflow/example_dags/example_dynamic_task_mapping.py
[2025-03-21T21:29:58.312+0000] {processor.py:925} INFO - DAG(s) 'example_dynamic_task_mapping' retrieved from /home/usmail/sys_fraud/sys_detection_frauds/lib/python3.12/site-packages/airflow/example_dags/example_dynamic_task_mapping.py
[2025-03-21T21:29:58.335+0000] {logging_mixin.py:190} INFO - [2025-03-21T21:29:58.335+0000] {dag.py:3239} INFO - Sync 1 DAGs
[2025-03-21T21:29:58.353+0000] {logging_mixin.py:190} INFO - [2025-03-21T21:29:58.352+0000] {dag.py:4180} INFO - Setting next_dagrun for example_dynamic_task_mapping to None, run_after=None
[2025-03-21T21:29:58.370+0000] {processor.py:208} INFO - Processing /home/usmail/sys_fraud/sys_detection_frauds/lib/python3.12/site-packages/airflow/example_dags/example_dynamic_task_mapping.py took 0.095 seconds
[2025-03-21T21:31:05.331+0000] {processor.py:186} INFO - Started process (PID=3756368) to work on /home/usmail/sys_fraud/sys_detection_frauds/lib/python3.12/site-packages/airflow/example_dags/example_dynamic_task_mapping.py
[2025-03-21T21:31:05.341+0000] {processor.py:914} INFO - Processing file /home/usmail/sys_fraud/sys_detection_frauds/lib/python3.12/site-packages/airflow/example_dags/example_dynamic_task_mapping.py for tasks to queue
[2025-03-21T21:31:05.344+0000] {logging_mixin.py:190} INFO - [2025-03-21T21:31:05.343+0000] {dagbag.py:588} INFO - Filling up the DagBag from /home/usmail/sys_fraud/sys_detection_frauds/lib/python3.12/site-packages/airflow/example_dags/example_dynamic_task_mapping.py
[2025-03-21T21:31:05.356+0000] {processor.py:925} INFO - DAG(s) 'example_dynamic_task_mapping' retrieved from /home/usmail/sys_fraud/sys_detection_frauds/lib/python3.12/site-packages/airflow/example_dags/example_dynamic_task_mapping.py
[2025-03-21T21:31:05.379+0000] {logging_mixin.py:190} INFO - [2025-03-21T21:31:05.379+0000] {dag.py:3239} INFO - Sync 1 DAGs
[2025-03-21T21:31:05.398+0000] {logging_mixin.py:190} INFO - [2025-03-21T21:31:05.397+0000] {dag.py:4180} INFO - Setting next_dagrun for example_dynamic_task_mapping to None, run_after=None
[2025-03-21T21:31:05.415+0000] {processor.py:208} INFO - Processing /home/usmail/sys_fraud/sys_detection_frauds/lib/python3.12/site-packages/airflow/example_dags/example_dynamic_task_mapping.py took 0.096 seconds
[2025-03-21T21:32:10.258+0000] {processor.py:186} INFO - Started process (PID=3757052) to work on /home/usmail/sys_fraud/sys_detection_frauds/lib/python3.12/site-packages/airflow/example_dags/example_dynamic_task_mapping.py
[2025-03-21T21:32:10.267+0000] {processor.py:914} INFO - Processing file /home/usmail/sys_fraud/sys_detection_frauds/lib/python3.12/site-packages/airflow/example_dags/example_dynamic_task_mapping.py for tasks to queue
[2025-03-21T21:32:10.270+0000] {logging_mixin.py:190} INFO - [2025-03-21T21:32:10.269+0000] {dagbag.py:588} INFO - Filling up the DagBag from /home/usmail/sys_fraud/sys_detection_frauds/lib/python3.12/site-packages/airflow/example_dags/example_dynamic_task_mapping.py
[2025-03-21T21:32:10.283+0000] {processor.py:925} INFO - DAG(s) 'example_dynamic_task_mapping' retrieved from /home/usmail/sys_fraud/sys_detection_frauds/lib/python3.12/site-packages/airflow/example_dags/example_dynamic_task_mapping.py
[2025-03-21T21:32:10.304+0000] {logging_mixin.py:190} INFO - [2025-03-21T21:32:10.304+0000] {dag.py:3239} INFO - Sync 1 DAGs
[2025-03-21T21:32:10.322+0000] {logging_mixin.py:190} INFO - [2025-03-21T21:32:10.321+0000] {dag.py:4180} INFO - Setting next_dagrun for example_dynamic_task_mapping to None, run_after=None
[2025-03-21T21:32:10.338+0000] {processor.py:208} INFO - Processing /home/usmail/sys_fraud/sys_detection_frauds/lib/python3.12/site-packages/airflow/example_dags/example_dynamic_task_mapping.py took 0.092 seconds
[2025-03-21T21:33:12.467+0000] {processor.py:186} INFO - Started process (PID=3757707) to work on /home/usmail/sys_fraud/sys_detection_frauds/lib/python3.12/site-packages/airflow/example_dags/example_dynamic_task_mapping.py
[2025-03-21T21:33:12.468+0000] {processor.py:914} INFO - Processing file /home/usmail/sys_fraud/sys_detection_frauds/lib/python3.12/site-packages/airflow/example_dags/example_dynamic_task_mapping.py for tasks to queue
[2025-03-21T21:33:12.470+0000] {logging_mixin.py:190} INFO - [2025-03-21T21:33:12.470+0000] {dagbag.py:588} INFO - Filling up the DagBag from /home/usmail/sys_fraud/sys_detection_frauds/lib/python3.12/site-packages/airflow/example_dags/example_dynamic_task_mapping.py
[2025-03-21T21:33:12.484+0000] {processor.py:925} INFO - DAG(s) 'example_dynamic_task_mapping' retrieved from /home/usmail/sys_fraud/sys_detection_frauds/lib/python3.12/site-packages/airflow/example_dags/example_dynamic_task_mapping.py
[2025-03-21T21:33:12.506+0000] {logging_mixin.py:190} INFO - [2025-03-21T21:33:12.505+0000] {dag.py:3239} INFO - Sync 1 DAGs
[2025-03-21T21:33:12.521+0000] {logging_mixin.py:190} INFO - [2025-03-21T21:33:12.520+0000] {dag.py:4180} INFO - Setting next_dagrun for example_dynamic_task_mapping to None, run_after=None
[2025-03-21T21:33:12.559+0000] {processor.py:208} INFO - Processing /home/usmail/sys_fraud/sys_detection_frauds/lib/python3.12/site-packages/airflow/example_dags/example_dynamic_task_mapping.py took 0.097 seconds
[2025-03-21T22:20:08.753+0000] {processor.py:186} INFO - Started process (PID=3759087) to work on /home/usmail/sys_fraud/sys_detection_frauds/lib/python3.12/site-packages/airflow/example_dags/example_dynamic_task_mapping.py
[2025-03-21T22:20:08.763+0000] {processor.py:914} INFO - Processing file /home/usmail/sys_fraud/sys_detection_frauds/lib/python3.12/site-packages/airflow/example_dags/example_dynamic_task_mapping.py for tasks to queue
[2025-03-21T22:20:08.766+0000] {logging_mixin.py:190} INFO - [2025-03-21T22:20:08.765+0000] {dagbag.py:588} INFO - Filling up the DagBag from /home/usmail/sys_fraud/sys_detection_frauds/lib/python3.12/site-packages/airflow/example_dags/example_dynamic_task_mapping.py
[2025-03-21T22:20:08.777+0000] {processor.py:925} INFO - DAG(s) 'example_dynamic_task_mapping' retrieved from /home/usmail/sys_fraud/sys_detection_frauds/lib/python3.12/site-packages/airflow/example_dags/example_dynamic_task_mapping.py
[2025-03-21T22:20:08.794+0000] {logging_mixin.py:190} INFO - [2025-03-21T22:20:08.794+0000] {dag.py:3239} INFO - Sync 1 DAGs
[2025-03-21T22:20:08.806+0000] {logging_mixin.py:190} INFO - [2025-03-21T22:20:08.806+0000] {dag.py:4180} INFO - Setting next_dagrun for example_dynamic_task_mapping to None, run_after=None
[2025-03-21T22:20:08.851+0000] {processor.py:208} INFO - Processing /home/usmail/sys_fraud/sys_detection_frauds/lib/python3.12/site-packages/airflow/example_dags/example_dynamic_task_mapping.py took 0.115 seconds
[2025-03-21T22:21:13.648+0000] {processor.py:186} INFO - Started process (PID=3760040) to work on /home/usmail/sys_fraud/sys_detection_frauds/lib/python3.12/site-packages/airflow/example_dags/example_dynamic_task_mapping.py
[2025-03-21T22:21:13.657+0000] {processor.py:914} INFO - Processing file /home/usmail/sys_fraud/sys_detection_frauds/lib/python3.12/site-packages/airflow/example_dags/example_dynamic_task_mapping.py for tasks to queue
[2025-03-21T22:21:13.659+0000] {logging_mixin.py:190} INFO - [2025-03-21T22:21:13.658+0000] {dagbag.py:588} INFO - Filling up the DagBag from /home/usmail/sys_fraud/sys_detection_frauds/lib/python3.12/site-packages/airflow/example_dags/example_dynamic_task_mapping.py
[2025-03-21T22:21:13.675+0000] {processor.py:925} INFO - DAG(s) 'example_dynamic_task_mapping' retrieved from /home/usmail/sys_fraud/sys_detection_frauds/lib/python3.12/site-packages/airflow/example_dags/example_dynamic_task_mapping.py
[2025-03-21T22:21:13.695+0000] {logging_mixin.py:190} INFO - [2025-03-21T22:21:13.695+0000] {dag.py:3239} INFO - Sync 1 DAGs
[2025-03-21T22:21:13.707+0000] {logging_mixin.py:190} INFO - [2025-03-21T22:21:13.707+0000] {dag.py:4180} INFO - Setting next_dagrun for example_dynamic_task_mapping to None, run_after=None
[2025-03-21T22:21:13.723+0000] {processor.py:208} INFO - Processing /home/usmail/sys_fraud/sys_detection_frauds/lib/python3.12/site-packages/airflow/example_dags/example_dynamic_task_mapping.py took 0.086 seconds
[2025-03-21T22:22:14.601+0000] {processor.py:186} INFO - Started process (PID=3761063) to work on /home/usmail/sys_fraud/sys_detection_frauds/lib/python3.12/site-packages/airflow/example_dags/example_dynamic_task_mapping.py
[2025-03-21T22:22:14.604+0000] {processor.py:914} INFO - Processing file /home/usmail/sys_fraud/sys_detection_frauds/lib/python3.12/site-packages/airflow/example_dags/example_dynamic_task_mapping.py for tasks to queue
[2025-03-21T22:22:14.607+0000] {logging_mixin.py:190} INFO - [2025-03-21T22:22:14.606+0000] {dagbag.py:588} INFO - Filling up the DagBag from /home/usmail/sys_fraud/sys_detection_frauds/lib/python3.12/site-packages/airflow/example_dags/example_dynamic_task_mapping.py
[2025-03-21T22:22:14.627+0000] {processor.py:925} INFO - DAG(s) 'example_dynamic_task_mapping' retrieved from /home/usmail/sys_fraud/sys_detection_frauds/lib/python3.12/site-packages/airflow/example_dags/example_dynamic_task_mapping.py
[2025-03-21T22:22:14.649+0000] {logging_mixin.py:190} INFO - [2025-03-21T22:22:14.649+0000] {dag.py:3239} INFO - Sync 1 DAGs
[2025-03-21T22:22:14.661+0000] {logging_mixin.py:190} INFO - [2025-03-21T22:22:14.661+0000] {dag.py:4180} INFO - Setting next_dagrun for example_dynamic_task_mapping to None, run_after=None
[2025-03-21T22:22:14.679+0000] {processor.py:208} INFO - Processing /home/usmail/sys_fraud/sys_detection_frauds/lib/python3.12/site-packages/airflow/example_dags/example_dynamic_task_mapping.py took 0.091 seconds
