[2025-03-21T20:50:13.316+0000] {processor.py:186} INFO - Started process (PID=3723441) to work on /home/usmail/sys_fraud/sys_detection_frauds/lib/python3.12/site-packages/airflow/example_dags/example_branch_labels.py
[2025-03-21T20:50:13.316+0000] {processor.py:914} INFO - Processing file /home/usmail/sys_fraud/sys_detection_frauds/lib/python3.12/site-packages/airflow/example_dags/example_branch_labels.py for tasks to queue
[2025-03-21T20:50:13.318+0000] {logging_mixin.py:190} INFO - [2025-03-21T20:50:13.317+0000] {dagbag.py:588} INFO - Filling up the DagBag from /home/usmail/sys_fraud/sys_detection_frauds/lib/python3.12/site-packages/airflow/example_dags/example_branch_labels.py
[2025-03-21T20:50:13.324+0000] {processor.py:925} INFO - DAG(s) 'example_branch_labels' retrieved from /home/usmail/sys_fraud/sys_detection_frauds/lib/python3.12/site-packages/airflow/example_dags/example_branch_labels.py
[2025-03-21T20:50:13.394+0000] {logging_mixin.py:190} INFO - [2025-03-21T20:50:13.393+0000] {override.py:1912} INFO - Created Permission View: can edit on DAG:example_branch_labels
[2025-03-21T20:50:13.402+0000] {logging_mixin.py:190} INFO - [2025-03-21T20:50:13.402+0000] {override.py:1912} INFO - Created Permission View: can read on DAG:example_branch_labels
[2025-03-21T20:50:13.407+0000] {logging_mixin.py:190} INFO - [2025-03-21T20:50:13.407+0000] {override.py:1912} INFO - Created Permission View: can delete on DAG:example_branch_labels
[2025-03-21T20:50:13.418+0000] {logging_mixin.py:190} INFO - [2025-03-21T20:50:13.418+0000] {override.py:1912} INFO - Created Permission View: can create on DAG Run:example_branch_labels
[2025-03-21T20:50:13.423+0000] {logging_mixin.py:190} INFO - [2025-03-21T20:50:13.423+0000] {override.py:1912} INFO - Created Permission View: menu access on DAG Run:example_branch_labels
[2025-03-21T20:50:13.428+0000] {logging_mixin.py:190} INFO - [2025-03-21T20:50:13.428+0000] {override.py:1912} INFO - Created Permission View: can read on DAG Run:example_branch_labels
[2025-03-21T20:50:13.434+0000] {logging_mixin.py:190} INFO - [2025-03-21T20:50:13.434+0000] {override.py:1912} INFO - Created Permission View: can delete on DAG Run:example_branch_labels
[2025-03-21T20:50:13.434+0000] {logging_mixin.py:190} INFO - [2025-03-21T20:50:13.434+0000] {dag.py:3239} INFO - Sync 1 DAGs
[2025-03-21T20:50:13.440+0000] {logging_mixin.py:190} INFO - [2025-03-21T20:50:13.440+0000] {dag.py:3262} INFO - Creating ORM DAG for example_branch_labels
[2025-03-21T20:50:13.447+0000] {logging_mixin.py:190} INFO - [2025-03-21T20:50:13.447+0000] {dag.py:4180} INFO - Setting next_dagrun for example_branch_labels to 2025-03-20 00:00:00+00:00, run_after=2025-03-21 00:00:00+00:00
[2025-03-21T20:50:13.458+0000] {processor.py:208} INFO - Processing /home/usmail/sys_fraud/sys_detection_frauds/lib/python3.12/site-packages/airflow/example_dags/example_branch_labels.py took 0.146 seconds
[2025-03-21T20:51:11.423+0000] {processor.py:186} INFO - Started process (PID=3724154) to work on /home/usmail/sys_fraud/sys_detection_frauds/lib/python3.12/site-packages/airflow/example_dags/example_branch_labels.py
[2025-03-21T20:51:11.423+0000] {processor.py:914} INFO - Processing file /home/usmail/sys_fraud/sys_detection_frauds/lib/python3.12/site-packages/airflow/example_dags/example_branch_labels.py for tasks to queue
[2025-03-21T20:51:11.425+0000] {logging_mixin.py:190} INFO - [2025-03-21T20:51:11.425+0000] {dagbag.py:588} INFO - Filling up the DagBag from /home/usmail/sys_fraud/sys_detection_frauds/lib/python3.12/site-packages/airflow/example_dags/example_branch_labels.py
[2025-03-21T20:51:11.432+0000] {processor.py:925} INFO - DAG(s) 'example_branch_labels' retrieved from /home/usmail/sys_fraud/sys_detection_frauds/lib/python3.12/site-packages/airflow/example_dags/example_branch_labels.py
[2025-03-21T20:51:11.440+0000] {logging_mixin.py:190} INFO - [2025-03-21T20:51:11.440+0000] {dag.py:3239} INFO - Sync 1 DAGs
[2025-03-21T20:51:11.452+0000] {logging_mixin.py:190} INFO - [2025-03-21T20:51:11.452+0000] {dag.py:4180} INFO - Setting next_dagrun for example_branch_labels to 2025-03-20 00:00:00+00:00, run_after=2025-03-21 00:00:00+00:00
[2025-03-21T20:51:11.464+0000] {processor.py:208} INFO - Processing /home/usmail/sys_fraud/sys_detection_frauds/lib/python3.12/site-packages/airflow/example_dags/example_branch_labels.py took 0.045 seconds
[2025-03-21T20:52:06.183+0000] {processor.py:186} INFO - Started process (PID=3724838) to work on /home/usmail/sys_fraud/sys_detection_frauds/lib/python3.12/site-packages/airflow/example_dags/example_branch_labels.py
[2025-03-21T20:52:06.192+0000] {processor.py:914} INFO - Processing file /home/usmail/sys_fraud/sys_detection_frauds/lib/python3.12/site-packages/airflow/example_dags/example_branch_labels.py for tasks to queue
[2025-03-21T20:52:06.194+0000] {logging_mixin.py:190} INFO - [2025-03-21T20:52:06.194+0000] {dagbag.py:588} INFO - Filling up the DagBag from /home/usmail/sys_fraud/sys_detection_frauds/lib/python3.12/site-packages/airflow/example_dags/example_branch_labels.py
[2025-03-21T20:52:06.205+0000] {processor.py:925} INFO - DAG(s) 'example_branch_labels' retrieved from /home/usmail/sys_fraud/sys_detection_frauds/lib/python3.12/site-packages/airflow/example_dags/example_branch_labels.py
[2025-03-21T20:52:06.214+0000] {logging_mixin.py:190} INFO - [2025-03-21T20:52:06.214+0000] {dag.py:3239} INFO - Sync 1 DAGs
[2025-03-21T20:52:06.227+0000] {logging_mixin.py:190} INFO - [2025-03-21T20:52:06.227+0000] {dag.py:4180} INFO - Setting next_dagrun for example_branch_labels to 2025-03-20 00:00:00+00:00, run_after=2025-03-21 00:00:00+00:00
[2025-03-21T20:52:06.239+0000] {processor.py:208} INFO - Processing /home/usmail/sys_fraud/sys_detection_frauds/lib/python3.12/site-packages/airflow/example_dags/example_branch_labels.py took 0.063 seconds
[2025-03-21T20:53:01.757+0000] {processor.py:186} INFO - Started process (PID=3725403) to work on /home/usmail/sys_fraud/sys_detection_frauds/lib/python3.12/site-packages/airflow/example_dags/example_branch_labels.py
[2025-03-21T20:53:01.766+0000] {processor.py:914} INFO - Processing file /home/usmail/sys_fraud/sys_detection_frauds/lib/python3.12/site-packages/airflow/example_dags/example_branch_labels.py for tasks to queue
[2025-03-21T20:53:01.768+0000] {logging_mixin.py:190} INFO - [2025-03-21T20:53:01.767+0000] {dagbag.py:588} INFO - Filling up the DagBag from /home/usmail/sys_fraud/sys_detection_frauds/lib/python3.12/site-packages/airflow/example_dags/example_branch_labels.py
[2025-03-21T20:53:01.774+0000] {processor.py:925} INFO - DAG(s) 'example_branch_labels' retrieved from /home/usmail/sys_fraud/sys_detection_frauds/lib/python3.12/site-packages/airflow/example_dags/example_branch_labels.py
[2025-03-21T20:53:01.783+0000] {logging_mixin.py:190} INFO - [2025-03-21T20:53:01.783+0000] {dag.py:3239} INFO - Sync 1 DAGs
[2025-03-21T20:53:01.795+0000] {logging_mixin.py:190} INFO - [2025-03-21T20:53:01.794+0000] {dag.py:4180} INFO - Setting next_dagrun for example_branch_labels to 2025-03-20 00:00:00+00:00, run_after=2025-03-21 00:00:00+00:00
[2025-03-21T20:53:01.810+0000] {processor.py:208} INFO - Processing /home/usmail/sys_fraud/sys_detection_frauds/lib/python3.12/site-packages/airflow/example_dags/example_branch_labels.py took 0.060 seconds
[2025-03-21T20:54:21.794+0000] {processor.py:186} INFO - Started process (PID=3726436) to work on /home/usmail/sys_fraud/sys_detection_frauds/lib/python3.12/site-packages/airflow/example_dags/example_branch_labels.py
[2025-03-21T20:54:21.803+0000] {processor.py:914} INFO - Processing file /home/usmail/sys_fraud/sys_detection_frauds/lib/python3.12/site-packages/airflow/example_dags/example_branch_labels.py for tasks to queue
[2025-03-21T20:54:21.806+0000] {logging_mixin.py:190} INFO - [2025-03-21T20:54:21.806+0000] {dagbag.py:588} INFO - Filling up the DagBag from /home/usmail/sys_fraud/sys_detection_frauds/lib/python3.12/site-packages/airflow/example_dags/example_branch_labels.py
[2025-03-21T20:54:21.816+0000] {processor.py:925} INFO - DAG(s) 'example_branch_labels' retrieved from /home/usmail/sys_fraud/sys_detection_frauds/lib/python3.12/site-packages/airflow/example_dags/example_branch_labels.py
[2025-03-21T20:54:21.828+0000] {logging_mixin.py:190} INFO - [2025-03-21T20:54:21.827+0000] {dag.py:3239} INFO - Sync 1 DAGs
[2025-03-21T20:54:21.920+0000] {logging_mixin.py:190} INFO - [2025-03-21T20:54:21.920+0000] {dag.py:4180} INFO - Setting next_dagrun for example_branch_labels to 2025-03-20 00:00:00+00:00, run_after=2025-03-21 00:00:00+00:00
[2025-03-21T20:54:21.933+0000] {processor.py:208} INFO - Processing /home/usmail/sys_fraud/sys_detection_frauds/lib/python3.12/site-packages/airflow/example_dags/example_branch_labels.py took 0.146 seconds
[2025-03-21T20:55:38.122+0000] {processor.py:186} INFO - Started process (PID=3727368) to work on /home/usmail/sys_fraud/sys_detection_frauds/lib/python3.12/site-packages/airflow/example_dags/example_branch_labels.py
[2025-03-21T20:55:38.132+0000] {processor.py:914} INFO - Processing file /home/usmail/sys_fraud/sys_detection_frauds/lib/python3.12/site-packages/airflow/example_dags/example_branch_labels.py for tasks to queue
[2025-03-21T20:55:38.135+0000] {logging_mixin.py:190} INFO - [2025-03-21T20:55:38.134+0000] {dagbag.py:588} INFO - Filling up the DagBag from /home/usmail/sys_fraud/sys_detection_frauds/lib/python3.12/site-packages/airflow/example_dags/example_branch_labels.py
[2025-03-21T20:55:38.146+0000] {processor.py:925} INFO - DAG(s) 'example_branch_labels' retrieved from /home/usmail/sys_fraud/sys_detection_frauds/lib/python3.12/site-packages/airflow/example_dags/example_branch_labels.py
[2025-03-21T20:55:38.156+0000] {logging_mixin.py:190} INFO - [2025-03-21T20:55:38.156+0000] {dag.py:3239} INFO - Sync 1 DAGs
[2025-03-21T20:55:38.169+0000] {logging_mixin.py:190} INFO - [2025-03-21T20:55:38.169+0000] {dag.py:4180} INFO - Setting next_dagrun for example_branch_labels to 2025-03-20 00:00:00+00:00, run_after=2025-03-21 00:00:00+00:00
[2025-03-21T20:55:38.181+0000] {processor.py:208} INFO - Processing /home/usmail/sys_fraud/sys_detection_frauds/lib/python3.12/site-packages/airflow/example_dags/example_branch_labels.py took 0.066 seconds
[2025-03-21T20:56:55.254+0000] {processor.py:186} INFO - Started process (PID=3728490) to work on /home/usmail/sys_fraud/sys_detection_frauds/lib/python3.12/site-packages/airflow/example_dags/example_branch_labels.py
[2025-03-21T20:56:55.263+0000] {processor.py:914} INFO - Processing file /home/usmail/sys_fraud/sys_detection_frauds/lib/python3.12/site-packages/airflow/example_dags/example_branch_labels.py for tasks to queue
[2025-03-21T20:56:55.267+0000] {logging_mixin.py:190} INFO - [2025-03-21T20:56:55.266+0000] {dagbag.py:588} INFO - Filling up the DagBag from /home/usmail/sys_fraud/sys_detection_frauds/lib/python3.12/site-packages/airflow/example_dags/example_branch_labels.py
[2025-03-21T20:56:55.278+0000] {processor.py:925} INFO - DAG(s) 'example_branch_labels' retrieved from /home/usmail/sys_fraud/sys_detection_frauds/lib/python3.12/site-packages/airflow/example_dags/example_branch_labels.py
[2025-03-21T20:56:55.286+0000] {logging_mixin.py:190} INFO - [2025-03-21T20:56:55.286+0000] {dag.py:3239} INFO - Sync 1 DAGs
[2025-03-21T20:56:55.298+0000] {logging_mixin.py:190} INFO - [2025-03-21T20:56:55.298+0000] {dag.py:4180} INFO - Setting next_dagrun for example_branch_labels to 2025-03-20 00:00:00+00:00, run_after=2025-03-21 00:00:00+00:00
[2025-03-21T20:56:55.315+0000] {processor.py:208} INFO - Processing /home/usmail/sys_fraud/sys_detection_frauds/lib/python3.12/site-packages/airflow/example_dags/example_branch_labels.py took 0.069 seconds
[2025-03-21T20:58:11.756+0000] {processor.py:186} INFO - Started process (PID=3729376) to work on /home/usmail/sys_fraud/sys_detection_frauds/lib/python3.12/site-packages/airflow/example_dags/example_branch_labels.py
[2025-03-21T20:58:11.765+0000] {processor.py:914} INFO - Processing file /home/usmail/sys_fraud/sys_detection_frauds/lib/python3.12/site-packages/airflow/example_dags/example_branch_labels.py for tasks to queue
[2025-03-21T20:58:11.768+0000] {logging_mixin.py:190} INFO - [2025-03-21T20:58:11.768+0000] {dagbag.py:588} INFO - Filling up the DagBag from /home/usmail/sys_fraud/sys_detection_frauds/lib/python3.12/site-packages/airflow/example_dags/example_branch_labels.py
[2025-03-21T20:58:11.779+0000] {processor.py:925} INFO - DAG(s) 'example_branch_labels' retrieved from /home/usmail/sys_fraud/sys_detection_frauds/lib/python3.12/site-packages/airflow/example_dags/example_branch_labels.py
[2025-03-21T20:58:11.788+0000] {logging_mixin.py:190} INFO - [2025-03-21T20:58:11.788+0000] {dag.py:3239} INFO - Sync 1 DAGs
[2025-03-21T20:58:11.801+0000] {logging_mixin.py:190} INFO - [2025-03-21T20:58:11.801+0000] {dag.py:4180} INFO - Setting next_dagrun for example_branch_labels to 2025-03-20 00:00:00+00:00, run_after=2025-03-21 00:00:00+00:00
[2025-03-21T20:58:11.825+0000] {processor.py:208} INFO - Processing /home/usmail/sys_fraud/sys_detection_frauds/lib/python3.12/site-packages/airflow/example_dags/example_branch_labels.py took 0.076 seconds
[2025-03-21T21:00:02.434+0000] {processor.py:186} INFO - Started process (PID=3730896) to work on /home/usmail/sys_fraud/sys_detection_frauds/lib/python3.12/site-packages/airflow/example_dags/example_branch_labels.py
[2025-03-21T21:00:02.435+0000] {processor.py:914} INFO - Processing file /home/usmail/sys_fraud/sys_detection_frauds/lib/python3.12/site-packages/airflow/example_dags/example_branch_labels.py for tasks to queue
[2025-03-21T21:00:02.437+0000] {logging_mixin.py:190} INFO - [2025-03-21T21:00:02.437+0000] {dagbag.py:588} INFO - Filling up the DagBag from /home/usmail/sys_fraud/sys_detection_frauds/lib/python3.12/site-packages/airflow/example_dags/example_branch_labels.py
[2025-03-21T21:00:02.443+0000] {processor.py:925} INFO - DAG(s) 'example_branch_labels' retrieved from /home/usmail/sys_fraud/sys_detection_frauds/lib/python3.12/site-packages/airflow/example_dags/example_branch_labels.py
[2025-03-21T21:00:02.453+0000] {logging_mixin.py:190} INFO - [2025-03-21T21:00:02.452+0000] {dag.py:3239} INFO - Sync 1 DAGs
[2025-03-21T21:00:02.464+0000] {logging_mixin.py:190} INFO - [2025-03-21T21:00:02.464+0000] {dag.py:4180} INFO - Setting next_dagrun for example_branch_labels to 2025-03-20 00:00:00+00:00, run_after=2025-03-21 00:00:00+00:00
[2025-03-21T21:00:02.488+0000] {processor.py:208} INFO - Processing /home/usmail/sys_fraud/sys_detection_frauds/lib/python3.12/site-packages/airflow/example_dags/example_branch_labels.py took 0.061 seconds
[2025-03-21T21:01:00.036+0000] {processor.py:186} INFO - Started process (PID=3731648) to work on /home/usmail/sys_fraud/sys_detection_frauds/lib/python3.12/site-packages/airflow/example_dags/example_branch_labels.py
[2025-03-21T21:01:00.045+0000] {processor.py:914} INFO - Processing file /home/usmail/sys_fraud/sys_detection_frauds/lib/python3.12/site-packages/airflow/example_dags/example_branch_labels.py for tasks to queue
[2025-03-21T21:01:00.046+0000] {logging_mixin.py:190} INFO - [2025-03-21T21:01:00.046+0000] {dagbag.py:588} INFO - Filling up the DagBag from /home/usmail/sys_fraud/sys_detection_frauds/lib/python3.12/site-packages/airflow/example_dags/example_branch_labels.py
[2025-03-21T21:01:00.053+0000] {processor.py:925} INFO - DAG(s) 'example_branch_labels' retrieved from /home/usmail/sys_fraud/sys_detection_frauds/lib/python3.12/site-packages/airflow/example_dags/example_branch_labels.py
[2025-03-21T21:01:00.064+0000] {logging_mixin.py:190} INFO - [2025-03-21T21:01:00.064+0000] {dag.py:3239} INFO - Sync 1 DAGs
[2025-03-21T21:01:00.081+0000] {logging_mixin.py:190} INFO - [2025-03-21T21:01:00.081+0000] {dag.py:4180} INFO - Setting next_dagrun for example_branch_labels to 2025-03-20 00:00:00+00:00, run_after=2025-03-21 00:00:00+00:00
[2025-03-21T21:01:00.108+0000] {processor.py:208} INFO - Processing /home/usmail/sys_fraud/sys_detection_frauds/lib/python3.12/site-packages/airflow/example_dags/example_branch_labels.py took 0.076 seconds
[2025-03-21T21:01:55.501+0000] {processor.py:186} INFO - Started process (PID=3732343) to work on /home/usmail/sys_fraud/sys_detection_frauds/lib/python3.12/site-packages/airflow/example_dags/example_branch_labels.py
[2025-03-21T21:01:55.510+0000] {processor.py:914} INFO - Processing file /home/usmail/sys_fraud/sys_detection_frauds/lib/python3.12/site-packages/airflow/example_dags/example_branch_labels.py for tasks to queue
[2025-03-21T21:01:55.513+0000] {logging_mixin.py:190} INFO - [2025-03-21T21:01:55.513+0000] {dagbag.py:588} INFO - Filling up the DagBag from /home/usmail/sys_fraud/sys_detection_frauds/lib/python3.12/site-packages/airflow/example_dags/example_branch_labels.py
[2025-03-21T21:01:55.524+0000] {processor.py:925} INFO - DAG(s) 'example_branch_labels' retrieved from /home/usmail/sys_fraud/sys_detection_frauds/lib/python3.12/site-packages/airflow/example_dags/example_branch_labels.py
[2025-03-21T21:01:55.533+0000] {logging_mixin.py:190} INFO - [2025-03-21T21:01:55.533+0000] {dag.py:3239} INFO - Sync 1 DAGs
[2025-03-21T21:01:55.545+0000] {logging_mixin.py:190} INFO - [2025-03-21T21:01:55.544+0000] {dag.py:4180} INFO - Setting next_dagrun for example_branch_labels to 2025-03-20 00:00:00+00:00, run_after=2025-03-21 00:00:00+00:00
[2025-03-21T21:01:55.559+0000] {processor.py:208} INFO - Processing /home/usmail/sys_fraud/sys_detection_frauds/lib/python3.12/site-packages/airflow/example_dags/example_branch_labels.py took 0.065 seconds
[2025-03-21T21:02:51.371+0000] {processor.py:186} INFO - Started process (PID=3733005) to work on /home/usmail/sys_fraud/sys_detection_frauds/lib/python3.12/site-packages/airflow/example_dags/example_branch_labels.py
[2025-03-21T21:02:51.380+0000] {processor.py:914} INFO - Processing file /home/usmail/sys_fraud/sys_detection_frauds/lib/python3.12/site-packages/airflow/example_dags/example_branch_labels.py for tasks to queue
[2025-03-21T21:02:51.381+0000] {logging_mixin.py:190} INFO - [2025-03-21T21:02:51.381+0000] {dagbag.py:588} INFO - Filling up the DagBag from /home/usmail/sys_fraud/sys_detection_frauds/lib/python3.12/site-packages/airflow/example_dags/example_branch_labels.py
[2025-03-21T21:02:51.387+0000] {processor.py:925} INFO - DAG(s) 'example_branch_labels' retrieved from /home/usmail/sys_fraud/sys_detection_frauds/lib/python3.12/site-packages/airflow/example_dags/example_branch_labels.py
[2025-03-21T21:02:51.396+0000] {logging_mixin.py:190} INFO - [2025-03-21T21:02:51.396+0000] {dag.py:3239} INFO - Sync 1 DAGs
[2025-03-21T21:02:51.409+0000] {logging_mixin.py:190} INFO - [2025-03-21T21:02:51.409+0000] {dag.py:4180} INFO - Setting next_dagrun for example_branch_labels to 2025-03-20 00:00:00+00:00, run_after=2025-03-21 00:00:00+00:00
[2025-03-21T21:02:51.428+0000] {processor.py:208} INFO - Processing /home/usmail/sys_fraud/sys_detection_frauds/lib/python3.12/site-packages/airflow/example_dags/example_branch_labels.py took 0.062 seconds
[2025-03-21T21:04:13.928+0000] {processor.py:186} INFO - Started process (PID=3734100) to work on /home/usmail/sys_fraud/sys_detection_frauds/lib/python3.12/site-packages/airflow/example_dags/example_branch_labels.py
[2025-03-21T21:04:13.929+0000] {processor.py:914} INFO - Processing file /home/usmail/sys_fraud/sys_detection_frauds/lib/python3.12/site-packages/airflow/example_dags/example_branch_labels.py for tasks to queue
[2025-03-21T21:04:13.932+0000] {logging_mixin.py:190} INFO - [2025-03-21T21:04:13.931+0000] {dagbag.py:588} INFO - Filling up the DagBag from /home/usmail/sys_fraud/sys_detection_frauds/lib/python3.12/site-packages/airflow/example_dags/example_branch_labels.py
[2025-03-21T21:04:13.940+0000] {processor.py:925} INFO - DAG(s) 'example_branch_labels' retrieved from /home/usmail/sys_fraud/sys_detection_frauds/lib/python3.12/site-packages/airflow/example_dags/example_branch_labels.py
[2025-03-21T21:04:13.949+0000] {logging_mixin.py:190} INFO - [2025-03-21T21:04:13.949+0000] {dag.py:3239} INFO - Sync 1 DAGs
[2025-03-21T21:04:14.040+0000] {logging_mixin.py:190} INFO - [2025-03-21T21:04:14.040+0000] {dag.py:4180} INFO - Setting next_dagrun for example_branch_labels to 2025-03-20 00:00:00+00:00, run_after=2025-03-21 00:00:00+00:00
[2025-03-21T21:04:14.052+0000] {processor.py:208} INFO - Processing /home/usmail/sys_fraud/sys_detection_frauds/lib/python3.12/site-packages/airflow/example_dags/example_branch_labels.py took 0.132 seconds
[2025-03-21T21:05:08.769+0000] {processor.py:186} INFO - Started process (PID=3734960) to work on /home/usmail/sys_fraud/sys_detection_frauds/lib/python3.12/site-packages/airflow/example_dags/example_branch_labels.py
[2025-03-21T21:05:08.770+0000] {processor.py:914} INFO - Processing file /home/usmail/sys_fraud/sys_detection_frauds/lib/python3.12/site-packages/airflow/example_dags/example_branch_labels.py for tasks to queue
[2025-03-21T21:05:08.771+0000] {logging_mixin.py:190} INFO - [2025-03-21T21:05:08.771+0000] {dagbag.py:588} INFO - Filling up the DagBag from /home/usmail/sys_fraud/sys_detection_frauds/lib/python3.12/site-packages/airflow/example_dags/example_branch_labels.py
[2025-03-21T21:05:08.777+0000] {processor.py:925} INFO - DAG(s) 'example_branch_labels' retrieved from /home/usmail/sys_fraud/sys_detection_frauds/lib/python3.12/site-packages/airflow/example_dags/example_branch_labels.py
[2025-03-21T21:05:08.789+0000] {logging_mixin.py:190} INFO - [2025-03-21T21:05:08.788+0000] {dag.py:3239} INFO - Sync 1 DAGs
[2025-03-21T21:05:08.808+0000] {logging_mixin.py:190} INFO - [2025-03-21T21:05:08.807+0000] {dag.py:4180} INFO - Setting next_dagrun for example_branch_labels to 2025-03-20 00:00:00+00:00, run_after=2025-03-21 00:00:00+00:00
[2025-03-21T21:05:08.831+0000] {processor.py:208} INFO - Processing /home/usmail/sys_fraud/sys_detection_frauds/lib/python3.12/site-packages/airflow/example_dags/example_branch_labels.py took 0.066 seconds
[2025-03-21T21:06:27.096+0000] {processor.py:186} INFO - Started process (PID=3736553) to work on /home/usmail/sys_fraud/sys_detection_frauds/lib/python3.12/site-packages/airflow/example_dags/example_branch_labels.py
[2025-03-21T21:06:27.105+0000] {processor.py:914} INFO - Processing file /home/usmail/sys_fraud/sys_detection_frauds/lib/python3.12/site-packages/airflow/example_dags/example_branch_labels.py for tasks to queue
[2025-03-21T21:06:27.106+0000] {logging_mixin.py:190} INFO - [2025-03-21T21:06:27.106+0000] {dagbag.py:588} INFO - Filling up the DagBag from /home/usmail/sys_fraud/sys_detection_frauds/lib/python3.12/site-packages/airflow/example_dags/example_branch_labels.py
[2025-03-21T21:06:27.114+0000] {processor.py:925} INFO - DAG(s) 'example_branch_labels' retrieved from /home/usmail/sys_fraud/sys_detection_frauds/lib/python3.12/site-packages/airflow/example_dags/example_branch_labels.py
[2025-03-21T21:06:27.122+0000] {logging_mixin.py:190} INFO - [2025-03-21T21:06:27.122+0000] {dag.py:3239} INFO - Sync 1 DAGs
[2025-03-21T21:06:27.134+0000] {logging_mixin.py:190} INFO - [2025-03-21T21:06:27.134+0000] {dag.py:4180} INFO - Setting next_dagrun for example_branch_labels to 2025-03-20 00:00:00+00:00, run_after=2025-03-21 00:00:00+00:00
[2025-03-21T21:06:27.155+0000] {processor.py:208} INFO - Processing /home/usmail/sys_fraud/sys_detection_frauds/lib/python3.12/site-packages/airflow/example_dags/example_branch_labels.py took 0.063 seconds
[2025-03-21T21:07:43.175+0000] {processor.py:186} INFO - Started process (PID=3737634) to work on /home/usmail/sys_fraud/sys_detection_frauds/lib/python3.12/site-packages/airflow/example_dags/example_branch_labels.py
[2025-03-21T21:07:43.184+0000] {processor.py:914} INFO - Processing file /home/usmail/sys_fraud/sys_detection_frauds/lib/python3.12/site-packages/airflow/example_dags/example_branch_labels.py for tasks to queue
[2025-03-21T21:07:43.185+0000] {logging_mixin.py:190} INFO - [2025-03-21T21:07:43.185+0000] {dagbag.py:588} INFO - Filling up the DagBag from /home/usmail/sys_fraud/sys_detection_frauds/lib/python3.12/site-packages/airflow/example_dags/example_branch_labels.py
[2025-03-21T21:07:43.191+0000] {processor.py:925} INFO - DAG(s) 'example_branch_labels' retrieved from /home/usmail/sys_fraud/sys_detection_frauds/lib/python3.12/site-packages/airflow/example_dags/example_branch_labels.py
[2025-03-21T21:07:43.200+0000] {logging_mixin.py:190} INFO - [2025-03-21T21:07:43.200+0000] {dag.py:3239} INFO - Sync 1 DAGs
[2025-03-21T21:07:43.212+0000] {logging_mixin.py:190} INFO - [2025-03-21T21:07:43.212+0000] {dag.py:4180} INFO - Setting next_dagrun for example_branch_labels to 2025-03-20 00:00:00+00:00, run_after=2025-03-21 00:00:00+00:00
[2025-03-21T21:07:43.225+0000] {processor.py:208} INFO - Processing /home/usmail/sys_fraud/sys_detection_frauds/lib/python3.12/site-packages/airflow/example_dags/example_branch_labels.py took 0.054 seconds
[2025-03-21T21:08:39.167+0000] {processor.py:186} INFO - Started process (PID=3738361) to work on /home/usmail/sys_fraud/sys_detection_frauds/lib/python3.12/site-packages/airflow/example_dags/example_branch_labels.py
[2025-03-21T21:08:39.176+0000] {processor.py:914} INFO - Processing file /home/usmail/sys_fraud/sys_detection_frauds/lib/python3.12/site-packages/airflow/example_dags/example_branch_labels.py for tasks to queue
[2025-03-21T21:08:39.179+0000] {logging_mixin.py:190} INFO - [2025-03-21T21:08:39.178+0000] {dagbag.py:588} INFO - Filling up the DagBag from /home/usmail/sys_fraud/sys_detection_frauds/lib/python3.12/site-packages/airflow/example_dags/example_branch_labels.py
[2025-03-21T21:08:39.194+0000] {processor.py:925} INFO - DAG(s) 'example_branch_labels' retrieved from /home/usmail/sys_fraud/sys_detection_frauds/lib/python3.12/site-packages/airflow/example_dags/example_branch_labels.py
[2025-03-21T21:08:39.218+0000] {logging_mixin.py:190} INFO - [2025-03-21T21:08:39.218+0000] {dag.py:3239} INFO - Sync 1 DAGs
[2025-03-21T21:08:39.241+0000] {logging_mixin.py:190} INFO - [2025-03-21T21:08:39.241+0000] {dag.py:4180} INFO - Setting next_dagrun for example_branch_labels to 2025-03-20 00:00:00+00:00, run_after=2025-03-21 00:00:00+00:00
[2025-03-21T21:08:39.265+0000] {processor.py:208} INFO - Processing /home/usmail/sys_fraud/sys_detection_frauds/lib/python3.12/site-packages/airflow/example_dags/example_branch_labels.py took 0.109 seconds
[2025-03-21T21:09:36.961+0000] {processor.py:186} INFO - Started process (PID=3739208) to work on /home/usmail/sys_fraud/sys_detection_frauds/lib/python3.12/site-packages/airflow/example_dags/example_branch_labels.py
[2025-03-21T21:09:36.971+0000] {processor.py:914} INFO - Processing file /home/usmail/sys_fraud/sys_detection_frauds/lib/python3.12/site-packages/airflow/example_dags/example_branch_labels.py for tasks to queue
[2025-03-21T21:09:36.974+0000] {logging_mixin.py:190} INFO - [2025-03-21T21:09:36.973+0000] {dagbag.py:588} INFO - Filling up the DagBag from /home/usmail/sys_fraud/sys_detection_frauds/lib/python3.12/site-packages/airflow/example_dags/example_branch_labels.py
[2025-03-21T21:09:36.991+0000] {processor.py:925} INFO - DAG(s) 'example_branch_labels' retrieved from /home/usmail/sys_fraud/sys_detection_frauds/lib/python3.12/site-packages/airflow/example_dags/example_branch_labels.py
[2025-03-21T21:09:37.016+0000] {logging_mixin.py:190} INFO - [2025-03-21T21:09:37.016+0000] {dag.py:3239} INFO - Sync 1 DAGs
[2025-03-21T21:09:37.036+0000] {logging_mixin.py:190} INFO - [2025-03-21T21:09:37.036+0000] {dag.py:4180} INFO - Setting next_dagrun for example_branch_labels to 2025-03-20 00:00:00+00:00, run_after=2025-03-21 00:00:00+00:00
[2025-03-21T21:09:37.052+0000] {processor.py:208} INFO - Processing /home/usmail/sys_fraud/sys_detection_frauds/lib/python3.12/site-packages/airflow/example_dags/example_branch_labels.py took 0.103 seconds
[2025-03-21T21:10:34.873+0000] {processor.py:186} INFO - Started process (PID=3740634) to work on /home/usmail/sys_fraud/sys_detection_frauds/lib/python3.12/site-packages/airflow/example_dags/example_branch_labels.py
[2025-03-21T21:10:34.875+0000] {processor.py:914} INFO - Processing file /home/usmail/sys_fraud/sys_detection_frauds/lib/python3.12/site-packages/airflow/example_dags/example_branch_labels.py for tasks to queue
[2025-03-21T21:10:34.876+0000] {logging_mixin.py:190} INFO - [2025-03-21T21:10:34.876+0000] {dagbag.py:588} INFO - Filling up the DagBag from /home/usmail/sys_fraud/sys_detection_frauds/lib/python3.12/site-packages/airflow/example_dags/example_branch_labels.py
[2025-03-21T21:10:34.884+0000] {processor.py:925} INFO - DAG(s) 'example_branch_labels' retrieved from /home/usmail/sys_fraud/sys_detection_frauds/lib/python3.12/site-packages/airflow/example_dags/example_branch_labels.py
[2025-03-21T21:10:34.895+0000] {logging_mixin.py:190} INFO - [2025-03-21T21:10:34.895+0000] {dag.py:3239} INFO - Sync 1 DAGs
[2025-03-21T21:10:34.912+0000] {logging_mixin.py:190} INFO - [2025-03-21T21:10:34.912+0000] {dag.py:4180} INFO - Setting next_dagrun for example_branch_labels to 2025-03-20 00:00:00+00:00, run_after=2025-03-21 00:00:00+00:00
[2025-03-21T21:10:34.928+0000] {processor.py:208} INFO - Processing /home/usmail/sys_fraud/sys_detection_frauds/lib/python3.12/site-packages/airflow/example_dags/example_branch_labels.py took 0.060 seconds
[2025-03-21T21:11:33.957+0000] {processor.py:186} INFO - Started process (PID=3741767) to work on /home/usmail/sys_fraud/sys_detection_frauds/lib/python3.12/site-packages/airflow/example_dags/example_branch_labels.py
[2025-03-21T21:11:33.966+0000] {processor.py:914} INFO - Processing file /home/usmail/sys_fraud/sys_detection_frauds/lib/python3.12/site-packages/airflow/example_dags/example_branch_labels.py for tasks to queue
[2025-03-21T21:11:33.968+0000] {logging_mixin.py:190} INFO - [2025-03-21T21:11:33.967+0000] {dagbag.py:588} INFO - Filling up the DagBag from /home/usmail/sys_fraud/sys_detection_frauds/lib/python3.12/site-packages/airflow/example_dags/example_branch_labels.py
[2025-03-21T21:11:33.975+0000] {processor.py:925} INFO - DAG(s) 'example_branch_labels' retrieved from /home/usmail/sys_fraud/sys_detection_frauds/lib/python3.12/site-packages/airflow/example_dags/example_branch_labels.py
[2025-03-21T21:11:33.987+0000] {logging_mixin.py:190} INFO - [2025-03-21T21:11:33.986+0000] {dag.py:3239} INFO - Sync 1 DAGs
[2025-03-21T21:11:34.003+0000] {logging_mixin.py:190} INFO - [2025-03-21T21:11:34.002+0000] {dag.py:4180} INFO - Setting next_dagrun for example_branch_labels to 2025-03-20 00:00:00+00:00, run_after=2025-03-21 00:00:00+00:00
[2025-03-21T21:11:34.023+0000] {processor.py:208} INFO - Processing /home/usmail/sys_fraud/sys_detection_frauds/lib/python3.12/site-packages/airflow/example_dags/example_branch_labels.py took 0.071 seconds
[2025-03-21T21:12:28.040+0000] {processor.py:186} INFO - Started process (PID=3742838) to work on /home/usmail/sys_fraud/sys_detection_frauds/lib/python3.12/site-packages/airflow/example_dags/example_branch_labels.py
[2025-03-21T21:12:28.049+0000] {processor.py:914} INFO - Processing file /home/usmail/sys_fraud/sys_detection_frauds/lib/python3.12/site-packages/airflow/example_dags/example_branch_labels.py for tasks to queue
[2025-03-21T21:12:28.050+0000] {logging_mixin.py:190} INFO - [2025-03-21T21:12:28.050+0000] {dagbag.py:588} INFO - Filling up the DagBag from /home/usmail/sys_fraud/sys_detection_frauds/lib/python3.12/site-packages/airflow/example_dags/example_branch_labels.py
[2025-03-21T21:12:28.058+0000] {processor.py:925} INFO - DAG(s) 'example_branch_labels' retrieved from /home/usmail/sys_fraud/sys_detection_frauds/lib/python3.12/site-packages/airflow/example_dags/example_branch_labels.py
[2025-03-21T21:12:28.069+0000] {logging_mixin.py:190} INFO - [2025-03-21T21:12:28.069+0000] {dag.py:3239} INFO - Sync 1 DAGs
[2025-03-21T21:12:28.086+0000] {logging_mixin.py:190} INFO - [2025-03-21T21:12:28.086+0000] {dag.py:4180} INFO - Setting next_dagrun for example_branch_labels to 2025-03-20 00:00:00+00:00, run_after=2025-03-21 00:00:00+00:00
[2025-03-21T21:12:28.101+0000] {processor.py:208} INFO - Processing /home/usmail/sys_fraud/sys_detection_frauds/lib/python3.12/site-packages/airflow/example_dags/example_branch_labels.py took 0.066 seconds
[2025-03-21T21:13:19.896+0000] {processor.py:186} INFO - Started process (PID=3743795) to work on /home/usmail/sys_fraud/sys_detection_frauds/lib/python3.12/site-packages/airflow/example_dags/example_branch_labels.py
[2025-03-21T21:13:19.904+0000] {processor.py:914} INFO - Processing file /home/usmail/sys_fraud/sys_detection_frauds/lib/python3.12/site-packages/airflow/example_dags/example_branch_labels.py for tasks to queue
[2025-03-21T21:13:19.906+0000] {logging_mixin.py:190} INFO - [2025-03-21T21:13:19.905+0000] {dagbag.py:588} INFO - Filling up the DagBag from /home/usmail/sys_fraud/sys_detection_frauds/lib/python3.12/site-packages/airflow/example_dags/example_branch_labels.py
[2025-03-21T21:13:19.913+0000] {processor.py:925} INFO - DAG(s) 'example_branch_labels' retrieved from /home/usmail/sys_fraud/sys_detection_frauds/lib/python3.12/site-packages/airflow/example_dags/example_branch_labels.py
[2025-03-21T21:13:19.925+0000] {logging_mixin.py:190} INFO - [2025-03-21T21:13:19.925+0000] {dag.py:3239} INFO - Sync 1 DAGs
[2025-03-21T21:13:19.942+0000] {logging_mixin.py:190} INFO - [2025-03-21T21:13:19.941+0000] {dag.py:4180} INFO - Setting next_dagrun for example_branch_labels to 2025-03-20 00:00:00+00:00, run_after=2025-03-21 00:00:00+00:00
[2025-03-21T21:13:19.957+0000] {processor.py:208} INFO - Processing /home/usmail/sys_fraud/sys_detection_frauds/lib/python3.12/site-packages/airflow/example_dags/example_branch_labels.py took 0.067 seconds
[2025-03-21T21:14:40.104+0000] {processor.py:186} INFO - Started process (PID=3745011) to work on /home/usmail/sys_fraud/sys_detection_frauds/lib/python3.12/site-packages/airflow/example_dags/example_branch_labels.py
[2025-03-21T21:14:40.113+0000] {processor.py:914} INFO - Processing file /home/usmail/sys_fraud/sys_detection_frauds/lib/python3.12/site-packages/airflow/example_dags/example_branch_labels.py for tasks to queue
[2025-03-21T21:14:40.116+0000] {logging_mixin.py:190} INFO - [2025-03-21T21:14:40.116+0000] {dagbag.py:588} INFO - Filling up the DagBag from /home/usmail/sys_fraud/sys_detection_frauds/lib/python3.12/site-packages/airflow/example_dags/example_branch_labels.py
[2025-03-21T21:14:40.132+0000] {processor.py:925} INFO - DAG(s) 'example_branch_labels' retrieved from /home/usmail/sys_fraud/sys_detection_frauds/lib/python3.12/site-packages/airflow/example_dags/example_branch_labels.py
[2025-03-21T21:14:40.156+0000] {logging_mixin.py:190} INFO - [2025-03-21T21:14:40.156+0000] {dag.py:3239} INFO - Sync 1 DAGs
[2025-03-21T21:14:40.180+0000] {logging_mixin.py:190} INFO - [2025-03-21T21:14:40.179+0000] {dag.py:4180} INFO - Setting next_dagrun for example_branch_labels to 2025-03-20 00:00:00+00:00, run_after=2025-03-21 00:00:00+00:00
[2025-03-21T21:14:40.195+0000] {processor.py:208} INFO - Processing /home/usmail/sys_fraud/sys_detection_frauds/lib/python3.12/site-packages/airflow/example_dags/example_branch_labels.py took 0.101 seconds
[2025-03-21T21:15:42.375+0000] {processor.py:186} INFO - Started process (PID=3745815) to work on /home/usmail/sys_fraud/sys_detection_frauds/lib/python3.12/site-packages/airflow/example_dags/example_branch_labels.py
[2025-03-21T21:15:42.376+0000] {processor.py:914} INFO - Processing file /home/usmail/sys_fraud/sys_detection_frauds/lib/python3.12/site-packages/airflow/example_dags/example_branch_labels.py for tasks to queue
[2025-03-21T21:15:42.378+0000] {logging_mixin.py:190} INFO - [2025-03-21T21:15:42.377+0000] {dagbag.py:588} INFO - Filling up the DagBag from /home/usmail/sys_fraud/sys_detection_frauds/lib/python3.12/site-packages/airflow/example_dags/example_branch_labels.py
[2025-03-21T21:15:42.385+0000] {processor.py:925} INFO - DAG(s) 'example_branch_labels' retrieved from /home/usmail/sys_fraud/sys_detection_frauds/lib/python3.12/site-packages/airflow/example_dags/example_branch_labels.py
[2025-03-21T21:15:42.397+0000] {logging_mixin.py:190} INFO - [2025-03-21T21:15:42.397+0000] {dag.py:3239} INFO - Sync 1 DAGs
[2025-03-21T21:15:42.426+0000] {logging_mixin.py:190} INFO - [2025-03-21T21:15:42.425+0000] {dag.py:4180} INFO - Setting next_dagrun for example_branch_labels to 2025-03-20 00:00:00+00:00, run_after=2025-03-21 00:00:00+00:00
[2025-03-21T21:15:42.451+0000] {processor.py:208} INFO - Processing /home/usmail/sys_fraud/sys_detection_frauds/lib/python3.12/site-packages/airflow/example_dags/example_branch_labels.py took 0.081 seconds
[2025-03-21T21:16:43.643+0000] {processor.py:186} INFO - Started process (PID=3746581) to work on /home/usmail/sys_fraud/sys_detection_frauds/lib/python3.12/site-packages/airflow/example_dags/example_branch_labels.py
[2025-03-21T21:16:43.652+0000] {processor.py:914} INFO - Processing file /home/usmail/sys_fraud/sys_detection_frauds/lib/python3.12/site-packages/airflow/example_dags/example_branch_labels.py for tasks to queue
[2025-03-21T21:16:43.655+0000] {logging_mixin.py:190} INFO - [2025-03-21T21:16:43.654+0000] {dagbag.py:588} INFO - Filling up the DagBag from /home/usmail/sys_fraud/sys_detection_frauds/lib/python3.12/site-packages/airflow/example_dags/example_branch_labels.py
[2025-03-21T21:16:43.671+0000] {processor.py:925} INFO - DAG(s) 'example_branch_labels' retrieved from /home/usmail/sys_fraud/sys_detection_frauds/lib/python3.12/site-packages/airflow/example_dags/example_branch_labels.py
[2025-03-21T21:16:43.696+0000] {logging_mixin.py:190} INFO - [2025-03-21T21:16:43.695+0000] {dag.py:3239} INFO - Sync 1 DAGs
[2025-03-21T21:16:43.718+0000] {logging_mixin.py:190} INFO - [2025-03-21T21:16:43.718+0000] {dag.py:4180} INFO - Setting next_dagrun for example_branch_labels to 2025-03-20 00:00:00+00:00, run_after=2025-03-21 00:00:00+00:00
[2025-03-21T21:16:43.746+0000] {processor.py:208} INFO - Processing /home/usmail/sys_fraud/sys_detection_frauds/lib/python3.12/site-packages/airflow/example_dags/example_branch_labels.py took 0.116 seconds
[2025-03-21T21:17:45.455+0000] {processor.py:186} INFO - Started process (PID=3747354) to work on /home/usmail/sys_fraud/sys_detection_frauds/lib/python3.12/site-packages/airflow/example_dags/example_branch_labels.py
[2025-03-21T21:17:45.465+0000] {processor.py:914} INFO - Processing file /home/usmail/sys_fraud/sys_detection_frauds/lib/python3.12/site-packages/airflow/example_dags/example_branch_labels.py for tasks to queue
[2025-03-21T21:17:45.468+0000] {logging_mixin.py:190} INFO - [2025-03-21T21:17:45.467+0000] {dagbag.py:588} INFO - Filling up the DagBag from /home/usmail/sys_fraud/sys_detection_frauds/lib/python3.12/site-packages/airflow/example_dags/example_branch_labels.py
[2025-03-21T21:17:45.483+0000] {processor.py:925} INFO - DAG(s) 'example_branch_labels' retrieved from /home/usmail/sys_fraud/sys_detection_frauds/lib/python3.12/site-packages/airflow/example_dags/example_branch_labels.py
[2025-03-21T21:17:45.504+0000] {logging_mixin.py:190} INFO - [2025-03-21T21:17:45.504+0000] {dag.py:3239} INFO - Sync 1 DAGs
[2025-03-21T21:17:45.522+0000] {logging_mixin.py:190} INFO - [2025-03-21T21:17:45.522+0000] {dag.py:4180} INFO - Setting next_dagrun for example_branch_labels to 2025-03-20 00:00:00+00:00, run_after=2025-03-21 00:00:00+00:00
[2025-03-21T21:17:45.547+0000] {processor.py:208} INFO - Processing /home/usmail/sys_fraud/sys_detection_frauds/lib/python3.12/site-packages/airflow/example_dags/example_branch_labels.py took 0.107 seconds
[2025-03-21T21:18:51.868+0000] {processor.py:186} INFO - Started process (PID=3748153) to work on /home/usmail/sys_fraud/sys_detection_frauds/lib/python3.12/site-packages/airflow/example_dags/example_branch_labels.py
[2025-03-21T21:18:51.884+0000] {processor.py:914} INFO - Processing file /home/usmail/sys_fraud/sys_detection_frauds/lib/python3.12/site-packages/airflow/example_dags/example_branch_labels.py for tasks to queue
[2025-03-21T21:18:51.887+0000] {logging_mixin.py:190} INFO - [2025-03-21T21:18:51.887+0000] {dagbag.py:588} INFO - Filling up the DagBag from /home/usmail/sys_fraud/sys_detection_frauds/lib/python3.12/site-packages/airflow/example_dags/example_branch_labels.py
[2025-03-21T21:18:51.904+0000] {processor.py:925} INFO - DAG(s) 'example_branch_labels' retrieved from /home/usmail/sys_fraud/sys_detection_frauds/lib/python3.12/site-packages/airflow/example_dags/example_branch_labels.py
[2025-03-21T21:18:51.928+0000] {logging_mixin.py:190} INFO - [2025-03-21T21:18:51.927+0000] {dag.py:3239} INFO - Sync 1 DAGs
[2025-03-21T21:18:51.952+0000] {logging_mixin.py:190} INFO - [2025-03-21T21:18:51.952+0000] {dag.py:4180} INFO - Setting next_dagrun for example_branch_labels to 2025-03-20 00:00:00+00:00, run_after=2025-03-21 00:00:00+00:00
[2025-03-21T21:18:51.968+0000] {processor.py:208} INFO - Processing /home/usmail/sys_fraud/sys_detection_frauds/lib/python3.12/site-packages/airflow/example_dags/example_branch_labels.py took 0.111 seconds
[2025-03-21T21:19:54.770+0000] {processor.py:186} INFO - Started process (PID=3748911) to work on /home/usmail/sys_fraud/sys_detection_frauds/lib/python3.12/site-packages/airflow/example_dags/example_branch_labels.py
[2025-03-21T21:19:54.772+0000] {processor.py:914} INFO - Processing file /home/usmail/sys_fraud/sys_detection_frauds/lib/python3.12/site-packages/airflow/example_dags/example_branch_labels.py for tasks to queue
[2025-03-21T21:19:54.775+0000] {logging_mixin.py:190} INFO - [2025-03-21T21:19:54.774+0000] {dagbag.py:588} INFO - Filling up the DagBag from /home/usmail/sys_fraud/sys_detection_frauds/lib/python3.12/site-packages/airflow/example_dags/example_branch_labels.py
[2025-03-21T21:19:54.791+0000] {processor.py:925} INFO - DAG(s) 'example_branch_labels' retrieved from /home/usmail/sys_fraud/sys_detection_frauds/lib/python3.12/site-packages/airflow/example_dags/example_branch_labels.py
[2025-03-21T21:19:54.817+0000] {logging_mixin.py:190} INFO - [2025-03-21T21:19:54.817+0000] {dag.py:3239} INFO - Sync 1 DAGs
[2025-03-21T21:19:54.837+0000] {logging_mixin.py:190} INFO - [2025-03-21T21:19:54.837+0000] {dag.py:4180} INFO - Setting next_dagrun for example_branch_labels to 2025-03-20 00:00:00+00:00, run_after=2025-03-21 00:00:00+00:00
[2025-03-21T21:19:54.866+0000] {processor.py:208} INFO - Processing /home/usmail/sys_fraud/sys_detection_frauds/lib/python3.12/site-packages/airflow/example_dags/example_branch_labels.py took 0.107 seconds
[2025-03-21T21:20:57.445+0000] {processor.py:186} INFO - Started process (PID=3749660) to work on /home/usmail/sys_fraud/sys_detection_frauds/lib/python3.12/site-packages/airflow/example_dags/example_branch_labels.py
[2025-03-21T21:20:57.454+0000] {processor.py:914} INFO - Processing file /home/usmail/sys_fraud/sys_detection_frauds/lib/python3.12/site-packages/airflow/example_dags/example_branch_labels.py for tasks to queue
[2025-03-21T21:20:57.457+0000] {logging_mixin.py:190} INFO - [2025-03-21T21:20:57.457+0000] {dagbag.py:588} INFO - Filling up the DagBag from /home/usmail/sys_fraud/sys_detection_frauds/lib/python3.12/site-packages/airflow/example_dags/example_branch_labels.py
[2025-03-21T21:20:57.473+0000] {processor.py:925} INFO - DAG(s) 'example_branch_labels' retrieved from /home/usmail/sys_fraud/sys_detection_frauds/lib/python3.12/site-packages/airflow/example_dags/example_branch_labels.py
[2025-03-21T21:20:57.497+0000] {logging_mixin.py:190} INFO - [2025-03-21T21:20:57.497+0000] {dag.py:3239} INFO - Sync 1 DAGs
[2025-03-21T21:20:57.520+0000] {logging_mixin.py:190} INFO - [2025-03-21T21:20:57.520+0000] {dag.py:4180} INFO - Setting next_dagrun for example_branch_labels to 2025-03-20 00:00:00+00:00, run_after=2025-03-21 00:00:00+00:00
[2025-03-21T21:20:57.535+0000] {processor.py:208} INFO - Processing /home/usmail/sys_fraud/sys_detection_frauds/lib/python3.12/site-packages/airflow/example_dags/example_branch_labels.py took 0.102 seconds
[2025-03-21T21:22:03.395+0000] {processor.py:186} INFO - Started process (PID=3750484) to work on /home/usmail/sys_fraud/sys_detection_frauds/lib/python3.12/site-packages/airflow/example_dags/example_branch_labels.py
[2025-03-21T21:22:03.404+0000] {processor.py:914} INFO - Processing file /home/usmail/sys_fraud/sys_detection_frauds/lib/python3.12/site-packages/airflow/example_dags/example_branch_labels.py for tasks to queue
[2025-03-21T21:22:03.408+0000] {logging_mixin.py:190} INFO - [2025-03-21T21:22:03.407+0000] {dagbag.py:588} INFO - Filling up the DagBag from /home/usmail/sys_fraud/sys_detection_frauds/lib/python3.12/site-packages/airflow/example_dags/example_branch_labels.py
[2025-03-21T21:22:03.424+0000] {processor.py:925} INFO - DAG(s) 'example_branch_labels' retrieved from /home/usmail/sys_fraud/sys_detection_frauds/lib/python3.12/site-packages/airflow/example_dags/example_branch_labels.py
[2025-03-21T21:22:03.449+0000] {logging_mixin.py:190} INFO - [2025-03-21T21:22:03.448+0000] {dag.py:3239} INFO - Sync 1 DAGs
[2025-03-21T21:22:03.468+0000] {logging_mixin.py:190} INFO - [2025-03-21T21:22:03.468+0000] {dag.py:4180} INFO - Setting next_dagrun for example_branch_labels to 2025-03-20 00:00:00+00:00, run_after=2025-03-21 00:00:00+00:00
[2025-03-21T21:22:03.483+0000] {processor.py:208} INFO - Processing /home/usmail/sys_fraud/sys_detection_frauds/lib/python3.12/site-packages/airflow/example_dags/example_branch_labels.py took 0.100 seconds
[2025-03-21T21:23:10.036+0000] {processor.py:186} INFO - Started process (PID=3751314) to work on /home/usmail/sys_fraud/sys_detection_frauds/lib/python3.12/site-packages/airflow/example_dags/example_branch_labels.py
[2025-03-21T21:23:10.045+0000] {processor.py:914} INFO - Processing file /home/usmail/sys_fraud/sys_detection_frauds/lib/python3.12/site-packages/airflow/example_dags/example_branch_labels.py for tasks to queue
[2025-03-21T21:23:10.049+0000] {logging_mixin.py:190} INFO - [2025-03-21T21:23:10.048+0000] {dagbag.py:588} INFO - Filling up the DagBag from /home/usmail/sys_fraud/sys_detection_frauds/lib/python3.12/site-packages/airflow/example_dags/example_branch_labels.py
[2025-03-21T21:23:10.064+0000] {processor.py:925} INFO - DAG(s) 'example_branch_labels' retrieved from /home/usmail/sys_fraud/sys_detection_frauds/lib/python3.12/site-packages/airflow/example_dags/example_branch_labels.py
[2025-03-21T21:23:10.088+0000] {logging_mixin.py:190} INFO - [2025-03-21T21:23:10.088+0000] {dag.py:3239} INFO - Sync 1 DAGs
[2025-03-21T21:23:10.112+0000] {logging_mixin.py:190} INFO - [2025-03-21T21:23:10.112+0000] {dag.py:4180} INFO - Setting next_dagrun for example_branch_labels to 2025-03-20 00:00:00+00:00, run_after=2025-03-21 00:00:00+00:00
[2025-03-21T21:23:10.127+0000] {processor.py:208} INFO - Processing /home/usmail/sys_fraud/sys_detection_frauds/lib/python3.12/site-packages/airflow/example_dags/example_branch_labels.py took 0.103 seconds
[2025-03-21T21:24:11.260+0000] {processor.py:186} INFO - Started process (PID=3752024) to work on /home/usmail/sys_fraud/sys_detection_frauds/lib/python3.12/site-packages/airflow/example_dags/example_branch_labels.py
[2025-03-21T21:24:11.265+0000] {processor.py:914} INFO - Processing file /home/usmail/sys_fraud/sys_detection_frauds/lib/python3.12/site-packages/airflow/example_dags/example_branch_labels.py for tasks to queue
[2025-03-21T21:24:11.268+0000] {logging_mixin.py:190} INFO - [2025-03-21T21:24:11.267+0000] {dagbag.py:588} INFO - Filling up the DagBag from /home/usmail/sys_fraud/sys_detection_frauds/lib/python3.12/site-packages/airflow/example_dags/example_branch_labels.py
[2025-03-21T21:24:11.284+0000] {processor.py:925} INFO - DAG(s) 'example_branch_labels' retrieved from /home/usmail/sys_fraud/sys_detection_frauds/lib/python3.12/site-packages/airflow/example_dags/example_branch_labels.py
[2025-03-21T21:24:11.308+0000] {logging_mixin.py:190} INFO - [2025-03-21T21:24:11.308+0000] {dag.py:3239} INFO - Sync 1 DAGs
[2025-03-21T21:24:11.331+0000] {logging_mixin.py:190} INFO - [2025-03-21T21:24:11.331+0000] {dag.py:4180} INFO - Setting next_dagrun for example_branch_labels to 2025-03-20 00:00:00+00:00, run_after=2025-03-21 00:00:00+00:00
[2025-03-21T21:24:11.346+0000] {processor.py:208} INFO - Processing /home/usmail/sys_fraud/sys_detection_frauds/lib/python3.12/site-packages/airflow/example_dags/example_branch_labels.py took 0.098 seconds
[2025-03-21T21:25:14.172+0000] {processor.py:186} INFO - Started process (PID=3752701) to work on /home/usmail/sys_fraud/sys_detection_frauds/lib/python3.12/site-packages/airflow/example_dags/example_branch_labels.py
[2025-03-21T21:25:14.181+0000] {processor.py:914} INFO - Processing file /home/usmail/sys_fraud/sys_detection_frauds/lib/python3.12/site-packages/airflow/example_dags/example_branch_labels.py for tasks to queue
[2025-03-21T21:25:14.185+0000] {logging_mixin.py:190} INFO - [2025-03-21T21:25:14.184+0000] {dagbag.py:588} INFO - Filling up the DagBag from /home/usmail/sys_fraud/sys_detection_frauds/lib/python3.12/site-packages/airflow/example_dags/example_branch_labels.py
[2025-03-21T21:25:14.201+0000] {processor.py:925} INFO - DAG(s) 'example_branch_labels' retrieved from /home/usmail/sys_fraud/sys_detection_frauds/lib/python3.12/site-packages/airflow/example_dags/example_branch_labels.py
[2025-03-21T21:25:14.226+0000] {logging_mixin.py:190} INFO - [2025-03-21T21:25:14.226+0000] {dag.py:3239} INFO - Sync 1 DAGs
[2025-03-21T21:25:14.248+0000] {logging_mixin.py:190} INFO - [2025-03-21T21:25:14.248+0000] {dag.py:4180} INFO - Setting next_dagrun for example_branch_labels to 2025-03-20 00:00:00+00:00, run_after=2025-03-21 00:00:00+00:00
[2025-03-21T21:25:14.264+0000] {processor.py:208} INFO - Processing /home/usmail/sys_fraud/sys_detection_frauds/lib/python3.12/site-packages/airflow/example_dags/example_branch_labels.py took 0.104 seconds
[2025-03-21T21:26:19.501+0000] {processor.py:186} INFO - Started process (PID=3753383) to work on /home/usmail/sys_fraud/sys_detection_frauds/lib/python3.12/site-packages/airflow/example_dags/example_branch_labels.py
[2025-03-21T21:26:19.510+0000] {processor.py:914} INFO - Processing file /home/usmail/sys_fraud/sys_detection_frauds/lib/python3.12/site-packages/airflow/example_dags/example_branch_labels.py for tasks to queue
[2025-03-21T21:26:19.513+0000] {logging_mixin.py:190} INFO - [2025-03-21T21:26:19.512+0000] {dagbag.py:588} INFO - Filling up the DagBag from /home/usmail/sys_fraud/sys_detection_frauds/lib/python3.12/site-packages/airflow/example_dags/example_branch_labels.py
[2025-03-21T21:26:19.528+0000] {processor.py:925} INFO - DAG(s) 'example_branch_labels' retrieved from /home/usmail/sys_fraud/sys_detection_frauds/lib/python3.12/site-packages/airflow/example_dags/example_branch_labels.py
[2025-03-21T21:26:19.552+0000] {logging_mixin.py:190} INFO - [2025-03-21T21:26:19.552+0000] {dag.py:3239} INFO - Sync 1 DAGs
[2025-03-21T21:26:19.574+0000] {logging_mixin.py:190} INFO - [2025-03-21T21:26:19.573+0000] {dag.py:4180} INFO - Setting next_dagrun for example_branch_labels to 2025-03-20 00:00:00+00:00, run_after=2025-03-21 00:00:00+00:00
[2025-03-21T21:26:19.588+0000] {processor.py:208} INFO - Processing /home/usmail/sys_fraud/sys_detection_frauds/lib/python3.12/site-packages/airflow/example_dags/example_branch_labels.py took 0.099 seconds
[2025-03-21T21:27:22.878+0000] {processor.py:186} INFO - Started process (PID=3754051) to work on /home/usmail/sys_fraud/sys_detection_frauds/lib/python3.12/site-packages/airflow/example_dags/example_branch_labels.py
[2025-03-21T21:27:22.887+0000] {processor.py:914} INFO - Processing file /home/usmail/sys_fraud/sys_detection_frauds/lib/python3.12/site-packages/airflow/example_dags/example_branch_labels.py for tasks to queue
[2025-03-21T21:27:22.890+0000] {logging_mixin.py:190} INFO - [2025-03-21T21:27:22.890+0000] {dagbag.py:588} INFO - Filling up the DagBag from /home/usmail/sys_fraud/sys_detection_frauds/lib/python3.12/site-packages/airflow/example_dags/example_branch_labels.py
[2025-03-21T21:27:22.906+0000] {processor.py:925} INFO - DAG(s) 'example_branch_labels' retrieved from /home/usmail/sys_fraud/sys_detection_frauds/lib/python3.12/site-packages/airflow/example_dags/example_branch_labels.py
[2025-03-21T21:27:22.930+0000] {logging_mixin.py:190} INFO - [2025-03-21T21:27:22.930+0000] {dag.py:3239} INFO - Sync 1 DAGs
[2025-03-21T21:27:22.952+0000] {logging_mixin.py:190} INFO - [2025-03-21T21:27:22.952+0000] {dag.py:4180} INFO - Setting next_dagrun for example_branch_labels to 2025-03-20 00:00:00+00:00, run_after=2025-03-21 00:00:00+00:00
[2025-03-21T21:27:22.968+0000] {processor.py:208} INFO - Processing /home/usmail/sys_fraud/sys_detection_frauds/lib/python3.12/site-packages/airflow/example_dags/example_branch_labels.py took 0.102 seconds
[2025-03-21T21:28:23.038+0000] {processor.py:186} INFO - Started process (PID=3754671) to work on /home/usmail/sys_fraud/sys_detection_frauds/lib/python3.12/site-packages/airflow/example_dags/example_branch_labels.py
[2025-03-21T21:28:23.047+0000] {processor.py:914} INFO - Processing file /home/usmail/sys_fraud/sys_detection_frauds/lib/python3.12/site-packages/airflow/example_dags/example_branch_labels.py for tasks to queue
[2025-03-21T21:28:23.050+0000] {logging_mixin.py:190} INFO - [2025-03-21T21:28:23.050+0000] {dagbag.py:588} INFO - Filling up the DagBag from /home/usmail/sys_fraud/sys_detection_frauds/lib/python3.12/site-packages/airflow/example_dags/example_branch_labels.py
[2025-03-21T21:28:23.065+0000] {processor.py:925} INFO - DAG(s) 'example_branch_labels' retrieved from /home/usmail/sys_fraud/sys_detection_frauds/lib/python3.12/site-packages/airflow/example_dags/example_branch_labels.py
[2025-03-21T21:28:23.090+0000] {logging_mixin.py:190} INFO - [2025-03-21T21:28:23.090+0000] {dag.py:3239} INFO - Sync 1 DAGs
[2025-03-21T21:28:23.113+0000] {logging_mixin.py:190} INFO - [2025-03-21T21:28:23.113+0000] {dag.py:4180} INFO - Setting next_dagrun for example_branch_labels to 2025-03-20 00:00:00+00:00, run_after=2025-03-21 00:00:00+00:00
[2025-03-21T21:28:23.141+0000] {processor.py:208} INFO - Processing /home/usmail/sys_fraud/sys_detection_frauds/lib/python3.12/site-packages/airflow/example_dags/example_branch_labels.py took 0.115 seconds
[2025-03-21T21:29:23.699+0000] {processor.py:186} INFO - Started process (PID=3755305) to work on /home/usmail/sys_fraud/sys_detection_frauds/lib/python3.12/site-packages/airflow/example_dags/example_branch_labels.py
[2025-03-21T21:29:23.709+0000] {processor.py:914} INFO - Processing file /home/usmail/sys_fraud/sys_detection_frauds/lib/python3.12/site-packages/airflow/example_dags/example_branch_labels.py for tasks to queue
[2025-03-21T21:29:23.712+0000] {logging_mixin.py:190} INFO - [2025-03-21T21:29:23.712+0000] {dagbag.py:588} INFO - Filling up the DagBag from /home/usmail/sys_fraud/sys_detection_frauds/lib/python3.12/site-packages/airflow/example_dags/example_branch_labels.py
[2025-03-21T21:29:23.728+0000] {processor.py:925} INFO - DAG(s) 'example_branch_labels' retrieved from /home/usmail/sys_fraud/sys_detection_frauds/lib/python3.12/site-packages/airflow/example_dags/example_branch_labels.py
[2025-03-21T21:29:23.752+0000] {logging_mixin.py:190} INFO - [2025-03-21T21:29:23.752+0000] {dag.py:3239} INFO - Sync 1 DAGs
[2025-03-21T21:29:23.775+0000] {logging_mixin.py:190} INFO - [2025-03-21T21:29:23.774+0000] {dag.py:4180} INFO - Setting next_dagrun for example_branch_labels to 2025-03-20 00:00:00+00:00, run_after=2025-03-21 00:00:00+00:00
[2025-03-21T21:29:23.799+0000] {processor.py:208} INFO - Processing /home/usmail/sys_fraud/sys_detection_frauds/lib/python3.12/site-packages/airflow/example_dags/example_branch_labels.py took 0.112 seconds
[2025-03-21T21:30:29.850+0000] {processor.py:186} INFO - Started process (PID=3755994) to work on /home/usmail/sys_fraud/sys_detection_frauds/lib/python3.12/site-packages/airflow/example_dags/example_branch_labels.py
[2025-03-21T21:30:29.852+0000] {processor.py:914} INFO - Processing file /home/usmail/sys_fraud/sys_detection_frauds/lib/python3.12/site-packages/airflow/example_dags/example_branch_labels.py for tasks to queue
[2025-03-21T21:30:29.856+0000] {logging_mixin.py:190} INFO - [2025-03-21T21:30:29.855+0000] {dagbag.py:588} INFO - Filling up the DagBag from /home/usmail/sys_fraud/sys_detection_frauds/lib/python3.12/site-packages/airflow/example_dags/example_branch_labels.py
[2025-03-21T21:30:29.870+0000] {processor.py:925} INFO - DAG(s) 'example_branch_labels' retrieved from /home/usmail/sys_fraud/sys_detection_frauds/lib/python3.12/site-packages/airflow/example_dags/example_branch_labels.py
[2025-03-21T21:30:29.894+0000] {logging_mixin.py:190} INFO - [2025-03-21T21:30:29.894+0000] {dag.py:3239} INFO - Sync 1 DAGs
[2025-03-21T21:30:29.916+0000] {logging_mixin.py:190} INFO - [2025-03-21T21:30:29.916+0000] {dag.py:4180} INFO - Setting next_dagrun for example_branch_labels to 2025-03-20 00:00:00+00:00, run_after=2025-03-21 00:00:00+00:00
[2025-03-21T21:30:29.931+0000] {processor.py:208} INFO - Processing /home/usmail/sys_fraud/sys_detection_frauds/lib/python3.12/site-packages/airflow/example_dags/example_branch_labels.py took 0.093 seconds
[2025-03-21T21:31:36.251+0000] {processor.py:186} INFO - Started process (PID=3756696) to work on /home/usmail/sys_fraud/sys_detection_frauds/lib/python3.12/site-packages/airflow/example_dags/example_branch_labels.py
[2025-03-21T21:31:36.260+0000] {processor.py:914} INFO - Processing file /home/usmail/sys_fraud/sys_detection_frauds/lib/python3.12/site-packages/airflow/example_dags/example_branch_labels.py for tasks to queue
[2025-03-21T21:31:36.264+0000] {logging_mixin.py:190} INFO - [2025-03-21T21:31:36.263+0000] {dagbag.py:588} INFO - Filling up the DagBag from /home/usmail/sys_fraud/sys_detection_frauds/lib/python3.12/site-packages/airflow/example_dags/example_branch_labels.py
[2025-03-21T21:31:36.279+0000] {processor.py:925} INFO - DAG(s) 'example_branch_labels' retrieved from /home/usmail/sys_fraud/sys_detection_frauds/lib/python3.12/site-packages/airflow/example_dags/example_branch_labels.py
[2025-03-21T21:31:36.304+0000] {logging_mixin.py:190} INFO - [2025-03-21T21:31:36.303+0000] {dag.py:3239} INFO - Sync 1 DAGs
[2025-03-21T21:31:36.327+0000] {logging_mixin.py:190} INFO - [2025-03-21T21:31:36.327+0000] {dag.py:4180} INFO - Setting next_dagrun for example_branch_labels to 2025-03-20 00:00:00+00:00, run_after=2025-03-21 00:00:00+00:00
[2025-03-21T21:31:36.343+0000] {processor.py:208} INFO - Processing /home/usmail/sys_fraud/sys_detection_frauds/lib/python3.12/site-packages/airflow/example_dags/example_branch_labels.py took 0.105 seconds
[2025-03-21T21:32:41.431+0000] {processor.py:186} INFO - Started process (PID=3757375) to work on /home/usmail/sys_fraud/sys_detection_frauds/lib/python3.12/site-packages/airflow/example_dags/example_branch_labels.py
[2025-03-21T21:32:41.440+0000] {processor.py:914} INFO - Processing file /home/usmail/sys_fraud/sys_detection_frauds/lib/python3.12/site-packages/airflow/example_dags/example_branch_labels.py for tasks to queue
[2025-03-21T21:32:41.444+0000] {logging_mixin.py:190} INFO - [2025-03-21T21:32:41.443+0000] {dagbag.py:588} INFO - Filling up the DagBag from /home/usmail/sys_fraud/sys_detection_frauds/lib/python3.12/site-packages/airflow/example_dags/example_branch_labels.py
[2025-03-21T21:32:41.459+0000] {processor.py:925} INFO - DAG(s) 'example_branch_labels' retrieved from /home/usmail/sys_fraud/sys_detection_frauds/lib/python3.12/site-packages/airflow/example_dags/example_branch_labels.py
[2025-03-21T21:32:41.483+0000] {logging_mixin.py:190} INFO - [2025-03-21T21:32:41.483+0000] {dag.py:3239} INFO - Sync 1 DAGs
[2025-03-21T21:32:41.506+0000] {logging_mixin.py:190} INFO - [2025-03-21T21:32:41.506+0000] {dag.py:4180} INFO - Setting next_dagrun for example_branch_labels to 2025-03-20 00:00:00+00:00, run_after=2025-03-21 00:00:00+00:00
[2025-03-21T21:32:41.542+0000] {processor.py:208} INFO - Processing /home/usmail/sys_fraud/sys_detection_frauds/lib/python3.12/site-packages/airflow/example_dags/example_branch_labels.py took 0.122 seconds
[2025-03-21T22:19:11.198+0000] {processor.py:186} INFO - Started process (PID=3758204) to work on /home/usmail/sys_fraud/sys_detection_frauds/lib/python3.12/site-packages/airflow/example_dags/example_branch_labels.py
[2025-03-21T22:19:11.207+0000] {processor.py:914} INFO - Processing file /home/usmail/sys_fraud/sys_detection_frauds/lib/python3.12/site-packages/airflow/example_dags/example_branch_labels.py for tasks to queue
[2025-03-21T22:19:11.211+0000] {logging_mixin.py:190} INFO - [2025-03-21T22:19:11.210+0000] {dagbag.py:588} INFO - Filling up the DagBag from /home/usmail/sys_fraud/sys_detection_frauds/lib/python3.12/site-packages/airflow/example_dags/example_branch_labels.py
[2025-03-21T22:19:11.226+0000] {processor.py:925} INFO - DAG(s) 'example_branch_labels' retrieved from /home/usmail/sys_fraud/sys_detection_frauds/lib/python3.12/site-packages/airflow/example_dags/example_branch_labels.py
[2025-03-21T22:19:11.253+0000] {logging_mixin.py:190} INFO - [2025-03-21T22:19:11.252+0000] {dag.py:3239} INFO - Sync 1 DAGs
[2025-03-21T22:19:11.276+0000] {logging_mixin.py:190} INFO - [2025-03-21T22:19:11.275+0000] {dag.py:4180} INFO - Setting next_dagrun for example_branch_labels to 2025-03-20 00:00:00+00:00, run_after=2025-03-21 00:00:00+00:00
[2025-03-21T22:19:11.307+0000] {processor.py:208} INFO - Processing /home/usmail/sys_fraud/sys_detection_frauds/lib/python3.12/site-packages/airflow/example_dags/example_branch_labels.py took 0.121 seconds
[2025-03-21T22:20:40.623+0000] {processor.py:186} INFO - Started process (PID=3759642) to work on /home/usmail/sys_fraud/sys_detection_frauds/lib/python3.12/site-packages/airflow/example_dags/example_branch_labels.py
[2025-03-21T22:20:40.632+0000] {processor.py:914} INFO - Processing file /home/usmail/sys_fraud/sys_detection_frauds/lib/python3.12/site-packages/airflow/example_dags/example_branch_labels.py for tasks to queue
[2025-03-21T22:20:40.635+0000] {logging_mixin.py:190} INFO - [2025-03-21T22:20:40.634+0000] {dagbag.py:588} INFO - Filling up the DagBag from /home/usmail/sys_fraud/sys_detection_frauds/lib/python3.12/site-packages/airflow/example_dags/example_branch_labels.py
[2025-03-21T22:20:40.650+0000] {processor.py:925} INFO - DAG(s) 'example_branch_labels' retrieved from /home/usmail/sys_fraud/sys_detection_frauds/lib/python3.12/site-packages/airflow/example_dags/example_branch_labels.py
[2025-03-21T22:20:40.678+0000] {logging_mixin.py:190} INFO - [2025-03-21T22:20:40.677+0000] {dag.py:3239} INFO - Sync 1 DAGs
[2025-03-21T22:20:40.699+0000] {logging_mixin.py:190} INFO - [2025-03-21T22:20:40.699+0000] {dag.py:4180} INFO - Setting next_dagrun for example_branch_labels to 2025-03-20 00:00:00+00:00, run_after=2025-03-21 00:00:00+00:00
[2025-03-21T22:20:40.731+0000] {processor.py:208} INFO - Processing /home/usmail/sys_fraud/sys_detection_frauds/lib/python3.12/site-packages/airflow/example_dags/example_branch_labels.py took 0.120 seconds
[2025-03-21T22:21:42.884+0000] {processor.py:186} INFO - Started process (PID=3760474) to work on /home/usmail/sys_fraud/sys_detection_frauds/lib/python3.12/site-packages/airflow/example_dags/example_branch_labels.py
[2025-03-21T22:21:42.885+0000] {processor.py:914} INFO - Processing file /home/usmail/sys_fraud/sys_detection_frauds/lib/python3.12/site-packages/airflow/example_dags/example_branch_labels.py for tasks to queue
[2025-03-21T22:21:42.887+0000] {logging_mixin.py:190} INFO - [2025-03-21T22:21:42.886+0000] {dagbag.py:588} INFO - Filling up the DagBag from /home/usmail/sys_fraud/sys_detection_frauds/lib/python3.12/site-packages/airflow/example_dags/example_branch_labels.py
[2025-03-21T22:21:42.902+0000] {processor.py:925} INFO - DAG(s) 'example_branch_labels' retrieved from /home/usmail/sys_fraud/sys_detection_frauds/lib/python3.12/site-packages/airflow/example_dags/example_branch_labels.py
[2025-03-21T22:21:42.926+0000] {logging_mixin.py:190} INFO - [2025-03-21T22:21:42.925+0000] {dag.py:3239} INFO - Sync 1 DAGs
[2025-03-21T22:21:42.946+0000] {logging_mixin.py:190} INFO - [2025-03-21T22:21:42.946+0000] {dag.py:4180} INFO - Setting next_dagrun for example_branch_labels to 2025-03-20 00:00:00+00:00, run_after=2025-03-21 00:00:00+00:00
[2025-03-21T22:21:42.961+0000] {processor.py:208} INFO - Processing /home/usmail/sys_fraud/sys_detection_frauds/lib/python3.12/site-packages/airflow/example_dags/example_branch_labels.py took 0.089 seconds
