[2025-03-21T20:50:03.232+0000] {processor.py:186} INFO - Started process (PID=3723323) to work on /home/usmail/sys_fraud/sys_detection_frauds/lib/python3.12/site-packages/airflow/example_dags/example_latest_only.py
[2025-03-21T20:50:03.232+0000] {processor.py:914} INFO - Processing file /home/usmail/sys_fraud/sys_detection_frauds/lib/python3.12/site-packages/airflow/example_dags/example_latest_only.py for tasks to queue
[2025-03-21T20:50:03.235+0000] {logging_mixin.py:190} INFO - [2025-03-21T20:50:03.234+0000] {dagbag.py:588} INFO - Filling up the DagBag from /home/usmail/sys_fraud/sys_detection_frauds/lib/python3.12/site-packages/airflow/example_dags/example_latest_only.py
[2025-03-21T20:50:03.242+0000] {processor.py:925} INFO - DAG(s) 'latest_only' retrieved from /home/usmail/sys_fraud/sys_detection_frauds/lib/python3.12/site-packages/airflow/example_dags/example_latest_only.py
[2025-03-21T20:50:03.329+0000] {logging_mixin.py:190} INFO - [2025-03-21T20:50:03.329+0000] {override.py:1912} INFO - Created Permission View: can edit on DAG:latest_only
[2025-03-21T20:50:03.338+0000] {logging_mixin.py:190} INFO - [2025-03-21T20:50:03.337+0000] {override.py:1912} INFO - Created Permission View: can read on DAG:latest_only
[2025-03-21T20:50:03.345+0000] {logging_mixin.py:190} INFO - [2025-03-21T20:50:03.344+0000] {override.py:1912} INFO - Created Permission View: can delete on DAG:latest_only
[2025-03-21T20:50:03.353+0000] {logging_mixin.py:190} INFO - [2025-03-21T20:50:03.353+0000] {override.py:1912} INFO - Created Permission View: can create on DAG Run:latest_only
[2025-03-21T20:50:03.359+0000] {logging_mixin.py:190} INFO - [2025-03-21T20:50:03.359+0000] {override.py:1912} INFO - Created Permission View: menu access on DAG Run:latest_only
[2025-03-21T20:50:03.364+0000] {logging_mixin.py:190} INFO - [2025-03-21T20:50:03.364+0000] {override.py:1912} INFO - Created Permission View: can read on DAG Run:latest_only
[2025-03-21T20:50:03.369+0000] {logging_mixin.py:190} INFO - [2025-03-21T20:50:03.369+0000] {override.py:1912} INFO - Created Permission View: can delete on DAG Run:latest_only
[2025-03-21T20:50:03.369+0000] {logging_mixin.py:190} INFO - [2025-03-21T20:50:03.369+0000] {dag.py:3239} INFO - Sync 1 DAGs
[2025-03-21T20:50:03.376+0000] {logging_mixin.py:190} INFO - [2025-03-21T20:50:03.376+0000] {dag.py:3262} INFO - Creating ORM DAG for latest_only
[2025-03-21T20:50:03.381+0000] {logging_mixin.py:190} INFO - [2025-03-21T20:50:03.381+0000] {dag.py:4180} INFO - Setting next_dagrun for latest_only to 2025-03-21 16:00:00+00:00, run_after=2025-03-21 20:00:00+00:00
[2025-03-21T20:50:03.393+0000] {processor.py:208} INFO - Processing /home/usmail/sys_fraud/sys_detection_frauds/lib/python3.12/site-packages/airflow/example_dags/example_latest_only.py took 0.169 seconds
[2025-03-21T20:51:04.096+0000] {processor.py:186} INFO - Started process (PID=3724023) to work on /home/usmail/sys_fraud/sys_detection_frauds/lib/python3.12/site-packages/airflow/example_dags/example_latest_only.py
[2025-03-21T20:51:04.098+0000] {processor.py:914} INFO - Processing file /home/usmail/sys_fraud/sys_detection_frauds/lib/python3.12/site-packages/airflow/example_dags/example_latest_only.py for tasks to queue
[2025-03-21T20:51:04.101+0000] {logging_mixin.py:190} INFO - [2025-03-21T20:51:04.101+0000] {dagbag.py:588} INFO - Filling up the DagBag from /home/usmail/sys_fraud/sys_detection_frauds/lib/python3.12/site-packages/airflow/example_dags/example_latest_only.py
[2025-03-21T20:51:04.108+0000] {processor.py:925} INFO - DAG(s) 'latest_only' retrieved from /home/usmail/sys_fraud/sys_detection_frauds/lib/python3.12/site-packages/airflow/example_dags/example_latest_only.py
[2025-03-21T20:51:04.117+0000] {logging_mixin.py:190} INFO - [2025-03-21T20:51:04.117+0000] {dag.py:3239} INFO - Sync 1 DAGs
[2025-03-21T20:51:04.129+0000] {logging_mixin.py:190} INFO - [2025-03-21T20:51:04.129+0000] {dag.py:4180} INFO - Setting next_dagrun for latest_only to 2025-03-21 16:00:00+00:00, run_after=2025-03-21 20:00:00+00:00
[2025-03-21T20:51:04.142+0000] {processor.py:208} INFO - Processing /home/usmail/sys_fraud/sys_detection_frauds/lib/python3.12/site-packages/airflow/example_dags/example_latest_only.py took 0.051 seconds
[2025-03-21T20:51:57.626+0000] {processor.py:186} INFO - Started process (PID=3724742) to work on /home/usmail/sys_fraud/sys_detection_frauds/lib/python3.12/site-packages/airflow/example_dags/example_latest_only.py
[2025-03-21T20:51:57.635+0000] {processor.py:914} INFO - Processing file /home/usmail/sys_fraud/sys_detection_frauds/lib/python3.12/site-packages/airflow/example_dags/example_latest_only.py for tasks to queue
[2025-03-21T20:51:57.636+0000] {logging_mixin.py:190} INFO - [2025-03-21T20:51:57.636+0000] {dagbag.py:588} INFO - Filling up the DagBag from /home/usmail/sys_fraud/sys_detection_frauds/lib/python3.12/site-packages/airflow/example_dags/example_latest_only.py
[2025-03-21T20:51:57.641+0000] {processor.py:925} INFO - DAG(s) 'latest_only' retrieved from /home/usmail/sys_fraud/sys_detection_frauds/lib/python3.12/site-packages/airflow/example_dags/example_latest_only.py
[2025-03-21T20:51:57.652+0000] {logging_mixin.py:190} INFO - [2025-03-21T20:51:57.652+0000] {dag.py:3239} INFO - Sync 1 DAGs
[2025-03-21T20:51:57.665+0000] {logging_mixin.py:190} INFO - [2025-03-21T20:51:57.665+0000] {dag.py:4180} INFO - Setting next_dagrun for latest_only to 2025-03-21 16:00:00+00:00, run_after=2025-03-21 20:00:00+00:00
[2025-03-21T20:51:57.691+0000] {processor.py:208} INFO - Processing /home/usmail/sys_fraud/sys_detection_frauds/lib/python3.12/site-packages/airflow/example_dags/example_latest_only.py took 0.071 seconds
[2025-03-21T20:52:54.304+0000] {processor.py:186} INFO - Started process (PID=3725339) to work on /home/usmail/sys_fraud/sys_detection_frauds/lib/python3.12/site-packages/airflow/example_dags/example_latest_only.py
[2025-03-21T20:52:54.306+0000] {processor.py:914} INFO - Processing file /home/usmail/sys_fraud/sys_detection_frauds/lib/python3.12/site-packages/airflow/example_dags/example_latest_only.py for tasks to queue
[2025-03-21T20:52:54.308+0000] {logging_mixin.py:190} INFO - [2025-03-21T20:52:54.308+0000] {dagbag.py:588} INFO - Filling up the DagBag from /home/usmail/sys_fraud/sys_detection_frauds/lib/python3.12/site-packages/airflow/example_dags/example_latest_only.py
[2025-03-21T20:52:54.315+0000] {processor.py:925} INFO - DAG(s) 'latest_only' retrieved from /home/usmail/sys_fraud/sys_detection_frauds/lib/python3.12/site-packages/airflow/example_dags/example_latest_only.py
[2025-03-21T20:52:54.323+0000] {logging_mixin.py:190} INFO - [2025-03-21T20:52:54.323+0000] {dag.py:3239} INFO - Sync 1 DAGs
[2025-03-21T20:52:54.333+0000] {logging_mixin.py:190} INFO - [2025-03-21T20:52:54.333+0000] {dag.py:4180} INFO - Setting next_dagrun for latest_only to 2025-03-21 16:00:00+00:00, run_after=2025-03-21 20:00:00+00:00
[2025-03-21T20:52:54.352+0000] {processor.py:208} INFO - Processing /home/usmail/sys_fraud/sys_detection_frauds/lib/python3.12/site-packages/airflow/example_dags/example_latest_only.py took 0.055 seconds
[2025-03-21T20:53:46.377+0000] {processor.py:186} INFO - Started process (PID=3725990) to work on /home/usmail/sys_fraud/sys_detection_frauds/lib/python3.12/site-packages/airflow/example_dags/example_latest_only.py
[2025-03-21T20:53:46.386+0000] {processor.py:914} INFO - Processing file /home/usmail/sys_fraud/sys_detection_frauds/lib/python3.12/site-packages/airflow/example_dags/example_latest_only.py for tasks to queue
[2025-03-21T20:53:46.390+0000] {logging_mixin.py:190} INFO - [2025-03-21T20:53:46.389+0000] {dagbag.py:588} INFO - Filling up the DagBag from /home/usmail/sys_fraud/sys_detection_frauds/lib/python3.12/site-packages/airflow/example_dags/example_latest_only.py
[2025-03-21T20:53:46.398+0000] {processor.py:925} INFO - DAG(s) 'latest_only' retrieved from /home/usmail/sys_fraud/sys_detection_frauds/lib/python3.12/site-packages/airflow/example_dags/example_latest_only.py
[2025-03-21T20:53:46.407+0000] {logging_mixin.py:190} INFO - [2025-03-21T20:53:46.407+0000] {dag.py:3239} INFO - Sync 1 DAGs
[2025-03-21T20:53:46.419+0000] {logging_mixin.py:190} INFO - [2025-03-21T20:53:46.419+0000] {dag.py:4180} INFO - Setting next_dagrun for latest_only to 2025-03-21 16:00:00+00:00, run_after=2025-03-21 20:00:00+00:00
[2025-03-21T20:53:46.435+0000] {processor.py:208} INFO - Processing /home/usmail/sys_fraud/sys_detection_frauds/lib/python3.12/site-packages/airflow/example_dags/example_latest_only.py took 0.064 seconds
[2025-03-21T20:54:41.134+0000] {processor.py:186} INFO - Started process (PID=3726674) to work on /home/usmail/sys_fraud/sys_detection_frauds/lib/python3.12/site-packages/airflow/example_dags/example_latest_only.py
[2025-03-21T20:54:41.143+0000] {processor.py:914} INFO - Processing file /home/usmail/sys_fraud/sys_detection_frauds/lib/python3.12/site-packages/airflow/example_dags/example_latest_only.py for tasks to queue
[2025-03-21T20:54:41.145+0000] {logging_mixin.py:190} INFO - [2025-03-21T20:54:41.144+0000] {dagbag.py:588} INFO - Filling up the DagBag from /home/usmail/sys_fraud/sys_detection_frauds/lib/python3.12/site-packages/airflow/example_dags/example_latest_only.py
[2025-03-21T20:54:41.150+0000] {processor.py:925} INFO - DAG(s) 'latest_only' retrieved from /home/usmail/sys_fraud/sys_detection_frauds/lib/python3.12/site-packages/airflow/example_dags/example_latest_only.py
[2025-03-21T20:54:41.161+0000] {logging_mixin.py:190} INFO - [2025-03-21T20:54:41.161+0000] {dag.py:3239} INFO - Sync 1 DAGs
[2025-03-21T20:54:41.173+0000] {logging_mixin.py:190} INFO - [2025-03-21T20:54:41.173+0000] {dag.py:4180} INFO - Setting next_dagrun for latest_only to 2025-03-21 16:00:00+00:00, run_after=2025-03-21 20:00:00+00:00
[2025-03-21T20:54:41.189+0000] {processor.py:208} INFO - Processing /home/usmail/sys_fraud/sys_detection_frauds/lib/python3.12/site-packages/airflow/example_dags/example_latest_only.py took 0.061 seconds
[2025-03-21T20:55:31.825+0000] {processor.py:186} INFO - Started process (PID=3727281) to work on /home/usmail/sys_fraud/sys_detection_frauds/lib/python3.12/site-packages/airflow/example_dags/example_latest_only.py
[2025-03-21T20:55:31.833+0000] {processor.py:914} INFO - Processing file /home/usmail/sys_fraud/sys_detection_frauds/lib/python3.12/site-packages/airflow/example_dags/example_latest_only.py for tasks to queue
[2025-03-21T20:55:31.837+0000] {logging_mixin.py:190} INFO - [2025-03-21T20:55:31.836+0000] {dagbag.py:588} INFO - Filling up the DagBag from /home/usmail/sys_fraud/sys_detection_frauds/lib/python3.12/site-packages/airflow/example_dags/example_latest_only.py
[2025-03-21T20:55:31.845+0000] {processor.py:925} INFO - DAG(s) 'latest_only' retrieved from /home/usmail/sys_fraud/sys_detection_frauds/lib/python3.12/site-packages/airflow/example_dags/example_latest_only.py
[2025-03-21T20:55:31.854+0000] {logging_mixin.py:190} INFO - [2025-03-21T20:55:31.854+0000] {dag.py:3239} INFO - Sync 1 DAGs
[2025-03-21T20:55:31.866+0000] {logging_mixin.py:190} INFO - [2025-03-21T20:55:31.865+0000] {dag.py:4180} INFO - Setting next_dagrun for latest_only to 2025-03-21 16:00:00+00:00, run_after=2025-03-21 20:00:00+00:00
[2025-03-21T20:55:31.878+0000] {processor.py:208} INFO - Processing /home/usmail/sys_fraud/sys_detection_frauds/lib/python3.12/site-packages/airflow/example_dags/example_latest_only.py took 0.057 seconds
[2025-03-21T20:56:23.013+0000] {processor.py:186} INFO - Started process (PID=3727989) to work on /home/usmail/sys_fraud/sys_detection_frauds/lib/python3.12/site-packages/airflow/example_dags/example_latest_only.py
[2025-03-21T20:56:23.024+0000] {processor.py:914} INFO - Processing file /home/usmail/sys_fraud/sys_detection_frauds/lib/python3.12/site-packages/airflow/example_dags/example_latest_only.py for tasks to queue
[2025-03-21T20:56:23.026+0000] {logging_mixin.py:190} INFO - [2025-03-21T20:56:23.025+0000] {dagbag.py:588} INFO - Filling up the DagBag from /home/usmail/sys_fraud/sys_detection_frauds/lib/python3.12/site-packages/airflow/example_dags/example_latest_only.py
[2025-03-21T20:56:23.032+0000] {processor.py:925} INFO - DAG(s) 'latest_only' retrieved from /home/usmail/sys_fraud/sys_detection_frauds/lib/python3.12/site-packages/airflow/example_dags/example_latest_only.py
[2025-03-21T20:56:23.047+0000] {logging_mixin.py:190} INFO - [2025-03-21T20:56:23.046+0000] {dag.py:3239} INFO - Sync 1 DAGs
[2025-03-21T20:56:23.060+0000] {logging_mixin.py:190} INFO - [2025-03-21T20:56:23.060+0000] {dag.py:4180} INFO - Setting next_dagrun for latest_only to 2025-03-21 16:00:00+00:00, run_after=2025-03-21 20:00:00+00:00
[2025-03-21T20:56:23.074+0000] {processor.py:208} INFO - Processing /home/usmail/sys_fraud/sys_detection_frauds/lib/python3.12/site-packages/airflow/example_dags/example_latest_only.py took 0.068 seconds
[2025-03-21T20:57:15.852+0000] {processor.py:186} INFO - Started process (PID=3728793) to work on /home/usmail/sys_fraud/sys_detection_frauds/lib/python3.12/site-packages/airflow/example_dags/example_latest_only.py
[2025-03-21T20:57:15.861+0000] {processor.py:914} INFO - Processing file /home/usmail/sys_fraud/sys_detection_frauds/lib/python3.12/site-packages/airflow/example_dags/example_latest_only.py for tasks to queue
[2025-03-21T20:57:15.862+0000] {logging_mixin.py:190} INFO - [2025-03-21T20:57:15.862+0000] {dagbag.py:588} INFO - Filling up the DagBag from /home/usmail/sys_fraud/sys_detection_frauds/lib/python3.12/site-packages/airflow/example_dags/example_latest_only.py
[2025-03-21T20:57:15.871+0000] {processor.py:925} INFO - DAG(s) 'latest_only' retrieved from /home/usmail/sys_fraud/sys_detection_frauds/lib/python3.12/site-packages/airflow/example_dags/example_latest_only.py
[2025-03-21T20:57:15.882+0000] {logging_mixin.py:190} INFO - [2025-03-21T20:57:15.881+0000] {dag.py:3239} INFO - Sync 1 DAGs
[2025-03-21T20:57:15.896+0000] {logging_mixin.py:190} INFO - [2025-03-21T20:57:15.896+0000] {dag.py:4180} INFO - Setting next_dagrun for latest_only to 2025-03-21 16:00:00+00:00, run_after=2025-03-21 20:00:00+00:00
[2025-03-21T20:57:15.912+0000] {processor.py:208} INFO - Processing /home/usmail/sys_fraud/sys_detection_frauds/lib/python3.12/site-packages/airflow/example_dags/example_latest_only.py took 0.067 seconds
[2025-03-21T20:58:08.489+0000] {processor.py:186} INFO - Started process (PID=3729329) to work on /home/usmail/sys_fraud/sys_detection_frauds/lib/python3.12/site-packages/airflow/example_dags/example_latest_only.py
[2025-03-21T20:58:08.498+0000] {processor.py:914} INFO - Processing file /home/usmail/sys_fraud/sys_detection_frauds/lib/python3.12/site-packages/airflow/example_dags/example_latest_only.py for tasks to queue
[2025-03-21T20:58:08.501+0000] {logging_mixin.py:190} INFO - [2025-03-21T20:58:08.501+0000] {dagbag.py:588} INFO - Filling up the DagBag from /home/usmail/sys_fraud/sys_detection_frauds/lib/python3.12/site-packages/airflow/example_dags/example_latest_only.py
[2025-03-21T20:58:08.510+0000] {processor.py:925} INFO - DAG(s) 'latest_only' retrieved from /home/usmail/sys_fraud/sys_detection_frauds/lib/python3.12/site-packages/airflow/example_dags/example_latest_only.py
[2025-03-21T20:58:08.519+0000] {logging_mixin.py:190} INFO - [2025-03-21T20:58:08.518+0000] {dag.py:3239} INFO - Sync 1 DAGs
[2025-03-21T20:58:08.530+0000] {logging_mixin.py:190} INFO - [2025-03-21T20:58:08.530+0000] {dag.py:4180} INFO - Setting next_dagrun for latest_only to 2025-03-21 16:00:00+00:00, run_after=2025-03-21 20:00:00+00:00
[2025-03-21T20:58:08.558+0000] {processor.py:208} INFO - Processing /home/usmail/sys_fraud/sys_detection_frauds/lib/python3.12/site-packages/airflow/example_dags/example_latest_only.py took 0.077 seconds
[2025-03-21T20:59:54.410+0000] {processor.py:186} INFO - Started process (PID=3730790) to work on /home/usmail/sys_fraud/sys_detection_frauds/lib/python3.12/site-packages/airflow/example_dags/example_latest_only.py
[2025-03-21T20:59:54.419+0000] {processor.py:914} INFO - Processing file /home/usmail/sys_fraud/sys_detection_frauds/lib/python3.12/site-packages/airflow/example_dags/example_latest_only.py for tasks to queue
[2025-03-21T20:59:54.422+0000] {logging_mixin.py:190} INFO - [2025-03-21T20:59:54.422+0000] {dagbag.py:588} INFO - Filling up the DagBag from /home/usmail/sys_fraud/sys_detection_frauds/lib/python3.12/site-packages/airflow/example_dags/example_latest_only.py
[2025-03-21T20:59:54.430+0000] {processor.py:925} INFO - DAG(s) 'latest_only' retrieved from /home/usmail/sys_fraud/sys_detection_frauds/lib/python3.12/site-packages/airflow/example_dags/example_latest_only.py
[2025-03-21T20:59:54.438+0000] {logging_mixin.py:190} INFO - [2025-03-21T20:59:54.438+0000] {dag.py:3239} INFO - Sync 1 DAGs
[2025-03-21T20:59:54.449+0000] {logging_mixin.py:190} INFO - [2025-03-21T20:59:54.449+0000] {dag.py:4180} INFO - Setting next_dagrun for latest_only to 2025-03-21 16:00:00+00:00, run_after=2025-03-21 20:00:00+00:00
[2025-03-21T20:59:54.474+0000] {processor.py:208} INFO - Processing /home/usmail/sys_fraud/sys_detection_frauds/lib/python3.12/site-packages/airflow/example_dags/example_latest_only.py took 0.068 seconds
[2025-03-21T21:00:53.134+0000] {processor.py:186} INFO - Started process (PID=3731545) to work on /home/usmail/sys_fraud/sys_detection_frauds/lib/python3.12/site-packages/airflow/example_dags/example_latest_only.py
[2025-03-21T21:00:53.143+0000] {processor.py:914} INFO - Processing file /home/usmail/sys_fraud/sys_detection_frauds/lib/python3.12/site-packages/airflow/example_dags/example_latest_only.py for tasks to queue
[2025-03-21T21:00:53.145+0000] {logging_mixin.py:190} INFO - [2025-03-21T21:00:53.145+0000] {dagbag.py:588} INFO - Filling up the DagBag from /home/usmail/sys_fraud/sys_detection_frauds/lib/python3.12/site-packages/airflow/example_dags/example_latest_only.py
[2025-03-21T21:00:53.152+0000] {processor.py:925} INFO - DAG(s) 'latest_only' retrieved from /home/usmail/sys_fraud/sys_detection_frauds/lib/python3.12/site-packages/airflow/example_dags/example_latest_only.py
[2025-03-21T21:00:53.161+0000] {logging_mixin.py:190} INFO - [2025-03-21T21:00:53.161+0000] {dag.py:3239} INFO - Sync 1 DAGs
[2025-03-21T21:00:53.172+0000] {logging_mixin.py:190} INFO - [2025-03-21T21:00:53.172+0000] {dag.py:4180} INFO - Setting next_dagrun for latest_only to 2025-03-21 16:00:00+00:00, run_after=2025-03-21 20:00:00+00:00
[2025-03-21T21:00:53.184+0000] {processor.py:208} INFO - Processing /home/usmail/sys_fraud/sys_detection_frauds/lib/python3.12/site-packages/airflow/example_dags/example_latest_only.py took 0.055 seconds
[2025-03-21T21:01:47.395+0000] {processor.py:186} INFO - Started process (PID=3732229) to work on /home/usmail/sys_fraud/sys_detection_frauds/lib/python3.12/site-packages/airflow/example_dags/example_latest_only.py
[2025-03-21T21:01:47.404+0000] {processor.py:914} INFO - Processing file /home/usmail/sys_fraud/sys_detection_frauds/lib/python3.12/site-packages/airflow/example_dags/example_latest_only.py for tasks to queue
[2025-03-21T21:01:47.406+0000] {logging_mixin.py:190} INFO - [2025-03-21T21:01:47.405+0000] {dagbag.py:588} INFO - Filling up the DagBag from /home/usmail/sys_fraud/sys_detection_frauds/lib/python3.12/site-packages/airflow/example_dags/example_latest_only.py
[2025-03-21T21:01:47.411+0000] {processor.py:925} INFO - DAG(s) 'latest_only' retrieved from /home/usmail/sys_fraud/sys_detection_frauds/lib/python3.12/site-packages/airflow/example_dags/example_latest_only.py
[2025-03-21T21:01:47.419+0000] {logging_mixin.py:190} INFO - [2025-03-21T21:01:47.419+0000] {dag.py:3239} INFO - Sync 1 DAGs
[2025-03-21T21:01:47.431+0000] {logging_mixin.py:190} INFO - [2025-03-21T21:01:47.431+0000] {dag.py:4180} INFO - Setting next_dagrun for latest_only to 2025-03-21 16:00:00+00:00, run_after=2025-03-21 20:00:00+00:00
[2025-03-21T21:01:47.444+0000] {processor.py:208} INFO - Processing /home/usmail/sys_fraud/sys_detection_frauds/lib/python3.12/site-packages/airflow/example_dags/example_latest_only.py took 0.057 seconds
[2025-03-21T21:02:44.087+0000] {processor.py:186} INFO - Started process (PID=3732895) to work on /home/usmail/sys_fraud/sys_detection_frauds/lib/python3.12/site-packages/airflow/example_dags/example_latest_only.py
[2025-03-21T21:02:44.096+0000] {processor.py:914} INFO - Processing file /home/usmail/sys_fraud/sys_detection_frauds/lib/python3.12/site-packages/airflow/example_dags/example_latest_only.py for tasks to queue
[2025-03-21T21:02:44.097+0000] {logging_mixin.py:190} INFO - [2025-03-21T21:02:44.097+0000] {dagbag.py:588} INFO - Filling up the DagBag from /home/usmail/sys_fraud/sys_detection_frauds/lib/python3.12/site-packages/airflow/example_dags/example_latest_only.py
[2025-03-21T21:02:44.106+0000] {processor.py:925} INFO - DAG(s) 'latest_only' retrieved from /home/usmail/sys_fraud/sys_detection_frauds/lib/python3.12/site-packages/airflow/example_dags/example_latest_only.py
[2025-03-21T21:02:44.115+0000] {logging_mixin.py:190} INFO - [2025-03-21T21:02:44.115+0000] {dag.py:3239} INFO - Sync 1 DAGs
[2025-03-21T21:02:44.130+0000] {logging_mixin.py:190} INFO - [2025-03-21T21:02:44.130+0000] {dag.py:4180} INFO - Setting next_dagrun for latest_only to 2025-03-21 16:00:00+00:00, run_after=2025-03-21 20:00:00+00:00
[2025-03-21T21:02:44.156+0000] {processor.py:208} INFO - Processing /home/usmail/sys_fraud/sys_detection_frauds/lib/python3.12/site-packages/airflow/example_dags/example_latest_only.py took 0.077 seconds
[2025-03-21T21:03:36.970+0000] {processor.py:186} INFO - Started process (PID=3733654) to work on /home/usmail/sys_fraud/sys_detection_frauds/lib/python3.12/site-packages/airflow/example_dags/example_latest_only.py
[2025-03-21T21:03:36.979+0000] {processor.py:914} INFO - Processing file /home/usmail/sys_fraud/sys_detection_frauds/lib/python3.12/site-packages/airflow/example_dags/example_latest_only.py for tasks to queue
[2025-03-21T21:03:36.980+0000] {logging_mixin.py:190} INFO - [2025-03-21T21:03:36.980+0000] {dagbag.py:588} INFO - Filling up the DagBag from /home/usmail/sys_fraud/sys_detection_frauds/lib/python3.12/site-packages/airflow/example_dags/example_latest_only.py
[2025-03-21T21:03:36.987+0000] {processor.py:925} INFO - DAG(s) 'latest_only' retrieved from /home/usmail/sys_fraud/sys_detection_frauds/lib/python3.12/site-packages/airflow/example_dags/example_latest_only.py
[2025-03-21T21:03:36.997+0000] {logging_mixin.py:190} INFO - [2025-03-21T21:03:36.997+0000] {dag.py:3239} INFO - Sync 1 DAGs
[2025-03-21T21:03:37.017+0000] {logging_mixin.py:190} INFO - [2025-03-21T21:03:37.016+0000] {dag.py:4180} INFO - Setting next_dagrun for latest_only to 2025-03-21 16:00:00+00:00, run_after=2025-03-21 20:00:00+00:00
[2025-03-21T21:03:37.133+0000] {processor.py:208} INFO - Processing /home/usmail/sys_fraud/sys_detection_frauds/lib/python3.12/site-packages/airflow/example_dags/example_latest_only.py took 0.167 seconds
[2025-03-21T21:04:33.093+0000] {processor.py:186} INFO - Started process (PID=3734412) to work on /home/usmail/sys_fraud/sys_detection_frauds/lib/python3.12/site-packages/airflow/example_dags/example_latest_only.py
[2025-03-21T21:04:33.102+0000] {processor.py:914} INFO - Processing file /home/usmail/sys_fraud/sys_detection_frauds/lib/python3.12/site-packages/airflow/example_dags/example_latest_only.py for tasks to queue
[2025-03-21T21:04:33.105+0000] {logging_mixin.py:190} INFO - [2025-03-21T21:04:33.104+0000] {dagbag.py:588} INFO - Filling up the DagBag from /home/usmail/sys_fraud/sys_detection_frauds/lib/python3.12/site-packages/airflow/example_dags/example_latest_only.py
[2025-03-21T21:04:33.113+0000] {processor.py:925} INFO - DAG(s) 'latest_only' retrieved from /home/usmail/sys_fraud/sys_detection_frauds/lib/python3.12/site-packages/airflow/example_dags/example_latest_only.py
[2025-03-21T21:04:33.121+0000] {logging_mixin.py:190} INFO - [2025-03-21T21:04:33.121+0000] {dag.py:3239} INFO - Sync 1 DAGs
[2025-03-21T21:04:33.133+0000] {logging_mixin.py:190} INFO - [2025-03-21T21:04:33.133+0000] {dag.py:4180} INFO - Setting next_dagrun for latest_only to 2025-03-21 16:00:00+00:00, run_after=2025-03-21 20:00:00+00:00
[2025-03-21T21:04:33.145+0000] {processor.py:208} INFO - Processing /home/usmail/sys_fraud/sys_detection_frauds/lib/python3.12/site-packages/airflow/example_dags/example_latest_only.py took 0.064 seconds
[2025-03-21T21:05:26.519+0000] {processor.py:186} INFO - Started process (PID=3735263) to work on /home/usmail/sys_fraud/sys_detection_frauds/lib/python3.12/site-packages/airflow/example_dags/example_latest_only.py
[2025-03-21T21:05:26.528+0000] {processor.py:914} INFO - Processing file /home/usmail/sys_fraud/sys_detection_frauds/lib/python3.12/site-packages/airflow/example_dags/example_latest_only.py for tasks to queue
[2025-03-21T21:05:26.531+0000] {logging_mixin.py:190} INFO - [2025-03-21T21:05:26.530+0000] {dagbag.py:588} INFO - Filling up the DagBag from /home/usmail/sys_fraud/sys_detection_frauds/lib/python3.12/site-packages/airflow/example_dags/example_latest_only.py
[2025-03-21T21:05:26.539+0000] {processor.py:925} INFO - DAG(s) 'latest_only' retrieved from /home/usmail/sys_fraud/sys_detection_frauds/lib/python3.12/site-packages/airflow/example_dags/example_latest_only.py
[2025-03-21T21:05:26.547+0000] {logging_mixin.py:190} INFO - [2025-03-21T21:05:26.547+0000] {dag.py:3239} INFO - Sync 1 DAGs
[2025-03-21T21:05:26.558+0000] {logging_mixin.py:190} INFO - [2025-03-21T21:05:26.558+0000] {dag.py:4180} INFO - Setting next_dagrun for latest_only to 2025-03-21 16:00:00+00:00, run_after=2025-03-21 20:00:00+00:00
[2025-03-21T21:05:26.570+0000] {processor.py:208} INFO - Processing /home/usmail/sys_fraud/sys_detection_frauds/lib/python3.12/site-packages/airflow/example_dags/example_latest_only.py took 0.062 seconds
[2025-03-21T21:06:19.677+0000] {processor.py:186} INFO - Started process (PID=3735907) to work on /home/usmail/sys_fraud/sys_detection_frauds/lib/python3.12/site-packages/airflow/example_dags/example_latest_only.py
[2025-03-21T21:06:19.678+0000] {processor.py:914} INFO - Processing file /home/usmail/sys_fraud/sys_detection_frauds/lib/python3.12/site-packages/airflow/example_dags/example_latest_only.py for tasks to queue
[2025-03-21T21:06:19.680+0000] {logging_mixin.py:190} INFO - [2025-03-21T21:06:19.680+0000] {dagbag.py:588} INFO - Filling up the DagBag from /home/usmail/sys_fraud/sys_detection_frauds/lib/python3.12/site-packages/airflow/example_dags/example_latest_only.py
[2025-03-21T21:06:19.686+0000] {processor.py:925} INFO - DAG(s) 'latest_only' retrieved from /home/usmail/sys_fraud/sys_detection_frauds/lib/python3.12/site-packages/airflow/example_dags/example_latest_only.py
[2025-03-21T21:06:19.694+0000] {logging_mixin.py:190} INFO - [2025-03-21T21:06:19.693+0000] {dag.py:3239} INFO - Sync 1 DAGs
[2025-03-21T21:06:19.705+0000] {logging_mixin.py:190} INFO - [2025-03-21T21:06:19.705+0000] {dag.py:4180} INFO - Setting next_dagrun for latest_only to 2025-03-21 16:00:00+00:00, run_after=2025-03-21 20:00:00+00:00
[2025-03-21T21:06:19.727+0000] {processor.py:208} INFO - Processing /home/usmail/sys_fraud/sys_detection_frauds/lib/python3.12/site-packages/airflow/example_dags/example_latest_only.py took 0.058 seconds
[2025-03-21T21:07:12.801+0000] {processor.py:186} INFO - Started process (PID=3737211) to work on /home/usmail/sys_fraud/sys_detection_frauds/lib/python3.12/site-packages/airflow/example_dags/example_latest_only.py
[2025-03-21T21:07:12.801+0000] {processor.py:914} INFO - Processing file /home/usmail/sys_fraud/sys_detection_frauds/lib/python3.12/site-packages/airflow/example_dags/example_latest_only.py for tasks to queue
[2025-03-21T21:07:12.803+0000] {logging_mixin.py:190} INFO - [2025-03-21T21:07:12.803+0000] {dagbag.py:588} INFO - Filling up the DagBag from /home/usmail/sys_fraud/sys_detection_frauds/lib/python3.12/site-packages/airflow/example_dags/example_latest_only.py
[2025-03-21T21:07:12.808+0000] {processor.py:925} INFO - DAG(s) 'latest_only' retrieved from /home/usmail/sys_fraud/sys_detection_frauds/lib/python3.12/site-packages/airflow/example_dags/example_latest_only.py
[2025-03-21T21:07:12.819+0000] {logging_mixin.py:190} INFO - [2025-03-21T21:07:12.819+0000] {dag.py:3239} INFO - Sync 1 DAGs
[2025-03-21T21:07:12.834+0000] {logging_mixin.py:190} INFO - [2025-03-21T21:07:12.834+0000] {dag.py:4180} INFO - Setting next_dagrun for latest_only to 2025-03-21 16:00:00+00:00, run_after=2025-03-21 20:00:00+00:00
[2025-03-21T21:07:12.848+0000] {processor.py:208} INFO - Processing /home/usmail/sys_fraud/sys_detection_frauds/lib/python3.12/site-packages/airflow/example_dags/example_latest_only.py took 0.052 seconds
[2025-03-21T21:08:08.042+0000] {processor.py:186} INFO - Started process (PID=3737931) to work on /home/usmail/sys_fraud/sys_detection_frauds/lib/python3.12/site-packages/airflow/example_dags/example_latest_only.py
[2025-03-21T21:08:08.052+0000] {processor.py:914} INFO - Processing file /home/usmail/sys_fraud/sys_detection_frauds/lib/python3.12/site-packages/airflow/example_dags/example_latest_only.py for tasks to queue
[2025-03-21T21:08:08.055+0000] {logging_mixin.py:190} INFO - [2025-03-21T21:08:08.054+0000] {dagbag.py:588} INFO - Filling up the DagBag from /home/usmail/sys_fraud/sys_detection_frauds/lib/python3.12/site-packages/airflow/example_dags/example_latest_only.py
[2025-03-21T21:08:08.067+0000] {processor.py:925} INFO - DAG(s) 'latest_only' retrieved from /home/usmail/sys_fraud/sys_detection_frauds/lib/python3.12/site-packages/airflow/example_dags/example_latest_only.py
[2025-03-21T21:08:08.090+0000] {logging_mixin.py:190} INFO - [2025-03-21T21:08:08.089+0000] {dag.py:3239} INFO - Sync 1 DAGs
[2025-03-21T21:08:08.114+0000] {logging_mixin.py:190} INFO - [2025-03-21T21:08:08.114+0000] {dag.py:4180} INFO - Setting next_dagrun for latest_only to 2025-03-21 16:00:00+00:00, run_after=2025-03-21 20:00:00+00:00
[2025-03-21T21:08:08.145+0000] {processor.py:208} INFO - Processing /home/usmail/sys_fraud/sys_detection_frauds/lib/python3.12/site-packages/airflow/example_dags/example_latest_only.py took 0.115 seconds
[2025-03-21T21:09:10.512+0000] {processor.py:186} INFO - Started process (PID=3738802) to work on /home/usmail/sys_fraud/sys_detection_frauds/lib/python3.12/site-packages/airflow/example_dags/example_latest_only.py
[2025-03-21T21:09:10.514+0000] {processor.py:914} INFO - Processing file /home/usmail/sys_fraud/sys_detection_frauds/lib/python3.12/site-packages/airflow/example_dags/example_latest_only.py for tasks to queue
[2025-03-21T21:09:10.516+0000] {logging_mixin.py:190} INFO - [2025-03-21T21:09:10.515+0000] {dagbag.py:588} INFO - Filling up the DagBag from /home/usmail/sys_fraud/sys_detection_frauds/lib/python3.12/site-packages/airflow/example_dags/example_latest_only.py
[2025-03-21T21:09:10.524+0000] {processor.py:925} INFO - DAG(s) 'latest_only' retrieved from /home/usmail/sys_fraud/sys_detection_frauds/lib/python3.12/site-packages/airflow/example_dags/example_latest_only.py
[2025-03-21T21:09:10.537+0000] {logging_mixin.py:190} INFO - [2025-03-21T21:09:10.537+0000] {dag.py:3239} INFO - Sync 1 DAGs
[2025-03-21T21:09:10.560+0000] {logging_mixin.py:190} INFO - [2025-03-21T21:09:10.559+0000] {dag.py:4180} INFO - Setting next_dagrun for latest_only to 2025-03-21 16:00:00+00:00, run_after=2025-03-21 20:00:00+00:00
[2025-03-21T21:09:10.583+0000] {processor.py:208} INFO - Processing /home/usmail/sys_fraud/sys_detection_frauds/lib/python3.12/site-packages/airflow/example_dags/example_latest_only.py took 0.077 seconds
[2025-03-21T21:10:06.281+0000] {processor.py:186} INFO - Started process (PID=3739552) to work on /home/usmail/sys_fraud/sys_detection_frauds/lib/python3.12/site-packages/airflow/example_dags/example_latest_only.py
[2025-03-21T21:10:06.290+0000] {processor.py:914} INFO - Processing file /home/usmail/sys_fraud/sys_detection_frauds/lib/python3.12/site-packages/airflow/example_dags/example_latest_only.py for tasks to queue
[2025-03-21T21:10:06.293+0000] {logging_mixin.py:190} INFO - [2025-03-21T21:10:06.293+0000] {dagbag.py:588} INFO - Filling up the DagBag from /home/usmail/sys_fraud/sys_detection_frauds/lib/python3.12/site-packages/airflow/example_dags/example_latest_only.py
[2025-03-21T21:10:06.306+0000] {processor.py:925} INFO - DAG(s) 'latest_only' retrieved from /home/usmail/sys_fraud/sys_detection_frauds/lib/python3.12/site-packages/airflow/example_dags/example_latest_only.py
[2025-03-21T21:10:06.329+0000] {logging_mixin.py:190} INFO - [2025-03-21T21:10:06.328+0000] {dag.py:3239} INFO - Sync 1 DAGs
[2025-03-21T21:10:06.351+0000] {logging_mixin.py:190} INFO - [2025-03-21T21:10:06.351+0000] {dag.py:4180} INFO - Setting next_dagrun for latest_only to 2025-03-21 16:00:00+00:00, run_after=2025-03-21 20:00:00+00:00
[2025-03-21T21:10:06.375+0000] {processor.py:208} INFO - Processing /home/usmail/sys_fraud/sys_detection_frauds/lib/python3.12/site-packages/airflow/example_dags/example_latest_only.py took 0.107 seconds
[2025-03-21T21:11:03.561+0000] {processor.py:186} INFO - Started process (PID=3741180) to work on /home/usmail/sys_fraud/sys_detection_frauds/lib/python3.12/site-packages/airflow/example_dags/example_latest_only.py
[2025-03-21T21:11:03.570+0000] {processor.py:914} INFO - Processing file /home/usmail/sys_fraud/sys_detection_frauds/lib/python3.12/site-packages/airflow/example_dags/example_latest_only.py for tasks to queue
[2025-03-21T21:11:03.571+0000] {logging_mixin.py:190} INFO - [2025-03-21T21:11:03.571+0000] {dagbag.py:588} INFO - Filling up the DagBag from /home/usmail/sys_fraud/sys_detection_frauds/lib/python3.12/site-packages/airflow/example_dags/example_latest_only.py
[2025-03-21T21:11:03.576+0000] {processor.py:925} INFO - DAG(s) 'latest_only' retrieved from /home/usmail/sys_fraud/sys_detection_frauds/lib/python3.12/site-packages/airflow/example_dags/example_latest_only.py
[2025-03-21T21:11:03.588+0000] {logging_mixin.py:190} INFO - [2025-03-21T21:11:03.587+0000] {dag.py:3239} INFO - Sync 1 DAGs
[2025-03-21T21:11:03.603+0000] {logging_mixin.py:190} INFO - [2025-03-21T21:11:03.603+0000] {dag.py:4180} INFO - Setting next_dagrun for latest_only to 2025-03-21 16:00:00+00:00, run_after=2025-03-21 20:00:00+00:00
[2025-03-21T21:11:03.623+0000] {processor.py:208} INFO - Processing /home/usmail/sys_fraud/sys_detection_frauds/lib/python3.12/site-packages/airflow/example_dags/example_latest_only.py took 0.067 seconds
[2025-03-21T21:11:59.897+0000] {processor.py:186} INFO - Started process (PID=3742285) to work on /home/usmail/sys_fraud/sys_detection_frauds/lib/python3.12/site-packages/airflow/example_dags/example_latest_only.py
[2025-03-21T21:11:59.905+0000] {processor.py:914} INFO - Processing file /home/usmail/sys_fraud/sys_detection_frauds/lib/python3.12/site-packages/airflow/example_dags/example_latest_only.py for tasks to queue
[2025-03-21T21:11:59.907+0000] {logging_mixin.py:190} INFO - [2025-03-21T21:11:59.906+0000] {dagbag.py:588} INFO - Filling up the DagBag from /home/usmail/sys_fraud/sys_detection_frauds/lib/python3.12/site-packages/airflow/example_dags/example_latest_only.py
[2025-03-21T21:11:59.912+0000] {processor.py:925} INFO - DAG(s) 'latest_only' retrieved from /home/usmail/sys_fraud/sys_detection_frauds/lib/python3.12/site-packages/airflow/example_dags/example_latest_only.py
[2025-03-21T21:11:59.924+0000] {logging_mixin.py:190} INFO - [2025-03-21T21:11:59.923+0000] {dag.py:3239} INFO - Sync 1 DAGs
[2025-03-21T21:11:59.940+0000] {logging_mixin.py:190} INFO - [2025-03-21T21:11:59.940+0000] {dag.py:4180} INFO - Setting next_dagrun for latest_only to 2025-03-21 16:00:00+00:00, run_after=2025-03-21 20:00:00+00:00
[2025-03-21T21:11:59.966+0000] {processor.py:208} INFO - Processing /home/usmail/sys_fraud/sys_detection_frauds/lib/python3.12/site-packages/airflow/example_dags/example_latest_only.py took 0.076 seconds
[2025-03-21T21:12:53.032+0000] {processor.py:186} INFO - Started process (PID=3743290) to work on /home/usmail/sys_fraud/sys_detection_frauds/lib/python3.12/site-packages/airflow/example_dags/example_latest_only.py
[2025-03-21T21:12:53.041+0000] {processor.py:914} INFO - Processing file /home/usmail/sys_fraud/sys_detection_frauds/lib/python3.12/site-packages/airflow/example_dags/example_latest_only.py for tasks to queue
[2025-03-21T21:12:53.042+0000] {logging_mixin.py:190} INFO - [2025-03-21T21:12:53.042+0000] {dagbag.py:588} INFO - Filling up the DagBag from /home/usmail/sys_fraud/sys_detection_frauds/lib/python3.12/site-packages/airflow/example_dags/example_latest_only.py
[2025-03-21T21:12:53.048+0000] {processor.py:925} INFO - DAG(s) 'latest_only' retrieved from /home/usmail/sys_fraud/sys_detection_frauds/lib/python3.12/site-packages/airflow/example_dags/example_latest_only.py
[2025-03-21T21:12:53.058+0000] {logging_mixin.py:190} INFO - [2025-03-21T21:12:53.058+0000] {dag.py:3239} INFO - Sync 1 DAGs
[2025-03-21T21:12:53.074+0000] {logging_mixin.py:190} INFO - [2025-03-21T21:12:53.073+0000] {dag.py:4180} INFO - Setting next_dagrun for latest_only to 2025-03-21 16:00:00+00:00, run_after=2025-03-21 20:00:00+00:00
[2025-03-21T21:12:53.094+0000] {processor.py:208} INFO - Processing /home/usmail/sys_fraud/sys_detection_frauds/lib/python3.12/site-packages/airflow/example_dags/example_latest_only.py took 0.067 seconds
[2025-03-21T21:13:45.703+0000] {processor.py:186} INFO - Started process (PID=3744244) to work on /home/usmail/sys_fraud/sys_detection_frauds/lib/python3.12/site-packages/airflow/example_dags/example_latest_only.py
[2025-03-21T21:13:45.711+0000] {processor.py:914} INFO - Processing file /home/usmail/sys_fraud/sys_detection_frauds/lib/python3.12/site-packages/airflow/example_dags/example_latest_only.py for tasks to queue
[2025-03-21T21:13:45.713+0000] {logging_mixin.py:190} INFO - [2025-03-21T21:13:45.713+0000] {dagbag.py:588} INFO - Filling up the DagBag from /home/usmail/sys_fraud/sys_detection_frauds/lib/python3.12/site-packages/airflow/example_dags/example_latest_only.py
[2025-03-21T21:13:45.718+0000] {processor.py:925} INFO - DAG(s) 'latest_only' retrieved from /home/usmail/sys_fraud/sys_detection_frauds/lib/python3.12/site-packages/airflow/example_dags/example_latest_only.py
[2025-03-21T21:13:45.729+0000] {logging_mixin.py:190} INFO - [2025-03-21T21:13:45.728+0000] {dag.py:3239} INFO - Sync 1 DAGs
[2025-03-21T21:13:45.744+0000] {logging_mixin.py:190} INFO - [2025-03-21T21:13:45.744+0000] {dag.py:4180} INFO - Setting next_dagrun for latest_only to 2025-03-21 16:00:00+00:00, run_after=2025-03-21 20:00:00+00:00
[2025-03-21T21:13:45.764+0000] {processor.py:208} INFO - Processing /home/usmail/sys_fraud/sys_detection_frauds/lib/python3.12/site-packages/airflow/example_dags/example_latest_only.py took 0.066 seconds
[2025-03-21T21:14:39.642+0000] {processor.py:186} INFO - Started process (PID=3745009) to work on /home/usmail/sys_fraud/sys_detection_frauds/lib/python3.12/site-packages/airflow/example_dags/example_latest_only.py
[2025-03-21T21:14:39.651+0000] {processor.py:914} INFO - Processing file /home/usmail/sys_fraud/sys_detection_frauds/lib/python3.12/site-packages/airflow/example_dags/example_latest_only.py for tasks to queue
[2025-03-21T21:14:39.654+0000] {logging_mixin.py:190} INFO - [2025-03-21T21:14:39.654+0000] {dagbag.py:588} INFO - Filling up the DagBag from /home/usmail/sys_fraud/sys_detection_frauds/lib/python3.12/site-packages/airflow/example_dags/example_latest_only.py
[2025-03-21T21:14:39.664+0000] {processor.py:925} INFO - DAG(s) 'latest_only' retrieved from /home/usmail/sys_fraud/sys_detection_frauds/lib/python3.12/site-packages/airflow/example_dags/example_latest_only.py
[2025-03-21T21:14:39.686+0000] {logging_mixin.py:190} INFO - [2025-03-21T21:14:39.686+0000] {dag.py:3239} INFO - Sync 1 DAGs
[2025-03-21T21:14:39.714+0000] {logging_mixin.py:190} INFO - [2025-03-21T21:14:39.713+0000] {dag.py:4180} INFO - Setting next_dagrun for latest_only to 2025-03-21 16:00:00+00:00, run_after=2025-03-21 20:00:00+00:00
[2025-03-21T21:14:39.734+0000] {processor.py:208} INFO - Processing /home/usmail/sys_fraud/sys_detection_frauds/lib/python3.12/site-packages/airflow/example_dags/example_latest_only.py took 0.104 seconds
[2025-03-21T21:15:40.981+0000] {processor.py:186} INFO - Started process (PID=3745780) to work on /home/usmail/sys_fraud/sys_detection_frauds/lib/python3.12/site-packages/airflow/example_dags/example_latest_only.py
[2025-03-21T21:15:40.990+0000] {processor.py:914} INFO - Processing file /home/usmail/sys_fraud/sys_detection_frauds/lib/python3.12/site-packages/airflow/example_dags/example_latest_only.py for tasks to queue
[2025-03-21T21:15:40.992+0000] {logging_mixin.py:190} INFO - [2025-03-21T21:15:40.991+0000] {dagbag.py:588} INFO - Filling up the DagBag from /home/usmail/sys_fraud/sys_detection_frauds/lib/python3.12/site-packages/airflow/example_dags/example_latest_only.py
[2025-03-21T21:15:40.997+0000] {processor.py:925} INFO - DAG(s) 'latest_only' retrieved from /home/usmail/sys_fraud/sys_detection_frauds/lib/python3.12/site-packages/airflow/example_dags/example_latest_only.py
[2025-03-21T21:15:41.009+0000] {logging_mixin.py:190} INFO - [2025-03-21T21:15:41.008+0000] {dag.py:3239} INFO - Sync 1 DAGs
[2025-03-21T21:15:41.025+0000] {logging_mixin.py:190} INFO - [2025-03-21T21:15:41.025+0000] {dag.py:4180} INFO - Setting next_dagrun for latest_only to 2025-03-21 16:00:00+00:00, run_after=2025-03-21 20:00:00+00:00
[2025-03-21T21:15:41.042+0000] {processor.py:208} INFO - Processing /home/usmail/sys_fraud/sys_detection_frauds/lib/python3.12/site-packages/airflow/example_dags/example_latest_only.py took 0.066 seconds
[2025-03-21T21:16:41.684+0000] {processor.py:186} INFO - Started process (PID=3746540) to work on /home/usmail/sys_fraud/sys_detection_frauds/lib/python3.12/site-packages/airflow/example_dags/example_latest_only.py
[2025-03-21T21:16:41.687+0000] {processor.py:914} INFO - Processing file /home/usmail/sys_fraud/sys_detection_frauds/lib/python3.12/site-packages/airflow/example_dags/example_latest_only.py for tasks to queue
[2025-03-21T21:16:41.689+0000] {logging_mixin.py:190} INFO - [2025-03-21T21:16:41.689+0000] {dagbag.py:588} INFO - Filling up the DagBag from /home/usmail/sys_fraud/sys_detection_frauds/lib/python3.12/site-packages/airflow/example_dags/example_latest_only.py
[2025-03-21T21:16:41.700+0000] {processor.py:925} INFO - DAG(s) 'latest_only' retrieved from /home/usmail/sys_fraud/sys_detection_frauds/lib/python3.12/site-packages/airflow/example_dags/example_latest_only.py
[2025-03-21T21:16:41.722+0000] {logging_mixin.py:190} INFO - [2025-03-21T21:16:41.722+0000] {dag.py:3239} INFO - Sync 1 DAGs
[2025-03-21T21:16:41.745+0000] {logging_mixin.py:190} INFO - [2025-03-21T21:16:41.745+0000] {dag.py:4180} INFO - Setting next_dagrun for latest_only to 2025-03-21 16:00:00+00:00, run_after=2025-03-21 20:00:00+00:00
[2025-03-21T21:16:41.761+0000] {processor.py:208} INFO - Processing /home/usmail/sys_fraud/sys_detection_frauds/lib/python3.12/site-packages/airflow/example_dags/example_latest_only.py took 0.089 seconds
[2025-03-21T21:17:43.591+0000] {processor.py:186} INFO - Started process (PID=3747313) to work on /home/usmail/sys_fraud/sys_detection_frauds/lib/python3.12/site-packages/airflow/example_dags/example_latest_only.py
[2025-03-21T21:17:43.600+0000] {processor.py:914} INFO - Processing file /home/usmail/sys_fraud/sys_detection_frauds/lib/python3.12/site-packages/airflow/example_dags/example_latest_only.py for tasks to queue
[2025-03-21T21:17:43.603+0000] {logging_mixin.py:190} INFO - [2025-03-21T21:17:43.603+0000] {dagbag.py:588} INFO - Filling up the DagBag from /home/usmail/sys_fraud/sys_detection_frauds/lib/python3.12/site-packages/airflow/example_dags/example_latest_only.py
[2025-03-21T21:17:43.613+0000] {processor.py:925} INFO - DAG(s) 'latest_only' retrieved from /home/usmail/sys_fraud/sys_detection_frauds/lib/python3.12/site-packages/airflow/example_dags/example_latest_only.py
[2025-03-21T21:17:43.636+0000] {logging_mixin.py:190} INFO - [2025-03-21T21:17:43.636+0000] {dag.py:3239} INFO - Sync 1 DAGs
[2025-03-21T21:17:43.662+0000] {logging_mixin.py:190} INFO - [2025-03-21T21:17:43.662+0000] {dag.py:4180} INFO - Setting next_dagrun for latest_only to 2025-03-21 16:00:00+00:00, run_after=2025-03-21 20:00:00+00:00
[2025-03-21T21:17:43.681+0000] {processor.py:208} INFO - Processing /home/usmail/sys_fraud/sys_detection_frauds/lib/python3.12/site-packages/airflow/example_dags/example_latest_only.py took 0.101 seconds
[2025-03-21T21:18:49.451+0000] {processor.py:186} INFO - Started process (PID=3748122) to work on /home/usmail/sys_fraud/sys_detection_frauds/lib/python3.12/site-packages/airflow/example_dags/example_latest_only.py
[2025-03-21T21:18:49.460+0000] {processor.py:914} INFO - Processing file /home/usmail/sys_fraud/sys_detection_frauds/lib/python3.12/site-packages/airflow/example_dags/example_latest_only.py for tasks to queue
[2025-03-21T21:18:49.462+0000] {logging_mixin.py:190} INFO - [2025-03-21T21:18:49.462+0000] {dagbag.py:588} INFO - Filling up the DagBag from /home/usmail/sys_fraud/sys_detection_frauds/lib/python3.12/site-packages/airflow/example_dags/example_latest_only.py
[2025-03-21T21:18:49.472+0000] {processor.py:925} INFO - DAG(s) 'latest_only' retrieved from /home/usmail/sys_fraud/sys_detection_frauds/lib/python3.12/site-packages/airflow/example_dags/example_latest_only.py
[2025-03-21T21:18:49.494+0000] {logging_mixin.py:190} INFO - [2025-03-21T21:18:49.494+0000] {dag.py:3239} INFO - Sync 1 DAGs
[2025-03-21T21:18:49.522+0000] {logging_mixin.py:190} INFO - [2025-03-21T21:18:49.522+0000] {dag.py:4180} INFO - Setting next_dagrun for latest_only to 2025-03-21 16:00:00+00:00, run_after=2025-03-21 20:00:00+00:00
[2025-03-21T21:18:49.566+0000] {processor.py:208} INFO - Processing /home/usmail/sys_fraud/sys_detection_frauds/lib/python3.12/site-packages/airflow/example_dags/example_latest_only.py took 0.123 seconds
[2025-03-21T21:19:52.359+0000] {processor.py:186} INFO - Started process (PID=3748886) to work on /home/usmail/sys_fraud/sys_detection_frauds/lib/python3.12/site-packages/airflow/example_dags/example_latest_only.py
[2025-03-21T21:19:52.368+0000] {processor.py:914} INFO - Processing file /home/usmail/sys_fraud/sys_detection_frauds/lib/python3.12/site-packages/airflow/example_dags/example_latest_only.py for tasks to queue
[2025-03-21T21:19:52.371+0000] {logging_mixin.py:190} INFO - [2025-03-21T21:19:52.371+0000] {dagbag.py:588} INFO - Filling up the DagBag from /home/usmail/sys_fraud/sys_detection_frauds/lib/python3.12/site-packages/airflow/example_dags/example_latest_only.py
[2025-03-21T21:19:52.381+0000] {processor.py:925} INFO - DAG(s) 'latest_only' retrieved from /home/usmail/sys_fraud/sys_detection_frauds/lib/python3.12/site-packages/airflow/example_dags/example_latest_only.py
[2025-03-21T21:19:52.403+0000] {logging_mixin.py:190} INFO - [2025-03-21T21:19:52.403+0000] {dag.py:3239} INFO - Sync 1 DAGs
[2025-03-21T21:19:52.431+0000] {logging_mixin.py:190} INFO - [2025-03-21T21:19:52.431+0000] {dag.py:4180} INFO - Setting next_dagrun for latest_only to 2025-03-21 16:00:00+00:00, run_after=2025-03-21 20:00:00+00:00
[2025-03-21T21:19:52.462+0000] {processor.py:208} INFO - Processing /home/usmail/sys_fraud/sys_detection_frauds/lib/python3.12/site-packages/airflow/example_dags/example_latest_only.py took 0.116 seconds
[2025-03-21T21:20:55.428+0000] {processor.py:186} INFO - Started process (PID=3749637) to work on /home/usmail/sys_fraud/sys_detection_frauds/lib/python3.12/site-packages/airflow/example_dags/example_latest_only.py
[2025-03-21T21:20:55.437+0000] {processor.py:914} INFO - Processing file /home/usmail/sys_fraud/sys_detection_frauds/lib/python3.12/site-packages/airflow/example_dags/example_latest_only.py for tasks to queue
[2025-03-21T21:20:55.441+0000] {logging_mixin.py:190} INFO - [2025-03-21T21:20:55.440+0000] {dagbag.py:588} INFO - Filling up the DagBag from /home/usmail/sys_fraud/sys_detection_frauds/lib/python3.12/site-packages/airflow/example_dags/example_latest_only.py
[2025-03-21T21:20:55.453+0000] {processor.py:925} INFO - DAG(s) 'latest_only' retrieved from /home/usmail/sys_fraud/sys_detection_frauds/lib/python3.12/site-packages/airflow/example_dags/example_latest_only.py
[2025-03-21T21:20:55.474+0000] {logging_mixin.py:190} INFO - [2025-03-21T21:20:55.474+0000] {dag.py:3239} INFO - Sync 1 DAGs
[2025-03-21T21:20:55.493+0000] {logging_mixin.py:190} INFO - [2025-03-21T21:20:55.493+0000] {dag.py:4180} INFO - Setting next_dagrun for latest_only to 2025-03-21 16:00:00+00:00, run_after=2025-03-21 20:00:00+00:00
[2025-03-21T21:20:55.508+0000] {processor.py:208} INFO - Processing /home/usmail/sys_fraud/sys_detection_frauds/lib/python3.12/site-packages/airflow/example_dags/example_latest_only.py took 0.093 seconds
[2025-03-21T21:22:00.964+0000] {processor.py:186} INFO - Started process (PID=3750459) to work on /home/usmail/sys_fraud/sys_detection_frauds/lib/python3.12/site-packages/airflow/example_dags/example_latest_only.py
[2025-03-21T21:22:00.973+0000] {processor.py:914} INFO - Processing file /home/usmail/sys_fraud/sys_detection_frauds/lib/python3.12/site-packages/airflow/example_dags/example_latest_only.py for tasks to queue
[2025-03-21T21:22:00.977+0000] {logging_mixin.py:190} INFO - [2025-03-21T21:22:00.976+0000] {dagbag.py:588} INFO - Filling up the DagBag from /home/usmail/sys_fraud/sys_detection_frauds/lib/python3.12/site-packages/airflow/example_dags/example_latest_only.py
[2025-03-21T21:22:00.987+0000] {processor.py:925} INFO - DAG(s) 'latest_only' retrieved from /home/usmail/sys_fraud/sys_detection_frauds/lib/python3.12/site-packages/airflow/example_dags/example_latest_only.py
[2025-03-21T21:22:01.009+0000] {logging_mixin.py:190} INFO - [2025-03-21T21:22:01.009+0000] {dag.py:3239} INFO - Sync 1 DAGs
[2025-03-21T21:22:01.035+0000] {logging_mixin.py:190} INFO - [2025-03-21T21:22:01.034+0000] {dag.py:4180} INFO - Setting next_dagrun for latest_only to 2025-03-21 16:00:00+00:00, run_after=2025-03-21 20:00:00+00:00
[2025-03-21T21:22:01.050+0000] {processor.py:208} INFO - Processing /home/usmail/sys_fraud/sys_detection_frauds/lib/python3.12/site-packages/airflow/example_dags/example_latest_only.py took 0.099 seconds
[2025-03-21T21:23:08.162+0000] {processor.py:186} INFO - Started process (PID=3751300) to work on /home/usmail/sys_fraud/sys_detection_frauds/lib/python3.12/site-packages/airflow/example_dags/example_latest_only.py
[2025-03-21T21:23:08.172+0000] {processor.py:914} INFO - Processing file /home/usmail/sys_fraud/sys_detection_frauds/lib/python3.12/site-packages/airflow/example_dags/example_latest_only.py for tasks to queue
[2025-03-21T21:23:08.175+0000] {logging_mixin.py:190} INFO - [2025-03-21T21:23:08.174+0000] {dagbag.py:588} INFO - Filling up the DagBag from /home/usmail/sys_fraud/sys_detection_frauds/lib/python3.12/site-packages/airflow/example_dags/example_latest_only.py
[2025-03-21T21:23:08.187+0000] {processor.py:925} INFO - DAG(s) 'latest_only' retrieved from /home/usmail/sys_fraud/sys_detection_frauds/lib/python3.12/site-packages/airflow/example_dags/example_latest_only.py
[2025-03-21T21:23:08.211+0000] {logging_mixin.py:190} INFO - [2025-03-21T21:23:08.210+0000] {dag.py:3239} INFO - Sync 1 DAGs
[2025-03-21T21:23:08.235+0000] {logging_mixin.py:190} INFO - [2025-03-21T21:23:08.235+0000] {dag.py:4180} INFO - Setting next_dagrun for latest_only to 2025-03-21 16:00:00+00:00, run_after=2025-03-21 20:00:00+00:00
[2025-03-21T21:23:08.274+0000] {processor.py:208} INFO - Processing /home/usmail/sys_fraud/sys_detection_frauds/lib/python3.12/site-packages/airflow/example_dags/example_latest_only.py took 0.124 seconds
[2025-03-21T21:24:09.774+0000] {processor.py:186} INFO - Started process (PID=3752009) to work on /home/usmail/sys_fraud/sys_detection_frauds/lib/python3.12/site-packages/airflow/example_dags/example_latest_only.py
[2025-03-21T21:24:09.783+0000] {processor.py:914} INFO - Processing file /home/usmail/sys_fraud/sys_detection_frauds/lib/python3.12/site-packages/airflow/example_dags/example_latest_only.py for tasks to queue
[2025-03-21T21:24:09.787+0000] {logging_mixin.py:190} INFO - [2025-03-21T21:24:09.786+0000] {dagbag.py:588} INFO - Filling up the DagBag from /home/usmail/sys_fraud/sys_detection_frauds/lib/python3.12/site-packages/airflow/example_dags/example_latest_only.py
[2025-03-21T21:24:09.797+0000] {processor.py:925} INFO - DAG(s) 'latest_only' retrieved from /home/usmail/sys_fraud/sys_detection_frauds/lib/python3.12/site-packages/airflow/example_dags/example_latest_only.py
[2025-03-21T21:24:09.819+0000] {logging_mixin.py:190} INFO - [2025-03-21T21:24:09.818+0000] {dag.py:3239} INFO - Sync 1 DAGs
[2025-03-21T21:24:09.844+0000] {logging_mixin.py:190} INFO - [2025-03-21T21:24:09.843+0000] {dag.py:4180} INFO - Setting next_dagrun for latest_only to 2025-03-21 16:00:00+00:00, run_after=2025-03-21 20:00:00+00:00
[2025-03-21T21:24:09.861+0000] {processor.py:208} INFO - Processing /home/usmail/sys_fraud/sys_detection_frauds/lib/python3.12/site-packages/airflow/example_dags/example_latest_only.py took 0.099 seconds
[2025-03-21T21:25:12.293+0000] {processor.py:186} INFO - Started process (PID=3752685) to work on /home/usmail/sys_fraud/sys_detection_frauds/lib/python3.12/site-packages/airflow/example_dags/example_latest_only.py
[2025-03-21T21:25:12.302+0000] {processor.py:914} INFO - Processing file /home/usmail/sys_fraud/sys_detection_frauds/lib/python3.12/site-packages/airflow/example_dags/example_latest_only.py for tasks to queue
[2025-03-21T21:25:12.305+0000] {logging_mixin.py:190} INFO - [2025-03-21T21:25:12.305+0000] {dagbag.py:588} INFO - Filling up the DagBag from /home/usmail/sys_fraud/sys_detection_frauds/lib/python3.12/site-packages/airflow/example_dags/example_latest_only.py
[2025-03-21T21:25:12.315+0000] {processor.py:925} INFO - DAG(s) 'latest_only' retrieved from /home/usmail/sys_fraud/sys_detection_frauds/lib/python3.12/site-packages/airflow/example_dags/example_latest_only.py
[2025-03-21T21:25:12.337+0000] {logging_mixin.py:190} INFO - [2025-03-21T21:25:12.337+0000] {dag.py:3239} INFO - Sync 1 DAGs
[2025-03-21T21:25:12.364+0000] {logging_mixin.py:190} INFO - [2025-03-21T21:25:12.364+0000] {dag.py:4180} INFO - Setting next_dagrun for latest_only to 2025-03-21 16:00:00+00:00, run_after=2025-03-21 20:00:00+00:00
[2025-03-21T21:25:12.380+0000] {processor.py:208} INFO - Processing /home/usmail/sys_fraud/sys_detection_frauds/lib/python3.12/site-packages/airflow/example_dags/example_latest_only.py took 0.099 seconds
[2025-03-21T21:26:17.899+0000] {processor.py:186} INFO - Started process (PID=3753380) to work on /home/usmail/sys_fraud/sys_detection_frauds/lib/python3.12/site-packages/airflow/example_dags/example_latest_only.py
[2025-03-21T21:26:17.909+0000] {processor.py:914} INFO - Processing file /home/usmail/sys_fraud/sys_detection_frauds/lib/python3.12/site-packages/airflow/example_dags/example_latest_only.py for tasks to queue
[2025-03-21T21:26:17.912+0000] {logging_mixin.py:190} INFO - [2025-03-21T21:26:17.911+0000] {dagbag.py:588} INFO - Filling up the DagBag from /home/usmail/sys_fraud/sys_detection_frauds/lib/python3.12/site-packages/airflow/example_dags/example_latest_only.py
[2025-03-21T21:26:17.922+0000] {processor.py:925} INFO - DAG(s) 'latest_only' retrieved from /home/usmail/sys_fraud/sys_detection_frauds/lib/python3.12/site-packages/airflow/example_dags/example_latest_only.py
[2025-03-21T21:26:17.944+0000] {logging_mixin.py:190} INFO - [2025-03-21T21:26:17.944+0000] {dag.py:3239} INFO - Sync 1 DAGs
[2025-03-21T21:26:17.975+0000] {logging_mixin.py:190} INFO - [2025-03-21T21:26:17.975+0000] {dag.py:4180} INFO - Setting next_dagrun for latest_only to 2025-03-21 16:00:00+00:00, run_after=2025-03-21 20:00:00+00:00
[2025-03-21T21:26:17.993+0000] {processor.py:208} INFO - Processing /home/usmail/sys_fraud/sys_detection_frauds/lib/python3.12/site-packages/airflow/example_dags/example_latest_only.py took 0.106 seconds
[2025-03-21T21:27:20.452+0000] {processor.py:186} INFO - Started process (PID=3754020) to work on /home/usmail/sys_fraud/sys_detection_frauds/lib/python3.12/site-packages/airflow/example_dags/example_latest_only.py
[2025-03-21T21:27:20.461+0000] {processor.py:914} INFO - Processing file /home/usmail/sys_fraud/sys_detection_frauds/lib/python3.12/site-packages/airflow/example_dags/example_latest_only.py for tasks to queue
[2025-03-21T21:27:20.465+0000] {logging_mixin.py:190} INFO - [2025-03-21T21:27:20.464+0000] {dagbag.py:588} INFO - Filling up the DagBag from /home/usmail/sys_fraud/sys_detection_frauds/lib/python3.12/site-packages/airflow/example_dags/example_latest_only.py
[2025-03-21T21:27:20.475+0000] {processor.py:925} INFO - DAG(s) 'latest_only' retrieved from /home/usmail/sys_fraud/sys_detection_frauds/lib/python3.12/site-packages/airflow/example_dags/example_latest_only.py
[2025-03-21T21:27:20.497+0000] {logging_mixin.py:190} INFO - [2025-03-21T21:27:20.497+0000] {dag.py:3239} INFO - Sync 1 DAGs
[2025-03-21T21:27:20.522+0000] {logging_mixin.py:190} INFO - [2025-03-21T21:27:20.522+0000] {dag.py:4180} INFO - Setting next_dagrun for latest_only to 2025-03-21 16:00:00+00:00, run_after=2025-03-21 20:00:00+00:00
[2025-03-21T21:27:20.542+0000] {processor.py:208} INFO - Processing /home/usmail/sys_fraud/sys_detection_frauds/lib/python3.12/site-packages/airflow/example_dags/example_latest_only.py took 0.102 seconds
[2025-03-21T21:28:21.615+0000] {processor.py:186} INFO - Started process (PID=3754655) to work on /home/usmail/sys_fraud/sys_detection_frauds/lib/python3.12/site-packages/airflow/example_dags/example_latest_only.py
[2025-03-21T21:28:21.625+0000] {processor.py:914} INFO - Processing file /home/usmail/sys_fraud/sys_detection_frauds/lib/python3.12/site-packages/airflow/example_dags/example_latest_only.py for tasks to queue
[2025-03-21T21:28:21.628+0000] {logging_mixin.py:190} INFO - [2025-03-21T21:28:21.627+0000] {dagbag.py:588} INFO - Filling up the DagBag from /home/usmail/sys_fraud/sys_detection_frauds/lib/python3.12/site-packages/airflow/example_dags/example_latest_only.py
[2025-03-21T21:28:21.639+0000] {processor.py:925} INFO - DAG(s) 'latest_only' retrieved from /home/usmail/sys_fraud/sys_detection_frauds/lib/python3.12/site-packages/airflow/example_dags/example_latest_only.py
[2025-03-21T21:28:21.661+0000] {logging_mixin.py:190} INFO - [2025-03-21T21:28:21.660+0000] {dag.py:3239} INFO - Sync 1 DAGs
[2025-03-21T21:28:21.687+0000] {logging_mixin.py:190} INFO - [2025-03-21T21:28:21.687+0000] {dag.py:4180} INFO - Setting next_dagrun for latest_only to 2025-03-21 16:00:00+00:00, run_after=2025-03-21 20:00:00+00:00
[2025-03-21T21:28:21.702+0000] {processor.py:208} INFO - Processing /home/usmail/sys_fraud/sys_detection_frauds/lib/python3.12/site-packages/airflow/example_dags/example_latest_only.py took 0.100 seconds
[2025-03-21T21:29:22.036+0000] {processor.py:186} INFO - Started process (PID=3755291) to work on /home/usmail/sys_fraud/sys_detection_frauds/lib/python3.12/site-packages/airflow/example_dags/example_latest_only.py
[2025-03-21T21:29:22.045+0000] {processor.py:914} INFO - Processing file /home/usmail/sys_fraud/sys_detection_frauds/lib/python3.12/site-packages/airflow/example_dags/example_latest_only.py for tasks to queue
[2025-03-21T21:29:22.048+0000] {logging_mixin.py:190} INFO - [2025-03-21T21:29:22.048+0000] {dagbag.py:588} INFO - Filling up the DagBag from /home/usmail/sys_fraud/sys_detection_frauds/lib/python3.12/site-packages/airflow/example_dags/example_latest_only.py
[2025-03-21T21:29:22.059+0000] {processor.py:925} INFO - DAG(s) 'latest_only' retrieved from /home/usmail/sys_fraud/sys_detection_frauds/lib/python3.12/site-packages/airflow/example_dags/example_latest_only.py
[2025-03-21T21:29:22.082+0000] {logging_mixin.py:190} INFO - [2025-03-21T21:29:22.081+0000] {dag.py:3239} INFO - Sync 1 DAGs
[2025-03-21T21:29:22.107+0000] {logging_mixin.py:190} INFO - [2025-03-21T21:29:22.107+0000] {dag.py:4180} INFO - Setting next_dagrun for latest_only to 2025-03-21 16:00:00+00:00, run_after=2025-03-21 20:00:00+00:00
[2025-03-21T21:29:22.126+0000] {processor.py:208} INFO - Processing /home/usmail/sys_fraud/sys_detection_frauds/lib/python3.12/site-packages/airflow/example_dags/example_latest_only.py took 0.102 seconds
[2025-03-21T21:30:27.501+0000] {processor.py:186} INFO - Started process (PID=3755980) to work on /home/usmail/sys_fraud/sys_detection_frauds/lib/python3.12/site-packages/airflow/example_dags/example_latest_only.py
[2025-03-21T21:30:27.510+0000] {processor.py:914} INFO - Processing file /home/usmail/sys_fraud/sys_detection_frauds/lib/python3.12/site-packages/airflow/example_dags/example_latest_only.py for tasks to queue
[2025-03-21T21:30:27.513+0000] {logging_mixin.py:190} INFO - [2025-03-21T21:30:27.513+0000] {dagbag.py:588} INFO - Filling up the DagBag from /home/usmail/sys_fraud/sys_detection_frauds/lib/python3.12/site-packages/airflow/example_dags/example_latest_only.py
[2025-03-21T21:30:27.524+0000] {processor.py:925} INFO - DAG(s) 'latest_only' retrieved from /home/usmail/sys_fraud/sys_detection_frauds/lib/python3.12/site-packages/airflow/example_dags/example_latest_only.py
[2025-03-21T21:30:27.546+0000] {logging_mixin.py:190} INFO - [2025-03-21T21:30:27.545+0000] {dag.py:3239} INFO - Sync 1 DAGs
[2025-03-21T21:30:27.571+0000] {logging_mixin.py:190} INFO - [2025-03-21T21:30:27.571+0000] {dag.py:4180} INFO - Setting next_dagrun for latest_only to 2025-03-21 16:00:00+00:00, run_after=2025-03-21 20:00:00+00:00
[2025-03-21T21:30:27.587+0000] {processor.py:208} INFO - Processing /home/usmail/sys_fraud/sys_detection_frauds/lib/python3.12/site-packages/airflow/example_dags/example_latest_only.py took 0.098 seconds
[2025-03-21T21:31:33.812+0000] {processor.py:186} INFO - Started process (PID=3756681) to work on /home/usmail/sys_fraud/sys_detection_frauds/lib/python3.12/site-packages/airflow/example_dags/example_latest_only.py
[2025-03-21T21:31:33.821+0000] {processor.py:914} INFO - Processing file /home/usmail/sys_fraud/sys_detection_frauds/lib/python3.12/site-packages/airflow/example_dags/example_latest_only.py for tasks to queue
[2025-03-21T21:31:33.825+0000] {logging_mixin.py:190} INFO - [2025-03-21T21:31:33.824+0000] {dagbag.py:588} INFO - Filling up the DagBag from /home/usmail/sys_fraud/sys_detection_frauds/lib/python3.12/site-packages/airflow/example_dags/example_latest_only.py
[2025-03-21T21:31:33.835+0000] {processor.py:925} INFO - DAG(s) 'latest_only' retrieved from /home/usmail/sys_fraud/sys_detection_frauds/lib/python3.12/site-packages/airflow/example_dags/example_latest_only.py
[2025-03-21T21:31:33.863+0000] {logging_mixin.py:190} INFO - [2025-03-21T21:31:33.862+0000] {dag.py:3239} INFO - Sync 1 DAGs
[2025-03-21T21:31:33.883+0000] {logging_mixin.py:190} INFO - [2025-03-21T21:31:33.883+0000] {dag.py:4180} INFO - Setting next_dagrun for latest_only to 2025-03-21 16:00:00+00:00, run_after=2025-03-21 20:00:00+00:00
[2025-03-21T21:31:33.909+0000] {processor.py:208} INFO - Processing /home/usmail/sys_fraud/sys_detection_frauds/lib/python3.12/site-packages/airflow/example_dags/example_latest_only.py took 0.108 seconds
[2025-03-21T21:32:39.218+0000] {processor.py:186} INFO - Started process (PID=3757362) to work on /home/usmail/sys_fraud/sys_detection_frauds/lib/python3.12/site-packages/airflow/example_dags/example_latest_only.py
[2025-03-21T21:32:39.227+0000] {processor.py:914} INFO - Processing file /home/usmail/sys_fraud/sys_detection_frauds/lib/python3.12/site-packages/airflow/example_dags/example_latest_only.py for tasks to queue
[2025-03-21T21:32:39.230+0000] {logging_mixin.py:190} INFO - [2025-03-21T21:32:39.230+0000] {dagbag.py:588} INFO - Filling up the DagBag from /home/usmail/sys_fraud/sys_detection_frauds/lib/python3.12/site-packages/airflow/example_dags/example_latest_only.py
[2025-03-21T21:32:39.245+0000] {processor.py:925} INFO - DAG(s) 'latest_only' retrieved from /home/usmail/sys_fraud/sys_detection_frauds/lib/python3.12/site-packages/airflow/example_dags/example_latest_only.py
[2025-03-21T21:32:39.270+0000] {logging_mixin.py:190} INFO - [2025-03-21T21:32:39.269+0000] {dag.py:3239} INFO - Sync 1 DAGs
[2025-03-21T21:32:39.295+0000] {logging_mixin.py:190} INFO - [2025-03-21T21:32:39.294+0000] {dag.py:4180} INFO - Setting next_dagrun for latest_only to 2025-03-21 16:00:00+00:00, run_after=2025-03-21 20:00:00+00:00
[2025-03-21T21:32:39.314+0000] {processor.py:208} INFO - Processing /home/usmail/sys_fraud/sys_detection_frauds/lib/python3.12/site-packages/airflow/example_dags/example_latest_only.py took 0.104 seconds
[2025-03-21T22:19:09.100+0000] {processor.py:186} INFO - Started process (PID=3758118) to work on /home/usmail/sys_fraud/sys_detection_frauds/lib/python3.12/site-packages/airflow/example_dags/example_latest_only.py
[2025-03-21T22:19:09.101+0000] {processor.py:914} INFO - Processing file /home/usmail/sys_fraud/sys_detection_frauds/lib/python3.12/site-packages/airflow/example_dags/example_latest_only.py for tasks to queue
[2025-03-21T22:19:09.103+0000] {logging_mixin.py:190} INFO - [2025-03-21T22:19:09.102+0000] {dagbag.py:588} INFO - Filling up the DagBag from /home/usmail/sys_fraud/sys_detection_frauds/lib/python3.12/site-packages/airflow/example_dags/example_latest_only.py
[2025-03-21T22:19:09.109+0000] {processor.py:925} INFO - DAG(s) 'latest_only' retrieved from /home/usmail/sys_fraud/sys_detection_frauds/lib/python3.12/site-packages/airflow/example_dags/example_latest_only.py
[2025-03-21T22:19:09.128+0000] {logging_mixin.py:190} INFO - [2025-03-21T22:19:09.128+0000] {dag.py:3239} INFO - Sync 1 DAGs
[2025-03-21T22:19:09.152+0000] {logging_mixin.py:190} INFO - [2025-03-21T22:19:09.152+0000] {dag.py:4180} INFO - Setting next_dagrun for latest_only to 2025-03-21 16:00:00+00:00, run_after=2025-03-21 20:00:00+00:00
[2025-03-21T22:19:09.179+0000] {processor.py:208} INFO - Processing /home/usmail/sys_fraud/sys_detection_frauds/lib/python3.12/site-packages/airflow/example_dags/example_latest_only.py took 0.089 seconds
[2025-03-21T22:20:39.150+0000] {processor.py:186} INFO - Started process (PID=3759610) to work on /home/usmail/sys_fraud/sys_detection_frauds/lib/python3.12/site-packages/airflow/example_dags/example_latest_only.py
[2025-03-21T22:20:39.152+0000] {processor.py:914} INFO - Processing file /home/usmail/sys_fraud/sys_detection_frauds/lib/python3.12/site-packages/airflow/example_dags/example_latest_only.py for tasks to queue
[2025-03-21T22:20:39.155+0000] {logging_mixin.py:190} INFO - [2025-03-21T22:20:39.155+0000] {dagbag.py:588} INFO - Filling up the DagBag from /home/usmail/sys_fraud/sys_detection_frauds/lib/python3.12/site-packages/airflow/example_dags/example_latest_only.py
[2025-03-21T22:20:39.167+0000] {processor.py:925} INFO - DAG(s) 'latest_only' retrieved from /home/usmail/sys_fraud/sys_detection_frauds/lib/python3.12/site-packages/airflow/example_dags/example_latest_only.py
[2025-03-21T22:20:39.190+0000] {logging_mixin.py:190} INFO - [2025-03-21T22:20:39.190+0000] {dag.py:3239} INFO - Sync 1 DAGs
[2025-03-21T22:20:39.212+0000] {logging_mixin.py:190} INFO - [2025-03-21T22:20:39.212+0000] {dag.py:4180} INFO - Setting next_dagrun for latest_only to 2025-03-21 16:00:00+00:00, run_after=2025-03-21 20:00:00+00:00
[2025-03-21T22:20:39.231+0000] {processor.py:208} INFO - Processing /home/usmail/sys_fraud/sys_detection_frauds/lib/python3.12/site-packages/airflow/example_dags/example_latest_only.py took 0.094 seconds
[2025-03-21T22:21:41.261+0000] {processor.py:186} INFO - Started process (PID=3760459) to work on /home/usmail/sys_fraud/sys_detection_frauds/lib/python3.12/site-packages/airflow/example_dags/example_latest_only.py
[2025-03-21T22:21:41.270+0000] {processor.py:914} INFO - Processing file /home/usmail/sys_fraud/sys_detection_frauds/lib/python3.12/site-packages/airflow/example_dags/example_latest_only.py for tasks to queue
[2025-03-21T22:21:41.273+0000] {logging_mixin.py:190} INFO - [2025-03-21T22:21:41.272+0000] {dagbag.py:588} INFO - Filling up the DagBag from /home/usmail/sys_fraud/sys_detection_frauds/lib/python3.12/site-packages/airflow/example_dags/example_latest_only.py
[2025-03-21T22:21:41.285+0000] {processor.py:925} INFO - DAG(s) 'latest_only' retrieved from /home/usmail/sys_fraud/sys_detection_frauds/lib/python3.12/site-packages/airflow/example_dags/example_latest_only.py
[2025-03-21T22:21:41.310+0000] {logging_mixin.py:190} INFO - [2025-03-21T22:21:41.310+0000] {dag.py:3239} INFO - Sync 1 DAGs
[2025-03-21T22:21:41.334+0000] {logging_mixin.py:190} INFO - [2025-03-21T22:21:41.333+0000] {dag.py:4180} INFO - Setting next_dagrun for latest_only to 2025-03-21 16:00:00+00:00, run_after=2025-03-21 20:00:00+00:00
[2025-03-21T22:21:41.371+0000] {processor.py:208} INFO - Processing /home/usmail/sys_fraud/sys_detection_frauds/lib/python3.12/site-packages/airflow/example_dags/example_latest_only.py took 0.125 seconds
