[2025-03-21T20:49:40.530+0000] {processor.py:186} INFO - Started process (PID=3723021) to work on /home/usmail/sys_fraud/sys_detection_frauds/lib/python3.12/site-packages/airflow/example_dags/example_sensor_decorator.py
[2025-03-21T20:49:40.531+0000] {processor.py:914} INFO - Processing file /home/usmail/sys_fraud/sys_detection_frauds/lib/python3.12/site-packages/airflow/example_dags/example_sensor_decorator.py for tasks to queue
[2025-03-21T20:49:40.534+0000] {logging_mixin.py:190} INFO - [2025-03-21T20:49:40.533+0000] {dagbag.py:588} INFO - Filling up the DagBag from /home/usmail/sys_fraud/sys_detection_frauds/lib/python3.12/site-packages/airflow/example_dags/example_sensor_decorator.py
[2025-03-21T20:49:40.540+0000] {processor.py:925} INFO - DAG(s) 'example_sensor_decorator' retrieved from /home/usmail/sys_fraud/sys_detection_frauds/lib/python3.12/site-packages/airflow/example_dags/example_sensor_decorator.py
[2025-03-21T20:49:40.613+0000] {logging_mixin.py:190} INFO - [2025-03-21T20:49:40.613+0000] {override.py:1912} INFO - Created Permission View: can edit on DAG:example_sensor_decorator
[2025-03-21T20:49:40.621+0000] {logging_mixin.py:190} INFO - [2025-03-21T20:49:40.620+0000] {override.py:1912} INFO - Created Permission View: can read on DAG:example_sensor_decorator
[2025-03-21T20:49:40.626+0000] {logging_mixin.py:190} INFO - [2025-03-21T20:49:40.625+0000] {override.py:1912} INFO - Created Permission View: can delete on DAG:example_sensor_decorator
[2025-03-21T20:49:40.634+0000] {logging_mixin.py:190} INFO - [2025-03-21T20:49:40.634+0000] {override.py:1912} INFO - Created Permission View: can create on DAG Run:example_sensor_decorator
[2025-03-21T20:49:40.640+0000] {logging_mixin.py:190} INFO - [2025-03-21T20:49:40.640+0000] {override.py:1912} INFO - Created Permission View: menu access on DAG Run:example_sensor_decorator
[2025-03-21T20:49:40.646+0000] {logging_mixin.py:190} INFO - [2025-03-21T20:49:40.645+0000] {override.py:1912} INFO - Created Permission View: can read on DAG Run:example_sensor_decorator
[2025-03-21T20:49:40.652+0000] {logging_mixin.py:190} INFO - [2025-03-21T20:49:40.651+0000] {override.py:1912} INFO - Created Permission View: can delete on DAG Run:example_sensor_decorator
[2025-03-21T20:49:40.652+0000] {logging_mixin.py:190} INFO - [2025-03-21T20:49:40.652+0000] {dag.py:3239} INFO - Sync 1 DAGs
[2025-03-21T20:49:40.658+0000] {logging_mixin.py:190} INFO - [2025-03-21T20:49:40.658+0000] {dag.py:3262} INFO - Creating ORM DAG for example_sensor_decorator
[2025-03-21T20:49:40.659+0000] {logging_mixin.py:190} INFO - [2025-03-21T20:49:40.659+0000] {dag.py:4180} INFO - Setting next_dagrun for example_sensor_decorator to None, run_after=None
[2025-03-21T20:49:40.671+0000] {processor.py:208} INFO - Processing /home/usmail/sys_fraud/sys_detection_frauds/lib/python3.12/site-packages/airflow/example_dags/example_sensor_decorator.py took 0.149 seconds
[2025-03-21T20:50:40.552+0000] {processor.py:186} INFO - Started process (PID=3723756) to work on /home/usmail/sys_fraud/sys_detection_frauds/lib/python3.12/site-packages/airflow/example_dags/example_sensor_decorator.py
[2025-03-21T20:50:40.561+0000] {processor.py:914} INFO - Processing file /home/usmail/sys_fraud/sys_detection_frauds/lib/python3.12/site-packages/airflow/example_dags/example_sensor_decorator.py for tasks to queue
[2025-03-21T20:50:40.564+0000] {logging_mixin.py:190} INFO - [2025-03-21T20:50:40.563+0000] {dagbag.py:588} INFO - Filling up the DagBag from /home/usmail/sys_fraud/sys_detection_frauds/lib/python3.12/site-packages/airflow/example_dags/example_sensor_decorator.py
[2025-03-21T20:50:40.572+0000] {processor.py:925} INFO - DAG(s) 'example_sensor_decorator' retrieved from /home/usmail/sys_fraud/sys_detection_frauds/lib/python3.12/site-packages/airflow/example_dags/example_sensor_decorator.py
[2025-03-21T20:50:40.580+0000] {logging_mixin.py:190} INFO - [2025-03-21T20:50:40.580+0000] {dag.py:3239} INFO - Sync 1 DAGs
[2025-03-21T20:50:40.587+0000] {logging_mixin.py:190} INFO - [2025-03-21T20:50:40.587+0000] {dag.py:4180} INFO - Setting next_dagrun for example_sensor_decorator to None, run_after=None
[2025-03-21T20:50:40.600+0000] {processor.py:208} INFO - Processing /home/usmail/sys_fraud/sys_detection_frauds/lib/python3.12/site-packages/airflow/example_dags/example_sensor_decorator.py took 0.053 seconds
[2025-03-21T20:51:35.731+0000] {processor.py:186} INFO - Started process (PID=3724425) to work on /home/usmail/sys_fraud/sys_detection_frauds/lib/python3.12/site-packages/airflow/example_dags/example_sensor_decorator.py
[2025-03-21T20:51:35.740+0000] {processor.py:914} INFO - Processing file /home/usmail/sys_fraud/sys_detection_frauds/lib/python3.12/site-packages/airflow/example_dags/example_sensor_decorator.py for tasks to queue
[2025-03-21T20:51:35.741+0000] {logging_mixin.py:190} INFO - [2025-03-21T20:51:35.741+0000] {dagbag.py:588} INFO - Filling up the DagBag from /home/usmail/sys_fraud/sys_detection_frauds/lib/python3.12/site-packages/airflow/example_dags/example_sensor_decorator.py
[2025-03-21T20:51:35.746+0000] {processor.py:925} INFO - DAG(s) 'example_sensor_decorator' retrieved from /home/usmail/sys_fraud/sys_detection_frauds/lib/python3.12/site-packages/airflow/example_dags/example_sensor_decorator.py
[2025-03-21T20:51:35.755+0000] {logging_mixin.py:190} INFO - [2025-03-21T20:51:35.754+0000] {dag.py:3239} INFO - Sync 1 DAGs
[2025-03-21T20:51:35.762+0000] {logging_mixin.py:190} INFO - [2025-03-21T20:51:35.762+0000] {dag.py:4180} INFO - Setting next_dagrun for example_sensor_decorator to None, run_after=None
[2025-03-21T20:51:35.785+0000] {processor.py:208} INFO - Processing /home/usmail/sys_fraud/sys_detection_frauds/lib/python3.12/site-packages/airflow/example_dags/example_sensor_decorator.py took 0.057 seconds
[2025-03-21T20:52:26.448+0000] {processor.py:186} INFO - Started process (PID=3725054) to work on /home/usmail/sys_fraud/sys_detection_frauds/lib/python3.12/site-packages/airflow/example_dags/example_sensor_decorator.py
[2025-03-21T20:52:26.457+0000] {processor.py:914} INFO - Processing file /home/usmail/sys_fraud/sys_detection_frauds/lib/python3.12/site-packages/airflow/example_dags/example_sensor_decorator.py for tasks to queue
[2025-03-21T20:52:26.458+0000] {logging_mixin.py:190} INFO - [2025-03-21T20:52:26.458+0000] {dagbag.py:588} INFO - Filling up the DagBag from /home/usmail/sys_fraud/sys_detection_frauds/lib/python3.12/site-packages/airflow/example_dags/example_sensor_decorator.py
[2025-03-21T20:52:26.463+0000] {processor.py:925} INFO - DAG(s) 'example_sensor_decorator' retrieved from /home/usmail/sys_fraud/sys_detection_frauds/lib/python3.12/site-packages/airflow/example_dags/example_sensor_decorator.py
[2025-03-21T20:52:26.474+0000] {logging_mixin.py:190} INFO - [2025-03-21T20:52:26.474+0000] {dag.py:3239} INFO - Sync 1 DAGs
[2025-03-21T20:52:26.481+0000] {logging_mixin.py:190} INFO - [2025-03-21T20:52:26.481+0000] {dag.py:4180} INFO - Setting next_dagrun for example_sensor_decorator to None, run_after=None
[2025-03-21T20:52:26.507+0000] {processor.py:208} INFO - Processing /home/usmail/sys_fraud/sys_detection_frauds/lib/python3.12/site-packages/airflow/example_dags/example_sensor_decorator.py took 0.062 seconds
[2025-03-21T20:53:19.331+0000] {processor.py:186} INFO - Started process (PID=3725646) to work on /home/usmail/sys_fraud/sys_detection_frauds/lib/python3.12/site-packages/airflow/example_dags/example_sensor_decorator.py
[2025-03-21T20:53:19.340+0000] {processor.py:914} INFO - Processing file /home/usmail/sys_fraud/sys_detection_frauds/lib/python3.12/site-packages/airflow/example_dags/example_sensor_decorator.py for tasks to queue
[2025-03-21T20:53:19.343+0000] {logging_mixin.py:190} INFO - [2025-03-21T20:53:19.342+0000] {dagbag.py:588} INFO - Filling up the DagBag from /home/usmail/sys_fraud/sys_detection_frauds/lib/python3.12/site-packages/airflow/example_dags/example_sensor_decorator.py
[2025-03-21T20:53:19.349+0000] {processor.py:925} INFO - DAG(s) 'example_sensor_decorator' retrieved from /home/usmail/sys_fraud/sys_detection_frauds/lib/python3.12/site-packages/airflow/example_dags/example_sensor_decorator.py
[2025-03-21T20:53:19.357+0000] {logging_mixin.py:190} INFO - [2025-03-21T20:53:19.357+0000] {dag.py:3239} INFO - Sync 1 DAGs
[2025-03-21T20:53:19.364+0000] {logging_mixin.py:190} INFO - [2025-03-21T20:53:19.364+0000] {dag.py:4180} INFO - Setting next_dagrun for example_sensor_decorator to None, run_after=None
[2025-03-21T20:53:19.376+0000] {processor.py:208} INFO - Processing /home/usmail/sys_fraud/sys_detection_frauds/lib/python3.12/site-packages/airflow/example_dags/example_sensor_decorator.py took 0.049 seconds
[2025-03-21T20:54:12.905+0000] {processor.py:186} INFO - Started process (PID=3726333) to work on /home/usmail/sys_fraud/sys_detection_frauds/lib/python3.12/site-packages/airflow/example_dags/example_sensor_decorator.py
[2025-03-21T20:54:12.913+0000] {processor.py:914} INFO - Processing file /home/usmail/sys_fraud/sys_detection_frauds/lib/python3.12/site-packages/airflow/example_dags/example_sensor_decorator.py for tasks to queue
[2025-03-21T20:54:12.915+0000] {logging_mixin.py:190} INFO - [2025-03-21T20:54:12.915+0000] {dagbag.py:588} INFO - Filling up the DagBag from /home/usmail/sys_fraud/sys_detection_frauds/lib/python3.12/site-packages/airflow/example_dags/example_sensor_decorator.py
[2025-03-21T20:54:12.923+0000] {processor.py:925} INFO - DAG(s) 'example_sensor_decorator' retrieved from /home/usmail/sys_fraud/sys_detection_frauds/lib/python3.12/site-packages/airflow/example_dags/example_sensor_decorator.py
[2025-03-21T20:54:12.932+0000] {logging_mixin.py:190} INFO - [2025-03-21T20:54:12.931+0000] {dag.py:3239} INFO - Sync 1 DAGs
[2025-03-21T20:54:13.029+0000] {logging_mixin.py:190} INFO - [2025-03-21T20:54:13.029+0000] {dag.py:4180} INFO - Setting next_dagrun for example_sensor_decorator to None, run_after=None
[2025-03-21T20:54:13.053+0000] {processor.py:208} INFO - Processing /home/usmail/sys_fraud/sys_detection_frauds/lib/python3.12/site-packages/airflow/example_dags/example_sensor_decorator.py took 0.153 seconds
[2025-03-21T20:55:04.995+0000] {processor.py:186} INFO - Started process (PID=3726972) to work on /home/usmail/sys_fraud/sys_detection_frauds/lib/python3.12/site-packages/airflow/example_dags/example_sensor_decorator.py
[2025-03-21T20:55:05.003+0000] {processor.py:914} INFO - Processing file /home/usmail/sys_fraud/sys_detection_frauds/lib/python3.12/site-packages/airflow/example_dags/example_sensor_decorator.py for tasks to queue
[2025-03-21T20:55:05.005+0000] {logging_mixin.py:190} INFO - [2025-03-21T20:55:05.004+0000] {dagbag.py:588} INFO - Filling up the DagBag from /home/usmail/sys_fraud/sys_detection_frauds/lib/python3.12/site-packages/airflow/example_dags/example_sensor_decorator.py
[2025-03-21T20:55:05.011+0000] {processor.py:925} INFO - DAG(s) 'example_sensor_decorator' retrieved from /home/usmail/sys_fraud/sys_detection_frauds/lib/python3.12/site-packages/airflow/example_dags/example_sensor_decorator.py
[2025-03-21T20:55:05.023+0000] {logging_mixin.py:190} INFO - [2025-03-21T20:55:05.023+0000] {dag.py:3239} INFO - Sync 1 DAGs
[2025-03-21T20:55:05.030+0000] {logging_mixin.py:190} INFO - [2025-03-21T20:55:05.030+0000] {dag.py:4180} INFO - Setting next_dagrun for example_sensor_decorator to None, run_after=None
[2025-03-21T20:55:05.063+0000] {processor.py:208} INFO - Processing /home/usmail/sys_fraud/sys_detection_frauds/lib/python3.12/site-packages/airflow/example_dags/example_sensor_decorator.py took 0.072 seconds
[2025-03-21T20:55:55.316+0000] {processor.py:186} INFO - Started process (PID=3727613) to work on /home/usmail/sys_fraud/sys_detection_frauds/lib/python3.12/site-packages/airflow/example_dags/example_sensor_decorator.py
[2025-03-21T20:55:55.325+0000] {processor.py:914} INFO - Processing file /home/usmail/sys_fraud/sys_detection_frauds/lib/python3.12/site-packages/airflow/example_dags/example_sensor_decorator.py for tasks to queue
[2025-03-21T20:55:55.328+0000] {logging_mixin.py:190} INFO - [2025-03-21T20:55:55.328+0000] {dagbag.py:588} INFO - Filling up the DagBag from /home/usmail/sys_fraud/sys_detection_frauds/lib/python3.12/site-packages/airflow/example_dags/example_sensor_decorator.py
[2025-03-21T20:55:55.338+0000] {processor.py:925} INFO - DAG(s) 'example_sensor_decorator' retrieved from /home/usmail/sys_fraud/sys_detection_frauds/lib/python3.12/site-packages/airflow/example_dags/example_sensor_decorator.py
[2025-03-21T20:55:55.346+0000] {logging_mixin.py:190} INFO - [2025-03-21T20:55:55.346+0000] {dag.py:3239} INFO - Sync 1 DAGs
[2025-03-21T20:55:55.353+0000] {logging_mixin.py:190} INFO - [2025-03-21T20:55:55.353+0000] {dag.py:4180} INFO - Setting next_dagrun for example_sensor_decorator to None, run_after=None
[2025-03-21T20:55:55.365+0000] {processor.py:208} INFO - Processing /home/usmail/sys_fraud/sys_detection_frauds/lib/python3.12/site-packages/airflow/example_dags/example_sensor_decorator.py took 0.058 seconds
[2025-03-21T20:56:45.625+0000] {processor.py:186} INFO - Started process (PID=3728304) to work on /home/usmail/sys_fraud/sys_detection_frauds/lib/python3.12/site-packages/airflow/example_dags/example_sensor_decorator.py
[2025-03-21T20:56:45.634+0000] {processor.py:914} INFO - Processing file /home/usmail/sys_fraud/sys_detection_frauds/lib/python3.12/site-packages/airflow/example_dags/example_sensor_decorator.py for tasks to queue
[2025-03-21T20:56:45.636+0000] {logging_mixin.py:190} INFO - [2025-03-21T20:56:45.636+0000] {dagbag.py:588} INFO - Filling up the DagBag from /home/usmail/sys_fraud/sys_detection_frauds/lib/python3.12/site-packages/airflow/example_dags/example_sensor_decorator.py
[2025-03-21T20:56:45.643+0000] {processor.py:925} INFO - DAG(s) 'example_sensor_decorator' retrieved from /home/usmail/sys_fraud/sys_detection_frauds/lib/python3.12/site-packages/airflow/example_dags/example_sensor_decorator.py
[2025-03-21T20:56:45.653+0000] {logging_mixin.py:190} INFO - [2025-03-21T20:56:45.653+0000] {dag.py:3239} INFO - Sync 1 DAGs
[2025-03-21T20:56:45.661+0000] {logging_mixin.py:190} INFO - [2025-03-21T20:56:45.661+0000] {dag.py:4180} INFO - Setting next_dagrun for example_sensor_decorator to None, run_after=None
[2025-03-21T20:56:45.675+0000] {processor.py:208} INFO - Processing /home/usmail/sys_fraud/sys_detection_frauds/lib/python3.12/site-packages/airflow/example_dags/example_sensor_decorator.py took 0.054 seconds
[2025-03-21T20:57:40.157+0000] {processor.py:186} INFO - Started process (PID=3729031) to work on /home/usmail/sys_fraud/sys_detection_frauds/lib/python3.12/site-packages/airflow/example_dags/example_sensor_decorator.py
[2025-03-21T20:57:40.158+0000] {processor.py:914} INFO - Processing file /home/usmail/sys_fraud/sys_detection_frauds/lib/python3.12/site-packages/airflow/example_dags/example_sensor_decorator.py for tasks to queue
[2025-03-21T20:57:40.159+0000] {logging_mixin.py:190} INFO - [2025-03-21T20:57:40.159+0000] {dagbag.py:588} INFO - Filling up the DagBag from /home/usmail/sys_fraud/sys_detection_frauds/lib/python3.12/site-packages/airflow/example_dags/example_sensor_decorator.py
[2025-03-21T20:57:40.164+0000] {processor.py:925} INFO - DAG(s) 'example_sensor_decorator' retrieved from /home/usmail/sys_fraud/sys_detection_frauds/lib/python3.12/site-packages/airflow/example_dags/example_sensor_decorator.py
[2025-03-21T20:57:40.171+0000] {logging_mixin.py:190} INFO - [2025-03-21T20:57:40.171+0000] {dag.py:3239} INFO - Sync 1 DAGs
[2025-03-21T20:57:40.179+0000] {logging_mixin.py:190} INFO - [2025-03-21T20:57:40.179+0000] {dag.py:4180} INFO - Setting next_dagrun for example_sensor_decorator to None, run_after=None
[2025-03-21T20:57:40.195+0000] {processor.py:208} INFO - Processing /home/usmail/sys_fraud/sys_detection_frauds/lib/python3.12/site-packages/airflow/example_dags/example_sensor_decorator.py took 0.042 seconds
[2025-03-21T20:58:29.611+0000] {processor.py:186} INFO - Started process (PID=3729621) to work on /home/usmail/sys_fraud/sys_detection_frauds/lib/python3.12/site-packages/airflow/example_dags/example_sensor_decorator.py
[2025-03-21T20:58:29.620+0000] {processor.py:914} INFO - Processing file /home/usmail/sys_fraud/sys_detection_frauds/lib/python3.12/site-packages/airflow/example_dags/example_sensor_decorator.py for tasks to queue
[2025-03-21T20:58:29.622+0000] {logging_mixin.py:190} INFO - [2025-03-21T20:58:29.622+0000] {dagbag.py:588} INFO - Filling up the DagBag from /home/usmail/sys_fraud/sys_detection_frauds/lib/python3.12/site-packages/airflow/example_dags/example_sensor_decorator.py
[2025-03-21T20:58:29.631+0000] {processor.py:925} INFO - DAG(s) 'example_sensor_decorator' retrieved from /home/usmail/sys_fraud/sys_detection_frauds/lib/python3.12/site-packages/airflow/example_dags/example_sensor_decorator.py
[2025-03-21T20:58:29.644+0000] {logging_mixin.py:190} INFO - [2025-03-21T20:58:29.643+0000] {dag.py:3239} INFO - Sync 1 DAGs
[2025-03-21T20:58:29.652+0000] {logging_mixin.py:190} INFO - [2025-03-21T20:58:29.652+0000] {dag.py:4180} INFO - Setting next_dagrun for example_sensor_decorator to None, run_after=None
[2025-03-21T20:58:29.681+0000] {processor.py:208} INFO - Processing /home/usmail/sys_fraud/sys_detection_frauds/lib/python3.12/site-packages/airflow/example_dags/example_sensor_decorator.py took 0.081 seconds
[2025-03-21T20:59:32.661+0000] {processor.py:186} INFO - Started process (PID=3730530) to work on /home/usmail/sys_fraud/sys_detection_frauds/lib/python3.12/site-packages/airflow/example_dags/example_sensor_decorator.py
[2025-03-21T20:59:32.665+0000] {processor.py:914} INFO - Processing file /home/usmail/sys_fraud/sys_detection_frauds/lib/python3.12/site-packages/airflow/example_dags/example_sensor_decorator.py for tasks to queue
[2025-03-21T20:59:32.666+0000] {logging_mixin.py:190} INFO - [2025-03-21T20:59:32.666+0000] {dagbag.py:588} INFO - Filling up the DagBag from /home/usmail/sys_fraud/sys_detection_frauds/lib/python3.12/site-packages/airflow/example_dags/example_sensor_decorator.py
[2025-03-21T20:59:32.671+0000] {processor.py:925} INFO - DAG(s) 'example_sensor_decorator' retrieved from /home/usmail/sys_fraud/sys_detection_frauds/lib/python3.12/site-packages/airflow/example_dags/example_sensor_decorator.py
[2025-03-21T20:59:32.682+0000] {logging_mixin.py:190} INFO - [2025-03-21T20:59:32.681+0000] {dag.py:3239} INFO - Sync 1 DAGs
[2025-03-21T20:59:32.689+0000] {logging_mixin.py:190} INFO - [2025-03-21T20:59:32.689+0000] {dag.py:4180} INFO - Setting next_dagrun for example_sensor_decorator to None, run_after=None
[2025-03-21T20:59:32.712+0000] {processor.py:208} INFO - Processing /home/usmail/sys_fraud/sys_detection_frauds/lib/python3.12/site-packages/airflow/example_dags/example_sensor_decorator.py took 0.054 seconds
[2025-03-21T21:00:29.353+0000] {processor.py:186} INFO - Started process (PID=3731251) to work on /home/usmail/sys_fraud/sys_detection_frauds/lib/python3.12/site-packages/airflow/example_dags/example_sensor_decorator.py
[2025-03-21T21:00:29.354+0000] {processor.py:914} INFO - Processing file /home/usmail/sys_fraud/sys_detection_frauds/lib/python3.12/site-packages/airflow/example_dags/example_sensor_decorator.py for tasks to queue
[2025-03-21T21:00:29.356+0000] {logging_mixin.py:190} INFO - [2025-03-21T21:00:29.355+0000] {dagbag.py:588} INFO - Filling up the DagBag from /home/usmail/sys_fraud/sys_detection_frauds/lib/python3.12/site-packages/airflow/example_dags/example_sensor_decorator.py
[2025-03-21T21:00:29.362+0000] {processor.py:925} INFO - DAG(s) 'example_sensor_decorator' retrieved from /home/usmail/sys_fraud/sys_detection_frauds/lib/python3.12/site-packages/airflow/example_dags/example_sensor_decorator.py
[2025-03-21T21:00:29.374+0000] {logging_mixin.py:190} INFO - [2025-03-21T21:00:29.374+0000] {dag.py:3239} INFO - Sync 1 DAGs
[2025-03-21T21:00:29.382+0000] {logging_mixin.py:190} INFO - [2025-03-21T21:00:29.381+0000] {dag.py:4180} INFO - Setting next_dagrun for example_sensor_decorator to None, run_after=None
[2025-03-21T21:00:29.396+0000] {processor.py:208} INFO - Processing /home/usmail/sys_fraud/sys_detection_frauds/lib/python3.12/site-packages/airflow/example_dags/example_sensor_decorator.py took 0.048 seconds
[2025-03-21T21:01:24.025+0000] {processor.py:186} INFO - Started process (PID=3731941) to work on /home/usmail/sys_fraud/sys_detection_frauds/lib/python3.12/site-packages/airflow/example_dags/example_sensor_decorator.py
[2025-03-21T21:01:24.025+0000] {processor.py:914} INFO - Processing file /home/usmail/sys_fraud/sys_detection_frauds/lib/python3.12/site-packages/airflow/example_dags/example_sensor_decorator.py for tasks to queue
[2025-03-21T21:01:24.026+0000] {logging_mixin.py:190} INFO - [2025-03-21T21:01:24.026+0000] {dagbag.py:588} INFO - Filling up the DagBag from /home/usmail/sys_fraud/sys_detection_frauds/lib/python3.12/site-packages/airflow/example_dags/example_sensor_decorator.py
[2025-03-21T21:01:24.033+0000] {processor.py:925} INFO - DAG(s) 'example_sensor_decorator' retrieved from /home/usmail/sys_fraud/sys_detection_frauds/lib/python3.12/site-packages/airflow/example_dags/example_sensor_decorator.py
[2025-03-21T21:01:24.042+0000] {logging_mixin.py:190} INFO - [2025-03-21T21:01:24.042+0000] {dag.py:3239} INFO - Sync 1 DAGs
[2025-03-21T21:01:24.050+0000] {logging_mixin.py:190} INFO - [2025-03-21T21:01:24.050+0000] {dag.py:4180} INFO - Setting next_dagrun for example_sensor_decorator to None, run_after=None
[2025-03-21T21:01:24.064+0000] {processor.py:208} INFO - Processing /home/usmail/sys_fraud/sys_detection_frauds/lib/python3.12/site-packages/airflow/example_dags/example_sensor_decorator.py took 0.045 seconds
[2025-03-21T21:02:17.622+0000] {processor.py:186} INFO - Started process (PID=3732619) to work on /home/usmail/sys_fraud/sys_detection_frauds/lib/python3.12/site-packages/airflow/example_dags/example_sensor_decorator.py
[2025-03-21T21:02:17.630+0000] {processor.py:914} INFO - Processing file /home/usmail/sys_fraud/sys_detection_frauds/lib/python3.12/site-packages/airflow/example_dags/example_sensor_decorator.py for tasks to queue
[2025-03-21T21:02:17.634+0000] {logging_mixin.py:190} INFO - [2025-03-21T21:02:17.633+0000] {dagbag.py:588} INFO - Filling up the DagBag from /home/usmail/sys_fraud/sys_detection_frauds/lib/python3.12/site-packages/airflow/example_dags/example_sensor_decorator.py
[2025-03-21T21:02:17.643+0000] {processor.py:925} INFO - DAG(s) 'example_sensor_decorator' retrieved from /home/usmail/sys_fraud/sys_detection_frauds/lib/python3.12/site-packages/airflow/example_dags/example_sensor_decorator.py
[2025-03-21T21:02:17.651+0000] {logging_mixin.py:190} INFO - [2025-03-21T21:02:17.651+0000] {dag.py:3239} INFO - Sync 1 DAGs
[2025-03-21T21:02:17.658+0000] {logging_mixin.py:190} INFO - [2025-03-21T21:02:17.658+0000] {dag.py:4180} INFO - Setting next_dagrun for example_sensor_decorator to None, run_after=None
[2025-03-21T21:02:17.674+0000] {processor.py:208} INFO - Processing /home/usmail/sys_fraud/sys_detection_frauds/lib/python3.12/site-packages/airflow/example_dags/example_sensor_decorator.py took 0.057 seconds
[2025-03-21T21:03:11.659+0000] {processor.py:186} INFO - Started process (PID=3733282) to work on /home/usmail/sys_fraud/sys_detection_frauds/lib/python3.12/site-packages/airflow/example_dags/example_sensor_decorator.py
[2025-03-21T21:03:11.667+0000] {processor.py:914} INFO - Processing file /home/usmail/sys_fraud/sys_detection_frauds/lib/python3.12/site-packages/airflow/example_dags/example_sensor_decorator.py for tasks to queue
[2025-03-21T21:03:11.669+0000] {logging_mixin.py:190} INFO - [2025-03-21T21:03:11.668+0000] {dagbag.py:588} INFO - Filling up the DagBag from /home/usmail/sys_fraud/sys_detection_frauds/lib/python3.12/site-packages/airflow/example_dags/example_sensor_decorator.py
[2025-03-21T21:03:11.673+0000] {processor.py:925} INFO - DAG(s) 'example_sensor_decorator' retrieved from /home/usmail/sys_fraud/sys_detection_frauds/lib/python3.12/site-packages/airflow/example_dags/example_sensor_decorator.py
[2025-03-21T21:03:11.682+0000] {logging_mixin.py:190} INFO - [2025-03-21T21:03:11.682+0000] {dag.py:3239} INFO - Sync 1 DAGs
[2025-03-21T21:03:11.689+0000] {logging_mixin.py:190} INFO - [2025-03-21T21:03:11.688+0000] {dag.py:4180} INFO - Setting next_dagrun for example_sensor_decorator to None, run_after=None
[2025-03-21T21:03:11.716+0000] {processor.py:208} INFO - Processing /home/usmail/sys_fraud/sys_detection_frauds/lib/python3.12/site-packages/airflow/example_dags/example_sensor_decorator.py took 0.060 seconds
[2025-03-21T21:04:05.728+0000] {processor.py:186} INFO - Started process (PID=3733977) to work on /home/usmail/sys_fraud/sys_detection_frauds/lib/python3.12/site-packages/airflow/example_dags/example_sensor_decorator.py
[2025-03-21T21:04:05.737+0000] {processor.py:914} INFO - Processing file /home/usmail/sys_fraud/sys_detection_frauds/lib/python3.12/site-packages/airflow/example_dags/example_sensor_decorator.py for tasks to queue
[2025-03-21T21:04:05.738+0000] {logging_mixin.py:190} INFO - [2025-03-21T21:04:05.738+0000] {dagbag.py:588} INFO - Filling up the DagBag from /home/usmail/sys_fraud/sys_detection_frauds/lib/python3.12/site-packages/airflow/example_dags/example_sensor_decorator.py
[2025-03-21T21:04:05.743+0000] {processor.py:925} INFO - DAG(s) 'example_sensor_decorator' retrieved from /home/usmail/sys_fraud/sys_detection_frauds/lib/python3.12/site-packages/airflow/example_dags/example_sensor_decorator.py
[2025-03-21T21:04:05.750+0000] {logging_mixin.py:190} INFO - [2025-03-21T21:04:05.750+0000] {dag.py:3239} INFO - Sync 1 DAGs
[2025-03-21T21:04:05.843+0000] {logging_mixin.py:190} INFO - [2025-03-21T21:04:05.843+0000] {dag.py:4180} INFO - Setting next_dagrun for example_sensor_decorator to None, run_after=None
[2025-03-21T21:04:05.864+0000] {processor.py:208} INFO - Processing /home/usmail/sys_fraud/sys_detection_frauds/lib/python3.12/site-packages/airflow/example_dags/example_sensor_decorator.py took 0.140 seconds
[2025-03-21T21:05:02.493+0000] {processor.py:186} INFO - Started process (PID=3734844) to work on /home/usmail/sys_fraud/sys_detection_frauds/lib/python3.12/site-packages/airflow/example_dags/example_sensor_decorator.py
[2025-03-21T21:05:02.502+0000] {processor.py:914} INFO - Processing file /home/usmail/sys_fraud/sys_detection_frauds/lib/python3.12/site-packages/airflow/example_dags/example_sensor_decorator.py for tasks to queue
[2025-03-21T21:05:02.503+0000] {logging_mixin.py:190} INFO - [2025-03-21T21:05:02.503+0000] {dagbag.py:588} INFO - Filling up the DagBag from /home/usmail/sys_fraud/sys_detection_frauds/lib/python3.12/site-packages/airflow/example_dags/example_sensor_decorator.py
[2025-03-21T21:05:02.507+0000] {processor.py:925} INFO - DAG(s) 'example_sensor_decorator' retrieved from /home/usmail/sys_fraud/sys_detection_frauds/lib/python3.12/site-packages/airflow/example_dags/example_sensor_decorator.py
[2025-03-21T21:05:02.515+0000] {logging_mixin.py:190} INFO - [2025-03-21T21:05:02.515+0000] {dag.py:3239} INFO - Sync 1 DAGs
[2025-03-21T21:05:02.522+0000] {logging_mixin.py:190} INFO - [2025-03-21T21:05:02.522+0000] {dag.py:4180} INFO - Setting next_dagrun for example_sensor_decorator to None, run_after=None
[2025-03-21T21:05:02.541+0000] {processor.py:208} INFO - Processing /home/usmail/sys_fraud/sys_detection_frauds/lib/python3.12/site-packages/airflow/example_dags/example_sensor_decorator.py took 0.052 seconds
[2025-03-21T21:05:56.291+0000] {processor.py:186} INFO - Started process (PID=3735633) to work on /home/usmail/sys_fraud/sys_detection_frauds/lib/python3.12/site-packages/airflow/example_dags/example_sensor_decorator.py
[2025-03-21T21:05:56.299+0000] {processor.py:914} INFO - Processing file /home/usmail/sys_fraud/sys_detection_frauds/lib/python3.12/site-packages/airflow/example_dags/example_sensor_decorator.py for tasks to queue
[2025-03-21T21:05:56.301+0000] {logging_mixin.py:190} INFO - [2025-03-21T21:05:56.301+0000] {dagbag.py:588} INFO - Filling up the DagBag from /home/usmail/sys_fraud/sys_detection_frauds/lib/python3.12/site-packages/airflow/example_dags/example_sensor_decorator.py
[2025-03-21T21:05:56.305+0000] {processor.py:925} INFO - DAG(s) 'example_sensor_decorator' retrieved from /home/usmail/sys_fraud/sys_detection_frauds/lib/python3.12/site-packages/airflow/example_dags/example_sensor_decorator.py
[2025-03-21T21:05:56.314+0000] {logging_mixin.py:190} INFO - [2025-03-21T21:05:56.314+0000] {dag.py:3239} INFO - Sync 1 DAGs
[2025-03-21T21:05:56.321+0000] {logging_mixin.py:190} INFO - [2025-03-21T21:05:56.321+0000] {dag.py:4180} INFO - Setting next_dagrun for example_sensor_decorator to None, run_after=None
[2025-03-21T21:05:56.335+0000] {processor.py:208} INFO - Processing /home/usmail/sys_fraud/sys_detection_frauds/lib/python3.12/site-packages/airflow/example_dags/example_sensor_decorator.py took 0.050 seconds
[2025-03-21T21:06:49.618+0000] {processor.py:186} INFO - Started process (PID=3736952) to work on /home/usmail/sys_fraud/sys_detection_frauds/lib/python3.12/site-packages/airflow/example_dags/example_sensor_decorator.py
[2025-03-21T21:06:49.627+0000] {processor.py:914} INFO - Processing file /home/usmail/sys_fraud/sys_detection_frauds/lib/python3.12/site-packages/airflow/example_dags/example_sensor_decorator.py for tasks to queue
[2025-03-21T21:06:49.630+0000] {logging_mixin.py:190} INFO - [2025-03-21T21:06:49.629+0000] {dagbag.py:588} INFO - Filling up the DagBag from /home/usmail/sys_fraud/sys_detection_frauds/lib/python3.12/site-packages/airflow/example_dags/example_sensor_decorator.py
[2025-03-21T21:06:49.638+0000] {processor.py:925} INFO - DAG(s) 'example_sensor_decorator' retrieved from /home/usmail/sys_fraud/sys_detection_frauds/lib/python3.12/site-packages/airflow/example_dags/example_sensor_decorator.py
[2025-03-21T21:06:49.647+0000] {logging_mixin.py:190} INFO - [2025-03-21T21:06:49.646+0000] {dag.py:3239} INFO - Sync 1 DAGs
[2025-03-21T21:06:49.654+0000] {logging_mixin.py:190} INFO - [2025-03-21T21:06:49.653+0000] {dag.py:4180} INFO - Setting next_dagrun for example_sensor_decorator to None, run_after=None
[2025-03-21T21:06:49.671+0000] {processor.py:208} INFO - Processing /home/usmail/sys_fraud/sys_detection_frauds/lib/python3.12/site-packages/airflow/example_dags/example_sensor_decorator.py took 0.059 seconds
[2025-03-21T21:07:39.166+0000] {processor.py:186} INFO - Started process (PID=3737581) to work on /home/usmail/sys_fraud/sys_detection_frauds/lib/python3.12/site-packages/airflow/example_dags/example_sensor_decorator.py
[2025-03-21T21:07:39.174+0000] {processor.py:914} INFO - Processing file /home/usmail/sys_fraud/sys_detection_frauds/lib/python3.12/site-packages/airflow/example_dags/example_sensor_decorator.py for tasks to queue
[2025-03-21T21:07:39.177+0000] {logging_mixin.py:190} INFO - [2025-03-21T21:07:39.177+0000] {dagbag.py:588} INFO - Filling up the DagBag from /home/usmail/sys_fraud/sys_detection_frauds/lib/python3.12/site-packages/airflow/example_dags/example_sensor_decorator.py
[2025-03-21T21:07:39.185+0000] {processor.py:925} INFO - DAG(s) 'example_sensor_decorator' retrieved from /home/usmail/sys_fraud/sys_detection_frauds/lib/python3.12/site-packages/airflow/example_dags/example_sensor_decorator.py
[2025-03-21T21:07:39.193+0000] {logging_mixin.py:190} INFO - [2025-03-21T21:07:39.193+0000] {dag.py:3239} INFO - Sync 1 DAGs
[2025-03-21T21:07:39.201+0000] {logging_mixin.py:190} INFO - [2025-03-21T21:07:39.201+0000] {dag.py:4180} INFO - Setting next_dagrun for example_sensor_decorator to None, run_after=None
[2025-03-21T21:07:39.217+0000] {processor.py:208} INFO - Processing /home/usmail/sys_fraud/sys_detection_frauds/lib/python3.12/site-packages/airflow/example_dags/example_sensor_decorator.py took 0.058 seconds
[2025-03-21T21:08:33.992+0000] {processor.py:186} INFO - Started process (PID=3738300) to work on /home/usmail/sys_fraud/sys_detection_frauds/lib/python3.12/site-packages/airflow/example_dags/example_sensor_decorator.py
[2025-03-21T21:08:34.001+0000] {processor.py:914} INFO - Processing file /home/usmail/sys_fraud/sys_detection_frauds/lib/python3.12/site-packages/airflow/example_dags/example_sensor_decorator.py for tasks to queue
[2025-03-21T21:08:34.005+0000] {logging_mixin.py:190} INFO - [2025-03-21T21:08:34.005+0000] {dagbag.py:588} INFO - Filling up the DagBag from /home/usmail/sys_fraud/sys_detection_frauds/lib/python3.12/site-packages/airflow/example_dags/example_sensor_decorator.py
[2025-03-21T21:08:34.018+0000] {processor.py:925} INFO - DAG(s) 'example_sensor_decorator' retrieved from /home/usmail/sys_fraud/sys_detection_frauds/lib/python3.12/site-packages/airflow/example_dags/example_sensor_decorator.py
[2025-03-21T21:08:34.039+0000] {logging_mixin.py:190} INFO - [2025-03-21T21:08:34.039+0000] {dag.py:3239} INFO - Sync 1 DAGs
[2025-03-21T21:08:34.054+0000] {logging_mixin.py:190} INFO - [2025-03-21T21:08:34.054+0000] {dag.py:4180} INFO - Setting next_dagrun for example_sensor_decorator to None, run_after=None
[2025-03-21T21:08:34.077+0000] {processor.py:208} INFO - Processing /home/usmail/sys_fraud/sys_detection_frauds/lib/python3.12/site-packages/airflow/example_dags/example_sensor_decorator.py took 0.097 seconds
[2025-03-21T21:09:32.380+0000] {processor.py:186} INFO - Started process (PID=3739152) to work on /home/usmail/sys_fraud/sys_detection_frauds/lib/python3.12/site-packages/airflow/example_dags/example_sensor_decorator.py
[2025-03-21T21:09:32.389+0000] {processor.py:914} INFO - Processing file /home/usmail/sys_fraud/sys_detection_frauds/lib/python3.12/site-packages/airflow/example_dags/example_sensor_decorator.py for tasks to queue
[2025-03-21T21:09:32.392+0000] {logging_mixin.py:190} INFO - [2025-03-21T21:09:32.391+0000] {dagbag.py:588} INFO - Filling up the DagBag from /home/usmail/sys_fraud/sys_detection_frauds/lib/python3.12/site-packages/airflow/example_dags/example_sensor_decorator.py
[2025-03-21T21:09:32.405+0000] {processor.py:925} INFO - DAG(s) 'example_sensor_decorator' retrieved from /home/usmail/sys_fraud/sys_detection_frauds/lib/python3.12/site-packages/airflow/example_dags/example_sensor_decorator.py
[2025-03-21T21:09:32.430+0000] {logging_mixin.py:190} INFO - [2025-03-21T21:09:32.430+0000] {dag.py:3239} INFO - Sync 1 DAGs
[2025-03-21T21:09:32.448+0000] {logging_mixin.py:190} INFO - [2025-03-21T21:09:32.447+0000] {dag.py:4180} INFO - Setting next_dagrun for example_sensor_decorator to None, run_after=None
[2025-03-21T21:09:32.467+0000] {processor.py:208} INFO - Processing /home/usmail/sys_fraud/sys_detection_frauds/lib/python3.12/site-packages/airflow/example_dags/example_sensor_decorator.py took 0.100 seconds
[2025-03-21T21:10:26.313+0000] {processor.py:186} INFO - Started process (PID=3739778) to work on /home/usmail/sys_fraud/sys_detection_frauds/lib/python3.12/site-packages/airflow/example_dags/example_sensor_decorator.py
[2025-03-21T21:10:26.322+0000] {processor.py:914} INFO - Processing file /home/usmail/sys_fraud/sys_detection_frauds/lib/python3.12/site-packages/airflow/example_dags/example_sensor_decorator.py for tasks to queue
[2025-03-21T21:10:26.326+0000] {logging_mixin.py:190} INFO - [2025-03-21T21:10:26.325+0000] {dagbag.py:588} INFO - Filling up the DagBag from /home/usmail/sys_fraud/sys_detection_frauds/lib/python3.12/site-packages/airflow/example_dags/example_sensor_decorator.py
[2025-03-21T21:10:26.339+0000] {processor.py:925} INFO - DAG(s) 'example_sensor_decorator' retrieved from /home/usmail/sys_fraud/sys_detection_frauds/lib/python3.12/site-packages/airflow/example_dags/example_sensor_decorator.py
[2025-03-21T21:10:26.360+0000] {logging_mixin.py:190} INFO - [2025-03-21T21:10:26.360+0000] {dag.py:3239} INFO - Sync 1 DAGs
[2025-03-21T21:10:26.375+0000] {logging_mixin.py:190} INFO - [2025-03-21T21:10:26.374+0000] {dag.py:4180} INFO - Setting next_dagrun for example_sensor_decorator to None, run_after=None
[2025-03-21T21:10:26.410+0000] {processor.py:208} INFO - Processing /home/usmail/sys_fraud/sys_detection_frauds/lib/python3.12/site-packages/airflow/example_dags/example_sensor_decorator.py took 0.108 seconds
[2025-03-21T21:11:25.288+0000] {processor.py:186} INFO - Started process (PID=3741604) to work on /home/usmail/sys_fraud/sys_detection_frauds/lib/python3.12/site-packages/airflow/example_dags/example_sensor_decorator.py
[2025-03-21T21:11:25.296+0000] {processor.py:914} INFO - Processing file /home/usmail/sys_fraud/sys_detection_frauds/lib/python3.12/site-packages/airflow/example_dags/example_sensor_decorator.py for tasks to queue
[2025-03-21T21:11:25.298+0000] {logging_mixin.py:190} INFO - [2025-03-21T21:11:25.298+0000] {dagbag.py:588} INFO - Filling up the DagBag from /home/usmail/sys_fraud/sys_detection_frauds/lib/python3.12/site-packages/airflow/example_dags/example_sensor_decorator.py
[2025-03-21T21:11:25.304+0000] {processor.py:925} INFO - DAG(s) 'example_sensor_decorator' retrieved from /home/usmail/sys_fraud/sys_detection_frauds/lib/python3.12/site-packages/airflow/example_dags/example_sensor_decorator.py
[2025-03-21T21:11:25.315+0000] {logging_mixin.py:190} INFO - [2025-03-21T21:11:25.315+0000] {dag.py:3239} INFO - Sync 1 DAGs
[2025-03-21T21:11:25.325+0000] {logging_mixin.py:190} INFO - [2025-03-21T21:11:25.325+0000] {dag.py:4180} INFO - Setting next_dagrun for example_sensor_decorator to None, run_after=None
[2025-03-21T21:11:25.342+0000] {processor.py:208} INFO - Processing /home/usmail/sys_fraud/sys_detection_frauds/lib/python3.12/site-packages/airflow/example_dags/example_sensor_decorator.py took 0.060 seconds
[2025-03-21T21:12:20.450+0000] {processor.py:186} INFO - Started process (PID=3742709) to work on /home/usmail/sys_fraud/sys_detection_frauds/lib/python3.12/site-packages/airflow/example_dags/example_sensor_decorator.py
[2025-03-21T21:12:20.459+0000] {processor.py:914} INFO - Processing file /home/usmail/sys_fraud/sys_detection_frauds/lib/python3.12/site-packages/airflow/example_dags/example_sensor_decorator.py for tasks to queue
[2025-03-21T21:12:20.460+0000] {logging_mixin.py:190} INFO - [2025-03-21T21:12:20.460+0000] {dagbag.py:588} INFO - Filling up the DagBag from /home/usmail/sys_fraud/sys_detection_frauds/lib/python3.12/site-packages/airflow/example_dags/example_sensor_decorator.py
[2025-03-21T21:12:20.467+0000] {processor.py:925} INFO - DAG(s) 'example_sensor_decorator' retrieved from /home/usmail/sys_fraud/sys_detection_frauds/lib/python3.12/site-packages/airflow/example_dags/example_sensor_decorator.py
[2025-03-21T21:12:20.478+0000] {logging_mixin.py:190} INFO - [2025-03-21T21:12:20.478+0000] {dag.py:3239} INFO - Sync 1 DAGs
[2025-03-21T21:12:20.488+0000] {logging_mixin.py:190} INFO - [2025-03-21T21:12:20.488+0000] {dag.py:4180} INFO - Setting next_dagrun for example_sensor_decorator to None, run_after=None
[2025-03-21T21:12:20.513+0000] {processor.py:208} INFO - Processing /home/usmail/sys_fraud/sys_detection_frauds/lib/python3.12/site-packages/airflow/example_dags/example_sensor_decorator.py took 0.069 seconds
[2025-03-21T21:13:12.454+0000] {processor.py:186} INFO - Started process (PID=3743625) to work on /home/usmail/sys_fraud/sys_detection_frauds/lib/python3.12/site-packages/airflow/example_dags/example_sensor_decorator.py
[2025-03-21T21:13:12.463+0000] {processor.py:914} INFO - Processing file /home/usmail/sys_fraud/sys_detection_frauds/lib/python3.12/site-packages/airflow/example_dags/example_sensor_decorator.py for tasks to queue
[2025-03-21T21:13:12.464+0000] {logging_mixin.py:190} INFO - [2025-03-21T21:13:12.464+0000] {dagbag.py:588} INFO - Filling up the DagBag from /home/usmail/sys_fraud/sys_detection_frauds/lib/python3.12/site-packages/airflow/example_dags/example_sensor_decorator.py
[2025-03-21T21:13:12.471+0000] {processor.py:925} INFO - DAG(s) 'example_sensor_decorator' retrieved from /home/usmail/sys_fraud/sys_detection_frauds/lib/python3.12/site-packages/airflow/example_dags/example_sensor_decorator.py
[2025-03-21T21:13:12.481+0000] {logging_mixin.py:190} INFO - [2025-03-21T21:13:12.481+0000] {dag.py:3239} INFO - Sync 1 DAGs
[2025-03-21T21:13:12.491+0000] {logging_mixin.py:190} INFO - [2025-03-21T21:13:12.491+0000] {dag.py:4180} INFO - Setting next_dagrun for example_sensor_decorator to None, run_after=None
[2025-03-21T21:13:12.508+0000] {processor.py:208} INFO - Processing /home/usmail/sys_fraud/sys_detection_frauds/lib/python3.12/site-packages/airflow/example_dags/example_sensor_decorator.py took 0.060 seconds
[2025-03-21T21:14:03.748+0000] {processor.py:186} INFO - Started process (PID=3744545) to work on /home/usmail/sys_fraud/sys_detection_frauds/lib/python3.12/site-packages/airflow/example_dags/example_sensor_decorator.py
[2025-03-21T21:14:03.758+0000] {processor.py:914} INFO - Processing file /home/usmail/sys_fraud/sys_detection_frauds/lib/python3.12/site-packages/airflow/example_dags/example_sensor_decorator.py for tasks to queue
[2025-03-21T21:14:03.761+0000] {logging_mixin.py:190} INFO - [2025-03-21T21:14:03.760+0000] {dagbag.py:588} INFO - Filling up the DagBag from /home/usmail/sys_fraud/sys_detection_frauds/lib/python3.12/site-packages/airflow/example_dags/example_sensor_decorator.py
[2025-03-21T21:14:03.773+0000] {processor.py:925} INFO - DAG(s) 'example_sensor_decorator' retrieved from /home/usmail/sys_fraud/sys_detection_frauds/lib/python3.12/site-packages/airflow/example_dags/example_sensor_decorator.py
[2025-03-21T21:14:03.796+0000] {logging_mixin.py:190} INFO - [2025-03-21T21:14:03.795+0000] {dag.py:3239} INFO - Sync 1 DAGs
[2025-03-21T21:14:03.813+0000] {logging_mixin.py:190} INFO - [2025-03-21T21:14:03.813+0000] {dag.py:4180} INFO - Setting next_dagrun for example_sensor_decorator to None, run_after=None
[2025-03-21T21:14:03.832+0000] {processor.py:208} INFO - Processing /home/usmail/sys_fraud/sys_detection_frauds/lib/python3.12/site-packages/airflow/example_dags/example_sensor_decorator.py took 0.096 seconds
[2025-03-21T21:15:01.377+0000] {processor.py:186} INFO - Started process (PID=3745288) to work on /home/usmail/sys_fraud/sys_detection_frauds/lib/python3.12/site-packages/airflow/example_dags/example_sensor_decorator.py
[2025-03-21T21:15:01.386+0000] {processor.py:914} INFO - Processing file /home/usmail/sys_fraud/sys_detection_frauds/lib/python3.12/site-packages/airflow/example_dags/example_sensor_decorator.py for tasks to queue
[2025-03-21T21:15:01.390+0000] {logging_mixin.py:190} INFO - [2025-03-21T21:15:01.389+0000] {dagbag.py:588} INFO - Filling up the DagBag from /home/usmail/sys_fraud/sys_detection_frauds/lib/python3.12/site-packages/airflow/example_dags/example_sensor_decorator.py
[2025-03-21T21:15:01.403+0000] {processor.py:925} INFO - DAG(s) 'example_sensor_decorator' retrieved from /home/usmail/sys_fraud/sys_detection_frauds/lib/python3.12/site-packages/airflow/example_dags/example_sensor_decorator.py
[2025-03-21T21:15:01.428+0000] {logging_mixin.py:190} INFO - [2025-03-21T21:15:01.427+0000] {dag.py:3239} INFO - Sync 1 DAGs
[2025-03-21T21:15:01.445+0000] {logging_mixin.py:190} INFO - [2025-03-21T21:15:01.445+0000] {dag.py:4180} INFO - Setting next_dagrun for example_sensor_decorator to None, run_after=None
[2025-03-21T21:15:01.462+0000] {processor.py:208} INFO - Processing /home/usmail/sys_fraud/sys_detection_frauds/lib/python3.12/site-packages/airflow/example_dags/example_sensor_decorator.py took 0.097 seconds
[2025-03-21T21:16:00.977+0000] {processor.py:186} INFO - Started process (PID=3746023) to work on /home/usmail/sys_fraud/sys_detection_frauds/lib/python3.12/site-packages/airflow/example_dags/example_sensor_decorator.py
[2025-03-21T21:16:00.987+0000] {processor.py:914} INFO - Processing file /home/usmail/sys_fraud/sys_detection_frauds/lib/python3.12/site-packages/airflow/example_dags/example_sensor_decorator.py for tasks to queue
[2025-03-21T21:16:00.990+0000] {logging_mixin.py:190} INFO - [2025-03-21T21:16:00.989+0000] {dagbag.py:588} INFO - Filling up the DagBag from /home/usmail/sys_fraud/sys_detection_frauds/lib/python3.12/site-packages/airflow/example_dags/example_sensor_decorator.py
[2025-03-21T21:16:01.002+0000] {processor.py:925} INFO - DAG(s) 'example_sensor_decorator' retrieved from /home/usmail/sys_fraud/sys_detection_frauds/lib/python3.12/site-packages/airflow/example_dags/example_sensor_decorator.py
[2025-03-21T21:16:01.024+0000] {logging_mixin.py:190} INFO - [2025-03-21T21:16:01.023+0000] {dag.py:3239} INFO - Sync 1 DAGs
[2025-03-21T21:16:01.037+0000] {logging_mixin.py:190} INFO - [2025-03-21T21:16:01.037+0000] {dag.py:4180} INFO - Setting next_dagrun for example_sensor_decorator to None, run_after=None
[2025-03-21T21:16:01.070+0000] {processor.py:208} INFO - Processing /home/usmail/sys_fraud/sys_detection_frauds/lib/python3.12/site-packages/airflow/example_dags/example_sensor_decorator.py took 0.108 seconds
[2025-03-21T21:17:02.788+0000] {processor.py:186} INFO - Started process (PID=3746796) to work on /home/usmail/sys_fraud/sys_detection_frauds/lib/python3.12/site-packages/airflow/example_dags/example_sensor_decorator.py
[2025-03-21T21:17:02.797+0000] {processor.py:914} INFO - Processing file /home/usmail/sys_fraud/sys_detection_frauds/lib/python3.12/site-packages/airflow/example_dags/example_sensor_decorator.py for tasks to queue
[2025-03-21T21:17:02.800+0000] {logging_mixin.py:190} INFO - [2025-03-21T21:17:02.800+0000] {dagbag.py:588} INFO - Filling up the DagBag from /home/usmail/sys_fraud/sys_detection_frauds/lib/python3.12/site-packages/airflow/example_dags/example_sensor_decorator.py
[2025-03-21T21:17:02.813+0000] {processor.py:925} INFO - DAG(s) 'example_sensor_decorator' retrieved from /home/usmail/sys_fraud/sys_detection_frauds/lib/python3.12/site-packages/airflow/example_dags/example_sensor_decorator.py
[2025-03-21T21:17:02.836+0000] {logging_mixin.py:190} INFO - [2025-03-21T21:17:02.835+0000] {dag.py:3239} INFO - Sync 1 DAGs
[2025-03-21T21:17:02.854+0000] {logging_mixin.py:190} INFO - [2025-03-21T21:17:02.853+0000] {dag.py:4180} INFO - Setting next_dagrun for example_sensor_decorator to None, run_after=None
[2025-03-21T21:17:02.874+0000] {processor.py:208} INFO - Processing /home/usmail/sys_fraud/sys_detection_frauds/lib/python3.12/site-packages/airflow/example_dags/example_sensor_decorator.py took 0.099 seconds
[2025-03-21T21:18:06.464+0000] {processor.py:186} INFO - Started process (PID=3747605) to work on /home/usmail/sys_fraud/sys_detection_frauds/lib/python3.12/site-packages/airflow/example_dags/example_sensor_decorator.py
[2025-03-21T21:18:06.466+0000] {processor.py:914} INFO - Processing file /home/usmail/sys_fraud/sys_detection_frauds/lib/python3.12/site-packages/airflow/example_dags/example_sensor_decorator.py for tasks to queue
[2025-03-21T21:18:06.470+0000] {logging_mixin.py:190} INFO - [2025-03-21T21:18:06.470+0000] {dagbag.py:588} INFO - Filling up the DagBag from /home/usmail/sys_fraud/sys_detection_frauds/lib/python3.12/site-packages/airflow/example_dags/example_sensor_decorator.py
[2025-03-21T21:18:06.484+0000] {processor.py:925} INFO - DAG(s) 'example_sensor_decorator' retrieved from /home/usmail/sys_fraud/sys_detection_frauds/lib/python3.12/site-packages/airflow/example_dags/example_sensor_decorator.py
[2025-03-21T21:18:06.509+0000] {logging_mixin.py:190} INFO - [2025-03-21T21:18:06.509+0000] {dag.py:3239} INFO - Sync 1 DAGs
[2025-03-21T21:18:06.528+0000] {logging_mixin.py:190} INFO - [2025-03-21T21:18:06.528+0000] {dag.py:4180} INFO - Setting next_dagrun for example_sensor_decorator to None, run_after=None
[2025-03-21T21:18:06.550+0000] {processor.py:208} INFO - Processing /home/usmail/sys_fraud/sys_detection_frauds/lib/python3.12/site-packages/airflow/example_dags/example_sensor_decorator.py took 0.102 seconds
[2025-03-21T21:19:12.450+0000] {processor.py:186} INFO - Started process (PID=3748398) to work on /home/usmail/sys_fraud/sys_detection_frauds/lib/python3.12/site-packages/airflow/example_dags/example_sensor_decorator.py
[2025-03-21T21:19:12.459+0000] {processor.py:914} INFO - Processing file /home/usmail/sys_fraud/sys_detection_frauds/lib/python3.12/site-packages/airflow/example_dags/example_sensor_decorator.py for tasks to queue
[2025-03-21T21:19:12.462+0000] {logging_mixin.py:190} INFO - [2025-03-21T21:19:12.462+0000] {dagbag.py:588} INFO - Filling up the DagBag from /home/usmail/sys_fraud/sys_detection_frauds/lib/python3.12/site-packages/airflow/example_dags/example_sensor_decorator.py
[2025-03-21T21:19:12.475+0000] {processor.py:925} INFO - DAG(s) 'example_sensor_decorator' retrieved from /home/usmail/sys_fraud/sys_detection_frauds/lib/python3.12/site-packages/airflow/example_dags/example_sensor_decorator.py
[2025-03-21T21:19:12.497+0000] {logging_mixin.py:190} INFO - [2025-03-21T21:19:12.497+0000] {dag.py:3239} INFO - Sync 1 DAGs
[2025-03-21T21:19:12.514+0000] {logging_mixin.py:190} INFO - [2025-03-21T21:19:12.514+0000] {dag.py:4180} INFO - Setting next_dagrun for example_sensor_decorator to None, run_after=None
[2025-03-21T21:19:12.553+0000] {processor.py:208} INFO - Processing /home/usmail/sys_fraud/sys_detection_frauds/lib/python3.12/site-packages/airflow/example_dags/example_sensor_decorator.py took 0.116 seconds
[2025-03-21T21:20:15.812+0000] {processor.py:186} INFO - Started process (PID=3749166) to work on /home/usmail/sys_fraud/sys_detection_frauds/lib/python3.12/site-packages/airflow/example_dags/example_sensor_decorator.py
[2025-03-21T21:20:15.821+0000] {processor.py:914} INFO - Processing file /home/usmail/sys_fraud/sys_detection_frauds/lib/python3.12/site-packages/airflow/example_dags/example_sensor_decorator.py for tasks to queue
[2025-03-21T21:20:15.824+0000] {logging_mixin.py:190} INFO - [2025-03-21T21:20:15.824+0000] {dagbag.py:588} INFO - Filling up the DagBag from /home/usmail/sys_fraud/sys_detection_frauds/lib/python3.12/site-packages/airflow/example_dags/example_sensor_decorator.py
[2025-03-21T21:20:15.837+0000] {processor.py:925} INFO - DAG(s) 'example_sensor_decorator' retrieved from /home/usmail/sys_fraud/sys_detection_frauds/lib/python3.12/site-packages/airflow/example_dags/example_sensor_decorator.py
[2025-03-21T21:20:15.859+0000] {logging_mixin.py:190} INFO - [2025-03-21T21:20:15.859+0000] {dag.py:3239} INFO - Sync 1 DAGs
[2025-03-21T21:20:15.877+0000] {logging_mixin.py:190} INFO - [2025-03-21T21:20:15.877+0000] {dag.py:4180} INFO - Setting next_dagrun for example_sensor_decorator to None, run_after=None
[2025-03-21T21:20:15.916+0000] {processor.py:208} INFO - Processing /home/usmail/sys_fraud/sys_detection_frauds/lib/python3.12/site-packages/airflow/example_dags/example_sensor_decorator.py took 0.117 seconds
[2025-03-21T21:21:17.963+0000] {processor.py:186} INFO - Started process (PID=3749915) to work on /home/usmail/sys_fraud/sys_detection_frauds/lib/python3.12/site-packages/airflow/example_dags/example_sensor_decorator.py
[2025-03-21T21:21:17.972+0000] {processor.py:914} INFO - Processing file /home/usmail/sys_fraud/sys_detection_frauds/lib/python3.12/site-packages/airflow/example_dags/example_sensor_decorator.py for tasks to queue
[2025-03-21T21:21:17.975+0000] {logging_mixin.py:190} INFO - [2025-03-21T21:21:17.975+0000] {dagbag.py:588} INFO - Filling up the DagBag from /home/usmail/sys_fraud/sys_detection_frauds/lib/python3.12/site-packages/airflow/example_dags/example_sensor_decorator.py
[2025-03-21T21:21:17.988+0000] {processor.py:925} INFO - DAG(s) 'example_sensor_decorator' retrieved from /home/usmail/sys_fraud/sys_detection_frauds/lib/python3.12/site-packages/airflow/example_dags/example_sensor_decorator.py
[2025-03-21T21:21:18.010+0000] {logging_mixin.py:190} INFO - [2025-03-21T21:21:18.010+0000] {dag.py:3239} INFO - Sync 1 DAGs
[2025-03-21T21:21:18.028+0000] {logging_mixin.py:190} INFO - [2025-03-21T21:21:18.028+0000] {dag.py:4180} INFO - Setting next_dagrun for example_sensor_decorator to None, run_after=None
[2025-03-21T21:21:18.045+0000] {processor.py:208} INFO - Processing /home/usmail/sys_fraud/sys_detection_frauds/lib/python3.12/site-packages/airflow/example_dags/example_sensor_decorator.py took 0.094 seconds
[2025-03-21T21:22:26.434+0000] {processor.py:186} INFO - Started process (PID=3750786) to work on /home/usmail/sys_fraud/sys_detection_frauds/lib/python3.12/site-packages/airflow/example_dags/example_sensor_decorator.py
[2025-03-21T21:22:26.444+0000] {processor.py:914} INFO - Processing file /home/usmail/sys_fraud/sys_detection_frauds/lib/python3.12/site-packages/airflow/example_dags/example_sensor_decorator.py for tasks to queue
[2025-03-21T21:22:26.447+0000] {logging_mixin.py:190} INFO - [2025-03-21T21:22:26.446+0000] {dagbag.py:588} INFO - Filling up the DagBag from /home/usmail/sys_fraud/sys_detection_frauds/lib/python3.12/site-packages/airflow/example_dags/example_sensor_decorator.py
[2025-03-21T21:22:26.459+0000] {processor.py:925} INFO - DAG(s) 'example_sensor_decorator' retrieved from /home/usmail/sys_fraud/sys_detection_frauds/lib/python3.12/site-packages/airflow/example_dags/example_sensor_decorator.py
[2025-03-21T21:22:26.480+0000] {logging_mixin.py:190} INFO - [2025-03-21T21:22:26.480+0000] {dag.py:3239} INFO - Sync 1 DAGs
[2025-03-21T21:22:26.498+0000] {logging_mixin.py:190} INFO - [2025-03-21T21:22:26.497+0000] {dag.py:4180} INFO - Setting next_dagrun for example_sensor_decorator to None, run_after=None
[2025-03-21T21:22:26.514+0000] {processor.py:208} INFO - Processing /home/usmail/sys_fraud/sys_detection_frauds/lib/python3.12/site-packages/airflow/example_dags/example_sensor_decorator.py took 0.092 seconds
[2025-03-21T21:23:30.321+0000] {processor.py:186} INFO - Started process (PID=3751566) to work on /home/usmail/sys_fraud/sys_detection_frauds/lib/python3.12/site-packages/airflow/example_dags/example_sensor_decorator.py
[2025-03-21T21:23:30.330+0000] {processor.py:914} INFO - Processing file /home/usmail/sys_fraud/sys_detection_frauds/lib/python3.12/site-packages/airflow/example_dags/example_sensor_decorator.py for tasks to queue
[2025-03-21T21:23:30.333+0000] {logging_mixin.py:190} INFO - [2025-03-21T21:23:30.333+0000] {dagbag.py:588} INFO - Filling up the DagBag from /home/usmail/sys_fraud/sys_detection_frauds/lib/python3.12/site-packages/airflow/example_dags/example_sensor_decorator.py
[2025-03-21T21:23:30.342+0000] {processor.py:925} INFO - DAG(s) 'example_sensor_decorator' retrieved from /home/usmail/sys_fraud/sys_detection_frauds/lib/python3.12/site-packages/airflow/example_dags/example_sensor_decorator.py
[2025-03-21T21:23:30.359+0000] {logging_mixin.py:190} INFO - [2025-03-21T21:23:30.358+0000] {dag.py:3239} INFO - Sync 1 DAGs
[2025-03-21T21:23:30.376+0000] {logging_mixin.py:190} INFO - [2025-03-21T21:23:30.375+0000] {dag.py:4180} INFO - Setting next_dagrun for example_sensor_decorator to None, run_after=None
[2025-03-21T21:23:30.393+0000] {processor.py:208} INFO - Processing /home/usmail/sys_fraud/sys_detection_frauds/lib/python3.12/site-packages/airflow/example_dags/example_sensor_decorator.py took 0.085 seconds
[2025-03-21T21:24:32.024+0000] {processor.py:186} INFO - Started process (PID=3752231) to work on /home/usmail/sys_fraud/sys_detection_frauds/lib/python3.12/site-packages/airflow/example_dags/example_sensor_decorator.py
[2025-03-21T21:24:32.033+0000] {processor.py:914} INFO - Processing file /home/usmail/sys_fraud/sys_detection_frauds/lib/python3.12/site-packages/airflow/example_dags/example_sensor_decorator.py for tasks to queue
[2025-03-21T21:24:32.036+0000] {logging_mixin.py:190} INFO - [2025-03-21T21:24:32.036+0000] {dagbag.py:588} INFO - Filling up the DagBag from /home/usmail/sys_fraud/sys_detection_frauds/lib/python3.12/site-packages/airflow/example_dags/example_sensor_decorator.py
[2025-03-21T21:24:32.049+0000] {processor.py:925} INFO - DAG(s) 'example_sensor_decorator' retrieved from /home/usmail/sys_fraud/sys_detection_frauds/lib/python3.12/site-packages/airflow/example_dags/example_sensor_decorator.py
[2025-03-21T21:24:32.072+0000] {logging_mixin.py:190} INFO - [2025-03-21T21:24:32.072+0000] {dag.py:3239} INFO - Sync 1 DAGs
[2025-03-21T21:24:32.091+0000] {logging_mixin.py:190} INFO - [2025-03-21T21:24:32.090+0000] {dag.py:4180} INFO - Setting next_dagrun for example_sensor_decorator to None, run_after=None
[2025-03-21T21:24:32.125+0000] {processor.py:208} INFO - Processing /home/usmail/sys_fraud/sys_detection_frauds/lib/python3.12/site-packages/airflow/example_dags/example_sensor_decorator.py took 0.113 seconds
[2025-03-21T21:25:34.980+0000] {processor.py:186} INFO - Started process (PID=3752940) to work on /home/usmail/sys_fraud/sys_detection_frauds/lib/python3.12/site-packages/airflow/example_dags/example_sensor_decorator.py
[2025-03-21T21:25:34.989+0000] {processor.py:914} INFO - Processing file /home/usmail/sys_fraud/sys_detection_frauds/lib/python3.12/site-packages/airflow/example_dags/example_sensor_decorator.py for tasks to queue
[2025-03-21T21:25:34.993+0000] {logging_mixin.py:190} INFO - [2025-03-21T21:25:34.992+0000] {dagbag.py:588} INFO - Filling up the DagBag from /home/usmail/sys_fraud/sys_detection_frauds/lib/python3.12/site-packages/airflow/example_dags/example_sensor_decorator.py
[2025-03-21T21:25:35.005+0000] {processor.py:925} INFO - DAG(s) 'example_sensor_decorator' retrieved from /home/usmail/sys_fraud/sys_detection_frauds/lib/python3.12/site-packages/airflow/example_dags/example_sensor_decorator.py
[2025-03-21T21:25:35.027+0000] {logging_mixin.py:190} INFO - [2025-03-21T21:25:35.027+0000] {dag.py:3239} INFO - Sync 1 DAGs
[2025-03-21T21:25:35.044+0000] {logging_mixin.py:190} INFO - [2025-03-21T21:25:35.044+0000] {dag.py:4180} INFO - Setting next_dagrun for example_sensor_decorator to None, run_after=None
[2025-03-21T21:25:35.062+0000] {processor.py:208} INFO - Processing /home/usmail/sys_fraud/sys_detection_frauds/lib/python3.12/site-packages/airflow/example_dags/example_sensor_decorator.py took 0.095 seconds
[2025-03-21T21:26:38.792+0000] {processor.py:186} INFO - Started process (PID=3753588) to work on /home/usmail/sys_fraud/sys_detection_frauds/lib/python3.12/site-packages/airflow/example_dags/example_sensor_decorator.py
[2025-03-21T21:26:38.802+0000] {processor.py:914} INFO - Processing file /home/usmail/sys_fraud/sys_detection_frauds/lib/python3.12/site-packages/airflow/example_dags/example_sensor_decorator.py for tasks to queue
[2025-03-21T21:26:38.805+0000] {logging_mixin.py:190} INFO - [2025-03-21T21:26:38.804+0000] {dagbag.py:588} INFO - Filling up the DagBag from /home/usmail/sys_fraud/sys_detection_frauds/lib/python3.12/site-packages/airflow/example_dags/example_sensor_decorator.py
[2025-03-21T21:26:38.817+0000] {processor.py:925} INFO - DAG(s) 'example_sensor_decorator' retrieved from /home/usmail/sys_fraud/sys_detection_frauds/lib/python3.12/site-packages/airflow/example_dags/example_sensor_decorator.py
[2025-03-21T21:26:38.839+0000] {logging_mixin.py:190} INFO - [2025-03-21T21:26:38.839+0000] {dag.py:3239} INFO - Sync 1 DAGs
[2025-03-21T21:26:38.858+0000] {logging_mixin.py:190} INFO - [2025-03-21T21:26:38.858+0000] {dag.py:4180} INFO - Setting next_dagrun for example_sensor_decorator to None, run_after=None
[2025-03-21T21:26:38.894+0000] {processor.py:208} INFO - Processing /home/usmail/sys_fraud/sys_detection_frauds/lib/python3.12/site-packages/airflow/example_dags/example_sensor_decorator.py took 0.115 seconds
[2025-03-21T21:27:42.550+0000] {processor.py:186} INFO - Started process (PID=3754259) to work on /home/usmail/sys_fraud/sys_detection_frauds/lib/python3.12/site-packages/airflow/example_dags/example_sensor_decorator.py
[2025-03-21T21:27:42.559+0000] {processor.py:914} INFO - Processing file /home/usmail/sys_fraud/sys_detection_frauds/lib/python3.12/site-packages/airflow/example_dags/example_sensor_decorator.py for tasks to queue
[2025-03-21T21:27:42.561+0000] {logging_mixin.py:190} INFO - [2025-03-21T21:27:42.561+0000] {dagbag.py:588} INFO - Filling up the DagBag from /home/usmail/sys_fraud/sys_detection_frauds/lib/python3.12/site-packages/airflow/example_dags/example_sensor_decorator.py
[2025-03-21T21:27:42.570+0000] {processor.py:925} INFO - DAG(s) 'example_sensor_decorator' retrieved from /home/usmail/sys_fraud/sys_detection_frauds/lib/python3.12/site-packages/airflow/example_dags/example_sensor_decorator.py
[2025-03-21T21:27:42.588+0000] {logging_mixin.py:190} INFO - [2025-03-21T21:27:42.588+0000] {dag.py:3239} INFO - Sync 1 DAGs
[2025-03-21T21:27:42.600+0000] {logging_mixin.py:190} INFO - [2025-03-21T21:27:42.599+0000] {dag.py:4180} INFO - Setting next_dagrun for example_sensor_decorator to None, run_after=None
[2025-03-21T21:27:42.637+0000] {processor.py:208} INFO - Processing /home/usmail/sys_fraud/sys_detection_frauds/lib/python3.12/site-packages/airflow/example_dags/example_sensor_decorator.py took 0.095 seconds
[2025-03-21T21:28:42.030+0000] {processor.py:186} INFO - Started process (PID=3754870) to work on /home/usmail/sys_fraud/sys_detection_frauds/lib/python3.12/site-packages/airflow/example_dags/example_sensor_decorator.py
[2025-03-21T21:28:42.040+0000] {processor.py:914} INFO - Processing file /home/usmail/sys_fraud/sys_detection_frauds/lib/python3.12/site-packages/airflow/example_dags/example_sensor_decorator.py for tasks to queue
[2025-03-21T21:28:42.043+0000] {logging_mixin.py:190} INFO - [2025-03-21T21:28:42.042+0000] {dagbag.py:588} INFO - Filling up the DagBag from /home/usmail/sys_fraud/sys_detection_frauds/lib/python3.12/site-packages/airflow/example_dags/example_sensor_decorator.py
[2025-03-21T21:28:42.055+0000] {processor.py:925} INFO - DAG(s) 'example_sensor_decorator' retrieved from /home/usmail/sys_fraud/sys_detection_frauds/lib/python3.12/site-packages/airflow/example_dags/example_sensor_decorator.py
[2025-03-21T21:28:42.078+0000] {logging_mixin.py:190} INFO - [2025-03-21T21:28:42.077+0000] {dag.py:3239} INFO - Sync 1 DAGs
[2025-03-21T21:28:42.096+0000] {logging_mixin.py:190} INFO - [2025-03-21T21:28:42.095+0000] {dag.py:4180} INFO - Setting next_dagrun for example_sensor_decorator to None, run_after=None
[2025-03-21T21:28:42.113+0000] {processor.py:208} INFO - Processing /home/usmail/sys_fraud/sys_detection_frauds/lib/python3.12/site-packages/airflow/example_dags/example_sensor_decorator.py took 0.095 seconds
[2025-03-21T21:29:45.753+0000] {processor.py:186} INFO - Started process (PID=3755554) to work on /home/usmail/sys_fraud/sys_detection_frauds/lib/python3.12/site-packages/airflow/example_dags/example_sensor_decorator.py
[2025-03-21T21:29:45.762+0000] {processor.py:914} INFO - Processing file /home/usmail/sys_fraud/sys_detection_frauds/lib/python3.12/site-packages/airflow/example_dags/example_sensor_decorator.py for tasks to queue
[2025-03-21T21:29:45.765+0000] {logging_mixin.py:190} INFO - [2025-03-21T21:29:45.764+0000] {dagbag.py:588} INFO - Filling up the DagBag from /home/usmail/sys_fraud/sys_detection_frauds/lib/python3.12/site-packages/airflow/example_dags/example_sensor_decorator.py
[2025-03-21T21:29:45.778+0000] {processor.py:925} INFO - DAG(s) 'example_sensor_decorator' retrieved from /home/usmail/sys_fraud/sys_detection_frauds/lib/python3.12/site-packages/airflow/example_dags/example_sensor_decorator.py
[2025-03-21T21:29:45.801+0000] {logging_mixin.py:190} INFO - [2025-03-21T21:29:45.800+0000] {dag.py:3239} INFO - Sync 1 DAGs
[2025-03-21T21:29:45.817+0000] {logging_mixin.py:190} INFO - [2025-03-21T21:29:45.816+0000] {dag.py:4180} INFO - Setting next_dagrun for example_sensor_decorator to None, run_after=None
[2025-03-21T21:29:45.857+0000] {processor.py:208} INFO - Processing /home/usmail/sys_fraud/sys_detection_frauds/lib/python3.12/site-packages/airflow/example_dags/example_sensor_decorator.py took 0.117 seconds
[2025-03-21T21:30:51.520+0000] {processor.py:186} INFO - Started process (PID=3756215) to work on /home/usmail/sys_fraud/sys_detection_frauds/lib/python3.12/site-packages/airflow/example_dags/example_sensor_decorator.py
[2025-03-21T21:30:51.529+0000] {processor.py:914} INFO - Processing file /home/usmail/sys_fraud/sys_detection_frauds/lib/python3.12/site-packages/airflow/example_dags/example_sensor_decorator.py for tasks to queue
[2025-03-21T21:30:51.532+0000] {logging_mixin.py:190} INFO - [2025-03-21T21:30:51.531+0000] {dagbag.py:588} INFO - Filling up the DagBag from /home/usmail/sys_fraud/sys_detection_frauds/lib/python3.12/site-packages/airflow/example_dags/example_sensor_decorator.py
[2025-03-21T21:30:51.544+0000] {processor.py:925} INFO - DAG(s) 'example_sensor_decorator' retrieved from /home/usmail/sys_fraud/sys_detection_frauds/lib/python3.12/site-packages/airflow/example_dags/example_sensor_decorator.py
[2025-03-21T21:30:51.566+0000] {logging_mixin.py:190} INFO - [2025-03-21T21:30:51.565+0000] {dag.py:3239} INFO - Sync 1 DAGs
[2025-03-21T21:30:51.585+0000] {logging_mixin.py:190} INFO - [2025-03-21T21:30:51.585+0000] {dag.py:4180} INFO - Setting next_dagrun for example_sensor_decorator to None, run_after=None
[2025-03-21T21:30:51.614+0000] {processor.py:208} INFO - Processing /home/usmail/sys_fraud/sys_detection_frauds/lib/python3.12/site-packages/airflow/example_dags/example_sensor_decorator.py took 0.103 seconds
[2025-03-21T21:31:57.182+0000] {processor.py:186} INFO - Started process (PID=3756913) to work on /home/usmail/sys_fraud/sys_detection_frauds/lib/python3.12/site-packages/airflow/example_dags/example_sensor_decorator.py
[2025-03-21T21:31:57.183+0000] {processor.py:914} INFO - Processing file /home/usmail/sys_fraud/sys_detection_frauds/lib/python3.12/site-packages/airflow/example_dags/example_sensor_decorator.py for tasks to queue
[2025-03-21T21:31:57.185+0000] {logging_mixin.py:190} INFO - [2025-03-21T21:31:57.185+0000] {dagbag.py:588} INFO - Filling up the DagBag from /home/usmail/sys_fraud/sys_detection_frauds/lib/python3.12/site-packages/airflow/example_dags/example_sensor_decorator.py
[2025-03-21T21:31:57.192+0000] {processor.py:925} INFO - DAG(s) 'example_sensor_decorator' retrieved from /home/usmail/sys_fraud/sys_detection_frauds/lib/python3.12/site-packages/airflow/example_dags/example_sensor_decorator.py
[2025-03-21T21:31:57.214+0000] {logging_mixin.py:190} INFO - [2025-03-21T21:31:57.213+0000] {dag.py:3239} INFO - Sync 1 DAGs
[2025-03-21T21:31:57.229+0000] {logging_mixin.py:190} INFO - [2025-03-21T21:31:57.229+0000] {dag.py:4180} INFO - Setting next_dagrun for example_sensor_decorator to None, run_after=None
[2025-03-21T21:31:57.271+0000] {processor.py:208} INFO - Processing /home/usmail/sys_fraud/sys_detection_frauds/lib/python3.12/site-packages/airflow/example_dags/example_sensor_decorator.py took 0.106 seconds
[2025-03-21T21:33:00.285+0000] {processor.py:186} INFO - Started process (PID=3757586) to work on /home/usmail/sys_fraud/sys_detection_frauds/lib/python3.12/site-packages/airflow/example_dags/example_sensor_decorator.py
[2025-03-21T21:33:00.294+0000] {processor.py:914} INFO - Processing file /home/usmail/sys_fraud/sys_detection_frauds/lib/python3.12/site-packages/airflow/example_dags/example_sensor_decorator.py for tasks to queue
[2025-03-21T21:33:00.297+0000] {logging_mixin.py:190} INFO - [2025-03-21T21:33:00.296+0000] {dagbag.py:588} INFO - Filling up the DagBag from /home/usmail/sys_fraud/sys_detection_frauds/lib/python3.12/site-packages/airflow/example_dags/example_sensor_decorator.py
[2025-03-21T21:33:00.309+0000] {processor.py:925} INFO - DAG(s) 'example_sensor_decorator' retrieved from /home/usmail/sys_fraud/sys_detection_frauds/lib/python3.12/site-packages/airflow/example_dags/example_sensor_decorator.py
[2025-03-21T21:33:00.332+0000] {logging_mixin.py:190} INFO - [2025-03-21T21:33:00.331+0000] {dag.py:3239} INFO - Sync 1 DAGs
[2025-03-21T21:33:00.350+0000] {logging_mixin.py:190} INFO - [2025-03-21T21:33:00.350+0000] {dag.py:4180} INFO - Setting next_dagrun for example_sensor_decorator to None, run_after=None
[2025-03-21T21:33:00.388+0000] {processor.py:208} INFO - Processing /home/usmail/sys_fraud/sys_detection_frauds/lib/python3.12/site-packages/airflow/example_dags/example_sensor_decorator.py took 0.116 seconds
[2025-03-21T22:19:34.064+0000] {processor.py:186} INFO - Started process (PID=3758656) to work on /home/usmail/sys_fraud/sys_detection_frauds/lib/python3.12/site-packages/airflow/example_dags/example_sensor_decorator.py
[2025-03-21T22:19:34.074+0000] {processor.py:914} INFO - Processing file /home/usmail/sys_fraud/sys_detection_frauds/lib/python3.12/site-packages/airflow/example_dags/example_sensor_decorator.py for tasks to queue
[2025-03-21T22:19:34.077+0000] {logging_mixin.py:190} INFO - [2025-03-21T22:19:34.077+0000] {dagbag.py:588} INFO - Filling up the DagBag from /home/usmail/sys_fraud/sys_detection_frauds/lib/python3.12/site-packages/airflow/example_dags/example_sensor_decorator.py
[2025-03-21T22:19:34.092+0000] {processor.py:925} INFO - DAG(s) 'example_sensor_decorator' retrieved from /home/usmail/sys_fraud/sys_detection_frauds/lib/python3.12/site-packages/airflow/example_dags/example_sensor_decorator.py
[2025-03-21T22:19:34.115+0000] {logging_mixin.py:190} INFO - [2025-03-21T22:19:34.115+0000] {dag.py:3239} INFO - Sync 1 DAGs
[2025-03-21T22:19:34.128+0000] {logging_mixin.py:190} INFO - [2025-03-21T22:19:34.128+0000] {dag.py:4180} INFO - Setting next_dagrun for example_sensor_decorator to None, run_after=None
[2025-03-21T22:19:34.146+0000] {processor.py:208} INFO - Processing /home/usmail/sys_fraud/sys_detection_frauds/lib/python3.12/site-packages/airflow/example_dags/example_sensor_decorator.py took 0.096 seconds
[2025-03-21T22:20:30.166+0000] {processor.py:186} INFO - Started process (PID=3759540) to work on /home/usmail/sys_fraud/sys_detection_frauds/lib/python3.12/site-packages/airflow/example_dags/example_sensor_decorator.py
[2025-03-21T22:20:30.168+0000] {processor.py:914} INFO - Processing file /home/usmail/sys_fraud/sys_detection_frauds/lib/python3.12/site-packages/airflow/example_dags/example_sensor_decorator.py for tasks to queue
[2025-03-21T22:20:30.171+0000] {logging_mixin.py:190} INFO - [2025-03-21T22:20:30.170+0000] {dagbag.py:588} INFO - Filling up the DagBag from /home/usmail/sys_fraud/sys_detection_frauds/lib/python3.12/site-packages/airflow/example_dags/example_sensor_decorator.py
[2025-03-21T22:20:30.183+0000] {processor.py:925} INFO - DAG(s) 'example_sensor_decorator' retrieved from /home/usmail/sys_fraud/sys_detection_frauds/lib/python3.12/site-packages/airflow/example_dags/example_sensor_decorator.py
[2025-03-21T22:20:30.205+0000] {logging_mixin.py:190} INFO - [2025-03-21T22:20:30.205+0000] {dag.py:3239} INFO - Sync 1 DAGs
[2025-03-21T22:20:30.221+0000] {logging_mixin.py:190} INFO - [2025-03-21T22:20:30.221+0000] {dag.py:4180} INFO - Setting next_dagrun for example_sensor_decorator to None, run_after=None
[2025-03-21T22:20:30.240+0000] {processor.py:208} INFO - Processing /home/usmail/sys_fraud/sys_detection_frauds/lib/python3.12/site-packages/airflow/example_dags/example_sensor_decorator.py took 0.085 seconds
[2025-03-21T22:21:32.537+0000] {processor.py:186} INFO - Started process (PID=3760306) to work on /home/usmail/sys_fraud/sys_detection_frauds/lib/python3.12/site-packages/airflow/example_dags/example_sensor_decorator.py
[2025-03-21T22:21:32.546+0000] {processor.py:914} INFO - Processing file /home/usmail/sys_fraud/sys_detection_frauds/lib/python3.12/site-packages/airflow/example_dags/example_sensor_decorator.py for tasks to queue
[2025-03-21T22:21:32.548+0000] {logging_mixin.py:190} INFO - [2025-03-21T22:21:32.548+0000] {dagbag.py:588} INFO - Filling up the DagBag from /home/usmail/sys_fraud/sys_detection_frauds/lib/python3.12/site-packages/airflow/example_dags/example_sensor_decorator.py
[2025-03-21T22:21:32.561+0000] {processor.py:925} INFO - DAG(s) 'example_sensor_decorator' retrieved from /home/usmail/sys_fraud/sys_detection_frauds/lib/python3.12/site-packages/airflow/example_dags/example_sensor_decorator.py
[2025-03-21T22:21:32.584+0000] {logging_mixin.py:190} INFO - [2025-03-21T22:21:32.583+0000] {dag.py:3239} INFO - Sync 1 DAGs
[2025-03-21T22:21:32.601+0000] {logging_mixin.py:190} INFO - [2025-03-21T22:21:32.601+0000] {dag.py:4180} INFO - Setting next_dagrun for example_sensor_decorator to None, run_after=None
[2025-03-21T22:21:32.636+0000] {processor.py:208} INFO - Processing /home/usmail/sys_fraud/sys_detection_frauds/lib/python3.12/site-packages/airflow/example_dags/example_sensor_decorator.py took 0.112 seconds
