[2025-03-21T20:49:52.307+0000] {processor.py:186} INFO - Started process (PID=3723171) to work on /home/usmail/sys_fraud/sys_detection_frauds/lib/python3.12/site-packages/airflow/example_dags/example_setup_teardown_taskflow.py
[2025-03-21T20:49:52.308+0000] {processor.py:914} INFO - Processing file /home/usmail/sys_fraud/sys_detection_frauds/lib/python3.12/site-packages/airflow/example_dags/example_setup_teardown_taskflow.py for tasks to queue
[2025-03-21T20:49:52.310+0000] {logging_mixin.py:190} INFO - [2025-03-21T20:49:52.310+0000] {dagbag.py:588} INFO - Filling up the DagBag from /home/usmail/sys_fraud/sys_detection_frauds/lib/python3.12/site-packages/airflow/example_dags/example_setup_teardown_taskflow.py
[2025-03-21T20:49:52.319+0000] {processor.py:925} INFO - DAG(s) 'example_setup_teardown_taskflow' retrieved from /home/usmail/sys_fraud/sys_detection_frauds/lib/python3.12/site-packages/airflow/example_dags/example_setup_teardown_taskflow.py
[2025-03-21T20:49:52.392+0000] {logging_mixin.py:190} INFO - [2025-03-21T20:49:52.391+0000] {override.py:1912} INFO - Created Permission View: can edit on DAG:example_setup_teardown_taskflow
[2025-03-21T20:49:52.398+0000] {logging_mixin.py:190} INFO - [2025-03-21T20:49:52.398+0000] {override.py:1912} INFO - Created Permission View: can read on DAG:example_setup_teardown_taskflow
[2025-03-21T20:49:52.403+0000] {logging_mixin.py:190} INFO - [2025-03-21T20:49:52.403+0000] {override.py:1912} INFO - Created Permission View: can delete on DAG:example_setup_teardown_taskflow
[2025-03-21T20:49:52.411+0000] {logging_mixin.py:190} INFO - [2025-03-21T20:49:52.411+0000] {override.py:1912} INFO - Created Permission View: can create on DAG Run:example_setup_teardown_taskflow
[2025-03-21T20:49:52.417+0000] {logging_mixin.py:190} INFO - [2025-03-21T20:49:52.417+0000] {override.py:1912} INFO - Created Permission View: menu access on DAG Run:example_setup_teardown_taskflow
[2025-03-21T20:49:52.422+0000] {logging_mixin.py:190} INFO - [2025-03-21T20:49:52.422+0000] {override.py:1912} INFO - Created Permission View: can read on DAG Run:example_setup_teardown_taskflow
[2025-03-21T20:49:52.428+0000] {logging_mixin.py:190} INFO - [2025-03-21T20:49:52.427+0000] {override.py:1912} INFO - Created Permission View: can delete on DAG Run:example_setup_teardown_taskflow
[2025-03-21T20:49:52.428+0000] {logging_mixin.py:190} INFO - [2025-03-21T20:49:52.428+0000] {dag.py:3239} INFO - Sync 1 DAGs
[2025-03-21T20:49:52.435+0000] {logging_mixin.py:190} INFO - [2025-03-21T20:49:52.435+0000] {dag.py:3262} INFO - Creating ORM DAG for example_setup_teardown_taskflow
[2025-03-21T20:49:52.435+0000] {logging_mixin.py:190} INFO - [2025-03-21T20:49:52.435+0000] {dag.py:4180} INFO - Setting next_dagrun for example_setup_teardown_taskflow to None, run_after=None
[2025-03-21T20:49:52.447+0000] {processor.py:208} INFO - Processing /home/usmail/sys_fraud/sys_detection_frauds/lib/python3.12/site-packages/airflow/example_dags/example_setup_teardown_taskflow.py took 0.146 seconds
[2025-03-21T20:50:52.006+0000] {processor.py:186} INFO - Started process (PID=3723884) to work on /home/usmail/sys_fraud/sys_detection_frauds/lib/python3.12/site-packages/airflow/example_dags/example_setup_teardown_taskflow.py
[2025-03-21T20:50:52.015+0000] {processor.py:914} INFO - Processing file /home/usmail/sys_fraud/sys_detection_frauds/lib/python3.12/site-packages/airflow/example_dags/example_setup_teardown_taskflow.py for tasks to queue
[2025-03-21T20:50:52.018+0000] {logging_mixin.py:190} INFO - [2025-03-21T20:50:52.017+0000] {dagbag.py:588} INFO - Filling up the DagBag from /home/usmail/sys_fraud/sys_detection_frauds/lib/python3.12/site-packages/airflow/example_dags/example_setup_teardown_taskflow.py
[2025-03-21T20:50:52.029+0000] {processor.py:925} INFO - DAG(s) 'example_setup_teardown_taskflow' retrieved from /home/usmail/sys_fraud/sys_detection_frauds/lib/python3.12/site-packages/airflow/example_dags/example_setup_teardown_taskflow.py
[2025-03-21T20:50:52.038+0000] {logging_mixin.py:190} INFO - [2025-03-21T20:50:52.038+0000] {dag.py:3239} INFO - Sync 1 DAGs
[2025-03-21T20:50:52.045+0000] {logging_mixin.py:190} INFO - [2025-03-21T20:50:52.045+0000] {dag.py:4180} INFO - Setting next_dagrun for example_setup_teardown_taskflow to None, run_after=None
[2025-03-21T20:50:52.063+0000] {processor.py:208} INFO - Processing /home/usmail/sys_fraud/sys_detection_frauds/lib/python3.12/site-packages/airflow/example_dags/example_setup_teardown_taskflow.py took 0.064 seconds
[2025-03-21T20:51:47.026+0000] {processor.py:186} INFO - Started process (PID=3724591) to work on /home/usmail/sys_fraud/sys_detection_frauds/lib/python3.12/site-packages/airflow/example_dags/example_setup_teardown_taskflow.py
[2025-03-21T20:51:47.035+0000] {processor.py:914} INFO - Processing file /home/usmail/sys_fraud/sys_detection_frauds/lib/python3.12/site-packages/airflow/example_dags/example_setup_teardown_taskflow.py for tasks to queue
[2025-03-21T20:51:47.038+0000] {logging_mixin.py:190} INFO - [2025-03-21T20:51:47.038+0000] {dagbag.py:588} INFO - Filling up the DagBag from /home/usmail/sys_fraud/sys_detection_frauds/lib/python3.12/site-packages/airflow/example_dags/example_setup_teardown_taskflow.py
[2025-03-21T20:51:47.050+0000] {processor.py:925} INFO - DAG(s) 'example_setup_teardown_taskflow' retrieved from /home/usmail/sys_fraud/sys_detection_frauds/lib/python3.12/site-packages/airflow/example_dags/example_setup_teardown_taskflow.py
[2025-03-21T20:51:47.059+0000] {logging_mixin.py:190} INFO - [2025-03-21T20:51:47.059+0000] {dag.py:3239} INFO - Sync 1 DAGs
[2025-03-21T20:51:47.066+0000] {logging_mixin.py:190} INFO - [2025-03-21T20:51:47.066+0000] {dag.py:4180} INFO - Setting next_dagrun for example_setup_teardown_taskflow to None, run_after=None
[2025-03-21T20:51:47.078+0000] {processor.py:208} INFO - Processing /home/usmail/sys_fraud/sys_detection_frauds/lib/python3.12/site-packages/airflow/example_dags/example_setup_teardown_taskflow.py took 0.058 seconds
[2025-03-21T20:52:43.051+0000] {processor.py:186} INFO - Started process (PID=3725220) to work on /home/usmail/sys_fraud/sys_detection_frauds/lib/python3.12/site-packages/airflow/example_dags/example_setup_teardown_taskflow.py
[2025-03-21T20:52:43.059+0000] {processor.py:914} INFO - Processing file /home/usmail/sys_fraud/sys_detection_frauds/lib/python3.12/site-packages/airflow/example_dags/example_setup_teardown_taskflow.py for tasks to queue
[2025-03-21T20:52:43.062+0000] {logging_mixin.py:190} INFO - [2025-03-21T20:52:43.061+0000] {dagbag.py:588} INFO - Filling up the DagBag from /home/usmail/sys_fraud/sys_detection_frauds/lib/python3.12/site-packages/airflow/example_dags/example_setup_teardown_taskflow.py
[2025-03-21T20:52:43.069+0000] {processor.py:925} INFO - DAG(s) 'example_setup_teardown_taskflow' retrieved from /home/usmail/sys_fraud/sys_detection_frauds/lib/python3.12/site-packages/airflow/example_dags/example_setup_teardown_taskflow.py
[2025-03-21T20:52:43.079+0000] {logging_mixin.py:190} INFO - [2025-03-21T20:52:43.079+0000] {dag.py:3239} INFO - Sync 1 DAGs
[2025-03-21T20:52:43.086+0000] {logging_mixin.py:190} INFO - [2025-03-21T20:52:43.085+0000] {dag.py:4180} INFO - Setting next_dagrun for example_setup_teardown_taskflow to None, run_after=None
[2025-03-21T20:52:43.107+0000] {processor.py:208} INFO - Processing /home/usmail/sys_fraud/sys_detection_frauds/lib/python3.12/site-packages/airflow/example_dags/example_setup_teardown_taskflow.py took 0.060 seconds
[2025-03-21T20:53:35.468+0000] {processor.py:186} INFO - Started process (PID=3725837) to work on /home/usmail/sys_fraud/sys_detection_frauds/lib/python3.12/site-packages/airflow/example_dags/example_setup_teardown_taskflow.py
[2025-03-21T20:53:35.477+0000] {processor.py:914} INFO - Processing file /home/usmail/sys_fraud/sys_detection_frauds/lib/python3.12/site-packages/airflow/example_dags/example_setup_teardown_taskflow.py for tasks to queue
[2025-03-21T20:53:35.479+0000] {logging_mixin.py:190} INFO - [2025-03-21T20:53:35.479+0000] {dagbag.py:588} INFO - Filling up the DagBag from /home/usmail/sys_fraud/sys_detection_frauds/lib/python3.12/site-packages/airflow/example_dags/example_setup_teardown_taskflow.py
[2025-03-21T20:53:35.489+0000] {processor.py:925} INFO - DAG(s) 'example_setup_teardown_taskflow' retrieved from /home/usmail/sys_fraud/sys_detection_frauds/lib/python3.12/site-packages/airflow/example_dags/example_setup_teardown_taskflow.py
[2025-03-21T20:53:35.498+0000] {logging_mixin.py:190} INFO - [2025-03-21T20:53:35.498+0000] {dag.py:3239} INFO - Sync 1 DAGs
[2025-03-21T20:53:35.506+0000] {logging_mixin.py:190} INFO - [2025-03-21T20:53:35.506+0000] {dag.py:4180} INFO - Setting next_dagrun for example_setup_teardown_taskflow to None, run_after=None
[2025-03-21T20:53:35.524+0000] {processor.py:208} INFO - Processing /home/usmail/sys_fraud/sys_detection_frauds/lib/python3.12/site-packages/airflow/example_dags/example_setup_teardown_taskflow.py took 0.060 seconds
[2025-03-21T20:54:28.745+0000] {processor.py:186} INFO - Started process (PID=3726529) to work on /home/usmail/sys_fraud/sys_detection_frauds/lib/python3.12/site-packages/airflow/example_dags/example_setup_teardown_taskflow.py
[2025-03-21T20:54:28.754+0000] {processor.py:914} INFO - Processing file /home/usmail/sys_fraud/sys_detection_frauds/lib/python3.12/site-packages/airflow/example_dags/example_setup_teardown_taskflow.py for tasks to queue
[2025-03-21T20:54:28.755+0000] {logging_mixin.py:190} INFO - [2025-03-21T20:54:28.755+0000] {dagbag.py:588} INFO - Filling up the DagBag from /home/usmail/sys_fraud/sys_detection_frauds/lib/python3.12/site-packages/airflow/example_dags/example_setup_teardown_taskflow.py
[2025-03-21T20:54:28.762+0000] {processor.py:925} INFO - DAG(s) 'example_setup_teardown_taskflow' retrieved from /home/usmail/sys_fraud/sys_detection_frauds/lib/python3.12/site-packages/airflow/example_dags/example_setup_teardown_taskflow.py
[2025-03-21T20:54:28.853+0000] {logging_mixin.py:190} INFO - [2025-03-21T20:54:28.853+0000] {dag.py:3239} INFO - Sync 1 DAGs
[2025-03-21T20:54:28.859+0000] {logging_mixin.py:190} INFO - [2025-03-21T20:54:28.859+0000] {dag.py:4180} INFO - Setting next_dagrun for example_setup_teardown_taskflow to None, run_after=None
[2025-03-21T20:54:28.884+0000] {processor.py:208} INFO - Processing /home/usmail/sys_fraud/sys_detection_frauds/lib/python3.12/site-packages/airflow/example_dags/example_setup_teardown_taskflow.py took 0.142 seconds
[2025-03-21T20:55:21.512+0000] {processor.py:186} INFO - Started process (PID=3727155) to work on /home/usmail/sys_fraud/sys_detection_frauds/lib/python3.12/site-packages/airflow/example_dags/example_setup_teardown_taskflow.py
[2025-03-21T20:55:21.520+0000] {processor.py:914} INFO - Processing file /home/usmail/sys_fraud/sys_detection_frauds/lib/python3.12/site-packages/airflow/example_dags/example_setup_teardown_taskflow.py for tasks to queue
[2025-03-21T20:55:21.523+0000] {logging_mixin.py:190} INFO - [2025-03-21T20:55:21.522+0000] {dagbag.py:588} INFO - Filling up the DagBag from /home/usmail/sys_fraud/sys_detection_frauds/lib/python3.12/site-packages/airflow/example_dags/example_setup_teardown_taskflow.py
[2025-03-21T20:55:21.532+0000] {processor.py:925} INFO - DAG(s) 'example_setup_teardown_taskflow' retrieved from /home/usmail/sys_fraud/sys_detection_frauds/lib/python3.12/site-packages/airflow/example_dags/example_setup_teardown_taskflow.py
[2025-03-21T20:55:21.544+0000] {logging_mixin.py:190} INFO - [2025-03-21T20:55:21.544+0000] {dag.py:3239} INFO - Sync 1 DAGs
[2025-03-21T20:55:21.553+0000] {logging_mixin.py:190} INFO - [2025-03-21T20:55:21.553+0000] {dag.py:4180} INFO - Setting next_dagrun for example_setup_teardown_taskflow to None, run_after=None
[2025-03-21T20:55:21.578+0000] {processor.py:208} INFO - Processing /home/usmail/sys_fraud/sys_detection_frauds/lib/python3.12/site-packages/airflow/example_dags/example_setup_teardown_taskflow.py took 0.070 seconds
[2025-03-21T20:56:10.759+0000] {processor.py:186} INFO - Started process (PID=3727828) to work on /home/usmail/sys_fraud/sys_detection_frauds/lib/python3.12/site-packages/airflow/example_dags/example_setup_teardown_taskflow.py
[2025-03-21T20:56:10.768+0000] {processor.py:914} INFO - Processing file /home/usmail/sys_fraud/sys_detection_frauds/lib/python3.12/site-packages/airflow/example_dags/example_setup_teardown_taskflow.py for tasks to queue
[2025-03-21T20:56:10.770+0000] {logging_mixin.py:190} INFO - [2025-03-21T20:56:10.770+0000] {dagbag.py:588} INFO - Filling up the DagBag from /home/usmail/sys_fraud/sys_detection_frauds/lib/python3.12/site-packages/airflow/example_dags/example_setup_teardown_taskflow.py
[2025-03-21T20:56:10.779+0000] {processor.py:925} INFO - DAG(s) 'example_setup_teardown_taskflow' retrieved from /home/usmail/sys_fraud/sys_detection_frauds/lib/python3.12/site-packages/airflow/example_dags/example_setup_teardown_taskflow.py
[2025-03-21T20:56:10.790+0000] {logging_mixin.py:190} INFO - [2025-03-21T20:56:10.789+0000] {dag.py:3239} INFO - Sync 1 DAGs
[2025-03-21T20:56:10.797+0000] {logging_mixin.py:190} INFO - [2025-03-21T20:56:10.796+0000] {dag.py:4180} INFO - Setting next_dagrun for example_setup_teardown_taskflow to None, run_after=None
[2025-03-21T20:56:10.813+0000] {processor.py:208} INFO - Processing /home/usmail/sys_fraud/sys_detection_frauds/lib/python3.12/site-packages/airflow/example_dags/example_setup_teardown_taskflow.py took 0.059 seconds
[2025-03-21T20:57:04.425+0000] {processor.py:186} INFO - Started process (PID=3728633) to work on /home/usmail/sys_fraud/sys_detection_frauds/lib/python3.12/site-packages/airflow/example_dags/example_setup_teardown_taskflow.py
[2025-03-21T20:57:04.434+0000] {processor.py:914} INFO - Processing file /home/usmail/sys_fraud/sys_detection_frauds/lib/python3.12/site-packages/airflow/example_dags/example_setup_teardown_taskflow.py for tasks to queue
[2025-03-21T20:57:04.436+0000] {logging_mixin.py:190} INFO - [2025-03-21T20:57:04.436+0000] {dagbag.py:588} INFO - Filling up the DagBag from /home/usmail/sys_fraud/sys_detection_frauds/lib/python3.12/site-packages/airflow/example_dags/example_setup_teardown_taskflow.py
[2025-03-21T20:57:04.445+0000] {processor.py:925} INFO - DAG(s) 'example_setup_teardown_taskflow' retrieved from /home/usmail/sys_fraud/sys_detection_frauds/lib/python3.12/site-packages/airflow/example_dags/example_setup_teardown_taskflow.py
[2025-03-21T20:57:04.455+0000] {logging_mixin.py:190} INFO - [2025-03-21T20:57:04.454+0000] {dag.py:3239} INFO - Sync 1 DAGs
[2025-03-21T20:57:04.462+0000] {logging_mixin.py:190} INFO - [2025-03-21T20:57:04.462+0000] {dag.py:4180} INFO - Setting next_dagrun for example_setup_teardown_taskflow to None, run_after=None
[2025-03-21T20:57:04.480+0000] {processor.py:208} INFO - Processing /home/usmail/sys_fraud/sys_detection_frauds/lib/python3.12/site-packages/airflow/example_dags/example_setup_teardown_taskflow.py took 0.061 seconds
[2025-03-21T20:57:55.941+0000] {processor.py:186} INFO - Started process (PID=3729214) to work on /home/usmail/sys_fraud/sys_detection_frauds/lib/python3.12/site-packages/airflow/example_dags/example_setup_teardown_taskflow.py
[2025-03-21T20:57:55.950+0000] {processor.py:914} INFO - Processing file /home/usmail/sys_fraud/sys_detection_frauds/lib/python3.12/site-packages/airflow/example_dags/example_setup_teardown_taskflow.py for tasks to queue
[2025-03-21T20:57:55.953+0000] {logging_mixin.py:190} INFO - [2025-03-21T20:57:55.952+0000] {dagbag.py:588} INFO - Filling up the DagBag from /home/usmail/sys_fraud/sys_detection_frauds/lib/python3.12/site-packages/airflow/example_dags/example_setup_teardown_taskflow.py
[2025-03-21T20:57:55.964+0000] {processor.py:925} INFO - DAG(s) 'example_setup_teardown_taskflow' retrieved from /home/usmail/sys_fraud/sys_detection_frauds/lib/python3.12/site-packages/airflow/example_dags/example_setup_teardown_taskflow.py
[2025-03-21T20:57:55.973+0000] {logging_mixin.py:190} INFO - [2025-03-21T20:57:55.972+0000] {dag.py:3239} INFO - Sync 1 DAGs
[2025-03-21T20:57:55.979+0000] {logging_mixin.py:190} INFO - [2025-03-21T20:57:55.979+0000] {dag.py:4180} INFO - Setting next_dagrun for example_setup_teardown_taskflow to None, run_after=None
[2025-03-21T20:57:55.997+0000] {processor.py:208} INFO - Processing /home/usmail/sys_fraud/sys_detection_frauds/lib/python3.12/site-packages/airflow/example_dags/example_setup_teardown_taskflow.py took 0.065 seconds
[2025-03-21T20:58:48.495+0000] {processor.py:186} INFO - Started process (PID=3729913) to work on /home/usmail/sys_fraud/sys_detection_frauds/lib/python3.12/site-packages/airflow/example_dags/example_setup_teardown_taskflow.py
[2025-03-21T20:58:48.504+0000] {processor.py:914} INFO - Processing file /home/usmail/sys_fraud/sys_detection_frauds/lib/python3.12/site-packages/airflow/example_dags/example_setup_teardown_taskflow.py for tasks to queue
[2025-03-21T20:58:48.508+0000] {logging_mixin.py:190} INFO - [2025-03-21T20:58:48.507+0000] {dagbag.py:588} INFO - Filling up the DagBag from /home/usmail/sys_fraud/sys_detection_frauds/lib/python3.12/site-packages/airflow/example_dags/example_setup_teardown_taskflow.py
[2025-03-21T20:58:48.517+0000] {processor.py:925} INFO - DAG(s) 'example_setup_teardown_taskflow' retrieved from /home/usmail/sys_fraud/sys_detection_frauds/lib/python3.12/site-packages/airflow/example_dags/example_setup_teardown_taskflow.py
[2025-03-21T20:58:48.528+0000] {logging_mixin.py:190} INFO - [2025-03-21T20:58:48.528+0000] {dag.py:3239} INFO - Sync 1 DAGs
[2025-03-21T20:58:48.535+0000] {logging_mixin.py:190} INFO - [2025-03-21T20:58:48.535+0000] {dag.py:4180} INFO - Setting next_dagrun for example_setup_teardown_taskflow to None, run_after=None
[2025-03-21T20:58:48.549+0000] {processor.py:208} INFO - Processing /home/usmail/sys_fraud/sys_detection_frauds/lib/python3.12/site-packages/airflow/example_dags/example_setup_teardown_taskflow.py took 0.059 seconds
[2025-03-21T20:59:42.981+0000] {processor.py:186} INFO - Started process (PID=3730662) to work on /home/usmail/sys_fraud/sys_detection_frauds/lib/python3.12/site-packages/airflow/example_dags/example_setup_teardown_taskflow.py
[2025-03-21T20:59:42.983+0000] {processor.py:914} INFO - Processing file /home/usmail/sys_fraud/sys_detection_frauds/lib/python3.12/site-packages/airflow/example_dags/example_setup_teardown_taskflow.py for tasks to queue
[2025-03-21T20:59:42.985+0000] {logging_mixin.py:190} INFO - [2025-03-21T20:59:42.985+0000] {dagbag.py:588} INFO - Filling up the DagBag from /home/usmail/sys_fraud/sys_detection_frauds/lib/python3.12/site-packages/airflow/example_dags/example_setup_teardown_taskflow.py
[2025-03-21T20:59:43.002+0000] {processor.py:925} INFO - DAG(s) 'example_setup_teardown_taskflow' retrieved from /home/usmail/sys_fraud/sys_detection_frauds/lib/python3.12/site-packages/airflow/example_dags/example_setup_teardown_taskflow.py
[2025-03-21T20:59:43.015+0000] {logging_mixin.py:190} INFO - [2025-03-21T20:59:43.015+0000] {dag.py:3239} INFO - Sync 1 DAGs
[2025-03-21T20:59:43.024+0000] {logging_mixin.py:190} INFO - [2025-03-21T20:59:43.023+0000] {dag.py:4180} INFO - Setting next_dagrun for example_setup_teardown_taskflow to None, run_after=None
[2025-03-21T20:59:43.040+0000] {processor.py:208} INFO - Processing /home/usmail/sys_fraud/sys_detection_frauds/lib/python3.12/site-packages/airflow/example_dags/example_setup_teardown_taskflow.py took 0.066 seconds
[2025-03-21T21:00:40.688+0000] {processor.py:186} INFO - Started process (PID=3731391) to work on /home/usmail/sys_fraud/sys_detection_frauds/lib/python3.12/site-packages/airflow/example_dags/example_setup_teardown_taskflow.py
[2025-03-21T21:00:40.689+0000] {processor.py:914} INFO - Processing file /home/usmail/sys_fraud/sys_detection_frauds/lib/python3.12/site-packages/airflow/example_dags/example_setup_teardown_taskflow.py for tasks to queue
[2025-03-21T21:00:40.690+0000] {logging_mixin.py:190} INFO - [2025-03-21T21:00:40.690+0000] {dagbag.py:588} INFO - Filling up the DagBag from /home/usmail/sys_fraud/sys_detection_frauds/lib/python3.12/site-packages/airflow/example_dags/example_setup_teardown_taskflow.py
[2025-03-21T21:00:40.698+0000] {processor.py:925} INFO - DAG(s) 'example_setup_teardown_taskflow' retrieved from /home/usmail/sys_fraud/sys_detection_frauds/lib/python3.12/site-packages/airflow/example_dags/example_setup_teardown_taskflow.py
[2025-03-21T21:00:40.707+0000] {logging_mixin.py:190} INFO - [2025-03-21T21:00:40.707+0000] {dag.py:3239} INFO - Sync 1 DAGs
[2025-03-21T21:00:40.714+0000] {logging_mixin.py:190} INFO - [2025-03-21T21:00:40.714+0000] {dag.py:4180} INFO - Setting next_dagrun for example_setup_teardown_taskflow to None, run_after=None
[2025-03-21T21:00:40.730+0000] {processor.py:208} INFO - Processing /home/usmail/sys_fraud/sys_detection_frauds/lib/python3.12/site-packages/airflow/example_dags/example_setup_teardown_taskflow.py took 0.046 seconds
[2025-03-21T21:01:34.884+0000] {processor.py:186} INFO - Started process (PID=3732087) to work on /home/usmail/sys_fraud/sys_detection_frauds/lib/python3.12/site-packages/airflow/example_dags/example_setup_teardown_taskflow.py
[2025-03-21T21:01:34.892+0000] {processor.py:914} INFO - Processing file /home/usmail/sys_fraud/sys_detection_frauds/lib/python3.12/site-packages/airflow/example_dags/example_setup_teardown_taskflow.py for tasks to queue
[2025-03-21T21:01:34.894+0000] {logging_mixin.py:190} INFO - [2025-03-21T21:01:34.893+0000] {dagbag.py:588} INFO - Filling up the DagBag from /home/usmail/sys_fraud/sys_detection_frauds/lib/python3.12/site-packages/airflow/example_dags/example_setup_teardown_taskflow.py
[2025-03-21T21:01:34.900+0000] {processor.py:925} INFO - DAG(s) 'example_setup_teardown_taskflow' retrieved from /home/usmail/sys_fraud/sys_detection_frauds/lib/python3.12/site-packages/airflow/example_dags/example_setup_teardown_taskflow.py
[2025-03-21T21:01:34.912+0000] {logging_mixin.py:190} INFO - [2025-03-21T21:01:34.912+0000] {dag.py:3239} INFO - Sync 1 DAGs
[2025-03-21T21:01:34.919+0000] {logging_mixin.py:190} INFO - [2025-03-21T21:01:34.919+0000] {dag.py:4180} INFO - Setting next_dagrun for example_setup_teardown_taskflow to None, run_after=None
[2025-03-21T21:01:34.939+0000] {processor.py:208} INFO - Processing /home/usmail/sys_fraud/sys_detection_frauds/lib/python3.12/site-packages/airflow/example_dags/example_setup_teardown_taskflow.py took 0.058 seconds
[2025-03-21T21:02:31.508+0000] {processor.py:186} INFO - Started process (PID=3732773) to work on /home/usmail/sys_fraud/sys_detection_frauds/lib/python3.12/site-packages/airflow/example_dags/example_setup_teardown_taskflow.py
[2025-03-21T21:02:31.518+0000] {processor.py:914} INFO - Processing file /home/usmail/sys_fraud/sys_detection_frauds/lib/python3.12/site-packages/airflow/example_dags/example_setup_teardown_taskflow.py for tasks to queue
[2025-03-21T21:02:31.521+0000] {logging_mixin.py:190} INFO - [2025-03-21T21:02:31.520+0000] {dagbag.py:588} INFO - Filling up the DagBag from /home/usmail/sys_fraud/sys_detection_frauds/lib/python3.12/site-packages/airflow/example_dags/example_setup_teardown_taskflow.py
[2025-03-21T21:02:31.531+0000] {processor.py:925} INFO - DAG(s) 'example_setup_teardown_taskflow' retrieved from /home/usmail/sys_fraud/sys_detection_frauds/lib/python3.12/site-packages/airflow/example_dags/example_setup_teardown_taskflow.py
[2025-03-21T21:02:31.540+0000] {logging_mixin.py:190} INFO - [2025-03-21T21:02:31.539+0000] {dag.py:3239} INFO - Sync 1 DAGs
[2025-03-21T21:02:31.546+0000] {logging_mixin.py:190} INFO - [2025-03-21T21:02:31.546+0000] {dag.py:4180} INFO - Setting next_dagrun for example_setup_teardown_taskflow to None, run_after=None
[2025-03-21T21:02:31.559+0000] {processor.py:208} INFO - Processing /home/usmail/sys_fraud/sys_detection_frauds/lib/python3.12/site-packages/airflow/example_dags/example_setup_teardown_taskflow.py took 0.058 seconds
[2025-03-21T21:03:24.274+0000] {processor.py:186} INFO - Started process (PID=3733523) to work on /home/usmail/sys_fraud/sys_detection_frauds/lib/python3.12/site-packages/airflow/example_dags/example_setup_teardown_taskflow.py
[2025-03-21T21:03:24.283+0000] {processor.py:914} INFO - Processing file /home/usmail/sys_fraud/sys_detection_frauds/lib/python3.12/site-packages/airflow/example_dags/example_setup_teardown_taskflow.py for tasks to queue
[2025-03-21T21:03:24.286+0000] {logging_mixin.py:190} INFO - [2025-03-21T21:03:24.286+0000] {dagbag.py:588} INFO - Filling up the DagBag from /home/usmail/sys_fraud/sys_detection_frauds/lib/python3.12/site-packages/airflow/example_dags/example_setup_teardown_taskflow.py
[2025-03-21T21:03:24.298+0000] {processor.py:925} INFO - DAG(s) 'example_setup_teardown_taskflow' retrieved from /home/usmail/sys_fraud/sys_detection_frauds/lib/python3.12/site-packages/airflow/example_dags/example_setup_teardown_taskflow.py
[2025-03-21T21:03:24.307+0000] {logging_mixin.py:190} INFO - [2025-03-21T21:03:24.307+0000] {dag.py:3239} INFO - Sync 1 DAGs
[2025-03-21T21:03:24.314+0000] {logging_mixin.py:190} INFO - [2025-03-21T21:03:24.314+0000] {dag.py:4180} INFO - Setting next_dagrun for example_setup_teardown_taskflow to None, run_after=None
[2025-03-21T21:03:24.326+0000] {processor.py:208} INFO - Processing /home/usmail/sys_fraud/sys_detection_frauds/lib/python3.12/site-packages/airflow/example_dags/example_setup_teardown_taskflow.py took 0.060 seconds
[2025-03-21T21:04:20.546+0000] {processor.py:186} INFO - Started process (PID=3734223) to work on /home/usmail/sys_fraud/sys_detection_frauds/lib/python3.12/site-packages/airflow/example_dags/example_setup_teardown_taskflow.py
[2025-03-21T21:04:20.555+0000] {processor.py:914} INFO - Processing file /home/usmail/sys_fraud/sys_detection_frauds/lib/python3.12/site-packages/airflow/example_dags/example_setup_teardown_taskflow.py for tasks to queue
[2025-03-21T21:04:20.557+0000] {logging_mixin.py:190} INFO - [2025-03-21T21:04:20.556+0000] {dagbag.py:588} INFO - Filling up the DagBag from /home/usmail/sys_fraud/sys_detection_frauds/lib/python3.12/site-packages/airflow/example_dags/example_setup_teardown_taskflow.py
[2025-03-21T21:04:20.564+0000] {processor.py:925} INFO - DAG(s) 'example_setup_teardown_taskflow' retrieved from /home/usmail/sys_fraud/sys_detection_frauds/lib/python3.12/site-packages/airflow/example_dags/example_setup_teardown_taskflow.py
[2025-03-21T21:04:20.673+0000] {logging_mixin.py:190} INFO - [2025-03-21T21:04:20.673+0000] {dag.py:3239} INFO - Sync 1 DAGs
[2025-03-21T21:04:20.680+0000] {logging_mixin.py:190} INFO - [2025-03-21T21:04:20.679+0000] {dag.py:4180} INFO - Setting next_dagrun for example_setup_teardown_taskflow to None, run_after=None
[2025-03-21T21:04:20.700+0000] {processor.py:208} INFO - Processing /home/usmail/sys_fraud/sys_detection_frauds/lib/python3.12/site-packages/airflow/example_dags/example_setup_teardown_taskflow.py took 0.157 seconds
[2025-03-21T21:05:16.160+0000] {processor.py:186} INFO - Started process (PID=3735124) to work on /home/usmail/sys_fraud/sys_detection_frauds/lib/python3.12/site-packages/airflow/example_dags/example_setup_teardown_taskflow.py
[2025-03-21T21:05:16.161+0000] {processor.py:914} INFO - Processing file /home/usmail/sys_fraud/sys_detection_frauds/lib/python3.12/site-packages/airflow/example_dags/example_setup_teardown_taskflow.py for tasks to queue
[2025-03-21T21:05:16.162+0000] {logging_mixin.py:190} INFO - [2025-03-21T21:05:16.162+0000] {dagbag.py:588} INFO - Filling up the DagBag from /home/usmail/sys_fraud/sys_detection_frauds/lib/python3.12/site-packages/airflow/example_dags/example_setup_teardown_taskflow.py
[2025-03-21T21:05:16.168+0000] {processor.py:925} INFO - DAG(s) 'example_setup_teardown_taskflow' retrieved from /home/usmail/sys_fraud/sys_detection_frauds/lib/python3.12/site-packages/airflow/example_dags/example_setup_teardown_taskflow.py
[2025-03-21T21:05:16.178+0000] {logging_mixin.py:190} INFO - [2025-03-21T21:05:16.178+0000] {dag.py:3239} INFO - Sync 1 DAGs
[2025-03-21T21:05:16.186+0000] {logging_mixin.py:190} INFO - [2025-03-21T21:05:16.186+0000] {dag.py:4180} INFO - Setting next_dagrun for example_setup_teardown_taskflow to None, run_after=None
[2025-03-21T21:05:16.200+0000] {processor.py:208} INFO - Processing /home/usmail/sys_fraud/sys_detection_frauds/lib/python3.12/site-packages/airflow/example_dags/example_setup_teardown_taskflow.py took 0.044 seconds
[2025-03-21T21:06:09.374+0000] {processor.py:186} INFO - Started process (PID=3735786) to work on /home/usmail/sys_fraud/sys_detection_frauds/lib/python3.12/site-packages/airflow/example_dags/example_setup_teardown_taskflow.py
[2025-03-21T21:06:09.382+0000] {processor.py:914} INFO - Processing file /home/usmail/sys_fraud/sys_detection_frauds/lib/python3.12/site-packages/airflow/example_dags/example_setup_teardown_taskflow.py for tasks to queue
[2025-03-21T21:06:09.383+0000] {logging_mixin.py:190} INFO - [2025-03-21T21:06:09.383+0000] {dagbag.py:588} INFO - Filling up the DagBag from /home/usmail/sys_fraud/sys_detection_frauds/lib/python3.12/site-packages/airflow/example_dags/example_setup_teardown_taskflow.py
[2025-03-21T21:06:09.389+0000] {processor.py:925} INFO - DAG(s) 'example_setup_teardown_taskflow' retrieved from /home/usmail/sys_fraud/sys_detection_frauds/lib/python3.12/site-packages/airflow/example_dags/example_setup_teardown_taskflow.py
[2025-03-21T21:06:09.400+0000] {logging_mixin.py:190} INFO - [2025-03-21T21:06:09.399+0000] {dag.py:3239} INFO - Sync 1 DAGs
[2025-03-21T21:06:09.407+0000] {logging_mixin.py:190} INFO - [2025-03-21T21:06:09.407+0000] {dag.py:4180} INFO - Setting next_dagrun for example_setup_teardown_taskflow to None, run_after=None
[2025-03-21T21:06:09.424+0000] {processor.py:208} INFO - Processing /home/usmail/sys_fraud/sys_detection_frauds/lib/python3.12/site-packages/airflow/example_dags/example_setup_teardown_taskflow.py took 0.056 seconds
[2025-03-21T21:07:02.213+0000] {processor.py:186} INFO - Started process (PID=3737088) to work on /home/usmail/sys_fraud/sys_detection_frauds/lib/python3.12/site-packages/airflow/example_dags/example_setup_teardown_taskflow.py
[2025-03-21T21:07:02.222+0000] {processor.py:914} INFO - Processing file /home/usmail/sys_fraud/sys_detection_frauds/lib/python3.12/site-packages/airflow/example_dags/example_setup_teardown_taskflow.py for tasks to queue
[2025-03-21T21:07:02.224+0000] {logging_mixin.py:190} INFO - [2025-03-21T21:07:02.224+0000] {dagbag.py:588} INFO - Filling up the DagBag from /home/usmail/sys_fraud/sys_detection_frauds/lib/python3.12/site-packages/airflow/example_dags/example_setup_teardown_taskflow.py
[2025-03-21T21:07:02.235+0000] {processor.py:925} INFO - DAG(s) 'example_setup_teardown_taskflow' retrieved from /home/usmail/sys_fraud/sys_detection_frauds/lib/python3.12/site-packages/airflow/example_dags/example_setup_teardown_taskflow.py
[2025-03-21T21:07:02.246+0000] {logging_mixin.py:190} INFO - [2025-03-21T21:07:02.246+0000] {dag.py:3239} INFO - Sync 1 DAGs
[2025-03-21T21:07:02.254+0000] {logging_mixin.py:190} INFO - [2025-03-21T21:07:02.254+0000] {dag.py:4180} INFO - Setting next_dagrun for example_setup_teardown_taskflow to None, run_after=None
[2025-03-21T21:07:02.284+0000] {processor.py:208} INFO - Processing /home/usmail/sys_fraud/sys_detection_frauds/lib/python3.12/site-packages/airflow/example_dags/example_setup_teardown_taskflow.py took 0.080 seconds
[2025-03-21T21:07:55.590+0000] {processor.py:186} INFO - Started process (PID=3737784) to work on /home/usmail/sys_fraud/sys_detection_frauds/lib/python3.12/site-packages/airflow/example_dags/example_setup_teardown_taskflow.py
[2025-03-21T21:07:55.598+0000] {processor.py:914} INFO - Processing file /home/usmail/sys_fraud/sys_detection_frauds/lib/python3.12/site-packages/airflow/example_dags/example_setup_teardown_taskflow.py for tasks to queue
[2025-03-21T21:07:55.599+0000] {logging_mixin.py:190} INFO - [2025-03-21T21:07:55.599+0000] {dagbag.py:588} INFO - Filling up the DagBag from /home/usmail/sys_fraud/sys_detection_frauds/lib/python3.12/site-packages/airflow/example_dags/example_setup_teardown_taskflow.py
[2025-03-21T21:07:55.608+0000] {processor.py:925} INFO - DAG(s) 'example_setup_teardown_taskflow' retrieved from /home/usmail/sys_fraud/sys_detection_frauds/lib/python3.12/site-packages/airflow/example_dags/example_setup_teardown_taskflow.py
[2025-03-21T21:07:55.619+0000] {logging_mixin.py:190} INFO - [2025-03-21T21:07:55.619+0000] {dag.py:3239} INFO - Sync 1 DAGs
[2025-03-21T21:07:55.626+0000] {logging_mixin.py:190} INFO - [2025-03-21T21:07:55.626+0000] {dag.py:4180} INFO - Setting next_dagrun for example_setup_teardown_taskflow to None, run_after=None
[2025-03-21T21:07:55.640+0000] {processor.py:208} INFO - Processing /home/usmail/sys_fraud/sys_detection_frauds/lib/python3.12/site-packages/airflow/example_dags/example_setup_teardown_taskflow.py took 0.059 seconds
[2025-03-21T21:08:58.805+0000] {processor.py:186} INFO - Started process (PID=3738572) to work on /home/usmail/sys_fraud/sys_detection_frauds/lib/python3.12/site-packages/airflow/example_dags/example_setup_teardown_taskflow.py
[2025-03-21T21:08:58.815+0000] {processor.py:914} INFO - Processing file /home/usmail/sys_fraud/sys_detection_frauds/lib/python3.12/site-packages/airflow/example_dags/example_setup_teardown_taskflow.py for tasks to queue
[2025-03-21T21:08:58.818+0000] {logging_mixin.py:190} INFO - [2025-03-21T21:08:58.818+0000] {dagbag.py:588} INFO - Filling up the DagBag from /home/usmail/sys_fraud/sys_detection_frauds/lib/python3.12/site-packages/airflow/example_dags/example_setup_teardown_taskflow.py
[2025-03-21T21:08:58.837+0000] {processor.py:925} INFO - DAG(s) 'example_setup_teardown_taskflow' retrieved from /home/usmail/sys_fraud/sys_detection_frauds/lib/python3.12/site-packages/airflow/example_dags/example_setup_teardown_taskflow.py
[2025-03-21T21:08:58.868+0000] {logging_mixin.py:190} INFO - [2025-03-21T21:08:58.868+0000] {dag.py:3239} INFO - Sync 1 DAGs
[2025-03-21T21:08:58.890+0000] {logging_mixin.py:190} INFO - [2025-03-21T21:08:58.890+0000] {dag.py:4180} INFO - Setting next_dagrun for example_setup_teardown_taskflow to None, run_after=None
[2025-03-21T21:08:58.916+0000] {processor.py:208} INFO - Processing /home/usmail/sys_fraud/sys_detection_frauds/lib/python3.12/site-packages/airflow/example_dags/example_setup_teardown_taskflow.py took 0.124 seconds
[2025-03-21T21:09:54.628+0000] {processor.py:186} INFO - Started process (PID=3739414) to work on /home/usmail/sys_fraud/sys_detection_frauds/lib/python3.12/site-packages/airflow/example_dags/example_setup_teardown_taskflow.py
[2025-03-21T21:09:54.637+0000] {processor.py:914} INFO - Processing file /home/usmail/sys_fraud/sys_detection_frauds/lib/python3.12/site-packages/airflow/example_dags/example_setup_teardown_taskflow.py for tasks to queue
[2025-03-21T21:09:54.641+0000] {logging_mixin.py:190} INFO - [2025-03-21T21:09:54.640+0000] {dagbag.py:588} INFO - Filling up the DagBag from /home/usmail/sys_fraud/sys_detection_frauds/lib/python3.12/site-packages/airflow/example_dags/example_setup_teardown_taskflow.py
[2025-03-21T21:09:54.659+0000] {processor.py:925} INFO - DAG(s) 'example_setup_teardown_taskflow' retrieved from /home/usmail/sys_fraud/sys_detection_frauds/lib/python3.12/site-packages/airflow/example_dags/example_setup_teardown_taskflow.py
[2025-03-21T21:09:54.684+0000] {logging_mixin.py:190} INFO - [2025-03-21T21:09:54.684+0000] {dag.py:3239} INFO - Sync 1 DAGs
[2025-03-21T21:09:54.696+0000] {logging_mixin.py:190} INFO - [2025-03-21T21:09:54.696+0000] {dag.py:4180} INFO - Setting next_dagrun for example_setup_teardown_taskflow to None, run_after=None
[2025-03-21T21:09:54.713+0000] {processor.py:208} INFO - Processing /home/usmail/sys_fraud/sys_detection_frauds/lib/python3.12/site-packages/airflow/example_dags/example_setup_teardown_taskflow.py took 0.098 seconds
[2025-03-21T21:10:52.664+0000] {processor.py:186} INFO - Started process (PID=3740982) to work on /home/usmail/sys_fraud/sys_detection_frauds/lib/python3.12/site-packages/airflow/example_dags/example_setup_teardown_taskflow.py
[2025-03-21T21:10:52.672+0000] {processor.py:914} INFO - Processing file /home/usmail/sys_fraud/sys_detection_frauds/lib/python3.12/site-packages/airflow/example_dags/example_setup_teardown_taskflow.py for tasks to queue
[2025-03-21T21:10:52.674+0000] {logging_mixin.py:190} INFO - [2025-03-21T21:10:52.674+0000] {dagbag.py:588} INFO - Filling up the DagBag from /home/usmail/sys_fraud/sys_detection_frauds/lib/python3.12/site-packages/airflow/example_dags/example_setup_teardown_taskflow.py
[2025-03-21T21:10:52.682+0000] {processor.py:925} INFO - DAG(s) 'example_setup_teardown_taskflow' retrieved from /home/usmail/sys_fraud/sys_detection_frauds/lib/python3.12/site-packages/airflow/example_dags/example_setup_teardown_taskflow.py
[2025-03-21T21:10:52.694+0000] {logging_mixin.py:190} INFO - [2025-03-21T21:10:52.694+0000] {dag.py:3239} INFO - Sync 1 DAGs
[2025-03-21T21:10:52.704+0000] {logging_mixin.py:190} INFO - [2025-03-21T21:10:52.704+0000] {dag.py:4180} INFO - Setting next_dagrun for example_setup_teardown_taskflow to None, run_after=None
[2025-03-21T21:10:52.723+0000] {processor.py:208} INFO - Processing /home/usmail/sys_fraud/sys_detection_frauds/lib/python3.12/site-packages/airflow/example_dags/example_setup_teardown_taskflow.py took 0.065 seconds
[2025-03-21T21:11:48.627+0000] {processor.py:186} INFO - Started process (PID=3742045) to work on /home/usmail/sys_fraud/sys_detection_frauds/lib/python3.12/site-packages/airflow/example_dags/example_setup_teardown_taskflow.py
[2025-03-21T21:11:48.635+0000] {processor.py:914} INFO - Processing file /home/usmail/sys_fraud/sys_detection_frauds/lib/python3.12/site-packages/airflow/example_dags/example_setup_teardown_taskflow.py for tasks to queue
[2025-03-21T21:11:48.637+0000] {logging_mixin.py:190} INFO - [2025-03-21T21:11:48.636+0000] {dagbag.py:588} INFO - Filling up the DagBag from /home/usmail/sys_fraud/sys_detection_frauds/lib/python3.12/site-packages/airflow/example_dags/example_setup_teardown_taskflow.py
[2025-03-21T21:11:48.645+0000] {processor.py:925} INFO - DAG(s) 'example_setup_teardown_taskflow' retrieved from /home/usmail/sys_fraud/sys_detection_frauds/lib/python3.12/site-packages/airflow/example_dags/example_setup_teardown_taskflow.py
[2025-03-21T21:11:48.658+0000] {logging_mixin.py:190} INFO - [2025-03-21T21:11:48.658+0000] {dag.py:3239} INFO - Sync 1 DAGs
[2025-03-21T21:11:48.668+0000] {logging_mixin.py:190} INFO - [2025-03-21T21:11:48.668+0000] {dag.py:4180} INFO - Setting next_dagrun for example_setup_teardown_taskflow to None, run_after=None
[2025-03-21T21:11:48.689+0000] {processor.py:208} INFO - Processing /home/usmail/sys_fraud/sys_detection_frauds/lib/python3.12/site-packages/airflow/example_dags/example_setup_teardown_taskflow.py took 0.068 seconds
[2025-03-21T21:12:41.611+0000] {processor.py:186} INFO - Started process (PID=3743084) to work on /home/usmail/sys_fraud/sys_detection_frauds/lib/python3.12/site-packages/airflow/example_dags/example_setup_teardown_taskflow.py
[2025-03-21T21:12:41.612+0000] {processor.py:914} INFO - Processing file /home/usmail/sys_fraud/sys_detection_frauds/lib/python3.12/site-packages/airflow/example_dags/example_setup_teardown_taskflow.py for tasks to queue
[2025-03-21T21:12:41.614+0000] {logging_mixin.py:190} INFO - [2025-03-21T21:12:41.614+0000] {dagbag.py:588} INFO - Filling up the DagBag from /home/usmail/sys_fraud/sys_detection_frauds/lib/python3.12/site-packages/airflow/example_dags/example_setup_teardown_taskflow.py
[2025-03-21T21:12:41.622+0000] {processor.py:925} INFO - DAG(s) 'example_setup_teardown_taskflow' retrieved from /home/usmail/sys_fraud/sys_detection_frauds/lib/python3.12/site-packages/airflow/example_dags/example_setup_teardown_taskflow.py
[2025-03-21T21:12:41.635+0000] {logging_mixin.py:190} INFO - [2025-03-21T21:12:41.634+0000] {dag.py:3239} INFO - Sync 1 DAGs
[2025-03-21T21:12:41.644+0000] {logging_mixin.py:190} INFO - [2025-03-21T21:12:41.644+0000] {dag.py:4180} INFO - Setting next_dagrun for example_setup_teardown_taskflow to None, run_after=None
[2025-03-21T21:12:41.661+0000] {processor.py:208} INFO - Processing /home/usmail/sys_fraud/sys_detection_frauds/lib/python3.12/site-packages/airflow/example_dags/example_setup_teardown_taskflow.py took 0.055 seconds
[2025-03-21T21:13:34.283+0000] {processor.py:186} INFO - Started process (PID=3744053) to work on /home/usmail/sys_fraud/sys_detection_frauds/lib/python3.12/site-packages/airflow/example_dags/example_setup_teardown_taskflow.py
[2025-03-21T21:13:34.292+0000] {processor.py:914} INFO - Processing file /home/usmail/sys_fraud/sys_detection_frauds/lib/python3.12/site-packages/airflow/example_dags/example_setup_teardown_taskflow.py for tasks to queue
[2025-03-21T21:13:34.293+0000] {logging_mixin.py:190} INFO - [2025-03-21T21:13:34.293+0000] {dagbag.py:588} INFO - Filling up the DagBag from /home/usmail/sys_fraud/sys_detection_frauds/lib/python3.12/site-packages/airflow/example_dags/example_setup_teardown_taskflow.py
[2025-03-21T21:13:34.302+0000] {processor.py:925} INFO - DAG(s) 'example_setup_teardown_taskflow' retrieved from /home/usmail/sys_fraud/sys_detection_frauds/lib/python3.12/site-packages/airflow/example_dags/example_setup_teardown_taskflow.py
[2025-03-21T21:13:34.315+0000] {logging_mixin.py:190} INFO - [2025-03-21T21:13:34.315+0000] {dag.py:3239} INFO - Sync 1 DAGs
[2025-03-21T21:13:34.325+0000] {logging_mixin.py:190} INFO - [2025-03-21T21:13:34.325+0000] {dag.py:4180} INFO - Setting next_dagrun for example_setup_teardown_taskflow to None, run_after=None
[2025-03-21T21:13:34.342+0000] {processor.py:208} INFO - Processing /home/usmail/sys_fraud/sys_detection_frauds/lib/python3.12/site-packages/airflow/example_dags/example_setup_teardown_taskflow.py took 0.064 seconds
[2025-03-21T21:14:26.561+0000] {processor.py:186} INFO - Started process (PID=3744846) to work on /home/usmail/sys_fraud/sys_detection_frauds/lib/python3.12/site-packages/airflow/example_dags/example_setup_teardown_taskflow.py
[2025-03-21T21:14:26.570+0000] {processor.py:914} INFO - Processing file /home/usmail/sys_fraud/sys_detection_frauds/lib/python3.12/site-packages/airflow/example_dags/example_setup_teardown_taskflow.py for tasks to queue
[2025-03-21T21:14:26.574+0000] {logging_mixin.py:190} INFO - [2025-03-21T21:14:26.573+0000] {dagbag.py:588} INFO - Filling up the DagBag from /home/usmail/sys_fraud/sys_detection_frauds/lib/python3.12/site-packages/airflow/example_dags/example_setup_teardown_taskflow.py
[2025-03-21T21:14:26.591+0000] {processor.py:925} INFO - DAG(s) 'example_setup_teardown_taskflow' retrieved from /home/usmail/sys_fraud/sys_detection_frauds/lib/python3.12/site-packages/airflow/example_dags/example_setup_teardown_taskflow.py
[2025-03-21T21:14:26.617+0000] {logging_mixin.py:190} INFO - [2025-03-21T21:14:26.617+0000] {dag.py:3239} INFO - Sync 1 DAGs
[2025-03-21T21:14:26.632+0000] {logging_mixin.py:190} INFO - [2025-03-21T21:14:26.632+0000] {dag.py:4180} INFO - Setting next_dagrun for example_setup_teardown_taskflow to None, run_after=None
[2025-03-21T21:14:26.655+0000] {processor.py:208} INFO - Processing /home/usmail/sys_fraud/sys_detection_frauds/lib/python3.12/site-packages/airflow/example_dags/example_setup_teardown_taskflow.py took 0.105 seconds
[2025-03-21T21:15:28.200+0000] {processor.py:186} INFO - Started process (PID=3745620) to work on /home/usmail/sys_fraud/sys_detection_frauds/lib/python3.12/site-packages/airflow/example_dags/example_setup_teardown_taskflow.py
[2025-03-21T21:15:28.210+0000] {processor.py:914} INFO - Processing file /home/usmail/sys_fraud/sys_detection_frauds/lib/python3.12/site-packages/airflow/example_dags/example_setup_teardown_taskflow.py for tasks to queue
[2025-03-21T21:15:28.213+0000] {logging_mixin.py:190} INFO - [2025-03-21T21:15:28.212+0000] {dagbag.py:588} INFO - Filling up the DagBag from /home/usmail/sys_fraud/sys_detection_frauds/lib/python3.12/site-packages/airflow/example_dags/example_setup_teardown_taskflow.py
[2025-03-21T21:15:28.230+0000] {processor.py:925} INFO - DAG(s) 'example_setup_teardown_taskflow' retrieved from /home/usmail/sys_fraud/sys_detection_frauds/lib/python3.12/site-packages/airflow/example_dags/example_setup_teardown_taskflow.py
[2025-03-21T21:15:28.256+0000] {logging_mixin.py:190} INFO - [2025-03-21T21:15:28.255+0000] {dag.py:3239} INFO - Sync 1 DAGs
[2025-03-21T21:15:28.270+0000] {logging_mixin.py:190} INFO - [2025-03-21T21:15:28.270+0000] {dag.py:4180} INFO - Setting next_dagrun for example_setup_teardown_taskflow to None, run_after=None
[2025-03-21T21:15:28.295+0000] {processor.py:208} INFO - Processing /home/usmail/sys_fraud/sys_detection_frauds/lib/python3.12/site-packages/airflow/example_dags/example_setup_teardown_taskflow.py took 0.106 seconds
[2025-03-21T21:16:28.941+0000] {processor.py:186} INFO - Started process (PID=3746398) to work on /home/usmail/sys_fraud/sys_detection_frauds/lib/python3.12/site-packages/airflow/example_dags/example_setup_teardown_taskflow.py
[2025-03-21T21:16:28.942+0000] {processor.py:914} INFO - Processing file /home/usmail/sys_fraud/sys_detection_frauds/lib/python3.12/site-packages/airflow/example_dags/example_setup_teardown_taskflow.py for tasks to queue
[2025-03-21T21:16:28.945+0000] {logging_mixin.py:190} INFO - [2025-03-21T21:16:28.945+0000] {dagbag.py:588} INFO - Filling up the DagBag from /home/usmail/sys_fraud/sys_detection_frauds/lib/python3.12/site-packages/airflow/example_dags/example_setup_teardown_taskflow.py
[2025-03-21T21:16:28.962+0000] {processor.py:925} INFO - DAG(s) 'example_setup_teardown_taskflow' retrieved from /home/usmail/sys_fraud/sys_detection_frauds/lib/python3.12/site-packages/airflow/example_dags/example_setup_teardown_taskflow.py
[2025-03-21T21:16:28.977+0000] {logging_mixin.py:190} INFO - [2025-03-21T21:16:28.977+0000] {dag.py:3239} INFO - Sync 1 DAGs
[2025-03-21T21:16:28.986+0000] {logging_mixin.py:190} INFO - [2025-03-21T21:16:28.986+0000] {dag.py:4180} INFO - Setting next_dagrun for example_setup_teardown_taskflow to None, run_after=None
[2025-03-21T21:16:29.002+0000] {processor.py:208} INFO - Processing /home/usmail/sys_fraud/sys_detection_frauds/lib/python3.12/site-packages/airflow/example_dags/example_setup_teardown_taskflow.py took 0.072 seconds
[2025-03-21T21:17:30.974+0000] {processor.py:186} INFO - Started process (PID=3747172) to work on /home/usmail/sys_fraud/sys_detection_frauds/lib/python3.12/site-packages/airflow/example_dags/example_setup_teardown_taskflow.py
[2025-03-21T21:17:30.983+0000] {processor.py:914} INFO - Processing file /home/usmail/sys_fraud/sys_detection_frauds/lib/python3.12/site-packages/airflow/example_dags/example_setup_teardown_taskflow.py for tasks to queue
[2025-03-21T21:17:30.986+0000] {logging_mixin.py:190} INFO - [2025-03-21T21:17:30.986+0000] {dagbag.py:588} INFO - Filling up the DagBag from /home/usmail/sys_fraud/sys_detection_frauds/lib/python3.12/site-packages/airflow/example_dags/example_setup_teardown_taskflow.py
[2025-03-21T21:17:31.003+0000] {processor.py:925} INFO - DAG(s) 'example_setup_teardown_taskflow' retrieved from /home/usmail/sys_fraud/sys_detection_frauds/lib/python3.12/site-packages/airflow/example_dags/example_setup_teardown_taskflow.py
[2025-03-21T21:17:31.031+0000] {logging_mixin.py:190} INFO - [2025-03-21T21:17:31.030+0000] {dag.py:3239} INFO - Sync 1 DAGs
[2025-03-21T21:17:31.045+0000] {logging_mixin.py:190} INFO - [2025-03-21T21:17:31.045+0000] {dag.py:4180} INFO - Setting next_dagrun for example_setup_teardown_taskflow to None, run_after=None
[2025-03-21T21:17:31.072+0000] {processor.py:208} INFO - Processing /home/usmail/sys_fraud/sys_detection_frauds/lib/python3.12/site-packages/airflow/example_dags/example_setup_teardown_taskflow.py took 0.110 seconds
[2025-03-21T21:18:36.371+0000] {processor.py:186} INFO - Started process (PID=3747963) to work on /home/usmail/sys_fraud/sys_detection_frauds/lib/python3.12/site-packages/airflow/example_dags/example_setup_teardown_taskflow.py
[2025-03-21T21:18:36.381+0000] {processor.py:914} INFO - Processing file /home/usmail/sys_fraud/sys_detection_frauds/lib/python3.12/site-packages/airflow/example_dags/example_setup_teardown_taskflow.py for tasks to queue
[2025-03-21T21:18:36.384+0000] {logging_mixin.py:190} INFO - [2025-03-21T21:18:36.384+0000] {dagbag.py:588} INFO - Filling up the DagBag from /home/usmail/sys_fraud/sys_detection_frauds/lib/python3.12/site-packages/airflow/example_dags/example_setup_teardown_taskflow.py
[2025-03-21T21:18:36.408+0000] {processor.py:925} INFO - DAG(s) 'example_setup_teardown_taskflow' retrieved from /home/usmail/sys_fraud/sys_detection_frauds/lib/python3.12/site-packages/airflow/example_dags/example_setup_teardown_taskflow.py
[2025-03-21T21:18:36.431+0000] {logging_mixin.py:190} INFO - [2025-03-21T21:18:36.431+0000] {dag.py:3239} INFO - Sync 1 DAGs
[2025-03-21T21:18:36.443+0000] {logging_mixin.py:190} INFO - [2025-03-21T21:18:36.443+0000] {dag.py:4180} INFO - Setting next_dagrun for example_setup_teardown_taskflow to None, run_after=None
[2025-03-21T21:18:36.481+0000] {processor.py:208} INFO - Processing /home/usmail/sys_fraud/sys_detection_frauds/lib/python3.12/site-packages/airflow/example_dags/example_setup_teardown_taskflow.py took 0.126 seconds
[2025-03-21T21:19:39.268+0000] {processor.py:186} INFO - Started process (PID=3748733) to work on /home/usmail/sys_fraud/sys_detection_frauds/lib/python3.12/site-packages/airflow/example_dags/example_setup_teardown_taskflow.py
[2025-03-21T21:19:39.277+0000] {processor.py:914} INFO - Processing file /home/usmail/sys_fraud/sys_detection_frauds/lib/python3.12/site-packages/airflow/example_dags/example_setup_teardown_taskflow.py for tasks to queue
[2025-03-21T21:19:39.281+0000] {logging_mixin.py:190} INFO - [2025-03-21T21:19:39.280+0000] {dagbag.py:588} INFO - Filling up the DagBag from /home/usmail/sys_fraud/sys_detection_frauds/lib/python3.12/site-packages/airflow/example_dags/example_setup_teardown_taskflow.py
[2025-03-21T21:19:39.297+0000] {processor.py:925} INFO - DAG(s) 'example_setup_teardown_taskflow' retrieved from /home/usmail/sys_fraud/sys_detection_frauds/lib/python3.12/site-packages/airflow/example_dags/example_setup_teardown_taskflow.py
[2025-03-21T21:19:39.323+0000] {logging_mixin.py:190} INFO - [2025-03-21T21:19:39.322+0000] {dag.py:3239} INFO - Sync 1 DAGs
[2025-03-21T21:19:39.336+0000] {logging_mixin.py:190} INFO - [2025-03-21T21:19:39.336+0000] {dag.py:4180} INFO - Setting next_dagrun for example_setup_teardown_taskflow to None, run_after=None
[2025-03-21T21:19:39.354+0000] {processor.py:208} INFO - Processing /home/usmail/sys_fraud/sys_detection_frauds/lib/python3.12/site-packages/airflow/example_dags/example_setup_teardown_taskflow.py took 0.098 seconds
[2025-03-21T21:20:42.338+0000] {processor.py:186} INFO - Started process (PID=3749481) to work on /home/usmail/sys_fraud/sys_detection_frauds/lib/python3.12/site-packages/airflow/example_dags/example_setup_teardown_taskflow.py
[2025-03-21T21:20:42.347+0000] {processor.py:914} INFO - Processing file /home/usmail/sys_fraud/sys_detection_frauds/lib/python3.12/site-packages/airflow/example_dags/example_setup_teardown_taskflow.py for tasks to queue
[2025-03-21T21:20:42.351+0000] {logging_mixin.py:190} INFO - [2025-03-21T21:20:42.350+0000] {dagbag.py:588} INFO - Filling up the DagBag from /home/usmail/sys_fraud/sys_detection_frauds/lib/python3.12/site-packages/airflow/example_dags/example_setup_teardown_taskflow.py
[2025-03-21T21:20:42.369+0000] {processor.py:925} INFO - DAG(s) 'example_setup_teardown_taskflow' retrieved from /home/usmail/sys_fraud/sys_detection_frauds/lib/python3.12/site-packages/airflow/example_dags/example_setup_teardown_taskflow.py
[2025-03-21T21:20:42.395+0000] {logging_mixin.py:190} INFO - [2025-03-21T21:20:42.394+0000] {dag.py:3239} INFO - Sync 1 DAGs
[2025-03-21T21:20:42.413+0000] {logging_mixin.py:190} INFO - [2025-03-21T21:20:42.413+0000] {dag.py:4180} INFO - Setting next_dagrun for example_setup_teardown_taskflow to None, run_after=None
[2025-03-21T21:20:42.442+0000] {processor.py:208} INFO - Processing /home/usmail/sys_fraud/sys_detection_frauds/lib/python3.12/site-packages/airflow/example_dags/example_setup_teardown_taskflow.py took 0.116 seconds
[2025-03-21T21:21:48.232+0000] {processor.py:186} INFO - Started process (PID=3750290) to work on /home/usmail/sys_fraud/sys_detection_frauds/lib/python3.12/site-packages/airflow/example_dags/example_setup_teardown_taskflow.py
[2025-03-21T21:21:48.241+0000] {processor.py:914} INFO - Processing file /home/usmail/sys_fraud/sys_detection_frauds/lib/python3.12/site-packages/airflow/example_dags/example_setup_teardown_taskflow.py for tasks to queue
[2025-03-21T21:21:48.244+0000] {logging_mixin.py:190} INFO - [2025-03-21T21:21:48.243+0000] {dagbag.py:588} INFO - Filling up the DagBag from /home/usmail/sys_fraud/sys_detection_frauds/lib/python3.12/site-packages/airflow/example_dags/example_setup_teardown_taskflow.py
[2025-03-21T21:21:48.260+0000] {processor.py:925} INFO - DAG(s) 'example_setup_teardown_taskflow' retrieved from /home/usmail/sys_fraud/sys_detection_frauds/lib/python3.12/site-packages/airflow/example_dags/example_setup_teardown_taskflow.py
[2025-03-21T21:21:48.286+0000] {logging_mixin.py:190} INFO - [2025-03-21T21:21:48.286+0000] {dag.py:3239} INFO - Sync 1 DAGs
[2025-03-21T21:21:48.301+0000] {logging_mixin.py:190} INFO - [2025-03-21T21:21:48.300+0000] {dag.py:4180} INFO - Setting next_dagrun for example_setup_teardown_taskflow to None, run_after=None
[2025-03-21T21:21:48.322+0000] {processor.py:208} INFO - Processing /home/usmail/sys_fraud/sys_detection_frauds/lib/python3.12/site-packages/airflow/example_dags/example_setup_teardown_taskflow.py took 0.102 seconds
[2025-03-21T21:22:55.269+0000] {processor.py:186} INFO - Started process (PID=3751132) to work on /home/usmail/sys_fraud/sys_detection_frauds/lib/python3.12/site-packages/airflow/example_dags/example_setup_teardown_taskflow.py
[2025-03-21T21:22:55.278+0000] {processor.py:914} INFO - Processing file /home/usmail/sys_fraud/sys_detection_frauds/lib/python3.12/site-packages/airflow/example_dags/example_setup_teardown_taskflow.py for tasks to queue
[2025-03-21T21:22:55.281+0000] {logging_mixin.py:190} INFO - [2025-03-21T21:22:55.280+0000] {dagbag.py:588} INFO - Filling up the DagBag from /home/usmail/sys_fraud/sys_detection_frauds/lib/python3.12/site-packages/airflow/example_dags/example_setup_teardown_taskflow.py
[2025-03-21T21:22:55.298+0000] {processor.py:925} INFO - DAG(s) 'example_setup_teardown_taskflow' retrieved from /home/usmail/sys_fraud/sys_detection_frauds/lib/python3.12/site-packages/airflow/example_dags/example_setup_teardown_taskflow.py
[2025-03-21T21:22:55.324+0000] {logging_mixin.py:190} INFO - [2025-03-21T21:22:55.324+0000] {dag.py:3239} INFO - Sync 1 DAGs
[2025-03-21T21:22:55.338+0000] {logging_mixin.py:190} INFO - [2025-03-21T21:22:55.338+0000] {dag.py:4180} INFO - Setting next_dagrun for example_setup_teardown_taskflow to None, run_after=None
[2025-03-21T21:22:55.383+0000] {processor.py:208} INFO - Processing /home/usmail/sys_fraud/sys_detection_frauds/lib/python3.12/site-packages/airflow/example_dags/example_setup_teardown_taskflow.py took 0.126 seconds
[2025-03-21T21:23:56.700+0000] {processor.py:186} INFO - Started process (PID=3751872) to work on /home/usmail/sys_fraud/sys_detection_frauds/lib/python3.12/site-packages/airflow/example_dags/example_setup_teardown_taskflow.py
[2025-03-21T21:23:56.709+0000] {processor.py:914} INFO - Processing file /home/usmail/sys_fraud/sys_detection_frauds/lib/python3.12/site-packages/airflow/example_dags/example_setup_teardown_taskflow.py for tasks to queue
[2025-03-21T21:23:56.711+0000] {logging_mixin.py:190} INFO - [2025-03-21T21:23:56.710+0000] {dagbag.py:588} INFO - Filling up the DagBag from /home/usmail/sys_fraud/sys_detection_frauds/lib/python3.12/site-packages/airflow/example_dags/example_setup_teardown_taskflow.py
[2025-03-21T21:23:56.719+0000] {processor.py:925} INFO - DAG(s) 'example_setup_teardown_taskflow' retrieved from /home/usmail/sys_fraud/sys_detection_frauds/lib/python3.12/site-packages/airflow/example_dags/example_setup_teardown_taskflow.py
[2025-03-21T21:23:56.732+0000] {logging_mixin.py:190} INFO - [2025-03-21T21:23:56.732+0000] {dag.py:3239} INFO - Sync 1 DAGs
[2025-03-21T21:23:56.742+0000] {logging_mixin.py:190} INFO - [2025-03-21T21:23:56.741+0000] {dag.py:4180} INFO - Setting next_dagrun for example_setup_teardown_taskflow to None, run_after=None
[2025-03-21T21:23:56.767+0000] {processor.py:208} INFO - Processing /home/usmail/sys_fraud/sys_detection_frauds/lib/python3.12/site-packages/airflow/example_dags/example_setup_teardown_taskflow.py took 0.073 seconds
[2025-03-21T21:24:59.619+0000] {processor.py:186} INFO - Started process (PID=3752545) to work on /home/usmail/sys_fraud/sys_detection_frauds/lib/python3.12/site-packages/airflow/example_dags/example_setup_teardown_taskflow.py
[2025-03-21T21:24:59.628+0000] {processor.py:914} INFO - Processing file /home/usmail/sys_fraud/sys_detection_frauds/lib/python3.12/site-packages/airflow/example_dags/example_setup_teardown_taskflow.py for tasks to queue
[2025-03-21T21:24:59.632+0000] {logging_mixin.py:190} INFO - [2025-03-21T21:24:59.631+0000] {dagbag.py:588} INFO - Filling up the DagBag from /home/usmail/sys_fraud/sys_detection_frauds/lib/python3.12/site-packages/airflow/example_dags/example_setup_teardown_taskflow.py
[2025-03-21T21:24:59.649+0000] {processor.py:925} INFO - DAG(s) 'example_setup_teardown_taskflow' retrieved from /home/usmail/sys_fraud/sys_detection_frauds/lib/python3.12/site-packages/airflow/example_dags/example_setup_teardown_taskflow.py
[2025-03-21T21:24:59.675+0000] {logging_mixin.py:190} INFO - [2025-03-21T21:24:59.675+0000] {dag.py:3239} INFO - Sync 1 DAGs
[2025-03-21T21:24:59.690+0000] {logging_mixin.py:190} INFO - [2025-03-21T21:24:59.689+0000] {dag.py:4180} INFO - Setting next_dagrun for example_setup_teardown_taskflow to None, run_after=None
[2025-03-21T21:24:59.729+0000] {processor.py:208} INFO - Processing /home/usmail/sys_fraud/sys_detection_frauds/lib/python3.12/site-packages/airflow/example_dags/example_setup_teardown_taskflow.py took 0.123 seconds
[2025-03-21T21:26:05.498+0000] {processor.py:186} INFO - Started process (PID=3753260) to work on /home/usmail/sys_fraud/sys_detection_frauds/lib/python3.12/site-packages/airflow/example_dags/example_setup_teardown_taskflow.py
[2025-03-21T21:26:05.508+0000] {processor.py:914} INFO - Processing file /home/usmail/sys_fraud/sys_detection_frauds/lib/python3.12/site-packages/airflow/example_dags/example_setup_teardown_taskflow.py for tasks to queue
[2025-03-21T21:26:05.511+0000] {logging_mixin.py:190} INFO - [2025-03-21T21:26:05.510+0000] {dagbag.py:588} INFO - Filling up the DagBag from /home/usmail/sys_fraud/sys_detection_frauds/lib/python3.12/site-packages/airflow/example_dags/example_setup_teardown_taskflow.py
[2025-03-21T21:26:05.527+0000] {processor.py:925} INFO - DAG(s) 'example_setup_teardown_taskflow' retrieved from /home/usmail/sys_fraud/sys_detection_frauds/lib/python3.12/site-packages/airflow/example_dags/example_setup_teardown_taskflow.py
[2025-03-21T21:26:05.547+0000] {logging_mixin.py:190} INFO - [2025-03-21T21:26:05.546+0000] {dag.py:3239} INFO - Sync 1 DAGs
[2025-03-21T21:26:05.556+0000] {logging_mixin.py:190} INFO - [2025-03-21T21:26:05.556+0000] {dag.py:4180} INFO - Setting next_dagrun for example_setup_teardown_taskflow to None, run_after=None
[2025-03-21T21:26:05.574+0000] {processor.py:208} INFO - Processing /home/usmail/sys_fraud/sys_detection_frauds/lib/python3.12/site-packages/airflow/example_dags/example_setup_teardown_taskflow.py took 0.087 seconds
[2025-03-21T21:27:06.572+0000] {processor.py:186} INFO - Started process (PID=3753867) to work on /home/usmail/sys_fraud/sys_detection_frauds/lib/python3.12/site-packages/airflow/example_dags/example_setup_teardown_taskflow.py
[2025-03-21T21:27:06.581+0000] {processor.py:914} INFO - Processing file /home/usmail/sys_fraud/sys_detection_frauds/lib/python3.12/site-packages/airflow/example_dags/example_setup_teardown_taskflow.py for tasks to queue
[2025-03-21T21:27:06.584+0000] {logging_mixin.py:190} INFO - [2025-03-21T21:27:06.584+0000] {dagbag.py:588} INFO - Filling up the DagBag from /home/usmail/sys_fraud/sys_detection_frauds/lib/python3.12/site-packages/airflow/example_dags/example_setup_teardown_taskflow.py
[2025-03-21T21:27:06.601+0000] {processor.py:925} INFO - DAG(s) 'example_setup_teardown_taskflow' retrieved from /home/usmail/sys_fraud/sys_detection_frauds/lib/python3.12/site-packages/airflow/example_dags/example_setup_teardown_taskflow.py
[2025-03-21T21:27:06.628+0000] {logging_mixin.py:190} INFO - [2025-03-21T21:27:06.628+0000] {dag.py:3239} INFO - Sync 1 DAGs
[2025-03-21T21:27:06.643+0000] {logging_mixin.py:190} INFO - [2025-03-21T21:27:06.643+0000] {dag.py:4180} INFO - Setting next_dagrun for example_setup_teardown_taskflow to None, run_after=None
[2025-03-21T21:27:06.672+0000] {processor.py:208} INFO - Processing /home/usmail/sys_fraud/sys_detection_frauds/lib/python3.12/site-packages/airflow/example_dags/example_setup_teardown_taskflow.py took 0.113 seconds
[2025-03-21T21:28:10.129+0000] {processor.py:186} INFO - Started process (PID=3754532) to work on /home/usmail/sys_fraud/sys_detection_frauds/lib/python3.12/site-packages/airflow/example_dags/example_setup_teardown_taskflow.py
[2025-03-21T21:28:10.138+0000] {processor.py:914} INFO - Processing file /home/usmail/sys_fraud/sys_detection_frauds/lib/python3.12/site-packages/airflow/example_dags/example_setup_teardown_taskflow.py for tasks to queue
[2025-03-21T21:28:10.141+0000] {logging_mixin.py:190} INFO - [2025-03-21T21:28:10.140+0000] {dagbag.py:588} INFO - Filling up the DagBag from /home/usmail/sys_fraud/sys_detection_frauds/lib/python3.12/site-packages/airflow/example_dags/example_setup_teardown_taskflow.py
[2025-03-21T21:28:10.158+0000] {processor.py:925} INFO - DAG(s) 'example_setup_teardown_taskflow' retrieved from /home/usmail/sys_fraud/sys_detection_frauds/lib/python3.12/site-packages/airflow/example_dags/example_setup_teardown_taskflow.py
[2025-03-21T21:28:10.184+0000] {logging_mixin.py:190} INFO - [2025-03-21T21:28:10.184+0000] {dag.py:3239} INFO - Sync 1 DAGs
[2025-03-21T21:28:10.199+0000] {logging_mixin.py:190} INFO - [2025-03-21T21:28:10.198+0000] {dag.py:4180} INFO - Setting next_dagrun for example_setup_teardown_taskflow to None, run_after=None
[2025-03-21T21:28:10.215+0000] {processor.py:208} INFO - Processing /home/usmail/sys_fraud/sys_detection_frauds/lib/python3.12/site-packages/airflow/example_dags/example_setup_teardown_taskflow.py took 0.098 seconds
[2025-03-21T21:29:09.131+0000] {processor.py:186} INFO - Started process (PID=3755149) to work on /home/usmail/sys_fraud/sys_detection_frauds/lib/python3.12/site-packages/airflow/example_dags/example_setup_teardown_taskflow.py
[2025-03-21T21:29:09.140+0000] {processor.py:914} INFO - Processing file /home/usmail/sys_fraud/sys_detection_frauds/lib/python3.12/site-packages/airflow/example_dags/example_setup_teardown_taskflow.py for tasks to queue
[2025-03-21T21:29:09.143+0000] {logging_mixin.py:190} INFO - [2025-03-21T21:29:09.143+0000] {dagbag.py:588} INFO - Filling up the DagBag from /home/usmail/sys_fraud/sys_detection_frauds/lib/python3.12/site-packages/airflow/example_dags/example_setup_teardown_taskflow.py
[2025-03-21T21:29:09.161+0000] {processor.py:925} INFO - DAG(s) 'example_setup_teardown_taskflow' retrieved from /home/usmail/sys_fraud/sys_detection_frauds/lib/python3.12/site-packages/airflow/example_dags/example_setup_teardown_taskflow.py
[2025-03-21T21:29:09.186+0000] {logging_mixin.py:190} INFO - [2025-03-21T21:29:09.186+0000] {dag.py:3239} INFO - Sync 1 DAGs
[2025-03-21T21:29:09.201+0000] {logging_mixin.py:190} INFO - [2025-03-21T21:29:09.201+0000] {dag.py:4180} INFO - Setting next_dagrun for example_setup_teardown_taskflow to None, run_after=None
[2025-03-21T21:29:09.238+0000] {processor.py:208} INFO - Processing /home/usmail/sys_fraud/sys_detection_frauds/lib/python3.12/site-packages/airflow/example_dags/example_setup_teardown_taskflow.py took 0.120 seconds
[2025-03-21T21:30:14.504+0000] {processor.py:186} INFO - Started process (PID=3755846) to work on /home/usmail/sys_fraud/sys_detection_frauds/lib/python3.12/site-packages/airflow/example_dags/example_setup_teardown_taskflow.py
[2025-03-21T21:30:14.513+0000] {processor.py:914} INFO - Processing file /home/usmail/sys_fraud/sys_detection_frauds/lib/python3.12/site-packages/airflow/example_dags/example_setup_teardown_taskflow.py for tasks to queue
[2025-03-21T21:30:14.516+0000] {logging_mixin.py:190} INFO - [2025-03-21T21:30:14.516+0000] {dagbag.py:588} INFO - Filling up the DagBag from /home/usmail/sys_fraud/sys_detection_frauds/lib/python3.12/site-packages/airflow/example_dags/example_setup_teardown_taskflow.py
[2025-03-21T21:30:14.533+0000] {processor.py:925} INFO - DAG(s) 'example_setup_teardown_taskflow' retrieved from /home/usmail/sys_fraud/sys_detection_frauds/lib/python3.12/site-packages/airflow/example_dags/example_setup_teardown_taskflow.py
[2025-03-21T21:30:14.562+0000] {logging_mixin.py:190} INFO - [2025-03-21T21:30:14.561+0000] {dag.py:3239} INFO - Sync 1 DAGs
[2025-03-21T21:30:14.575+0000] {logging_mixin.py:190} INFO - [2025-03-21T21:30:14.575+0000] {dag.py:4180} INFO - Setting next_dagrun for example_setup_teardown_taskflow to None, run_after=None
[2025-03-21T21:30:14.597+0000] {processor.py:208} INFO - Processing /home/usmail/sys_fraud/sys_detection_frauds/lib/python3.12/site-packages/airflow/example_dags/example_setup_teardown_taskflow.py took 0.107 seconds
[2025-03-21T21:31:21.124+0000] {processor.py:186} INFO - Started process (PID=3756533) to work on /home/usmail/sys_fraud/sys_detection_frauds/lib/python3.12/site-packages/airflow/example_dags/example_setup_teardown_taskflow.py
[2025-03-21T21:31:21.133+0000] {processor.py:914} INFO - Processing file /home/usmail/sys_fraud/sys_detection_frauds/lib/python3.12/site-packages/airflow/example_dags/example_setup_teardown_taskflow.py for tasks to queue
[2025-03-21T21:31:21.136+0000] {logging_mixin.py:190} INFO - [2025-03-21T21:31:21.136+0000] {dagbag.py:588} INFO - Filling up the DagBag from /home/usmail/sys_fraud/sys_detection_frauds/lib/python3.12/site-packages/airflow/example_dags/example_setup_teardown_taskflow.py
[2025-03-21T21:31:21.153+0000] {processor.py:925} INFO - DAG(s) 'example_setup_teardown_taskflow' retrieved from /home/usmail/sys_fraud/sys_detection_frauds/lib/python3.12/site-packages/airflow/example_dags/example_setup_teardown_taskflow.py
[2025-03-21T21:31:21.179+0000] {logging_mixin.py:190} INFO - [2025-03-21T21:31:21.178+0000] {dag.py:3239} INFO - Sync 1 DAGs
[2025-03-21T21:31:21.194+0000] {logging_mixin.py:190} INFO - [2025-03-21T21:31:21.194+0000] {dag.py:4180} INFO - Setting next_dagrun for example_setup_teardown_taskflow to None, run_after=None
[2025-03-21T21:31:21.218+0000] {processor.py:208} INFO - Processing /home/usmail/sys_fraud/sys_detection_frauds/lib/python3.12/site-packages/airflow/example_dags/example_setup_teardown_taskflow.py took 0.106 seconds
[2025-03-21T21:32:26.149+0000] {processor.py:186} INFO - Started process (PID=3757229) to work on /home/usmail/sys_fraud/sys_detection_frauds/lib/python3.12/site-packages/airflow/example_dags/example_setup_teardown_taskflow.py
[2025-03-21T21:32:26.158+0000] {processor.py:914} INFO - Processing file /home/usmail/sys_fraud/sys_detection_frauds/lib/python3.12/site-packages/airflow/example_dags/example_setup_teardown_taskflow.py for tasks to queue
[2025-03-21T21:32:26.161+0000] {logging_mixin.py:190} INFO - [2025-03-21T21:32:26.161+0000] {dagbag.py:588} INFO - Filling up the DagBag from /home/usmail/sys_fraud/sys_detection_frauds/lib/python3.12/site-packages/airflow/example_dags/example_setup_teardown_taskflow.py
[2025-03-21T21:32:26.179+0000] {processor.py:925} INFO - DAG(s) 'example_setup_teardown_taskflow' retrieved from /home/usmail/sys_fraud/sys_detection_frauds/lib/python3.12/site-packages/airflow/example_dags/example_setup_teardown_taskflow.py
[2025-03-21T21:32:26.206+0000] {logging_mixin.py:190} INFO - [2025-03-21T21:32:26.206+0000] {dag.py:3239} INFO - Sync 1 DAGs
[2025-03-21T21:32:26.224+0000] {logging_mixin.py:190} INFO - [2025-03-21T21:32:26.224+0000] {dag.py:4180} INFO - Setting next_dagrun for example_setup_teardown_taskflow to None, run_after=None
[2025-03-21T21:32:26.266+0000] {processor.py:208} INFO - Processing /home/usmail/sys_fraud/sys_detection_frauds/lib/python3.12/site-packages/airflow/example_dags/example_setup_teardown_taskflow.py took 0.129 seconds
[2025-03-21T21:33:27.236+0000] {processor.py:186} INFO - Started process (PID=3757870) to work on /home/usmail/sys_fraud/sys_detection_frauds/lib/python3.12/site-packages/airflow/example_dags/example_setup_teardown_taskflow.py
[2025-03-21T21:33:27.245+0000] {processor.py:914} INFO - Processing file /home/usmail/sys_fraud/sys_detection_frauds/lib/python3.12/site-packages/airflow/example_dags/example_setup_teardown_taskflow.py for tasks to queue
[2025-03-21T21:33:27.248+0000] {logging_mixin.py:190} INFO - [2025-03-21T21:33:27.247+0000] {dagbag.py:588} INFO - Filling up the DagBag from /home/usmail/sys_fraud/sys_detection_frauds/lib/python3.12/site-packages/airflow/example_dags/example_setup_teardown_taskflow.py
[2025-03-21T21:33:27.264+0000] {processor.py:925} INFO - DAG(s) 'example_setup_teardown_taskflow' retrieved from /home/usmail/sys_fraud/sys_detection_frauds/lib/python3.12/site-packages/airflow/example_dags/example_setup_teardown_taskflow.py
[2025-03-21T21:33:27.290+0000] {logging_mixin.py:190} INFO - [2025-03-21T21:33:27.289+0000] {dag.py:3239} INFO - Sync 1 DAGs
[2025-03-21T21:33:27.305+0000] {logging_mixin.py:190} INFO - [2025-03-21T21:33:27.305+0000] {dag.py:4180} INFO - Setting next_dagrun for example_setup_teardown_taskflow to None, run_after=None
[2025-03-21T21:33:27.331+0000] {processor.py:208} INFO - Processing /home/usmail/sys_fraud/sys_detection_frauds/lib/python3.12/site-packages/airflow/example_dags/example_setup_teardown_taskflow.py took 0.108 seconds
[2025-03-21T22:19:45.413+0000] {processor.py:186} INFO - Started process (PID=3758795) to work on /home/usmail/sys_fraud/sys_detection_frauds/lib/python3.12/site-packages/airflow/example_dags/example_setup_teardown_taskflow.py
[2025-03-21T22:19:45.422+0000] {processor.py:914} INFO - Processing file /home/usmail/sys_fraud/sys_detection_frauds/lib/python3.12/site-packages/airflow/example_dags/example_setup_teardown_taskflow.py for tasks to queue
[2025-03-21T22:19:45.425+0000] {logging_mixin.py:190} INFO - [2025-03-21T22:19:45.425+0000] {dagbag.py:588} INFO - Filling up the DagBag from /home/usmail/sys_fraud/sys_detection_frauds/lib/python3.12/site-packages/airflow/example_dags/example_setup_teardown_taskflow.py
[2025-03-21T22:19:45.445+0000] {processor.py:925} INFO - DAG(s) 'example_setup_teardown_taskflow' retrieved from /home/usmail/sys_fraud/sys_detection_frauds/lib/python3.12/site-packages/airflow/example_dags/example_setup_teardown_taskflow.py
[2025-03-21T22:19:45.468+0000] {logging_mixin.py:190} INFO - [2025-03-21T22:19:45.468+0000] {dag.py:3239} INFO - Sync 1 DAGs
[2025-03-21T22:19:45.480+0000] {logging_mixin.py:190} INFO - [2025-03-21T22:19:45.479+0000] {dag.py:4180} INFO - Setting next_dagrun for example_setup_teardown_taskflow to None, run_after=None
[2025-03-21T22:19:45.496+0000] {processor.py:208} INFO - Processing /home/usmail/sys_fraud/sys_detection_frauds/lib/python3.12/site-packages/airflow/example_dags/example_setup_teardown_taskflow.py took 0.102 seconds
[2025-03-21T22:20:51.087+0000] {processor.py:186} INFO - Started process (PID=3759761) to work on /home/usmail/sys_fraud/sys_detection_frauds/lib/python3.12/site-packages/airflow/example_dags/example_setup_teardown_taskflow.py
[2025-03-21T22:20:51.088+0000] {processor.py:914} INFO - Processing file /home/usmail/sys_fraud/sys_detection_frauds/lib/python3.12/site-packages/airflow/example_dags/example_setup_teardown_taskflow.py for tasks to queue
[2025-03-21T22:20:51.092+0000] {logging_mixin.py:190} INFO - [2025-03-21T22:20:51.092+0000] {dagbag.py:588} INFO - Filling up the DagBag from /home/usmail/sys_fraud/sys_detection_frauds/lib/python3.12/site-packages/airflow/example_dags/example_setup_teardown_taskflow.py
[2025-03-21T22:20:51.111+0000] {processor.py:925} INFO - DAG(s) 'example_setup_teardown_taskflow' retrieved from /home/usmail/sys_fraud/sys_detection_frauds/lib/python3.12/site-packages/airflow/example_dags/example_setup_teardown_taskflow.py
[2025-03-21T22:20:51.134+0000] {logging_mixin.py:190} INFO - [2025-03-21T22:20:51.134+0000] {dag.py:3239} INFO - Sync 1 DAGs
[2025-03-21T22:20:51.145+0000] {logging_mixin.py:190} INFO - [2025-03-21T22:20:51.144+0000] {dag.py:4180} INFO - Setting next_dagrun for example_setup_teardown_taskflow to None, run_after=None
[2025-03-21T22:20:51.175+0000] {processor.py:208} INFO - Processing /home/usmail/sys_fraud/sys_detection_frauds/lib/python3.12/site-packages/airflow/example_dags/example_setup_teardown_taskflow.py took 0.104 seconds
[2025-03-21T22:21:53.108+0000] {processor.py:186} INFO - Started process (PID=3760639) to work on /home/usmail/sys_fraud/sys_detection_frauds/lib/python3.12/site-packages/airflow/example_dags/example_setup_teardown_taskflow.py
[2025-03-21T22:21:53.109+0000] {processor.py:914} INFO - Processing file /home/usmail/sys_fraud/sys_detection_frauds/lib/python3.12/site-packages/airflow/example_dags/example_setup_teardown_taskflow.py for tasks to queue
[2025-03-21T22:21:53.111+0000] {logging_mixin.py:190} INFO - [2025-03-21T22:21:53.110+0000] {dagbag.py:588} INFO - Filling up the DagBag from /home/usmail/sys_fraud/sys_detection_frauds/lib/python3.12/site-packages/airflow/example_dags/example_setup_teardown_taskflow.py
[2025-03-21T22:21:53.130+0000] {processor.py:925} INFO - DAG(s) 'example_setup_teardown_taskflow' retrieved from /home/usmail/sys_fraud/sys_detection_frauds/lib/python3.12/site-packages/airflow/example_dags/example_setup_teardown_taskflow.py
[2025-03-21T22:21:53.155+0000] {logging_mixin.py:190} INFO - [2025-03-21T22:21:53.155+0000] {dag.py:3239} INFO - Sync 1 DAGs
[2025-03-21T22:21:53.167+0000] {logging_mixin.py:190} INFO - [2025-03-21T22:21:53.167+0000] {dag.py:4180} INFO - Setting next_dagrun for example_setup_teardown_taskflow to None, run_after=None
[2025-03-21T22:21:53.196+0000] {processor.py:208} INFO - Processing /home/usmail/sys_fraud/sys_detection_frauds/lib/python3.12/site-packages/airflow/example_dags/example_setup_teardown_taskflow.py took 0.100 seconds
