[2025-03-21T20:49:43.298+0000] {processor.py:186} INFO - Started process (PID=3723050) to work on /home/usmail/sys_fraud/sys_detection_frauds/lib/python3.12/site-packages/airflow/example_dags/example_task_group_decorator.py
[2025-03-21T20:49:43.299+0000] {processor.py:914} INFO - Processing file /home/usmail/sys_fraud/sys_detection_frauds/lib/python3.12/site-packages/airflow/example_dags/example_task_group_decorator.py for tasks to queue
[2025-03-21T20:49:43.301+0000] {logging_mixin.py:190} INFO - [2025-03-21T20:49:43.301+0000] {dagbag.py:588} INFO - Filling up the DagBag from /home/usmail/sys_fraud/sys_detection_frauds/lib/python3.12/site-packages/airflow/example_dags/example_task_group_decorator.py
[2025-03-21T20:49:43.311+0000] {processor.py:925} INFO - DAG(s) 'example_task_group_decorator' retrieved from /home/usmail/sys_fraud/sys_detection_frauds/lib/python3.12/site-packages/airflow/example_dags/example_task_group_decorator.py
[2025-03-21T20:49:43.380+0000] {logging_mixin.py:190} INFO - [2025-03-21T20:49:43.379+0000] {override.py:1912} INFO - Created Permission View: can edit on DAG:example_task_group_decorator
[2025-03-21T20:49:43.386+0000] {logging_mixin.py:190} INFO - [2025-03-21T20:49:43.386+0000] {override.py:1912} INFO - Created Permission View: can read on DAG:example_task_group_decorator
[2025-03-21T20:49:43.391+0000] {logging_mixin.py:190} INFO - [2025-03-21T20:49:43.391+0000] {override.py:1912} INFO - Created Permission View: can delete on DAG:example_task_group_decorator
[2025-03-21T20:49:43.399+0000] {logging_mixin.py:190} INFO - [2025-03-21T20:49:43.399+0000] {override.py:1912} INFO - Created Permission View: can create on DAG Run:example_task_group_decorator
[2025-03-21T20:49:43.405+0000] {logging_mixin.py:190} INFO - [2025-03-21T20:49:43.405+0000] {override.py:1912} INFO - Created Permission View: menu access on DAG Run:example_task_group_decorator
[2025-03-21T20:49:43.411+0000] {logging_mixin.py:190} INFO - [2025-03-21T20:49:43.411+0000] {override.py:1912} INFO - Created Permission View: can read on DAG Run:example_task_group_decorator
[2025-03-21T20:49:43.416+0000] {logging_mixin.py:190} INFO - [2025-03-21T20:49:43.416+0000] {override.py:1912} INFO - Created Permission View: can delete on DAG Run:example_task_group_decorator
[2025-03-21T20:49:43.416+0000] {logging_mixin.py:190} INFO - [2025-03-21T20:49:43.416+0000] {dag.py:3239} INFO - Sync 1 DAGs
[2025-03-21T20:49:43.424+0000] {logging_mixin.py:190} INFO - [2025-03-21T20:49:43.423+0000] {dag.py:3262} INFO - Creating ORM DAG for example_task_group_decorator
[2025-03-21T20:49:43.424+0000] {logging_mixin.py:190} INFO - [2025-03-21T20:49:43.424+0000] {dag.py:4180} INFO - Setting next_dagrun for example_task_group_decorator to None, run_after=None
[2025-03-21T20:49:43.437+0000] {processor.py:208} INFO - Processing /home/usmail/sys_fraud/sys_detection_frauds/lib/python3.12/site-packages/airflow/example_dags/example_task_group_decorator.py took 0.145 seconds
[2025-03-21T20:50:43.793+0000] {processor.py:186} INFO - Started process (PID=3723783) to work on /home/usmail/sys_fraud/sys_detection_frauds/lib/python3.12/site-packages/airflow/example_dags/example_task_group_decorator.py
[2025-03-21T20:50:43.794+0000] {processor.py:914} INFO - Processing file /home/usmail/sys_fraud/sys_detection_frauds/lib/python3.12/site-packages/airflow/example_dags/example_task_group_decorator.py for tasks to queue
[2025-03-21T20:50:43.795+0000] {logging_mixin.py:190} INFO - [2025-03-21T20:50:43.795+0000] {dagbag.py:588} INFO - Filling up the DagBag from /home/usmail/sys_fraud/sys_detection_frauds/lib/python3.12/site-packages/airflow/example_dags/example_task_group_decorator.py
[2025-03-21T20:50:43.807+0000] {processor.py:925} INFO - DAG(s) 'example_task_group_decorator' retrieved from /home/usmail/sys_fraud/sys_detection_frauds/lib/python3.12/site-packages/airflow/example_dags/example_task_group_decorator.py
[2025-03-21T20:50:43.819+0000] {logging_mixin.py:190} INFO - [2025-03-21T20:50:43.819+0000] {dag.py:3239} INFO - Sync 1 DAGs
[2025-03-21T20:50:43.827+0000] {logging_mixin.py:190} INFO - [2025-03-21T20:50:43.827+0000] {dag.py:4180} INFO - Setting next_dagrun for example_task_group_decorator to None, run_after=None
[2025-03-21T20:50:43.840+0000] {processor.py:208} INFO - Processing /home/usmail/sys_fraud/sys_detection_frauds/lib/python3.12/site-packages/airflow/example_dags/example_task_group_decorator.py took 0.051 seconds
[2025-03-21T20:51:38.174+0000] {processor.py:186} INFO - Started process (PID=3724453) to work on /home/usmail/sys_fraud/sys_detection_frauds/lib/python3.12/site-packages/airflow/example_dags/example_task_group_decorator.py
[2025-03-21T20:51:38.183+0000] {processor.py:914} INFO - Processing file /home/usmail/sys_fraud/sys_detection_frauds/lib/python3.12/site-packages/airflow/example_dags/example_task_group_decorator.py for tasks to queue
[2025-03-21T20:51:38.186+0000] {logging_mixin.py:190} INFO - [2025-03-21T20:51:38.185+0000] {dagbag.py:588} INFO - Filling up the DagBag from /home/usmail/sys_fraud/sys_detection_frauds/lib/python3.12/site-packages/airflow/example_dags/example_task_group_decorator.py
[2025-03-21T20:51:38.200+0000] {processor.py:925} INFO - DAG(s) 'example_task_group_decorator' retrieved from /home/usmail/sys_fraud/sys_detection_frauds/lib/python3.12/site-packages/airflow/example_dags/example_task_group_decorator.py
[2025-03-21T20:51:38.212+0000] {logging_mixin.py:190} INFO - [2025-03-21T20:51:38.211+0000] {dag.py:3239} INFO - Sync 1 DAGs
[2025-03-21T20:51:38.219+0000] {logging_mixin.py:190} INFO - [2025-03-21T20:51:38.219+0000] {dag.py:4180} INFO - Setting next_dagrun for example_task_group_decorator to None, run_after=None
[2025-03-21T20:51:38.231+0000] {processor.py:208} INFO - Processing /home/usmail/sys_fraud/sys_detection_frauds/lib/python3.12/site-packages/airflow/example_dags/example_task_group_decorator.py took 0.064 seconds
[2025-03-21T20:52:29.798+0000] {processor.py:186} INFO - Started process (PID=3725080) to work on /home/usmail/sys_fraud/sys_detection_frauds/lib/python3.12/site-packages/airflow/example_dags/example_task_group_decorator.py
[2025-03-21T20:52:29.807+0000] {processor.py:914} INFO - Processing file /home/usmail/sys_fraud/sys_detection_frauds/lib/python3.12/site-packages/airflow/example_dags/example_task_group_decorator.py for tasks to queue
[2025-03-21T20:52:29.810+0000] {logging_mixin.py:190} INFO - [2025-03-21T20:52:29.809+0000] {dagbag.py:588} INFO - Filling up the DagBag from /home/usmail/sys_fraud/sys_detection_frauds/lib/python3.12/site-packages/airflow/example_dags/example_task_group_decorator.py
[2025-03-21T20:52:29.825+0000] {processor.py:925} INFO - DAG(s) 'example_task_group_decorator' retrieved from /home/usmail/sys_fraud/sys_detection_frauds/lib/python3.12/site-packages/airflow/example_dags/example_task_group_decorator.py
[2025-03-21T20:52:29.835+0000] {logging_mixin.py:190} INFO - [2025-03-21T20:52:29.835+0000] {dag.py:3239} INFO - Sync 1 DAGs
[2025-03-21T20:52:29.841+0000] {logging_mixin.py:190} INFO - [2025-03-21T20:52:29.841+0000] {dag.py:4180} INFO - Setting next_dagrun for example_task_group_decorator to None, run_after=None
[2025-03-21T20:52:29.868+0000] {processor.py:208} INFO - Processing /home/usmail/sys_fraud/sys_detection_frauds/lib/python3.12/site-packages/airflow/example_dags/example_task_group_decorator.py took 0.073 seconds
[2025-03-21T20:53:22.343+0000] {processor.py:186} INFO - Started process (PID=3725688) to work on /home/usmail/sys_fraud/sys_detection_frauds/lib/python3.12/site-packages/airflow/example_dags/example_task_group_decorator.py
[2025-03-21T20:53:22.352+0000] {processor.py:914} INFO - Processing file /home/usmail/sys_fraud/sys_detection_frauds/lib/python3.12/site-packages/airflow/example_dags/example_task_group_decorator.py for tasks to queue
[2025-03-21T20:53:22.353+0000] {logging_mixin.py:190} INFO - [2025-03-21T20:53:22.353+0000] {dagbag.py:588} INFO - Filling up the DagBag from /home/usmail/sys_fraud/sys_detection_frauds/lib/python3.12/site-packages/airflow/example_dags/example_task_group_decorator.py
[2025-03-21T20:53:22.362+0000] {processor.py:925} INFO - DAG(s) 'example_task_group_decorator' retrieved from /home/usmail/sys_fraud/sys_detection_frauds/lib/python3.12/site-packages/airflow/example_dags/example_task_group_decorator.py
[2025-03-21T20:53:22.375+0000] {logging_mixin.py:190} INFO - [2025-03-21T20:53:22.375+0000] {dag.py:3239} INFO - Sync 1 DAGs
[2025-03-21T20:53:22.383+0000] {logging_mixin.py:190} INFO - [2025-03-21T20:53:22.383+0000] {dag.py:4180} INFO - Setting next_dagrun for example_task_group_decorator to None, run_after=None
[2025-03-21T20:53:22.404+0000] {processor.py:208} INFO - Processing /home/usmail/sys_fraud/sys_detection_frauds/lib/python3.12/site-packages/airflow/example_dags/example_task_group_decorator.py took 0.064 seconds
[2025-03-21T20:54:16.635+0000] {processor.py:186} INFO - Started process (PID=3726362) to work on /home/usmail/sys_fraud/sys_detection_frauds/lib/python3.12/site-packages/airflow/example_dags/example_task_group_decorator.py
[2025-03-21T20:54:16.644+0000] {processor.py:914} INFO - Processing file /home/usmail/sys_fraud/sys_detection_frauds/lib/python3.12/site-packages/airflow/example_dags/example_task_group_decorator.py for tasks to queue
[2025-03-21T20:54:16.648+0000] {logging_mixin.py:190} INFO - [2025-03-21T20:54:16.647+0000] {dagbag.py:588} INFO - Filling up the DagBag from /home/usmail/sys_fraud/sys_detection_frauds/lib/python3.12/site-packages/airflow/example_dags/example_task_group_decorator.py
[2025-03-21T20:54:16.663+0000] {processor.py:925} INFO - DAG(s) 'example_task_group_decorator' retrieved from /home/usmail/sys_fraud/sys_detection_frauds/lib/python3.12/site-packages/airflow/example_dags/example_task_group_decorator.py
[2025-03-21T20:54:16.674+0000] {logging_mixin.py:190} INFO - [2025-03-21T20:54:16.673+0000] {dag.py:3239} INFO - Sync 1 DAGs
[2025-03-21T20:54:16.760+0000] {logging_mixin.py:190} INFO - [2025-03-21T20:54:16.759+0000] {dag.py:4180} INFO - Setting next_dagrun for example_task_group_decorator to None, run_after=None
[2025-03-21T20:54:16.787+0000] {processor.py:208} INFO - Processing /home/usmail/sys_fraud/sys_detection_frauds/lib/python3.12/site-packages/airflow/example_dags/example_task_group_decorator.py took 0.158 seconds
[2025-03-21T20:55:07.919+0000] {processor.py:186} INFO - Started process (PID=3726986) to work on /home/usmail/sys_fraud/sys_detection_frauds/lib/python3.12/site-packages/airflow/example_dags/example_task_group_decorator.py
[2025-03-21T20:55:07.927+0000] {processor.py:914} INFO - Processing file /home/usmail/sys_fraud/sys_detection_frauds/lib/python3.12/site-packages/airflow/example_dags/example_task_group_decorator.py for tasks to queue
[2025-03-21T20:55:07.929+0000] {logging_mixin.py:190} INFO - [2025-03-21T20:55:07.929+0000] {dagbag.py:588} INFO - Filling up the DagBag from /home/usmail/sys_fraud/sys_detection_frauds/lib/python3.12/site-packages/airflow/example_dags/example_task_group_decorator.py
[2025-03-21T20:55:07.943+0000] {processor.py:925} INFO - DAG(s) 'example_task_group_decorator' retrieved from /home/usmail/sys_fraud/sys_detection_frauds/lib/python3.12/site-packages/airflow/example_dags/example_task_group_decorator.py
[2025-03-21T20:55:07.956+0000] {logging_mixin.py:190} INFO - [2025-03-21T20:55:07.956+0000] {dag.py:3239} INFO - Sync 1 DAGs
[2025-03-21T20:55:07.965+0000] {logging_mixin.py:190} INFO - [2025-03-21T20:55:07.965+0000] {dag.py:4180} INFO - Setting next_dagrun for example_task_group_decorator to None, run_after=None
[2025-03-21T20:55:07.978+0000] {processor.py:208} INFO - Processing /home/usmail/sys_fraud/sys_detection_frauds/lib/python3.12/site-packages/airflow/example_dags/example_task_group_decorator.py took 0.062 seconds
[2025-03-21T20:55:57.906+0000] {processor.py:186} INFO - Started process (PID=3727627) to work on /home/usmail/sys_fraud/sys_detection_frauds/lib/python3.12/site-packages/airflow/example_dags/example_task_group_decorator.py
[2025-03-21T20:55:57.915+0000] {processor.py:914} INFO - Processing file /home/usmail/sys_fraud/sys_detection_frauds/lib/python3.12/site-packages/airflow/example_dags/example_task_group_decorator.py for tasks to queue
[2025-03-21T20:55:57.919+0000] {logging_mixin.py:190} INFO - [2025-03-21T20:55:57.918+0000] {dagbag.py:588} INFO - Filling up the DagBag from /home/usmail/sys_fraud/sys_detection_frauds/lib/python3.12/site-packages/airflow/example_dags/example_task_group_decorator.py
[2025-03-21T20:55:57.933+0000] {processor.py:925} INFO - DAG(s) 'example_task_group_decorator' retrieved from /home/usmail/sys_fraud/sys_detection_frauds/lib/python3.12/site-packages/airflow/example_dags/example_task_group_decorator.py
[2025-03-21T20:55:57.944+0000] {logging_mixin.py:190} INFO - [2025-03-21T20:55:57.944+0000] {dag.py:3239} INFO - Sync 1 DAGs
[2025-03-21T20:55:57.954+0000] {logging_mixin.py:190} INFO - [2025-03-21T20:55:57.954+0000] {dag.py:4180} INFO - Setting next_dagrun for example_task_group_decorator to None, run_after=None
[2025-03-21T20:55:57.977+0000] {processor.py:208} INFO - Processing /home/usmail/sys_fraud/sys_detection_frauds/lib/python3.12/site-packages/airflow/example_dags/example_task_group_decorator.py took 0.078 seconds
[2025-03-21T20:56:49.083+0000] {processor.py:186} INFO - Started process (PID=3728361) to work on /home/usmail/sys_fraud/sys_detection_frauds/lib/python3.12/site-packages/airflow/example_dags/example_task_group_decorator.py
[2025-03-21T20:56:49.092+0000] {processor.py:914} INFO - Processing file /home/usmail/sys_fraud/sys_detection_frauds/lib/python3.12/site-packages/airflow/example_dags/example_task_group_decorator.py for tasks to queue
[2025-03-21T20:56:49.095+0000] {logging_mixin.py:190} INFO - [2025-03-21T20:56:49.095+0000] {dagbag.py:588} INFO - Filling up the DagBag from /home/usmail/sys_fraud/sys_detection_frauds/lib/python3.12/site-packages/airflow/example_dags/example_task_group_decorator.py
[2025-03-21T20:56:49.110+0000] {processor.py:925} INFO - DAG(s) 'example_task_group_decorator' retrieved from /home/usmail/sys_fraud/sys_detection_frauds/lib/python3.12/site-packages/airflow/example_dags/example_task_group_decorator.py
[2025-03-21T20:56:49.122+0000] {logging_mixin.py:190} INFO - [2025-03-21T20:56:49.122+0000] {dag.py:3239} INFO - Sync 1 DAGs
[2025-03-21T20:56:49.130+0000] {logging_mixin.py:190} INFO - [2025-03-21T20:56:49.130+0000] {dag.py:4180} INFO - Setting next_dagrun for example_task_group_decorator to None, run_after=None
[2025-03-21T20:56:49.142+0000] {processor.py:208} INFO - Processing /home/usmail/sys_fraud/sys_detection_frauds/lib/python3.12/site-packages/airflow/example_dags/example_task_group_decorator.py took 0.063 seconds
[2025-03-21T20:57:42.761+0000] {processor.py:186} INFO - Started process (PID=3729075) to work on /home/usmail/sys_fraud/sys_detection_frauds/lib/python3.12/site-packages/airflow/example_dags/example_task_group_decorator.py
[2025-03-21T20:57:42.770+0000] {processor.py:914} INFO - Processing file /home/usmail/sys_fraud/sys_detection_frauds/lib/python3.12/site-packages/airflow/example_dags/example_task_group_decorator.py for tasks to queue
[2025-03-21T20:57:42.773+0000] {logging_mixin.py:190} INFO - [2025-03-21T20:57:42.773+0000] {dagbag.py:588} INFO - Filling up the DagBag from /home/usmail/sys_fraud/sys_detection_frauds/lib/python3.12/site-packages/airflow/example_dags/example_task_group_decorator.py
[2025-03-21T20:57:42.784+0000] {processor.py:925} INFO - DAG(s) 'example_task_group_decorator' retrieved from /home/usmail/sys_fraud/sys_detection_frauds/lib/python3.12/site-packages/airflow/example_dags/example_task_group_decorator.py
[2025-03-21T20:57:42.796+0000] {logging_mixin.py:190} INFO - [2025-03-21T20:57:42.796+0000] {dag.py:3239} INFO - Sync 1 DAGs
[2025-03-21T20:57:42.803+0000] {logging_mixin.py:190} INFO - [2025-03-21T20:57:42.803+0000] {dag.py:4180} INFO - Setting next_dagrun for example_task_group_decorator to None, run_after=None
[2025-03-21T20:57:42.817+0000] {processor.py:208} INFO - Processing /home/usmail/sys_fraud/sys_detection_frauds/lib/python3.12/site-packages/airflow/example_dags/example_task_group_decorator.py took 0.061 seconds
[2025-03-21T20:58:32.028+0000] {processor.py:186} INFO - Started process (PID=3729653) to work on /home/usmail/sys_fraud/sys_detection_frauds/lib/python3.12/site-packages/airflow/example_dags/example_task_group_decorator.py
[2025-03-21T20:58:32.037+0000] {processor.py:914} INFO - Processing file /home/usmail/sys_fraud/sys_detection_frauds/lib/python3.12/site-packages/airflow/example_dags/example_task_group_decorator.py for tasks to queue
[2025-03-21T20:58:32.040+0000] {logging_mixin.py:190} INFO - [2025-03-21T20:58:32.039+0000] {dagbag.py:588} INFO - Filling up the DagBag from /home/usmail/sys_fraud/sys_detection_frauds/lib/python3.12/site-packages/airflow/example_dags/example_task_group_decorator.py
[2025-03-21T20:58:32.055+0000] {processor.py:925} INFO - DAG(s) 'example_task_group_decorator' retrieved from /home/usmail/sys_fraud/sys_detection_frauds/lib/python3.12/site-packages/airflow/example_dags/example_task_group_decorator.py
[2025-03-21T20:58:32.066+0000] {logging_mixin.py:190} INFO - [2025-03-21T20:58:32.066+0000] {dag.py:3239} INFO - Sync 1 DAGs
[2025-03-21T20:58:32.073+0000] {logging_mixin.py:190} INFO - [2025-03-21T20:58:32.072+0000] {dag.py:4180} INFO - Setting next_dagrun for example_task_group_decorator to None, run_after=None
[2025-03-21T20:58:32.089+0000] {processor.py:208} INFO - Processing /home/usmail/sys_fraud/sys_detection_frauds/lib/python3.12/site-packages/airflow/example_dags/example_task_group_decorator.py took 0.065 seconds
[2025-03-21T20:59:36.084+0000] {processor.py:186} INFO - Started process (PID=3730561) to work on /home/usmail/sys_fraud/sys_detection_frauds/lib/python3.12/site-packages/airflow/example_dags/example_task_group_decorator.py
[2025-03-21T20:59:36.093+0000] {processor.py:914} INFO - Processing file /home/usmail/sys_fraud/sys_detection_frauds/lib/python3.12/site-packages/airflow/example_dags/example_task_group_decorator.py for tasks to queue
[2025-03-21T20:59:36.095+0000] {logging_mixin.py:190} INFO - [2025-03-21T20:59:36.094+0000] {dagbag.py:588} INFO - Filling up the DagBag from /home/usmail/sys_fraud/sys_detection_frauds/lib/python3.12/site-packages/airflow/example_dags/example_task_group_decorator.py
[2025-03-21T20:59:36.104+0000] {processor.py:925} INFO - DAG(s) 'example_task_group_decorator' retrieved from /home/usmail/sys_fraud/sys_detection_frauds/lib/python3.12/site-packages/airflow/example_dags/example_task_group_decorator.py
[2025-03-21T20:59:36.118+0000] {logging_mixin.py:190} INFO - [2025-03-21T20:59:36.118+0000] {dag.py:3239} INFO - Sync 1 DAGs
[2025-03-21T20:59:36.128+0000] {logging_mixin.py:190} INFO - [2025-03-21T20:59:36.127+0000] {dag.py:4180} INFO - Setting next_dagrun for example_task_group_decorator to None, run_after=None
[2025-03-21T20:59:36.149+0000] {processor.py:208} INFO - Processing /home/usmail/sys_fraud/sys_detection_frauds/lib/python3.12/site-packages/airflow/example_dags/example_task_group_decorator.py took 0.069 seconds
[2025-03-21T21:00:32.800+0000] {processor.py:186} INFO - Started process (PID=3731296) to work on /home/usmail/sys_fraud/sys_detection_frauds/lib/python3.12/site-packages/airflow/example_dags/example_task_group_decorator.py
[2025-03-21T21:00:32.809+0000] {processor.py:914} INFO - Processing file /home/usmail/sys_fraud/sys_detection_frauds/lib/python3.12/site-packages/airflow/example_dags/example_task_group_decorator.py for tasks to queue
[2025-03-21T21:00:32.812+0000] {logging_mixin.py:190} INFO - [2025-03-21T21:00:32.811+0000] {dagbag.py:588} INFO - Filling up the DagBag from /home/usmail/sys_fraud/sys_detection_frauds/lib/python3.12/site-packages/airflow/example_dags/example_task_group_decorator.py
[2025-03-21T21:00:32.826+0000] {processor.py:925} INFO - DAG(s) 'example_task_group_decorator' retrieved from /home/usmail/sys_fraud/sys_detection_frauds/lib/python3.12/site-packages/airflow/example_dags/example_task_group_decorator.py
[2025-03-21T21:00:32.836+0000] {logging_mixin.py:190} INFO - [2025-03-21T21:00:32.836+0000] {dag.py:3239} INFO - Sync 1 DAGs
[2025-03-21T21:00:32.843+0000] {logging_mixin.py:190} INFO - [2025-03-21T21:00:32.842+0000] {dag.py:4180} INFO - Setting next_dagrun for example_task_group_decorator to None, run_after=None
[2025-03-21T21:00:32.855+0000] {processor.py:208} INFO - Processing /home/usmail/sys_fraud/sys_detection_frauds/lib/python3.12/site-packages/airflow/example_dags/example_task_group_decorator.py took 0.063 seconds
[2025-03-21T21:01:26.906+0000] {processor.py:186} INFO - Started process (PID=3731978) to work on /home/usmail/sys_fraud/sys_detection_frauds/lib/python3.12/site-packages/airflow/example_dags/example_task_group_decorator.py
[2025-03-21T21:01:26.916+0000] {processor.py:914} INFO - Processing file /home/usmail/sys_fraud/sys_detection_frauds/lib/python3.12/site-packages/airflow/example_dags/example_task_group_decorator.py for tasks to queue
[2025-03-21T21:01:26.919+0000] {logging_mixin.py:190} INFO - [2025-03-21T21:01:26.918+0000] {dagbag.py:588} INFO - Filling up the DagBag from /home/usmail/sys_fraud/sys_detection_frauds/lib/python3.12/site-packages/airflow/example_dags/example_task_group_decorator.py
[2025-03-21T21:01:26.933+0000] {processor.py:925} INFO - DAG(s) 'example_task_group_decorator' retrieved from /home/usmail/sys_fraud/sys_detection_frauds/lib/python3.12/site-packages/airflow/example_dags/example_task_group_decorator.py
[2025-03-21T21:01:26.944+0000] {logging_mixin.py:190} INFO - [2025-03-21T21:01:26.943+0000] {dag.py:3239} INFO - Sync 1 DAGs
[2025-03-21T21:01:26.950+0000] {logging_mixin.py:190} INFO - [2025-03-21T21:01:26.950+0000] {dag.py:4180} INFO - Setting next_dagrun for example_task_group_decorator to None, run_after=None
[2025-03-21T21:01:26.966+0000] {processor.py:208} INFO - Processing /home/usmail/sys_fraud/sys_detection_frauds/lib/python3.12/site-packages/airflow/example_dags/example_task_group_decorator.py took 0.068 seconds
[2025-03-21T21:02:21.018+0000] {processor.py:186} INFO - Started process (PID=3732663) to work on /home/usmail/sys_fraud/sys_detection_frauds/lib/python3.12/site-packages/airflow/example_dags/example_task_group_decorator.py
[2025-03-21T21:02:21.027+0000] {processor.py:914} INFO - Processing file /home/usmail/sys_fraud/sys_detection_frauds/lib/python3.12/site-packages/airflow/example_dags/example_task_group_decorator.py for tasks to queue
[2025-03-21T21:02:21.030+0000] {logging_mixin.py:190} INFO - [2025-03-21T21:02:21.030+0000] {dagbag.py:588} INFO - Filling up the DagBag from /home/usmail/sys_fraud/sys_detection_frauds/lib/python3.12/site-packages/airflow/example_dags/example_task_group_decorator.py
[2025-03-21T21:02:21.044+0000] {processor.py:925} INFO - DAG(s) 'example_task_group_decorator' retrieved from /home/usmail/sys_fraud/sys_detection_frauds/lib/python3.12/site-packages/airflow/example_dags/example_task_group_decorator.py
[2025-03-21T21:02:21.055+0000] {logging_mixin.py:190} INFO - [2025-03-21T21:02:21.054+0000] {dag.py:3239} INFO - Sync 1 DAGs
[2025-03-21T21:02:21.063+0000] {logging_mixin.py:190} INFO - [2025-03-21T21:02:21.063+0000] {dag.py:4180} INFO - Setting next_dagrun for example_task_group_decorator to None, run_after=None
[2025-03-21T21:02:21.083+0000] {processor.py:208} INFO - Processing /home/usmail/sys_fraud/sys_detection_frauds/lib/python3.12/site-packages/airflow/example_dags/example_task_group_decorator.py took 0.071 seconds
[2025-03-21T21:03:15.104+0000] {processor.py:186} INFO - Started process (PID=3733351) to work on /home/usmail/sys_fraud/sys_detection_frauds/lib/python3.12/site-packages/airflow/example_dags/example_task_group_decorator.py
[2025-03-21T21:03:15.112+0000] {processor.py:914} INFO - Processing file /home/usmail/sys_fraud/sys_detection_frauds/lib/python3.12/site-packages/airflow/example_dags/example_task_group_decorator.py for tasks to queue
[2025-03-21T21:03:15.115+0000] {logging_mixin.py:190} INFO - [2025-03-21T21:03:15.115+0000] {dagbag.py:588} INFO - Filling up the DagBag from /home/usmail/sys_fraud/sys_detection_frauds/lib/python3.12/site-packages/airflow/example_dags/example_task_group_decorator.py
[2025-03-21T21:03:15.128+0000] {processor.py:925} INFO - DAG(s) 'example_task_group_decorator' retrieved from /home/usmail/sys_fraud/sys_detection_frauds/lib/python3.12/site-packages/airflow/example_dags/example_task_group_decorator.py
[2025-03-21T21:03:15.139+0000] {logging_mixin.py:190} INFO - [2025-03-21T21:03:15.139+0000] {dag.py:3239} INFO - Sync 1 DAGs
[2025-03-21T21:03:15.147+0000] {logging_mixin.py:190} INFO - [2025-03-21T21:03:15.147+0000] {dag.py:4180} INFO - Setting next_dagrun for example_task_group_decorator to None, run_after=None
[2025-03-21T21:03:15.166+0000] {processor.py:208} INFO - Processing /home/usmail/sys_fraud/sys_detection_frauds/lib/python3.12/site-packages/airflow/example_dags/example_task_group_decorator.py took 0.067 seconds
[2025-03-21T21:04:09.563+0000] {processor.py:186} INFO - Started process (PID=3734016) to work on /home/usmail/sys_fraud/sys_detection_frauds/lib/python3.12/site-packages/airflow/example_dags/example_task_group_decorator.py
[2025-03-21T21:04:09.572+0000] {processor.py:914} INFO - Processing file /home/usmail/sys_fraud/sys_detection_frauds/lib/python3.12/site-packages/airflow/example_dags/example_task_group_decorator.py for tasks to queue
[2025-03-21T21:04:09.575+0000] {logging_mixin.py:190} INFO - [2025-03-21T21:04:09.574+0000] {dagbag.py:588} INFO - Filling up the DagBag from /home/usmail/sys_fraud/sys_detection_frauds/lib/python3.12/site-packages/airflow/example_dags/example_task_group_decorator.py
[2025-03-21T21:04:09.590+0000] {processor.py:925} INFO - DAG(s) 'example_task_group_decorator' retrieved from /home/usmail/sys_fraud/sys_detection_frauds/lib/python3.12/site-packages/airflow/example_dags/example_task_group_decorator.py
[2025-03-21T21:04:09.600+0000] {logging_mixin.py:190} INFO - [2025-03-21T21:04:09.600+0000] {dag.py:3239} INFO - Sync 1 DAGs
[2025-03-21T21:04:09.680+0000] {logging_mixin.py:190} INFO - [2025-03-21T21:04:09.680+0000] {dag.py:4180} INFO - Setting next_dagrun for example_task_group_decorator to None, run_after=None
[2025-03-21T21:04:09.699+0000] {processor.py:208} INFO - Processing /home/usmail/sys_fraud/sys_detection_frauds/lib/python3.12/site-packages/airflow/example_dags/example_task_group_decorator.py took 0.141 seconds
[2025-03-21T21:05:05.170+0000] {processor.py:186} INFO - Started process (PID=3734915) to work on /home/usmail/sys_fraud/sys_detection_frauds/lib/python3.12/site-packages/airflow/example_dags/example_task_group_decorator.py
[2025-03-21T21:05:05.178+0000] {processor.py:914} INFO - Processing file /home/usmail/sys_fraud/sys_detection_frauds/lib/python3.12/site-packages/airflow/example_dags/example_task_group_decorator.py for tasks to queue
[2025-03-21T21:05:05.179+0000] {logging_mixin.py:190} INFO - [2025-03-21T21:05:05.179+0000] {dagbag.py:588} INFO - Filling up the DagBag from /home/usmail/sys_fraud/sys_detection_frauds/lib/python3.12/site-packages/airflow/example_dags/example_task_group_decorator.py
[2025-03-21T21:05:05.188+0000] {processor.py:925} INFO - DAG(s) 'example_task_group_decorator' retrieved from /home/usmail/sys_fraud/sys_detection_frauds/lib/python3.12/site-packages/airflow/example_dags/example_task_group_decorator.py
[2025-03-21T21:05:05.201+0000] {logging_mixin.py:190} INFO - [2025-03-21T21:05:05.200+0000] {dag.py:3239} INFO - Sync 1 DAGs
[2025-03-21T21:05:05.211+0000] {logging_mixin.py:190} INFO - [2025-03-21T21:05:05.210+0000] {dag.py:4180} INFO - Setting next_dagrun for example_task_group_decorator to None, run_after=None
[2025-03-21T21:05:05.235+0000] {processor.py:208} INFO - Processing /home/usmail/sys_fraud/sys_detection_frauds/lib/python3.12/site-packages/airflow/example_dags/example_task_group_decorator.py took 0.069 seconds
[2025-03-21T21:05:59.168+0000] {processor.py:186} INFO - Started process (PID=3735685) to work on /home/usmail/sys_fraud/sys_detection_frauds/lib/python3.12/site-packages/airflow/example_dags/example_task_group_decorator.py
[2025-03-21T21:05:59.170+0000] {processor.py:914} INFO - Processing file /home/usmail/sys_fraud/sys_detection_frauds/lib/python3.12/site-packages/airflow/example_dags/example_task_group_decorator.py for tasks to queue
[2025-03-21T21:05:59.172+0000] {logging_mixin.py:190} INFO - [2025-03-21T21:05:59.171+0000] {dagbag.py:588} INFO - Filling up the DagBag from /home/usmail/sys_fraud/sys_detection_frauds/lib/python3.12/site-packages/airflow/example_dags/example_task_group_decorator.py
[2025-03-21T21:05:59.181+0000] {processor.py:925} INFO - DAG(s) 'example_task_group_decorator' retrieved from /home/usmail/sys_fraud/sys_detection_frauds/lib/python3.12/site-packages/airflow/example_dags/example_task_group_decorator.py
[2025-03-21T21:05:59.192+0000] {logging_mixin.py:190} INFO - [2025-03-21T21:05:59.192+0000] {dag.py:3239} INFO - Sync 1 DAGs
[2025-03-21T21:05:59.199+0000] {logging_mixin.py:190} INFO - [2025-03-21T21:05:59.199+0000] {dag.py:4180} INFO - Setting next_dagrun for example_task_group_decorator to None, run_after=None
[2025-03-21T21:05:59.212+0000] {processor.py:208} INFO - Processing /home/usmail/sys_fraud/sys_detection_frauds/lib/python3.12/site-packages/airflow/example_dags/example_task_group_decorator.py took 0.056 seconds
[2025-03-21T21:06:52.274+0000] {processor.py:186} INFO - Started process (PID=3736967) to work on /home/usmail/sys_fraud/sys_detection_frauds/lib/python3.12/site-packages/airflow/example_dags/example_task_group_decorator.py
[2025-03-21T21:06:52.283+0000] {processor.py:914} INFO - Processing file /home/usmail/sys_fraud/sys_detection_frauds/lib/python3.12/site-packages/airflow/example_dags/example_task_group_decorator.py for tasks to queue
[2025-03-21T21:06:52.285+0000] {logging_mixin.py:190} INFO - [2025-03-21T21:06:52.285+0000] {dagbag.py:588} INFO - Filling up the DagBag from /home/usmail/sys_fraud/sys_detection_frauds/lib/python3.12/site-packages/airflow/example_dags/example_task_group_decorator.py
[2025-03-21T21:06:52.297+0000] {processor.py:925} INFO - DAG(s) 'example_task_group_decorator' retrieved from /home/usmail/sys_fraud/sys_detection_frauds/lib/python3.12/site-packages/airflow/example_dags/example_task_group_decorator.py
[2025-03-21T21:06:52.308+0000] {logging_mixin.py:190} INFO - [2025-03-21T21:06:52.308+0000] {dag.py:3239} INFO - Sync 1 DAGs
[2025-03-21T21:06:52.315+0000] {logging_mixin.py:190} INFO - [2025-03-21T21:06:52.315+0000] {dag.py:4180} INFO - Setting next_dagrun for example_task_group_decorator to None, run_after=None
[2025-03-21T21:06:52.330+0000] {processor.py:208} INFO - Processing /home/usmail/sys_fraud/sys_detection_frauds/lib/python3.12/site-packages/airflow/example_dags/example_task_group_decorator.py took 0.066 seconds
[2025-03-21T21:07:47.203+0000] {processor.py:186} INFO - Started process (PID=3737662) to work on /home/usmail/sys_fraud/sys_detection_frauds/lib/python3.12/site-packages/airflow/example_dags/example_task_group_decorator.py
[2025-03-21T21:07:47.204+0000] {processor.py:914} INFO - Processing file /home/usmail/sys_fraud/sys_detection_frauds/lib/python3.12/site-packages/airflow/example_dags/example_task_group_decorator.py for tasks to queue
[2025-03-21T21:07:47.205+0000] {logging_mixin.py:190} INFO - [2025-03-21T21:07:47.205+0000] {dagbag.py:588} INFO - Filling up the DagBag from /home/usmail/sys_fraud/sys_detection_frauds/lib/python3.12/site-packages/airflow/example_dags/example_task_group_decorator.py
[2025-03-21T21:07:47.213+0000] {processor.py:925} INFO - DAG(s) 'example_task_group_decorator' retrieved from /home/usmail/sys_fraud/sys_detection_frauds/lib/python3.12/site-packages/airflow/example_dags/example_task_group_decorator.py
[2025-03-21T21:07:47.224+0000] {logging_mixin.py:190} INFO - [2025-03-21T21:07:47.224+0000] {dag.py:3239} INFO - Sync 1 DAGs
[2025-03-21T21:07:47.231+0000] {logging_mixin.py:190} INFO - [2025-03-21T21:07:47.230+0000] {dag.py:4180} INFO - Setting next_dagrun for example_task_group_decorator to None, run_after=None
[2025-03-21T21:07:47.243+0000] {processor.py:208} INFO - Processing /home/usmail/sys_fraud/sys_detection_frauds/lib/python3.12/site-packages/airflow/example_dags/example_task_group_decorator.py took 0.044 seconds
[2025-03-21T21:08:50.678+0000] {processor.py:186} INFO - Started process (PID=3738465) to work on /home/usmail/sys_fraud/sys_detection_frauds/lib/python3.12/site-packages/airflow/example_dags/example_task_group_decorator.py
[2025-03-21T21:08:50.687+0000] {processor.py:914} INFO - Processing file /home/usmail/sys_fraud/sys_detection_frauds/lib/python3.12/site-packages/airflow/example_dags/example_task_group_decorator.py for tasks to queue
[2025-03-21T21:08:50.690+0000] {logging_mixin.py:190} INFO - [2025-03-21T21:08:50.690+0000] {dagbag.py:588} INFO - Filling up the DagBag from /home/usmail/sys_fraud/sys_detection_frauds/lib/python3.12/site-packages/airflow/example_dags/example_task_group_decorator.py
[2025-03-21T21:08:50.716+0000] {processor.py:925} INFO - DAG(s) 'example_task_group_decorator' retrieved from /home/usmail/sys_fraud/sys_detection_frauds/lib/python3.12/site-packages/airflow/example_dags/example_task_group_decorator.py
[2025-03-21T21:08:50.745+0000] {logging_mixin.py:190} INFO - [2025-03-21T21:08:50.744+0000] {dag.py:3239} INFO - Sync 1 DAGs
[2025-03-21T21:08:50.755+0000] {logging_mixin.py:190} INFO - [2025-03-21T21:08:50.755+0000] {dag.py:4180} INFO - Setting next_dagrun for example_task_group_decorator to None, run_after=None
[2025-03-21T21:08:50.770+0000] {processor.py:208} INFO - Processing /home/usmail/sys_fraud/sys_detection_frauds/lib/python3.12/site-packages/airflow/example_dags/example_task_group_decorator.py took 0.103 seconds
[2025-03-21T21:09:46.645+0000] {processor.py:186} INFO - Started process (PID=3739338) to work on /home/usmail/sys_fraud/sys_detection_frauds/lib/python3.12/site-packages/airflow/example_dags/example_task_group_decorator.py
[2025-03-21T21:09:46.654+0000] {processor.py:914} INFO - Processing file /home/usmail/sys_fraud/sys_detection_frauds/lib/python3.12/site-packages/airflow/example_dags/example_task_group_decorator.py for tasks to queue
[2025-03-21T21:09:46.657+0000] {logging_mixin.py:190} INFO - [2025-03-21T21:09:46.656+0000] {dagbag.py:588} INFO - Filling up the DagBag from /home/usmail/sys_fraud/sys_detection_frauds/lib/python3.12/site-packages/airflow/example_dags/example_task_group_decorator.py
[2025-03-21T21:09:46.680+0000] {processor.py:925} INFO - DAG(s) 'example_task_group_decorator' retrieved from /home/usmail/sys_fraud/sys_detection_frauds/lib/python3.12/site-packages/airflow/example_dags/example_task_group_decorator.py
[2025-03-21T21:09:46.705+0000] {logging_mixin.py:190} INFO - [2025-03-21T21:09:46.704+0000] {dag.py:3239} INFO - Sync 1 DAGs
[2025-03-21T21:09:46.716+0000] {logging_mixin.py:190} INFO - [2025-03-21T21:09:46.716+0000] {dag.py:4180} INFO - Setting next_dagrun for example_task_group_decorator to None, run_after=None
[2025-03-21T21:09:46.731+0000] {processor.py:208} INFO - Processing /home/usmail/sys_fraud/sys_detection_frauds/lib/python3.12/site-packages/airflow/example_dags/example_task_group_decorator.py took 0.098 seconds
[2025-03-21T21:10:44.144+0000] {processor.py:186} INFO - Started process (PID=3740773) to work on /home/usmail/sys_fraud/sys_detection_frauds/lib/python3.12/site-packages/airflow/example_dags/example_task_group_decorator.py
[2025-03-21T21:10:44.154+0000] {processor.py:914} INFO - Processing file /home/usmail/sys_fraud/sys_detection_frauds/lib/python3.12/site-packages/airflow/example_dags/example_task_group_decorator.py for tasks to queue
[2025-03-21T21:10:44.157+0000] {logging_mixin.py:190} INFO - [2025-03-21T21:10:44.156+0000] {dagbag.py:588} INFO - Filling up the DagBag from /home/usmail/sys_fraud/sys_detection_frauds/lib/python3.12/site-packages/airflow/example_dags/example_task_group_decorator.py
[2025-03-21T21:10:44.186+0000] {processor.py:925} INFO - DAG(s) 'example_task_group_decorator' retrieved from /home/usmail/sys_fraud/sys_detection_frauds/lib/python3.12/site-packages/airflow/example_dags/example_task_group_decorator.py
[2025-03-21T21:10:44.210+0000] {logging_mixin.py:190} INFO - [2025-03-21T21:10:44.210+0000] {dag.py:3239} INFO - Sync 1 DAGs
[2025-03-21T21:10:44.220+0000] {logging_mixin.py:190} INFO - [2025-03-21T21:10:44.220+0000] {dag.py:4180} INFO - Setting next_dagrun for example_task_group_decorator to None, run_after=None
[2025-03-21T21:10:44.236+0000] {processor.py:208} INFO - Processing /home/usmail/sys_fraud/sys_detection_frauds/lib/python3.12/site-packages/airflow/example_dags/example_task_group_decorator.py took 0.105 seconds
[2025-03-21T21:11:40.845+0000] {processor.py:186} INFO - Started process (PID=3741886) to work on /home/usmail/sys_fraud/sys_detection_frauds/lib/python3.12/site-packages/airflow/example_dags/example_task_group_decorator.py
[2025-03-21T21:11:40.854+0000] {processor.py:914} INFO - Processing file /home/usmail/sys_fraud/sys_detection_frauds/lib/python3.12/site-packages/airflow/example_dags/example_task_group_decorator.py for tasks to queue
[2025-03-21T21:11:40.856+0000] {logging_mixin.py:190} INFO - [2025-03-21T21:11:40.855+0000] {dagbag.py:588} INFO - Filling up the DagBag from /home/usmail/sys_fraud/sys_detection_frauds/lib/python3.12/site-packages/airflow/example_dags/example_task_group_decorator.py
[2025-03-21T21:11:40.867+0000] {processor.py:925} INFO - DAG(s) 'example_task_group_decorator' retrieved from /home/usmail/sys_fraud/sys_detection_frauds/lib/python3.12/site-packages/airflow/example_dags/example_task_group_decorator.py
[2025-03-21T21:11:40.882+0000] {logging_mixin.py:190} INFO - [2025-03-21T21:11:40.882+0000] {dag.py:3239} INFO - Sync 1 DAGs
[2025-03-21T21:11:40.892+0000] {logging_mixin.py:190} INFO - [2025-03-21T21:11:40.892+0000] {dag.py:4180} INFO - Setting next_dagrun for example_task_group_decorator to None, run_after=None
[2025-03-21T21:11:40.918+0000] {processor.py:208} INFO - Processing /home/usmail/sys_fraud/sys_detection_frauds/lib/python3.12/site-packages/airflow/example_dags/example_task_group_decorator.py took 0.078 seconds
[2025-03-21T21:12:34.734+0000] {processor.py:186} INFO - Started process (PID=3742978) to work on /home/usmail/sys_fraud/sys_detection_frauds/lib/python3.12/site-packages/airflow/example_dags/example_task_group_decorator.py
[2025-03-21T21:12:34.742+0000] {processor.py:914} INFO - Processing file /home/usmail/sys_fraud/sys_detection_frauds/lib/python3.12/site-packages/airflow/example_dags/example_task_group_decorator.py for tasks to queue
[2025-03-21T21:12:34.744+0000] {logging_mixin.py:190} INFO - [2025-03-21T21:12:34.744+0000] {dagbag.py:588} INFO - Filling up the DagBag from /home/usmail/sys_fraud/sys_detection_frauds/lib/python3.12/site-packages/airflow/example_dags/example_task_group_decorator.py
[2025-03-21T21:12:34.756+0000] {processor.py:925} INFO - DAG(s) 'example_task_group_decorator' retrieved from /home/usmail/sys_fraud/sys_detection_frauds/lib/python3.12/site-packages/airflow/example_dags/example_task_group_decorator.py
[2025-03-21T21:12:34.771+0000] {logging_mixin.py:190} INFO - [2025-03-21T21:12:34.771+0000] {dag.py:3239} INFO - Sync 1 DAGs
[2025-03-21T21:12:34.781+0000] {logging_mixin.py:190} INFO - [2025-03-21T21:12:34.781+0000] {dag.py:4180} INFO - Setting next_dagrun for example_task_group_decorator to None, run_after=None
[2025-03-21T21:12:34.798+0000] {processor.py:208} INFO - Processing /home/usmail/sys_fraud/sys_detection_frauds/lib/python3.12/site-packages/airflow/example_dags/example_task_group_decorator.py took 0.070 seconds
[2025-03-21T21:13:26.647+0000] {processor.py:186} INFO - Started process (PID=3743917) to work on /home/usmail/sys_fraud/sys_detection_frauds/lib/python3.12/site-packages/airflow/example_dags/example_task_group_decorator.py
[2025-03-21T21:13:26.655+0000] {processor.py:914} INFO - Processing file /home/usmail/sys_fraud/sys_detection_frauds/lib/python3.12/site-packages/airflow/example_dags/example_task_group_decorator.py for tasks to queue
[2025-03-21T21:13:26.657+0000] {logging_mixin.py:190} INFO - [2025-03-21T21:13:26.657+0000] {dagbag.py:588} INFO - Filling up the DagBag from /home/usmail/sys_fraud/sys_detection_frauds/lib/python3.12/site-packages/airflow/example_dags/example_task_group_decorator.py
[2025-03-21T21:13:26.670+0000] {processor.py:925} INFO - DAG(s) 'example_task_group_decorator' retrieved from /home/usmail/sys_fraud/sys_detection_frauds/lib/python3.12/site-packages/airflow/example_dags/example_task_group_decorator.py
[2025-03-21T21:13:26.685+0000] {logging_mixin.py:190} INFO - [2025-03-21T21:13:26.685+0000] {dag.py:3239} INFO - Sync 1 DAGs
[2025-03-21T21:13:26.695+0000] {logging_mixin.py:190} INFO - [2025-03-21T21:13:26.695+0000] {dag.py:4180} INFO - Setting next_dagrun for example_task_group_decorator to None, run_after=None
[2025-03-21T21:13:26.730+0000] {processor.py:208} INFO - Processing /home/usmail/sys_fraud/sys_detection_frauds/lib/python3.12/site-packages/airflow/example_dags/example_task_group_decorator.py took 0.092 seconds
[2025-03-21T21:14:18.504+0000] {processor.py:186} INFO - Started process (PID=3744742) to work on /home/usmail/sys_fraud/sys_detection_frauds/lib/python3.12/site-packages/airflow/example_dags/example_task_group_decorator.py
[2025-03-21T21:14:18.513+0000] {processor.py:914} INFO - Processing file /home/usmail/sys_fraud/sys_detection_frauds/lib/python3.12/site-packages/airflow/example_dags/example_task_group_decorator.py for tasks to queue
[2025-03-21T21:14:18.516+0000] {logging_mixin.py:190} INFO - [2025-03-21T21:14:18.516+0000] {dagbag.py:588} INFO - Filling up the DagBag from /home/usmail/sys_fraud/sys_detection_frauds/lib/python3.12/site-packages/airflow/example_dags/example_task_group_decorator.py
[2025-03-21T21:14:18.541+0000] {processor.py:925} INFO - DAG(s) 'example_task_group_decorator' retrieved from /home/usmail/sys_fraud/sys_detection_frauds/lib/python3.12/site-packages/airflow/example_dags/example_task_group_decorator.py
[2025-03-21T21:14:18.568+0000] {logging_mixin.py:190} INFO - [2025-03-21T21:14:18.568+0000] {dag.py:3239} INFO - Sync 1 DAGs
[2025-03-21T21:14:18.579+0000] {logging_mixin.py:190} INFO - [2025-03-21T21:14:18.579+0000] {dag.py:4180} INFO - Setting next_dagrun for example_task_group_decorator to None, run_after=None
[2025-03-21T21:14:18.604+0000] {processor.py:208} INFO - Processing /home/usmail/sys_fraud/sys_detection_frauds/lib/python3.12/site-packages/airflow/example_dags/example_task_group_decorator.py took 0.111 seconds
[2025-03-21T21:15:20.228+0000] {processor.py:186} INFO - Started process (PID=3745518) to work on /home/usmail/sys_fraud/sys_detection_frauds/lib/python3.12/site-packages/airflow/example_dags/example_task_group_decorator.py
[2025-03-21T21:15:20.237+0000] {processor.py:914} INFO - Processing file /home/usmail/sys_fraud/sys_detection_frauds/lib/python3.12/site-packages/airflow/example_dags/example_task_group_decorator.py for tasks to queue
[2025-03-21T21:15:20.240+0000] {logging_mixin.py:190} INFO - [2025-03-21T21:15:20.240+0000] {dagbag.py:588} INFO - Filling up the DagBag from /home/usmail/sys_fraud/sys_detection_frauds/lib/python3.12/site-packages/airflow/example_dags/example_task_group_decorator.py
[2025-03-21T21:15:20.264+0000] {processor.py:925} INFO - DAG(s) 'example_task_group_decorator' retrieved from /home/usmail/sys_fraud/sys_detection_frauds/lib/python3.12/site-packages/airflow/example_dags/example_task_group_decorator.py
[2025-03-21T21:15:20.293+0000] {logging_mixin.py:190} INFO - [2025-03-21T21:15:20.293+0000] {dag.py:3239} INFO - Sync 1 DAGs
[2025-03-21T21:15:20.304+0000] {logging_mixin.py:190} INFO - [2025-03-21T21:15:20.304+0000] {dag.py:4180} INFO - Setting next_dagrun for example_task_group_decorator to None, run_after=None
[2025-03-21T21:15:20.333+0000] {processor.py:208} INFO - Processing /home/usmail/sys_fraud/sys_detection_frauds/lib/python3.12/site-packages/airflow/example_dags/example_task_group_decorator.py took 0.116 seconds
[2025-03-21T21:16:20.494+0000] {processor.py:186} INFO - Started process (PID=3746271) to work on /home/usmail/sys_fraud/sys_detection_frauds/lib/python3.12/site-packages/airflow/example_dags/example_task_group_decorator.py
[2025-03-21T21:16:20.503+0000] {processor.py:914} INFO - Processing file /home/usmail/sys_fraud/sys_detection_frauds/lib/python3.12/site-packages/airflow/example_dags/example_task_group_decorator.py for tasks to queue
[2025-03-21T21:16:20.506+0000] {logging_mixin.py:190} INFO - [2025-03-21T21:16:20.506+0000] {dagbag.py:588} INFO - Filling up the DagBag from /home/usmail/sys_fraud/sys_detection_frauds/lib/python3.12/site-packages/airflow/example_dags/example_task_group_decorator.py
[2025-03-21T21:16:20.531+0000] {processor.py:925} INFO - DAG(s) 'example_task_group_decorator' retrieved from /home/usmail/sys_fraud/sys_detection_frauds/lib/python3.12/site-packages/airflow/example_dags/example_task_group_decorator.py
[2025-03-21T21:16:20.562+0000] {logging_mixin.py:190} INFO - [2025-03-21T21:16:20.562+0000] {dag.py:3239} INFO - Sync 1 DAGs
[2025-03-21T21:16:20.572+0000] {logging_mixin.py:190} INFO - [2025-03-21T21:16:20.572+0000] {dag.py:4180} INFO - Setting next_dagrun for example_task_group_decorator to None, run_after=None
[2025-03-21T21:16:20.588+0000] {processor.py:208} INFO - Processing /home/usmail/sys_fraud/sys_detection_frauds/lib/python3.12/site-packages/airflow/example_dags/example_task_group_decorator.py took 0.106 seconds
[2025-03-21T21:17:22.045+0000] {processor.py:186} INFO - Started process (PID=3747046) to work on /home/usmail/sys_fraud/sys_detection_frauds/lib/python3.12/site-packages/airflow/example_dags/example_task_group_decorator.py
[2025-03-21T21:17:22.054+0000] {processor.py:914} INFO - Processing file /home/usmail/sys_fraud/sys_detection_frauds/lib/python3.12/site-packages/airflow/example_dags/example_task_group_decorator.py for tasks to queue
[2025-03-21T21:17:22.057+0000] {logging_mixin.py:190} INFO - [2025-03-21T21:17:22.057+0000] {dagbag.py:588} INFO - Filling up the DagBag from /home/usmail/sys_fraud/sys_detection_frauds/lib/python3.12/site-packages/airflow/example_dags/example_task_group_decorator.py
[2025-03-21T21:17:22.082+0000] {processor.py:925} INFO - DAG(s) 'example_task_group_decorator' retrieved from /home/usmail/sys_fraud/sys_detection_frauds/lib/python3.12/site-packages/airflow/example_dags/example_task_group_decorator.py
[2025-03-21T21:17:22.110+0000] {logging_mixin.py:190} INFO - [2025-03-21T21:17:22.110+0000] {dag.py:3239} INFO - Sync 1 DAGs
[2025-03-21T21:17:22.122+0000] {logging_mixin.py:190} INFO - [2025-03-21T21:17:22.122+0000] {dag.py:4180} INFO - Setting next_dagrun for example_task_group_decorator to None, run_after=None
[2025-03-21T21:17:22.150+0000] {processor.py:208} INFO - Processing /home/usmail/sys_fraud/sys_detection_frauds/lib/python3.12/site-packages/airflow/example_dags/example_task_group_decorator.py took 0.116 seconds
[2025-03-21T21:18:28.260+0000] {processor.py:186} INFO - Started process (PID=3747859) to work on /home/usmail/sys_fraud/sys_detection_frauds/lib/python3.12/site-packages/airflow/example_dags/example_task_group_decorator.py
[2025-03-21T21:18:28.270+0000] {processor.py:914} INFO - Processing file /home/usmail/sys_fraud/sys_detection_frauds/lib/python3.12/site-packages/airflow/example_dags/example_task_group_decorator.py for tasks to queue
[2025-03-21T21:18:28.273+0000] {logging_mixin.py:190} INFO - [2025-03-21T21:18:28.272+0000] {dagbag.py:588} INFO - Filling up the DagBag from /home/usmail/sys_fraud/sys_detection_frauds/lib/python3.12/site-packages/airflow/example_dags/example_task_group_decorator.py
[2025-03-21T21:18:28.297+0000] {processor.py:925} INFO - DAG(s) 'example_task_group_decorator' retrieved from /home/usmail/sys_fraud/sys_detection_frauds/lib/python3.12/site-packages/airflow/example_dags/example_task_group_decorator.py
[2025-03-21T21:18:28.326+0000] {logging_mixin.py:190} INFO - [2025-03-21T21:18:28.326+0000] {dag.py:3239} INFO - Sync 1 DAGs
[2025-03-21T21:18:28.337+0000] {logging_mixin.py:190} INFO - [2025-03-21T21:18:28.337+0000] {dag.py:4180} INFO - Setting next_dagrun for example_task_group_decorator to None, run_after=None
[2025-03-21T21:18:28.354+0000] {processor.py:208} INFO - Processing /home/usmail/sys_fraud/sys_detection_frauds/lib/python3.12/site-packages/airflow/example_dags/example_task_group_decorator.py took 0.105 seconds
[2025-03-21T21:19:30.387+0000] {processor.py:186} INFO - Started process (PID=3748616) to work on /home/usmail/sys_fraud/sys_detection_frauds/lib/python3.12/site-packages/airflow/example_dags/example_task_group_decorator.py
[2025-03-21T21:19:30.397+0000] {processor.py:914} INFO - Processing file /home/usmail/sys_fraud/sys_detection_frauds/lib/python3.12/site-packages/airflow/example_dags/example_task_group_decorator.py for tasks to queue
[2025-03-21T21:19:30.400+0000] {logging_mixin.py:190} INFO - [2025-03-21T21:19:30.399+0000] {dagbag.py:588} INFO - Filling up the DagBag from /home/usmail/sys_fraud/sys_detection_frauds/lib/python3.12/site-packages/airflow/example_dags/example_task_group_decorator.py
[2025-03-21T21:19:30.426+0000] {processor.py:925} INFO - DAG(s) 'example_task_group_decorator' retrieved from /home/usmail/sys_fraud/sys_detection_frauds/lib/python3.12/site-packages/airflow/example_dags/example_task_group_decorator.py
[2025-03-21T21:19:30.455+0000] {logging_mixin.py:190} INFO - [2025-03-21T21:19:30.455+0000] {dag.py:3239} INFO - Sync 1 DAGs
[2025-03-21T21:19:30.466+0000] {logging_mixin.py:190} INFO - [2025-03-21T21:19:30.466+0000] {dag.py:4180} INFO - Setting next_dagrun for example_task_group_decorator to None, run_after=None
[2025-03-21T21:19:30.491+0000] {processor.py:208} INFO - Processing /home/usmail/sys_fraud/sys_detection_frauds/lib/python3.12/site-packages/airflow/example_dags/example_task_group_decorator.py took 0.116 seconds
[2025-03-21T21:20:34.220+0000] {processor.py:186} INFO - Started process (PID=3749390) to work on /home/usmail/sys_fraud/sys_detection_frauds/lib/python3.12/site-packages/airflow/example_dags/example_task_group_decorator.py
[2025-03-21T21:20:34.229+0000] {processor.py:914} INFO - Processing file /home/usmail/sys_fraud/sys_detection_frauds/lib/python3.12/site-packages/airflow/example_dags/example_task_group_decorator.py for tasks to queue
[2025-03-21T21:20:34.232+0000] {logging_mixin.py:190} INFO - [2025-03-21T21:20:34.232+0000] {dagbag.py:588} INFO - Filling up the DagBag from /home/usmail/sys_fraud/sys_detection_frauds/lib/python3.12/site-packages/airflow/example_dags/example_task_group_decorator.py
[2025-03-21T21:20:34.257+0000] {processor.py:925} INFO - DAG(s) 'example_task_group_decorator' retrieved from /home/usmail/sys_fraud/sys_detection_frauds/lib/python3.12/site-packages/airflow/example_dags/example_task_group_decorator.py
[2025-03-21T21:20:34.285+0000] {logging_mixin.py:190} INFO - [2025-03-21T21:20:34.285+0000] {dag.py:3239} INFO - Sync 1 DAGs
[2025-03-21T21:20:34.296+0000] {logging_mixin.py:190} INFO - [2025-03-21T21:20:34.296+0000] {dag.py:4180} INFO - Setting next_dagrun for example_task_group_decorator to None, run_after=None
[2025-03-21T21:20:34.320+0000] {processor.py:208} INFO - Processing /home/usmail/sys_fraud/sys_detection_frauds/lib/python3.12/site-packages/airflow/example_dags/example_task_group_decorator.py took 0.113 seconds
[2025-03-21T21:21:39.394+0000] {processor.py:186} INFO - Started process (PID=3750188) to work on /home/usmail/sys_fraud/sys_detection_frauds/lib/python3.12/site-packages/airflow/example_dags/example_task_group_decorator.py
[2025-03-21T21:21:39.403+0000] {processor.py:914} INFO - Processing file /home/usmail/sys_fraud/sys_detection_frauds/lib/python3.12/site-packages/airflow/example_dags/example_task_group_decorator.py for tasks to queue
[2025-03-21T21:21:39.406+0000] {logging_mixin.py:190} INFO - [2025-03-21T21:21:39.406+0000] {dagbag.py:588} INFO - Filling up the DagBag from /home/usmail/sys_fraud/sys_detection_frauds/lib/python3.12/site-packages/airflow/example_dags/example_task_group_decorator.py
[2025-03-21T21:21:39.434+0000] {processor.py:925} INFO - DAG(s) 'example_task_group_decorator' retrieved from /home/usmail/sys_fraud/sys_detection_frauds/lib/python3.12/site-packages/airflow/example_dags/example_task_group_decorator.py
[2025-03-21T21:21:39.462+0000] {logging_mixin.py:190} INFO - [2025-03-21T21:21:39.462+0000] {dag.py:3239} INFO - Sync 1 DAGs
[2025-03-21T21:21:39.474+0000] {logging_mixin.py:190} INFO - [2025-03-21T21:21:39.473+0000] {dag.py:4180} INFO - Setting next_dagrun for example_task_group_decorator to None, run_after=None
[2025-03-21T21:21:39.509+0000] {processor.py:208} INFO - Processing /home/usmail/sys_fraud/sys_detection_frauds/lib/python3.12/site-packages/airflow/example_dags/example_task_group_decorator.py took 0.127 seconds
[2025-03-21T21:22:46.683+0000] {processor.py:186} INFO - Started process (PID=3751047) to work on /home/usmail/sys_fraud/sys_detection_frauds/lib/python3.12/site-packages/airflow/example_dags/example_task_group_decorator.py
[2025-03-21T21:22:46.692+0000] {processor.py:914} INFO - Processing file /home/usmail/sys_fraud/sys_detection_frauds/lib/python3.12/site-packages/airflow/example_dags/example_task_group_decorator.py for tasks to queue
[2025-03-21T21:22:46.695+0000] {logging_mixin.py:190} INFO - [2025-03-21T21:22:46.695+0000] {dagbag.py:588} INFO - Filling up the DagBag from /home/usmail/sys_fraud/sys_detection_frauds/lib/python3.12/site-packages/airflow/example_dags/example_task_group_decorator.py
[2025-03-21T21:22:46.720+0000] {processor.py:925} INFO - DAG(s) 'example_task_group_decorator' retrieved from /home/usmail/sys_fraud/sys_detection_frauds/lib/python3.12/site-packages/airflow/example_dags/example_task_group_decorator.py
[2025-03-21T21:22:46.748+0000] {logging_mixin.py:190} INFO - [2025-03-21T21:22:46.748+0000] {dag.py:3239} INFO - Sync 1 DAGs
[2025-03-21T21:22:46.759+0000] {logging_mixin.py:190} INFO - [2025-03-21T21:22:46.758+0000] {dag.py:4180} INFO - Setting next_dagrun for example_task_group_decorator to None, run_after=None
[2025-03-21T21:22:46.774+0000] {processor.py:208} INFO - Processing /home/usmail/sys_fraud/sys_detection_frauds/lib/python3.12/site-packages/airflow/example_dags/example_task_group_decorator.py took 0.103 seconds
[2025-03-21T21:23:48.435+0000] {processor.py:186} INFO - Started process (PID=3751793) to work on /home/usmail/sys_fraud/sys_detection_frauds/lib/python3.12/site-packages/airflow/example_dags/example_task_group_decorator.py
[2025-03-21T21:23:48.443+0000] {processor.py:914} INFO - Processing file /home/usmail/sys_fraud/sys_detection_frauds/lib/python3.12/site-packages/airflow/example_dags/example_task_group_decorator.py for tasks to queue
[2025-03-21T21:23:48.444+0000] {logging_mixin.py:190} INFO - [2025-03-21T21:23:48.444+0000] {dagbag.py:588} INFO - Filling up the DagBag from /home/usmail/sys_fraud/sys_detection_frauds/lib/python3.12/site-packages/airflow/example_dags/example_task_group_decorator.py
[2025-03-21T21:23:48.456+0000] {processor.py:925} INFO - DAG(s) 'example_task_group_decorator' retrieved from /home/usmail/sys_fraud/sys_detection_frauds/lib/python3.12/site-packages/airflow/example_dags/example_task_group_decorator.py
[2025-03-21T21:23:48.471+0000] {logging_mixin.py:190} INFO - [2025-03-21T21:23:48.471+0000] {dag.py:3239} INFO - Sync 1 DAGs
[2025-03-21T21:23:48.480+0000] {logging_mixin.py:190} INFO - [2025-03-21T21:23:48.480+0000] {dag.py:4180} INFO - Setting next_dagrun for example_task_group_decorator to None, run_after=None
[2025-03-21T21:23:48.495+0000] {processor.py:208} INFO - Processing /home/usmail/sys_fraud/sys_detection_frauds/lib/python3.12/site-packages/airflow/example_dags/example_task_group_decorator.py took 0.066 seconds
[2025-03-21T21:24:50.809+0000] {processor.py:186} INFO - Started process (PID=3752436) to work on /home/usmail/sys_fraud/sys_detection_frauds/lib/python3.12/site-packages/airflow/example_dags/example_task_group_decorator.py
[2025-03-21T21:24:50.818+0000] {processor.py:914} INFO - Processing file /home/usmail/sys_fraud/sys_detection_frauds/lib/python3.12/site-packages/airflow/example_dags/example_task_group_decorator.py for tasks to queue
[2025-03-21T21:24:50.821+0000] {logging_mixin.py:190} INFO - [2025-03-21T21:24:50.821+0000] {dagbag.py:588} INFO - Filling up the DagBag from /home/usmail/sys_fraud/sys_detection_frauds/lib/python3.12/site-packages/airflow/example_dags/example_task_group_decorator.py
[2025-03-21T21:24:50.846+0000] {processor.py:925} INFO - DAG(s) 'example_task_group_decorator' retrieved from /home/usmail/sys_fraud/sys_detection_frauds/lib/python3.12/site-packages/airflow/example_dags/example_task_group_decorator.py
[2025-03-21T21:24:50.875+0000] {logging_mixin.py:190} INFO - [2025-03-21T21:24:50.874+0000] {dag.py:3239} INFO - Sync 1 DAGs
[2025-03-21T21:24:50.885+0000] {logging_mixin.py:190} INFO - [2025-03-21T21:24:50.885+0000] {dag.py:4180} INFO - Setting next_dagrun for example_task_group_decorator to None, run_after=None
[2025-03-21T21:24:50.901+0000] {processor.py:208} INFO - Processing /home/usmail/sys_fraud/sys_detection_frauds/lib/python3.12/site-packages/airflow/example_dags/example_task_group_decorator.py took 0.105 seconds
[2025-03-21T21:25:55.851+0000] {processor.py:186} INFO - Started process (PID=3753156) to work on /home/usmail/sys_fraud/sys_detection_frauds/lib/python3.12/site-packages/airflow/example_dags/example_task_group_decorator.py
[2025-03-21T21:25:55.852+0000] {processor.py:914} INFO - Processing file /home/usmail/sys_fraud/sys_detection_frauds/lib/python3.12/site-packages/airflow/example_dags/example_task_group_decorator.py for tasks to queue
[2025-03-21T21:25:55.856+0000] {logging_mixin.py:190} INFO - [2025-03-21T21:25:55.855+0000] {dagbag.py:588} INFO - Filling up the DagBag from /home/usmail/sys_fraud/sys_detection_frauds/lib/python3.12/site-packages/airflow/example_dags/example_task_group_decorator.py
[2025-03-21T21:25:55.871+0000] {processor.py:925} INFO - DAG(s) 'example_task_group_decorator' retrieved from /home/usmail/sys_fraud/sys_detection_frauds/lib/python3.12/site-packages/airflow/example_dags/example_task_group_decorator.py
[2025-03-21T21:25:55.890+0000] {logging_mixin.py:190} INFO - [2025-03-21T21:25:55.889+0000] {dag.py:3239} INFO - Sync 1 DAGs
[2025-03-21T21:25:55.900+0000] {logging_mixin.py:190} INFO - [2025-03-21T21:25:55.900+0000] {dag.py:4180} INFO - Setting next_dagrun for example_task_group_decorator to None, run_after=None
[2025-03-21T21:25:55.915+0000] {processor.py:208} INFO - Processing /home/usmail/sys_fraud/sys_detection_frauds/lib/python3.12/site-packages/airflow/example_dags/example_task_group_decorator.py took 0.077 seconds
[2025-03-21T21:26:58.353+0000] {processor.py:186} INFO - Started process (PID=3753793) to work on /home/usmail/sys_fraud/sys_detection_frauds/lib/python3.12/site-packages/airflow/example_dags/example_task_group_decorator.py
[2025-03-21T21:26:58.362+0000] {processor.py:914} INFO - Processing file /home/usmail/sys_fraud/sys_detection_frauds/lib/python3.12/site-packages/airflow/example_dags/example_task_group_decorator.py for tasks to queue
[2025-03-21T21:26:58.365+0000] {logging_mixin.py:190} INFO - [2025-03-21T21:26:58.365+0000] {dagbag.py:588} INFO - Filling up the DagBag from /home/usmail/sys_fraud/sys_detection_frauds/lib/python3.12/site-packages/airflow/example_dags/example_task_group_decorator.py
[2025-03-21T21:26:58.390+0000] {processor.py:925} INFO - DAG(s) 'example_task_group_decorator' retrieved from /home/usmail/sys_fraud/sys_detection_frauds/lib/python3.12/site-packages/airflow/example_dags/example_task_group_decorator.py
[2025-03-21T21:26:58.421+0000] {logging_mixin.py:190} INFO - [2025-03-21T21:26:58.421+0000] {dag.py:3239} INFO - Sync 1 DAGs
[2025-03-21T21:26:58.432+0000] {logging_mixin.py:190} INFO - [2025-03-21T21:26:58.432+0000] {dag.py:4180} INFO - Setting next_dagrun for example_task_group_decorator to None, run_after=None
[2025-03-21T21:26:58.447+0000] {processor.py:208} INFO - Processing /home/usmail/sys_fraud/sys_detection_frauds/lib/python3.12/site-packages/airflow/example_dags/example_task_group_decorator.py took 0.108 seconds
[2025-03-21T21:28:00.621+0000] {processor.py:186} INFO - Started process (PID=3754442) to work on /home/usmail/sys_fraud/sys_detection_frauds/lib/python3.12/site-packages/airflow/example_dags/example_task_group_decorator.py
[2025-03-21T21:28:00.630+0000] {processor.py:914} INFO - Processing file /home/usmail/sys_fraud/sys_detection_frauds/lib/python3.12/site-packages/airflow/example_dags/example_task_group_decorator.py for tasks to queue
[2025-03-21T21:28:00.634+0000] {logging_mixin.py:190} INFO - [2025-03-21T21:28:00.633+0000] {dagbag.py:588} INFO - Filling up the DagBag from /home/usmail/sys_fraud/sys_detection_frauds/lib/python3.12/site-packages/airflow/example_dags/example_task_group_decorator.py
[2025-03-21T21:28:00.658+0000] {processor.py:925} INFO - DAG(s) 'example_task_group_decorator' retrieved from /home/usmail/sys_fraud/sys_detection_frauds/lib/python3.12/site-packages/airflow/example_dags/example_task_group_decorator.py
[2025-03-21T21:28:00.687+0000] {logging_mixin.py:190} INFO - [2025-03-21T21:28:00.686+0000] {dag.py:3239} INFO - Sync 1 DAGs
[2025-03-21T21:28:00.698+0000] {logging_mixin.py:190} INFO - [2025-03-21T21:28:00.697+0000] {dag.py:4180} INFO - Setting next_dagrun for example_task_group_decorator to None, run_after=None
[2025-03-21T21:28:00.727+0000] {processor.py:208} INFO - Processing /home/usmail/sys_fraud/sys_detection_frauds/lib/python3.12/site-packages/airflow/example_dags/example_task_group_decorator.py took 0.117 seconds
[2025-03-21T21:29:01.308+0000] {processor.py:186} INFO - Started process (PID=3755076) to work on /home/usmail/sys_fraud/sys_detection_frauds/lib/python3.12/site-packages/airflow/example_dags/example_task_group_decorator.py
[2025-03-21T21:29:01.318+0000] {processor.py:914} INFO - Processing file /home/usmail/sys_fraud/sys_detection_frauds/lib/python3.12/site-packages/airflow/example_dags/example_task_group_decorator.py for tasks to queue
[2025-03-21T21:29:01.321+0000] {logging_mixin.py:190} INFO - [2025-03-21T21:29:01.321+0000] {dagbag.py:588} INFO - Filling up the DagBag from /home/usmail/sys_fraud/sys_detection_frauds/lib/python3.12/site-packages/airflow/example_dags/example_task_group_decorator.py
[2025-03-21T21:29:01.347+0000] {processor.py:925} INFO - DAG(s) 'example_task_group_decorator' retrieved from /home/usmail/sys_fraud/sys_detection_frauds/lib/python3.12/site-packages/airflow/example_dags/example_task_group_decorator.py
[2025-03-21T21:29:01.376+0000] {logging_mixin.py:190} INFO - [2025-03-21T21:29:01.376+0000] {dag.py:3239} INFO - Sync 1 DAGs
[2025-03-21T21:29:01.387+0000] {logging_mixin.py:190} INFO - [2025-03-21T21:29:01.387+0000] {dag.py:4180} INFO - Setting next_dagrun for example_task_group_decorator to None, run_after=None
[2025-03-21T21:29:01.413+0000] {processor.py:208} INFO - Processing /home/usmail/sys_fraud/sys_detection_frauds/lib/python3.12/site-packages/airflow/example_dags/example_task_group_decorator.py took 0.116 seconds
[2025-03-21T21:30:05.463+0000] {processor.py:186} INFO - Started process (PID=3755740) to work on /home/usmail/sys_fraud/sys_detection_frauds/lib/python3.12/site-packages/airflow/example_dags/example_task_group_decorator.py
[2025-03-21T21:30:05.472+0000] {processor.py:914} INFO - Processing file /home/usmail/sys_fraud/sys_detection_frauds/lib/python3.12/site-packages/airflow/example_dags/example_task_group_decorator.py for tasks to queue
[2025-03-21T21:30:05.476+0000] {logging_mixin.py:190} INFO - [2025-03-21T21:30:05.475+0000] {dagbag.py:588} INFO - Filling up the DagBag from /home/usmail/sys_fraud/sys_detection_frauds/lib/python3.12/site-packages/airflow/example_dags/example_task_group_decorator.py
[2025-03-21T21:30:05.500+0000] {processor.py:925} INFO - DAG(s) 'example_task_group_decorator' retrieved from /home/usmail/sys_fraud/sys_detection_frauds/lib/python3.12/site-packages/airflow/example_dags/example_task_group_decorator.py
[2025-03-21T21:30:05.528+0000] {logging_mixin.py:190} INFO - [2025-03-21T21:30:05.528+0000] {dag.py:3239} INFO - Sync 1 DAGs
[2025-03-21T21:30:05.538+0000] {logging_mixin.py:190} INFO - [2025-03-21T21:30:05.538+0000] {dag.py:4180} INFO - Setting next_dagrun for example_task_group_decorator to None, run_after=None
[2025-03-21T21:30:05.553+0000] {processor.py:208} INFO - Processing /home/usmail/sys_fraud/sys_detection_frauds/lib/python3.12/site-packages/airflow/example_dags/example_task_group_decorator.py took 0.103 seconds
[2025-03-21T21:31:12.020+0000] {processor.py:186} INFO - Started process (PID=3756437) to work on /home/usmail/sys_fraud/sys_detection_frauds/lib/python3.12/site-packages/airflow/example_dags/example_task_group_decorator.py
[2025-03-21T21:31:12.022+0000] {processor.py:914} INFO - Processing file /home/usmail/sys_fraud/sys_detection_frauds/lib/python3.12/site-packages/airflow/example_dags/example_task_group_decorator.py for tasks to queue
[2025-03-21T21:31:12.024+0000] {logging_mixin.py:190} INFO - [2025-03-21T21:31:12.024+0000] {dagbag.py:588} INFO - Filling up the DagBag from /home/usmail/sys_fraud/sys_detection_frauds/lib/python3.12/site-packages/airflow/example_dags/example_task_group_decorator.py
[2025-03-21T21:31:12.049+0000] {processor.py:925} INFO - DAG(s) 'example_task_group_decorator' retrieved from /home/usmail/sys_fraud/sys_detection_frauds/lib/python3.12/site-packages/airflow/example_dags/example_task_group_decorator.py
[2025-03-21T21:31:12.075+0000] {logging_mixin.py:190} INFO - [2025-03-21T21:31:12.075+0000] {dag.py:3239} INFO - Sync 1 DAGs
[2025-03-21T21:31:12.086+0000] {logging_mixin.py:190} INFO - [2025-03-21T21:31:12.085+0000] {dag.py:4180} INFO - Setting next_dagrun for example_task_group_decorator to None, run_after=None
[2025-03-21T21:31:12.105+0000] {processor.py:208} INFO - Processing /home/usmail/sys_fraud/sys_detection_frauds/lib/python3.12/site-packages/airflow/example_dags/example_task_group_decorator.py took 0.097 seconds
[2025-03-21T21:32:18.154+0000] {processor.py:186} INFO - Started process (PID=3757135) to work on /home/usmail/sys_fraud/sys_detection_frauds/lib/python3.12/site-packages/airflow/example_dags/example_task_group_decorator.py
[2025-03-21T21:32:18.163+0000] {processor.py:914} INFO - Processing file /home/usmail/sys_fraud/sys_detection_frauds/lib/python3.12/site-packages/airflow/example_dags/example_task_group_decorator.py for tasks to queue
[2025-03-21T21:32:18.167+0000] {logging_mixin.py:190} INFO - [2025-03-21T21:32:18.166+0000] {dagbag.py:588} INFO - Filling up the DagBag from /home/usmail/sys_fraud/sys_detection_frauds/lib/python3.12/site-packages/airflow/example_dags/example_task_group_decorator.py
[2025-03-21T21:32:18.191+0000] {processor.py:925} INFO - DAG(s) 'example_task_group_decorator' retrieved from /home/usmail/sys_fraud/sys_detection_frauds/lib/python3.12/site-packages/airflow/example_dags/example_task_group_decorator.py
[2025-03-21T21:32:18.218+0000] {logging_mixin.py:190} INFO - [2025-03-21T21:32:18.218+0000] {dag.py:3239} INFO - Sync 1 DAGs
[2025-03-21T21:32:18.229+0000] {logging_mixin.py:190} INFO - [2025-03-21T21:32:18.229+0000] {dag.py:4180} INFO - Setting next_dagrun for example_task_group_decorator to None, run_after=None
[2025-03-21T21:32:18.245+0000] {processor.py:208} INFO - Processing /home/usmail/sys_fraud/sys_detection_frauds/lib/python3.12/site-packages/airflow/example_dags/example_task_group_decorator.py took 0.102 seconds
[2025-03-21T21:33:18.896+0000] {processor.py:186} INFO - Started process (PID=3757777) to work on /home/usmail/sys_fraud/sys_detection_frauds/lib/python3.12/site-packages/airflow/example_dags/example_task_group_decorator.py
[2025-03-21T21:33:18.906+0000] {processor.py:914} INFO - Processing file /home/usmail/sys_fraud/sys_detection_frauds/lib/python3.12/site-packages/airflow/example_dags/example_task_group_decorator.py for tasks to queue
[2025-03-21T21:33:18.909+0000] {logging_mixin.py:190} INFO - [2025-03-21T21:33:18.908+0000] {dagbag.py:588} INFO - Filling up the DagBag from /home/usmail/sys_fraud/sys_detection_frauds/lib/python3.12/site-packages/airflow/example_dags/example_task_group_decorator.py
[2025-03-21T21:33:18.934+0000] {processor.py:925} INFO - DAG(s) 'example_task_group_decorator' retrieved from /home/usmail/sys_fraud/sys_detection_frauds/lib/python3.12/site-packages/airflow/example_dags/example_task_group_decorator.py
[2025-03-21T21:33:18.964+0000] {logging_mixin.py:190} INFO - [2025-03-21T21:33:18.963+0000] {dag.py:3239} INFO - Sync 1 DAGs
[2025-03-21T21:33:18.974+0000] {logging_mixin.py:190} INFO - [2025-03-21T21:33:18.974+0000] {dag.py:4180} INFO - Setting next_dagrun for example_task_group_decorator to None, run_after=None
[2025-03-21T21:33:19.008+0000] {processor.py:208} INFO - Processing /home/usmail/sys_fraud/sys_detection_frauds/lib/python3.12/site-packages/airflow/example_dags/example_task_group_decorator.py took 0.123 seconds
[2025-03-21T22:19:37.728+0000] {processor.py:186} INFO - Started process (PID=3758670) to work on /home/usmail/sys_fraud/sys_detection_frauds/lib/python3.12/site-packages/airflow/example_dags/example_task_group_decorator.py
[2025-03-21T22:19:37.737+0000] {processor.py:914} INFO - Processing file /home/usmail/sys_fraud/sys_detection_frauds/lib/python3.12/site-packages/airflow/example_dags/example_task_group_decorator.py for tasks to queue
[2025-03-21T22:19:37.741+0000] {logging_mixin.py:190} INFO - [2025-03-21T22:19:37.740+0000] {dagbag.py:588} INFO - Filling up the DagBag from /home/usmail/sys_fraud/sys_detection_frauds/lib/python3.12/site-packages/airflow/example_dags/example_task_group_decorator.py
[2025-03-21T22:19:37.765+0000] {processor.py:925} INFO - DAG(s) 'example_task_group_decorator' retrieved from /home/usmail/sys_fraud/sys_detection_frauds/lib/python3.12/site-packages/airflow/example_dags/example_task_group_decorator.py
[2025-03-21T22:19:37.794+0000] {logging_mixin.py:190} INFO - [2025-03-21T22:19:37.794+0000] {dag.py:3239} INFO - Sync 1 DAGs
[2025-03-21T22:19:37.805+0000] {logging_mixin.py:190} INFO - [2025-03-21T22:19:37.805+0000] {dag.py:4180} INFO - Setting next_dagrun for example_task_group_decorator to None, run_after=None
[2025-03-21T22:19:37.823+0000] {processor.py:208} INFO - Processing /home/usmail/sys_fraud/sys_detection_frauds/lib/python3.12/site-packages/airflow/example_dags/example_task_group_decorator.py took 0.108 seconds
[2025-03-21T22:20:33.869+0000] {processor.py:186} INFO - Started process (PID=3759567) to work on /home/usmail/sys_fraud/sys_detection_frauds/lib/python3.12/site-packages/airflow/example_dags/example_task_group_decorator.py
[2025-03-21T22:20:33.879+0000] {processor.py:914} INFO - Processing file /home/usmail/sys_fraud/sys_detection_frauds/lib/python3.12/site-packages/airflow/example_dags/example_task_group_decorator.py for tasks to queue
[2025-03-21T22:20:33.882+0000] {logging_mixin.py:190} INFO - [2025-03-21T22:20:33.881+0000] {dagbag.py:588} INFO - Filling up the DagBag from /home/usmail/sys_fraud/sys_detection_frauds/lib/python3.12/site-packages/airflow/example_dags/example_task_group_decorator.py
[2025-03-21T22:20:33.910+0000] {processor.py:925} INFO - DAG(s) 'example_task_group_decorator' retrieved from /home/usmail/sys_fraud/sys_detection_frauds/lib/python3.12/site-packages/airflow/example_dags/example_task_group_decorator.py
[2025-03-21T22:20:33.930+0000] {logging_mixin.py:190} INFO - [2025-03-21T22:20:33.930+0000] {dag.py:3239} INFO - Sync 1 DAGs
[2025-03-21T22:20:33.942+0000] {logging_mixin.py:190} INFO - [2025-03-21T22:20:33.941+0000] {dag.py:4180} INFO - Setting next_dagrun for example_task_group_decorator to None, run_after=None
[2025-03-21T22:20:33.965+0000] {processor.py:208} INFO - Processing /home/usmail/sys_fraud/sys_detection_frauds/lib/python3.12/site-packages/airflow/example_dags/example_task_group_decorator.py took 0.110 seconds
[2025-03-21T22:21:35.203+0000] {processor.py:186} INFO - Started process (PID=3760332) to work on /home/usmail/sys_fraud/sys_detection_frauds/lib/python3.12/site-packages/airflow/example_dags/example_task_group_decorator.py
[2025-03-21T22:21:35.204+0000] {processor.py:914} INFO - Processing file /home/usmail/sys_fraud/sys_detection_frauds/lib/python3.12/site-packages/airflow/example_dags/example_task_group_decorator.py for tasks to queue
[2025-03-21T22:21:35.205+0000] {logging_mixin.py:190} INFO - [2025-03-21T22:21:35.205+0000] {dagbag.py:588} INFO - Filling up the DagBag from /home/usmail/sys_fraud/sys_detection_frauds/lib/python3.12/site-packages/airflow/example_dags/example_task_group_decorator.py
[2025-03-21T22:21:35.221+0000] {processor.py:925} INFO - DAG(s) 'example_task_group_decorator' retrieved from /home/usmail/sys_fraud/sys_detection_frauds/lib/python3.12/site-packages/airflow/example_dags/example_task_group_decorator.py
[2025-03-21T22:21:35.245+0000] {logging_mixin.py:190} INFO - [2025-03-21T22:21:35.244+0000] {dag.py:3239} INFO - Sync 1 DAGs
[2025-03-21T22:21:35.265+0000] {logging_mixin.py:190} INFO - [2025-03-21T22:21:35.265+0000] {dag.py:4180} INFO - Setting next_dagrun for example_task_group_decorator to None, run_after=None
[2025-03-21T22:21:35.292+0000] {processor.py:208} INFO - Processing /home/usmail/sys_fraud/sys_detection_frauds/lib/python3.12/site-packages/airflow/example_dags/example_task_group_decorator.py took 0.097 seconds
