[2025-03-21T20:49:38.119+0000] {processor.py:186} INFO - Started process (PID=3722967) to work on /home/usmail/sys_fraud/sys_detection_frauds/lib/python3.12/site-packages/airflow/example_dags/tutorial_taskflow_api_virtualenv.py
[2025-03-21T20:49:38.120+0000] {processor.py:914} INFO - Processing file /home/usmail/sys_fraud/sys_detection_frauds/lib/python3.12/site-packages/airflow/example_dags/tutorial_taskflow_api_virtualenv.py for tasks to queue
[2025-03-21T20:49:38.121+0000] {logging_mixin.py:190} INFO - [2025-03-21T20:49:38.121+0000] {dagbag.py:588} INFO - Filling up the DagBag from /home/usmail/sys_fraud/sys_detection_frauds/lib/python3.12/site-packages/airflow/example_dags/tutorial_taskflow_api_virtualenv.py
[2025-03-21T20:49:38.123+0000] {logging_mixin.py:190} INFO - [2025-03-21T20:49:38.123+0000] {tutorial_taskflow_api_virtualenv.py:29} WARNING - The tutorial_taskflow_api_virtualenv example DAG requires virtualenv, please install it.
[2025-03-21T20:49:38.123+0000] {processor.py:927} WARNING - No viable dags retrieved from /home/usmail/sys_fraud/sys_detection_frauds/lib/python3.12/site-packages/airflow/example_dags/tutorial_taskflow_api_virtualenv.py
[2025-03-21T20:49:38.129+0000] {processor.py:208} INFO - Processing /home/usmail/sys_fraud/sys_detection_frauds/lib/python3.12/site-packages/airflow/example_dags/tutorial_taskflow_api_virtualenv.py took 0.014 seconds
[2025-03-21T20:50:38.424+0000] {processor.py:186} INFO - Started process (PID=3723716) to work on /home/usmail/sys_fraud/sys_detection_frauds/lib/python3.12/site-packages/airflow/example_dags/tutorial_taskflow_api_virtualenv.py
[2025-03-21T20:50:38.433+0000] {processor.py:914} INFO - Processing file /home/usmail/sys_fraud/sys_detection_frauds/lib/python3.12/site-packages/airflow/example_dags/tutorial_taskflow_api_virtualenv.py for tasks to queue
[2025-03-21T20:50:38.436+0000] {logging_mixin.py:190} INFO - [2025-03-21T20:50:38.435+0000] {dagbag.py:588} INFO - Filling up the DagBag from /home/usmail/sys_fraud/sys_detection_frauds/lib/python3.12/site-packages/airflow/example_dags/tutorial_taskflow_api_virtualenv.py
[2025-03-21T20:50:38.440+0000] {logging_mixin.py:190} INFO - [2025-03-21T20:50:38.439+0000] {tutorial_taskflow_api_virtualenv.py:29} WARNING - The tutorial_taskflow_api_virtualenv example DAG requires virtualenv, please install it.
[2025-03-21T20:50:38.440+0000] {processor.py:927} WARNING - No viable dags retrieved from /home/usmail/sys_fraud/sys_detection_frauds/lib/python3.12/site-packages/airflow/example_dags/tutorial_taskflow_api_virtualenv.py
[2025-03-21T20:50:38.448+0000] {processor.py:208} INFO - Processing /home/usmail/sys_fraud/sys_detection_frauds/lib/python3.12/site-packages/airflow/example_dags/tutorial_taskflow_api_virtualenv.py took 0.029 seconds
[2025-03-21T20:51:34.169+0000] {processor.py:186} INFO - Started process (PID=3724382) to work on /home/usmail/sys_fraud/sys_detection_frauds/lib/python3.12/site-packages/airflow/example_dags/tutorial_taskflow_api_virtualenv.py
[2025-03-21T20:51:34.178+0000] {processor.py:914} INFO - Processing file /home/usmail/sys_fraud/sys_detection_frauds/lib/python3.12/site-packages/airflow/example_dags/tutorial_taskflow_api_virtualenv.py for tasks to queue
[2025-03-21T20:51:34.179+0000] {logging_mixin.py:190} INFO - [2025-03-21T20:51:34.179+0000] {dagbag.py:588} INFO - Filling up the DagBag from /home/usmail/sys_fraud/sys_detection_frauds/lib/python3.12/site-packages/airflow/example_dags/tutorial_taskflow_api_virtualenv.py
[2025-03-21T20:51:34.181+0000] {logging_mixin.py:190} INFO - [2025-03-21T20:51:34.181+0000] {tutorial_taskflow_api_virtualenv.py:29} WARNING - The tutorial_taskflow_api_virtualenv example DAG requires virtualenv, please install it.
[2025-03-21T20:51:34.181+0000] {processor.py:927} WARNING - No viable dags retrieved from /home/usmail/sys_fraud/sys_detection_frauds/lib/python3.12/site-packages/airflow/example_dags/tutorial_taskflow_api_virtualenv.py
[2025-03-21T20:51:34.187+0000] {processor.py:208} INFO - Processing /home/usmail/sys_fraud/sys_detection_frauds/lib/python3.12/site-packages/airflow/example_dags/tutorial_taskflow_api_virtualenv.py took 0.021 seconds
[2025-03-21T20:52:24.468+0000] {processor.py:186} INFO - Started process (PID=3725023) to work on /home/usmail/sys_fraud/sys_detection_frauds/lib/python3.12/site-packages/airflow/example_dags/tutorial_taskflow_api_virtualenv.py
[2025-03-21T20:52:24.477+0000] {processor.py:914} INFO - Processing file /home/usmail/sys_fraud/sys_detection_frauds/lib/python3.12/site-packages/airflow/example_dags/tutorial_taskflow_api_virtualenv.py for tasks to queue
[2025-03-21T20:52:24.480+0000] {logging_mixin.py:190} INFO - [2025-03-21T20:52:24.480+0000] {dagbag.py:588} INFO - Filling up the DagBag from /home/usmail/sys_fraud/sys_detection_frauds/lib/python3.12/site-packages/airflow/example_dags/tutorial_taskflow_api_virtualenv.py
[2025-03-21T20:52:24.484+0000] {logging_mixin.py:190} INFO - [2025-03-21T20:52:24.484+0000] {tutorial_taskflow_api_virtualenv.py:29} WARNING - The tutorial_taskflow_api_virtualenv example DAG requires virtualenv, please install it.
[2025-03-21T20:52:24.485+0000] {processor.py:927} WARNING - No viable dags retrieved from /home/usmail/sys_fraud/sys_detection_frauds/lib/python3.12/site-packages/airflow/example_dags/tutorial_taskflow_api_virtualenv.py
[2025-03-21T20:52:24.492+0000] {processor.py:208} INFO - Processing /home/usmail/sys_fraud/sys_detection_frauds/lib/python3.12/site-packages/airflow/example_dags/tutorial_taskflow_api_virtualenv.py took 0.028 seconds
[2025-03-21T20:53:17.061+0000] {processor.py:186} INFO - Started process (PID=3725631) to work on /home/usmail/sys_fraud/sys_detection_frauds/lib/python3.12/site-packages/airflow/example_dags/tutorial_taskflow_api_virtualenv.py
[2025-03-21T20:53:17.069+0000] {processor.py:914} INFO - Processing file /home/usmail/sys_fraud/sys_detection_frauds/lib/python3.12/site-packages/airflow/example_dags/tutorial_taskflow_api_virtualenv.py for tasks to queue
[2025-03-21T20:53:17.071+0000] {logging_mixin.py:190} INFO - [2025-03-21T20:53:17.071+0000] {dagbag.py:588} INFO - Filling up the DagBag from /home/usmail/sys_fraud/sys_detection_frauds/lib/python3.12/site-packages/airflow/example_dags/tutorial_taskflow_api_virtualenv.py
[2025-03-21T20:53:17.073+0000] {logging_mixin.py:190} INFO - [2025-03-21T20:53:17.073+0000] {tutorial_taskflow_api_virtualenv.py:29} WARNING - The tutorial_taskflow_api_virtualenv example DAG requires virtualenv, please install it.
[2025-03-21T20:53:17.074+0000] {processor.py:927} WARNING - No viable dags retrieved from /home/usmail/sys_fraud/sys_detection_frauds/lib/python3.12/site-packages/airflow/example_dags/tutorial_taskflow_api_virtualenv.py
[2025-03-21T20:53:17.080+0000] {processor.py:208} INFO - Processing /home/usmail/sys_fraud/sys_detection_frauds/lib/python3.12/site-packages/airflow/example_dags/tutorial_taskflow_api_virtualenv.py took 0.023 seconds
[2025-03-21T20:54:10.727+0000] {processor.py:186} INFO - Started process (PID=3726296) to work on /home/usmail/sys_fraud/sys_detection_frauds/lib/python3.12/site-packages/airflow/example_dags/tutorial_taskflow_api_virtualenv.py
[2025-03-21T20:54:10.736+0000] {processor.py:914} INFO - Processing file /home/usmail/sys_fraud/sys_detection_frauds/lib/python3.12/site-packages/airflow/example_dags/tutorial_taskflow_api_virtualenv.py for tasks to queue
[2025-03-21T20:54:10.739+0000] {logging_mixin.py:190} INFO - [2025-03-21T20:54:10.739+0000] {dagbag.py:588} INFO - Filling up the DagBag from /home/usmail/sys_fraud/sys_detection_frauds/lib/python3.12/site-packages/airflow/example_dags/tutorial_taskflow_api_virtualenv.py
[2025-03-21T20:54:10.742+0000] {logging_mixin.py:190} INFO - [2025-03-21T20:54:10.742+0000] {tutorial_taskflow_api_virtualenv.py:29} WARNING - The tutorial_taskflow_api_virtualenv example DAG requires virtualenv, please install it.
[2025-03-21T20:54:10.743+0000] {processor.py:927} WARNING - No viable dags retrieved from /home/usmail/sys_fraud/sys_detection_frauds/lib/python3.12/site-packages/airflow/example_dags/tutorial_taskflow_api_virtualenv.py
[2025-03-21T20:54:10.749+0000] {processor.py:208} INFO - Processing /home/usmail/sys_fraud/sys_detection_frauds/lib/python3.12/site-packages/airflow/example_dags/tutorial_taskflow_api_virtualenv.py took 0.029 seconds
[2025-03-21T20:55:03.289+0000] {processor.py:186} INFO - Started process (PID=3726944) to work on /home/usmail/sys_fraud/sys_detection_frauds/lib/python3.12/site-packages/airflow/example_dags/tutorial_taskflow_api_virtualenv.py
[2025-03-21T20:55:03.298+0000] {processor.py:914} INFO - Processing file /home/usmail/sys_fraud/sys_detection_frauds/lib/python3.12/site-packages/airflow/example_dags/tutorial_taskflow_api_virtualenv.py for tasks to queue
[2025-03-21T20:55:03.303+0000] {logging_mixin.py:190} INFO - [2025-03-21T20:55:03.302+0000] {dagbag.py:588} INFO - Filling up the DagBag from /home/usmail/sys_fraud/sys_detection_frauds/lib/python3.12/site-packages/airflow/example_dags/tutorial_taskflow_api_virtualenv.py
[2025-03-21T20:55:03.306+0000] {logging_mixin.py:190} INFO - [2025-03-21T20:55:03.305+0000] {tutorial_taskflow_api_virtualenv.py:29} WARNING - The tutorial_taskflow_api_virtualenv example DAG requires virtualenv, please install it.
[2025-03-21T20:55:03.306+0000] {processor.py:927} WARNING - No viable dags retrieved from /home/usmail/sys_fraud/sys_detection_frauds/lib/python3.12/site-packages/airflow/example_dags/tutorial_taskflow_api_virtualenv.py
[2025-03-21T20:55:03.315+0000] {processor.py:208} INFO - Processing /home/usmail/sys_fraud/sys_detection_frauds/lib/python3.12/site-packages/airflow/example_dags/tutorial_taskflow_api_virtualenv.py took 0.029 seconds
[2025-03-21T20:55:53.603+0000] {processor.py:186} INFO - Started process (PID=3727577) to work on /home/usmail/sys_fraud/sys_detection_frauds/lib/python3.12/site-packages/airflow/example_dags/tutorial_taskflow_api_virtualenv.py
[2025-03-21T20:55:53.612+0000] {processor.py:914} INFO - Processing file /home/usmail/sys_fraud/sys_detection_frauds/lib/python3.12/site-packages/airflow/example_dags/tutorial_taskflow_api_virtualenv.py for tasks to queue
[2025-03-21T20:55:53.616+0000] {logging_mixin.py:190} INFO - [2025-03-21T20:55:53.615+0000] {dagbag.py:588} INFO - Filling up the DagBag from /home/usmail/sys_fraud/sys_detection_frauds/lib/python3.12/site-packages/airflow/example_dags/tutorial_taskflow_api_virtualenv.py
[2025-03-21T20:55:53.619+0000] {logging_mixin.py:190} INFO - [2025-03-21T20:55:53.619+0000] {tutorial_taskflow_api_virtualenv.py:29} WARNING - The tutorial_taskflow_api_virtualenv example DAG requires virtualenv, please install it.
[2025-03-21T20:55:53.620+0000] {processor.py:927} WARNING - No viable dags retrieved from /home/usmail/sys_fraud/sys_detection_frauds/lib/python3.12/site-packages/airflow/example_dags/tutorial_taskflow_api_virtualenv.py
[2025-03-21T20:55:53.627+0000] {processor.py:208} INFO - Processing /home/usmail/sys_fraud/sys_detection_frauds/lib/python3.12/site-packages/airflow/example_dags/tutorial_taskflow_api_virtualenv.py took 0.033 seconds
[2025-03-21T20:56:43.334+0000] {processor.py:186} INFO - Started process (PID=3728258) to work on /home/usmail/sys_fraud/sys_detection_frauds/lib/python3.12/site-packages/airflow/example_dags/tutorial_taskflow_api_virtualenv.py
[2025-03-21T20:56:43.343+0000] {processor.py:914} INFO - Processing file /home/usmail/sys_fraud/sys_detection_frauds/lib/python3.12/site-packages/airflow/example_dags/tutorial_taskflow_api_virtualenv.py for tasks to queue
[2025-03-21T20:56:43.348+0000] {logging_mixin.py:190} INFO - [2025-03-21T20:56:43.347+0000] {dagbag.py:588} INFO - Filling up the DagBag from /home/usmail/sys_fraud/sys_detection_frauds/lib/python3.12/site-packages/airflow/example_dags/tutorial_taskflow_api_virtualenv.py
[2025-03-21T20:56:43.352+0000] {logging_mixin.py:190} INFO - [2025-03-21T20:56:43.352+0000] {tutorial_taskflow_api_virtualenv.py:29} WARNING - The tutorial_taskflow_api_virtualenv example DAG requires virtualenv, please install it.
[2025-03-21T20:56:43.353+0000] {processor.py:927} WARNING - No viable dags retrieved from /home/usmail/sys_fraud/sys_detection_frauds/lib/python3.12/site-packages/airflow/example_dags/tutorial_taskflow_api_virtualenv.py
[2025-03-21T20:56:43.360+0000] {processor.py:208} INFO - Processing /home/usmail/sys_fraud/sys_detection_frauds/lib/python3.12/site-packages/airflow/example_dags/tutorial_taskflow_api_virtualenv.py took 0.030 seconds
[2025-03-21T20:57:38.190+0000] {processor.py:186} INFO - Started process (PID=3729017) to work on /home/usmail/sys_fraud/sys_detection_frauds/lib/python3.12/site-packages/airflow/example_dags/tutorial_taskflow_api_virtualenv.py
[2025-03-21T20:57:38.198+0000] {processor.py:914} INFO - Processing file /home/usmail/sys_fraud/sys_detection_frauds/lib/python3.12/site-packages/airflow/example_dags/tutorial_taskflow_api_virtualenv.py for tasks to queue
[2025-03-21T20:57:38.201+0000] {logging_mixin.py:190} INFO - [2025-03-21T20:57:38.201+0000] {dagbag.py:588} INFO - Filling up the DagBag from /home/usmail/sys_fraud/sys_detection_frauds/lib/python3.12/site-packages/airflow/example_dags/tutorial_taskflow_api_virtualenv.py
[2025-03-21T20:57:38.203+0000] {logging_mixin.py:190} INFO - [2025-03-21T20:57:38.203+0000] {tutorial_taskflow_api_virtualenv.py:29} WARNING - The tutorial_taskflow_api_virtualenv example DAG requires virtualenv, please install it.
[2025-03-21T20:57:38.203+0000] {processor.py:927} WARNING - No viable dags retrieved from /home/usmail/sys_fraud/sys_detection_frauds/lib/python3.12/site-packages/airflow/example_dags/tutorial_taskflow_api_virtualenv.py
[2025-03-21T20:57:38.211+0000] {processor.py:208} INFO - Processing /home/usmail/sys_fraud/sys_detection_frauds/lib/python3.12/site-packages/airflow/example_dags/tutorial_taskflow_api_virtualenv.py took 0.025 seconds
[2025-03-21T20:58:28.162+0000] {processor.py:186} INFO - Started process (PID=3729596) to work on /home/usmail/sys_fraud/sys_detection_frauds/lib/python3.12/site-packages/airflow/example_dags/tutorial_taskflow_api_virtualenv.py
[2025-03-21T20:58:28.171+0000] {processor.py:914} INFO - Processing file /home/usmail/sys_fraud/sys_detection_frauds/lib/python3.12/site-packages/airflow/example_dags/tutorial_taskflow_api_virtualenv.py for tasks to queue
[2025-03-21T20:58:28.176+0000] {logging_mixin.py:190} INFO - [2025-03-21T20:58:28.175+0000] {dagbag.py:588} INFO - Filling up the DagBag from /home/usmail/sys_fraud/sys_detection_frauds/lib/python3.12/site-packages/airflow/example_dags/tutorial_taskflow_api_virtualenv.py
[2025-03-21T20:58:28.181+0000] {logging_mixin.py:190} INFO - [2025-03-21T20:58:28.181+0000] {tutorial_taskflow_api_virtualenv.py:29} WARNING - The tutorial_taskflow_api_virtualenv example DAG requires virtualenv, please install it.
[2025-03-21T20:58:28.182+0000] {processor.py:927} WARNING - No viable dags retrieved from /home/usmail/sys_fraud/sys_detection_frauds/lib/python3.12/site-packages/airflow/example_dags/tutorial_taskflow_api_virtualenv.py
[2025-03-21T20:58:28.194+0000] {processor.py:208} INFO - Processing /home/usmail/sys_fraud/sys_detection_frauds/lib/python3.12/site-packages/airflow/example_dags/tutorial_taskflow_api_virtualenv.py took 0.043 seconds
[2025-03-21T20:59:31.192+0000] {processor.py:186} INFO - Started process (PID=3730499) to work on /home/usmail/sys_fraud/sys_detection_frauds/lib/python3.12/site-packages/airflow/example_dags/tutorial_taskflow_api_virtualenv.py
[2025-03-21T20:59:31.200+0000] {processor.py:914} INFO - Processing file /home/usmail/sys_fraud/sys_detection_frauds/lib/python3.12/site-packages/airflow/example_dags/tutorial_taskflow_api_virtualenv.py for tasks to queue
[2025-03-21T20:59:31.201+0000] {logging_mixin.py:190} INFO - [2025-03-21T20:59:31.201+0000] {dagbag.py:588} INFO - Filling up the DagBag from /home/usmail/sys_fraud/sys_detection_frauds/lib/python3.12/site-packages/airflow/example_dags/tutorial_taskflow_api_virtualenv.py
[2025-03-21T20:59:31.203+0000] {logging_mixin.py:190} INFO - [2025-03-21T20:59:31.203+0000] {tutorial_taskflow_api_virtualenv.py:29} WARNING - The tutorial_taskflow_api_virtualenv example DAG requires virtualenv, please install it.
[2025-03-21T20:59:31.203+0000] {processor.py:927} WARNING - No viable dags retrieved from /home/usmail/sys_fraud/sys_detection_frauds/lib/python3.12/site-packages/airflow/example_dags/tutorial_taskflow_api_virtualenv.py
[2025-03-21T20:59:31.209+0000] {processor.py:208} INFO - Processing /home/usmail/sys_fraud/sys_detection_frauds/lib/python3.12/site-packages/airflow/example_dags/tutorial_taskflow_api_virtualenv.py took 0.021 seconds
[2025-03-21T21:00:27.114+0000] {processor.py:186} INFO - Started process (PID=3731207) to work on /home/usmail/sys_fraud/sys_detection_frauds/lib/python3.12/site-packages/airflow/example_dags/tutorial_taskflow_api_virtualenv.py
[2025-03-21T21:00:27.123+0000] {processor.py:914} INFO - Processing file /home/usmail/sys_fraud/sys_detection_frauds/lib/python3.12/site-packages/airflow/example_dags/tutorial_taskflow_api_virtualenv.py for tasks to queue
[2025-03-21T21:00:27.126+0000] {logging_mixin.py:190} INFO - [2025-03-21T21:00:27.125+0000] {dagbag.py:588} INFO - Filling up the DagBag from /home/usmail/sys_fraud/sys_detection_frauds/lib/python3.12/site-packages/airflow/example_dags/tutorial_taskflow_api_virtualenv.py
[2025-03-21T21:00:27.128+0000] {logging_mixin.py:190} INFO - [2025-03-21T21:00:27.127+0000] {tutorial_taskflow_api_virtualenv.py:29} WARNING - The tutorial_taskflow_api_virtualenv example DAG requires virtualenv, please install it.
[2025-03-21T21:00:27.128+0000] {processor.py:927} WARNING - No viable dags retrieved from /home/usmail/sys_fraud/sys_detection_frauds/lib/python3.12/site-packages/airflow/example_dags/tutorial_taskflow_api_virtualenv.py
[2025-03-21T21:00:27.134+0000] {processor.py:208} INFO - Processing /home/usmail/sys_fraud/sys_detection_frauds/lib/python3.12/site-packages/airflow/example_dags/tutorial_taskflow_api_virtualenv.py took 0.023 seconds
[2025-03-21T21:01:21.760+0000] {processor.py:186} INFO - Started process (PID=3731909) to work on /home/usmail/sys_fraud/sys_detection_frauds/lib/python3.12/site-packages/airflow/example_dags/tutorial_taskflow_api_virtualenv.py
[2025-03-21T21:01:21.768+0000] {processor.py:914} INFO - Processing file /home/usmail/sys_fraud/sys_detection_frauds/lib/python3.12/site-packages/airflow/example_dags/tutorial_taskflow_api_virtualenv.py for tasks to queue
[2025-03-21T21:01:21.770+0000] {logging_mixin.py:190} INFO - [2025-03-21T21:01:21.769+0000] {dagbag.py:588} INFO - Filling up the DagBag from /home/usmail/sys_fraud/sys_detection_frauds/lib/python3.12/site-packages/airflow/example_dags/tutorial_taskflow_api_virtualenv.py
[2025-03-21T21:01:21.771+0000] {logging_mixin.py:190} INFO - [2025-03-21T21:01:21.771+0000] {tutorial_taskflow_api_virtualenv.py:29} WARNING - The tutorial_taskflow_api_virtualenv example DAG requires virtualenv, please install it.
[2025-03-21T21:01:21.772+0000] {processor.py:927} WARNING - No viable dags retrieved from /home/usmail/sys_fraud/sys_detection_frauds/lib/python3.12/site-packages/airflow/example_dags/tutorial_taskflow_api_virtualenv.py
[2025-03-21T21:01:21.777+0000] {processor.py:208} INFO - Processing /home/usmail/sys_fraud/sys_detection_frauds/lib/python3.12/site-packages/airflow/example_dags/tutorial_taskflow_api_virtualenv.py took 0.023 seconds
[2025-03-21T21:02:16.019+0000] {processor.py:186} INFO - Started process (PID=3732598) to work on /home/usmail/sys_fraud/sys_detection_frauds/lib/python3.12/site-packages/airflow/example_dags/tutorial_taskflow_api_virtualenv.py
[2025-03-21T21:02:16.020+0000] {processor.py:914} INFO - Processing file /home/usmail/sys_fraud/sys_detection_frauds/lib/python3.12/site-packages/airflow/example_dags/tutorial_taskflow_api_virtualenv.py for tasks to queue
[2025-03-21T21:02:16.021+0000] {logging_mixin.py:190} INFO - [2025-03-21T21:02:16.021+0000] {dagbag.py:588} INFO - Filling up the DagBag from /home/usmail/sys_fraud/sys_detection_frauds/lib/python3.12/site-packages/airflow/example_dags/tutorial_taskflow_api_virtualenv.py
[2025-03-21T21:02:16.023+0000] {logging_mixin.py:190} INFO - [2025-03-21T21:02:16.023+0000] {tutorial_taskflow_api_virtualenv.py:29} WARNING - The tutorial_taskflow_api_virtualenv example DAG requires virtualenv, please install it.
[2025-03-21T21:02:16.023+0000] {processor.py:927} WARNING - No viable dags retrieved from /home/usmail/sys_fraud/sys_detection_frauds/lib/python3.12/site-packages/airflow/example_dags/tutorial_taskflow_api_virtualenv.py
[2025-03-21T21:02:16.029+0000] {processor.py:208} INFO - Processing /home/usmail/sys_fraud/sys_detection_frauds/lib/python3.12/site-packages/airflow/example_dags/tutorial_taskflow_api_virtualenv.py took 0.014 seconds
[2025-03-21T21:03:09.355+0000] {processor.py:186} INFO - Started process (PID=3733228) to work on /home/usmail/sys_fraud/sys_detection_frauds/lib/python3.12/site-packages/airflow/example_dags/tutorial_taskflow_api_virtualenv.py
[2025-03-21T21:03:09.363+0000] {processor.py:914} INFO - Processing file /home/usmail/sys_fraud/sys_detection_frauds/lib/python3.12/site-packages/airflow/example_dags/tutorial_taskflow_api_virtualenv.py for tasks to queue
[2025-03-21T21:03:09.367+0000] {logging_mixin.py:190} INFO - [2025-03-21T21:03:09.367+0000] {dagbag.py:588} INFO - Filling up the DagBag from /home/usmail/sys_fraud/sys_detection_frauds/lib/python3.12/site-packages/airflow/example_dags/tutorial_taskflow_api_virtualenv.py
[2025-03-21T21:03:09.371+0000] {logging_mixin.py:190} INFO - [2025-03-21T21:03:09.370+0000] {tutorial_taskflow_api_virtualenv.py:29} WARNING - The tutorial_taskflow_api_virtualenv example DAG requires virtualenv, please install it.
[2025-03-21T21:03:09.371+0000] {processor.py:927} WARNING - No viable dags retrieved from /home/usmail/sys_fraud/sys_detection_frauds/lib/python3.12/site-packages/airflow/example_dags/tutorial_taskflow_api_virtualenv.py
[2025-03-21T21:03:09.378+0000] {processor.py:208} INFO - Processing /home/usmail/sys_fraud/sys_detection_frauds/lib/python3.12/site-packages/airflow/example_dags/tutorial_taskflow_api_virtualenv.py took 0.028 seconds
[2025-03-21T21:04:03.341+0000] {processor.py:186} INFO - Started process (PID=3733947) to work on /home/usmail/sys_fraud/sys_detection_frauds/lib/python3.12/site-packages/airflow/example_dags/tutorial_taskflow_api_virtualenv.py
[2025-03-21T21:04:03.350+0000] {processor.py:914} INFO - Processing file /home/usmail/sys_fraud/sys_detection_frauds/lib/python3.12/site-packages/airflow/example_dags/tutorial_taskflow_api_virtualenv.py for tasks to queue
[2025-03-21T21:04:03.352+0000] {logging_mixin.py:190} INFO - [2025-03-21T21:04:03.352+0000] {dagbag.py:588} INFO - Filling up the DagBag from /home/usmail/sys_fraud/sys_detection_frauds/lib/python3.12/site-packages/airflow/example_dags/tutorial_taskflow_api_virtualenv.py
[2025-03-21T21:04:03.354+0000] {logging_mixin.py:190} INFO - [2025-03-21T21:04:03.354+0000] {tutorial_taskflow_api_virtualenv.py:29} WARNING - The tutorial_taskflow_api_virtualenv example DAG requires virtualenv, please install it.
[2025-03-21T21:04:03.355+0000] {processor.py:927} WARNING - No viable dags retrieved from /home/usmail/sys_fraud/sys_detection_frauds/lib/python3.12/site-packages/airflow/example_dags/tutorial_taskflow_api_virtualenv.py
[2025-03-21T21:04:03.362+0000] {processor.py:208} INFO - Processing /home/usmail/sys_fraud/sys_detection_frauds/lib/python3.12/site-packages/airflow/example_dags/tutorial_taskflow_api_virtualenv.py took 0.024 seconds
[2025-03-21T21:05:01.211+0000] {processor.py:186} INFO - Started process (PID=3734817) to work on /home/usmail/sys_fraud/sys_detection_frauds/lib/python3.12/site-packages/airflow/example_dags/tutorial_taskflow_api_virtualenv.py
[2025-03-21T21:05:01.220+0000] {processor.py:914} INFO - Processing file /home/usmail/sys_fraud/sys_detection_frauds/lib/python3.12/site-packages/airflow/example_dags/tutorial_taskflow_api_virtualenv.py for tasks to queue
[2025-03-21T21:05:01.221+0000] {logging_mixin.py:190} INFO - [2025-03-21T21:05:01.221+0000] {dagbag.py:588} INFO - Filling up the DagBag from /home/usmail/sys_fraud/sys_detection_frauds/lib/python3.12/site-packages/airflow/example_dags/tutorial_taskflow_api_virtualenv.py
[2025-03-21T21:05:01.223+0000] {logging_mixin.py:190} INFO - [2025-03-21T21:05:01.223+0000] {tutorial_taskflow_api_virtualenv.py:29} WARNING - The tutorial_taskflow_api_virtualenv example DAG requires virtualenv, please install it.
[2025-03-21T21:05:01.223+0000] {processor.py:927} WARNING - No viable dags retrieved from /home/usmail/sys_fraud/sys_detection_frauds/lib/python3.12/site-packages/airflow/example_dags/tutorial_taskflow_api_virtualenv.py
[2025-03-21T21:05:01.230+0000] {processor.py:208} INFO - Processing /home/usmail/sys_fraud/sys_detection_frauds/lib/python3.12/site-packages/airflow/example_dags/tutorial_taskflow_api_virtualenv.py took 0.023 seconds
[2025-03-21T21:05:54.015+0000] {processor.py:186} INFO - Started process (PID=3735608) to work on /home/usmail/sys_fraud/sys_detection_frauds/lib/python3.12/site-packages/airflow/example_dags/tutorial_taskflow_api_virtualenv.py
[2025-03-21T21:05:54.024+0000] {processor.py:914} INFO - Processing file /home/usmail/sys_fraud/sys_detection_frauds/lib/python3.12/site-packages/airflow/example_dags/tutorial_taskflow_api_virtualenv.py for tasks to queue
[2025-03-21T21:05:54.027+0000] {logging_mixin.py:190} INFO - [2025-03-21T21:05:54.026+0000] {dagbag.py:588} INFO - Filling up the DagBag from /home/usmail/sys_fraud/sys_detection_frauds/lib/python3.12/site-packages/airflow/example_dags/tutorial_taskflow_api_virtualenv.py
[2025-03-21T21:05:54.031+0000] {logging_mixin.py:190} INFO - [2025-03-21T21:05:54.030+0000] {tutorial_taskflow_api_virtualenv.py:29} WARNING - The tutorial_taskflow_api_virtualenv example DAG requires virtualenv, please install it.
[2025-03-21T21:05:54.031+0000] {processor.py:927} WARNING - No viable dags retrieved from /home/usmail/sys_fraud/sys_detection_frauds/lib/python3.12/site-packages/airflow/example_dags/tutorial_taskflow_api_virtualenv.py
[2025-03-21T21:05:54.037+0000] {processor.py:208} INFO - Processing /home/usmail/sys_fraud/sys_detection_frauds/lib/python3.12/site-packages/airflow/example_dags/tutorial_taskflow_api_virtualenv.py took 0.031 seconds
[2025-03-21T21:06:47.884+0000] {processor.py:186} INFO - Started process (PID=3736937) to work on /home/usmail/sys_fraud/sys_detection_frauds/lib/python3.12/site-packages/airflow/example_dags/tutorial_taskflow_api_virtualenv.py
[2025-03-21T21:06:47.893+0000] {processor.py:914} INFO - Processing file /home/usmail/sys_fraud/sys_detection_frauds/lib/python3.12/site-packages/airflow/example_dags/tutorial_taskflow_api_virtualenv.py for tasks to queue
[2025-03-21T21:06:47.896+0000] {logging_mixin.py:190} INFO - [2025-03-21T21:06:47.895+0000] {dagbag.py:588} INFO - Filling up the DagBag from /home/usmail/sys_fraud/sys_detection_frauds/lib/python3.12/site-packages/airflow/example_dags/tutorial_taskflow_api_virtualenv.py
[2025-03-21T21:06:47.900+0000] {logging_mixin.py:190} INFO - [2025-03-21T21:06:47.899+0000] {tutorial_taskflow_api_virtualenv.py:29} WARNING - The tutorial_taskflow_api_virtualenv example DAG requires virtualenv, please install it.
[2025-03-21T21:06:47.900+0000] {processor.py:927} WARNING - No viable dags retrieved from /home/usmail/sys_fraud/sys_detection_frauds/lib/python3.12/site-packages/airflow/example_dags/tutorial_taskflow_api_virtualenv.py
[2025-03-21T21:06:47.907+0000] {processor.py:208} INFO - Processing /home/usmail/sys_fraud/sys_detection_frauds/lib/python3.12/site-packages/airflow/example_dags/tutorial_taskflow_api_virtualenv.py took 0.028 seconds
[2025-03-21T21:07:36.886+0000] {processor.py:186} INFO - Started process (PID=3737539) to work on /home/usmail/sys_fraud/sys_detection_frauds/lib/python3.12/site-packages/airflow/example_dags/tutorial_taskflow_api_virtualenv.py
[2025-03-21T21:07:36.894+0000] {processor.py:914} INFO - Processing file /home/usmail/sys_fraud/sys_detection_frauds/lib/python3.12/site-packages/airflow/example_dags/tutorial_taskflow_api_virtualenv.py for tasks to queue
[2025-03-21T21:07:36.897+0000] {logging_mixin.py:190} INFO - [2025-03-21T21:07:36.896+0000] {dagbag.py:588} INFO - Filling up the DagBag from /home/usmail/sys_fraud/sys_detection_frauds/lib/python3.12/site-packages/airflow/example_dags/tutorial_taskflow_api_virtualenv.py
[2025-03-21T21:07:36.900+0000] {logging_mixin.py:190} INFO - [2025-03-21T21:07:36.900+0000] {tutorial_taskflow_api_virtualenv.py:29} WARNING - The tutorial_taskflow_api_virtualenv example DAG requires virtualenv, please install it.
[2025-03-21T21:07:36.901+0000] {processor.py:927} WARNING - No viable dags retrieved from /home/usmail/sys_fraud/sys_detection_frauds/lib/python3.12/site-packages/airflow/example_dags/tutorial_taskflow_api_virtualenv.py
[2025-03-21T21:07:36.907+0000] {processor.py:208} INFO - Processing /home/usmail/sys_fraud/sys_detection_frauds/lib/python3.12/site-packages/airflow/example_dags/tutorial_taskflow_api_virtualenv.py took 0.026 seconds
[2025-03-21T21:08:32.376+0000] {processor.py:186} INFO - Started process (PID=3738269) to work on /home/usmail/sys_fraud/sys_detection_frauds/lib/python3.12/site-packages/airflow/example_dags/tutorial_taskflow_api_virtualenv.py
[2025-03-21T21:08:32.385+0000] {processor.py:914} INFO - Processing file /home/usmail/sys_fraud/sys_detection_frauds/lib/python3.12/site-packages/airflow/example_dags/tutorial_taskflow_api_virtualenv.py for tasks to queue
[2025-03-21T21:08:32.389+0000] {logging_mixin.py:190} INFO - [2025-03-21T21:08:32.389+0000] {dagbag.py:588} INFO - Filling up the DagBag from /home/usmail/sys_fraud/sys_detection_frauds/lib/python3.12/site-packages/airflow/example_dags/tutorial_taskflow_api_virtualenv.py
[2025-03-21T21:08:32.394+0000] {logging_mixin.py:190} INFO - [2025-03-21T21:08:32.394+0000] {tutorial_taskflow_api_virtualenv.py:29} WARNING - The tutorial_taskflow_api_virtualenv example DAG requires virtualenv, please install it.
[2025-03-21T21:08:32.395+0000] {processor.py:927} WARNING - No viable dags retrieved from /home/usmail/sys_fraud/sys_detection_frauds/lib/python3.12/site-packages/airflow/example_dags/tutorial_taskflow_api_virtualenv.py
[2025-03-21T21:08:32.413+0000] {processor.py:208} INFO - Processing /home/usmail/sys_fraud/sys_detection_frauds/lib/python3.12/site-packages/airflow/example_dags/tutorial_taskflow_api_virtualenv.py took 0.050 seconds
[2025-03-21T21:09:29.960+0000] {processor.py:186} INFO - Started process (PID=3739119) to work on /home/usmail/sys_fraud/sys_detection_frauds/lib/python3.12/site-packages/airflow/example_dags/tutorial_taskflow_api_virtualenv.py
[2025-03-21T21:09:29.970+0000] {processor.py:914} INFO - Processing file /home/usmail/sys_fraud/sys_detection_frauds/lib/python3.12/site-packages/airflow/example_dags/tutorial_taskflow_api_virtualenv.py for tasks to queue
[2025-03-21T21:09:29.975+0000] {logging_mixin.py:190} INFO - [2025-03-21T21:09:29.974+0000] {dagbag.py:588} INFO - Filling up the DagBag from /home/usmail/sys_fraud/sys_detection_frauds/lib/python3.12/site-packages/airflow/example_dags/tutorial_taskflow_api_virtualenv.py
[2025-03-21T21:09:29.982+0000] {logging_mixin.py:190} INFO - [2025-03-21T21:09:29.981+0000] {tutorial_taskflow_api_virtualenv.py:29} WARNING - The tutorial_taskflow_api_virtualenv example DAG requires virtualenv, please install it.
[2025-03-21T21:09:29.982+0000] {processor.py:927} WARNING - No viable dags retrieved from /home/usmail/sys_fraud/sys_detection_frauds/lib/python3.12/site-packages/airflow/example_dags/tutorial_taskflow_api_virtualenv.py
[2025-03-21T21:09:30.002+0000] {processor.py:208} INFO - Processing /home/usmail/sys_fraud/sys_detection_frauds/lib/python3.12/site-packages/airflow/example_dags/tutorial_taskflow_api_virtualenv.py took 0.061 seconds
[2025-03-21T21:10:23.903+0000] {processor.py:186} INFO - Started process (PID=3739743) to work on /home/usmail/sys_fraud/sys_detection_frauds/lib/python3.12/site-packages/airflow/example_dags/tutorial_taskflow_api_virtualenv.py
[2025-03-21T21:10:23.904+0000] {processor.py:914} INFO - Processing file /home/usmail/sys_fraud/sys_detection_frauds/lib/python3.12/site-packages/airflow/example_dags/tutorial_taskflow_api_virtualenv.py for tasks to queue
[2025-03-21T21:10:23.907+0000] {logging_mixin.py:190} INFO - [2025-03-21T21:10:23.907+0000] {dagbag.py:588} INFO - Filling up the DagBag from /home/usmail/sys_fraud/sys_detection_frauds/lib/python3.12/site-packages/airflow/example_dags/tutorial_taskflow_api_virtualenv.py
[2025-03-21T21:10:23.912+0000] {logging_mixin.py:190} INFO - [2025-03-21T21:10:23.911+0000] {tutorial_taskflow_api_virtualenv.py:29} WARNING - The tutorial_taskflow_api_virtualenv example DAG requires virtualenv, please install it.
[2025-03-21T21:10:23.912+0000] {processor.py:927} WARNING - No viable dags retrieved from /home/usmail/sys_fraud/sys_detection_frauds/lib/python3.12/site-packages/airflow/example_dags/tutorial_taskflow_api_virtualenv.py
[2025-03-21T21:10:23.926+0000] {processor.py:208} INFO - Processing /home/usmail/sys_fraud/sys_detection_frauds/lib/python3.12/site-packages/airflow/example_dags/tutorial_taskflow_api_virtualenv.py took 0.035 seconds
[2025-03-21T21:11:23.219+0000] {processor.py:186} INFO - Started process (PID=3741576) to work on /home/usmail/sys_fraud/sys_detection_frauds/lib/python3.12/site-packages/airflow/example_dags/tutorial_taskflow_api_virtualenv.py
[2025-03-21T21:11:23.228+0000] {processor.py:914} INFO - Processing file /home/usmail/sys_fraud/sys_detection_frauds/lib/python3.12/site-packages/airflow/example_dags/tutorial_taskflow_api_virtualenv.py for tasks to queue
[2025-03-21T21:11:23.229+0000] {logging_mixin.py:190} INFO - [2025-03-21T21:11:23.229+0000] {dagbag.py:588} INFO - Filling up the DagBag from /home/usmail/sys_fraud/sys_detection_frauds/lib/python3.12/site-packages/airflow/example_dags/tutorial_taskflow_api_virtualenv.py
[2025-03-21T21:11:23.232+0000] {logging_mixin.py:190} INFO - [2025-03-21T21:11:23.232+0000] {tutorial_taskflow_api_virtualenv.py:29} WARNING - The tutorial_taskflow_api_virtualenv example DAG requires virtualenv, please install it.
[2025-03-21T21:11:23.232+0000] {processor.py:927} WARNING - No viable dags retrieved from /home/usmail/sys_fraud/sys_detection_frauds/lib/python3.12/site-packages/airflow/example_dags/tutorial_taskflow_api_virtualenv.py
[2025-03-21T21:11:23.239+0000] {processor.py:208} INFO - Processing /home/usmail/sys_fraud/sys_detection_frauds/lib/python3.12/site-packages/airflow/example_dags/tutorial_taskflow_api_virtualenv.py took 0.029 seconds
[2025-03-21T21:12:18.170+0000] {processor.py:186} INFO - Started process (PID=3742686) to work on /home/usmail/sys_fraud/sys_detection_frauds/lib/python3.12/site-packages/airflow/example_dags/tutorial_taskflow_api_virtualenv.py
[2025-03-21T21:12:18.179+0000] {processor.py:914} INFO - Processing file /home/usmail/sys_fraud/sys_detection_frauds/lib/python3.12/site-packages/airflow/example_dags/tutorial_taskflow_api_virtualenv.py for tasks to queue
[2025-03-21T21:12:18.180+0000] {logging_mixin.py:190} INFO - [2025-03-21T21:12:18.180+0000] {dagbag.py:588} INFO - Filling up the DagBag from /home/usmail/sys_fraud/sys_detection_frauds/lib/python3.12/site-packages/airflow/example_dags/tutorial_taskflow_api_virtualenv.py
[2025-03-21T21:12:18.182+0000] {logging_mixin.py:190} INFO - [2025-03-21T21:12:18.182+0000] {tutorial_taskflow_api_virtualenv.py:29} WARNING - The tutorial_taskflow_api_virtualenv example DAG requires virtualenv, please install it.
[2025-03-21T21:12:18.183+0000] {processor.py:927} WARNING - No viable dags retrieved from /home/usmail/sys_fraud/sys_detection_frauds/lib/python3.12/site-packages/airflow/example_dags/tutorial_taskflow_api_virtualenv.py
[2025-03-21T21:12:18.190+0000] {processor.py:208} INFO - Processing /home/usmail/sys_fraud/sys_detection_frauds/lib/python3.12/site-packages/airflow/example_dags/tutorial_taskflow_api_virtualenv.py took 0.025 seconds
[2025-03-21T21:13:10.363+0000] {processor.py:186} INFO - Started process (PID=3743596) to work on /home/usmail/sys_fraud/sys_detection_frauds/lib/python3.12/site-packages/airflow/example_dags/tutorial_taskflow_api_virtualenv.py
[2025-03-21T21:13:10.371+0000] {processor.py:914} INFO - Processing file /home/usmail/sys_fraud/sys_detection_frauds/lib/python3.12/site-packages/airflow/example_dags/tutorial_taskflow_api_virtualenv.py for tasks to queue
[2025-03-21T21:13:10.373+0000] {logging_mixin.py:190} INFO - [2025-03-21T21:13:10.373+0000] {dagbag.py:588} INFO - Filling up the DagBag from /home/usmail/sys_fraud/sys_detection_frauds/lib/python3.12/site-packages/airflow/example_dags/tutorial_taskflow_api_virtualenv.py
[2025-03-21T21:13:10.376+0000] {logging_mixin.py:190} INFO - [2025-03-21T21:13:10.375+0000] {tutorial_taskflow_api_virtualenv.py:29} WARNING - The tutorial_taskflow_api_virtualenv example DAG requires virtualenv, please install it.
[2025-03-21T21:13:10.376+0000] {processor.py:927} WARNING - No viable dags retrieved from /home/usmail/sys_fraud/sys_detection_frauds/lib/python3.12/site-packages/airflow/example_dags/tutorial_taskflow_api_virtualenv.py
[2025-03-21T21:13:10.385+0000] {processor.py:208} INFO - Processing /home/usmail/sys_fraud/sys_detection_frauds/lib/python3.12/site-packages/airflow/example_dags/tutorial_taskflow_api_virtualenv.py took 0.030 seconds
[2025-03-21T21:14:01.451+0000] {processor.py:186} INFO - Started process (PID=3744512) to work on /home/usmail/sys_fraud/sys_detection_frauds/lib/python3.12/site-packages/airflow/example_dags/tutorial_taskflow_api_virtualenv.py
[2025-03-21T21:14:01.460+0000] {processor.py:914} INFO - Processing file /home/usmail/sys_fraud/sys_detection_frauds/lib/python3.12/site-packages/airflow/example_dags/tutorial_taskflow_api_virtualenv.py for tasks to queue
[2025-03-21T21:14:01.462+0000] {logging_mixin.py:190} INFO - [2025-03-21T21:14:01.461+0000] {dagbag.py:588} INFO - Filling up the DagBag from /home/usmail/sys_fraud/sys_detection_frauds/lib/python3.12/site-packages/airflow/example_dags/tutorial_taskflow_api_virtualenv.py
[2025-03-21T21:14:01.465+0000] {logging_mixin.py:190} INFO - [2025-03-21T21:14:01.464+0000] {tutorial_taskflow_api_virtualenv.py:29} WARNING - The tutorial_taskflow_api_virtualenv example DAG requires virtualenv, please install it.
[2025-03-21T21:14:01.465+0000] {processor.py:927} WARNING - No viable dags retrieved from /home/usmail/sys_fraud/sys_detection_frauds/lib/python3.12/site-packages/airflow/example_dags/tutorial_taskflow_api_virtualenv.py
[2025-03-21T21:14:01.472+0000] {processor.py:208} INFO - Processing /home/usmail/sys_fraud/sys_detection_frauds/lib/python3.12/site-packages/airflow/example_dags/tutorial_taskflow_api_virtualenv.py took 0.028 seconds
[2025-03-21T21:14:59.378+0000] {processor.py:186} INFO - Started process (PID=3745257) to work on /home/usmail/sys_fraud/sys_detection_frauds/lib/python3.12/site-packages/airflow/example_dags/tutorial_taskflow_api_virtualenv.py
[2025-03-21T21:14:59.387+0000] {processor.py:914} INFO - Processing file /home/usmail/sys_fraud/sys_detection_frauds/lib/python3.12/site-packages/airflow/example_dags/tutorial_taskflow_api_virtualenv.py for tasks to queue
[2025-03-21T21:14:59.390+0000] {logging_mixin.py:190} INFO - [2025-03-21T21:14:59.390+0000] {dagbag.py:588} INFO - Filling up the DagBag from /home/usmail/sys_fraud/sys_detection_frauds/lib/python3.12/site-packages/airflow/example_dags/tutorial_taskflow_api_virtualenv.py
[2025-03-21T21:14:59.395+0000] {logging_mixin.py:190} INFO - [2025-03-21T21:14:59.395+0000] {tutorial_taskflow_api_virtualenv.py:29} WARNING - The tutorial_taskflow_api_virtualenv example DAG requires virtualenv, please install it.
[2025-03-21T21:14:59.396+0000] {processor.py:927} WARNING - No viable dags retrieved from /home/usmail/sys_fraud/sys_detection_frauds/lib/python3.12/site-packages/airflow/example_dags/tutorial_taskflow_api_virtualenv.py
[2025-03-21T21:14:59.411+0000] {processor.py:208} INFO - Processing /home/usmail/sys_fraud/sys_detection_frauds/lib/python3.12/site-packages/airflow/example_dags/tutorial_taskflow_api_virtualenv.py took 0.046 seconds
[2025-03-21T21:15:58.528+0000] {processor.py:186} INFO - Started process (PID=3746008) to work on /home/usmail/sys_fraud/sys_detection_frauds/lib/python3.12/site-packages/airflow/example_dags/tutorial_taskflow_api_virtualenv.py
[2025-03-21T21:15:58.537+0000] {processor.py:914} INFO - Processing file /home/usmail/sys_fraud/sys_detection_frauds/lib/python3.12/site-packages/airflow/example_dags/tutorial_taskflow_api_virtualenv.py for tasks to queue
[2025-03-21T21:15:58.541+0000] {logging_mixin.py:190} INFO - [2025-03-21T21:15:58.540+0000] {dagbag.py:588} INFO - Filling up the DagBag from /home/usmail/sys_fraud/sys_detection_frauds/lib/python3.12/site-packages/airflow/example_dags/tutorial_taskflow_api_virtualenv.py
[2025-03-21T21:15:58.546+0000] {logging_mixin.py:190} INFO - [2025-03-21T21:15:58.545+0000] {tutorial_taskflow_api_virtualenv.py:29} WARNING - The tutorial_taskflow_api_virtualenv example DAG requires virtualenv, please install it.
[2025-03-21T21:15:58.546+0000] {processor.py:927} WARNING - No viable dags retrieved from /home/usmail/sys_fraud/sys_detection_frauds/lib/python3.12/site-packages/airflow/example_dags/tutorial_taskflow_api_virtualenv.py
[2025-03-21T21:15:58.562+0000] {processor.py:208} INFO - Processing /home/usmail/sys_fraud/sys_detection_frauds/lib/python3.12/site-packages/airflow/example_dags/tutorial_taskflow_api_virtualenv.py took 0.047 seconds
[2025-03-21T21:17:01.980+0000] {processor.py:186} INFO - Started process (PID=3746794) to work on /home/usmail/sys_fraud/sys_detection_frauds/lib/python3.12/site-packages/airflow/example_dags/tutorial_taskflow_api_virtualenv.py
[2025-03-21T21:17:01.989+0000] {processor.py:914} INFO - Processing file /home/usmail/sys_fraud/sys_detection_frauds/lib/python3.12/site-packages/airflow/example_dags/tutorial_taskflow_api_virtualenv.py for tasks to queue
[2025-03-21T21:17:01.992+0000] {logging_mixin.py:190} INFO - [2025-03-21T21:17:01.992+0000] {dagbag.py:588} INFO - Filling up the DagBag from /home/usmail/sys_fraud/sys_detection_frauds/lib/python3.12/site-packages/airflow/example_dags/tutorial_taskflow_api_virtualenv.py
[2025-03-21T21:17:01.997+0000] {logging_mixin.py:190} INFO - [2025-03-21T21:17:01.997+0000] {tutorial_taskflow_api_virtualenv.py:29} WARNING - The tutorial_taskflow_api_virtualenv example DAG requires virtualenv, please install it.
[2025-03-21T21:17:01.998+0000] {processor.py:927} WARNING - No viable dags retrieved from /home/usmail/sys_fraud/sys_detection_frauds/lib/python3.12/site-packages/airflow/example_dags/tutorial_taskflow_api_virtualenv.py
[2025-03-21T21:17:02.013+0000] {processor.py:208} INFO - Processing /home/usmail/sys_fraud/sys_detection_frauds/lib/python3.12/site-packages/airflow/example_dags/tutorial_taskflow_api_virtualenv.py took 0.043 seconds
[2025-03-21T21:18:04.116+0000] {processor.py:186} INFO - Started process (PID=3747567) to work on /home/usmail/sys_fraud/sys_detection_frauds/lib/python3.12/site-packages/airflow/example_dags/tutorial_taskflow_api_virtualenv.py
[2025-03-21T21:18:04.125+0000] {processor.py:914} INFO - Processing file /home/usmail/sys_fraud/sys_detection_frauds/lib/python3.12/site-packages/airflow/example_dags/tutorial_taskflow_api_virtualenv.py for tasks to queue
[2025-03-21T21:18:04.130+0000] {logging_mixin.py:190} INFO - [2025-03-21T21:18:04.129+0000] {dagbag.py:588} INFO - Filling up the DagBag from /home/usmail/sys_fraud/sys_detection_frauds/lib/python3.12/site-packages/airflow/example_dags/tutorial_taskflow_api_virtualenv.py
[2025-03-21T21:18:04.137+0000] {logging_mixin.py:190} INFO - [2025-03-21T21:18:04.136+0000] {tutorial_taskflow_api_virtualenv.py:29} WARNING - The tutorial_taskflow_api_virtualenv example DAG requires virtualenv, please install it.
[2025-03-21T21:18:04.137+0000] {processor.py:927} WARNING - No viable dags retrieved from /home/usmail/sys_fraud/sys_detection_frauds/lib/python3.12/site-packages/airflow/example_dags/tutorial_taskflow_api_virtualenv.py
[2025-03-21T21:18:04.148+0000] {processor.py:208} INFO - Processing /home/usmail/sys_fraud/sys_detection_frauds/lib/python3.12/site-packages/airflow/example_dags/tutorial_taskflow_api_virtualenv.py took 0.045 seconds
[2025-03-21T21:19:10.034+0000] {processor.py:186} INFO - Started process (PID=3748365) to work on /home/usmail/sys_fraud/sys_detection_frauds/lib/python3.12/site-packages/airflow/example_dags/tutorial_taskflow_api_virtualenv.py
[2025-03-21T21:19:10.043+0000] {processor.py:914} INFO - Processing file /home/usmail/sys_fraud/sys_detection_frauds/lib/python3.12/site-packages/airflow/example_dags/tutorial_taskflow_api_virtualenv.py for tasks to queue
[2025-03-21T21:19:10.046+0000] {logging_mixin.py:190} INFO - [2025-03-21T21:19:10.046+0000] {dagbag.py:588} INFO - Filling up the DagBag from /home/usmail/sys_fraud/sys_detection_frauds/lib/python3.12/site-packages/airflow/example_dags/tutorial_taskflow_api_virtualenv.py
[2025-03-21T21:19:10.051+0000] {logging_mixin.py:190} INFO - [2025-03-21T21:19:10.051+0000] {tutorial_taskflow_api_virtualenv.py:29} WARNING - The tutorial_taskflow_api_virtualenv example DAG requires virtualenv, please install it.
[2025-03-21T21:19:10.051+0000] {processor.py:927} WARNING - No viable dags retrieved from /home/usmail/sys_fraud/sys_detection_frauds/lib/python3.12/site-packages/airflow/example_dags/tutorial_taskflow_api_virtualenv.py
[2025-03-21T21:19:10.066+0000] {processor.py:208} INFO - Processing /home/usmail/sys_fraud/sys_detection_frauds/lib/python3.12/site-packages/airflow/example_dags/tutorial_taskflow_api_virtualenv.py took 0.045 seconds
[2025-03-21T21:20:13.395+0000] {processor.py:186} INFO - Started process (PID=3749139) to work on /home/usmail/sys_fraud/sys_detection_frauds/lib/python3.12/site-packages/airflow/example_dags/tutorial_taskflow_api_virtualenv.py
[2025-03-21T21:20:13.404+0000] {processor.py:914} INFO - Processing file /home/usmail/sys_fraud/sys_detection_frauds/lib/python3.12/site-packages/airflow/example_dags/tutorial_taskflow_api_virtualenv.py for tasks to queue
[2025-03-21T21:20:13.408+0000] {logging_mixin.py:190} INFO - [2025-03-21T21:20:13.408+0000] {dagbag.py:588} INFO - Filling up the DagBag from /home/usmail/sys_fraud/sys_detection_frauds/lib/python3.12/site-packages/airflow/example_dags/tutorial_taskflow_api_virtualenv.py
[2025-03-21T21:20:13.414+0000] {logging_mixin.py:190} INFO - [2025-03-21T21:20:13.414+0000] {tutorial_taskflow_api_virtualenv.py:29} WARNING - The tutorial_taskflow_api_virtualenv example DAG requires virtualenv, please install it.
[2025-03-21T21:20:13.415+0000] {processor.py:927} WARNING - No viable dags retrieved from /home/usmail/sys_fraud/sys_detection_frauds/lib/python3.12/site-packages/airflow/example_dags/tutorial_taskflow_api_virtualenv.py
[2025-03-21T21:20:13.431+0000] {processor.py:208} INFO - Processing /home/usmail/sys_fraud/sys_detection_frauds/lib/python3.12/site-packages/airflow/example_dags/tutorial_taskflow_api_virtualenv.py took 0.050 seconds
[2025-03-21T21:21:16.430+0000] {processor.py:186} INFO - Started process (PID=3749903) to work on /home/usmail/sys_fraud/sys_detection_frauds/lib/python3.12/site-packages/airflow/example_dags/tutorial_taskflow_api_virtualenv.py
[2025-03-21T21:21:16.431+0000] {processor.py:914} INFO - Processing file /home/usmail/sys_fraud/sys_detection_frauds/lib/python3.12/site-packages/airflow/example_dags/tutorial_taskflow_api_virtualenv.py for tasks to queue
[2025-03-21T21:21:16.434+0000] {logging_mixin.py:190} INFO - [2025-03-21T21:21:16.434+0000] {dagbag.py:588} INFO - Filling up the DagBag from /home/usmail/sys_fraud/sys_detection_frauds/lib/python3.12/site-packages/airflow/example_dags/tutorial_taskflow_api_virtualenv.py
[2025-03-21T21:21:16.439+0000] {logging_mixin.py:190} INFO - [2025-03-21T21:21:16.439+0000] {tutorial_taskflow_api_virtualenv.py:29} WARNING - The tutorial_taskflow_api_virtualenv example DAG requires virtualenv, please install it.
[2025-03-21T21:21:16.440+0000] {processor.py:927} WARNING - No viable dags retrieved from /home/usmail/sys_fraud/sys_detection_frauds/lib/python3.12/site-packages/airflow/example_dags/tutorial_taskflow_api_virtualenv.py
[2025-03-21T21:21:16.454+0000] {processor.py:208} INFO - Processing /home/usmail/sys_fraud/sys_detection_frauds/lib/python3.12/site-packages/airflow/example_dags/tutorial_taskflow_api_virtualenv.py took 0.037 seconds
[2025-03-21T21:22:24.021+0000] {processor.py:186} INFO - Started process (PID=3750744) to work on /home/usmail/sys_fraud/sys_detection_frauds/lib/python3.12/site-packages/airflow/example_dags/tutorial_taskflow_api_virtualenv.py
[2025-03-21T21:22:24.030+0000] {processor.py:914} INFO - Processing file /home/usmail/sys_fraud/sys_detection_frauds/lib/python3.12/site-packages/airflow/example_dags/tutorial_taskflow_api_virtualenv.py for tasks to queue
[2025-03-21T21:22:24.033+0000] {logging_mixin.py:190} INFO - [2025-03-21T21:22:24.032+0000] {dagbag.py:588} INFO - Filling up the DagBag from /home/usmail/sys_fraud/sys_detection_frauds/lib/python3.12/site-packages/airflow/example_dags/tutorial_taskflow_api_virtualenv.py
[2025-03-21T21:22:24.038+0000] {logging_mixin.py:190} INFO - [2025-03-21T21:22:24.037+0000] {tutorial_taskflow_api_virtualenv.py:29} WARNING - The tutorial_taskflow_api_virtualenv example DAG requires virtualenv, please install it.
[2025-03-21T21:22:24.038+0000] {processor.py:927} WARNING - No viable dags retrieved from /home/usmail/sys_fraud/sys_detection_frauds/lib/python3.12/site-packages/airflow/example_dags/tutorial_taskflow_api_virtualenv.py
[2025-03-21T21:22:24.052+0000] {processor.py:208} INFO - Processing /home/usmail/sys_fraud/sys_detection_frauds/lib/python3.12/site-packages/airflow/example_dags/tutorial_taskflow_api_virtualenv.py took 0.043 seconds
[2025-03-21T21:23:28.702+0000] {processor.py:186} INFO - Started process (PID=3751552) to work on /home/usmail/sys_fraud/sys_detection_frauds/lib/python3.12/site-packages/airflow/example_dags/tutorial_taskflow_api_virtualenv.py
[2025-03-21T21:23:28.703+0000] {processor.py:914} INFO - Processing file /home/usmail/sys_fraud/sys_detection_frauds/lib/python3.12/site-packages/airflow/example_dags/tutorial_taskflow_api_virtualenv.py for tasks to queue
[2025-03-21T21:23:28.706+0000] {logging_mixin.py:190} INFO - [2025-03-21T21:23:28.706+0000] {dagbag.py:588} INFO - Filling up the DagBag from /home/usmail/sys_fraud/sys_detection_frauds/lib/python3.12/site-packages/airflow/example_dags/tutorial_taskflow_api_virtualenv.py
[2025-03-21T21:23:28.711+0000] {logging_mixin.py:190} INFO - [2025-03-21T21:23:28.711+0000] {tutorial_taskflow_api_virtualenv.py:29} WARNING - The tutorial_taskflow_api_virtualenv example DAG requires virtualenv, please install it.
[2025-03-21T21:23:28.711+0000] {processor.py:927} WARNING - No viable dags retrieved from /home/usmail/sys_fraud/sys_detection_frauds/lib/python3.12/site-packages/airflow/example_dags/tutorial_taskflow_api_virtualenv.py
[2025-03-21T21:23:28.725+0000] {processor.py:208} INFO - Processing /home/usmail/sys_fraud/sys_detection_frauds/lib/python3.12/site-packages/airflow/example_dags/tutorial_taskflow_api_virtualenv.py took 0.036 seconds
[2025-03-21T21:24:30.429+0000] {processor.py:186} INFO - Started process (PID=3752221) to work on /home/usmail/sys_fraud/sys_detection_frauds/lib/python3.12/site-packages/airflow/example_dags/tutorial_taskflow_api_virtualenv.py
[2025-03-21T21:24:30.438+0000] {processor.py:914} INFO - Processing file /home/usmail/sys_fraud/sys_detection_frauds/lib/python3.12/site-packages/airflow/example_dags/tutorial_taskflow_api_virtualenv.py for tasks to queue
[2025-03-21T21:24:30.442+0000] {logging_mixin.py:190} INFO - [2025-03-21T21:24:30.441+0000] {dagbag.py:588} INFO - Filling up the DagBag from /home/usmail/sys_fraud/sys_detection_frauds/lib/python3.12/site-packages/airflow/example_dags/tutorial_taskflow_api_virtualenv.py
[2025-03-21T21:24:30.447+0000] {logging_mixin.py:190} INFO - [2025-03-21T21:24:30.447+0000] {tutorial_taskflow_api_virtualenv.py:29} WARNING - The tutorial_taskflow_api_virtualenv example DAG requires virtualenv, please install it.
[2025-03-21T21:24:30.447+0000] {processor.py:927} WARNING - No viable dags retrieved from /home/usmail/sys_fraud/sys_detection_frauds/lib/python3.12/site-packages/airflow/example_dags/tutorial_taskflow_api_virtualenv.py
[2025-03-21T21:24:30.463+0000] {processor.py:208} INFO - Processing /home/usmail/sys_fraud/sys_detection_frauds/lib/python3.12/site-packages/airflow/example_dags/tutorial_taskflow_api_virtualenv.py took 0.048 seconds
[2025-03-21T21:25:32.713+0000] {processor.py:186} INFO - Started process (PID=3752907) to work on /home/usmail/sys_fraud/sys_detection_frauds/lib/python3.12/site-packages/airflow/example_dags/tutorial_taskflow_api_virtualenv.py
[2025-03-21T21:25:32.715+0000] {processor.py:914} INFO - Processing file /home/usmail/sys_fraud/sys_detection_frauds/lib/python3.12/site-packages/airflow/example_dags/tutorial_taskflow_api_virtualenv.py for tasks to queue
[2025-03-21T21:25:32.718+0000] {logging_mixin.py:190} INFO - [2025-03-21T21:25:32.718+0000] {dagbag.py:588} INFO - Filling up the DagBag from /home/usmail/sys_fraud/sys_detection_frauds/lib/python3.12/site-packages/airflow/example_dags/tutorial_taskflow_api_virtualenv.py
[2025-03-21T21:25:32.723+0000] {logging_mixin.py:190} INFO - [2025-03-21T21:25:32.723+0000] {tutorial_taskflow_api_virtualenv.py:29} WARNING - The tutorial_taskflow_api_virtualenv example DAG requires virtualenv, please install it.
[2025-03-21T21:25:32.723+0000] {processor.py:927} WARNING - No viable dags retrieved from /home/usmail/sys_fraud/sys_detection_frauds/lib/python3.12/site-packages/airflow/example_dags/tutorial_taskflow_api_virtualenv.py
[2025-03-21T21:25:32.738+0000] {processor.py:208} INFO - Processing /home/usmail/sys_fraud/sys_detection_frauds/lib/python3.12/site-packages/airflow/example_dags/tutorial_taskflow_api_virtualenv.py took 0.038 seconds
[2025-03-21T21:26:37.294+0000] {processor.py:186} INFO - Started process (PID=3753575) to work on /home/usmail/sys_fraud/sys_detection_frauds/lib/python3.12/site-packages/airflow/example_dags/tutorial_taskflow_api_virtualenv.py
[2025-03-21T21:26:37.303+0000] {processor.py:914} INFO - Processing file /home/usmail/sys_fraud/sys_detection_frauds/lib/python3.12/site-packages/airflow/example_dags/tutorial_taskflow_api_virtualenv.py for tasks to queue
[2025-03-21T21:26:37.307+0000] {logging_mixin.py:190} INFO - [2025-03-21T21:26:37.306+0000] {dagbag.py:588} INFO - Filling up the DagBag from /home/usmail/sys_fraud/sys_detection_frauds/lib/python3.12/site-packages/airflow/example_dags/tutorial_taskflow_api_virtualenv.py
[2025-03-21T21:26:37.312+0000] {logging_mixin.py:190} INFO - [2025-03-21T21:26:37.312+0000] {tutorial_taskflow_api_virtualenv.py:29} WARNING - The tutorial_taskflow_api_virtualenv example DAG requires virtualenv, please install it.
[2025-03-21T21:26:37.313+0000] {processor.py:927} WARNING - No viable dags retrieved from /home/usmail/sys_fraud/sys_detection_frauds/lib/python3.12/site-packages/airflow/example_dags/tutorial_taskflow_api_virtualenv.py
[2025-03-21T21:26:37.328+0000] {processor.py:208} INFO - Processing /home/usmail/sys_fraud/sys_detection_frauds/lib/python3.12/site-packages/airflow/example_dags/tutorial_taskflow_api_virtualenv.py took 0.046 seconds
[2025-03-21T21:27:40.123+0000] {processor.py:186} INFO - Started process (PID=3754227) to work on /home/usmail/sys_fraud/sys_detection_frauds/lib/python3.12/site-packages/airflow/example_dags/tutorial_taskflow_api_virtualenv.py
[2025-03-21T21:27:40.132+0000] {processor.py:914} INFO - Processing file /home/usmail/sys_fraud/sys_detection_frauds/lib/python3.12/site-packages/airflow/example_dags/tutorial_taskflow_api_virtualenv.py for tasks to queue
[2025-03-21T21:27:40.135+0000] {logging_mixin.py:190} INFO - [2025-03-21T21:27:40.134+0000] {dagbag.py:588} INFO - Filling up the DagBag from /home/usmail/sys_fraud/sys_detection_frauds/lib/python3.12/site-packages/airflow/example_dags/tutorial_taskflow_api_virtualenv.py
[2025-03-21T21:27:40.140+0000] {logging_mixin.py:190} INFO - [2025-03-21T21:27:40.139+0000] {tutorial_taskflow_api_virtualenv.py:29} WARNING - The tutorial_taskflow_api_virtualenv example DAG requires virtualenv, please install it.
[2025-03-21T21:27:40.140+0000] {processor.py:927} WARNING - No viable dags retrieved from /home/usmail/sys_fraud/sys_detection_frauds/lib/python3.12/site-packages/airflow/example_dags/tutorial_taskflow_api_virtualenv.py
[2025-03-21T21:27:40.155+0000] {processor.py:208} INFO - Processing /home/usmail/sys_fraud/sys_detection_frauds/lib/python3.12/site-packages/airflow/example_dags/tutorial_taskflow_api_virtualenv.py took 0.044 seconds
[2025-03-21T21:28:40.540+0000] {processor.py:186} INFO - Started process (PID=3754855) to work on /home/usmail/sys_fraud/sys_detection_frauds/lib/python3.12/site-packages/airflow/example_dags/tutorial_taskflow_api_virtualenv.py
[2025-03-21T21:28:40.549+0000] {processor.py:914} INFO - Processing file /home/usmail/sys_fraud/sys_detection_frauds/lib/python3.12/site-packages/airflow/example_dags/tutorial_taskflow_api_virtualenv.py for tasks to queue
[2025-03-21T21:28:40.552+0000] {logging_mixin.py:190} INFO - [2025-03-21T21:28:40.552+0000] {dagbag.py:588} INFO - Filling up the DagBag from /home/usmail/sys_fraud/sys_detection_frauds/lib/python3.12/site-packages/airflow/example_dags/tutorial_taskflow_api_virtualenv.py
[2025-03-21T21:28:40.557+0000] {logging_mixin.py:190} INFO - [2025-03-21T21:28:40.557+0000] {tutorial_taskflow_api_virtualenv.py:29} WARNING - The tutorial_taskflow_api_virtualenv example DAG requires virtualenv, please install it.
[2025-03-21T21:28:40.557+0000] {processor.py:927} WARNING - No viable dags retrieved from /home/usmail/sys_fraud/sys_detection_frauds/lib/python3.12/site-packages/airflow/example_dags/tutorial_taskflow_api_virtualenv.py
[2025-03-21T21:28:40.572+0000] {processor.py:208} INFO - Processing /home/usmail/sys_fraud/sys_detection_frauds/lib/python3.12/site-packages/airflow/example_dags/tutorial_taskflow_api_virtualenv.py took 0.044 seconds
[2025-03-21T21:29:44.239+0000] {processor.py:186} INFO - Started process (PID=3755521) to work on /home/usmail/sys_fraud/sys_detection_frauds/lib/python3.12/site-packages/airflow/example_dags/tutorial_taskflow_api_virtualenv.py
[2025-03-21T21:29:44.249+0000] {processor.py:914} INFO - Processing file /home/usmail/sys_fraud/sys_detection_frauds/lib/python3.12/site-packages/airflow/example_dags/tutorial_taskflow_api_virtualenv.py for tasks to queue
[2025-03-21T21:29:44.252+0000] {logging_mixin.py:190} INFO - [2025-03-21T21:29:44.251+0000] {dagbag.py:588} INFO - Filling up the DagBag from /home/usmail/sys_fraud/sys_detection_frauds/lib/python3.12/site-packages/airflow/example_dags/tutorial_taskflow_api_virtualenv.py
[2025-03-21T21:29:44.257+0000] {logging_mixin.py:190} INFO - [2025-03-21T21:29:44.256+0000] {tutorial_taskflow_api_virtualenv.py:29} WARNING - The tutorial_taskflow_api_virtualenv example DAG requires virtualenv, please install it.
[2025-03-21T21:29:44.257+0000] {processor.py:927} WARNING - No viable dags retrieved from /home/usmail/sys_fraud/sys_detection_frauds/lib/python3.12/site-packages/airflow/example_dags/tutorial_taskflow_api_virtualenv.py
[2025-03-21T21:29:44.271+0000] {processor.py:208} INFO - Processing /home/usmail/sys_fraud/sys_detection_frauds/lib/python3.12/site-packages/airflow/example_dags/tutorial_taskflow_api_virtualenv.py took 0.044 seconds
[2025-03-21T21:30:49.111+0000] {processor.py:186} INFO - Started process (PID=3756203) to work on /home/usmail/sys_fraud/sys_detection_frauds/lib/python3.12/site-packages/airflow/example_dags/tutorial_taskflow_api_virtualenv.py
[2025-03-21T21:30:49.120+0000] {processor.py:914} INFO - Processing file /home/usmail/sys_fraud/sys_detection_frauds/lib/python3.12/site-packages/airflow/example_dags/tutorial_taskflow_api_virtualenv.py for tasks to queue
[2025-03-21T21:30:49.122+0000] {logging_mixin.py:190} INFO - [2025-03-21T21:30:49.122+0000] {dagbag.py:588} INFO - Filling up the DagBag from /home/usmail/sys_fraud/sys_detection_frauds/lib/python3.12/site-packages/airflow/example_dags/tutorial_taskflow_api_virtualenv.py
[2025-03-21T21:30:49.127+0000] {logging_mixin.py:190} INFO - [2025-03-21T21:30:49.127+0000] {tutorial_taskflow_api_virtualenv.py:29} WARNING - The tutorial_taskflow_api_virtualenv example DAG requires virtualenv, please install it.
[2025-03-21T21:30:49.128+0000] {processor.py:927} WARNING - No viable dags retrieved from /home/usmail/sys_fraud/sys_detection_frauds/lib/python3.12/site-packages/airflow/example_dags/tutorial_taskflow_api_virtualenv.py
[2025-03-21T21:30:49.142+0000] {processor.py:208} INFO - Processing /home/usmail/sys_fraud/sys_detection_frauds/lib/python3.12/site-packages/airflow/example_dags/tutorial_taskflow_api_virtualenv.py took 0.044 seconds
[2025-03-21T21:31:54.737+0000] {processor.py:186} INFO - Started process (PID=3756898) to work on /home/usmail/sys_fraud/sys_detection_frauds/lib/python3.12/site-packages/airflow/example_dags/tutorial_taskflow_api_virtualenv.py
[2025-03-21T21:31:54.747+0000] {processor.py:914} INFO - Processing file /home/usmail/sys_fraud/sys_detection_frauds/lib/python3.12/site-packages/airflow/example_dags/tutorial_taskflow_api_virtualenv.py for tasks to queue
[2025-03-21T21:31:54.750+0000] {logging_mixin.py:190} INFO - [2025-03-21T21:31:54.749+0000] {dagbag.py:588} INFO - Filling up the DagBag from /home/usmail/sys_fraud/sys_detection_frauds/lib/python3.12/site-packages/airflow/example_dags/tutorial_taskflow_api_virtualenv.py
[2025-03-21T21:31:54.755+0000] {logging_mixin.py:190} INFO - [2025-03-21T21:31:54.754+0000] {tutorial_taskflow_api_virtualenv.py:29} WARNING - The tutorial_taskflow_api_virtualenv example DAG requires virtualenv, please install it.
[2025-03-21T21:31:54.755+0000] {processor.py:927} WARNING - No viable dags retrieved from /home/usmail/sys_fraud/sys_detection_frauds/lib/python3.12/site-packages/airflow/example_dags/tutorial_taskflow_api_virtualenv.py
[2025-03-21T21:31:54.769+0000] {processor.py:208} INFO - Processing /home/usmail/sys_fraud/sys_detection_frauds/lib/python3.12/site-packages/airflow/example_dags/tutorial_taskflow_api_virtualenv.py took 0.045 seconds
[2025-03-21T21:32:57.850+0000] {processor.py:186} INFO - Started process (PID=3757541) to work on /home/usmail/sys_fraud/sys_detection_frauds/lib/python3.12/site-packages/airflow/example_dags/tutorial_taskflow_api_virtualenv.py
[2025-03-21T21:32:57.859+0000] {processor.py:914} INFO - Processing file /home/usmail/sys_fraud/sys_detection_frauds/lib/python3.12/site-packages/airflow/example_dags/tutorial_taskflow_api_virtualenv.py for tasks to queue
[2025-03-21T21:32:57.862+0000] {logging_mixin.py:190} INFO - [2025-03-21T21:32:57.862+0000] {dagbag.py:588} INFO - Filling up the DagBag from /home/usmail/sys_fraud/sys_detection_frauds/lib/python3.12/site-packages/airflow/example_dags/tutorial_taskflow_api_virtualenv.py
[2025-03-21T21:32:57.867+0000] {logging_mixin.py:190} INFO - [2025-03-21T21:32:57.867+0000] {tutorial_taskflow_api_virtualenv.py:29} WARNING - The tutorial_taskflow_api_virtualenv example DAG requires virtualenv, please install it.
[2025-03-21T21:32:57.867+0000] {processor.py:927} WARNING - No viable dags retrieved from /home/usmail/sys_fraud/sys_detection_frauds/lib/python3.12/site-packages/airflow/example_dags/tutorial_taskflow_api_virtualenv.py
[2025-03-21T21:32:57.881+0000] {processor.py:208} INFO - Processing /home/usmail/sys_fraud/sys_detection_frauds/lib/python3.12/site-packages/airflow/example_dags/tutorial_taskflow_api_virtualenv.py took 0.043 seconds
[2025-03-21T22:19:31.636+0000] {processor.py:186} INFO - Started process (PID=3758597) to work on /home/usmail/sys_fraud/sys_detection_frauds/lib/python3.12/site-packages/airflow/example_dags/tutorial_taskflow_api_virtualenv.py
[2025-03-21T22:19:31.646+0000] {processor.py:914} INFO - Processing file /home/usmail/sys_fraud/sys_detection_frauds/lib/python3.12/site-packages/airflow/example_dags/tutorial_taskflow_api_virtualenv.py for tasks to queue
[2025-03-21T22:19:31.649+0000] {logging_mixin.py:190} INFO - [2025-03-21T22:19:31.648+0000] {dagbag.py:588} INFO - Filling up the DagBag from /home/usmail/sys_fraud/sys_detection_frauds/lib/python3.12/site-packages/airflow/example_dags/tutorial_taskflow_api_virtualenv.py
[2025-03-21T22:19:31.654+0000] {logging_mixin.py:190} INFO - [2025-03-21T22:19:31.654+0000] {tutorial_taskflow_api_virtualenv.py:29} WARNING - The tutorial_taskflow_api_virtualenv example DAG requires virtualenv, please install it.
[2025-03-21T22:19:31.655+0000] {processor.py:927} WARNING - No viable dags retrieved from /home/usmail/sys_fraud/sys_detection_frauds/lib/python3.12/site-packages/airflow/example_dags/tutorial_taskflow_api_virtualenv.py
[2025-03-21T22:19:31.671+0000] {processor.py:208} INFO - Processing /home/usmail/sys_fraud/sys_detection_frauds/lib/python3.12/site-packages/airflow/example_dags/tutorial_taskflow_api_virtualenv.py took 0.048 seconds
[2025-03-21T22:20:28.702+0000] {processor.py:186} INFO - Started process (PID=3759508) to work on /home/usmail/sys_fraud/sys_detection_frauds/lib/python3.12/site-packages/airflow/example_dags/tutorial_taskflow_api_virtualenv.py
[2025-03-21T22:20:28.711+0000] {processor.py:914} INFO - Processing file /home/usmail/sys_fraud/sys_detection_frauds/lib/python3.12/site-packages/airflow/example_dags/tutorial_taskflow_api_virtualenv.py for tasks to queue
[2025-03-21T22:20:28.714+0000] {logging_mixin.py:190} INFO - [2025-03-21T22:20:28.713+0000] {dagbag.py:588} INFO - Filling up the DagBag from /home/usmail/sys_fraud/sys_detection_frauds/lib/python3.12/site-packages/airflow/example_dags/tutorial_taskflow_api_virtualenv.py
[2025-03-21T22:20:28.718+0000] {logging_mixin.py:190} INFO - [2025-03-21T22:20:28.718+0000] {tutorial_taskflow_api_virtualenv.py:29} WARNING - The tutorial_taskflow_api_virtualenv example DAG requires virtualenv, please install it.
[2025-03-21T22:20:28.718+0000] {processor.py:927} WARNING - No viable dags retrieved from /home/usmail/sys_fraud/sys_detection_frauds/lib/python3.12/site-packages/airflow/example_dags/tutorial_taskflow_api_virtualenv.py
[2025-03-21T22:20:28.733+0000] {processor.py:208} INFO - Processing /home/usmail/sys_fraud/sys_detection_frauds/lib/python3.12/site-packages/airflow/example_dags/tutorial_taskflow_api_virtualenv.py took 0.042 seconds
[2025-03-21T22:21:30.935+0000] {processor.py:186} INFO - Started process (PID=3760291) to work on /home/usmail/sys_fraud/sys_detection_frauds/lib/python3.12/site-packages/airflow/example_dags/tutorial_taskflow_api_virtualenv.py
[2025-03-21T22:21:30.945+0000] {processor.py:914} INFO - Processing file /home/usmail/sys_fraud/sys_detection_frauds/lib/python3.12/site-packages/airflow/example_dags/tutorial_taskflow_api_virtualenv.py for tasks to queue
[2025-03-21T22:21:30.947+0000] {logging_mixin.py:190} INFO - [2025-03-21T22:21:30.946+0000] {dagbag.py:588} INFO - Filling up the DagBag from /home/usmail/sys_fraud/sys_detection_frauds/lib/python3.12/site-packages/airflow/example_dags/tutorial_taskflow_api_virtualenv.py
[2025-03-21T22:21:30.952+0000] {logging_mixin.py:190} INFO - [2025-03-21T22:21:30.951+0000] {tutorial_taskflow_api_virtualenv.py:29} WARNING - The tutorial_taskflow_api_virtualenv example DAG requires virtualenv, please install it.
[2025-03-21T22:21:30.952+0000] {processor.py:927} WARNING - No viable dags retrieved from /home/usmail/sys_fraud/sys_detection_frauds/lib/python3.12/site-packages/airflow/example_dags/tutorial_taskflow_api_virtualenv.py
[2025-03-21T22:21:30.972+0000] {processor.py:208} INFO - Processing /home/usmail/sys_fraud/sys_detection_frauds/lib/python3.12/site-packages/airflow/example_dags/tutorial_taskflow_api_virtualenv.py took 0.050 seconds
