[2025-03-21T20:49:27.592+0000] {processor.py:186} INFO - Started process (PID=3722848) to work on /home/usmail/sys_fraud/sys_detection_frauds/lib/python3.12/site-packages/airflow/example_dags/tutorial_objectstorage.py
[2025-03-21T20:49:27.592+0000] {processor.py:914} INFO - Processing file /home/usmail/sys_fraud/sys_detection_frauds/lib/python3.12/site-packages/airflow/example_dags/tutorial_objectstorage.py for tasks to queue
[2025-03-21T20:49:27.593+0000] {logging_mixin.py:190} INFO - [2025-03-21T20:49:27.593+0000] {dagbag.py:588} INFO - Filling up the DagBag from /home/usmail/sys_fraud/sys_detection_frauds/lib/python3.12/site-packages/airflow/example_dags/tutorial_objectstorage.py
[2025-03-21T20:49:27.599+0000] {processor.py:925} INFO - DAG(s) 'tutorial_objectstorage' retrieved from /home/usmail/sys_fraud/sys_detection_frauds/lib/python3.12/site-packages/airflow/example_dags/tutorial_objectstorage.py
[2025-03-21T20:49:27.666+0000] {logging_mixin.py:190} INFO - [2025-03-21T20:49:27.665+0000] {override.py:1912} INFO - Created Permission View: can edit on DAG:tutorial_objectstorage
[2025-03-21T20:49:27.673+0000] {logging_mixin.py:190} INFO - [2025-03-21T20:49:27.672+0000] {override.py:1912} INFO - Created Permission View: can read on DAG:tutorial_objectstorage
[2025-03-21T20:49:27.678+0000] {logging_mixin.py:190} INFO - [2025-03-21T20:49:27.678+0000] {override.py:1912} INFO - Created Permission View: can delete on DAG:tutorial_objectstorage
[2025-03-21T20:49:27.686+0000] {logging_mixin.py:190} INFO - [2025-03-21T20:49:27.686+0000] {override.py:1912} INFO - Created Permission View: can create on DAG Run:tutorial_objectstorage
[2025-03-21T20:49:27.691+0000] {logging_mixin.py:190} INFO - [2025-03-21T20:49:27.691+0000] {override.py:1912} INFO - Created Permission View: menu access on DAG Run:tutorial_objectstorage
[2025-03-21T20:49:27.696+0000] {logging_mixin.py:190} INFO - [2025-03-21T20:49:27.696+0000] {override.py:1912} INFO - Created Permission View: can read on DAG Run:tutorial_objectstorage
[2025-03-21T20:49:27.701+0000] {logging_mixin.py:190} INFO - [2025-03-21T20:49:27.701+0000] {override.py:1912} INFO - Created Permission View: can delete on DAG Run:tutorial_objectstorage
[2025-03-21T20:49:27.702+0000] {logging_mixin.py:190} INFO - [2025-03-21T20:49:27.702+0000] {dag.py:3239} INFO - Sync 1 DAGs
[2025-03-21T20:49:27.708+0000] {logging_mixin.py:190} INFO - [2025-03-21T20:49:27.707+0000] {dag.py:3262} INFO - Creating ORM DAG for tutorial_objectstorage
[2025-03-21T20:49:27.708+0000] {logging_mixin.py:190} INFO - [2025-03-21T20:49:27.708+0000] {dag.py:4180} INFO - Setting next_dagrun for tutorial_objectstorage to None, run_after=None
[2025-03-21T20:49:27.720+0000] {processor.py:208} INFO - Processing /home/usmail/sys_fraud/sys_detection_frauds/lib/python3.12/site-packages/airflow/example_dags/tutorial_objectstorage.py took 0.131 seconds
[2025-03-21T20:50:28.542+0000] {processor.py:186} INFO - Started process (PID=3723595) to work on /home/usmail/sys_fraud/sys_detection_frauds/lib/python3.12/site-packages/airflow/example_dags/tutorial_objectstorage.py
[2025-03-21T20:50:28.542+0000] {processor.py:914} INFO - Processing file /home/usmail/sys_fraud/sys_detection_frauds/lib/python3.12/site-packages/airflow/example_dags/tutorial_objectstorage.py for tasks to queue
[2025-03-21T20:50:28.543+0000] {logging_mixin.py:190} INFO - [2025-03-21T20:50:28.543+0000] {dagbag.py:588} INFO - Filling up the DagBag from /home/usmail/sys_fraud/sys_detection_frauds/lib/python3.12/site-packages/airflow/example_dags/tutorial_objectstorage.py
[2025-03-21T20:50:28.549+0000] {processor.py:925} INFO - DAG(s) 'tutorial_objectstorage' retrieved from /home/usmail/sys_fraud/sys_detection_frauds/lib/python3.12/site-packages/airflow/example_dags/tutorial_objectstorage.py
[2025-03-21T20:50:28.557+0000] {logging_mixin.py:190} INFO - [2025-03-21T20:50:28.557+0000] {dag.py:3239} INFO - Sync 1 DAGs
[2025-03-21T20:50:28.564+0000] {logging_mixin.py:190} INFO - [2025-03-21T20:50:28.564+0000] {dag.py:4180} INFO - Setting next_dagrun for tutorial_objectstorage to None, run_after=None
[2025-03-21T20:50:28.575+0000] {processor.py:208} INFO - Processing /home/usmail/sys_fraud/sys_detection_frauds/lib/python3.12/site-packages/airflow/example_dags/tutorial_objectstorage.py took 0.038 seconds
[2025-03-21T20:51:23.867+0000] {processor.py:186} INFO - Started process (PID=3724275) to work on /home/usmail/sys_fraud/sys_detection_frauds/lib/python3.12/site-packages/airflow/example_dags/tutorial_objectstorage.py
[2025-03-21T20:51:23.876+0000] {processor.py:914} INFO - Processing file /home/usmail/sys_fraud/sys_detection_frauds/lib/python3.12/site-packages/airflow/example_dags/tutorial_objectstorage.py for tasks to queue
[2025-03-21T20:51:23.879+0000] {logging_mixin.py:190} INFO - [2025-03-21T20:51:23.878+0000] {dagbag.py:588} INFO - Filling up the DagBag from /home/usmail/sys_fraud/sys_detection_frauds/lib/python3.12/site-packages/airflow/example_dags/tutorial_objectstorage.py
[2025-03-21T20:51:23.886+0000] {processor.py:925} INFO - DAG(s) 'tutorial_objectstorage' retrieved from /home/usmail/sys_fraud/sys_detection_frauds/lib/python3.12/site-packages/airflow/example_dags/tutorial_objectstorage.py
[2025-03-21T20:51:23.894+0000] {logging_mixin.py:190} INFO - [2025-03-21T20:51:23.894+0000] {dag.py:3239} INFO - Sync 1 DAGs
[2025-03-21T20:51:23.901+0000] {logging_mixin.py:190} INFO - [2025-03-21T20:51:23.901+0000] {dag.py:4180} INFO - Setting next_dagrun for tutorial_objectstorage to None, run_after=None
[2025-03-21T20:51:23.913+0000] {processor.py:208} INFO - Processing /home/usmail/sys_fraud/sys_detection_frauds/lib/python3.12/site-packages/airflow/example_dags/tutorial_objectstorage.py took 0.050 seconds
[2025-03-21T20:52:14.329+0000] {processor.py:186} INFO - Started process (PID=3724916) to work on /home/usmail/sys_fraud/sys_detection_frauds/lib/python3.12/site-packages/airflow/example_dags/tutorial_objectstorage.py
[2025-03-21T20:52:14.329+0000] {processor.py:914} INFO - Processing file /home/usmail/sys_fraud/sys_detection_frauds/lib/python3.12/site-packages/airflow/example_dags/tutorial_objectstorage.py for tasks to queue
[2025-03-21T20:52:14.331+0000] {logging_mixin.py:190} INFO - [2025-03-21T20:52:14.331+0000] {dagbag.py:588} INFO - Filling up the DagBag from /home/usmail/sys_fraud/sys_detection_frauds/lib/python3.12/site-packages/airflow/example_dags/tutorial_objectstorage.py
[2025-03-21T20:52:14.337+0000] {processor.py:925} INFO - DAG(s) 'tutorial_objectstorage' retrieved from /home/usmail/sys_fraud/sys_detection_frauds/lib/python3.12/site-packages/airflow/example_dags/tutorial_objectstorage.py
[2025-03-21T20:52:14.345+0000] {logging_mixin.py:190} INFO - [2025-03-21T20:52:14.345+0000] {dag.py:3239} INFO - Sync 1 DAGs
[2025-03-21T20:52:14.354+0000] {logging_mixin.py:190} INFO - [2025-03-21T20:52:14.353+0000] {dag.py:4180} INFO - Setting next_dagrun for tutorial_objectstorage to None, run_after=None
[2025-03-21T20:52:14.367+0000] {processor.py:208} INFO - Processing /home/usmail/sys_fraud/sys_detection_frauds/lib/python3.12/site-packages/airflow/example_dags/tutorial_objectstorage.py took 0.042 seconds
[2025-03-21T20:53:06.915+0000] {processor.py:186} INFO - Started process (PID=3725512) to work on /home/usmail/sys_fraud/sys_detection_frauds/lib/python3.12/site-packages/airflow/example_dags/tutorial_objectstorage.py
[2025-03-21T20:53:06.923+0000] {processor.py:914} INFO - Processing file /home/usmail/sys_fraud/sys_detection_frauds/lib/python3.12/site-packages/airflow/example_dags/tutorial_objectstorage.py for tasks to queue
[2025-03-21T20:53:06.925+0000] {logging_mixin.py:190} INFO - [2025-03-21T20:53:06.924+0000] {dagbag.py:588} INFO - Filling up the DagBag from /home/usmail/sys_fraud/sys_detection_frauds/lib/python3.12/site-packages/airflow/example_dags/tutorial_objectstorage.py
[2025-03-21T20:53:06.933+0000] {processor.py:925} INFO - DAG(s) 'tutorial_objectstorage' retrieved from /home/usmail/sys_fraud/sys_detection_frauds/lib/python3.12/site-packages/airflow/example_dags/tutorial_objectstorage.py
[2025-03-21T20:53:06.942+0000] {logging_mixin.py:190} INFO - [2025-03-21T20:53:06.942+0000] {dag.py:3239} INFO - Sync 1 DAGs
[2025-03-21T20:53:06.949+0000] {logging_mixin.py:190} INFO - [2025-03-21T20:53:06.949+0000] {dag.py:4180} INFO - Setting next_dagrun for tutorial_objectstorage to None, run_after=None
[2025-03-21T20:53:06.972+0000] {processor.py:208} INFO - Processing /home/usmail/sys_fraud/sys_detection_frauds/lib/python3.12/site-packages/airflow/example_dags/tutorial_objectstorage.py took 0.061 seconds
[2025-03-21T20:54:01.108+0000] {processor.py:186} INFO - Started process (PID=3726177) to work on /home/usmail/sys_fraud/sys_detection_frauds/lib/python3.12/site-packages/airflow/example_dags/tutorial_objectstorage.py
[2025-03-21T20:54:01.117+0000] {processor.py:914} INFO - Processing file /home/usmail/sys_fraud/sys_detection_frauds/lib/python3.12/site-packages/airflow/example_dags/tutorial_objectstorage.py for tasks to queue
[2025-03-21T20:54:01.120+0000] {logging_mixin.py:190} INFO - [2025-03-21T20:54:01.119+0000] {dagbag.py:588} INFO - Filling up the DagBag from /home/usmail/sys_fraud/sys_detection_frauds/lib/python3.12/site-packages/airflow/example_dags/tutorial_objectstorage.py
[2025-03-21T20:54:01.129+0000] {processor.py:925} INFO - DAG(s) 'tutorial_objectstorage' retrieved from /home/usmail/sys_fraud/sys_detection_frauds/lib/python3.12/site-packages/airflow/example_dags/tutorial_objectstorage.py
[2025-03-21T20:54:01.137+0000] {logging_mixin.py:190} INFO - [2025-03-21T20:54:01.137+0000] {dag.py:3239} INFO - Sync 1 DAGs
[2025-03-21T20:54:01.144+0000] {logging_mixin.py:190} INFO - [2025-03-21T20:54:01.144+0000] {dag.py:4180} INFO - Setting next_dagrun for tutorial_objectstorage to None, run_after=None
[2025-03-21T20:54:01.236+0000] {processor.py:208} INFO - Processing /home/usmail/sys_fraud/sys_detection_frauds/lib/python3.12/site-packages/airflow/example_dags/tutorial_objectstorage.py took 0.136 seconds
[2025-03-21T20:54:53.542+0000] {processor.py:186} INFO - Started process (PID=3726841) to work on /home/usmail/sys_fraud/sys_detection_frauds/lib/python3.12/site-packages/airflow/example_dags/tutorial_objectstorage.py
[2025-03-21T20:54:53.551+0000] {processor.py:914} INFO - Processing file /home/usmail/sys_fraud/sys_detection_frauds/lib/python3.12/site-packages/airflow/example_dags/tutorial_objectstorage.py for tasks to queue
[2025-03-21T20:54:53.554+0000] {logging_mixin.py:190} INFO - [2025-03-21T20:54:53.554+0000] {dagbag.py:588} INFO - Filling up the DagBag from /home/usmail/sys_fraud/sys_detection_frauds/lib/python3.12/site-packages/airflow/example_dags/tutorial_objectstorage.py
[2025-03-21T20:54:53.564+0000] {processor.py:925} INFO - DAG(s) 'tutorial_objectstorage' retrieved from /home/usmail/sys_fraud/sys_detection_frauds/lib/python3.12/site-packages/airflow/example_dags/tutorial_objectstorage.py
[2025-03-21T20:54:53.572+0000] {logging_mixin.py:190} INFO - [2025-03-21T20:54:53.572+0000] {dag.py:3239} INFO - Sync 1 DAGs
[2025-03-21T20:54:53.579+0000] {logging_mixin.py:190} INFO - [2025-03-21T20:54:53.579+0000] {dag.py:4180} INFO - Setting next_dagrun for tutorial_objectstorage to None, run_after=None
[2025-03-21T20:54:53.591+0000] {processor.py:208} INFO - Processing /home/usmail/sys_fraud/sys_detection_frauds/lib/python3.12/site-packages/airflow/example_dags/tutorial_objectstorage.py took 0.057 seconds
[2025-03-21T20:55:43.902+0000] {processor.py:186} INFO - Started process (PID=3727450) to work on /home/usmail/sys_fraud/sys_detection_frauds/lib/python3.12/site-packages/airflow/example_dags/tutorial_objectstorage.py
[2025-03-21T20:55:43.911+0000] {processor.py:914} INFO - Processing file /home/usmail/sys_fraud/sys_detection_frauds/lib/python3.12/site-packages/airflow/example_dags/tutorial_objectstorage.py for tasks to queue
[2025-03-21T20:55:43.912+0000] {logging_mixin.py:190} INFO - [2025-03-21T20:55:43.912+0000] {dagbag.py:588} INFO - Filling up the DagBag from /home/usmail/sys_fraud/sys_detection_frauds/lib/python3.12/site-packages/airflow/example_dags/tutorial_objectstorage.py
[2025-03-21T20:55:43.920+0000] {processor.py:925} INFO - DAG(s) 'tutorial_objectstorage' retrieved from /home/usmail/sys_fraud/sys_detection_frauds/lib/python3.12/site-packages/airflow/example_dags/tutorial_objectstorage.py
[2025-03-21T20:55:43.929+0000] {logging_mixin.py:190} INFO - [2025-03-21T20:55:43.929+0000] {dag.py:3239} INFO - Sync 1 DAGs
[2025-03-21T20:55:43.938+0000] {logging_mixin.py:190} INFO - [2025-03-21T20:55:43.938+0000] {dag.py:4180} INFO - Setting next_dagrun for tutorial_objectstorage to None, run_after=None
[2025-03-21T20:55:43.953+0000] {processor.py:208} INFO - Processing /home/usmail/sys_fraud/sys_detection_frauds/lib/python3.12/site-packages/airflow/example_dags/tutorial_objectstorage.py took 0.054 seconds
[2025-03-21T20:56:33.639+0000] {processor.py:186} INFO - Started process (PID=3728105) to work on /home/usmail/sys_fraud/sys_detection_frauds/lib/python3.12/site-packages/airflow/example_dags/tutorial_objectstorage.py
[2025-03-21T20:56:33.648+0000] {processor.py:914} INFO - Processing file /home/usmail/sys_fraud/sys_detection_frauds/lib/python3.12/site-packages/airflow/example_dags/tutorial_objectstorage.py for tasks to queue
[2025-03-21T20:56:33.649+0000] {logging_mixin.py:190} INFO - [2025-03-21T20:56:33.649+0000] {dagbag.py:588} INFO - Filling up the DagBag from /home/usmail/sys_fraud/sys_detection_frauds/lib/python3.12/site-packages/airflow/example_dags/tutorial_objectstorage.py
[2025-03-21T20:56:33.655+0000] {processor.py:925} INFO - DAG(s) 'tutorial_objectstorage' retrieved from /home/usmail/sys_fraud/sys_detection_frauds/lib/python3.12/site-packages/airflow/example_dags/tutorial_objectstorage.py
[2025-03-21T20:56:33.668+0000] {logging_mixin.py:190} INFO - [2025-03-21T20:56:33.668+0000] {dag.py:3239} INFO - Sync 1 DAGs
[2025-03-21T20:56:33.678+0000] {logging_mixin.py:190} INFO - [2025-03-21T20:56:33.677+0000] {dag.py:4180} INFO - Setting next_dagrun for tutorial_objectstorage to None, run_after=None
[2025-03-21T20:56:33.704+0000] {processor.py:208} INFO - Processing /home/usmail/sys_fraud/sys_detection_frauds/lib/python3.12/site-packages/airflow/example_dags/tutorial_objectstorage.py took 0.069 seconds
[2025-03-21T20:57:27.897+0000] {processor.py:186} INFO - Started process (PID=3728916) to work on /home/usmail/sys_fraud/sys_detection_frauds/lib/python3.12/site-packages/airflow/example_dags/tutorial_objectstorage.py
[2025-03-21T20:57:27.905+0000] {processor.py:914} INFO - Processing file /home/usmail/sys_fraud/sys_detection_frauds/lib/python3.12/site-packages/airflow/example_dags/tutorial_objectstorage.py for tasks to queue
[2025-03-21T20:57:27.909+0000] {logging_mixin.py:190} INFO - [2025-03-21T20:57:27.908+0000] {dagbag.py:588} INFO - Filling up the DagBag from /home/usmail/sys_fraud/sys_detection_frauds/lib/python3.12/site-packages/airflow/example_dags/tutorial_objectstorage.py
[2025-03-21T20:57:27.920+0000] {processor.py:925} INFO - DAG(s) 'tutorial_objectstorage' retrieved from /home/usmail/sys_fraud/sys_detection_frauds/lib/python3.12/site-packages/airflow/example_dags/tutorial_objectstorage.py
[2025-03-21T20:57:27.927+0000] {logging_mixin.py:190} INFO - [2025-03-21T20:57:27.927+0000] {dag.py:3239} INFO - Sync 1 DAGs
[2025-03-21T20:57:27.934+0000] {logging_mixin.py:190} INFO - [2025-03-21T20:57:27.934+0000] {dag.py:4180} INFO - Setting next_dagrun for tutorial_objectstorage to None, run_after=None
[2025-03-21T20:57:27.946+0000] {processor.py:208} INFO - Processing /home/usmail/sys_fraud/sys_detection_frauds/lib/python3.12/site-packages/airflow/example_dags/tutorial_objectstorage.py took 0.053 seconds
[2025-03-21T20:58:19.299+0000] {processor.py:186} INFO - Started process (PID=3729470) to work on /home/usmail/sys_fraud/sys_detection_frauds/lib/python3.12/site-packages/airflow/example_dags/tutorial_objectstorage.py
[2025-03-21T20:58:19.308+0000] {processor.py:914} INFO - Processing file /home/usmail/sys_fraud/sys_detection_frauds/lib/python3.12/site-packages/airflow/example_dags/tutorial_objectstorage.py for tasks to queue
[2025-03-21T20:58:19.312+0000] {logging_mixin.py:190} INFO - [2025-03-21T20:58:19.311+0000] {dagbag.py:588} INFO - Filling up the DagBag from /home/usmail/sys_fraud/sys_detection_frauds/lib/python3.12/site-packages/airflow/example_dags/tutorial_objectstorage.py
[2025-03-21T20:58:19.322+0000] {processor.py:925} INFO - DAG(s) 'tutorial_objectstorage' retrieved from /home/usmail/sys_fraud/sys_detection_frauds/lib/python3.12/site-packages/airflow/example_dags/tutorial_objectstorage.py
[2025-03-21T20:58:19.330+0000] {logging_mixin.py:190} INFO - [2025-03-21T20:58:19.330+0000] {dag.py:3239} INFO - Sync 1 DAGs
[2025-03-21T20:58:19.337+0000] {logging_mixin.py:190} INFO - [2025-03-21T20:58:19.337+0000] {dag.py:4180} INFO - Setting next_dagrun for tutorial_objectstorage to None, run_after=None
[2025-03-21T20:58:19.350+0000] {processor.py:208} INFO - Processing /home/usmail/sys_fraud/sys_detection_frauds/lib/python3.12/site-packages/airflow/example_dags/tutorial_objectstorage.py took 0.060 seconds
[2025-03-21T20:59:22.379+0000] {processor.py:186} INFO - Started process (PID=3730367) to work on /home/usmail/sys_fraud/sys_detection_frauds/lib/python3.12/site-packages/airflow/example_dags/tutorial_objectstorage.py
[2025-03-21T20:59:22.380+0000] {processor.py:914} INFO - Processing file /home/usmail/sys_fraud/sys_detection_frauds/lib/python3.12/site-packages/airflow/example_dags/tutorial_objectstorage.py for tasks to queue
[2025-03-21T20:59:22.381+0000] {logging_mixin.py:190} INFO - [2025-03-21T20:59:22.381+0000] {dagbag.py:588} INFO - Filling up the DagBag from /home/usmail/sys_fraud/sys_detection_frauds/lib/python3.12/site-packages/airflow/example_dags/tutorial_objectstorage.py
[2025-03-21T20:59:22.387+0000] {processor.py:925} INFO - DAG(s) 'tutorial_objectstorage' retrieved from /home/usmail/sys_fraud/sys_detection_frauds/lib/python3.12/site-packages/airflow/example_dags/tutorial_objectstorage.py
[2025-03-21T20:59:22.398+0000] {logging_mixin.py:190} INFO - [2025-03-21T20:59:22.398+0000] {dag.py:3239} INFO - Sync 1 DAGs
[2025-03-21T20:59:22.407+0000] {logging_mixin.py:190} INFO - [2025-03-21T20:59:22.406+0000] {dag.py:4180} INFO - Setting next_dagrun for tutorial_objectstorage to None, run_after=None
[2025-03-21T20:59:22.428+0000] {processor.py:208} INFO - Processing /home/usmail/sys_fraud/sys_detection_frauds/lib/python3.12/site-packages/airflow/example_dags/tutorial_objectstorage.py took 0.052 seconds
[2025-03-21T21:00:16.971+0000] {processor.py:186} INFO - Started process (PID=3731102) to work on /home/usmail/sys_fraud/sys_detection_frauds/lib/python3.12/site-packages/airflow/example_dags/tutorial_objectstorage.py
[2025-03-21T21:00:16.980+0000] {processor.py:914} INFO - Processing file /home/usmail/sys_fraud/sys_detection_frauds/lib/python3.12/site-packages/airflow/example_dags/tutorial_objectstorage.py for tasks to queue
[2025-03-21T21:00:16.983+0000] {logging_mixin.py:190} INFO - [2025-03-21T21:00:16.983+0000] {dagbag.py:588} INFO - Filling up the DagBag from /home/usmail/sys_fraud/sys_detection_frauds/lib/python3.12/site-packages/airflow/example_dags/tutorial_objectstorage.py
[2025-03-21T21:00:16.996+0000] {processor.py:925} INFO - DAG(s) 'tutorial_objectstorage' retrieved from /home/usmail/sys_fraud/sys_detection_frauds/lib/python3.12/site-packages/airflow/example_dags/tutorial_objectstorage.py
[2025-03-21T21:00:17.008+0000] {logging_mixin.py:190} INFO - [2025-03-21T21:00:17.008+0000] {dag.py:3239} INFO - Sync 1 DAGs
[2025-03-21T21:00:17.019+0000] {logging_mixin.py:190} INFO - [2025-03-21T21:00:17.019+0000] {dag.py:4180} INFO - Setting next_dagrun for tutorial_objectstorage to None, run_after=None
[2025-03-21T21:00:17.039+0000] {processor.py:208} INFO - Processing /home/usmail/sys_fraud/sys_detection_frauds/lib/python3.12/site-packages/airflow/example_dags/tutorial_objectstorage.py took 0.076 seconds
[2025-03-21T21:01:13.769+0000] {processor.py:186} INFO - Started process (PID=3731820) to work on /home/usmail/sys_fraud/sys_detection_frauds/lib/python3.12/site-packages/airflow/example_dags/tutorial_objectstorage.py
[2025-03-21T21:01:13.778+0000] {processor.py:914} INFO - Processing file /home/usmail/sys_fraud/sys_detection_frauds/lib/python3.12/site-packages/airflow/example_dags/tutorial_objectstorage.py for tasks to queue
[2025-03-21T21:01:13.780+0000] {logging_mixin.py:190} INFO - [2025-03-21T21:01:13.780+0000] {dagbag.py:588} INFO - Filling up the DagBag from /home/usmail/sys_fraud/sys_detection_frauds/lib/python3.12/site-packages/airflow/example_dags/tutorial_objectstorage.py
[2025-03-21T21:01:13.787+0000] {processor.py:925} INFO - DAG(s) 'tutorial_objectstorage' retrieved from /home/usmail/sys_fraud/sys_detection_frauds/lib/python3.12/site-packages/airflow/example_dags/tutorial_objectstorage.py
[2025-03-21T21:01:13.797+0000] {logging_mixin.py:190} INFO - [2025-03-21T21:01:13.797+0000] {dag.py:3239} INFO - Sync 1 DAGs
[2025-03-21T21:01:13.804+0000] {logging_mixin.py:190} INFO - [2025-03-21T21:01:13.804+0000] {dag.py:4180} INFO - Setting next_dagrun for tutorial_objectstorage to None, run_after=None
[2025-03-21T21:01:13.832+0000] {processor.py:208} INFO - Processing /home/usmail/sys_fraud/sys_detection_frauds/lib/python3.12/site-packages/airflow/example_dags/tutorial_objectstorage.py took 0.068 seconds
[2025-03-21T21:02:05.826+0000] {processor.py:186} INFO - Started process (PID=3732467) to work on /home/usmail/sys_fraud/sys_detection_frauds/lib/python3.12/site-packages/airflow/example_dags/tutorial_objectstorage.py
[2025-03-21T21:02:05.835+0000] {processor.py:914} INFO - Processing file /home/usmail/sys_fraud/sys_detection_frauds/lib/python3.12/site-packages/airflow/example_dags/tutorial_objectstorage.py for tasks to queue
[2025-03-21T21:02:05.839+0000] {logging_mixin.py:190} INFO - [2025-03-21T21:02:05.839+0000] {dagbag.py:588} INFO - Filling up the DagBag from /home/usmail/sys_fraud/sys_detection_frauds/lib/python3.12/site-packages/airflow/example_dags/tutorial_objectstorage.py
[2025-03-21T21:02:05.849+0000] {processor.py:925} INFO - DAG(s) 'tutorial_objectstorage' retrieved from /home/usmail/sys_fraud/sys_detection_frauds/lib/python3.12/site-packages/airflow/example_dags/tutorial_objectstorage.py
[2025-03-21T21:02:05.859+0000] {logging_mixin.py:190} INFO - [2025-03-21T21:02:05.859+0000] {dag.py:3239} INFO - Sync 1 DAGs
[2025-03-21T21:02:05.866+0000] {logging_mixin.py:190} INFO - [2025-03-21T21:02:05.866+0000] {dag.py:4180} INFO - Setting next_dagrun for tutorial_objectstorage to None, run_after=None
[2025-03-21T21:02:05.878+0000] {processor.py:208} INFO - Processing /home/usmail/sys_fraud/sys_detection_frauds/lib/python3.12/site-packages/airflow/example_dags/tutorial_objectstorage.py took 0.059 seconds
[2025-03-21T21:03:00.359+0000] {processor.py:186} INFO - Started process (PID=3733115) to work on /home/usmail/sys_fraud/sys_detection_frauds/lib/python3.12/site-packages/airflow/example_dags/tutorial_objectstorage.py
[2025-03-21T21:03:00.368+0000] {processor.py:914} INFO - Processing file /home/usmail/sys_fraud/sys_detection_frauds/lib/python3.12/site-packages/airflow/example_dags/tutorial_objectstorage.py for tasks to queue
[2025-03-21T21:03:00.372+0000] {logging_mixin.py:190} INFO - [2025-03-21T21:03:00.371+0000] {dagbag.py:588} INFO - Filling up the DagBag from /home/usmail/sys_fraud/sys_detection_frauds/lib/python3.12/site-packages/airflow/example_dags/tutorial_objectstorage.py
[2025-03-21T21:03:00.380+0000] {processor.py:925} INFO - DAG(s) 'tutorial_objectstorage' retrieved from /home/usmail/sys_fraud/sys_detection_frauds/lib/python3.12/site-packages/airflow/example_dags/tutorial_objectstorage.py
[2025-03-21T21:03:00.392+0000] {logging_mixin.py:190} INFO - [2025-03-21T21:03:00.391+0000] {dag.py:3239} INFO - Sync 1 DAGs
[2025-03-21T21:03:00.399+0000] {logging_mixin.py:190} INFO - [2025-03-21T21:03:00.398+0000] {dag.py:4180} INFO - Setting next_dagrun for tutorial_objectstorage to None, run_after=None
[2025-03-21T21:03:00.419+0000] {processor.py:208} INFO - Processing /home/usmail/sys_fraud/sys_detection_frauds/lib/python3.12/site-packages/airflow/example_dags/tutorial_objectstorage.py took 0.067 seconds
[2025-03-21T21:03:53.331+0000] {processor.py:186} INFO - Started process (PID=3733824) to work on /home/usmail/sys_fraud/sys_detection_frauds/lib/python3.12/site-packages/airflow/example_dags/tutorial_objectstorage.py
[2025-03-21T21:03:53.340+0000] {processor.py:914} INFO - Processing file /home/usmail/sys_fraud/sys_detection_frauds/lib/python3.12/site-packages/airflow/example_dags/tutorial_objectstorage.py for tasks to queue
[2025-03-21T21:03:53.342+0000] {logging_mixin.py:190} INFO - [2025-03-21T21:03:53.342+0000] {dagbag.py:588} INFO - Filling up the DagBag from /home/usmail/sys_fraud/sys_detection_frauds/lib/python3.12/site-packages/airflow/example_dags/tutorial_objectstorage.py
[2025-03-21T21:03:53.352+0000] {processor.py:925} INFO - DAG(s) 'tutorial_objectstorage' retrieved from /home/usmail/sys_fraud/sys_detection_frauds/lib/python3.12/site-packages/airflow/example_dags/tutorial_objectstorage.py
[2025-03-21T21:03:53.361+0000] {logging_mixin.py:190} INFO - [2025-03-21T21:03:53.360+0000] {dag.py:3239} INFO - Sync 1 DAGs
[2025-03-21T21:03:53.459+0000] {logging_mixin.py:190} INFO - [2025-03-21T21:03:53.459+0000] {dag.py:4180} INFO - Setting next_dagrun for tutorial_objectstorage to None, run_after=None
[2025-03-21T21:03:53.481+0000] {processor.py:208} INFO - Processing /home/usmail/sys_fraud/sys_detection_frauds/lib/python3.12/site-packages/airflow/example_dags/tutorial_objectstorage.py took 0.155 seconds
[2025-03-21T21:04:51.071+0000] {processor.py:186} INFO - Started process (PID=3734646) to work on /home/usmail/sys_fraud/sys_detection_frauds/lib/python3.12/site-packages/airflow/example_dags/tutorial_objectstorage.py
[2025-03-21T21:04:51.079+0000] {processor.py:914} INFO - Processing file /home/usmail/sys_fraud/sys_detection_frauds/lib/python3.12/site-packages/airflow/example_dags/tutorial_objectstorage.py for tasks to queue
[2025-03-21T21:04:51.081+0000] {logging_mixin.py:190} INFO - [2025-03-21T21:04:51.081+0000] {dagbag.py:588} INFO - Filling up the DagBag from /home/usmail/sys_fraud/sys_detection_frauds/lib/python3.12/site-packages/airflow/example_dags/tutorial_objectstorage.py
[2025-03-21T21:04:51.088+0000] {processor.py:925} INFO - DAG(s) 'tutorial_objectstorage' retrieved from /home/usmail/sys_fraud/sys_detection_frauds/lib/python3.12/site-packages/airflow/example_dags/tutorial_objectstorage.py
[2025-03-21T21:04:51.097+0000] {logging_mixin.py:190} INFO - [2025-03-21T21:04:51.097+0000] {dag.py:3239} INFO - Sync 1 DAGs
[2025-03-21T21:04:51.105+0000] {logging_mixin.py:190} INFO - [2025-03-21T21:04:51.105+0000] {dag.py:4180} INFO - Setting next_dagrun for tutorial_objectstorage to None, run_after=None
[2025-03-21T21:04:51.119+0000] {processor.py:208} INFO - Processing /home/usmail/sys_fraud/sys_detection_frauds/lib/python3.12/site-packages/airflow/example_dags/tutorial_objectstorage.py took 0.052 seconds
[2025-03-21T21:05:43.710+0000] {processor.py:186} INFO - Started process (PID=3735475) to work on /home/usmail/sys_fraud/sys_detection_frauds/lib/python3.12/site-packages/airflow/example_dags/tutorial_objectstorage.py
[2025-03-21T21:05:43.720+0000] {processor.py:914} INFO - Processing file /home/usmail/sys_fraud/sys_detection_frauds/lib/python3.12/site-packages/airflow/example_dags/tutorial_objectstorage.py for tasks to queue
[2025-03-21T21:05:43.723+0000] {logging_mixin.py:190} INFO - [2025-03-21T21:05:43.722+0000] {dagbag.py:588} INFO - Filling up the DagBag from /home/usmail/sys_fraud/sys_detection_frauds/lib/python3.12/site-packages/airflow/example_dags/tutorial_objectstorage.py
[2025-03-21T21:05:43.732+0000] {processor.py:925} INFO - DAG(s) 'tutorial_objectstorage' retrieved from /home/usmail/sys_fraud/sys_detection_frauds/lib/python3.12/site-packages/airflow/example_dags/tutorial_objectstorage.py
[2025-03-21T21:05:43.740+0000] {logging_mixin.py:190} INFO - [2025-03-21T21:05:43.740+0000] {dag.py:3239} INFO - Sync 1 DAGs
[2025-03-21T21:05:43.747+0000] {logging_mixin.py:190} INFO - [2025-03-21T21:05:43.747+0000] {dag.py:4180} INFO - Setting next_dagrun for tutorial_objectstorage to None, run_after=None
[2025-03-21T21:05:43.764+0000] {processor.py:208} INFO - Processing /home/usmail/sys_fraud/sys_detection_frauds/lib/python3.12/site-packages/airflow/example_dags/tutorial_objectstorage.py took 0.065 seconds
[2025-03-21T21:06:37.086+0000] {processor.py:186} INFO - Started process (PID=3736766) to work on /home/usmail/sys_fraud/sys_detection_frauds/lib/python3.12/site-packages/airflow/example_dags/tutorial_objectstorage.py
[2025-03-21T21:06:37.087+0000] {processor.py:914} INFO - Processing file /home/usmail/sys_fraud/sys_detection_frauds/lib/python3.12/site-packages/airflow/example_dags/tutorial_objectstorage.py for tasks to queue
[2025-03-21T21:06:37.090+0000] {logging_mixin.py:190} INFO - [2025-03-21T21:06:37.089+0000] {dagbag.py:588} INFO - Filling up the DagBag from /home/usmail/sys_fraud/sys_detection_frauds/lib/python3.12/site-packages/airflow/example_dags/tutorial_objectstorage.py
[2025-03-21T21:06:37.096+0000] {processor.py:925} INFO - DAG(s) 'tutorial_objectstorage' retrieved from /home/usmail/sys_fraud/sys_detection_frauds/lib/python3.12/site-packages/airflow/example_dags/tutorial_objectstorage.py
[2025-03-21T21:06:37.109+0000] {logging_mixin.py:190} INFO - [2025-03-21T21:06:37.109+0000] {dag.py:3239} INFO - Sync 1 DAGs
[2025-03-21T21:06:37.119+0000] {logging_mixin.py:190} INFO - [2025-03-21T21:06:37.119+0000] {dag.py:4180} INFO - Setting next_dagrun for tutorial_objectstorage to None, run_after=None
[2025-03-21T21:06:37.138+0000] {processor.py:208} INFO - Processing /home/usmail/sys_fraud/sys_detection_frauds/lib/python3.12/site-packages/airflow/example_dags/tutorial_objectstorage.py took 0.057 seconds
[2025-03-21T21:07:27.756+0000] {processor.py:186} INFO - Started process (PID=3737434) to work on /home/usmail/sys_fraud/sys_detection_frauds/lib/python3.12/site-packages/airflow/example_dags/tutorial_objectstorage.py
[2025-03-21T21:07:27.764+0000] {processor.py:914} INFO - Processing file /home/usmail/sys_fraud/sys_detection_frauds/lib/python3.12/site-packages/airflow/example_dags/tutorial_objectstorage.py for tasks to queue
[2025-03-21T21:07:27.766+0000] {logging_mixin.py:190} INFO - [2025-03-21T21:07:27.766+0000] {dagbag.py:588} INFO - Filling up the DagBag from /home/usmail/sys_fraud/sys_detection_frauds/lib/python3.12/site-packages/airflow/example_dags/tutorial_objectstorage.py
[2025-03-21T21:07:27.772+0000] {processor.py:925} INFO - DAG(s) 'tutorial_objectstorage' retrieved from /home/usmail/sys_fraud/sys_detection_frauds/lib/python3.12/site-packages/airflow/example_dags/tutorial_objectstorage.py
[2025-03-21T21:07:27.781+0000] {logging_mixin.py:190} INFO - [2025-03-21T21:07:27.781+0000] {dag.py:3239} INFO - Sync 1 DAGs
[2025-03-21T21:07:27.789+0000] {logging_mixin.py:190} INFO - [2025-03-21T21:07:27.788+0000] {dag.py:4180} INFO - Setting next_dagrun for tutorial_objectstorage to None, run_after=None
[2025-03-21T21:07:27.801+0000] {processor.py:208} INFO - Processing /home/usmail/sys_fraud/sys_detection_frauds/lib/python3.12/site-packages/airflow/example_dags/tutorial_objectstorage.py took 0.053 seconds
[2025-03-21T21:08:22.134+0000] {processor.py:186} INFO - Started process (PID=3738163) to work on /home/usmail/sys_fraud/sys_detection_frauds/lib/python3.12/site-packages/airflow/example_dags/tutorial_objectstorage.py
[2025-03-21T21:08:22.143+0000] {processor.py:914} INFO - Processing file /home/usmail/sys_fraud/sys_detection_frauds/lib/python3.12/site-packages/airflow/example_dags/tutorial_objectstorage.py for tasks to queue
[2025-03-21T21:08:22.146+0000] {logging_mixin.py:190} INFO - [2025-03-21T21:08:22.146+0000] {dagbag.py:588} INFO - Filling up the DagBag from /home/usmail/sys_fraud/sys_detection_frauds/lib/python3.12/site-packages/airflow/example_dags/tutorial_objectstorage.py
[2025-03-21T21:08:22.161+0000] {processor.py:925} INFO - DAG(s) 'tutorial_objectstorage' retrieved from /home/usmail/sys_fraud/sys_detection_frauds/lib/python3.12/site-packages/airflow/example_dags/tutorial_objectstorage.py
[2025-03-21T21:08:22.182+0000] {logging_mixin.py:190} INFO - [2025-03-21T21:08:22.181+0000] {dag.py:3239} INFO - Sync 1 DAGs
[2025-03-21T21:08:22.199+0000] {logging_mixin.py:190} INFO - [2025-03-21T21:08:22.198+0000] {dag.py:4180} INFO - Setting next_dagrun for tutorial_objectstorage to None, run_after=None
[2025-03-21T21:08:22.216+0000] {processor.py:208} INFO - Processing /home/usmail/sys_fraud/sys_detection_frauds/lib/python3.12/site-packages/airflow/example_dags/tutorial_objectstorage.py took 0.094 seconds
[2025-03-21T21:09:19.691+0000] {processor.py:186} INFO - Started process (PID=3738966) to work on /home/usmail/sys_fraud/sys_detection_frauds/lib/python3.12/site-packages/airflow/example_dags/tutorial_objectstorage.py
[2025-03-21T21:09:19.692+0000] {processor.py:914} INFO - Processing file /home/usmail/sys_fraud/sys_detection_frauds/lib/python3.12/site-packages/airflow/example_dags/tutorial_objectstorage.py for tasks to queue
[2025-03-21T21:09:19.695+0000] {logging_mixin.py:190} INFO - [2025-03-21T21:09:19.694+0000] {dagbag.py:588} INFO - Filling up the DagBag from /home/usmail/sys_fraud/sys_detection_frauds/lib/python3.12/site-packages/airflow/example_dags/tutorial_objectstorage.py
[2025-03-21T21:09:19.704+0000] {processor.py:925} INFO - DAG(s) 'tutorial_objectstorage' retrieved from /home/usmail/sys_fraud/sys_detection_frauds/lib/python3.12/site-packages/airflow/example_dags/tutorial_objectstorage.py
[2025-03-21T21:09:19.717+0000] {logging_mixin.py:190} INFO - [2025-03-21T21:09:19.717+0000] {dag.py:3239} INFO - Sync 1 DAGs
[2025-03-21T21:09:19.730+0000] {logging_mixin.py:190} INFO - [2025-03-21T21:09:19.730+0000] {dag.py:4180} INFO - Setting next_dagrun for tutorial_objectstorage to None, run_after=None
[2025-03-21T21:09:19.749+0000] {processor.py:208} INFO - Processing /home/usmail/sys_fraud/sys_detection_frauds/lib/python3.12/site-packages/airflow/example_dags/tutorial_objectstorage.py took 0.065 seconds
[2025-03-21T21:10:13.883+0000] {processor.py:186} INFO - Started process (PID=3739637) to work on /home/usmail/sys_fraud/sys_detection_frauds/lib/python3.12/site-packages/airflow/example_dags/tutorial_objectstorage.py
[2025-03-21T21:10:13.892+0000] {processor.py:914} INFO - Processing file /home/usmail/sys_fraud/sys_detection_frauds/lib/python3.12/site-packages/airflow/example_dags/tutorial_objectstorage.py for tasks to queue
[2025-03-21T21:10:13.895+0000] {logging_mixin.py:190} INFO - [2025-03-21T21:10:13.895+0000] {dagbag.py:588} INFO - Filling up the DagBag from /home/usmail/sys_fraud/sys_detection_frauds/lib/python3.12/site-packages/airflow/example_dags/tutorial_objectstorage.py
[2025-03-21T21:10:13.910+0000] {processor.py:925} INFO - DAG(s) 'tutorial_objectstorage' retrieved from /home/usmail/sys_fraud/sys_detection_frauds/lib/python3.12/site-packages/airflow/example_dags/tutorial_objectstorage.py
[2025-03-21T21:10:13.930+0000] {logging_mixin.py:190} INFO - [2025-03-21T21:10:13.930+0000] {dag.py:3239} INFO - Sync 1 DAGs
[2025-03-21T21:10:13.943+0000] {logging_mixin.py:190} INFO - [2025-03-21T21:10:13.943+0000] {dag.py:4180} INFO - Setting next_dagrun for tutorial_objectstorage to None, run_after=None
[2025-03-21T21:10:13.959+0000] {processor.py:208} INFO - Processing /home/usmail/sys_fraud/sys_detection_frauds/lib/python3.12/site-packages/airflow/example_dags/tutorial_objectstorage.py took 0.088 seconds
[2025-03-21T21:11:13.563+0000] {processor.py:186} INFO - Started process (PID=3741388) to work on /home/usmail/sys_fraud/sys_detection_frauds/lib/python3.12/site-packages/airflow/example_dags/tutorial_objectstorage.py
[2025-03-21T21:11:13.572+0000] {processor.py:914} INFO - Processing file /home/usmail/sys_fraud/sys_detection_frauds/lib/python3.12/site-packages/airflow/example_dags/tutorial_objectstorage.py for tasks to queue
[2025-03-21T21:11:13.573+0000] {logging_mixin.py:190} INFO - [2025-03-21T21:11:13.573+0000] {dagbag.py:588} INFO - Filling up the DagBag from /home/usmail/sys_fraud/sys_detection_frauds/lib/python3.12/site-packages/airflow/example_dags/tutorial_objectstorage.py
[2025-03-21T21:11:13.581+0000] {processor.py:925} INFO - DAG(s) 'tutorial_objectstorage' retrieved from /home/usmail/sys_fraud/sys_detection_frauds/lib/python3.12/site-packages/airflow/example_dags/tutorial_objectstorage.py
[2025-03-21T21:11:13.592+0000] {logging_mixin.py:190} INFO - [2025-03-21T21:11:13.591+0000] {dag.py:3239} INFO - Sync 1 DAGs
[2025-03-21T21:11:13.602+0000] {logging_mixin.py:190} INFO - [2025-03-21T21:11:13.601+0000] {dag.py:4180} INFO - Setting next_dagrun for tutorial_objectstorage to None, run_after=None
[2025-03-21T21:11:13.617+0000] {processor.py:208} INFO - Processing /home/usmail/sys_fraud/sys_detection_frauds/lib/python3.12/site-packages/airflow/example_dags/tutorial_objectstorage.py took 0.060 seconds
[2025-03-21T21:12:08.664+0000] {processor.py:186} INFO - Started process (PID=3742480) to work on /home/usmail/sys_fraud/sys_detection_frauds/lib/python3.12/site-packages/airflow/example_dags/tutorial_objectstorage.py
[2025-03-21T21:12:08.673+0000] {processor.py:914} INFO - Processing file /home/usmail/sys_fraud/sys_detection_frauds/lib/python3.12/site-packages/airflow/example_dags/tutorial_objectstorage.py for tasks to queue
[2025-03-21T21:12:08.674+0000] {logging_mixin.py:190} INFO - [2025-03-21T21:12:08.674+0000] {dagbag.py:588} INFO - Filling up the DagBag from /home/usmail/sys_fraud/sys_detection_frauds/lib/python3.12/site-packages/airflow/example_dags/tutorial_objectstorage.py
[2025-03-21T21:12:08.681+0000] {processor.py:925} INFO - DAG(s) 'tutorial_objectstorage' retrieved from /home/usmail/sys_fraud/sys_detection_frauds/lib/python3.12/site-packages/airflow/example_dags/tutorial_objectstorage.py
[2025-03-21T21:12:08.692+0000] {logging_mixin.py:190} INFO - [2025-03-21T21:12:08.692+0000] {dag.py:3239} INFO - Sync 1 DAGs
[2025-03-21T21:12:08.702+0000] {logging_mixin.py:190} INFO - [2025-03-21T21:12:08.702+0000] {dag.py:4180} INFO - Setting next_dagrun for tutorial_objectstorage to None, run_after=None
[2025-03-21T21:12:08.717+0000] {processor.py:208} INFO - Processing /home/usmail/sys_fraud/sys_detection_frauds/lib/python3.12/site-packages/airflow/example_dags/tutorial_objectstorage.py took 0.059 seconds
[2025-03-21T21:13:01.872+0000] {processor.py:186} INFO - Started process (PID=3743445) to work on /home/usmail/sys_fraud/sys_detection_frauds/lib/python3.12/site-packages/airflow/example_dags/tutorial_objectstorage.py
[2025-03-21T21:13:01.880+0000] {processor.py:914} INFO - Processing file /home/usmail/sys_fraud/sys_detection_frauds/lib/python3.12/site-packages/airflow/example_dags/tutorial_objectstorage.py for tasks to queue
[2025-03-21T21:13:01.882+0000] {logging_mixin.py:190} INFO - [2025-03-21T21:13:01.882+0000] {dagbag.py:588} INFO - Filling up the DagBag from /home/usmail/sys_fraud/sys_detection_frauds/lib/python3.12/site-packages/airflow/example_dags/tutorial_objectstorage.py
[2025-03-21T21:13:01.889+0000] {processor.py:925} INFO - DAG(s) 'tutorial_objectstorage' retrieved from /home/usmail/sys_fraud/sys_detection_frauds/lib/python3.12/site-packages/airflow/example_dags/tutorial_objectstorage.py
[2025-03-21T21:13:01.900+0000] {logging_mixin.py:190} INFO - [2025-03-21T21:13:01.900+0000] {dag.py:3239} INFO - Sync 1 DAGs
[2025-03-21T21:13:01.910+0000] {logging_mixin.py:190} INFO - [2025-03-21T21:13:01.910+0000] {dag.py:4180} INFO - Setting next_dagrun for tutorial_objectstorage to None, run_after=None
[2025-03-21T21:13:01.926+0000] {processor.py:208} INFO - Processing /home/usmail/sys_fraud/sys_detection_frauds/lib/python3.12/site-packages/airflow/example_dags/tutorial_objectstorage.py took 0.060 seconds
[2025-03-21T21:13:51.436+0000] {processor.py:186} INFO - Started process (PID=3744342) to work on /home/usmail/sys_fraud/sys_detection_frauds/lib/python3.12/site-packages/airflow/example_dags/tutorial_objectstorage.py
[2025-03-21T21:13:51.445+0000] {processor.py:914} INFO - Processing file /home/usmail/sys_fraud/sys_detection_frauds/lib/python3.12/site-packages/airflow/example_dags/tutorial_objectstorage.py for tasks to queue
[2025-03-21T21:13:51.446+0000] {logging_mixin.py:190} INFO - [2025-03-21T21:13:51.446+0000] {dagbag.py:588} INFO - Filling up the DagBag from /home/usmail/sys_fraud/sys_detection_frauds/lib/python3.12/site-packages/airflow/example_dags/tutorial_objectstorage.py
[2025-03-21T21:13:51.455+0000] {processor.py:925} INFO - DAG(s) 'tutorial_objectstorage' retrieved from /home/usmail/sys_fraud/sys_detection_frauds/lib/python3.12/site-packages/airflow/example_dags/tutorial_objectstorage.py
[2025-03-21T21:13:51.466+0000] {logging_mixin.py:190} INFO - [2025-03-21T21:13:51.465+0000] {dag.py:3239} INFO - Sync 1 DAGs
[2025-03-21T21:13:51.476+0000] {logging_mixin.py:190} INFO - [2025-03-21T21:13:51.475+0000] {dag.py:4180} INFO - Setting next_dagrun for tutorial_objectstorage to None, run_after=None
[2025-03-21T21:13:51.492+0000] {processor.py:208} INFO - Processing /home/usmail/sys_fraud/sys_detection_frauds/lib/python3.12/site-packages/airflow/example_dags/tutorial_objectstorage.py took 0.062 seconds
[2025-03-21T21:14:48.709+0000] {processor.py:186} INFO - Started process (PID=3745129) to work on /home/usmail/sys_fraud/sys_detection_frauds/lib/python3.12/site-packages/airflow/example_dags/tutorial_objectstorage.py
[2025-03-21T21:14:48.720+0000] {processor.py:914} INFO - Processing file /home/usmail/sys_fraud/sys_detection_frauds/lib/python3.12/site-packages/airflow/example_dags/tutorial_objectstorage.py for tasks to queue
[2025-03-21T21:14:48.722+0000] {logging_mixin.py:190} INFO - [2025-03-21T21:14:48.722+0000] {dagbag.py:588} INFO - Filling up the DagBag from /home/usmail/sys_fraud/sys_detection_frauds/lib/python3.12/site-packages/airflow/example_dags/tutorial_objectstorage.py
[2025-03-21T21:14:48.733+0000] {processor.py:925} INFO - DAG(s) 'tutorial_objectstorage' retrieved from /home/usmail/sys_fraud/sys_detection_frauds/lib/python3.12/site-packages/airflow/example_dags/tutorial_objectstorage.py
[2025-03-21T21:14:48.750+0000] {logging_mixin.py:190} INFO - [2025-03-21T21:14:48.749+0000] {dag.py:3239} INFO - Sync 1 DAGs
[2025-03-21T21:14:48.762+0000] {logging_mixin.py:190} INFO - [2025-03-21T21:14:48.762+0000] {dag.py:4180} INFO - Setting next_dagrun for tutorial_objectstorage to None, run_after=None
[2025-03-21T21:14:48.789+0000] {processor.py:208} INFO - Processing /home/usmail/sys_fraud/sys_detection_frauds/lib/python3.12/site-packages/airflow/example_dags/tutorial_objectstorage.py took 0.089 seconds
[2025-03-21T21:15:48.764+0000] {processor.py:186} INFO - Started process (PID=3745883) to work on /home/usmail/sys_fraud/sys_detection_frauds/lib/python3.12/site-packages/airflow/example_dags/tutorial_objectstorage.py
[2025-03-21T21:15:48.773+0000] {processor.py:914} INFO - Processing file /home/usmail/sys_fraud/sys_detection_frauds/lib/python3.12/site-packages/airflow/example_dags/tutorial_objectstorage.py for tasks to queue
[2025-03-21T21:15:48.776+0000] {logging_mixin.py:190} INFO - [2025-03-21T21:15:48.775+0000] {dagbag.py:588} INFO - Filling up the DagBag from /home/usmail/sys_fraud/sys_detection_frauds/lib/python3.12/site-packages/airflow/example_dags/tutorial_objectstorage.py
[2025-03-21T21:15:48.790+0000] {processor.py:925} INFO - DAG(s) 'tutorial_objectstorage' retrieved from /home/usmail/sys_fraud/sys_detection_frauds/lib/python3.12/site-packages/airflow/example_dags/tutorial_objectstorage.py
[2025-03-21T21:15:48.812+0000] {logging_mixin.py:190} INFO - [2025-03-21T21:15:48.811+0000] {dag.py:3239} INFO - Sync 1 DAGs
[2025-03-21T21:15:48.829+0000] {logging_mixin.py:190} INFO - [2025-03-21T21:15:48.829+0000] {dag.py:4180} INFO - Setting next_dagrun for tutorial_objectstorage to None, run_after=None
[2025-03-21T21:15:48.861+0000] {processor.py:208} INFO - Processing /home/usmail/sys_fraud/sys_detection_frauds/lib/python3.12/site-packages/airflow/example_dags/tutorial_objectstorage.py took 0.109 seconds
[2025-03-21T21:16:51.861+0000] {processor.py:186} INFO - Started process (PID=3746665) to work on /home/usmail/sys_fraud/sys_detection_frauds/lib/python3.12/site-packages/airflow/example_dags/tutorial_objectstorage.py
[2025-03-21T21:16:51.870+0000] {processor.py:914} INFO - Processing file /home/usmail/sys_fraud/sys_detection_frauds/lib/python3.12/site-packages/airflow/example_dags/tutorial_objectstorage.py for tasks to queue
[2025-03-21T21:16:51.873+0000] {logging_mixin.py:190} INFO - [2025-03-21T21:16:51.873+0000] {dagbag.py:588} INFO - Filling up the DagBag from /home/usmail/sys_fraud/sys_detection_frauds/lib/python3.12/site-packages/airflow/example_dags/tutorial_objectstorage.py
[2025-03-21T21:16:51.888+0000] {processor.py:925} INFO - DAG(s) 'tutorial_objectstorage' retrieved from /home/usmail/sys_fraud/sys_detection_frauds/lib/python3.12/site-packages/airflow/example_dags/tutorial_objectstorage.py
[2025-03-21T21:16:51.913+0000] {logging_mixin.py:190} INFO - [2025-03-21T21:16:51.913+0000] {dag.py:3239} INFO - Sync 1 DAGs
[2025-03-21T21:16:51.928+0000] {logging_mixin.py:190} INFO - [2025-03-21T21:16:51.928+0000] {dag.py:4180} INFO - Setting next_dagrun for tutorial_objectstorage to None, run_after=None
[2025-03-21T21:16:51.945+0000] {processor.py:208} INFO - Processing /home/usmail/sys_fraud/sys_detection_frauds/lib/python3.12/site-packages/airflow/example_dags/tutorial_objectstorage.py took 0.097 seconds
[2025-03-21T21:17:53.854+0000] {processor.py:186} INFO - Started process (PID=3747444) to work on /home/usmail/sys_fraud/sys_detection_frauds/lib/python3.12/site-packages/airflow/example_dags/tutorial_objectstorage.py
[2025-03-21T21:17:53.864+0000] {processor.py:914} INFO - Processing file /home/usmail/sys_fraud/sys_detection_frauds/lib/python3.12/site-packages/airflow/example_dags/tutorial_objectstorage.py for tasks to queue
[2025-03-21T21:17:53.867+0000] {logging_mixin.py:190} INFO - [2025-03-21T21:17:53.866+0000] {dagbag.py:588} INFO - Filling up the DagBag from /home/usmail/sys_fraud/sys_detection_frauds/lib/python3.12/site-packages/airflow/example_dags/tutorial_objectstorage.py
[2025-03-21T21:17:53.881+0000] {processor.py:925} INFO - DAG(s) 'tutorial_objectstorage' retrieved from /home/usmail/sys_fraud/sys_detection_frauds/lib/python3.12/site-packages/airflow/example_dags/tutorial_objectstorage.py
[2025-03-21T21:17:53.903+0000] {logging_mixin.py:190} INFO - [2025-03-21T21:17:53.903+0000] {dag.py:3239} INFO - Sync 1 DAGs
[2025-03-21T21:17:53.920+0000] {logging_mixin.py:190} INFO - [2025-03-21T21:17:53.919+0000] {dag.py:4180} INFO - Setting next_dagrun for tutorial_objectstorage to None, run_after=None
[2025-03-21T21:17:53.942+0000] {processor.py:208} INFO - Processing /home/usmail/sys_fraud/sys_detection_frauds/lib/python3.12/site-packages/airflow/example_dags/tutorial_objectstorage.py took 0.100 seconds
[2025-03-21T21:18:58.702+0000] {processor.py:186} INFO - Started process (PID=3748231) to work on /home/usmail/sys_fraud/sys_detection_frauds/lib/python3.12/site-packages/airflow/example_dags/tutorial_objectstorage.py
[2025-03-21T21:18:58.711+0000] {processor.py:914} INFO - Processing file /home/usmail/sys_fraud/sys_detection_frauds/lib/python3.12/site-packages/airflow/example_dags/tutorial_objectstorage.py for tasks to queue
[2025-03-21T21:18:58.714+0000] {logging_mixin.py:190} INFO - [2025-03-21T21:18:58.713+0000] {dagbag.py:588} INFO - Filling up the DagBag from /home/usmail/sys_fraud/sys_detection_frauds/lib/python3.12/site-packages/airflow/example_dags/tutorial_objectstorage.py
[2025-03-21T21:18:58.729+0000] {processor.py:925} INFO - DAG(s) 'tutorial_objectstorage' retrieved from /home/usmail/sys_fraud/sys_detection_frauds/lib/python3.12/site-packages/airflow/example_dags/tutorial_objectstorage.py
[2025-03-21T21:18:58.751+0000] {logging_mixin.py:190} INFO - [2025-03-21T21:18:58.750+0000] {dag.py:3239} INFO - Sync 1 DAGs
[2025-03-21T21:18:58.768+0000] {logging_mixin.py:190} INFO - [2025-03-21T21:18:58.768+0000] {dag.py:4180} INFO - Setting next_dagrun for tutorial_objectstorage to None, run_after=None
[2025-03-21T21:18:58.786+0000] {processor.py:208} INFO - Processing /home/usmail/sys_fraud/sys_detection_frauds/lib/python3.12/site-packages/airflow/example_dags/tutorial_objectstorage.py took 0.097 seconds
[2025-03-21T21:20:02.727+0000] {processor.py:186} INFO - Started process (PID=3749010) to work on /home/usmail/sys_fraud/sys_detection_frauds/lib/python3.12/site-packages/airflow/example_dags/tutorial_objectstorage.py
[2025-03-21T21:20:02.736+0000] {processor.py:914} INFO - Processing file /home/usmail/sys_fraud/sys_detection_frauds/lib/python3.12/site-packages/airflow/example_dags/tutorial_objectstorage.py for tasks to queue
[2025-03-21T21:20:02.740+0000] {logging_mixin.py:190} INFO - [2025-03-21T21:20:02.739+0000] {dagbag.py:588} INFO - Filling up the DagBag from /home/usmail/sys_fraud/sys_detection_frauds/lib/python3.12/site-packages/airflow/example_dags/tutorial_objectstorage.py
[2025-03-21T21:20:02.753+0000] {processor.py:925} INFO - DAG(s) 'tutorial_objectstorage' retrieved from /home/usmail/sys_fraud/sys_detection_frauds/lib/python3.12/site-packages/airflow/example_dags/tutorial_objectstorage.py
[2025-03-21T21:20:02.775+0000] {logging_mixin.py:190} INFO - [2025-03-21T21:20:02.774+0000] {dag.py:3239} INFO - Sync 1 DAGs
[2025-03-21T21:20:02.793+0000] {logging_mixin.py:190} INFO - [2025-03-21T21:20:02.793+0000] {dag.py:4180} INFO - Setting next_dagrun for tutorial_objectstorage to None, run_after=None
[2025-03-21T21:20:02.813+0000] {processor.py:208} INFO - Processing /home/usmail/sys_fraud/sys_detection_frauds/lib/python3.12/site-packages/airflow/example_dags/tutorial_objectstorage.py took 0.097 seconds
[2025-03-21T21:21:05.774+0000] {processor.py:186} INFO - Started process (PID=3749774) to work on /home/usmail/sys_fraud/sys_detection_frauds/lib/python3.12/site-packages/airflow/example_dags/tutorial_objectstorage.py
[2025-03-21T21:21:05.783+0000] {processor.py:914} INFO - Processing file /home/usmail/sys_fraud/sys_detection_frauds/lib/python3.12/site-packages/airflow/example_dags/tutorial_objectstorage.py for tasks to queue
[2025-03-21T21:21:05.786+0000] {logging_mixin.py:190} INFO - [2025-03-21T21:21:05.786+0000] {dagbag.py:588} INFO - Filling up the DagBag from /home/usmail/sys_fraud/sys_detection_frauds/lib/python3.12/site-packages/airflow/example_dags/tutorial_objectstorage.py
[2025-03-21T21:21:05.802+0000] {processor.py:925} INFO - DAG(s) 'tutorial_objectstorage' retrieved from /home/usmail/sys_fraud/sys_detection_frauds/lib/python3.12/site-packages/airflow/example_dags/tutorial_objectstorage.py
[2025-03-21T21:21:05.822+0000] {logging_mixin.py:190} INFO - [2025-03-21T21:21:05.822+0000] {dag.py:3239} INFO - Sync 1 DAGs
[2025-03-21T21:21:05.835+0000] {logging_mixin.py:190} INFO - [2025-03-21T21:21:05.835+0000] {dag.py:4180} INFO - Setting next_dagrun for tutorial_objectstorage to None, run_after=None
[2025-03-21T21:21:05.851+0000] {processor.py:208} INFO - Processing /home/usmail/sys_fraud/sys_detection_frauds/lib/python3.12/site-packages/airflow/example_dags/tutorial_objectstorage.py took 0.089 seconds
[2025-03-21T21:22:13.341+0000] {processor.py:186} INFO - Started process (PID=3750602) to work on /home/usmail/sys_fraud/sys_detection_frauds/lib/python3.12/site-packages/airflow/example_dags/tutorial_objectstorage.py
[2025-03-21T21:22:13.350+0000] {processor.py:914} INFO - Processing file /home/usmail/sys_fraud/sys_detection_frauds/lib/python3.12/site-packages/airflow/example_dags/tutorial_objectstorage.py for tasks to queue
[2025-03-21T21:22:13.353+0000] {logging_mixin.py:190} INFO - [2025-03-21T21:22:13.353+0000] {dagbag.py:588} INFO - Filling up the DagBag from /home/usmail/sys_fraud/sys_detection_frauds/lib/python3.12/site-packages/airflow/example_dags/tutorial_objectstorage.py
[2025-03-21T21:22:13.368+0000] {processor.py:925} INFO - DAG(s) 'tutorial_objectstorage' retrieved from /home/usmail/sys_fraud/sys_detection_frauds/lib/python3.12/site-packages/airflow/example_dags/tutorial_objectstorage.py
[2025-03-21T21:22:13.390+0000] {logging_mixin.py:190} INFO - [2025-03-21T21:22:13.389+0000] {dag.py:3239} INFO - Sync 1 DAGs
[2025-03-21T21:22:13.406+0000] {logging_mixin.py:190} INFO - [2025-03-21T21:22:13.405+0000] {dag.py:4180} INFO - Setting next_dagrun for tutorial_objectstorage to None, run_after=None
[2025-03-21T21:22:13.438+0000] {processor.py:208} INFO - Processing /home/usmail/sys_fraud/sys_detection_frauds/lib/python3.12/site-packages/airflow/example_dags/tutorial_objectstorage.py took 0.109 seconds
[2025-03-21T21:23:18.599+0000] {processor.py:186} INFO - Started process (PID=3751429) to work on /home/usmail/sys_fraud/sys_detection_frauds/lib/python3.12/site-packages/airflow/example_dags/tutorial_objectstorage.py
[2025-03-21T21:23:18.600+0000] {processor.py:914} INFO - Processing file /home/usmail/sys_fraud/sys_detection_frauds/lib/python3.12/site-packages/airflow/example_dags/tutorial_objectstorage.py for tasks to queue
[2025-03-21T21:23:18.603+0000] {logging_mixin.py:190} INFO - [2025-03-21T21:23:18.602+0000] {dagbag.py:588} INFO - Filling up the DagBag from /home/usmail/sys_fraud/sys_detection_frauds/lib/python3.12/site-packages/airflow/example_dags/tutorial_objectstorage.py
[2025-03-21T21:23:18.619+0000] {processor.py:925} INFO - DAG(s) 'tutorial_objectstorage' retrieved from /home/usmail/sys_fraud/sys_detection_frauds/lib/python3.12/site-packages/airflow/example_dags/tutorial_objectstorage.py
[2025-03-21T21:23:18.640+0000] {logging_mixin.py:190} INFO - [2025-03-21T21:23:18.640+0000] {dag.py:3239} INFO - Sync 1 DAGs
[2025-03-21T21:23:18.655+0000] {logging_mixin.py:190} INFO - [2025-03-21T21:23:18.654+0000] {dag.py:4180} INFO - Setting next_dagrun for tutorial_objectstorage to None, run_after=None
[2025-03-21T21:23:18.672+0000] {processor.py:208} INFO - Processing /home/usmail/sys_fraud/sys_detection_frauds/lib/python3.12/site-packages/airflow/example_dags/tutorial_objectstorage.py took 0.087 seconds
[2025-03-21T21:24:20.108+0000] {processor.py:186} INFO - Started process (PID=3752114) to work on /home/usmail/sys_fraud/sys_detection_frauds/lib/python3.12/site-packages/airflow/example_dags/tutorial_objectstorage.py
[2025-03-21T21:24:20.117+0000] {processor.py:914} INFO - Processing file /home/usmail/sys_fraud/sys_detection_frauds/lib/python3.12/site-packages/airflow/example_dags/tutorial_objectstorage.py for tasks to queue
[2025-03-21T21:24:20.120+0000] {logging_mixin.py:190} INFO - [2025-03-21T21:24:20.120+0000] {dagbag.py:588} INFO - Filling up the DagBag from /home/usmail/sys_fraud/sys_detection_frauds/lib/python3.12/site-packages/airflow/example_dags/tutorial_objectstorage.py
[2025-03-21T21:24:20.134+0000] {processor.py:925} INFO - DAG(s) 'tutorial_objectstorage' retrieved from /home/usmail/sys_fraud/sys_detection_frauds/lib/python3.12/site-packages/airflow/example_dags/tutorial_objectstorage.py
[2025-03-21T21:24:20.155+0000] {logging_mixin.py:190} INFO - [2025-03-21T21:24:20.155+0000] {dag.py:3239} INFO - Sync 1 DAGs
[2025-03-21T21:24:20.174+0000] {logging_mixin.py:190} INFO - [2025-03-21T21:24:20.174+0000] {dag.py:4180} INFO - Setting next_dagrun for tutorial_objectstorage to None, run_after=None
[2025-03-21T21:24:20.191+0000] {processor.py:208} INFO - Processing /home/usmail/sys_fraud/sys_detection_frauds/lib/python3.12/site-packages/airflow/example_dags/tutorial_objectstorage.py took 0.094 seconds
[2025-03-21T21:25:21.336+0000] {processor.py:186} INFO - Started process (PID=3752781) to work on /home/usmail/sys_fraud/sys_detection_frauds/lib/python3.12/site-packages/airflow/example_dags/tutorial_objectstorage.py
[2025-03-21T21:25:21.345+0000] {processor.py:914} INFO - Processing file /home/usmail/sys_fraud/sys_detection_frauds/lib/python3.12/site-packages/airflow/example_dags/tutorial_objectstorage.py for tasks to queue
[2025-03-21T21:25:21.349+0000] {logging_mixin.py:190} INFO - [2025-03-21T21:25:21.348+0000] {dagbag.py:588} INFO - Filling up the DagBag from /home/usmail/sys_fraud/sys_detection_frauds/lib/python3.12/site-packages/airflow/example_dags/tutorial_objectstorage.py
[2025-03-21T21:25:21.363+0000] {processor.py:925} INFO - DAG(s) 'tutorial_objectstorage' retrieved from /home/usmail/sys_fraud/sys_detection_frauds/lib/python3.12/site-packages/airflow/example_dags/tutorial_objectstorage.py
[2025-03-21T21:25:21.384+0000] {logging_mixin.py:190} INFO - [2025-03-21T21:25:21.384+0000] {dag.py:3239} INFO - Sync 1 DAGs
[2025-03-21T21:25:21.403+0000] {logging_mixin.py:190} INFO - [2025-03-21T21:25:21.402+0000] {dag.py:4180} INFO - Setting next_dagrun for tutorial_objectstorage to None, run_after=None
[2025-03-21T21:25:21.431+0000] {processor.py:208} INFO - Processing /home/usmail/sys_fraud/sys_detection_frauds/lib/python3.12/site-packages/airflow/example_dags/tutorial_objectstorage.py took 0.107 seconds
[2025-03-21T21:26:27.169+0000] {processor.py:186} INFO - Started process (PID=3753470) to work on /home/usmail/sys_fraud/sys_detection_frauds/lib/python3.12/site-packages/airflow/example_dags/tutorial_objectstorage.py
[2025-03-21T21:26:27.178+0000] {processor.py:914} INFO - Processing file /home/usmail/sys_fraud/sys_detection_frauds/lib/python3.12/site-packages/airflow/example_dags/tutorial_objectstorage.py for tasks to queue
[2025-03-21T21:26:27.181+0000] {logging_mixin.py:190} INFO - [2025-03-21T21:26:27.181+0000] {dagbag.py:588} INFO - Filling up the DagBag from /home/usmail/sys_fraud/sys_detection_frauds/lib/python3.12/site-packages/airflow/example_dags/tutorial_objectstorage.py
[2025-03-21T21:26:27.195+0000] {processor.py:925} INFO - DAG(s) 'tutorial_objectstorage' retrieved from /home/usmail/sys_fraud/sys_detection_frauds/lib/python3.12/site-packages/airflow/example_dags/tutorial_objectstorage.py
[2025-03-21T21:26:27.217+0000] {logging_mixin.py:190} INFO - [2025-03-21T21:26:27.217+0000] {dag.py:3239} INFO - Sync 1 DAGs
[2025-03-21T21:26:27.234+0000] {logging_mixin.py:190} INFO - [2025-03-21T21:26:27.234+0000] {dag.py:4180} INFO - Setting next_dagrun for tutorial_objectstorage to None, run_after=None
[2025-03-21T21:26:27.252+0000] {processor.py:208} INFO - Processing /home/usmail/sys_fraud/sys_detection_frauds/lib/python3.12/site-packages/airflow/example_dags/tutorial_objectstorage.py took 0.094 seconds
[2025-03-21T21:27:30.842+0000] {processor.py:186} INFO - Started process (PID=3754125) to work on /home/usmail/sys_fraud/sys_detection_frauds/lib/python3.12/site-packages/airflow/example_dags/tutorial_objectstorage.py
[2025-03-21T21:27:30.852+0000] {processor.py:914} INFO - Processing file /home/usmail/sys_fraud/sys_detection_frauds/lib/python3.12/site-packages/airflow/example_dags/tutorial_objectstorage.py for tasks to queue
[2025-03-21T21:27:30.856+0000] {logging_mixin.py:190} INFO - [2025-03-21T21:27:30.855+0000] {dagbag.py:588} INFO - Filling up the DagBag from /home/usmail/sys_fraud/sys_detection_frauds/lib/python3.12/site-packages/airflow/example_dags/tutorial_objectstorage.py
[2025-03-21T21:27:30.871+0000] {processor.py:925} INFO - DAG(s) 'tutorial_objectstorage' retrieved from /home/usmail/sys_fraud/sys_detection_frauds/lib/python3.12/site-packages/airflow/example_dags/tutorial_objectstorage.py
[2025-03-21T21:27:30.892+0000] {logging_mixin.py:190} INFO - [2025-03-21T21:27:30.892+0000] {dag.py:3239} INFO - Sync 1 DAGs
[2025-03-21T21:27:30.909+0000] {logging_mixin.py:190} INFO - [2025-03-21T21:27:30.909+0000] {dag.py:4180} INFO - Setting next_dagrun for tutorial_objectstorage to None, run_after=None
[2025-03-21T21:27:30.925+0000] {processor.py:208} INFO - Processing /home/usmail/sys_fraud/sys_detection_frauds/lib/python3.12/site-packages/airflow/example_dags/tutorial_objectstorage.py took 0.095 seconds
[2025-03-21T21:28:30.000+0000] {processor.py:186} INFO - Started process (PID=3754751) to work on /home/usmail/sys_fraud/sys_detection_frauds/lib/python3.12/site-packages/airflow/example_dags/tutorial_objectstorage.py
[2025-03-21T21:28:30.009+0000] {processor.py:914} INFO - Processing file /home/usmail/sys_fraud/sys_detection_frauds/lib/python3.12/site-packages/airflow/example_dags/tutorial_objectstorage.py for tasks to queue
[2025-03-21T21:28:30.012+0000] {logging_mixin.py:190} INFO - [2025-03-21T21:28:30.011+0000] {dagbag.py:588} INFO - Filling up the DagBag from /home/usmail/sys_fraud/sys_detection_frauds/lib/python3.12/site-packages/airflow/example_dags/tutorial_objectstorage.py
[2025-03-21T21:28:30.026+0000] {processor.py:925} INFO - DAG(s) 'tutorial_objectstorage' retrieved from /home/usmail/sys_fraud/sys_detection_frauds/lib/python3.12/site-packages/airflow/example_dags/tutorial_objectstorage.py
[2025-03-21T21:28:30.047+0000] {logging_mixin.py:190} INFO - [2025-03-21T21:28:30.047+0000] {dag.py:3239} INFO - Sync 1 DAGs
[2025-03-21T21:28:30.065+0000] {logging_mixin.py:190} INFO - [2025-03-21T21:28:30.065+0000] {dag.py:4180} INFO - Setting next_dagrun for tutorial_objectstorage to None, run_after=None
[2025-03-21T21:28:30.081+0000] {processor.py:208} INFO - Processing /home/usmail/sys_fraud/sys_detection_frauds/lib/python3.12/site-packages/airflow/example_dags/tutorial_objectstorage.py took 0.094 seconds
[2025-03-21T21:29:33.495+0000] {processor.py:186} INFO - Started process (PID=3755411) to work on /home/usmail/sys_fraud/sys_detection_frauds/lib/python3.12/site-packages/airflow/example_dags/tutorial_objectstorage.py
[2025-03-21T21:29:33.505+0000] {processor.py:914} INFO - Processing file /home/usmail/sys_fraud/sys_detection_frauds/lib/python3.12/site-packages/airflow/example_dags/tutorial_objectstorage.py for tasks to queue
[2025-03-21T21:29:33.508+0000] {logging_mixin.py:190} INFO - [2025-03-21T21:29:33.508+0000] {dagbag.py:588} INFO - Filling up the DagBag from /home/usmail/sys_fraud/sys_detection_frauds/lib/python3.12/site-packages/airflow/example_dags/tutorial_objectstorage.py
[2025-03-21T21:29:33.523+0000] {processor.py:925} INFO - DAG(s) 'tutorial_objectstorage' retrieved from /home/usmail/sys_fraud/sys_detection_frauds/lib/python3.12/site-packages/airflow/example_dags/tutorial_objectstorage.py
[2025-03-21T21:29:33.544+0000] {logging_mixin.py:190} INFO - [2025-03-21T21:29:33.544+0000] {dag.py:3239} INFO - Sync 1 DAGs
[2025-03-21T21:29:33.562+0000] {logging_mixin.py:190} INFO - [2025-03-21T21:29:33.561+0000] {dag.py:4180} INFO - Setting next_dagrun for tutorial_objectstorage to None, run_after=None
[2025-03-21T21:29:33.580+0000] {processor.py:208} INFO - Processing /home/usmail/sys_fraud/sys_detection_frauds/lib/python3.12/site-packages/airflow/example_dags/tutorial_objectstorage.py took 0.096 seconds
[2025-03-21T21:30:38.649+0000] {processor.py:186} INFO - Started process (PID=3756102) to work on /home/usmail/sys_fraud/sys_detection_frauds/lib/python3.12/site-packages/airflow/example_dags/tutorial_objectstorage.py
[2025-03-21T21:30:38.658+0000] {processor.py:914} INFO - Processing file /home/usmail/sys_fraud/sys_detection_frauds/lib/python3.12/site-packages/airflow/example_dags/tutorial_objectstorage.py for tasks to queue
[2025-03-21T21:30:38.661+0000] {logging_mixin.py:190} INFO - [2025-03-21T21:30:38.660+0000] {dagbag.py:588} INFO - Filling up the DagBag from /home/usmail/sys_fraud/sys_detection_frauds/lib/python3.12/site-packages/airflow/example_dags/tutorial_objectstorage.py
[2025-03-21T21:30:38.675+0000] {processor.py:925} INFO - DAG(s) 'tutorial_objectstorage' retrieved from /home/usmail/sys_fraud/sys_detection_frauds/lib/python3.12/site-packages/airflow/example_dags/tutorial_objectstorage.py
[2025-03-21T21:30:38.696+0000] {logging_mixin.py:190} INFO - [2025-03-21T21:30:38.696+0000] {dag.py:3239} INFO - Sync 1 DAGs
[2025-03-21T21:30:38.714+0000] {logging_mixin.py:190} INFO - [2025-03-21T21:30:38.713+0000] {dag.py:4180} INFO - Setting next_dagrun for tutorial_objectstorage to None, run_after=None
[2025-03-21T21:30:38.730+0000] {processor.py:208} INFO - Processing /home/usmail/sys_fraud/sys_detection_frauds/lib/python3.12/site-packages/airflow/example_dags/tutorial_objectstorage.py took 0.094 seconds
[2025-03-21T21:31:43.863+0000] {processor.py:186} INFO - Started process (PID=3756778) to work on /home/usmail/sys_fraud/sys_detection_frauds/lib/python3.12/site-packages/airflow/example_dags/tutorial_objectstorage.py
[2025-03-21T21:31:43.873+0000] {processor.py:914} INFO - Processing file /home/usmail/sys_fraud/sys_detection_frauds/lib/python3.12/site-packages/airflow/example_dags/tutorial_objectstorage.py for tasks to queue
[2025-03-21T21:31:43.876+0000] {logging_mixin.py:190} INFO - [2025-03-21T21:31:43.875+0000] {dagbag.py:588} INFO - Filling up the DagBag from /home/usmail/sys_fraud/sys_detection_frauds/lib/python3.12/site-packages/airflow/example_dags/tutorial_objectstorage.py
[2025-03-21T21:31:43.891+0000] {processor.py:925} INFO - DAG(s) 'tutorial_objectstorage' retrieved from /home/usmail/sys_fraud/sys_detection_frauds/lib/python3.12/site-packages/airflow/example_dags/tutorial_objectstorage.py
[2025-03-21T21:31:43.912+0000] {logging_mixin.py:190} INFO - [2025-03-21T21:31:43.911+0000] {dag.py:3239} INFO - Sync 1 DAGs
[2025-03-21T21:31:43.929+0000] {logging_mixin.py:190} INFO - [2025-03-21T21:31:43.928+0000] {dag.py:4180} INFO - Setting next_dagrun for tutorial_objectstorage to None, run_after=None
[2025-03-21T21:31:43.960+0000] {processor.py:208} INFO - Processing /home/usmail/sys_fraud/sys_detection_frauds/lib/python3.12/site-packages/airflow/example_dags/tutorial_objectstorage.py took 0.110 seconds
[2025-03-21T21:32:47.268+0000] {processor.py:186} INFO - Started process (PID=3757435) to work on /home/usmail/sys_fraud/sys_detection_frauds/lib/python3.12/site-packages/airflow/example_dags/tutorial_objectstorage.py
[2025-03-21T21:32:47.277+0000] {processor.py:914} INFO - Processing file /home/usmail/sys_fraud/sys_detection_frauds/lib/python3.12/site-packages/airflow/example_dags/tutorial_objectstorage.py for tasks to queue
[2025-03-21T21:32:47.281+0000] {logging_mixin.py:190} INFO - [2025-03-21T21:32:47.280+0000] {dagbag.py:588} INFO - Filling up the DagBag from /home/usmail/sys_fraud/sys_detection_frauds/lib/python3.12/site-packages/airflow/example_dags/tutorial_objectstorage.py
[2025-03-21T21:32:47.296+0000] {processor.py:925} INFO - DAG(s) 'tutorial_objectstorage' retrieved from /home/usmail/sys_fraud/sys_detection_frauds/lib/python3.12/site-packages/airflow/example_dags/tutorial_objectstorage.py
[2025-03-21T21:32:47.318+0000] {logging_mixin.py:190} INFO - [2025-03-21T21:32:47.317+0000] {dag.py:3239} INFO - Sync 1 DAGs
[2025-03-21T21:32:47.334+0000] {logging_mixin.py:190} INFO - [2025-03-21T21:32:47.334+0000] {dag.py:4180} INFO - Setting next_dagrun for tutorial_objectstorage to None, run_after=None
[2025-03-21T21:32:47.370+0000] {processor.py:208} INFO - Processing /home/usmail/sys_fraud/sys_detection_frauds/lib/python3.12/site-packages/airflow/example_dags/tutorial_objectstorage.py took 0.114 seconds
[2025-03-21T22:19:21.373+0000] {processor.py:186} INFO - Started process (PID=3758436) to work on /home/usmail/sys_fraud/sys_detection_frauds/lib/python3.12/site-packages/airflow/example_dags/tutorial_objectstorage.py
[2025-03-21T22:19:21.383+0000] {processor.py:914} INFO - Processing file /home/usmail/sys_fraud/sys_detection_frauds/lib/python3.12/site-packages/airflow/example_dags/tutorial_objectstorage.py for tasks to queue
[2025-03-21T22:19:21.386+0000] {logging_mixin.py:190} INFO - [2025-03-21T22:19:21.386+0000] {dagbag.py:588} INFO - Filling up the DagBag from /home/usmail/sys_fraud/sys_detection_frauds/lib/python3.12/site-packages/airflow/example_dags/tutorial_objectstorage.py
[2025-03-21T22:19:21.404+0000] {processor.py:925} INFO - DAG(s) 'tutorial_objectstorage' retrieved from /home/usmail/sys_fraud/sys_detection_frauds/lib/python3.12/site-packages/airflow/example_dags/tutorial_objectstorage.py
[2025-03-21T22:19:21.426+0000] {logging_mixin.py:190} INFO - [2025-03-21T22:19:21.426+0000] {dag.py:3239} INFO - Sync 1 DAGs
[2025-03-21T22:19:21.441+0000] {logging_mixin.py:190} INFO - [2025-03-21T22:19:21.441+0000] {dag.py:4180} INFO - Setting next_dagrun for tutorial_objectstorage to None, run_after=None
[2025-03-21T22:19:21.458+0000] {processor.py:208} INFO - Processing /home/usmail/sys_fraud/sys_detection_frauds/lib/python3.12/site-packages/airflow/example_dags/tutorial_objectstorage.py took 0.098 seconds
[2025-03-21T22:20:18.034+0000] {processor.py:186} INFO - Started process (PID=3759385) to work on /home/usmail/sys_fraud/sys_detection_frauds/lib/python3.12/site-packages/airflow/example_dags/tutorial_objectstorage.py
[2025-03-21T22:20:18.035+0000] {processor.py:914} INFO - Processing file /home/usmail/sys_fraud/sys_detection_frauds/lib/python3.12/site-packages/airflow/example_dags/tutorial_objectstorage.py for tasks to queue
[2025-03-21T22:20:18.038+0000] {logging_mixin.py:190} INFO - [2025-03-21T22:20:18.038+0000] {dagbag.py:588} INFO - Filling up the DagBag from /home/usmail/sys_fraud/sys_detection_frauds/lib/python3.12/site-packages/airflow/example_dags/tutorial_objectstorage.py
[2025-03-21T22:20:18.053+0000] {processor.py:925} INFO - DAG(s) 'tutorial_objectstorage' retrieved from /home/usmail/sys_fraud/sys_detection_frauds/lib/python3.12/site-packages/airflow/example_dags/tutorial_objectstorage.py
[2025-03-21T22:20:18.069+0000] {logging_mixin.py:190} INFO - [2025-03-21T22:20:18.069+0000] {dag.py:3239} INFO - Sync 1 DAGs
[2025-03-21T22:20:18.079+0000] {logging_mixin.py:190} INFO - [2025-03-21T22:20:18.079+0000] {dag.py:4180} INFO - Setting next_dagrun for tutorial_objectstorage to None, run_after=None
[2025-03-21T22:20:18.096+0000] {processor.py:208} INFO - Processing /home/usmail/sys_fraud/sys_detection_frauds/lib/python3.12/site-packages/airflow/example_dags/tutorial_objectstorage.py took 0.075 seconds
[2025-03-21T22:21:20.687+0000] {processor.py:186} INFO - Started process (PID=3760148) to work on /home/usmail/sys_fraud/sys_detection_frauds/lib/python3.12/site-packages/airflow/example_dags/tutorial_objectstorage.py
[2025-03-21T22:21:20.696+0000] {processor.py:914} INFO - Processing file /home/usmail/sys_fraud/sys_detection_frauds/lib/python3.12/site-packages/airflow/example_dags/tutorial_objectstorage.py for tasks to queue
[2025-03-21T22:21:20.698+0000] {logging_mixin.py:190} INFO - [2025-03-21T22:21:20.698+0000] {dagbag.py:588} INFO - Filling up the DagBag from /home/usmail/sys_fraud/sys_detection_frauds/lib/python3.12/site-packages/airflow/example_dags/tutorial_objectstorage.py
[2025-03-21T22:21:20.714+0000] {processor.py:925} INFO - DAG(s) 'tutorial_objectstorage' retrieved from /home/usmail/sys_fraud/sys_detection_frauds/lib/python3.12/site-packages/airflow/example_dags/tutorial_objectstorage.py
[2025-03-21T22:21:20.735+0000] {logging_mixin.py:190} INFO - [2025-03-21T22:21:20.735+0000] {dag.py:3239} INFO - Sync 1 DAGs
[2025-03-21T22:21:20.750+0000] {logging_mixin.py:190} INFO - [2025-03-21T22:21:20.749+0000] {dag.py:4180} INFO - Setting next_dagrun for tutorial_objectstorage to None, run_after=None
[2025-03-21T22:21:20.792+0000] {processor.py:208} INFO - Processing /home/usmail/sys_fraud/sys_detection_frauds/lib/python3.12/site-packages/airflow/example_dags/tutorial_objectstorage.py took 0.118 seconds
[2025-03-21T22:22:20.942+0000] {processor.py:186} INFO - Started process (PID=3761183) to work on /home/usmail/sys_fraud/sys_detection_frauds/lib/python3.12/site-packages/airflow/example_dags/tutorial_objectstorage.py
[2025-03-21T22:22:20.951+0000] {processor.py:914} INFO - Processing file /home/usmail/sys_fraud/sys_detection_frauds/lib/python3.12/site-packages/airflow/example_dags/tutorial_objectstorage.py for tasks to queue
[2025-03-21T22:22:20.953+0000] {logging_mixin.py:190} INFO - [2025-03-21T22:22:20.952+0000] {dagbag.py:588} INFO - Filling up the DagBag from /home/usmail/sys_fraud/sys_detection_frauds/lib/python3.12/site-packages/airflow/example_dags/tutorial_objectstorage.py
[2025-03-21T22:22:20.968+0000] {processor.py:925} INFO - DAG(s) 'tutorial_objectstorage' retrieved from /home/usmail/sys_fraud/sys_detection_frauds/lib/python3.12/site-packages/airflow/example_dags/tutorial_objectstorage.py
[2025-03-21T22:22:20.993+0000] {logging_mixin.py:190} INFO - [2025-03-21T22:22:20.993+0000] {dag.py:3239} INFO - Sync 1 DAGs
[2025-03-21T22:22:21.010+0000] {logging_mixin.py:190} INFO - [2025-03-21T22:22:21.010+0000] {dag.py:4180} INFO - Setting next_dagrun for tutorial_objectstorage to None, run_after=None
[2025-03-21T22:22:21.035+0000] {processor.py:208} INFO - Processing /home/usmail/sys_fraud/sys_detection_frauds/lib/python3.12/site-packages/airflow/example_dags/tutorial_objectstorage.py took 0.105 seconds
