[2025-03-21T20:49:39.283+0000] {processor.py:186} INFO - Started process (PID=3723009) to work on /home/usmail/sys_fraud/sys_detection_frauds/lib/python3.12/site-packages/airflow/example_dags/tutorial.py
[2025-03-21T20:49:39.284+0000] {processor.py:914} INFO - Processing file /home/usmail/sys_fraud/sys_detection_frauds/lib/python3.12/site-packages/airflow/example_dags/tutorial.py for tasks to queue
[2025-03-21T20:49:39.286+0000] {logging_mixin.py:190} INFO - [2025-03-21T20:49:39.286+0000] {dagbag.py:588} INFO - Filling up the DagBag from /home/usmail/sys_fraud/sys_detection_frauds/lib/python3.12/site-packages/airflow/example_dags/tutorial.py
[2025-03-21T20:49:39.290+0000] {processor.py:925} INFO - DAG(s) 'tutorial' retrieved from /home/usmail/sys_fraud/sys_detection_frauds/lib/python3.12/site-packages/airflow/example_dags/tutorial.py
[2025-03-21T20:49:39.359+0000] {logging_mixin.py:190} INFO - [2025-03-21T20:49:39.358+0000] {override.py:1912} INFO - Created Permission View: can edit on DAG:tutorial
[2025-03-21T20:49:39.366+0000] {logging_mixin.py:190} INFO - [2025-03-21T20:49:39.366+0000] {override.py:1912} INFO - Created Permission View: can read on DAG:tutorial
[2025-03-21T20:49:39.371+0000] {logging_mixin.py:190} INFO - [2025-03-21T20:49:39.371+0000] {override.py:1912} INFO - Created Permission View: can delete on DAG:tutorial
[2025-03-21T20:49:39.380+0000] {logging_mixin.py:190} INFO - [2025-03-21T20:49:39.380+0000] {override.py:1912} INFO - Created Permission View: can create on DAG Run:tutorial
[2025-03-21T20:49:39.385+0000] {logging_mixin.py:190} INFO - [2025-03-21T20:49:39.385+0000] {override.py:1912} INFO - Created Permission View: menu access on DAG Run:tutorial
[2025-03-21T20:49:39.390+0000] {logging_mixin.py:190} INFO - [2025-03-21T20:49:39.390+0000] {override.py:1912} INFO - Created Permission View: can read on DAG Run:tutorial
[2025-03-21T20:49:39.400+0000] {logging_mixin.py:190} INFO - [2025-03-21T20:49:39.399+0000] {override.py:1912} INFO - Created Permission View: can delete on DAG Run:tutorial
[2025-03-21T20:49:39.400+0000] {logging_mixin.py:190} INFO - [2025-03-21T20:49:39.400+0000] {dag.py:3239} INFO - Sync 1 DAGs
[2025-03-21T20:49:39.407+0000] {logging_mixin.py:190} INFO - [2025-03-21T20:49:39.407+0000] {dag.py:3262} INFO - Creating ORM DAG for tutorial
[2025-03-21T20:49:39.414+0000] {logging_mixin.py:190} INFO - [2025-03-21T20:49:39.413+0000] {dag.py:4180} INFO - Setting next_dagrun for tutorial to 2025-03-20 00:00:00+00:00, run_after=2025-03-21 00:00:00+00:00
[2025-03-21T20:49:39.427+0000] {processor.py:208} INFO - Processing /home/usmail/sys_fraud/sys_detection_frauds/lib/python3.12/site-packages/airflow/example_dags/tutorial.py took 0.147 seconds
[2025-03-21T20:50:39.558+0000] {processor.py:186} INFO - Started process (PID=3723725) to work on /home/usmail/sys_fraud/sys_detection_frauds/lib/python3.12/site-packages/airflow/example_dags/tutorial.py
[2025-03-21T20:50:39.567+0000] {processor.py:914} INFO - Processing file /home/usmail/sys_fraud/sys_detection_frauds/lib/python3.12/site-packages/airflow/example_dags/tutorial.py for tasks to queue
[2025-03-21T20:50:39.570+0000] {logging_mixin.py:190} INFO - [2025-03-21T20:50:39.569+0000] {dagbag.py:588} INFO - Filling up the DagBag from /home/usmail/sys_fraud/sys_detection_frauds/lib/python3.12/site-packages/airflow/example_dags/tutorial.py
[2025-03-21T20:50:39.578+0000] {processor.py:925} INFO - DAG(s) 'tutorial' retrieved from /home/usmail/sys_fraud/sys_detection_frauds/lib/python3.12/site-packages/airflow/example_dags/tutorial.py
[2025-03-21T20:50:39.587+0000] {logging_mixin.py:190} INFO - [2025-03-21T20:50:39.586+0000] {dag.py:3239} INFO - Sync 1 DAGs
[2025-03-21T20:50:39.597+0000] {logging_mixin.py:190} INFO - [2025-03-21T20:50:39.597+0000] {dag.py:4180} INFO - Setting next_dagrun for tutorial to 2025-03-20 00:00:00+00:00, run_after=2025-03-21 00:00:00+00:00
[2025-03-21T20:50:39.608+0000] {processor.py:208} INFO - Processing /home/usmail/sys_fraud/sys_detection_frauds/lib/python3.12/site-packages/airflow/example_dags/tutorial.py took 0.054 seconds
[2025-03-21T20:51:34.602+0000] {processor.py:186} INFO - Started process (PID=3724384) to work on /home/usmail/sys_fraud/sys_detection_frauds/lib/python3.12/site-packages/airflow/example_dags/tutorial.py
[2025-03-21T20:51:34.603+0000] {processor.py:914} INFO - Processing file /home/usmail/sys_fraud/sys_detection_frauds/lib/python3.12/site-packages/airflow/example_dags/tutorial.py for tasks to queue
[2025-03-21T20:51:34.605+0000] {logging_mixin.py:190} INFO - [2025-03-21T20:51:34.605+0000] {dagbag.py:588} INFO - Filling up the DagBag from /home/usmail/sys_fraud/sys_detection_frauds/lib/python3.12/site-packages/airflow/example_dags/tutorial.py
[2025-03-21T20:51:34.611+0000] {processor.py:925} INFO - DAG(s) 'tutorial' retrieved from /home/usmail/sys_fraud/sys_detection_frauds/lib/python3.12/site-packages/airflow/example_dags/tutorial.py
[2025-03-21T20:51:34.623+0000] {logging_mixin.py:190} INFO - [2025-03-21T20:51:34.622+0000] {dag.py:3239} INFO - Sync 1 DAGs
[2025-03-21T20:51:34.636+0000] {logging_mixin.py:190} INFO - [2025-03-21T20:51:34.636+0000] {dag.py:4180} INFO - Setting next_dagrun for tutorial to 2025-03-20 00:00:00+00:00, run_after=2025-03-21 00:00:00+00:00
[2025-03-21T20:51:34.659+0000] {processor.py:208} INFO - Processing /home/usmail/sys_fraud/sys_detection_frauds/lib/python3.12/site-packages/airflow/example_dags/tutorial.py took 0.063 seconds
[2025-03-21T20:52:25.302+0000] {processor.py:186} INFO - Started process (PID=3725024) to work on /home/usmail/sys_fraud/sys_detection_frauds/lib/python3.12/site-packages/airflow/example_dags/tutorial.py
[2025-03-21T20:52:25.311+0000] {processor.py:914} INFO - Processing file /home/usmail/sys_fraud/sys_detection_frauds/lib/python3.12/site-packages/airflow/example_dags/tutorial.py for tasks to queue
[2025-03-21T20:52:25.314+0000] {logging_mixin.py:190} INFO - [2025-03-21T20:52:25.313+0000] {dagbag.py:588} INFO - Filling up the DagBag from /home/usmail/sys_fraud/sys_detection_frauds/lib/python3.12/site-packages/airflow/example_dags/tutorial.py
[2025-03-21T20:52:25.323+0000] {processor.py:925} INFO - DAG(s) 'tutorial' retrieved from /home/usmail/sys_fraud/sys_detection_frauds/lib/python3.12/site-packages/airflow/example_dags/tutorial.py
[2025-03-21T20:52:25.333+0000] {logging_mixin.py:190} INFO - [2025-03-21T20:52:25.332+0000] {dag.py:3239} INFO - Sync 1 DAGs
[2025-03-21T20:52:25.345+0000] {logging_mixin.py:190} INFO - [2025-03-21T20:52:25.345+0000] {dag.py:4180} INFO - Setting next_dagrun for tutorial to 2025-03-20 00:00:00+00:00, run_after=2025-03-21 00:00:00+00:00
[2025-03-21T20:52:25.365+0000] {processor.py:208} INFO - Processing /home/usmail/sys_fraud/sys_detection_frauds/lib/python3.12/site-packages/airflow/example_dags/tutorial.py took 0.067 seconds
[2025-03-21T20:53:18.189+0000] {processor.py:186} INFO - Started process (PID=3725645) to work on /home/usmail/sys_fraud/sys_detection_frauds/lib/python3.12/site-packages/airflow/example_dags/tutorial.py
[2025-03-21T20:53:18.197+0000] {processor.py:914} INFO - Processing file /home/usmail/sys_fraud/sys_detection_frauds/lib/python3.12/site-packages/airflow/example_dags/tutorial.py for tasks to queue
[2025-03-21T20:53:18.198+0000] {logging_mixin.py:190} INFO - [2025-03-21T20:53:18.198+0000] {dagbag.py:588} INFO - Filling up the DagBag from /home/usmail/sys_fraud/sys_detection_frauds/lib/python3.12/site-packages/airflow/example_dags/tutorial.py
[2025-03-21T20:53:18.203+0000] {processor.py:925} INFO - DAG(s) 'tutorial' retrieved from /home/usmail/sys_fraud/sys_detection_frauds/lib/python3.12/site-packages/airflow/example_dags/tutorial.py
[2025-03-21T20:53:18.211+0000] {logging_mixin.py:190} INFO - [2025-03-21T20:53:18.211+0000] {dag.py:3239} INFO - Sync 1 DAGs
[2025-03-21T20:53:18.222+0000] {logging_mixin.py:190} INFO - [2025-03-21T20:53:18.222+0000] {dag.py:4180} INFO - Setting next_dagrun for tutorial to 2025-03-20 00:00:00+00:00, run_after=2025-03-21 00:00:00+00:00
[2025-03-21T20:53:18.234+0000] {processor.py:208} INFO - Processing /home/usmail/sys_fraud/sys_detection_frauds/lib/python3.12/site-packages/airflow/example_dags/tutorial.py took 0.049 seconds
[2025-03-21T20:54:11.621+0000] {processor.py:186} INFO - Started process (PID=3726313) to work on /home/usmail/sys_fraud/sys_detection_frauds/lib/python3.12/site-packages/airflow/example_dags/tutorial.py
[2025-03-21T20:54:11.623+0000] {processor.py:914} INFO - Processing file /home/usmail/sys_fraud/sys_detection_frauds/lib/python3.12/site-packages/airflow/example_dags/tutorial.py for tasks to queue
[2025-03-21T20:54:11.626+0000] {logging_mixin.py:190} INFO - [2025-03-21T20:54:11.625+0000] {dagbag.py:588} INFO - Filling up the DagBag from /home/usmail/sys_fraud/sys_detection_frauds/lib/python3.12/site-packages/airflow/example_dags/tutorial.py
[2025-03-21T20:54:11.632+0000] {processor.py:925} INFO - DAG(s) 'tutorial' retrieved from /home/usmail/sys_fraud/sys_detection_frauds/lib/python3.12/site-packages/airflow/example_dags/tutorial.py
[2025-03-21T20:54:11.640+0000] {logging_mixin.py:190} INFO - [2025-03-21T20:54:11.640+0000] {dag.py:3239} INFO - Sync 1 DAGs
[2025-03-21T20:54:11.725+0000] {logging_mixin.py:190} INFO - [2025-03-21T20:54:11.725+0000] {dag.py:4180} INFO - Setting next_dagrun for tutorial to 2025-03-20 00:00:00+00:00, run_after=2025-03-21 00:00:00+00:00
[2025-03-21T20:54:11.745+0000] {processor.py:208} INFO - Processing /home/usmail/sys_fraud/sys_detection_frauds/lib/python3.12/site-packages/airflow/example_dags/tutorial.py took 0.131 seconds
[2025-03-21T20:55:03.855+0000] {processor.py:186} INFO - Started process (PID=3726963) to work on /home/usmail/sys_fraud/sys_detection_frauds/lib/python3.12/site-packages/airflow/example_dags/tutorial.py
[2025-03-21T20:55:03.856+0000] {processor.py:914} INFO - Processing file /home/usmail/sys_fraud/sys_detection_frauds/lib/python3.12/site-packages/airflow/example_dags/tutorial.py for tasks to queue
[2025-03-21T20:55:03.857+0000] {logging_mixin.py:190} INFO - [2025-03-21T20:55:03.857+0000] {dagbag.py:588} INFO - Filling up the DagBag from /home/usmail/sys_fraud/sys_detection_frauds/lib/python3.12/site-packages/airflow/example_dags/tutorial.py
[2025-03-21T20:55:03.862+0000] {processor.py:925} INFO - DAG(s) 'tutorial' retrieved from /home/usmail/sys_fraud/sys_detection_frauds/lib/python3.12/site-packages/airflow/example_dags/tutorial.py
[2025-03-21T20:55:03.872+0000] {logging_mixin.py:190} INFO - [2025-03-21T20:55:03.872+0000] {dag.py:3239} INFO - Sync 1 DAGs
[2025-03-21T20:55:03.884+0000] {logging_mixin.py:190} INFO - [2025-03-21T20:55:03.884+0000] {dag.py:4180} INFO - Setting next_dagrun for tutorial to 2025-03-20 00:00:00+00:00, run_after=2025-03-21 00:00:00+00:00
[2025-03-21T20:55:03.897+0000] {processor.py:208} INFO - Processing /home/usmail/sys_fraud/sys_detection_frauds/lib/python3.12/site-packages/airflow/example_dags/tutorial.py took 0.045 seconds
[2025-03-21T20:55:54.743+0000] {processor.py:186} INFO - Started process (PID=3727601) to work on /home/usmail/sys_fraud/sys_detection_frauds/lib/python3.12/site-packages/airflow/example_dags/tutorial.py
[2025-03-21T20:55:54.751+0000] {processor.py:914} INFO - Processing file /home/usmail/sys_fraud/sys_detection_frauds/lib/python3.12/site-packages/airflow/example_dags/tutorial.py for tasks to queue
[2025-03-21T20:55:54.755+0000] {logging_mixin.py:190} INFO - [2025-03-21T20:55:54.754+0000] {dagbag.py:588} INFO - Filling up the DagBag from /home/usmail/sys_fraud/sys_detection_frauds/lib/python3.12/site-packages/airflow/example_dags/tutorial.py
[2025-03-21T20:55:54.764+0000] {processor.py:925} INFO - DAG(s) 'tutorial' retrieved from /home/usmail/sys_fraud/sys_detection_frauds/lib/python3.12/site-packages/airflow/example_dags/tutorial.py
[2025-03-21T20:55:54.772+0000] {logging_mixin.py:190} INFO - [2025-03-21T20:55:54.772+0000] {dag.py:3239} INFO - Sync 1 DAGs
[2025-03-21T20:55:54.784+0000] {logging_mixin.py:190} INFO - [2025-03-21T20:55:54.783+0000] {dag.py:4180} INFO - Setting next_dagrun for tutorial to 2025-03-20 00:00:00+00:00, run_after=2025-03-21 00:00:00+00:00
[2025-03-21T20:55:54.807+0000] {processor.py:208} INFO - Processing /home/usmail/sys_fraud/sys_detection_frauds/lib/python3.12/site-packages/airflow/example_dags/tutorial.py took 0.069 seconds
[2025-03-21T20:56:44.475+0000] {processor.py:186} INFO - Started process (PID=3728280) to work on /home/usmail/sys_fraud/sys_detection_frauds/lib/python3.12/site-packages/airflow/example_dags/tutorial.py
[2025-03-21T20:56:44.484+0000] {processor.py:914} INFO - Processing file /home/usmail/sys_fraud/sys_detection_frauds/lib/python3.12/site-packages/airflow/example_dags/tutorial.py for tasks to queue
[2025-03-21T20:56:44.486+0000] {logging_mixin.py:190} INFO - [2025-03-21T20:56:44.485+0000] {dagbag.py:588} INFO - Filling up the DagBag from /home/usmail/sys_fraud/sys_detection_frauds/lib/python3.12/site-packages/airflow/example_dags/tutorial.py
[2025-03-21T20:56:44.495+0000] {processor.py:925} INFO - DAG(s) 'tutorial' retrieved from /home/usmail/sys_fraud/sys_detection_frauds/lib/python3.12/site-packages/airflow/example_dags/tutorial.py
[2025-03-21T20:56:44.503+0000] {logging_mixin.py:190} INFO - [2025-03-21T20:56:44.503+0000] {dag.py:3239} INFO - Sync 1 DAGs
[2025-03-21T20:56:44.514+0000] {logging_mixin.py:190} INFO - [2025-03-21T20:56:44.514+0000] {dag.py:4180} INFO - Setting next_dagrun for tutorial to 2025-03-20 00:00:00+00:00, run_after=2025-03-21 00:00:00+00:00
[2025-03-21T20:56:44.530+0000] {processor.py:208} INFO - Processing /home/usmail/sys_fraud/sys_detection_frauds/lib/python3.12/site-packages/airflow/example_dags/tutorial.py took 0.058 seconds
[2025-03-21T20:57:39.340+0000] {processor.py:186} INFO - Started process (PID=3729029) to work on /home/usmail/sys_fraud/sys_detection_frauds/lib/python3.12/site-packages/airflow/example_dags/tutorial.py
[2025-03-21T20:57:39.348+0000] {processor.py:914} INFO - Processing file /home/usmail/sys_fraud/sys_detection_frauds/lib/python3.12/site-packages/airflow/example_dags/tutorial.py for tasks to queue
[2025-03-21T20:57:39.350+0000] {logging_mixin.py:190} INFO - [2025-03-21T20:57:39.350+0000] {dagbag.py:588} INFO - Filling up the DagBag from /home/usmail/sys_fraud/sys_detection_frauds/lib/python3.12/site-packages/airflow/example_dags/tutorial.py
[2025-03-21T20:57:39.355+0000] {processor.py:925} INFO - DAG(s) 'tutorial' retrieved from /home/usmail/sys_fraud/sys_detection_frauds/lib/python3.12/site-packages/airflow/example_dags/tutorial.py
[2025-03-21T20:57:39.366+0000] {logging_mixin.py:190} INFO - [2025-03-21T20:57:39.366+0000] {dag.py:3239} INFO - Sync 1 DAGs
[2025-03-21T20:57:39.380+0000] {logging_mixin.py:190} INFO - [2025-03-21T20:57:39.380+0000] {dag.py:4180} INFO - Setting next_dagrun for tutorial to 2025-03-20 00:00:00+00:00, run_after=2025-03-21 00:00:00+00:00
[2025-03-21T20:57:39.407+0000] {processor.py:208} INFO - Processing /home/usmail/sys_fraud/sys_detection_frauds/lib/python3.12/site-packages/airflow/example_dags/tutorial.py took 0.070 seconds
[2025-03-21T20:58:29.316+0000] {processor.py:186} INFO - Started process (PID=3729608) to work on /home/usmail/sys_fraud/sys_detection_frauds/lib/python3.12/site-packages/airflow/example_dags/tutorial.py
[2025-03-21T20:58:29.325+0000] {processor.py:914} INFO - Processing file /home/usmail/sys_fraud/sys_detection_frauds/lib/python3.12/site-packages/airflow/example_dags/tutorial.py for tasks to queue
[2025-03-21T20:58:29.326+0000] {logging_mixin.py:190} INFO - [2025-03-21T20:58:29.326+0000] {dagbag.py:588} INFO - Filling up the DagBag from /home/usmail/sys_fraud/sys_detection_frauds/lib/python3.12/site-packages/airflow/example_dags/tutorial.py
[2025-03-21T20:58:29.333+0000] {processor.py:925} INFO - DAG(s) 'tutorial' retrieved from /home/usmail/sys_fraud/sys_detection_frauds/lib/python3.12/site-packages/airflow/example_dags/tutorial.py
[2025-03-21T20:58:29.344+0000] {logging_mixin.py:190} INFO - [2025-03-21T20:58:29.343+0000] {dag.py:3239} INFO - Sync 1 DAGs
[2025-03-21T20:58:29.360+0000] {logging_mixin.py:190} INFO - [2025-03-21T20:58:29.359+0000] {dag.py:4180} INFO - Setting next_dagrun for tutorial to 2025-03-20 00:00:00+00:00, run_after=2025-03-21 00:00:00+00:00
[2025-03-21T20:58:29.379+0000] {processor.py:208} INFO - Processing /home/usmail/sys_fraud/sys_detection_frauds/lib/python3.12/site-packages/airflow/example_dags/tutorial.py took 0.068 seconds
[2025-03-21T20:59:31.527+0000] {processor.py:186} INFO - Started process (PID=3730500) to work on /home/usmail/sys_fraud/sys_detection_frauds/lib/python3.12/site-packages/airflow/example_dags/tutorial.py
[2025-03-21T20:59:31.528+0000] {processor.py:914} INFO - Processing file /home/usmail/sys_fraud/sys_detection_frauds/lib/python3.12/site-packages/airflow/example_dags/tutorial.py for tasks to queue
[2025-03-21T20:59:31.530+0000] {logging_mixin.py:190} INFO - [2025-03-21T20:59:31.529+0000] {dagbag.py:588} INFO - Filling up the DagBag from /home/usmail/sys_fraud/sys_detection_frauds/lib/python3.12/site-packages/airflow/example_dags/tutorial.py
[2025-03-21T20:59:31.535+0000] {processor.py:925} INFO - DAG(s) 'tutorial' retrieved from /home/usmail/sys_fraud/sys_detection_frauds/lib/python3.12/site-packages/airflow/example_dags/tutorial.py
[2025-03-21T20:59:31.544+0000] {logging_mixin.py:190} INFO - [2025-03-21T20:59:31.544+0000] {dag.py:3239} INFO - Sync 1 DAGs
[2025-03-21T20:59:31.557+0000] {logging_mixin.py:190} INFO - [2025-03-21T20:59:31.557+0000] {dag.py:4180} INFO - Setting next_dagrun for tutorial to 2025-03-20 00:00:00+00:00, run_after=2025-03-21 00:00:00+00:00
[2025-03-21T20:59:31.571+0000] {processor.py:208} INFO - Processing /home/usmail/sys_fraud/sys_detection_frauds/lib/python3.12/site-packages/airflow/example_dags/tutorial.py took 0.047 seconds
[2025-03-21T21:00:28.208+0000] {processor.py:186} INFO - Started process (PID=3731247) to work on /home/usmail/sys_fraud/sys_detection_frauds/lib/python3.12/site-packages/airflow/example_dags/tutorial.py
[2025-03-21T21:00:28.209+0000] {processor.py:914} INFO - Processing file /home/usmail/sys_fraud/sys_detection_frauds/lib/python3.12/site-packages/airflow/example_dags/tutorial.py for tasks to queue
[2025-03-21T21:00:28.210+0000] {logging_mixin.py:190} INFO - [2025-03-21T21:00:28.210+0000] {dagbag.py:588} INFO - Filling up the DagBag from /home/usmail/sys_fraud/sys_detection_frauds/lib/python3.12/site-packages/airflow/example_dags/tutorial.py
[2025-03-21T21:00:28.216+0000] {processor.py:925} INFO - DAG(s) 'tutorial' retrieved from /home/usmail/sys_fraud/sys_detection_frauds/lib/python3.12/site-packages/airflow/example_dags/tutorial.py
[2025-03-21T21:00:28.230+0000] {logging_mixin.py:190} INFO - [2025-03-21T21:00:28.230+0000] {dag.py:3239} INFO - Sync 1 DAGs
[2025-03-21T21:00:28.245+0000] {logging_mixin.py:190} INFO - [2025-03-21T21:00:28.245+0000] {dag.py:4180} INFO - Setting next_dagrun for tutorial to 2025-03-20 00:00:00+00:00, run_after=2025-03-21 00:00:00+00:00
[2025-03-21T21:00:28.261+0000] {processor.py:208} INFO - Processing /home/usmail/sys_fraud/sys_detection_frauds/lib/python3.12/site-packages/airflow/example_dags/tutorial.py took 0.060 seconds
[2025-03-21T21:01:22.888+0000] {processor.py:186} INFO - Started process (PID=3731922) to work on /home/usmail/sys_fraud/sys_detection_frauds/lib/python3.12/site-packages/airflow/example_dags/tutorial.py
[2025-03-21T21:01:22.889+0000] {processor.py:914} INFO - Processing file /home/usmail/sys_fraud/sys_detection_frauds/lib/python3.12/site-packages/airflow/example_dags/tutorial.py for tasks to queue
[2025-03-21T21:01:22.890+0000] {logging_mixin.py:190} INFO - [2025-03-21T21:01:22.890+0000] {dagbag.py:588} INFO - Filling up the DagBag from /home/usmail/sys_fraud/sys_detection_frauds/lib/python3.12/site-packages/airflow/example_dags/tutorial.py
[2025-03-21T21:01:22.895+0000] {processor.py:925} INFO - DAG(s) 'tutorial' retrieved from /home/usmail/sys_fraud/sys_detection_frauds/lib/python3.12/site-packages/airflow/example_dags/tutorial.py
[2025-03-21T21:01:22.907+0000] {logging_mixin.py:190} INFO - [2025-03-21T21:01:22.906+0000] {dag.py:3239} INFO - Sync 1 DAGs
[2025-03-21T21:01:22.921+0000] {logging_mixin.py:190} INFO - [2025-03-21T21:01:22.921+0000] {dag.py:4180} INFO - Setting next_dagrun for tutorial to 2025-03-20 00:00:00+00:00, run_after=2025-03-21 00:00:00+00:00
[2025-03-21T21:01:22.938+0000] {processor.py:208} INFO - Processing /home/usmail/sys_fraud/sys_detection_frauds/lib/python3.12/site-packages/airflow/example_dags/tutorial.py took 0.054 seconds
[2025-03-21T21:02:16.462+0000] {processor.py:186} INFO - Started process (PID=3732599) to work on /home/usmail/sys_fraud/sys_detection_frauds/lib/python3.12/site-packages/airflow/example_dags/tutorial.py
[2025-03-21T21:02:16.463+0000] {processor.py:914} INFO - Processing file /home/usmail/sys_fraud/sys_detection_frauds/lib/python3.12/site-packages/airflow/example_dags/tutorial.py for tasks to queue
[2025-03-21T21:02:16.464+0000] {logging_mixin.py:190} INFO - [2025-03-21T21:02:16.464+0000] {dagbag.py:588} INFO - Filling up the DagBag from /home/usmail/sys_fraud/sys_detection_frauds/lib/python3.12/site-packages/airflow/example_dags/tutorial.py
[2025-03-21T21:02:16.470+0000] {processor.py:925} INFO - DAG(s) 'tutorial' retrieved from /home/usmail/sys_fraud/sys_detection_frauds/lib/python3.12/site-packages/airflow/example_dags/tutorial.py
[2025-03-21T21:02:16.478+0000] {logging_mixin.py:190} INFO - [2025-03-21T21:02:16.478+0000] {dag.py:3239} INFO - Sync 1 DAGs
[2025-03-21T21:02:16.489+0000] {logging_mixin.py:190} INFO - [2025-03-21T21:02:16.489+0000] {dag.py:4180} INFO - Setting next_dagrun for tutorial to 2025-03-20 00:00:00+00:00, run_after=2025-03-21 00:00:00+00:00
[2025-03-21T21:02:16.515+0000] {processor.py:208} INFO - Processing /home/usmail/sys_fraud/sys_detection_frauds/lib/python3.12/site-packages/airflow/example_dags/tutorial.py took 0.057 seconds
[2025-03-21T21:03:10.510+0000] {processor.py:186} INFO - Started process (PID=3733267) to work on /home/usmail/sys_fraud/sys_detection_frauds/lib/python3.12/site-packages/airflow/example_dags/tutorial.py
[2025-03-21T21:03:10.520+0000] {processor.py:914} INFO - Processing file /home/usmail/sys_fraud/sys_detection_frauds/lib/python3.12/site-packages/airflow/example_dags/tutorial.py for tasks to queue
[2025-03-21T21:03:10.523+0000] {logging_mixin.py:190} INFO - [2025-03-21T21:03:10.522+0000] {dagbag.py:588} INFO - Filling up the DagBag from /home/usmail/sys_fraud/sys_detection_frauds/lib/python3.12/site-packages/airflow/example_dags/tutorial.py
[2025-03-21T21:03:10.532+0000] {processor.py:925} INFO - DAG(s) 'tutorial' retrieved from /home/usmail/sys_fraud/sys_detection_frauds/lib/python3.12/site-packages/airflow/example_dags/tutorial.py
[2025-03-21T21:03:10.540+0000] {logging_mixin.py:190} INFO - [2025-03-21T21:03:10.540+0000] {dag.py:3239} INFO - Sync 1 DAGs
[2025-03-21T21:03:10.551+0000] {logging_mixin.py:190} INFO - [2025-03-21T21:03:10.551+0000] {dag.py:4180} INFO - Setting next_dagrun for tutorial to 2025-03-20 00:00:00+00:00, run_after=2025-03-21 00:00:00+00:00
[2025-03-21T21:03:10.563+0000] {processor.py:208} INFO - Processing /home/usmail/sys_fraud/sys_detection_frauds/lib/python3.12/site-packages/airflow/example_dags/tutorial.py took 0.059 seconds
[2025-03-21T21:04:04.487+0000] {processor.py:186} INFO - Started process (PID=3733959) to work on /home/usmail/sys_fraud/sys_detection_frauds/lib/python3.12/site-packages/airflow/example_dags/tutorial.py
[2025-03-21T21:04:04.496+0000] {processor.py:914} INFO - Processing file /home/usmail/sys_fraud/sys_detection_frauds/lib/python3.12/site-packages/airflow/example_dags/tutorial.py for tasks to queue
[2025-03-21T21:04:04.498+0000] {logging_mixin.py:190} INFO - [2025-03-21T21:04:04.498+0000] {dagbag.py:588} INFO - Filling up the DagBag from /home/usmail/sys_fraud/sys_detection_frauds/lib/python3.12/site-packages/airflow/example_dags/tutorial.py
[2025-03-21T21:04:04.506+0000] {processor.py:925} INFO - DAG(s) 'tutorial' retrieved from /home/usmail/sys_fraud/sys_detection_frauds/lib/python3.12/site-packages/airflow/example_dags/tutorial.py
[2025-03-21T21:04:04.516+0000] {logging_mixin.py:190} INFO - [2025-03-21T21:04:04.515+0000] {dag.py:3239} INFO - Sync 1 DAGs
[2025-03-21T21:04:04.612+0000] {logging_mixin.py:190} INFO - [2025-03-21T21:04:04.611+0000] {dag.py:4180} INFO - Setting next_dagrun for tutorial to 2025-03-20 00:00:00+00:00, run_after=2025-03-21 00:00:00+00:00
[2025-03-21T21:04:04.635+0000] {processor.py:208} INFO - Processing /home/usmail/sys_fraud/sys_detection_frauds/lib/python3.12/site-packages/airflow/example_dags/tutorial.py took 0.152 seconds
[2025-03-21T21:05:01.360+0000] {processor.py:186} INFO - Started process (PID=3734824) to work on /home/usmail/sys_fraud/sys_detection_frauds/lib/python3.12/site-packages/airflow/example_dags/tutorial.py
[2025-03-21T21:05:01.361+0000] {processor.py:914} INFO - Processing file /home/usmail/sys_fraud/sys_detection_frauds/lib/python3.12/site-packages/airflow/example_dags/tutorial.py for tasks to queue
[2025-03-21T21:05:01.362+0000] {logging_mixin.py:190} INFO - [2025-03-21T21:05:01.362+0000] {dagbag.py:588} INFO - Filling up the DagBag from /home/usmail/sys_fraud/sys_detection_frauds/lib/python3.12/site-packages/airflow/example_dags/tutorial.py
[2025-03-21T21:05:01.367+0000] {processor.py:925} INFO - DAG(s) 'tutorial' retrieved from /home/usmail/sys_fraud/sys_detection_frauds/lib/python3.12/site-packages/airflow/example_dags/tutorial.py
[2025-03-21T21:05:01.376+0000] {logging_mixin.py:190} INFO - [2025-03-21T21:05:01.376+0000] {dag.py:3239} INFO - Sync 1 DAGs
[2025-03-21T21:05:01.390+0000] {logging_mixin.py:190} INFO - [2025-03-21T21:05:01.390+0000] {dag.py:4180} INFO - Setting next_dagrun for tutorial to 2025-03-20 00:00:00+00:00, run_after=2025-03-21 00:00:00+00:00
[2025-03-21T21:05:01.404+0000] {processor.py:208} INFO - Processing /home/usmail/sys_fraud/sys_detection_frauds/lib/python3.12/site-packages/airflow/example_dags/tutorial.py took 0.049 seconds
[2025-03-21T21:05:55.153+0000] {processor.py:186} INFO - Started process (PID=3735620) to work on /home/usmail/sys_fraud/sys_detection_frauds/lib/python3.12/site-packages/airflow/example_dags/tutorial.py
[2025-03-21T21:05:55.162+0000] {processor.py:914} INFO - Processing file /home/usmail/sys_fraud/sys_detection_frauds/lib/python3.12/site-packages/airflow/example_dags/tutorial.py for tasks to queue
[2025-03-21T21:05:55.164+0000] {logging_mixin.py:190} INFO - [2025-03-21T21:05:55.163+0000] {dagbag.py:588} INFO - Filling up the DagBag from /home/usmail/sys_fraud/sys_detection_frauds/lib/python3.12/site-packages/airflow/example_dags/tutorial.py
[2025-03-21T21:05:55.169+0000] {processor.py:925} INFO - DAG(s) 'tutorial' retrieved from /home/usmail/sys_fraud/sys_detection_frauds/lib/python3.12/site-packages/airflow/example_dags/tutorial.py
[2025-03-21T21:05:55.178+0000] {logging_mixin.py:190} INFO - [2025-03-21T21:05:55.178+0000] {dag.py:3239} INFO - Sync 1 DAGs
[2025-03-21T21:05:55.189+0000] {logging_mixin.py:190} INFO - [2025-03-21T21:05:55.189+0000] {dag.py:4180} INFO - Setting next_dagrun for tutorial to 2025-03-20 00:00:00+00:00, run_after=2025-03-21 00:00:00+00:00
[2025-03-21T21:05:55.202+0000] {processor.py:208} INFO - Processing /home/usmail/sys_fraud/sys_detection_frauds/lib/python3.12/site-packages/airflow/example_dags/tutorial.py took 0.055 seconds
[2025-03-21T21:06:49.022+0000] {processor.py:186} INFO - Started process (PID=3736951) to work on /home/usmail/sys_fraud/sys_detection_frauds/lib/python3.12/site-packages/airflow/example_dags/tutorial.py
[2025-03-21T21:06:49.030+0000] {processor.py:914} INFO - Processing file /home/usmail/sys_fraud/sys_detection_frauds/lib/python3.12/site-packages/airflow/example_dags/tutorial.py for tasks to queue
[2025-03-21T21:06:49.032+0000] {logging_mixin.py:190} INFO - [2025-03-21T21:06:49.032+0000] {dagbag.py:588} INFO - Filling up the DagBag from /home/usmail/sys_fraud/sys_detection_frauds/lib/python3.12/site-packages/airflow/example_dags/tutorial.py
[2025-03-21T21:06:49.039+0000] {processor.py:925} INFO - DAG(s) 'tutorial' retrieved from /home/usmail/sys_fraud/sys_detection_frauds/lib/python3.12/site-packages/airflow/example_dags/tutorial.py
[2025-03-21T21:06:49.053+0000] {logging_mixin.py:190} INFO - [2025-03-21T21:06:49.052+0000] {dag.py:3239} INFO - Sync 1 DAGs
[2025-03-21T21:06:49.070+0000] {logging_mixin.py:190} INFO - [2025-03-21T21:06:49.069+0000] {dag.py:4180} INFO - Setting next_dagrun for tutorial to 2025-03-20 00:00:00+00:00, run_after=2025-03-21 00:00:00+00:00
[2025-03-21T21:06:49.084+0000] {processor.py:208} INFO - Processing /home/usmail/sys_fraud/sys_detection_frauds/lib/python3.12/site-packages/airflow/example_dags/tutorial.py took 0.067 seconds
[2025-03-21T21:07:38.025+0000] {processor.py:186} INFO - Started process (PID=3737579) to work on /home/usmail/sys_fraud/sys_detection_frauds/lib/python3.12/site-packages/airflow/example_dags/tutorial.py
[2025-03-21T21:07:38.025+0000] {processor.py:914} INFO - Processing file /home/usmail/sys_fraud/sys_detection_frauds/lib/python3.12/site-packages/airflow/example_dags/tutorial.py for tasks to queue
[2025-03-21T21:07:38.027+0000] {logging_mixin.py:190} INFO - [2025-03-21T21:07:38.026+0000] {dagbag.py:588} INFO - Filling up the DagBag from /home/usmail/sys_fraud/sys_detection_frauds/lib/python3.12/site-packages/airflow/example_dags/tutorial.py
[2025-03-21T21:07:38.031+0000] {processor.py:925} INFO - DAG(s) 'tutorial' retrieved from /home/usmail/sys_fraud/sys_detection_frauds/lib/python3.12/site-packages/airflow/example_dags/tutorial.py
[2025-03-21T21:07:38.040+0000] {logging_mixin.py:190} INFO - [2025-03-21T21:07:38.040+0000] {dag.py:3239} INFO - Sync 1 DAGs
[2025-03-21T21:07:38.051+0000] {logging_mixin.py:190} INFO - [2025-03-21T21:07:38.051+0000] {dag.py:4180} INFO - Setting next_dagrun for tutorial to 2025-03-20 00:00:00+00:00, run_after=2025-03-21 00:00:00+00:00
[2025-03-21T21:07:38.064+0000] {processor.py:208} INFO - Processing /home/usmail/sys_fraud/sys_detection_frauds/lib/python3.12/site-packages/airflow/example_dags/tutorial.py took 0.044 seconds
[2025-03-21T21:08:32.720+0000] {processor.py:186} INFO - Started process (PID=3738282) to work on /home/usmail/sys_fraud/sys_detection_frauds/lib/python3.12/site-packages/airflow/example_dags/tutorial.py
[2025-03-21T21:08:32.729+0000] {processor.py:914} INFO - Processing file /home/usmail/sys_fraud/sys_detection_frauds/lib/python3.12/site-packages/airflow/example_dags/tutorial.py for tasks to queue
[2025-03-21T21:08:32.732+0000] {logging_mixin.py:190} INFO - [2025-03-21T21:08:32.732+0000] {dagbag.py:588} INFO - Filling up the DagBag from /home/usmail/sys_fraud/sys_detection_frauds/lib/python3.12/site-packages/airflow/example_dags/tutorial.py
[2025-03-21T21:08:32.746+0000] {processor.py:925} INFO - DAG(s) 'tutorial' retrieved from /home/usmail/sys_fraud/sys_detection_frauds/lib/python3.12/site-packages/airflow/example_dags/tutorial.py
[2025-03-21T21:08:32.770+0000] {logging_mixin.py:190} INFO - [2025-03-21T21:08:32.770+0000] {dag.py:3239} INFO - Sync 1 DAGs
[2025-03-21T21:08:32.792+0000] {logging_mixin.py:190} INFO - [2025-03-21T21:08:32.792+0000] {dag.py:4180} INFO - Setting next_dagrun for tutorial to 2025-03-20 00:00:00+00:00, run_after=2025-03-21 00:00:00+00:00
[2025-03-21T21:08:32.813+0000] {processor.py:208} INFO - Processing /home/usmail/sys_fraud/sys_detection_frauds/lib/python3.12/site-packages/airflow/example_dags/tutorial.py took 0.106 seconds
[2025-03-21T21:09:31.124+0000] {processor.py:186} INFO - Started process (PID=3739138) to work on /home/usmail/sys_fraud/sys_detection_frauds/lib/python3.12/site-packages/airflow/example_dags/tutorial.py
[2025-03-21T21:09:31.133+0000] {processor.py:914} INFO - Processing file /home/usmail/sys_fraud/sys_detection_frauds/lib/python3.12/site-packages/airflow/example_dags/tutorial.py for tasks to queue
[2025-03-21T21:09:31.137+0000] {logging_mixin.py:190} INFO - [2025-03-21T21:09:31.136+0000] {dagbag.py:588} INFO - Filling up the DagBag from /home/usmail/sys_fraud/sys_detection_frauds/lib/python3.12/site-packages/airflow/example_dags/tutorial.py
[2025-03-21T21:09:31.148+0000] {processor.py:925} INFO - DAG(s) 'tutorial' retrieved from /home/usmail/sys_fraud/sys_detection_frauds/lib/python3.12/site-packages/airflow/example_dags/tutorial.py
[2025-03-21T21:09:31.172+0000] {logging_mixin.py:190} INFO - [2025-03-21T21:09:31.172+0000] {dag.py:3239} INFO - Sync 1 DAGs
[2025-03-21T21:09:31.195+0000] {logging_mixin.py:190} INFO - [2025-03-21T21:09:31.195+0000] {dag.py:4180} INFO - Setting next_dagrun for tutorial to 2025-03-20 00:00:00+00:00, run_after=2025-03-21 00:00:00+00:00
[2025-03-21T21:09:31.218+0000] {processor.py:208} INFO - Processing /home/usmail/sys_fraud/sys_detection_frauds/lib/python3.12/site-packages/airflow/example_dags/tutorial.py took 0.107 seconds
[2025-03-21T21:10:25.060+0000] {processor.py:186} INFO - Started process (PID=3739744) to work on /home/usmail/sys_fraud/sys_detection_frauds/lib/python3.12/site-packages/airflow/example_dags/tutorial.py
[2025-03-21T21:10:25.069+0000] {processor.py:914} INFO - Processing file /home/usmail/sys_fraud/sys_detection_frauds/lib/python3.12/site-packages/airflow/example_dags/tutorial.py for tasks to queue
[2025-03-21T21:10:25.073+0000] {logging_mixin.py:190} INFO - [2025-03-21T21:10:25.072+0000] {dagbag.py:588} INFO - Filling up the DagBag from /home/usmail/sys_fraud/sys_detection_frauds/lib/python3.12/site-packages/airflow/example_dags/tutorial.py
[2025-03-21T21:10:25.085+0000] {processor.py:925} INFO - DAG(s) 'tutorial' retrieved from /home/usmail/sys_fraud/sys_detection_frauds/lib/python3.12/site-packages/airflow/example_dags/tutorial.py
[2025-03-21T21:10:25.108+0000] {logging_mixin.py:190} INFO - [2025-03-21T21:10:25.107+0000] {dag.py:3239} INFO - Sync 1 DAGs
[2025-03-21T21:10:25.136+0000] {logging_mixin.py:190} INFO - [2025-03-21T21:10:25.136+0000] {dag.py:4180} INFO - Setting next_dagrun for tutorial to 2025-03-20 00:00:00+00:00, run_after=2025-03-21 00:00:00+00:00
[2025-03-21T21:10:25.157+0000] {processor.py:208} INFO - Processing /home/usmail/sys_fraud/sys_detection_frauds/lib/python3.12/site-packages/airflow/example_dags/tutorial.py took 0.110 seconds
[2025-03-21T21:11:24.138+0000] {processor.py:186} INFO - Started process (PID=3741578) to work on /home/usmail/sys_fraud/sys_detection_frauds/lib/python3.12/site-packages/airflow/example_dags/tutorial.py
[2025-03-21T21:11:24.146+0000] {processor.py:914} INFO - Processing file /home/usmail/sys_fraud/sys_detection_frauds/lib/python3.12/site-packages/airflow/example_dags/tutorial.py for tasks to queue
[2025-03-21T21:11:24.148+0000] {logging_mixin.py:190} INFO - [2025-03-21T21:11:24.148+0000] {dagbag.py:588} INFO - Filling up the DagBag from /home/usmail/sys_fraud/sys_detection_frauds/lib/python3.12/site-packages/airflow/example_dags/tutorial.py
[2025-03-21T21:11:24.154+0000] {processor.py:925} INFO - DAG(s) 'tutorial' retrieved from /home/usmail/sys_fraud/sys_detection_frauds/lib/python3.12/site-packages/airflow/example_dags/tutorial.py
[2025-03-21T21:11:24.165+0000] {logging_mixin.py:190} INFO - [2025-03-21T21:11:24.165+0000] {dag.py:3239} INFO - Sync 1 DAGs
[2025-03-21T21:11:24.180+0000] {logging_mixin.py:190} INFO - [2025-03-21T21:11:24.180+0000] {dag.py:4180} INFO - Setting next_dagrun for tutorial to 2025-03-20 00:00:00+00:00, run_after=2025-03-21 00:00:00+00:00
[2025-03-21T21:11:24.196+0000] {processor.py:208} INFO - Processing /home/usmail/sys_fraud/sys_detection_frauds/lib/python3.12/site-packages/airflow/example_dags/tutorial.py took 0.064 seconds
[2025-03-21T21:12:19.314+0000] {processor.py:186} INFO - Started process (PID=3742700) to work on /home/usmail/sys_fraud/sys_detection_frauds/lib/python3.12/site-packages/airflow/example_dags/tutorial.py
[2025-03-21T21:12:19.322+0000] {processor.py:914} INFO - Processing file /home/usmail/sys_fraud/sys_detection_frauds/lib/python3.12/site-packages/airflow/example_dags/tutorial.py for tasks to queue
[2025-03-21T21:12:19.324+0000] {logging_mixin.py:190} INFO - [2025-03-21T21:12:19.323+0000] {dagbag.py:588} INFO - Filling up the DagBag from /home/usmail/sys_fraud/sys_detection_frauds/lib/python3.12/site-packages/airflow/example_dags/tutorial.py
[2025-03-21T21:12:19.329+0000] {processor.py:925} INFO - DAG(s) 'tutorial' retrieved from /home/usmail/sys_fraud/sys_detection_frauds/lib/python3.12/site-packages/airflow/example_dags/tutorial.py
[2025-03-21T21:12:19.341+0000] {logging_mixin.py:190} INFO - [2025-03-21T21:12:19.340+0000] {dag.py:3239} INFO - Sync 1 DAGs
[2025-03-21T21:12:19.356+0000] {logging_mixin.py:190} INFO - [2025-03-21T21:12:19.356+0000] {dag.py:4180} INFO - Setting next_dagrun for tutorial to 2025-03-20 00:00:00+00:00, run_after=2025-03-21 00:00:00+00:00
[2025-03-21T21:12:19.385+0000] {processor.py:208} INFO - Processing /home/usmail/sys_fraud/sys_detection_frauds/lib/python3.12/site-packages/airflow/example_dags/tutorial.py took 0.077 seconds
[2025-03-21T21:13:11.495+0000] {processor.py:186} INFO - Started process (PID=3743618) to work on /home/usmail/sys_fraud/sys_detection_frauds/lib/python3.12/site-packages/airflow/example_dags/tutorial.py
[2025-03-21T21:13:11.504+0000] {processor.py:914} INFO - Processing file /home/usmail/sys_fraud/sys_detection_frauds/lib/python3.12/site-packages/airflow/example_dags/tutorial.py for tasks to queue
[2025-03-21T21:13:11.506+0000] {logging_mixin.py:190} INFO - [2025-03-21T21:13:11.505+0000] {dagbag.py:588} INFO - Filling up the DagBag from /home/usmail/sys_fraud/sys_detection_frauds/lib/python3.12/site-packages/airflow/example_dags/tutorial.py
[2025-03-21T21:13:11.511+0000] {processor.py:925} INFO - DAG(s) 'tutorial' retrieved from /home/usmail/sys_fraud/sys_detection_frauds/lib/python3.12/site-packages/airflow/example_dags/tutorial.py
[2025-03-21T21:13:11.522+0000] {logging_mixin.py:190} INFO - [2025-03-21T21:13:11.522+0000] {dag.py:3239} INFO - Sync 1 DAGs
[2025-03-21T21:13:11.537+0000] {logging_mixin.py:190} INFO - [2025-03-21T21:13:11.537+0000] {dag.py:4180} INFO - Setting next_dagrun for tutorial to 2025-03-20 00:00:00+00:00, run_after=2025-03-21 00:00:00+00:00
[2025-03-21T21:13:11.554+0000] {processor.py:208} INFO - Processing /home/usmail/sys_fraud/sys_detection_frauds/lib/python3.12/site-packages/airflow/example_dags/tutorial.py took 0.065 seconds
[2025-03-21T21:14:02.598+0000] {processor.py:186} INFO - Started process (PID=3744541) to work on /home/usmail/sys_fraud/sys_detection_frauds/lib/python3.12/site-packages/airflow/example_dags/tutorial.py
[2025-03-21T21:14:02.606+0000] {processor.py:914} INFO - Processing file /home/usmail/sys_fraud/sys_detection_frauds/lib/python3.12/site-packages/airflow/example_dags/tutorial.py for tasks to queue
[2025-03-21T21:14:02.608+0000] {logging_mixin.py:190} INFO - [2025-03-21T21:14:02.608+0000] {dagbag.py:588} INFO - Filling up the DagBag from /home/usmail/sys_fraud/sys_detection_frauds/lib/python3.12/site-packages/airflow/example_dags/tutorial.py
[2025-03-21T21:14:02.615+0000] {processor.py:925} INFO - DAG(s) 'tutorial' retrieved from /home/usmail/sys_fraud/sys_detection_frauds/lib/python3.12/site-packages/airflow/example_dags/tutorial.py
[2025-03-21T21:14:02.627+0000] {logging_mixin.py:190} INFO - [2025-03-21T21:14:02.627+0000] {dag.py:3239} INFO - Sync 1 DAGs
[2025-03-21T21:14:02.644+0000] {logging_mixin.py:190} INFO - [2025-03-21T21:14:02.644+0000] {dag.py:4180} INFO - Setting next_dagrun for tutorial to 2025-03-20 00:00:00+00:00, run_after=2025-03-21 00:00:00+00:00
[2025-03-21T21:14:02.662+0000] {processor.py:208} INFO - Processing /home/usmail/sys_fraud/sys_detection_frauds/lib/python3.12/site-packages/airflow/example_dags/tutorial.py took 0.070 seconds
[2025-03-21T21:15:00.117+0000] {processor.py:186} INFO - Started process (PID=3745270) to work on /home/usmail/sys_fraud/sys_detection_frauds/lib/python3.12/site-packages/airflow/example_dags/tutorial.py
[2025-03-21T21:15:00.126+0000] {processor.py:914} INFO - Processing file /home/usmail/sys_fraud/sys_detection_frauds/lib/python3.12/site-packages/airflow/example_dags/tutorial.py for tasks to queue
[2025-03-21T21:15:00.130+0000] {logging_mixin.py:190} INFO - [2025-03-21T21:15:00.129+0000] {dagbag.py:588} INFO - Filling up the DagBag from /home/usmail/sys_fraud/sys_detection_frauds/lib/python3.12/site-packages/airflow/example_dags/tutorial.py
[2025-03-21T21:15:00.142+0000] {processor.py:925} INFO - DAG(s) 'tutorial' retrieved from /home/usmail/sys_fraud/sys_detection_frauds/lib/python3.12/site-packages/airflow/example_dags/tutorial.py
[2025-03-21T21:15:00.165+0000] {logging_mixin.py:190} INFO - [2025-03-21T21:15:00.165+0000] {dag.py:3239} INFO - Sync 1 DAGs
[2025-03-21T21:15:00.187+0000] {logging_mixin.py:190} INFO - [2025-03-21T21:15:00.187+0000] {dag.py:4180} INFO - Setting next_dagrun for tutorial to 2025-03-20 00:00:00+00:00, run_after=2025-03-21 00:00:00+00:00
[2025-03-21T21:15:00.215+0000] {processor.py:208} INFO - Processing /home/usmail/sys_fraud/sys_detection_frauds/lib/python3.12/site-packages/airflow/example_dags/tutorial.py took 0.110 seconds
[2025-03-21T21:15:59.685+0000] {processor.py:186} INFO - Started process (PID=3746010) to work on /home/usmail/sys_fraud/sys_detection_frauds/lib/python3.12/site-packages/airflow/example_dags/tutorial.py
[2025-03-21T21:15:59.694+0000] {processor.py:914} INFO - Processing file /home/usmail/sys_fraud/sys_detection_frauds/lib/python3.12/site-packages/airflow/example_dags/tutorial.py for tasks to queue
[2025-03-21T21:15:59.698+0000] {logging_mixin.py:190} INFO - [2025-03-21T21:15:59.697+0000] {dagbag.py:588} INFO - Filling up the DagBag from /home/usmail/sys_fraud/sys_detection_frauds/lib/python3.12/site-packages/airflow/example_dags/tutorial.py
[2025-03-21T21:15:59.710+0000] {processor.py:925} INFO - DAG(s) 'tutorial' retrieved from /home/usmail/sys_fraud/sys_detection_frauds/lib/python3.12/site-packages/airflow/example_dags/tutorial.py
[2025-03-21T21:15:59.733+0000] {logging_mixin.py:190} INFO - [2025-03-21T21:15:59.732+0000] {dag.py:3239} INFO - Sync 1 DAGs
[2025-03-21T21:15:59.757+0000] {logging_mixin.py:190} INFO - [2025-03-21T21:15:59.757+0000] {dag.py:4180} INFO - Setting next_dagrun for tutorial to 2025-03-20 00:00:00+00:00, run_after=2025-03-21 00:00:00+00:00
[2025-03-21T21:15:59.773+0000] {processor.py:208} INFO - Processing /home/usmail/sys_fraud/sys_detection_frauds/lib/python3.12/site-packages/airflow/example_dags/tutorial.py took 0.100 seconds
[2025-03-21T21:17:02.315+0000] {processor.py:186} INFO - Started process (PID=3746795) to work on /home/usmail/sys_fraud/sys_detection_frauds/lib/python3.12/site-packages/airflow/example_dags/tutorial.py
[2025-03-21T21:17:02.324+0000] {processor.py:914} INFO - Processing file /home/usmail/sys_fraud/sys_detection_frauds/lib/python3.12/site-packages/airflow/example_dags/tutorial.py for tasks to queue
[2025-03-21T21:17:02.328+0000] {logging_mixin.py:190} INFO - [2025-03-21T21:17:02.327+0000] {dagbag.py:588} INFO - Filling up the DagBag from /home/usmail/sys_fraud/sys_detection_frauds/lib/python3.12/site-packages/airflow/example_dags/tutorial.py
[2025-03-21T21:17:02.340+0000] {processor.py:925} INFO - DAG(s) 'tutorial' retrieved from /home/usmail/sys_fraud/sys_detection_frauds/lib/python3.12/site-packages/airflow/example_dags/tutorial.py
[2025-03-21T21:17:02.362+0000] {logging_mixin.py:190} INFO - [2025-03-21T21:17:02.362+0000] {dag.py:3239} INFO - Sync 1 DAGs
[2025-03-21T21:17:02.386+0000] {logging_mixin.py:190} INFO - [2025-03-21T21:17:02.386+0000] {dag.py:4180} INFO - Setting next_dagrun for tutorial to 2025-03-20 00:00:00+00:00, run_after=2025-03-21 00:00:00+00:00
[2025-03-21T21:17:02.402+0000] {processor.py:208} INFO - Processing /home/usmail/sys_fraud/sys_detection_frauds/lib/python3.12/site-packages/airflow/example_dags/tutorial.py took 0.099 seconds
[2025-03-21T21:18:05.153+0000] {processor.py:186} INFO - Started process (PID=3747586) to work on /home/usmail/sys_fraud/sys_detection_frauds/lib/python3.12/site-packages/airflow/example_dags/tutorial.py
[2025-03-21T21:18:05.163+0000] {processor.py:914} INFO - Processing file /home/usmail/sys_fraud/sys_detection_frauds/lib/python3.12/site-packages/airflow/example_dags/tutorial.py for tasks to queue
[2025-03-21T21:18:05.166+0000] {logging_mixin.py:190} INFO - [2025-03-21T21:18:05.165+0000] {dagbag.py:588} INFO - Filling up the DagBag from /home/usmail/sys_fraud/sys_detection_frauds/lib/python3.12/site-packages/airflow/example_dags/tutorial.py
[2025-03-21T21:18:05.178+0000] {processor.py:925} INFO - DAG(s) 'tutorial' retrieved from /home/usmail/sys_fraud/sys_detection_frauds/lib/python3.12/site-packages/airflow/example_dags/tutorial.py
[2025-03-21T21:18:05.200+0000] {logging_mixin.py:190} INFO - [2025-03-21T21:18:05.200+0000] {dag.py:3239} INFO - Sync 1 DAGs
[2025-03-21T21:18:05.226+0000] {logging_mixin.py:190} INFO - [2025-03-21T21:18:05.225+0000] {dag.py:4180} INFO - Setting next_dagrun for tutorial to 2025-03-20 00:00:00+00:00, run_after=2025-03-21 00:00:00+00:00
[2025-03-21T21:18:05.253+0000] {processor.py:208} INFO - Processing /home/usmail/sys_fraud/sys_detection_frauds/lib/python3.12/site-packages/airflow/example_dags/tutorial.py took 0.112 seconds
[2025-03-21T21:19:11.191+0000] {processor.py:186} INFO - Started process (PID=3748384) to work on /home/usmail/sys_fraud/sys_detection_frauds/lib/python3.12/site-packages/airflow/example_dags/tutorial.py
[2025-03-21T21:19:11.199+0000] {processor.py:914} INFO - Processing file /home/usmail/sys_fraud/sys_detection_frauds/lib/python3.12/site-packages/airflow/example_dags/tutorial.py for tasks to queue
[2025-03-21T21:19:11.201+0000] {logging_mixin.py:190} INFO - [2025-03-21T21:19:11.201+0000] {dagbag.py:588} INFO - Filling up the DagBag from /home/usmail/sys_fraud/sys_detection_frauds/lib/python3.12/site-packages/airflow/example_dags/tutorial.py
[2025-03-21T21:19:11.209+0000] {processor.py:925} INFO - DAG(s) 'tutorial' retrieved from /home/usmail/sys_fraud/sys_detection_frauds/lib/python3.12/site-packages/airflow/example_dags/tutorial.py
[2025-03-21T21:19:11.225+0000] {logging_mixin.py:190} INFO - [2025-03-21T21:19:11.225+0000] {dag.py:3239} INFO - Sync 1 DAGs
[2025-03-21T21:19:11.248+0000] {logging_mixin.py:190} INFO - [2025-03-21T21:19:11.248+0000] {dag.py:4180} INFO - Setting next_dagrun for tutorial to 2025-03-20 00:00:00+00:00, run_after=2025-03-21 00:00:00+00:00
[2025-03-21T21:19:11.281+0000] {processor.py:208} INFO - Processing /home/usmail/sys_fraud/sys_detection_frauds/lib/python3.12/site-packages/airflow/example_dags/tutorial.py took 0.101 seconds
[2025-03-21T21:20:14.550+0000] {processor.py:186} INFO - Started process (PID=3749155) to work on /home/usmail/sys_fraud/sys_detection_frauds/lib/python3.12/site-packages/airflow/example_dags/tutorial.py
[2025-03-21T21:20:14.559+0000] {processor.py:914} INFO - Processing file /home/usmail/sys_fraud/sys_detection_frauds/lib/python3.12/site-packages/airflow/example_dags/tutorial.py for tasks to queue
[2025-03-21T21:20:14.563+0000] {logging_mixin.py:190} INFO - [2025-03-21T21:20:14.562+0000] {dagbag.py:588} INFO - Filling up the DagBag from /home/usmail/sys_fraud/sys_detection_frauds/lib/python3.12/site-packages/airflow/example_dags/tutorial.py
[2025-03-21T21:20:14.575+0000] {processor.py:925} INFO - DAG(s) 'tutorial' retrieved from /home/usmail/sys_fraud/sys_detection_frauds/lib/python3.12/site-packages/airflow/example_dags/tutorial.py
[2025-03-21T21:20:14.598+0000] {logging_mixin.py:190} INFO - [2025-03-21T21:20:14.597+0000] {dag.py:3239} INFO - Sync 1 DAGs
[2025-03-21T21:20:14.624+0000] {logging_mixin.py:190} INFO - [2025-03-21T21:20:14.624+0000] {dag.py:4180} INFO - Setting next_dagrun for tutorial to 2025-03-20 00:00:00+00:00, run_after=2025-03-21 00:00:00+00:00
[2025-03-21T21:20:14.654+0000] {processor.py:208} INFO - Processing /home/usmail/sys_fraud/sys_detection_frauds/lib/python3.12/site-packages/airflow/example_dags/tutorial.py took 0.117 seconds
[2025-03-21T21:21:17.583+0000] {processor.py:186} INFO - Started process (PID=3749914) to work on /home/usmail/sys_fraud/sys_detection_frauds/lib/python3.12/site-packages/airflow/example_dags/tutorial.py
[2025-03-21T21:21:17.592+0000] {processor.py:914} INFO - Processing file /home/usmail/sys_fraud/sys_detection_frauds/lib/python3.12/site-packages/airflow/example_dags/tutorial.py for tasks to queue
[2025-03-21T21:21:17.595+0000] {logging_mixin.py:190} INFO - [2025-03-21T21:21:17.595+0000] {dagbag.py:588} INFO - Filling up the DagBag from /home/usmail/sys_fraud/sys_detection_frauds/lib/python3.12/site-packages/airflow/example_dags/tutorial.py
[2025-03-21T21:21:17.608+0000] {processor.py:925} INFO - DAG(s) 'tutorial' retrieved from /home/usmail/sys_fraud/sys_detection_frauds/lib/python3.12/site-packages/airflow/example_dags/tutorial.py
[2025-03-21T21:21:17.631+0000] {logging_mixin.py:190} INFO - [2025-03-21T21:21:17.631+0000] {dag.py:3239} INFO - Sync 1 DAGs
[2025-03-21T21:21:17.655+0000] {logging_mixin.py:190} INFO - [2025-03-21T21:21:17.654+0000] {dag.py:4180} INFO - Setting next_dagrun for tutorial to 2025-03-20 00:00:00+00:00, run_after=2025-03-21 00:00:00+00:00
[2025-03-21T21:21:17.671+0000] {processor.py:208} INFO - Processing /home/usmail/sys_fraud/sys_detection_frauds/lib/python3.12/site-packages/airflow/example_dags/tutorial.py took 0.100 seconds
[2025-03-21T21:22:25.177+0000] {processor.py:186} INFO - Started process (PID=3750756) to work on /home/usmail/sys_fraud/sys_detection_frauds/lib/python3.12/site-packages/airflow/example_dags/tutorial.py
[2025-03-21T21:22:25.187+0000] {processor.py:914} INFO - Processing file /home/usmail/sys_fraud/sys_detection_frauds/lib/python3.12/site-packages/airflow/example_dags/tutorial.py for tasks to queue
[2025-03-21T21:22:25.191+0000] {logging_mixin.py:190} INFO - [2025-03-21T21:22:25.191+0000] {dagbag.py:588} INFO - Filling up the DagBag from /home/usmail/sys_fraud/sys_detection_frauds/lib/python3.12/site-packages/airflow/example_dags/tutorial.py
[2025-03-21T21:22:25.208+0000] {processor.py:925} INFO - DAG(s) 'tutorial' retrieved from /home/usmail/sys_fraud/sys_detection_frauds/lib/python3.12/site-packages/airflow/example_dags/tutorial.py
[2025-03-21T21:22:25.229+0000] {logging_mixin.py:190} INFO - [2025-03-21T21:22:25.229+0000] {dag.py:3239} INFO - Sync 1 DAGs
[2025-03-21T21:22:25.246+0000] {logging_mixin.py:190} INFO - [2025-03-21T21:22:25.246+0000] {dag.py:4180} INFO - Setting next_dagrun for tutorial to 2025-03-20 00:00:00+00:00, run_after=2025-03-21 00:00:00+00:00
[2025-03-21T21:22:25.261+0000] {processor.py:208} INFO - Processing /home/usmail/sys_fraud/sys_detection_frauds/lib/python3.12/site-packages/airflow/example_dags/tutorial.py took 0.096 seconds
[2025-03-21T21:23:29.032+0000] {processor.py:186} INFO - Started process (PID=3751553) to work on /home/usmail/sys_fraud/sys_detection_frauds/lib/python3.12/site-packages/airflow/example_dags/tutorial.py
[2025-03-21T21:23:29.041+0000] {processor.py:914} INFO - Processing file /home/usmail/sys_fraud/sys_detection_frauds/lib/python3.12/site-packages/airflow/example_dags/tutorial.py for tasks to queue
[2025-03-21T21:23:29.044+0000] {logging_mixin.py:190} INFO - [2025-03-21T21:23:29.044+0000] {dagbag.py:588} INFO - Filling up the DagBag from /home/usmail/sys_fraud/sys_detection_frauds/lib/python3.12/site-packages/airflow/example_dags/tutorial.py
[2025-03-21T21:23:29.056+0000] {processor.py:925} INFO - DAG(s) 'tutorial' retrieved from /home/usmail/sys_fraud/sys_detection_frauds/lib/python3.12/site-packages/airflow/example_dags/tutorial.py
[2025-03-21T21:23:29.079+0000] {logging_mixin.py:190} INFO - [2025-03-21T21:23:29.079+0000] {dag.py:3239} INFO - Sync 1 DAGs
[2025-03-21T21:23:29.104+0000] {logging_mixin.py:190} INFO - [2025-03-21T21:23:29.104+0000] {dag.py:4180} INFO - Setting next_dagrun for tutorial to 2025-03-20 00:00:00+00:00, run_after=2025-03-21 00:00:00+00:00
[2025-03-21T21:23:29.138+0000] {processor.py:208} INFO - Processing /home/usmail/sys_fraud/sys_detection_frauds/lib/python3.12/site-packages/airflow/example_dags/tutorial.py took 0.120 seconds
[2025-03-21T21:24:31.340+0000] {processor.py:186} INFO - Started process (PID=3752230) to work on /home/usmail/sys_fraud/sys_detection_frauds/lib/python3.12/site-packages/airflow/example_dags/tutorial.py
[2025-03-21T21:24:31.349+0000] {processor.py:914} INFO - Processing file /home/usmail/sys_fraud/sys_detection_frauds/lib/python3.12/site-packages/airflow/example_dags/tutorial.py for tasks to queue
[2025-03-21T21:24:31.352+0000] {logging_mixin.py:190} INFO - [2025-03-21T21:24:31.352+0000] {dagbag.py:588} INFO - Filling up the DagBag from /home/usmail/sys_fraud/sys_detection_frauds/lib/python3.12/site-packages/airflow/example_dags/tutorial.py
[2025-03-21T21:24:31.364+0000] {processor.py:925} INFO - DAG(s) 'tutorial' retrieved from /home/usmail/sys_fraud/sys_detection_frauds/lib/python3.12/site-packages/airflow/example_dags/tutorial.py
[2025-03-21T21:24:31.393+0000] {logging_mixin.py:190} INFO - [2025-03-21T21:24:31.393+0000] {dag.py:3239} INFO - Sync 1 DAGs
[2025-03-21T21:24:31.420+0000] {logging_mixin.py:190} INFO - [2025-03-21T21:24:31.419+0000] {dag.py:4180} INFO - Setting next_dagrun for tutorial to 2025-03-20 00:00:00+00:00, run_after=2025-03-21 00:00:00+00:00
[2025-03-21T21:24:31.441+0000] {processor.py:208} INFO - Processing /home/usmail/sys_fraud/sys_detection_frauds/lib/python3.12/site-packages/airflow/example_dags/tutorial.py took 0.114 seconds
[2025-03-21T21:25:33.874+0000] {processor.py:186} INFO - Started process (PID=3752908) to work on /home/usmail/sys_fraud/sys_detection_frauds/lib/python3.12/site-packages/airflow/example_dags/tutorial.py
[2025-03-21T21:25:33.883+0000] {processor.py:914} INFO - Processing file /home/usmail/sys_fraud/sys_detection_frauds/lib/python3.12/site-packages/airflow/example_dags/tutorial.py for tasks to queue
[2025-03-21T21:25:33.886+0000] {logging_mixin.py:190} INFO - [2025-03-21T21:25:33.886+0000] {dagbag.py:588} INFO - Filling up the DagBag from /home/usmail/sys_fraud/sys_detection_frauds/lib/python3.12/site-packages/airflow/example_dags/tutorial.py
[2025-03-21T21:25:33.899+0000] {processor.py:925} INFO - DAG(s) 'tutorial' retrieved from /home/usmail/sys_fraud/sys_detection_frauds/lib/python3.12/site-packages/airflow/example_dags/tutorial.py
[2025-03-21T21:25:33.923+0000] {logging_mixin.py:190} INFO - [2025-03-21T21:25:33.923+0000] {dag.py:3239} INFO - Sync 1 DAGs
[2025-03-21T21:25:33.948+0000] {logging_mixin.py:190} INFO - [2025-03-21T21:25:33.947+0000] {dag.py:4180} INFO - Setting next_dagrun for tutorial to 2025-03-20 00:00:00+00:00, run_after=2025-03-21 00:00:00+00:00
[2025-03-21T21:25:33.964+0000] {processor.py:208} INFO - Processing /home/usmail/sys_fraud/sys_detection_frauds/lib/python3.12/site-packages/airflow/example_dags/tutorial.py took 0.103 seconds
[2025-03-21T21:26:37.506+0000] {processor.py:186} INFO - Started process (PID=3753576) to work on /home/usmail/sys_fraud/sys_detection_frauds/lib/python3.12/site-packages/airflow/example_dags/tutorial.py
[2025-03-21T21:26:37.515+0000] {processor.py:914} INFO - Processing file /home/usmail/sys_fraud/sys_detection_frauds/lib/python3.12/site-packages/airflow/example_dags/tutorial.py for tasks to queue
[2025-03-21T21:26:37.518+0000] {logging_mixin.py:190} INFO - [2025-03-21T21:26:37.518+0000] {dagbag.py:588} INFO - Filling up the DagBag from /home/usmail/sys_fraud/sys_detection_frauds/lib/python3.12/site-packages/airflow/example_dags/tutorial.py
[2025-03-21T21:26:37.530+0000] {processor.py:925} INFO - DAG(s) 'tutorial' retrieved from /home/usmail/sys_fraud/sys_detection_frauds/lib/python3.12/site-packages/airflow/example_dags/tutorial.py
[2025-03-21T21:26:37.553+0000] {logging_mixin.py:190} INFO - [2025-03-21T21:26:37.552+0000] {dag.py:3239} INFO - Sync 1 DAGs
[2025-03-21T21:26:37.577+0000] {logging_mixin.py:190} INFO - [2025-03-21T21:26:37.576+0000] {dag.py:4180} INFO - Setting next_dagrun for tutorial to 2025-03-20 00:00:00+00:00, run_after=2025-03-21 00:00:00+00:00
[2025-03-21T21:26:37.592+0000] {processor.py:208} INFO - Processing /home/usmail/sys_fraud/sys_detection_frauds/lib/python3.12/site-packages/airflow/example_dags/tutorial.py took 0.099 seconds
[2025-03-21T21:27:41.300+0000] {processor.py:186} INFO - Started process (PID=3754229) to work on /home/usmail/sys_fraud/sys_detection_frauds/lib/python3.12/site-packages/airflow/example_dags/tutorial.py
[2025-03-21T21:27:41.309+0000] {processor.py:914} INFO - Processing file /home/usmail/sys_fraud/sys_detection_frauds/lib/python3.12/site-packages/airflow/example_dags/tutorial.py for tasks to queue
[2025-03-21T21:27:41.313+0000] {logging_mixin.py:190} INFO - [2025-03-21T21:27:41.312+0000] {dagbag.py:588} INFO - Filling up the DagBag from /home/usmail/sys_fraud/sys_detection_frauds/lib/python3.12/site-packages/airflow/example_dags/tutorial.py
[2025-03-21T21:27:41.325+0000] {processor.py:925} INFO - DAG(s) 'tutorial' retrieved from /home/usmail/sys_fraud/sys_detection_frauds/lib/python3.12/site-packages/airflow/example_dags/tutorial.py
[2025-03-21T21:27:41.347+0000] {logging_mixin.py:190} INFO - [2025-03-21T21:27:41.347+0000] {dag.py:3239} INFO - Sync 1 DAGs
[2025-03-21T21:27:41.372+0000] {logging_mixin.py:190} INFO - [2025-03-21T21:27:41.371+0000] {dag.py:4180} INFO - Setting next_dagrun for tutorial to 2025-03-20 00:00:00+00:00, run_after=2025-03-21 00:00:00+00:00
[2025-03-21T21:27:41.387+0000] {processor.py:208} INFO - Processing /home/usmail/sys_fraud/sys_detection_frauds/lib/python3.12/site-packages/airflow/example_dags/tutorial.py took 0.099 seconds
[2025-03-21T21:28:41.696+0000] {processor.py:186} INFO - Started process (PID=3754869) to work on /home/usmail/sys_fraud/sys_detection_frauds/lib/python3.12/site-packages/airflow/example_dags/tutorial.py
[2025-03-21T21:28:41.705+0000] {processor.py:914} INFO - Processing file /home/usmail/sys_fraud/sys_detection_frauds/lib/python3.12/site-packages/airflow/example_dags/tutorial.py for tasks to queue
[2025-03-21T21:28:41.709+0000] {logging_mixin.py:190} INFO - [2025-03-21T21:28:41.708+0000] {dagbag.py:588} INFO - Filling up the DagBag from /home/usmail/sys_fraud/sys_detection_frauds/lib/python3.12/site-packages/airflow/example_dags/tutorial.py
[2025-03-21T21:28:41.721+0000] {processor.py:925} INFO - DAG(s) 'tutorial' retrieved from /home/usmail/sys_fraud/sys_detection_frauds/lib/python3.12/site-packages/airflow/example_dags/tutorial.py
[2025-03-21T21:28:41.744+0000] {logging_mixin.py:190} INFO - [2025-03-21T21:28:41.744+0000] {dag.py:3239} INFO - Sync 1 DAGs
[2025-03-21T21:28:41.770+0000] {logging_mixin.py:190} INFO - [2025-03-21T21:28:41.769+0000] {dag.py:4180} INFO - Setting next_dagrun for tutorial to 2025-03-20 00:00:00+00:00, run_after=2025-03-21 00:00:00+00:00
[2025-03-21T21:28:41.795+0000] {processor.py:208} INFO - Processing /home/usmail/sys_fraud/sys_detection_frauds/lib/python3.12/site-packages/airflow/example_dags/tutorial.py took 0.111 seconds
[2025-03-21T21:29:44.469+0000] {processor.py:186} INFO - Started process (PID=3755522) to work on /home/usmail/sys_fraud/sys_detection_frauds/lib/python3.12/site-packages/airflow/example_dags/tutorial.py
[2025-03-21T21:29:44.478+0000] {processor.py:914} INFO - Processing file /home/usmail/sys_fraud/sys_detection_frauds/lib/python3.12/site-packages/airflow/example_dags/tutorial.py for tasks to queue
[2025-03-21T21:29:44.481+0000] {logging_mixin.py:190} INFO - [2025-03-21T21:29:44.481+0000] {dagbag.py:588} INFO - Filling up the DagBag from /home/usmail/sys_fraud/sys_detection_frauds/lib/python3.12/site-packages/airflow/example_dags/tutorial.py
[2025-03-21T21:29:44.494+0000] {processor.py:925} INFO - DAG(s) 'tutorial' retrieved from /home/usmail/sys_fraud/sys_detection_frauds/lib/python3.12/site-packages/airflow/example_dags/tutorial.py
[2025-03-21T21:29:44.516+0000] {logging_mixin.py:190} INFO - [2025-03-21T21:29:44.515+0000] {dag.py:3239} INFO - Sync 1 DAGs
[2025-03-21T21:29:44.540+0000] {logging_mixin.py:190} INFO - [2025-03-21T21:29:44.540+0000] {dag.py:4180} INFO - Setting next_dagrun for tutorial to 2025-03-20 00:00:00+00:00, run_after=2025-03-21 00:00:00+00:00
[2025-03-21T21:29:44.555+0000] {processor.py:208} INFO - Processing /home/usmail/sys_fraud/sys_detection_frauds/lib/python3.12/site-packages/airflow/example_dags/tutorial.py took 0.098 seconds
[2025-03-21T21:30:50.269+0000] {processor.py:186} INFO - Started process (PID=3756205) to work on /home/usmail/sys_fraud/sys_detection_frauds/lib/python3.12/site-packages/airflow/example_dags/tutorial.py
[2025-03-21T21:30:50.278+0000] {processor.py:914} INFO - Processing file /home/usmail/sys_fraud/sys_detection_frauds/lib/python3.12/site-packages/airflow/example_dags/tutorial.py for tasks to queue
[2025-03-21T21:30:50.281+0000] {logging_mixin.py:190} INFO - [2025-03-21T21:30:50.281+0000] {dagbag.py:588} INFO - Filling up the DagBag from /home/usmail/sys_fraud/sys_detection_frauds/lib/python3.12/site-packages/airflow/example_dags/tutorial.py
[2025-03-21T21:30:50.293+0000] {processor.py:925} INFO - DAG(s) 'tutorial' retrieved from /home/usmail/sys_fraud/sys_detection_frauds/lib/python3.12/site-packages/airflow/example_dags/tutorial.py
[2025-03-21T21:30:50.316+0000] {logging_mixin.py:190} INFO - [2025-03-21T21:30:50.315+0000] {dag.py:3239} INFO - Sync 1 DAGs
[2025-03-21T21:30:50.341+0000] {logging_mixin.py:190} INFO - [2025-03-21T21:30:50.341+0000] {dag.py:4180} INFO - Setting next_dagrun for tutorial to 2025-03-20 00:00:00+00:00, run_after=2025-03-21 00:00:00+00:00
[2025-03-21T21:30:50.357+0000] {processor.py:208} INFO - Processing /home/usmail/sys_fraud/sys_detection_frauds/lib/python3.12/site-packages/airflow/example_dags/tutorial.py took 0.100 seconds
[2025-03-21T21:31:55.920+0000] {processor.py:186} INFO - Started process (PID=3756900) to work on /home/usmail/sys_fraud/sys_detection_frauds/lib/python3.12/site-packages/airflow/example_dags/tutorial.py
[2025-03-21T21:31:55.930+0000] {processor.py:914} INFO - Processing file /home/usmail/sys_fraud/sys_detection_frauds/lib/python3.12/site-packages/airflow/example_dags/tutorial.py for tasks to queue
[2025-03-21T21:31:55.933+0000] {logging_mixin.py:190} INFO - [2025-03-21T21:31:55.932+0000] {dagbag.py:588} INFO - Filling up the DagBag from /home/usmail/sys_fraud/sys_detection_frauds/lib/python3.12/site-packages/airflow/example_dags/tutorial.py
[2025-03-21T21:31:55.944+0000] {processor.py:925} INFO - DAG(s) 'tutorial' retrieved from /home/usmail/sys_fraud/sys_detection_frauds/lib/python3.12/site-packages/airflow/example_dags/tutorial.py
[2025-03-21T21:31:55.968+0000] {logging_mixin.py:190} INFO - [2025-03-21T21:31:55.968+0000] {dag.py:3239} INFO - Sync 1 DAGs
[2025-03-21T21:31:55.992+0000] {logging_mixin.py:190} INFO - [2025-03-21T21:31:55.992+0000] {dag.py:4180} INFO - Setting next_dagrun for tutorial to 2025-03-20 00:00:00+00:00, run_after=2025-03-21 00:00:00+00:00
[2025-03-21T21:31:56.032+0000] {processor.py:208} INFO - Processing /home/usmail/sys_fraud/sys_detection_frauds/lib/python3.12/site-packages/airflow/example_dags/tutorial.py took 0.124 seconds
[2025-03-21T21:32:59.030+0000] {processor.py:186} INFO - Started process (PID=3757554) to work on /home/usmail/sys_fraud/sys_detection_frauds/lib/python3.12/site-packages/airflow/example_dags/tutorial.py
[2025-03-21T21:32:59.039+0000] {processor.py:914} INFO - Processing file /home/usmail/sys_fraud/sys_detection_frauds/lib/python3.12/site-packages/airflow/example_dags/tutorial.py for tasks to queue
[2025-03-21T21:32:59.042+0000] {logging_mixin.py:190} INFO - [2025-03-21T21:32:59.042+0000] {dagbag.py:588} INFO - Filling up the DagBag from /home/usmail/sys_fraud/sys_detection_frauds/lib/python3.12/site-packages/airflow/example_dags/tutorial.py
[2025-03-21T21:32:59.055+0000] {processor.py:925} INFO - DAG(s) 'tutorial' retrieved from /home/usmail/sys_fraud/sys_detection_frauds/lib/python3.12/site-packages/airflow/example_dags/tutorial.py
[2025-03-21T21:32:59.078+0000] {logging_mixin.py:190} INFO - [2025-03-21T21:32:59.078+0000] {dag.py:3239} INFO - Sync 1 DAGs
[2025-03-21T21:32:59.102+0000] {logging_mixin.py:190} INFO - [2025-03-21T21:32:59.102+0000] {dag.py:4180} INFO - Setting next_dagrun for tutorial to 2025-03-20 00:00:00+00:00, run_after=2025-03-21 00:00:00+00:00
[2025-03-21T21:32:59.142+0000] {processor.py:208} INFO - Processing /home/usmail/sys_fraud/sys_detection_frauds/lib/python3.12/site-packages/airflow/example_dags/tutorial.py took 0.124 seconds
[2025-03-21T22:19:32.806+0000] {processor.py:186} INFO - Started process (PID=3758610) to work on /home/usmail/sys_fraud/sys_detection_frauds/lib/python3.12/site-packages/airflow/example_dags/tutorial.py
[2025-03-21T22:19:32.816+0000] {processor.py:914} INFO - Processing file /home/usmail/sys_fraud/sys_detection_frauds/lib/python3.12/site-packages/airflow/example_dags/tutorial.py for tasks to queue
[2025-03-21T22:19:32.819+0000] {logging_mixin.py:190} INFO - [2025-03-21T22:19:32.818+0000] {dagbag.py:588} INFO - Filling up the DagBag from /home/usmail/sys_fraud/sys_detection_frauds/lib/python3.12/site-packages/airflow/example_dags/tutorial.py
[2025-03-21T22:19:32.831+0000] {processor.py:925} INFO - DAG(s) 'tutorial' retrieved from /home/usmail/sys_fraud/sys_detection_frauds/lib/python3.12/site-packages/airflow/example_dags/tutorial.py
[2025-03-21T22:19:32.855+0000] {logging_mixin.py:190} INFO - [2025-03-21T22:19:32.855+0000] {dag.py:3239} INFO - Sync 1 DAGs
[2025-03-21T22:19:32.886+0000] {logging_mixin.py:190} INFO - [2025-03-21T22:19:32.886+0000] {dag.py:4180} INFO - Setting next_dagrun for tutorial to 2025-03-20 00:00:00+00:00, run_after=2025-03-21 00:00:00+00:00
[2025-03-21T22:19:32.914+0000] {processor.py:208} INFO - Processing /home/usmail/sys_fraud/sys_detection_frauds/lib/python3.12/site-packages/airflow/example_dags/tutorial.py took 0.120 seconds
[2025-03-21T22:20:29.858+0000] {processor.py:186} INFO - Started process (PID=3759539) to work on /home/usmail/sys_fraud/sys_detection_frauds/lib/python3.12/site-packages/airflow/example_dags/tutorial.py
[2025-03-21T22:20:29.867+0000] {processor.py:914} INFO - Processing file /home/usmail/sys_fraud/sys_detection_frauds/lib/python3.12/site-packages/airflow/example_dags/tutorial.py for tasks to queue
[2025-03-21T22:20:29.870+0000] {logging_mixin.py:190} INFO - [2025-03-21T22:20:29.869+0000] {dagbag.py:588} INFO - Filling up the DagBag from /home/usmail/sys_fraud/sys_detection_frauds/lib/python3.12/site-packages/airflow/example_dags/tutorial.py
[2025-03-21T22:20:29.883+0000] {processor.py:925} INFO - DAG(s) 'tutorial' retrieved from /home/usmail/sys_fraud/sys_detection_frauds/lib/python3.12/site-packages/airflow/example_dags/tutorial.py
[2025-03-21T22:20:29.905+0000] {logging_mixin.py:190} INFO - [2025-03-21T22:20:29.905+0000] {dag.py:3239} INFO - Sync 1 DAGs
[2025-03-21T22:20:29.930+0000] {logging_mixin.py:190} INFO - [2025-03-21T22:20:29.930+0000] {dag.py:4180} INFO - Setting next_dagrun for tutorial to 2025-03-20 00:00:00+00:00, run_after=2025-03-21 00:00:00+00:00
[2025-03-21T22:20:29.958+0000] {processor.py:208} INFO - Processing /home/usmail/sys_fraud/sys_detection_frauds/lib/python3.12/site-packages/airflow/example_dags/tutorial.py took 0.112 seconds
[2025-03-21T22:21:32.097+0000] {processor.py:186} INFO - Started process (PID=3760305) to work on /home/usmail/sys_fraud/sys_detection_frauds/lib/python3.12/site-packages/airflow/example_dags/tutorial.py
[2025-03-21T22:21:32.106+0000] {processor.py:914} INFO - Processing file /home/usmail/sys_fraud/sys_detection_frauds/lib/python3.12/site-packages/airflow/example_dags/tutorial.py for tasks to queue
[2025-03-21T22:21:32.108+0000] {logging_mixin.py:190} INFO - [2025-03-21T22:21:32.107+0000] {dagbag.py:588} INFO - Filling up the DagBag from /home/usmail/sys_fraud/sys_detection_frauds/lib/python3.12/site-packages/airflow/example_dags/tutorial.py
[2025-03-21T22:21:32.122+0000] {processor.py:925} INFO - DAG(s) 'tutorial' retrieved from /home/usmail/sys_fraud/sys_detection_frauds/lib/python3.12/site-packages/airflow/example_dags/tutorial.py
[2025-03-21T22:21:32.153+0000] {logging_mixin.py:190} INFO - [2025-03-21T22:21:32.152+0000] {dag.py:3239} INFO - Sync 1 DAGs
[2025-03-21T22:21:32.175+0000] {logging_mixin.py:190} INFO - [2025-03-21T22:21:32.175+0000] {dag.py:4180} INFO - Setting next_dagrun for tutorial to 2025-03-20 00:00:00+00:00, run_after=2025-03-21 00:00:00+00:00
[2025-03-21T22:21:32.200+0000] {processor.py:208} INFO - Processing /home/usmail/sys_fraud/sys_detection_frauds/lib/python3.12/site-packages/airflow/example_dags/tutorial.py took 0.117 seconds
