[2025-03-21T20:49:28.853+0000] {processor.py:186} INFO - Started process (PID=3722862) to work on /home/usmail/sys_fraud/sys_detection_frauds/lib/python3.12/site-packages/airflow/example_dags/tutorial_taskflow_templates.py
[2025-03-21T20:49:28.855+0000] {processor.py:914} INFO - Processing file /home/usmail/sys_fraud/sys_detection_frauds/lib/python3.12/site-packages/airflow/example_dags/tutorial_taskflow_templates.py for tasks to queue
[2025-03-21T20:49:28.857+0000] {logging_mixin.py:190} INFO - [2025-03-21T20:49:28.857+0000] {dagbag.py:588} INFO - Filling up the DagBag from /home/usmail/sys_fraud/sys_detection_frauds/lib/python3.12/site-packages/airflow/example_dags/tutorial_taskflow_templates.py
[2025-03-21T20:49:28.869+0000] {processor.py:925} INFO - DAG(s) 'tutorial_taskflow_templates' retrieved from /home/usmail/sys_fraud/sys_detection_frauds/lib/python3.12/site-packages/airflow/example_dags/tutorial_taskflow_templates.py
[2025-03-21T20:49:28.927+0000] {logging_mixin.py:190} INFO - [2025-03-21T20:49:28.927+0000] {override.py:1912} INFO - Created Permission View: can edit on DAG:tutorial_taskflow_templates
[2025-03-21T20:49:28.934+0000] {logging_mixin.py:190} INFO - [2025-03-21T20:49:28.934+0000] {override.py:1912} INFO - Created Permission View: can read on DAG:tutorial_taskflow_templates
[2025-03-21T20:49:28.939+0000] {logging_mixin.py:190} INFO - [2025-03-21T20:49:28.939+0000] {override.py:1912} INFO - Created Permission View: can delete on DAG:tutorial_taskflow_templates
[2025-03-21T20:49:28.948+0000] {logging_mixin.py:190} INFO - [2025-03-21T20:49:28.948+0000] {override.py:1912} INFO - Created Permission View: can create on DAG Run:tutorial_taskflow_templates
[2025-03-21T20:49:28.954+0000] {logging_mixin.py:190} INFO - [2025-03-21T20:49:28.954+0000] {override.py:1912} INFO - Created Permission View: menu access on DAG Run:tutorial_taskflow_templates
[2025-03-21T20:49:28.960+0000] {logging_mixin.py:190} INFO - [2025-03-21T20:49:28.959+0000] {override.py:1912} INFO - Created Permission View: can read on DAG Run:tutorial_taskflow_templates
[2025-03-21T20:49:28.965+0000] {logging_mixin.py:190} INFO - [2025-03-21T20:49:28.965+0000] {override.py:1912} INFO - Created Permission View: can delete on DAG Run:tutorial_taskflow_templates
[2025-03-21T20:49:28.965+0000] {logging_mixin.py:190} INFO - [2025-03-21T20:49:28.965+0000] {dag.py:3239} INFO - Sync 1 DAGs
[2025-03-21T20:49:28.971+0000] {logging_mixin.py:190} INFO - [2025-03-21T20:49:28.971+0000] {dag.py:3262} INFO - Creating ORM DAG for tutorial_taskflow_templates
[2025-03-21T20:49:28.977+0000] {logging_mixin.py:190} INFO - [2025-03-21T20:49:28.977+0000] {dag.py:4180} INFO - Setting next_dagrun for tutorial_taskflow_templates to 2025-03-20 00:00:00+00:00, run_after=2025-03-21 00:00:00+00:00
[2025-03-21T20:49:28.989+0000] {processor.py:208} INFO - Processing /home/usmail/sys_fraud/sys_detection_frauds/lib/python3.12/site-packages/airflow/example_dags/tutorial_taskflow_templates.py took 0.143 seconds
[2025-03-21T20:50:29.693+0000] {processor.py:186} INFO - Started process (PID=3723607) to work on /home/usmail/sys_fraud/sys_detection_frauds/lib/python3.12/site-packages/airflow/example_dags/tutorial_taskflow_templates.py
[2025-03-21T20:50:29.702+0000] {processor.py:914} INFO - Processing file /home/usmail/sys_fraud/sys_detection_frauds/lib/python3.12/site-packages/airflow/example_dags/tutorial_taskflow_templates.py for tasks to queue
[2025-03-21T20:50:29.705+0000] {logging_mixin.py:190} INFO - [2025-03-21T20:50:29.705+0000] {dagbag.py:588} INFO - Filling up the DagBag from /home/usmail/sys_fraud/sys_detection_frauds/lib/python3.12/site-packages/airflow/example_dags/tutorial_taskflow_templates.py
[2025-03-21T20:50:29.719+0000] {processor.py:925} INFO - DAG(s) 'tutorial_taskflow_templates' retrieved from /home/usmail/sys_fraud/sys_detection_frauds/lib/python3.12/site-packages/airflow/example_dags/tutorial_taskflow_templates.py
[2025-03-21T20:50:29.727+0000] {logging_mixin.py:190} INFO - [2025-03-21T20:50:29.727+0000] {dag.py:3239} INFO - Sync 1 DAGs
[2025-03-21T20:50:29.738+0000] {logging_mixin.py:190} INFO - [2025-03-21T20:50:29.738+0000] {dag.py:4180} INFO - Setting next_dagrun for tutorial_taskflow_templates to 2025-03-20 00:00:00+00:00, run_after=2025-03-21 00:00:00+00:00
[2025-03-21T20:50:29.749+0000] {processor.py:208} INFO - Processing /home/usmail/sys_fraud/sys_detection_frauds/lib/python3.12/site-packages/airflow/example_dags/tutorial_taskflow_templates.py took 0.063 seconds
[2025-03-21T20:51:24.378+0000] {processor.py:186} INFO - Started process (PID=3724277) to work on /home/usmail/sys_fraud/sys_detection_frauds/lib/python3.12/site-packages/airflow/example_dags/tutorial_taskflow_templates.py
[2025-03-21T20:51:24.387+0000] {processor.py:914} INFO - Processing file /home/usmail/sys_fraud/sys_detection_frauds/lib/python3.12/site-packages/airflow/example_dags/tutorial_taskflow_templates.py for tasks to queue
[2025-03-21T20:51:24.388+0000] {logging_mixin.py:190} INFO - [2025-03-21T20:51:24.388+0000] {dagbag.py:588} INFO - Filling up the DagBag from /home/usmail/sys_fraud/sys_detection_frauds/lib/python3.12/site-packages/airflow/example_dags/tutorial_taskflow_templates.py
[2025-03-21T20:51:24.400+0000] {processor.py:925} INFO - DAG(s) 'tutorial_taskflow_templates' retrieved from /home/usmail/sys_fraud/sys_detection_frauds/lib/python3.12/site-packages/airflow/example_dags/tutorial_taskflow_templates.py
[2025-03-21T20:51:24.409+0000] {logging_mixin.py:190} INFO - [2025-03-21T20:51:24.409+0000] {dag.py:3239} INFO - Sync 1 DAGs
[2025-03-21T20:51:24.424+0000] {logging_mixin.py:190} INFO - [2025-03-21T20:51:24.424+0000] {dag.py:4180} INFO - Setting next_dagrun for tutorial_taskflow_templates to 2025-03-20 00:00:00+00:00, run_after=2025-03-21 00:00:00+00:00
[2025-03-21T20:51:24.442+0000] {processor.py:208} INFO - Processing /home/usmail/sys_fraud/sys_detection_frauds/lib/python3.12/site-packages/airflow/example_dags/tutorial_taskflow_templates.py took 0.068 seconds
[2025-03-21T20:52:15.171+0000] {processor.py:186} INFO - Started process (PID=3724917) to work on /home/usmail/sys_fraud/sys_detection_frauds/lib/python3.12/site-packages/airflow/example_dags/tutorial_taskflow_templates.py
[2025-03-21T20:52:15.171+0000] {processor.py:914} INFO - Processing file /home/usmail/sys_fraud/sys_detection_frauds/lib/python3.12/site-packages/airflow/example_dags/tutorial_taskflow_templates.py for tasks to queue
[2025-03-21T20:52:15.174+0000] {logging_mixin.py:190} INFO - [2025-03-21T20:52:15.173+0000] {dagbag.py:588} INFO - Filling up the DagBag from /home/usmail/sys_fraud/sys_detection_frauds/lib/python3.12/site-packages/airflow/example_dags/tutorial_taskflow_templates.py
[2025-03-21T20:52:15.188+0000] {processor.py:925} INFO - DAG(s) 'tutorial_taskflow_templates' retrieved from /home/usmail/sys_fraud/sys_detection_frauds/lib/python3.12/site-packages/airflow/example_dags/tutorial_taskflow_templates.py
[2025-03-21T20:52:15.202+0000] {logging_mixin.py:190} INFO - [2025-03-21T20:52:15.202+0000] {dag.py:3239} INFO - Sync 1 DAGs
[2025-03-21T20:52:15.218+0000] {logging_mixin.py:190} INFO - [2025-03-21T20:52:15.218+0000] {dag.py:4180} INFO - Setting next_dagrun for tutorial_taskflow_templates to 2025-03-20 00:00:00+00:00, run_after=2025-03-21 00:00:00+00:00
[2025-03-21T20:52:15.234+0000] {processor.py:208} INFO - Processing /home/usmail/sys_fraud/sys_detection_frauds/lib/python3.12/site-packages/airflow/example_dags/tutorial_taskflow_templates.py took 0.067 seconds
[2025-03-21T20:53:08.072+0000] {processor.py:186} INFO - Started process (PID=3725536) to work on /home/usmail/sys_fraud/sys_detection_frauds/lib/python3.12/site-packages/airflow/example_dags/tutorial_taskflow_templates.py
[2025-03-21T20:53:08.081+0000] {processor.py:914} INFO - Processing file /home/usmail/sys_fraud/sys_detection_frauds/lib/python3.12/site-packages/airflow/example_dags/tutorial_taskflow_templates.py for tasks to queue
[2025-03-21T20:53:08.084+0000] {logging_mixin.py:190} INFO - [2025-03-21T20:53:08.084+0000] {dagbag.py:588} INFO - Filling up the DagBag from /home/usmail/sys_fraud/sys_detection_frauds/lib/python3.12/site-packages/airflow/example_dags/tutorial_taskflow_templates.py
[2025-03-21T20:53:08.099+0000] {processor.py:925} INFO - DAG(s) 'tutorial_taskflow_templates' retrieved from /home/usmail/sys_fraud/sys_detection_frauds/lib/python3.12/site-packages/airflow/example_dags/tutorial_taskflow_templates.py
[2025-03-21T20:53:08.107+0000] {logging_mixin.py:190} INFO - [2025-03-21T20:53:08.107+0000] {dag.py:3239} INFO - Sync 1 DAGs
[2025-03-21T20:53:08.119+0000] {logging_mixin.py:190} INFO - [2025-03-21T20:53:08.118+0000] {dag.py:4180} INFO - Setting next_dagrun for tutorial_taskflow_templates to 2025-03-20 00:00:00+00:00, run_after=2025-03-21 00:00:00+00:00
[2025-03-21T20:53:08.131+0000] {processor.py:208} INFO - Processing /home/usmail/sys_fraud/sys_detection_frauds/lib/python3.12/site-packages/airflow/example_dags/tutorial_taskflow_templates.py took 0.067 seconds
[2025-03-21T20:54:02.357+0000] {processor.py:186} INFO - Started process (PID=3726178) to work on /home/usmail/sys_fraud/sys_detection_frauds/lib/python3.12/site-packages/airflow/example_dags/tutorial_taskflow_templates.py
[2025-03-21T20:54:02.366+0000] {processor.py:914} INFO - Processing file /home/usmail/sys_fraud/sys_detection_frauds/lib/python3.12/site-packages/airflow/example_dags/tutorial_taskflow_templates.py for tasks to queue
[2025-03-21T20:54:02.369+0000] {logging_mixin.py:190} INFO - [2025-03-21T20:54:02.369+0000] {dagbag.py:588} INFO - Filling up the DagBag from /home/usmail/sys_fraud/sys_detection_frauds/lib/python3.12/site-packages/airflow/example_dags/tutorial_taskflow_templates.py
[2025-03-21T20:54:02.379+0000] {processor.py:925} INFO - DAG(s) 'tutorial_taskflow_templates' retrieved from /home/usmail/sys_fraud/sys_detection_frauds/lib/python3.12/site-packages/airflow/example_dags/tutorial_taskflow_templates.py
[2025-03-21T20:54:02.388+0000] {logging_mixin.py:190} INFO - [2025-03-21T20:54:02.387+0000] {dag.py:3239} INFO - Sync 1 DAGs
[2025-03-21T20:54:02.473+0000] {logging_mixin.py:190} INFO - [2025-03-21T20:54:02.473+0000] {dag.py:4180} INFO - Setting next_dagrun for tutorial_taskflow_templates to 2025-03-20 00:00:00+00:00, run_after=2025-03-21 00:00:00+00:00
[2025-03-21T20:54:02.492+0000] {processor.py:208} INFO - Processing /home/usmail/sys_fraud/sys_detection_frauds/lib/python3.12/site-packages/airflow/example_dags/tutorial_taskflow_templates.py took 0.140 seconds
[2025-03-21T20:54:54.692+0000] {processor.py:186} INFO - Started process (PID=3726863) to work on /home/usmail/sys_fraud/sys_detection_frauds/lib/python3.12/site-packages/airflow/example_dags/tutorial_taskflow_templates.py
[2025-03-21T20:54:54.700+0000] {processor.py:914} INFO - Processing file /home/usmail/sys_fraud/sys_detection_frauds/lib/python3.12/site-packages/airflow/example_dags/tutorial_taskflow_templates.py for tasks to queue
[2025-03-21T20:54:54.704+0000] {logging_mixin.py:190} INFO - [2025-03-21T20:54:54.703+0000] {dagbag.py:588} INFO - Filling up the DagBag from /home/usmail/sys_fraud/sys_detection_frauds/lib/python3.12/site-packages/airflow/example_dags/tutorial_taskflow_templates.py
[2025-03-21T20:54:54.718+0000] {processor.py:925} INFO - DAG(s) 'tutorial_taskflow_templates' retrieved from /home/usmail/sys_fraud/sys_detection_frauds/lib/python3.12/site-packages/airflow/example_dags/tutorial_taskflow_templates.py
[2025-03-21T20:54:54.726+0000] {logging_mixin.py:190} INFO - [2025-03-21T20:54:54.726+0000] {dag.py:3239} INFO - Sync 1 DAGs
[2025-03-21T20:54:54.737+0000] {logging_mixin.py:190} INFO - [2025-03-21T20:54:54.737+0000] {dag.py:4180} INFO - Setting next_dagrun for tutorial_taskflow_templates to 2025-03-20 00:00:00+00:00, run_after=2025-03-21 00:00:00+00:00
[2025-03-21T20:54:54.759+0000] {processor.py:208} INFO - Processing /home/usmail/sys_fraud/sys_detection_frauds/lib/python3.12/site-packages/airflow/example_dags/tutorial_taskflow_templates.py took 0.072 seconds
[2025-03-21T20:55:45.008+0000] {processor.py:186} INFO - Started process (PID=3727461) to work on /home/usmail/sys_fraud/sys_detection_frauds/lib/python3.12/site-packages/airflow/example_dags/tutorial_taskflow_templates.py
[2025-03-21T20:55:45.017+0000] {processor.py:914} INFO - Processing file /home/usmail/sys_fraud/sys_detection_frauds/lib/python3.12/site-packages/airflow/example_dags/tutorial_taskflow_templates.py for tasks to queue
[2025-03-21T20:55:45.019+0000] {logging_mixin.py:190} INFO - [2025-03-21T20:55:45.019+0000] {dagbag.py:588} INFO - Filling up the DagBag from /home/usmail/sys_fraud/sys_detection_frauds/lib/python3.12/site-packages/airflow/example_dags/tutorial_taskflow_templates.py
[2025-03-21T20:55:45.029+0000] {processor.py:925} INFO - DAG(s) 'tutorial_taskflow_templates' retrieved from /home/usmail/sys_fraud/sys_detection_frauds/lib/python3.12/site-packages/airflow/example_dags/tutorial_taskflow_templates.py
[2025-03-21T20:55:45.038+0000] {logging_mixin.py:190} INFO - [2025-03-21T20:55:45.038+0000] {dag.py:3239} INFO - Sync 1 DAGs
[2025-03-21T20:55:45.053+0000] {logging_mixin.py:190} INFO - [2025-03-21T20:55:45.052+0000] {dag.py:4180} INFO - Setting next_dagrun for tutorial_taskflow_templates to 2025-03-20 00:00:00+00:00, run_after=2025-03-21 00:00:00+00:00
[2025-03-21T20:55:45.077+0000] {processor.py:208} INFO - Processing /home/usmail/sys_fraud/sys_detection_frauds/lib/python3.12/site-packages/airflow/example_dags/tutorial_taskflow_templates.py took 0.073 seconds
[2025-03-21T20:56:34.781+0000] {processor.py:186} INFO - Started process (PID=3728124) to work on /home/usmail/sys_fraud/sys_detection_frauds/lib/python3.12/site-packages/airflow/example_dags/tutorial_taskflow_templates.py
[2025-03-21T20:56:34.789+0000] {processor.py:914} INFO - Processing file /home/usmail/sys_fraud/sys_detection_frauds/lib/python3.12/site-packages/airflow/example_dags/tutorial_taskflow_templates.py for tasks to queue
[2025-03-21T20:56:34.791+0000] {logging_mixin.py:190} INFO - [2025-03-21T20:56:34.791+0000] {dagbag.py:588} INFO - Filling up the DagBag from /home/usmail/sys_fraud/sys_detection_frauds/lib/python3.12/site-packages/airflow/example_dags/tutorial_taskflow_templates.py
[2025-03-21T20:56:34.800+0000] {processor.py:925} INFO - DAG(s) 'tutorial_taskflow_templates' retrieved from /home/usmail/sys_fraud/sys_detection_frauds/lib/python3.12/site-packages/airflow/example_dags/tutorial_taskflow_templates.py
[2025-03-21T20:56:34.810+0000] {logging_mixin.py:190} INFO - [2025-03-21T20:56:34.809+0000] {dag.py:3239} INFO - Sync 1 DAGs
[2025-03-21T20:56:34.823+0000] {logging_mixin.py:190} INFO - [2025-03-21T20:56:34.823+0000] {dag.py:4180} INFO - Setting next_dagrun for tutorial_taskflow_templates to 2025-03-20 00:00:00+00:00, run_after=2025-03-21 00:00:00+00:00
[2025-03-21T20:56:34.837+0000] {processor.py:208} INFO - Processing /home/usmail/sys_fraud/sys_detection_frauds/lib/python3.12/site-packages/airflow/example_dags/tutorial_taskflow_templates.py took 0.060 seconds
[2025-03-21T20:57:29.049+0000] {processor.py:186} INFO - Started process (PID=3728929) to work on /home/usmail/sys_fraud/sys_detection_frauds/lib/python3.12/site-packages/airflow/example_dags/tutorial_taskflow_templates.py
[2025-03-21T20:57:29.057+0000] {processor.py:914} INFO - Processing file /home/usmail/sys_fraud/sys_detection_frauds/lib/python3.12/site-packages/airflow/example_dags/tutorial_taskflow_templates.py for tasks to queue
[2025-03-21T20:57:29.059+0000] {logging_mixin.py:190} INFO - [2025-03-21T20:57:29.058+0000] {dagbag.py:588} INFO - Filling up the DagBag from /home/usmail/sys_fraud/sys_detection_frauds/lib/python3.12/site-packages/airflow/example_dags/tutorial_taskflow_templates.py
[2025-03-21T20:57:29.070+0000] {processor.py:925} INFO - DAG(s) 'tutorial_taskflow_templates' retrieved from /home/usmail/sys_fraud/sys_detection_frauds/lib/python3.12/site-packages/airflow/example_dags/tutorial_taskflow_templates.py
[2025-03-21T20:57:29.081+0000] {logging_mixin.py:190} INFO - [2025-03-21T20:57:29.081+0000] {dag.py:3239} INFO - Sync 1 DAGs
[2025-03-21T20:57:29.097+0000] {logging_mixin.py:190} INFO - [2025-03-21T20:57:29.096+0000] {dag.py:4180} INFO - Setting next_dagrun for tutorial_taskflow_templates to 2025-03-20 00:00:00+00:00, run_after=2025-03-21 00:00:00+00:00
[2025-03-21T20:57:29.113+0000] {processor.py:208} INFO - Processing /home/usmail/sys_fraud/sys_detection_frauds/lib/python3.12/site-packages/airflow/example_dags/tutorial_taskflow_templates.py took 0.067 seconds
[2025-03-21T20:58:20.447+0000] {processor.py:186} INFO - Started process (PID=3729472) to work on /home/usmail/sys_fraud/sys_detection_frauds/lib/python3.12/site-packages/airflow/example_dags/tutorial_taskflow_templates.py
[2025-03-21T20:58:20.448+0000] {processor.py:914} INFO - Processing file /home/usmail/sys_fraud/sys_detection_frauds/lib/python3.12/site-packages/airflow/example_dags/tutorial_taskflow_templates.py for tasks to queue
[2025-03-21T20:58:20.449+0000] {logging_mixin.py:190} INFO - [2025-03-21T20:58:20.449+0000] {dagbag.py:588} INFO - Filling up the DagBag from /home/usmail/sys_fraud/sys_detection_frauds/lib/python3.12/site-packages/airflow/example_dags/tutorial_taskflow_templates.py
[2025-03-21T20:58:20.458+0000] {processor.py:925} INFO - DAG(s) 'tutorial_taskflow_templates' retrieved from /home/usmail/sys_fraud/sys_detection_frauds/lib/python3.12/site-packages/airflow/example_dags/tutorial_taskflow_templates.py
[2025-03-21T20:58:20.467+0000] {logging_mixin.py:190} INFO - [2025-03-21T20:58:20.467+0000] {dag.py:3239} INFO - Sync 1 DAGs
[2025-03-21T20:58:20.483+0000] {logging_mixin.py:190} INFO - [2025-03-21T20:58:20.482+0000] {dag.py:4180} INFO - Setting next_dagrun for tutorial_taskflow_templates to 2025-03-20 00:00:00+00:00, run_after=2025-03-21 00:00:00+00:00
[2025-03-21T20:58:20.495+0000] {processor.py:208} INFO - Processing /home/usmail/sys_fraud/sys_detection_frauds/lib/python3.12/site-packages/airflow/example_dags/tutorial_taskflow_templates.py took 0.053 seconds
[2025-03-21T20:59:23.535+0000] {processor.py:186} INFO - Started process (PID=3730379) to work on /home/usmail/sys_fraud/sys_detection_frauds/lib/python3.12/site-packages/airflow/example_dags/tutorial_taskflow_templates.py
[2025-03-21T20:59:23.544+0000] {processor.py:914} INFO - Processing file /home/usmail/sys_fraud/sys_detection_frauds/lib/python3.12/site-packages/airflow/example_dags/tutorial_taskflow_templates.py for tasks to queue
[2025-03-21T20:59:23.547+0000] {logging_mixin.py:190} INFO - [2025-03-21T20:59:23.547+0000] {dagbag.py:588} INFO - Filling up the DagBag from /home/usmail/sys_fraud/sys_detection_frauds/lib/python3.12/site-packages/airflow/example_dags/tutorial_taskflow_templates.py
[2025-03-21T20:59:23.561+0000] {processor.py:925} INFO - DAG(s) 'tutorial_taskflow_templates' retrieved from /home/usmail/sys_fraud/sys_detection_frauds/lib/python3.12/site-packages/airflow/example_dags/tutorial_taskflow_templates.py
[2025-03-21T20:59:23.574+0000] {logging_mixin.py:190} INFO - [2025-03-21T20:59:23.574+0000] {dag.py:3239} INFO - Sync 1 DAGs
[2025-03-21T20:59:23.586+0000] {logging_mixin.py:190} INFO - [2025-03-21T20:59:23.586+0000] {dag.py:4180} INFO - Setting next_dagrun for tutorial_taskflow_templates to 2025-03-20 00:00:00+00:00, run_after=2025-03-21 00:00:00+00:00
[2025-03-21T20:59:23.600+0000] {processor.py:208} INFO - Processing /home/usmail/sys_fraud/sys_detection_frauds/lib/python3.12/site-packages/airflow/example_dags/tutorial_taskflow_templates.py took 0.072 seconds
[2025-03-21T21:00:17.910+0000] {processor.py:186} INFO - Started process (PID=3731131) to work on /home/usmail/sys_fraud/sys_detection_frauds/lib/python3.12/site-packages/airflow/example_dags/tutorial_taskflow_templates.py
[2025-03-21T21:00:17.919+0000] {processor.py:914} INFO - Processing file /home/usmail/sys_fraud/sys_detection_frauds/lib/python3.12/site-packages/airflow/example_dags/tutorial_taskflow_templates.py for tasks to queue
[2025-03-21T21:00:17.923+0000] {logging_mixin.py:190} INFO - [2025-03-21T21:00:17.922+0000] {dagbag.py:588} INFO - Filling up the DagBag from /home/usmail/sys_fraud/sys_detection_frauds/lib/python3.12/site-packages/airflow/example_dags/tutorial_taskflow_templates.py
[2025-03-21T21:00:17.935+0000] {processor.py:925} INFO - DAG(s) 'tutorial_taskflow_templates' retrieved from /home/usmail/sys_fraud/sys_detection_frauds/lib/python3.12/site-packages/airflow/example_dags/tutorial_taskflow_templates.py
[2025-03-21T21:00:17.944+0000] {logging_mixin.py:190} INFO - [2025-03-21T21:00:17.944+0000] {dag.py:3239} INFO - Sync 1 DAGs
[2025-03-21T21:00:17.956+0000] {logging_mixin.py:190} INFO - [2025-03-21T21:00:17.956+0000] {dag.py:4180} INFO - Setting next_dagrun for tutorial_taskflow_templates to 2025-03-20 00:00:00+00:00, run_after=2025-03-21 00:00:00+00:00
[2025-03-21T21:00:17.977+0000] {processor.py:208} INFO - Processing /home/usmail/sys_fraud/sys_detection_frauds/lib/python3.12/site-packages/airflow/example_dags/tutorial_taskflow_templates.py took 0.076 seconds
[2025-03-21T21:01:14.340+0000] {processor.py:186} INFO - Started process (PID=3731831) to work on /home/usmail/sys_fraud/sys_detection_frauds/lib/python3.12/site-packages/airflow/example_dags/tutorial_taskflow_templates.py
[2025-03-21T21:01:14.349+0000] {processor.py:914} INFO - Processing file /home/usmail/sys_fraud/sys_detection_frauds/lib/python3.12/site-packages/airflow/example_dags/tutorial_taskflow_templates.py for tasks to queue
[2025-03-21T21:01:14.351+0000] {logging_mixin.py:190} INFO - [2025-03-21T21:01:14.350+0000] {dagbag.py:588} INFO - Filling up the DagBag from /home/usmail/sys_fraud/sys_detection_frauds/lib/python3.12/site-packages/airflow/example_dags/tutorial_taskflow_templates.py
[2025-03-21T21:01:14.361+0000] {processor.py:925} INFO - DAG(s) 'tutorial_taskflow_templates' retrieved from /home/usmail/sys_fraud/sys_detection_frauds/lib/python3.12/site-packages/airflow/example_dags/tutorial_taskflow_templates.py
[2025-03-21T21:01:14.370+0000] {logging_mixin.py:190} INFO - [2025-03-21T21:01:14.370+0000] {dag.py:3239} INFO - Sync 1 DAGs
[2025-03-21T21:01:14.383+0000] {logging_mixin.py:190} INFO - [2025-03-21T21:01:14.383+0000] {dag.py:4180} INFO - Setting next_dagrun for tutorial_taskflow_templates to 2025-03-20 00:00:00+00:00, run_after=2025-03-21 00:00:00+00:00
[2025-03-21T21:01:14.403+0000] {processor.py:208} INFO - Processing /home/usmail/sys_fraud/sys_detection_frauds/lib/python3.12/site-packages/airflow/example_dags/tutorial_taskflow_templates.py took 0.071 seconds
[2025-03-21T21:02:06.973+0000] {processor.py:186} INFO - Started process (PID=3732468) to work on /home/usmail/sys_fraud/sys_detection_frauds/lib/python3.12/site-packages/airflow/example_dags/tutorial_taskflow_templates.py
[2025-03-21T21:02:06.982+0000] {processor.py:914} INFO - Processing file /home/usmail/sys_fraud/sys_detection_frauds/lib/python3.12/site-packages/airflow/example_dags/tutorial_taskflow_templates.py for tasks to queue
[2025-03-21T21:02:06.985+0000] {logging_mixin.py:190} INFO - [2025-03-21T21:02:06.984+0000] {dagbag.py:588} INFO - Filling up the DagBag from /home/usmail/sys_fraud/sys_detection_frauds/lib/python3.12/site-packages/airflow/example_dags/tutorial_taskflow_templates.py
[2025-03-21T21:02:06.999+0000] {processor.py:925} INFO - DAG(s) 'tutorial_taskflow_templates' retrieved from /home/usmail/sys_fraud/sys_detection_frauds/lib/python3.12/site-packages/airflow/example_dags/tutorial_taskflow_templates.py
[2025-03-21T21:02:07.008+0000] {logging_mixin.py:190} INFO - [2025-03-21T21:02:07.008+0000] {dag.py:3239} INFO - Sync 1 DAGs
[2025-03-21T21:02:07.019+0000] {logging_mixin.py:190} INFO - [2025-03-21T21:02:07.019+0000] {dag.py:4180} INFO - Setting next_dagrun for tutorial_taskflow_templates to 2025-03-20 00:00:00+00:00, run_after=2025-03-21 00:00:00+00:00
[2025-03-21T21:02:07.031+0000] {processor.py:208} INFO - Processing /home/usmail/sys_fraud/sys_detection_frauds/lib/python3.12/site-packages/airflow/example_dags/tutorial_taskflow_templates.py took 0.062 seconds
[2025-03-21T21:03:01.493+0000] {processor.py:186} INFO - Started process (PID=3733127) to work on /home/usmail/sys_fraud/sys_detection_frauds/lib/python3.12/site-packages/airflow/example_dags/tutorial_taskflow_templates.py
[2025-03-21T21:03:01.502+0000] {processor.py:914} INFO - Processing file /home/usmail/sys_fraud/sys_detection_frauds/lib/python3.12/site-packages/airflow/example_dags/tutorial_taskflow_templates.py for tasks to queue
[2025-03-21T21:03:01.504+0000] {logging_mixin.py:190} INFO - [2025-03-21T21:03:01.504+0000] {dagbag.py:588} INFO - Filling up the DagBag from /home/usmail/sys_fraud/sys_detection_frauds/lib/python3.12/site-packages/airflow/example_dags/tutorial_taskflow_templates.py
[2025-03-21T21:03:01.515+0000] {processor.py:925} INFO - DAG(s) 'tutorial_taskflow_templates' retrieved from /home/usmail/sys_fraud/sys_detection_frauds/lib/python3.12/site-packages/airflow/example_dags/tutorial_taskflow_templates.py
[2025-03-21T21:03:01.524+0000] {logging_mixin.py:190} INFO - [2025-03-21T21:03:01.524+0000] {dag.py:3239} INFO - Sync 1 DAGs
[2025-03-21T21:03:01.535+0000] {logging_mixin.py:190} INFO - [2025-03-21T21:03:01.535+0000] {dag.py:4180} INFO - Setting next_dagrun for tutorial_taskflow_templates to 2025-03-20 00:00:00+00:00, run_after=2025-03-21 00:00:00+00:00
[2025-03-21T21:03:01.565+0000] {processor.py:208} INFO - Processing /home/usmail/sys_fraud/sys_detection_frauds/lib/python3.12/site-packages/airflow/example_dags/tutorial_taskflow_templates.py took 0.077 seconds
[2025-03-21T21:03:54.170+0000] {processor.py:186} INFO - Started process (PID=3733836) to work on /home/usmail/sys_fraud/sys_detection_frauds/lib/python3.12/site-packages/airflow/example_dags/tutorial_taskflow_templates.py
[2025-03-21T21:03:54.179+0000] {processor.py:914} INFO - Processing file /home/usmail/sys_fraud/sys_detection_frauds/lib/python3.12/site-packages/airflow/example_dags/tutorial_taskflow_templates.py for tasks to queue
[2025-03-21T21:03:54.184+0000] {logging_mixin.py:190} INFO - [2025-03-21T21:03:54.183+0000] {dagbag.py:588} INFO - Filling up the DagBag from /home/usmail/sys_fraud/sys_detection_frauds/lib/python3.12/site-packages/airflow/example_dags/tutorial_taskflow_templates.py
[2025-03-21T21:03:54.196+0000] {processor.py:925} INFO - DAG(s) 'tutorial_taskflow_templates' retrieved from /home/usmail/sys_fraud/sys_detection_frauds/lib/python3.12/site-packages/airflow/example_dags/tutorial_taskflow_templates.py
[2025-03-21T21:03:54.206+0000] {logging_mixin.py:190} INFO - [2025-03-21T21:03:54.205+0000] {dag.py:3239} INFO - Sync 1 DAGs
[2025-03-21T21:03:54.308+0000] {logging_mixin.py:190} INFO - [2025-03-21T21:03:54.308+0000] {dag.py:4180} INFO - Setting next_dagrun for tutorial_taskflow_templates to 2025-03-20 00:00:00+00:00, run_after=2025-03-21 00:00:00+00:00
[2025-03-21T21:03:54.336+0000] {processor.py:208} INFO - Processing /home/usmail/sys_fraud/sys_detection_frauds/lib/python3.12/site-packages/airflow/example_dags/tutorial_taskflow_templates.py took 0.173 seconds
[2025-03-21T21:04:52.213+0000] {processor.py:186} INFO - Started process (PID=3734647) to work on /home/usmail/sys_fraud/sys_detection_frauds/lib/python3.12/site-packages/airflow/example_dags/tutorial_taskflow_templates.py
[2025-03-21T21:04:52.221+0000] {processor.py:914} INFO - Processing file /home/usmail/sys_fraud/sys_detection_frauds/lib/python3.12/site-packages/airflow/example_dags/tutorial_taskflow_templates.py for tasks to queue
[2025-03-21T21:04:52.223+0000] {logging_mixin.py:190} INFO - [2025-03-21T21:04:52.223+0000] {dagbag.py:588} INFO - Filling up the DagBag from /home/usmail/sys_fraud/sys_detection_frauds/lib/python3.12/site-packages/airflow/example_dags/tutorial_taskflow_templates.py
[2025-03-21T21:04:52.233+0000] {processor.py:925} INFO - DAG(s) 'tutorial_taskflow_templates' retrieved from /home/usmail/sys_fraud/sys_detection_frauds/lib/python3.12/site-packages/airflow/example_dags/tutorial_taskflow_templates.py
[2025-03-21T21:04:52.243+0000] {logging_mixin.py:190} INFO - [2025-03-21T21:04:52.243+0000] {dag.py:3239} INFO - Sync 1 DAGs
[2025-03-21T21:04:52.256+0000] {logging_mixin.py:190} INFO - [2025-03-21T21:04:52.256+0000] {dag.py:4180} INFO - Setting next_dagrun for tutorial_taskflow_templates to 2025-03-20 00:00:00+00:00, run_after=2025-03-21 00:00:00+00:00
[2025-03-21T21:04:52.273+0000] {processor.py:208} INFO - Processing /home/usmail/sys_fraud/sys_detection_frauds/lib/python3.12/site-packages/airflow/example_dags/tutorial_taskflow_templates.py took 0.065 seconds
[2025-03-21T21:05:44.848+0000] {processor.py:186} INFO - Started process (PID=3735495) to work on /home/usmail/sys_fraud/sys_detection_frauds/lib/python3.12/site-packages/airflow/example_dags/tutorial_taskflow_templates.py
[2025-03-21T21:05:44.857+0000] {processor.py:914} INFO - Processing file /home/usmail/sys_fraud/sys_detection_frauds/lib/python3.12/site-packages/airflow/example_dags/tutorial_taskflow_templates.py for tasks to queue
[2025-03-21T21:05:44.859+0000] {logging_mixin.py:190} INFO - [2025-03-21T21:05:44.859+0000] {dagbag.py:588} INFO - Filling up the DagBag from /home/usmail/sys_fraud/sys_detection_frauds/lib/python3.12/site-packages/airflow/example_dags/tutorial_taskflow_templates.py
[2025-03-21T21:05:44.870+0000] {processor.py:925} INFO - DAG(s) 'tutorial_taskflow_templates' retrieved from /home/usmail/sys_fraud/sys_detection_frauds/lib/python3.12/site-packages/airflow/example_dags/tutorial_taskflow_templates.py
[2025-03-21T21:05:44.878+0000] {logging_mixin.py:190} INFO - [2025-03-21T21:05:44.878+0000] {dag.py:3239} INFO - Sync 1 DAGs
[2025-03-21T21:05:44.890+0000] {logging_mixin.py:190} INFO - [2025-03-21T21:05:44.890+0000] {dag.py:4180} INFO - Setting next_dagrun for tutorial_taskflow_templates to 2025-03-20 00:00:00+00:00, run_after=2025-03-21 00:00:00+00:00
[2025-03-21T21:05:44.905+0000] {processor.py:208} INFO - Processing /home/usmail/sys_fraud/sys_detection_frauds/lib/python3.12/site-packages/airflow/example_dags/tutorial_taskflow_templates.py took 0.066 seconds
[2025-03-21T21:06:38.220+0000] {processor.py:186} INFO - Started process (PID=3736785) to work on /home/usmail/sys_fraud/sys_detection_frauds/lib/python3.12/site-packages/airflow/example_dags/tutorial_taskflow_templates.py
[2025-03-21T21:06:38.222+0000] {processor.py:914} INFO - Processing file /home/usmail/sys_fraud/sys_detection_frauds/lib/python3.12/site-packages/airflow/example_dags/tutorial_taskflow_templates.py for tasks to queue
[2025-03-21T21:06:38.223+0000] {logging_mixin.py:190} INFO - [2025-03-21T21:06:38.223+0000] {dagbag.py:588} INFO - Filling up the DagBag from /home/usmail/sys_fraud/sys_detection_frauds/lib/python3.12/site-packages/airflow/example_dags/tutorial_taskflow_templates.py
[2025-03-21T21:06:38.231+0000] {processor.py:925} INFO - DAG(s) 'tutorial_taskflow_templates' retrieved from /home/usmail/sys_fraud/sys_detection_frauds/lib/python3.12/site-packages/airflow/example_dags/tutorial_taskflow_templates.py
[2025-03-21T21:06:38.246+0000] {logging_mixin.py:190} INFO - [2025-03-21T21:06:38.245+0000] {dag.py:3239} INFO - Sync 1 DAGs
[2025-03-21T21:06:38.262+0000] {logging_mixin.py:190} INFO - [2025-03-21T21:06:38.262+0000] {dag.py:4180} INFO - Setting next_dagrun for tutorial_taskflow_templates to 2025-03-20 00:00:00+00:00, run_after=2025-03-21 00:00:00+00:00
[2025-03-21T21:06:38.280+0000] {processor.py:208} INFO - Processing /home/usmail/sys_fraud/sys_detection_frauds/lib/python3.12/site-packages/airflow/example_dags/tutorial_taskflow_templates.py took 0.067 seconds
[2025-03-21T21:07:28.886+0000] {processor.py:186} INFO - Started process (PID=3737454) to work on /home/usmail/sys_fraud/sys_detection_frauds/lib/python3.12/site-packages/airflow/example_dags/tutorial_taskflow_templates.py
[2025-03-21T21:07:28.895+0000] {processor.py:914} INFO - Processing file /home/usmail/sys_fraud/sys_detection_frauds/lib/python3.12/site-packages/airflow/example_dags/tutorial_taskflow_templates.py for tasks to queue
[2025-03-21T21:07:28.896+0000] {logging_mixin.py:190} INFO - [2025-03-21T21:07:28.896+0000] {dagbag.py:588} INFO - Filling up the DagBag from /home/usmail/sys_fraud/sys_detection_frauds/lib/python3.12/site-packages/airflow/example_dags/tutorial_taskflow_templates.py
[2025-03-21T21:07:28.905+0000] {processor.py:925} INFO - DAG(s) 'tutorial_taskflow_templates' retrieved from /home/usmail/sys_fraud/sys_detection_frauds/lib/python3.12/site-packages/airflow/example_dags/tutorial_taskflow_templates.py
[2025-03-21T21:07:28.914+0000] {logging_mixin.py:190} INFO - [2025-03-21T21:07:28.914+0000] {dag.py:3239} INFO - Sync 1 DAGs
[2025-03-21T21:07:28.926+0000] {logging_mixin.py:190} INFO - [2025-03-21T21:07:28.926+0000] {dag.py:4180} INFO - Setting next_dagrun for tutorial_taskflow_templates to 2025-03-20 00:00:00+00:00, run_after=2025-03-21 00:00:00+00:00
[2025-03-21T21:07:28.939+0000] {processor.py:208} INFO - Processing /home/usmail/sys_fraud/sys_detection_frauds/lib/python3.12/site-packages/airflow/example_dags/tutorial_taskflow_templates.py took 0.059 seconds
[2025-03-21T21:08:22.404+0000] {processor.py:186} INFO - Started process (PID=3738175) to work on /home/usmail/sys_fraud/sys_detection_frauds/lib/python3.12/site-packages/airflow/example_dags/tutorial_taskflow_templates.py
[2025-03-21T21:08:22.413+0000] {processor.py:914} INFO - Processing file /home/usmail/sys_fraud/sys_detection_frauds/lib/python3.12/site-packages/airflow/example_dags/tutorial_taskflow_templates.py for tasks to queue
[2025-03-21T21:08:22.416+0000] {logging_mixin.py:190} INFO - [2025-03-21T21:08:22.416+0000] {dagbag.py:588} INFO - Filling up the DagBag from /home/usmail/sys_fraud/sys_detection_frauds/lib/python3.12/site-packages/airflow/example_dags/tutorial_taskflow_templates.py
[2025-03-21T21:08:22.438+0000] {processor.py:925} INFO - DAG(s) 'tutorial_taskflow_templates' retrieved from /home/usmail/sys_fraud/sys_detection_frauds/lib/python3.12/site-packages/airflow/example_dags/tutorial_taskflow_templates.py
[2025-03-21T21:08:22.459+0000] {logging_mixin.py:190} INFO - [2025-03-21T21:08:22.459+0000] {dag.py:3239} INFO - Sync 1 DAGs
[2025-03-21T21:08:22.477+0000] {logging_mixin.py:190} INFO - [2025-03-21T21:08:22.477+0000] {dag.py:4180} INFO - Setting next_dagrun for tutorial_taskflow_templates to 2025-03-20 00:00:00+00:00, run_after=2025-03-21 00:00:00+00:00
[2025-03-21T21:08:22.499+0000] {processor.py:208} INFO - Processing /home/usmail/sys_fraud/sys_detection_frauds/lib/python3.12/site-packages/airflow/example_dags/tutorial_taskflow_templates.py took 0.107 seconds
[2025-03-21T21:09:20.858+0000] {processor.py:186} INFO - Started process (PID=3738985) to work on /home/usmail/sys_fraud/sys_detection_frauds/lib/python3.12/site-packages/airflow/example_dags/tutorial_taskflow_templates.py
[2025-03-21T21:09:20.867+0000] {processor.py:914} INFO - Processing file /home/usmail/sys_fraud/sys_detection_frauds/lib/python3.12/site-packages/airflow/example_dags/tutorial_taskflow_templates.py for tasks to queue
[2025-03-21T21:09:20.870+0000] {logging_mixin.py:190} INFO - [2025-03-21T21:09:20.869+0000] {dagbag.py:588} INFO - Filling up the DagBag from /home/usmail/sys_fraud/sys_detection_frauds/lib/python3.12/site-packages/airflow/example_dags/tutorial_taskflow_templates.py
[2025-03-21T21:09:20.896+0000] {processor.py:925} INFO - DAG(s) 'tutorial_taskflow_templates' retrieved from /home/usmail/sys_fraud/sys_detection_frauds/lib/python3.12/site-packages/airflow/example_dags/tutorial_taskflow_templates.py
[2025-03-21T21:09:20.918+0000] {logging_mixin.py:190} INFO - [2025-03-21T21:09:20.918+0000] {dag.py:3239} INFO - Sync 1 DAGs
[2025-03-21T21:09:20.953+0000] {logging_mixin.py:190} INFO - [2025-03-21T21:09:20.953+0000] {dag.py:4180} INFO - Setting next_dagrun for tutorial_taskflow_templates to 2025-03-20 00:00:00+00:00, run_after=2025-03-21 00:00:00+00:00
[2025-03-21T21:09:20.999+0000] {processor.py:208} INFO - Processing /home/usmail/sys_fraud/sys_detection_frauds/lib/python3.12/site-packages/airflow/example_dags/tutorial_taskflow_templates.py took 0.154 seconds
[2025-03-21T21:10:15.026+0000] {processor.py:186} INFO - Started process (PID=3739649) to work on /home/usmail/sys_fraud/sys_detection_frauds/lib/python3.12/site-packages/airflow/example_dags/tutorial_taskflow_templates.py
[2025-03-21T21:10:15.035+0000] {processor.py:914} INFO - Processing file /home/usmail/sys_fraud/sys_detection_frauds/lib/python3.12/site-packages/airflow/example_dags/tutorial_taskflow_templates.py for tasks to queue
[2025-03-21T21:10:15.040+0000] {logging_mixin.py:190} INFO - [2025-03-21T21:10:15.039+0000] {dagbag.py:588} INFO - Filling up the DagBag from /home/usmail/sys_fraud/sys_detection_frauds/lib/python3.12/site-packages/airflow/example_dags/tutorial_taskflow_templates.py
[2025-03-21T21:10:15.072+0000] {processor.py:925} INFO - DAG(s) 'tutorial_taskflow_templates' retrieved from /home/usmail/sys_fraud/sys_detection_frauds/lib/python3.12/site-packages/airflow/example_dags/tutorial_taskflow_templates.py
[2025-03-21T21:10:15.107+0000] {logging_mixin.py:190} INFO - [2025-03-21T21:10:15.106+0000] {dag.py:3239} INFO - Sync 1 DAGs
[2025-03-21T21:10:15.147+0000] {logging_mixin.py:190} INFO - [2025-03-21T21:10:15.147+0000] {dag.py:4180} INFO - Setting next_dagrun for tutorial_taskflow_templates to 2025-03-20 00:00:00+00:00, run_after=2025-03-21 00:00:00+00:00
[2025-03-21T21:10:15.180+0000] {processor.py:208} INFO - Processing /home/usmail/sys_fraud/sys_detection_frauds/lib/python3.12/site-packages/airflow/example_dags/tutorial_taskflow_templates.py took 0.166 seconds
[2025-03-21T21:11:13.854+0000] {processor.py:186} INFO - Started process (PID=3741392) to work on /home/usmail/sys_fraud/sys_detection_frauds/lib/python3.12/site-packages/airflow/example_dags/tutorial_taskflow_templates.py
[2025-03-21T21:11:13.862+0000] {processor.py:914} INFO - Processing file /home/usmail/sys_fraud/sys_detection_frauds/lib/python3.12/site-packages/airflow/example_dags/tutorial_taskflow_templates.py for tasks to queue
[2025-03-21T21:11:13.864+0000] {logging_mixin.py:190} INFO - [2025-03-21T21:11:13.864+0000] {dagbag.py:588} INFO - Filling up the DagBag from /home/usmail/sys_fraud/sys_detection_frauds/lib/python3.12/site-packages/airflow/example_dags/tutorial_taskflow_templates.py
[2025-03-21T21:11:13.875+0000] {processor.py:925} INFO - DAG(s) 'tutorial_taskflow_templates' retrieved from /home/usmail/sys_fraud/sys_detection_frauds/lib/python3.12/site-packages/airflow/example_dags/tutorial_taskflow_templates.py
[2025-03-21T21:11:13.887+0000] {logging_mixin.py:190} INFO - [2025-03-21T21:11:13.887+0000] {dag.py:3239} INFO - Sync 1 DAGs
[2025-03-21T21:11:13.904+0000] {logging_mixin.py:190} INFO - [2025-03-21T21:11:13.903+0000] {dag.py:4180} INFO - Setting next_dagrun for tutorial_taskflow_templates to 2025-03-20 00:00:00+00:00, run_after=2025-03-21 00:00:00+00:00
[2025-03-21T21:11:13.928+0000] {processor.py:208} INFO - Processing /home/usmail/sys_fraud/sys_detection_frauds/lib/python3.12/site-packages/airflow/example_dags/tutorial_taskflow_templates.py took 0.080 seconds
[2025-03-21T21:12:09.798+0000] {processor.py:186} INFO - Started process (PID=3742505) to work on /home/usmail/sys_fraud/sys_detection_frauds/lib/python3.12/site-packages/airflow/example_dags/tutorial_taskflow_templates.py
[2025-03-21T21:12:09.807+0000] {processor.py:914} INFO - Processing file /home/usmail/sys_fraud/sys_detection_frauds/lib/python3.12/site-packages/airflow/example_dags/tutorial_taskflow_templates.py for tasks to queue
[2025-03-21T21:12:09.808+0000] {logging_mixin.py:190} INFO - [2025-03-21T21:12:09.808+0000] {dagbag.py:588} INFO - Filling up the DagBag from /home/usmail/sys_fraud/sys_detection_frauds/lib/python3.12/site-packages/airflow/example_dags/tutorial_taskflow_templates.py
[2025-03-21T21:12:09.819+0000] {processor.py:925} INFO - DAG(s) 'tutorial_taskflow_templates' retrieved from /home/usmail/sys_fraud/sys_detection_frauds/lib/python3.12/site-packages/airflow/example_dags/tutorial_taskflow_templates.py
[2025-03-21T21:12:09.830+0000] {logging_mixin.py:190} INFO - [2025-03-21T21:12:09.830+0000] {dag.py:3239} INFO - Sync 1 DAGs
[2025-03-21T21:12:09.847+0000] {logging_mixin.py:190} INFO - [2025-03-21T21:12:09.847+0000] {dag.py:4180} INFO - Setting next_dagrun for tutorial_taskflow_templates to 2025-03-20 00:00:00+00:00, run_after=2025-03-21 00:00:00+00:00
[2025-03-21T21:12:09.870+0000] {processor.py:208} INFO - Processing /home/usmail/sys_fraud/sys_detection_frauds/lib/python3.12/site-packages/airflow/example_dags/tutorial_taskflow_templates.py took 0.077 seconds
[2025-03-21T21:13:02.170+0000] {processor.py:186} INFO - Started process (PID=3743446) to work on /home/usmail/sys_fraud/sys_detection_frauds/lib/python3.12/site-packages/airflow/example_dags/tutorial_taskflow_templates.py
[2025-03-21T21:13:02.179+0000] {processor.py:914} INFO - Processing file /home/usmail/sys_fraud/sys_detection_frauds/lib/python3.12/site-packages/airflow/example_dags/tutorial_taskflow_templates.py for tasks to queue
[2025-03-21T21:13:02.180+0000] {logging_mixin.py:190} INFO - [2025-03-21T21:13:02.180+0000] {dagbag.py:588} INFO - Filling up the DagBag from /home/usmail/sys_fraud/sys_detection_frauds/lib/python3.12/site-packages/airflow/example_dags/tutorial_taskflow_templates.py
[2025-03-21T21:13:02.192+0000] {processor.py:925} INFO - DAG(s) 'tutorial_taskflow_templates' retrieved from /home/usmail/sys_fraud/sys_detection_frauds/lib/python3.12/site-packages/airflow/example_dags/tutorial_taskflow_templates.py
[2025-03-21T21:13:02.203+0000] {logging_mixin.py:190} INFO - [2025-03-21T21:13:02.203+0000] {dag.py:3239} INFO - Sync 1 DAGs
[2025-03-21T21:13:02.220+0000] {logging_mixin.py:190} INFO - [2025-03-21T21:13:02.219+0000] {dag.py:4180} INFO - Setting next_dagrun for tutorial_taskflow_templates to 2025-03-20 00:00:00+00:00, run_after=2025-03-21 00:00:00+00:00
[2025-03-21T21:13:02.237+0000] {processor.py:208} INFO - Processing /home/usmail/sys_fraud/sys_detection_frauds/lib/python3.12/site-packages/airflow/example_dags/tutorial_taskflow_templates.py took 0.072 seconds
[2025-03-21T21:13:52.573+0000] {processor.py:186} INFO - Started process (PID=3744367) to work on /home/usmail/sys_fraud/sys_detection_frauds/lib/python3.12/site-packages/airflow/example_dags/tutorial_taskflow_templates.py
[2025-03-21T21:13:52.575+0000] {processor.py:914} INFO - Processing file /home/usmail/sys_fraud/sys_detection_frauds/lib/python3.12/site-packages/airflow/example_dags/tutorial_taskflow_templates.py for tasks to queue
[2025-03-21T21:13:52.576+0000] {logging_mixin.py:190} INFO - [2025-03-21T21:13:52.576+0000] {dagbag.py:588} INFO - Filling up the DagBag from /home/usmail/sys_fraud/sys_detection_frauds/lib/python3.12/site-packages/airflow/example_dags/tutorial_taskflow_templates.py
[2025-03-21T21:13:52.587+0000] {processor.py:925} INFO - DAG(s) 'tutorial_taskflow_templates' retrieved from /home/usmail/sys_fraud/sys_detection_frauds/lib/python3.12/site-packages/airflow/example_dags/tutorial_taskflow_templates.py
[2025-03-21T21:13:52.598+0000] {logging_mixin.py:190} INFO - [2025-03-21T21:13:52.598+0000] {dag.py:3239} INFO - Sync 1 DAGs
[2025-03-21T21:13:52.614+0000] {logging_mixin.py:190} INFO - [2025-03-21T21:13:52.613+0000] {dag.py:4180} INFO - Setting next_dagrun for tutorial_taskflow_templates to 2025-03-20 00:00:00+00:00, run_after=2025-03-21 00:00:00+00:00
[2025-03-21T21:13:52.628+0000] {processor.py:208} INFO - Processing /home/usmail/sys_fraud/sys_detection_frauds/lib/python3.12/site-packages/airflow/example_dags/tutorial_taskflow_templates.py took 0.061 seconds
[2025-03-21T21:14:49.858+0000] {processor.py:186} INFO - Started process (PID=3745143) to work on /home/usmail/sys_fraud/sys_detection_frauds/lib/python3.12/site-packages/airflow/example_dags/tutorial_taskflow_templates.py
[2025-03-21T21:14:49.859+0000] {processor.py:914} INFO - Processing file /home/usmail/sys_fraud/sys_detection_frauds/lib/python3.12/site-packages/airflow/example_dags/tutorial_taskflow_templates.py for tasks to queue
[2025-03-21T21:14:49.862+0000] {logging_mixin.py:190} INFO - [2025-03-21T21:14:49.862+0000] {dagbag.py:588} INFO - Filling up the DagBag from /home/usmail/sys_fraud/sys_detection_frauds/lib/python3.12/site-packages/airflow/example_dags/tutorial_taskflow_templates.py
[2025-03-21T21:14:49.883+0000] {processor.py:925} INFO - DAG(s) 'tutorial_taskflow_templates' retrieved from /home/usmail/sys_fraud/sys_detection_frauds/lib/python3.12/site-packages/airflow/example_dags/tutorial_taskflow_templates.py
[2025-03-21T21:14:49.905+0000] {logging_mixin.py:190} INFO - [2025-03-21T21:14:49.905+0000] {dag.py:3239} INFO - Sync 1 DAGs
[2025-03-21T21:14:49.925+0000] {logging_mixin.py:190} INFO - [2025-03-21T21:14:49.924+0000] {dag.py:4180} INFO - Setting next_dagrun for tutorial_taskflow_templates to 2025-03-20 00:00:00+00:00, run_after=2025-03-21 00:00:00+00:00
[2025-03-21T21:14:49.942+0000] {processor.py:208} INFO - Processing /home/usmail/sys_fraud/sys_detection_frauds/lib/python3.12/site-packages/airflow/example_dags/tutorial_taskflow_templates.py took 0.096 seconds
[2025-03-21T21:15:49.188+0000] {processor.py:186} INFO - Started process (PID=3745885) to work on /home/usmail/sys_fraud/sys_detection_frauds/lib/python3.12/site-packages/airflow/example_dags/tutorial_taskflow_templates.py
[2025-03-21T21:15:49.198+0000] {processor.py:914} INFO - Processing file /home/usmail/sys_fraud/sys_detection_frauds/lib/python3.12/site-packages/airflow/example_dags/tutorial_taskflow_templates.py for tasks to queue
[2025-03-21T21:15:49.201+0000] {logging_mixin.py:190} INFO - [2025-03-21T21:15:49.200+0000] {dagbag.py:588} INFO - Filling up the DagBag from /home/usmail/sys_fraud/sys_detection_frauds/lib/python3.12/site-packages/airflow/example_dags/tutorial_taskflow_templates.py
[2025-03-21T21:15:49.223+0000] {processor.py:925} INFO - DAG(s) 'tutorial_taskflow_templates' retrieved from /home/usmail/sys_fraud/sys_detection_frauds/lib/python3.12/site-packages/airflow/example_dags/tutorial_taskflow_templates.py
[2025-03-21T21:15:49.247+0000] {logging_mixin.py:190} INFO - [2025-03-21T21:15:49.246+0000] {dag.py:3239} INFO - Sync 1 DAGs
[2025-03-21T21:15:49.267+0000] {logging_mixin.py:190} INFO - [2025-03-21T21:15:49.267+0000] {dag.py:4180} INFO - Setting next_dagrun for tutorial_taskflow_templates to 2025-03-20 00:00:00+00:00, run_after=2025-03-21 00:00:00+00:00
[2025-03-21T21:15:49.283+0000] {processor.py:208} INFO - Processing /home/usmail/sys_fraud/sys_detection_frauds/lib/python3.12/site-packages/airflow/example_dags/tutorial_taskflow_templates.py took 0.107 seconds
[2025-03-21T21:16:52.640+0000] {processor.py:186} INFO - Started process (PID=3746666) to work on /home/usmail/sys_fraud/sys_detection_frauds/lib/python3.12/site-packages/airflow/example_dags/tutorial_taskflow_templates.py
[2025-03-21T21:16:52.641+0000] {processor.py:914} INFO - Processing file /home/usmail/sys_fraud/sys_detection_frauds/lib/python3.12/site-packages/airflow/example_dags/tutorial_taskflow_templates.py for tasks to queue
[2025-03-21T21:16:52.644+0000] {logging_mixin.py:190} INFO - [2025-03-21T21:16:52.643+0000] {dagbag.py:588} INFO - Filling up the DagBag from /home/usmail/sys_fraud/sys_detection_frauds/lib/python3.12/site-packages/airflow/example_dags/tutorial_taskflow_templates.py
[2025-03-21T21:16:52.665+0000] {processor.py:925} INFO - DAG(s) 'tutorial_taskflow_templates' retrieved from /home/usmail/sys_fraud/sys_detection_frauds/lib/python3.12/site-packages/airflow/example_dags/tutorial_taskflow_templates.py
[2025-03-21T21:16:52.688+0000] {logging_mixin.py:190} INFO - [2025-03-21T21:16:52.688+0000] {dag.py:3239} INFO - Sync 1 DAGs
[2025-03-21T21:16:52.708+0000] {logging_mixin.py:190} INFO - [2025-03-21T21:16:52.708+0000] {dag.py:4180} INFO - Setting next_dagrun for tutorial_taskflow_templates to 2025-03-20 00:00:00+00:00, run_after=2025-03-21 00:00:00+00:00
[2025-03-21T21:16:52.723+0000] {processor.py:208} INFO - Processing /home/usmail/sys_fraud/sys_detection_frauds/lib/python3.12/site-packages/airflow/example_dags/tutorial_taskflow_templates.py took 0.095 seconds
[2025-03-21T21:17:54.597+0000] {processor.py:186} INFO - Started process (PID=3747463) to work on /home/usmail/sys_fraud/sys_detection_frauds/lib/python3.12/site-packages/airflow/example_dags/tutorial_taskflow_templates.py
[2025-03-21T21:17:54.606+0000] {processor.py:914} INFO - Processing file /home/usmail/sys_fraud/sys_detection_frauds/lib/python3.12/site-packages/airflow/example_dags/tutorial_taskflow_templates.py for tasks to queue
[2025-03-21T21:17:54.610+0000] {logging_mixin.py:190} INFO - [2025-03-21T21:17:54.609+0000] {dagbag.py:588} INFO - Filling up the DagBag from /home/usmail/sys_fraud/sys_detection_frauds/lib/python3.12/site-packages/airflow/example_dags/tutorial_taskflow_templates.py
[2025-03-21T21:17:54.632+0000] {processor.py:925} INFO - DAG(s) 'tutorial_taskflow_templates' retrieved from /home/usmail/sys_fraud/sys_detection_frauds/lib/python3.12/site-packages/airflow/example_dags/tutorial_taskflow_templates.py
[2025-03-21T21:17:54.655+0000] {logging_mixin.py:190} INFO - [2025-03-21T21:17:54.654+0000] {dag.py:3239} INFO - Sync 1 DAGs
[2025-03-21T21:17:54.675+0000] {logging_mixin.py:190} INFO - [2025-03-21T21:17:54.675+0000] {dag.py:4180} INFO - Setting next_dagrun for tutorial_taskflow_templates to 2025-03-20 00:00:00+00:00, run_after=2025-03-21 00:00:00+00:00
[2025-03-21T21:17:54.690+0000] {processor.py:208} INFO - Processing /home/usmail/sys_fraud/sys_detection_frauds/lib/python3.12/site-packages/airflow/example_dags/tutorial_taskflow_templates.py took 0.106 seconds
[2025-03-21T21:18:59.962+0000] {processor.py:186} INFO - Started process (PID=3748245) to work on /home/usmail/sys_fraud/sys_detection_frauds/lib/python3.12/site-packages/airflow/example_dags/tutorial_taskflow_templates.py
[2025-03-21T21:18:59.971+0000] {processor.py:914} INFO - Processing file /home/usmail/sys_fraud/sys_detection_frauds/lib/python3.12/site-packages/airflow/example_dags/tutorial_taskflow_templates.py for tasks to queue
[2025-03-21T21:18:59.975+0000] {logging_mixin.py:190} INFO - [2025-03-21T21:18:59.974+0000] {dagbag.py:588} INFO - Filling up the DagBag from /home/usmail/sys_fraud/sys_detection_frauds/lib/python3.12/site-packages/airflow/example_dags/tutorial_taskflow_templates.py
[2025-03-21T21:18:59.997+0000] {processor.py:925} INFO - DAG(s) 'tutorial_taskflow_templates' retrieved from /home/usmail/sys_fraud/sys_detection_frauds/lib/python3.12/site-packages/airflow/example_dags/tutorial_taskflow_templates.py
[2025-03-21T21:19:00.021+0000] {logging_mixin.py:190} INFO - [2025-03-21T21:19:00.020+0000] {dag.py:3239} INFO - Sync 1 DAGs
[2025-03-21T21:19:00.041+0000] {logging_mixin.py:190} INFO - [2025-03-21T21:19:00.040+0000] {dag.py:4180} INFO - Setting next_dagrun for tutorial_taskflow_templates to 2025-03-20 00:00:00+00:00, run_after=2025-03-21 00:00:00+00:00
[2025-03-21T21:19:00.057+0000] {processor.py:208} INFO - Processing /home/usmail/sys_fraud/sys_detection_frauds/lib/python3.12/site-packages/airflow/example_dags/tutorial_taskflow_templates.py took 0.107 seconds
[2025-03-21T21:20:03.983+0000] {processor.py:186} INFO - Started process (PID=3749027) to work on /home/usmail/sys_fraud/sys_detection_frauds/lib/python3.12/site-packages/airflow/example_dags/tutorial_taskflow_templates.py
[2025-03-21T21:20:03.992+0000] {processor.py:914} INFO - Processing file /home/usmail/sys_fraud/sys_detection_frauds/lib/python3.12/site-packages/airflow/example_dags/tutorial_taskflow_templates.py for tasks to queue
[2025-03-21T21:20:03.996+0000] {logging_mixin.py:190} INFO - [2025-03-21T21:20:03.995+0000] {dagbag.py:588} INFO - Filling up the DagBag from /home/usmail/sys_fraud/sys_detection_frauds/lib/python3.12/site-packages/airflow/example_dags/tutorial_taskflow_templates.py
[2025-03-21T21:20:04.017+0000] {processor.py:925} INFO - DAG(s) 'tutorial_taskflow_templates' retrieved from /home/usmail/sys_fraud/sys_detection_frauds/lib/python3.12/site-packages/airflow/example_dags/tutorial_taskflow_templates.py
[2025-03-21T21:20:04.040+0000] {logging_mixin.py:190} INFO - [2025-03-21T21:20:04.039+0000] {dag.py:3239} INFO - Sync 1 DAGs
[2025-03-21T21:20:04.061+0000] {logging_mixin.py:190} INFO - [2025-03-21T21:20:04.061+0000] {dag.py:4180} INFO - Setting next_dagrun for tutorial_taskflow_templates to 2025-03-20 00:00:00+00:00, run_after=2025-03-21 00:00:00+00:00
[2025-03-21T21:20:04.077+0000] {processor.py:208} INFO - Processing /home/usmail/sys_fraud/sys_detection_frauds/lib/python3.12/site-packages/airflow/example_dags/tutorial_taskflow_templates.py took 0.106 seconds
[2025-03-21T21:21:06.906+0000] {processor.py:186} INFO - Started process (PID=3749785) to work on /home/usmail/sys_fraud/sys_detection_frauds/lib/python3.12/site-packages/airflow/example_dags/tutorial_taskflow_templates.py
[2025-03-21T21:21:06.915+0000] {processor.py:914} INFO - Processing file /home/usmail/sys_fraud/sys_detection_frauds/lib/python3.12/site-packages/airflow/example_dags/tutorial_taskflow_templates.py for tasks to queue
[2025-03-21T21:21:06.917+0000] {logging_mixin.py:190} INFO - [2025-03-21T21:21:06.916+0000] {dagbag.py:588} INFO - Filling up the DagBag from /home/usmail/sys_fraud/sys_detection_frauds/lib/python3.12/site-packages/airflow/example_dags/tutorial_taskflow_templates.py
[2025-03-21T21:21:06.937+0000] {processor.py:925} INFO - DAG(s) 'tutorial_taskflow_templates' retrieved from /home/usmail/sys_fraud/sys_detection_frauds/lib/python3.12/site-packages/airflow/example_dags/tutorial_taskflow_templates.py
[2025-03-21T21:21:06.960+0000] {logging_mixin.py:190} INFO - [2025-03-21T21:21:06.960+0000] {dag.py:3239} INFO - Sync 1 DAGs
[2025-03-21T21:21:06.980+0000] {logging_mixin.py:190} INFO - [2025-03-21T21:21:06.980+0000] {dag.py:4180} INFO - Setting next_dagrun for tutorial_taskflow_templates to 2025-03-20 00:00:00+00:00, run_after=2025-03-21 00:00:00+00:00
[2025-03-21T21:21:06.997+0000] {processor.py:208} INFO - Processing /home/usmail/sys_fraud/sys_detection_frauds/lib/python3.12/site-packages/airflow/example_dags/tutorial_taskflow_templates.py took 0.097 seconds
[2025-03-21T21:22:14.594+0000] {processor.py:186} INFO - Started process (PID=3750628) to work on /home/usmail/sys_fraud/sys_detection_frauds/lib/python3.12/site-packages/airflow/example_dags/tutorial_taskflow_templates.py
[2025-03-21T21:22:14.603+0000] {processor.py:914} INFO - Processing file /home/usmail/sys_fraud/sys_detection_frauds/lib/python3.12/site-packages/airflow/example_dags/tutorial_taskflow_templates.py for tasks to queue
[2025-03-21T21:22:14.606+0000] {logging_mixin.py:190} INFO - [2025-03-21T21:22:14.605+0000] {dagbag.py:588} INFO - Filling up the DagBag from /home/usmail/sys_fraud/sys_detection_frauds/lib/python3.12/site-packages/airflow/example_dags/tutorial_taskflow_templates.py
[2025-03-21T21:22:14.618+0000] {processor.py:925} INFO - DAG(s) 'tutorial_taskflow_templates' retrieved from /home/usmail/sys_fraud/sys_detection_frauds/lib/python3.12/site-packages/airflow/example_dags/tutorial_taskflow_templates.py
[2025-03-21T21:22:14.634+0000] {logging_mixin.py:190} INFO - [2025-03-21T21:22:14.634+0000] {dag.py:3239} INFO - Sync 1 DAGs
[2025-03-21T21:22:14.654+0000] {logging_mixin.py:190} INFO - [2025-03-21T21:22:14.654+0000] {dag.py:4180} INFO - Setting next_dagrun for tutorial_taskflow_templates to 2025-03-20 00:00:00+00:00, run_after=2025-03-21 00:00:00+00:00
[2025-03-21T21:22:14.684+0000] {processor.py:208} INFO - Processing /home/usmail/sys_fraud/sys_detection_frauds/lib/python3.12/site-packages/airflow/example_dags/tutorial_taskflow_templates.py took 0.099 seconds
[2025-03-21T21:23:19.748+0000] {processor.py:186} INFO - Started process (PID=3751442) to work on /home/usmail/sys_fraud/sys_detection_frauds/lib/python3.12/site-packages/airflow/example_dags/tutorial_taskflow_templates.py
[2025-03-21T21:23:19.758+0000] {processor.py:914} INFO - Processing file /home/usmail/sys_fraud/sys_detection_frauds/lib/python3.12/site-packages/airflow/example_dags/tutorial_taskflow_templates.py for tasks to queue
[2025-03-21T21:23:19.761+0000] {logging_mixin.py:190} INFO - [2025-03-21T21:23:19.761+0000] {dagbag.py:588} INFO - Filling up the DagBag from /home/usmail/sys_fraud/sys_detection_frauds/lib/python3.12/site-packages/airflow/example_dags/tutorial_taskflow_templates.py
[2025-03-21T21:23:19.784+0000] {processor.py:925} INFO - DAG(s) 'tutorial_taskflow_templates' retrieved from /home/usmail/sys_fraud/sys_detection_frauds/lib/python3.12/site-packages/airflow/example_dags/tutorial_taskflow_templates.py
[2025-03-21T21:23:19.807+0000] {logging_mixin.py:190} INFO - [2025-03-21T21:23:19.807+0000] {dag.py:3239} INFO - Sync 1 DAGs
[2025-03-21T21:23:19.827+0000] {logging_mixin.py:190} INFO - [2025-03-21T21:23:19.827+0000] {dag.py:4180} INFO - Setting next_dagrun for tutorial_taskflow_templates to 2025-03-20 00:00:00+00:00, run_after=2025-03-21 00:00:00+00:00
[2025-03-21T21:23:19.842+0000] {processor.py:208} INFO - Processing /home/usmail/sys_fraud/sys_detection_frauds/lib/python3.12/site-packages/airflow/example_dags/tutorial_taskflow_templates.py took 0.106 seconds
[2025-03-21T21:24:21.073+0000] {processor.py:186} INFO - Started process (PID=3752126) to work on /home/usmail/sys_fraud/sys_detection_frauds/lib/python3.12/site-packages/airflow/example_dags/tutorial_taskflow_templates.py
[2025-03-21T21:24:21.082+0000] {processor.py:914} INFO - Processing file /home/usmail/sys_fraud/sys_detection_frauds/lib/python3.12/site-packages/airflow/example_dags/tutorial_taskflow_templates.py for tasks to queue
[2025-03-21T21:24:21.085+0000] {logging_mixin.py:190} INFO - [2025-03-21T21:24:21.085+0000] {dagbag.py:588} INFO - Filling up the DagBag from /home/usmail/sys_fraud/sys_detection_frauds/lib/python3.12/site-packages/airflow/example_dags/tutorial_taskflow_templates.py
[2025-03-21T21:24:21.107+0000] {processor.py:925} INFO - DAG(s) 'tutorial_taskflow_templates' retrieved from /home/usmail/sys_fraud/sys_detection_frauds/lib/python3.12/site-packages/airflow/example_dags/tutorial_taskflow_templates.py
[2025-03-21T21:24:21.129+0000] {logging_mixin.py:190} INFO - [2025-03-21T21:24:21.129+0000] {dag.py:3239} INFO - Sync 1 DAGs
[2025-03-21T21:24:21.151+0000] {logging_mixin.py:190} INFO - [2025-03-21T21:24:21.150+0000] {dag.py:4180} INFO - Setting next_dagrun for tutorial_taskflow_templates to 2025-03-20 00:00:00+00:00, run_after=2025-03-21 00:00:00+00:00
[2025-03-21T21:24:21.166+0000] {processor.py:208} INFO - Processing /home/usmail/sys_fraud/sys_detection_frauds/lib/python3.12/site-packages/airflow/example_dags/tutorial_taskflow_templates.py took 0.106 seconds
[2025-03-21T21:25:22.549+0000] {processor.py:186} INFO - Started process (PID=3752802) to work on /home/usmail/sys_fraud/sys_detection_frauds/lib/python3.12/site-packages/airflow/example_dags/tutorial_taskflow_templates.py
[2025-03-21T21:25:22.550+0000] {processor.py:914} INFO - Processing file /home/usmail/sys_fraud/sys_detection_frauds/lib/python3.12/site-packages/airflow/example_dags/tutorial_taskflow_templates.py for tasks to queue
[2025-03-21T21:25:22.552+0000] {logging_mixin.py:190} INFO - [2025-03-21T21:25:22.552+0000] {dagbag.py:588} INFO - Filling up the DagBag from /home/usmail/sys_fraud/sys_detection_frauds/lib/python3.12/site-packages/airflow/example_dags/tutorial_taskflow_templates.py
[2025-03-21T21:25:22.566+0000] {processor.py:925} INFO - DAG(s) 'tutorial_taskflow_templates' retrieved from /home/usmail/sys_fraud/sys_detection_frauds/lib/python3.12/site-packages/airflow/example_dags/tutorial_taskflow_templates.py
[2025-03-21T21:25:22.581+0000] {logging_mixin.py:190} INFO - [2025-03-21T21:25:22.581+0000] {dag.py:3239} INFO - Sync 1 DAGs
[2025-03-21T21:25:22.598+0000] {logging_mixin.py:190} INFO - [2025-03-21T21:25:22.598+0000] {dag.py:4180} INFO - Setting next_dagrun for tutorial_taskflow_templates to 2025-03-20 00:00:00+00:00, run_after=2025-03-21 00:00:00+00:00
[2025-03-21T21:25:22.615+0000] {processor.py:208} INFO - Processing /home/usmail/sys_fraud/sys_detection_frauds/lib/python3.12/site-packages/airflow/example_dags/tutorial_taskflow_templates.py took 0.074 seconds
[2025-03-21T21:26:28.330+0000] {processor.py:186} INFO - Started process (PID=3753482) to work on /home/usmail/sys_fraud/sys_detection_frauds/lib/python3.12/site-packages/airflow/example_dags/tutorial_taskflow_templates.py
[2025-03-21T21:26:28.339+0000] {processor.py:914} INFO - Processing file /home/usmail/sys_fraud/sys_detection_frauds/lib/python3.12/site-packages/airflow/example_dags/tutorial_taskflow_templates.py for tasks to queue
[2025-03-21T21:26:28.343+0000] {logging_mixin.py:190} INFO - [2025-03-21T21:26:28.342+0000] {dagbag.py:588} INFO - Filling up the DagBag from /home/usmail/sys_fraud/sys_detection_frauds/lib/python3.12/site-packages/airflow/example_dags/tutorial_taskflow_templates.py
[2025-03-21T21:26:28.364+0000] {processor.py:925} INFO - DAG(s) 'tutorial_taskflow_templates' retrieved from /home/usmail/sys_fraud/sys_detection_frauds/lib/python3.12/site-packages/airflow/example_dags/tutorial_taskflow_templates.py
[2025-03-21T21:26:28.387+0000] {logging_mixin.py:190} INFO - [2025-03-21T21:26:28.387+0000] {dag.py:3239} INFO - Sync 1 DAGs
[2025-03-21T21:26:28.412+0000] {logging_mixin.py:190} INFO - [2025-03-21T21:26:28.411+0000] {dag.py:4180} INFO - Setting next_dagrun for tutorial_taskflow_templates to 2025-03-20 00:00:00+00:00, run_after=2025-03-21 00:00:00+00:00
[2025-03-21T21:26:28.443+0000] {processor.py:208} INFO - Processing /home/usmail/sys_fraud/sys_detection_frauds/lib/python3.12/site-packages/airflow/example_dags/tutorial_taskflow_templates.py took 0.125 seconds
[2025-03-21T21:27:31.987+0000] {processor.py:186} INFO - Started process (PID=3754138) to work on /home/usmail/sys_fraud/sys_detection_frauds/lib/python3.12/site-packages/airflow/example_dags/tutorial_taskflow_templates.py
[2025-03-21T21:27:31.996+0000] {processor.py:914} INFO - Processing file /home/usmail/sys_fraud/sys_detection_frauds/lib/python3.12/site-packages/airflow/example_dags/tutorial_taskflow_templates.py for tasks to queue
[2025-03-21T21:27:32.000+0000] {logging_mixin.py:190} INFO - [2025-03-21T21:27:31.999+0000] {dagbag.py:588} INFO - Filling up the DagBag from /home/usmail/sys_fraud/sys_detection_frauds/lib/python3.12/site-packages/airflow/example_dags/tutorial_taskflow_templates.py
[2025-03-21T21:27:32.022+0000] {processor.py:925} INFO - DAG(s) 'tutorial_taskflow_templates' retrieved from /home/usmail/sys_fraud/sys_detection_frauds/lib/python3.12/site-packages/airflow/example_dags/tutorial_taskflow_templates.py
[2025-03-21T21:27:32.045+0000] {logging_mixin.py:190} INFO - [2025-03-21T21:27:32.045+0000] {dag.py:3239} INFO - Sync 1 DAGs
[2025-03-21T21:27:32.064+0000] {logging_mixin.py:190} INFO - [2025-03-21T21:27:32.064+0000] {dag.py:4180} INFO - Setting next_dagrun for tutorial_taskflow_templates to 2025-03-20 00:00:00+00:00, run_after=2025-03-21 00:00:00+00:00
[2025-03-21T21:27:32.087+0000] {processor.py:208} INFO - Processing /home/usmail/sys_fraud/sys_detection_frauds/lib/python3.12/site-packages/airflow/example_dags/tutorial_taskflow_templates.py took 0.112 seconds
[2025-03-21T21:28:31.146+0000] {processor.py:186} INFO - Started process (PID=3754763) to work on /home/usmail/sys_fraud/sys_detection_frauds/lib/python3.12/site-packages/airflow/example_dags/tutorial_taskflow_templates.py
[2025-03-21T21:28:31.155+0000] {processor.py:914} INFO - Processing file /home/usmail/sys_fraud/sys_detection_frauds/lib/python3.12/site-packages/airflow/example_dags/tutorial_taskflow_templates.py for tasks to queue
[2025-03-21T21:28:31.159+0000] {logging_mixin.py:190} INFO - [2025-03-21T21:28:31.158+0000] {dagbag.py:588} INFO - Filling up the DagBag from /home/usmail/sys_fraud/sys_detection_frauds/lib/python3.12/site-packages/airflow/example_dags/tutorial_taskflow_templates.py
[2025-03-21T21:28:31.182+0000] {processor.py:925} INFO - DAG(s) 'tutorial_taskflow_templates' retrieved from /home/usmail/sys_fraud/sys_detection_frauds/lib/python3.12/site-packages/airflow/example_dags/tutorial_taskflow_templates.py
[2025-03-21T21:28:31.204+0000] {logging_mixin.py:190} INFO - [2025-03-21T21:28:31.204+0000] {dag.py:3239} INFO - Sync 1 DAGs
[2025-03-21T21:28:31.225+0000] {logging_mixin.py:190} INFO - [2025-03-21T21:28:31.224+0000] {dag.py:4180} INFO - Setting next_dagrun for tutorial_taskflow_templates to 2025-03-20 00:00:00+00:00, run_after=2025-03-21 00:00:00+00:00
[2025-03-21T21:28:31.243+0000] {processor.py:208} INFO - Processing /home/usmail/sys_fraud/sys_detection_frauds/lib/python3.12/site-packages/airflow/example_dags/tutorial_taskflow_templates.py took 0.109 seconds
[2025-03-21T21:29:34.033+0000] {processor.py:186} INFO - Started process (PID=3755412) to work on /home/usmail/sys_fraud/sys_detection_frauds/lib/python3.12/site-packages/airflow/example_dags/tutorial_taskflow_templates.py
[2025-03-21T21:29:34.043+0000] {processor.py:914} INFO - Processing file /home/usmail/sys_fraud/sys_detection_frauds/lib/python3.12/site-packages/airflow/example_dags/tutorial_taskflow_templates.py for tasks to queue
[2025-03-21T21:29:34.046+0000] {logging_mixin.py:190} INFO - [2025-03-21T21:29:34.045+0000] {dagbag.py:588} INFO - Filling up the DagBag from /home/usmail/sys_fraud/sys_detection_frauds/lib/python3.12/site-packages/airflow/example_dags/tutorial_taskflow_templates.py
[2025-03-21T21:29:34.067+0000] {processor.py:925} INFO - DAG(s) 'tutorial_taskflow_templates' retrieved from /home/usmail/sys_fraud/sys_detection_frauds/lib/python3.12/site-packages/airflow/example_dags/tutorial_taskflow_templates.py
[2025-03-21T21:29:34.090+0000] {logging_mixin.py:190} INFO - [2025-03-21T21:29:34.090+0000] {dag.py:3239} INFO - Sync 1 DAGs
[2025-03-21T21:29:34.112+0000] {logging_mixin.py:190} INFO - [2025-03-21T21:29:34.112+0000] {dag.py:4180} INFO - Setting next_dagrun for tutorial_taskflow_templates to 2025-03-20 00:00:00+00:00, run_after=2025-03-21 00:00:00+00:00
[2025-03-21T21:29:34.128+0000] {processor.py:208} INFO - Processing /home/usmail/sys_fraud/sys_detection_frauds/lib/python3.12/site-packages/airflow/example_dags/tutorial_taskflow_templates.py took 0.106 seconds
[2025-03-21T21:30:38.851+0000] {processor.py:186} INFO - Started process (PID=3756103) to work on /home/usmail/sys_fraud/sys_detection_frauds/lib/python3.12/site-packages/airflow/example_dags/tutorial_taskflow_templates.py
[2025-03-21T21:30:38.860+0000] {processor.py:914} INFO - Processing file /home/usmail/sys_fraud/sys_detection_frauds/lib/python3.12/site-packages/airflow/example_dags/tutorial_taskflow_templates.py for tasks to queue
[2025-03-21T21:30:38.864+0000] {logging_mixin.py:190} INFO - [2025-03-21T21:30:38.863+0000] {dagbag.py:588} INFO - Filling up the DagBag from /home/usmail/sys_fraud/sys_detection_frauds/lib/python3.12/site-packages/airflow/example_dags/tutorial_taskflow_templates.py
[2025-03-21T21:30:38.885+0000] {processor.py:925} INFO - DAG(s) 'tutorial_taskflow_templates' retrieved from /home/usmail/sys_fraud/sys_detection_frauds/lib/python3.12/site-packages/airflow/example_dags/tutorial_taskflow_templates.py
[2025-03-21T21:30:38.909+0000] {logging_mixin.py:190} INFO - [2025-03-21T21:30:38.909+0000] {dag.py:3239} INFO - Sync 1 DAGs
[2025-03-21T21:30:38.929+0000] {logging_mixin.py:190} INFO - [2025-03-21T21:30:38.928+0000] {dag.py:4180} INFO - Setting next_dagrun for tutorial_taskflow_templates to 2025-03-20 00:00:00+00:00, run_after=2025-03-21 00:00:00+00:00
[2025-03-21T21:30:38.953+0000] {processor.py:208} INFO - Processing /home/usmail/sys_fraud/sys_detection_frauds/lib/python3.12/site-packages/airflow/example_dags/tutorial_taskflow_templates.py took 0.114 seconds
[2025-03-21T21:31:44.390+0000] {processor.py:186} INFO - Started process (PID=3756791) to work on /home/usmail/sys_fraud/sys_detection_frauds/lib/python3.12/site-packages/airflow/example_dags/tutorial_taskflow_templates.py
[2025-03-21T21:31:44.400+0000] {processor.py:914} INFO - Processing file /home/usmail/sys_fraud/sys_detection_frauds/lib/python3.12/site-packages/airflow/example_dags/tutorial_taskflow_templates.py for tasks to queue
[2025-03-21T21:31:44.403+0000] {logging_mixin.py:190} INFO - [2025-03-21T21:31:44.403+0000] {dagbag.py:588} INFO - Filling up the DagBag from /home/usmail/sys_fraud/sys_detection_frauds/lib/python3.12/site-packages/airflow/example_dags/tutorial_taskflow_templates.py
[2025-03-21T21:31:44.426+0000] {processor.py:925} INFO - DAG(s) 'tutorial_taskflow_templates' retrieved from /home/usmail/sys_fraud/sys_detection_frauds/lib/python3.12/site-packages/airflow/example_dags/tutorial_taskflow_templates.py
[2025-03-21T21:31:44.448+0000] {logging_mixin.py:190} INFO - [2025-03-21T21:31:44.448+0000] {dag.py:3239} INFO - Sync 1 DAGs
[2025-03-21T21:31:44.469+0000] {logging_mixin.py:190} INFO - [2025-03-21T21:31:44.468+0000] {dag.py:4180} INFO - Setting next_dagrun for tutorial_taskflow_templates to 2025-03-20 00:00:00+00:00, run_after=2025-03-21 00:00:00+00:00
[2025-03-21T21:31:44.490+0000] {processor.py:208} INFO - Processing /home/usmail/sys_fraud/sys_detection_frauds/lib/python3.12/site-packages/airflow/example_dags/tutorial_taskflow_templates.py took 0.112 seconds
[2025-03-21T21:32:48.563+0000] {processor.py:186} INFO - Started process (PID=3757448) to work on /home/usmail/sys_fraud/sys_detection_frauds/lib/python3.12/site-packages/airflow/example_dags/tutorial_taskflow_templates.py
[2025-03-21T21:32:48.572+0000] {processor.py:914} INFO - Processing file /home/usmail/sys_fraud/sys_detection_frauds/lib/python3.12/site-packages/airflow/example_dags/tutorial_taskflow_templates.py for tasks to queue
[2025-03-21T21:32:48.576+0000] {logging_mixin.py:190} INFO - [2025-03-21T21:32:48.575+0000] {dagbag.py:588} INFO - Filling up the DagBag from /home/usmail/sys_fraud/sys_detection_frauds/lib/python3.12/site-packages/airflow/example_dags/tutorial_taskflow_templates.py
[2025-03-21T21:32:48.597+0000] {processor.py:925} INFO - DAG(s) 'tutorial_taskflow_templates' retrieved from /home/usmail/sys_fraud/sys_detection_frauds/lib/python3.12/site-packages/airflow/example_dags/tutorial_taskflow_templates.py
[2025-03-21T21:32:48.620+0000] {logging_mixin.py:190} INFO - [2025-03-21T21:32:48.620+0000] {dag.py:3239} INFO - Sync 1 DAGs
[2025-03-21T21:32:48.642+0000] {logging_mixin.py:190} INFO - [2025-03-21T21:32:48.641+0000] {dag.py:4180} INFO - Setting next_dagrun for tutorial_taskflow_templates to 2025-03-20 00:00:00+00:00, run_after=2025-03-21 00:00:00+00:00
[2025-03-21T21:32:48.659+0000] {processor.py:208} INFO - Processing /home/usmail/sys_fraud/sys_detection_frauds/lib/python3.12/site-packages/airflow/example_dags/tutorial_taskflow_templates.py took 0.108 seconds
[2025-03-21T22:19:22.311+0000] {processor.py:186} INFO - Started process (PID=3758450) to work on /home/usmail/sys_fraud/sys_detection_frauds/lib/python3.12/site-packages/airflow/example_dags/tutorial_taskflow_templates.py
[2025-03-21T22:19:22.320+0000] {processor.py:914} INFO - Processing file /home/usmail/sys_fraud/sys_detection_frauds/lib/python3.12/site-packages/airflow/example_dags/tutorial_taskflow_templates.py for tasks to queue
[2025-03-21T22:19:22.323+0000] {logging_mixin.py:190} INFO - [2025-03-21T22:19:22.323+0000] {dagbag.py:588} INFO - Filling up the DagBag from /home/usmail/sys_fraud/sys_detection_frauds/lib/python3.12/site-packages/airflow/example_dags/tutorial_taskflow_templates.py
[2025-03-21T22:19:22.344+0000] {processor.py:925} INFO - DAG(s) 'tutorial_taskflow_templates' retrieved from /home/usmail/sys_fraud/sys_detection_frauds/lib/python3.12/site-packages/airflow/example_dags/tutorial_taskflow_templates.py
[2025-03-21T22:19:22.367+0000] {logging_mixin.py:190} INFO - [2025-03-21T22:19:22.367+0000] {dag.py:3239} INFO - Sync 1 DAGs
[2025-03-21T22:19:22.389+0000] {logging_mixin.py:190} INFO - [2025-03-21T22:19:22.389+0000] {dag.py:4180} INFO - Setting next_dagrun for tutorial_taskflow_templates to 2025-03-20 00:00:00+00:00, run_after=2025-03-21 00:00:00+00:00
[2025-03-21T22:19:22.426+0000] {processor.py:208} INFO - Processing /home/usmail/sys_fraud/sys_detection_frauds/lib/python3.12/site-packages/airflow/example_dags/tutorial_taskflow_templates.py took 0.127 seconds
[2025-03-21T22:20:19.181+0000] {processor.py:186} INFO - Started process (PID=3759424) to work on /home/usmail/sys_fraud/sys_detection_frauds/lib/python3.12/site-packages/airflow/example_dags/tutorial_taskflow_templates.py
[2025-03-21T22:20:19.182+0000] {processor.py:914} INFO - Processing file /home/usmail/sys_fraud/sys_detection_frauds/lib/python3.12/site-packages/airflow/example_dags/tutorial_taskflow_templates.py for tasks to queue
[2025-03-21T22:20:19.185+0000] {logging_mixin.py:190} INFO - [2025-03-21T22:20:19.184+0000] {dagbag.py:588} INFO - Filling up the DagBag from /home/usmail/sys_fraud/sys_detection_frauds/lib/python3.12/site-packages/airflow/example_dags/tutorial_taskflow_templates.py
[2025-03-21T22:20:19.206+0000] {processor.py:925} INFO - DAG(s) 'tutorial_taskflow_templates' retrieved from /home/usmail/sys_fraud/sys_detection_frauds/lib/python3.12/site-packages/airflow/example_dags/tutorial_taskflow_templates.py
[2025-03-21T22:20:19.236+0000] {logging_mixin.py:190} INFO - [2025-03-21T22:20:19.235+0000] {dag.py:3239} INFO - Sync 1 DAGs
[2025-03-21T22:20:19.275+0000] {logging_mixin.py:190} INFO - [2025-03-21T22:20:19.274+0000] {dag.py:4180} INFO - Setting next_dagrun for tutorial_taskflow_templates to 2025-03-20 00:00:00+00:00, run_after=2025-03-21 00:00:00+00:00
[2025-03-21T22:20:19.294+0000] {processor.py:208} INFO - Processing /home/usmail/sys_fraud/sys_detection_frauds/lib/python3.12/site-packages/airflow/example_dags/tutorial_taskflow_templates.py took 0.124 seconds
[2025-03-21T22:21:21.945+0000] {processor.py:186} INFO - Started process (PID=3760162) to work on /home/usmail/sys_fraud/sys_detection_frauds/lib/python3.12/site-packages/airflow/example_dags/tutorial_taskflow_templates.py
[2025-03-21T22:21:21.947+0000] {processor.py:914} INFO - Processing file /home/usmail/sys_fraud/sys_detection_frauds/lib/python3.12/site-packages/airflow/example_dags/tutorial_taskflow_templates.py for tasks to queue
[2025-03-21T22:21:21.949+0000] {logging_mixin.py:190} INFO - [2025-03-21T22:21:21.948+0000] {dagbag.py:588} INFO - Filling up the DagBag from /home/usmail/sys_fraud/sys_detection_frauds/lib/python3.12/site-packages/airflow/example_dags/tutorial_taskflow_templates.py
[2025-03-21T22:21:21.970+0000] {processor.py:925} INFO - DAG(s) 'tutorial_taskflow_templates' retrieved from /home/usmail/sys_fraud/sys_detection_frauds/lib/python3.12/site-packages/airflow/example_dags/tutorial_taskflow_templates.py
[2025-03-21T22:21:21.994+0000] {logging_mixin.py:190} INFO - [2025-03-21T22:21:21.993+0000] {dag.py:3239} INFO - Sync 1 DAGs
[2025-03-21T22:21:22.011+0000] {logging_mixin.py:190} INFO - [2025-03-21T22:21:22.011+0000] {dag.py:4180} INFO - Setting next_dagrun for tutorial_taskflow_templates to 2025-03-20 00:00:00+00:00, run_after=2025-03-21 00:00:00+00:00
[2025-03-21T22:21:22.028+0000] {processor.py:208} INFO - Processing /home/usmail/sys_fraud/sys_detection_frauds/lib/python3.12/site-packages/airflow/example_dags/tutorial_taskflow_templates.py took 0.096 seconds
[2025-03-21T22:22:22.189+0000] {processor.py:186} INFO - Started process (PID=3761239) to work on /home/usmail/sys_fraud/sys_detection_frauds/lib/python3.12/site-packages/airflow/example_dags/tutorial_taskflow_templates.py
[2025-03-21T22:22:22.197+0000] {processor.py:914} INFO - Processing file /home/usmail/sys_fraud/sys_detection_frauds/lib/python3.12/site-packages/airflow/example_dags/tutorial_taskflow_templates.py for tasks to queue
[2025-03-21T22:22:22.199+0000] {logging_mixin.py:190} INFO - [2025-03-21T22:22:22.198+0000] {dagbag.py:588} INFO - Filling up the DagBag from /home/usmail/sys_fraud/sys_detection_frauds/lib/python3.12/site-packages/airflow/example_dags/tutorial_taskflow_templates.py
[2025-03-21T22:22:22.212+0000] {processor.py:925} INFO - DAG(s) 'tutorial_taskflow_templates' retrieved from /home/usmail/sys_fraud/sys_detection_frauds/lib/python3.12/site-packages/airflow/example_dags/tutorial_taskflow_templates.py
[2025-03-21T22:22:22.226+0000] {logging_mixin.py:190} INFO - [2025-03-21T22:22:22.226+0000] {dag.py:3239} INFO - Sync 1 DAGs
[2025-03-21T22:22:22.247+0000] {logging_mixin.py:190} INFO - [2025-03-21T22:22:22.246+0000] {dag.py:4180} INFO - Setting next_dagrun for tutorial_taskflow_templates to 2025-03-20 00:00:00+00:00, run_after=2025-03-21 00:00:00+00:00
[2025-03-21T22:22:22.271+0000] {processor.py:208} INFO - Processing /home/usmail/sys_fraud/sys_detection_frauds/lib/python3.12/site-packages/airflow/example_dags/tutorial_taskflow_templates.py took 0.089 seconds
