[2025-03-21T20:49:34.112+0000] {processor.py:186} INFO - Started process (PID=3722909) to work on /home/usmail/sys_fraud/sys_detection_frauds/lib/python3.12/site-packages/airflow/example_dags/tutorial_dag.py
[2025-03-21T20:49:34.113+0000] {processor.py:914} INFO - Processing file /home/usmail/sys_fraud/sys_detection_frauds/lib/python3.12/site-packages/airflow/example_dags/tutorial_dag.py for tasks to queue
[2025-03-21T20:49:34.114+0000] {logging_mixin.py:190} INFO - [2025-03-21T20:49:34.114+0000] {dagbag.py:588} INFO - Filling up the DagBag from /home/usmail/sys_fraud/sys_detection_frauds/lib/python3.12/site-packages/airflow/example_dags/tutorial_dag.py
[2025-03-21T20:49:34.118+0000] {processor.py:925} INFO - DAG(s) 'tutorial_dag' retrieved from /home/usmail/sys_fraud/sys_detection_frauds/lib/python3.12/site-packages/airflow/example_dags/tutorial_dag.py
[2025-03-21T20:49:34.192+0000] {logging_mixin.py:190} INFO - [2025-03-21T20:49:34.192+0000] {override.py:1912} INFO - Created Permission View: can edit on DAG:tutorial_dag
[2025-03-21T20:49:34.200+0000] {logging_mixin.py:190} INFO - [2025-03-21T20:49:34.199+0000] {override.py:1912} INFO - Created Permission View: can read on DAG:tutorial_dag
[2025-03-21T20:49:34.205+0000] {logging_mixin.py:190} INFO - [2025-03-21T20:49:34.205+0000] {override.py:1912} INFO - Created Permission View: can delete on DAG:tutorial_dag
[2025-03-21T20:49:34.217+0000] {logging_mixin.py:190} INFO - [2025-03-21T20:49:34.216+0000] {override.py:1912} INFO - Created Permission View: can create on DAG Run:tutorial_dag
[2025-03-21T20:49:34.223+0000] {logging_mixin.py:190} INFO - [2025-03-21T20:49:34.222+0000] {override.py:1912} INFO - Created Permission View: menu access on DAG Run:tutorial_dag
[2025-03-21T20:49:34.228+0000] {logging_mixin.py:190} INFO - [2025-03-21T20:49:34.228+0000] {override.py:1912} INFO - Created Permission View: can read on DAG Run:tutorial_dag
[2025-03-21T20:49:34.233+0000] {logging_mixin.py:190} INFO - [2025-03-21T20:49:34.232+0000] {override.py:1912} INFO - Created Permission View: can delete on DAG Run:tutorial_dag
[2025-03-21T20:49:34.233+0000] {logging_mixin.py:190} INFO - [2025-03-21T20:49:34.233+0000] {dag.py:3239} INFO - Sync 1 DAGs
[2025-03-21T20:49:34.239+0000] {logging_mixin.py:190} INFO - [2025-03-21T20:49:34.239+0000] {dag.py:3262} INFO - Creating ORM DAG for tutorial_dag
[2025-03-21T20:49:34.239+0000] {logging_mixin.py:190} INFO - [2025-03-21T20:49:34.239+0000] {dag.py:4180} INFO - Setting next_dagrun for tutorial_dag to None, run_after=None
[2025-03-21T20:49:34.252+0000] {processor.py:208} INFO - Processing /home/usmail/sys_fraud/sys_detection_frauds/lib/python3.12/site-packages/airflow/example_dags/tutorial_dag.py took 0.144 seconds
[2025-03-21T20:50:34.794+0000] {processor.py:186} INFO - Started process (PID=3723654) to work on /home/usmail/sys_fraud/sys_detection_frauds/lib/python3.12/site-packages/airflow/example_dags/tutorial_dag.py
[2025-03-21T20:50:34.803+0000] {processor.py:914} INFO - Processing file /home/usmail/sys_fraud/sys_detection_frauds/lib/python3.12/site-packages/airflow/example_dags/tutorial_dag.py for tasks to queue
[2025-03-21T20:50:34.807+0000] {logging_mixin.py:190} INFO - [2025-03-21T20:50:34.806+0000] {dagbag.py:588} INFO - Filling up the DagBag from /home/usmail/sys_fraud/sys_detection_frauds/lib/python3.12/site-packages/airflow/example_dags/tutorial_dag.py
[2025-03-21T20:50:34.815+0000] {processor.py:925} INFO - DAG(s) 'tutorial_dag' retrieved from /home/usmail/sys_fraud/sys_detection_frauds/lib/python3.12/site-packages/airflow/example_dags/tutorial_dag.py
[2025-03-21T20:50:34.824+0000] {logging_mixin.py:190} INFO - [2025-03-21T20:50:34.823+0000] {dag.py:3239} INFO - Sync 1 DAGs
[2025-03-21T20:50:34.830+0000] {logging_mixin.py:190} INFO - [2025-03-21T20:50:34.830+0000] {dag.py:4180} INFO - Setting next_dagrun for tutorial_dag to None, run_after=None
[2025-03-21T20:50:34.860+0000] {processor.py:208} INFO - Processing /home/usmail/sys_fraud/sys_detection_frauds/lib/python3.12/site-packages/airflow/example_dags/tutorial_dag.py took 0.071 seconds
[2025-03-21T20:51:30.166+0000] {processor.py:186} INFO - Started process (PID=3724335) to work on /home/usmail/sys_fraud/sys_detection_frauds/lib/python3.12/site-packages/airflow/example_dags/tutorial_dag.py
[2025-03-21T20:51:30.174+0000] {processor.py:914} INFO - Processing file /home/usmail/sys_fraud/sys_detection_frauds/lib/python3.12/site-packages/airflow/example_dags/tutorial_dag.py for tasks to queue
[2025-03-21T20:51:30.177+0000] {logging_mixin.py:190} INFO - [2025-03-21T20:51:30.176+0000] {dagbag.py:588} INFO - Filling up the DagBag from /home/usmail/sys_fraud/sys_detection_frauds/lib/python3.12/site-packages/airflow/example_dags/tutorial_dag.py
[2025-03-21T20:51:30.182+0000] {processor.py:925} INFO - DAG(s) 'tutorial_dag' retrieved from /home/usmail/sys_fraud/sys_detection_frauds/lib/python3.12/site-packages/airflow/example_dags/tutorial_dag.py
[2025-03-21T20:51:30.191+0000] {logging_mixin.py:190} INFO - [2025-03-21T20:51:30.191+0000] {dag.py:3239} INFO - Sync 1 DAGs
[2025-03-21T20:51:30.201+0000] {logging_mixin.py:190} INFO - [2025-03-21T20:51:30.201+0000] {dag.py:4180} INFO - Setting next_dagrun for tutorial_dag to None, run_after=None
[2025-03-21T20:51:30.220+0000] {processor.py:208} INFO - Processing /home/usmail/sys_fraud/sys_detection_frauds/lib/python3.12/site-packages/airflow/example_dags/tutorial_dag.py took 0.058 seconds
[2025-03-21T20:52:20.612+0000] {processor.py:186} INFO - Started process (PID=3724975) to work on /home/usmail/sys_fraud/sys_detection_frauds/lib/python3.12/site-packages/airflow/example_dags/tutorial_dag.py
[2025-03-21T20:52:20.620+0000] {processor.py:914} INFO - Processing file /home/usmail/sys_fraud/sys_detection_frauds/lib/python3.12/site-packages/airflow/example_dags/tutorial_dag.py for tasks to queue
[2025-03-21T20:52:20.622+0000] {logging_mixin.py:190} INFO - [2025-03-21T20:52:20.622+0000] {dagbag.py:588} INFO - Filling up the DagBag from /home/usmail/sys_fraud/sys_detection_frauds/lib/python3.12/site-packages/airflow/example_dags/tutorial_dag.py
[2025-03-21T20:52:20.626+0000] {processor.py:925} INFO - DAG(s) 'tutorial_dag' retrieved from /home/usmail/sys_fraud/sys_detection_frauds/lib/python3.12/site-packages/airflow/example_dags/tutorial_dag.py
[2025-03-21T20:52:20.635+0000] {logging_mixin.py:190} INFO - [2025-03-21T20:52:20.635+0000] {dag.py:3239} INFO - Sync 1 DAGs
[2025-03-21T20:52:20.642+0000] {logging_mixin.py:190} INFO - [2025-03-21T20:52:20.642+0000] {dag.py:4180} INFO - Setting next_dagrun for tutorial_dag to None, run_after=None
[2025-03-21T20:52:20.670+0000] {processor.py:208} INFO - Processing /home/usmail/sys_fraud/sys_detection_frauds/lib/python3.12/site-packages/airflow/example_dags/tutorial_dag.py took 0.061 seconds
[2025-03-21T20:53:13.224+0000] {processor.py:186} INFO - Started process (PID=3725583) to work on /home/usmail/sys_fraud/sys_detection_frauds/lib/python3.12/site-packages/airflow/example_dags/tutorial_dag.py
[2025-03-21T20:53:13.233+0000] {processor.py:914} INFO - Processing file /home/usmail/sys_fraud/sys_detection_frauds/lib/python3.12/site-packages/airflow/example_dags/tutorial_dag.py for tasks to queue
[2025-03-21T20:53:13.237+0000] {logging_mixin.py:190} INFO - [2025-03-21T20:53:13.236+0000] {dagbag.py:588} INFO - Filling up the DagBag from /home/usmail/sys_fraud/sys_detection_frauds/lib/python3.12/site-packages/airflow/example_dags/tutorial_dag.py
[2025-03-21T20:53:13.242+0000] {processor.py:925} INFO - DAG(s) 'tutorial_dag' retrieved from /home/usmail/sys_fraud/sys_detection_frauds/lib/python3.12/site-packages/airflow/example_dags/tutorial_dag.py
[2025-03-21T20:53:13.250+0000] {logging_mixin.py:190} INFO - [2025-03-21T20:53:13.249+0000] {dag.py:3239} INFO - Sync 1 DAGs
[2025-03-21T20:53:13.256+0000] {logging_mixin.py:190} INFO - [2025-03-21T20:53:13.256+0000] {dag.py:4180} INFO - Setting next_dagrun for tutorial_dag to None, run_after=None
[2025-03-21T20:53:13.283+0000] {processor.py:208} INFO - Processing /home/usmail/sys_fraud/sys_detection_frauds/lib/python3.12/site-packages/airflow/example_dags/tutorial_dag.py took 0.067 seconds
[2025-03-21T20:54:06.680+0000] {processor.py:186} INFO - Started process (PID=3726226) to work on /home/usmail/sys_fraud/sys_detection_frauds/lib/python3.12/site-packages/airflow/example_dags/tutorial_dag.py
[2025-03-21T20:54:06.681+0000] {processor.py:914} INFO - Processing file /home/usmail/sys_fraud/sys_detection_frauds/lib/python3.12/site-packages/airflow/example_dags/tutorial_dag.py for tasks to queue
[2025-03-21T20:54:06.683+0000] {logging_mixin.py:190} INFO - [2025-03-21T20:54:06.683+0000] {dagbag.py:588} INFO - Filling up the DagBag from /home/usmail/sys_fraud/sys_detection_frauds/lib/python3.12/site-packages/airflow/example_dags/tutorial_dag.py
[2025-03-21T20:54:06.689+0000] {processor.py:925} INFO - DAG(s) 'tutorial_dag' retrieved from /home/usmail/sys_fraud/sys_detection_frauds/lib/python3.12/site-packages/airflow/example_dags/tutorial_dag.py
[2025-03-21T20:54:06.697+0000] {logging_mixin.py:190} INFO - [2025-03-21T20:54:06.697+0000] {dag.py:3239} INFO - Sync 1 DAGs
[2025-03-21T20:54:06.704+0000] {logging_mixin.py:190} INFO - [2025-03-21T20:54:06.703+0000] {dag.py:4180} INFO - Setting next_dagrun for tutorial_dag to None, run_after=None
[2025-03-21T20:54:06.791+0000] {processor.py:208} INFO - Processing /home/usmail/sys_fraud/sys_detection_frauds/lib/python3.12/site-packages/airflow/example_dags/tutorial_dag.py took 0.119 seconds
[2025-03-21T20:54:58.703+0000] {processor.py:186} INFO - Started process (PID=3726914) to work on /home/usmail/sys_fraud/sys_detection_frauds/lib/python3.12/site-packages/airflow/example_dags/tutorial_dag.py
[2025-03-21T20:54:58.704+0000] {processor.py:914} INFO - Processing file /home/usmail/sys_fraud/sys_detection_frauds/lib/python3.12/site-packages/airflow/example_dags/tutorial_dag.py for tasks to queue
[2025-03-21T20:54:58.707+0000] {logging_mixin.py:190} INFO - [2025-03-21T20:54:58.706+0000] {dagbag.py:588} INFO - Filling up the DagBag from /home/usmail/sys_fraud/sys_detection_frauds/lib/python3.12/site-packages/airflow/example_dags/tutorial_dag.py
[2025-03-21T20:54:58.712+0000] {processor.py:925} INFO - DAG(s) 'tutorial_dag' retrieved from /home/usmail/sys_fraud/sys_detection_frauds/lib/python3.12/site-packages/airflow/example_dags/tutorial_dag.py
[2025-03-21T20:54:58.721+0000] {logging_mixin.py:190} INFO - [2025-03-21T20:54:58.720+0000] {dag.py:3239} INFO - Sync 1 DAGs
[2025-03-21T20:54:58.731+0000] {logging_mixin.py:190} INFO - [2025-03-21T20:54:58.731+0000] {dag.py:4180} INFO - Setting next_dagrun for tutorial_dag to None, run_after=None
[2025-03-21T20:54:58.746+0000] {processor.py:208} INFO - Processing /home/usmail/sys_fraud/sys_detection_frauds/lib/python3.12/site-packages/airflow/example_dags/tutorial_dag.py took 0.050 seconds
[2025-03-21T20:55:49.763+0000] {processor.py:186} INFO - Started process (PID=3727534) to work on /home/usmail/sys_fraud/sys_detection_frauds/lib/python3.12/site-packages/airflow/example_dags/tutorial_dag.py
[2025-03-21T20:55:49.772+0000] {processor.py:914} INFO - Processing file /home/usmail/sys_fraud/sys_detection_frauds/lib/python3.12/site-packages/airflow/example_dags/tutorial_dag.py for tasks to queue
[2025-03-21T20:55:49.776+0000] {logging_mixin.py:190} INFO - [2025-03-21T20:55:49.775+0000] {dagbag.py:588} INFO - Filling up the DagBag from /home/usmail/sys_fraud/sys_detection_frauds/lib/python3.12/site-packages/airflow/example_dags/tutorial_dag.py
[2025-03-21T20:55:49.784+0000] {processor.py:925} INFO - DAG(s) 'tutorial_dag' retrieved from /home/usmail/sys_fraud/sys_detection_frauds/lib/python3.12/site-packages/airflow/example_dags/tutorial_dag.py
[2025-03-21T20:55:49.794+0000] {logging_mixin.py:190} INFO - [2025-03-21T20:55:49.794+0000] {dag.py:3239} INFO - Sync 1 DAGs
[2025-03-21T20:55:49.801+0000] {logging_mixin.py:190} INFO - [2025-03-21T20:55:49.801+0000] {dag.py:4180} INFO - Setting next_dagrun for tutorial_dag to None, run_after=None
[2025-03-21T20:55:49.814+0000] {processor.py:208} INFO - Processing /home/usmail/sys_fraud/sys_detection_frauds/lib/python3.12/site-packages/airflow/example_dags/tutorial_dag.py took 0.057 seconds
[2025-03-21T20:56:39.357+0000] {processor.py:186} INFO - Started process (PID=3728178) to work on /home/usmail/sys_fraud/sys_detection_frauds/lib/python3.12/site-packages/airflow/example_dags/tutorial_dag.py
[2025-03-21T20:56:39.365+0000] {processor.py:914} INFO - Processing file /home/usmail/sys_fraud/sys_detection_frauds/lib/python3.12/site-packages/airflow/example_dags/tutorial_dag.py for tasks to queue
[2025-03-21T20:56:39.367+0000] {logging_mixin.py:190} INFO - [2025-03-21T20:56:39.367+0000] {dagbag.py:588} INFO - Filling up the DagBag from /home/usmail/sys_fraud/sys_detection_frauds/lib/python3.12/site-packages/airflow/example_dags/tutorial_dag.py
[2025-03-21T20:56:39.372+0000] {processor.py:925} INFO - DAG(s) 'tutorial_dag' retrieved from /home/usmail/sys_fraud/sys_detection_frauds/lib/python3.12/site-packages/airflow/example_dags/tutorial_dag.py
[2025-03-21T20:56:39.380+0000] {logging_mixin.py:190} INFO - [2025-03-21T20:56:39.380+0000] {dag.py:3239} INFO - Sync 1 DAGs
[2025-03-21T20:56:39.388+0000] {logging_mixin.py:190} INFO - [2025-03-21T20:56:39.388+0000] {dag.py:4180} INFO - Setting next_dagrun for tutorial_dag to None, run_after=None
[2025-03-21T20:56:39.404+0000] {processor.py:208} INFO - Processing /home/usmail/sys_fraud/sys_detection_frauds/lib/python3.12/site-packages/airflow/example_dags/tutorial_dag.py took 0.052 seconds
[2025-03-21T20:57:34.202+0000] {processor.py:186} INFO - Started process (PID=3728974) to work on /home/usmail/sys_fraud/sys_detection_frauds/lib/python3.12/site-packages/airflow/example_dags/tutorial_dag.py
[2025-03-21T20:57:34.211+0000] {processor.py:914} INFO - Processing file /home/usmail/sys_fraud/sys_detection_frauds/lib/python3.12/site-packages/airflow/example_dags/tutorial_dag.py for tasks to queue
[2025-03-21T20:57:34.214+0000] {logging_mixin.py:190} INFO - [2025-03-21T20:57:34.213+0000] {dagbag.py:588} INFO - Filling up the DagBag from /home/usmail/sys_fraud/sys_detection_frauds/lib/python3.12/site-packages/airflow/example_dags/tutorial_dag.py
[2025-03-21T20:57:34.223+0000] {processor.py:925} INFO - DAG(s) 'tutorial_dag' retrieved from /home/usmail/sys_fraud/sys_detection_frauds/lib/python3.12/site-packages/airflow/example_dags/tutorial_dag.py
[2025-03-21T20:57:34.233+0000] {logging_mixin.py:190} INFO - [2025-03-21T20:57:34.232+0000] {dag.py:3239} INFO - Sync 1 DAGs
[2025-03-21T20:57:34.242+0000] {logging_mixin.py:190} INFO - [2025-03-21T20:57:34.242+0000] {dag.py:4180} INFO - Setting next_dagrun for tutorial_dag to None, run_after=None
[2025-03-21T20:57:34.256+0000] {processor.py:208} INFO - Processing /home/usmail/sys_fraud/sys_detection_frauds/lib/python3.12/site-packages/airflow/example_dags/tutorial_dag.py took 0.061 seconds
[2025-03-21T20:58:24.442+0000] {processor.py:186} INFO - Started process (PID=3729518) to work on /home/usmail/sys_fraud/sys_detection_frauds/lib/python3.12/site-packages/airflow/example_dags/tutorial_dag.py
[2025-03-21T20:58:24.451+0000] {processor.py:914} INFO - Processing file /home/usmail/sys_fraud/sys_detection_frauds/lib/python3.12/site-packages/airflow/example_dags/tutorial_dag.py for tasks to queue
[2025-03-21T20:58:24.453+0000] {logging_mixin.py:190} INFO - [2025-03-21T20:58:24.453+0000] {dagbag.py:588} INFO - Filling up the DagBag from /home/usmail/sys_fraud/sys_detection_frauds/lib/python3.12/site-packages/airflow/example_dags/tutorial_dag.py
[2025-03-21T20:58:24.459+0000] {processor.py:925} INFO - DAG(s) 'tutorial_dag' retrieved from /home/usmail/sys_fraud/sys_detection_frauds/lib/python3.12/site-packages/airflow/example_dags/tutorial_dag.py
[2025-03-21T20:58:24.468+0000] {logging_mixin.py:190} INFO - [2025-03-21T20:58:24.468+0000] {dag.py:3239} INFO - Sync 1 DAGs
[2025-03-21T20:58:24.475+0000] {logging_mixin.py:190} INFO - [2025-03-21T20:58:24.474+0000] {dag.py:4180} INFO - Setting next_dagrun for tutorial_dag to None, run_after=None
[2025-03-21T20:58:24.487+0000] {processor.py:208} INFO - Processing /home/usmail/sys_fraud/sys_detection_frauds/lib/python3.12/site-packages/airflow/example_dags/tutorial_dag.py took 0.048 seconds
[2025-03-21T20:59:27.530+0000] {processor.py:186} INFO - Started process (PID=3730438) to work on /home/usmail/sys_fraud/sys_detection_frauds/lib/python3.12/site-packages/airflow/example_dags/tutorial_dag.py
[2025-03-21T20:59:27.538+0000] {processor.py:914} INFO - Processing file /home/usmail/sys_fraud/sys_detection_frauds/lib/python3.12/site-packages/airflow/example_dags/tutorial_dag.py for tasks to queue
[2025-03-21T20:59:27.541+0000] {logging_mixin.py:190} INFO - [2025-03-21T20:59:27.541+0000] {dagbag.py:588} INFO - Filling up the DagBag from /home/usmail/sys_fraud/sys_detection_frauds/lib/python3.12/site-packages/airflow/example_dags/tutorial_dag.py
[2025-03-21T20:59:27.551+0000] {processor.py:925} INFO - DAG(s) 'tutorial_dag' retrieved from /home/usmail/sys_fraud/sys_detection_frauds/lib/python3.12/site-packages/airflow/example_dags/tutorial_dag.py
[2025-03-21T20:59:27.566+0000] {logging_mixin.py:190} INFO - [2025-03-21T20:59:27.566+0000] {dag.py:3239} INFO - Sync 1 DAGs
[2025-03-21T20:59:27.573+0000] {logging_mixin.py:190} INFO - [2025-03-21T20:59:27.573+0000] {dag.py:4180} INFO - Setting next_dagrun for tutorial_dag to None, run_after=None
[2025-03-21T20:59:27.596+0000] {processor.py:208} INFO - Processing /home/usmail/sys_fraud/sys_detection_frauds/lib/python3.12/site-packages/airflow/example_dags/tutorial_dag.py took 0.071 seconds
[2025-03-21T21:00:23.059+0000] {processor.py:186} INFO - Started process (PID=3731178) to work on /home/usmail/sys_fraud/sys_detection_frauds/lib/python3.12/site-packages/airflow/example_dags/tutorial_dag.py
[2025-03-21T21:00:23.068+0000] {processor.py:914} INFO - Processing file /home/usmail/sys_fraud/sys_detection_frauds/lib/python3.12/site-packages/airflow/example_dags/tutorial_dag.py for tasks to queue
[2025-03-21T21:00:23.072+0000] {logging_mixin.py:190} INFO - [2025-03-21T21:00:23.071+0000] {dagbag.py:588} INFO - Filling up the DagBag from /home/usmail/sys_fraud/sys_detection_frauds/lib/python3.12/site-packages/airflow/example_dags/tutorial_dag.py
[2025-03-21T21:00:23.079+0000] {processor.py:925} INFO - DAG(s) 'tutorial_dag' retrieved from /home/usmail/sys_fraud/sys_detection_frauds/lib/python3.12/site-packages/airflow/example_dags/tutorial_dag.py
[2025-03-21T21:00:23.088+0000] {logging_mixin.py:190} INFO - [2025-03-21T21:00:23.088+0000] {dag.py:3239} INFO - Sync 1 DAGs
[2025-03-21T21:00:23.095+0000] {logging_mixin.py:190} INFO - [2025-03-21T21:00:23.094+0000] {dag.py:4180} INFO - Setting next_dagrun for tutorial_dag to None, run_after=None
[2025-03-21T21:00:23.113+0000] {processor.py:208} INFO - Processing /home/usmail/sys_fraud/sys_detection_frauds/lib/python3.12/site-packages/airflow/example_dags/tutorial_dag.py took 0.060 seconds
[2025-03-21T21:01:17.845+0000] {processor.py:186} INFO - Started process (PID=3731855) to work on /home/usmail/sys_fraud/sys_detection_frauds/lib/python3.12/site-packages/airflow/example_dags/tutorial_dag.py
[2025-03-21T21:01:17.853+0000] {processor.py:914} INFO - Processing file /home/usmail/sys_fraud/sys_detection_frauds/lib/python3.12/site-packages/airflow/example_dags/tutorial_dag.py for tasks to queue
[2025-03-21T21:01:17.855+0000] {logging_mixin.py:190} INFO - [2025-03-21T21:01:17.855+0000] {dagbag.py:588} INFO - Filling up the DagBag from /home/usmail/sys_fraud/sys_detection_frauds/lib/python3.12/site-packages/airflow/example_dags/tutorial_dag.py
[2025-03-21T21:01:17.860+0000] {processor.py:925} INFO - DAG(s) 'tutorial_dag' retrieved from /home/usmail/sys_fraud/sys_detection_frauds/lib/python3.12/site-packages/airflow/example_dags/tutorial_dag.py
[2025-03-21T21:01:17.868+0000] {logging_mixin.py:190} INFO - [2025-03-21T21:01:17.868+0000] {dag.py:3239} INFO - Sync 1 DAGs
[2025-03-21T21:01:17.876+0000] {logging_mixin.py:190} INFO - [2025-03-21T21:01:17.875+0000] {dag.py:4180} INFO - Setting next_dagrun for tutorial_dag to None, run_after=None
[2025-03-21T21:01:17.897+0000] {processor.py:208} INFO - Processing /home/usmail/sys_fraud/sys_detection_frauds/lib/python3.12/site-packages/airflow/example_dags/tutorial_dag.py took 0.055 seconds
[2025-03-21T21:02:12.024+0000] {processor.py:186} INFO - Started process (PID=3732542) to work on /home/usmail/sys_fraud/sys_detection_frauds/lib/python3.12/site-packages/airflow/example_dags/tutorial_dag.py
[2025-03-21T21:02:12.033+0000] {processor.py:914} INFO - Processing file /home/usmail/sys_fraud/sys_detection_frauds/lib/python3.12/site-packages/airflow/example_dags/tutorial_dag.py for tasks to queue
[2025-03-21T21:02:12.036+0000] {logging_mixin.py:190} INFO - [2025-03-21T21:02:12.035+0000] {dagbag.py:588} INFO - Filling up the DagBag from /home/usmail/sys_fraud/sys_detection_frauds/lib/python3.12/site-packages/airflow/example_dags/tutorial_dag.py
[2025-03-21T21:02:12.042+0000] {processor.py:925} INFO - DAG(s) 'tutorial_dag' retrieved from /home/usmail/sys_fraud/sys_detection_frauds/lib/python3.12/site-packages/airflow/example_dags/tutorial_dag.py
[2025-03-21T21:02:12.050+0000] {logging_mixin.py:190} INFO - [2025-03-21T21:02:12.050+0000] {dag.py:3239} INFO - Sync 1 DAGs
[2025-03-21T21:02:12.057+0000] {logging_mixin.py:190} INFO - [2025-03-21T21:02:12.057+0000] {dag.py:4180} INFO - Setting next_dagrun for tutorial_dag to None, run_after=None
[2025-03-21T21:02:12.069+0000] {processor.py:208} INFO - Processing /home/usmail/sys_fraud/sys_detection_frauds/lib/python3.12/site-packages/airflow/example_dags/tutorial_dag.py took 0.050 seconds
[2025-03-21T21:03:06.344+0000] {processor.py:186} INFO - Started process (PID=3733185) to work on /home/usmail/sys_fraud/sys_detection_frauds/lib/python3.12/site-packages/airflow/example_dags/tutorial_dag.py
[2025-03-21T21:03:06.353+0000] {processor.py:914} INFO - Processing file /home/usmail/sys_fraud/sys_detection_frauds/lib/python3.12/site-packages/airflow/example_dags/tutorial_dag.py for tasks to queue
[2025-03-21T21:03:06.354+0000] {logging_mixin.py:190} INFO - [2025-03-21T21:03:06.354+0000] {dagbag.py:588} INFO - Filling up the DagBag from /home/usmail/sys_fraud/sys_detection_frauds/lib/python3.12/site-packages/airflow/example_dags/tutorial_dag.py
[2025-03-21T21:03:06.358+0000] {processor.py:925} INFO - DAG(s) 'tutorial_dag' retrieved from /home/usmail/sys_fraud/sys_detection_frauds/lib/python3.12/site-packages/airflow/example_dags/tutorial_dag.py
[2025-03-21T21:03:06.370+0000] {logging_mixin.py:190} INFO - [2025-03-21T21:03:06.370+0000] {dag.py:3239} INFO - Sync 1 DAGs
[2025-03-21T21:03:06.381+0000] {logging_mixin.py:190} INFO - [2025-03-21T21:03:06.380+0000] {dag.py:4180} INFO - Setting next_dagrun for tutorial_dag to None, run_after=None
[2025-03-21T21:03:06.396+0000] {processor.py:208} INFO - Processing /home/usmail/sys_fraud/sys_detection_frauds/lib/python3.12/site-packages/airflow/example_dags/tutorial_dag.py took 0.055 seconds
[2025-03-21T21:03:59.403+0000] {processor.py:186} INFO - Started process (PID=3733883) to work on /home/usmail/sys_fraud/sys_detection_frauds/lib/python3.12/site-packages/airflow/example_dags/tutorial_dag.py
[2025-03-21T21:03:59.412+0000] {processor.py:914} INFO - Processing file /home/usmail/sys_fraud/sys_detection_frauds/lib/python3.12/site-packages/airflow/example_dags/tutorial_dag.py for tasks to queue
[2025-03-21T21:03:59.414+0000] {logging_mixin.py:190} INFO - [2025-03-21T21:03:59.413+0000] {dagbag.py:588} INFO - Filling up the DagBag from /home/usmail/sys_fraud/sys_detection_frauds/lib/python3.12/site-packages/airflow/example_dags/tutorial_dag.py
[2025-03-21T21:03:59.419+0000] {processor.py:925} INFO - DAG(s) 'tutorial_dag' retrieved from /home/usmail/sys_fraud/sys_detection_frauds/lib/python3.12/site-packages/airflow/example_dags/tutorial_dag.py
[2025-03-21T21:03:59.429+0000] {logging_mixin.py:190} INFO - [2025-03-21T21:03:59.429+0000] {dag.py:3239} INFO - Sync 1 DAGs
[2025-03-21T21:03:59.528+0000] {logging_mixin.py:190} INFO - [2025-03-21T21:03:59.527+0000] {dag.py:4180} INFO - Setting next_dagrun for tutorial_dag to None, run_after=None
[2025-03-21T21:03:59.551+0000] {processor.py:208} INFO - Processing /home/usmail/sys_fraud/sys_detection_frauds/lib/python3.12/site-packages/airflow/example_dags/tutorial_dag.py took 0.151 seconds
[2025-03-21T21:04:57.364+0000] {processor.py:186} INFO - Started process (PID=3734719) to work on /home/usmail/sys_fraud/sys_detection_frauds/lib/python3.12/site-packages/airflow/example_dags/tutorial_dag.py
[2025-03-21T21:04:57.365+0000] {processor.py:914} INFO - Processing file /home/usmail/sys_fraud/sys_detection_frauds/lib/python3.12/site-packages/airflow/example_dags/tutorial_dag.py for tasks to queue
[2025-03-21T21:04:57.368+0000] {logging_mixin.py:190} INFO - [2025-03-21T21:04:57.367+0000] {dagbag.py:588} INFO - Filling up the DagBag from /home/usmail/sys_fraud/sys_detection_frauds/lib/python3.12/site-packages/airflow/example_dags/tutorial_dag.py
[2025-03-21T21:04:57.374+0000] {processor.py:925} INFO - DAG(s) 'tutorial_dag' retrieved from /home/usmail/sys_fraud/sys_detection_frauds/lib/python3.12/site-packages/airflow/example_dags/tutorial_dag.py
[2025-03-21T21:04:57.382+0000] {logging_mixin.py:190} INFO - [2025-03-21T21:04:57.382+0000] {dag.py:3239} INFO - Sync 1 DAGs
[2025-03-21T21:04:57.392+0000] {logging_mixin.py:190} INFO - [2025-03-21T21:04:57.392+0000] {dag.py:4180} INFO - Setting next_dagrun for tutorial_dag to None, run_after=None
[2025-03-21T21:04:57.410+0000] {processor.py:208} INFO - Processing /home/usmail/sys_fraud/sys_detection_frauds/lib/python3.12/site-packages/airflow/example_dags/tutorial_dag.py took 0.050 seconds
[2025-03-21T21:05:49.486+0000] {processor.py:186} INFO - Started process (PID=3735562) to work on /home/usmail/sys_fraud/sys_detection_frauds/lib/python3.12/site-packages/airflow/example_dags/tutorial_dag.py
[2025-03-21T21:05:49.496+0000] {processor.py:914} INFO - Processing file /home/usmail/sys_fraud/sys_detection_frauds/lib/python3.12/site-packages/airflow/example_dags/tutorial_dag.py for tasks to queue
[2025-03-21T21:05:49.502+0000] {logging_mixin.py:190} INFO - [2025-03-21T21:05:49.498+0000] {dagbag.py:588} INFO - Filling up the DagBag from /home/usmail/sys_fraud/sys_detection_frauds/lib/python3.12/site-packages/airflow/example_dags/tutorial_dag.py
[2025-03-21T21:05:49.507+0000] {processor.py:925} INFO - DAG(s) 'tutorial_dag' retrieved from /home/usmail/sys_fraud/sys_detection_frauds/lib/python3.12/site-packages/airflow/example_dags/tutorial_dag.py
[2025-03-21T21:05:49.521+0000] {logging_mixin.py:190} INFO - [2025-03-21T21:05:49.520+0000] {dag.py:3239} INFO - Sync 1 DAGs
[2025-03-21T21:05:49.528+0000] {logging_mixin.py:190} INFO - [2025-03-21T21:05:49.528+0000] {dag.py:4180} INFO - Setting next_dagrun for tutorial_dag to None, run_after=None
[2025-03-21T21:05:49.541+0000] {processor.py:208} INFO - Processing /home/usmail/sys_fraud/sys_detection_frauds/lib/python3.12/site-packages/airflow/example_dags/tutorial_dag.py took 0.065 seconds
[2025-03-21T21:06:43.526+0000] {processor.py:186} INFO - Started process (PID=3736880) to work on /home/usmail/sys_fraud/sys_detection_frauds/lib/python3.12/site-packages/airflow/example_dags/tutorial_dag.py
[2025-03-21T21:06:43.535+0000] {processor.py:914} INFO - Processing file /home/usmail/sys_fraud/sys_detection_frauds/lib/python3.12/site-packages/airflow/example_dags/tutorial_dag.py for tasks to queue
[2025-03-21T21:06:43.537+0000] {logging_mixin.py:190} INFO - [2025-03-21T21:06:43.537+0000] {dagbag.py:588} INFO - Filling up the DagBag from /home/usmail/sys_fraud/sys_detection_frauds/lib/python3.12/site-packages/airflow/example_dags/tutorial_dag.py
[2025-03-21T21:06:43.545+0000] {processor.py:925} INFO - DAG(s) 'tutorial_dag' retrieved from /home/usmail/sys_fraud/sys_detection_frauds/lib/python3.12/site-packages/airflow/example_dags/tutorial_dag.py
[2025-03-21T21:06:43.553+0000] {logging_mixin.py:190} INFO - [2025-03-21T21:06:43.553+0000] {dag.py:3239} INFO - Sync 1 DAGs
[2025-03-21T21:06:43.561+0000] {logging_mixin.py:190} INFO - [2025-03-21T21:06:43.560+0000] {dag.py:4180} INFO - Setting next_dagrun for tutorial_dag to None, run_after=None
[2025-03-21T21:06:43.573+0000] {processor.py:208} INFO - Processing /home/usmail/sys_fraud/sys_detection_frauds/lib/python3.12/site-packages/airflow/example_dags/tutorial_dag.py took 0.052 seconds
[2025-03-21T21:07:33.091+0000] {processor.py:186} INFO - Started process (PID=3737511) to work on /home/usmail/sys_fraud/sys_detection_frauds/lib/python3.12/site-packages/airflow/example_dags/tutorial_dag.py
[2025-03-21T21:07:33.100+0000] {processor.py:914} INFO - Processing file /home/usmail/sys_fraud/sys_detection_frauds/lib/python3.12/site-packages/airflow/example_dags/tutorial_dag.py for tasks to queue
[2025-03-21T21:07:33.102+0000] {logging_mixin.py:190} INFO - [2025-03-21T21:07:33.101+0000] {dagbag.py:588} INFO - Filling up the DagBag from /home/usmail/sys_fraud/sys_detection_frauds/lib/python3.12/site-packages/airflow/example_dags/tutorial_dag.py
[2025-03-21T21:07:33.107+0000] {processor.py:925} INFO - DAG(s) 'tutorial_dag' retrieved from /home/usmail/sys_fraud/sys_detection_frauds/lib/python3.12/site-packages/airflow/example_dags/tutorial_dag.py
[2025-03-21T21:07:33.118+0000] {logging_mixin.py:190} INFO - [2025-03-21T21:07:33.118+0000] {dag.py:3239} INFO - Sync 1 DAGs
[2025-03-21T21:07:33.126+0000] {logging_mixin.py:190} INFO - [2025-03-21T21:07:33.125+0000] {dag.py:4180} INFO - Setting next_dagrun for tutorial_dag to None, run_after=None
[2025-03-21T21:07:33.143+0000] {processor.py:208} INFO - Processing /home/usmail/sys_fraud/sys_detection_frauds/lib/python3.12/site-packages/airflow/example_dags/tutorial_dag.py took 0.058 seconds
[2025-03-21T21:08:27.562+0000] {processor.py:186} INFO - Started process (PID=3738224) to work on /home/usmail/sys_fraud/sys_detection_frauds/lib/python3.12/site-packages/airflow/example_dags/tutorial_dag.py
[2025-03-21T21:08:27.571+0000] {processor.py:914} INFO - Processing file /home/usmail/sys_fraud/sys_detection_frauds/lib/python3.12/site-packages/airflow/example_dags/tutorial_dag.py for tasks to queue
[2025-03-21T21:08:27.574+0000] {logging_mixin.py:190} INFO - [2025-03-21T21:08:27.574+0000] {dagbag.py:588} INFO - Filling up the DagBag from /home/usmail/sys_fraud/sys_detection_frauds/lib/python3.12/site-packages/airflow/example_dags/tutorial_dag.py
[2025-03-21T21:08:27.588+0000] {processor.py:925} INFO - DAG(s) 'tutorial_dag' retrieved from /home/usmail/sys_fraud/sys_detection_frauds/lib/python3.12/site-packages/airflow/example_dags/tutorial_dag.py
[2025-03-21T21:08:27.611+0000] {logging_mixin.py:190} INFO - [2025-03-21T21:08:27.611+0000] {dag.py:3239} INFO - Sync 1 DAGs
[2025-03-21T21:08:27.626+0000] {logging_mixin.py:190} INFO - [2025-03-21T21:08:27.626+0000] {dag.py:4180} INFO - Setting next_dagrun for tutorial_dag to None, run_after=None
[2025-03-21T21:08:27.643+0000] {processor.py:208} INFO - Processing /home/usmail/sys_fraud/sys_detection_frauds/lib/python3.12/site-packages/airflow/example_dags/tutorial_dag.py took 0.094 seconds
[2025-03-21T21:09:25.132+0000] {processor.py:186} INFO - Started process (PID=3739068) to work on /home/usmail/sys_fraud/sys_detection_frauds/lib/python3.12/site-packages/airflow/example_dags/tutorial_dag.py
[2025-03-21T21:09:25.141+0000] {processor.py:914} INFO - Processing file /home/usmail/sys_fraud/sys_detection_frauds/lib/python3.12/site-packages/airflow/example_dags/tutorial_dag.py for tasks to queue
[2025-03-21T21:09:25.142+0000] {logging_mixin.py:190} INFO - [2025-03-21T21:09:25.142+0000] {dagbag.py:588} INFO - Filling up the DagBag from /home/usmail/sys_fraud/sys_detection_frauds/lib/python3.12/site-packages/airflow/example_dags/tutorial_dag.py
[2025-03-21T21:09:25.149+0000] {processor.py:925} INFO - DAG(s) 'tutorial_dag' retrieved from /home/usmail/sys_fraud/sys_detection_frauds/lib/python3.12/site-packages/airflow/example_dags/tutorial_dag.py
[2025-03-21T21:09:25.161+0000] {logging_mixin.py:190} INFO - [2025-03-21T21:09:25.160+0000] {dag.py:3239} INFO - Sync 1 DAGs
[2025-03-21T21:09:25.174+0000] {logging_mixin.py:190} INFO - [2025-03-21T21:09:25.173+0000] {dag.py:4180} INFO - Setting next_dagrun for tutorial_dag to None, run_after=None
[2025-03-21T21:09:25.193+0000] {processor.py:208} INFO - Processing /home/usmail/sys_fraud/sys_detection_frauds/lib/python3.12/site-packages/airflow/example_dags/tutorial_dag.py took 0.068 seconds
[2025-03-21T21:10:20.304+0000] {processor.py:186} INFO - Started process (PID=3739697) to work on /home/usmail/sys_fraud/sys_detection_frauds/lib/python3.12/site-packages/airflow/example_dags/tutorial_dag.py
[2025-03-21T21:10:20.313+0000] {processor.py:914} INFO - Processing file /home/usmail/sys_fraud/sys_detection_frauds/lib/python3.12/site-packages/airflow/example_dags/tutorial_dag.py for tasks to queue
[2025-03-21T21:10:20.317+0000] {logging_mixin.py:190} INFO - [2025-03-21T21:10:20.316+0000] {dagbag.py:588} INFO - Filling up the DagBag from /home/usmail/sys_fraud/sys_detection_frauds/lib/python3.12/site-packages/airflow/example_dags/tutorial_dag.py
[2025-03-21T21:10:20.329+0000] {processor.py:925} INFO - DAG(s) 'tutorial_dag' retrieved from /home/usmail/sys_fraud/sys_detection_frauds/lib/python3.12/site-packages/airflow/example_dags/tutorial_dag.py
[2025-03-21T21:10:20.351+0000] {logging_mixin.py:190} INFO - [2025-03-21T21:10:20.351+0000] {dag.py:3239} INFO - Sync 1 DAGs
[2025-03-21T21:10:20.369+0000] {logging_mixin.py:190} INFO - [2025-03-21T21:10:20.369+0000] {dag.py:4180} INFO - Setting next_dagrun for tutorial_dag to None, run_after=None
[2025-03-21T21:10:20.405+0000] {processor.py:208} INFO - Processing /home/usmail/sys_fraud/sys_detection_frauds/lib/python3.12/site-packages/airflow/example_dags/tutorial_dag.py took 0.113 seconds
[2025-03-21T21:11:18.995+0000] {processor.py:186} INFO - Started process (PID=3741472) to work on /home/usmail/sys_fraud/sys_detection_frauds/lib/python3.12/site-packages/airflow/example_dags/tutorial_dag.py
[2025-03-21T21:11:18.996+0000] {processor.py:914} INFO - Processing file /home/usmail/sys_fraud/sys_detection_frauds/lib/python3.12/site-packages/airflow/example_dags/tutorial_dag.py for tasks to queue
[2025-03-21T21:11:18.998+0000] {logging_mixin.py:190} INFO - [2025-03-21T21:11:18.997+0000] {dagbag.py:588} INFO - Filling up the DagBag from /home/usmail/sys_fraud/sys_detection_frauds/lib/python3.12/site-packages/airflow/example_dags/tutorial_dag.py
[2025-03-21T21:11:19.004+0000] {processor.py:925} INFO - DAG(s) 'tutorial_dag' retrieved from /home/usmail/sys_fraud/sys_detection_frauds/lib/python3.12/site-packages/airflow/example_dags/tutorial_dag.py
[2025-03-21T21:11:19.015+0000] {logging_mixin.py:190} INFO - [2025-03-21T21:11:19.015+0000] {dag.py:3239} INFO - Sync 1 DAGs
[2025-03-21T21:11:19.028+0000] {logging_mixin.py:190} INFO - [2025-03-21T21:11:19.028+0000] {dag.py:4180} INFO - Setting next_dagrun for tutorial_dag to None, run_after=None
[2025-03-21T21:11:19.047+0000] {processor.py:208} INFO - Processing /home/usmail/sys_fraud/sys_detection_frauds/lib/python3.12/site-packages/airflow/example_dags/tutorial_dag.py took 0.058 seconds
[2025-03-21T21:12:15.438+0000] {processor.py:186} INFO - Started process (PID=3742599) to work on /home/usmail/sys_fraud/sys_detection_frauds/lib/python3.12/site-packages/airflow/example_dags/tutorial_dag.py
[2025-03-21T21:12:15.447+0000] {processor.py:914} INFO - Processing file /home/usmail/sys_fraud/sys_detection_frauds/lib/python3.12/site-packages/airflow/example_dags/tutorial_dag.py for tasks to queue
[2025-03-21T21:12:15.448+0000] {logging_mixin.py:190} INFO - [2025-03-21T21:12:15.448+0000] {dagbag.py:588} INFO - Filling up the DagBag from /home/usmail/sys_fraud/sys_detection_frauds/lib/python3.12/site-packages/airflow/example_dags/tutorial_dag.py
[2025-03-21T21:12:15.454+0000] {processor.py:925} INFO - DAG(s) 'tutorial_dag' retrieved from /home/usmail/sys_fraud/sys_detection_frauds/lib/python3.12/site-packages/airflow/example_dags/tutorial_dag.py
[2025-03-21T21:12:15.465+0000] {logging_mixin.py:190} INFO - [2025-03-21T21:12:15.465+0000] {dag.py:3239} INFO - Sync 1 DAGs
[2025-03-21T21:12:15.475+0000] {logging_mixin.py:190} INFO - [2025-03-21T21:12:15.475+0000] {dag.py:4180} INFO - Setting next_dagrun for tutorial_dag to None, run_after=None
[2025-03-21T21:12:15.493+0000] {processor.py:208} INFO - Processing /home/usmail/sys_fraud/sys_detection_frauds/lib/python3.12/site-packages/airflow/example_dags/tutorial_dag.py took 0.061 seconds
[2025-03-21T21:13:07.312+0000] {processor.py:186} INFO - Started process (PID=3743542) to work on /home/usmail/sys_fraud/sys_detection_frauds/lib/python3.12/site-packages/airflow/example_dags/tutorial_dag.py
[2025-03-21T21:13:07.320+0000] {processor.py:914} INFO - Processing file /home/usmail/sys_fraud/sys_detection_frauds/lib/python3.12/site-packages/airflow/example_dags/tutorial_dag.py for tasks to queue
[2025-03-21T21:13:07.322+0000] {logging_mixin.py:190} INFO - [2025-03-21T21:13:07.322+0000] {dagbag.py:588} INFO - Filling up the DagBag from /home/usmail/sys_fraud/sys_detection_frauds/lib/python3.12/site-packages/airflow/example_dags/tutorial_dag.py
[2025-03-21T21:13:07.328+0000] {processor.py:925} INFO - DAG(s) 'tutorial_dag' retrieved from /home/usmail/sys_fraud/sys_detection_frauds/lib/python3.12/site-packages/airflow/example_dags/tutorial_dag.py
[2025-03-21T21:13:07.339+0000] {logging_mixin.py:190} INFO - [2025-03-21T21:13:07.339+0000] {dag.py:3239} INFO - Sync 1 DAGs
[2025-03-21T21:13:07.349+0000] {logging_mixin.py:190} INFO - [2025-03-21T21:13:07.348+0000] {dag.py:4180} INFO - Setting next_dagrun for tutorial_dag to None, run_after=None
[2025-03-21T21:13:07.365+0000] {processor.py:208} INFO - Processing /home/usmail/sys_fraud/sys_detection_frauds/lib/python3.12/site-packages/airflow/example_dags/tutorial_dag.py took 0.059 seconds
[2025-03-21T21:13:56.913+0000] {processor.py:186} INFO - Started process (PID=3744438) to work on /home/usmail/sys_fraud/sys_detection_frauds/lib/python3.12/site-packages/airflow/example_dags/tutorial_dag.py
[2025-03-21T21:13:56.913+0000] {processor.py:914} INFO - Processing file /home/usmail/sys_fraud/sys_detection_frauds/lib/python3.12/site-packages/airflow/example_dags/tutorial_dag.py for tasks to queue
[2025-03-21T21:13:56.915+0000] {logging_mixin.py:190} INFO - [2025-03-21T21:13:56.915+0000] {dagbag.py:588} INFO - Filling up the DagBag from /home/usmail/sys_fraud/sys_detection_frauds/lib/python3.12/site-packages/airflow/example_dags/tutorial_dag.py
[2025-03-21T21:13:56.920+0000] {processor.py:925} INFO - DAG(s) 'tutorial_dag' retrieved from /home/usmail/sys_fraud/sys_detection_frauds/lib/python3.12/site-packages/airflow/example_dags/tutorial_dag.py
[2025-03-21T21:13:56.932+0000] {logging_mixin.py:190} INFO - [2025-03-21T21:13:56.931+0000] {dag.py:3239} INFO - Sync 1 DAGs
[2025-03-21T21:13:56.941+0000] {logging_mixin.py:190} INFO - [2025-03-21T21:13:56.941+0000] {dag.py:4180} INFO - Setting next_dagrun for tutorial_dag to None, run_after=None
[2025-03-21T21:13:56.958+0000] {processor.py:208} INFO - Processing /home/usmail/sys_fraud/sys_detection_frauds/lib/python3.12/site-packages/airflow/example_dags/tutorial_dag.py took 0.051 seconds
[2025-03-21T21:14:55.353+0000] {processor.py:186} INFO - Started process (PID=3745200) to work on /home/usmail/sys_fraud/sys_detection_frauds/lib/python3.12/site-packages/airflow/example_dags/tutorial_dag.py
[2025-03-21T21:14:55.362+0000] {processor.py:914} INFO - Processing file /home/usmail/sys_fraud/sys_detection_frauds/lib/python3.12/site-packages/airflow/example_dags/tutorial_dag.py for tasks to queue
[2025-03-21T21:14:55.366+0000] {logging_mixin.py:190} INFO - [2025-03-21T21:14:55.365+0000] {dagbag.py:588} INFO - Filling up the DagBag from /home/usmail/sys_fraud/sys_detection_frauds/lib/python3.12/site-packages/airflow/example_dags/tutorial_dag.py
[2025-03-21T21:14:55.378+0000] {processor.py:925} INFO - DAG(s) 'tutorial_dag' retrieved from /home/usmail/sys_fraud/sys_detection_frauds/lib/python3.12/site-packages/airflow/example_dags/tutorial_dag.py
[2025-03-21T21:14:55.401+0000] {logging_mixin.py:190} INFO - [2025-03-21T21:14:55.400+0000] {dag.py:3239} INFO - Sync 1 DAGs
[2025-03-21T21:14:55.419+0000] {logging_mixin.py:190} INFO - [2025-03-21T21:14:55.419+0000] {dag.py:4180} INFO - Setting next_dagrun for tutorial_dag to None, run_after=None
[2025-03-21T21:14:55.448+0000] {processor.py:208} INFO - Processing /home/usmail/sys_fraud/sys_detection_frauds/lib/python3.12/site-packages/airflow/example_dags/tutorial_dag.py took 0.107 seconds
[2025-03-21T21:15:54.469+0000] {processor.py:186} INFO - Started process (PID=3745954) to work on /home/usmail/sys_fraud/sys_detection_frauds/lib/python3.12/site-packages/airflow/example_dags/tutorial_dag.py
[2025-03-21T21:15:54.478+0000] {processor.py:914} INFO - Processing file /home/usmail/sys_fraud/sys_detection_frauds/lib/python3.12/site-packages/airflow/example_dags/tutorial_dag.py for tasks to queue
[2025-03-21T21:15:54.481+0000] {logging_mixin.py:190} INFO - [2025-03-21T21:15:54.480+0000] {dagbag.py:588} INFO - Filling up the DagBag from /home/usmail/sys_fraud/sys_detection_frauds/lib/python3.12/site-packages/airflow/example_dags/tutorial_dag.py
[2025-03-21T21:15:54.492+0000] {processor.py:925} INFO - DAG(s) 'tutorial_dag' retrieved from /home/usmail/sys_fraud/sys_detection_frauds/lib/python3.12/site-packages/airflow/example_dags/tutorial_dag.py
[2025-03-21T21:15:54.514+0000] {logging_mixin.py:190} INFO - [2025-03-21T21:15:54.514+0000] {dag.py:3239} INFO - Sync 1 DAGs
[2025-03-21T21:15:54.533+0000] {logging_mixin.py:190} INFO - [2025-03-21T21:15:54.532+0000] {dag.py:4180} INFO - Setting next_dagrun for tutorial_dag to None, run_after=None
[2025-03-21T21:15:54.565+0000] {processor.py:208} INFO - Processing /home/usmail/sys_fraud/sys_detection_frauds/lib/python3.12/site-packages/airflow/example_dags/tutorial_dag.py took 0.108 seconds
[2025-03-21T21:16:57.155+0000] {processor.py:186} INFO - Started process (PID=3746722) to work on /home/usmail/sys_fraud/sys_detection_frauds/lib/python3.12/site-packages/airflow/example_dags/tutorial_dag.py
[2025-03-21T21:16:57.156+0000] {processor.py:914} INFO - Processing file /home/usmail/sys_fraud/sys_detection_frauds/lib/python3.12/site-packages/airflow/example_dags/tutorial_dag.py for tasks to queue
[2025-03-21T21:16:57.159+0000] {logging_mixin.py:190} INFO - [2025-03-21T21:16:57.159+0000] {dagbag.py:588} INFO - Filling up the DagBag from /home/usmail/sys_fraud/sys_detection_frauds/lib/python3.12/site-packages/airflow/example_dags/tutorial_dag.py
[2025-03-21T21:16:57.174+0000] {processor.py:925} INFO - DAG(s) 'tutorial_dag' retrieved from /home/usmail/sys_fraud/sys_detection_frauds/lib/python3.12/site-packages/airflow/example_dags/tutorial_dag.py
[2025-03-21T21:16:57.197+0000] {logging_mixin.py:190} INFO - [2025-03-21T21:16:57.196+0000] {dag.py:3239} INFO - Sync 1 DAGs
[2025-03-21T21:16:57.213+0000] {logging_mixin.py:190} INFO - [2025-03-21T21:16:57.212+0000] {dag.py:4180} INFO - Setting next_dagrun for tutorial_dag to None, run_after=None
[2025-03-21T21:16:57.230+0000] {processor.py:208} INFO - Processing /home/usmail/sys_fraud/sys_detection_frauds/lib/python3.12/site-packages/airflow/example_dags/tutorial_dag.py took 0.087 seconds
[2025-03-21T21:17:59.877+0000] {processor.py:186} INFO - Started process (PID=3747529) to work on /home/usmail/sys_fraud/sys_detection_frauds/lib/python3.12/site-packages/airflow/example_dags/tutorial_dag.py
[2025-03-21T21:17:59.886+0000] {processor.py:914} INFO - Processing file /home/usmail/sys_fraud/sys_detection_frauds/lib/python3.12/site-packages/airflow/example_dags/tutorial_dag.py for tasks to queue
[2025-03-21T21:17:59.889+0000] {logging_mixin.py:190} INFO - [2025-03-21T21:17:59.888+0000] {dagbag.py:588} INFO - Filling up the DagBag from /home/usmail/sys_fraud/sys_detection_frauds/lib/python3.12/site-packages/airflow/example_dags/tutorial_dag.py
[2025-03-21T21:17:59.901+0000] {processor.py:925} INFO - DAG(s) 'tutorial_dag' retrieved from /home/usmail/sys_fraud/sys_detection_frauds/lib/python3.12/site-packages/airflow/example_dags/tutorial_dag.py
[2025-03-21T21:17:59.923+0000] {logging_mixin.py:190} INFO - [2025-03-21T21:17:59.922+0000] {dag.py:3239} INFO - Sync 1 DAGs
[2025-03-21T21:17:59.940+0000] {logging_mixin.py:190} INFO - [2025-03-21T21:17:59.940+0000] {dag.py:4180} INFO - Setting next_dagrun for tutorial_dag to None, run_after=None
[2025-03-21T21:17:59.965+0000] {processor.py:208} INFO - Processing /home/usmail/sys_fraud/sys_detection_frauds/lib/python3.12/site-packages/airflow/example_dags/tutorial_dag.py took 0.101 seconds
[2025-03-21T21:19:05.226+0000] {processor.py:186} INFO - Started process (PID=3748300) to work on /home/usmail/sys_fraud/sys_detection_frauds/lib/python3.12/site-packages/airflow/example_dags/tutorial_dag.py
[2025-03-21T21:19:05.235+0000] {processor.py:914} INFO - Processing file /home/usmail/sys_fraud/sys_detection_frauds/lib/python3.12/site-packages/airflow/example_dags/tutorial_dag.py for tasks to queue
[2025-03-21T21:19:05.238+0000] {logging_mixin.py:190} INFO - [2025-03-21T21:19:05.237+0000] {dagbag.py:588} INFO - Filling up the DagBag from /home/usmail/sys_fraud/sys_detection_frauds/lib/python3.12/site-packages/airflow/example_dags/tutorial_dag.py
[2025-03-21T21:19:05.250+0000] {processor.py:925} INFO - DAG(s) 'tutorial_dag' retrieved from /home/usmail/sys_fraud/sys_detection_frauds/lib/python3.12/site-packages/airflow/example_dags/tutorial_dag.py
[2025-03-21T21:19:05.272+0000] {logging_mixin.py:190} INFO - [2025-03-21T21:19:05.271+0000] {dag.py:3239} INFO - Sync 1 DAGs
[2025-03-21T21:19:05.290+0000] {logging_mixin.py:190} INFO - [2025-03-21T21:19:05.290+0000] {dag.py:4180} INFO - Setting next_dagrun for tutorial_dag to None, run_after=None
[2025-03-21T21:19:05.309+0000] {processor.py:208} INFO - Processing /home/usmail/sys_fraud/sys_detection_frauds/lib/python3.12/site-packages/airflow/example_dags/tutorial_dag.py took 0.095 seconds
[2025-03-21T21:20:08.869+0000] {processor.py:186} INFO - Started process (PID=3749085) to work on /home/usmail/sys_fraud/sys_detection_frauds/lib/python3.12/site-packages/airflow/example_dags/tutorial_dag.py
[2025-03-21T21:20:08.871+0000] {processor.py:914} INFO - Processing file /home/usmail/sys_fraud/sys_detection_frauds/lib/python3.12/site-packages/airflow/example_dags/tutorial_dag.py for tasks to queue
[2025-03-21T21:20:08.874+0000] {logging_mixin.py:190} INFO - [2025-03-21T21:20:08.873+0000] {dagbag.py:588} INFO - Filling up the DagBag from /home/usmail/sys_fraud/sys_detection_frauds/lib/python3.12/site-packages/airflow/example_dags/tutorial_dag.py
[2025-03-21T21:20:08.885+0000] {processor.py:925} INFO - DAG(s) 'tutorial_dag' retrieved from /home/usmail/sys_fraud/sys_detection_frauds/lib/python3.12/site-packages/airflow/example_dags/tutorial_dag.py
[2025-03-21T21:20:08.908+0000] {logging_mixin.py:190} INFO - [2025-03-21T21:20:08.907+0000] {dag.py:3239} INFO - Sync 1 DAGs
[2025-03-21T21:20:08.925+0000] {logging_mixin.py:190} INFO - [2025-03-21T21:20:08.924+0000] {dag.py:4180} INFO - Setting next_dagrun for tutorial_dag to None, run_after=None
[2025-03-21T21:20:08.942+0000] {processor.py:208} INFO - Processing /home/usmail/sys_fraud/sys_detection_frauds/lib/python3.12/site-packages/airflow/example_dags/tutorial_dag.py took 0.085 seconds
[2025-03-21T21:21:12.397+0000] {processor.py:186} INFO - Started process (PID=3749856) to work on /home/usmail/sys_fraud/sys_detection_frauds/lib/python3.12/site-packages/airflow/example_dags/tutorial_dag.py
[2025-03-21T21:21:12.406+0000] {processor.py:914} INFO - Processing file /home/usmail/sys_fraud/sys_detection_frauds/lib/python3.12/site-packages/airflow/example_dags/tutorial_dag.py for tasks to queue
[2025-03-21T21:21:12.410+0000] {logging_mixin.py:190} INFO - [2025-03-21T21:21:12.409+0000] {dagbag.py:588} INFO - Filling up the DagBag from /home/usmail/sys_fraud/sys_detection_frauds/lib/python3.12/site-packages/airflow/example_dags/tutorial_dag.py
[2025-03-21T21:21:12.421+0000] {processor.py:925} INFO - DAG(s) 'tutorial_dag' retrieved from /home/usmail/sys_fraud/sys_detection_frauds/lib/python3.12/site-packages/airflow/example_dags/tutorial_dag.py
[2025-03-21T21:21:12.438+0000] {logging_mixin.py:190} INFO - [2025-03-21T21:21:12.437+0000] {dag.py:3239} INFO - Sync 1 DAGs
[2025-03-21T21:21:12.448+0000] {logging_mixin.py:190} INFO - [2025-03-21T21:21:12.448+0000] {dag.py:4180} INFO - Setting next_dagrun for tutorial_dag to None, run_after=None
[2025-03-21T21:21:12.465+0000] {processor.py:208} INFO - Processing /home/usmail/sys_fraud/sys_detection_frauds/lib/python3.12/site-packages/airflow/example_dags/tutorial_dag.py took 0.076 seconds
[2025-03-21T21:22:19.994+0000] {processor.py:186} INFO - Started process (PID=3750697) to work on /home/usmail/sys_fraud/sys_detection_frauds/lib/python3.12/site-packages/airflow/example_dags/tutorial_dag.py
[2025-03-21T21:22:20.003+0000] {processor.py:914} INFO - Processing file /home/usmail/sys_fraud/sys_detection_frauds/lib/python3.12/site-packages/airflow/example_dags/tutorial_dag.py for tasks to queue
[2025-03-21T21:22:20.006+0000] {logging_mixin.py:190} INFO - [2025-03-21T21:22:20.005+0000] {dagbag.py:588} INFO - Filling up the DagBag from /home/usmail/sys_fraud/sys_detection_frauds/lib/python3.12/site-packages/airflow/example_dags/tutorial_dag.py
[2025-03-21T21:22:20.018+0000] {processor.py:925} INFO - DAG(s) 'tutorial_dag' retrieved from /home/usmail/sys_fraud/sys_detection_frauds/lib/python3.12/site-packages/airflow/example_dags/tutorial_dag.py
[2025-03-21T21:22:20.040+0000] {logging_mixin.py:190} INFO - [2025-03-21T21:22:20.040+0000] {dag.py:3239} INFO - Sync 1 DAGs
[2025-03-21T21:22:20.057+0000] {logging_mixin.py:190} INFO - [2025-03-21T21:22:20.057+0000] {dag.py:4180} INFO - Setting next_dagrun for tutorial_dag to None, run_after=None
[2025-03-21T21:22:20.092+0000] {processor.py:208} INFO - Processing /home/usmail/sys_fraud/sys_detection_frauds/lib/python3.12/site-packages/airflow/example_dags/tutorial_dag.py took 0.110 seconds
[2025-03-21T21:23:23.750+0000] {processor.py:186} INFO - Started process (PID=3751498) to work on /home/usmail/sys_fraud/sys_detection_frauds/lib/python3.12/site-packages/airflow/example_dags/tutorial_dag.py
[2025-03-21T21:23:23.759+0000] {processor.py:914} INFO - Processing file /home/usmail/sys_fraud/sys_detection_frauds/lib/python3.12/site-packages/airflow/example_dags/tutorial_dag.py for tasks to queue
[2025-03-21T21:23:23.762+0000] {logging_mixin.py:190} INFO - [2025-03-21T21:23:23.762+0000] {dagbag.py:588} INFO - Filling up the DagBag from /home/usmail/sys_fraud/sys_detection_frauds/lib/python3.12/site-packages/airflow/example_dags/tutorial_dag.py
[2025-03-21T21:23:23.775+0000] {processor.py:925} INFO - DAG(s) 'tutorial_dag' retrieved from /home/usmail/sys_fraud/sys_detection_frauds/lib/python3.12/site-packages/airflow/example_dags/tutorial_dag.py
[2025-03-21T21:23:23.799+0000] {logging_mixin.py:190} INFO - [2025-03-21T21:23:23.799+0000] {dag.py:3239} INFO - Sync 1 DAGs
[2025-03-21T21:23:23.817+0000] {logging_mixin.py:190} INFO - [2025-03-21T21:23:23.817+0000] {dag.py:4180} INFO - Setting next_dagrun for tutorial_dag to None, run_after=None
[2025-03-21T21:23:23.835+0000] {processor.py:208} INFO - Processing /home/usmail/sys_fraud/sys_detection_frauds/lib/python3.12/site-packages/airflow/example_dags/tutorial_dag.py took 0.097 seconds
[2025-03-21T21:24:26.520+0000] {processor.py:186} INFO - Started process (PID=3752175) to work on /home/usmail/sys_fraud/sys_detection_frauds/lib/python3.12/site-packages/airflow/example_dags/tutorial_dag.py
[2025-03-21T21:24:26.521+0000] {processor.py:914} INFO - Processing file /home/usmail/sys_fraud/sys_detection_frauds/lib/python3.12/site-packages/airflow/example_dags/tutorial_dag.py for tasks to queue
[2025-03-21T21:24:26.525+0000] {logging_mixin.py:190} INFO - [2025-03-21T21:24:26.524+0000] {dagbag.py:588} INFO - Filling up the DagBag from /home/usmail/sys_fraud/sys_detection_frauds/lib/python3.12/site-packages/airflow/example_dags/tutorial_dag.py
[2025-03-21T21:24:26.536+0000] {processor.py:925} INFO - DAG(s) 'tutorial_dag' retrieved from /home/usmail/sys_fraud/sys_detection_frauds/lib/python3.12/site-packages/airflow/example_dags/tutorial_dag.py
[2025-03-21T21:24:26.559+0000] {logging_mixin.py:190} INFO - [2025-03-21T21:24:26.558+0000] {dag.py:3239} INFO - Sync 1 DAGs
[2025-03-21T21:24:26.576+0000] {logging_mixin.py:190} INFO - [2025-03-21T21:24:26.575+0000] {dag.py:4180} INFO - Setting next_dagrun for tutorial_dag to None, run_after=None
[2025-03-21T21:24:26.593+0000] {processor.py:208} INFO - Processing /home/usmail/sys_fraud/sys_detection_frauds/lib/python3.12/site-packages/airflow/example_dags/tutorial_dag.py took 0.086 seconds
[2025-03-21T21:25:28.442+0000] {processor.py:186} INFO - Started process (PID=3752861) to work on /home/usmail/sys_fraud/sys_detection_frauds/lib/python3.12/site-packages/airflow/example_dags/tutorial_dag.py
[2025-03-21T21:25:28.451+0000] {processor.py:914} INFO - Processing file /home/usmail/sys_fraud/sys_detection_frauds/lib/python3.12/site-packages/airflow/example_dags/tutorial_dag.py for tasks to queue
[2025-03-21T21:25:28.455+0000] {logging_mixin.py:190} INFO - [2025-03-21T21:25:28.454+0000] {dagbag.py:588} INFO - Filling up the DagBag from /home/usmail/sys_fraud/sys_detection_frauds/lib/python3.12/site-packages/airflow/example_dags/tutorial_dag.py
[2025-03-21T21:25:28.466+0000] {processor.py:925} INFO - DAG(s) 'tutorial_dag' retrieved from /home/usmail/sys_fraud/sys_detection_frauds/lib/python3.12/site-packages/airflow/example_dags/tutorial_dag.py
[2025-03-21T21:25:28.487+0000] {logging_mixin.py:190} INFO - [2025-03-21T21:25:28.487+0000] {dag.py:3239} INFO - Sync 1 DAGs
[2025-03-21T21:25:28.506+0000] {logging_mixin.py:190} INFO - [2025-03-21T21:25:28.506+0000] {dag.py:4180} INFO - Setting next_dagrun for tutorial_dag to None, run_after=None
[2025-03-21T21:25:28.529+0000] {processor.py:208} INFO - Processing /home/usmail/sys_fraud/sys_detection_frauds/lib/python3.12/site-packages/airflow/example_dags/tutorial_dag.py took 0.099 seconds
[2025-03-21T21:26:33.517+0000] {processor.py:186} INFO - Started process (PID=3753530) to work on /home/usmail/sys_fraud/sys_detection_frauds/lib/python3.12/site-packages/airflow/example_dags/tutorial_dag.py
[2025-03-21T21:26:33.527+0000] {processor.py:914} INFO - Processing file /home/usmail/sys_fraud/sys_detection_frauds/lib/python3.12/site-packages/airflow/example_dags/tutorial_dag.py for tasks to queue
[2025-03-21T21:26:33.530+0000] {logging_mixin.py:190} INFO - [2025-03-21T21:26:33.529+0000] {dagbag.py:588} INFO - Filling up the DagBag from /home/usmail/sys_fraud/sys_detection_frauds/lib/python3.12/site-packages/airflow/example_dags/tutorial_dag.py
[2025-03-21T21:26:33.541+0000] {processor.py:925} INFO - DAG(s) 'tutorial_dag' retrieved from /home/usmail/sys_fraud/sys_detection_frauds/lib/python3.12/site-packages/airflow/example_dags/tutorial_dag.py
[2025-03-21T21:26:33.560+0000] {logging_mixin.py:190} INFO - [2025-03-21T21:26:33.560+0000] {dag.py:3239} INFO - Sync 1 DAGs
[2025-03-21T21:26:33.570+0000] {logging_mixin.py:190} INFO - [2025-03-21T21:26:33.570+0000] {dag.py:4180} INFO - Setting next_dagrun for tutorial_dag to None, run_after=None
[2025-03-21T21:26:33.608+0000] {processor.py:208} INFO - Processing /home/usmail/sys_fraud/sys_detection_frauds/lib/python3.12/site-packages/airflow/example_dags/tutorial_dag.py took 0.104 seconds
[2025-03-21T21:27:35.714+0000] {processor.py:186} INFO - Started process (PID=3754182) to work on /home/usmail/sys_fraud/sys_detection_frauds/lib/python3.12/site-packages/airflow/example_dags/tutorial_dag.py
[2025-03-21T21:27:35.723+0000] {processor.py:914} INFO - Processing file /home/usmail/sys_fraud/sys_detection_frauds/lib/python3.12/site-packages/airflow/example_dags/tutorial_dag.py for tasks to queue
[2025-03-21T21:27:35.726+0000] {logging_mixin.py:190} INFO - [2025-03-21T21:27:35.725+0000] {dagbag.py:588} INFO - Filling up the DagBag from /home/usmail/sys_fraud/sys_detection_frauds/lib/python3.12/site-packages/airflow/example_dags/tutorial_dag.py
[2025-03-21T21:27:35.738+0000] {processor.py:925} INFO - DAG(s) 'tutorial_dag' retrieved from /home/usmail/sys_fraud/sys_detection_frauds/lib/python3.12/site-packages/airflow/example_dags/tutorial_dag.py
[2025-03-21T21:27:35.759+0000] {logging_mixin.py:190} INFO - [2025-03-21T21:27:35.759+0000] {dag.py:3239} INFO - Sync 1 DAGs
[2025-03-21T21:27:35.776+0000] {logging_mixin.py:190} INFO - [2025-03-21T21:27:35.776+0000] {dag.py:4180} INFO - Setting next_dagrun for tutorial_dag to None, run_after=None
[2025-03-21T21:27:35.807+0000] {processor.py:208} INFO - Processing /home/usmail/sys_fraud/sys_detection_frauds/lib/python3.12/site-packages/airflow/example_dags/tutorial_dag.py took 0.105 seconds
[2025-03-21T21:28:36.465+0000] {processor.py:186} INFO - Started process (PID=3754809) to work on /home/usmail/sys_fraud/sys_detection_frauds/lib/python3.12/site-packages/airflow/example_dags/tutorial_dag.py
[2025-03-21T21:28:36.474+0000] {processor.py:914} INFO - Processing file /home/usmail/sys_fraud/sys_detection_frauds/lib/python3.12/site-packages/airflow/example_dags/tutorial_dag.py for tasks to queue
[2025-03-21T21:28:36.477+0000] {logging_mixin.py:190} INFO - [2025-03-21T21:28:36.477+0000] {dagbag.py:588} INFO - Filling up the DagBag from /home/usmail/sys_fraud/sys_detection_frauds/lib/python3.12/site-packages/airflow/example_dags/tutorial_dag.py
[2025-03-21T21:28:36.488+0000] {processor.py:925} INFO - DAG(s) 'tutorial_dag' retrieved from /home/usmail/sys_fraud/sys_detection_frauds/lib/python3.12/site-packages/airflow/example_dags/tutorial_dag.py
[2025-03-21T21:28:36.511+0000] {logging_mixin.py:190} INFO - [2025-03-21T21:28:36.511+0000] {dag.py:3239} INFO - Sync 1 DAGs
[2025-03-21T21:28:36.530+0000] {logging_mixin.py:190} INFO - [2025-03-21T21:28:36.529+0000] {dag.py:4180} INFO - Setting next_dagrun for tutorial_dag to None, run_after=None
[2025-03-21T21:28:36.550+0000] {processor.py:208} INFO - Processing /home/usmail/sys_fraud/sys_detection_frauds/lib/python3.12/site-packages/airflow/example_dags/tutorial_dag.py took 0.095 seconds
[2025-03-21T21:29:39.309+0000] {processor.py:186} INFO - Started process (PID=3755473) to work on /home/usmail/sys_fraud/sys_detection_frauds/lib/python3.12/site-packages/airflow/example_dags/tutorial_dag.py
[2025-03-21T21:29:39.318+0000] {processor.py:914} INFO - Processing file /home/usmail/sys_fraud/sys_detection_frauds/lib/python3.12/site-packages/airflow/example_dags/tutorial_dag.py for tasks to queue
[2025-03-21T21:29:39.321+0000] {logging_mixin.py:190} INFO - [2025-03-21T21:29:39.320+0000] {dagbag.py:588} INFO - Filling up the DagBag from /home/usmail/sys_fraud/sys_detection_frauds/lib/python3.12/site-packages/airflow/example_dags/tutorial_dag.py
[2025-03-21T21:29:39.332+0000] {processor.py:925} INFO - DAG(s) 'tutorial_dag' retrieved from /home/usmail/sys_fraud/sys_detection_frauds/lib/python3.12/site-packages/airflow/example_dags/tutorial_dag.py
[2025-03-21T21:29:39.355+0000] {logging_mixin.py:190} INFO - [2025-03-21T21:29:39.354+0000] {dag.py:3239} INFO - Sync 1 DAGs
[2025-03-21T21:29:39.372+0000] {logging_mixin.py:190} INFO - [2025-03-21T21:29:39.372+0000] {dag.py:4180} INFO - Setting next_dagrun for tutorial_dag to None, run_after=None
[2025-03-21T21:29:39.390+0000] {processor.py:208} INFO - Processing /home/usmail/sys_fraud/sys_detection_frauds/lib/python3.12/site-packages/airflow/example_dags/tutorial_dag.py took 0.093 seconds
[2025-03-21T21:30:44.901+0000] {processor.py:186} INFO - Started process (PID=3756158) to work on /home/usmail/sys_fraud/sys_detection_frauds/lib/python3.12/site-packages/airflow/example_dags/tutorial_dag.py
[2025-03-21T21:30:44.910+0000] {processor.py:914} INFO - Processing file /home/usmail/sys_fraud/sys_detection_frauds/lib/python3.12/site-packages/airflow/example_dags/tutorial_dag.py for tasks to queue
[2025-03-21T21:30:44.913+0000] {logging_mixin.py:190} INFO - [2025-03-21T21:30:44.913+0000] {dagbag.py:588} INFO - Filling up the DagBag from /home/usmail/sys_fraud/sys_detection_frauds/lib/python3.12/site-packages/airflow/example_dags/tutorial_dag.py
[2025-03-21T21:30:44.925+0000] {processor.py:925} INFO - DAG(s) 'tutorial_dag' retrieved from /home/usmail/sys_fraud/sys_detection_frauds/lib/python3.12/site-packages/airflow/example_dags/tutorial_dag.py
[2025-03-21T21:30:44.947+0000] {logging_mixin.py:190} INFO - [2025-03-21T21:30:44.947+0000] {dag.py:3239} INFO - Sync 1 DAGs
[2025-03-21T21:30:44.965+0000] {logging_mixin.py:190} INFO - [2025-03-21T21:30:44.965+0000] {dag.py:4180} INFO - Setting next_dagrun for tutorial_dag to None, run_after=None
[2025-03-21T21:30:44.986+0000] {processor.py:208} INFO - Processing /home/usmail/sys_fraud/sys_detection_frauds/lib/python3.12/site-packages/airflow/example_dags/tutorial_dag.py took 0.097 seconds
[2025-03-21T21:31:50.552+0000] {processor.py:186} INFO - Started process (PID=3756852) to work on /home/usmail/sys_fraud/sys_detection_frauds/lib/python3.12/site-packages/airflow/example_dags/tutorial_dag.py
[2025-03-21T21:31:50.561+0000] {processor.py:914} INFO - Processing file /home/usmail/sys_fraud/sys_detection_frauds/lib/python3.12/site-packages/airflow/example_dags/tutorial_dag.py for tasks to queue
[2025-03-21T21:31:50.564+0000] {logging_mixin.py:190} INFO - [2025-03-21T21:31:50.563+0000] {dagbag.py:588} INFO - Filling up the DagBag from /home/usmail/sys_fraud/sys_detection_frauds/lib/python3.12/site-packages/airflow/example_dags/tutorial_dag.py
[2025-03-21T21:31:50.575+0000] {processor.py:925} INFO - DAG(s) 'tutorial_dag' retrieved from /home/usmail/sys_fraud/sys_detection_frauds/lib/python3.12/site-packages/airflow/example_dags/tutorial_dag.py
[2025-03-21T21:31:50.597+0000] {logging_mixin.py:190} INFO - [2025-03-21T21:31:50.597+0000] {dag.py:3239} INFO - Sync 1 DAGs
[2025-03-21T21:31:50.616+0000] {logging_mixin.py:190} INFO - [2025-03-21T21:31:50.615+0000] {dag.py:4180} INFO - Setting next_dagrun for tutorial_dag to None, run_after=None
[2025-03-21T21:31:50.652+0000] {processor.py:208} INFO - Processing /home/usmail/sys_fraud/sys_detection_frauds/lib/python3.12/site-packages/airflow/example_dags/tutorial_dag.py took 0.113 seconds
[2025-03-21T21:32:53.849+0000] {processor.py:186} INFO - Started process (PID=3757506) to work on /home/usmail/sys_fraud/sys_detection_frauds/lib/python3.12/site-packages/airflow/example_dags/tutorial_dag.py
[2025-03-21T21:32:53.858+0000] {processor.py:914} INFO - Processing file /home/usmail/sys_fraud/sys_detection_frauds/lib/python3.12/site-packages/airflow/example_dags/tutorial_dag.py for tasks to queue
[2025-03-21T21:32:53.861+0000] {logging_mixin.py:190} INFO - [2025-03-21T21:32:53.860+0000] {dagbag.py:588} INFO - Filling up the DagBag from /home/usmail/sys_fraud/sys_detection_frauds/lib/python3.12/site-packages/airflow/example_dags/tutorial_dag.py
[2025-03-21T21:32:53.872+0000] {processor.py:925} INFO - DAG(s) 'tutorial_dag' retrieved from /home/usmail/sys_fraud/sys_detection_frauds/lib/python3.12/site-packages/airflow/example_dags/tutorial_dag.py
[2025-03-21T21:32:53.893+0000] {logging_mixin.py:190} INFO - [2025-03-21T21:32:53.893+0000] {dag.py:3239} INFO - Sync 1 DAGs
[2025-03-21T21:32:53.905+0000] {logging_mixin.py:190} INFO - [2025-03-21T21:32:53.905+0000] {dag.py:4180} INFO - Setting next_dagrun for tutorial_dag to None, run_after=None
[2025-03-21T21:32:53.944+0000] {processor.py:208} INFO - Processing /home/usmail/sys_fraud/sys_detection_frauds/lib/python3.12/site-packages/airflow/example_dags/tutorial_dag.py took 0.107 seconds
[2025-03-21T22:19:27.573+0000] {processor.py:186} INFO - Started process (PID=3758543) to work on /home/usmail/sys_fraud/sys_detection_frauds/lib/python3.12/site-packages/airflow/example_dags/tutorial_dag.py
[2025-03-21T22:19:27.582+0000] {processor.py:914} INFO - Processing file /home/usmail/sys_fraud/sys_detection_frauds/lib/python3.12/site-packages/airflow/example_dags/tutorial_dag.py for tasks to queue
[2025-03-21T22:19:27.585+0000] {logging_mixin.py:190} INFO - [2025-03-21T22:19:27.584+0000] {dagbag.py:588} INFO - Filling up the DagBag from /home/usmail/sys_fraud/sys_detection_frauds/lib/python3.12/site-packages/airflow/example_dags/tutorial_dag.py
[2025-03-21T22:19:27.596+0000] {processor.py:925} INFO - DAG(s) 'tutorial_dag' retrieved from /home/usmail/sys_fraud/sys_detection_frauds/lib/python3.12/site-packages/airflow/example_dags/tutorial_dag.py
[2025-03-21T22:19:27.618+0000] {logging_mixin.py:190} INFO - [2025-03-21T22:19:27.618+0000] {dag.py:3239} INFO - Sync 1 DAGs
[2025-03-21T22:19:27.636+0000] {logging_mixin.py:190} INFO - [2025-03-21T22:19:27.636+0000] {dag.py:4180} INFO - Setting next_dagrun for tutorial_dag to None, run_after=None
[2025-03-21T22:19:27.664+0000] {processor.py:208} INFO - Processing /home/usmail/sys_fraud/sys_detection_frauds/lib/python3.12/site-packages/airflow/example_dags/tutorial_dag.py took 0.104 seconds
[2025-03-21T22:20:23.647+0000] {processor.py:186} INFO - Started process (PID=3759458) to work on /home/usmail/sys_fraud/sys_detection_frauds/lib/python3.12/site-packages/airflow/example_dags/tutorial_dag.py
[2025-03-21T22:20:23.649+0000] {processor.py:914} INFO - Processing file /home/usmail/sys_fraud/sys_detection_frauds/lib/python3.12/site-packages/airflow/example_dags/tutorial_dag.py for tasks to queue
[2025-03-21T22:20:23.652+0000] {logging_mixin.py:190} INFO - [2025-03-21T22:20:23.651+0000] {dagbag.py:588} INFO - Filling up the DagBag from /home/usmail/sys_fraud/sys_detection_frauds/lib/python3.12/site-packages/airflow/example_dags/tutorial_dag.py
[2025-03-21T22:20:23.664+0000] {processor.py:925} INFO - DAG(s) 'tutorial_dag' retrieved from /home/usmail/sys_fraud/sys_detection_frauds/lib/python3.12/site-packages/airflow/example_dags/tutorial_dag.py
[2025-03-21T22:20:23.688+0000] {logging_mixin.py:190} INFO - [2025-03-21T22:20:23.688+0000] {dag.py:3239} INFO - Sync 1 DAGs
[2025-03-21T22:20:23.704+0000] {logging_mixin.py:190} INFO - [2025-03-21T22:20:23.703+0000] {dag.py:4180} INFO - Setting next_dagrun for tutorial_dag to None, run_after=None
[2025-03-21T22:20:23.730+0000] {processor.py:208} INFO - Processing /home/usmail/sys_fraud/sys_detection_frauds/lib/python3.12/site-packages/airflow/example_dags/tutorial_dag.py took 0.096 seconds
[2025-03-21T22:21:25.999+0000] {processor.py:186} INFO - Started process (PID=3760237) to work on /home/usmail/sys_fraud/sys_detection_frauds/lib/python3.12/site-packages/airflow/example_dags/tutorial_dag.py
[2025-03-21T22:21:26.008+0000] {processor.py:914} INFO - Processing file /home/usmail/sys_fraud/sys_detection_frauds/lib/python3.12/site-packages/airflow/example_dags/tutorial_dag.py for tasks to queue
[2025-03-21T22:21:26.010+0000] {logging_mixin.py:190} INFO - [2025-03-21T22:21:26.010+0000] {dagbag.py:588} INFO - Filling up the DagBag from /home/usmail/sys_fraud/sys_detection_frauds/lib/python3.12/site-packages/airflow/example_dags/tutorial_dag.py
[2025-03-21T22:21:26.023+0000] {processor.py:925} INFO - DAG(s) 'tutorial_dag' retrieved from /home/usmail/sys_fraud/sys_detection_frauds/lib/python3.12/site-packages/airflow/example_dags/tutorial_dag.py
[2025-03-21T22:21:26.046+0000] {logging_mixin.py:190} INFO - [2025-03-21T22:21:26.046+0000] {dag.py:3239} INFO - Sync 1 DAGs
[2025-03-21T22:21:26.064+0000] {logging_mixin.py:190} INFO - [2025-03-21T22:21:26.064+0000] {dag.py:4180} INFO - Setting next_dagrun for tutorial_dag to None, run_after=None
[2025-03-21T22:21:26.100+0000] {processor.py:208} INFO - Processing /home/usmail/sys_fraud/sys_detection_frauds/lib/python3.12/site-packages/airflow/example_dags/tutorial_dag.py took 0.114 seconds
[2025-03-21T22:22:27.052+0000] {processor.py:186} INFO - Started process (PID=3761310) to work on /home/usmail/sys_fraud/sys_detection_frauds/lib/python3.12/site-packages/airflow/example_dags/tutorial_dag.py
[2025-03-21T22:22:27.053+0000] {processor.py:914} INFO - Processing file /home/usmail/sys_fraud/sys_detection_frauds/lib/python3.12/site-packages/airflow/example_dags/tutorial_dag.py for tasks to queue
[2025-03-21T22:22:27.055+0000] {logging_mixin.py:190} INFO - [2025-03-21T22:22:27.054+0000] {dagbag.py:588} INFO - Filling up the DagBag from /home/usmail/sys_fraud/sys_detection_frauds/lib/python3.12/site-packages/airflow/example_dags/tutorial_dag.py
[2025-03-21T22:22:27.064+0000] {processor.py:925} INFO - DAG(s) 'tutorial_dag' retrieved from /home/usmail/sys_fraud/sys_detection_frauds/lib/python3.12/site-packages/airflow/example_dags/tutorial_dag.py
[2025-03-21T22:22:27.079+0000] {logging_mixin.py:190} INFO - [2025-03-21T22:22:27.078+0000] {dag.py:3239} INFO - Sync 1 DAGs
[2025-03-21T22:22:27.092+0000] {logging_mixin.py:190} INFO - [2025-03-21T22:22:27.092+0000] {dag.py:4180} INFO - Setting next_dagrun for tutorial_dag to None, run_after=None
[2025-03-21T22:22:27.118+0000] {processor.py:208} INFO - Processing /home/usmail/sys_fraud/sys_detection_frauds/lib/python3.12/site-packages/airflow/example_dags/tutorial_dag.py took 0.074 seconds
