[2025-03-21T20:49:30.102+0000] {processor.py:186} INFO - Started process (PID=3722880) to work on /home/usmail/sys_fraud/sys_detection_frauds/lib/python3.12/site-packages/airflow/example_dags/tutorial_taskflow_api.py
[2025-03-21T20:49:30.103+0000] {processor.py:914} INFO - Processing file /home/usmail/sys_fraud/sys_detection_frauds/lib/python3.12/site-packages/airflow/example_dags/tutorial_taskflow_api.py for tasks to queue
[2025-03-21T20:49:30.104+0000] {logging_mixin.py:190} INFO - [2025-03-21T20:49:30.103+0000] {dagbag.py:588} INFO - Filling up the DagBag from /home/usmail/sys_fraud/sys_detection_frauds/lib/python3.12/site-packages/airflow/example_dags/tutorial_taskflow_api.py
[2025-03-21T20:49:30.108+0000] {processor.py:925} INFO - DAG(s) 'tutorial_taskflow_api' retrieved from /home/usmail/sys_fraud/sys_detection_frauds/lib/python3.12/site-packages/airflow/example_dags/tutorial_taskflow_api.py
[2025-03-21T20:49:30.182+0000] {logging_mixin.py:190} INFO - [2025-03-21T20:49:30.182+0000] {override.py:1912} INFO - Created Permission View: can edit on DAG:tutorial_taskflow_api
[2025-03-21T20:49:30.189+0000] {logging_mixin.py:190} INFO - [2025-03-21T20:49:30.189+0000] {override.py:1912} INFO - Created Permission View: can read on DAG:tutorial_taskflow_api
[2025-03-21T20:49:30.195+0000] {logging_mixin.py:190} INFO - [2025-03-21T20:49:30.195+0000] {override.py:1912} INFO - Created Permission View: can delete on DAG:tutorial_taskflow_api
[2025-03-21T20:49:30.203+0000] {logging_mixin.py:190} INFO - [2025-03-21T20:49:30.203+0000] {override.py:1912} INFO - Created Permission View: can create on DAG Run:tutorial_taskflow_api
[2025-03-21T20:49:30.208+0000] {logging_mixin.py:190} INFO - [2025-03-21T20:49:30.208+0000] {override.py:1912} INFO - Created Permission View: menu access on DAG Run:tutorial_taskflow_api
[2025-03-21T20:49:30.213+0000] {logging_mixin.py:190} INFO - [2025-03-21T20:49:30.213+0000] {override.py:1912} INFO - Created Permission View: can read on DAG Run:tutorial_taskflow_api
[2025-03-21T20:49:30.219+0000] {logging_mixin.py:190} INFO - [2025-03-21T20:49:30.218+0000] {override.py:1912} INFO - Created Permission View: can delete on DAG Run:tutorial_taskflow_api
[2025-03-21T20:49:30.219+0000] {logging_mixin.py:190} INFO - [2025-03-21T20:49:30.219+0000] {dag.py:3239} INFO - Sync 1 DAGs
[2025-03-21T20:49:30.225+0000] {logging_mixin.py:190} INFO - [2025-03-21T20:49:30.225+0000] {dag.py:3262} INFO - Creating ORM DAG for tutorial_taskflow_api
[2025-03-21T20:49:30.225+0000] {logging_mixin.py:190} INFO - [2025-03-21T20:49:30.225+0000] {dag.py:4180} INFO - Setting next_dagrun for tutorial_taskflow_api to None, run_after=None
[2025-03-21T20:49:30.238+0000] {processor.py:208} INFO - Processing /home/usmail/sys_fraud/sys_detection_frauds/lib/python3.12/site-packages/airflow/example_dags/tutorial_taskflow_api.py took 0.140 seconds
[2025-03-21T20:50:30.250+0000] {processor.py:186} INFO - Started process (PID=3723625) to work on /home/usmail/sys_fraud/sys_detection_frauds/lib/python3.12/site-packages/airflow/example_dags/tutorial_taskflow_api.py
[2025-03-21T20:50:30.258+0000] {processor.py:914} INFO - Processing file /home/usmail/sys_fraud/sys_detection_frauds/lib/python3.12/site-packages/airflow/example_dags/tutorial_taskflow_api.py for tasks to queue
[2025-03-21T20:50:30.259+0000] {logging_mixin.py:190} INFO - [2025-03-21T20:50:30.259+0000] {dagbag.py:588} INFO - Filling up the DagBag from /home/usmail/sys_fraud/sys_detection_frauds/lib/python3.12/site-packages/airflow/example_dags/tutorial_taskflow_api.py
[2025-03-21T20:50:30.264+0000] {processor.py:925} INFO - DAG(s) 'tutorial_taskflow_api' retrieved from /home/usmail/sys_fraud/sys_detection_frauds/lib/python3.12/site-packages/airflow/example_dags/tutorial_taskflow_api.py
[2025-03-21T20:50:30.273+0000] {logging_mixin.py:190} INFO - [2025-03-21T20:50:30.273+0000] {dag.py:3239} INFO - Sync 1 DAGs
[2025-03-21T20:50:30.281+0000] {logging_mixin.py:190} INFO - [2025-03-21T20:50:30.280+0000] {dag.py:4180} INFO - Setting next_dagrun for tutorial_taskflow_api to None, run_after=None
[2025-03-21T20:50:30.299+0000] {processor.py:208} INFO - Processing /home/usmail/sys_fraud/sys_detection_frauds/lib/python3.12/site-packages/airflow/example_dags/tutorial_taskflow_api.py took 0.053 seconds
[2025-03-21T20:51:25.598+0000] {processor.py:186} INFO - Started process (PID=3724306) to work on /home/usmail/sys_fraud/sys_detection_frauds/lib/python3.12/site-packages/airflow/example_dags/tutorial_taskflow_api.py
[2025-03-21T20:51:25.606+0000] {processor.py:914} INFO - Processing file /home/usmail/sys_fraud/sys_detection_frauds/lib/python3.12/site-packages/airflow/example_dags/tutorial_taskflow_api.py for tasks to queue
[2025-03-21T20:51:25.607+0000] {logging_mixin.py:190} INFO - [2025-03-21T20:51:25.607+0000] {dagbag.py:588} INFO - Filling up the DagBag from /home/usmail/sys_fraud/sys_detection_frauds/lib/python3.12/site-packages/airflow/example_dags/tutorial_taskflow_api.py
[2025-03-21T20:51:25.613+0000] {processor.py:925} INFO - DAG(s) 'tutorial_taskflow_api' retrieved from /home/usmail/sys_fraud/sys_detection_frauds/lib/python3.12/site-packages/airflow/example_dags/tutorial_taskflow_api.py
[2025-03-21T20:51:25.623+0000] {logging_mixin.py:190} INFO - [2025-03-21T20:51:25.622+0000] {dag.py:3239} INFO - Sync 1 DAGs
[2025-03-21T20:51:25.632+0000] {logging_mixin.py:190} INFO - [2025-03-21T20:51:25.631+0000] {dag.py:4180} INFO - Setting next_dagrun for tutorial_taskflow_api to None, run_after=None
[2025-03-21T20:51:25.650+0000] {processor.py:208} INFO - Processing /home/usmail/sys_fraud/sys_detection_frauds/lib/python3.12/site-packages/airflow/example_dags/tutorial_taskflow_api.py took 0.057 seconds
[2025-03-21T20:52:16.306+0000] {processor.py:186} INFO - Started process (PID=3724947) to work on /home/usmail/sys_fraud/sys_detection_frauds/lib/python3.12/site-packages/airflow/example_dags/tutorial_taskflow_api.py
[2025-03-21T20:52:16.307+0000] {processor.py:914} INFO - Processing file /home/usmail/sys_fraud/sys_detection_frauds/lib/python3.12/site-packages/airflow/example_dags/tutorial_taskflow_api.py for tasks to queue
[2025-03-21T20:52:16.308+0000] {logging_mixin.py:190} INFO - [2025-03-21T20:52:16.308+0000] {dagbag.py:588} INFO - Filling up the DagBag from /home/usmail/sys_fraud/sys_detection_frauds/lib/python3.12/site-packages/airflow/example_dags/tutorial_taskflow_api.py
[2025-03-21T20:52:16.316+0000] {processor.py:925} INFO - DAG(s) 'tutorial_taskflow_api' retrieved from /home/usmail/sys_fraud/sys_detection_frauds/lib/python3.12/site-packages/airflow/example_dags/tutorial_taskflow_api.py
[2025-03-21T20:52:16.325+0000] {logging_mixin.py:190} INFO - [2025-03-21T20:52:16.325+0000] {dag.py:3239} INFO - Sync 1 DAGs
[2025-03-21T20:52:16.335+0000] {logging_mixin.py:190} INFO - [2025-03-21T20:52:16.335+0000] {dag.py:4180} INFO - Setting next_dagrun for tutorial_taskflow_api to None, run_after=None
[2025-03-21T20:52:16.363+0000] {processor.py:208} INFO - Processing /home/usmail/sys_fraud/sys_detection_frauds/lib/python3.12/site-packages/airflow/example_dags/tutorial_taskflow_api.py took 0.061 seconds
[2025-03-21T20:53:09.203+0000] {processor.py:186} INFO - Started process (PID=3725537) to work on /home/usmail/sys_fraud/sys_detection_frauds/lib/python3.12/site-packages/airflow/example_dags/tutorial_taskflow_api.py
[2025-03-21T20:53:09.212+0000] {processor.py:914} INFO - Processing file /home/usmail/sys_fraud/sys_detection_frauds/lib/python3.12/site-packages/airflow/example_dags/tutorial_taskflow_api.py for tasks to queue
[2025-03-21T20:53:09.216+0000] {logging_mixin.py:190} INFO - [2025-03-21T20:53:09.215+0000] {dagbag.py:588} INFO - Filling up the DagBag from /home/usmail/sys_fraud/sys_detection_frauds/lib/python3.12/site-packages/airflow/example_dags/tutorial_taskflow_api.py
[2025-03-21T20:53:09.226+0000] {processor.py:925} INFO - DAG(s) 'tutorial_taskflow_api' retrieved from /home/usmail/sys_fraud/sys_detection_frauds/lib/python3.12/site-packages/airflow/example_dags/tutorial_taskflow_api.py
[2025-03-21T20:53:09.234+0000] {logging_mixin.py:190} INFO - [2025-03-21T20:53:09.234+0000] {dag.py:3239} INFO - Sync 1 DAGs
[2025-03-21T20:53:09.241+0000] {logging_mixin.py:190} INFO - [2025-03-21T20:53:09.241+0000] {dag.py:4180} INFO - Setting next_dagrun for tutorial_taskflow_api to None, run_after=None
[2025-03-21T20:53:09.256+0000] {processor.py:208} INFO - Processing /home/usmail/sys_fraud/sys_detection_frauds/lib/python3.12/site-packages/airflow/example_dags/tutorial_taskflow_api.py took 0.057 seconds
[2025-03-21T20:54:03.587+0000] {processor.py:186} INFO - Started process (PID=3726209) to work on /home/usmail/sys_fraud/sys_detection_frauds/lib/python3.12/site-packages/airflow/example_dags/tutorial_taskflow_api.py
[2025-03-21T20:54:03.596+0000] {processor.py:914} INFO - Processing file /home/usmail/sys_fraud/sys_detection_frauds/lib/python3.12/site-packages/airflow/example_dags/tutorial_taskflow_api.py for tasks to queue
[2025-03-21T20:54:03.598+0000] {logging_mixin.py:190} INFO - [2025-03-21T20:54:03.598+0000] {dagbag.py:588} INFO - Filling up the DagBag from /home/usmail/sys_fraud/sys_detection_frauds/lib/python3.12/site-packages/airflow/example_dags/tutorial_taskflow_api.py
[2025-03-21T20:54:03.605+0000] {processor.py:925} INFO - DAG(s) 'tutorial_taskflow_api' retrieved from /home/usmail/sys_fraud/sys_detection_frauds/lib/python3.12/site-packages/airflow/example_dags/tutorial_taskflow_api.py
[2025-03-21T20:54:03.617+0000] {logging_mixin.py:190} INFO - [2025-03-21T20:54:03.617+0000] {dag.py:3239} INFO - Sync 1 DAGs
[2025-03-21T20:54:03.625+0000] {logging_mixin.py:190} INFO - [2025-03-21T20:54:03.625+0000] {dag.py:4180} INFO - Setting next_dagrun for tutorial_taskflow_api to None, run_after=None
[2025-03-21T20:54:03.752+0000] {processor.py:208} INFO - Processing /home/usmail/sys_fraud/sys_detection_frauds/lib/python3.12/site-packages/airflow/example_dags/tutorial_taskflow_api.py took 0.168 seconds
[2025-03-21T20:54:55.830+0000] {processor.py:186} INFO - Started process (PID=3726881) to work on /home/usmail/sys_fraud/sys_detection_frauds/lib/python3.12/site-packages/airflow/example_dags/tutorial_taskflow_api.py
[2025-03-21T20:54:55.831+0000] {processor.py:914} INFO - Processing file /home/usmail/sys_fraud/sys_detection_frauds/lib/python3.12/site-packages/airflow/example_dags/tutorial_taskflow_api.py for tasks to queue
[2025-03-21T20:54:55.833+0000] {logging_mixin.py:190} INFO - [2025-03-21T20:54:55.832+0000] {dagbag.py:588} INFO - Filling up the DagBag from /home/usmail/sys_fraud/sys_detection_frauds/lib/python3.12/site-packages/airflow/example_dags/tutorial_taskflow_api.py
[2025-03-21T20:54:55.837+0000] {processor.py:925} INFO - DAG(s) 'tutorial_taskflow_api' retrieved from /home/usmail/sys_fraud/sys_detection_frauds/lib/python3.12/site-packages/airflow/example_dags/tutorial_taskflow_api.py
[2025-03-21T20:54:55.845+0000] {logging_mixin.py:190} INFO - [2025-03-21T20:54:55.845+0000] {dag.py:3239} INFO - Sync 1 DAGs
[2025-03-21T20:54:55.853+0000] {logging_mixin.py:190} INFO - [2025-03-21T20:54:55.852+0000] {dag.py:4180} INFO - Setting next_dagrun for tutorial_taskflow_api to None, run_after=None
[2025-03-21T20:54:55.867+0000] {processor.py:208} INFO - Processing /home/usmail/sys_fraud/sys_detection_frauds/lib/python3.12/site-packages/airflow/example_dags/tutorial_taskflow_api.py took 0.040 seconds
[2025-03-21T20:55:46.160+0000] {processor.py:186} INFO - Started process (PID=3727462) to work on /home/usmail/sys_fraud/sys_detection_frauds/lib/python3.12/site-packages/airflow/example_dags/tutorial_taskflow_api.py
[2025-03-21T20:55:46.169+0000] {processor.py:914} INFO - Processing file /home/usmail/sys_fraud/sys_detection_frauds/lib/python3.12/site-packages/airflow/example_dags/tutorial_taskflow_api.py for tasks to queue
[2025-03-21T20:55:46.172+0000] {logging_mixin.py:190} INFO - [2025-03-21T20:55:46.172+0000] {dagbag.py:588} INFO - Filling up the DagBag from /home/usmail/sys_fraud/sys_detection_frauds/lib/python3.12/site-packages/airflow/example_dags/tutorial_taskflow_api.py
[2025-03-21T20:55:46.182+0000] {processor.py:925} INFO - DAG(s) 'tutorial_taskflow_api' retrieved from /home/usmail/sys_fraud/sys_detection_frauds/lib/python3.12/site-packages/airflow/example_dags/tutorial_taskflow_api.py
[2025-03-21T20:55:46.191+0000] {logging_mixin.py:190} INFO - [2025-03-21T20:55:46.191+0000] {dag.py:3239} INFO - Sync 1 DAGs
[2025-03-21T20:55:46.198+0000] {logging_mixin.py:190} INFO - [2025-03-21T20:55:46.198+0000] {dag.py:4180} INFO - Setting next_dagrun for tutorial_taskflow_api to None, run_after=None
[2025-03-21T20:55:46.212+0000] {processor.py:208} INFO - Processing /home/usmail/sys_fraud/sys_detection_frauds/lib/python3.12/site-packages/airflow/example_dags/tutorial_taskflow_api.py took 0.059 seconds
[2025-03-21T20:56:35.912+0000] {processor.py:186} INFO - Started process (PID=3728136) to work on /home/usmail/sys_fraud/sys_detection_frauds/lib/python3.12/site-packages/airflow/example_dags/tutorial_taskflow_api.py
[2025-03-21T20:56:35.912+0000] {processor.py:914} INFO - Processing file /home/usmail/sys_fraud/sys_detection_frauds/lib/python3.12/site-packages/airflow/example_dags/tutorial_taskflow_api.py for tasks to queue
[2025-03-21T20:56:35.914+0000] {logging_mixin.py:190} INFO - [2025-03-21T20:56:35.913+0000] {dagbag.py:588} INFO - Filling up the DagBag from /home/usmail/sys_fraud/sys_detection_frauds/lib/python3.12/site-packages/airflow/example_dags/tutorial_taskflow_api.py
[2025-03-21T20:56:35.919+0000] {processor.py:925} INFO - DAG(s) 'tutorial_taskflow_api' retrieved from /home/usmail/sys_fraud/sys_detection_frauds/lib/python3.12/site-packages/airflow/example_dags/tutorial_taskflow_api.py
[2025-03-21T20:56:35.931+0000] {logging_mixin.py:190} INFO - [2025-03-21T20:56:35.931+0000] {dag.py:3239} INFO - Sync 1 DAGs
[2025-03-21T20:56:35.943+0000] {logging_mixin.py:190} INFO - [2025-03-21T20:56:35.942+0000] {dag.py:4180} INFO - Setting next_dagrun for tutorial_taskflow_api to None, run_after=None
[2025-03-21T20:56:35.968+0000] {processor.py:208} INFO - Processing /home/usmail/sys_fraud/sys_detection_frauds/lib/python3.12/site-packages/airflow/example_dags/tutorial_taskflow_api.py took 0.061 seconds
[2025-03-21T20:57:30.011+0000] {processor.py:186} INFO - Started process (PID=3728930) to work on /home/usmail/sys_fraud/sys_detection_frauds/lib/python3.12/site-packages/airflow/example_dags/tutorial_taskflow_api.py
[2025-03-21T20:57:30.019+0000] {processor.py:914} INFO - Processing file /home/usmail/sys_fraud/sys_detection_frauds/lib/python3.12/site-packages/airflow/example_dags/tutorial_taskflow_api.py for tasks to queue
[2025-03-21T20:57:30.022+0000] {logging_mixin.py:190} INFO - [2025-03-21T20:57:30.021+0000] {dagbag.py:588} INFO - Filling up the DagBag from /home/usmail/sys_fraud/sys_detection_frauds/lib/python3.12/site-packages/airflow/example_dags/tutorial_taskflow_api.py
[2025-03-21T20:57:30.029+0000] {processor.py:925} INFO - DAG(s) 'tutorial_taskflow_api' retrieved from /home/usmail/sys_fraud/sys_detection_frauds/lib/python3.12/site-packages/airflow/example_dags/tutorial_taskflow_api.py
[2025-03-21T20:57:30.039+0000] {logging_mixin.py:190} INFO - [2025-03-21T20:57:30.038+0000] {dag.py:3239} INFO - Sync 1 DAGs
[2025-03-21T20:57:30.046+0000] {logging_mixin.py:190} INFO - [2025-03-21T20:57:30.045+0000] {dag.py:4180} INFO - Setting next_dagrun for tutorial_taskflow_api to None, run_after=None
[2025-03-21T20:57:30.069+0000] {processor.py:208} INFO - Processing /home/usmail/sys_fraud/sys_detection_frauds/lib/python3.12/site-packages/airflow/example_dags/tutorial_taskflow_api.py took 0.064 seconds
[2025-03-21T20:58:20.760+0000] {processor.py:186} INFO - Started process (PID=3729473) to work on /home/usmail/sys_fraud/sys_detection_frauds/lib/python3.12/site-packages/airflow/example_dags/tutorial_taskflow_api.py
[2025-03-21T20:58:20.769+0000] {processor.py:914} INFO - Processing file /home/usmail/sys_fraud/sys_detection_frauds/lib/python3.12/site-packages/airflow/example_dags/tutorial_taskflow_api.py for tasks to queue
[2025-03-21T20:58:20.774+0000] {logging_mixin.py:190} INFO - [2025-03-21T20:58:20.773+0000] {dagbag.py:588} INFO - Filling up the DagBag from /home/usmail/sys_fraud/sys_detection_frauds/lib/python3.12/site-packages/airflow/example_dags/tutorial_taskflow_api.py
[2025-03-21T20:58:20.781+0000] {processor.py:925} INFO - DAG(s) 'tutorial_taskflow_api' retrieved from /home/usmail/sys_fraud/sys_detection_frauds/lib/python3.12/site-packages/airflow/example_dags/tutorial_taskflow_api.py
[2025-03-21T20:58:20.793+0000] {logging_mixin.py:190} INFO - [2025-03-21T20:58:20.793+0000] {dag.py:3239} INFO - Sync 1 DAGs
[2025-03-21T20:58:20.802+0000] {logging_mixin.py:190} INFO - [2025-03-21T20:58:20.802+0000] {dag.py:4180} INFO - Setting next_dagrun for tutorial_taskflow_api to None, run_after=None
[2025-03-21T20:58:20.818+0000] {processor.py:208} INFO - Processing /home/usmail/sys_fraud/sys_detection_frauds/lib/python3.12/site-packages/airflow/example_dags/tutorial_taskflow_api.py took 0.066 seconds
[2025-03-21T20:59:24.679+0000] {processor.py:186} INFO - Started process (PID=3730401) to work on /home/usmail/sys_fraud/sys_detection_frauds/lib/python3.12/site-packages/airflow/example_dags/tutorial_taskflow_api.py
[2025-03-21T20:59:24.688+0000] {processor.py:914} INFO - Processing file /home/usmail/sys_fraud/sys_detection_frauds/lib/python3.12/site-packages/airflow/example_dags/tutorial_taskflow_api.py for tasks to queue
[2025-03-21T20:59:24.691+0000] {logging_mixin.py:190} INFO - [2025-03-21T20:59:24.691+0000] {dagbag.py:588} INFO - Filling up the DagBag from /home/usmail/sys_fraud/sys_detection_frauds/lib/python3.12/site-packages/airflow/example_dags/tutorial_taskflow_api.py
[2025-03-21T20:59:24.701+0000] {processor.py:925} INFO - DAG(s) 'tutorial_taskflow_api' retrieved from /home/usmail/sys_fraud/sys_detection_frauds/lib/python3.12/site-packages/airflow/example_dags/tutorial_taskflow_api.py
[2025-03-21T20:59:24.713+0000] {logging_mixin.py:190} INFO - [2025-03-21T20:59:24.713+0000] {dag.py:3239} INFO - Sync 1 DAGs
[2025-03-21T20:59:24.722+0000] {logging_mixin.py:190} INFO - [2025-03-21T20:59:24.721+0000] {dag.py:4180} INFO - Setting next_dagrun for tutorial_taskflow_api to None, run_after=None
[2025-03-21T20:59:24.735+0000] {processor.py:208} INFO - Processing /home/usmail/sys_fraud/sys_detection_frauds/lib/python3.12/site-packages/airflow/example_dags/tutorial_taskflow_api.py took 0.061 seconds
[2025-03-21T21:00:19.060+0000] {processor.py:186} INFO - Started process (PID=3731135) to work on /home/usmail/sys_fraud/sys_detection_frauds/lib/python3.12/site-packages/airflow/example_dags/tutorial_taskflow_api.py
[2025-03-21T21:00:19.069+0000] {processor.py:914} INFO - Processing file /home/usmail/sys_fraud/sys_detection_frauds/lib/python3.12/site-packages/airflow/example_dags/tutorial_taskflow_api.py for tasks to queue
[2025-03-21T21:00:19.073+0000] {logging_mixin.py:190} INFO - [2025-03-21T21:00:19.072+0000] {dagbag.py:588} INFO - Filling up the DagBag from /home/usmail/sys_fraud/sys_detection_frauds/lib/python3.12/site-packages/airflow/example_dags/tutorial_taskflow_api.py
[2025-03-21T21:00:19.082+0000] {processor.py:925} INFO - DAG(s) 'tutorial_taskflow_api' retrieved from /home/usmail/sys_fraud/sys_detection_frauds/lib/python3.12/site-packages/airflow/example_dags/tutorial_taskflow_api.py
[2025-03-21T21:00:19.091+0000] {logging_mixin.py:190} INFO - [2025-03-21T21:00:19.090+0000] {dag.py:3239} INFO - Sync 1 DAGs
[2025-03-21T21:00:19.097+0000] {logging_mixin.py:190} INFO - [2025-03-21T21:00:19.097+0000] {dag.py:4180} INFO - Setting next_dagrun for tutorial_taskflow_api to None, run_after=None
[2025-03-21T21:00:19.116+0000] {processor.py:208} INFO - Processing /home/usmail/sys_fraud/sys_detection_frauds/lib/python3.12/site-packages/airflow/example_dags/tutorial_taskflow_api.py took 0.063 seconds
[2025-03-21T21:01:15.483+0000] {processor.py:186} INFO - Started process (PID=3731839) to work on /home/usmail/sys_fraud/sys_detection_frauds/lib/python3.12/site-packages/airflow/example_dags/tutorial_taskflow_api.py
[2025-03-21T21:01:15.492+0000] {processor.py:914} INFO - Processing file /home/usmail/sys_fraud/sys_detection_frauds/lib/python3.12/site-packages/airflow/example_dags/tutorial_taskflow_api.py for tasks to queue
[2025-03-21T21:01:15.495+0000] {logging_mixin.py:190} INFO - [2025-03-21T21:01:15.494+0000] {dagbag.py:588} INFO - Filling up the DagBag from /home/usmail/sys_fraud/sys_detection_frauds/lib/python3.12/site-packages/airflow/example_dags/tutorial_taskflow_api.py
[2025-03-21T21:01:15.501+0000] {processor.py:925} INFO - DAG(s) 'tutorial_taskflow_api' retrieved from /home/usmail/sys_fraud/sys_detection_frauds/lib/python3.12/site-packages/airflow/example_dags/tutorial_taskflow_api.py
[2025-03-21T21:01:15.509+0000] {logging_mixin.py:190} INFO - [2025-03-21T21:01:15.509+0000] {dag.py:3239} INFO - Sync 1 DAGs
[2025-03-21T21:01:15.516+0000] {logging_mixin.py:190} INFO - [2025-03-21T21:01:15.516+0000] {dag.py:4180} INFO - Setting next_dagrun for tutorial_taskflow_api to None, run_after=None
[2025-03-21T21:01:15.529+0000] {processor.py:208} INFO - Processing /home/usmail/sys_fraud/sys_detection_frauds/lib/python3.12/site-packages/airflow/example_dags/tutorial_taskflow_api.py took 0.049 seconds
[2025-03-21T21:02:08.123+0000] {processor.py:186} INFO - Started process (PID=3732480) to work on /home/usmail/sys_fraud/sys_detection_frauds/lib/python3.12/site-packages/airflow/example_dags/tutorial_taskflow_api.py
[2025-03-21T21:02:08.132+0000] {processor.py:914} INFO - Processing file /home/usmail/sys_fraud/sys_detection_frauds/lib/python3.12/site-packages/airflow/example_dags/tutorial_taskflow_api.py for tasks to queue
[2025-03-21T21:02:08.135+0000] {logging_mixin.py:190} INFO - [2025-03-21T21:02:08.134+0000] {dagbag.py:588} INFO - Filling up the DagBag from /home/usmail/sys_fraud/sys_detection_frauds/lib/python3.12/site-packages/airflow/example_dags/tutorial_taskflow_api.py
[2025-03-21T21:02:08.145+0000] {processor.py:925} INFO - DAG(s) 'tutorial_taskflow_api' retrieved from /home/usmail/sys_fraud/sys_detection_frauds/lib/python3.12/site-packages/airflow/example_dags/tutorial_taskflow_api.py
[2025-03-21T21:02:08.153+0000] {logging_mixin.py:190} INFO - [2025-03-21T21:02:08.153+0000] {dag.py:3239} INFO - Sync 1 DAGs
[2025-03-21T21:02:08.160+0000] {logging_mixin.py:190} INFO - [2025-03-21T21:02:08.160+0000] {dag.py:4180} INFO - Setting next_dagrun for tutorial_taskflow_api to None, run_after=None
[2025-03-21T21:02:08.173+0000] {processor.py:208} INFO - Processing /home/usmail/sys_fraud/sys_detection_frauds/lib/python3.12/site-packages/airflow/example_dags/tutorial_taskflow_api.py took 0.053 seconds
[2025-03-21T21:03:02.587+0000] {processor.py:186} INFO - Started process (PID=3733128) to work on /home/usmail/sys_fraud/sys_detection_frauds/lib/python3.12/site-packages/airflow/example_dags/tutorial_taskflow_api.py
[2025-03-21T21:03:02.596+0000] {processor.py:914} INFO - Processing file /home/usmail/sys_fraud/sys_detection_frauds/lib/python3.12/site-packages/airflow/example_dags/tutorial_taskflow_api.py for tasks to queue
[2025-03-21T21:03:02.597+0000] {logging_mixin.py:190} INFO - [2025-03-21T21:03:02.597+0000] {dagbag.py:588} INFO - Filling up the DagBag from /home/usmail/sys_fraud/sys_detection_frauds/lib/python3.12/site-packages/airflow/example_dags/tutorial_taskflow_api.py
[2025-03-21T21:03:02.602+0000] {processor.py:925} INFO - DAG(s) 'tutorial_taskflow_api' retrieved from /home/usmail/sys_fraud/sys_detection_frauds/lib/python3.12/site-packages/airflow/example_dags/tutorial_taskflow_api.py
[2025-03-21T21:03:02.610+0000] {logging_mixin.py:190} INFO - [2025-03-21T21:03:02.610+0000] {dag.py:3239} INFO - Sync 1 DAGs
[2025-03-21T21:03:02.618+0000] {logging_mixin.py:190} INFO - [2025-03-21T21:03:02.618+0000] {dag.py:4180} INFO - Setting next_dagrun for tutorial_taskflow_api to None, run_after=None
[2025-03-21T21:03:02.639+0000] {processor.py:208} INFO - Processing /home/usmail/sys_fraud/sys_detection_frauds/lib/python3.12/site-packages/airflow/example_dags/tutorial_taskflow_api.py took 0.055 seconds
[2025-03-21T21:03:55.416+0000] {processor.py:186} INFO - Started process (PID=3733854) to work on /home/usmail/sys_fraud/sys_detection_frauds/lib/python3.12/site-packages/airflow/example_dags/tutorial_taskflow_api.py
[2025-03-21T21:03:55.424+0000] {processor.py:914} INFO - Processing file /home/usmail/sys_fraud/sys_detection_frauds/lib/python3.12/site-packages/airflow/example_dags/tutorial_taskflow_api.py for tasks to queue
[2025-03-21T21:03:55.426+0000] {logging_mixin.py:190} INFO - [2025-03-21T21:03:55.426+0000] {dagbag.py:588} INFO - Filling up the DagBag from /home/usmail/sys_fraud/sys_detection_frauds/lib/python3.12/site-packages/airflow/example_dags/tutorial_taskflow_api.py
[2025-03-21T21:03:55.435+0000] {processor.py:925} INFO - DAG(s) 'tutorial_taskflow_api' retrieved from /home/usmail/sys_fraud/sys_detection_frauds/lib/python3.12/site-packages/airflow/example_dags/tutorial_taskflow_api.py
[2025-03-21T21:03:55.443+0000] {logging_mixin.py:190} INFO - [2025-03-21T21:03:55.443+0000] {dag.py:3239} INFO - Sync 1 DAGs
[2025-03-21T21:03:55.539+0000] {logging_mixin.py:190} INFO - [2025-03-21T21:03:55.539+0000] {dag.py:4180} INFO - Setting next_dagrun for tutorial_taskflow_api to None, run_after=None
[2025-03-21T21:03:55.562+0000] {processor.py:208} INFO - Processing /home/usmail/sys_fraud/sys_detection_frauds/lib/python3.12/site-packages/airflow/example_dags/tutorial_taskflow_api.py took 0.153 seconds
[2025-03-21T21:04:53.353+0000] {processor.py:186} INFO - Started process (PID=3734672) to work on /home/usmail/sys_fraud/sys_detection_frauds/lib/python3.12/site-packages/airflow/example_dags/tutorial_taskflow_api.py
[2025-03-21T21:04:53.361+0000] {processor.py:914} INFO - Processing file /home/usmail/sys_fraud/sys_detection_frauds/lib/python3.12/site-packages/airflow/example_dags/tutorial_taskflow_api.py for tasks to queue
[2025-03-21T21:04:53.363+0000] {logging_mixin.py:190} INFO - [2025-03-21T21:04:53.363+0000] {dagbag.py:588} INFO - Filling up the DagBag from /home/usmail/sys_fraud/sys_detection_frauds/lib/python3.12/site-packages/airflow/example_dags/tutorial_taskflow_api.py
[2025-03-21T21:04:53.368+0000] {processor.py:925} INFO - DAG(s) 'tutorial_taskflow_api' retrieved from /home/usmail/sys_fraud/sys_detection_frauds/lib/python3.12/site-packages/airflow/example_dags/tutorial_taskflow_api.py
[2025-03-21T21:04:53.382+0000] {logging_mixin.py:190} INFO - [2025-03-21T21:04:53.382+0000] {dag.py:3239} INFO - Sync 1 DAGs
[2025-03-21T21:04:53.392+0000] {logging_mixin.py:190} INFO - [2025-03-21T21:04:53.392+0000] {dag.py:4180} INFO - Setting next_dagrun for tutorial_taskflow_api to None, run_after=None
[2025-03-21T21:04:53.419+0000] {processor.py:208} INFO - Processing /home/usmail/sys_fraud/sys_detection_frauds/lib/python3.12/site-packages/airflow/example_dags/tutorial_taskflow_api.py took 0.071 seconds
[2025-03-21T21:05:45.983+0000] {processor.py:186} INFO - Started process (PID=3735510) to work on /home/usmail/sys_fraud/sys_detection_frauds/lib/python3.12/site-packages/airflow/example_dags/tutorial_taskflow_api.py
[2025-03-21T21:05:45.992+0000] {processor.py:914} INFO - Processing file /home/usmail/sys_fraud/sys_detection_frauds/lib/python3.12/site-packages/airflow/example_dags/tutorial_taskflow_api.py for tasks to queue
[2025-03-21T21:05:45.995+0000] {logging_mixin.py:190} INFO - [2025-03-21T21:05:45.994+0000] {dagbag.py:588} INFO - Filling up the DagBag from /home/usmail/sys_fraud/sys_detection_frauds/lib/python3.12/site-packages/airflow/example_dags/tutorial_taskflow_api.py
[2025-03-21T21:05:46.003+0000] {processor.py:925} INFO - DAG(s) 'tutorial_taskflow_api' retrieved from /home/usmail/sys_fraud/sys_detection_frauds/lib/python3.12/site-packages/airflow/example_dags/tutorial_taskflow_api.py
[2025-03-21T21:05:46.011+0000] {logging_mixin.py:190} INFO - [2025-03-21T21:05:46.011+0000] {dag.py:3239} INFO - Sync 1 DAGs
[2025-03-21T21:05:46.018+0000] {logging_mixin.py:190} INFO - [2025-03-21T21:05:46.018+0000] {dag.py:4180} INFO - Setting next_dagrun for tutorial_taskflow_api to None, run_after=None
[2025-03-21T21:05:46.042+0000] {processor.py:208} INFO - Processing /home/usmail/sys_fraud/sys_detection_frauds/lib/python3.12/site-packages/airflow/example_dags/tutorial_taskflow_api.py took 0.063 seconds
[2025-03-21T21:06:39.318+0000] {processor.py:186} INFO - Started process (PID=3736814) to work on /home/usmail/sys_fraud/sys_detection_frauds/lib/python3.12/site-packages/airflow/example_dags/tutorial_taskflow_api.py
[2025-03-21T21:06:39.319+0000] {processor.py:914} INFO - Processing file /home/usmail/sys_fraud/sys_detection_frauds/lib/python3.12/site-packages/airflow/example_dags/tutorial_taskflow_api.py for tasks to queue
[2025-03-21T21:06:39.321+0000] {logging_mixin.py:190} INFO - [2025-03-21T21:06:39.320+0000] {dagbag.py:588} INFO - Filling up the DagBag from /home/usmail/sys_fraud/sys_detection_frauds/lib/python3.12/site-packages/airflow/example_dags/tutorial_taskflow_api.py
[2025-03-21T21:06:39.326+0000] {processor.py:925} INFO - DAG(s) 'tutorial_taskflow_api' retrieved from /home/usmail/sys_fraud/sys_detection_frauds/lib/python3.12/site-packages/airflow/example_dags/tutorial_taskflow_api.py
[2025-03-21T21:06:39.335+0000] {logging_mixin.py:190} INFO - [2025-03-21T21:06:39.335+0000] {dag.py:3239} INFO - Sync 1 DAGs
[2025-03-21T21:06:39.344+0000] {logging_mixin.py:190} INFO - [2025-03-21T21:06:39.344+0000] {dag.py:4180} INFO - Setting next_dagrun for tutorial_taskflow_api to None, run_after=None
[2025-03-21T21:06:39.358+0000] {processor.py:208} INFO - Processing /home/usmail/sys_fraud/sys_detection_frauds/lib/python3.12/site-packages/airflow/example_dags/tutorial_taskflow_api.py took 0.045 seconds
[2025-03-21T21:07:30.017+0000] {processor.py:186} INFO - Started process (PID=3737466) to work on /home/usmail/sys_fraud/sys_detection_frauds/lib/python3.12/site-packages/airflow/example_dags/tutorial_taskflow_api.py
[2025-03-21T21:07:30.026+0000] {processor.py:914} INFO - Processing file /home/usmail/sys_fraud/sys_detection_frauds/lib/python3.12/site-packages/airflow/example_dags/tutorial_taskflow_api.py for tasks to queue
[2025-03-21T21:07:30.028+0000] {logging_mixin.py:190} INFO - [2025-03-21T21:07:30.028+0000] {dagbag.py:588} INFO - Filling up the DagBag from /home/usmail/sys_fraud/sys_detection_frauds/lib/python3.12/site-packages/airflow/example_dags/tutorial_taskflow_api.py
[2025-03-21T21:07:30.033+0000] {processor.py:925} INFO - DAG(s) 'tutorial_taskflow_api' retrieved from /home/usmail/sys_fraud/sys_detection_frauds/lib/python3.12/site-packages/airflow/example_dags/tutorial_taskflow_api.py
[2025-03-21T21:07:30.042+0000] {logging_mixin.py:190} INFO - [2025-03-21T21:07:30.041+0000] {dag.py:3239} INFO - Sync 1 DAGs
[2025-03-21T21:07:30.049+0000] {logging_mixin.py:190} INFO - [2025-03-21T21:07:30.049+0000] {dag.py:4180} INFO - Setting next_dagrun for tutorial_taskflow_api to None, run_after=None
[2025-03-21T21:07:30.061+0000] {processor.py:208} INFO - Processing /home/usmail/sys_fraud/sys_detection_frauds/lib/python3.12/site-packages/airflow/example_dags/tutorial_taskflow_api.py took 0.048 seconds
[2025-03-21T21:08:23.685+0000] {processor.py:186} INFO - Started process (PID=3738183) to work on /home/usmail/sys_fraud/sys_detection_frauds/lib/python3.12/site-packages/airflow/example_dags/tutorial_taskflow_api.py
[2025-03-21T21:08:23.694+0000] {processor.py:914} INFO - Processing file /home/usmail/sys_fraud/sys_detection_frauds/lib/python3.12/site-packages/airflow/example_dags/tutorial_taskflow_api.py for tasks to queue
[2025-03-21T21:08:23.697+0000] {logging_mixin.py:190} INFO - [2025-03-21T21:08:23.697+0000] {dagbag.py:588} INFO - Filling up the DagBag from /home/usmail/sys_fraud/sys_detection_frauds/lib/python3.12/site-packages/airflow/example_dags/tutorial_taskflow_api.py
[2025-03-21T21:08:23.711+0000] {processor.py:925} INFO - DAG(s) 'tutorial_taskflow_api' retrieved from /home/usmail/sys_fraud/sys_detection_frauds/lib/python3.12/site-packages/airflow/example_dags/tutorial_taskflow_api.py
[2025-03-21T21:08:23.736+0000] {logging_mixin.py:190} INFO - [2025-03-21T21:08:23.736+0000] {dag.py:3239} INFO - Sync 1 DAGs
[2025-03-21T21:08:23.752+0000] {logging_mixin.py:190} INFO - [2025-03-21T21:08:23.752+0000] {dag.py:4180} INFO - Setting next_dagrun for tutorial_taskflow_api to None, run_after=None
[2025-03-21T21:08:23.768+0000] {processor.py:208} INFO - Processing /home/usmail/sys_fraud/sys_detection_frauds/lib/python3.12/site-packages/airflow/example_dags/tutorial_taskflow_api.py took 0.095 seconds
[2025-03-21T21:09:21.800+0000] {processor.py:186} INFO - Started process (PID=3739007) to work on /home/usmail/sys_fraud/sys_detection_frauds/lib/python3.12/site-packages/airflow/example_dags/tutorial_taskflow_api.py
[2025-03-21T21:09:21.802+0000] {processor.py:914} INFO - Processing file /home/usmail/sys_fraud/sys_detection_frauds/lib/python3.12/site-packages/airflow/example_dags/tutorial_taskflow_api.py for tasks to queue
[2025-03-21T21:09:21.804+0000] {logging_mixin.py:190} INFO - [2025-03-21T21:09:21.803+0000] {dagbag.py:588} INFO - Filling up the DagBag from /home/usmail/sys_fraud/sys_detection_frauds/lib/python3.12/site-packages/airflow/example_dags/tutorial_taskflow_api.py
[2025-03-21T21:09:21.811+0000] {processor.py:925} INFO - DAG(s) 'tutorial_taskflow_api' retrieved from /home/usmail/sys_fraud/sys_detection_frauds/lib/python3.12/site-packages/airflow/example_dags/tutorial_taskflow_api.py
[2025-03-21T21:09:21.825+0000] {logging_mixin.py:190} INFO - [2025-03-21T21:09:21.825+0000] {dag.py:3239} INFO - Sync 1 DAGs
[2025-03-21T21:09:21.835+0000] {logging_mixin.py:190} INFO - [2025-03-21T21:09:21.835+0000] {dag.py:4180} INFO - Setting next_dagrun for tutorial_taskflow_api to None, run_after=None
[2025-03-21T21:09:21.852+0000] {processor.py:208} INFO - Processing /home/usmail/sys_fraud/sys_detection_frauds/lib/python3.12/site-packages/airflow/example_dags/tutorial_taskflow_api.py took 0.060 seconds
[2025-03-21T21:10:16.158+0000] {processor.py:186} INFO - Started process (PID=3739668) to work on /home/usmail/sys_fraud/sys_detection_frauds/lib/python3.12/site-packages/airflow/example_dags/tutorial_taskflow_api.py
[2025-03-21T21:10:16.167+0000] {processor.py:914} INFO - Processing file /home/usmail/sys_fraud/sys_detection_frauds/lib/python3.12/site-packages/airflow/example_dags/tutorial_taskflow_api.py for tasks to queue
[2025-03-21T21:10:16.170+0000] {logging_mixin.py:190} INFO - [2025-03-21T21:10:16.170+0000] {dagbag.py:588} INFO - Filling up the DagBag from /home/usmail/sys_fraud/sys_detection_frauds/lib/python3.12/site-packages/airflow/example_dags/tutorial_taskflow_api.py
[2025-03-21T21:10:16.184+0000] {processor.py:925} INFO - DAG(s) 'tutorial_taskflow_api' retrieved from /home/usmail/sys_fraud/sys_detection_frauds/lib/python3.12/site-packages/airflow/example_dags/tutorial_taskflow_api.py
[2025-03-21T21:10:16.209+0000] {logging_mixin.py:190} INFO - [2025-03-21T21:10:16.208+0000] {dag.py:3239} INFO - Sync 1 DAGs
[2025-03-21T21:10:16.225+0000] {logging_mixin.py:190} INFO - [2025-03-21T21:10:16.225+0000] {dag.py:4180} INFO - Setting next_dagrun for tutorial_taskflow_api to None, run_after=None
[2025-03-21T21:10:16.248+0000] {processor.py:208} INFO - Processing /home/usmail/sys_fraud/sys_detection_frauds/lib/python3.12/site-packages/airflow/example_dags/tutorial_taskflow_api.py took 0.102 seconds
[2025-03-21T21:11:14.996+0000] {processor.py:186} INFO - Started process (PID=3741415) to work on /home/usmail/sys_fraud/sys_detection_frauds/lib/python3.12/site-packages/airflow/example_dags/tutorial_taskflow_api.py
[2025-03-21T21:11:15.004+0000] {processor.py:914} INFO - Processing file /home/usmail/sys_fraud/sys_detection_frauds/lib/python3.12/site-packages/airflow/example_dags/tutorial_taskflow_api.py for tasks to queue
[2025-03-21T21:11:15.006+0000] {logging_mixin.py:190} INFO - [2025-03-21T21:11:15.005+0000] {dagbag.py:588} INFO - Filling up the DagBag from /home/usmail/sys_fraud/sys_detection_frauds/lib/python3.12/site-packages/airflow/example_dags/tutorial_taskflow_api.py
[2025-03-21T21:11:15.012+0000] {processor.py:925} INFO - DAG(s) 'tutorial_taskflow_api' retrieved from /home/usmail/sys_fraud/sys_detection_frauds/lib/python3.12/site-packages/airflow/example_dags/tutorial_taskflow_api.py
[2025-03-21T21:11:15.023+0000] {logging_mixin.py:190} INFO - [2025-03-21T21:11:15.023+0000] {dag.py:3239} INFO - Sync 1 DAGs
[2025-03-21T21:11:15.033+0000] {logging_mixin.py:190} INFO - [2025-03-21T21:11:15.032+0000] {dag.py:4180} INFO - Setting next_dagrun for tutorial_taskflow_api to None, run_after=None
[2025-03-21T21:11:15.051+0000] {processor.py:208} INFO - Processing /home/usmail/sys_fraud/sys_detection_frauds/lib/python3.12/site-packages/airflow/example_dags/tutorial_taskflow_api.py took 0.062 seconds
[2025-03-21T21:12:10.877+0000] {processor.py:186} INFO - Started process (PID=3742519) to work on /home/usmail/sys_fraud/sys_detection_frauds/lib/python3.12/site-packages/airflow/example_dags/tutorial_taskflow_api.py
[2025-03-21T21:12:10.886+0000] {processor.py:914} INFO - Processing file /home/usmail/sys_fraud/sys_detection_frauds/lib/python3.12/site-packages/airflow/example_dags/tutorial_taskflow_api.py for tasks to queue
[2025-03-21T21:12:10.888+0000] {logging_mixin.py:190} INFO - [2025-03-21T21:12:10.887+0000] {dagbag.py:588} INFO - Filling up the DagBag from /home/usmail/sys_fraud/sys_detection_frauds/lib/python3.12/site-packages/airflow/example_dags/tutorial_taskflow_api.py
[2025-03-21T21:12:10.894+0000] {processor.py:925} INFO - DAG(s) 'tutorial_taskflow_api' retrieved from /home/usmail/sys_fraud/sys_detection_frauds/lib/python3.12/site-packages/airflow/example_dags/tutorial_taskflow_api.py
[2025-03-21T21:12:10.905+0000] {logging_mixin.py:190} INFO - [2025-03-21T21:12:10.905+0000] {dag.py:3239} INFO - Sync 1 DAGs
[2025-03-21T21:12:10.915+0000] {logging_mixin.py:190} INFO - [2025-03-21T21:12:10.915+0000] {dag.py:4180} INFO - Setting next_dagrun for tutorial_taskflow_api to None, run_after=None
[2025-03-21T21:12:10.935+0000] {processor.py:208} INFO - Processing /home/usmail/sys_fraud/sys_detection_frauds/lib/python3.12/site-packages/airflow/example_dags/tutorial_taskflow_api.py took 0.063 seconds
[2025-03-21T21:13:03.311+0000] {processor.py:186} INFO - Started process (PID=3743471) to work on /home/usmail/sys_fraud/sys_detection_frauds/lib/python3.12/site-packages/airflow/example_dags/tutorial_taskflow_api.py
[2025-03-21T21:13:03.320+0000] {processor.py:914} INFO - Processing file /home/usmail/sys_fraud/sys_detection_frauds/lib/python3.12/site-packages/airflow/example_dags/tutorial_taskflow_api.py for tasks to queue
[2025-03-21T21:13:03.322+0000] {logging_mixin.py:190} INFO - [2025-03-21T21:13:03.321+0000] {dagbag.py:588} INFO - Filling up the DagBag from /home/usmail/sys_fraud/sys_detection_frauds/lib/python3.12/site-packages/airflow/example_dags/tutorial_taskflow_api.py
[2025-03-21T21:13:03.328+0000] {processor.py:925} INFO - DAG(s) 'tutorial_taskflow_api' retrieved from /home/usmail/sys_fraud/sys_detection_frauds/lib/python3.12/site-packages/airflow/example_dags/tutorial_taskflow_api.py
[2025-03-21T21:13:03.338+0000] {logging_mixin.py:190} INFO - [2025-03-21T21:13:03.338+0000] {dag.py:3239} INFO - Sync 1 DAGs
[2025-03-21T21:13:03.348+0000] {logging_mixin.py:190} INFO - [2025-03-21T21:13:03.348+0000] {dag.py:4180} INFO - Setting next_dagrun for tutorial_taskflow_api to None, run_after=None
[2025-03-21T21:13:03.363+0000] {processor.py:208} INFO - Processing /home/usmail/sys_fraud/sys_detection_frauds/lib/python3.12/site-packages/airflow/example_dags/tutorial_taskflow_api.py took 0.058 seconds
[2025-03-21T21:13:53.707+0000] {processor.py:186} INFO - Started process (PID=3744378) to work on /home/usmail/sys_fraud/sys_detection_frauds/lib/python3.12/site-packages/airflow/example_dags/tutorial_taskflow_api.py
[2025-03-21T21:13:53.716+0000] {processor.py:914} INFO - Processing file /home/usmail/sys_fraud/sys_detection_frauds/lib/python3.12/site-packages/airflow/example_dags/tutorial_taskflow_api.py for tasks to queue
[2025-03-21T21:13:53.717+0000] {logging_mixin.py:190} INFO - [2025-03-21T21:13:53.717+0000] {dagbag.py:588} INFO - Filling up the DagBag from /home/usmail/sys_fraud/sys_detection_frauds/lib/python3.12/site-packages/airflow/example_dags/tutorial_taskflow_api.py
[2025-03-21T21:13:53.724+0000] {processor.py:925} INFO - DAG(s) 'tutorial_taskflow_api' retrieved from /home/usmail/sys_fraud/sys_detection_frauds/lib/python3.12/site-packages/airflow/example_dags/tutorial_taskflow_api.py
[2025-03-21T21:13:53.735+0000] {logging_mixin.py:190} INFO - [2025-03-21T21:13:53.734+0000] {dag.py:3239} INFO - Sync 1 DAGs
[2025-03-21T21:13:53.744+0000] {logging_mixin.py:190} INFO - [2025-03-21T21:13:53.744+0000] {dag.py:4180} INFO - Setting next_dagrun for tutorial_taskflow_api to None, run_after=None
[2025-03-21T21:13:53.767+0000] {processor.py:208} INFO - Processing /home/usmail/sys_fraud/sys_detection_frauds/lib/python3.12/site-packages/airflow/example_dags/tutorial_taskflow_api.py took 0.066 seconds
[2025-03-21T21:14:51.119+0000] {processor.py:186} INFO - Started process (PID=3745162) to work on /home/usmail/sys_fraud/sys_detection_frauds/lib/python3.12/site-packages/airflow/example_dags/tutorial_taskflow_api.py
[2025-03-21T21:14:51.129+0000] {processor.py:914} INFO - Processing file /home/usmail/sys_fraud/sys_detection_frauds/lib/python3.12/site-packages/airflow/example_dags/tutorial_taskflow_api.py for tasks to queue
[2025-03-21T21:14:51.132+0000] {logging_mixin.py:190} INFO - [2025-03-21T21:14:51.131+0000] {dagbag.py:588} INFO - Filling up the DagBag from /home/usmail/sys_fraud/sys_detection_frauds/lib/python3.12/site-packages/airflow/example_dags/tutorial_taskflow_api.py
[2025-03-21T21:14:51.144+0000] {processor.py:925} INFO - DAG(s) 'tutorial_taskflow_api' retrieved from /home/usmail/sys_fraud/sys_detection_frauds/lib/python3.12/site-packages/airflow/example_dags/tutorial_taskflow_api.py
[2025-03-21T21:14:51.166+0000] {logging_mixin.py:190} INFO - [2025-03-21T21:14:51.166+0000] {dag.py:3239} INFO - Sync 1 DAGs
[2025-03-21T21:14:51.184+0000] {logging_mixin.py:190} INFO - [2025-03-21T21:14:51.184+0000] {dag.py:4180} INFO - Setting next_dagrun for tutorial_taskflow_api to None, run_after=None
[2025-03-21T21:14:51.212+0000] {processor.py:208} INFO - Processing /home/usmail/sys_fraud/sys_detection_frauds/lib/python3.12/site-packages/airflow/example_dags/tutorial_taskflow_api.py took 0.106 seconds
[2025-03-21T21:15:50.467+0000] {processor.py:186} INFO - Started process (PID=3745898) to work on /home/usmail/sys_fraud/sys_detection_frauds/lib/python3.12/site-packages/airflow/example_dags/tutorial_taskflow_api.py
[2025-03-21T21:15:50.476+0000] {processor.py:914} INFO - Processing file /home/usmail/sys_fraud/sys_detection_frauds/lib/python3.12/site-packages/airflow/example_dags/tutorial_taskflow_api.py for tasks to queue
[2025-03-21T21:15:50.479+0000] {logging_mixin.py:190} INFO - [2025-03-21T21:15:50.479+0000] {dagbag.py:588} INFO - Filling up the DagBag from /home/usmail/sys_fraud/sys_detection_frauds/lib/python3.12/site-packages/airflow/example_dags/tutorial_taskflow_api.py
[2025-03-21T21:15:50.492+0000] {processor.py:925} INFO - DAG(s) 'tutorial_taskflow_api' retrieved from /home/usmail/sys_fraud/sys_detection_frauds/lib/python3.12/site-packages/airflow/example_dags/tutorial_taskflow_api.py
[2025-03-21T21:15:50.515+0000] {logging_mixin.py:190} INFO - [2025-03-21T21:15:50.514+0000] {dag.py:3239} INFO - Sync 1 DAGs
[2025-03-21T21:15:50.532+0000] {logging_mixin.py:190} INFO - [2025-03-21T21:15:50.531+0000] {dag.py:4180} INFO - Setting next_dagrun for tutorial_taskflow_api to None, run_after=None
[2025-03-21T21:15:50.551+0000] {processor.py:208} INFO - Processing /home/usmail/sys_fraud/sys_detection_frauds/lib/python3.12/site-packages/airflow/example_dags/tutorial_taskflow_api.py took 0.096 seconds
[2025-03-21T21:16:53.790+0000] {processor.py:186} INFO - Started process (PID=3746705) to work on /home/usmail/sys_fraud/sys_detection_frauds/lib/python3.12/site-packages/airflow/example_dags/tutorial_taskflow_api.py
[2025-03-21T21:16:53.799+0000] {processor.py:914} INFO - Processing file /home/usmail/sys_fraud/sys_detection_frauds/lib/python3.12/site-packages/airflow/example_dags/tutorial_taskflow_api.py for tasks to queue
[2025-03-21T21:16:53.802+0000] {logging_mixin.py:190} INFO - [2025-03-21T21:16:53.802+0000] {dagbag.py:588} INFO - Filling up the DagBag from /home/usmail/sys_fraud/sys_detection_frauds/lib/python3.12/site-packages/airflow/example_dags/tutorial_taskflow_api.py
[2025-03-21T21:16:53.816+0000] {processor.py:925} INFO - DAG(s) 'tutorial_taskflow_api' retrieved from /home/usmail/sys_fraud/sys_detection_frauds/lib/python3.12/site-packages/airflow/example_dags/tutorial_taskflow_api.py
[2025-03-21T21:16:53.839+0000] {logging_mixin.py:190} INFO - [2025-03-21T21:16:53.839+0000] {dag.py:3239} INFO - Sync 1 DAGs
[2025-03-21T21:16:53.857+0000] {logging_mixin.py:190} INFO - [2025-03-21T21:16:53.856+0000] {dag.py:4180} INFO - Setting next_dagrun for tutorial_taskflow_api to None, run_after=None
[2025-03-21T21:16:53.874+0000] {processor.py:208} INFO - Processing /home/usmail/sys_fraud/sys_detection_frauds/lib/python3.12/site-packages/airflow/example_dags/tutorial_taskflow_api.py took 0.097 seconds
[2025-03-21T21:17:55.879+0000] {processor.py:186} INFO - Started process (PID=3747483) to work on /home/usmail/sys_fraud/sys_detection_frauds/lib/python3.12/site-packages/airflow/example_dags/tutorial_taskflow_api.py
[2025-03-21T21:17:55.888+0000] {processor.py:914} INFO - Processing file /home/usmail/sys_fraud/sys_detection_frauds/lib/python3.12/site-packages/airflow/example_dags/tutorial_taskflow_api.py for tasks to queue
[2025-03-21T21:17:55.891+0000] {logging_mixin.py:190} INFO - [2025-03-21T21:17:55.891+0000] {dagbag.py:588} INFO - Filling up the DagBag from /home/usmail/sys_fraud/sys_detection_frauds/lib/python3.12/site-packages/airflow/example_dags/tutorial_taskflow_api.py
[2025-03-21T21:17:55.904+0000] {processor.py:925} INFO - DAG(s) 'tutorial_taskflow_api' retrieved from /home/usmail/sys_fraud/sys_detection_frauds/lib/python3.12/site-packages/airflow/example_dags/tutorial_taskflow_api.py
[2025-03-21T21:17:55.927+0000] {logging_mixin.py:190} INFO - [2025-03-21T21:17:55.927+0000] {dag.py:3239} INFO - Sync 1 DAGs
[2025-03-21T21:17:55.943+0000] {logging_mixin.py:190} INFO - [2025-03-21T21:17:55.943+0000] {dag.py:4180} INFO - Setting next_dagrun for tutorial_taskflow_api to None, run_after=None
[2025-03-21T21:17:55.959+0000] {processor.py:208} INFO - Processing /home/usmail/sys_fraud/sys_detection_frauds/lib/python3.12/site-packages/airflow/example_dags/tutorial_taskflow_api.py took 0.092 seconds
[2025-03-21T21:19:01.220+0000] {processor.py:186} INFO - Started process (PID=3748263) to work on /home/usmail/sys_fraud/sys_detection_frauds/lib/python3.12/site-packages/airflow/example_dags/tutorial_taskflow_api.py
[2025-03-21T21:19:01.229+0000] {processor.py:914} INFO - Processing file /home/usmail/sys_fraud/sys_detection_frauds/lib/python3.12/site-packages/airflow/example_dags/tutorial_taskflow_api.py for tasks to queue
[2025-03-21T21:19:01.232+0000] {logging_mixin.py:190} INFO - [2025-03-21T21:19:01.232+0000] {dagbag.py:588} INFO - Filling up the DagBag from /home/usmail/sys_fraud/sys_detection_frauds/lib/python3.12/site-packages/airflow/example_dags/tutorial_taskflow_api.py
[2025-03-21T21:19:01.246+0000] {processor.py:925} INFO - DAG(s) 'tutorial_taskflow_api' retrieved from /home/usmail/sys_fraud/sys_detection_frauds/lib/python3.12/site-packages/airflow/example_dags/tutorial_taskflow_api.py
[2025-03-21T21:19:01.268+0000] {logging_mixin.py:190} INFO - [2025-03-21T21:19:01.268+0000] {dag.py:3239} INFO - Sync 1 DAGs
[2025-03-21T21:19:01.286+0000] {logging_mixin.py:190} INFO - [2025-03-21T21:19:01.285+0000] {dag.py:4180} INFO - Setting next_dagrun for tutorial_taskflow_api to None, run_after=None
[2025-03-21T21:19:01.325+0000] {processor.py:208} INFO - Processing /home/usmail/sys_fraud/sys_detection_frauds/lib/python3.12/site-packages/airflow/example_dags/tutorial_taskflow_api.py took 0.117 seconds
[2025-03-21T21:20:05.240+0000] {processor.py:186} INFO - Started process (PID=3749039) to work on /home/usmail/sys_fraud/sys_detection_frauds/lib/python3.12/site-packages/airflow/example_dags/tutorial_taskflow_api.py
[2025-03-21T21:20:05.249+0000] {processor.py:914} INFO - Processing file /home/usmail/sys_fraud/sys_detection_frauds/lib/python3.12/site-packages/airflow/example_dags/tutorial_taskflow_api.py for tasks to queue
[2025-03-21T21:20:05.253+0000] {logging_mixin.py:190} INFO - [2025-03-21T21:20:05.252+0000] {dagbag.py:588} INFO - Filling up the DagBag from /home/usmail/sys_fraud/sys_detection_frauds/lib/python3.12/site-packages/airflow/example_dags/tutorial_taskflow_api.py
[2025-03-21T21:20:05.266+0000] {processor.py:925} INFO - DAG(s) 'tutorial_taskflow_api' retrieved from /home/usmail/sys_fraud/sys_detection_frauds/lib/python3.12/site-packages/airflow/example_dags/tutorial_taskflow_api.py
[2025-03-21T21:20:05.287+0000] {logging_mixin.py:190} INFO - [2025-03-21T21:20:05.287+0000] {dag.py:3239} INFO - Sync 1 DAGs
[2025-03-21T21:20:05.305+0000] {logging_mixin.py:190} INFO - [2025-03-21T21:20:05.305+0000] {dag.py:4180} INFO - Setting next_dagrun for tutorial_taskflow_api to None, run_after=None
[2025-03-21T21:20:05.326+0000] {processor.py:208} INFO - Processing /home/usmail/sys_fraud/sys_detection_frauds/lib/python3.12/site-packages/airflow/example_dags/tutorial_taskflow_api.py took 0.099 seconds
[2025-03-21T21:21:07.704+0000] {processor.py:186} INFO - Started process (PID=3749786) to work on /home/usmail/sys_fraud/sys_detection_frauds/lib/python3.12/site-packages/airflow/example_dags/tutorial_taskflow_api.py
[2025-03-21T21:21:07.713+0000] {processor.py:914} INFO - Processing file /home/usmail/sys_fraud/sys_detection_frauds/lib/python3.12/site-packages/airflow/example_dags/tutorial_taskflow_api.py for tasks to queue
[2025-03-21T21:21:07.716+0000] {logging_mixin.py:190} INFO - [2025-03-21T21:21:07.716+0000] {dagbag.py:588} INFO - Filling up the DagBag from /home/usmail/sys_fraud/sys_detection_frauds/lib/python3.12/site-packages/airflow/example_dags/tutorial_taskflow_api.py
[2025-03-21T21:21:07.730+0000] {processor.py:925} INFO - DAG(s) 'tutorial_taskflow_api' retrieved from /home/usmail/sys_fraud/sys_detection_frauds/lib/python3.12/site-packages/airflow/example_dags/tutorial_taskflow_api.py
[2025-03-21T21:21:07.752+0000] {logging_mixin.py:190} INFO - [2025-03-21T21:21:07.752+0000] {dag.py:3239} INFO - Sync 1 DAGs
[2025-03-21T21:21:07.770+0000] {logging_mixin.py:190} INFO - [2025-03-21T21:21:07.770+0000] {dag.py:4180} INFO - Setting next_dagrun for tutorial_taskflow_api to None, run_after=None
[2025-03-21T21:21:07.802+0000] {processor.py:208} INFO - Processing /home/usmail/sys_fraud/sys_detection_frauds/lib/python3.12/site-packages/airflow/example_dags/tutorial_taskflow_api.py took 0.110 seconds
[2025-03-21T21:22:15.753+0000] {processor.py:186} INFO - Started process (PID=3750658) to work on /home/usmail/sys_fraud/sys_detection_frauds/lib/python3.12/site-packages/airflow/example_dags/tutorial_taskflow_api.py
[2025-03-21T21:22:15.762+0000] {processor.py:914} INFO - Processing file /home/usmail/sys_fraud/sys_detection_frauds/lib/python3.12/site-packages/airflow/example_dags/tutorial_taskflow_api.py for tasks to queue
[2025-03-21T21:22:15.765+0000] {logging_mixin.py:190} INFO - [2025-03-21T21:22:15.765+0000] {dagbag.py:588} INFO - Filling up the DagBag from /home/usmail/sys_fraud/sys_detection_frauds/lib/python3.12/site-packages/airflow/example_dags/tutorial_taskflow_api.py
[2025-03-21T21:22:15.778+0000] {processor.py:925} INFO - DAG(s) 'tutorial_taskflow_api' retrieved from /home/usmail/sys_fraud/sys_detection_frauds/lib/python3.12/site-packages/airflow/example_dags/tutorial_taskflow_api.py
[2025-03-21T21:22:15.803+0000] {logging_mixin.py:190} INFO - [2025-03-21T21:22:15.802+0000] {dag.py:3239} INFO - Sync 1 DAGs
[2025-03-21T21:22:15.819+0000] {logging_mixin.py:190} INFO - [2025-03-21T21:22:15.819+0000] {dag.py:4180} INFO - Setting next_dagrun for tutorial_taskflow_api to None, run_after=None
[2025-03-21T21:22:15.835+0000] {processor.py:208} INFO - Processing /home/usmail/sys_fraud/sys_detection_frauds/lib/python3.12/site-packages/airflow/example_dags/tutorial_taskflow_api.py took 0.094 seconds
[2025-03-21T21:23:20.295+0000] {processor.py:186} INFO - Started process (PID=3751443) to work on /home/usmail/sys_fraud/sys_detection_frauds/lib/python3.12/site-packages/airflow/example_dags/tutorial_taskflow_api.py
[2025-03-21T21:23:20.304+0000] {processor.py:914} INFO - Processing file /home/usmail/sys_fraud/sys_detection_frauds/lib/python3.12/site-packages/airflow/example_dags/tutorial_taskflow_api.py for tasks to queue
[2025-03-21T21:23:20.307+0000] {logging_mixin.py:190} INFO - [2025-03-21T21:23:20.306+0000] {dagbag.py:588} INFO - Filling up the DagBag from /home/usmail/sys_fraud/sys_detection_frauds/lib/python3.12/site-packages/airflow/example_dags/tutorial_taskflow_api.py
[2025-03-21T21:23:20.320+0000] {processor.py:925} INFO - DAG(s) 'tutorial_taskflow_api' retrieved from /home/usmail/sys_fraud/sys_detection_frauds/lib/python3.12/site-packages/airflow/example_dags/tutorial_taskflow_api.py
[2025-03-21T21:23:20.342+0000] {logging_mixin.py:190} INFO - [2025-03-21T21:23:20.341+0000] {dag.py:3239} INFO - Sync 1 DAGs
[2025-03-21T21:23:20.353+0000] {logging_mixin.py:190} INFO - [2025-03-21T21:23:20.353+0000] {dag.py:4180} INFO - Setting next_dagrun for tutorial_taskflow_api to None, run_after=None
[2025-03-21T21:23:20.368+0000] {processor.py:208} INFO - Processing /home/usmail/sys_fraud/sys_detection_frauds/lib/python3.12/site-packages/airflow/example_dags/tutorial_taskflow_api.py took 0.085 seconds
[2025-03-21T21:24:21.583+0000] {processor.py:186} INFO - Started process (PID=3752127) to work on /home/usmail/sys_fraud/sys_detection_frauds/lib/python3.12/site-packages/airflow/example_dags/tutorial_taskflow_api.py
[2025-03-21T21:24:21.584+0000] {processor.py:914} INFO - Processing file /home/usmail/sys_fraud/sys_detection_frauds/lib/python3.12/site-packages/airflow/example_dags/tutorial_taskflow_api.py for tasks to queue
[2025-03-21T21:24:21.587+0000] {logging_mixin.py:190} INFO - [2025-03-21T21:24:21.587+0000] {dagbag.py:588} INFO - Filling up the DagBag from /home/usmail/sys_fraud/sys_detection_frauds/lib/python3.12/site-packages/airflow/example_dags/tutorial_taskflow_api.py
[2025-03-21T21:24:21.600+0000] {processor.py:925} INFO - DAG(s) 'tutorial_taskflow_api' retrieved from /home/usmail/sys_fraud/sys_detection_frauds/lib/python3.12/site-packages/airflow/example_dags/tutorial_taskflow_api.py
[2025-03-21T21:24:21.623+0000] {logging_mixin.py:190} INFO - [2025-03-21T21:24:21.622+0000] {dag.py:3239} INFO - Sync 1 DAGs
[2025-03-21T21:24:21.644+0000] {logging_mixin.py:190} INFO - [2025-03-21T21:24:21.643+0000] {dag.py:4180} INFO - Setting next_dagrun for tutorial_taskflow_api to None, run_after=None
[2025-03-21T21:24:21.674+0000] {processor.py:208} INFO - Processing /home/usmail/sys_fraud/sys_detection_frauds/lib/python3.12/site-packages/airflow/example_dags/tutorial_taskflow_api.py took 0.105 seconds
[2025-03-21T21:25:23.713+0000] {processor.py:186} INFO - Started process (PID=3752803) to work on /home/usmail/sys_fraud/sys_detection_frauds/lib/python3.12/site-packages/airflow/example_dags/tutorial_taskflow_api.py
[2025-03-21T21:25:23.723+0000] {processor.py:914} INFO - Processing file /home/usmail/sys_fraud/sys_detection_frauds/lib/python3.12/site-packages/airflow/example_dags/tutorial_taskflow_api.py for tasks to queue
[2025-03-21T21:25:23.726+0000] {logging_mixin.py:190} INFO - [2025-03-21T21:25:23.725+0000] {dagbag.py:588} INFO - Filling up the DagBag from /home/usmail/sys_fraud/sys_detection_frauds/lib/python3.12/site-packages/airflow/example_dags/tutorial_taskflow_api.py
[2025-03-21T21:25:23.739+0000] {processor.py:925} INFO - DAG(s) 'tutorial_taskflow_api' retrieved from /home/usmail/sys_fraud/sys_detection_frauds/lib/python3.12/site-packages/airflow/example_dags/tutorial_taskflow_api.py
[2025-03-21T21:25:23.761+0000] {logging_mixin.py:190} INFO - [2025-03-21T21:25:23.760+0000] {dag.py:3239} INFO - Sync 1 DAGs
[2025-03-21T21:25:23.779+0000] {logging_mixin.py:190} INFO - [2025-03-21T21:25:23.778+0000] {dag.py:4180} INFO - Setting next_dagrun for tutorial_taskflow_api to None, run_after=None
[2025-03-21T21:25:23.801+0000] {processor.py:208} INFO - Processing /home/usmail/sys_fraud/sys_detection_frauds/lib/python3.12/site-packages/airflow/example_dags/tutorial_taskflow_api.py took 0.100 seconds
[2025-03-21T21:26:29.586+0000] {processor.py:186} INFO - Started process (PID=3753484) to work on /home/usmail/sys_fraud/sys_detection_frauds/lib/python3.12/site-packages/airflow/example_dags/tutorial_taskflow_api.py
[2025-03-21T21:26:29.595+0000] {processor.py:914} INFO - Processing file /home/usmail/sys_fraud/sys_detection_frauds/lib/python3.12/site-packages/airflow/example_dags/tutorial_taskflow_api.py for tasks to queue
[2025-03-21T21:26:29.598+0000] {logging_mixin.py:190} INFO - [2025-03-21T21:26:29.598+0000] {dagbag.py:588} INFO - Filling up the DagBag from /home/usmail/sys_fraud/sys_detection_frauds/lib/python3.12/site-packages/airflow/example_dags/tutorial_taskflow_api.py
[2025-03-21T21:26:29.611+0000] {processor.py:925} INFO - DAG(s) 'tutorial_taskflow_api' retrieved from /home/usmail/sys_fraud/sys_detection_frauds/lib/python3.12/site-packages/airflow/example_dags/tutorial_taskflow_api.py
[2025-03-21T21:26:29.633+0000] {logging_mixin.py:190} INFO - [2025-03-21T21:26:29.632+0000] {dag.py:3239} INFO - Sync 1 DAGs
[2025-03-21T21:26:29.650+0000] {logging_mixin.py:190} INFO - [2025-03-21T21:26:29.650+0000] {dag.py:4180} INFO - Setting next_dagrun for tutorial_taskflow_api to None, run_after=None
[2025-03-21T21:26:29.667+0000] {processor.py:208} INFO - Processing /home/usmail/sys_fraud/sys_detection_frauds/lib/python3.12/site-packages/airflow/example_dags/tutorial_taskflow_api.py took 0.094 seconds
[2025-03-21T21:27:33.244+0000] {processor.py:186} INFO - Started process (PID=3754157) to work on /home/usmail/sys_fraud/sys_detection_frauds/lib/python3.12/site-packages/airflow/example_dags/tutorial_taskflow_api.py
[2025-03-21T21:27:33.253+0000] {processor.py:914} INFO - Processing file /home/usmail/sys_fraud/sys_detection_frauds/lib/python3.12/site-packages/airflow/example_dags/tutorial_taskflow_api.py for tasks to queue
[2025-03-21T21:27:33.257+0000] {logging_mixin.py:190} INFO - [2025-03-21T21:27:33.256+0000] {dagbag.py:588} INFO - Filling up the DagBag from /home/usmail/sys_fraud/sys_detection_frauds/lib/python3.12/site-packages/airflow/example_dags/tutorial_taskflow_api.py
[2025-03-21T21:27:33.270+0000] {processor.py:925} INFO - DAG(s) 'tutorial_taskflow_api' retrieved from /home/usmail/sys_fraud/sys_detection_frauds/lib/python3.12/site-packages/airflow/example_dags/tutorial_taskflow_api.py
[2025-03-21T21:27:33.291+0000] {logging_mixin.py:190} INFO - [2025-03-21T21:27:33.291+0000] {dag.py:3239} INFO - Sync 1 DAGs
[2025-03-21T21:27:33.309+0000] {logging_mixin.py:190} INFO - [2025-03-21T21:27:33.308+0000] {dag.py:4180} INFO - Setting next_dagrun for tutorial_taskflow_api to None, run_after=None
[2025-03-21T21:27:33.342+0000] {processor.py:208} INFO - Processing /home/usmail/sys_fraud/sys_detection_frauds/lib/python3.12/site-packages/airflow/example_dags/tutorial_taskflow_api.py took 0.110 seconds
[2025-03-21T21:28:31.688+0000] {processor.py:186} INFO - Started process (PID=3754764) to work on /home/usmail/sys_fraud/sys_detection_frauds/lib/python3.12/site-packages/airflow/example_dags/tutorial_taskflow_api.py
[2025-03-21T21:28:31.697+0000] {processor.py:914} INFO - Processing file /home/usmail/sys_fraud/sys_detection_frauds/lib/python3.12/site-packages/airflow/example_dags/tutorial_taskflow_api.py for tasks to queue
[2025-03-21T21:28:31.700+0000] {logging_mixin.py:190} INFO - [2025-03-21T21:28:31.700+0000] {dagbag.py:588} INFO - Filling up the DagBag from /home/usmail/sys_fraud/sys_detection_frauds/lib/python3.12/site-packages/airflow/example_dags/tutorial_taskflow_api.py
[2025-03-21T21:28:31.713+0000] {processor.py:925} INFO - DAG(s) 'tutorial_taskflow_api' retrieved from /home/usmail/sys_fraud/sys_detection_frauds/lib/python3.12/site-packages/airflow/example_dags/tutorial_taskflow_api.py
[2025-03-21T21:28:31.734+0000] {logging_mixin.py:190} INFO - [2025-03-21T21:28:31.734+0000] {dag.py:3239} INFO - Sync 1 DAGs
[2025-03-21T21:28:31.752+0000] {logging_mixin.py:190} INFO - [2025-03-21T21:28:31.751+0000] {dag.py:4180} INFO - Setting next_dagrun for tutorial_taskflow_api to None, run_after=None
[2025-03-21T21:28:31.782+0000] {processor.py:208} INFO - Processing /home/usmail/sys_fraud/sys_detection_frauds/lib/python3.12/site-packages/airflow/example_dags/tutorial_taskflow_api.py took 0.109 seconds
[2025-03-21T21:29:35.309+0000] {processor.py:186} INFO - Started process (PID=3755445) to work on /home/usmail/sys_fraud/sys_detection_frauds/lib/python3.12/site-packages/airflow/example_dags/tutorial_taskflow_api.py
[2025-03-21T21:29:35.318+0000] {processor.py:914} INFO - Processing file /home/usmail/sys_fraud/sys_detection_frauds/lib/python3.12/site-packages/airflow/example_dags/tutorial_taskflow_api.py for tasks to queue
[2025-03-21T21:29:35.321+0000] {logging_mixin.py:190} INFO - [2025-03-21T21:29:35.321+0000] {dagbag.py:588} INFO - Filling up the DagBag from /home/usmail/sys_fraud/sys_detection_frauds/lib/python3.12/site-packages/airflow/example_dags/tutorial_taskflow_api.py
[2025-03-21T21:29:35.334+0000] {processor.py:925} INFO - DAG(s) 'tutorial_taskflow_api' retrieved from /home/usmail/sys_fraud/sys_detection_frauds/lib/python3.12/site-packages/airflow/example_dags/tutorial_taskflow_api.py
[2025-03-21T21:29:35.356+0000] {logging_mixin.py:190} INFO - [2025-03-21T21:29:35.355+0000] {dag.py:3239} INFO - Sync 1 DAGs
[2025-03-21T21:29:35.374+0000] {logging_mixin.py:190} INFO - [2025-03-21T21:29:35.374+0000] {dag.py:4180} INFO - Setting next_dagrun for tutorial_taskflow_api to None, run_after=None
[2025-03-21T21:29:35.407+0000] {processor.py:208} INFO - Processing /home/usmail/sys_fraud/sys_detection_frauds/lib/python3.12/site-packages/airflow/example_dags/tutorial_taskflow_api.py took 0.109 seconds
[2025-03-21T21:30:40.110+0000] {processor.py:186} INFO - Started process (PID=3756105) to work on /home/usmail/sys_fraud/sys_detection_frauds/lib/python3.12/site-packages/airflow/example_dags/tutorial_taskflow_api.py
[2025-03-21T21:30:40.119+0000] {processor.py:914} INFO - Processing file /home/usmail/sys_fraud/sys_detection_frauds/lib/python3.12/site-packages/airflow/example_dags/tutorial_taskflow_api.py for tasks to queue
[2025-03-21T21:30:40.122+0000] {logging_mixin.py:190} INFO - [2025-03-21T21:30:40.121+0000] {dagbag.py:588} INFO - Filling up the DagBag from /home/usmail/sys_fraud/sys_detection_frauds/lib/python3.12/site-packages/airflow/example_dags/tutorial_taskflow_api.py
[2025-03-21T21:30:40.134+0000] {processor.py:925} INFO - DAG(s) 'tutorial_taskflow_api' retrieved from /home/usmail/sys_fraud/sys_detection_frauds/lib/python3.12/site-packages/airflow/example_dags/tutorial_taskflow_api.py
[2025-03-21T21:30:40.161+0000] {logging_mixin.py:190} INFO - [2025-03-21T21:30:40.161+0000] {dag.py:3239} INFO - Sync 1 DAGs
[2025-03-21T21:30:40.177+0000] {logging_mixin.py:190} INFO - [2025-03-21T21:30:40.177+0000] {dag.py:4180} INFO - Setting next_dagrun for tutorial_taskflow_api to None, run_after=None
[2025-03-21T21:30:40.220+0000] {processor.py:208} INFO - Processing /home/usmail/sys_fraud/sys_detection_frauds/lib/python3.12/site-packages/airflow/example_dags/tutorial_taskflow_api.py took 0.121 seconds
[2025-03-21T21:31:45.668+0000] {processor.py:186} INFO - Started process (PID=3756793) to work on /home/usmail/sys_fraud/sys_detection_frauds/lib/python3.12/site-packages/airflow/example_dags/tutorial_taskflow_api.py
[2025-03-21T21:31:45.678+0000] {processor.py:914} INFO - Processing file /home/usmail/sys_fraud/sys_detection_frauds/lib/python3.12/site-packages/airflow/example_dags/tutorial_taskflow_api.py for tasks to queue
[2025-03-21T21:31:45.681+0000] {logging_mixin.py:190} INFO - [2025-03-21T21:31:45.680+0000] {dagbag.py:588} INFO - Filling up the DagBag from /home/usmail/sys_fraud/sys_detection_frauds/lib/python3.12/site-packages/airflow/example_dags/tutorial_taskflow_api.py
[2025-03-21T21:31:45.694+0000] {processor.py:925} INFO - DAG(s) 'tutorial_taskflow_api' retrieved from /home/usmail/sys_fraud/sys_detection_frauds/lib/python3.12/site-packages/airflow/example_dags/tutorial_taskflow_api.py
[2025-03-21T21:31:45.717+0000] {logging_mixin.py:190} INFO - [2025-03-21T21:31:45.717+0000] {dag.py:3239} INFO - Sync 1 DAGs
[2025-03-21T21:31:45.734+0000] {logging_mixin.py:190} INFO - [2025-03-21T21:31:45.734+0000] {dag.py:4180} INFO - Setting next_dagrun for tutorial_taskflow_api to None, run_after=None
[2025-03-21T21:31:45.763+0000] {processor.py:208} INFO - Processing /home/usmail/sys_fraud/sys_detection_frauds/lib/python3.12/site-packages/airflow/example_dags/tutorial_taskflow_api.py took 0.107 seconds
[2025-03-21T21:32:49.819+0000] {processor.py:186} INFO - Started process (PID=3757479) to work on /home/usmail/sys_fraud/sys_detection_frauds/lib/python3.12/site-packages/airflow/example_dags/tutorial_taskflow_api.py
[2025-03-21T21:32:49.829+0000] {processor.py:914} INFO - Processing file /home/usmail/sys_fraud/sys_detection_frauds/lib/python3.12/site-packages/airflow/example_dags/tutorial_taskflow_api.py for tasks to queue
[2025-03-21T21:32:49.832+0000] {logging_mixin.py:190} INFO - [2025-03-21T21:32:49.831+0000] {dagbag.py:588} INFO - Filling up the DagBag from /home/usmail/sys_fraud/sys_detection_frauds/lib/python3.12/site-packages/airflow/example_dags/tutorial_taskflow_api.py
[2025-03-21T21:32:49.845+0000] {processor.py:925} INFO - DAG(s) 'tutorial_taskflow_api' retrieved from /home/usmail/sys_fraud/sys_detection_frauds/lib/python3.12/site-packages/airflow/example_dags/tutorial_taskflow_api.py
[2025-03-21T21:32:49.869+0000] {logging_mixin.py:190} INFO - [2025-03-21T21:32:49.868+0000] {dag.py:3239} INFO - Sync 1 DAGs
[2025-03-21T21:32:49.886+0000] {logging_mixin.py:190} INFO - [2025-03-21T21:32:49.885+0000] {dag.py:4180} INFO - Setting next_dagrun for tutorial_taskflow_api to None, run_after=None
[2025-03-21T21:32:49.931+0000] {processor.py:208} INFO - Processing /home/usmail/sys_fraud/sys_detection_frauds/lib/python3.12/site-packages/airflow/example_dags/tutorial_taskflow_api.py took 0.124 seconds
[2025-03-21T22:19:23.561+0000] {processor.py:186} INFO - Started process (PID=3758469) to work on /home/usmail/sys_fraud/sys_detection_frauds/lib/python3.12/site-packages/airflow/example_dags/tutorial_taskflow_api.py
[2025-03-21T22:19:23.563+0000] {processor.py:914} INFO - Processing file /home/usmail/sys_fraud/sys_detection_frauds/lib/python3.12/site-packages/airflow/example_dags/tutorial_taskflow_api.py for tasks to queue
[2025-03-21T22:19:23.566+0000] {logging_mixin.py:190} INFO - [2025-03-21T22:19:23.566+0000] {dagbag.py:588} INFO - Filling up the DagBag from /home/usmail/sys_fraud/sys_detection_frauds/lib/python3.12/site-packages/airflow/example_dags/tutorial_taskflow_api.py
[2025-03-21T22:19:23.576+0000] {processor.py:925} INFO - DAG(s) 'tutorial_taskflow_api' retrieved from /home/usmail/sys_fraud/sys_detection_frauds/lib/python3.12/site-packages/airflow/example_dags/tutorial_taskflow_api.py
[2025-03-21T22:19:23.591+0000] {logging_mixin.py:190} INFO - [2025-03-21T22:19:23.590+0000] {dag.py:3239} INFO - Sync 1 DAGs
[2025-03-21T22:19:23.606+0000] {logging_mixin.py:190} INFO - [2025-03-21T22:19:23.606+0000] {dag.py:4180} INFO - Setting next_dagrun for tutorial_taskflow_api to None, run_after=None
[2025-03-21T22:19:23.625+0000] {processor.py:208} INFO - Processing /home/usmail/sys_fraud/sys_detection_frauds/lib/python3.12/site-packages/airflow/example_dags/tutorial_taskflow_api.py took 0.072 seconds
[2025-03-21T22:20:19.725+0000] {processor.py:186} INFO - Started process (PID=3759430) to work on /home/usmail/sys_fraud/sys_detection_frauds/lib/python3.12/site-packages/airflow/example_dags/tutorial_taskflow_api.py
[2025-03-21T22:20:19.726+0000] {processor.py:914} INFO - Processing file /home/usmail/sys_fraud/sys_detection_frauds/lib/python3.12/site-packages/airflow/example_dags/tutorial_taskflow_api.py for tasks to queue
[2025-03-21T22:20:19.728+0000] {logging_mixin.py:190} INFO - [2025-03-21T22:20:19.727+0000] {dagbag.py:588} INFO - Filling up the DagBag from /home/usmail/sys_fraud/sys_detection_frauds/lib/python3.12/site-packages/airflow/example_dags/tutorial_taskflow_api.py
[2025-03-21T22:20:19.737+0000] {processor.py:925} INFO - DAG(s) 'tutorial_taskflow_api' retrieved from /home/usmail/sys_fraud/sys_detection_frauds/lib/python3.12/site-packages/airflow/example_dags/tutorial_taskflow_api.py
[2025-03-21T22:20:19.751+0000] {logging_mixin.py:190} INFO - [2025-03-21T22:20:19.750+0000] {dag.py:3239} INFO - Sync 1 DAGs
[2025-03-21T22:20:19.762+0000] {logging_mixin.py:190} INFO - [2025-03-21T22:20:19.762+0000] {dag.py:4180} INFO - Setting next_dagrun for tutorial_taskflow_api to None, run_after=None
[2025-03-21T22:20:19.786+0000] {processor.py:208} INFO - Processing /home/usmail/sys_fraud/sys_detection_frauds/lib/python3.12/site-packages/airflow/example_dags/tutorial_taskflow_api.py took 0.068 seconds
[2025-03-21T22:21:22.364+0000] {processor.py:186} INFO - Started process (PID=3760164) to work on /home/usmail/sys_fraud/sys_detection_frauds/lib/python3.12/site-packages/airflow/example_dags/tutorial_taskflow_api.py
[2025-03-21T22:21:22.365+0000] {processor.py:914} INFO - Processing file /home/usmail/sys_fraud/sys_detection_frauds/lib/python3.12/site-packages/airflow/example_dags/tutorial_taskflow_api.py for tasks to queue
[2025-03-21T22:21:22.367+0000] {logging_mixin.py:190} INFO - [2025-03-21T22:21:22.367+0000] {dagbag.py:588} INFO - Filling up the DagBag from /home/usmail/sys_fraud/sys_detection_frauds/lib/python3.12/site-packages/airflow/example_dags/tutorial_taskflow_api.py
[2025-03-21T22:21:22.381+0000] {processor.py:925} INFO - DAG(s) 'tutorial_taskflow_api' retrieved from /home/usmail/sys_fraud/sys_detection_frauds/lib/python3.12/site-packages/airflow/example_dags/tutorial_taskflow_api.py
[2025-03-21T22:21:22.403+0000] {logging_mixin.py:190} INFO - [2025-03-21T22:21:22.403+0000] {dag.py:3239} INFO - Sync 1 DAGs
[2025-03-21T22:21:22.419+0000] {logging_mixin.py:190} INFO - [2025-03-21T22:21:22.419+0000] {dag.py:4180} INFO - Setting next_dagrun for tutorial_taskflow_api to None, run_after=None
[2025-03-21T22:21:22.435+0000] {processor.py:208} INFO - Processing /home/usmail/sys_fraud/sys_detection_frauds/lib/python3.12/site-packages/airflow/example_dags/tutorial_taskflow_api.py took 0.084 seconds
[2025-03-21T22:22:23.347+0000] {processor.py:186} INFO - Started process (PID=3761253) to work on /home/usmail/sys_fraud/sys_detection_frauds/lib/python3.12/site-packages/airflow/example_dags/tutorial_taskflow_api.py
[2025-03-21T22:22:23.356+0000] {processor.py:914} INFO - Processing file /home/usmail/sys_fraud/sys_detection_frauds/lib/python3.12/site-packages/airflow/example_dags/tutorial_taskflow_api.py for tasks to queue
[2025-03-21T22:22:23.359+0000] {logging_mixin.py:190} INFO - [2025-03-21T22:22:23.358+0000] {dagbag.py:588} INFO - Filling up the DagBag from /home/usmail/sys_fraud/sys_detection_frauds/lib/python3.12/site-packages/airflow/example_dags/tutorial_taskflow_api.py
[2025-03-21T22:22:23.367+0000] {processor.py:925} INFO - DAG(s) 'tutorial_taskflow_api' retrieved from /home/usmail/sys_fraud/sys_detection_frauds/lib/python3.12/site-packages/airflow/example_dags/tutorial_taskflow_api.py
[2025-03-21T22:22:23.382+0000] {logging_mixin.py:190} INFO - [2025-03-21T22:22:23.382+0000] {dag.py:3239} INFO - Sync 1 DAGs
[2025-03-21T22:22:23.397+0000] {logging_mixin.py:190} INFO - [2025-03-21T22:22:23.396+0000] {dag.py:4180} INFO - Setting next_dagrun for tutorial_taskflow_api to None, run_after=None
[2025-03-21T22:22:23.416+0000] {processor.py:208} INFO - Processing /home/usmail/sys_fraud/sys_detection_frauds/lib/python3.12/site-packages/airflow/example_dags/tutorial_taskflow_api.py took 0.078 seconds
