[2025-03-22T02:00:46.457+0000] {local_task_job_runner.py:123} INFO - ::group::Pre task execution logs
[2025-03-22T02:00:46.464+0000] {taskinstance.py:2614} INFO - Dependencies all met for dep_context=non-requeueable deps ti=<TaskInstance: fraud_detection_pipeline.load_to_hdfs scheduled__2025-03-21T00:00:00+00:00 [queued]>
[2025-03-22T02:00:46.468+0000] {taskinstance.py:2614} INFO - Dependencies all met for dep_context=requeueable deps ti=<TaskInstance: fraud_detection_pipeline.load_to_hdfs scheduled__2025-03-21T00:00:00+00:00 [queued]>
[2025-03-22T02:00:46.469+0000] {taskinstance.py:2867} INFO - Starting attempt 1 of 4
[2025-03-22T02:00:46.478+0000] {taskinstance.py:2890} INFO - Executing <Task(PythonOperator): load_to_hdfs> on 2025-03-21 00:00:00+00:00
[2025-03-22T02:00:46.481+0000] {standard_task_runner.py:72} INFO - Started process 3882336 to run task
[2025-03-22T02:00:46.483+0000] {standard_task_runner.py:104} INFO - Running: ['airflow', 'tasks', 'run', 'fraud_detection_pipeline', 'load_to_hdfs', 'scheduled__2025-03-21T00:00:00+00:00', '--job-id', '30', '--raw', '--subdir', 'DAGS_FOLDER/dags.py', '--cfg-path', '/tmp/tmpmwjag0jc']
[2025-03-22T02:00:46.484+0000] {standard_task_runner.py:105} INFO - Job 30: Subtask load_to_hdfs
[2025-03-22T02:00:46.502+0000] {task_command.py:467} INFO - Running <TaskInstance: fraud_detection_pipeline.load_to_hdfs scheduled__2025-03-21T00:00:00+00:00 [running]> on host usmail-ThinkBook-14-G2-ITL
[2025-03-22T02:00:46.540+0000] {taskinstance.py:3134} INFO - Exporting env vars: AIRFLOW_CTX_DAG_OWNER='airflow' AIRFLOW_CTX_DAG_ID='fraud_detection_pipeline' AIRFLOW_CTX_TASK_ID='load_to_hdfs' AIRFLOW_CTX_EXECUTION_DATE='2025-03-21T00:00:00+00:00' AIRFLOW_CTX_TRY_NUMBER='1' AIRFLOW_CTX_DAG_RUN_ID='scheduled__2025-03-21T00:00:00+00:00'
[2025-03-22T02:00:46.540+0000] {taskinstance.py:732} INFO - ::endgroup::
[2025-03-22T02:00:47.905+0000] {logging_mixin.py:190} WARNING - creating folder in HDFS
[2025-03-22T02:00:47.905+0000] {dags.py:75} INFO - creating folder in HDFS
[2025-03-22T02:00:47.908+0000] {logging_mixin.py:190} WARNING - Copying data to data into /hadoop_namenode mounted volume
[2025-03-22T02:00:47.907+0000] {dags.py:78} INFO - Copying data to data into /hadoop_namenode mounted volume
[2025-03-22T02:00:49.248+0000] {logging_mixin.py:190} WARNING - Data loaded to HDFS
[2025-03-22T02:00:49.248+0000] {dags.py:81} INFO - Data loaded to HDFS
[2025-03-22T02:00:49.248+0000] {python.py:240} INFO - Done. Returned value was: None
[2025-03-22T02:00:49.251+0000] {taskinstance.py:341} INFO - ::group::Post task execution logs
[2025-03-22T02:00:49.251+0000] {taskinstance.py:353} INFO - Marking task as SUCCESS. dag_id=fraud_detection_pipeline, task_id=load_to_hdfs, run_id=scheduled__2025-03-21T00:00:00+00:00, execution_date=20250321T000000, start_date=20250322T020046, end_date=20250322T020049
[2025-03-22T02:00:49.302+0000] {local_task_job_runner.py:266} INFO - Task exited with return code 0
[2025-03-22T02:00:49.311+0000] {taskinstance.py:3901} INFO - 1 downstream tasks scheduled from follow-on schedule check
[2025-03-22T02:00:49.314+0000] {local_task_job_runner.py:245} INFO - ::endgroup::
[2025-03-22T16:12:35.128+0000] {local_task_job_runner.py:123} INFO - ::group::Pre task execution logs
[2025-03-22T16:12:35.136+0000] {taskinstance.py:2614} INFO - Dependencies all met for dep_context=non-requeueable deps ti=<TaskInstance: fraud_detection_pipeline.load_to_hdfs scheduled__2025-03-21T00:00:00+00:00 [queued]>
[2025-03-22T16:12:35.141+0000] {taskinstance.py:2614} INFO - Dependencies all met for dep_context=requeueable deps ti=<TaskInstance: fraud_detection_pipeline.load_to_hdfs scheduled__2025-03-21T00:00:00+00:00 [queued]>
[2025-03-22T16:12:35.141+0000] {taskinstance.py:2867} INFO - Starting attempt 1 of 4
[2025-03-22T16:12:35.151+0000] {taskinstance.py:2890} INFO - Executing <Task(PythonOperator): load_to_hdfs> on 2025-03-21 00:00:00+00:00
[2025-03-22T16:12:35.155+0000] {standard_task_runner.py:72} INFO - Started process 97542 to run task
[2025-03-22T16:12:35.156+0000] {standard_task_runner.py:104} INFO - Running: ['airflow', 'tasks', 'run', 'fraud_detection_pipeline', 'load_to_hdfs', 'scheduled__2025-03-21T00:00:00+00:00', '--job-id', '12', '--raw', '--subdir', 'DAGS_FOLDER/dags.py', '--cfg-path', '/tmp/tmpqk5sxjz1']
[2025-03-22T16:12:35.157+0000] {standard_task_runner.py:105} INFO - Job 12: Subtask load_to_hdfs
[2025-03-22T16:12:35.178+0000] {task_command.py:467} INFO - Running <TaskInstance: fraud_detection_pipeline.load_to_hdfs scheduled__2025-03-21T00:00:00+00:00 [running]> on host usmail-ThinkBook-14-G2-ITL
[2025-03-22T16:12:35.213+0000] {taskinstance.py:3134} INFO - Exporting env vars: AIRFLOW_CTX_DAG_OWNER='airflow' AIRFLOW_CTX_DAG_ID='fraud_detection_pipeline' AIRFLOW_CTX_TASK_ID='load_to_hdfs' AIRFLOW_CTX_EXECUTION_DATE='2025-03-21T00:00:00+00:00' AIRFLOW_CTX_TRY_NUMBER='1' AIRFLOW_CTX_DAG_RUN_ID='scheduled__2025-03-21T00:00:00+00:00'
[2025-03-22T16:12:35.214+0000] {taskinstance.py:732} INFO - ::endgroup::
[2025-03-22T16:12:37.041+0000] {logging_mixin.py:190} WARNING - creating folder in HDFS
[2025-03-22T16:12:37.041+0000] {dags.py:75} INFO - creating folder in HDFS
[2025-03-22T16:12:37.043+0000] {logging_mixin.py:190} WARNING - Copying data to data into /hadoop_namenode mounted volume
[2025-03-22T16:12:37.043+0000] {dags.py:78} INFO - Copying data to data into /hadoop_namenode mounted volume
[2025-03-22T16:12:38.546+0000] {logging_mixin.py:190} WARNING - Data loaded to HDFS
[2025-03-22T16:12:38.546+0000] {dags.py:81} INFO - Data loaded to HDFS
[2025-03-22T16:12:38.546+0000] {python.py:240} INFO - Done. Returned value was: None
[2025-03-22T16:12:38.551+0000] {taskinstance.py:341} INFO - ::group::Post task execution logs
[2025-03-22T16:12:38.551+0000] {taskinstance.py:353} INFO - Marking task as SUCCESS. dag_id=fraud_detection_pipeline, task_id=load_to_hdfs, run_id=scheduled__2025-03-21T00:00:00+00:00, execution_date=20250321T000000, start_date=20250322T161235, end_date=20250322T161238
[2025-03-22T16:12:38.579+0000] {local_task_job_runner.py:266} INFO - Task exited with return code 0
[2025-03-22T16:12:38.596+0000] {taskinstance.py:3901} INFO - 1 downstream tasks scheduled from follow-on schedule check
[2025-03-22T16:12:38.600+0000] {local_task_job_runner.py:245} INFO - ::endgroup::
