[2025-03-22T20:53:10.172+0000] {local_task_job_runner.py:123} INFO - ::group::Pre task execution logs
[2025-03-22T20:53:10.181+0000] {taskinstance.py:2614} INFO - Dependencies all met for dep_context=non-requeueable deps ti=<TaskInstance: fraud_detection_pipeline.load_to_hdfs scheduled__2025-03-21T00:00:00+00:00 [queued]>
[2025-03-22T20:53:10.186+0000] {taskinstance.py:2614} INFO - Dependencies all met for dep_context=requeueable deps ti=<TaskInstance: fraud_detection_pipeline.load_to_hdfs scheduled__2025-03-21T00:00:00+00:00 [queued]>
[2025-03-22T20:53:10.186+0000] {taskinstance.py:2867} INFO - Starting attempt 3 of 6
[2025-03-22T20:53:10.195+0000] {taskinstance.py:2890} INFO - Executing <Task(PythonOperator): load_to_hdfs> on 2025-03-21 00:00:00+00:00
[2025-03-22T20:53:10.200+0000] {standard_task_runner.py:72} INFO - Started process 268121 to run task
[2025-03-22T20:53:10.201+0000] {standard_task_runner.py:104} INFO - Running: ['airflow', 'tasks', 'run', 'fraud_detection_pipeline', 'load_to_hdfs', 'scheduled__2025-03-21T00:00:00+00:00', '--job-id', '69', '--raw', '--subdir', 'DAGS_FOLDER/dags.py', '--cfg-path', '/tmp/tmpl1brt2im']
[2025-03-22T20:53:10.203+0000] {standard_task_runner.py:105} INFO - Job 69: Subtask load_to_hdfs
[2025-03-22T20:53:10.225+0000] {task_command.py:467} INFO - Running <TaskInstance: fraud_detection_pipeline.load_to_hdfs scheduled__2025-03-21T00:00:00+00:00 [running]> on host usmail-ThinkBook-14-G2-ITL
[2025-03-22T20:53:10.260+0000] {taskinstance.py:3134} INFO - Exporting env vars: AIRFLOW_CTX_DAG_OWNER='airflow' AIRFLOW_CTX_DAG_ID='fraud_detection_pipeline' AIRFLOW_CTX_TASK_ID='load_to_hdfs' AIRFLOW_CTX_EXECUTION_DATE='2025-03-21T00:00:00+00:00' AIRFLOW_CTX_TRY_NUMBER='3' AIRFLOW_CTX_DAG_RUN_ID='scheduled__2025-03-21T00:00:00+00:00'
[2025-03-22T20:53:10.260+0000] {taskinstance.py:732} INFO - ::endgroup::
[2025-03-22T20:53:12.165+0000] {logging_mixin.py:190} WARNING - creating folder in HDFS
[2025-03-22T20:53:12.165+0000] {dags.py:86} INFO - creating folder in HDFS
[2025-03-22T20:53:12.171+0000] {logging_mixin.py:190} WARNING - Copying data to data into /hadoop_namenode mounted volume
[2025-03-22T20:53:12.171+0000] {dags.py:89} INFO - Copying data to data into /hadoop_namenode mounted volume
[2025-03-22T20:53:13.603+0000] {logging_mixin.py:190} WARNING - Data loaded to HDFS
[2025-03-22T20:53:13.603+0000] {dags.py:92} INFO - Data loaded to HDFS
[2025-03-22T20:53:13.604+0000] {python.py:240} INFO - Done. Returned value was: None
[2025-03-22T20:53:13.608+0000] {taskinstance.py:341} INFO - ::group::Post task execution logs
[2025-03-22T20:53:13.608+0000] {taskinstance.py:353} INFO - Marking task as SUCCESS. dag_id=fraud_detection_pipeline, task_id=load_to_hdfs, run_id=scheduled__2025-03-21T00:00:00+00:00, execution_date=20250321T000000, start_date=20250322T205310, end_date=20250322T205313
[2025-03-22T20:53:13.664+0000] {local_task_job_runner.py:266} INFO - Task exited with return code 0
[2025-03-22T20:53:13.686+0000] {taskinstance.py:3901} INFO - 1 downstream tasks scheduled from follow-on schedule check
[2025-03-22T20:53:13.689+0000] {local_task_job_runner.py:245} INFO - ::endgroup::
