[2025-03-22T19:46:14.850+0000] {local_task_job_runner.py:123} INFO - ::group::Pre task execution logs
[2025-03-22T19:46:14.862+0000] {taskinstance.py:2614} INFO - Dependencies all met for dep_context=non-requeueable deps ti=<TaskInstance: fraud_detection_pipeline.load_to_hdfs scheduled__2025-03-21T00:00:00+00:00 [queued]>
[2025-03-22T19:46:14.867+0000] {taskinstance.py:2614} INFO - Dependencies all met for dep_context=requeueable deps ti=<TaskInstance: fraud_detection_pipeline.load_to_hdfs scheduled__2025-03-21T00:00:00+00:00 [queued]>
[2025-03-22T19:46:14.867+0000] {taskinstance.py:2867} INFO - Starting attempt 2 of 5
[2025-03-22T19:46:14.882+0000] {taskinstance.py:2890} INFO - Executing <Task(PythonOperator): load_to_hdfs> on 2025-03-21 00:00:00+00:00
[2025-03-22T19:46:14.885+0000] {standard_task_runner.py:72} INFO - Started process 220657 to run task
[2025-03-22T19:46:14.888+0000] {standard_task_runner.py:104} INFO - Running: ['airflow', 'tasks', 'run', 'fraud_detection_pipeline', 'load_to_hdfs', 'scheduled__2025-03-21T00:00:00+00:00', '--job-id', '65', '--raw', '--subdir', 'DAGS_FOLDER/dags.py', '--cfg-path', '/tmp/tmpn_9yo5os']
[2025-03-22T19:46:14.890+0000] {standard_task_runner.py:105} INFO - Job 65: Subtask load_to_hdfs
[2025-03-22T19:46:14.926+0000] {task_command.py:467} INFO - Running <TaskInstance: fraud_detection_pipeline.load_to_hdfs scheduled__2025-03-21T00:00:00+00:00 [running]> on host usmail-ThinkBook-14-G2-ITL
[2025-03-22T19:46:14.978+0000] {taskinstance.py:3134} INFO - Exporting env vars: AIRFLOW_CTX_DAG_OWNER='airflow' AIRFLOW_CTX_DAG_ID='fraud_detection_pipeline' AIRFLOW_CTX_TASK_ID='load_to_hdfs' AIRFLOW_CTX_EXECUTION_DATE='2025-03-21T00:00:00+00:00' AIRFLOW_CTX_TRY_NUMBER='2' AIRFLOW_CTX_DAG_RUN_ID='scheduled__2025-03-21T00:00:00+00:00'
[2025-03-22T19:46:14.978+0000] {taskinstance.py:732} INFO - ::endgroup::
[2025-03-22T19:46:16.830+0000] {logging_mixin.py:190} WARNING - creating folder in HDFS
[2025-03-22T19:46:16.830+0000] {dags.py:86} INFO - creating folder in HDFS
[2025-03-22T19:46:16.834+0000] {logging_mixin.py:190} WARNING - Copying data to data into /hadoop_namenode mounted volume
[2025-03-22T19:46:16.834+0000] {dags.py:89} INFO - Copying data to data into /hadoop_namenode mounted volume
[2025-03-22T19:46:18.625+0000] {logging_mixin.py:190} WARNING - Data loaded to HDFS
[2025-03-22T19:46:18.625+0000] {dags.py:92} INFO - Data loaded to HDFS
[2025-03-22T19:46:18.626+0000] {python.py:240} INFO - Done. Returned value was: None
[2025-03-22T19:46:18.629+0000] {taskinstance.py:341} INFO - ::group::Post task execution logs
[2025-03-22T19:46:18.630+0000] {taskinstance.py:353} INFO - Marking task as SUCCESS. dag_id=fraud_detection_pipeline, task_id=load_to_hdfs, run_id=scheduled__2025-03-21T00:00:00+00:00, execution_date=20250321T000000, start_date=20250322T194614, end_date=20250322T194618
[2025-03-22T19:46:18.673+0000] {local_task_job_runner.py:266} INFO - Task exited with return code 0
[2025-03-22T19:46:18.709+0000] {taskinstance.py:3901} INFO - 1 downstream tasks scheduled from follow-on schedule check
[2025-03-22T19:46:18.713+0000] {local_task_job_runner.py:245} INFO - ::endgroup::
