[2025-03-22T21:55:04.114+0000] {local_task_job_runner.py:123} INFO - ::group::Pre task execution logs
[2025-03-22T21:55:04.148+0000] {taskinstance.py:2614} INFO - Dependencies all met for dep_context=non-requeueable deps ti=<TaskInstance: fraud_detection_pipeline.load_to_hdfs manual__2025-03-22T19:27:34.383701+00:00 [queued]>
[2025-03-22T21:55:04.166+0000] {taskinstance.py:2614} INFO - Dependencies all met for dep_context=requeueable deps ti=<TaskInstance: fraud_detection_pipeline.load_to_hdfs manual__2025-03-22T19:27:34.383701+00:00 [queued]>
[2025-03-22T21:55:04.167+0000] {taskinstance.py:2867} INFO - Starting attempt 13 of 16
[2025-03-22T21:55:04.207+0000] {taskinstance.py:2890} INFO - Executing <Task(PythonOperator): load_to_hdfs> on 2025-03-22 19:27:34.383701+00:00
[2025-03-22T21:55:04.214+0000] {standard_task_runner.py:72} INFO - Started process 522172 to run task
[2025-03-22T21:55:04.216+0000] {standard_task_runner.py:104} INFO - Running: ['airflow', 'tasks', 'run', 'fraud_detection_pipeline', 'load_to_hdfs', 'manual__2025-03-22T19:27:34.383701+00:00', '--job-id', '97', '--raw', '--subdir', 'DAGS_FOLDER/dags.py', '--cfg-path', '/tmp/tmpp6yrirnk']
[2025-03-22T21:55:04.217+0000] {standard_task_runner.py:105} INFO - Job 97: Subtask load_to_hdfs
[2025-03-22T21:55:04.359+0000] {task_command.py:467} INFO - Running <TaskInstance: fraud_detection_pipeline.load_to_hdfs manual__2025-03-22T19:27:34.383701+00:00 [running]> on host usmail-ThinkBook-14-G2-ITL
[2025-03-22T21:55:04.421+0000] {taskinstance.py:3134} INFO - Exporting env vars: AIRFLOW_CTX_DAG_EMAIL='ismailsamilacc@gmail.com' AIRFLOW_CTX_DAG_OWNER='airflow' AIRFLOW_CTX_DAG_ID='fraud_detection_pipeline' AIRFLOW_CTX_TASK_ID='load_to_hdfs' AIRFLOW_CTX_EXECUTION_DATE='2025-03-22T19:27:34.383701+00:00' AIRFLOW_CTX_TRY_NUMBER='13' AIRFLOW_CTX_DAG_RUN_ID='manual__2025-03-22T19:27:34.383701+00:00'
[2025-03-22T21:55:04.422+0000] {taskinstance.py:732} INFO - ::endgroup::
[2025-03-22T21:55:08.439+0000] {logging_mixin.py:190} WARNING - creating folder in HDFS
[2025-03-22T21:55:08.435+0000] {dags.py:90} INFO - creating folder in HDFS
[2025-03-22T21:55:08.467+0000] {logging_mixin.py:190} WARNING - Copying data to data into /hadoop_namenode mounted volume
[2025-03-22T21:55:08.467+0000] {dags.py:93} INFO - Copying data to data into /hadoop_namenode mounted volume
[2025-03-22T21:55:13.177+0000] {logging_mixin.py:190} WARNING - Data loaded to HDFS
[2025-03-22T21:55:13.177+0000] {dags.py:96} INFO - Data loaded to HDFS
[2025-03-22T21:55:13.178+0000] {python.py:240} INFO - Done. Returned value was: None
[2025-03-22T21:55:13.202+0000] {taskinstance.py:341} INFO - ::group::Post task execution logs
[2025-03-22T21:55:13.204+0000] {taskinstance.py:353} INFO - Marking task as SUCCESS. dag_id=fraud_detection_pipeline, task_id=load_to_hdfs, run_id=manual__2025-03-22T19:27:34.383701+00:00, execution_date=20250322T192734, start_date=20250322T215504, end_date=20250322T215513
[2025-03-22T21:55:13.303+0000] {local_task_job_runner.py:266} INFO - Task exited with return code 0
[2025-03-22T21:55:13.329+0000] {taskinstance.py:3901} INFO - 1 downstream tasks scheduled from follow-on schedule check
[2025-03-22T21:55:13.356+0000] {local_task_job_runner.py:245} INFO - ::endgroup::
