[2025-03-22T20:53:17.525+0000] {local_task_job_runner.py:123} INFO - ::group::Pre task execution logs
[2025-03-22T20:53:17.533+0000] {taskinstance.py:2614} INFO - Dependencies all met for dep_context=non-requeueable deps ti=<TaskInstance: fraud_detection_pipeline.create_tables scheduled__2025-03-21T00:00:00+00:00 [queued]>
[2025-03-22T20:53:17.537+0000] {taskinstance.py:2614} INFO - Dependencies all met for dep_context=requeueable deps ti=<TaskInstance: fraud_detection_pipeline.create_tables scheduled__2025-03-21T00:00:00+00:00 [queued]>
[2025-03-22T20:53:17.537+0000] {taskinstance.py:2867} INFO - Starting attempt 15 of 18
[2025-03-22T20:53:17.551+0000] {taskinstance.py:2890} INFO - Executing <Task(PythonOperator): create_tables> on 2025-03-21 00:00:00+00:00
[2025-03-22T20:53:17.558+0000] {standard_task_runner.py:72} INFO - Started process 268376 to run task
[2025-03-22T20:53:17.561+0000] {standard_task_runner.py:104} INFO - Running: ['airflow', 'tasks', 'run', 'fraud_detection_pipeline', 'create_tables', 'scheduled__2025-03-21T00:00:00+00:00', '--job-id', '71', '--raw', '--subdir', 'DAGS_FOLDER/dags.py', '--cfg-path', '/tmp/tmp4qw0zl_q']
[2025-03-22T20:53:17.562+0000] {standard_task_runner.py:105} INFO - Job 71: Subtask create_tables
[2025-03-22T20:53:17.598+0000] {task_command.py:467} INFO - Running <TaskInstance: fraud_detection_pipeline.create_tables scheduled__2025-03-21T00:00:00+00:00 [running]> on host usmail-ThinkBook-14-G2-ITL
[2025-03-22T20:53:17.636+0000] {taskinstance.py:3134} INFO - Exporting env vars: AIRFLOW_CTX_DAG_OWNER='airflow' AIRFLOW_CTX_DAG_ID='fraud_detection_pipeline' AIRFLOW_CTX_TASK_ID='create_tables' AIRFLOW_CTX_EXECUTION_DATE='2025-03-21T00:00:00+00:00' AIRFLOW_CTX_TRY_NUMBER='15' AIRFLOW_CTX_DAG_RUN_ID='scheduled__2025-03-21T00:00:00+00:00'
[2025-03-22T20:53:17.637+0000] {taskinstance.py:732} INFO - ::endgroup::
[2025-03-22T20:53:17.654+0000] {hive.py:475} INFO - USE `default`
[2025-03-22T20:53:17.662+0000] {hive.py:475} INFO - 
        CREATE TABLE IF NOT EXISTS customers (
            customer_id STRING, 
            account_history ARRAY<STRING>, 
            age INT,
            location STRING,
            avg_transaction_value STRING
        )
        LOCATION 'hdfs://namenode:9001/hive_warehouse'
        
[2025-03-22T20:53:17.671+0000] {hive.py:475} INFO - 
        CREATE TABLE  IF NOT EXISTS  transactions (
        transaction_id STRING,
        date_time TIMESTAMP,
        amount DOUBLE,
        currency STRING,
        merchant_details STRING,
        customer_id STRING,
        transaction_type STRING,
        location STRING
        )
         LOCATION 'hdfs://namenode:9001/hive_warehouse'
        
        
[2025-03-22T20:53:17.680+0000] {hive.py:475} INFO - 
        CREATE TABLE  IF NOT EXISTS  external_data (
        blacklist_info ARRAY<STRING>,
        credit_scores MAP<STRING, INT>,
        fraud_reports MAP<STRING, INT>


        )
         LOCATION 'hdfs://namenode:9001/hive_warehouse'
        
[2025-03-22T20:53:17.690+0000] {dags.py:207} INFO - Hive tables created successfully
[2025-03-22T20:53:17.691+0000] {python.py:240} INFO - Done. Returned value was: True
[2025-03-22T20:53:17.701+0000] {taskinstance.py:341} INFO - ::group::Post task execution logs
[2025-03-22T20:53:17.701+0000] {taskinstance.py:353} INFO - Marking task as SUCCESS. dag_id=fraud_detection_pipeline, task_id=create_tables, run_id=scheduled__2025-03-21T00:00:00+00:00, execution_date=20250321T000000, start_date=20250322T205317, end_date=20250322T205317
[2025-03-22T20:53:17.733+0000] {local_task_job_runner.py:266} INFO - Task exited with return code 0
[2025-03-22T20:53:17.741+0000] {taskinstance.py:3901} INFO - 0 downstream tasks scheduled from follow-on schedule check
[2025-03-22T20:53:17.742+0000] {local_task_job_runner.py:245} INFO - ::endgroup::
