[2025-03-22T16:46:43.342+0000] {local_task_job_runner.py:123} INFO - ::group::Pre task execution logs
[2025-03-22T16:46:43.357+0000] {taskinstance.py:2614} INFO - Dependencies all met for dep_context=non-requeueable deps ti=<TaskInstance: fraud_detection_pipeline.create_tables scheduled__2025-03-21T00:00:00+00:00 [queued]>
[2025-03-22T16:46:43.366+0000] {taskinstance.py:2614} INFO - Dependencies all met for dep_context=requeueable deps ti=<TaskInstance: fraud_detection_pipeline.create_tables scheduled__2025-03-21T00:00:00+00:00 [queued]>
[2025-03-22T16:46:43.366+0000] {taskinstance.py:2867} INFO - Starting attempt 5 of 8
[2025-03-22T16:46:43.382+0000] {taskinstance.py:2890} INFO - Executing <Task(PythonOperator): create_tables> on 2025-03-21 00:00:00+00:00
[2025-03-22T16:46:43.386+0000] {standard_task_runner.py:72} INFO - Started process 121259 to run task
[2025-03-22T16:46:43.389+0000] {standard_task_runner.py:104} INFO - Running: ['airflow', 'tasks', 'run', 'fraud_detection_pipeline', 'create_tables', 'scheduled__2025-03-21T00:00:00+00:00', '--job-id', '30', '--raw', '--subdir', 'DAGS_FOLDER/dags.py', '--cfg-path', '/tmp/tmpf6qmnqh2']
[2025-03-22T16:46:43.391+0000] {standard_task_runner.py:105} INFO - Job 30: Subtask create_tables
[2025-03-22T16:46:43.415+0000] {task_command.py:467} INFO - Running <TaskInstance: fraud_detection_pipeline.create_tables scheduled__2025-03-21T00:00:00+00:00 [running]> on host usmail-ThinkBook-14-G2-ITL
[2025-03-22T16:46:43.455+0000] {taskinstance.py:3134} INFO - Exporting env vars: AIRFLOW_CTX_DAG_OWNER='airflow' AIRFLOW_CTX_DAG_ID='fraud_detection_pipeline' AIRFLOW_CTX_TASK_ID='create_tables' AIRFLOW_CTX_EXECUTION_DATE='2025-03-21T00:00:00+00:00' AIRFLOW_CTX_TRY_NUMBER='5' AIRFLOW_CTX_DAG_RUN_ID='scheduled__2025-03-21T00:00:00+00:00'
[2025-03-22T16:46:43.456+0000] {taskinstance.py:732} INFO - ::endgroup::
[2025-03-22T16:46:43.479+0000] {hive.py:475} INFO - USE `default`
[2025-03-22T16:46:43.495+0000] {hive.py:475} INFO - 
        CREATE TABLE IF NOT EXISTS customers (
            customer_id STRING, 
            account_history ARRAY<STRING>, 
            age INT,
            location STRING,
            avg_transaction_value STRING
        )
        
[2025-03-22T16:46:44.070+0000] {dags.py:197} INFO - Hive tables created successfully
[2025-03-22T16:46:44.071+0000] {python.py:240} INFO - Done. Returned value was: True
[2025-03-22T16:46:44.082+0000] {taskinstance.py:341} INFO - ::group::Post task execution logs
[2025-03-22T16:46:44.083+0000] {taskinstance.py:353} INFO - Marking task as SUCCESS. dag_id=fraud_detection_pipeline, task_id=create_tables, run_id=scheduled__2025-03-21T00:00:00+00:00, execution_date=20250321T000000, start_date=20250322T164643, end_date=20250322T164644
[2025-03-22T16:46:44.123+0000] {local_task_job_runner.py:266} INFO - Task exited with return code 0
[2025-03-22T16:46:44.131+0000] {taskinstance.py:3901} INFO - 0 downstream tasks scheduled from follow-on schedule check
[2025-03-22T16:46:44.132+0000] {local_task_job_runner.py:245} INFO - ::endgroup::
