[2025-03-22T17:32:37.605+0000] {local_task_job_runner.py:123} INFO - ::group::Pre task execution logs
[2025-03-22T17:32:37.614+0000] {taskinstance.py:2614} INFO - Dependencies all met for dep_context=non-requeueable deps ti=<TaskInstance: fraud_detection_pipeline.create_tables scheduled__2025-03-21T00:00:00+00:00 [queued]>
[2025-03-22T17:32:37.618+0000] {taskinstance.py:2614} INFO - Dependencies all met for dep_context=requeueable deps ti=<TaskInstance: fraud_detection_pipeline.create_tables scheduled__2025-03-21T00:00:00+00:00 [queued]>
[2025-03-22T17:32:37.618+0000] {taskinstance.py:2867} INFO - Starting attempt 7 of 9
[2025-03-22T17:32:37.628+0000] {taskinstance.py:2890} INFO - Executing <Task(PythonOperator): create_tables> on 2025-03-21 00:00:00+00:00
[2025-03-22T17:32:37.630+0000] {standard_task_runner.py:72} INFO - Started process 155211 to run task
[2025-03-22T17:32:37.632+0000] {standard_task_runner.py:104} INFO - Running: ['airflow', 'tasks', 'run', 'fraud_detection_pipeline', 'create_tables', 'scheduled__2025-03-21T00:00:00+00:00', '--job-id', '37', '--raw', '--subdir', 'DAGS_FOLDER/dags.py', '--cfg-path', '/tmp/tmphid_96vz']
[2025-03-22T17:32:37.633+0000] {standard_task_runner.py:105} INFO - Job 37: Subtask create_tables
[2025-03-22T17:32:37.654+0000] {task_command.py:467} INFO - Running <TaskInstance: fraud_detection_pipeline.create_tables scheduled__2025-03-21T00:00:00+00:00 [running]> on host usmail-ThinkBook-14-G2-ITL
[2025-03-22T17:32:37.686+0000] {taskinstance.py:3134} INFO - Exporting env vars: AIRFLOW_CTX_DAG_OWNER='airflow' AIRFLOW_CTX_DAG_ID='fraud_detection_pipeline' AIRFLOW_CTX_TASK_ID='create_tables' AIRFLOW_CTX_EXECUTION_DATE='2025-03-21T00:00:00+00:00' AIRFLOW_CTX_TRY_NUMBER='7' AIRFLOW_CTX_DAG_RUN_ID='scheduled__2025-03-21T00:00:00+00:00'
[2025-03-22T17:32:37.686+0000] {taskinstance.py:732} INFO - ::endgroup::
[2025-03-22T17:32:37.704+0000] {hive.py:475} INFO - USE `default`
[2025-03-22T17:32:37.718+0000] {hive.py:475} INFO - 
        CREATE TABLE IF NOT EXISTS customers (
            customer_id STRING, 
            account_history ARRAY<STRING>, 
            age INT,
            location STRING,
            avg_transaction_value STRING
        )
        
[2025-03-22T17:32:38.742+0000] {hive.py:475} INFO - 
        CREATE TABLE  IF NOT EXISTS  transactions (
        transaction_id STRING,
        date_time TIMESTAMP,
        amount DOUBLE,
        currency STRING,
        merchant_details STRING,
        customer_id STRING,
        transaction_type STRING,
        location STRING
        )
        
        
[2025-03-22T17:32:38.788+0000] {hive.py:475} INFO - 
        CREATE TABLE  IF NOT EXISTS  external_data (
        blacklist_info ARRAY<STRING>,
        credit_scores MAP<STRING, INT>,
        fraud_reports MAP<STRING, INT>


        )
        
[2025-03-22T17:32:38.836+0000] {dags.py:222} INFO - Hive tables created successfully
[2025-03-22T17:32:38.837+0000] {python.py:240} INFO - Done. Returned value was: True
[2025-03-22T17:32:38.849+0000] {taskinstance.py:341} INFO - ::group::Post task execution logs
[2025-03-22T17:32:38.850+0000] {taskinstance.py:353} INFO - Marking task as SUCCESS. dag_id=fraud_detection_pipeline, task_id=create_tables, run_id=scheduled__2025-03-21T00:00:00+00:00, execution_date=20250321T000000, start_date=20250322T173237, end_date=20250322T173238
[2025-03-22T17:32:38.888+0000] {local_task_job_runner.py:266} INFO - Task exited with return code 0
[2025-03-22T17:32:38.895+0000] {taskinstance.py:3901} INFO - 0 downstream tasks scheduled from follow-on schedule check
[2025-03-22T17:32:38.896+0000] {local_task_job_runner.py:245} INFO - ::endgroup::
