[2025-03-22T17:32:45.558+0000] {local_task_job_runner.py:123} INFO - ::group::Pre task execution logs
[2025-03-22T17:32:45.566+0000] {taskinstance.py:2614} INFO - Dependencies all met for dep_context=non-requeueable deps ti=<TaskInstance: fraud_detection_pipeline.create_tables scheduled__2025-03-21T00:00:00+00:00 [queued]>
[2025-03-22T17:32:45.571+0000] {taskinstance.py:2614} INFO - Dependencies all met for dep_context=requeueable deps ti=<TaskInstance: fraud_detection_pipeline.create_tables scheduled__2025-03-21T00:00:00+00:00 [queued]>
[2025-03-22T17:32:45.571+0000] {taskinstance.py:2867} INFO - Starting attempt 8 of 11
[2025-03-22T17:32:45.581+0000] {taskinstance.py:2890} INFO - Executing <Task(PythonOperator): create_tables> on 2025-03-21 00:00:00+00:00
[2025-03-22T17:32:45.584+0000] {standard_task_runner.py:72} INFO - Started process 155329 to run task
[2025-03-22T17:32:45.586+0000] {standard_task_runner.py:104} INFO - Running: ['airflow', 'tasks', 'run', 'fraud_detection_pipeline', 'create_tables', 'scheduled__2025-03-21T00:00:00+00:00', '--job-id', '38', '--raw', '--subdir', 'DAGS_FOLDER/dags.py', '--cfg-path', '/tmp/tmpr5wdhqmd']
[2025-03-22T17:32:45.588+0000] {standard_task_runner.py:105} INFO - Job 38: Subtask create_tables
[2025-03-22T17:32:45.608+0000] {task_command.py:467} INFO - Running <TaskInstance: fraud_detection_pipeline.create_tables scheduled__2025-03-21T00:00:00+00:00 [running]> on host usmail-ThinkBook-14-G2-ITL
[2025-03-22T17:32:45.645+0000] {taskinstance.py:3134} INFO - Exporting env vars: AIRFLOW_CTX_DAG_OWNER='airflow' AIRFLOW_CTX_DAG_ID='fraud_detection_pipeline' AIRFLOW_CTX_TASK_ID='create_tables' AIRFLOW_CTX_EXECUTION_DATE='2025-03-21T00:00:00+00:00' AIRFLOW_CTX_TRY_NUMBER='8' AIRFLOW_CTX_DAG_RUN_ID='scheduled__2025-03-21T00:00:00+00:00'
[2025-03-22T17:32:45.646+0000] {taskinstance.py:732} INFO - ::endgroup::
[2025-03-22T17:32:45.666+0000] {hive.py:475} INFO - USE `default`
[2025-03-22T17:32:45.688+0000] {hive.py:475} INFO - 
        CREATE TABLE IF NOT EXISTS customers (
            customer_id STRING, 
            account_history ARRAY<STRING>, 
            age INT,
            location STRING,
            avg_transaction_value STRING
        )
        
[2025-03-22T17:32:45.714+0000] {hive.py:475} INFO - 
        CREATE TABLE  IF NOT EXISTS  transactions (
        transaction_id STRING,
        date_time TIMESTAMP,
        amount DOUBLE,
        currency STRING,
        merchant_details STRING,
        customer_id STRING,
        transaction_type STRING,
        location STRING
        )
        
        
[2025-03-22T17:32:45.736+0000] {hive.py:475} INFO - 
        CREATE TABLE  IF NOT EXISTS  external_data (
        blacklist_info ARRAY<STRING>,
        credit_scores MAP<STRING, INT>,
        fraud_reports MAP<STRING, INT>


        )
        
[2025-03-22T17:32:45.761+0000] {dags.py:222} INFO - Hive tables created successfully
[2025-03-22T17:32:45.762+0000] {python.py:240} INFO - Done. Returned value was: True
[2025-03-22T17:32:45.773+0000] {taskinstance.py:341} INFO - ::group::Post task execution logs
[2025-03-22T17:32:45.773+0000] {taskinstance.py:353} INFO - Marking task as SUCCESS. dag_id=fraud_detection_pipeline, task_id=create_tables, run_id=scheduled__2025-03-21T00:00:00+00:00, execution_date=20250321T000000, start_date=20250322T173245, end_date=20250322T173245
[2025-03-22T17:32:45.799+0000] {local_task_job_runner.py:266} INFO - Task exited with return code 0
[2025-03-22T17:32:45.807+0000] {taskinstance.py:3901} INFO - 0 downstream tasks scheduled from follow-on schedule check
[2025-03-22T17:32:45.807+0000] {local_task_job_runner.py:245} INFO - ::endgroup::
