[2025-03-22T02:00:37.746+0000] {local_task_job_runner.py:123} INFO - ::group::Pre task execution logs
[2025-03-22T02:00:37.754+0000] {taskinstance.py:2614} INFO - Dependencies all met for dep_context=non-requeueable deps ti=<TaskInstance: fraud_detection_pipeline.load_to_hdfs scheduled__2025-03-20T00:00:00+00:00 [queued]>
[2025-03-22T02:00:37.757+0000] {taskinstance.py:2614} INFO - Dependencies all met for dep_context=requeueable deps ti=<TaskInstance: fraud_detection_pipeline.load_to_hdfs scheduled__2025-03-20T00:00:00+00:00 [queued]>
[2025-03-22T02:00:37.758+0000] {taskinstance.py:2867} INFO - Starting attempt 1 of 4
[2025-03-22T02:00:37.767+0000] {taskinstance.py:2890} INFO - Executing <Task(PythonOperator): load_to_hdfs> on 2025-03-20 00:00:00+00:00
[2025-03-22T02:00:37.770+0000] {standard_task_runner.py:72} INFO - Started process 3882016 to run task
[2025-03-22T02:00:37.772+0000] {standard_task_runner.py:104} INFO - Running: ['airflow', 'tasks', 'run', 'fraud_detection_pipeline', 'load_to_hdfs', 'scheduled__2025-03-20T00:00:00+00:00', '--job-id', '27', '--raw', '--subdir', 'DAGS_FOLDER/dags.py', '--cfg-path', '/tmp/tmput78prd4']
[2025-03-22T02:00:37.773+0000] {standard_task_runner.py:105} INFO - Job 27: Subtask load_to_hdfs
[2025-03-22T02:00:37.793+0000] {task_command.py:467} INFO - Running <TaskInstance: fraud_detection_pipeline.load_to_hdfs scheduled__2025-03-20T00:00:00+00:00 [running]> on host usmail-ThinkBook-14-G2-ITL
[2025-03-22T02:00:37.826+0000] {taskinstance.py:3134} INFO - Exporting env vars: AIRFLOW_CTX_DAG_OWNER='airflow' AIRFLOW_CTX_DAG_ID='fraud_detection_pipeline' AIRFLOW_CTX_TASK_ID='load_to_hdfs' AIRFLOW_CTX_EXECUTION_DATE='2025-03-20T00:00:00+00:00' AIRFLOW_CTX_TRY_NUMBER='1' AIRFLOW_CTX_DAG_RUN_ID='scheduled__2025-03-20T00:00:00+00:00'
[2025-03-22T02:00:37.826+0000] {taskinstance.py:732} INFO - ::endgroup::
[2025-03-22T02:00:39.165+0000] {logging_mixin.py:190} WARNING - creating folder in HDFS
[2025-03-22T02:00:39.165+0000] {dags.py:75} INFO - creating folder in HDFS
[2025-03-22T02:00:39.167+0000] {logging_mixin.py:190} WARNING - Copying data to data into /hadoop_namenode mounted volume
[2025-03-22T02:00:39.166+0000] {dags.py:78} INFO - Copying data to data into /hadoop_namenode mounted volume
[2025-03-22T02:00:40.570+0000] {logging_mixin.py:190} WARNING - Data loaded to HDFS
[2025-03-22T02:00:40.570+0000] {dags.py:81} INFO - Data loaded to HDFS
[2025-03-22T02:00:40.570+0000] {python.py:240} INFO - Done. Returned value was: None
[2025-03-22T02:00:40.573+0000] {taskinstance.py:341} INFO - ::group::Post task execution logs
[2025-03-22T02:00:40.573+0000] {taskinstance.py:353} INFO - Marking task as SUCCESS. dag_id=fraud_detection_pipeline, task_id=load_to_hdfs, run_id=scheduled__2025-03-20T00:00:00+00:00, execution_date=20250320T000000, start_date=20250322T020037, end_date=20250322T020040
[2025-03-22T02:00:40.591+0000] {local_task_job_runner.py:266} INFO - Task exited with return code 0
[2025-03-22T02:00:40.601+0000] {taskinstance.py:3901} INFO - 1 downstream tasks scheduled from follow-on schedule check
[2025-03-22T02:00:40.604+0000] {local_task_job_runner.py:245} INFO - ::endgroup::
